01.02.2021;0:00:03;2.50;37.69;7.60;747.73;0.00;0.00;0.00
01.02.2021;0:01:03;2.53;37.63;7.59;747.74;0.00;0.00;0.00
01.02.2021;0:02:03;2.50;37.63;7.58;747.74;0.00;0.00;0.00
01.02.2021;0:03:03;2.50;37.59;7.58;747.75;0.00;0.00;0.00
01.02.2021;0:04:03;2.51;37.59;7.57;747.77;0.00;0.00;0.00
01.02.2021;0:05:03;2.50;37.49;7.56;747.77;0.00;0.00;0.00
01.02.2021;0:06:03;2.50;37.26;7.54;747.75;0.00;0.00;0.00
01.02.2021;0:07:03;2.50;37.12;7.52;747.74;0.00;0.00;0.00
01.02.2021;0:08:03;2.50;37.33;7.50;747.73;0.00;0.00;0.00
01.02.2021;0:09:03;2.50;37.44;7.49;747.71;0.00;0.00;0.00
01.02.2021;0:10:03;2.50;37.52;7.47;747.70;0.00;0.00;0.00
01.02.2021;0:11:03;2.50;37.66;7.46;747.70;0.00;0.00;0.00
01.02.2021;0:12:03;2.53;37.58;7.45;747.69;0.00;0.00;0.00
01.02.2021;0:13:03;2.50;37.70;7.44;747.69;0.00;0.00;0.00
01.02.2021;0:14:03;2.50;37.86;7.43;747.70;0.00;0.00;0.00
01.02.2021;0:15:03;2.53;37.94;7.42;747.70;0.00;0.00;0.00
01.02.2021;0:16:03;2.50;37.90;7.43;747.70;0.00;0.00;0.00
01.02.2021;0:17:03;2.50;37.94;7.42;747.69;0.00;0.00;0.00
01.02.2021;0:18:03;2.51;37.95;7.41;747.69;0.00;0.00;0.00
01.02.2021;0:19:03;2.50;37.95;7.41;747.67;0.00;0.00;0.00
01.02.2021;0:20:03;2.50;37.90;7.41;747.67;0.00;0.00;0.00
01.02.2021;0:21:03;2.50;37.90;7.41;747.66;0.00;0.00;0.00
01.02.2021;0:22:03;2.50;37.97;7.41;747.65;0.00;0.00;0.00
01.02.2021;0:23:03;2.50;38.04;7.42;747.64;0.00;0.00;0.00
01.02.2021;0:24:03;2.50;38.02;7.42;747.64;0.00;0.00;0.00
01.02.2021;0:25:03;2.50;38.00;7.42;747.63;0.00;0.00;0.00
01.02.2021;0:26:03;2.53;38.05;7.43;747.63;0.00;0.00;0.00
01.02.2021;0:27:03;2.50;38.05;7.43;747.63;0.00;0.00;0.00
01.02.2021;0:28:03;2.50;38.05;7.43;747.63;0.00;0.00;0.00
01.02.2021;0:29:03;2.53;38.04;7.43;747.63;0.00;0.00;0.00
01.02.2021;0:30:04;2.50;38.05;7.44;747.63;0.00;0.00;0.00
01.02.2021;0:31:04;2.50;38.08;7.44;747.64;0.00;0.00;0.00
01.02.2021;0:32:04;2.51;38.08;7.45;747.64;0.00;0.00;0.00
01.02.2021;0:33:04;2.50;38.06;7.46;747.64;0.00;0.00;0.00
01.02.2021;0:34:04;2.50;38.02;7.47;747.64;0.00;0.00;0.00
01.02.2021;0:35:04;2.50;37.93;7.48;747.62;0.00;0.00;0.00
01.02.2021;0:36:04;2.50;37.90;7.49;747.62;0.00;0.00;0.00
01.02.2021;0:37:04;2.50;37.90;7.49;747.63;0.00;0.00;0.00
01.02.2021;0:38:04;2.50;37.91;7.49;747.62;0.00;0.00;0.00
01.02.2021;0:39:04;2.50;37.91;7.49;747.61;0.00;0.00;0.00
01.02.2021;0:40:04;2.53;37.89;7.50;747.62;0.00;0.00;0.00
01.02.2021;0:41:04;2.50;37.84;7.50;747.63;0.00;0.00;0.00
01.02.2021;0:42:04;2.50;37.83;7.50;747.63;0.00;0.00;0.00
01.02.2021;0:43:04;2.53;37.79;7.50;747.63;0.00;0.00;0.00
01.02.2021;0:44:04;2.50;37.74;7.50;747.62;0.00;0.00;0.00
01.02.2021;0:45:04;2.50;37.73;7.51;747.63;0.00;0.00;0.00
01.02.2021;0:46:04;2.51;37.69;7.51;747.63;0.00;0.00;0.00
01.02.2021;0:47:04;2.50;37.63;7.50;747.62;0.00;0.00;0.00
01.02.2021;0:48:04;2.50;37.59;7.50;747.61;0.00;0.00;0.00
01.02.2021;0:49:04;2.50;37.65;7.50;747.61;0.00;0.00;0.00
01.02.2021;0:50:04;2.50;37.68;7.50;747.60;0.00;0.00;0.00
01.02.2021;0:51:04;2.50;37.72;7.50;747.60;0.00;0.00;0.00
01.02.2021;0:52:04;2.50;37.83;7.50;747.61;0.00;0.00;0.00
01.02.2021;0:53:04;2.50;37.82;7.50;747.62;0.00;0.00;0.00
01.02.2021;0:54:04;2.51;37.87;7.50;747.62;0.00;0.00;0.00
01.02.2021;0:55:04;2.50;37.94;7.50;747.64;0.00;0.00;0.00
01.02.2021;0:56:04;2.50;37.94;7.51;747.65;0.00;0.00;0.00
01.02.2021;0:57:04;2.53;37.96;7.50;747.64;0.00;0.00;0.00
01.02.2021;0:58:04;2.50;37.89;7.51;747.65;0.00;0.00;0.00
01.02.2021;0:59:04;2.50;37.89;7.51;747.65;0.00;0.00;0.00
01.02.2021;1:00:04;2.51;37.93;7.50;747.65;0.00;0.00;0.00
01.02.2021;1:01:04;2.50;37.93;7.51;747.65;0.00;0.00;0.00
01.02.2021;1:02:04;2.50;37.89;7.51;747.64;0.00;0.00;0.00
01.02.2021;1:03:04;2.50;37.91;7.51;747.64;0.00;0.00;0.00
01.02.2021;1:04:04;2.50;37.83;7.51;747.62;0.00;0.00;0.00
01.02.2021;1:05:04;2.50;37.77;7.51;747.60;0.00;0.00;0.00
01.02.2021;1:06:04;2.50;37.66;7.51;747.59;0.00;0.00;0.00
01.02.2021;1:07:04;2.50;37.56;7.51;747.58;0.00;0.00;0.00
01.02.2021;1:08:05;2.53;37.75;7.51;747.61;0.00;0.00;0.00
01.02.2021;1:09:05;2.50;37.88;7.51;747.64;0.00;0.00;0.00
01.02.2021;1:10:05;2.50;37.72;7.52;747.65;0.00;0.00;0.00
01.02.2021;1:11:05;2.53;37.72;7.52;747.67;0.00;0.00;0.00
01.02.2021;1:12:05;2.50;37.74;7.52;747.67;0.00;0.00;0.00
01.02.2021;1:13:05;2.50;37.82;7.52;747.67;0.00;0.00;0.00
01.02.2021;1:14:05;2.51;37.79;7.52;747.69;0.00;0.00;0.00
01.02.2021;1:15:05;2.50;37.76;7.53;747.68;0.00;0.00;0.00
01.02.2021;1:16:05;2.50;37.68;7.53;747.68;0.00;0.00;0.00
01.02.2021;1:17:05;2.50;37.73;7.53;747.68;0.00;0.00;0.00
01.02.2021;1:18:05;2.50;37.72;7.53;747.68;0.00;0.00;0.00
01.02.2021;1:19:05;2.50;37.74;7.53;747.68;0.00;0.00;0.00
01.02.2021;1:20:05;2.50;37.77;7.53;747.69;0.00;0.00;0.00
01.02.2021;1:21:05;2.50;37.79;7.53;747.69;0.00;0.00;0.00
01.02.2021;1:22:05;2.51;37.76;7.54;747.69;0.00;0.00;0.00
01.02.2021;1:23:05;2.50;37.75;7.54;747.68;0.00;0.00;0.00
01.02.2021;1:24:05;2.50;37.71;7.55;747.68;0.00;0.00;0.00
01.02.2021;1:25:05;2.53;37.74;7.55;747.70;0.00;0.00;0.00
01.02.2021;1:26:05;2.50;37.75;7.57;747.72;0.00;0.00;0.00
01.02.2021;1:27:05;2.50;37.58;7.57;747.72;0.00;0.00;0.00
01.02.2021;1:28:05;2.51;37.45;7.58;747.71;0.00;0.00;0.00
01.02.2021;1:29:05;2.50;37.53;7.58;747.71;0.00;0.00;0.00
01.02.2021;1:30:05;2.50;37.50;7.59;747.71;0.00;0.00;0.00
01.02.2021;1:31:05;2.50;37.60;7.59;747.71;0.00;0.00;0.00
01.02.2021;1:32:05;2.50;37.65;7.60;747.71;0.00;0.00;0.00
01.02.2021;1:33:05;2.50;37.44;7.61;747.68;0.00;0.00;0.00
01.02.2021;1:34:05;2.50;37.42;7.61;747.67;0.00;0.00;0.00
01.02.2021;1:35:05;2.50;37.50;7.62;747.69;0.00;0.00;0.00
01.02.2021;1:36:05;2.53;37.47;7.63;747.70;0.00;0.00;0.00
01.02.2021;1:37:05;2.50;37.46;7.63;747.71;0.00;0.00;0.00
01.02.2021;1:38:05;2.50;37.48;7.65;747.72;0.00;0.00;0.00
01.02.2021;1:39:05;2.53;37.46;7.66;747.72;0.00;0.00;0.00
01.02.2021;1:40:05;2.50;37.48;7.66;747.72;0.00;0.00;0.00
01.02.2021;1:41:05;2.50;37.38;7.68;747.71;0.00;0.00;0.00
01.02.2021;1:42:05;2.51;37.27;7.68;747.70;0.00;0.00;0.00
01.02.2021;1:43:05;2.50;37.34;7.69;747.71;0.00;0.00;0.00
01.02.2021;1:44:05;2.50;37.37;7.71;747.71;0.00;0.00;0.00
01.02.2021;1:45:06;2.50;37.28;7.72;747.71;0.00;0.00;0.00
01.02.2021;1:46:06;2.50;37.11;7.74;747.71;0.00;0.00;0.00
01.02.2021;1:47:06;2.50;37.08;7.75;747.71;0.00;0.00;0.00
01.02.2021;1:48:06;2.50;37.11;7.76;747.73;0.00;0.00;0.00
01.02.2021;1:49:06;2.50;36.91;7.77;747.74;0.00;0.00;0.00
01.02.2021;1:50:06;2.53;36.96;7.77;747.73;0.00;0.00;0.00
01.02.2021;1:51:06;2.50;37.07;7.78;747.72;0.00;0.00;0.00
01.02.2021;1:52:06;2.50;36.85;7.79;747.70;0.00;0.00;0.00
01.02.2021;1:53:06;2.53;36.77;7.79;747.69;0.00;0.00;0.00
01.02.2021;1:54:06;2.50;36.89;7.79;747.69;0.00;0.00;0.00
01.02.2021;1:55:06;2.50;36.88;7.80;747.68;0.00;0.00;0.00
01.02.2021;1:56:06;2.51;36.56;7.79;747.66;0.00;0.00;0.00
01.02.2021;1:57:06;2.50;36.75;7.78;747.64;0.00;0.00;0.00
01.02.2021;1:58:06;2.50;36.96;7.79;747.66;0.00;0.00;0.00
01.02.2021;1:59:06;2.50;36.66;7.79;747.66;0.00;0.00;0.00
01.02.2021;2:00:06;2.50;36.87;7.79;747.65;0.00;0.00;0.00
01.02.2021;2:01:06;2.50;37.06;7.79;747.67;0.00;0.00;0.00
01.02.2021;2:02:06;2.50;36.92;7.80;747.67;0.00;0.00;0.00
01.02.2021;2:03:06;2.50;36.95;7.81;747.65;0.00;0.00;0.00
01.02.2021;2:04:06;2.53;36.95;7.82;747.66;0.00;0.00;0.00
01.02.2021;2:05:06;2.50;36.79;7.82;747.64;0.00;0.00;0.00
01.02.2021;2:06:06;2.50;36.86;7.82;747.63;0.00;0.00;0.00
01.02.2021;2:07:06;2.53;36.85;7.83;747.62;0.00;0.00;0.00
01.02.2021;2:08:06;2.50;36.75;7.83;747.61;0.00;0.00;0.00
01.02.2021;2:09:06;2.50;36.86;7.82;747.60;0.00;0.00;0.00
01.02.2021;2:10:06;2.51;36.89;7.82;747.59;0.00;0.00;0.00
01.02.2021;2:11:06;2.50;36.77;7.82;747.58;0.00;0.00;0.00
01.02.2021;2:12:06;2.50;36.85;7.80;747.56;0.00;0.00;0.00
01.02.2021;2:13:06;2.50;36.84;7.80;747.55;0.00;0.00;0.00
01.02.2021;2:14:06;2.50;36.94;7.79;747.56;0.00;0.00;0.00
01.02.2021;2:15:06;2.50;36.90;7.79;747.56;0.00;0.00;0.00
01.02.2021;2:16:06;2.50;36.81;7.79;747.54;0.00;0.00;0.00
01.02.2021;2:17:06;2.50;36.71;7.79;747.52;0.00;0.00;0.00
01.02.2021;2:18:06;2.53;36.57;7.77;747.50;0.00;0.00;0.00
01.02.2021;2:19:06;2.50;36.49;7.75;747.49;0.00;0.00;0.00
01.02.2021;2:20:06;2.50;36.62;7.73;747.49;0.00;0.00;0.00
01.02.2021;2:21:06;2.53;36.79;7.72;747.50;0.00;0.00;0.00
01.02.2021;2:22:07;2.50;36.83;7.72;747.51;0.00;0.00;0.00
01.02.2021;2:23:07;2.50;36.98;7.71;747.52;0.00;0.00;0.00
01.02.2021;2:24:07;2.51;36.83;7.70;747.52;0.00;0.00;0.00
01.02.2021;2:25:07;2.50;36.81;7.69;747.51;0.00;0.00;0.00
01.02.2021;2:26:07;2.50;36.82;7.67;747.49;0.00;0.00;0.00
01.02.2021;2:27:07;2.50;36.88;7.66;747.49;0.00;0.00;0.00
01.02.2021;2:28:07;2.50;36.77;7.65;747.48;0.00;0.00;0.00
01.02.2021;2:29:07;2.50;36.87;7.63;747.49;0.00;0.00;0.00
01.02.2021;2:30:07;2.50;36.96;7.62;747.50;0.00;0.00;0.00
01.02.2021;2:31:07;2.50;36.86;7.61;747.51;0.00;0.00;0.00
01.02.2021;2:32:07;2.51;36.93;7.59;747.53;0.00;0.00;0.00
01.02.2021;2:33:07;2.50;37.16;7.58;747.54;0.00;0.00;0.00
01.02.2021;2:34:07;2.50;37.04;7.57;747.55;0.00;0.00;0.00
01.02.2021;2:35:07;2.53;37.13;7.56;747.54;0.00;0.00;0.00
01.02.2021;2:36:07;2.50;37.09;7.55;747.54;0.00;0.00;0.00
01.02.2021;2:37:07;2.50;37.16;7.54;747.54;0.00;0.00;0.00
01.02.2021;2:38:07;2.51;37.09;7.52;747.56;0.00;0.00;0.00
01.02.2021;2:39:07;2.50;37.09;7.51;747.56;0.00;0.00;0.00
01.02.2021;2:40:07;2.50;37.07;7.49;747.56;0.00;0.00;0.00
01.02.2021;2:41:07;2.50;37.07;7.47;747.59;0.00;0.00;0.00
01.02.2021;2:42:07;2.50;37.05;7.45;747.60;0.00;0.00;0.00
01.02.2021;2:43:07;2.50;37.01;7.43;747.60;0.00;0.00;0.00
01.02.2021;2:44:07;2.50;37.11;7.42;747.59;0.00;0.00;0.00
01.02.2021;2:45:07;2.50;37.16;7.40;747.58;0.00;0.00;0.00
01.02.2021;2:46:07;2.53;37.21;7.38;747.55;0.00;0.00;0.00
01.02.2021;2:47:07;2.50;37.24;7.36;747.54;0.00;0.00;0.00
01.02.2021;2:48:07;2.50;37.66;7.35;747.53;0.00;0.00;0.00
01.02.2021;2:49:07;2.53;37.31;7.35;747.52;0.00;0.00;0.00
01.02.2021;2:50:07;2.50;37.18;7.34;747.53;0.00;0.00;0.00
01.02.2021;2:51:07;2.50;37.21;7.32;747.52;0.00;0.00;0.00
01.02.2021;2:52:07;2.51;37.33;7.30;747.51;0.00;0.00;0.00
01.02.2021;2:53:07;2.50;37.32;7.29;747.50;0.00;0.00;0.00
01.02.2021;2:54:07;2.50;37.31;7.28;747.50;0.00;0.00;0.00
01.02.2021;2:55:07;2.50;37.39;7.27;747.49;0.00;0.00;0.00
01.02.2021;2:56:07;2.50;37.32;7.26;747.49;0.00;0.00;0.00
01.02.2021;2:57:07;2.50;37.43;7.24;747.50;0.00;0.00;0.00
01.02.2021;2:58:07;2.50;37.47;7.24;747.50;0.00;0.00;0.00
01.02.2021;2:59:08;2.50;37.52;7.23;747.51;0.00;0.00;0.00
01.02.2021;3:00:08;2.51;37.50;7.23;747.53;0.00;0.00;0.00
01.02.2021;3:01:08;2.50;37.51;7.21;747.51;0.00;0.00;0.00
01.02.2021;3:02:08;2.50;37.55;7.21;747.50;0.00;0.00;0.00
01.02.2021;3:03:08;2.53;37.59;7.20;747.51;0.00;0.00;0.00
01.02.2021;3:04:08;2.50;37.52;7.20;747.51;0.00;0.00;0.00
01.02.2021;3:05:08;2.50;37.50;7.19;747.49;0.00;0.00;0.00
01.02.2021;3:06:08;2.51;37.59;7.18;747.47;0.00;0.00;0.00
01.02.2021;3:07:08;2.50;37.50;7.18;747.47;0.00;0.00;0.00
01.02.2021;3:08:08;2.50;37.53;7.16;747.46;0.00;0.00;0.00
01.02.2021;3:09:08;2.50;37.50;7.16;747.47;0.00;0.00;0.00
01.02.2021;3:10:08;2.50;37.37;7.15;747.46;0.00;0.00;0.00
01.02.2021;3:11:08;2.50;37.45;7.15;747.47;0.00;0.00;0.00
01.02.2021;3:12:08;2.50;37.53;7.16;747.46;0.00;0.00;0.00
01.02.2021;3:13:08;2.50;37.53;7.16;747.45;0.00;0.00;0.00
01.02.2021;3:14:08;2.51;37.44;7.16;747.44;0.00;0.00;0.00
01.02.2021;3:15:08;2.50;37.42;7.16;747.43;0.00;0.00;0.00
01.02.2021;3:16:08;2.50;37.53;7.17;747.43;0.00;0.00;0.00
01.02.2021;3:17:08;2.53;37.42;7.18;747.45;0.00;0.00;0.00
01.02.2021;3:18:08;2.50;37.47;7.19;747.45;0.00;0.00;0.00
01.02.2021;3:19:08;2.50;37.43;7.20;747.46;0.00;0.00;0.00
01.02.2021;3:20:08;2.51;37.43;7.20;747.46;0.00;0.00;0.00
01.02.2021;3:21:08;2.50;37.37;7.20;747.45;0.00;0.00;0.00
01.02.2021;3:22:08;2.50;37.47;7.21;747.45;0.00;0.00;0.00
01.02.2021;3:23:08;2.50;37.44;7.22;747.45;0.00;0.00;0.00
01.02.2021;3:24:08;2.50;37.40;7.23;747.46;0.00;0.00;0.00
01.02.2021;3:25:08;2.50;37.43;7.22;747.45;0.00;0.00;0.00
01.02.2021;3:26:08;2.50;37.42;7.24;747.43;0.00;0.00;0.00
01.02.2021;3:27:08;2.50;37.47;7.25;747.43;0.00;0.00;0.00
01.02.2021;3:28:08;2.53;37.53;7.26;747.44;0.00;0.00;0.00
01.02.2021;3:29:08;2.50;37.73;7.27;747.45;0.00;0.00;0.00
01.02.2021;3:30:08;2.50;37.66;7.29;747.44;0.00;0.00;0.00
01.02.2021;3:31:08;2.53;37.61;7.31;747.44;0.00;0.00;0.00
01.02.2021;3:32:08;2.50;37.54;7.33;747.45;0.00;0.00;0.00
01.02.2021;3:33:08;2.50;37.39;7.34;747.46;0.00;0.00;0.00
01.02.2021;3:34:08;2.51;37.27;7.35;747.47;0.00;0.00;0.00
01.02.2021;3:35:08;2.50;37.26;7.36;747.48;0.00;0.00;0.00
01.02.2021;3:36:08;2.50;37.27;7.37;747.48;0.00;0.00;0.00
01.02.2021;3:37:09;2.50;37.22;7.37;747.50;0.00;0.00;0.00
01.02.2021;3:38:09;2.50;37.21;7.37;747.51;0.00;0.00;0.00
01.02.2021;3:39:09;2.50;37.23;7.38;747.52;0.00;0.00;0.00
01.02.2021;3:40:09;2.50;37.23;7.38;747.53;0.00;0.00;0.00
01.02.2021;3:41:09;2.50;37.21;7.39;747.54;0.00;0.00;0.00
01.02.2021;3:42:09;2.51;37.19;7.40;747.53;0.00;0.00;0.00
01.02.2021;3:43:09;2.50;37.20;7.41;747.52;0.00;0.00;0.00
01.02.2021;3:44:09;2.50;37.15;7.42;747.50;0.00;0.00;0.00
01.02.2021;3:45:09;2.53;37.14;7.43;747.46;0.00;0.00;0.00
01.02.2021;3:46:09;2.50;37.22;7.44;747.42;0.00;0.00;0.00
01.02.2021;3:47:09;2.50;37.19;7.45;747.40;0.00;0.00;0.00
01.02.2021;3:48:09;2.51;37.14;7.46;747.38;0.00;0.00;0.00
01.02.2021;3:49:09;2.50;37.03;7.46;747.36;0.00;0.00;0.00
01.02.2021;3:50:09;2.50;36.95;7.47;747.33;0.00;0.00;0.00
01.02.2021;3:51:09;2.50;36.96;7.47;747.31;0.00;0.00;0.00
01.02.2021;3:52:09;2.50;36.87;7.48;747.31;0.00;0.00;0.00
01.02.2021;3:53:09;2.50;36.84;7.47;747.29;0.00;0.00;0.00
01.02.2021;3:54:09;2.50;36.91;7.47;747.26;0.00;0.00;0.00
01.02.2021;3:55:09;2.50;36.98;7.47;747.24;0.00;0.00;0.00
01.02.2021;3:56:09;2.51;37.03;7.48;747.25;0.00;0.00;0.00
01.02.2021;3:57:09;2.50;37.00;7.49;747.25;0.00;0.00;0.00
01.02.2021;3:58:09;2.50;37.00;7.50;747.23;0.00;0.00;0.00
01.02.2021;3:59:09;2.53;36.98;7.50;747.22;0.00;0.00;0.00
01.02.2021;4:00:09;2.50;37.11;7.51;747.27;0.00;0.00;0.00
01.02.2021;4:01:09;2.50;37.13;7.51;747.32;0.00;0.00;0.00
01.02.2021;4:02:09;2.51;37.06;7.52;747.32;0.00;0.00;0.00
01.02.2021;4:03:09;2.50;37.08;7.52;747.29;0.00;0.00;0.00
01.02.2021;4:04:09;2.50;37.14;7.53;747.26;0.00;0.00;0.00
01.02.2021;4:05:09;2.50;37.10;7.54;747.25;0.00;0.00;0.00
01.02.2021;4:06:09;2.50;37.13;7.54;747.25;0.00;0.00;0.00
01.02.2021;4:07:09;2.50;37.03;7.55;747.24;0.00;0.00;0.00
01.02.2021;4:08:09;2.50;36.92;7.55;747.22;0.00;0.00;0.00
01.02.2021;4:09:09;2.50;36.82;7.55;747.21;0.00;0.00;0.00
01.02.2021;4:10:09;2.53;36.75;7.55;747.23;0.00;0.00;0.00
01.02.2021;4:11:09;2.50;36.86;7.54;747.25;0.00;0.00;0.00
01.02.2021;4:12:09;2.50;36.96;7.54;747.26;0.00;0.00;0.00
01.02.2021;4:13:09;2.53;37.00;7.54;747.25;0.00;0.00;0.00
01.02.2021;4:14:10;2.50;36.96;7.54;747.22;0.00;0.00;0.00
01.02.2021;4:15:10;2.50;36.86;7.55;747.20;0.00;0.00;0.00
01.02.2021;4:16:10;2.51;36.82;7.54;747.19;0.00;0.00;0.00
01.02.2021;4:17:10;2.50;36.69;7.54;747.21;0.00;0.00;0.00
01.02.2021;4:18:10;2.50;36.64;7.53;747.20;0.00;0.00;0.00
01.02.2021;4:19:10;2.50;36.60;7.53;747.18;0.00;0.00;0.00
01.02.2021;4:20:10;2.50;36.52;7.51;747.16;0.00;0.00;0.00
01.02.2021;4:21:10;2.50;36.54;7.49;747.17;0.00;0.00;0.00
01.02.2021;4:22:10;2.50;36.62;7.48;747.16;0.00;0.00;0.00
01.02.2021;4:23:10;2.50;36.80;7.47;747.14;0.00;0.00;0.00
01.02.2021;4:24:10;2.51;37.00;7.47;747.12;0.00;0.00;0.00
01.02.2021;4:25:10;2.50;37.00;7.49;747.13;0.00;0.00;0.00
01.02.2021;4:26:10;2.50;36.98;7.49;747.14;0.00;0.00;0.00
01.02.2021;4:27:10;2.53;36.71;7.49;747.14;0.00;0.00;0.00
01.02.2021;4:28:10;2.50;36.57;7.48;747.12;0.00;0.00;0.00
01.02.2021;4:29:10;2.50;36.66;7.47;747.11;0.00;0.00;0.00
01.02.2021;4:30:10;2.51;36.73;7.46;747.11;0.00;0.00;0.00
01.02.2021;4:31:10;2.50;36.79;7.46;747.12;0.00;0.00;0.00
01.02.2021;4:32:10;2.50;36.78;7.45;747.12;0.00;0.00;0.00
01.02.2021;4:33:10;2.50;36.90;7.44;747.12;0.00;0.00;0.00
01.02.2021;4:34:10;2.50;36.95;7.45;747.11;0.00;0.00;0.00
01.02.2021;4:35:10;2.50;36.98;7.45;747.12;0.00;0.00;0.00
01.02.2021;4:36:10;2.50;36.96;7.46;747.11;0.00;0.00;0.00
01.02.2021;4:37:10;2.50;36.86;7.47;747.09;0.00;0.00;0.00
01.02.2021;4:38:10;2.51;36.94;7.47;747.08;0.00;0.00;0.00
01.02.2021;4:39:10;2.50;36.90;7.47;747.09;0.00;0.00;0.00
01.02.2021;4:40:10;2.50;36.77;7.47;747.08;0.00;0.00;0.00
01.02.2021;4:41:10;2.53;36.77;7.47;747.07;0.00;0.00;0.00
01.02.2021;4:42:10;2.50;36.71;7.47;747.04;0.00;0.00;0.00
01.02.2021;4:43:10;2.50;36.76;7.47;747.04;0.00;0.00;0.00
01.02.2021;4:44:10;2.51;36.78;7.47;747.05;0.00;0.00;0.00
01.02.2021;4:45:10;2.50;36.84;7.48;747.07;0.00;0.00;0.00
01.02.2021;4:46:10;2.50;36.73;7.48;747.07;0.00;0.00;0.00
01.02.2021;4:47:10;2.50;36.71;7.48;747.07;0.00;0.00;0.00
01.02.2021;4:48:10;2.50;36.78;7.48;747.07;0.00;0.00;0.00
01.02.2021;4:49:10;2.50;36.81;7.49;747.08;0.00;0.00;0.00
01.02.2021;4:50:10;2.50;36.72;7.49;747.08;0.00;0.00;0.00
01.02.2021;4:51:11;2.50;36.74;7.49;747.10;0.00;0.00;0.00
01.02.2021;4:52:11;2.51;36.63;7.50;747.13;0.00;0.00;0.00
01.02.2021;4:53:11;2.50;36.59;7.50;747.15;0.00;0.00;0.00
01.02.2021;4:54:11;2.50;36.58;7.49;747.13;0.00;0.00;0.00
01.02.2021;4:55:11;2.53;36.59;7.48;747.11;0.00;0.00;0.00
01.02.2021;4:56:11;2.50;36.68;7.48;747.11;0.00;0.00;0.00
01.02.2021;4:57:11;2.50;37.04;7.50;747.13;0.00;0.00;0.00
01.02.2021;4:58:11;2.51;37.06;7.52;747.10;0.00;0.00;0.00
01.02.2021;4:59:11;2.50;36.77;7.52;747.06;0.00;0.00;0.00
01.02.2021;5:00:11;2.50;36.94;7.53;747.06;0.00;0.00;0.00
01.02.2021;5:01:11;2.50;36.85;7.53;747.07;0.00;0.00;0.00
01.02.2021;5:02:11;2.50;36.87;7.54;747.09;0.00;0.00;0.00
01.02.2021;5:03:11;2.50;36.94;7.54;747.11;0.00;0.00;0.00
01.02.2021;5:04:11;2.50;36.91;7.54;747.12;0.00;0.00;0.00
01.02.2021;5:05:11;2.50;36.79;7.55;747.11;0.00;0.00;0.00
01.02.2021;5:06:11;2.53;36.66;7.54;747.08;0.00;0.00;0.00
01.02.2021;5:07:11;2.50;36.73;7.54;747.08;0.00;0.00;0.00
01.02.2021;5:08:11;2.50;36.79;7.55;747.10;0.00;0.00;0.00
01.02.2021;5:09:11;2.53;36.81;7.55;747.12;0.00;0.00;0.00
01.02.2021;5:10:11;2.50;36.86;7.54;747.13;0.00;0.00;0.00
01.02.2021;5:11:11;2.50;36.85;7.55;747.13;0.00;0.00;0.00
01.02.2021;5:12:11;2.51;36.77;7.55;747.12;0.00;0.00;0.00
01.02.2021;5:13:11;2.50;36.74;7.54;747.12;0.00;0.00;0.00
01.02.2021;5:14:11;2.50;36.78;7.54;747.12;0.00;0.00;0.00
01.02.2021;5:15:11;2.50;36.66;7.54;747.12;0.00;0.00;0.00
01.02.2021;5:16:11;2.50;36.70;7.53;747.12;0.00;0.00;0.00
01.02.2021;5:17:11;2.50;36.63;7.53;747.11;0.00;0.00;0.00
01.02.2021;5:18:11;2.50;36.67;7.52;747.11;0.00;0.00;0.00
01.02.2021;5:19:11;2.50;36.86;7.52;747.09;0.00;0.00;0.00
01.02.2021;5:20:11;2.51;36.79;7.52;747.08;0.00;0.00;0.00
01.02.2021;5:21:11;2.50;36.74;7.52;747.08;0.00;0.00;0.00
01.02.2021;5:22:11;2.50;36.61;7.52;747.06;0.00;0.00;0.00
01.02.2021;5:23:11;2.53;36.67;7.51;747.05;0.00;0.00;0.00
01.02.2021;5:24:11;2.50;36.74;7.51;747.04;0.00;0.00;0.00
01.02.2021;5:25:11;2.50;36.79;7.50;747.04;0.00;0.00;0.00
01.02.2021;5:26:11;2.51;36.74;7.50;747.02;0.00;0.00;0.00
01.02.2021;5:27:11;2.50;36.68;7.50;746.98;0.00;0.00;0.00
01.02.2021;5:28:11;2.50;36.77;7.49;746.96;0.00;0.00;0.00
01.02.2021;5:29:12;2.50;36.71;7.48;746.96;0.00;0.00;0.00
01.02.2021;5:30:12;2.50;36.85;7.48;746.97;0.00;0.00;0.00
01.02.2021;5:31:12;2.50;36.75;7.48;746.96;0.00;0.00;0.00
01.02.2021;5:32:12;2.50;36.72;7.47;746.95;0.00;0.00;0.00
01.02.2021;5:33:12;2.50;36.80;7.47;746.94;0.00;0.00;0.00
01.02.2021;5:34:12;2.53;36.81;7.46;746.93;0.00;0.00;0.00
01.02.2021;5:35:12;2.50;36.83;7.46;746.91;0.00;0.00;0.00
01.02.2021;5:36:12;2.50;36.81;7.45;746.90;0.00;0.00;0.00
01.02.2021;5:37:12;2.53;36.82;7.44;746.90;0.00;0.00;0.00
01.02.2021;5:38:12;2.50;36.76;7.43;746.91;0.00;0.00;0.00
01.02.2021;5:39:12;2.50;36.88;7.43;746.93;0.00;0.00;0.00
01.02.2021;5:40:12;2.51;36.85;7.42;746.92;0.00;0.00;0.00
01.02.2021;5:41:12;2.50;36.81;7.42;746.93;0.00;0.00;0.00
01.02.2021;5:42:12;2.50;36.90;7.41;746.93;0.00;0.00;0.00
01.02.2021;5:43:12;2.50;36.91;7.40;746.93;0.00;0.00;0.00
01.02.2021;5:44:12;2.50;36.92;7.40;746.91;0.00;0.00;0.00
01.02.2021;5:45:12;2.50;36.87;7.40;746.90;0.00;0.00;0.00
01.02.2021;5:46:12;2.50;36.81;7.39;746.91;0.00;0.00;0.00
01.02.2021;5:47:12;2.50;36.91;7.38;746.91;0.00;0.00;0.00
01.02.2021;5:48:12;2.53;36.89;7.37;746.91;0.00;0.00;0.00
01.02.2021;5:49:12;2.50;37.01;7.36;746.89;0.00;0.00;0.00
01.02.2021;5:50:12;2.50;36.89;7.37;746.88;0.00;0.00;0.00
01.02.2021;5:51:12;2.53;37.03;7.37;746.87;0.00;0.00;0.00
01.02.2021;5:52:12;2.50;37.00;7.36;746.85;0.00;0.00;0.00
01.02.2021;5:53:12;2.50;36.93;7.35;746.84;0.00;0.00;0.00
01.02.2021;5:54:12;2.51;37.09;7.34;746.83;0.00;0.00;0.00
01.02.2021;5:55:12;2.50;37.01;7.34;746.85;0.00;0.00;0.00
01.02.2021;5:56:12;2.50;37.05;7.34;746.87;0.00;0.00;0.00
01.02.2021;5:57:12;2.50;37.07;7.34;746.88;0.00;0.00;0.00
01.02.2021;5:58:12;2.50;37.05;7.33;746.89;0.00;0.00;0.00
01.02.2021;5:59:12;2.50;36.98;7.32;746.89;0.00;0.00;0.00
01.02.2021;6:00:12;2.50;36.93;7.31;746.90;0.00;0.00;0.00
01.02.2021;6:01:12;2.50;36.89;7.30;746.91;0.00;0.00;0.00
01.02.2021;6:02:12;2.53;36.97;7.28;746.91;0.00;0.00;0.00
01.02.2021;6:03:12;2.50;36.95;7.27;746.90;0.00;0.00;0.00
01.02.2021;6:04:12;2.50;36.97;7.26;746.88;0.00;0.00;0.00
01.02.2021;6:05:12;2.53;36.93;7.25;746.89;0.00;0.00;0.00
01.02.2021;6:06:13;2.50;37.01;7.25;746.90;0.00;0.00;0.00
01.02.2021;6:07:13;2.50;37.11;7.24;746.92;0.00;0.00;0.00
01.02.2021;6:08:13;2.51;37.11;7.23;746.94;0.00;0.00;0.00
01.02.2021;6:09:13;2.50;37.06;7.22;746.93;0.00;0.00;0.00
01.02.2021;6:10:13;2.50;37.14;7.21;746.93;0.00;0.00;0.00
01.02.2021;6:11:13;2.50;37.14;7.20;746.93;0.00;0.00;0.00
01.02.2021;6:12:13;2.50;37.12;7.20;746.92;0.00;0.00;0.00
01.02.2021;6:13:13;2.50;37.21;7.18;746.90;0.00;0.00;0.00
01.02.2021;6:14:13;2.50;37.20;7.18;746.89;0.00;0.00;0.00
01.02.2021;6:15:13;2.50;37.16;7.18;746.89;0.00;0.00;0.00
01.02.2021;6:16:13;2.53;37.20;7.17;746.90;0.00;0.00;0.00
01.02.2021;6:17:13;2.50;37.26;7.17;746.91;0.00;0.00;0.00
01.02.2021;6:18:13;2.50;37.16;7.16;746.93;0.00;0.00;0.00
01.02.2021;6:19:13;2.53;37.15;7.16;746.94;0.00;0.00;0.00
01.02.2021;6:20:13;2.50;37.12;7.14;746.96;0.00;0.00;0.00
01.02.2021;6:21:13;2.50;37.23;7.13;746.98;0.00;0.00;0.00
01.02.2021;6:22:13;2.51;37.28;7.11;746.96;0.00;0.00;0.00
01.02.2021;6:23:13;2.50;37.26;7.11;746.97;0.00;0.00;0.00
01.02.2021;6:24:13;2.50;37.44;7.10;746.97;0.00;0.00;0.00
01.02.2021;6:25:13;2.50;37.47;7.09;746.98;0.00;0.00;0.00
01.02.2021;6:26:13;2.50;37.52;7.09;746.98;0.00;0.00;0.00
01.02.2021;6:27:13;2.50;37.55;7.09;747.00;0.00;0.00;0.00
01.02.2021;6:28:13;2.50;37.54;7.09;747.02;0.00;0.00;0.00
01.02.2021;6:29:13;2.50;37.40;7.08;747.05;0.00;0.00;0.00
01.02.2021;6:30:13;2.53;37.35;7.07;747.07;0.00;0.00;0.00
01.02.2021;6:31:13;2.50;37.39;7.06;747.08;0.00;0.00;0.00
01.02.2021;6:32:13;2.50;37.32;7.04;747.07;0.00;0.00;0.00
01.02.2021;6:33:13;2.53;37.35;7.03;747.08;0.00;0.00;0.00
01.02.2021;6:34:13;2.50;37.32;7.01;747.08;0.00;0.00;0.00
01.02.2021;6:35:13;2.50;37.50;7.01;747.08;0.00;0.00;0.00
01.02.2021;6:36:13;2.51;37.32;7.01;747.07;0.00;0.00;0.00
01.02.2021;6:37:13;2.50;37.18;6.98;747.06;0.00;0.00;0.00
01.02.2021;6:38:13;2.50;37.31;6.96;747.06;0.00;0.00;0.00
01.02.2021;6:39:13;2.50;37.38;6.95;747.09;0.00;0.00;0.00
01.02.2021;6:40:13;2.50;37.46;6.95;747.12;0.00;0.00;0.00
01.02.2021;6:41:13;2.50;37.56;6.94;747.14;0.00;0.00;0.00
01.02.2021;6:42:13;2.50;37.32;6.94;747.17;0.00;0.00;0.00
01.02.2021;6:43:13;2.50;37.37;6.92;747.19;0.00;0.00;0.00
01.02.2021;6:44:14;2.53;37.51;6.92;747.20;0.00;0.00;0.00
01.02.2021;6:45:14;2.50;37.42;6.91;747.19;0.00;0.00;0.00
01.02.2021;6:46:14;2.50;37.33;6.90;747.19;0.00;0.00;0.00
01.02.2021;6:47:14;2.53;37.61;6.91;747.21;0.00;0.00;0.00
01.02.2021;6:48:14;2.50;37.60;6.91;747.20;0.00;0.00;0.00
01.02.2021;6:49:14;2.50;37.28;6.91;747.20;0.00;0.00;0.00
01.02.2021;6:50:14;2.51;37.33;6.90;747.19;0.00;0.00;0.00
01.02.2021;6:51:14;2.50;37.58;6.90;747.19;0.00;0.00;0.00
01.02.2021;6:52:14;2.50;37.60;6.91;747.19;0.00;0.00;0.00
01.02.2021;6:53:14;2.56;37.59;6.92;747.20;0.00;0.00;0.00
01.02.2021;6:54:14;2.75;37.51;6.93;747.20;0.00;0.00;0.00
01.02.2021;6:55:14;3.10;37.66;6.95;747.20;0.00;0.00;0.00
01.02.2021;6:56:14;3.32;37.67;6.97;747.19;0.00;0.00;0.00
01.02.2021;6:57:14;3.33;37.49;6.99;747.18;0.00;0.00;0.00
01.02.2021;6:58:14;3.35;37.45;7.00;747.17;0.00;0.00;0.00
01.02.2021;6:59:14;3.33;37.25;7.01;747.18;0.00;0.00;0.00
01.02.2021;7:00:14;3.33;37.16;7.02;747.20;0.00;0.00;0.00
01.02.2021;7:01:14;3.35;37.05;7.02;747.22;0.00;0.00;0.00
01.02.2021;7:02:14;3.33;36.88;7.03;747.22;0.00;0.00;0.00
01.02.2021;7:03:14;3.33;36.85;7.03;747.22;0.00;0.00;0.00
01.02.2021;7:04:14;3.35;36.85;7.03;747.23;0.00;0.00;0.00
01.02.2021;7:05:14;3.37;36.92;7.02;747.23;0.00;0.00;0.00
01.02.2021;7:06:14;4.11;36.85;7.03;747.27;0.00;0.00;0.00
01.02.2021;7:07:14;4.17;36.82;7.04;747.27;0.00;0.00;0.00
01.02.2021;7:08:14;4.17;36.77;7.05;747.28;0.00;0.00;0.00
01.02.2021;7:09:14;4.39;36.95;7.05;747.30;0.00;0.00;0.00
01.02.2021;7:10:14;5.00;37.11;7.06;747.30;0.00;0.00;0.00
01.02.2021;7:11:14;5.00;36.88;7.08;747.32;0.00;0.00;0.00
01.02.2021;7:12:14;5.71;36.88;7.08;747.33;0.00;0.00;0.00
01.02.2021;7:13:14;6.04;37.00;7.08;747.34;0.00;0.00;0.00
01.02.2021;7:14:14;6.68;36.84;7.09;747.32;0.00;0.00;0.00
01.02.2021;7:15:14;7.49;36.66;7.10;747.32;0.00;0.00;0.00
01.02.2021;7:16:14;8.26;36.77;7.11;747.30;0.00;0.00;0.00
01.02.2021;7:17:14;9.29;36.69;7.11;747.30;0.00;0.00;0.00
01.02.2021;7:18:14;10.35;36.78;7.12;747.31;0.00;0.00;0.00
01.02.2021;7:19:14;11.51;36.73;7.13;747.32;0.00;0.00;0.00
01.02.2021;7:20:14;12.85;36.59;7.13;747.32;0.00;0.00;0.00
01.02.2021;7:21:15;14.25;36.56;7.14;747.33;0.00;0.00;0.00
01.02.2021;7:22:15;15.79;36.71;7.15;747.33;0.00;0.00;0.00
01.02.2021;7:23:15;17.54;36.83;7.16;747.33;0.01;0.00;0.00
01.02.2021;7:24:15;19.40;36.77;7.17;747.32;0.01;0.00;0.00
01.02.2021;7:25:15;21.55;36.68;7.18;747.32;0.02;0.00;0.00
01.02.2021;7:26:15;23.79;36.79;7.19;747.31;0.02;0.00;0.00
01.02.2021;7:27:15;26.18;36.56;7.19;747.30;0.03;0.00;0.00
01.02.2021;7:28:15;28.74;36.55;7.20;747.30;0.04;0.00;0.00
01.02.2021;7:29:15;31.46;36.57;7.21;747.32;0.04;0.00;0.00
01.02.2021;7:30:15;34.36;36.81;7.22;747.32;0.05;0.00;0.00
01.02.2021;7:31:15;37.19;37.15;7.24;747.32;0.06;0.00;0.00
01.02.2021;7:32:15;40.07;36.51;7.25;747.31;0.07;0.00;0.00
01.02.2021;7:33:15;42.96;36.34;7.25;747.31;0.07;0.00;0.00
01.02.2021;7:34:15;46.10;36.38;7.26;747.30;0.08;0.00;0.00
01.02.2021;7:35:15;49.22;36.41;7.26;747.27;0.09;0.00;0.00
01.02.2021;7:36:15;52.44;36.41;7.27;747.29;0.10;0.00;0.00
01.02.2021;7:37:15;55.93;36.47;7.28;747.30;0.12;0.00;0.00
01.02.2021;7:38:15;59.69;36.64;7.28;747.30;0.13;0.00;0.00
01.02.2021;7:39:15;63.63;36.62;7.29;747.29;0.15;0.00;0.00
01.02.2021;7:40:15;67.85;36.44;7.30;747.28;0.16;0.00;0.00
01.02.2021;7:41:15;72.43;36.42;7.30;747.27;0.18;0.00;0.00
01.02.2021;7:42:15;77.23;36.48;7.31;747.28;0.20;0.00;0.00
01.02.2021;7:43:15;82.46;36.39;7.32;747.29;0.22;0.00;0.00
01.02.2021;7:44:15;87.82;36.38;7.33;747.29;0.24;0.00;0.00
01.02.2021;7:45:15;93.26;36.51;7.33;747.28;0.27;0.00;0.00
01.02.2021;7:46:15;98.74;36.45;7.34;747.27;0.29;0.00;0.00
01.02.2021;7:47:15;104.40;36.35;7.35;747.27;0.31;0.00;0.00
01.02.2021;7:48:15;110.40;36.39;7.35;747.26;0.33;0.00;0.00
01.02.2021;7:49:15;116.37;36.41;7.35;747.26;0.35;0.00;0.00
01.02.2021;7:50:15;122.60;36.56;7.36;747.25;0.37;0.00;0.00
01.02.2021;7:51:15;128.97;36.47;7.38;747.25;0.40;0.00;0.00
01.02.2021;7:52:15;135.38;36.45;7.38;747.26;0.42;0.00;0.00
01.02.2021;7:53:15;141.72;36.38;7.39;747.26;0.44;0.03;0.01
01.02.2021;7:54:15;147.81;36.37;7.40;747.26;0.46;0.09;0.04
01.02.2021;7:55:16;154.22;36.34;7.40;747.26;0.48;0.11;0.05
01.02.2021;7:56:16;161.53;36.28;7.40;747.27;0.51;0.16;0.08
01.02.2021;7:57:16;169.78;36.33;7.41;747.27;0.54;0.21;0.11
01.02.2021;7:58:16;178.43;36.37;7.43;747.27;0.57;0.27;0.16
01.02.2021;7:59:16;187.44;36.37;7.45;747.27;0.60;0.32;0.19
01.02.2021;8:00:16;197.36;36.32;7.46;747.26;0.64;0.37;0.24
01.02.2021;8:01:16;208.14;36.34;7.47;747.26;0.68;0.42;0.29
01.02.2021;8:02:16;219.56;36.43;7.49;747.26;0.71;0.49;0.35
01.02.2021;8:03:16;230.78;36.32;7.51;747.23;0.75;0.56;0.42
01.02.2021;8:04:16;241.22;36.33;7.53;747.22;0.79;0.62;0.49
01.02.2021;8:05:16;251.06;36.16;7.54;747.22;0.82;0.67;0.55
01.02.2021;8:06:16;260.32;36.13;7.56;747.24;0.85;0.71;0.61
01.02.2021;8:07:16;269.00;36.12;7.57;747.25;0.88;0.78;0.69
01.02.2021;8:08:16;277.39;36.12;7.59;747.26;0.91;0.81;0.73
01.02.2021;8:09:16;286.69;36.06;7.60;747.27;0.94;0.86;0.81
01.02.2021;8:10:16;296.75;36.06;7.62;747.26;0.97;0.91;0.88
01.02.2021;8:11:16;307.46;36.11;7.63;747.26;1.01;0.97;0.98
01.02.2021;8:12:16;318.91;36.04;7.66;747.27;1.04;1.03;1.07
01.02.2021;8:13:16;330.79;36.22;7.68;747.26;1.08;1.09;1.18
01.02.2021;8:14:16;343.24;36.04;7.70;747.24;1.12;1.16;1.30
01.02.2021;8:15:16;355.93;35.92;7.72;747.22;1.16;1.23;1.42
01.02.2021;8:16:16;369.33;35.82;7.74;747.21;1.20;1.29;1.54
01.02.2021;8:17:16;383.77;35.80;7.75;747.19;1.24;1.36;1.68
01.02.2021;8:18:16;399.13;35.84;7.77;747.18;1.29;1.43;1.84
01.02.2021;8:19:16;415.74;35.87;7.80;747.17;1.33;1.52;2.03
01.02.2021;8:20:16;432.50;35.80;7.82;747.17;1.39;1.60;2.22
01.02.2021;8:21:16;448.06;35.72;7.84;747.17;1.43;1.68;2.41
01.02.2021;8:22:16;461.71;35.66;7.85;747.18;1.47;1.74;2.55
01.02.2021;8:23:16;471.78;35.71;7.88;747.18;1.50;1.78;2.66
01.02.2021;8:24:16;480.35;35.57;7.90;747.17;1.52;1.82;2.76
01.02.2021;8:25:16;487.21;35.59;7.91;747.18;1.53;1.84;2.83
01.02.2021;8:26:17;494.68;35.71;7.93;747.18;1.55;1.88;2.91
01.02.2021;8:27:17;501.55;35.57;7.96;747.18;1.57;1.90;2.99
01.02.2021;8:28:17;509.75;35.46;7.97;747.17;1.59;1.93;3.06
01.02.2021;8:29:17;517.71;35.52;7.99;747.16;1.60;1.97;3.16
01.02.2021;8:30:17;527.31;35.64;8.00;747.14;1.63;2.01;3.27
01.02.2021;8:31:17;541.53;35.44;8.01;747.13;1.67;2.05;3.43
01.02.2021;8:32:17;555.47;35.41;8.03;747.13;1.71;2.08;3.55
01.02.2021;8:33:17;565.56;35.36;8.04;747.12;1.73;2.08;3.61
01.02.2021;8:34:17;573.22;35.36;8.05;747.12;1.75;2.10;3.66
01.02.2021;8:35:17;584.60;35.42;8.06;747.12;1.78;2.14;3.80
01.02.2021;8:36:17;600.40;35.31;8.08;747.12;1.82;2.21;4.03
01.02.2021;8:37:17;613.54;35.28;8.10;747.14;1.85;2.29;4.25
01.02.2021;8:38:17;624.64;35.23;8.11;747.14;1.88;2.33;4.38
01.02.2021;8:39:17;637.61;35.26;8.12;747.14;1.91;2.40;4.59
01.02.2021;8:40:17;651.94;35.25;8.14;747.15;1.95;2.47;4.81
01.02.2021;8:41:17;667.98;35.19;8.16;747.13;1.99;2.53;5.02
01.02.2021;8:42:17;682.33;35.21;8.19;747.11;2.02;2.60;5.24
01.02.2021;8:43:17;690.85;35.09;8.21;747.13;2.03;2.62;5.32
01.02.2021;8:44:17;694.76;35.19;8.22;747.14;2.04;2.64;5.38
01.02.2021;8:45:17;699.71;35.10;8.23;747.13;2.05;2.66;5.46
01.02.2021;8:46:17;704.62;35.12;8.25;747.11;2.06;2.68;5.51
01.02.2021;8:47:17;713.78;35.03;8.27;747.11;2.08;2.70;5.60
01.02.2021;8:48:17;725.41;35.01;8.28;747.09;2.10;2.74;5.75
01.02.2021;8:49:17;734.74;34.99;8.28;747.09;2.12;2.79;5.93
01.02.2021;8:50:17;742.81;35.02;8.31;747.08;2.14;2.81;6.02
01.02.2021;8:51:17;750.56;35.00;8.34;747.10;2.16;2.86;6.19
01.02.2021;8:52:17;758.64;34.94;8.35;747.10;2.18;2.89;6.31
01.02.2021;8:53:17;765.41;34.93;8.36;747.09;2.19;2.90;6.36
01.02.2021;8:54:17;774.22;34.91;8.38;747.08;2.21;2.92;6.47
01.02.2021;8:55:17;788.60;34.94;8.40;747.07;2.25;2.99;6.70
01.02.2021;8:56:17;806.09;34.79;8.41;747.06;2.29;3.05;6.96
01.02.2021;8:57:17;821.44;34.84;8.43;747.06;2.32;3.10;7.19
01.02.2021;8:58:18;831.61;34.82;8.45;747.05;2.34;3.14;7.34
01.02.2021;8:59:18;835.68;34.82;8.47;747.05;2.35;3.14;7.38
01.02.2021;9:00:18;837.97;34.82;8.49;747.06;2.35;3.16;7.42
01.02.2021;9:01:18;842.35;34.74;8.51;747.08;2.36;3.18;7.49
01.02.2021;9:02:18;853.51;34.64;8.53;747.07;2.38;3.20;7.63
01.02.2021;9:03:18;872.19;34.68;8.54;747.05;2.42;3.27;7.93
01.02.2021;9:04:18;896.99;34.56;8.55;747.04;2.48;3.36;8.33
01.02.2021;9:05:18;913.93;34.56;8.57;747.03;2.51;3.42;8.58
01.02.2021;9:06:18;927.86;34.51;8.58;747.01;2.54;3.48;8.83
01.02.2021;9:07:18;953.07;34.55;8.60;747.01;2.59;3.56;9.22
01.02.2021;9:08:18;978.36;34.48;8.62;747.01;2.64;3.65;9.64
01.02.2021;9:09:18;1002.42;34.43;8.64;746.99;2.69;3.72;10.01
01.02.2021;9:10:18;1025.88;34.39;8.66;746.98;2.74;3.79;10.36
01.02.2021;9:11:18;1043.14;34.40;8.68;746.98;2.77;3.84;10.63
01.02.2021;9:12:18;1053.42;34.35;8.70;746.98;2.79;3.88;10.81
01.02.2021;9:13:18;1065.69;34.31;8.72;746.97;2.81;3.91;10.99
01.02.2021;9:14:18;1083.37;34.31;8.73;746.96;2.84;3.96;11.25
01.02.2021;9:15:18;1099.56;34.36;8.75;746.95;2.87;4.01;11.49
01.02.2021;9:16:18;1101.72;34.26;8.78;746.94;2.87;4.00;11.48
01.02.2021;9:17:18;1098.47;34.13;8.79;746.94;2.86;4.00;11.43
01.02.2021;9:18:18;1093.14;34.13;8.80;746.95;2.84;3.97;11.30
01.02.2021;9:19:18;1088.61;34.07;8.81;746.94;2.83;3.95;11.20
01.02.2021;9:20:18;1086.64;34.08;8.81;746.94;2.83;3.93;11.11
01.02.2021;9:21:18;1083.40;34.08;8.82;746.92;2.82;3.92;11.03
01.02.2021;9:22:18;1084.75;34.09;8.83;746.91;2.82;3.92;11.02
01.02.2021;9:23:18;1085.42;34.03;8.84;746.89;2.81;3.92;11.02
01.02.2021;9:24:18;1083.97;34.05;8.85;746.89;2.81;3.92;11.01
01.02.2021;9:25:18;1090.66;34.00;8.86;746.90;2.82;3.93;11.11
01.02.2021;9:26:18;1093.60;34.02;8.87;746.89;2.83;3.93;11.12
01.02.2021;9:27:19;1086.75;33.98;8.87;746.90;2.81;3.92;11.01
01.02.2021;9:28:19;1084.58;34.00;8.87;746.90;2.81;3.90;10.96
01.02.2021;9:29:19;1100.45;33.97;8.87;746.89;2.84;3.96;11.25
01.02.2021;9:30:19;1125.33;34.03;8.88;746.87;2.88;4.04;11.65
01.02.2021;9:31:19;1150.31;33.95;8.89;746.85;2.93;4.12;12.07
01.02.2021;9:32:19;1190.13;34.01;8.89;746.82;3.00;4.22;12.65
01.02.2021;9:33:19;1246.76;33.93;8.91;746.80;3.10;4.38;13.57
01.02.2021;9:34:19;1282.49;33.97;8.94;746.80;3.15;4.48;14.13
01.02.2021;9:35:19;1319.00;33.92;8.97;746.79;3.21;4.58;14.71
01.02.2021;9:36:19;1366.21;33.83;8.99;746.77;3.28;4.70;15.41
01.02.2021;9:37:19;1408.39;33.75;9.01;746.76;3.34;4.80;16.04
01.02.2021;9:38:19;1458.76;33.78;9.04;746.75;3.41;4.91;16.77
01.02.2021;9:39:19;1489.38;33.71;9.08;746.74;3.45;4.99;17.21
01.02.2021;9:40:19;1513.03;33.66;9.10;746.75;3.48;5.02;17.50
01.02.2021;9:41:19;1541.00;33.71;9.13;746.73;3.52;5.09;17.91
01.02.2021;9:42:19;1563.73;33.66;9.16;746.73;3.54;5.14;18.21
01.02.2021;9:43:19;1608.86;33.58;9.20;746.71;3.60;5.23;18.82
01.02.2021;9:44:19;1654.00;33.55;9.23;746.69;3.65;5.31;19.40
01.02.2021;9:45:19;1695.74;33.46;9.26;746.68;3.70;5.39;19.92
01.02.2021;9:46:19;1722.85;33.40;9.30;746.67;3.72;5.42;20.19
01.02.2021;9:47:19;1745.24;33.39;9.34;746.68;3.75;5.46;20.46
01.02.2021;9:48:19;1772.50;33.36;9.37;746.68;3.77;5.50;20.76
01.02.2021;9:49:19;1806.06;33.30;9.42;746.68;3.81;5.57;21.21
01.02.2021;9:50:19;1836.71;33.20;9.46;746.67;3.84;5.61;21.53
01.02.2021;9:51:19;1858.77;33.17;9.49;746.68;3.86;5.64;21.78
01.02.2021;9:52:19;1869.11;33.13;9.53;746.68;3.87;5.66;21.91
01.02.2021;9:53:19;1867.49;33.08;9.56;746.68;3.87;5.65;21.85
01.02.2021;9:54:20;1863.55;32.99;9.59;746.65;3.86;5.64;21.77
01.02.2021;9:55:20;1851.74;32.92;9.63;746.65;3.84;5.60;21.53
01.02.2021;9:56:20;1837.19;32.90;9.65;746.65;3.82;5.59;21.40
01.02.2021;9:57:20;1822.25;32.86;9.68;746.65;3.81;5.57;21.17
01.02.2021;9:58:20;1813.04;32.74;9.70;746.66;3.79;5.53;20.96
01.02.2021;9:59:20;1805.03;32.70;9.70;746.66;3.78;5.51;20.81
01.02.2021;10:00:20;1801.82;32.78;9.71;746.66;3.77;5.50;20.76
01.02.2021;10:01:20;1801.31;32.72;9.71;746.66;3.77;5.51;20.77
01.02.2021;10:02:20;1808.94;32.70;9.72;746.65;3.78;5.50;20.81
01.02.2021;10:03:20;1818.29;32.77;9.73;746.66;3.79;5.53;20.96
01.02.2021;10:04:20;1831.90;32.75;9.75;746.66;3.81;5.56;21.18
01.02.2021;10:05:20;1848.44;32.74;9.77;746.67;3.82;5.60;21.40
01.02.2021;10:06:20;1856.30;32.66;9.80;746.67;3.83;5.60;21.47
01.02.2021;10:07:20;1861.28;32.63;9.82;746.67;3.83;5.61;21.49
01.02.2021;10:08:20;1850.97;32.64;9.84;746.67;3.82;5.58;21.32
01.02.2021;10:09:20;1819.92;32.61;9.86;746.67;3.79;5.52;20.88
01.02.2021;10:10:20;1796.86;32.57;9.85;746.68;3.76;5.50;20.70
01.02.2021;10:11:20;1782.64;32.61;9.86;746.67;3.75;5.47;20.52
01.02.2021;10:12:20;1727.49;32.52;9.86;746.67;3.69;5.37;19.82
01.02.2021;10:13:20;1656.64;32.58;9.85;746.67;3.60;5.23;18.85
01.02.2021;10:14:20;1611.71;32.61;9.83;746.70;3.56;5.14;18.29
01.02.2021;10:15:20;1621.69;32.62;9.84;746.68;3.57;5.17;18.44
01.02.2021;10:16:20;1543.36;32.62;9.82;746.68;3.46;4.99;17.25
01.02.2021;10:17:20;1480.63;32.68;9.80;746.67;3.38;4.87;16.48
01.02.2021;10:18:20;1503.97;32.64;9.79;746.66;3.41;4.91;16.77
01.02.2021;10:19:20;1547.82;32.67;9.78;746.68;3.48;5.02;17.46
01.02.2021;10:20:20;1567.40;32.67;9.77;746.68;3.49;5.06;17.68
01.02.2021;10:21:21;1545.54;32.76;9.77;746.67;3.46;5.00;17.31
01.02.2021;10:22:21;1590.38;32.74;9.77;746.67;3.53;5.11;18.03
01.02.2021;10:23:21;1681.45;32.76;9.78;746.67;3.63;5.29;19.23
01.02.2021;10:24:21;1660.78;32.77;9.79;746.68;3.60;5.22;18.79
01.02.2021;10:25:21;1558.01;32.76;9.79;746.69;3.48;5.02;17.44
01.02.2021;10:26:21;1634.94;32.75;9.80;746.71;3.58;5.21;18.66
01.02.2021;10:27:21;1645.22;32.69;9.82;746.74;3.58;5.21;18.67
01.02.2021;10:28:21;1628.66;32.69;9.81;746.72;3.56;5.17;18.41
01.02.2021;10:29:21;1571.50;32.72;9.79;746.72;3.49;5.03;17.56
01.02.2021;10:30:21;1599.21;32.76;9.78;746.74;3.53;5.11;18.03
01.02.2021;10:31:21;1641.67;32.78;9.77;746.72;3.57;5.18;18.53
01.02.2021;10:32:21;1580.60;32.79;9.77;746.71;3.49;5.05;17.65
01.02.2021;10:33:21;1647.01;32.77;9.78;746.69;3.57;5.18;18.52
01.02.2021;10:34:21;1622.54;32.77;9.79;746.68;3.55;5.14;18.24
01.02.2021;10:35:21;1622.66;32.79;9.80;746.68;3.54;5.13;18.16
01.02.2021;10:36:21;1636.85;32.77;9.79;746.68;3.56;5.16;18.34
01.02.2021;10:37:21;1599.25;32.76;9.78;746.67;3.51;5.09;17.89
01.02.2021;10:38:21;1585.12;32.81;9.78;746.66;3.49;5.05;17.63
01.02.2021;10:39:21;1525.97;32.81;9.78;746.64;3.41;4.89;16.68
01.02.2021;10:40:21;1475.40;32.82;9.76;746.64;3.34;4.81;16.07
01.02.2021;10:41:21;1540.33;32.83;9.75;746.61;3.43;4.95;16.98
01.02.2021;10:42:21;1524.25;32.88;9.73;746.61;3.41;4.91;16.74
01.02.2021;10:43:21;1581.18;32.92;9.73;746.59;3.49;5.05;17.59
01.02.2021;10:44:21;1590.28;32.91;9.73;746.57;3.49;5.04;17.58
01.02.2021;10:45:21;1523.18;32.93;9.72;746.55;3.41;4.91;16.72
01.02.2021;10:46:21;1561.78;32.96;9.72;746.54;3.46;5.00;17.28
01.02.2021;10:47:22;1663.33;32.91;9.74;746.52;3.58;5.20;18.64
01.02.2021;10:48:22;1578.01;32.94;9.74;746.48;3.47;5.02;17.44
01.02.2021;10:49:22;1638.18;32.90;9.73;746.47;3.55;5.15;18.29
01.02.2021;10:50:22;1682.36;32.94;9.74;746.47;3.61;5.24;18.88
01.02.2021;10:51:22;1602.69;32.92;9.75;746.47;3.50;5.05;17.69
01.02.2021;10:52:22;1582.64;32.97;9.74;746.47;3.49;5.04;17.58
01.02.2021;10:53:22;1641.68;32.94;9.75;746.46;3.56;5.15;18.32
01.02.2021;10:54:22;1633.55;32.93;9.76;746.44;3.55;5.14;18.22
01.02.2021;10:55:22;1604.64;32.94;9.77;746.43;3.51;5.08;17.81
01.02.2021;10:56:22;1583.72;32.88;9.76;746.42;3.49;5.05;17.60
01.02.2021;10:57:22;1539.14;32.92;9.75;746.40;3.42;4.93;16.88
01.02.2021;10:58:22;1505.40;32.93;9.74;746.39;3.38;4.87;16.49
01.02.2021;10:59:22;1536.29;32.96;9.72;746.38;3.43;4.95;16.98
01.02.2021;11:00:22;1541.61;33.01;9.71;746.36;3.43;4.94;16.94
01.02.2021;11:01:22;1547.88;33.01;9.70;746.34;3.44;4.96;17.06
01.02.2021;11:02:22;1493.90;33.05;9.70;746.32;3.36;4.82;16.20
01.02.2021;11:03:22;1426.76;33.02;9.70;746.33;3.26;4.67;15.23
01.02.2021;11:04:22;1377.94;33.06;9.67;746.33;3.20;4.57;14.62
01.02.2021;11:05:22;1426.42;33.10;9.66;746.33;3.28;4.69;15.37
01.02.2021;11:06:22;1414.61;33.11;9.65;746.32;3.25;4.65;15.13
01.02.2021;11:07:22;1439.28;33.13;9.64;746.32;3.30;4.73;15.58
01.02.2021;11:08:22;1463.90;33.18;9.64;746.33;3.33;4.78;15.91
01.02.2021;11:09:22;1431.82;33.19;9.63;746.32;3.27;4.68;15.31
01.02.2021;11:10:22;1334.83;33.20;9.62;746.31;3.13;4.45;13.97
01.02.2021;11:11:22;1355.82;33.20;9.61;746.31;3.16;4.51;14.26
01.02.2021;11:12:22;1320.90;33.23;9.59;746.28;3.10;4.39;13.62
01.02.2021;11:13:22;1249.76;33.25;9.56;746.28;2.99;4.21;12.57
01.02.2021;11:14:23;1245.47;33.33;9.54;746.27;2.98;4.19;12.49
01.02.2021;11:15:23;1162.63;33.38;9.52;746.26;2.83;3.96;11.19
01.02.2021;11:16:23;1179.46;33.38;9.50;746.25;2.87;4.02;11.54
01.02.2021;11:17:23;1202.29;33.40;9.48;746.25;2.90;4.07;11.82
01.02.2021;11:18:23;1161.94;33.44;9.46;746.22;2.82;3.94;11.12
01.02.2021;11:19:23;1106.40;33.48;9.43;746.24;2.73;3.78;10.32
01.02.2021;11:20:23;1141.83;33.54;9.41;746.22;2.79;3.89;10.84
01.02.2021;11:21:23;1079.90;33.60;9.39;746.21;2.67;3.69;9.86
01.02.2021;11:22:23;1057.56;33.64;9.36;746.22;2.63;3.63;9.57
01.02.2021;11:23:23;1035.58;33.70;9.34;746.21;2.59;3.55;9.17
01.02.2021;11:24:23;975.38;33.75;9.31;746.21;2.47;3.34;8.25
01.02.2021;11:25:23;957.33;33.82;9.28;746.19;2.43;3.30;8.03
01.02.2021;11:26:23;924.24;33.85;9.25;746.19;2.37;3.19;7.56
01.02.2021;11:27:23;1007.29;33.93;9.24;746.17;2.55;3.48;8.85
01.02.2021;11:28:23;1032.19;33.92;9.22;746.15;2.58;3.54;9.12
01.02.2021;11:29:23;940.32;33.99;9.19;746.17;2.39;3.22;7.71
01.02.2021;11:30:23;974.07;34.07;9.15;746.17;2.47;3.36;8.30
01.02.2021;11:31:23;1067.84;34.14;9.13;746.13;2.65;3.67;9.71
01.02.2021;11:32:23;1010.47;34.20;9.10;746.10;2.53;3.45;8.74
01.02.2021;11:33:23;1050.89;34.24;9.10;746.11;2.64;3.64;9.61
01.02.2021;11:34:23;1348.19;34.26;9.12;746.08;3.16;4.50;14.22
01.02.2021;11:35:23;1334.83;34.24;9.14;746.06;3.08;4.36;13.41
01.02.2021;11:36:23;1124.11;34.26;9.13;746.06;2.73;3.79;10.35
01.02.2021;11:37:23;1123.83;34.30;9.13;746.07;2.76;3.83;10.58
01.02.2021;11:38:23;1268.50;34.30;9.14;746.05;3.01;4.24;12.76
01.02.2021;11:39:23;1346.56;34.28;9.14;746.03;3.11;4.40;13.67
01.02.2021;11:40:23;1184.97;34.28;9.14;746.04;2.84;3.97;11.30
01.02.2021;11:41:23;1179.05;34.31;9.14;746.03;2.86;3.99;11.40
01.02.2021;11:42:23;1293.10;34.28;9.15;746.02;3.03;4.28;12.95
01.02.2021;11:43:24;1198.18;34.31;9.15;746.02;2.88;4.03;11.59
01.02.2021;11:44:24;1295.63;34.33;9.16;746.04;3.05;4.32;13.17
01.02.2021;11:45:24;1486.84;34.28;9.20;746.04;3.34;4.79;16.01
01.02.2021;11:46:24;1436.21;34.25;9.22;746.03;3.23;4.62;14.94
01.02.2021;11:47:24;1306.11;34.25;9.21;746.03;3.04;4.31;13.12
01.02.2021;11:48:24;1333.80;34.29;9.20;746.02;3.09;4.39;13.59
01.02.2021;11:49:24;1322.24;34.29;9.20;746.00;3.09;4.37;13.50
01.02.2021;11:50:24;1426.60;34.33;9.21;745.99;3.26;4.66;15.18
01.02.2021;11:51:24;1469.60;34.31;9.23;745.98;3.29;4.71;15.47
01.02.2021;11:52:24;1381.78;34.27;9.25;745.95;3.16;4.50;14.23
01.02.2021;11:53:24;1419.66;34.23;9.28;745.93;3.24;4.64;15.06
01.02.2021;11:54:24;1353.31;34.23;9.29;745.91;3.13;4.45;13.94
01.02.2021;11:55:24;1306.79;34.20;9.28;745.91;3.05;4.32;13.17
01.02.2021;11:56:24;1256.13;34.23;9.28;745.91;2.97;4.18;12.41
01.02.2021;11:57:24;1315.08;34.23;9.27;745.92;3.09;4.38;13.53
01.02.2021;11:58:24;1371.82;34.26;9.26;745.93;3.17;4.50;14.26
01.02.2021;11:59:24;1353.18;34.30;9.25;745.94;3.11;4.41;13.72
01.02.2021;12:00:24;1194.80;34.33;9.23;745.95;2.86;4.00;11.45
01.02.2021;12:01:24;1361.01;34.35;9.24;745.94;3.16;4.51;14.25
01.02.2021;12:02:24;1602.64;34.33;9.28;745.92;3.49;5.04;17.61
01.02.2021;12:03:24;1588.42;34.30;9.31;745.92;3.44;4.96;17.10
01.02.2021;12:04:24;1408.42;34.29;9.31;745.92;3.20;4.57;14.62
01.02.2021;12:05:24;1538.80;34.30;9.32;745.92;3.40;4.90;16.67
01.02.2021;12:06:24;1697.44;34.29;9.34;745.91;3.60;5.23;18.82
01.02.2021;12:07:24;1864.80;34.25;9.38;745.89;3.79;5.52;20.89
01.02.2021;12:08:24;1935.99;34.22;9.42;745.85;3.84;5.60;21.50
01.02.2021;12:09:24;1764.62;34.16;9.45;745.83;3.65;5.30;19.34
01.02.2021;12:10:25;1904.22;34.12;9.48;745.81;3.83;5.59;21.38
01.02.2021;12:11:25;2101.07;34.07;9.56;745.78;3.99;5.87;23.46
01.02.2021;12:12:25;2035.31;33.94;9.64;745.77;3.93;5.76;22.60
01.02.2021;12:13:25;2032.94;33.86;9.68;745.76;3.93;5.77;22.72
01.02.2021;12:14:25;2045.97;33.79;9.71;745.76;3.94;5.79;22.82
01.02.2021;12:15:25;1937.50;33.74;9.75;745.75;3.83;5.60;21.43
01.02.2021;12:16:25;1835.89;33.65;9.76;745.76;3.75;5.47;20.50
01.02.2021;12:17:25;1827.82;33.63;9.78;745.80;3.74;5.45;20.34
01.02.2021;12:18:25;1818.56;33.60;9.78;745.80;3.72;5.42;20.18
01.02.2021;12:19:25;1732.78;33.59;9.79;745.82;3.62;5.26;19.02
01.02.2021;12:20:25;1610.88;33.57;9.78;745.81;3.47;5.01;17.39
01.02.2021;12:21:25;1589.00;33.57;9.75;745.83;3.46;5.00;17.30
01.02.2021;12:22:25;1670.35;33.61;9.76;745.84;3.57;5.18;18.50
01.02.2021;12:23:25;1726.51;33.58;9.77;745.85;3.63;5.28;19.19
01.02.2021;12:24:25;1650.01;33.59;9.78;745.85;3.54;5.13;18.17
01.02.2021;12:25:25;1659.15;33.58;9.77;745.85;3.55;5.15;18.26
01.02.2021;12:26:25;1475.96;33.66;9.74;745.83;3.28;4.71;15.47
01.02.2021;12:27:25;1303.90;33.68;9.68;745.83;3.07;4.34;13.29
01.02.2021;12:28:25;1516.12;33.71;9.68;745.82;3.39;4.88;16.54
01.02.2021;12:29:25;1472.12;33.77;9.68;745.79;3.29;4.72;15.54
01.02.2021;12:30:25;1365.50;33.83;9.64;745.78;3.14;4.46;14.02
01.02.2021;12:31:25;1558.65;33.89;9.61;745.77;3.44;4.96;17.05
01.02.2021;12:32:25;1815.93;33.92;9.64;745.75;3.72;5.43;20.21
01.02.2021;12:33:25;1644.58;33.89;9.65;745.73;3.50;5.07;17.77
01.02.2021;12:34:25;1611.16;33.87;9.66;745.73;3.49;5.05;17.65
01.02.2021;12:35:25;1788.28;33.85;9.69;745.71;3.70;5.39;19.96
01.02.2021;12:36:25;1967.97;33.82;9.73;745.68;3.87;5.67;21.96
01.02.2021;12:37:26;2113.75;33.79;9.76;745.64;3.99;5.86;23.38
01.02.2021;12:38:26;2041.97;33.73;9.80;745.63;3.92;5.76;22.60
01.02.2021;12:39:26;2026.92;33.66;9.84;745.62;3.91;5.73;22.39
01.02.2021;12:40:26;1777.63;33.64;9.84;745.63;3.67;5.33;19.55
01.02.2021;12:41:26;1801.95;33.63;9.84;745.64;3.70;5.39;19.98
01.02.2021;12:42:26;1809.92;33.56;9.86;745.65;3.72;5.42;20.17
01.02.2021;12:43:26;1845.25;33.53;9.87;745.66;3.74;5.45;20.40
01.02.2021;12:44:26;1774.08;33.55;9.87;745.68;3.68;5.36;19.71
01.02.2021;12:45:26;1723.64;33.52;9.86;745.67;3.62;5.27;19.06
01.02.2021;12:46:26;1695.47;33.53;9.85;745.67;3.59;5.20;18.66
01.02.2021;12:47:26;1589.97;33.54;9.82;745.65;3.45;4.98;17.19
01.02.2021;12:48:26;1584.31;33.59;9.80;745.63;3.45;4.97;17.15
01.02.2021;12:49:26;1544.63;33.62;9.79;745.63;3.40;4.90;16.64
01.02.2021;12:50:26;1570.31;33.70;9.76;745.63;3.44;4.97;17.11
01.02.2021;12:51:26;1647.15;33.74;9.73;745.62;3.53;5.10;17.99
01.02.2021;12:52:26;1555.36;33.79;9.69;745.61;3.39;4.88;16.58
01.02.2021;12:53:26;1493.79;33.81;9.67;745.61;3.32;4.78;15.88
01.02.2021;12:54:26;1546.79;33.90;9.65;745.64;3.40;4.89;16.62
01.02.2021;12:55:26;1601.88;33.89;9.63;745.70;3.47;5.02;17.43
01.02.2021;12:56:26;1710.21;33.92;9.65;745.73;3.61;5.26;19.02
01.02.2021;12:57:26;1720.10;33.87;9.70;745.75;3.61;5.24;18.92
01.02.2021;12:58:26;1703.40;33.84;9.70;745.71;3.60;5.23;18.81
01.02.2021;12:59:26;1856.63;33.83;9.71;745.66;3.77;5.50;20.70
01.02.2021;13:00:26;2000.35;33.82;9.74;745.61;3.90;5.72;22.30
01.02.2021;13:01:26;2015.01;33.74;9.78;745.57;3.91;5.73;22.36
01.02.2021;13:02:26;1994.28;33.71;9.82;745.56;3.89;5.71;22.20
01.02.2021;13:03:26;2049.28;33.67;9.84;745.57;3.94;5.80;22.85
01.02.2021;13:04:27;2060.79;33.61;9.86;745.55;3.95;5.79;22.89
01.02.2021;13:05:27;2104.19;33.57;9.89;745.56;3.99;5.87;23.42
01.02.2021;13:06:27;2081.74;33.52;9.93;745.55;3.97;5.83;23.11
01.02.2021;13:07:27;2070.72;33.47;9.95;745.55;3.96;5.81;23.02
01.02.2021;13:08:27;2066.99;33.42;9.94;745.53;3.95;5.80;22.93
01.02.2021;13:09:27;1977.24;33.45;9.93;745.51;3.87;5.67;21.94
01.02.2021;13:10:27;2009.05;33.44;9.91;745.50;3.91;5.73;22.39
01.02.2021;13:11:27;2060.76;33.45;9.91;745.49;3.95;5.80;22.91
01.02.2021;13:12:27;2083.46;33.45;9.94;745.49;3.97;5.82;23.11
01.02.2021;13:13:27;2095.41;33.38;9.97;745.49;3.98;5.84;23.23
01.02.2021;13:14:27;2016.04;33.35;9.98;745.49;3.90;5.73;22.36
01.02.2021;13:15:27;2059.49;33.33;9.99;745.48;3.95;5.81;22.94
01.02.2021;13:16:27;2128.58;33.30;10.02;745.48;4.00;5.89;23.58
01.02.2021;13:17:27;2067.22;33.29;10.03;745.46;3.95;5.81;22.95
01.02.2021;13:18:27;2141.33;33.24;10.04;745.44;4.02;5.91;23.74
01.02.2021;13:19:27;2215.07;33.23;10.08;745.43;4.08;6.01;24.48
01.02.2021;13:20:27;2277.43;33.16;10.12;745.41;4.12;6.08;25.05
01.02.2021;13:21:27;2301.53;33.12;10.14;745.42;4.14;6.11;25.26
01.02.2021;13:22:27;2310.12;33.12;10.16;745.42;4.14;6.11;25.30
01.02.2021;13:23:27;2291.79;33.07;10.19;745.41;4.13;6.09;25.16
01.02.2021;13:24:27;2257.89;33.06;10.19;745.40;4.10;6.05;24.79
01.02.2021;13:25:27;2234.34;33.06;10.18;745.41;4.09;6.03;24.68
01.02.2021;13:26:27;2261.60;33.05;10.17;745.40;4.11;6.06;24.88
01.02.2021;13:27:27;2238.83;33.04;10.21;745.38;4.09;6.02;24.65
01.02.2021;13:28:27;2242.80;33.01;10.21;745.35;4.10;6.05;24.80
01.02.2021;13:29:28;2233.43;32.97;10.23;745.32;4.09;6.03;24.63
01.02.2021;13:30:28;2204.53;33.00;10.22;745.29;4.07;5.99;24.37
01.02.2021;13:31:28;2221.81;33.02;10.20;745.24;4.08;6.01;24.51
01.02.2021;13:32:28;2195.04;33.03;10.20;745.22;4.06;6.00;24.37
01.02.2021;13:33:28;2192.75;33.06;10.19;745.18;4.06;5.99;24.29
01.02.2021;13:34:28;2167.18;33.08;10.18;745.14;4.03;5.93;23.94
01.02.2021;13:35:28;2105.95;33.13;10.13;745.13;3.98;5.85;23.31
01.02.2021;13:36:28;2132.00;33.17;10.11;745.13;4.01;5.89;23.61
01.02.2021;13:37:28;2090.51;33.21;10.09;745.14;3.97;5.83;23.11
01.02.2021;13:38:28;2122.85;33.19;10.13;745.16;4.00;5.87;23.44
01.02.2021;13:39:28;2100.08;33.18;10.15;745.16;3.98;5.85;23.25
01.02.2021;13:40:28;2108.40;33.14;10.16;745.17;4.00;5.88;23.50
01.02.2021;13:41:28;2127.11;33.15;10.18;745.15;4.01;5.90;23.65
01.02.2021;13:42:28;2090.18;33.16;10.15;745.11;3.97;5.83;23.17
01.02.2021;13:43:28;2074.46;33.18;10.15;745.09;3.96;5.80;22.99
01.02.2021;13:44:28;2038.01;33.25;10.12;745.07;3.93;5.78;22.72
01.02.2021;13:45:28;1981.41;33.33;10.06;745.06;3.89;5.70;22.18
01.02.2021;13:46:28;1970.89;33.40;10.02;745.06;3.88;5.69;22.03
01.02.2021;13:47:28;1960.52;33.42;10.02;745.07;3.87;5.66;21.90
01.02.2021;13:48:28;1908.94;33.44;10.02;745.05;3.82;5.59;21.37
01.02.2021;13:49:28;1895.07;33.47;9.98;745.03;3.81;5.58;21.28
01.02.2021;13:50:28;1876.74;33.53;9.97;745.01;3.80;5.55;21.08
01.02.2021;13:51:28;1890.10;33.54;9.95;744.98;3.81;5.57;21.20
01.02.2021;13:52:28;1850.71;33.64;9.92;744.98;3.78;5.52;20.85
01.02.2021;13:53:28;1827.36;33.70;9.85;744.98;3.75;5.48;20.56
01.02.2021;13:54:28;1774.51;33.76;9.83;744.97;3.67;5.36;19.68
01.02.2021;13:55:29;1663.39;33.78;9.82;744.99;3.54;5.13;18.16
01.02.2021;13:56:29;1552.76;33.76;9.81;745.00;3.44;4.95;17.03
01.02.2021;13:57:29;1628.39;33.85;9.78;744.98;3.56;5.15;18.33
01.02.2021;13:58:29;1742.12;33.87;9.76;744.95;3.68;5.36;19.74
01.02.2021;13:59:29;1711.51;33.91;9.75;744.93;3.63;5.29;19.23
01.02.2021;14:00:29;1652.24;34.00;9.71;744.92;3.59;5.20;18.65
01.02.2021;14:01:29;1666.72;34.09;9.68;744.90;3.60;5.23;18.84
01.02.2021;14:02:29;1701.77;34.15;9.63;744.91;3.63;5.28;19.17
01.02.2021;14:03:29;1624.71;34.16;9.63;744.91;3.51;5.07;17.78
01.02.2021;14:04:29;1435.88;34.18;9.64;744.91;3.23;4.62;14.91
01.02.2021;14:05:29;1263.85;34.18;9.62;744.91;3.00;4.23;12.71
01.02.2021;14:06:29;1262.56;34.28;9.55;744.90;3.04;4.30;13.09
01.02.2021;14:07:29;1415.18;34.41;9.51;744.89;3.30;4.74;15.65
01.02.2021;14:08:29;1595.81;34.51;9.47;744.88;3.53;5.10;17.99
01.02.2021;14:09:29;1669.29;34.58;9.45;744.86;3.57;5.18;18.48
01.02.2021;14:10:29;1604.85;34.59;9.46;744.87;3.47;5.02;17.43
01.02.2021;14:11:29;1472.85;34.63;9.45;744.89;3.31;4.75;15.69
01.02.2021;14:12:29;1402.74;34.68;9.41;744.91;3.23;4.62;14.95
01.02.2021;14:13:29;1548.08;34.74;9.39;744.92;3.47;5.02;17.44
01.02.2021;14:14:29;1659.96;34.75;9.39;744.90;3.60;5.22;18.79
01.02.2021;14:15:29;1642.72;34.75;9.39;744.89;3.56;5.16;18.36
01.02.2021;14:16:29;1609.34;34.77;9.40;744.90;3.52;5.11;17.99
01.02.2021;14:17:29;1596.25;34.74;9.41;744.91;3.50;5.05;17.67
01.02.2021;14:18:29;1601.24;34.74;9.41;744.88;3.52;5.09;17.89
01.02.2021;14:19:29;1586.00;34.76;9.41;744.87;3.49;5.04;17.56
01.02.2021;14:20:29;1493.67;34.74;9.40;744.86;3.36;4.84;16.27
01.02.2021;14:21:29;1439.73;34.76;9.39;744.85;3.31;4.76;15.77
01.02.2021;14:22:30;1425.11;34.81;9.36;744.85;3.31;4.75;15.73
01.02.2021;14:23:30;1405.01;34.79;9.36;744.84;3.29;4.71;15.47
01.02.2021;14:24:30;1309.99;34.86;9.35;744.86;3.10;4.40;13.67
01.02.2021;14:25:30;1154.67;34.90;9.30;744.91;2.83;3.96;11.23
01.02.2021;14:26:30;1032.99;35.02;9.22;744.91;2.62;3.59;9.40
01.02.2021;14:27:30;1042.44;35.14;9.16;744.91;2.65;3.66;9.68
01.02.2021;14:28:30;1093.33;35.26;9.11;744.90;2.76;3.84;10.61
01.02.2021;14:29:30;1251.78;35.31;9.11;744.88;3.05;4.32;13.18
01.02.2021;14:30:30;1223.93;35.35;9.11;744.85;2.99;4.22;12.60
01.02.2021;14:31:30;1180.01;35.39;9.07;744.85;2.91;4.07;11.84
01.02.2021;14:32:30;1164.28;35.45;9.05;744.85;2.89;4.04;11.66
01.02.2021;14:33:30;1172.82;35.50;9.03;744.84;2.91;4.09;11.90
01.02.2021;14:34:30;1198.13;35.49;9.03;744.83;2.95;4.15;12.26
01.02.2021;14:35:30;1172.29;35.53;9.03;744.85;2.90;4.07;11.78
01.02.2021;14:36:30;1153.80;35.56;9.01;744.87;2.87;4.01;11.51
01.02.2021;14:37:30;1132.42;35.58;9.01;744.88;2.81;3.91;11.00
01.02.2021;14:38:30;1035.72;35.60;8.99;744.87;2.64;3.64;9.63
01.02.2021;14:39:30;1013.81;35.64;8.96;744.87;2.61;3.60;9.40
01.02.2021;14:40:30;1023.35;35.69;8.94;744.87;2.63;3.62;9.52
01.02.2021;14:41:30;1026.57;35.71;8.92;744.87;2.62;3.59;9.42
01.02.2021;14:42:30;949.29;35.71;8.92;744.86;2.48;3.37;8.34
01.02.2021;14:43:30;947.22;35.72;8.92;744.86;2.48;3.38;8.39
01.02.2021;14:44:30;953.62;35.79;8.89;744.86;2.50;3.42;8.55
01.02.2021;14:45:30;906.37;35.79;8.87;744.87;2.41;3.24;7.81
01.02.2021;14:46:30;922.33;35.84;8.85;744.90;2.45;3.32;8.13
01.02.2021;14:47:30;907.12;35.88;8.82;744.90;2.42;3.26;7.89
01.02.2021;14:48:30;851.78;35.94;8.80;744.91;2.29;3.06;7.01
01.02.2021;14:49:30;799.74;35.98;8.78;744.92;2.16;2.85;6.16
01.02.2021;14:50:31;811.26;36.00;8.75;744.91;2.21;2.93;6.47
01.02.2021;14:51:31;849.08;36.06;8.74;744.88;2.29;3.07;7.04
01.02.2021;14:52:31;860.90;36.14;8.72;744.85;2.32;3.11;7.21
01.02.2021;14:53:31;884.21;36.14;8.70;744.85;2.37;3.19;7.57
01.02.2021;14:54:31;873.90;36.15;8.70;744.84;2.34;3.13;7.33
01.02.2021;14:55:31;835.16;36.19;8.69;744.85;2.25;2.99;6.72
01.02.2021;14:56:31;780.43;36.20;8.68;744.85;2.14;2.82;6.03
01.02.2021;14:57:31;781.10;36.25;8.66;744.84;2.15;2.83;6.06
01.02.2021;14:58:31;726.67;36.27;8.64;744.82;2.00;2.56;5.14
01.02.2021;14:59:31;693.42;36.32;8.62;744.81;1.93;2.44;4.72
01.02.2021;15:00:31;690.61;36.34;8.59;744.79;1.93;2.45;4.73
01.02.2021;15:01:31;651.57;36.41;8.56;744.76;1.84;2.26;4.16
01.02.2021;15:02:31;700.06;36.47;8.53;744.74;1.97;2.51;4.96
01.02.2021;15:03:31;705.47;36.50;8.50;744.73;1.97;2.51;4.95
01.02.2021;15:04:31;672.56;36.54;8.47;744.72;1.89;2.34;4.42
01.02.2021;15:05:31;668.22;36.58;8.46;744.74;1.87;2.32;4.35
01.02.2021;15:06:31;619.08;36.60;8.43;744.75;1.74;2.11;3.68
01.02.2021;15:07:31;579.93;36.66;8.41;744.78;1.65;2.02;3.32
01.02.2021;15:08:31;570.40;36.71;8.39;744.81;1.62;2.00;3.24
01.02.2021;15:09:31;560.61;36.74;8.38;744.82;1.60;1.95;3.11
01.02.2021;15:10:31;522.51;36.79;8.36;744.86;1.49;1.77;2.65
01.02.2021;15:11:31;502.00;36.83;8.34;744.90;1.45;1.70;2.47
01.02.2021;15:12:31;487.97;36.85;8.32;744.94;1.42;1.66;2.36
01.02.2021;15:13:31;473.57;36.90;8.31;744.99;1.38;1.60;2.21
01.02.2021;15:14:31;465.92;36.88;8.30;745.02;1.35;1.55;2.09
01.02.2021;15:15:31;434.13;36.92;8.29;745.04;1.26;1.40;1.77
01.02.2021;15:16:31;427.63;36.92;8.25;745.03;1.25;1.39;1.73
01.02.2021;15:17:31;433.46;36.98;8.23;745.01;1.27;1.41;1.78
01.02.2021;15:18:31;434.75;37.02;8.21;744.97;1.28;1.42;1.82
01.02.2021;15:19:31;457.75;37.06;8.18;744.92;1.35;1.54;2.08
01.02.2021;15:20:31;471.26;37.14;8.17;744.87;1.39;1.61;2.24
01.02.2021;15:21:31;491.13;37.37;8.16;744.81;1.46;1.71;2.50
01.02.2021;15:22:32;495.71;37.66;8.16;744.76;1.46;1.72;2.52
01.02.2021;15:23:32;481.07;37.87;8.16;744.76;1.42;1.66;2.35
01.02.2021;15:24:32;472.03;38.05;8.14;744.74;1.39;1.61;2.24
01.02.2021;15:25:32;461.31;38.48;8.14;744.76;1.36;1.55;2.10
01.02.2021;15:26:32;427.54;38.72;8.12;744.77;1.27;1.41;1.79
01.02.2021;15:27:32;422.44;38.92;8.13;744.77;1.26;1.40;1.76
01.02.2021;15:28:32;402.44;39.02;8.12;744.78;1.21;1.31;1.58
01.02.2021;15:29:32;387.42;39.16;8.13;744.79;1.16;1.22;1.41
01.02.2021;15:30:32;365.69;39.27;8.13;744.79;1.09;1.12;1.23
01.02.2021;15:31:32;337.18;39.34;8.11;744.80;1.01;0.99;1.00
01.02.2021;15:32:32;339.65;39.49;8.10;744.82;1.02;1.00;1.03
01.02.2021;15:33:32;331.50;39.55;8.09;744.82;1.00;0.97;0.97
01.02.2021;15:34:32;314.64;39.73;8.09;744.83;0.95;0.87;0.83
01.02.2021;15:35:32;289.18;39.73;8.09;744.83;0.87;0.74;0.64
01.02.2021;15:36:32;269.18;39.66;8.08;744.83;0.81;0.64;0.52
01.02.2021;15:37:32;254.69;39.69;8.06;744.84;0.76;0.59;0.45
01.02.2021;15:38:32;259.75;39.77;8.05;744.82;0.78;0.60;0.47
01.02.2021;15:39:32;261.21;39.84;8.04;744.80;0.78;0.60;0.47
01.02.2021;15:40:32;252.42;39.84;8.04;744.79;0.75;0.56;0.42
01.02.2021;15:41:32;256.61;39.95;8.02;744.79;0.77;0.58;0.45
01.02.2021;15:42:32;254.57;39.90;8.03;744.76;0.76;0.57;0.44
01.02.2021;15:43:32;234.94;39.93;8.02;744.77;0.70;0.48;0.33
01.02.2021;15:44:32;223.83;40.02;8.00;744.80;0.67;0.41;0.28
01.02.2021;15:45:32;218.08;40.07;8.00;744.83;0.65;0.40;0.26
01.02.2021;15:46:32;211.81;40.09;7.98;744.86;0.63;0.36;0.23
01.02.2021;15:47:32;199.19;40.14;7.98;744.91;0.59;0.30;0.18
01.02.2021;15:48:32;192.33;40.12;7.98;744.93;0.57;0.28;0.16
01.02.2021;15:49:32;183.31;40.29;7.98;744.95;0.54;0.22;0.12
01.02.2021;15:50:32;180.75;40.27;7.96;744.94;0.54;0.21;0.11
01.02.2021;15:51:32;185.35;40.21;7.96;744.93;0.55;0.23;0.13
01.02.2021;15:52:32;187.32;40.20;7.96;744.92;0.56;0.26;0.14
01.02.2021;15:53:32;182.70;40.27;7.95;744.90;0.55;0.22;0.12
01.02.2021;15:54:33;179.10;40.29;7.95;744.89;0.54;0.20;0.11
01.02.2021;15:55:33;182.12;40.30;7.95;744.90;0.55;0.23;0.12
01.02.2021;15:56:33;175.46;40.31;7.94;744.92;0.53;0.20;0.11
01.02.2021;15:57:33;169.15;40.43;7.94;744.92;0.51;0.17;0.09
01.02.2021;15:58:33;167.82;40.50;7.93;744.91;0.51;0.17;0.08
01.02.2021;15:59:33;163.57;40.41;7.94;744.89;0.49;0.13;0.06
01.02.2021;16:00:33;162.81;40.41;7.94;744.89;0.49;0.14;0.07
01.02.2021;16:01:33;160.54;40.43;7.94;744.85;0.49;0.12;0.06
01.02.2021;16:02:33;156.91;40.46;7.94;744.83;0.48;0.10;0.05
01.02.2021;16:03:33;153.57;40.40;7.93;744.79;0.47;0.09;0.04
01.02.2021;16:04:33;151.90;40.34;7.93;744.77;0.46;0.08;0.04
01.02.2021;16:05:33;146.07;40.36;7.93;744.74;0.45;0.04;0.02
01.02.2021;16:06:33;141.49;40.31;7.91;744.73;0.43;0.02;0.01
01.02.2021;16:07:33;136.06;40.37;7.91;744.72;0.42;-0.00;-0.00
01.02.2021;16:08:33;136.10;40.41;7.91;744.73;0.42;0.00;0.00
01.02.2021;16:09:33;132.12;40.39;7.90;744.72;0.40;0.00;0.00
01.02.2021;16:10:33;127.13;40.32;7.91;744.70;0.39;0.00;0.00
01.02.2021;16:11:33;121.44;40.31;7.89;744.68;0.37;0.00;0.00
01.02.2021;16:12:33;122.01;40.32;7.87;744.67;0.37;0.00;0.00
01.02.2021;16:13:33;120.34;40.52;7.88;744.68;0.37;0.00;0.00
01.02.2021;16:14:33;112.89;40.48;7.88;744.69;0.34;0.00;0.00
01.02.2021;16:15:33;106.71;40.50;7.87;744.71;0.32;0.00;0.00
01.02.2021;16:16:33;99.22;40.59;7.87;744.73;0.29;0.00;0.00
01.02.2021;16:17:33;95.61;40.59;7.86;744.75;0.29;0.00;0.00
01.02.2021;16:18:33;93.62;40.51;7.86;744.76;0.28;0.00;0.00
01.02.2021;16:19:33;91.24;40.65;7.87;744.77;0.27;0.00;0.00
01.02.2021;16:20:33;90.17;40.50;7.86;744.78;0.27;0.00;0.00
01.02.2021;16:21:33;85.58;40.43;7.85;744.79;0.25;0.00;0.00
01.02.2021;16:22:33;80.06;40.41;7.83;744.80;0.23;0.00;0.00
01.02.2021;16:23:33;74.25;40.49;7.83;744.82;0.21;0.00;0.00
01.02.2021;16:24:33;71.99;40.45;7.82;744.84;0.20;0.00;0.00
01.02.2021;16:25:33;69.21;40.52;7.82;744.83;0.19;0.00;0.00
01.02.2021;16:26:33;65.10;40.62;7.83;744.84;0.18;0.00;0.00
01.02.2021;16:27:34;60.68;40.73;7.84;744.83;0.16;0.00;0.00
01.02.2021;16:28:34;60.00;40.62;7.85;744.82;0.16;0.00;0.00
01.02.2021;16:29:34;60.12;40.48;7.84;744.84;0.16;0.00;0.00
01.02.2021;16:30:34;57.42;40.46;7.83;744.85;0.15;0.00;0.00
01.02.2021;16:31:34;54.97;40.65;7.84;744.84;0.14;0.00;0.00
01.02.2021;16:32:34;52.71;40.56;7.85;744.84;0.14;0.00;0.00
01.02.2021;16:33:34;48.79;40.54;7.86;744.85;0.12;0.00;0.00
01.02.2021;16:34:34;47.50;40.53;7.86;744.82;0.12;0.00;0.00
01.02.2021;16:35:34;47.09;40.39;7.84;744.79;0.11;0.00;0.00
01.02.2021;16:36:34;44.31;40.45;7.85;744.77;0.10;0.00;0.00
01.02.2021;16:37:34;41.68;40.34;7.85;744.74;0.09;0.00;0.00
01.02.2021;16:38:34;39.59;40.25;7.83;744.75;0.08;0.00;0.00
01.02.2021;16:39:34;37.37;40.23;7.83;744.75;0.08;0.00;0.00
01.02.2021;16:40:34;34.18;40.40;7.82;744.76;0.06;0.00;0.00
01.02.2021;16:41:34;31.85;40.30;7.79;744.77;0.05;0.00;0.00
01.02.2021;16:42:34;31.68;40.26;7.77;744.79;0.05;0.00;0.00
01.02.2021;16:43:34;30.92;40.38;7.77;744.80;0.05;0.00;0.00
01.02.2021;16:44:34;29.17;40.21;7.73;744.78;0.04;0.00;0.00
01.02.2021;16:45:34;27.42;40.25;7.69;744.80;0.03;0.00;0.00
01.02.2021;16:46:34;25.00;40.34;7.70;744.80;0.02;0.00;0.00
01.02.2021;16:47:34;23.84;40.24;7.70;744.80;0.02;0.00;0.00
01.02.2021;16:48:34;23.33;40.32;7.68;744.80;0.02;0.00;0.00
01.02.2021;16:49:34;22.19;40.21;7.67;744.79;0.01;0.00;0.00
01.02.2021;16:50:34;20.83;40.23;7.67;744.77;0.01;0.00;0.00
01.02.2021;16:51:34;20.03;40.27;7.67;744.76;0.01;0.00;0.00
01.02.2021;16:52:34;18.56;40.18;7.63;744.75;0.00;0.00;0.00
01.02.2021;16:53:34;17.69;40.09;7.61;744.75;0.00;0.00;0.00
01.02.2021;16:54:34;16.65;40.10;7.61;744.77;0.00;0.00;0.00
01.02.2021;16:55:34;15.61;40.12;7.59;744.78;0.00;0.00;0.00
01.02.2021;16:56:34;14.96;40.08;7.58;744.80;0.00;0.00;0.00
01.02.2021;16:57:34;14.04;40.16;7.57;744.81;0.00;0.00;0.00
01.02.2021;16:58:34;13.08;40.53;7.59;744.82;0.00;0.00;0.00
01.02.2021;16:59:34;12.33;40.25;7.59;744.83;0.00;0.00;0.00
01.02.2021;17:00:34;11.42;40.32;7.57;744.84;0.00;0.00;0.00
01.02.2021;17:01:35;10.42;40.58;7.57;744.85;0.00;0.00;0.00
01.02.2021;17:02:35;9.62;40.45;7.56;744.87;0.00;0.00;0.00
01.02.2021;17:03:35;8.87;40.36;7.55;744.87;0.00;0.00;0.00
01.02.2021;17:04:35;8.33;40.45;7.55;744.87;0.00;0.00;0.00
01.02.2021;17:05:35;8.33;40.38;7.55;744.89;0.00;0.00;0.00
01.02.2021;17:06:35;7.54;40.26;7.54;744.88;0.00;0.00;0.00
01.02.2021;17:07:35;7.29;40.27;7.53;744.86;0.00;0.00;0.00
01.02.2021;17:08:35;6.67;40.31;7.52;744.88;0.00;0.00;0.00
01.02.2021;17:09:35;6.67;40.21;7.52;744.88;0.00;0.00;0.00
01.02.2021;17:10:35;6.10;40.19;7.51;744.86;0.00;0.00;0.00
01.02.2021;17:11:35;5.83;40.23;7.52;744.87;0.00;0.00;0.00
01.02.2021;17:12:35;5.83;40.28;7.51;744.89;0.00;0.00;0.00
01.02.2021;17:13:35;5.83;40.31;7.52;744.90;0.00;0.00;0.00
01.02.2021;17:14:35;5.82;40.25;7.51;744.92;0.00;0.00;0.00
01.02.2021;17:15:35;5.17;40.26;7.51;744.91;0.00;0.00;0.00
01.02.2021;17:16:35;5.00;40.21;7.52;744.93;0.00;0.00;0.00
01.02.2021;17:17:35;5.00;40.22;7.51;744.95;0.00;0.00;0.00
01.02.2021;17:18:35;5.00;40.13;7.50;744.95;0.00;0.00;0.00
01.02.2021;17:19:35;5.00;40.16;7.49;744.96;0.00;0.00;0.00
01.02.2021;17:20:35;5.00;40.11;7.48;744.98;0.00;0.00;0.00
01.02.2021;17:21:35;5.01;40.06;7.46;744.98;0.00;0.00;0.00
01.02.2021;17:22:35;5.00;40.11;7.45;745.01;0.00;0.00;0.00
01.02.2021;17:23:35;5.00;40.14;7.45;745.00;0.00;0.00;0.00
01.02.2021;17:24:35;5.03;40.01;7.42;745.00;0.00;0.00;0.00
01.02.2021;17:25:35;5.00;40.06;7.40;745.02;0.00;0.00;0.00
01.02.2021;17:26:35;5.00;40.06;7.39;745.04;0.00;0.00;0.00
01.02.2021;17:27:35;5.00;40.29;7.39;745.05;0.00;0.00;0.00
01.02.2021;17:28:35;5.00;40.17;7.37;745.08;0.00;0.00;0.00
01.02.2021;17:29:35;5.00;40.01;7.34;745.08;0.00;0.00;0.00
01.02.2021;17:30:35;5.00;40.01;7.30;745.09;0.00;0.00;0.00
01.02.2021;17:31:35;5.00;40.14;7.31;745.11;0.00;0.00;0.00
01.02.2021;17:32:35;5.00;40.35;7.31;745.12;0.00;0.00;0.00
01.02.2021;17:33:35;5.00;40.27;7.28;745.11;0.00;0.00;0.00
01.02.2021;17:34:35;5.00;40.18;7.27;745.13;0.00;0.00;0.00
01.02.2021;17:35:35;5.01;40.57;7.28;745.13;0.00;0.00;0.00
01.02.2021;17:36:35;5.00;40.54;7.29;745.14;0.00;0.00;0.00
01.02.2021;17:37:35;5.00;40.86;7.29;745.13;0.00;0.00;0.00
01.02.2021;17:38:36;5.01;40.41;7.29;745.15;0.00;0.00;0.00
01.02.2021;17:39:36;5.00;40.38;7.27;745.14;0.00;0.00;0.00
01.02.2021;17:40:36;5.00;40.36;7.27;745.14;0.00;0.00;0.00
01.02.2021;17:41:36;5.00;40.40;7.27;745.15;0.00;0.00;0.00
01.02.2021;17:42:36;5.00;40.35;7.26;745.17;0.00;0.00;0.00
01.02.2021;17:43:36;5.00;40.28;7.23;745.19;0.00;0.00;0.00
01.02.2021;17:44:36;5.00;40.26;7.21;745.18;0.00;0.00;0.00
01.02.2021;17:45:36;5.00;40.65;7.20;745.18;0.00;0.00;0.00
01.02.2021;17:46:36;5.00;41.39;7.21;745.19;0.00;0.00;0.00
01.02.2021;17:47:36;5.00;41.26;7.21;745.19;0.00;0.00;0.00
01.02.2021;17:48:36;5.00;41.22;7.21;745.17;0.00;0.00;0.00
01.02.2021;17:49:36;5.01;41.07;7.22;745.17;0.00;0.00;0.00
01.02.2021;17:50:36;5.00;40.87;7.18;745.15;0.00;0.00;0.00
01.02.2021;17:51:36;5.00;40.78;7.16;745.16;0.00;0.00;0.00
01.02.2021;17:52:36;5.01;40.74;7.16;745.18;0.00;0.00;0.00
01.02.2021;17:53:36;5.00;40.98;7.17;745.18;0.00;0.00;0.00
01.02.2021;17:54:36;5.00;41.01;7.17;745.22;0.00;0.00;0.00
01.02.2021;17:55:36;5.00;40.88;7.15;745.24;0.00;0.00;0.00
01.02.2021;17:56:36;5.00;40.97;7.15;745.25;0.00;0.00;0.00
01.02.2021;17:57:36;5.00;41.02;7.16;745.26;0.00;0.00;0.00
01.02.2021;17:58:36;5.00;41.12;7.16;745.26;0.00;0.00;0.00
01.02.2021;17:59:36;5.00;40.89;7.13;745.24;0.00;0.00;0.00
01.02.2021;18:00:36;5.00;41.10;7.14;745.24;0.00;0.00;0.00
01.02.2021;18:01:36;5.00;41.20;7.15;745.26;0.00;0.00;0.00
01.02.2021;18:02:36;5.00;41.20;7.14;745.25;0.00;0.00;0.00
01.02.2021;18:03:36;5.01;41.21;7.12;745.25;0.00;0.00;0.00
01.02.2021;18:04:36;5.00;41.26;7.13;745.27;0.00;0.00;0.00
01.02.2021;18:05:36;5.00;41.38;7.13;745.27;0.00;0.00;0.00
01.02.2021;18:06:36;5.01;41.30;7.14;745.29;0.00;0.00;0.00
01.02.2021;18:07:36;5.00;41.21;7.13;745.29;0.00;0.00;0.00
01.02.2021;18:08:36;5.00;41.10;7.13;745.29;0.00;0.00;0.00
01.02.2021;18:09:36;5.00;41.20;7.15;745.29;0.00;0.00;0.00
01.02.2021;18:10:36;5.00;41.13;7.14;745.29;0.00;0.00;0.00
01.02.2021;18:11:36;5.00;41.28;7.16;745.29;0.00;0.00;0.00
01.02.2021;18:12:36;5.00;41.28;7.16;745.29;0.00;0.00;0.00
01.02.2021;18:13:36;4.46;41.41;7.18;745.29;0.00;0.00;0.00
01.02.2021;18:14:36;3.33;41.34;7.18;745.31;0.00;0.00;0.00
01.02.2021;18:15:37;3.33;41.25;7.17;745.31;0.00;0.00;0.00
01.02.2021;18:16:37;3.33;41.33;7.20;745.32;0.00;0.00;0.00
01.02.2021;18:17:37;3.35;41.21;7.20;745.33;0.00;0.00;0.00
01.02.2021;18:18:37;3.33;41.15;7.20;745.34;0.00;0.00;0.00
01.02.2021;18:19:37;3.33;41.03;7.19;745.33;0.00;0.00;0.00
01.02.2021;18:20:37;3.35;40.90;7.17;745.34;0.00;0.00;0.00
01.02.2021;18:21:37;3.33;40.73;7.14;745.34;0.00;0.00;0.00
01.02.2021;18:22:37;3.33;40.75;7.13;745.32;0.00;0.00;0.00
01.02.2021;18:23:37;3.33;40.86;7.13;745.32;0.00;0.00;0.00
01.02.2021;18:24:37;3.33;41.11;7.15;745.30;0.00;0.00;0.00
01.02.2021;18:25:37;3.33;41.02;7.15;745.30;0.00;0.00;0.00
01.02.2021;18:26:37;3.33;40.77;7.13;745.32;0.00;0.00;0.00
01.02.2021;18:27:37;3.33;40.91;7.13;745.31;0.00;0.00;0.00
01.02.2021;18:28:37;3.33;41.00;7.12;745.32;0.00;0.00;0.00
01.02.2021;18:29:37;3.33;40.93;7.12;745.33;0.00;0.00;0.00
01.02.2021;18:30:37;3.33;40.71;7.09;745.34;0.00;0.00;0.00
01.02.2021;18:31:37;3.35;40.61;7.07;745.35;0.00;0.00;0.00
01.02.2021;18:32:37;3.32;40.53;7.05;745.37;0.00;0.00;0.00
01.02.2021;18:33:37;3.33;40.60;7.03;745.36;0.00;0.00;0.00
01.02.2021;18:34:37;3.35;40.55;7.04;745.36;0.00;0.00;0.00
01.02.2021;18:35:37;3.33;40.58;7.03;745.38;0.00;0.00;0.00
01.02.2021;18:36:37;3.33;40.74;7.03;745.36;0.00;0.00;0.00
01.02.2021;18:37:37;3.33;40.51;7.02;745.36;0.00;0.00;0.00
01.02.2021;18:38:37;3.33;40.47;7.00;745.38;0.00;0.00;0.00
01.02.2021;18:39:37;3.33;40.38;6.96;745.39;0.00;0.00;0.00
01.02.2021;18:40:37;3.33;40.57;6.98;745.39;0.00;0.00;0.00
01.02.2021;18:41:37;3.33;40.58;6.99;745.40;0.00;0.00;0.00
01.02.2021;18:42:37;3.32;40.46;6.97;745.42;0.00;0.00;0.00
01.02.2021;18:43:37;3.32;40.48;6.96;745.42;0.00;0.00;0.00
01.02.2021;18:44:37;3.33;40.44;6.94;745.41;0.00;0.00;0.00
01.02.2021;18:45:37;3.35;40.47;6.93;745.43;0.00;0.00;0.00
01.02.2021;18:46:37;3.32;40.37;6.93;745.42;0.00;0.00;0.00
01.02.2021;18:47:37;3.32;40.47;6.93;745.43;0.00;0.00;0.00
01.02.2021;18:48:37;3.35;40.96;6.97;745.45;0.00;0.00;0.00
01.02.2021;18:49:37;3.33;40.61;6.97;745.45;0.00;0.00;0.00
01.02.2021;18:50:37;3.32;40.38;6.95;745.44;0.00;0.00;0.00
01.02.2021;18:51:37;3.31;40.31;6.94;745.44;0.00;0.00;0.00
01.02.2021;18:52:37;3.33;40.33;6.94;745.43;0.00;0.00;0.00
01.02.2021;18:53:38;3.32;40.22;6.93;745.44;0.00;0.00;0.00
01.02.2021;18:54:38;3.31;40.10;6.90;745.44;0.00;0.00;0.00
01.02.2021;18:55:38;3.29;40.09;6.87;745.43;0.00;0.00;0.00
01.02.2021;18:56:38;3.32;40.14;6.87;745.45;0.00;0.00;0.00
01.02.2021;18:57:38;3.31;40.15;6.85;745.46;0.00;0.00;0.00
01.02.2021;18:58:38;3.33;40.14;6.85;745.45;0.00;0.00;0.00
01.02.2021;18:59:38;3.32;40.19;6.86;745.45;0.00;0.00;0.00
01.02.2021;19:00:38;3.31;40.32;6.86;745.45;0.00;0.00;0.00
01.02.2021;19:01:38;3.33;40.07;6.84;745.45;0.00;0.00;0.00
01.02.2021;19:02:38;3.35;39.95;6.81;745.45;0.00;0.00;0.00
01.02.2021;19:03:38;3.32;40.03;6.80;745.46;0.00;0.00;0.00
01.02.2021;19:04:38;3.31;40.09;6.79;745.46;0.00;0.00;0.00
01.02.2021;19:05:38;3.31;40.08;6.78;745.46;0.00;0.00;0.00
01.02.2021;19:06:38;3.32;40.12;6.79;745.44;0.00;0.00;0.00
01.02.2021;19:07:38;3.33;40.05;6.77;745.43;0.00;0.00;0.00
01.02.2021;19:08:38;3.32;39.95;6.74;745.44;0.00;0.00;0.00
01.02.2021;19:09:38;3.32;40.02;6.75;745.44;0.00;0.00;0.00
01.02.2021;19:10:38;3.32;40.05;6.77;745.45;0.00;0.00;0.00
01.02.2021;19:11:38;3.24;40.11;6.77;745.45;0.00;0.00;0.00
01.02.2021;19:12:38;3.28;40.30;6.77;745.44;0.00;0.00;0.00
01.02.2021;19:13:38;3.25;40.15;6.77;745.45;0.00;0.00;0.00
01.02.2021;19:14:38;3.22;39.88;6.73;745.47;0.00;0.00;0.00
01.02.2021;19:15:38;3.22;39.79;6.71;745.48;0.00;0.00;0.00
01.02.2021;19:16:38;3.33;39.77;6.69;745.47;0.00;0.00;0.00
01.02.2021;19:17:38;3.31;39.69;6.66;745.49;0.00;0.00;0.00
01.02.2021;19:18:38;3.26;39.73;6.64;745.48;0.00;0.00;0.00
01.02.2021;19:19:38;3.24;39.79;6.62;745.47;0.00;0.00;0.00
01.02.2021;19:20:38;3.25;39.77;6.59;745.47;0.00;0.00;0.00
01.02.2021;19:21:38;3.22;39.97;6.60;745.46;0.00;0.00;0.00
01.02.2021;19:22:38;3.24;39.95;6.59;745.49;0.00;0.00;0.00
01.02.2021;19:23:38;3.23;40.13;6.60;745.49;0.00;0.00;0.00
01.02.2021;19:24:38;3.24;39.85;6.57;745.49;0.00;0.00;0.00
01.02.2021;19:25:38;3.24;39.85;6.55;745.50;0.00;0.00;0.00
01.02.2021;19:26:38;3.16;39.84;6.54;745.50;0.00;0.00;0.00
01.02.2021;19:27:38;3.14;39.83;6.52;745.50;0.00;0.00;0.00
01.02.2021;19:28:38;3.22;39.82;6.51;745.49;0.00;0.00;0.00
01.02.2021;19:29:38;3.22;39.98;6.52;745.51;0.00;0.00;0.00
01.02.2021;19:30:38;3.07;39.98;6.52;745.53;0.00;0.00;0.00
01.02.2021;19:31:39;2.99;39.83;6.50;745.55;0.00;0.00;0.00
01.02.2021;19:32:39;3.04;39.86;6.48;745.56;0.00;0.00;0.00
01.02.2021;19:33:39;3.03;39.95;6.49;745.56;0.00;0.00;0.00
01.02.2021;19:34:39;2.92;39.89;6.49;745.58;0.00;0.00;0.00
01.02.2021;19:35:39;3.01;39.92;6.49;745.56;0.00;0.00;0.00
01.02.2021;19:36:39;3.03;39.82;6.48;745.57;0.00;0.00;0.00
01.02.2021;19:37:39;2.91;39.77;6.48;745.56;0.00;0.00;0.00
01.02.2021;19:38:39;2.99;39.76;6.46;745.56;0.00;0.00;0.00
01.02.2021;19:39:39;2.89;39.77;6.45;745.55;0.00;0.00;0.00
01.02.2021;19:40:39;2.88;39.68;6.43;745.54;0.00;0.00;0.00
01.02.2021;19:41:39;2.79;39.71;6.43;745.54;0.00;0.00;0.00
01.02.2021;19:42:39;2.86;39.74;6.42;745.54;0.00;0.00;0.00
01.02.2021;19:43:39;2.90;39.72;6.41;745.54;0.00;0.00;0.00
01.02.2021;19:44:39;2.94;39.80;6.42;745.55;0.00;0.00;0.00
01.02.2021;19:45:39;2.96;39.85;6.42;745.56;0.00;0.00;0.00
01.02.2021;19:46:39;2.97;39.72;6.41;745.57;0.00;0.00;0.00
01.02.2021;19:47:39;2.93;39.79;6.42;745.57;0.00;0.00;0.00
01.02.2021;19:48:39;2.78;39.77;6.42;745.59;0.00;0.00;0.00
01.02.2021;19:49:39;2.77;39.85;6.43;745.58;0.00;0.00;0.00
01.02.2021;19:50:39;2.82;39.74;6.42;745.58;0.00;0.00;0.00
01.02.2021;19:51:39;2.81;39.70;6.44;745.58;0.00;0.00;0.00
01.02.2021;19:52:39;2.99;39.65;6.42;745.59;0.00;0.00;0.00
01.02.2021;19:53:39;2.90;39.56;6.41;745.59;0.00;0.00;0.00
01.02.2021;19:54:39;2.68;39.52;6.39;745.58;0.00;0.00;0.00
01.02.2021;19:55:39;2.89;39.52;6.37;745.59;0.00;0.00;0.00
01.02.2021;19:56:39;2.83;39.64;6.37;745.61;0.00;0.00;0.00
01.02.2021;19:57:39;2.78;39.54;6.36;745.62;0.00;0.00;0.00
01.02.2021;19:58:39;2.69;39.61;6.36;745.61;0.00;0.00;0.00
01.02.2021;19:59:39;2.71;39.64;6.36;745.61;0.00;0.00;0.00
01.02.2021;20:00:39;2.60;39.64;6.36;745.60;0.00;0.00;0.00
01.02.2021;20:01:39;2.56;39.57;6.34;745.60;0.00;0.00;0.00
01.02.2021;20:02:39;2.68;39.53;6.34;745.58;0.00;0.00;0.00
01.02.2021;20:03:39;2.67;39.60;6.33;745.60;0.00;0.00;0.00
01.02.2021;20:04:39;2.65;39.53;6.32;745.60;0.00;0.00;0.00
01.02.2021;20:05:39;2.60;39.65;6.33;745.61;0.00;0.00;0.00
01.02.2021;20:06:39;2.54;39.64;6.33;745.60;0.00;0.00;0.00
01.02.2021;20:07:39;2.58;39.55;6.32;745.61;0.00;0.00;0.00
01.02.2021;20:08:39;2.57;39.55;6.31;745.61;0.00;0.00;0.00
01.02.2021;20:09:40;2.57;39.66;6.33;745.61;0.00;0.00;0.00
01.02.2021;20:10:40;2.50;39.66;6.33;745.61;0.00;0.00;0.00
01.02.2021;20:11:40;2.51;39.77;6.34;745.61;0.00;0.00;0.00
01.02.2021;20:12:40;2.54;39.69;6.35;745.62;0.00;0.00;0.00
01.02.2021;20:13:40;2.56;39.51;6.32;745.64;0.00;0.00;0.00
01.02.2021;20:14:40;2.53;39.56;6.32;745.64;0.00;0.00;0.00
01.02.2021;20:15:40;2.54;39.60;6.32;745.65;0.00;0.00;0.00
01.02.2021;20:16:40;2.63;39.59;6.33;745.67;0.00;0.00;0.00
01.02.2021;20:17:40;2.60;39.61;6.32;745.69;0.00;0.00;0.00
01.02.2021;20:18:40;2.67;39.59;6.33;745.70;0.00;0.00;0.00
01.02.2021;20:19:40;2.74;39.45;6.30;745.71;0.00;0.00;0.00
01.02.2021;20:20:40;2.63;39.45;6.28;745.70;0.00;0.00;0.00
01.02.2021;20:21:40;2.54;39.46;6.29;745.71;0.00;0.00;0.00
01.02.2021;20:22:40;2.61;39.42;6.27;745.73;0.00;0.00;0.00
01.02.2021;20:23:40;2.67;39.46;6.27;745.73;0.00;0.00;0.00
01.02.2021;20:24:40;2.60;39.48;6.26;745.74;0.00;0.00;0.00
01.02.2021;20:25:40;2.57;39.49;6.28;745.75;0.00;0.00;0.00
01.02.2021;20:26:40;2.60;39.51;6.26;745.75;0.00;0.00;0.00
01.02.2021;20:27:40;2.57;39.52;6.27;745.76;0.00;0.00;0.00
01.02.2021;20:28:40;2.51;39.51;6.27;745.77;0.00;0.00;0.00
01.02.2021;20:29:40;2.56;39.45;6.25;745.78;0.00;0.00;0.00
01.02.2021;20:30:40;2.50;39.46;6.25;745.77;0.00;0.00;0.00
01.02.2021;20:31:40;2.50;39.39;6.24;745.78;0.00;0.00;0.00
01.02.2021;20:32:40;2.50;39.42;6.23;745.79;0.00;0.00;0.00
01.02.2021;20:33:40;2.50;39.42;6.22;745.79;0.00;0.00;0.00
01.02.2021;20:34:40;2.50;39.40;6.22;745.81;0.00;0.00;0.00
01.02.2021;20:35:40;2.50;39.47;6.22;745.83;0.00;0.00;0.00
01.02.2021;20:36:40;2.50;39.51;6.24;745.84;0.00;0.00;0.00
01.02.2021;20:37:40;2.53;39.49;6.22;745.85;0.00;0.00;0.00
01.02.2021;20:38:40;2.50;39.50;6.23;745.85;0.00;0.00;0.00
01.02.2021;20:39:40;2.50;39.49;6.23;745.86;0.00;0.00;0.00
01.02.2021;20:40:40;2.53;39.49;6.23;745.86;0.00;0.00;0.00
01.02.2021;20:41:40;2.50;39.55;6.25;745.87;0.00;0.00;0.00
01.02.2021;20:42:40;2.50;39.75;6.28;745.89;0.00;0.00;0.00
01.02.2021;20:43:40;2.51;39.57;6.27;745.89;0.00;0.00;0.00
01.02.2021;20:44:40;2.50;39.43;6.27;745.88;0.00;0.00;0.00
01.02.2021;20:45:40;2.50;39.41;6.28;745.89;0.00;0.00;0.00
01.02.2021;20:46:40;2.50;39.36;6.27;745.89;0.00;0.00;0.00
01.02.2021;20:47:40;2.50;39.34;6.27;745.89;0.00;0.00;0.00
01.02.2021;20:48:41;2.50;39.27;6.24;745.90;0.00;0.00;0.00
01.02.2021;20:49:41;2.50;39.25;6.21;745.93;0.00;0.00;0.00
01.02.2021;20:50:41;2.50;39.33;6.21;745.91;0.00;0.00;0.00
01.02.2021;20:51:41;2.53;39.37;6.21;745.90;0.00;0.00;0.00
01.02.2021;20:52:41;2.50;39.45;6.23;745.91;0.00;0.00;0.00
01.02.2021;20:53:41;2.50;39.43;6.23;745.92;0.00;0.00;0.00
01.02.2021;20:54:41;2.53;39.26;6.19;745.93;0.00;0.00;0.00
01.02.2021;20:55:41;2.50;39.32;6.21;745.93;0.00;0.00;0.00
01.02.2021;20:56:41;2.50;39.35;6.20;745.94;0.00;0.00;0.00
01.02.2021;20:57:41;2.51;39.31;6.19;745.97;0.00;0.00;0.00
01.02.2021;20:58:41;2.50;39.27;6.18;745.97;0.00;0.00;0.00
01.02.2021;20:59:41;2.50;39.31;6.17;745.98;0.00;0.00;0.00
01.02.2021;21:00:41;2.50;39.44;6.19;745.99;0.00;0.00;0.00
01.02.2021;21:01:41;2.50;39.43;6.19;745.99;0.00;0.00;0.00
01.02.2021;21:02:41;2.50;39.30;6.17;745.99;0.00;0.00;0.00
01.02.2021;21:03:41;2.50;39.12;6.12;745.99;0.00;0.00;0.00
01.02.2021;21:04:41;2.50;39.29;6.11;745.99;0.00;0.00;0.00
01.02.2021;21:05:41;2.53;39.38;6.12;746.00;0.00;0.00;0.00
01.02.2021;21:06:41;2.50;39.31;6.09;746.02;0.00;0.00;0.00
01.02.2021;21:07:41;2.50;39.35;6.08;746.04;0.00;0.00;0.00
01.02.2021;21:08:41;2.53;39.40;6.07;746.05;0.00;0.00;0.00
01.02.2021;21:09:41;2.50;39.47;6.08;746.06;0.00;0.00;0.00
01.02.2021;21:10:41;2.50;39.35;6.06;746.08;0.00;0.00;0.00
01.02.2021;21:11:41;2.51;39.32;6.05;746.08;0.00;0.00;0.00
01.02.2021;21:12:41;2.50;39.40;6.05;746.09;0.00;0.00;0.00
01.02.2021;21:13:41;2.50;39.45;6.05;746.10;0.00;0.00;0.00
01.02.2021;21:14:41;2.50;39.46;6.05;746.10;0.00;0.00;0.00
01.02.2021;21:15:41;2.50;39.50;6.04;746.12;0.00;0.00;0.00
01.02.2021;21:16:41;2.50;39.45;6.03;746.11;0.00;0.00;0.00
01.02.2021;21:17:41;2.50;39.65;6.06;746.09;0.00;0.00;0.00
01.02.2021;21:18:41;2.50;39.59;6.07;746.12;0.00;0.00;0.00
01.02.2021;21:19:41;2.53;39.56;6.07;746.12;0.00;0.00;0.00
01.02.2021;21:20:41;2.50;39.47;6.06;746.16;0.00;0.00;0.00
01.02.2021;21:21:41;2.50;39.51;6.07;746.17;0.00;0.00;0.00
01.02.2021;21:22:41;2.53;39.36;6.04;746.19;0.00;0.00;0.00
01.02.2021;21:23:41;2.50;39.33;6.04;746.20;0.00;0.00;0.00
01.02.2021;21:24:41;2.50;39.41;6.04;746.22;0.00;0.00;0.00
01.02.2021;21:25:41;2.51;39.36;6.02;746.23;0.00;0.00;0.00
01.02.2021;21:26:42;2.50;39.37;6.02;746.25;0.00;0.00;0.00
01.02.2021;21:27:42;2.50;39.41;6.02;746.26;0.00;0.00;0.00
01.02.2021;21:28:42;2.50;39.38;6.01;746.28;0.00;0.00;0.00
01.02.2021;21:29:42;2.50;39.39;6.01;746.29;0.00;0.00;0.00
01.02.2021;21:30:42;2.50;39.46;6.02;746.31;0.00;0.00;0.00
01.02.2021;21:31:42;2.50;39.47;6.02;746.33;0.00;0.00;0.00
01.02.2021;21:32:42;2.50;39.34;6.00;746.36;0.00;0.00;0.00
01.02.2021;21:33:42;2.53;39.34;6.01;746.36;0.00;0.00;0.00
01.02.2021;21:34:42;2.50;39.40;6.02;746.37;0.00;0.00;0.00
01.02.2021;21:35:42;2.50;39.36;6.02;746.38;0.00;0.00;0.00
01.02.2021;21:36:42;2.53;39.30;6.00;746.39;0.00;0.00;0.00
01.02.2021;21:37:42;2.50;39.36;6.02;746.40;0.00;0.00;0.00
01.02.2021;21:38:42;2.50;39.30;6.01;746.40;0.00;0.00;0.00
01.02.2021;21:39:42;2.51;39.28;6.02;746.42;0.00;0.00;0.00
01.02.2021;21:40:42;2.50;39.23;6.01;746.43;0.00;0.00;0.00
01.02.2021;21:41:42;2.50;39.30;6.00;746.45;0.00;0.00;0.00
01.02.2021;21:42:42;2.50;39.25;6.00;746.46;0.00;0.00;0.00
01.02.2021;21:43:42;2.50;39.28;6.02;746.45;0.00;0.00;0.00
01.02.2021;21:44:42;2.50;39.28;6.03;746.46;0.00;0.00;0.00
01.02.2021;21:45:42;2.50;39.30;6.05;746.46;0.00;0.00;0.00
01.02.2021;21:46:42;2.50;39.33;6.05;746.46;0.00;0.00;0.00
01.02.2021;21:47:42;2.53;39.35;6.07;746.46;0.00;0.00;0.00
01.02.2021;21:48:42;2.50;39.17;6.05;746.47;0.00;0.00;0.00
01.02.2021;21:49:42;2.50;39.24;6.06;746.48;0.00;0.00;0.00
01.02.2021;21:50:42;2.53;39.24;6.07;746.52;0.00;0.00;0.00
01.02.2021;21:51:42;2.51;39.28;6.09;746.52;0.00;0.00;0.00
01.02.2021;21:52:42;2.50;39.47;6.11;746.52;0.00;0.00;0.00
01.02.2021;21:53:42;2.51;39.19;6.09;746.53;0.00;0.00;0.00
01.02.2021;21:54:42;2.50;39.07;6.08;746.51;0.00;0.00;0.00
01.02.2021;21:55:42;2.50;39.18;6.11;746.53;0.00;0.00;0.00
01.02.2021;21:56:42;2.50;39.33;6.13;746.52;0.00;0.00;0.00
01.02.2021;21:57:42;2.50;39.33;6.15;746.52;0.00;0.00;0.00
01.02.2021;21:58:42;2.50;39.32;6.16;746.53;0.00;0.00;0.00
01.02.2021;21:59:42;2.50;39.21;6.16;746.54;0.00;0.00;0.00
01.02.2021;22:00:42;2.50;39.22;6.17;746.51;0.00;0.00;0.00
01.02.2021;22:01:42;2.53;38.99;6.17;746.52;0.00;0.00;0.00
01.02.2021;22:02:42;2.50;38.96;6.17;746.51;0.00;0.00;0.00
01.02.2021;22:03:42;2.50;38.96;6.17;746.50;0.00;0.00;0.00
01.02.2021;22:04:42;2.53;38.86;6.15;746.52;0.00;0.00;0.00
01.02.2021;22:05:43;2.50;38.88;6.14;746.51;0.00;0.00;0.00
01.02.2021;22:06:43;2.50;38.92;6.14;746.54;0.00;0.00;0.00
01.02.2021;22:07:43;2.51;38.92;6.13;746.53;0.00;0.00;0.00
01.02.2021;22:08:43;2.50;38.99;6.14;746.56;0.00;0.00;0.00
01.02.2021;22:09:43;2.50;38.88;6.12;746.57;0.00;0.00;0.00
01.02.2021;22:10:43;2.50;38.96;6.13;746.56;0.00;0.00;0.00
01.02.2021;22:11:43;2.50;38.83;6.12;746.57;0.00;0.00;0.00
01.02.2021;22:12:43;2.50;38.89;6.11;746.58;0.00;0.00;0.00
01.02.2021;22:13:43;2.50;38.87;6.09;746.60;0.00;0.00;0.00
01.02.2021;22:14:43;2.50;38.93;6.10;746.62;0.00;0.00;0.00
01.02.2021;22:15:43;2.53;38.94;6.09;746.64;0.00;0.00;0.00
01.02.2021;22:16:43;2.50;38.94;6.08;746.65;0.00;0.00;0.00
01.02.2021;22:17:43;2.50;39.06;6.09;746.65;0.00;0.00;0.00
01.02.2021;22:18:43;2.53;39.11;6.09;746.65;0.00;0.00;0.00
01.02.2021;22:19:43;2.50;38.89;6.07;746.65;0.00;0.00;0.00
01.02.2021;22:20:43;2.50;38.84;6.06;746.66;0.00;0.00;0.00
01.02.2021;22:21:43;2.51;38.85;6.06;746.67;0.00;0.00;0.00
01.02.2021;22:22:43;2.50;38.84;6.05;746.68;0.00;0.00;0.00
01.02.2021;22:23:43;2.50;38.81;6.04;746.69;0.00;0.00;0.00
01.02.2021;22:24:43;2.50;38.86;6.03;746.70;0.00;0.00;0.00
01.02.2021;22:25:43;2.50;38.93;6.03;746.71;0.00;0.00;0.00
01.02.2021;22:26:43;2.50;38.81;5.99;746.73;0.00;0.00;0.00
01.02.2021;22:27:43;2.50;38.76;5.97;746.73;0.00;0.00;0.00
01.02.2021;22:28:43;2.50;38.83;5.97;746.73;0.00;0.00;0.00
01.02.2021;22:29:43;2.53;38.90;5.99;746.74;0.00;0.00;0.00
01.02.2021;22:30:43;2.50;38.80;5.96;746.73;0.00;0.00;0.00
01.02.2021;22:31:43;2.50;38.80;5.94;746.73;0.00;0.00;0.00
01.02.2021;22:32:43;2.53;38.85;5.95;746.73;0.00;0.00;0.00
01.02.2021;22:33:43;2.50;38.96;5.96;746.74;0.00;0.00;0.00
01.02.2021;22:34:43;2.50;38.90;5.95;746.75;0.00;0.00;0.00
01.02.2021;22:35:43;2.51;38.79;5.92;746.76;0.00;0.00;0.00
01.02.2021;22:36:43;2.50;38.79;5.92;746.78;0.00;0.00;0.00
01.02.2021;22:37:43;2.50;38.92;5.92;746.79;0.00;0.00;0.00
01.02.2021;22:38:43;2.50;38.92;5.92;746.81;0.00;0.00;0.00
01.02.2021;22:39:43;2.50;38.87;5.92;746.84;0.00;0.00;0.00
01.02.2021;22:40:43;2.50;38.91;5.94;746.84;0.00;0.00;0.00
01.02.2021;22:41:43;2.50;38.85;5.92;746.86;0.00;0.00;0.00
01.02.2021;22:42:43;2.50;38.80;5.91;746.87;0.00;0.00;0.00
01.02.2021;22:43:44;2.53;38.75;5.89;746.88;0.00;0.00;0.00
01.02.2021;22:44:44;2.50;38.73;5.87;746.91;0.00;0.00;0.00
01.02.2021;22:45:44;2.50;38.85;5.89;746.93;0.00;0.00;0.00
01.02.2021;22:46:44;2.53;38.95;5.92;746.94;0.00;0.00;0.00
01.02.2021;22:47:44;2.50;38.80;5.90;746.95;0.00;0.00;0.00
01.02.2021;22:48:44;2.50;38.68;5.88;746.95;0.00;0.00;0.00
01.02.2021;22:49:44;2.51;38.75;5.89;746.95;0.00;0.00;0.00
01.02.2021;22:50:44;2.50;38.81;5.90;746.94;0.00;0.00;0.00
01.02.2021;22:51:44;2.50;38.69;5.88;746.95;0.00;0.00;0.00
01.02.2021;22:52:44;2.50;38.61;5.87;746.96;0.00;0.00;0.00
01.02.2021;22:53:44;2.50;38.78;5.88;746.95;0.00;0.00;0.00
01.02.2021;22:54:44;2.50;38.77;5.89;746.95;0.00;0.00;0.00
01.02.2021;22:55:44;2.50;38.75;5.88;746.96;0.00;0.00;0.00
01.02.2021;22:56:44;2.50;38.70;5.88;746.97;0.00;0.00;0.00
01.02.2021;22:57:44;2.53;38.76;5.89;746.97;0.00;0.00;0.00
01.02.2021;22:58:44;2.50;38.58;5.85;746.99;0.00;0.00;0.00
01.02.2021;22:59:44;2.50;38.60;5.85;747.01;0.00;0.00;0.00
01.02.2021;23:00:44;2.53;38.64;5.85;747.00;0.00;0.00;0.00
01.02.2021;23:01:44;2.50;38.76;5.85;747.02;0.00;0.00;0.00
01.02.2021;23:02:44;2.50;38.82;5.85;747.04;0.00;0.00;0.00
01.02.2021;23:03:44;2.51;38.68;5.84;747.05;0.00;0.00;0.00
01.02.2021;23:04:44;2.50;38.86;5.84;747.04;0.00;0.00;0.00
01.02.2021;23:05:44;2.50;38.87;5.84;747.05;0.00;0.00;0.00
01.02.2021;23:06:44;2.50;38.68;5.82;747.05;0.00;0.00;0.00
01.02.2021;23:07:44;2.50;38.71;5.83;747.06;0.00;0.00;0.00
01.02.2021;23:08:44;2.50;38.68;5.83;747.07;0.00;0.00;0.00
01.02.2021;23:09:44;2.50;38.61;5.81;747.07;0.00;0.00;0.00
01.02.2021;23:10:44;2.50;38.67;5.82;747.08;0.00;0.00;0.00
01.02.2021;23:11:44;2.53;38.73;5.82;747.10;0.00;0.00;0.00
01.02.2021;23:12:44;2.50;38.70;5.80;747.11;0.00;0.00;0.00
01.02.2021;23:13:44;2.50;38.61;5.79;747.13;0.00;0.00;0.00
01.02.2021;23:14:44;2.53;38.60;5.78;747.11;0.00;0.00;0.00
01.02.2021;23:15:44;2.50;38.70;5.80;747.11;0.00;0.00;0.00
01.02.2021;23:16:44;2.50;38.67;5.78;747.11;0.00;0.00;0.00
01.02.2021;23:17:44;2.51;38.70;5.80;747.11;0.00;0.00;0.00
01.02.2021;23:18:44;2.50;38.68;5.79;747.14;0.00;0.00;0.00
01.02.2021;23:19:44;2.50;38.71;5.79;747.15;0.00;0.00;0.00
01.02.2021;23:20:44;2.50;38.64;5.80;747.16;0.00;0.00;0.00
01.02.2021;23:21:44;2.50;38.58;5.79;747.16;0.00;0.00;0.00
01.02.2021;23:22:45;2.50;38.65;5.79;747.20;0.00;0.00;0.00
01.02.2021;23:23:45;2.50;38.68;5.81;747.20;0.00;0.00;0.00
01.02.2021;23:24:45;2.50;38.90;5.82;747.22;0.00;0.00;0.00
01.02.2021;23:25:45;2.53;38.67;5.80;747.23;0.00;0.00;0.00
01.02.2021;23:26:45;2.50;38.62;5.81;747.23;0.00;0.00;0.00
01.02.2021;23:27:45;2.50;38.62;5.81;747.24;0.00;0.00;0.00
01.02.2021;23:28:45;2.53;38.70;5.82;747.25;0.00;0.00;0.00
01.02.2021;23:29:45;2.50;38.69;5.83;747.23;0.00;0.00;0.00
01.02.2021;23:30:45;2.50;38.54;5.82;747.27;0.00;0.00;0.00
01.02.2021;23:31:45;2.51;38.43;5.81;747.26;0.00;0.00;0.00
01.02.2021;23:32:45;2.50;38.36;5.80;747.24;0.00;0.00;0.00
01.02.2021;23:33:45;2.50;38.48;5.81;747.25;0.00;0.00;0.00
01.02.2021;23:34:45;2.50;38.47;5.80;747.25;0.00;0.00;0.00
01.02.2021;23:35:45;2.50;38.59;5.80;747.24;0.00;0.00;0.00
01.02.2021;23:36:45;2.50;38.58;5.79;747.24;0.00;0.00;0.00
01.02.2021;23:37:45;2.50;38.59;5.79;747.24;0.00;0.00;0.00
01.02.2021;23:38:45;2.50;38.57;5.80;747.24;0.00;0.00;0.00
01.02.2021;23:39:45;2.53;38.40;5.77;747.25;0.00;0.00;0.00
01.02.2021;23:40:45;2.50;38.48;5.78;747.23;0.00;0.00;0.00
01.02.2021;23:41:45;2.50;38.62;5.79;747.26;0.00;0.00;0.00
01.02.2021;23:42:45;2.53;38.68;5.79;747.26;0.00;0.00;0.00
01.02.2021;23:43:45;2.50;38.60;5.79;747.28;0.00;0.00;0.00
01.02.2021;23:44:45;2.50;38.80;5.80;747.29;0.00;0.00;0.00
01.02.2021;23:45:45;2.51;38.47;5.80;747.29;0.00;0.00;0.00
01.02.2021;23:46:45;2.50;38.46;5.81;747.31;0.00;0.00;0.00
01.02.2021;23:47:45;2.50;38.47;5.80;747.32;0.00;0.00;0.00
01.02.2021;23:48:45;2.50;38.29;5.78;747.35;0.00;0.00;0.00
01.02.2021;23:49:45;2.50;38.41;5.79;747.37;0.00;0.00;0.00
01.02.2021;23:50:45;2.50;38.45;5.79;747.39;0.00;0.00;0.00
01.02.2021;23:51:45;2.50;38.40;5.79;747.40;0.00;0.00;0.00
01.02.2021;23:52:45;2.50;38.22;5.76;747.39;0.00;0.00;0.00
01.02.2021;23:53:45;2.53;38.30;5.77;747.40;0.00;0.00;0.00
01.02.2021;23:54:45;2.50;38.25;5.76;747.43;0.00;0.00;0.00
01.02.2021;23:55:45;2.50;38.41;5.77;747.42;0.00;0.00;0.00
01.02.2021;23:56:45;2.53;38.24;5.75;747.44;0.00;0.00;0.00
01.02.2021;23:57:45;2.50;38.16;5.74;747.44;0.00;0.00;0.00
01.02.2021;23:58:45;2.50;38.20;5.73;747.45;0.00;0.00;0.00
01.02.2021;23:59:45;2.51;38.47;5.75;747.44;0.00;0.00;0.00
