01.12.2020;0:00:39;3.33;41.05;13.29;759.66;0.00;0.00;0.00
01.12.2020;0:01:39;3.33;40.38;13.29;759.67;0.00;0.00;0.00
01.12.2020;0:02:39;3.33;40.78;13.28;759.68;0.00;0.00;0.00
01.12.2020;0:03:39;3.33;40.56;13.28;759.68;0.00;0.00;0.00
01.12.2020;0:04:39;3.33;40.06;13.26;759.69;0.00;0.00;0.00
01.12.2020;0:05:39;3.33;39.72;13.23;759.69;0.00;0.00;0.00
01.12.2020;0:06:39;3.35;40.79;13.21;759.68;0.00;0.00;0.00
01.12.2020;0:07:39;3.33;40.84;13.22;759.67;0.00;0.00;0.00
01.12.2020;0:08:39;3.33;40.93;13.24;759.67;0.00;0.00;0.00
01.12.2020;0:09:39;3.36;40.86;13.24;759.66;0.00;0.00;0.00
01.12.2020;0:10:39;3.33;40.87;13.24;759.66;0.00;0.00;0.00
01.12.2020;0:11:40;3.33;40.39;13.24;759.66;0.00;0.00;0.00
01.12.2020;0:12:40;3.35;39.64;13.22;759.65;0.00;0.00;0.00
01.12.2020;0:13:40;3.33;40.52;13.21;759.64;0.00;0.00;0.00
01.12.2020;0:14:40;3.33;39.36;13.20;759.65;0.00;0.00;0.00
01.12.2020;0:15:40;3.33;38.83;13.15;759.65;0.00;0.00;0.00
01.12.2020;0:16:40;3.33;38.84;13.12;759.64;0.00;0.00;0.00
01.12.2020;0:17:40;3.33;38.86;13.09;759.64;0.00;0.00;0.00
01.12.2020;0:18:40;3.33;38.70;13.04;759.66;0.00;0.00;0.00
01.12.2020;0:19:40;3.33;38.48;13.01;759.66;0.00;0.00;0.00
01.12.2020;0:20:40;3.35;39.07;12.99;759.67;0.00;0.00;0.00
01.12.2020;0:21:40;3.33;39.69;12.98;759.66;0.00;0.00;0.00
01.12.2020;0:22:40;3.33;39.21;12.98;759.65;0.00;0.00;0.00
01.12.2020;0:23:40;3.36;39.46;12.97;759.63;0.00;0.00;0.00
01.12.2020;0:24:40;3.33;38.85;12.94;759.61;0.00;0.00;0.00
01.12.2020;0:25:40;3.33;38.88;12.92;759.58;0.00;0.00;0.00
01.12.2020;0:26:40;3.35;39.16;12.90;759.58;0.00;0.00;0.00
01.12.2020;0:27:40;3.33;39.60;12.90;759.58;0.00;0.00;0.00
01.12.2020;0:28:40;3.33;38.88;12.85;759.58;0.00;0.00;0.00
01.12.2020;0:29:40;3.33;38.45;12.80;759.58;0.00;0.00;0.00
01.12.2020;0:30:40;3.33;38.51;12.77;759.59;0.00;0.00;0.00
01.12.2020;0:31:40;3.33;40.03;12.78;759.58;0.00;0.00;0.00
01.12.2020;0:32:40;3.33;39.30;12.79;759.59;0.00;0.00;0.00
01.12.2020;0:33:40;3.33;39.85;12.79;759.60;0.00;0.00;0.00
01.12.2020;0:34:40;3.35;40.38;12.79;759.58;0.00;0.00;0.00
01.12.2020;0:35:40;3.33;39.64;12.79;759.58;0.00;0.00;0.00
01.12.2020;0:36:40;3.33;38.84;12.73;759.59;0.00;0.00;0.00
01.12.2020;0:37:40;3.36;39.06;12.71;759.60;0.00;0.00;0.00
01.12.2020;0:38:40;3.33;39.53;12.70;759.61;0.00;0.00;0.00
01.12.2020;0:39:40;3.33;39.17;12.68;759.62;0.00;0.00;0.00
01.12.2020;0:40:40;3.35;39.26;12.66;759.61;0.00;0.00;0.00
01.12.2020;0:41:40;3.33;40.33;12.67;759.61;0.00;0.00;0.00
01.12.2020;0:42:41;3.33;39.90;12.67;759.63;0.00;0.00;0.00
01.12.2020;0:43:41;3.33;40.87;12.69;759.64;0.00;0.00;0.00
01.12.2020;0:44:41;3.33;40.19;12.70;759.64;0.00;0.00;0.00
01.12.2020;0:45:41;3.33;39.88;12.69;759.65;0.00;0.00;0.00
01.12.2020;0:46:41;3.33;39.43;12.67;759.64;0.00;0.00;0.00
01.12.2020;0:47:41;3.33;39.16;12.65;759.63;0.00;0.00;0.00
01.12.2020;0:48:41;3.35;39.30;12.63;759.63;0.00;0.00;0.00
01.12.2020;0:49:41;3.33;39.27;12.63;759.61;0.00;0.00;0.00
01.12.2020;0:50:41;3.33;39.42;12.62;759.61;0.00;0.00;0.00
01.12.2020;0:51:41;3.36;39.70;12.62;759.58;0.00;0.00;0.00
01.12.2020;0:52:41;3.33;39.69;12.62;759.55;0.00;0.00;0.00
01.12.2020;0:53:41;3.33;40.50;12.64;759.53;0.00;0.00;0.00
01.12.2020;0:54:41;3.35;39.58;12.64;759.53;0.00;0.00;0.00
01.12.2020;0:55:41;3.33;39.49;12.63;759.52;0.00;0.00;0.00
01.12.2020;0:56:41;3.33;39.68;12.63;759.52;0.00;0.00;0.00
01.12.2020;0:57:41;3.33;40.05;12.63;759.52;0.00;0.00;0.00
01.12.2020;0:58:41;3.33;39.75;12.63;759.55;0.00;0.00;0.00
01.12.2020;0:59:41;3.33;39.45;12.61;759.56;0.00;0.00;0.00
01.12.2020;1:00:41;3.33;39.99;12.60;759.56;0.00;0.00;0.00
01.12.2020;1:01:41;3.33;40.27;12.61;759.56;0.00;0.00;0.00
01.12.2020;1:02:41;3.35;39.94;12.61;759.55;0.00;0.00;0.00
01.12.2020;1:03:41;3.33;40.23;12.61;759.53;0.00;0.00;0.00
01.12.2020;1:04:41;3.33;39.85;12.60;759.52;0.00;0.00;0.00
01.12.2020;1:05:41;3.36;40.13;12.62;759.51;0.00;0.00;0.00
01.12.2020;1:06:41;3.33;39.46;12.60;759.50;0.00;0.00;0.00
01.12.2020;1:07:41;3.33;39.93;12.59;759.50;0.00;0.00;0.00
01.12.2020;1:08:41;3.35;39.83;12.58;759.51;0.00;0.00;0.00
01.12.2020;1:09:41;3.33;39.48;12.57;759.53;0.00;0.00;0.00
01.12.2020;1:10:41;3.33;39.40;12.55;759.53;0.00;0.00;0.00
01.12.2020;1:11:41;3.33;39.46;12.52;759.55;0.00;0.00;0.00
01.12.2020;1:12:42;3.33;38.97;12.48;759.55;0.00;0.00;0.00
01.12.2020;1:13:42;3.33;39.22;12.48;759.51;0.00;0.00;0.00
01.12.2020;1:14:42;3.33;39.26;12.48;759.50;0.00;0.00;0.00
01.12.2020;1:15:42;3.33;39.76;12.47;759.47;0.00;0.00;0.00
01.12.2020;1:16:42;3.35;40.27;12.49;759.46;0.00;0.00;0.00
01.12.2020;1:17:42;3.33;39.30;12.48;759.47;0.00;0.00;0.00
01.12.2020;1:18:42;3.33;39.45;12.46;759.48;0.00;0.00;0.00
01.12.2020;1:19:42;3.36;40.04;12.47;759.49;0.00;0.00;0.00
01.12.2020;1:20:42;3.33;39.73;12.46;759.51;0.00;0.00;0.00
01.12.2020;1:21:42;3.33;40.14;12.47;759.51;0.00;0.00;0.00
01.12.2020;1:22:42;3.35;39.95;12.47;759.50;0.00;0.00;0.00
01.12.2020;1:23:42;3.33;39.93;12.48;759.49;0.00;0.00;0.00
01.12.2020;1:24:42;3.33;40.05;12.47;759.50;0.00;0.00;0.00
01.12.2020;1:25:42;3.33;40.65;12.48;759.51;0.00;0.00;0.00
01.12.2020;1:26:42;3.33;41.37;12.52;759.51;0.00;0.00;0.00
01.12.2020;1:27:42;3.33;41.14;12.55;759.53;0.00;0.00;0.00
01.12.2020;1:28:42;3.33;41.37;12.58;759.54;0.00;0.00;0.00
01.12.2020;1:29:42;3.33;40.10;12.58;759.55;0.00;0.00;0.00
01.12.2020;1:30:42;3.35;40.82;12.57;759.56;0.00;0.00;0.00
01.12.2020;1:31:42;3.33;40.08;12.57;759.56;0.00;0.00;0.00
01.12.2020;1:32:42;3.33;39.95;12.55;759.57;0.00;0.00;0.00
01.12.2020;1:33:42;3.36;40.98;12.56;759.56;0.00;0.00;0.00
01.12.2020;1:34:42;3.33;41.46;12.60;759.55;0.00;0.00;0.00
01.12.2020;1:35:42;3.33;40.55;12.62;759.55;0.00;0.00;0.00
01.12.2020;1:36:42;3.35;41.27;12.63;759.55;0.00;0.00;0.00
01.12.2020;1:37:42;3.33;40.37;12.65;759.53;0.00;0.00;0.00
01.12.2020;1:38:42;3.33;39.98;12.62;759.51;0.00;0.00;0.00
01.12.2020;1:39:42;3.33;40.29;12.63;759.50;0.00;0.00;0.00
01.12.2020;1:40:42;3.33;41.02;12.63;759.48;0.00;0.00;0.00
01.12.2020;1:41:42;3.33;40.22;12.65;759.46;0.00;0.00;0.00
01.12.2020;1:42:42;3.33;40.07;12.64;759.49;0.00;0.00;0.00
01.12.2020;1:43:42;3.33;39.94;12.64;759.50;0.00;0.00;0.00
01.12.2020;1:44:43;3.35;40.25;12.63;759.52;0.00;0.00;0.00
01.12.2020;1:45:43;3.33;40.59;12.65;759.53;0.00;0.00;0.00
01.12.2020;1:46:43;3.33;40.82;12.67;759.53;0.00;0.00;0.00
01.12.2020;1:47:43;3.36;40.92;12.69;759.53;0.00;0.00;0.00
01.12.2020;1:48:43;3.33;40.78;12.70;759.51;0.00;0.00;0.00
01.12.2020;1:49:43;3.33;40.31;12.69;759.50;0.00;0.00;0.00
01.12.2020;1:50:43;3.35;40.28;12.69;759.48;0.00;0.00;0.00
01.12.2020;1:51:43;3.33;40.70;12.69;759.46;0.00;0.00;0.00
01.12.2020;1:52:43;3.33;40.06;12.69;759.45;0.00;0.00;0.00
01.12.2020;1:53:43;3.33;39.99;12.67;759.44;0.00;0.00;0.00
01.12.2020;1:54:43;3.33;39.10;12.64;759.46;0.00;0.00;0.00
01.12.2020;1:55:43;3.33;39.27;12.62;759.46;0.00;0.00;0.00
01.12.2020;1:56:43;3.33;39.58;12.59;759.47;0.00;0.00;0.00
01.12.2020;1:57:43;3.33;40.30;12.60;759.47;0.00;0.00;0.00
01.12.2020;1:58:43;3.35;39.51;12.58;759.48;0.00;0.00;0.00
01.12.2020;1:59:43;3.33;39.42;12.57;759.50;0.00;0.00;0.00
01.12.2020;2:00:43;3.33;39.80;12.56;759.49;0.00;0.00;0.00
01.12.2020;2:01:43;3.36;40.65;12.57;759.48;0.00;0.00;0.00
01.12.2020;2:02:43;3.33;40.39;12.58;759.47;0.00;0.00;0.00
01.12.2020;2:03:43;3.33;40.37;12.59;759.46;0.00;0.00;0.00
01.12.2020;2:04:43;3.35;40.61;12.60;759.46;0.00;0.00;0.00
01.12.2020;2:05:43;3.33;40.25;12.61;759.44;0.00;0.00;0.00
01.12.2020;2:06:43;3.33;40.44;12.61;759.43;0.00;0.00;0.00
01.12.2020;2:07:43;3.33;40.41;12.61;759.43;0.00;0.00;0.00
01.12.2020;2:08:43;3.33;40.11;12.60;759.43;0.00;0.00;0.00
01.12.2020;2:09:43;3.33;40.12;12.59;759.42;0.00;0.00;0.00
01.12.2020;2:10:43;3.33;40.41;12.58;759.43;0.00;0.00;0.00
01.12.2020;2:11:43;3.33;39.55;12.56;759.44;0.00;0.00;0.00
01.12.2020;2:12:43;3.35;40.53;12.55;759.44;0.00;0.00;0.00
01.12.2020;2:13:43;3.33;39.40;12.54;759.45;0.00;0.00;0.00
01.12.2020;2:14:44;3.33;39.25;12.50;759.46;0.00;0.00;0.00
01.12.2020;2:15:44;3.36;39.63;12.48;759.47;0.00;0.00;0.00
01.12.2020;2:16:44;3.33;40.04;12.48;759.48;0.00;0.00;0.00
01.12.2020;2:17:44;3.33;40.15;12.47;759.51;0.00;0.00;0.00
01.12.2020;2:18:44;3.35;40.71;12.48;759.52;0.00;0.00;0.00
01.12.2020;2:19:44;3.33;40.52;12.49;759.55;0.00;0.00;0.00
01.12.2020;2:20:44;3.33;39.90;12.49;759.60;0.00;0.00;0.00
01.12.2020;2:21:44;3.33;39.99;12.47;759.63;0.00;0.00;0.00
01.12.2020;2:22:44;3.33;40.46;12.48;759.65;0.00;0.00;0.00
01.12.2020;2:23:44;3.33;40.43;12.48;759.64;0.00;0.00;0.00
01.12.2020;2:24:44;3.33;40.91;12.50;759.63;0.00;0.00;0.00
01.12.2020;2:25:44;3.33;39.75;12.50;759.64;0.00;0.00;0.00
01.12.2020;2:26:44;3.35;40.73;12.49;759.65;0.00;0.00;0.00
01.12.2020;2:27:44;3.33;40.57;12.50;759.65;0.00;0.00;0.00
01.12.2020;2:28:44;3.33;40.51;12.49;759.67;0.00;0.00;0.00
01.12.2020;2:29:44;3.36;40.18;12.48;759.66;0.00;0.00;0.00
01.12.2020;2:30:44;3.33;39.94;12.46;759.66;0.00;0.00;0.00
01.12.2020;2:31:44;3.33;39.48;12.43;759.64;0.00;0.00;0.00
01.12.2020;2:32:44;3.35;39.64;12.39;759.61;0.00;0.00;0.00
01.12.2020;2:33:44;3.33;39.43;12.37;759.59;0.00;0.00;0.00
01.12.2020;2:34:44;3.33;39.29;12.36;759.60;0.00;0.00;0.00
01.12.2020;2:35:44;3.33;39.23;12.32;759.60;0.00;0.00;0.00
01.12.2020;2:36:44;3.33;39.69;12.32;759.61;0.00;0.00;0.00
01.12.2020;2:37:44;3.33;40.17;12.33;759.62;0.00;0.00;0.00
01.12.2020;2:38:44;3.33;39.79;12.33;759.65;0.00;0.00;0.00
01.12.2020;2:39:44;3.33;39.75;12.31;759.67;0.00;0.00;0.00
01.12.2020;2:40:44;3.35;41.00;12.32;759.67;0.00;0.00;0.00
01.12.2020;2:41:44;3.33;40.07;12.34;759.66;0.00;0.00;0.00
01.12.2020;2:42:44;3.33;39.81;12.32;759.65;0.00;0.00;0.00
01.12.2020;2:43:44;3.36;39.49;12.30;759.64;0.00;0.00;0.00
01.12.2020;2:44:44;3.33;39.52;12.29;759.63;0.00;0.00;0.00
01.12.2020;2:45:44;3.33;39.90;12.28;759.62;0.00;0.00;0.00
01.12.2020;2:46:45;3.35;40.16;12.27;759.62;0.00;0.00;0.00
01.12.2020;2:47:45;3.33;40.40;12.29;759.60;0.00;0.00;0.00
01.12.2020;2:48:45;3.33;40.24;12.30;759.59;0.00;0.00;0.00
01.12.2020;2:49:45;3.33;39.65;12.30;759.57;0.00;0.00;0.00
01.12.2020;2:50:45;3.33;39.99;12.29;759.56;0.00;0.00;0.00
01.12.2020;2:51:45;3.33;40.15;12.31;759.57;0.00;0.00;0.00
01.12.2020;2:52:45;3.33;39.96;12.32;759.58;0.00;0.00;0.00
01.12.2020;2:53:45;3.33;39.87;12.33;759.58;0.00;0.00;0.00
01.12.2020;2:54:45;3.35;39.87;12.32;759.58;0.00;0.00;0.00
01.12.2020;2:55:45;3.33;39.56;12.32;759.60;0.00;0.00;0.00
01.12.2020;2:56:45;3.33;39.91;12.32;759.59;0.00;0.00;0.00
01.12.2020;2:57:45;3.36;39.40;12.31;759.57;0.00;0.00;0.00
01.12.2020;2:58:45;3.33;39.38;12.30;759.57;0.00;0.00;0.00
01.12.2020;2:59:45;3.33;39.29;12.30;759.56;0.00;0.00;0.00
01.12.2020;3:00:45;3.35;39.17;12.29;759.55;0.00;0.00;0.00
01.12.2020;3:01:45;3.33;39.10;12.28;759.54;0.00;0.00;0.00
01.12.2020;3:02:45;3.33;39.59;12.27;759.55;0.00;0.00;0.00
01.12.2020;3:03:45;3.33;39.87;12.30;759.54;0.00;0.00;0.00
01.12.2020;3:04:45;3.33;40.66;12.32;759.52;0.00;0.00;0.00
01.12.2020;3:05:45;3.33;40.17;12.35;759.51;0.00;0.00;0.00
01.12.2020;3:06:45;3.33;39.87;12.35;759.51;0.00;0.00;0.00
01.12.2020;3:07:45;3.33;39.58;12.34;759.51;0.00;0.00;0.00
01.12.2020;3:08:45;3.35;39.19;12.33;759.51;0.00;0.00;0.00
01.12.2020;3:09:45;3.33;39.97;12.34;759.52;0.00;0.00;0.00
01.12.2020;3:10:45;3.33;39.60;12.33;759.54;0.00;0.00;0.00
01.12.2020;3:11:45;3.36;40.83;12.35;759.54;0.00;0.00;0.00
01.12.2020;3:12:45;3.33;40.26;12.38;759.55;0.00;0.00;0.00
01.12.2020;3:13:45;3.33;40.61;12.38;759.56;0.00;0.00;0.00
01.12.2020;3:14:45;3.35;40.22;12.39;759.55;0.00;0.00;0.00
01.12.2020;3:15:46;3.33;40.78;12.41;759.56;0.00;0.00;0.00
01.12.2020;3:16:45;3.33;40.65;12.43;759.57;0.00;0.00;0.00
01.12.2020;3:17:46;3.33;40.69;12.44;759.56;0.00;0.00;0.00
01.12.2020;3:18:46;3.33;40.27;12.43;759.57;0.00;0.00;0.00
01.12.2020;3:19:46;3.33;40.79;12.44;759.57;0.00;0.00;0.00
01.12.2020;3:20:46;3.33;40.80;12.45;759.57;0.00;0.00;0.00
01.12.2020;3:21:46;3.33;40.38;12.45;759.56;0.00;0.00;0.00
01.12.2020;3:22:46;3.35;39.94;12.43;759.56;0.00;0.00;0.00
01.12.2020;3:23:46;3.33;40.10;12.42;759.57;0.00;0.00;0.00
01.12.2020;3:24:46;3.33;40.64;12.43;759.59;0.00;0.00;0.00
01.12.2020;3:25:46;3.36;40.29;12.45;759.60;0.00;0.00;0.00
01.12.2020;3:26:46;3.33;40.20;12.45;759.61;0.00;0.00;0.00
01.12.2020;3:27:46;3.33;40.58;12.45;759.61;0.00;0.00;0.00
01.12.2020;3:28:46;3.35;40.08;12.46;759.62;0.00;0.00;0.00
01.12.2020;3:29:46;3.33;39.72;12.46;759.63;0.00;0.00;0.00
01.12.2020;3:30:46;3.33;40.11;12.46;759.63;0.00;0.00;0.00
01.12.2020;3:31:46;3.33;40.49;12.48;759.61;0.00;0.00;0.00
01.12.2020;3:32:46;3.33;40.36;12.50;759.60;0.00;0.00;0.00
01.12.2020;3:33:46;3.33;40.40;12.51;759.59;0.00;0.00;0.00
01.12.2020;3:34:46;3.33;40.22;12.51;759.60;0.00;0.00;0.00
01.12.2020;3:35:46;3.33;40.41;12.52;759.60;0.00;0.00;0.00
01.12.2020;3:36:46;3.35;40.51;12.53;759.63;0.00;0.00;0.00
01.12.2020;3:37:46;3.33;39.93;12.53;759.64;0.00;0.00;0.00
01.12.2020;3:38:46;3.33;39.55;12.51;759.65;0.00;0.00;0.00
01.12.2020;3:39:46;3.36;39.43;12.48;759.67;0.00;0.00;0.00
01.12.2020;3:40:46;3.33;39.48;12.46;759.67;0.00;0.00;0.00
01.12.2020;3:41:46;3.33;39.29;12.45;759.68;0.00;0.00;0.00
01.12.2020;3:42:46;3.35;39.45;12.42;759.67;0.00;0.00;0.00
01.12.2020;3:43:46;3.33;39.86;12.42;759.68;0.00;0.00;0.00
01.12.2020;3:44:46;3.33;39.67;12.42;759.67;0.00;0.00;0.00
01.12.2020;3:45:46;3.33;40.00;12.42;759.65;0.00;0.00;0.00
01.12.2020;3:46:46;3.33;40.04;12.42;759.63;0.00;0.00;0.00
01.12.2020;3:47:46;3.33;40.07;12.42;759.62;0.00;0.00;0.00
01.12.2020;3:48:47;3.33;40.18;12.43;759.61;0.00;0.00;0.00
01.12.2020;3:49:47;3.33;39.48;12.42;759.61;0.00;0.00;0.00
01.12.2020;3:50:47;3.35;40.16;12.40;759.60;0.00;0.00;0.00
01.12.2020;3:51:47;3.33;40.06;12.42;759.60;0.00;0.00;0.00
01.12.2020;3:52:47;3.33;40.30;12.42;759.60;0.00;0.00;0.00
01.12.2020;3:53:47;3.36;40.10;12.42;759.60;0.00;0.00;0.00
01.12.2020;3:54:47;3.33;39.97;12.41;759.59;0.00;0.00;0.00
01.12.2020;3:55:47;3.33;39.89;12.40;759.58;0.00;0.00;0.00
01.12.2020;3:56:47;3.35;40.22;12.40;759.57;0.00;0.00;0.00
01.12.2020;3:57:47;3.33;40.23;12.39;759.55;0.00;0.00;0.00
01.12.2020;3:58:47;3.33;40.29;12.39;759.56;0.00;0.00;0.00
01.12.2020;3:59:47;3.33;40.51;12.39;759.58;0.00;0.00;0.00
01.12.2020;4:00:47;3.33;40.59;12.40;759.58;0.00;0.00;0.00
01.12.2020;4:01:47;3.33;39.86;12.39;759.59;0.00;0.00;0.00
01.12.2020;4:02:47;3.33;39.95;12.37;759.59;0.00;0.00;0.00
01.12.2020;4:03:47;3.33;40.00;12.35;759.60;0.00;0.00;0.00
01.12.2020;4:04:47;3.35;40.07;12.35;759.60;0.00;0.00;0.00
01.12.2020;4:05:47;3.33;39.77;12.34;759.62;0.00;0.00;0.00
01.12.2020;4:06:47;3.33;39.75;12.31;759.63;0.00;0.00;0.00
01.12.2020;4:07:47;3.36;40.53;12.32;759.64;0.00;0.00;0.00
01.12.2020;4:08:47;3.33;40.13;12.32;759.65;0.00;0.00;0.00
01.12.2020;4:09:47;3.33;40.51;12.32;759.64;0.00;0.00;0.00
01.12.2020;4:10:47;3.35;40.88;12.35;759.62;0.00;0.00;0.00
01.12.2020;4:11:47;3.33;40.37;12.35;759.60;0.00;0.00;0.00
01.12.2020;4:12:47;3.33;40.42;12.36;759.59;0.00;0.00;0.00
01.12.2020;4:13:47;3.33;39.97;12.36;759.58;0.00;0.00;0.00
01.12.2020;4:14:47;3.33;40.63;12.35;759.55;0.00;0.00;0.00
01.12.2020;4:15:47;3.33;40.43;12.37;759.55;0.00;0.00;0.00
01.12.2020;4:16:47;3.33;39.70;12.36;759.56;0.00;0.00;0.00
01.12.2020;4:17:47;3.33;39.35;12.33;759.56;0.00;0.00;0.00
01.12.2020;4:18:47;3.35;39.09;12.29;759.56;0.00;0.00;0.00
01.12.2020;4:19:48;3.33;39.21;12.26;759.54;0.00;0.00;0.00
01.12.2020;4:20:48;3.33;39.71;12.25;759.53;0.00;0.00;0.00
01.12.2020;4:21:48;3.36;39.49;12.23;759.54;0.00;0.00;0.00
01.12.2020;4:22:48;3.33;39.76;12.23;759.54;0.00;0.00;0.00
01.12.2020;4:23:48;3.33;39.51;12.22;759.56;0.00;0.00;0.00
01.12.2020;4:24:48;3.35;39.45;12.21;759.57;0.00;0.00;0.00
01.12.2020;4:25:48;3.33;39.49;12.18;759.56;0.00;0.00;0.00
01.12.2020;4:26:48;3.33;40.07;12.18;759.56;0.00;0.00;0.00
01.12.2020;4:27:48;3.33;39.58;12.18;759.57;0.00;0.00;0.00
01.12.2020;4:28:48;3.33;39.68;12.15;759.60;0.00;0.00;0.00
01.12.2020;4:29:48;3.33;40.40;12.15;759.65;0.00;0.00;0.00
01.12.2020;4:30:48;3.33;40.79;12.16;759.69;0.00;0.00;0.00
01.12.2020;4:31:48;3.33;41.06;12.19;759.70;0.00;0.00;0.00
01.12.2020;4:32:48;3.35;40.80;12.20;759.72;0.00;0.00;0.00
01.12.2020;4:33:48;3.33;40.30;12.19;759.71;0.00;0.00;0.00
01.12.2020;4:34:48;3.33;40.42;12.17;759.71;0.00;0.00;0.00
01.12.2020;4:35:48;3.36;40.84;12.17;759.73;0.00;0.00;0.00
01.12.2020;4:36:48;3.33;40.58;12.18;759.73;0.00;0.00;0.00
01.12.2020;4:37:48;3.33;40.36;12.18;759.74;0.00;0.00;0.00
01.12.2020;4:38:48;3.35;40.45;12.16;759.75;0.00;0.00;0.00
01.12.2020;4:39:48;3.33;40.28;12.16;759.78;0.00;0.00;0.00
01.12.2020;4:40:48;3.33;39.56;12.14;759.80;0.00;0.00;0.00
01.12.2020;4:41:48;3.33;39.86;12.12;759.83;0.00;0.00;0.00
01.12.2020;4:42:48;3.33;39.80;12.11;759.86;0.00;0.00;0.00
01.12.2020;4:43:48;3.33;40.52;12.10;759.87;0.00;0.00;0.00
01.12.2020;4:44:48;3.33;40.53;12.12;759.89;0.00;0.00;0.00
01.12.2020;4:45:48;3.33;40.56;12.13;759.90;0.00;0.00;0.00
01.12.2020;4:46:48;3.35;41.12;12.16;759.91;0.00;0.00;0.00
01.12.2020;4:47:48;3.33;41.02;12.18;759.91;0.00;0.00;0.00
01.12.2020;4:48:48;3.33;40.63;12.19;759.92;0.00;0.00;0.00
01.12.2020;4:49:48;3.36;40.28;12.19;759.93;0.00;0.00;0.00
01.12.2020;4:50:49;3.33;40.58;12.18;759.94;0.00;0.00;0.00
01.12.2020;4:51:49;3.33;40.13;12.18;759.93;0.00;0.00;0.00
01.12.2020;4:52:49;3.35;39.90;12.17;759.90;0.00;0.00;0.00
01.12.2020;4:53:49;3.33;40.21;12.16;759.90;0.00;0.00;0.00
01.12.2020;4:54:49;3.33;40.16;12.15;759.89;0.00;0.00;0.00
01.12.2020;4:55:49;3.33;40.12;12.14;759.90;0.00;0.00;0.00
01.12.2020;4:56:49;3.33;39.93;12.13;759.90;0.00;0.00;0.00
01.12.2020;4:57:49;3.33;39.89;12.11;759.89;0.00;0.00;0.00
01.12.2020;4:58:49;3.33;39.84;12.08;759.89;0.00;0.00;0.00
01.12.2020;4:59:49;3.33;40.57;12.08;759.88;0.00;0.00;0.00
01.12.2020;5:00:49;3.35;40.62;12.08;759.89;0.00;0.00;0.00
01.12.2020;5:01:49;3.33;40.00;12.07;759.90;0.00;0.00;0.00
01.12.2020;5:02:49;3.33;39.90;12.03;759.89;0.00;0.00;0.00
01.12.2020;5:03:49;3.36;40.30;12.02;759.88;0.00;0.00;0.00
01.12.2020;5:04:49;3.33;40.30;12.03;759.87;0.00;0.00;0.00
01.12.2020;5:05:49;3.33;40.58;12.02;759.86;0.00;0.00;0.00
01.12.2020;5:06:49;3.35;40.17;12.01;759.85;0.00;0.00;0.00
01.12.2020;5:07:49;3.33;40.42;11.99;759.83;0.00;0.00;0.00
01.12.2020;5:08:49;3.33;40.75;12.01;759.83;0.00;0.00;0.00
01.12.2020;5:09:49;3.33;40.58;12.01;759.81;0.00;0.00;0.00
01.12.2020;5:10:49;3.33;40.21;12.00;759.80;0.00;0.00;0.00
01.12.2020;5:11:49;3.33;40.37;12.00;759.79;0.00;0.00;0.00
01.12.2020;5:12:49;3.33;40.45;11.99;759.79;0.00;0.00;0.00
01.12.2020;5:13:49;3.33;40.83;11.99;759.78;0.00;0.00;0.00
01.12.2020;5:14:49;3.35;40.83;12.00;759.78;0.00;0.00;0.00
01.12.2020;5:15:49;3.33;40.28;12.00;759.78;0.00;0.00;0.00
01.12.2020;5:16:49;3.33;40.03;11.97;759.80;0.00;0.00;0.00
01.12.2020;5:17:49;3.36;40.41;11.95;759.80;0.00;0.00;0.00
01.12.2020;5:18:49;3.33;40.53;11.95;759.82;0.00;0.00;0.00
01.12.2020;5:19:49;3.33;40.86;11.96;759.85;0.00;0.00;0.00
01.12.2020;5:20:49;3.35;40.69;11.97;759.84;0.00;0.00;0.00
01.12.2020;5:21:50;3.33;41.00;11.96;759.85;0.00;0.00;0.00
01.12.2020;5:22:50;3.33;40.58;11.98;759.87;0.00;0.00;0.00
01.12.2020;5:23:50;3.33;40.33;11.96;759.88;0.00;0.00;0.00
01.12.2020;5:24:50;3.33;40.48;11.94;759.90;0.00;0.00;0.00
01.12.2020;5:25:50;3.33;40.09;11.93;759.92;0.00;0.00;0.00
01.12.2020;5:26:50;3.33;40.70;11.91;759.93;0.00;0.00;0.00
01.12.2020;5:27:50;3.33;41.18;11.92;759.93;0.00;0.00;0.00
01.12.2020;5:28:50;3.35;41.18;11.94;759.93;0.00;0.00;0.00
01.12.2020;5:29:50;3.33;40.93;11.95;759.92;0.00;0.00;0.00
01.12.2020;5:30:50;3.33;40.92;11.95;759.89;0.00;0.00;0.00
01.12.2020;5:31:50;3.36;40.26;11.93;759.86;0.00;0.00;0.00
01.12.2020;5:32:50;3.33;40.16;11.91;759.85;0.00;0.00;0.00
01.12.2020;5:33:50;3.33;40.22;11.89;759.85;0.00;0.00;0.00
01.12.2020;5:34:50;3.35;40.73;11.89;759.87;0.00;0.00;0.00
01.12.2020;5:35:50;3.33;41.21;11.91;759.88;0.00;0.00;0.00
01.12.2020;5:36:50;3.33;40.98;11.93;759.90;0.00;0.00;0.00
01.12.2020;5:37:50;3.33;41.24;11.93;759.91;0.00;0.00;0.00
01.12.2020;5:38:50;3.33;41.23;11.95;759.88;0.00;0.00;0.00
01.12.2020;5:39:50;3.33;40.95;11.95;759.86;0.00;0.00;0.00
01.12.2020;5:40:50;3.33;41.08;11.96;759.84;0.00;0.00;0.00
01.12.2020;5:41:50;3.33;40.70;11.95;759.85;0.00;0.00;0.00
01.12.2020;5:42:50;3.35;41.10;11.94;759.85;0.00;0.00;0.00
01.12.2020;5:43:50;3.33;41.08;11.95;759.86;0.00;0.00;0.00
01.12.2020;5:44:50;3.33;40.66;11.95;759.86;0.00;0.00;0.00
01.12.2020;5:45:50;3.36;40.53;11.94;759.86;0.00;0.00;0.00
01.12.2020;5:46:50;3.33;41.06;11.93;759.88;0.00;0.00;0.00
01.12.2020;5:47:50;3.33;40.93;11.94;759.88;0.00;0.00;0.00
01.12.2020;5:48:50;3.35;41.23;11.95;759.90;0.00;0.00;0.00
01.12.2020;5:49:50;3.33;41.13;11.95;759.92;0.00;0.00;0.00
01.12.2020;5:50:50;3.33;41.25;11.96;759.93;0.00;0.00;0.00
01.12.2020;5:51:50;3.33;41.27;11.96;759.93;0.00;0.00;0.00
01.12.2020;5:52:50;3.33;40.29;11.95;759.95;0.00;0.00;0.00
01.12.2020;5:53:51;3.33;40.13;11.92;759.95;0.00;0.00;0.00
01.12.2020;5:54:51;3.33;40.12;11.88;759.94;0.00;0.00;0.00
01.12.2020;5:55:51;3.33;41.05;11.88;759.93;0.00;0.00;0.00
01.12.2020;5:56:51;3.35;41.01;11.89;759.93;0.00;0.00;0.00
01.12.2020;5:57:51;3.33;41.12;11.90;759.92;0.00;0.00;0.00
01.12.2020;5:58:51;3.33;40.87;11.90;759.93;0.00;0.00;0.00
01.12.2020;5:59:51;3.36;41.21;11.90;759.93;0.00;0.00;0.00
01.12.2020;6:00:51;3.33;41.44;11.92;759.93;0.00;0.00;0.00
01.12.2020;6:01:51;3.33;41.26;11.93;759.91;0.00;0.00;0.00
01.12.2020;6:02:51;3.35;41.19;11.94;759.91;0.00;0.00;0.00
01.12.2020;6:03:51;3.33;41.44;11.95;759.91;0.00;0.00;0.00
01.12.2020;6:04:51;3.33;41.39;11.96;759.89;0.00;0.00;0.00
01.12.2020;6:05:51;3.33;40.91;11.95;759.88;0.00;0.00;0.00
01.12.2020;6:06:51;3.33;41.17;11.94;759.88;0.00;0.00;0.00
01.12.2020;6:07:51;3.33;41.07;11.94;759.86;0.00;0.00;0.00
01.12.2020;6:08:51;3.33;41.17;11.93;759.85;0.00;0.00;0.00
01.12.2020;6:09:51;3.33;41.28;11.94;759.83;0.00;0.00;0.00
01.12.2020;6:10:51;3.35;40.94;11.93;759.85;0.00;0.00;0.00
01.12.2020;6:11:51;3.33;41.24;11.93;759.83;0.00;0.00;0.00
01.12.2020;6:12:51;3.33;41.20;11.92;759.83;0.00;0.00;0.00
01.12.2020;6:13:51;3.36;41.35;11.92;759.83;0.00;0.00;0.00
01.12.2020;6:14:51;3.33;41.04;11.92;759.82;0.00;0.00;0.00
01.12.2020;6:15:51;3.33;41.26;11.90;759.80;0.00;0.00;0.00
01.12.2020;6:16:51;3.35;40.71;11.89;759.78;0.00;0.00;0.00
01.12.2020;6:17:51;3.33;40.86;11.87;759.78;0.00;0.00;0.00
01.12.2020;6:18:51;3.33;40.25;11.84;759.77;0.00;0.00;0.00
01.12.2020;6:19:51;3.33;40.32;11.81;759.78;0.00;0.00;0.00
01.12.2020;6:20:51;3.33;40.96;11.81;759.78;0.00;0.00;0.00
01.12.2020;6:21:51;3.33;40.54;11.79;759.78;0.00;0.00;0.00
01.12.2020;6:22:51;3.33;40.75;11.77;759.78;0.00;0.00;0.00
01.12.2020;6:23:51;3.33;40.70;11.75;759.76;0.00;0.00;0.00
01.12.2020;6:24:52;3.35;41.43;11.75;759.77;0.00;0.00;0.00
01.12.2020;6:25:52;3.33;41.27;11.76;759.78;0.00;0.00;0.00
01.12.2020;6:26:52;3.33;40.62;11.73;759.80;0.00;0.00;0.00
01.12.2020;6:27:52;3.36;40.88;11.71;759.80;0.00;0.00;0.00
01.12.2020;6:28:52;3.33;40.60;11.69;759.81;0.00;0.00;0.00
01.12.2020;6:29:52;3.33;40.83;11.67;759.82;0.00;0.00;0.00
01.12.2020;6:30:52;3.35;40.80;11.67;759.84;0.00;0.00;0.00
01.12.2020;6:31:52;3.33;41.42;11.67;759.86;0.00;0.00;0.00
01.12.2020;6:32:52;3.33;40.78;11.66;759.86;0.00;0.00;0.00
01.12.2020;6:33:52;3.33;40.65;11.64;759.84;0.00;0.00;0.00
01.12.2020;6:34:52;3.33;40.59;11.61;759.82;0.00;0.00;0.00
01.12.2020;6:35:52;3.33;41.32;11.61;759.83;0.00;0.00;0.00
01.12.2020;6:36:52;3.33;40.93;11.61;759.86;0.00;0.00;0.00
01.12.2020;6:37:52;3.33;41.34;11.61;759.87;0.00;0.00;0.00
01.12.2020;6:38:52;3.35;41.15;11.61;759.87;0.00;0.00;0.00
01.12.2020;6:39:52;3.33;41.37;11.60;759.86;0.00;0.00;0.00
01.12.2020;6:40:52;3.33;41.42;11.60;759.84;0.00;0.00;0.00
01.12.2020;6:41:52;3.36;41.30;11.61;759.84;0.00;0.00;0.00
01.12.2020;6:42:52;3.33;40.64;11.60;759.84;0.00;0.00;0.00
01.12.2020;6:43:52;3.33;40.61;11.57;759.82;0.00;0.00;0.00
01.12.2020;6:44:52;3.35;40.45;11.54;759.82;0.00;0.00;0.00
01.12.2020;6:45:52;3.33;40.66;11.53;759.81;0.00;0.00;0.00
01.12.2020;6:46:52;3.33;41.15;11.52;759.81;0.00;0.00;0.00
01.12.2020;6:47:52;3.33;41.24;11.53;759.79;0.00;0.00;0.00
01.12.2020;6:48:52;3.33;41.52;11.54;759.79;0.00;0.00;0.00
01.12.2020;6:49:52;3.33;41.63;11.54;759.80;0.00;0.00;0.00
01.12.2020;6:50:52;3.33;41.52;11.55;759.80;0.00;0.00;0.00
01.12.2020;6:51:52;3.33;41.12;11.55;759.81;0.00;0.00;0.00
01.12.2020;6:52:52;3.35;41.27;11.54;759.80;0.00;0.00;0.00
01.12.2020;6:53:52;3.33;41.41;11.55;759.80;0.00;0.00;0.00
01.12.2020;6:54:52;3.33;41.75;11.55;759.81;0.00;0.00;0.00
01.12.2020;6:55:52;3.36;41.48;11.57;759.82;0.00;0.00;0.00
01.12.2020;6:56:53;3.33;41.20;11.57;759.83;0.00;0.00;0.00
01.12.2020;6:57:53;3.33;41.52;11.57;759.82;0.00;0.00;0.00
01.12.2020;6:58:53;3.35;41.18;11.58;759.82;0.00;0.00;0.00
01.12.2020;6:59:53;3.33;41.05;11.58;759.84;0.00;0.00;0.00
01.12.2020;7:00:53;3.33;41.22;11.58;759.85;0.00;0.00;0.00
01.12.2020;7:01:53;3.33;41.17;11.56;759.86;0.00;0.00;0.00
01.12.2020;7:02:53;3.33;41.00;11.56;759.88;0.00;0.00;0.00
01.12.2020;7:03:53;3.33;41.91;11.56;759.90;0.00;0.00;0.00
01.12.2020;7:04:53;3.33;41.69;11.58;759.90;0.00;0.00;0.00
01.12.2020;7:05:53;3.33;41.68;11.59;759.94;0.00;0.00;0.00
01.12.2020;7:06:53;3.35;41.48;11.59;759.95;0.00;0.00;0.00
01.12.2020;7:07:53;3.33;41.43;11.59;759.95;0.00;0.00;0.00
01.12.2020;7:08:53;3.33;41.68;11.59;759.96;0.00;0.00;0.00
01.12.2020;7:09:53;3.36;41.13;11.58;759.96;0.00;0.00;0.00
01.12.2020;7:10:53;3.33;41.27;11.57;759.96;0.00;0.00;0.00
01.12.2020;7:11:53;3.67;41.37;11.57;759.96;0.00;0.00;0.00
01.12.2020;7:12:53;4.18;41.26;11.55;759.95;0.00;0.00;0.00
01.12.2020;7:13:53;4.17;41.43;11.55;759.94;0.00;0.00;0.00
01.12.2020;7:14:53;4.17;41.13;11.55;759.93;0.00;0.00;0.00
01.12.2020;7:15:53;4.17;41.55;11.55;759.93;0.00;0.00;0.00
01.12.2020;7:16:53;4.86;41.42;11.56;759.93;0.00;0.00;0.00
01.12.2020;7:17:53;5.00;41.33;11.56;759.95;0.00;0.00;0.00
01.12.2020;7:18:53;5.10;41.18;11.56;759.96;0.00;0.00;0.00
01.12.2020;7:19:53;5.83;41.16;11.56;759.95;0.00;0.00;0.00
01.12.2020;7:20:53;6.03;41.09;11.56;759.94;0.00;0.00;0.00
01.12.2020;7:21:53;6.67;41.11;11.56;759.92;0.00;0.00;0.00
01.12.2020;7:22:53;7.23;41.06;11.56;759.91;0.00;0.00;0.00
01.12.2020;7:23:53;7.85;41.25;11.57;759.91;0.00;0.00;0.00
01.12.2020;7:24:53;8.56;41.21;11.57;759.91;0.00;0.00;0.00
01.12.2020;7:25:53;9.46;41.07;11.57;759.93;0.00;0.00;0.00
01.12.2020;7:26:53;10.37;41.39;11.57;759.93;0.00;0.00;0.00
01.12.2020;7:27:54;11.35;41.58;11.59;759.93;0.00;0.00;0.00
01.12.2020;7:28:54;12.61;41.00;11.58;759.94;0.00;0.00;0.00
01.12.2020;7:29:54;13.79;41.49;11.60;759.94;0.00;0.00;0.00
01.12.2020;7:30:54;15.24;41.23;11.61;759.94;0.00;0.00;0.00
01.12.2020;7:31:54;16.68;40.75;11.59;759.94;0.00;0.00;0.00
01.12.2020;7:32:54;18.42;40.88;11.58;759.96;0.00;0.00;0.00
01.12.2020;7:33:54;20.30;41.25;11.58;759.96;0.01;0.00;0.00
01.12.2020;7:34:54;22.42;41.22;11.59;759.95;0.01;0.00;0.00
01.12.2020;7:35:54;24.58;41.15;11.61;759.95;0.02;0.00;0.00
01.12.2020;7:36:54;27.09;41.20;11.62;759.97;0.03;0.00;0.00
01.12.2020;7:37:54;29.69;41.00;11.64;759.98;0.03;0.00;0.00
01.12.2020;7:38:54;32.24;40.78;11.64;759.99;0.04;0.00;0.00
01.12.2020;7:39:54;35.31;40.69;11.63;760.00;0.05;0.00;0.00
01.12.2020;7:40:54;37.94;41.09;11.65;759.99;0.05;0.00;0.00
01.12.2020;7:41:54;41.11;40.48;11.65;759.98;0.06;0.00;0.00
01.12.2020;7:42:54;44.25;40.23;11.64;759.95;0.07;0.00;0.00
01.12.2020;7:43:54;47.50;40.50;11.65;759.93;0.08;0.00;0.00
01.12.2020;7:44:54;51.01;40.37;11.66;759.93;0.09;0.00;0.00
01.12.2020;7:45:54;54.93;40.58;11.67;759.95;0.09;0.00;0.00
01.12.2020;7:46:54;57.93;40.49;11.68;759.95;0.10;0.00;0.00
01.12.2020;7:47:54;60.92;40.29;11.69;759.96;0.11;0.00;0.00
01.12.2020;7:48:54;63.69;40.37;11.69;759.95;0.12;0.00;0.00
01.12.2020;7:49:54;66.18;40.45;11.69;759.95;0.12;0.00;0.00
01.12.2020;7:50:54;69.17;40.68;11.70;759.95;0.13;0.00;0.00
01.12.2020;7:51:54;72.72;40.16;11.70;759.96;0.15;0.00;0.00
01.12.2020;7:52:54;76.56;40.17;11.70;759.98;0.16;0.00;0.00
01.12.2020;7:53:54;79.84;40.37;11.69;759.99;0.17;0.00;0.00
01.12.2020;7:54:54;84.39;40.48;11.70;759.99;0.19;0.00;0.00
01.12.2020;7:55:54;89.81;40.55;11.70;759.98;0.21;0.00;0.00
01.12.2020;7:56:54;95.85;40.96;11.72;759.97;0.23;0.00;0.00
01.12.2020;7:57:55;102.08;40.32;11.74;759.97;0.26;0.00;0.00
01.12.2020;7:58:55;108.96;40.55;11.72;759.97;0.29;0.00;0.00
01.12.2020;7:59:55;116.81;40.32;11.73;759.98;0.32;0.00;0.00
01.12.2020;8:00:55;125.44;40.32;11.73;759.98;0.36;0.00;0.00
01.12.2020;8:01:55;133.24;40.21;11.74;759.99;0.40;0.00;0.00
01.12.2020;8:02:55;139.63;40.06;11.74;760.00;0.43;0.01;0.01
01.12.2020;8:03:55;146.21;39.88;11.74;759.99;0.46;0.09;0.04
01.12.2020;8:04:55;151.41;40.12;11.73;759.99;0.48;0.12;0.06
01.12.2020;8:05:55;157.04;40.01;11.74;760.00;0.51;0.16;0.08
01.12.2020;8:06:55;164.68;40.02;11.73;760.02;0.54;0.22;0.12
01.12.2020;8:07:55;171.49;40.68;11.76;760.03;0.57;0.29;0.16
01.12.2020;8:08:55;179.69;40.55;11.78;760.03;0.60;0.32;0.20
01.12.2020;8:09:55;188.50;40.21;11.78;760.03;0.65;0.39;0.25
01.12.2020;8:10:55;199.39;40.21;11.78;760.03;0.70;0.47;0.33
01.12.2020;8:11:55;211.03;40.59;11.79;760.03;0.75;0.55;0.41
01.12.2020;8:12:55;225.36;40.07;11.81;760.04;0.80;0.65;0.52
01.12.2020;8:13:55;238.47;40.50;11.83;760.05;0.85;0.73;0.62
01.12.2020;8:14:55;248.49;40.29;11.86;760.05;0.89;0.80;0.71
01.12.2020;8:15:55;253.88;39.71;11.85;760.04;0.91;0.81;0.74
01.12.2020;8:16:55;253.26;39.96;11.85;760.03;0.90;0.80;0.72
01.12.2020;8:17:55;263.54;39.99;11.86;760.01;0.93;0.86;0.80
01.12.2020;8:18:55;284.46;39.60;11.85;760.01;1.00;0.98;0.98
01.12.2020;8:19:55;293.10;39.92;11.85;760.00;1.02;1.00;1.03
01.12.2020;8:20:55;298.54;40.16;11.87;760.00;1.03;1.01;1.04
01.12.2020;8:21:55;302.58;40.42;11.91;760.00;1.04;1.02;1.05
01.12.2020;8:22:55;299.46;40.41;11.93;760.00;1.02;1.00;1.03
01.12.2020;8:23:55;290.14;39.64;11.94;760.00;0.99;0.96;0.95
01.12.2020;8:24:55;300.22;39.55;11.92;760.01;1.02;0.99;1.00
01.12.2020;8:25:56;316.13;39.45;11.93;760.03;1.07;1.08;1.15
01.12.2020;8:26:56;326.02;39.57;11.92;760.05;1.10;1.15;1.26
01.12.2020;8:27:56;329.57;39.27;11.92;760.08;1.11;1.17;1.30
01.12.2020;8:28:56;339.03;39.75;11.93;760.09;1.15;1.22;1.40
01.12.2020;8:29:56;346.04;40.03;11.96;760.10;1.17;1.26;1.47
01.12.2020;8:30:56;359.75;39.69;11.99;760.08;1.22;1.34;1.63
01.12.2020;8:31:56;371.97;39.42;11.99;760.08;1.25;1.41;1.77
01.12.2020;8:32:56;390.26;39.78;12.00;760.08;1.32;1.50;1.98
01.12.2020;8:33:56;395.42;39.76;12.03;760.08;1.34;1.53;2.05
01.12.2020;8:34:56;398.46;39.99;12.05;760.09;1.35;1.55;2.09
01.12.2020;8:35:56;408.98;40.07;12.09;760.10;1.38;1.60;2.22
01.12.2020;8:36:56;424.43;39.62;12.10;760.11;1.44;1.70;2.44
01.12.2020;8:37:56;444.65;39.80;12.13;760.12;1.51;1.81;2.72
01.12.2020;8:38:56;450.93;39.26;12.14;760.14;1.52;1.84;2.81
01.12.2020;8:39:56;454.90;39.48;12.14;760.15;1.53;1.85;2.84
01.12.2020;8:40:56;455.01;39.46;12.16;760.14;1.52;1.85;2.82
01.12.2020;8:41:56;443.07;39.47;12.16;760.14;1.47;1.76;2.59
01.12.2020;8:42:56;422.67;39.50;12.18;760.14;1.40;1.63;2.28
01.12.2020;8:43:56;410.81;39.25;12.19;760.15;1.37;1.60;2.19
01.12.2020;8:44:56;408.71;38.87;12.17;760.14;1.36;1.58;2.15
01.12.2020;8:45:56;412.85;38.81;12.15;760.15;1.35;1.57;2.11
01.12.2020;8:46:56;416.51;38.91;12.14;760.16;1.35;1.55;2.09
01.12.2020;8:47:56;428.06;38.93;12.14;760.13;1.38;1.61;2.21
01.12.2020;8:48:56;436.29;38.87;12.13;760.13;1.40;1.64;2.31
01.12.2020;8:49:56;434.68;38.74;12.12;760.12;1.41;1.66;2.34
01.12.2020;8:50:56;435.58;38.84;12.12;760.11;1.42;1.68;2.40
01.12.2020;8:51:56;465.43;38.94;12.12;760.12;1.49;1.79;2.68
01.12.2020;8:52:56;491.33;39.30;12.14;760.12;1.56;1.90;2.96
01.12.2020;8:53:57;501.18;38.70;12.12;760.14;1.59;1.96;3.11
01.12.2020;8:54:57;508.84;38.71;12.10;760.14;1.62;2.00;3.23
01.12.2020;8:55:57;525.74;38.80;12.11;760.15;1.67;2.09;3.49
01.12.2020;8:56:57;544.58;38.90;12.12;760.15;1.73;2.17;3.76
01.12.2020;8:57:57;558.98;38.87;12.11;760.16;1.77;2.23;3.95
01.12.2020;8:58:57;560.71;39.02;12.11;760.18;1.79;2.25;4.03
01.12.2020;8:59:57;575.64;39.38;12.13;760.19;1.82;2.27;4.13
01.12.2020;9:00:57;589.74;39.75;12.17;760.20;1.84;2.29;4.22
01.12.2020;9:01:57;581.33;39.24;12.19;760.19;1.80;2.26;4.07
01.12.2020;9:02:57;563.45;39.01;12.17;760.18;1.74;2.19;3.80
01.12.2020;9:03:57;549.61;38.99;12.16;760.19;1.69;2.11;3.57
01.12.2020;9:04:57;557.25;39.50;12.17;760.20;1.70;2.12;3.60
01.12.2020;9:05:57;565.65;39.27;12.16;760.20;1.71;2.16;3.70
01.12.2020;9:06:57;563.77;39.13;12.16;760.20;1.70;2.14;3.63
01.12.2020;9:07:57;564.18;39.48;12.17;760.20;1.70;2.13;3.61
01.12.2020;9:08:57;569.97;39.78;12.20;760.21;1.70;2.12;3.60
01.12.2020;9:09:57;561.37;39.24;12.22;760.23;1.67;2.10;3.51
01.12.2020;9:10:57;560.72;39.08;12.20;760.24;1.67;2.10;3.50
01.12.2020;9:11:57;551.05;38.98;12.20;760.24;1.63;2.03;3.32
01.12.2020;9:12:57;534.14;38.90;12.18;760.23;1.59;1.96;3.11
01.12.2020;9:13:57;523.21;38.98;12.17;760.23;1.56;1.91;2.97
01.12.2020;9:14:57;505.28;38.99;12.17;760.24;1.52;1.83;2.78
01.12.2020;9:15:57;523.10;39.14;12.16;760.25;1.57;1.91;2.99
01.12.2020;9:16:57;544.45;38.95;12.16;760.26;1.62;2.01;3.25
01.12.2020;9:17:57;554.79;39.05;12.16;760.27;1.66;2.08;3.45
01.12.2020;9:18:57;572.43;39.11;12.17;760.28;1.71;2.15;3.68
01.12.2020;9:19:57;602.17;38.84;12.16;760.27;1.82;2.27;4.13
01.12.2020;9:20:58;622.61;39.06;12.17;760.26;1.89;2.33;4.41
01.12.2020;9:21:58;658.14;39.03;12.20;760.27;1.97;2.50;4.91
01.12.2020;9:22:58;689.24;39.49;12.22;760.27;2.04;2.63;5.36
01.12.2020;9:23:58;705.75;39.04;12.24;760.28;2.08;2.72;5.66
01.12.2020;9:24:58;719.13;39.28;12.24;760.28;2.12;2.79;5.93
01.12.2020;9:25:58;722.89;39.02;12.27;760.27;2.12;2.79;5.90
01.12.2020;9:26:58;724.44;39.16;12.27;760.28;2.12;2.79;5.91
01.12.2020;9:27:58;720.83;39.03;12.29;760.30;2.11;2.78;5.86
01.12.2020;9:28:58;694.83;39.65;12.31;760.30;2.06;2.66;5.47
01.12.2020;9:29:58;672.40;38.95;12.32;760.31;2.00;2.56;5.11
01.12.2020;9:30:58;683.25;39.11;12.33;760.32;2.01;2.58;5.19
01.12.2020;9:31:58;702.70;38.97;12.33;760.32;2.04;2.64;5.39
01.12.2020;9:32:58;701.74;38.85;12.33;760.29;2.04;2.63;5.35
01.12.2020;9:33:58;683.91;39.55;12.36;760.26;2.00;2.54;5.08
01.12.2020;9:34:58;683.21;39.15;12.39;760.23;1.98;2.52;5.01
01.12.2020;9:35:58;672.87;39.09;12.38;760.21;1.94;2.44;4.75
01.12.2020;9:36:58;672.33;38.97;12.38;760.22;1.93;2.42;4.67
01.12.2020;9:37:58;668.35;38.69;12.37;760.24;1.91;2.38;4.54
01.12.2020;9:38:58;664.77;38.95;12.35;760.24;1.89;2.35;4.44
01.12.2020;9:39:58;655.61;39.48;12.36;760.24;1.87;2.30;4.31
01.12.2020;9:40:58;636.47;38.78;12.38;760.23;1.83;2.27;4.15
01.12.2020;9:41:58;617.25;38.64;12.35;760.24;1.78;2.25;4.00
01.12.2020;9:42:58;636.94;38.74;12.34;760.25;1.81;2.27;4.10
01.12.2020;9:43:58;663.23;38.79;12.33;760.26;1.86;2.30;4.28
01.12.2020;9:44:58;681.72;38.80;12.33;760.26;1.91;2.38;4.55
01.12.2020;9:45:58;715.79;38.76;12.32;760.26;1.98;2.52;4.99
01.12.2020;9:46:58;711.32;38.99;12.33;760.25;1.96;2.47;4.84
01.12.2020;9:47:59;676.35;39.35;12.34;760.25;1.86;2.32;4.32
01.12.2020;9:48:59;639.22;38.91;12.33;760.25;1.76;2.22;3.90
01.12.2020;9:49:59;623.47;39.18;12.34;760.26;1.70;2.14;3.65
01.12.2020;9:50:59;616.27;38.86;12.33;760.26;1.68;2.10;3.53
01.12.2020;9:51:59;608.58;38.56;12.30;760.24;1.66;2.07;3.43
01.12.2020;9:52:59;608.40;38.74;12.27;760.21;1.65;2.07;3.42
01.12.2020;9:53:59;618.17;38.72;12.24;760.19;1.69;2.12;3.59
01.12.2020;9:54:59;636.56;38.80;12.24;760.17;1.75;2.20;3.84
01.12.2020;9:55:59;655.52;38.59;12.22;760.15;1.81;2.28;4.12
01.12.2020;9:56:59;676.01;38.67;12.20;760.17;1.89;2.33;4.40
01.12.2020;9:57:59;690.49;38.93;12.21;760.19;1.93;2.41;4.66
01.12.2020;9:58:59;687.04;38.86;12.21;760.21;1.92;2.39;4.59
01.12.2020;9:59:59;664.21;38.51;12.19;760.23;1.86;2.30;4.28
01.12.2020;10:00:59;648.35;38.60;12.18;760.24;1.83;2.28;4.16
01.12.2020;10:01:59;646.57;38.59;12.16;760.25;1.83;2.28;4.16
01.12.2020;10:02:59;643.63;38.78;12.16;760.25;1.82;2.28;4.15
01.12.2020;10:03:59;642.88;38.82;12.16;760.24;1.81;2.27;4.10
01.12.2020;10:04:59;646.68;38.70;12.15;760.21;1.81;2.27;4.12
01.12.2020;10:05:59;657.54;39.16;12.15;760.18;1.83;2.28;4.16
01.12.2020;10:06:59;673.58;38.94;12.18;760.18;1.87;2.30;4.30
01.12.2020;10:07:59;683.67;38.97;12.18;760.18;1.90;2.37;4.51
01.12.2020;10:08:59;698.72;39.08;12.18;760.20;1.98;2.52;4.99
01.12.2020;10:09:59;712.97;38.93;12.20;760.20;2.02;2.58;5.20
01.12.2020;10:10:59;756.19;38.72;12.20;760.21;2.10;2.75;5.76
01.12.2020;10:11:59;773.49;38.54;12.19;760.19;2.13;2.80;5.96
01.12.2020;10:12:59;740.95;38.48;12.18;760.18;2.06;2.68;5.52
01.12.2020;10:13:59;730.67;38.63;12.20;760.18;2.04;2.62;5.35
01.12.2020;10:14:59;746.13;38.68;12.22;760.18;2.06;2.68;5.51
01.12.2020;10:16:00;743.32;38.72;12.23;760.17;2.06;2.68;5.51
01.12.2020;10:17:00;753.49;38.69;12.23;760.17;2.08;2.72;5.66
01.12.2020;10:18:00;766.92;38.43;12.23;760.17;2.09;2.73;5.70
01.12.2020;10:19:00;776.08;38.31;12.21;760.17;2.12;2.78;5.88
01.12.2020;10:20:00;796.93;38.29;12.21;760.18;2.19;2.92;6.37
01.12.2020;10:21:00;835.69;38.25;12.22;760.20;2.31;3.12;7.22
01.12.2020;10:22:00;883.70;38.41;12.26;760.19;2.45;3.34;8.18
01.12.2020;10:23:00;934.89;38.22;12.27;760.19;2.56;3.52;9.01
01.12.2020;10:24:00;968.40;38.70;12.32;760.17;2.63;3.63;9.55
01.12.2020;10:25:00;999.79;38.19;12.35;760.15;2.72;3.78;10.29
01.12.2020;10:26:00;1047.42;38.39;12.36;760.12;2.82;3.95;11.14
01.12.2020;10:27:00;1056.02;38.28;12.39;760.12;2.82;3.95;11.14
01.12.2020;10:28:00;1116.82;38.49;12.44;760.13;2.96;4.19;12.40
01.12.2020;10:29:00;1182.10;38.29;12.49;760.13;3.07;4.39;13.49
01.12.2020;10:30:00;1221.60;38.41;12.52;760.12;3.13;4.47;13.98
01.12.2020;10:31:00;1259.82;37.86;12.53;760.12;3.20;4.60;14.75
01.12.2020;10:32:00;1302.87;37.71;12.54;760.12;3.29;4.74;15.58
01.12.2020;10:33:00;1341.60;37.85;12.57;760.13;3.37;4.88;16.48
01.12.2020;10:34:00;1360.43;37.72;12.61;760.14;3.38;4.89;16.54
01.12.2020;10:35:00;1373.66;37.82;12.65;760.15;3.41;4.93;16.78
01.12.2020;10:36:00;1395.39;37.93;12.69;760.14;3.42;4.97;17.00
01.12.2020;10:37:00;1410.41;37.61;12.71;760.14;3.43;4.97;17.05
01.12.2020;10:38:00;1393.88;37.70;12.75;760.16;3.41;4.94;16.88
01.12.2020;10:39:00;1338.53;37.72;12.80;760.17;3.34;4.83;16.14
01.12.2020;10:40:00;1304.97;37.80;12.82;760.17;3.27;4.70;15.36
01.12.2020;10:41:01;1300.17;37.53;12.85;760.17;3.25;4.67;15.17
01.12.2020;10:42:01;1273.05;37.06;12.82;760.17;3.19;4.57;14.58
01.12.2020;10:43:01;1217.39;37.21;12.80;760.17;3.08;4.39;13.55
01.12.2020;10:44:01;1153.67;37.17;12.77;760.16;2.98;4.22;12.56
01.12.2020;10:45:01;1108.07;37.05;12.73;760.18;2.90;4.10;11.90
01.12.2020;10:46:01;1135.22;37.12;12.71;760.16;2.95;4.17;12.30
01.12.2020;10:47:01;1162.46;37.42;12.72;760.16;2.99;4.23;12.65
01.12.2020;10:48:01;1165.56;37.26;12.73;760.16;3.00;4.25;12.73
01.12.2020;10:49:01;1145.93;37.29;12.72;760.16;2.96;4.19;12.41
01.12.2020;10:50:01;1106.47;37.35;12.72;760.16;2.91;4.11;11.95
01.12.2020;10:51:01;1066.15;37.64;12.72;760.16;2.84;3.99;11.33
01.12.2020;10:52:01;1074.36;37.85;12.74;760.17;2.83;3.98;11.29
01.12.2020;10:53:01;1061.94;38.18;12.78;760.15;2.80;3.91;10.95
01.12.2020;10:54:01;1081.02;37.71;12.78;760.14;2.84;3.98;11.31
01.12.2020;10:55:01;1099.13;37.50;12.78;760.14;2.89;4.08;11.79
01.12.2020;10:56:01;1121.47;37.50;12.78;760.14;2.93;4.14;12.11
01.12.2020;10:57:01;1169.15;37.59;12.78;760.13;3.00;4.26;12.76
01.12.2020;10:58:01;1168.36;37.33;12.78;760.13;2.99;4.24;12.68
01.12.2020;10:59:01;1143.97;37.30;12.75;760.12;2.94;4.17;12.26
01.12.2020;11:00:01;1158.24;37.38;12.77;760.12;2.96;4.19;12.41
01.12.2020;11:01:01;1185.68;37.24;12.77;760.13;3.02;4.30;12.98
01.12.2020;11:02:01;1177.03;37.22;12.76;760.12;3.01;4.28;12.91
01.12.2020;11:03:01;1155.60;37.04;12.73;760.11;2.98;4.22;12.56
01.12.2020;11:04:01;1138.16;36.94;12.66;760.08;2.96;4.19;12.38
01.12.2020;11:05:02;1168.92;37.04;12.68;760.06;3.03;4.30;13.03
01.12.2020;11:06:02;1205.31;37.17;12.71;760.05;3.09;4.41;13.61
01.12.2020;11:07:02;1245.72;37.70;12.75;760.03;3.16;4.52;14.27
01.12.2020;11:08:02;1231.15;37.98;12.83;760.01;3.14;4.49;14.09
01.12.2020;11:09:02;1207.77;37.52;12.85;760.02;3.10;4.43;13.75
01.12.2020;11:10:02;1167.75;37.30;12.85;760.02;3.05;4.34;13.20
01.12.2020;11:11:02;1106.96;37.48;12.84;760.01;2.92;4.13;12.06
01.12.2020;11:12:02;1137.14;37.27;12.85;760.01;2.96;4.18;12.39
01.12.2020;11:13:02;1194.56;37.56;12.86;760.02;3.07;4.38;13.47
01.12.2020;11:14:02;1222.71;37.77;12.91;760.01;3.12;4.46;13.93
01.12.2020;11:15:02;1262.17;37.74;12.96;760.02;3.17;4.55;14.44
01.12.2020;11:16:02;1260.11;37.14;12.97;760.02;3.17;4.55;14.43
01.12.2020;11:17:02;1199.89;37.65;12.97;760.01;3.09;4.42;13.66
01.12.2020;11:18:02;1204.57;37.54;13.00;759.98;3.08;4.40;13.58
01.12.2020;11:19:02;1211.65;37.62;13.00;759.97;3.08;4.38;13.47
01.12.2020;11:20:02;1175.21;36.99;13.00;759.95;3.01;4.26;12.81
01.12.2020;11:21:02;1195.49;37.01;12.98;759.95;3.05;4.34;13.22
01.12.2020;11:22:02;1216.04;37.28;12.98;759.96;3.10;4.43;13.75
01.12.2020;11:23:02;1206.61;37.64;13.02;759.94;3.09;4.41;13.66
01.12.2020;11:24:02;1220.90;37.32;13.04;759.94;3.12;4.44;13.84
01.12.2020;11:25:02;1232.26;37.44;13.07;759.93;3.14;4.49;14.09
01.12.2020;11:26:02;1226.09;37.39;13.07;759.92;3.13;4.47;13.97
01.12.2020;11:27:02;1188.99;36.71;13.03;759.89;3.07;4.37;13.41
01.12.2020;11:28:02;1152.97;36.86;13.01;759.88;3.01;4.27;12.85
01.12.2020;11:29:03;1218.47;36.93;12.99;759.88;3.11;4.46;13.88
01.12.2020;11:30:03;1239.89;36.84;12.99;759.86;3.15;4.52;14.24
01.12.2020;11:31:03;1247.85;36.73;12.97;759.84;3.17;4.54;14.40
01.12.2020;11:32:03;1272.29;36.57;12.94;759.83;3.21;4.60;14.76
01.12.2020;11:33:03;1309.39;36.78;12.94;759.83;3.27;4.71;15.42
01.12.2020;11:34:03;1349.79;36.60;12.93;759.84;3.33;4.80;16.00
01.12.2020;11:35:03;1388.15;36.60;12.91;759.83;3.39;4.91;16.65
01.12.2020;11:36:03;1417.99;36.59;12.91;759.83;3.43;4.98;17.08
01.12.2020;11:37:03;1418.90;36.92;12.91;759.82;3.43;4.98;17.11
01.12.2020;11:38:03;1418.59;36.93;12.96;759.81;3.43;4.97;17.04
01.12.2020;11:39:03;1423.08;37.00;12.98;759.82;3.43;4.98;17.05
01.12.2020;11:40:03;1430.22;36.81;12.98;759.82;3.43;4.97;17.01
01.12.2020;11:41:03;1410.34;37.31;13.01;759.82;3.40;4.93;16.77
01.12.2020;11:42:03;1361.56;37.07;13.05;759.83;3.34;4.83;16.12
01.12.2020;11:43:03;1321.98;36.50;13.00;759.84;3.28;4.73;15.52
01.12.2020;11:44:03;1303.04;36.55;12.94;759.82;3.25;4.67;15.18
01.12.2020;11:45:03;1305.89;36.74;12.93;759.78;3.24;4.65;15.06
01.12.2020;11:46:03;1266.70;36.53;12.86;759.77;3.18;4.57;14.54
01.12.2020;11:47:03;1253.39;36.87;12.86;759.77;3.16;4.51;14.24
01.12.2020;11:48:03;1216.74;36.80;12.87;759.78;3.10;4.44;13.77
01.12.2020;11:49:03;1182.10;36.58;12.82;759.79;3.05;4.33;13.19
01.12.2020;11:50:03;1158.29;36.76;12.78;759.79;3.01;4.27;12.84
01.12.2020;11:51:03;1116.69;36.93;12.78;759.79;2.93;4.15;12.16
01.12.2020;11:52:03;1079.17;36.77;12.73;759.78;2.86;4.02;11.48
01.12.2020;11:53:04;1052.74;36.87;12.69;759.78;2.81;3.93;11.03
01.12.2020;11:54:04;973.72;36.88;12.64;759.79;2.65;3.69;9.77
01.12.2020;11:55:04;925.73;37.10;12.62;759.80;2.56;3.52;9.02
01.12.2020;11:56:04;973.81;37.23;12.59;759.83;2.66;3.70;9.85
01.12.2020;11:57:04;1029.60;37.08;12.56;759.84;2.77;3.87;10.74
01.12.2020;11:58:04;1044.72;37.35;12.54;759.82;2.79;3.92;10.94
01.12.2020;11:59:04;1084.94;37.44;12.58;759.83;2.86;4.03;11.53
01.12.2020;12:00:04;1105.61;37.61;12.60;759.84;2.91;4.10;11.94
01.12.2020;12:01:04;1079.92;37.29;12.60;759.85;2.87;4.03;11.56
01.12.2020;12:02:04;1051.04;37.43;12.56;759.85;2.81;3.93;11.06
01.12.2020;12:03:04;1029.00;37.52;12.61;759.83;2.79;3.90;10.87
01.12.2020;12:04:04;985.99;37.30;12.60;759.82;2.73;3.80;10.34
01.12.2020;12:05:04;1025.37;36.99;12.51;759.83;2.81;3.94;11.06
01.12.2020;12:06:04;1026.82;37.14;12.50;759.82;2.80;3.92;10.99
01.12.2020;12:07:04;994.21;37.45;12.52;759.81;2.71;3.78;10.25
01.12.2020;12:08:04;1074.63;37.63;12.53;759.81;2.86;4.02;11.49
01.12.2020;12:09:04;1060.44;37.45;12.53;759.79;2.84;3.98;11.30
01.12.2020;12:10:04;1057.57;37.18;12.48;759.77;2.85;3.99;11.36
01.12.2020;12:11:04;1039.79;37.31;12.48;759.75;2.81;3.93;11.04
01.12.2020;12:12:04;1066.81;37.55;12.50;759.74;2.85;4.00;11.38
01.12.2020;12:13:04;1097.40;37.85;12.53;759.73;2.90;4.09;11.86
01.12.2020;12:14:04;1025.57;37.53;12.54;759.74;2.76;3.88;10.71
01.12.2020;12:15:04;1064.89;37.32;12.50;759.73;2.83;3.98;11.28
01.12.2020;12:16:05;1185.86;37.29;12.47;759.71;3.04;4.33;13.18
01.12.2020;12:17:04;1212.34;37.18;12.46;759.71;3.08;4.39;13.53
01.12.2020;12:18:05;1174.18;37.25;12.48;759.70;3.00;4.26;12.80
01.12.2020;12:19:05;1021.49;37.35;12.47;759.71;2.72;3.79;10.29
01.12.2020;12:20:05;972.19;37.18;12.39;759.71;2.63;3.64;9.55
01.12.2020;12:21:05;1028.08;37.21;12.35;759.72;2.75;3.83;10.53
01.12.2020;12:22:05;1065.58;37.69;12.40;759.71;2.82;3.95;11.13
01.12.2020;12:23:05;1031.18;37.35;12.41;759.71;2.74;3.84;10.52
01.12.2020;12:24:05;916.26;37.55;12.37;759.69;2.53;3.48;8.78
01.12.2020;12:25:05;958.66;37.86;12.36;759.69;2.62;3.63;9.49
01.12.2020;12:26:05;992.56;37.65;12.38;759.67;2.69;3.74;10.07
01.12.2020;12:27:05;1000.23;37.47;12.35;759.67;2.71;3.77;10.23
01.12.2020;12:28:05;991.29;38.21;12.39;759.64;2.70;3.76;10.16
01.12.2020;12:29:05;1086.76;38.20;12.47;759.64;2.87;4.05;11.64
01.12.2020;12:30:05;1170.59;37.43;12.45;759.64;3.02;4.29;12.96
01.12.2020;12:31:05;1197.01;37.45;12.41;759.64;3.07;4.37;13.40
01.12.2020;12:32:05;1186.99;37.56;12.44;759.64;3.05;4.35;13.30
01.12.2020;12:33:05;1205.26;37.91;12.50;759.64;3.08;4.40;13.53
01.12.2020;12:34:05;1236.60;37.34;12.48;759.67;3.13;4.48;14.02
01.12.2020;12:35:05;1163.44;37.46;12.48;759.66;3.03;4.30;13.02
01.12.2020;12:36:05;1068.99;37.61;12.51;759.68;2.86;4.03;11.55
01.12.2020;12:37:05;1152.67;37.50;12.50;759.68;2.97;4.20;12.48
01.12.2020;12:38:05;1170.10;37.30;12.45;759.67;2.98;4.20;12.52
01.12.2020;12:39:05;1148.29;37.40;12.45;759.66;2.93;4.14;12.11
01.12.2020;12:40:05;1112.72;37.44;12.45;759.67;2.85;4.01;11.44
01.12.2020;12:41:05;1045.18;37.44;12.45;759.64;2.74;3.84;10.52
01.12.2020;12:42:06;1008.67;37.41;12.42;759.64;2.68;3.73;9.97
01.12.2020;12:43:06;968.60;37.29;12.33;759.63;2.60;3.61;9.39
01.12.2020;12:44:06;924.05;37.69;12.33;759.62;2.54;3.48;8.84
01.12.2020;12:45:06;914.75;38.33;12.40;759.62;2.53;3.46;8.75
01.12.2020;12:46:06;907.79;37.90;12.42;759.63;2.51;3.44;8.62
01.12.2020;12:47:06;900.25;38.13;12.44;759.62;2.47;3.39;8.39
01.12.2020;12:48:06;950.08;38.22;12.46;759.62;2.57;3.54;9.10
01.12.2020;12:49:06;954.76;38.24;12.48;759.64;2.58;3.55;9.15
01.12.2020;12:50:06;916.28;37.51;12.43;759.64;2.51;3.43;8.61
01.12.2020;12:51:06;900.99;37.65;12.35;759.63;2.47;3.38;8.35
01.12.2020;12:52:06;956.93;37.64;12.36;759.63;2.58;3.57;9.20
01.12.2020;12:53:06;894.89;37.61;12.34;759.62;2.45;3.34;8.18
01.12.2020;12:54:06;848.32;37.90;12.33;759.61;2.38;3.24;7.71
01.12.2020;12:55:06;923.68;37.98;12.36;759.61;2.56;3.53;9.03
01.12.2020;12:56:06;903.40;37.64;12.34;759.63;2.52;3.47;8.75
01.12.2020;12:57:06;995.68;37.60;12.29;759.64;2.71;3.77;10.22
01.12.2020;12:58:06;1032.26;37.69;12.31;759.63;2.78;3.88;10.79
01.12.2020;12:59:06;989.15;37.95;12.32;759.63;2.69;3.74;10.07
01.12.2020;13:00:06;939.15;37.74;12.33;759.63;2.58;3.57;9.22
01.12.2020;13:01:06;920.93;37.74;12.32;759.63;2.54;3.49;8.88
01.12.2020;13:02:06;938.54;37.93;12.31;759.63;2.57;3.55;9.11
01.12.2020;13:03:06;972.83;37.77;12.30;759.64;2.65;3.68;9.75
01.12.2020;13:04:06;980.01;37.78;12.29;759.63;2.68;3.72;9.97
01.12.2020;13:05:06;971.12;37.66;12.24;759.63;2.67;3.71;9.91
01.12.2020;13:06:06;923.63;37.75;12.21;759.61;2.57;3.55;9.12
01.12.2020;13:07:06;883.53;37.80;12.20;759.61;2.49;3.40;8.47
01.12.2020;13:08:06;808.63;37.87;12.19;759.62;2.33;3.15;7.33
01.12.2020;13:09:07;744.90;37.84;12.13;759.61;2.19;2.91;6.36
01.12.2020;13:10:07;764.75;37.88;12.05;759.60;2.22;2.97;6.60
01.12.2020;13:11:07;820.78;37.98;12.05;759.60;2.34;3.17;7.42
01.12.2020;13:12:07;763.28;38.01;12.01;759.59;2.21;2.93;6.47
01.12.2020;13:13:07;718.45;38.12;11.97;759.59;2.10;2.75;5.76
01.12.2020;13:14:07;729.14;38.25;11.97;759.57;2.10;2.75;5.76
01.12.2020;13:15:07;721.93;38.22;11.93;759.57;2.09;2.72;5.67
01.12.2020;13:16:07;670.79;38.64;11.96;759.55;1.95;2.45;4.77
01.12.2020;13:17:07;712.92;38.50;11.98;759.55;2.03;2.62;5.32
01.12.2020;13:18:07;731.02;38.50;11.97;759.53;2.08;2.71;5.65
01.12.2020;13:19:07;741.51;38.49;11.95;759.52;2.12;2.77;5.86
01.12.2020;13:20:07;750.90;38.43;11.95;759.49;2.15;2.83;6.07
01.12.2020;13:21:07;764.65;38.46;11.93;759.49;2.17;2.88;6.25
01.12.2020;13:22:07;776.19;38.36;11.89;759.49;2.21;2.94;6.48
01.12.2020;13:23:07;803.38;38.45;11.87;759.50;2.29;3.08;7.06
01.12.2020;13:24:07;844.44;38.44;11.84;759.50;2.39;3.25;7.78
01.12.2020;13:25:07;920.03;38.47;11.84;759.51;2.56;3.52;9.01
01.12.2020;13:26:07;994.68;38.48;11.83;759.50;2.72;3.79;10.32
01.12.2020;13:27:07;956.08;38.59;11.88;759.50;2.66;3.70;9.84
01.12.2020;13:28:07;1020.18;38.79;11.91;759.49;2.77;3.87;10.71
01.12.2020;13:29:07;1068.13;38.77;11.95;759.49;2.87;4.04;11.60
01.12.2020;13:30:07;1062.53;38.99;12.01;759.48;2.88;4.05;11.67
01.12.2020;13:31:07;1064.14;38.81;12.06;759.46;2.88;4.05;11.69
01.12.2020;13:32:07;998.47;38.79;12.08;759.48;2.75;3.84;10.58
01.12.2020;13:33:07;992.53;39.31;12.14;759.49;2.72;3.78;10.29
01.12.2020;13:34:07;1032.29;38.43;12.15;759.52;2.79;3.89;10.86
01.12.2020;13:35:07;955.54;38.26;12.09;759.53;2.63;3.65;9.60
01.12.2020;13:36:08;827.56;38.76;12.11;759.53;2.35;3.17;7.44
01.12.2020;13:37:08;863.53;38.32;12.07;759.55;2.41;3.29;7.92
01.12.2020;13:38:08;835.79;38.39;12.00;759.54;2.34;3.17;7.41
01.12.2020;13:39:08;776.28;38.75;12.06;759.52;2.21;2.95;6.52
01.12.2020;13:40:08;733.60;38.65;12.07;759.51;2.13;2.79;5.94
01.12.2020;13:41:08;755.40;38.64;12.05;759.50;2.19;2.91;6.37
01.12.2020;13:42:08;835.30;38.98;12.09;759.47;2.37;3.21;7.59
01.12.2020;13:43:08;948.42;38.53;12.11;759.46;2.60;3.59;9.31
01.12.2020;13:44:08;969.22;38.71;12.13;759.46;2.64;3.67;9.70
01.12.2020;13:45:08;945.71;38.55;12.15;759.45;2.59;3.60;9.32
01.12.2020;13:46:08;949.35;38.66;12.16;759.46;2.60;3.60;9.35
01.12.2020;13:47:08;893.69;38.25;12.12;759.47;2.48;3.39;8.42
01.12.2020;13:48:08;815.51;38.36;12.11;759.45;2.30;3.11;7.16
01.12.2020;13:49:08;771.82;38.35;12.09;759.47;2.21;2.93;6.46
01.12.2020;13:50:08;731.24;38.39;12.07;759.48;2.12;2.80;5.95
01.12.2020;13:51:08;756.08;38.54;12.05;759.48;2.18;2.90;6.34
01.12.2020;13:52:08;793.62;38.46;12.03;759.49;2.26;3.04;6.87
01.12.2020;13:53:08;752.93;38.45;11.98;759.48;2.18;2.89;6.30
01.12.2020;13:54:08;686.71;38.91;11.99;759.47;2.01;2.59;5.22
01.12.2020;13:55:08;730.07;38.61;11.99;759.47;2.11;2.76;5.80
01.12.2020;13:56:08;733.92;38.64;11.96;759.48;2.12;2.77;5.87
01.12.2020;13:57:08;748.76;38.77;11.97;759.48;2.14;2.82;6.05
01.12.2020;13:58:08;705.01;39.13;12.00;759.46;2.03;2.61;5.30
01.12.2020;13:59:08;677.05;38.63;11.96;759.46;1.96;2.49;4.89
01.12.2020;14:00:08;673.15;38.81;11.95;759.44;1.95;2.45;4.78
01.12.2020;14:01:08;661.79;38.94;11.98;759.43;1.92;2.40;4.59
01.12.2020;14:02:08;678.64;38.94;11.98;759.41;1.96;2.46;4.81
01.12.2020;14:03:09;669.51;38.61;11.92;759.40;1.93;2.40;4.63
01.12.2020;14:04:09;613.40;38.71;11.90;759.40;1.78;2.22;3.96
01.12.2020;14:05:09;553.67;38.72;11.85;759.39;1.65;2.04;3.37
01.12.2020;14:06:09;579.53;39.07;11.86;759.40;1.71;2.14;3.65
01.12.2020;14:07:09;581.75;38.85;11.86;759.39;1.71;2.16;3.69
01.12.2020;14:08:09;568.94;38.83;11.83;759.39;1.66;2.08;3.46
01.12.2020;14:09:09;523.36;39.20;11.85;759.40;1.53;1.86;2.85
01.12.2020;14:10:09;505.76;39.20;11.85;759.41;1.48;1.77;2.62
01.12.2020;14:11:09;487.01;39.37;11.85;759.42;1.43;1.68;2.40
01.12.2020;14:12:09;437.68;39.59;11.87;759.43;1.30;1.47;1.92
01.12.2020;14:13:09;388.97;39.65;11.87;759.42;1.16;1.25;1.45
01.12.2020;14:14:09;380.73;39.40;11.87;759.42;1.15;1.22;1.40
01.12.2020;14:15:09;379.99;39.19;11.84;759.42;1.16;1.23;1.43
01.12.2020;14:16:09;395.28;39.21;11.82;759.40;1.20;1.31;1.57
01.12.2020;14:17:09;401.97;39.04;11.79;759.40;1.22;1.33;1.62
01.12.2020;14:18:09;369.72;39.16;11.76;759.39;1.13;1.19;1.34
01.12.2020;14:19:09;345.97;39.39;11.74;759.40;1.07;1.10;1.18
01.12.2020;14:20:09;387.56;39.20;11.72;759.39;1.19;1.29;1.53
01.12.2020;14:21:09;382.33;39.24;11.72;759.40;1.18;1.28;1.50
01.12.2020;14:22:09;375.31;39.28;11.70;759.39;1.17;1.26;1.47
01.12.2020;14:23:09;352.15;39.16;11.65;759.42;1.10;1.15;1.27
01.12.2020;14:24:09;342.34;39.54;11.64;759.43;1.07;1.11;1.19
01.12.2020;14:25:09;352.71;39.44;11.64;759.42;1.11;1.15;1.28
01.12.2020;14:26:09;341.96;39.44;11.62;759.44;1.08;1.11;1.20
01.12.2020;14:27:09;332.67;39.43;11.58;759.45;1.06;1.07;1.13
01.12.2020;14:28:09;339.03;39.58;11.57;759.44;1.08;1.10;1.18
01.12.2020;14:29:09;359.76;39.74;11.58;759.45;1.15;1.21;1.39
01.12.2020;14:30:10;357.42;39.54;11.55;759.45;1.15;1.21;1.39
01.12.2020;14:31:10;344.08;39.74;11.55;759.46;1.12;1.17;1.30
01.12.2020;14:32:10;336.50;39.54;11.51;759.47;1.09;1.11;1.21
01.12.2020;14:33:10;312.53;39.54;11.47;759.48;1.01;0.99;1.00
01.12.2020;14:34:10;328.54;39.74;11.48;759.51;1.05;1.06;1.12
01.12.2020;14:35:10;299.78;40.29;11.52;759.52;0.97;0.92;0.88
01.12.2020;14:36:10;287.94;40.02;11.55;759.54;0.93;0.85;0.79
01.12.2020;14:37:10;283.44;39.64;11.51;759.56;0.91;0.82;0.75
01.12.2020;14:38:10;290.30;39.71;11.47;759.58;0.93;0.86;0.80
01.12.2020;14:39:10;297.64;39.99;11.50;759.58;0.96;0.91;0.87
01.12.2020;14:40:10;284.89;39.90;11.49;759.60;0.91;0.82;0.74
01.12.2020;14:41:10;264.58;40.28;11.51;759.61;0.85;0.72;0.61
01.12.2020;14:42:10;237.22;39.88;11.51;759.63;0.77;0.58;0.45
01.12.2020;14:43:10;248.49;39.77;11.46;759.64;0.80;0.62;0.50
01.12.2020;14:44:10;237.67;39.75;11.44;759.64;0.77;0.59;0.45
01.12.2020;14:45:10;224.21;39.76;11.42;759.64;0.73;0.52;0.38
01.12.2020;14:46:10;237.25;39.71;11.38;759.64;0.77;0.60;0.46
01.12.2020;14:47:10;230.90;39.95;11.39;759.64;0.76;0.57;0.43
01.12.2020;14:48:10;227.47;40.17;11.41;759.63;0.73;0.52;0.38
01.12.2020;14:49:10;225.42;40.08;11.41;759.62;0.72;0.51;0.37
01.12.2020;14:50:10;213.79;40.13;11.42;759.63;0.68;0.45;0.31
01.12.2020;14:51:10;190.79;40.60;11.45;759.62;0.61;0.33;0.20
01.12.2020;14:52:10;183.65;39.91;11.42;759.61;0.58;0.29;0.17
01.12.2020;14:53:10;170.82;39.94;11.39;759.62;0.53;0.21;0.11
01.12.2020;14:54:10;186.14;39.99;11.37;759.62;0.59;0.31;0.18
01.12.2020;14:55:10;196.40;40.04;11.35;759.62;0.63;0.37;0.23
01.12.2020;14:56:10;181.83;40.08;11.33;759.61;0.57;0.28;0.16
01.12.2020;14:57:10;183.69;40.53;11.34;759.60;0.57;0.27;0.16
01.12.2020;14:58:11;189.86;40.81;11.39;759.58;0.60;0.31;0.19
01.12.2020;14:59:11;185.75;40.22;11.39;759.58;0.59;0.30;0.18
01.12.2020;15:00:11;198.59;40.79;11.40;759.57;0.63;0.38;0.24
01.12.2020;15:01:11;189.17;40.32;11.41;759.55;0.60;0.33;0.20
01.12.2020;15:02:11;200.49;40.17;11.39;759.56;0.64;0.39;0.25
01.12.2020;15:03:11;214.82;40.34;11.39;759.57;0.69;0.47;0.32
01.12.2020;15:04:11;218.71;40.11;11.38;759.57;0.70;0.49;0.35
01.12.2020;15:05:11;205.79;40.12;11.36;759.57;0.66;0.42;0.28
01.12.2020;15:06:11;208.46;40.32;11.38;759.57;0.67;0.43;0.29
01.12.2020;15:07:11;204.35;40.41;11.38;759.56;0.65;0.41;0.26
01.12.2020;15:08:11;199.51;40.28;11.38;759.55;0.64;0.39;0.25
01.12.2020;15:09:11;184.53;40.23;11.36;759.55;0.59;0.30;0.18
01.12.2020;15:10:11;185.71;40.43;11.36;759.55;0.58;0.30;0.17
01.12.2020;15:11:11;203.82;40.30;11.37;759.56;0.65;0.40;0.26
01.12.2020;15:12:11;206.45;40.18;11.35;759.55;0.66;0.42;0.28
01.12.2020;15:13:11;191.68;40.24;11.35;759.54;0.62;0.35;0.21
01.12.2020;15:14:11;183.28;40.16;11.33;759.53;0.59;0.31;0.18
01.12.2020;15:15:11;186.97;40.37;11.34;759.53;0.61;0.34;0.20
01.12.2020;15:16:11;185.25;40.50;11.34;759.53;0.61;0.34;0.21
01.12.2020;15:17:11;164.53;40.55;11.36;759.53;0.54;0.22;0.12
01.12.2020;15:18:11;167.54;40.46;11.36;759.55;0.55;0.24;0.13
01.12.2020;15:19:11;157.71;40.38;11.35;759.55;0.52;0.18;0.09
01.12.2020;15:20:11;137.92;40.41;11.34;759.55;0.44;0.03;0.01
01.12.2020;15:21:11;152.68;40.38;11.31;759.55;0.49;0.13;0.06
01.12.2020;15:22:11;159.31;40.29;11.29;759.54;0.50;0.16;0.08
01.12.2020;15:23:11;161.76;40.35;11.29;759.54;0.51;0.18;0.09
01.12.2020;15:24:11;153.98;40.34;11.27;759.52;0.49;0.12;0.06
01.12.2020;15:25:11;154.82;40.37;11.27;759.51;0.49;0.15;0.07
01.12.2020;15:26:11;165.96;40.52;11.28;759.52;0.53;0.22;0.11
01.12.2020;15:27:12;175.97;40.67;11.28;759.52;0.57;0.27;0.15
01.12.2020;15:28:12;173.94;40.43;11.26;759.52;0.56;0.25;0.14
01.12.2020;15:29:12;157.51;40.44;11.25;759.52;0.51;0.17;0.09
01.12.2020;15:30:12;144.89;40.74;11.27;759.53;0.47;0.10;0.05
01.12.2020;15:31:12;131.44;40.56;11.27;759.54;0.43;0.02;0.01
01.12.2020;15:32:12;125.11;40.58;11.24;759.55;0.41;0.00;0.00
01.12.2020;15:33:12;123.03;40.58;11.24;759.56;0.40;0.00;0.00
01.12.2020;15:34:12;120.18;40.75;11.25;759.56;0.39;0.00;0.00
01.12.2020;15:35:12;119.99;40.58;11.22;759.55;0.40;0.00;0.00
01.12.2020;15:36:12;104.56;40.58;11.22;759.54;0.34;0.00;0.00
01.12.2020;15:37:12;101.24;40.57;11.19;759.54;0.33;0.00;0.00
01.12.2020;15:38:12;108.64;40.88;11.20;759.53;0.37;0.00;0.00
01.12.2020;15:39:12;105.47;40.93;11.22;759.54;0.36;0.00;0.00
01.12.2020;15:40:12;93.18;40.78;11.22;759.56;0.31;0.00;0.00
01.12.2020;15:41:12;83.97;40.79;11.20;759.57;0.27;0.00;0.00
01.12.2020;15:42:12;76.67;41.26;11.23;759.58;0.25;0.00;0.00
01.12.2020;15:43:12;71.74;41.01;11.25;759.60;0.23;0.00;0.00
01.12.2020;15:44:12;68.92;40.72;11.23;759.60;0.22;0.00;0.00
01.12.2020;15:45:12;62.44;40.69;11.22;759.59;0.19;0.00;0.00
01.12.2020;15:46:12;58.65;40.84;11.21;759.60;0.17;0.00;0.00
01.12.2020;15:47:12;56.82;40.85;11.22;759.59;0.17;0.00;0.00
01.12.2020;15:48:12;55.37;40.89;11.22;759.57;0.16;0.00;0.00
01.12.2020;15:49:12;49.10;40.73;11.19;759.57;0.13;0.00;0.00
01.12.2020;15:50:12;40.86;40.70;11.16;759.56;0.09;0.00;0.00
01.12.2020;15:51:12;35.55;40.72;11.14;759.57;0.07;0.00;0.00
01.12.2020;15:52:12;33.24;40.81;11.14;759.57;0.06;0.00;0.00
01.12.2020;15:53:12;29.57;40.90;11.14;759.60;0.05;0.00;0.00
01.12.2020;15:54:12;27.20;40.95;11.13;759.62;0.04;0.00;0.00
01.12.2020;15:55:12;24.92;40.90;11.12;759.61;0.03;0.00;0.00
01.12.2020;15:56:13;23.46;40.96;11.10;759.62;0.02;0.00;0.00
01.12.2020;15:57:13;20.64;41.25;11.11;759.60;0.01;0.00;0.00
01.12.2020;15:58:13;17.93;41.58;11.14;759.61;0.00;0.00;0.00
01.12.2020;15:59:13;17.22;41.52;11.17;759.60;0.00;0.00;0.00
01.12.2020;16:00:13;14.90;40.88;11.15;759.60;0.00;0.00;0.00
01.12.2020;16:01:13;13.81;40.99;11.13;759.60;0.00;0.00;0.00
01.12.2020;16:02:13;12.47;41.00;11.11;759.62;0.00;0.00;0.00
01.12.2020;16:03:13;11.65;41.30;11.12;759.63;0.00;0.00;0.00
01.12.2020;16:04:13;10.75;41.08;11.11;759.64;0.00;0.00;0.00
01.12.2020;16:05:13;10.00;41.06;11.11;759.64;0.00;0.00;0.00
01.12.2020;16:06:13;9.21;41.42;11.12;759.65;0.00;0.00;0.00
01.12.2020;16:07:13;9.03;41.28;11.13;759.66;0.00;0.00;0.00
01.12.2020;16:08:13;7.94;41.05;11.09;759.66;0.00;0.00;0.00
01.12.2020;16:09:13;7.37;40.98;11.08;759.66;0.00;0.00;0.00
01.12.2020;16:10:13;6.67;40.90;11.04;759.66;0.00;0.00;0.00
01.12.2020;16:11:13;6.67;41.03;11.02;759.67;0.00;0.00;0.00
01.12.2020;16:12:13;6.26;41.15;11.02;759.68;0.00;0.00;0.00
01.12.2020;16:13:13;5.83;41.32;11.01;759.68;0.00;0.00;0.00
01.12.2020;16:14:13;5.28;41.53;11.05;759.69;0.00;0.00;0.00
01.12.2020;16:15:13;5.00;41.72;11.07;759.68;0.00;0.00;0.00
01.12.2020;16:16:13;5.00;41.78;11.10;759.67;0.00;0.00;0.00
01.12.2020;16:17:13;4.86;41.35;11.11;759.66;0.00;0.00;0.00
01.12.2020;16:18:13;4.18;41.05;11.06;759.66;0.00;0.00;0.00
01.12.2020;16:19:13;4.17;41.70;11.08;759.67;0.00;0.00;0.00
01.12.2020;16:20:13;4.19;41.09;11.07;759.67;0.00;0.00;0.00
01.12.2020;16:21:13;4.17;41.01;11.04;759.67;0.00;0.00;0.00
01.12.2020;16:22:13;3.93;41.20;11.03;759.66;0.00;0.00;0.00
01.12.2020;16:23:13;3.35;41.23;11.02;759.66;0.00;0.00;0.00
01.12.2020;16:24:13;3.33;41.44;11.03;759.67;0.00;0.00;0.00
01.12.2020;16:25:13;3.33;41.28;11.02;759.68;0.00;0.00;0.00
01.12.2020;16:26:13;3.33;41.66;11.03;759.68;0.00;0.00;0.00
01.12.2020;16:27:14;3.33;41.94;11.05;759.69;0.00;0.00;0.00
01.12.2020;16:28:14;3.33;41.49;11.06;759.68;0.00;0.00;0.00
01.12.2020;16:29:14;3.33;41.24;11.04;759.66;0.00;0.00;0.00
01.12.2020;16:30:14;3.33;41.36;11.01;759.66;0.00;0.00;0.00
01.12.2020;16:31:14;3.35;41.34;11.01;759.67;0.00;0.00;0.00
01.12.2020;16:32:14;3.33;41.52;11.01;759.67;0.00;0.00;0.00
01.12.2020;16:33:14;3.33;41.60;11.02;759.68;0.00;0.00;0.00
01.12.2020;16:34:14;3.36;41.91;11.05;759.69;0.00;0.00;0.00
01.12.2020;16:35:14;3.33;41.70;11.06;759.69;0.00;0.00;0.00
01.12.2020;16:36:14;3.33;41.81;11.10;759.68;0.00;0.00;0.00
01.12.2020;16:37:14;3.35;41.45;11.10;759.68;0.00;0.00;0.00
01.12.2020;16:38:14;3.33;41.25;11.09;759.67;0.00;0.00;0.00
01.12.2020;16:39:14;3.33;41.21;11.07;759.67;0.00;0.00;0.00
01.12.2020;16:40:14;3.33;41.56;11.08;759.67;0.00;0.00;0.00
01.12.2020;16:41:14;3.33;41.47;11.09;759.67;0.00;0.00;0.00
01.12.2020;16:42:14;3.33;41.57;11.11;759.67;0.00;0.00;0.00
01.12.2020;16:43:14;3.33;41.48;11.12;759.68;0.00;0.00;0.00
01.12.2020;16:44:14;3.33;41.74;11.13;759.69;0.00;0.00;0.00
01.12.2020;16:45:14;3.35;41.75;11.16;759.69;0.00;0.00;0.00
01.12.2020;16:46:14;3.33;41.57;11.17;759.69;0.00;0.00;0.00
01.12.2020;16:47:14;3.33;41.56;11.19;759.68;0.00;0.00;0.00
01.12.2020;16:48:14;3.36;41.27;11.19;759.68;0.00;0.00;0.00
01.12.2020;16:49:14;3.33;41.24;11.17;759.68;0.00;0.00;0.00
01.12.2020;16:50:14;3.33;41.16;11.17;759.68;0.00;0.00;0.00
01.12.2020;16:51:14;3.35;41.06;11.13;759.67;0.00;0.00;0.00
01.12.2020;16:52:14;3.33;41.08;11.10;759.68;0.00;0.00;0.00
01.12.2020;16:53:14;3.33;41.12;11.08;759.69;0.00;0.00;0.00
01.12.2020;16:54:14;3.33;41.40;11.08;759.69;0.00;0.00;0.00
01.12.2020;16:55:14;3.33;41.33;11.08;759.67;0.00;0.00;0.00
01.12.2020;16:56:14;3.33;41.34;11.07;759.68;0.00;0.00;0.00
01.12.2020;16:57:14;3.33;41.43;11.07;759.67;0.00;0.00;0.00
01.12.2020;16:58:14;3.33;41.64;11.07;759.66;0.00;0.00;0.00
01.12.2020;16:59:15;3.35;41.58;11.08;759.68;0.00;0.00;0.00
01.12.2020;17:00:15;3.33;41.73;11.12;759.70;0.00;0.00;0.00
01.12.2020;17:01:15;3.33;41.77;11.14;759.70;0.00;0.00;0.00
01.12.2020;17:02:15;3.36;41.51;11.15;759.69;0.00;0.00;0.00
01.12.2020;17:03:15;3.33;41.47;11.13;759.70;0.00;0.00;0.00
01.12.2020;17:04:15;3.33;41.48;11.16;759.67;0.00;0.00;0.00
01.12.2020;17:05:15;3.35;41.31;11.13;759.69;0.00;0.00;0.00
01.12.2020;17:06:15;3.33;41.52;11.14;759.70;0.00;0.00;0.00
01.12.2020;17:07:15;3.33;41.19;11.12;759.69;0.00;0.00;0.00
01.12.2020;17:08:15;3.33;41.37;11.08;759.68;0.00;0.00;0.00
01.12.2020;17:09:15;3.33;41.50;11.09;759.67;0.00;0.00;0.00
01.12.2020;17:10:15;3.33;41.81;11.11;759.68;0.00;0.00;0.00
01.12.2020;17:11:15;3.33;41.76;11.12;759.70;0.00;0.00;0.00
01.12.2020;17:12:15;3.33;41.61;11.12;759.70;0.00;0.00;0.00
01.12.2020;17:13:15;3.35;41.41;11.09;759.70;0.00;0.00;0.00
01.12.2020;17:14:15;3.33;41.37;11.07;759.69;0.00;0.00;0.00
01.12.2020;17:15:15;3.33;41.61;11.05;759.70;0.00;0.00;0.00
01.12.2020;17:16:15;3.36;41.69;11.06;759.71;0.00;0.00;0.00
01.12.2020;17:17:15;3.33;41.47;11.07;759.69;0.00;0.00;0.00
01.12.2020;17:18:15;3.33;41.67;11.06;759.71;0.00;0.00;0.00
01.12.2020;17:19:15;3.35;41.80;11.08;759.71;0.00;0.00;0.00
01.12.2020;17:20:15;3.33;41.33;11.06;759.71;0.00;0.00;0.00
01.12.2020;17:21:15;3.33;41.28;11.00;759.69;0.00;0.00;0.00
01.12.2020;17:22:15;3.33;41.54;11.00;759.70;0.00;0.00;0.00
01.12.2020;17:23:15;3.33;42.02;11.05;759.68;0.00;0.00;0.00
01.12.2020;17:24:15;3.33;41.85;11.07;759.67;0.00;0.00;0.00
01.12.2020;17:25:15;3.33;41.71;11.08;759.66;0.00;0.00;0.00
01.12.2020;17:26:15;3.33;41.56;11.09;759.65;0.00;0.00;0.00
01.12.2020;17:27:15;3.35;41.62;11.10;759.65;0.00;0.00;0.00
01.12.2020;17:28:15;3.33;41.60;11.10;759.65;0.00;0.00;0.00
01.12.2020;17:29:15;3.33;41.85;11.13;759.64;0.00;0.00;0.00
01.12.2020;17:30:15;3.36;41.61;11.15;759.62;0.00;0.00;0.00
01.12.2020;17:31:16;3.33;41.71;11.16;759.60;0.00;0.00;0.00
01.12.2020;17:32:16;3.33;41.48;11.17;759.58;0.00;0.00;0.00
01.12.2020;17:33:16;3.35;41.27;11.15;759.61;0.00;0.00;0.00
01.12.2020;17:34:16;3.33;41.20;11.11;759.61;0.00;0.00;0.00
01.12.2020;17:35:16;3.33;41.33;11.11;759.61;0.00;0.00;0.00
01.12.2020;17:36:16;3.33;41.50;11.11;759.63;0.00;0.00;0.00
01.12.2020;17:37:16;3.33;41.78;11.14;759.62;0.00;0.00;0.00
01.12.2020;17:38:16;3.33;41.57;11.14;759.64;0.00;0.00;0.00
01.12.2020;17:39:16;3.33;41.65;11.15;759.66;0.00;0.00;0.00
01.12.2020;17:40:16;3.33;41.52;11.16;759.65;0.00;0.00;0.00
01.12.2020;17:41:16;3.35;41.61;11.16;759.64;0.00;0.00;0.00
01.12.2020;17:42:16;3.33;41.59;11.16;759.65;0.00;0.00;0.00
01.12.2020;17:43:16;3.33;41.30;11.16;759.65;0.00;0.00;0.00
01.12.2020;17:44:16;3.36;41.38;11.14;759.67;0.00;0.00;0.00
01.12.2020;17:45:16;3.33;41.50;11.14;759.67;0.00;0.00;0.00
01.12.2020;17:46:16;3.33;41.48;11.13;759.67;0.00;0.00;0.00
01.12.2020;17:47:16;3.35;41.82;11.15;759.67;0.00;0.00;0.00
01.12.2020;17:48:16;3.33;41.75;11.18;759.67;0.00;0.00;0.00
01.12.2020;17:49:16;3.33;41.58;11.18;759.66;0.00;0.00;0.00
01.12.2020;17:50:16;3.33;41.52;11.20;759.68;0.00;0.00;0.00
01.12.2020;17:51:16;3.33;41.21;11.18;759.70;0.00;0.00;0.00
01.12.2020;17:52:16;3.33;41.53;11.16;759.70;0.00;0.00;0.00
01.12.2020;17:53:16;3.33;41.66;11.19;759.70;0.00;0.00;0.00
01.12.2020;17:54:16;3.33;41.51;11.20;759.71;0.00;0.00;0.00
01.12.2020;17:55:16;3.35;41.37;11.18;759.71;0.00;0.00;0.00
01.12.2020;17:56:16;3.33;41.44;11.17;759.71;0.00;0.00;0.00
01.12.2020;17:57:16;3.33;41.73;11.18;759.71;0.00;0.00;0.00
01.12.2020;17:58:16;3.36;41.60;11.19;759.71;0.00;0.00;0.00
01.12.2020;17:59:16;3.33;41.42;11.19;759.71;0.00;0.00;0.00
01.12.2020;18:00:16;3.33;41.67;11.20;759.69;0.00;0.00;0.00
01.12.2020;18:01:16;3.35;41.46;11.20;759.67;0.00;0.00;0.00
01.12.2020;18:02:16;3.33;41.53;11.20;759.66;0.00;0.00;0.00
01.12.2020;18:03:17;3.33;41.55;11.21;759.64;0.00;0.00;0.00
01.12.2020;18:04:17;3.33;41.51;11.21;759.64;0.00;0.00;0.00
01.12.2020;18:05:17;3.33;41.29;11.20;759.63;0.00;0.00;0.00
01.12.2020;18:06:17;3.33;41.28;11.18;759.62;0.00;0.00;0.00
01.12.2020;18:07:17;3.33;41.53;11.18;759.61;0.00;0.00;0.00
01.12.2020;18:08:17;3.33;41.38;11.17;759.62;0.00;0.00;0.00
01.12.2020;18:09:17;3.35;41.40;11.15;759.63;0.00;0.00;0.00
01.12.2020;18:10:17;3.33;41.28;11.12;759.65;0.00;0.00;0.00
01.12.2020;18:11:17;3.33;41.38;11.10;759.67;0.00;0.00;0.00
01.12.2020;18:12:17;3.36;41.56;11.10;759.67;0.00;0.00;0.00
01.12.2020;18:13:17;3.33;41.75;11.11;759.66;0.00;0.00;0.00
01.12.2020;18:14:17;3.33;41.59;11.10;759.66;0.00;0.00;0.00
01.12.2020;18:15:17;3.35;41.77;11.11;759.67;0.00;0.00;0.00
01.12.2020;18:16:17;3.33;41.71;11.12;759.66;0.00;0.00;0.00
01.12.2020;18:17:17;3.33;41.80;11.13;759.65;0.00;0.00;0.00
01.12.2020;18:18:17;3.33;41.77;11.14;759.65;0.00;0.00;0.00
01.12.2020;18:19:17;3.33;41.50;11.13;759.64;0.00;0.00;0.00
01.12.2020;18:20:17;3.33;41.42;11.09;759.64;0.00;0.00;0.00
01.12.2020;18:21:17;3.33;41.37;11.05;759.64;0.00;0.00;0.00
01.12.2020;18:22:17;3.33;41.44;11.02;759.64;0.00;0.00;0.00
01.12.2020;18:23:17;3.35;41.58;11.01;759.64;0.00;0.00;0.00
01.12.2020;18:24:17;3.33;41.83;11.01;759.65;0.00;0.00;0.00
01.12.2020;18:25:17;3.33;41.84;11.02;759.65;0.00;0.00;0.00
01.12.2020;18:26:17;3.36;41.81;11.01;759.65;0.00;0.00;0.00
01.12.2020;18:27:17;3.33;42.15;11.02;759.66;0.00;0.00;0.00
01.12.2020;18:28:17;3.33;42.20;11.05;759.66;0.00;0.00;0.00
01.12.2020;18:29:17;3.35;41.78;11.05;759.67;0.00;0.00;0.00
01.12.2020;18:30:17;3.33;42.12;11.06;759.69;0.00;0.00;0.00
01.12.2020;18:31:17;3.33;41.88;11.08;759.69;0.00;0.00;0.00
01.12.2020;18:32:17;3.33;41.90;11.07;759.68;0.00;0.00;0.00
01.12.2020;18:33:17;3.33;41.86;11.08;759.68;0.00;0.00;0.00
01.12.2020;18:34:17;3.33;41.72;11.08;759.69;0.00;0.00;0.00
01.12.2020;18:35:18;3.33;41.74;11.08;759.69;0.00;0.00;0.00
01.12.2020;18:36:18;3.33;41.72;11.09;759.70;0.00;0.00;0.00
01.12.2020;18:37:18;3.35;41.76;11.08;759.71;0.00;0.00;0.00
01.12.2020;18:38:18;3.33;41.87;11.09;759.71;0.00;0.00;0.00
01.12.2020;18:39:18;3.33;41.75;11.10;759.72;0.00;0.00;0.00
01.12.2020;18:40:18;3.36;41.98;11.12;759.72;0.00;0.00;0.00
01.12.2020;18:41:18;3.33;41.72;11.13;759.73;0.00;0.00;0.00
01.12.2020;18:42:18;3.33;41.81;11.13;759.76;0.00;0.00;0.00
01.12.2020;18:43:18;3.35;41.76;11.13;759.77;0.00;0.00;0.00
01.12.2020;18:44:18;3.33;41.79;11.15;759.78;0.00;0.00;0.00
01.12.2020;18:45:18;3.33;41.92;11.16;759.77;0.00;0.00;0.00
01.12.2020;18:46:18;3.33;41.71;11.17;759.75;0.00;0.00;0.00
01.12.2020;18:47:18;3.33;41.81;11.17;759.74;0.00;0.00;0.00
01.12.2020;18:48:18;3.33;41.83;11.19;759.75;0.00;0.00;0.00
01.12.2020;18:49:18;3.33;41.50;11.19;759.76;0.00;0.00;0.00
01.12.2020;18:50:18;3.33;41.53;11.17;759.76;0.00;0.00;0.00
01.12.2020;18:51:18;3.35;41.54;11.16;759.76;0.00;0.00;0.00
01.12.2020;18:52:18;3.33;41.84;11.16;759.75;0.00;0.00;0.00
01.12.2020;18:53:18;3.33;41.74;11.17;759.73;0.00;0.00;0.00
01.12.2020;18:54:18;3.36;41.50;11.16;759.74;0.00;0.00;0.00
01.12.2020;18:55:18;3.33;41.51;11.12;759.74;0.00;0.00;0.00
01.12.2020;18:56:18;3.33;41.64;11.11;759.72;0.00;0.00;0.00
01.12.2020;18:57:18;3.35;41.80;11.12;759.72;0.00;0.00;0.00
01.12.2020;18:58:18;3.33;41.98;11.14;759.71;0.00;0.00;0.00
01.12.2020;18:59:18;3.33;41.88;11.15;759.71;0.00;0.00;0.00
01.12.2020;19:00:18;3.33;41.65;11.15;759.70;0.00;0.00;0.00
01.12.2020;19:01:18;3.33;41.56;11.12;759.71;0.00;0.00;0.00
01.12.2020;19:02:18;3.33;41.61;11.08;759.71;0.00;0.00;0.00
01.12.2020;19:03:18;3.33;41.75;11.07;759.71;0.00;0.00;0.00
01.12.2020;19:04:18;3.33;41.78;11.08;759.72;0.00;0.00;0.00
01.12.2020;19:05:18;3.35;41.83;11.06;759.71;0.00;0.00;0.00
01.12.2020;19:06:18;3.33;41.87;11.06;759.73;0.00;0.00;0.00
01.12.2020;19:07:19;3.33;41.99;11.05;759.73;0.00;0.00;0.00
01.12.2020;19:08:19;3.36;41.88;11.05;759.74;0.00;0.00;0.00
01.12.2020;19:09:19;3.33;41.85;11.04;759.76;0.00;0.00;0.00
01.12.2020;19:10:19;3.33;41.96;11.04;759.76;0.00;0.00;0.00
01.12.2020;19:11:19;3.35;42.08;11.06;759.76;0.00;0.00;0.00
01.12.2020;19:12:19;3.33;41.86;11.05;759.76;0.00;0.00;0.00
01.12.2020;19:13:19;3.33;41.90;11.04;759.76;0.00;0.00;0.00
01.12.2020;19:14:19;3.33;41.90;11.04;759.76;0.00;0.00;0.00
01.12.2020;19:15:19;3.33;42.19;11.06;759.76;0.00;0.00;0.00
01.12.2020;19:16:19;3.33;42.02;11.08;759.78;0.00;0.00;0.00
01.12.2020;19:17:19;3.33;42.04;11.10;759.78;0.00;0.00;0.00
01.12.2020;19:18:19;3.33;42.07;11.12;759.78;0.00;0.00;0.00
01.12.2020;19:19:19;3.35;41.89;11.13;759.77;0.00;0.00;0.00
01.12.2020;19:20:19;3.33;41.74;11.13;759.77;0.00;0.00;0.00
01.12.2020;19:21:19;3.33;41.87;11.12;759.76;0.00;0.00;0.00
01.12.2020;19:22:19;3.36;42.12;11.14;759.77;0.00;0.00;0.00
01.12.2020;19:23:19;3.33;41.87;11.16;759.77;0.00;0.00;0.00
01.12.2020;19:24:19;3.33;41.73;11.15;759.77;0.00;0.00;0.00
01.12.2020;19:25:19;3.35;41.65;11.14;759.77;0.00;0.00;0.00
01.12.2020;19:26:19;3.33;41.86;11.13;759.77;0.00;0.00;0.00
01.12.2020;19:27:19;3.33;41.92;11.14;759.76;0.00;0.00;0.00
01.12.2020;19:28:19;3.33;41.84;11.14;759.76;0.00;0.00;0.00
01.12.2020;19:29:19;3.33;41.88;11.14;759.76;0.00;0.00;0.00
01.12.2020;19:30:19;3.33;41.73;11.14;759.76;0.00;0.00;0.00
01.12.2020;19:31:19;3.33;41.72;11.12;759.76;0.00;0.00;0.00
01.12.2020;19:32:19;3.33;42.01;11.13;759.77;0.00;0.00;0.00
01.12.2020;19:33:19;3.35;41.90;11.14;759.78;0.00;0.00;0.00
01.12.2020;19:34:19;3.33;42.08;11.15;759.77;0.00;0.00;0.00
01.12.2020;19:35:19;3.33;41.86;11.17;759.76;0.00;0.00;0.00
01.12.2020;19:36:19;3.36;41.84;11.16;759.77;0.00;0.00;0.00
01.12.2020;19:37:19;3.33;41.98;11.17;759.76;0.00;0.00;0.00
01.12.2020;19:38:19;3.33;41.96;11.20;759.76;0.00;0.00;0.00
01.12.2020;19:39:20;3.35;41.92;11.22;759.74;0.00;0.00;0.00
01.12.2020;19:40:20;3.33;41.77;11.23;759.71;0.00;0.00;0.00
01.12.2020;19:41:20;3.33;41.73;11.23;759.70;0.00;0.00;0.00
01.12.2020;19:42:20;3.33;41.69;11.22;759.69;0.00;0.00;0.00
01.12.2020;19:43:20;3.33;41.79;11.23;759.68;0.00;0.00;0.00
01.12.2020;19:44:20;3.33;41.65;11.24;759.67;0.00;0.00;0.00
01.12.2020;19:45:20;3.33;41.51;11.21;759.67;0.00;0.00;0.00
01.12.2020;19:46:20;3.33;41.76;11.19;759.66;0.00;0.00;0.00
01.12.2020;19:47:20;3.35;41.69;11.20;759.66;0.00;0.00;0.00
01.12.2020;19:48:20;3.33;41.82;11.20;759.68;0.00;0.00;0.00
01.12.2020;19:49:20;3.33;41.65;11.20;759.69;0.00;0.00;0.00
01.12.2020;19:50:20;3.36;41.89;11.21;759.70;0.00;0.00;0.00
01.12.2020;19:51:20;3.33;41.89;11.21;759.70;0.00;0.00;0.00
01.12.2020;19:52:20;3.33;41.85;11.23;759.72;0.00;0.00;0.00
01.12.2020;19:53:20;3.35;41.70;11.23;759.71;0.00;0.00;0.00
01.12.2020;19:54:20;3.33;41.83;11.23;759.72;0.00;0.00;0.00
01.12.2020;19:55:20;3.33;41.87;11.25;759.72;0.00;0.00;0.00
01.12.2020;19:56:20;3.33;41.72;11.26;759.73;0.00;0.00;0.00
01.12.2020;19:57:20;3.33;41.75;11.26;759.72;0.00;0.00;0.00
01.12.2020;19:58:20;3.33;41.69;11.27;759.73;0.00;0.00;0.00
01.12.2020;19:59:20;3.33;41.77;11.27;759.73;0.00;0.00;0.00
01.12.2020;20:00:20;3.33;41.62;11.27;759.75;0.00;0.00;0.00
01.12.2020;20:01:20;3.35;41.62;11.25;759.76;0.00;0.00;0.00
01.12.2020;20:02:20;3.33;41.76;11.27;759.76;0.00;0.00;0.00
01.12.2020;20:03:20;3.33;41.71;11.28;759.75;0.00;0.00;0.00
01.12.2020;20:04:20;3.36;41.53;11.27;759.75;0.00;0.00;0.00
01.12.2020;20:05:20;3.33;41.62;11.26;759.73;0.00;0.00;0.00
01.12.2020;20:06:20;3.33;41.59;11.25;759.73;0.00;0.00;0.00
01.12.2020;20:07:20;3.35;41.81;11.25;759.75;0.00;0.00;0.00
01.12.2020;20:08:20;3.33;41.73;11.26;759.74;0.00;0.00;0.00
01.12.2020;20:09:20;3.33;41.63;11.25;759.73;0.00;0.00;0.00
01.12.2020;20:10:20;3.33;41.71;11.24;759.75;0.00;0.00;0.00
01.12.2020;20:11:21;3.33;41.80;11.24;759.74;0.00;0.00;0.00
01.12.2020;20:12:21;3.33;41.81;11.24;759.75;0.00;0.00;0.00
01.12.2020;20:13:21;3.33;41.85;11.26;759.75;0.00;0.00;0.00
01.12.2020;20:14:21;3.33;41.86;11.27;759.74;0.00;0.00;0.00
01.12.2020;20:15:21;3.35;41.77;11.27;759.73;0.00;0.00;0.00
01.12.2020;20:16:21;3.33;41.74;11.28;759.75;0.00;0.00;0.00
01.12.2020;20:17:21;3.33;41.61;11.27;759.73;0.00;0.00;0.00
01.12.2020;20:18:21;3.36;41.67;11.27;759.74;0.00;0.00;0.00
01.12.2020;20:19:21;3.33;41.60;11.24;759.74;0.00;0.00;0.00
01.12.2020;20:20:21;3.33;41.59;11.23;759.75;0.00;0.00;0.00
01.12.2020;20:21:21;3.35;41.73;11.21;759.76;0.00;0.00;0.00
01.12.2020;20:22:21;3.33;41.91;11.22;759.76;0.00;0.00;0.00
01.12.2020;20:23:21;3.33;41.97;11.24;759.75;0.00;0.00;0.00
01.12.2020;20:24:21;3.33;41.82;11.25;759.74;0.00;0.00;0.00
01.12.2020;20:25:21;3.33;41.73;11.24;759.76;0.00;0.00;0.00
01.12.2020;20:26:21;3.33;41.83;11.24;759.74;0.00;0.00;0.00
01.12.2020;20:27:21;3.33;41.81;11.25;759.74;0.00;0.00;0.00
01.12.2020;20:28:21;3.33;41.68;11.23;759.75;0.00;0.00;0.00
01.12.2020;20:29:21;3.35;41.79;11.23;759.75;0.00;0.00;0.00
01.12.2020;20:30:21;3.33;41.85;11.24;759.74;0.00;0.00;0.00
01.12.2020;20:31:21;3.33;41.70;11.24;759.74;0.00;0.00;0.00
01.12.2020;20:32:21;3.36;41.73;11.23;759.73;0.00;0.00;0.00
01.12.2020;20:33:21;3.33;41.80;11.21;759.73;0.00;0.00;0.00
01.12.2020;20:34:21;3.33;41.86;11.23;759.72;0.00;0.00;0.00
01.12.2020;20:35:21;3.35;41.81;11.22;759.72;0.00;0.00;0.00
01.12.2020;20:36:21;3.33;41.84;11.21;759.72;0.00;0.00;0.00
01.12.2020;20:37:21;3.33;41.99;11.23;759.72;0.00;0.00;0.00
01.12.2020;20:38:21;3.33;41.91;11.25;759.71;0.00;0.00;0.00
01.12.2020;20:39:21;3.33;41.96;11.28;759.70;0.00;0.00;0.00
01.12.2020;20:40:21;3.33;41.80;11.30;759.71;0.00;0.00;0.00
01.12.2020;20:41:21;3.33;41.66;11.29;759.69;0.00;0.00;0.00
01.12.2020;20:42:21;3.33;41.78;11.27;759.70;0.00;0.00;0.00
01.12.2020;20:43:22;3.35;42.00;11.28;759.71;0.00;0.00;0.00
01.12.2020;20:44:22;3.33;41.89;11.29;759.72;0.00;0.00;0.00
01.12.2020;20:45:22;3.33;41.85;11.29;759.72;0.00;0.00;0.00
01.12.2020;20:46:22;3.36;41.76;11.29;759.72;0.00;0.00;0.00
01.12.2020;20:47:22;3.33;41.64;11.27;759.71;0.00;0.00;0.00
01.12.2020;20:48:22;3.33;41.74;11.25;759.70;0.00;0.00;0.00
01.12.2020;20:49:22;3.35;41.73;11.24;759.71;0.00;0.00;0.00
01.12.2020;20:50:22;3.33;41.92;11.25;759.73;0.00;0.00;0.00
01.12.2020;20:51:22;3.33;41.90;11.26;759.73;0.00;0.00;0.00
01.12.2020;20:52:22;3.33;41.84;11.26;759.72;0.00;0.00;0.00
01.12.2020;20:53:22;3.33;41.88;11.27;759.71;0.00;0.00;0.00
01.12.2020;20:54:22;3.33;41.93;11.28;759.72;0.00;0.00;0.00
01.12.2020;20:55:22;3.33;41.74;11.28;759.73;0.00;0.00;0.00
01.12.2020;20:56:22;3.33;41.76;11.28;759.74;0.00;0.00;0.00
01.12.2020;20:57:22;3.35;41.66;11.27;759.75;0.00;0.00;0.00
01.12.2020;20:58:22;3.33;41.85;11.26;759.74;0.00;0.00;0.00
01.12.2020;20:59:22;3.33;41.65;11.24;759.76;0.00;0.00;0.00
01.12.2020;21:00:22;3.36;41.73;11.21;759.77;0.00;0.00;0.00
01.12.2020;21:01:22;3.33;41.88;11.21;759.77;0.00;0.00;0.00
01.12.2020;21:02:22;3.33;41.97;11.21;759.78;0.00;0.00;0.00
01.12.2020;21:03:22;3.35;42.02;11.24;759.78;0.00;0.00;0.00
01.12.2020;21:04:22;3.33;41.83;11.23;759.81;0.00;0.00;0.00
01.12.2020;21:05:22;3.33;41.99;11.23;759.79;0.00;0.00;0.00
01.12.2020;21:06:22;3.33;41.92;11.23;759.79;0.00;0.00;0.00
01.12.2020;21:07:22;3.33;41.87;11.23;759.79;0.00;0.00;0.00
01.12.2020;21:08:22;3.33;41.87;11.22;759.78;0.00;0.00;0.00
01.12.2020;21:09:22;3.33;41.84;11.20;759.76;0.00;0.00;0.00
01.12.2020;21:10:22;3.33;41.81;11.20;759.75;0.00;0.00;0.00
01.12.2020;21:11:22;3.35;41.89;11.19;759.75;0.00;0.00;0.00
01.12.2020;21:12:22;3.33;41.93;11.19;759.73;0.00;0.00;0.00
01.12.2020;21:13:22;3.33;41.90;11.18;759.73;0.00;0.00;0.00
01.12.2020;21:14:22;3.36;41.98;11.17;759.74;0.00;0.00;0.00
01.12.2020;21:15:23;3.33;42.00;11.18;759.73;0.00;0.00;0.00
01.12.2020;21:16:23;3.33;41.90;11.17;759.74;0.00;0.00;0.00
01.12.2020;21:17:23;3.35;42.03;11.17;759.75;0.00;0.00;0.00
01.12.2020;21:18:23;3.33;42.01;11.19;759.76;0.00;0.00;0.00
01.12.2020;21:19:23;3.33;41.87;11.16;759.77;0.00;0.00;0.00
01.12.2020;21:20:23;3.33;42.00;11.15;759.77;0.00;0.00;0.00
01.12.2020;21:21:23;3.33;42.02;11.14;759.76;0.00;0.00;0.00
01.12.2020;21:22:23;3.33;41.96;11.13;759.76;0.00;0.00;0.00
01.12.2020;21:23:23;3.33;42.18;11.12;759.75;0.00;0.00;0.00
01.12.2020;21:24:23;3.33;42.10;11.13;759.75;0.00;0.00;0.00
01.12.2020;21:25:23;3.35;42.08;11.13;759.75;0.00;0.00;0.00
01.12.2020;21:26:23;3.33;41.99;11.09;759.76;0.00;0.00;0.00
01.12.2020;21:27:23;3.33;42.30;11.09;759.76;0.00;0.00;0.00
01.12.2020;21:28:23;3.36;42.29;11.12;759.77;0.00;0.00;0.00
01.12.2020;21:29:23;3.33;42.29;11.14;759.77;0.00;0.00;0.00
01.12.2020;21:30:23;3.33;42.13;11.15;759.77;0.00;0.00;0.00
01.12.2020;21:31:23;3.35;42.03;11.14;759.77;0.00;0.00;0.00
01.12.2020;21:32:23;3.33;41.98;11.12;759.77;0.00;0.00;0.00
01.12.2020;21:33:23;3.33;42.12;11.10;759.77;0.00;0.00;0.00
01.12.2020;21:34:23;3.33;42.17;11.11;759.76;0.00;0.00;0.00
01.12.2020;21:35:23;3.33;42.23;11.13;759.76;0.00;0.00;0.00
01.12.2020;21:36:23;3.33;42.09;11.14;759.76;0.00;0.00;0.00
01.12.2020;21:37:23;3.33;42.05;11.12;759.77;0.00;0.00;0.00
01.12.2020;21:38:23;3.33;41.97;11.09;759.77;0.00;0.00;0.00
01.12.2020;21:39:23;3.35;42.06;11.07;759.77;0.00;0.00;0.00
01.12.2020;21:40:23;3.33;42.14;11.06;759.77;0.00;0.00;0.00
01.12.2020;21:41:23;3.33;42.23;11.06;759.77;0.00;0.00;0.00
01.12.2020;21:42:23;3.36;42.20;11.05;759.77;0.00;0.00;0.00
01.12.2020;21:43:23;3.33;42.43;11.07;759.76;0.00;0.00;0.00
01.12.2020;21:44:23;3.33;42.29;11.07;759.76;0.00;0.00;0.00
01.12.2020;21:45:23;3.35;42.28;11.07;759.76;0.00;0.00;0.00
01.12.2020;21:46:23;3.33;42.37;11.07;759.74;0.00;0.00;0.00
01.12.2020;21:47:24;3.33;42.30;11.08;759.73;0.00;0.00;0.00
01.12.2020;21:48:24;3.33;42.23;11.06;759.72;0.00;0.00;0.00
01.12.2020;21:49:24;3.33;42.33;11.07;759.72;0.00;0.00;0.00
01.12.2020;21:50:24;3.33;42.29;11.09;759.72;0.00;0.00;0.00
01.12.2020;21:51:24;3.33;42.22;11.08;759.72;0.00;0.00;0.00
01.12.2020;21:52:24;3.33;42.29;11.11;759.72;0.00;0.00;0.00
01.12.2020;21:53:24;3.35;42.19;11.11;759.72;0.00;0.00;0.00
01.12.2020;21:54:24;3.33;42.31;11.13;759.72;0.00;0.00;0.00
01.12.2020;21:55:24;3.33;42.15;11.14;759.73;0.00;0.00;0.00
01.12.2020;21:56:24;3.36;42.23;11.14;759.73;0.00;0.00;0.00
01.12.2020;21:57:24;3.33;42.19;11.16;759.74;0.00;0.00;0.00
01.12.2020;21:58:24;3.33;42.15;11.18;759.74;0.00;0.00;0.00
01.12.2020;21:59:24;3.35;41.95;11.17;759.74;0.00;0.00;0.00
01.12.2020;22:00:24;3.33;41.99;11.15;759.74;0.00;0.00;0.00
01.12.2020;22:01:24;3.33;42.08;11.15;759.74;0.00;0.00;0.00
01.12.2020;22:02:24;3.33;42.13;11.15;759.74;0.00;0.00;0.00
01.12.2020;22:03:24;3.33;41.99;11.15;759.75;0.00;0.00;0.00
01.12.2020;22:04:24;3.33;42.01;11.13;759.75;0.00;0.00;0.00
01.12.2020;22:05:24;3.33;42.05;11.10;759.74;0.00;0.00;0.00
01.12.2020;22:06:24;3.33;42.13;11.08;759.75;0.00;0.00;0.00
01.12.2020;22:07:24;3.35;42.20;11.08;759.76;0.00;0.00;0.00
01.12.2020;22:08:24;3.33;42.22;11.07;759.76;0.00;0.00;0.00
01.12.2020;22:09:24;3.33;42.38;11.09;759.79;0.00;0.00;0.00
01.12.2020;22:10:24;3.36;42.36;11.12;759.78;0.00;0.00;0.00
01.12.2020;22:11:24;3.33;42.25;11.12;759.78;0.00;0.00;0.00
01.12.2020;22:12:24;3.33;42.26;11.14;759.79;0.00;0.00;0.00
01.12.2020;22:13:24;3.35;42.21;11.14;759.79;0.00;0.00;0.00
01.12.2020;22:14:24;3.33;42.23;11.16;759.77;0.00;0.00;0.00
01.12.2020;22:15:24;3.33;42.09;11.16;759.77;0.00;0.00;0.00
01.12.2020;22:16:24;3.33;42.19;11.18;759.77;0.00;0.00;0.00
01.12.2020;22:17:24;3.33;42.03;11.18;759.77;0.00;0.00;0.00
01.12.2020;22:18:24;3.33;42.12;11.18;759.78;0.00;0.00;0.00
01.12.2020;22:19:25;3.33;42.05;11.20;759.78;0.00;0.00;0.00
01.12.2020;22:20:25;3.33;41.96;11.19;759.79;0.00;0.00;0.00
01.12.2020;22:21:25;3.35;42.12;11.20;759.78;0.00;0.00;0.00
01.12.2020;22:22:25;3.33;42.04;11.21;759.77;0.00;0.00;0.00
01.12.2020;22:23:25;3.33;42.02;11.21;759.75;0.00;0.00;0.00
01.12.2020;22:24:25;3.36;42.02;11.22;759.76;0.00;0.00;0.00
01.12.2020;22:25:25;3.33;42.01;11.23;759.77;0.00;0.00;0.00
01.12.2020;22:26:25;3.33;42.03;11.24;759.77;0.00;0.00;0.00
01.12.2020;22:27:25;3.35;42.01;11.25;759.76;0.00;0.00;0.00
01.12.2020;22:28:25;3.33;41.93;11.25;759.75;0.00;0.00;0.00
01.12.2020;22:29:25;3.33;41.89;11.25;759.75;0.00;0.00;0.00
01.12.2020;22:30:25;3.33;41.94;11.26;759.75;0.00;0.00;0.00
01.12.2020;22:31:25;3.33;41.86;11.28;759.76;0.00;0.00;0.00
01.12.2020;22:32:25;3.33;41.92;11.28;759.76;0.00;0.00;0.00
01.12.2020;22:33:25;3.33;41.80;11.28;759.76;0.00;0.00;0.00
01.12.2020;22:34:25;3.33;41.81;11.26;759.76;0.00;0.00;0.00
01.12.2020;22:35:25;3.35;41.81;11.24;759.75;0.00;0.00;0.00
01.12.2020;22:36:25;3.33;41.92;11.23;759.74;0.00;0.00;0.00
01.12.2020;22:37:25;3.33;41.92;11.22;759.73;0.00;0.00;0.00
01.12.2020;22:38:25;3.36;41.88;11.20;759.75;0.00;0.00;0.00
01.12.2020;22:39:25;3.33;41.95;11.19;759.75;0.00;0.00;0.00
01.12.2020;22:40:25;3.33;41.99;11.18;759.77;0.00;0.00;0.00
01.12.2020;22:41:25;3.35;42.05;11.17;759.78;0.00;0.00;0.00
01.12.2020;22:42:25;3.33;42.16;11.16;759.79;0.00;0.00;0.00
01.12.2020;22:43:25;3.33;42.05;11.16;759.80;0.00;0.00;0.00
01.12.2020;22:44:25;3.33;42.06;11.13;759.81;0.00;0.00;0.00
01.12.2020;22:45:25;3.33;42.19;11.11;759.81;0.00;0.00;0.00
01.12.2020;22:46:25;3.33;42.20;11.08;759.80;0.00;0.00;0.00
01.12.2020;22:47:25;3.33;42.25;11.08;759.81;0.00;0.00;0.00
01.12.2020;22:48:25;3.33;42.35;11.08;759.82;0.00;0.00;0.00
01.12.2020;22:49:25;3.35;42.31;11.07;759.81;0.00;0.00;0.00
01.12.2020;22:50:25;3.33;42.37;11.07;759.80;0.00;0.00;0.00
01.12.2020;22:51:26;3.33;42.32;11.07;759.81;0.00;0.00;0.00
01.12.2020;22:52:26;3.36;42.36;11.06;759.80;0.00;0.00;0.00
01.12.2020;22:53:26;3.33;42.40;11.06;759.79;0.00;0.00;0.00
01.12.2020;22:54:26;3.33;42.39;11.06;759.79;0.00;0.00;0.00
01.12.2020;22:55:26;3.35;42.54;11.08;759.80;0.00;0.00;0.00
01.12.2020;22:56:26;3.33;42.38;11.08;759.79;0.00;0.00;0.00
01.12.2020;22:57:26;3.33;42.37;11.07;759.79;0.00;0.00;0.00
01.12.2020;22:58:26;3.33;42.31;11.06;759.79;0.00;0.00;0.00
01.12.2020;22:59:26;3.33;42.39;11.05;759.80;0.00;0.00;0.00
01.12.2020;23:00:26;3.33;42.46;11.05;759.81;0.00;0.00;0.00
01.12.2020;23:01:26;3.33;42.43;11.04;759.81;0.00;0.00;0.00
01.12.2020;23:02:26;3.33;42.47;11.02;759.81;0.00;0.00;0.00
01.12.2020;23:03:26;3.35;42.51;11.01;759.79;0.00;0.00;0.00
01.12.2020;23:04:26;3.33;42.51;11.00;759.80;0.00;0.00;0.00
01.12.2020;23:05:26;3.33;42.60;11.00;759.79;0.00;0.00;0.00
01.12.2020;23:06:26;3.36;42.55;11.00;759.79;0.00;0.00;0.00
01.12.2020;23:07:26;3.33;42.59;11.00;759.79;0.00;0.00;0.00
01.12.2020;23:08:26;3.33;42.59;11.00;759.81;0.00;0.00;0.00
01.12.2020;23:09:26;3.35;42.64;11.00;759.81;0.00;0.00;0.00
01.12.2020;23:10:26;3.33;42.65;11.01;759.83;0.00;0.00;0.00
01.12.2020;23:11:26;3.33;42.61;11.02;759.82;0.00;0.00;0.00
01.12.2020;23:12:26;3.33;42.49;11.02;759.80;0.00;0.00;0.00
01.12.2020;23:13:26;3.33;42.57;11.01;759.80;0.00;0.00;0.00
01.12.2020;23:14:26;3.33;42.54;11.00;759.80;0.00;0.00;0.00
01.12.2020;23:15:26;3.33;42.57;10.98;759.81;0.00;0.00;0.00
01.12.2020;23:16:26;3.33;42.61;10.98;759.82;0.00;0.00;0.00
01.12.2020;23:17:26;3.35;42.67;10.99;759.82;0.00;0.00;0.00
01.12.2020;23:18:26;3.33;42.64;10.99;759.79;0.00;0.00;0.00
01.12.2020;23:19:26;3.33;42.64;10.99;759.80;0.00;0.00;0.00
01.12.2020;23:20:26;3.36;42.72;11.01;759.79;0.00;0.00;0.00
01.12.2020;23:21:26;3.33;42.55;11.00;759.79;0.00;0.00;0.00
01.12.2020;23:22:26;3.33;42.56;10.98;759.79;0.00;0.00;0.00
01.12.2020;23:23:27;3.35;42.59;10.96;759.80;0.00;0.00;0.00
01.12.2020;23:24:27;3.33;42.70;10.95;759.80;0.00;0.00;0.00
01.12.2020;23:25:27;3.33;42.72;10.95;759.83;0.00;0.00;0.00
01.12.2020;23:26:27;3.33;42.68;10.95;759.84;0.00;0.00;0.00
01.12.2020;23:27:27;3.33;42.75;10.95;759.83;0.00;0.00;0.00
01.12.2020;23:28:27;3.33;42.72;10.96;759.82;0.00;0.00;0.00
01.12.2020;23:29:27;3.33;42.73;10.97;759.82;0.00;0.00;0.00
01.12.2020;23:30:27;3.33;42.69;10.96;759.81;0.00;0.00;0.00
01.12.2020;23:31:27;3.35;42.73;10.98;759.80;0.00;0.00;0.00
01.12.2020;23:32:27;3.33;42.71;10.99;759.79;0.00;0.00;0.00
01.12.2020;23:33:27;3.33;42.61;10.99;759.78;0.00;0.00;0.00
01.12.2020;23:34:27;3.36;42.62;10.96;759.77;0.00;0.00;0.00
01.12.2020;23:35:27;3.33;42.68;10.97;759.76;0.00;0.00;0.00
01.12.2020;23:36:27;3.33;42.65;10.96;759.77;0.00;0.00;0.00
01.12.2020;23:37:27;3.35;42.69;10.97;759.78;0.00;0.00;0.00
01.12.2020;23:38:27;3.33;42.66;10.97;759.79;0.00;0.00;0.00
01.12.2020;23:39:27;3.33;42.61;10.98;759.80;0.00;0.00;0.00
01.12.2020;23:40:27;3.33;42.63;10.97;759.78;0.00;0.00;0.00
01.12.2020;23:41:27;3.33;42.70;10.96;759.79;0.00;0.00;0.00
01.12.2020;23:42:27;3.33;42.71;10.98;759.79;0.00;0.00;0.00
01.12.2020;23:43:27;3.33;42.67;10.98;759.80;0.00;0.00;0.00
01.12.2020;23:44:27;3.33;42.67;10.98;759.80;0.00;0.00;0.00
01.12.2020;23:45:27;3.35;42.63;10.99;759.81;0.00;0.00;0.00
01.12.2020;23:46:27;3.33;42.60;10.98;759.81;0.00;0.00;0.00
01.12.2020;23:47:27;3.33;42.63;10.99;759.81;0.00;0.00;0.00
01.12.2020;23:48:27;3.36;42.61;10.98;759.82;0.00;0.00;0.00
01.12.2020;23:49:27;3.33;42.64;10.96;759.81;0.00;0.00;0.00
01.12.2020;23:50:27;3.33;42.67;10.98;759.80;0.00;0.00;0.00
01.12.2020;23:51:27;3.35;42.61;10.99;759.79;0.00;0.00;0.00
01.12.2020;23:52:27;3.33;42.58;10.98;759.79;0.00;0.00;0.00
01.12.2020;23:53:27;3.33;42.63;10.98;759.77;0.00;0.00;0.00
01.12.2020;23:54:27;3.33;42.62;10.96;759.77;0.00;0.00;0.00
01.12.2020;23:55:28;3.33;42.66;10.96;759.77;0.00;0.00;0.00
01.12.2020;23:56:28;3.33;42.70;10.95;759.75;0.00;0.00;0.00
01.12.2020;23:57:28;3.33;42.71;10.95;759.75;0.00;0.00;0.00
01.12.2020;23:58:28;3.33;42.67;10.96;759.74;0.00;0.00;0.00
01.12.2020;23:59:28;3.35;42.69;10.95;759.73;0.00;0.00;0.00
