02.12.2020;0:00:28;3.33;42.70;10.96;759.74;0.00;0.00;0.00
02.12.2020;0:01:28;3.33;42.69;10.96;759.74;0.00;0.00;0.00
02.12.2020;0:02:28;3.36;42.68;10.96;759.74;0.00;0.00;0.00
02.12.2020;0:03:28;3.33;42.74;10.99;759.74;0.00;0.00;0.00
02.12.2020;0:04:28;3.33;42.59;10.99;759.73;0.00;0.00;0.00
02.12.2020;0:05:28;3.35;42.61;10.98;759.73;0.00;0.00;0.00
02.12.2020;0:06:28;3.33;42.67;10.98;759.73;0.00;0.00;0.00
02.12.2020;0:07:28;3.33;42.67;10.99;759.72;0.00;0.00;0.00
02.12.2020;0:08:28;3.33;42.59;10.99;759.73;0.00;0.00;0.00
02.12.2020;0:09:28;3.33;42.56;10.98;759.72;0.00;0.00;0.00
02.12.2020;0:10:28;3.33;42.61;10.96;759.73;0.00;0.00;0.00
02.12.2020;0:11:28;3.33;42.71;10.97;759.74;0.00;0.00;0.00
02.12.2020;0:12:28;3.33;42.63;10.97;759.71;0.00;0.00;0.00
02.12.2020;0:13:28;3.35;42.62;10.96;759.69;0.00;0.00;0.00
02.12.2020;0:14:28;3.33;42.68;10.96;759.69;0.00;0.00;0.00
02.12.2020;0:15:28;3.33;42.65;10.95;759.68;0.00;0.00;0.00
02.12.2020;0:16:28;3.36;42.65;10.94;759.67;0.00;0.00;0.00
02.12.2020;0:17:28;3.33;42.71;10.94;759.66;0.00;0.00;0.00
02.12.2020;0:18:28;3.33;42.68;10.93;759.67;0.00;0.00;0.00
02.12.2020;0:19:28;3.35;42.72;10.93;759.66;0.00;0.00;0.00
02.12.2020;0:20:28;3.33;42.72;10.93;759.66;0.00;0.00;0.00
02.12.2020;0:21:28;3.33;42.74;10.94;759.66;0.00;0.00;0.00
02.12.2020;0:22:28;3.33;42.70;10.93;759.65;0.00;0.00;0.00
02.12.2020;0:23:28;3.33;42.73;10.93;759.64;0.00;0.00;0.00
02.12.2020;0:24:28;3.33;42.70;10.91;759.63;0.00;0.00;0.00
02.12.2020;0:25:28;3.33;42.76;10.91;759.63;0.00;0.00;0.00
02.12.2020;0:26:28;3.33;42.77;10.91;759.63;0.00;0.00;0.00
02.12.2020;0:27:29;3.35;42.76;10.91;759.62;0.00;0.00;0.00
02.12.2020;0:28:29;3.33;42.83;10.93;759.62;0.00;0.00;0.00
02.12.2020;0:29:29;3.33;42.79;10.94;759.63;0.00;0.00;0.00
02.12.2020;0:30:29;3.36;42.74;10.95;759.62;0.00;0.00;0.00
02.12.2020;0:31:29;3.33;42.82;10.95;759.63;0.00;0.00;0.00
02.12.2020;0:32:29;3.33;42.72;10.96;759.62;0.00;0.00;0.00
02.12.2020;0:33:29;3.35;42.65;10.95;759.63;0.00;0.00;0.00
02.12.2020;0:34:29;3.33;42.68;10.94;759.62;0.00;0.00;0.00
02.12.2020;0:35:29;3.33;42.68;10.93;759.62;0.00;0.00;0.00
02.12.2020;0:36:29;3.33;42.72;10.92;759.61;0.00;0.00;0.00
02.12.2020;0:37:29;3.33;42.85;10.92;759.61;0.00;0.00;0.00
02.12.2020;0:38:29;3.33;42.80;10.94;759.61;0.00;0.00;0.00
02.12.2020;0:39:29;3.33;42.77;10.94;759.61;0.00;0.00;0.00
02.12.2020;0:40:29;3.33;42.78;10.95;759.62;0.00;0.00;0.00
02.12.2020;0:41:29;3.35;42.72;10.95;759.62;0.00;0.00;0.00
02.12.2020;0:42:29;3.33;42.81;10.96;759.61;0.00;0.00;0.00
02.12.2020;0:43:29;3.33;42.74;10.98;759.61;0.00;0.00;0.00
02.12.2020;0:44:29;3.36;42.73;10.99;759.61;0.00;0.00;0.00
02.12.2020;0:45:29;3.33;42.66;10.99;759.60;0.00;0.00;0.00
02.12.2020;0:46:29;3.33;42.63;11.01;759.60;0.00;0.00;0.00
02.12.2020;0:47:29;3.35;42.59;11.01;759.60;0.00;0.00;0.00
02.12.2020;0:48:29;3.33;42.62;11.01;759.60;0.00;0.00;0.00
02.12.2020;0:49:29;3.33;42.58;11.02;759.60;0.00;0.00;0.00
02.12.2020;0:50:29;3.33;42.56;11.03;759.60;0.00;0.00;0.00
02.12.2020;0:51:29;3.33;42.55;11.03;759.60;0.00;0.00;0.00
02.12.2020;0:52:29;3.33;42.60;11.04;759.60;0.00;0.00;0.00
02.12.2020;0:53:29;3.33;42.53;11.05;759.58;0.00;0.00;0.00
02.12.2020;0:54:29;3.33;42.48;11.07;759.57;0.00;0.00;0.00
02.12.2020;0:55:29;3.35;42.48;11.08;759.56;0.00;0.00;0.00
02.12.2020;0:56:29;3.33;42.44;11.09;759.56;0.00;0.00;0.00
02.12.2020;0:57:29;3.33;42.34;11.08;759.56;0.00;0.00;0.00
02.12.2020;0:58:29;3.36;42.49;11.08;759.57;0.00;0.00;0.00
02.12.2020;0:59:29;3.33;42.43;11.10;759.57;0.00;0.00;0.00
02.12.2020;1:00:30;3.33;42.40;11.13;759.57;0.00;0.00;0.00
02.12.2020;1:01:30;3.35;42.28;11.13;759.57;0.00;0.00;0.00
02.12.2020;1:02:30;3.33;42.30;11.12;759.58;0.00;0.00;0.00
02.12.2020;1:03:30;3.33;42.37;11.12;759.58;0.00;0.00;0.00
02.12.2020;1:04:30;3.33;42.35;11.13;759.60;0.00;0.00;0.00
02.12.2020;1:05:30;3.33;42.33;11.13;759.60;0.00;0.00;0.00
02.12.2020;1:06:30;3.33;42.30;11.12;759.60;0.00;0.00;0.00
02.12.2020;1:07:30;3.33;42.31;11.12;759.60;0.00;0.00;0.00
02.12.2020;1:08:30;3.33;42.34;11.13;759.62;0.00;0.00;0.00
02.12.2020;1:09:30;3.35;42.30;11.13;759.63;0.00;0.00;0.00
02.12.2020;1:10:30;3.33;42.37;11.13;759.64;0.00;0.00;0.00
02.12.2020;1:11:30;3.33;42.33;11.15;759.64;0.00;0.00;0.00
02.12.2020;1:12:30;3.36;42.26;11.16;759.66;0.00;0.00;0.00
02.12.2020;1:13:30;3.33;42.25;11.16;759.65;0.00;0.00;0.00
02.12.2020;1:14:30;3.33;42.27;11.16;759.64;0.00;0.00;0.00
02.12.2020;1:15:30;3.35;42.26;11.16;759.66;0.00;0.00;0.00
02.12.2020;1:16:30;3.33;42.25;11.17;759.66;0.00;0.00;0.00
02.12.2020;1:17:30;3.33;42.22;11.17;759.68;0.00;0.00;0.00
02.12.2020;1:18:30;3.33;42.20;11.17;759.66;0.00;0.00;0.00
02.12.2020;1:19:30;3.33;42.25;11.16;759.67;0.00;0.00;0.00
02.12.2020;1:20:30;3.33;42.28;11.16;759.66;0.00;0.00;0.00
02.12.2020;1:21:30;3.33;42.25;11.18;759.64;0.00;0.00;0.00
02.12.2020;1:22:30;3.33;42.22;11.18;759.64;0.00;0.00;0.00
02.12.2020;1:23:30;3.35;42.20;11.19;759.63;0.00;0.00;0.00
02.12.2020;1:24:30;3.33;42.17;11.19;759.63;0.00;0.00;0.00
02.12.2020;1:25:30;3.33;42.18;11.18;759.62;0.00;0.00;0.00
02.12.2020;1:26:30;3.36;42.19;11.18;759.63;0.00;0.00;0.00
02.12.2020;1:27:30;3.33;42.17;11.18;759.63;0.00;0.00;0.00
02.12.2020;1:28:30;3.33;42.14;11.17;759.64;0.00;0.00;0.00
02.12.2020;1:29:30;3.35;42.25;11.16;759.64;0.00;0.00;0.00
02.12.2020;1:30:30;3.33;42.29;11.17;759.63;0.00;0.00;0.00
02.12.2020;1:31:31;3.33;42.27;11.17;759.62;0.00;0.00;0.00
02.12.2020;1:32:31;3.33;42.24;11.18;759.61;0.00;0.00;0.00
02.12.2020;1:33:31;3.33;42.19;11.18;759.62;0.00;0.00;0.00
02.12.2020;1:34:31;3.33;42.20;11.17;759.61;0.00;0.00;0.00
02.12.2020;1:35:31;3.33;42.25;11.16;759.62;0.00;0.00;0.00
02.12.2020;1:36:31;3.33;42.27;11.16;759.63;0.00;0.00;0.00
02.12.2020;1:37:31;3.35;42.26;11.14;759.62;0.00;0.00;0.00
02.12.2020;1:38:31;3.33;42.30;11.13;759.62;0.00;0.00;0.00
02.12.2020;1:39:31;3.33;42.31;11.13;759.62;0.00;0.00;0.00
02.12.2020;1:40:31;3.36;42.30;11.13;759.61;0.00;0.00;0.00
02.12.2020;1:41:31;3.33;42.41;11.12;759.60;0.00;0.00;0.00
02.12.2020;1:42:31;3.33;42.34;11.13;759.59;0.00;0.00;0.00
02.12.2020;1:43:31;3.35;42.33;11.12;759.59;0.00;0.00;0.00
02.12.2020;1:44:31;3.33;42.35;11.11;759.58;0.00;0.00;0.00
02.12.2020;1:45:31;3.33;42.35;11.10;759.58;0.00;0.00;0.00
02.12.2020;1:46:31;3.33;42.39;11.08;759.58;0.00;0.00;0.00
02.12.2020;1:47:31;3.33;42.43;11.06;759.57;0.00;0.00;0.00
02.12.2020;1:48:31;3.33;42.48;11.04;759.59;0.00;0.00;0.00
02.12.2020;1:49:31;3.33;42.54;11.05;759.60;0.00;0.00;0.00
02.12.2020;1:50:31;3.33;42.52;11.04;759.60;0.00;0.00;0.00
02.12.2020;1:51:31;3.35;42.58;11.05;759.59;0.00;0.00;0.00
02.12.2020;1:52:31;3.33;42.54;11.05;759.59;0.00;0.00;0.00
02.12.2020;1:53:31;3.33;42.58;11.04;759.59;0.00;0.00;0.00
02.12.2020;1:54:31;3.36;42.63;11.05;759.59;0.00;0.00;0.00
02.12.2020;1:55:31;3.33;42.51;11.06;759.58;0.00;0.00;0.00
02.12.2020;1:56:31;3.33;42.49;11.07;759.57;0.00;0.00;0.00
02.12.2020;1:57:31;3.35;42.48;11.07;759.57;0.00;0.00;0.00
02.12.2020;1:58:31;3.33;42.44;11.06;759.57;0.00;0.00;0.00
02.12.2020;1:59:31;3.33;42.50;11.04;759.58;0.00;0.00;0.00
02.12.2020;2:00:31;3.33;42.53;11.04;759.57;0.00;0.00;0.00
02.12.2020;2:01:31;3.33;42.51;11.03;759.57;0.00;0.00;0.00
02.12.2020;2:02:31;3.33;42.61;11.02;759.58;0.00;0.00;0.00
02.12.2020;2:03:32;3.33;42.65;11.05;759.59;0.00;0.00;0.00
02.12.2020;2:04:32;3.33;42.58;11.06;759.58;0.00;0.00;0.00
02.12.2020;2:05:32;3.35;42.50;11.07;759.58;0.00;0.00;0.00
02.12.2020;2:06:32;3.33;42.48;11.07;759.58;0.00;0.00;0.00
02.12.2020;2:07:32;3.33;42.49;11.07;759.59;0.00;0.00;0.00
02.12.2020;2:08:32;3.36;42.46;11.07;759.59;0.00;0.00;0.00
02.12.2020;2:09:32;3.33;42.47;11.05;759.60;0.00;0.00;0.00
02.12.2020;2:10:32;3.33;42.52;11.04;759.61;0.00;0.00;0.00
02.12.2020;2:11:32;3.35;42.57;11.05;759.62;0.00;0.00;0.00
02.12.2020;2:12:32;3.33;42.57;11.05;759.62;0.00;0.00;0.00
02.12.2020;2:13:32;3.33;42.52;11.06;759.62;0.00;0.00;0.00
02.12.2020;2:14:32;3.33;42.54;11.06;759.63;0.00;0.00;0.00
02.12.2020;2:15:32;3.33;42.52;11.05;759.64;0.00;0.00;0.00
02.12.2020;2:16:32;3.33;42.55;11.05;759.65;0.00;0.00;0.00
02.12.2020;2:17:32;3.33;42.57;11.07;759.65;0.00;0.00;0.00
02.12.2020;2:18:32;3.33;42.52;11.08;759.67;0.00;0.00;0.00
02.12.2020;2:19:32;3.35;42.49;11.09;759.66;0.00;0.00;0.00
02.12.2020;2:20:32;3.33;42.48;11.10;759.67;0.00;0.00;0.00
02.12.2020;2:21:32;3.33;42.41;11.11;759.64;0.00;0.00;0.00
02.12.2020;2:22:32;3.36;42.41;11.11;759.64;0.00;0.00;0.00
02.12.2020;2:23:32;3.33;42.44;11.12;759.65;0.00;0.00;0.00
02.12.2020;2:24:32;3.33;42.44;11.12;759.63;0.00;0.00;0.00
02.12.2020;2:25:32;3.35;42.37;11.12;759.62;0.00;0.00;0.00
02.12.2020;2:26:32;3.33;42.40;11.13;759.61;0.00;0.00;0.00
02.12.2020;2:27:32;3.33;42.40;11.14;759.61;0.00;0.00;0.00
02.12.2020;2:28:32;3.33;42.35;11.15;759.60;0.00;0.00;0.00
02.12.2020;2:29:32;3.33;42.31;11.16;759.60;0.00;0.00;0.00
02.12.2020;2:30:32;3.33;42.28;11.16;759.60;0.00;0.00;0.00
02.12.2020;2:31:32;3.33;42.28;11.17;759.60;0.00;0.00;0.00
02.12.2020;2:32:32;3.33;42.28;11.18;759.61;0.00;0.00;0.00
02.12.2020;2:33:32;3.35;42.25;11.18;759.63;0.00;0.00;0.00
02.12.2020;2:34:32;3.33;42.25;11.18;759.63;0.00;0.00;0.00
02.12.2020;2:35:32;3.33;42.26;11.19;759.63;0.00;0.00;0.00
02.12.2020;2:36:33;3.36;42.26;11.20;759.64;0.00;0.00;0.00
02.12.2020;2:37:33;3.33;42.23;11.20;759.64;0.00;0.00;0.00
02.12.2020;2:38:33;3.33;42.24;11.20;759.65;0.00;0.00;0.00
02.12.2020;2:39:33;3.35;42.24;11.20;759.64;0.00;0.00;0.00
02.12.2020;2:40:33;3.33;42.24;11.20;759.64;0.00;0.00;0.00
02.12.2020;2:41:33;3.33;42.25;11.20;759.63;0.00;0.00;0.00
02.12.2020;2:42:33;3.33;42.25;11.20;759.62;0.00;0.00;0.00
02.12.2020;2:43:33;3.33;42.26;11.20;759.61;0.00;0.00;0.00
02.12.2020;2:44:33;3.33;42.23;11.20;759.61;0.00;0.00;0.00
02.12.2020;2:45:33;3.33;42.16;11.19;759.61;0.00;0.00;0.00
02.12.2020;2:46:33;3.33;42.25;11.18;759.62;0.00;0.00;0.00
02.12.2020;2:47:33;3.35;42.30;11.19;759.62;0.00;0.00;0.00
02.12.2020;2:48:33;3.33;42.28;11.19;759.61;0.00;0.00;0.00
02.12.2020;2:49:33;3.33;42.29;11.18;759.60;0.00;0.00;0.00
02.12.2020;2:50:33;3.36;42.22;11.17;759.62;0.00;0.00;0.00
02.12.2020;2:51:33;3.33;42.28;11.16;759.62;0.00;0.00;0.00
02.12.2020;2:52:33;3.33;42.32;11.15;759.62;0.00;0.00;0.00
02.12.2020;2:53:33;3.35;42.32;11.14;759.64;0.00;0.00;0.00
02.12.2020;2:54:33;3.33;42.41;11.12;759.65;0.00;0.00;0.00
02.12.2020;2:55:33;3.33;42.40;11.12;759.65;0.00;0.00;0.00
02.12.2020;2:56:33;3.33;42.43;11.12;759.64;0.00;0.00;0.00
02.12.2020;2:57:33;3.33;42.42;11.13;759.64;0.00;0.00;0.00
02.12.2020;2:58:33;3.33;42.34;11.13;759.64;0.00;0.00;0.00
02.12.2020;2:59:33;3.33;42.41;11.13;759.64;0.00;0.00;0.00
02.12.2020;3:00:33;3.33;42.28;11.13;759.65;0.00;0.00;0.00
02.12.2020;3:01:33;3.35;42.35;11.12;759.66;0.00;0.00;0.00
02.12.2020;3:02:33;3.33;42.39;11.12;759.66;0.00;0.00;0.00
02.12.2020;3:03:33;3.33;42.42;11.13;759.65;0.00;0.00;0.00
02.12.2020;3:04:33;3.36;42.41;11.14;759.65;0.00;0.00;0.00
02.12.2020;3:05:33;3.33;42.38;11.15;759.62;0.00;0.00;0.00
02.12.2020;3:06:33;3.33;42.30;11.15;759.61;0.00;0.00;0.00
02.12.2020;3:07:34;3.35;42.35;11.14;759.60;0.00;0.00;0.00
02.12.2020;3:08:34;3.33;42.36;11.15;759.59;0.00;0.00;0.00
02.12.2020;3:09:34;3.33;42.28;11.15;759.59;0.00;0.00;0.00
02.12.2020;3:10:34;3.33;42.34;11.16;759.59;0.00;0.00;0.00
02.12.2020;3:11:34;3.33;42.27;11.16;759.59;0.00;0.00;0.00
02.12.2020;3:12:34;3.33;42.30;11.16;759.58;0.00;0.00;0.00
02.12.2020;3:13:34;3.33;42.31;11.17;759.58;0.00;0.00;0.00
02.12.2020;3:14:34;3.33;42.23;11.17;759.58;0.00;0.00;0.00
02.12.2020;3:15:34;3.35;42.26;11.15;759.58;0.00;0.00;0.00
02.12.2020;3:16:34;3.33;42.37;11.14;759.58;0.00;0.00;0.00
02.12.2020;3:17:34;3.33;42.37;11.15;759.57;0.00;0.00;0.00
02.12.2020;3:18:34;3.36;42.36;11.16;759.57;0.00;0.00;0.00
02.12.2020;3:19:34;3.33;42.29;11.16;759.57;0.00;0.00;0.00
02.12.2020;3:20:34;3.33;42.31;11.16;759.56;0.00;0.00;0.00
02.12.2020;3:21:34;3.35;42.29;11.18;759.55;0.00;0.00;0.00
02.12.2020;3:22:34;3.33;42.28;11.18;759.55;0.00;0.00;0.00
02.12.2020;3:23:34;3.33;42.27;11.18;759.53;0.00;0.00;0.00
02.12.2020;3:24:34;3.33;42.24;11.19;759.53;0.00;0.00;0.00
02.12.2020;3:25:34;3.33;42.23;11.19;759.55;0.00;0.00;0.00
02.12.2020;3:26:34;3.33;42.25;11.20;759.55;0.00;0.00;0.00
02.12.2020;3:27:34;3.33;42.22;11.21;759.54;0.00;0.00;0.00
02.12.2020;3:28:34;3.33;42.21;11.21;759.54;0.00;0.00;0.00
02.12.2020;3:29:34;3.35;42.20;11.20;759.54;0.00;0.00;0.00
02.12.2020;3:30:34;3.33;42.18;11.19;759.53;0.00;0.00;0.00
02.12.2020;3:31:34;3.33;42.24;11.20;759.52;0.00;0.00;0.00
02.12.2020;3:32:34;3.36;42.20;11.20;759.52;0.00;0.00;0.00
02.12.2020;3:33:34;3.33;42.18;11.19;759.51;0.00;0.00;0.00
02.12.2020;3:34:34;3.33;42.24;11.17;759.51;0.00;0.00;0.00
02.12.2020;3:35:34;3.35;42.24;11.17;759.50;0.00;0.00;0.00
02.12.2020;3:36:34;3.33;42.29;11.16;759.49;0.00;0.00;0.00
02.12.2020;3:37:34;3.33;42.26;11.15;759.49;0.00;0.00;0.00
02.12.2020;3:38:34;3.33;42.26;11.13;759.48;0.00;0.00;0.00
02.12.2020;3:39:34;3.33;42.35;11.10;759.47;0.00;0.00;0.00
02.12.2020;3:40:35;3.33;42.43;11.12;759.46;0.00;0.00;0.00
02.12.2020;3:41:35;3.33;42.40;11.12;759.46;0.00;0.00;0.00
02.12.2020;3:42:35;3.33;42.39;11.11;759.46;0.00;0.00;0.00
02.12.2020;3:43:35;3.35;42.42;11.11;759.45;0.00;0.00;0.00
02.12.2020;3:44:35;3.33;42.42;11.11;759.45;0.00;0.00;0.00
02.12.2020;3:45:35;3.33;42.40;11.11;759.45;0.00;0.00;0.00
02.12.2020;3:46:35;3.36;42.43;11.11;759.45;0.00;0.00;0.00
02.12.2020;3:47:35;3.33;42.41;11.12;759.45;0.00;0.00;0.00
02.12.2020;3:48:35;3.33;42.40;11.12;759.44;0.00;0.00;0.00
02.12.2020;3:49:35;3.35;42.32;11.10;759.44;0.00;0.00;0.00
02.12.2020;3:50:35;3.33;42.35;11.09;759.44;0.00;0.00;0.00
02.12.2020;3:51:35;3.33;42.41;11.07;759.43;0.00;0.00;0.00
02.12.2020;3:52:35;3.33;42.47;11.07;759.43;0.00;0.00;0.00
02.12.2020;3:53:35;3.33;42.50;11.06;759.42;0.00;0.00;0.00
02.12.2020;3:54:35;3.33;42.49;11.06;759.40;0.00;0.00;0.00
02.12.2020;3:55:35;3.33;42.55;11.06;759.40;0.00;0.00;0.00
02.12.2020;3:56:35;3.33;42.52;11.06;759.40;0.00;0.00;0.00
02.12.2020;3:57:35;3.35;42.47;11.07;759.38;0.00;0.00;0.00
02.12.2020;3:58:35;3.33;42.46;11.07;759.37;0.00;0.00;0.00
02.12.2020;3:59:35;3.33;42.49;11.07;759.36;0.00;0.00;0.00
02.12.2020;4:00:35;3.36;42.47;11.06;759.34;0.00;0.00;0.00
02.12.2020;4:01:35;3.33;42.46;11.07;759.34;0.00;0.00;0.00
02.12.2020;4:02:35;3.33;42.43;11.05;759.33;0.00;0.00;0.00
02.12.2020;4:03:35;3.35;42.51;11.05;759.32;0.00;0.00;0.00
02.12.2020;4:04:35;3.33;42.50;11.03;759.32;0.00;0.00;0.00
02.12.2020;4:05:35;3.33;42.61;11.04;759.32;0.00;0.00;0.00
02.12.2020;4:06:35;3.33;42.55;11.05;759.32;0.00;0.00;0.00
02.12.2020;4:07:35;3.33;42.50;11.04;759.32;0.00;0.00;0.00
02.12.2020;4:08:35;3.33;42.47;11.04;759.32;0.00;0.00;0.00
02.12.2020;4:09:35;3.33;42.50;11.03;759.33;0.00;0.00;0.00
02.12.2020;4:10:35;3.33;42.56;11.03;759.34;0.00;0.00;0.00
02.12.2020;4:11:36;3.35;42.53;11.02;759.33;0.00;0.00;0.00
02.12.2020;4:12:36;3.33;42.57;11.00;759.33;0.00;0.00;0.00
02.12.2020;4:13:36;3.33;42.66;11.00;759.33;0.00;0.00;0.00
02.12.2020;4:14:36;3.36;42.53;11.01;759.33;0.00;0.00;0.00
02.12.2020;4:15:36;3.33;42.54;10.99;759.32;0.00;0.00;0.00
02.12.2020;4:16:36;3.33;42.65;10.97;759.32;0.00;0.00;0.00
02.12.2020;4:17:36;3.35;42.67;10.98;759.32;0.00;0.00;0.00
02.12.2020;4:18:36;3.33;42.64;10.98;759.32;0.00;0.00;0.00
02.12.2020;4:19:36;3.33;42.60;10.97;759.32;0.00;0.00;0.00
02.12.2020;4:20:36;3.33;42.70;10.96;759.33;0.00;0.00;0.00
02.12.2020;4:21:36;3.33;42.68;10.96;759.33;0.00;0.00;0.00
02.12.2020;4:22:36;3.33;42.67;10.95;759.33;0.00;0.00;0.00
02.12.2020;4:23:36;3.33;42.67;10.93;759.33;0.00;0.00;0.00
02.12.2020;4:24:36;3.33;42.70;10.91;759.32;0.00;0.00;0.00
02.12.2020;4:25:36;3.35;42.74;10.89;759.33;0.00;0.00;0.00
02.12.2020;4:26:36;3.33;42.79;10.88;759.33;0.00;0.00;0.00
02.12.2020;4:27:36;3.33;42.82;10.87;759.33;0.00;0.00;0.00
02.12.2020;4:28:36;3.36;42.85;10.87;759.34;0.00;0.00;0.00
02.12.2020;4:29:36;3.33;42.83;10.86;759.34;0.00;0.00;0.00
02.12.2020;4:30:36;3.33;42.83;10.84;759.35;0.00;0.00;0.00
02.12.2020;4:31:36;3.35;42.88;10.83;759.36;0.00;0.00;0.00
02.12.2020;4:32:36;3.33;42.93;10.82;759.35;0.00;0.00;0.00
02.12.2020;4:33:36;3.33;42.89;10.80;759.34;0.00;0.00;0.00
02.12.2020;4:34:36;3.33;42.90;10.78;759.34;0.00;0.00;0.00
02.12.2020;4:35:36;3.33;42.95;10.77;759.33;0.00;0.00;0.00
02.12.2020;4:36:36;3.33;42.96;10.76;759.34;0.00;0.00;0.00
02.12.2020;4:37:36;3.33;43.02;10.76;759.32;0.00;0.00;0.00
02.12.2020;4:38:36;3.33;42.99;10.75;759.33;0.00;0.00;0.00
02.12.2020;4:39:36;3.35;42.99;10.73;759.33;0.00;0.00;0.00
02.12.2020;4:40:36;3.33;43.03;10.73;759.33;0.00;0.00;0.00
02.12.2020;4:41:36;3.33;43.07;10.72;759.33;0.00;0.00;0.00
02.12.2020;4:42:36;3.36;43.09;10.72;759.35;0.00;0.00;0.00
02.12.2020;4:43:36;3.33;43.06;10.72;759.35;0.00;0.00;0.00
02.12.2020;4:44:37;3.33;43.03;10.70;759.37;0.00;0.00;0.00
02.12.2020;4:45:37;3.35;43.03;10.68;759.35;0.00;0.00;0.00
02.12.2020;4:46:37;3.33;43.04;10.66;759.35;0.00;0.00;0.00
02.12.2020;4:47:37;3.33;43.12;10.64;759.35;0.00;0.00;0.00
02.12.2020;4:48:37;3.33;43.23;10.64;759.36;0.00;0.00;0.00
02.12.2020;4:49:37;3.33;43.15;10.63;759.37;0.00;0.00;0.00
02.12.2020;4:50:37;3.33;43.23;10.63;759.38;0.00;0.00;0.00
02.12.2020;4:51:37;3.33;43.23;10.63;759.38;0.00;0.00;0.00
02.12.2020;4:52:37;3.33;43.22;10.62;759.38;0.00;0.00;0.00
02.12.2020;4:53:37;3.35;43.27;10.61;759.38;0.00;0.00;0.00
02.12.2020;4:54:37;3.33;43.27;10.61;759.39;0.00;0.00;0.00
02.12.2020;4:55:37;3.33;43.24;10.61;759.40;0.00;0.00;0.00
02.12.2020;4:56:37;3.36;43.30;10.60;759.41;0.00;0.00;0.00
02.12.2020;4:57:37;3.33;43.29;10.60;759.41;0.00;0.00;0.00
02.12.2020;4:58:37;3.33;43.30;10.59;759.41;0.00;0.00;0.00
02.12.2020;4:59:37;3.35;43.36;10.60;759.42;0.00;0.00;0.00
02.12.2020;5:00:37;3.33;43.27;10.59;759.42;0.00;0.00;0.00
02.12.2020;5:01:37;3.33;43.25;10.58;759.42;0.00;0.00;0.00
02.12.2020;5:02:37;3.33;43.34;10.58;759.43;0.00;0.00;0.00
02.12.2020;5:03:37;3.33;43.28;10.58;759.43;0.00;0.00;0.00
02.12.2020;5:04:37;3.33;43.33;10.57;759.44;0.00;0.00;0.00
02.12.2020;5:05:37;3.33;43.35;10.57;759.44;0.00;0.00;0.00
02.12.2020;5:06:37;3.33;43.29;10.57;759.44;0.00;0.00;0.00
02.12.2020;5:07:37;3.35;43.33;10.56;759.44;0.00;0.00;0.00
02.12.2020;5:08:37;3.33;43.34;10.56;759.44;0.00;0.00;0.00
02.12.2020;5:09:37;3.33;43.36;10.56;759.44;0.00;0.00;0.00
02.12.2020;5:10:37;3.36;43.31;10.56;759.45;0.00;0.00;0.00
02.12.2020;5:11:37;3.33;43.33;10.55;759.45;0.00;0.00;0.00
02.12.2020;5:12:37;3.33;43.43;10.55;759.46;0.00;0.00;0.00
02.12.2020;5:13:37;3.35;43.42;10.56;759.45;0.00;0.00;0.00
02.12.2020;5:14:37;3.33;43.34;10.56;759.46;0.00;0.00;0.00
02.12.2020;5:15:37;3.33;43.34;10.55;759.45;0.00;0.00;0.00
02.12.2020;5:16:38;3.33;43.43;10.57;759.46;0.00;0.00;0.00
02.12.2020;5:17:38;3.33;43.45;10.58;759.46;0.00;0.00;0.00
02.12.2020;5:18:38;3.33;43.32;10.59;759.45;0.00;0.00;0.00
02.12.2020;5:19:38;3.33;43.23;10.58;759.43;0.00;0.00;0.00
02.12.2020;5:20:38;3.33;43.21;10.58;759.43;0.00;0.00;0.00
02.12.2020;5:21:38;3.35;43.28;10.58;759.44;0.00;0.00;0.00
02.12.2020;5:22:38;3.33;43.34;10.59;759.43;0.00;0.00;0.00
02.12.2020;5:23:38;3.33;43.29;10.60;759.42;0.00;0.00;0.00
02.12.2020;5:24:38;3.36;43.14;10.59;759.42;0.00;0.00;0.00
02.12.2020;5:25:38;3.33;43.22;10.58;759.41;0.00;0.00;0.00
02.12.2020;5:26:38;3.33;43.14;10.57;759.40;0.00;0.00;0.00
02.12.2020;5:27:38;3.35;43.22;10.56;759.41;0.00;0.00;0.00
02.12.2020;5:28:38;3.33;43.31;10.57;759.40;0.00;0.00;0.00
02.12.2020;5:29:38;3.33;43.24;10.57;759.41;0.00;0.00;0.00
02.12.2020;5:30:38;3.33;43.19;10.57;759.42;0.00;0.00;0.00
02.12.2020;5:31:38;3.33;43.17;10.56;759.41;0.00;0.00;0.00
02.12.2020;5:32:38;3.33;43.27;10.56;759.41;0.00;0.00;0.00
02.12.2020;5:33:38;3.33;43.28;10.56;759.42;0.00;0.00;0.00
02.12.2020;5:34:38;3.33;43.33;10.57;759.42;0.00;0.00;0.00
02.12.2020;5:35:38;3.35;43.22;10.58;759.42;0.00;0.00;0.00
02.12.2020;5:36:38;3.33;43.17;10.57;759.42;0.00;0.00;0.00
02.12.2020;5:37:38;3.33;43.25;10.56;759.42;0.00;0.00;0.00
02.12.2020;5:38:38;3.36;43.28;10.56;759.41;0.00;0.00;0.00
02.12.2020;5:39:38;3.33;43.14;10.56;759.42;0.00;0.00;0.00
02.12.2020;5:40:38;3.33;43.29;10.56;759.41;0.00;0.00;0.00
02.12.2020;5:41:38;3.35;43.17;10.56;759.41;0.00;0.00;0.00
02.12.2020;5:42:38;3.33;43.19;10.55;759.40;0.00;0.00;0.00
02.12.2020;5:43:38;3.33;43.20;10.54;759.40;0.00;0.00;0.00
02.12.2020;5:44:38;3.33;43.24;10.54;759.40;0.00;0.00;0.00
02.12.2020;5:45:38;3.33;43.33;10.55;759.41;0.00;0.00;0.00
02.12.2020;5:46:38;3.33;43.36;10.58;759.41;0.00;0.00;0.00
02.12.2020;5:47:38;3.33;43.26;10.59;759.41;0.00;0.00;0.00
02.12.2020;5:48:39;3.33;43.29;10.60;759.40;0.00;0.00;0.00
02.12.2020;5:49:39;3.35;43.25;10.61;759.40;0.00;0.00;0.00
02.12.2020;5:50:39;3.33;43.05;10.61;759.41;0.00;0.00;0.00
02.12.2020;5:51:39;3.33;43.20;10.62;759.40;0.00;0.00;0.00
02.12.2020;5:52:39;3.36;43.19;10.64;759.41;0.00;0.00;0.00
02.12.2020;5:53:39;3.33;43.14;10.65;759.40;0.00;0.00;0.00
02.12.2020;5:54:39;3.33;43.04;10.65;759.40;0.00;0.00;0.00
02.12.2020;5:55:39;3.35;43.08;10.66;759.40;0.00;0.00;0.00
02.12.2020;5:56:39;3.33;43.10;10.67;759.40;0.00;0.00;0.00
02.12.2020;5:57:39;3.33;43.02;10.67;759.40;0.00;0.00;0.00
02.12.2020;5:58:39;3.33;43.04;10.66;759.40;0.00;0.00;0.00
02.12.2020;5:59:39;3.33;43.04;10.67;759.41;0.00;0.00;0.00
02.12.2020;6:00:39;3.33;42.97;10.68;759.42;0.00;0.00;0.00
02.12.2020;6:01:39;3.33;42.99;10.68;759.42;0.00;0.00;0.00
02.12.2020;6:02:39;3.33;42.93;10.68;759.43;0.00;0.00;0.00
02.12.2020;6:03:39;3.35;43.02;10.69;759.43;0.00;0.00;0.00
02.12.2020;6:04:39;3.33;42.94;10.69;759.44;0.00;0.00;0.00
02.12.2020;6:05:39;3.33;42.91;10.70;759.44;0.00;0.00;0.00
02.12.2020;6:06:39;3.36;43.01;10.70;759.43;0.00;0.00;0.00
02.12.2020;6:07:39;3.33;42.98;10.70;759.44;0.00;0.00;0.00
02.12.2020;6:08:39;3.33;43.02;10.71;759.43;0.00;0.00;0.00
02.12.2020;6:09:39;3.35;42.89;10.72;759.43;0.00;0.00;0.00
02.12.2020;6:10:39;3.33;42.83;10.71;759.43;0.00;0.00;0.00
02.12.2020;6:11:39;3.33;42.96;10.72;759.43;0.00;0.00;0.00
02.12.2020;6:12:39;3.33;42.98;10.72;759.44;0.00;0.00;0.00
02.12.2020;6:13:39;3.33;42.93;10.74;759.44;0.00;0.00;0.00
02.12.2020;6:14:39;3.33;42.78;10.73;759.44;0.00;0.00;0.00
02.12.2020;6:15:39;3.33;42.89;10.73;759.44;0.00;0.00;0.00
02.12.2020;6:16:39;3.33;42.93;10.74;759.44;0.00;0.00;0.00
02.12.2020;6:17:39;3.35;42.85;10.75;759.46;0.00;0.00;0.00
02.12.2020;6:18:39;3.33;42.85;10.75;759.44;0.00;0.00;0.00
02.12.2020;6:19:39;3.33;42.86;10.76;759.45;0.00;0.00;0.00
02.12.2020;6:20:39;3.36;42.84;10.77;759.46;0.00;0.00;0.00
02.12.2020;6:21:40;3.33;42.82;10.77;759.45;0.00;0.00;0.00
02.12.2020;6:22:40;3.33;42.72;10.77;759.46;0.00;0.00;0.00
02.12.2020;6:23:40;3.35;42.69;10.76;759.47;0.00;0.00;0.00
02.12.2020;6:24:40;3.33;42.69;10.75;759.47;0.00;0.00;0.00
02.12.2020;6:25:40;3.33;42.76;10.74;759.47;0.00;0.00;0.00
02.12.2020;6:26:40;3.33;42.81;10.75;759.47;0.00;0.00;0.00
02.12.2020;6:27:40;3.33;42.60;10.74;759.48;0.00;0.00;0.00
02.12.2020;6:28:40;3.33;42.78;10.72;759.47;0.00;0.00;0.00
02.12.2020;6:29:40;3.33;42.80;10.73;759.47;0.00;0.00;0.00
02.12.2020;6:30:40;3.33;42.82;10.73;759.47;0.00;0.00;0.00
02.12.2020;6:31:40;3.35;42.65;10.73;759.47;0.00;0.00;0.00
02.12.2020;6:32:40;3.33;42.74;10.72;759.47;0.00;0.00;0.00
02.12.2020;6:33:40;3.33;42.76;10.70;759.48;0.00;0.00;0.00
02.12.2020;6:34:40;3.36;42.71;10.70;759.49;0.00;0.00;0.00
02.12.2020;6:35:40;3.33;42.82;10.70;759.49;0.00;0.00;0.00
02.12.2020;6:36:40;3.33;42.72;10.70;759.48;0.00;0.00;0.00
02.12.2020;6:37:40;3.35;42.71;10.69;759.48;0.00;0.00;0.00
02.12.2020;6:38:40;3.33;42.62;10.67;759.47;0.00;0.00;0.00
02.12.2020;6:39:40;3.33;42.63;10.66;759.48;0.00;0.00;0.00
02.12.2020;6:40:40;3.33;42.75;10.64;759.46;0.00;0.00;0.00
02.12.2020;6:41:40;3.33;42.92;10.64;759.46;0.00;0.00;0.00
02.12.2020;6:42:40;3.33;42.80;10.64;759.46;0.00;0.00;0.00
02.12.2020;6:43:40;3.33;42.90;10.63;759.46;0.00;0.00;0.00
02.12.2020;6:44:40;3.33;42.94;10.63;759.46;0.00;0.00;0.00
02.12.2020;6:45:40;3.35;42.78;10.64;759.46;0.00;0.00;0.00
02.12.2020;6:46:40;3.33;42.82;10.64;759.46;0.00;0.00;0.00
02.12.2020;6:47:40;3.33;42.71;10.63;759.47;0.00;0.00;0.00
02.12.2020;6:48:40;3.36;42.74;10.62;759.47;0.00;0.00;0.00
02.12.2020;6:49:40;3.33;42.60;10.60;759.47;0.00;0.00;0.00
02.12.2020;6:50:40;3.33;42.78;10.59;759.47;0.00;0.00;0.00
02.12.2020;6:51:40;3.35;42.95;10.59;759.46;0.00;0.00;0.00
02.12.2020;6:52:40;3.33;42.83;10.60;759.45;0.00;0.00;0.00
02.12.2020;6:53:41;3.33;42.87;10.60;759.44;0.00;0.00;0.00
02.12.2020;6:54:41;3.33;42.95;10.61;759.45;0.00;0.00;0.00
02.12.2020;6:55:41;3.33;42.99;10.61;759.45;0.00;0.00;0.00
02.12.2020;6:56:41;3.33;42.79;10.62;759.46;0.00;0.00;0.00
02.12.2020;6:57:41;3.33;42.93;10.61;759.46;0.00;0.00;0.00
02.12.2020;6:58:41;3.33;43.06;10.63;759.47;0.00;0.00;0.00
02.12.2020;6:59:41;3.35;42.93;10.63;759.46;0.00;0.00;0.00
02.12.2020;7:00:41;3.33;42.89;10.63;759.46;0.00;0.00;0.00
02.12.2020;7:01:41;3.33;42.75;10.63;759.46;0.00;0.00;0.00
02.12.2020;7:02:41;3.36;42.64;10.61;759.45;0.00;0.00;0.00
02.12.2020;7:03:41;3.33;42.94;10.61;759.45;0.00;0.00;0.00
02.12.2020;7:04:41;3.33;42.77;10.60;759.44;0.00;0.00;0.00
02.12.2020;7:05:41;3.35;42.65;10.59;759.45;0.00;0.00;0.00
02.12.2020;7:06:41;3.33;42.66;10.58;759.45;0.00;0.00;0.00
02.12.2020;7:07:41;3.33;42.85;10.56;759.44;0.00;0.00;0.00
02.12.2020;7:08:41;3.33;42.86;10.56;759.44;0.00;0.00;0.00
02.12.2020;7:09:41;3.33;42.87;10.56;759.44;0.00;0.00;0.00
02.12.2020;7:10:41;3.33;42.92;10.56;759.44;0.00;0.00;0.00
02.12.2020;7:11:41;3.33;42.93;10.56;759.44;0.00;0.00;0.00
02.12.2020;7:12:41;3.33;42.94;10.56;759.43;0.00;0.00;0.00
02.12.2020;7:13:41;3.35;42.98;10.56;759.43;0.00;0.00;0.00
02.12.2020;7:14:41;3.33;42.82;10.55;759.43;0.00;0.00;0.00
02.12.2020;7:15:41;3.33;42.84;10.55;759.45;0.00;0.00;0.00
02.12.2020;7:16:41;3.51;42.82;10.55;759.45;0.00;0.00;0.00
02.12.2020;7:17:41;4.17;42.92;10.54;759.46;0.00;0.00;0.00
02.12.2020;7:18:41;4.17;42.87;10.53;759.47;0.00;0.00;0.00
02.12.2020;7:19:41;4.18;42.87;10.53;759.47;0.00;0.00;0.00
02.12.2020;7:20:41;4.17;42.98;10.54;759.48;0.00;0.00;0.00
02.12.2020;7:21:41;4.17;42.88;10.52;759.50;0.00;0.00;0.00
02.12.2020;7:22:41;4.17;42.97;10.53;759.52;0.00;0.00;0.00
02.12.2020;7:23:41;4.17;42.98;10.54;759.54;0.00;0.00;0.00
02.12.2020;7:24:41;4.17;43.00;10.53;759.53;0.00;0.00;0.00
02.12.2020;7:25:42;4.21;42.95;10.54;759.53;0.00;0.00;0.00
02.12.2020;7:26:42;5.00;42.81;10.53;759.54;0.00;0.00;0.00
02.12.2020;7:27:42;5.53;42.93;10.52;759.54;0.00;0.00;0.00
02.12.2020;7:28:42;5.83;42.95;10.52;759.54;0.00;0.00;0.00
02.12.2020;7:29:42;5.83;42.89;10.52;759.53;0.00;0.00;0.00
02.12.2020;7:30:42;5.68;42.89;10.52;759.55;0.00;0.00;0.00
02.12.2020;7:31:42;5.29;42.85;10.52;759.55;0.00;0.00;0.00
02.12.2020;7:32:42;5.83;43.02;10.52;759.56;0.00;0.00;0.00
02.12.2020;7:33:42;6.25;43.09;10.54;759.56;0.00;0.00;0.00
02.12.2020;7:34:42;6.67;43.07;10.55;759.57;0.00;0.00;0.00
02.12.2020;7:35:42;6.96;43.02;10.55;759.56;0.00;0.00;0.00
02.12.2020;7:36:42;7.90;42.98;10.55;759.55;0.00;0.00;0.00
02.12.2020;7:37:42;8.46;42.99;10.56;759.54;0.00;0.00;0.00
02.12.2020;7:38:42;9.32;42.85;10.56;759.53;0.00;0.00;0.00
02.12.2020;7:39:42;10.74;42.91;10.56;759.54;0.00;0.00;0.00
02.12.2020;7:40:42;12.68;42.78;10.57;759.53;0.00;0.00;0.00
02.12.2020;7:41:42;15.21;42.87;10.57;759.55;0.00;0.00;0.00
02.12.2020;7:42:42;15.49;42.86;10.57;759.55;0.00;0.00;0.00
02.12.2020;7:43:42;15.71;42.85;10.58;759.56;0.00;0.00;0.00
02.12.2020;7:44:42;16.21;42.78;10.58;759.56;0.00;0.00;0.00
02.12.2020;7:45:42;17.15;42.83;10.58;759.56;0.00;0.00;0.00
02.12.2020;7:46:42;17.47;42.86;10.58;759.57;0.00;0.00;0.00
02.12.2020;7:47:42;16.69;42.82;10.58;759.59;0.00;0.00;0.00
02.12.2020;7:48:42;16.43;42.89;10.59;759.59;0.00;0.00;0.00
02.12.2020;7:49:42;15.25;42.91;10.59;759.58;0.00;0.00;0.00
02.12.2020;7:50:42;14.21;42.92;10.60;759.58;0.00;0.00;0.00
02.12.2020;7:51:42;13.94;42.86;10.60;759.57;0.00;0.00;0.00
02.12.2020;7:52:42;12.65;42.91;10.61;759.57;0.00;0.00;0.00
02.12.2020;7:53:42;12.99;42.88;10.62;759.58;0.00;0.00;0.00
02.12.2020;7:54:42;13.32;42.75;10.62;759.59;0.00;0.00;0.00
02.12.2020;7:55:42;13.32;42.91;10.62;759.59;0.00;0.00;0.00
02.12.2020;7:56:43;14.29;42.82;10.62;759.60;0.00;0.00;0.00
02.12.2020;7:57:43;16.16;42.79;10.62;759.59;0.00;0.00;0.00
02.12.2020;7:58:43;16.35;42.87;10.63;759.59;0.00;0.00;0.00
02.12.2020;7:59:43;16.44;42.89;10.64;759.59;0.00;0.00;0.00
02.12.2020;8:00:43;16.23;42.80;10.64;759.59;0.00;0.00;0.00
02.12.2020;8:01:43;15.51;42.80;10.65;759.60;0.00;0.00;0.00
02.12.2020;8:02:43;15.65;42.75;10.66;759.61;0.00;0.00;0.00
02.12.2020;8:03:43;15.83;42.62;10.65;759.61;0.00;0.00;0.00
02.12.2020;8:04:43;16.28;42.77;10.65;759.62;0.00;0.00;0.00
02.12.2020;8:05:43;18.26;42.76;10.67;759.62;0.00;0.00;0.00
02.12.2020;8:06:43;19.41;42.76;10.67;759.63;0.00;0.00;0.00
02.12.2020;8:07:43;19.49;42.75;10.67;759.63;0.00;0.00;0.00
02.12.2020;8:08:43;18.32;42.74;10.68;759.64;0.00;0.00;0.00
02.12.2020;8:09:43;17.83;42.69;10.68;759.66;0.00;0.00;0.00
02.12.2020;8:10:43;19.83;42.63;10.69;759.68;0.00;0.00;0.00
02.12.2020;8:11:43;20.89;42.65;10.69;759.69;0.00;0.00;0.00
02.12.2020;8:12:43;21.15;42.64;10.70;759.70;0.01;0.00;0.00
02.12.2020;8:13:43;23.14;42.49;10.70;759.71;0.01;0.00;0.00
02.12.2020;8:14:43;24.97;42.60;10.70;759.71;0.02;0.00;0.00
02.12.2020;8:15:43;24.22;42.69;10.70;759.71;0.02;0.00;0.00
02.12.2020;8:16:43;24.03;42.64;10.71;759.70;0.02;0.00;0.00
02.12.2020;8:17:43;24.25;42.63;10.72;759.72;0.02;0.00;0.00
02.12.2020;8:18:43;25.90;42.63;10.72;759.71;0.02;0.00;0.00
02.12.2020;8:19:43;28.31;42.62;10.73;759.71;0.03;0.00;0.00
02.12.2020;8:20:43;29.17;42.62;10.73;759.71;0.03;0.00;0.00
02.12.2020;8:21:43;29.22;42.58;10.75;759.71;0.03;0.00;0.00
02.12.2020;8:22:43;29.65;42.51;10.75;759.70;0.03;0.00;0.00
02.12.2020;8:23:43;30.08;42.52;10.76;759.71;0.04;0.00;0.00
02.12.2020;8:24:43;31.19;42.58;10.77;759.71;0.04;0.00;0.00
02.12.2020;8:25:43;33.21;42.55;10.78;759.70;0.05;0.00;0.00
02.12.2020;8:26:44;36.76;42.47;10.78;759.70;0.06;0.00;0.00
02.12.2020;8:27:44;38.50;42.53;10.79;759.70;0.06;0.00;0.00
02.12.2020;8:28:44;36.86;42.52;10.79;759.71;0.05;0.00;0.00
02.12.2020;8:29:44;35.67;42.47;10.80;759.71;0.05;0.00;0.00
02.12.2020;8:30:44;37.63;42.41;10.80;759.71;0.06;0.00;0.00
02.12.2020;8:31:44;39.42;42.44;10.81;759.71;0.06;0.00;0.00
02.12.2020;8:32:44;42.92;42.45;10.82;759.71;0.08;0.00;0.00
02.12.2020;8:33:44;45.01;42.45;10.82;759.71;0.08;0.00;0.00
02.12.2020;8:34:44;45.97;42.46;10.83;759.70;0.09;0.00;0.00
02.12.2020;8:35:44;46.40;42.41;10.83;759.70;0.09;0.00;0.00
02.12.2020;8:36:44;46.83;42.38;10.83;759.71;0.09;0.00;0.00
02.12.2020;8:37:44;47.63;42.37;10.84;759.71;0.09;0.00;0.00
02.12.2020;8:38:44;48.33;42.38;10.84;759.70;0.09;0.00;0.00
02.12.2020;8:39:44;49.08;42.31;10.85;759.70;0.10;0.00;0.00
02.12.2020;8:40:44;50.01;42.33;10.85;759.69;0.10;0.00;0.00
02.12.2020;8:41:44;49.63;42.36;10.86;759.71;0.10;0.00;0.00
02.12.2020;8:42:44;49.27;42.35;10.86;759.70;0.10;0.00;0.00
02.12.2020;8:43:44;54.22;42.31;10.87;759.71;0.12;0.00;0.00
02.12.2020;8:44:45;58.38;42.31;10.87;759.71;0.14;0.00;0.00
02.12.2020;8:45:44;60.38;42.26;10.88;759.71;0.14;0.00;0.00
02.12.2020;8:46:44;68.17;42.28;10.88;759.70;0.17;0.00;0.00
02.12.2020;8:47:44;80.06;42.31;10.88;759.71;0.22;0.00;0.00
02.12.2020;8:48:44;92.08;42.29;10.90;759.72;0.26;0.00;0.00
02.12.2020;8:49:44;108.57;42.30;10.90;759.73;0.32;0.00;0.00
02.12.2020;8:50:44;119.22;42.23;10.91;759.74;0.35;0.00;0.00
02.12.2020;8:51:44;115.16;42.22;10.91;759.74;0.33;0.00;0.00
02.12.2020;8:52:44;120.68;42.20;10.92;759.75;0.35;0.00;0.00
02.12.2020;8:53:44;124.50;42.20;10.92;759.75;0.36;0.00;0.00
02.12.2020;8:54:44;126.64;42.22;10.92;759.75;0.37;0.00;0.00
02.12.2020;8:55:44;123.78;42.17;10.93;759.76;0.36;0.00;0.00
02.12.2020;8:56:45;127.23;42.18;10.93;759.76;0.37;0.00;0.00
02.12.2020;8:57:45;119.47;42.15;10.93;759.76;0.34;0.00;0.00
02.12.2020;8:58:45;123.15;42.13;10.93;759.77;0.35;0.00;0.00
02.12.2020;8:59:45;131.27;42.17;10.93;759.76;0.38;0.00;0.00
02.12.2020;9:00:45;135.93;42.19;10.92;759.76;0.39;-0.00;-0.00
02.12.2020;9:01:45;124.89;42.22;10.92;759.75;0.35;0.00;0.00
02.12.2020;9:02:45;115.86;42.23;10.91;759.74;0.33;0.00;0.00
02.12.2020;9:03:45;117.31;42.19;10.91;759.75;0.34;0.00;0.00
02.12.2020;9:04:45;123.35;42.23;10.90;759.75;0.36;0.00;0.00
02.12.2020;9:05:45;125.82;42.23;10.90;759.75;0.37;0.00;0.00
02.12.2020;9:06:45;127.60;42.24;10.91;759.74;0.37;0.00;0.00
02.12.2020;9:07:45;126.68;42.19;10.90;759.73;0.36;0.00;0.00
02.12.2020;9:08:45;120.82;42.22;10.90;759.73;0.34;0.00;0.00
02.12.2020;9:09:45;121.18;42.16;10.90;759.71;0.33;0.00;0.00
02.12.2020;9:10:45;108.81;42.19;10.90;759.71;0.29;0.00;0.00
02.12.2020;9:11:45;106.14;42.24;10.90;759.71;0.28;0.00;0.00
02.12.2020;9:12:45;112.58;42.23;10.90;759.72;0.30;0.00;0.00
02.12.2020;9:13:45;108.09;42.21;10.90;759.72;0.28;0.00;0.00
02.12.2020;9:14:45;105.94;42.23;10.90;759.73;0.27;0.00;0.00
02.12.2020;9:15:45;109.33;42.23;10.90;759.73;0.28;0.00;0.00
02.12.2020;9:16:45;115.47;42.24;10.90;759.75;0.30;0.00;0.00
02.12.2020;9:17:45;115.35;42.20;10.90;759.75;0.30;0.00;0.00
02.12.2020;9:18:45;118.78;42.25;10.90;759.75;0.31;0.00;0.00
02.12.2020;9:19:45;120.00;42.16;10.90;759.75;0.32;0.00;0.00
02.12.2020;9:20:45;123.64;42.22;10.90;759.73;0.33;0.00;0.00
02.12.2020;9:21:45;124.31;42.24;10.90;759.73;0.33;0.00;0.00
02.12.2020;9:22:45;130.52;42.30;10.90;759.75;0.35;0.00;0.00
02.12.2020;9:23:45;129.38;42.27;10.91;759.76;0.35;0.00;0.00
02.12.2020;9:24:45;121.43;42.25;10.90;759.77;0.33;0.00;0.00
02.12.2020;9:25:46;136.53;42.29;10.90;759.77;0.38;0.00;0.00
02.12.2020;9:26:46;146.22;42.40;10.90;759.79;0.40;0.00;0.00
02.12.2020;9:27:46;145.25;42.32;10.91;759.79;0.40;0.00;0.00
02.12.2020;9:28:46;153.06;42.24;10.91;759.79;0.43;0.02;0.01
02.12.2020;9:29:46;159.44;42.22;10.91;759.78;0.44;0.05;0.02
02.12.2020;9:30:46;153.81;42.26;10.91;759.78;0.42;0.01;0.00
02.12.2020;9:31:46;147.63;42.31;10.91;759.77;0.40;0.00;0.00
02.12.2020;9:32:46;140.01;42.30;10.91;759.76;0.38;0.00;0.00
02.12.2020;9:33:46;149.03;42.11;10.91;759.76;0.41;0.00;0.00
02.12.2020;9:34:46;144.42;42.22;10.91;759.75;0.39;0.00;0.00
02.12.2020;9:35:46;134.57;42.22;10.91;759.75;0.36;0.00;0.00
02.12.2020;9:36:46;132.92;42.18;10.90;759.75;0.35;0.00;0.00
02.12.2020;9:37:46;141.89;42.28;10.90;759.75;0.38;0.00;0.00
02.12.2020;9:38:46;142.32;42.26;10.90;759.76;0.38;0.00;0.00
02.12.2020;9:39:46;136.05;42.27;10.89;759.76;0.36;0.00;0.00
02.12.2020;9:40:46;141.65;42.30;10.90;759.77;0.38;-0.00;-0.00
02.12.2020;9:41:46;141.72;42.28;10.89;759.77;0.38;0.00;0.00
02.12.2020;9:42:46;144.52;42.26;10.90;759.77;0.39;0.00;0.00
02.12.2020;9:43:46;142.32;42.21;10.90;759.78;0.39;0.00;0.00
02.12.2020;9:44:46;156.10;42.27;10.89;759.79;0.44;0.05;0.02
02.12.2020;9:45:46;185.82;42.25;10.90;759.78;0.55;0.24;0.13
02.12.2020;9:46:46;209.88;42.27;10.91;759.78;0.63;0.36;0.23
02.12.2020;9:47:46;234.56;42.25;10.93;759.78;0.71;0.49;0.35
02.12.2020;9:48:46;260.36;42.21;10.95;759.79;0.79;0.63;0.49
02.12.2020;9:49:46;282.16;42.22;10.96;759.79;0.87;0.74;0.64
02.12.2020;9:50:46;292.46;42.20;10.98;759.80;0.89;0.80;0.71
02.12.2020;9:51:46;286.78;42.17;10.99;759.81;0.88;0.78;0.68
02.12.2020;9:52:47;282.97;42.15;11.01;759.84;0.87;0.77;0.67
02.12.2020;9:53:47;287.94;42.12;11.01;759.84;0.90;0.81;0.72
02.12.2020;9:54:47;312.53;42.08;11.02;759.84;0.98;0.94;0.92
02.12.2020;9:55:47;348.99;42.05;11.03;759.84;1.09;1.13;1.23
02.12.2020;9:56:47;379.90;42.05;11.04;759.84;1.18;1.27;1.50
02.12.2020;9:57:47;378.43;42.07;11.05;759.84;1.17;1.26;1.47
02.12.2020;9:58:47;359.96;42.02;11.07;759.84;1.12;1.15;1.29
02.12.2020;9:59:47;363.45;42.00;11.08;759.84;1.15;1.21;1.39
02.12.2020;10:00:47;362.92;41.93;11.10;759.84;1.13;1.21;1.37
02.12.2020;10:01:47;356.94;41.85;11.09;759.83;1.11;1.16;1.29
02.12.2020;10:02:47;340.63;41.86;11.09;759.82;1.07;1.09;1.17
02.12.2020;10:03:47;377.22;41.77;11.10;759.81;1.21;1.31;1.58
02.12.2020;10:04:47;467.08;41.78;11.12;759.81;1.46;1.72;2.52
02.12.2020;10:05:47;497.75;41.77;11.14;759.81;1.51;1.83;2.77
02.12.2020;10:06:47;468.70;41.75;11.15;759.81;1.43;1.68;2.40
02.12.2020;10:07:47;485.81;41.73;11.17;759.82;1.48;1.77;2.62
02.12.2020;10:08:47;478.35;41.66;11.18;759.81;1.45;1.72;2.50
02.12.2020;10:09:47;473.39;41.70;11.20;759.81;1.44;1.70;2.46
02.12.2020;10:10:47;482.10;41.64;11.21;759.80;1.46;1.73;2.53
02.12.2020;10:11:47;524.65;41.57;11.23;759.79;1.59;1.94;3.08
02.12.2020;10:12:47;553.28;41.47;11.25;759.76;1.63;2.02;3.30
02.12.2020;10:13:47;480.86;41.46;11.26;759.77;1.41;1.67;2.36
02.12.2020;10:14:47;411.49;41.46;11.25;759.77;1.23;1.36;1.67
02.12.2020;10:15:47;375.56;41.38;11.25;759.76;1.13;1.19;1.35
02.12.2020;10:16:47;350.06;41.43;11.24;759.76;1.07;1.08;1.15
02.12.2020;10:17:47;396.92;41.39;11.23;759.76;1.18;1.27;1.50
02.12.2020;10:18:47;393.80;41.46;11.23;759.78;1.14;1.21;1.39
02.12.2020;10:19:47;326.28;41.46;11.23;759.77;0.93;0.85;0.80
02.12.2020;10:20:47;286.82;41.44;11.21;759.79;0.82;0.67;0.55
02.12.2020;10:21:48;292.47;41.48;11.20;759.79;0.83;0.69;0.57
02.12.2020;10:22:48;262.53;41.53;11.19;759.78;0.73;0.53;0.39
02.12.2020;10:23:48;219.79;41.52;11.18;759.77;0.62;0.35;0.22
02.12.2020;10:24:48;240.22;41.49;11.16;759.77;0.70;0.48;0.33
02.12.2020;10:25:48;259.08;41.57;11.15;759.76;0.75;0.58;0.44
02.12.2020;10:26:48;283.96;41.61;11.16;759.78;0.84;0.70;0.59
02.12.2020;10:27:48;318.15;41.58;11.17;759.79;0.94;0.87;0.82
02.12.2020;10:28:48;368.86;41.59;11.17;759.78;1.09;1.11;1.21
02.12.2020;10:29:48;386.57;41.54;11.18;759.76;1.12;1.18;1.33
02.12.2020;10:30:48;417.01;41.56;11.19;759.76;1.21;1.32;1.60
02.12.2020;10:31:48;446.11;41.53;11.20;759.73;1.29;1.46;1.87
02.12.2020;10:32:48;475.76;41.49;11.22;759.73;1.37;1.59;2.19
02.12.2020;10:33:48;511.56;41.48;11.24;759.71;1.46;1.73;2.53
02.12.2020;10:34:48;550.39;41.40;11.26;759.71;1.56;1.90;2.96
02.12.2020;10:35:48;556.21;41.38;11.28;759.71;1.56;1.88;2.93
02.12.2020;10:36:48;528.00;41.40;11.29;759.71;1.47;1.75;2.58
02.12.2020;10:37:48;441.30;41.33;11.30;759.70;1.25;1.39;1.74
02.12.2020;10:38:48;437.94;41.32;11.28;759.70;1.27;1.42;1.79
02.12.2020;10:39:48;485.17;41.33;11.28;759.69;1.40;1.64;2.30
02.12.2020;10:40:48;528.53;41.27;11.29;759.69;1.50;1.79;2.68
02.12.2020;10:41:48;465.37;41.28;11.29;759.68;1.31;1.49;1.94
02.12.2020;10:42:48;416.33;41.34;11.29;759.67;1.19;1.30;1.55
02.12.2020;10:43:48;449.37;41.30;11.28;759.66;1.29;1.44;1.85
02.12.2020;10:44:48;466.85;41.29;11.27;759.64;1.33;1.53;2.04
02.12.2020;10:45:48;496.63;41.32;11.28;759.65;1.41;1.64;2.32
02.12.2020;10:46:48;509.65;41.31;11.29;759.64;1.44;1.69;2.43
02.12.2020;10:47:48;509.29;41.25;11.30;759.64;1.44;1.70;2.45
02.12.2020;10:48:48;504.40;41.28;11.31;759.63;1.42;1.67;2.37
02.12.2020;10:49:48;484.96;41.26;11.30;759.63;1.38;1.60;2.21
02.12.2020;10:50:49;471.01;41.25;11.31;759.63;1.35;1.56;2.10
02.12.2020;10:51:49;458.67;41.22;11.30;759.62;1.32;1.50;1.98
02.12.2020;10:52:49;428.98;41.26;11.30;759.62;1.23;1.35;1.67
02.12.2020;10:53:49;434.04;41.29;11.30;759.62;1.26;1.42;1.79
02.12.2020;10:54:49;463.91;41.32;11.30;759.62;1.35;1.57;2.11
02.12.2020;10:55:49;489.19;41.30;11.31;759.63;1.41;1.65;2.32
02.12.2020;10:56:49;532.08;41.27;11.33;759.61;1.52;1.83;2.78
02.12.2020;10:57:49;523.31;41.26;11.34;759.61;1.48;1.78;2.64
02.12.2020;10:58:49;489.00;41.27;11.33;759.60;1.39;1.63;2.27
02.12.2020;10:59:49;478.12;41.34;11.33;759.60;1.39;1.62;2.26
02.12.2020;11:00:49;565.43;41.40;11.35;759.60;1.63;2.01;3.27
02.12.2020;11:01:49;638.97;41.36;11.37;759.59;1.82;2.27;4.13
02.12.2020;11:02:49;693.87;41.29;11.40;759.58;1.96;2.48;4.86
02.12.2020;11:03:49;696.85;41.18;11.41;759.58;1.97;2.49;4.92
02.12.2020;11:04:49;755.40;41.10;11.42;759.59;2.14;2.82;6.05
02.12.2020;11:05:49;782.49;41.12;11.45;759.58;2.21;2.93;6.46
02.12.2020;11:06:49;775.10;41.04;11.48;759.58;2.21;2.94;6.50
02.12.2020;11:07:49;796.54;40.96;11.49;759.58;2.26;3.04;6.87
02.12.2020;11:08:49;796.38;40.92;11.51;759.58;2.26;3.02;6.83
02.12.2020;11:09:49;824.38;40.90;11.53;759.58;2.33;3.13;7.28
02.12.2020;11:10:49;852.79;40.83;11.55;759.57;2.38;3.22;7.66
02.12.2020;11:11:49;910.28;40.77;11.57;759.56;2.52;3.44;8.67
02.12.2020;11:12:49;942.22;40.74;11.60;759.56;2.57;3.53;9.07
02.12.2020;11:13:49;914.32;40.65;11.62;759.55;2.52;3.44;8.65
02.12.2020;11:14:49;985.93;40.60;11.65;759.55;2.70;3.74;10.09
02.12.2020;11:15:49;1106.71;40.53;11.70;759.54;2.91;4.10;11.95
02.12.2020;11:16:49;1095.61;40.45;11.75;759.54;2.87;4.03;11.58
02.12.2020;11:17:50;1083.69;40.34;11.79;759.53;2.85;3.99;11.36
02.12.2020;11:18:50;1021.29;40.23;11.81;759.52;2.71;3.77;10.22
02.12.2020;11:19:50;934.15;40.23;11.82;759.52;2.57;3.53;9.07
02.12.2020;11:20:50;1055.29;40.19;11.85;759.51;2.80;3.90;10.92
02.12.2020;11:21:50;1015.44;40.12;11.88;759.49;2.66;3.70;9.85
02.12.2020;11:22:50;859.60;40.05;11.88;759.49;2.35;3.18;7.46
02.12.2020;11:23:50;807.57;40.02;11.85;759.49;2.25;3.01;6.75
02.12.2020;11:24:50;816.64;40.02;11.84;759.47;2.29;3.08;7.04
02.12.2020;11:25:50;831.49;39.96;11.83;759.46;2.32;3.11;7.21
02.12.2020;11:26:50;882.82;40.03;11.82;759.47;2.44;3.33;8.12
02.12.2020;11:27:50;892.58;40.06;11.82;759.47;2.42;3.28;7.92
02.12.2020;11:28:50;796.68;40.06;11.82;759.47;2.19;2.91;6.39
02.12.2020;11:29:50;747.47;40.03;11.81;759.47;2.09;2.72;5.68
02.12.2020;11:30:50;790.00;40.05;11.80;759.48;2.18;2.88;6.27
02.12.2020;11:31:50;750.03;40.12;11.79;759.49;2.09;2.72;5.69
02.12.2020;11:32:50;758.99;40.12;11.77;759.49;2.15;2.84;6.13
02.12.2020;11:33:50;831.54;40.15;11.77;759.48;2.32;3.12;7.22
02.12.2020;11:34:50;843.75;40.12;11.77;759.48;2.32;3.12;7.23
02.12.2020;11:35:50;814.08;40.21;11.76;759.49;2.25;3.00;6.77
02.12.2020;11:36:50;804.15;40.22;11.76;759.49;2.22;2.95;6.54
02.12.2020;11:37:50;769.96;40.20;11.75;759.47;2.13;2.80;5.98
02.12.2020;11:38:50;736.64;40.22;11.75;759.47;2.08;2.71;5.63
02.12.2020;11:39:50;794.49;40.21;11.75;759.47;2.23;2.97;6.64
02.12.2020;11:40:50;834.45;40.22;11.75;759.47;2.31;3.09;7.14
02.12.2020;11:41:50;828.65;40.25;11.76;759.46;2.28;3.06;6.98
02.12.2020;11:42:50;803.86;40.25;11.78;759.45;2.24;3.00;6.73
02.12.2020;11:43:50;825.00;40.20;11.78;759.44;2.28;3.07;7.00
02.12.2020;11:44:51;835.64;40.20;11.79;759.43;2.30;3.09;7.11
02.12.2020;11:45:51;848.02;40.19;11.79;759.42;2.32;3.11;7.23
02.12.2020;11:46:51;833.86;40.17;11.79;759.41;2.29;3.08;7.07
02.12.2020;11:47:51;829.27;40.15;11.79;759.42;2.28;3.06;7.00
02.12.2020;11:48:51;817.10;40.14;11.80;759.41;2.26;3.01;6.80
02.12.2020;11:49:51;785.54;40.14;11.79;759.41;2.18;2.90;6.33
02.12.2020;11:50:51;771.29;40.15;11.79;759.41;2.16;2.86;6.19
02.12.2020;11:51:51;756.71;40.17;11.78;759.42;2.14;2.81;6.02
02.12.2020;11:52:51;820.48;40.17;11.78;759.42;2.32;3.12;7.22
02.12.2020;11:53:51;882.72;40.17;11.80;759.40;2.42;3.29;7.96
02.12.2020;11:54:51;841.61;40.13;11.81;759.39;2.30;3.09;7.12
02.12.2020;11:55:51;802.44;40.09;11.81;759.39;2.24;3.00;6.74
02.12.2020;11:56:51;894.35;40.09;11.82;759.39;2.45;3.34;8.18
02.12.2020;11:57:51;867.42;40.04;11.83;759.40;2.37;3.20;7.58
02.12.2020;11:58:51;804.97;40.07;11.82;759.40;2.25;3.02;6.80
02.12.2020;11:59:51;875.11;40.01;11.81;759.39;2.42;3.30;7.99
02.12.2020;12:00:51;955.42;40.05;11.83;759.40;2.57;3.53;9.05
02.12.2020;12:01:51;971.04;40.06;11.84;759.40;2.59;3.58;9.28
02.12.2020;12:02:51;976.69;40.00;11.87;759.41;2.61;3.61;9.41
02.12.2020;12:03:51;962.22;39.97;11.88;759.41;2.61;3.61;9.42
02.12.2020;12:04:51;978.05;39.97;11.89;759.41;2.65;3.66;9.70
02.12.2020;12:05:51;1008.64;39.90;11.92;759.40;2.69;3.73;10.03
02.12.2020;12:06:51;952.28;39.88;11.93;759.39;2.56;3.52;9.02
02.12.2020;12:07:51;853.26;39.86;11.93;759.39;2.34;3.16;7.39
02.12.2020;12:08:51;776.60;39.84;11.92;759.38;2.19;2.91;6.38
02.12.2020;12:09:51;732.56;39.87;11.90;759.39;2.10;2.75;5.80
02.12.2020;12:10:51;731.44;39.85;11.88;759.39;2.11;2.76;5.81
02.12.2020;12:11:52;721.68;39.84;11.86;759.39;2.10;2.74;5.74
02.12.2020;12:12:52;757.27;39.98;11.84;759.39;2.18;2.89;6.29
02.12.2020;12:13:52;772.51;39.97;11.84;759.39;2.17;2.89;6.27
02.12.2020;12:14:52;724.22;39.98;11.83;759.38;2.05;2.66;5.46
02.12.2020;12:15:52;693.69;39.96;11.82;759.37;1.99;2.52;5.01
02.12.2020;12:16:52;717.78;40.00;11.81;759.38;2.07;2.68;5.56
02.12.2020;12:17:52;767.30;40.02;11.81;759.38;2.17;2.87;6.22
02.12.2020;12:18:52;700.28;40.02;11.81;759.39;1.99;2.53;5.04
02.12.2020;12:19:52;680.93;40.07;11.78;759.41;1.95;2.46;4.81
02.12.2020;12:20:52;700.29;40.11;11.77;759.43;2.01;2.57;5.18
02.12.2020;12:21:52;749.39;40.09;11.77;759.43;2.13;2.81;6.00
02.12.2020;12:22:52;818.54;40.09;11.77;759.43;2.29;3.08;7.07
02.12.2020;12:23:52;862.64;40.09;11.78;759.42;2.37;3.21;7.62
02.12.2020;12:24:52;881.21;40.10;11.80;759.41;2.40;3.26;7.81
02.12.2020;12:25:52;826.43;40.08;11.81;759.42;2.24;3.00;6.73
02.12.2020;12:26:52;721.23;40.07;11.80;759.43;2.02;2.57;5.18
02.12.2020;12:27:52;665.22;40.11;11.79;759.44;1.90;2.35;4.47
02.12.2020;12:28:52;686.86;40.12;11.78;759.45;1.97;2.49;4.91
02.12.2020;12:29:52;700.45;40.14;11.77;759.44;2.00;2.56;5.13
02.12.2020;12:30:52;666.38;40.13;11.76;759.41;1.90;2.37;4.51
02.12.2020;12:31:52;624.58;40.15;11.75;759.42;1.80;2.26;4.07
02.12.2020;12:32:52;636.49;40.16;11.74;759.42;1.83;2.27;4.15
02.12.2020;12:33:52;621.75;40.19;11.73;759.43;1.80;2.23;4.01
02.12.2020;12:34:52;587.77;40.18;11.72;759.43;1.72;2.17;3.74
02.12.2020;12:35:52;564.25;40.20;11.70;759.43;1.67;2.09;3.51
02.12.2020;12:36:52;551.10;40.29;11.70;759.43;1.64;2.03;3.33
02.12.2020;12:37:52;535.89;40.31;11.69;759.43;1.60;1.97;3.15
02.12.2020;12:38:52;554.51;40.31;11.69;759.42;1.64;2.03;3.32
02.12.2020;12:39:53;549.99;40.32;11.68;759.41;1.63;2.01;3.28
02.12.2020;12:40:53;518.07;40.35;11.67;759.41;1.56;1.90;2.96
02.12.2020;12:41:53;511.09;40.39;11.65;759.41;1.56;1.90;2.96
02.12.2020;12:42:53;529.99;40.42;11.63;759.40;1.62;2.01;3.26
02.12.2020;12:43:53;554.62;40.50;11.62;759.40;1.67;2.09;3.49
02.12.2020;12:44:53;572.82;40.47;11.62;759.39;1.71;2.13;3.65
02.12.2020;12:45:53;574.01;40.50;11.61;759.39;1.70;2.13;3.63
02.12.2020;12:46:53;568.14;40.51;11.59;759.39;1.69;2.11;3.57
02.12.2020;12:47:53;558.13;40.54;11.59;759.39;1.67;2.09;3.49
02.12.2020;12:48:53;559.19;40.53;11.59;759.38;1.68;2.11;3.54
02.12.2020;12:49:53;552.64;40.56;11.58;759.39;1.65;2.06;3.41
02.12.2020;12:50:53;560.11;40.58;11.56;759.39;1.68;2.09;3.52
02.12.2020;12:51:53;585.24;40.61;11.57;759.38;1.73;2.18;3.79
02.12.2020;12:52:53;589.75;40.58;11.56;759.39;1.72;2.17;3.73
02.12.2020;12:53:53;565.75;40.55;11.56;759.39;1.65;2.05;3.39
02.12.2020;12:54:53;529.44;40.58;11.56;759.40;1.55;1.89;2.91
02.12.2020;12:55:53;462.26;40.65;11.53;759.42;1.37;1.59;2.18
02.12.2020;12:56:53;427.24;40.70;11.51;759.41;1.31;1.49;1.95
02.12.2020;12:57:53;438.96;40.75;11.49;759.41;1.35;1.56;2.11
02.12.2020;12:58:53;455.14;40.76;11.48;759.41;1.40;1.63;2.29
02.12.2020;12:59:53;472.14;40.77;11.47;759.40;1.44;1.70;2.44
02.12.2020;13:00:53;452.92;40.81;11.45;759.40;1.36;1.58;2.16
02.12.2020;13:01:53;422.75;40.86;11.43;759.39;1.28;1.44;1.85
02.12.2020;13:02:53;409.63;40.88;11.42;759.40;1.24;1.38;1.71
02.12.2020;13:03:53;397.74;40.89;11.41;759.40;1.20;1.31;1.58
02.12.2020;13:04:53;377.97;40.95;11.39;759.40;1.15;1.22;1.40
02.12.2020;13:05:53;383.66;40.97;11.39;759.40;1.16;1.24;1.44
02.12.2020;13:06:54;381.67;40.99;11.38;759.40;1.17;1.26;1.47
02.12.2020;13:07:54;380.41;41.00;11.37;759.41;1.16;1.23;1.43
02.12.2020;13:08:54;382.35;41.02;11.36;759.41;1.17;1.26;1.47
02.12.2020;13:09:54;379.29;41.07;11.35;759.40;1.16;1.23;1.43
02.12.2020;13:10:54;368.35;41.08;11.34;759.39;1.12;1.18;1.32
02.12.2020;13:11:54;343.90;41.12;11.33;759.38;1.04;1.04;1.09
02.12.2020;13:12:54;326.14;41.13;11.32;759.38;1.00;0.97;0.98
02.12.2020;13:13:54;339.75;41.16;11.30;759.38;1.04;1.03;1.07
02.12.2020;13:14:54;328.26;41.22;11.29;759.38;0.99;0.95;0.95
02.12.2020;13:15:54;307.43;41.23;11.28;759.38;0.93;0.85;0.79
02.12.2020;13:16:54;291.58;41.27;11.27;759.38;0.88;0.78;0.68
02.12.2020;13:17:54;285.17;41.23;11.26;759.39;0.87;0.76;0.66
02.12.2020;13:18:54;289.14;41.28;11.25;759.37;0.88;0.79;0.70
02.12.2020;13:19:54;280.92;41.33;11.25;759.36;0.86;0.74;0.64
02.12.2020;13:20:54;298.39;41.33;11.23;759.34;0.92;0.85;0.78
02.12.2020;13:21:54;311.24;41.35;11.23;759.34;0.96;0.90;0.86
02.12.2020;13:22:54;321.62;41.34;11.23;759.32;0.99;0.95;0.94
02.12.2020;13:23:54;317.53;41.37;11.22;759.31;0.97;0.91;0.88
02.12.2020;13:24:54;300.68;41.36;11.22;759.30;0.92;0.84;0.77
02.12.2020;13:25:54;307.39;41.40;11.22;759.29;0.95;0.89;0.85
02.12.2020;13:26:54;303.06;41.41;11.21;759.29;0.93;0.84;0.78
02.12.2020;13:27:54;312.26;41.43;11.20;759.30;0.97;0.91;0.88
02.12.2020;13:28:54;353.64;41.43;11.21;759.30;1.09;1.12;1.22
02.12.2020;13:29:54;376.29;41.42;11.22;759.31;1.15;1.20;1.38
02.12.2020;13:30:54;379.93;41.41;11.23;759.30;1.16;1.23;1.43
02.12.2020;13:31:54;384.89;41.43;11.24;759.30;1.17;1.26;1.47
02.12.2020;13:32:54;382.90;41.41;11.24;759.31;1.16;1.23;1.43
02.12.2020;13:33:54;367.96;41.37;11.24;759.32;1.11;1.17;1.30
02.12.2020;13:34:54;345.86;41.38;11.24;759.33;1.05;1.05;1.11
02.12.2020;13:35:55;336.97;41.35;11.24;759.33;1.04;1.03;1.07
02.12.2020;13:36:55;345.88;41.37;11.22;759.33;1.07;1.09;1.17
02.12.2020;13:37:55;368.01;41.43;11.21;759.32;1.14;1.21;1.38
02.12.2020;13:38:55;377.71;41.42;11.22;759.32;1.15;1.21;1.39
02.12.2020;13:39:55;350.97;41.44;11.22;759.30;1.07;1.10;1.18
02.12.2020;13:40:55;352.71;41.42;11.22;759.30;1.08;1.10;1.19
02.12.2020;13:41:55;359.48;41.43;11.21;759.31;1.11;1.16;1.28
02.12.2020;13:42:55;366.86;41.44;11.22;759.31;1.12;1.18;1.33
02.12.2020;13:43:55;365.73;41.43;11.23;759.30;1.12;1.18;1.33
02.12.2020;13:44:55;344.64;41.40;11.23;759.31;1.06;1.06;1.12
02.12.2020;13:45:55;332.54;41.42;11.22;759.31;1.03;1.01;1.03
02.12.2020;13:46:55;330.01;41.44;11.21;759.32;1.02;1.00;1.02
02.12.2020;13:47:55;367.68;41.48;11.21;759.33;1.14;1.21;1.38
02.12.2020;13:48:55;398.04;41.47;11.22;759.34;1.21;1.32;1.59
02.12.2020;13:49:55;370.67;41.43;11.22;759.33;1.11;1.16;1.29
02.12.2020;13:50:55;350.42;41.43;11.20;759.33;1.06;1.08;1.15
02.12.2020;13:51:55;339.34;41.45;11.21;759.32;1.02;1.00;1.02
02.12.2020;13:52:55;327.62;41.49;11.20;759.32;0.97;0.92;0.89
02.12.2020;13:53:55;301.61;41.48;11.19;759.31;0.88;0.77;0.67
02.12.2020;13:54:55;285.60;41.54;11.19;759.31;0.82;0.67;0.55
02.12.2020;13:55:55;282.77;41.55;11.18;759.32;0.81;0.64;0.51
02.12.2020;13:56:55;277.50;41.53;11.17;759.32;0.78;0.61;0.48
02.12.2020;13:57:55;272.75;41.55;11.16;759.32;0.77;0.59;0.45
02.12.2020;13:58:55;263.97;41.62;11.16;759.32;0.75;0.56;0.42
02.12.2020;13:59:55;255.92;41.65;11.14;759.32;0.74;0.53;0.39
02.12.2020;14:00:55;255.07;41.62;11.14;759.31;0.74;0.54;0.40
02.12.2020;14:01:55;257.35;41.63;11.14;759.31;0.77;0.59;0.45
02.12.2020;14:02:55;269.21;41.65;11.13;759.31;0.81;0.66;0.53
02.12.2020;14:03:55;276.60;41.66;11.13;759.32;0.83;0.69;0.57
02.12.2020;14:04:56;285.86;41.65;11.13;759.30;0.86;0.74;0.64
02.12.2020;14:05:56;287.16;41.67;11.13;759.29;0.86;0.74;0.63
02.12.2020;14:06:56;266.33;41.67;11.12;759.28;0.80;0.64;0.51
02.12.2020;14:07:56;249.41;41.69;11.12;759.27;0.75;0.54;0.41
02.12.2020;14:08:56;233.92;41.68;11.12;759.27;0.70;0.47;0.32
02.12.2020;14:09:56;206.65;41.67;11.12;759.27;0.61;0.34;0.21
02.12.2020;14:10:56;189.97;41.67;11.11;759.25;0.57;0.27;0.15
02.12.2020;14:11:56;190.42;41.71;11.09;759.25;0.57;0.28;0.16
02.12.2020;14:12:56;198.19;41.74;11.09;759.24;0.60;0.31;0.19
02.12.2020;14:13:56;214.83;41.74;11.09;759.24;0.65;0.41;0.27
02.12.2020;14:14:56;232.89;41.74;11.09;759.24;0.71;0.49;0.35
02.12.2020;14:15:56;234.12;41.76;11.09;759.24;0.72;0.50;0.36
02.12.2020;14:16:56;252.03;41.74;11.09;759.23;0.80;0.64;0.51
02.12.2020;14:17:56;266.85;41.75;11.09;759.22;0.83;0.70;0.58
02.12.2020;14:18:56;266.17;41.75;11.09;759.23;0.82;0.68;0.56
02.12.2020;14:19:56;254.41;41.76;11.09;759.23;0.78;0.61;0.47
02.12.2020;14:20:56;239.68;41.78;11.09;759.22;0.74;0.54;0.40
02.12.2020;14:21:56;210.78;41.78;11.09;759.23;0.65;0.41;0.26
02.12.2020;14:22:56;198.76;41.77;11.08;759.23;0.62;0.36;0.23
02.12.2020;14:23:56;206.25;41.78;11.08;759.24;0.66;0.41;0.27
02.12.2020;14:24:56;211.89;41.78;11.07;759.23;0.67;0.43;0.29
02.12.2020;14:25:56;204.72;41.80;11.06;759.23;0.66;0.40;0.27
02.12.2020;14:26:56;211.42;41.82;11.07;759.23;0.69;0.47;0.32
02.12.2020;14:27:56;221.68;41.82;11.06;759.23;0.72;0.51;0.36
02.12.2020;14:28:56;222.32;41.83;11.07;759.24;0.72;0.51;0.37
02.12.2020;14:29:56;227.20;41.82;11.07;759.24;0.74;0.53;0.39
02.12.2020;14:30:56;230.11;41.83;11.07;759.24;0.75;0.56;0.42
02.12.2020;14:31:56;236.37;41.84;11.06;759.24;0.77;0.59;0.45
02.12.2020;14:32:57;226.39;41.85;11.06;759.25;0.73;0.52;0.38
02.12.2020;14:33:57;212.92;41.84;11.07;759.26;0.68;0.45;0.31
02.12.2020;14:34:57;212.88;41.84;11.06;759.25;0.69;0.46;0.31
02.12.2020;14:35:57;224.08;41.87;11.05;759.25;0.72;0.51;0.37
02.12.2020;14:36:57;217.23;41.87;11.06;759.25;0.69;0.47;0.32
02.12.2020;14:37:57;200.39;41.88;11.06;759.24;0.63;0.37;0.23
02.12.2020;14:38:57;194.76;41.87;11.05;759.24;0.62;0.37;0.23
02.12.2020;14:39:57;196.20;41.87;11.05;759.25;0.63;0.36;0.23
02.12.2020;14:40:57;191.31;41.87;11.04;759.26;0.60;0.31;0.19
02.12.2020;14:41:57;170.64;41.89;11.04;759.27;0.53;0.20;0.10
02.12.2020;14:42:57;153.00;41.89;11.04;759.28;0.47;0.10;0.05
02.12.2020;14:43:57;151.07;41.90;11.04;759.28;0.47;0.10;0.05
02.12.2020;14:44:57;147.90;41.94;11.03;759.28;0.45;0.08;0.04
02.12.2020;14:45:57;139.14;41.97;11.02;759.28;0.42;0.01;0.00
02.12.2020;14:46:57;139.05;41.96;11.02;759.28;0.42;0.00;0.00
02.12.2020;14:47:57;137.31;41.95;11.02;759.26;0.41;0.00;0.00
02.12.2020;14:48:57;127.57;41.97;11.02;759.27;0.39;0.00;0.00
02.12.2020;14:49:57;128.15;41.96;11.02;759.27;0.39;0.00;0.00
02.12.2020;14:50:57;137.54;41.99;11.02;759.27;0.42;0.01;0.00
02.12.2020;14:51:57;142.33;42.00;11.01;759.28;0.43;0.01;0.00
02.12.2020;14:52:57;140.89;42.02;11.00;759.28;0.43;0.01;0.00
02.12.2020;14:53:57;137.90;42.01;11.00;759.29;0.42;0.00;0.00
02.12.2020;14:54:57;150.20;42.03;11.00;759.28;0.47;0.10;0.05
02.12.2020;14:55:57;173.18;42.03;11.01;759.27;0.54;0.21;0.11
02.12.2020;14:56:57;165.53;42.04;11.01;759.28;0.51;0.17;0.09
02.12.2020;14:57:57;179.86;42.05;11.02;759.28;0.57;0.27;0.15
02.12.2020;14:58:57;201.21;42.00;11.02;759.27;0.62;0.36;0.23
02.12.2020;14:59:57;176.05;41.99;11.03;759.26;0.53;0.22;0.11
02.12.2020;15:00:57;154.90;42.02;11.03;759.26;0.47;0.09;0.04
02.12.2020;15:01:58;140.78;42.01;11.03;759.27;0.41;0.01;0.00
02.12.2020;15:02:58;121.33;42.01;11.02;759.26;0.35;0.00;0.00
02.12.2020;15:03:58;108.92;42.01;11.02;759.26;0.31;0.00;0.00
02.12.2020;15:04:58;102.82;42.00;11.03;759.26;0.29;0.00;0.00
02.12.2020;15:05:58;96.86;41.98;11.03;759.26;0.27;0.00;0.00
02.12.2020;15:06:58;89.00;41.98;11.03;759.25;0.24;0.00;0.00
02.12.2020;15:07:58;83.57;41.99;11.02;759.24;0.23;0.00;0.00
02.12.2020;15:08:58;82.51;42.01;11.01;759.25;0.22;0.00;0.00
02.12.2020;15:09:58;81.53;42.00;11.01;759.24;0.22;0.00;0.00
02.12.2020;15:10:58;77.06;42.04;11.00;759.23;0.20;0.00;0.00
02.12.2020;15:11:58;72.17;42.04;11.01;759.23;0.19;0.00;0.00
02.12.2020;15:12:58;70.06;42.06;11.00;759.24;0.18;0.00;0.00
02.12.2020;15:13:58;70.47;42.05;11.00;759.23;0.18;0.00;0.00
02.12.2020;15:14:58;69.53;42.06;10.99;759.22;0.17;0.00;0.00
02.12.2020;15:15:58;66.93;42.07;10.98;759.21;0.17;0.00;0.00
02.12.2020;15:16:58;66.14;42.07;10.97;759.22;0.16;0.00;0.00
02.12.2020;15:17:58;64.06;42.10;10.97;759.24;0.16;0.00;0.00
02.12.2020;15:18:58;62.22;42.12;10.96;759.23;0.15;0.00;0.00
02.12.2020;15:19:58;60.64;42.13;10.96;759.23;0.15;0.00;0.00
02.12.2020;15:20:58;57.24;42.12;10.95;759.21;0.13;0.00;0.00
02.12.2020;15:21:58;54.29;42.13;10.95;759.21;0.13;0.00;0.00
02.12.2020;15:22:58;54.07;42.20;10.93;759.20;0.13;0.00;0.00
02.12.2020;15:23:58;52.88;42.21;10.93;759.21;0.12;0.00;0.00
02.12.2020;15:24:58;52.25;42.24;10.93;759.21;0.12;0.00;0.00
02.12.2020;15:25:58;54.54;42.26;10.92;759.21;0.13;0.00;0.00
02.12.2020;15:26:58;51.85;42.24;10.92;759.22;0.12;0.00;0.00
02.12.2020;15:27:58;48.33;42.25;10.92;759.22;0.10;0.00;0.00
02.12.2020;15:28:58;45.69;42.28;10.91;759.22;0.09;0.00;0.00
02.12.2020;15:29:58;43.11;42.29;10.90;759.23;0.08;0.00;0.00
02.12.2020;15:30:58;39.44;42.30;10.90;759.23;0.07;0.00;0.00
02.12.2020;15:31:59;37.43;42.32;10.88;759.23;0.06;0.00;0.00
02.12.2020;15:32:59;35.83;42.34;10.88;759.23;0.06;0.00;0.00
02.12.2020;15:33:59;36.12;42.35;10.88;759.23;0.07;0.00;0.00
02.12.2020;15:34:59;33.46;42.34;10.88;759.22;0.06;0.00;0.00
02.12.2020;15:35:59;32.70;42.35;10.87;759.23;0.06;0.00;0.00
02.12.2020;15:36:59;31.76;42.38;10.87;759.23;0.06;0.00;0.00
02.12.2020;15:37:59;32.07;42.40;10.87;759.25;0.06;0.00;0.00
02.12.2020;15:38:59;31.38;42.39;10.87;759.25;0.06;0.00;0.00
02.12.2020;15:39:59;30.64;42.40;10.86;759.27;0.06;0.00;0.00
02.12.2020;15:40:59;28.76;42.41;10.86;759.28;0.06;0.00;0.00
02.12.2020;15:41:59;26.96;42.42;10.85;759.29;0.05;0.00;0.00
02.12.2020;15:42:59;25.08;42.43;10.85;759.30;0.04;0.00;0.00
02.12.2020;15:43:59;24.85;42.46;10.84;759.30;0.04;0.00;0.00
02.12.2020;15:44:59;22.51;42.47;10.84;759.30;0.03;0.00;0.00
02.12.2020;15:45:59;20.32;42.47;10.84;759.30;0.02;0.00;0.00
02.12.2020;15:46:59;18.94;42.45;10.85;759.29;0.02;0.00;0.00
02.12.2020;15:47:59;17.63;42.48;10.85;759.29;0.01;0.00;0.00
02.12.2020;15:48:59;16.19;42.47;10.85;759.30;0.01;0.00;0.00
02.12.2020;15:49:59;14.56;42.45;10.85;759.30;0.00;0.00;0.00
02.12.2020;15:50:59;13.71;42.48;10.85;759.29;0.00;0.00;0.00
02.12.2020;15:51:59;13.18;42.47;10.85;759.28;0.00;0.00;0.00
02.12.2020;15:52:59;12.40;42.45;10.86;759.28;0.00;0.00;0.00
02.12.2020;15:53:59;11.87;42.39;10.87;759.28;0.00;0.00;0.00
02.12.2020;15:54:59;12.17;42.42;10.87;759.30;0.00;0.00;0.00
02.12.2020;15:55:59;11.45;42.40;10.87;759.30;0.00;0.00;0.00
02.12.2020;15:56:59;10.85;42.40;10.88;759.29;0.00;0.00;0.00
02.12.2020;15:57:59;10.21;42.39;10.87;759.31;0.00;0.00;0.00
02.12.2020;15:58:59;9.59;42.42;10.87;759.33;0.00;0.00;0.00
02.12.2020;15:59:59;8.75;42.41;10.87;759.34;0.00;0.00;0.00
02.12.2020;16:00:59;8.33;42.46;10.87;759.32;0.00;0.00;0.00
02.12.2020;16:02:00;7.57;42.46;10.87;759.32;0.00;0.00;0.00
02.12.2020;16:03:00;7.86;42.45;10.87;759.33;0.00;0.00;0.00
02.12.2020;16:04:00;7.42;42.44;10.87;759.32;0.00;0.00;0.00
02.12.2020;16:05:00;6.67;42.47;10.87;759.32;0.00;0.00;0.00
02.12.2020;16:06:00;6.58;42.50;10.87;759.32;0.00;0.00;0.00
02.12.2020;16:07:00;5.83;42.40;10.87;759.33;0.00;0.00;0.00
02.12.2020;16:08:00;5.65;42.42;10.87;759.33;0.00;0.00;0.00
02.12.2020;16:09:00;5.00;42.44;10.87;759.32;0.00;0.00;0.00
02.12.2020;16:10:00;5.00;42.45;10.88;759.34;0.00;0.00;0.00
02.12.2020;16:11:00;5.01;42.45;10.88;759.34;0.00;0.00;0.00
02.12.2020;16:12:00;4.35;42.43;10.87;759.36;0.00;0.00;0.00
02.12.2020;16:13:00;4.17;42.40;10.87;759.36;0.00;0.00;0.00
02.12.2020;16:14:00;4.19;42.42;10.87;759.36;0.00;0.00;0.00
02.12.2020;16:15:00;4.17;42.43;10.88;759.35;0.00;0.00;0.00
02.12.2020;16:16:00;4.17;42.35;10.89;759.34;0.00;0.00;0.00
02.12.2020;16:17:00;4.06;42.36;10.88;759.34;0.00;0.00;0.00
02.12.2020;16:18:00;3.47;42.40;10.88;759.33;0.00;0.00;0.00
02.12.2020;16:19:00;3.33;42.37;10.88;759.34;0.00;0.00;0.00
02.12.2020;16:20:00;3.33;42.37;10.89;759.33;0.00;0.00;0.00
02.12.2020;16:21:00;3.33;42.33;10.90;759.31;0.00;0.00;0.00
02.12.2020;16:22:00;3.33;42.33;10.90;759.30;0.00;0.00;0.00
02.12.2020;16:23:00;3.33;42.36;10.90;759.30;0.00;0.00;0.00
02.12.2020;16:24:00;3.33;42.34;10.90;759.31;0.00;0.00;0.00
02.12.2020;16:25:00;3.35;42.32;10.90;759.31;0.00;0.00;0.00
02.12.2020;16:26:00;3.33;42.32;10.90;759.31;0.00;0.00;0.00
02.12.2020;16:27:00;3.33;42.32;10.91;759.32;0.00;0.00;0.00
02.12.2020;16:28:00;3.36;42.32;10.91;759.30;0.00;0.00;0.00
02.12.2020;16:29:00;3.33;42.28;10.91;759.31;0.00;0.00;0.00
02.12.2020;16:30:00;3.33;42.29;10.91;759.31;0.00;0.00;0.00
02.12.2020;16:31:00;3.35;42.28;10.91;759.32;0.00;0.00;0.00
02.12.2020;16:32:00;3.33;42.29;10.91;759.32;0.00;0.00;0.00
02.12.2020;16:33:00;3.33;42.29;10.92;759.33;0.00;0.00;0.00
02.12.2020;16:34:01;3.33;42.29;10.92;759.34;0.00;0.00;0.00
02.12.2020;16:35:01;3.33;42.28;10.93;759.35;0.00;0.00;0.00
02.12.2020;16:36:01;3.33;42.27;10.92;759.34;0.00;0.00;0.00
02.12.2020;16:37:01;3.33;42.28;10.92;759.34;0.00;0.00;0.00
02.12.2020;16:38:01;3.33;42.29;10.92;759.35;0.00;0.00;0.00
02.12.2020;16:39:01;3.35;42.31;10.92;759.36;0.00;0.00;0.00
02.12.2020;16:40:01;3.33;42.30;10.92;759.36;0.00;0.00;0.00
02.12.2020;16:41:01;3.33;42.28;10.93;759.36;0.00;0.00;0.00
02.12.2020;16:42:01;3.36;42.27;10.93;759.36;0.00;0.00;0.00
02.12.2020;16:43:01;3.33;42.28;10.92;759.34;0.00;0.00;0.00
02.12.2020;16:44:01;3.33;42.29;10.92;759.34;0.00;0.00;0.00
02.12.2020;16:45:01;3.35;42.32;10.93;759.33;0.00;0.00;0.00
02.12.2020;16:46:01;3.33;42.27;10.92;759.32;0.00;0.00;0.00
02.12.2020;16:47:01;3.33;42.26;10.92;759.33;0.00;0.00;0.00
02.12.2020;16:48:01;3.33;42.31;10.92;759.34;0.00;0.00;0.00
02.12.2020;16:49:01;3.33;42.30;10.92;759.35;0.00;0.00;0.00
02.12.2020;16:50:01;3.33;42.28;10.91;759.36;0.00;0.00;0.00
02.12.2020;16:51:01;3.33;42.30;10.91;759.36;0.00;0.00;0.00
02.12.2020;16:52:01;3.33;42.32;10.91;759.36;0.00;0.00;0.00
02.12.2020;16:53:01;3.35;42.32;10.92;759.35;0.00;0.00;0.00
02.12.2020;16:54:01;3.33;42.34;10.91;759.35;0.00;0.00;0.00
02.12.2020;16:55:01;3.33;42.32;10.91;759.34;0.00;0.00;0.00
02.12.2020;16:56:01;3.36;42.32;10.91;759.34;0.00;0.00;0.00
02.12.2020;16:57:01;3.33;42.34;10.90;759.34;0.00;0.00;0.00
02.12.2020;16:58:01;3.33;42.37;10.89;759.35;0.00;0.00;0.00
02.12.2020;16:59:01;3.35;42.38;10.89;759.36;0.00;0.00;0.00
02.12.2020;17:00:01;3.33;42.40;10.88;759.36;0.00;0.00;0.00
02.12.2020;17:01:01;3.33;42.42;10.88;759.36;0.00;0.00;0.00
02.12.2020;17:02:01;3.33;42.41;10.88;759.36;0.00;0.00;0.00
02.12.2020;17:03:01;3.33;42.41;10.86;759.36;0.00;0.00;0.00
02.12.2020;17:04:01;3.33;42.42;10.85;759.37;0.00;0.00;0.00
02.12.2020;17:05:01;3.33;42.46;10.85;759.37;0.00;0.00;0.00
02.12.2020;17:06:02;3.33;42.44;10.85;759.37;0.00;0.00;0.00
02.12.2020;17:07:02;3.35;42.50;10.85;759.36;0.00;0.00;0.00
02.12.2020;17:08:02;3.33;42.51;10.85;759.36;0.00;0.00;0.00
02.12.2020;17:09:02;3.33;42.52;10.84;759.36;0.00;0.00;0.00
02.12.2020;17:10:02;3.36;42.54;10.83;759.37;0.00;0.00;0.00
02.12.2020;17:11:02;3.33;42.51;10.83;759.37;0.00;0.00;0.00
02.12.2020;17:12:02;3.33;42.54;10.83;759.37;0.00;0.00;0.00
02.12.2020;17:13:02;3.35;42.55;10.83;759.38;0.00;0.00;0.00
02.12.2020;17:14:02;3.33;42.51;10.82;759.39;0.00;0.00;0.00
02.12.2020;17:15:02;3.33;42.54;10.80;759.37;0.00;0.00;0.00
02.12.2020;17:16:02;3.33;42.59;10.79;759.37;0.00;0.00;0.00
02.12.2020;17:17:02;3.33;42.60;10.80;759.37;0.00;0.00;0.00
02.12.2020;17:18:02;3.33;42.61;10.80;759.38;0.00;0.00;0.00
02.12.2020;17:19:02;3.33;42.60;10.80;759.37;0.00;0.00;0.00
02.12.2020;17:20:02;3.33;42.59;10.81;759.39;0.00;0.00;0.00
02.12.2020;17:21:02;3.35;42.60;10.80;759.39;0.00;0.00;0.00
02.12.2020;17:22:02;3.33;42.59;10.79;759.38;0.00;0.00;0.00
02.12.2020;17:23:02;3.33;42.61;10.79;759.38;0.00;0.00;0.00
02.12.2020;17:24:02;3.36;42.61;10.79;759.38;0.00;0.00;0.00
02.12.2020;17:25:02;3.33;42.63;10.78;759.37;0.00;0.00;0.00
02.12.2020;17:26:02;3.33;42.62;10.79;759.38;0.00;0.00;0.00
02.12.2020;17:27:02;3.35;42.61;10.79;759.39;0.00;0.00;0.00
02.12.2020;17:28:02;3.33;42.62;10.79;759.39;0.00;0.00;0.00
02.12.2020;17:29:02;3.33;42.64;10.80;759.39;0.00;0.00;0.00
02.12.2020;17:30:02;3.33;42.60;10.80;759.39;0.00;0.00;0.00
02.12.2020;17:31:02;3.33;42.58;10.80;759.40;0.00;0.00;0.00
02.12.2020;17:32:02;3.33;42.57;10.81;759.41;0.00;0.00;0.00
02.12.2020;17:33:02;3.33;42.54;10.82;759.41;0.00;0.00;0.00
02.12.2020;17:34:02;3.33;42.55;10.82;759.41;0.00;0.00;0.00
02.12.2020;17:35:02;3.35;42.57;10.82;759.41;0.00;0.00;0.00
02.12.2020;17:36:02;3.33;42.57;10.83;759.42;0.00;0.00;0.00
02.12.2020;17:37:02;3.33;42.57;10.83;759.43;0.00;0.00;0.00
02.12.2020;17:38:02;3.36;42.55;10.83;759.43;0.00;0.00;0.00
02.12.2020;17:39:03;3.33;42.54;10.83;759.42;0.00;0.00;0.00
02.12.2020;17:40:03;3.33;42.54;10.83;759.43;0.00;0.00;0.00
02.12.2020;17:41:03;3.35;42.54;10.83;759.44;0.00;0.00;0.00
02.12.2020;17:42:03;3.33;42.55;10.83;759.43;0.00;0.00;0.00
02.12.2020;17:43:03;3.33;42.57;10.83;759.44;0.00;0.00;0.00
02.12.2020;17:44:03;3.33;42.56;10.84;759.44;0.00;0.00;0.00
02.12.2020;17:45:03;3.33;42.57;10.84;759.44;0.00;0.00;0.00
02.12.2020;17:46:03;3.33;42.57;10.85;759.45;0.00;0.00;0.00
02.12.2020;17:47:03;3.33;42.58;10.85;759.46;0.00;0.00;0.00
02.12.2020;17:48:03;3.33;42.55;10.85;759.46;0.00;0.00;0.00
02.12.2020;17:49:03;3.35;42.54;10.85;759.48;0.00;0.00;0.00
02.12.2020;17:50:03;3.33;42.56;10.85;759.48;0.00;0.00;0.00
02.12.2020;17:51:03;3.33;42.54;10.85;759.49;0.00;0.00;0.00
02.12.2020;17:52:03;3.36;42.56;10.86;759.48;0.00;0.00;0.00
02.12.2020;17:53:03;3.33;42.55;10.85;759.48;0.00;0.00;0.00
02.12.2020;17:54:03;3.33;42.52;10.85;759.49;0.00;0.00;0.00
02.12.2020;17:55:03;3.35;42.55;10.85;759.50;0.00;0.00;0.00
02.12.2020;17:56:03;3.33;42.56;10.85;759.51;0.00;0.00;0.00
02.12.2020;17:57:03;3.33;42.60;10.84;759.50;0.00;0.00;0.00
02.12.2020;17:58:03;3.33;42.62;10.84;759.50;0.00;0.00;0.00
02.12.2020;17:59:03;3.33;42.64;10.84;759.50;0.00;0.00;0.00
02.12.2020;18:00:03;3.33;42.59;10.85;759.52;0.00;0.00;0.00
02.12.2020;18:01:03;3.33;42.59;10.84;759.52;0.00;0.00;0.00
02.12.2020;18:02:03;3.33;42.60;10.84;759.52;0.00;0.00;0.00
02.12.2020;18:03:03;3.35;42.60;10.84;759.52;0.00;0.00;0.00
02.12.2020;18:04:03;3.33;42.57;10.84;759.53;0.00;0.00;0.00
02.12.2020;18:05:03;3.33;42.59;10.85;759.52;0.00;0.00;0.00
02.12.2020;18:06:03;3.36;42.58;10.85;759.52;0.00;0.00;0.00
02.12.2020;18:07:03;3.33;42.56;10.85;759.52;0.00;0.00;0.00
02.12.2020;18:08:03;3.33;42.54;10.86;759.53;0.00;0.00;0.00
02.12.2020;18:09:03;3.35;42.56;10.86;759.52;0.00;0.00;0.00
02.12.2020;18:10:03;3.33;42.57;10.86;759.51;0.00;0.00;0.00
02.12.2020;18:11:04;3.33;42.57;10.86;759.52;0.00;0.00;0.00
02.12.2020;18:12:04;3.33;42.53;10.86;759.52;0.00;0.00;0.00
02.12.2020;18:13:04;3.33;42.52;10.87;759.52;0.00;0.00;0.00
02.12.2020;18:14:04;3.33;42.55;10.87;759.52;0.00;0.00;0.00
02.12.2020;18:15:04;3.33;42.54;10.88;759.52;0.00;0.00;0.00
02.12.2020;18:16:04;3.33;42.55;10.87;759.52;0.00;0.00;0.00
02.12.2020;18:17:04;3.35;42.57;10.87;759.52;0.00;0.00;0.00
02.12.2020;18:18:04;3.33;42.54;10.87;759.54;0.00;0.00;0.00
02.12.2020;18:19:04;3.33;42.54;10.87;759.55;0.00;0.00;0.00
02.12.2020;18:20:04;3.36;42.56;10.87;759.56;0.00;0.00;0.00
02.12.2020;18:21:04;3.33;42.53;10.87;759.56;0.00;0.00;0.00
02.12.2020;18:22:04;3.33;42.52;10.87;759.56;0.00;0.00;0.00
02.12.2020;18:23:04;3.35;42.48;10.88;759.58;0.00;0.00;0.00
02.12.2020;18:24:04;3.33;42.50;10.88;759.58;0.00;0.00;0.00
02.12.2020;18:25:04;3.33;42.51;10.87;759.59;0.00;0.00;0.00
02.12.2020;18:26:04;3.33;42.54;10.88;759.60;0.00;0.00;0.00
02.12.2020;18:27:04;3.33;42.51;10.87;759.61;0.00;0.00;0.00
02.12.2020;18:28:04;3.33;42.51;10.87;759.62;0.00;0.00;0.00
02.12.2020;18:29:04;3.33;42.50;10.87;759.63;0.00;0.00;0.00
02.12.2020;18:30:04;3.33;42.51;10.88;759.64;0.00;0.00;0.00
02.12.2020;18:31:04;3.35;42.52;10.87;759.64;0.00;0.00;0.00
02.12.2020;18:32:04;3.33;42.52;10.87;759.64;0.00;0.00;0.00
02.12.2020;18:33:04;3.33;42.55;10.87;759.64;0.00;0.00;0.00
02.12.2020;18:34:04;3.36;42.52;10.87;759.64;0.00;0.00;0.00
02.12.2020;18:35:04;3.33;42.49;10.87;759.64;0.00;0.00;0.00
02.12.2020;18:36:04;3.33;42.50;10.87;759.64;0.00;0.00;0.00
02.12.2020;18:37:04;3.35;42.50;10.87;759.64;0.00;0.00;0.00
02.12.2020;18:38:04;3.33;42.50;10.87;759.64;0.00;0.00;0.00
02.12.2020;18:39:04;3.33;42.56;10.87;759.65;0.00;0.00;0.00
02.12.2020;18:40:04;3.33;42.55;10.87;759.67;0.00;0.00;0.00
02.12.2020;18:41:04;3.33;42.51;10.87;759.67;0.00;0.00;0.00
02.12.2020;18:42:04;3.33;42.52;10.87;759.67;0.00;0.00;0.00
02.12.2020;18:43:05;3.33;42.53;10.86;759.67;0.00;0.00;0.00
02.12.2020;18:44:05;3.33;42.56;10.87;759.67;0.00;0.00;0.00
02.12.2020;18:45:05;3.35;42.54;10.87;759.67;0.00;0.00;0.00
02.12.2020;18:46:05;3.33;42.55;10.87;759.66;0.00;0.00;0.00
02.12.2020;18:47:05;3.33;42.57;10.88;759.66;0.00;0.00;0.00
02.12.2020;18:48:05;3.36;42.52;10.88;759.68;0.00;0.00;0.00
02.12.2020;18:49:05;3.33;42.52;10.88;759.67;0.00;0.00;0.00
02.12.2020;18:50:05;3.33;42.53;10.88;759.67;0.00;0.00;0.00
02.12.2020;18:51:05;3.35;42.51;10.88;759.67;0.00;0.00;0.00
02.12.2020;18:52:05;3.33;42.49;10.88;759.66;0.00;0.00;0.00
02.12.2020;18:53:05;3.33;42.52;10.88;759.65;0.00;0.00;0.00
02.12.2020;18:54:05;3.33;42.53;10.89;759.64;0.00;0.00;0.00
02.12.2020;18:55:05;3.33;42.49;10.89;759.65;0.00;0.00;0.00
02.12.2020;18:56:05;3.33;42.53;10.89;759.66;0.00;0.00;0.00
02.12.2020;18:57:05;3.33;42.51;10.89;759.66;0.00;0.00;0.00
02.12.2020;18:58:05;3.33;42.50;10.90;759.67;0.00;0.00;0.00
02.12.2020;18:59:05;3.35;42.54;10.89;759.67;0.00;0.00;0.00
02.12.2020;19:00:05;3.33;42.52;10.88;759.67;0.00;0.00;0.00
02.12.2020;19:01:05;3.33;42.50;10.88;759.67;0.00;0.00;0.00
02.12.2020;19:02:05;3.36;42.50;10.88;759.66;0.00;0.00;0.00
02.12.2020;19:03:05;3.33;42.54;10.88;759.67;0.00;0.00;0.00
02.12.2020;19:04:05;3.33;42.53;10.88;759.68;0.00;0.00;0.00
02.12.2020;19:05:05;3.35;42.51;10.89;759.69;0.00;0.00;0.00
02.12.2020;19:06:05;3.33;42.48;10.89;759.69;0.00;0.00;0.00
02.12.2020;19:07:05;3.33;42.48;10.90;759.68;0.00;0.00;0.00
02.12.2020;19:08:05;3.33;42.45;10.89;759.68;0.00;0.00;0.00
02.12.2020;19:09:05;3.33;42.45;10.88;759.68;0.00;0.00;0.00
02.12.2020;19:10:05;3.33;42.46;10.88;759.68;0.00;0.00;0.00
02.12.2020;19:11:05;3.33;42.49;10.87;759.68;0.00;0.00;0.00
02.12.2020;19:12:05;3.33;42.48;10.88;759.68;0.00;0.00;0.00
02.12.2020;19:13:05;3.35;42.51;10.88;759.69;0.00;0.00;0.00
02.12.2020;19:14:05;3.33;42.48;10.88;759.68;0.00;0.00;0.00
02.12.2020;19:15:05;3.33;42.50;10.87;759.69;0.00;0.00;0.00
02.12.2020;19:16:06;3.36;42.49;10.87;759.68;0.00;0.00;0.00
02.12.2020;19:17:06;3.33;42.49;10.87;759.68;0.00;0.00;0.00
02.12.2020;19:18:06;3.33;42.51;10.87;759.67;0.00;0.00;0.00
02.12.2020;19:19:06;3.35;42.50;10.87;759.66;0.00;0.00;0.00
02.12.2020;19:20:06;3.33;42.49;10.86;759.66;0.00;0.00;0.00
02.12.2020;19:21:06;3.33;42.51;10.86;759.68;0.00;0.00;0.00
02.12.2020;19:22:06;3.33;42.50;10.87;759.68;0.00;0.00;0.00
02.12.2020;19:23:06;3.33;42.47;10.88;759.70;0.00;0.00;0.00
02.12.2020;19:24:06;3.33;42.51;10.87;759.70;0.00;0.00;0.00
02.12.2020;19:25:06;3.33;42.52;10.87;759.71;0.00;0.00;0.00
02.12.2020;19:26:06;3.33;42.54;10.87;759.71;0.00;0.00;0.00
02.12.2020;19:27:06;3.35;42.54;10.87;759.73;0.00;0.00;0.00
02.12.2020;19:28:06;3.33;42.53;10.87;759.72;0.00;0.00;0.00
02.12.2020;19:29:06;3.33;42.54;10.87;759.74;0.00;0.00;0.00
02.12.2020;19:30:06;3.36;42.50;10.86;759.74;0.00;0.00;0.00
02.12.2020;19:31:06;3.33;42.50;10.87;759.74;0.00;0.00;0.00
02.12.2020;19:32:06;3.33;42.54;10.87;759.73;0.00;0.00;0.00
02.12.2020;19:33:06;3.35;42.51;10.87;759.71;0.00;0.00;0.00
02.12.2020;19:34:06;3.33;42.49;10.87;759.71;0.00;0.00;0.00
02.12.2020;19:35:06;3.33;42.51;10.87;759.71;0.00;0.00;0.00
02.12.2020;19:36:06;3.33;42.53;10.86;759.69;0.00;0.00;0.00
02.12.2020;19:37:06;3.33;42.52;10.86;759.69;0.00;0.00;0.00
02.12.2020;19:38:06;3.33;42.52;10.86;759.70;0.00;0.00;0.00
02.12.2020;19:39:06;3.33;42.52;10.87;759.70;0.00;0.00;0.00
02.12.2020;19:40:06;3.33;42.51;10.88;759.72;0.00;0.00;0.00
02.12.2020;19:41:06;3.35;42.53;10.88;759.71;0.00;0.00;0.00
02.12.2020;19:42:06;3.33;42.51;10.88;759.71;0.00;0.00;0.00
02.12.2020;19:43:06;3.33;42.50;10.89;759.71;0.00;0.00;0.00
02.12.2020;19:44:06;3.36;42.51;10.88;759.70;0.00;0.00;0.00
02.12.2020;19:45:06;3.33;42.53;10.88;759.70;0.00;0.00;0.00
02.12.2020;19:46:06;3.33;42.53;10.89;759.69;0.00;0.00;0.00
02.12.2020;19:47:07;3.35;42.49;10.89;759.68;0.00;0.00;0.00
02.12.2020;19:48:07;3.33;42.53;10.88;759.67;0.00;0.00;0.00
02.12.2020;19:49:07;3.33;42.52;10.88;759.67;0.00;0.00;0.00
02.12.2020;19:50:07;3.33;42.51;10.87;759.67;0.00;0.00;0.00
02.12.2020;19:51:07;3.33;42.53;10.87;759.66;0.00;0.00;0.00
02.12.2020;19:52:07;3.33;42.52;10.88;759.65;0.00;0.00;0.00
02.12.2020;19:53:07;3.33;42.50;10.88;759.65;0.00;0.00;0.00
02.12.2020;19:54:07;3.33;42.48;10.88;759.64;0.00;0.00;0.00
02.12.2020;19:55:07;3.35;42.51;10.88;759.62;0.00;0.00;0.00
02.12.2020;19:56:07;3.33;42.50;10.89;759.62;0.00;0.00;0.00
02.12.2020;19:57:07;3.33;42.50;10.89;759.62;0.00;0.00;0.00
02.12.2020;19:58:07;3.36;42.53;10.90;759.63;0.00;0.00;0.00
02.12.2020;19:59:07;3.33;42.51;10.89;759.63;0.00;0.00;0.00
02.12.2020;20:00:07;3.33;42.51;10.89;759.64;0.00;0.00;0.00
02.12.2020;20:01:07;3.35;42.52;10.90;759.65;0.00;0.00;0.00
02.12.2020;20:02:07;3.33;42.53;10.89;759.65;0.00;0.00;0.00
02.12.2020;20:03:07;3.33;42.54;10.89;759.66;0.00;0.00;0.00
02.12.2020;20:04:07;3.33;42.51;10.90;759.66;0.00;0.00;0.00
02.12.2020;20:05:07;3.33;42.53;10.90;759.66;0.00;0.00;0.00
02.12.2020;20:06:07;3.33;42.53;10.90;759.66;0.00;0.00;0.00
02.12.2020;20:07:07;3.33;42.50;10.91;759.66;0.00;0.00;0.00
02.12.2020;20:08:07;3.33;42.50;10.91;759.67;0.00;0.00;0.00
02.12.2020;20:09:07;3.35;42.49;10.91;759.67;0.00;0.00;0.00
02.12.2020;20:10:07;3.33;42.51;10.90;759.68;0.00;0.00;0.00
02.12.2020;20:11:07;3.33;42.52;10.90;759.69;0.00;0.00;0.00
02.12.2020;20:12:07;3.36;42.49;10.90;759.68;0.00;0.00;0.00
02.12.2020;20:13:07;3.33;42.49;10.91;759.67;0.00;0.00;0.00
02.12.2020;20:14:07;3.33;42.48;10.91;759.67;0.00;0.00;0.00
02.12.2020;20:15:07;3.35;42.48;10.91;759.66;0.00;0.00;0.00
02.12.2020;20:16:07;3.33;42.51;10.91;759.66;0.00;0.00;0.00
02.12.2020;20:17:07;3.33;42.49;10.91;759.65;0.00;0.00;0.00
02.12.2020;20:18:07;3.33;42.49;10.91;759.66;0.00;0.00;0.00
02.12.2020;20:19:07;3.33;42.49;10.91;759.66;0.00;0.00;0.00
02.12.2020;20:20:08;3.33;42.51;10.91;759.65;0.00;0.00;0.00
02.12.2020;20:21:08;3.33;42.50;10.91;759.66;0.00;0.00;0.00
02.12.2020;20:22:08;3.33;42.48;10.91;759.66;0.00;0.00;0.00
02.12.2020;20:23:08;3.35;42.46;10.91;759.67;0.00;0.00;0.00
02.12.2020;20:24:08;3.33;42.46;10.91;759.67;0.00;0.00;0.00
02.12.2020;20:25:08;3.33;42.51;10.91;759.69;0.00;0.00;0.00
02.12.2020;20:26:08;3.36;42.50;10.92;759.70;0.00;0.00;0.00
02.12.2020;20:27:08;3.33;42.47;10.91;759.71;0.00;0.00;0.00
02.12.2020;20:28:08;3.33;42.53;10.91;759.72;0.00;0.00;0.00
02.12.2020;20:29:08;3.35;42.53;10.91;759.71;0.00;0.00;0.00
02.12.2020;20:30:08;3.33;42.51;10.91;759.71;0.00;0.00;0.00
02.12.2020;20:31:08;3.33;42.53;10.90;759.72;0.00;0.00;0.00
02.12.2020;20:32:08;3.33;42.55;10.90;759.72;0.00;0.00;0.00
02.12.2020;20:33:08;3.33;42.53;10.89;759.71;0.00;0.00;0.00
02.12.2020;20:34:08;3.33;42.55;10.89;759.73;0.00;0.00;0.00
02.12.2020;20:35:08;3.33;42.52;10.90;759.73;0.00;0.00;0.00
02.12.2020;20:36:08;3.33;42.55;10.89;759.73;0.00;0.00;0.00
02.12.2020;20:37:08;3.35;42.56;10.87;759.73;0.00;0.00;0.00
02.12.2020;20:38:08;3.33;42.60;10.87;759.72;0.00;0.00;0.00
02.12.2020;20:39:08;3.33;42.62;10.87;759.72;0.00;0.00;0.00
02.12.2020;20:40:08;3.36;42.61;10.87;759.73;0.00;0.00;0.00
02.12.2020;20:41:08;3.33;42.62;10.87;759.74;0.00;0.00;0.00
02.12.2020;20:42:08;3.33;42.61;10.86;759.73;0.00;0.00;0.00
02.12.2020;20:43:08;3.35;42.64;10.86;759.74;0.00;0.00;0.00
02.12.2020;20:44:08;3.33;42.65;10.85;759.74;0.00;0.00;0.00
02.12.2020;20:45:08;3.33;42.66;10.86;759.75;0.00;0.00;0.00
02.12.2020;20:46:08;3.33;42.65;10.87;759.75;0.00;0.00;0.00
02.12.2020;20:47:08;3.33;42.64;10.87;759.75;0.00;0.00;0.00
02.12.2020;20:48:08;3.33;42.61;10.87;759.75;0.00;0.00;0.00
02.12.2020;20:49:08;3.33;42.59;10.87;759.74;0.00;0.00;0.00
02.12.2020;20:50:08;3.33;42.61;10.86;759.73;0.00;0.00;0.00
02.12.2020;20:51:08;3.35;42.63;10.86;759.73;0.00;0.00;0.00
02.12.2020;20:52:09;3.33;42.60;10.85;759.73;0.00;0.00;0.00
02.12.2020;20:53:09;3.33;42.63;10.85;759.73;0.00;0.00;0.00
02.12.2020;20:54:09;3.36;42.64;10.85;759.73;0.00;0.00;0.00
02.12.2020;20:55:09;3.33;42.64;10.84;759.74;0.00;0.00;0.00
02.12.2020;20:56:09;3.33;42.68;10.83;759.74;0.00;0.00;0.00
02.12.2020;20:57:09;3.35;42.68;10.83;759.73;0.00;0.00;0.00
02.12.2020;20:58:09;3.33;42.68;10.83;759.74;0.00;0.00;0.00
02.12.2020;20:59:09;3.33;42.70;10.83;759.74;0.00;0.00;0.00
02.12.2020;21:00:09;3.33;42.68;10.83;759.74;0.00;0.00;0.00
02.12.2020;21:01:09;3.33;42.68;10.83;759.74;0.00;0.00;0.00
02.12.2020;21:02:09;3.33;42.70;10.83;759.75;0.00;0.00;0.00
02.12.2020;21:03:09;3.33;42.69;10.83;759.76;0.00;0.00;0.00
02.12.2020;21:04:09;3.33;42.71;10.82;759.76;0.00;0.00;0.00
02.12.2020;21:05:09;3.35;42.69;10.83;759.78;0.00;0.00;0.00
02.12.2020;21:06:09;3.33;42.73;10.83;759.78;0.00;0.00;0.00
02.12.2020;21:07:09;3.33;42.71;10.82;759.78;0.00;0.00;0.00
02.12.2020;21:08:09;3.36;42.71;10.82;759.79;0.00;0.00;0.00
02.12.2020;21:09:09;3.33;42.70;10.82;759.79;0.00;0.00;0.00
02.12.2020;21:10:09;3.33;42.72;10.82;759.79;0.00;0.00;0.00
02.12.2020;21:11:09;3.35;42.71;10.83;759.78;0.00;0.00;0.00
02.12.2020;21:12:09;3.33;42.69;10.82;759.78;0.00;0.00;0.00
02.12.2020;21:13:09;3.33;42.71;10.82;759.77;0.00;0.00;0.00
02.12.2020;21:14:09;3.33;42.74;10.81;759.77;0.00;0.00;0.00
02.12.2020;21:15:09;3.33;42.75;10.81;759.78;0.00;0.00;0.00
02.12.2020;21:16:09;3.33;42.76;10.81;759.78;0.00;0.00;0.00
02.12.2020;21:17:09;3.33;42.73;10.81;759.75;0.00;0.00;0.00
02.12.2020;21:18:09;3.33;42.72;10.82;759.75;0.00;0.00;0.00
02.12.2020;21:19:09;3.35;42.70;10.81;759.74;0.00;0.00;0.00
02.12.2020;21:20:09;3.33;42.72;10.81;759.75;0.00;0.00;0.00
02.12.2020;21:21:09;3.33;42.74;10.81;759.74;0.00;0.00;0.00
02.12.2020;21:22:09;3.36;42.74;10.81;759.75;0.00;0.00;0.00
02.12.2020;21:23:09;3.33;42.72;10.80;759.76;0.00;0.00;0.00
02.12.2020;21:24:10;3.33;42.74;10.81;759.76;0.00;0.00;0.00
02.12.2020;21:25:10;3.35;42.71;10.81;759.76;0.00;0.00;0.00
02.12.2020;21:26:10;3.33;42.73;10.81;759.77;0.00;0.00;0.00
02.12.2020;21:27:10;3.33;42.74;10.82;759.78;0.00;0.00;0.00
02.12.2020;21:28:10;3.33;42.74;10.82;759.76;0.00;0.00;0.00
02.12.2020;21:29:10;3.33;42.72;10.82;759.77;0.00;0.00;0.00
02.12.2020;21:30:10;3.33;42.74;10.81;759.76;0.00;0.00;0.00
02.12.2020;21:31:10;3.33;42.73;10.81;759.76;0.00;0.00;0.00
02.12.2020;21:32:10;3.33;42.71;10.82;759.77;0.00;0.00;0.00
02.12.2020;21:33:10;3.35;42.74;10.82;759.77;0.00;0.00;0.00
02.12.2020;21:34:10;3.33;42.70;10.81;759.77;0.00;0.00;0.00
02.12.2020;21:35:10;3.33;42.76;10.82;759.78;0.00;0.00;0.00
02.12.2020;21:36:10;3.36;42.77;10.82;759.79;0.00;0.00;0.00
02.12.2020;21:37:10;3.33;42.74;10.83;759.80;0.00;0.00;0.00
02.12.2020;21:38:10;3.33;42.72;10.84;759.81;0.00;0.00;0.00
02.12.2020;21:39:10;3.35;42.74;10.84;759.81;0.00;0.00;0.00
02.12.2020;21:40:10;3.33;42.75;10.83;759.81;0.00;0.00;0.00
02.12.2020;21:41:10;3.33;42.74;10.84;759.81;0.00;0.00;0.00
02.12.2020;21:42:10;3.33;42.71;10.84;759.83;0.00;0.00;0.00
02.12.2020;21:43:10;3.33;42.75;10.84;759.85;0.00;0.00;0.00
02.12.2020;21:44:10;3.33;42.76;10.85;759.85;0.00;0.00;0.00
02.12.2020;21:45:10;3.33;42.72;10.85;759.87;0.00;0.00;0.00
02.12.2020;21:46:10;3.33;42.71;10.85;759.85;0.00;0.00;0.00
02.12.2020;21:47:10;3.35;42.73;10.85;759.84;0.00;0.00;0.00
02.12.2020;21:48:10;3.33;42.76;10.84;759.83;0.00;0.00;0.00
02.12.2020;21:49:10;3.33;42.75;10.85;759.81;0.00;0.00;0.00
02.12.2020;21:50:10;3.36;42.71;10.86;759.80;0.00;0.00;0.00
02.12.2020;21:51:10;3.33;42.73;10.86;759.80;0.00;0.00;0.00
02.12.2020;21:52:10;3.33;42.78;10.86;759.80;0.00;0.00;0.00
02.12.2020;21:53:10;3.35;42.81;10.86;759.80;0.00;0.00;0.00
02.12.2020;21:54:10;3.33;42.77;10.86;759.80;0.00;0.00;0.00
02.12.2020;21:55:10;3.33;42.78;10.86;759.79;0.00;0.00;0.00
02.12.2020;21:56:10;3.33;42.80;10.86;759.79;0.00;0.00;0.00
02.12.2020;21:57:11;3.33;42.78;10.85;759.79;0.00;0.00;0.00
02.12.2020;21:58:11;3.33;42.80;10.85;759.80;0.00;0.00;0.00
02.12.2020;21:59:11;3.33;42.82;10.85;759.80;0.00;0.00;0.00
02.12.2020;22:00:11;3.33;42.88;10.85;759.79;0.00;0.00;0.00
02.12.2020;22:01:11;3.35;42.83;10.85;759.79;0.00;0.00;0.00
02.12.2020;22:02:11;3.33;42.81;10.85;759.79;0.00;0.00;0.00
02.12.2020;22:03:11;3.33;42.80;10.84;759.78;0.00;0.00;0.00
02.12.2020;22:04:11;3.36;42.83;10.84;759.77;0.00;0.00;0.00
02.12.2020;22:05:11;3.33;42.83;10.84;759.77;0.00;0.00;0.00
02.12.2020;22:06:11;3.33;42.81;10.84;759.77;0.00;0.00;0.00
02.12.2020;22:07:11;3.35;42.82;10.84;759.77;0.00;0.00;0.00
02.12.2020;22:08:11;3.33;42.83;10.84;759.77;0.00;0.00;0.00
02.12.2020;22:09:11;3.33;42.84;10.83;759.76;0.00;0.00;0.00
02.12.2020;22:10:11;3.33;42.85;10.84;759.78;0.00;0.00;0.00
02.12.2020;22:11:11;3.33;42.83;10.83;759.78;0.00;0.00;0.00
02.12.2020;22:12:11;3.33;42.82;10.84;759.78;0.00;0.00;0.00
02.12.2020;22:13:11;3.33;42.84;10.83;759.80;0.00;0.00;0.00
02.12.2020;22:14:11;3.33;42.81;10.83;759.78;0.00;0.00;0.00
02.12.2020;22:15:11;3.35;42.85;10.83;759.78;0.00;0.00;0.00
02.12.2020;22:16:11;3.33;42.82;10.83;759.78;0.00;0.00;0.00
02.12.2020;22:17:11;3.33;42.84;10.82;759.78;0.00;0.00;0.00
02.12.2020;22:18:11;3.36;42.85;10.84;759.78;0.00;0.00;0.00
02.12.2020;22:19:11;3.33;42.86;10.83;759.78;0.00;0.00;0.00
02.12.2020;22:20:11;3.33;42.83;10.83;759.78;0.00;0.00;0.00
02.12.2020;22:21:11;3.35;42.85;10.83;759.79;0.00;0.00;0.00
02.12.2020;22:22:11;3.33;42.85;10.83;759.79;0.00;0.00;0.00
02.12.2020;22:23:11;3.33;42.90;10.82;759.80;0.00;0.00;0.00
02.12.2020;22:24:11;3.33;42.92;10.82;759.80;0.00;0.00;0.00
02.12.2020;22:25:11;3.33;42.89;10.82;759.80;0.00;0.00;0.00
02.12.2020;22:26:11;3.33;42.89;10.81;759.81;0.00;0.00;0.00
02.12.2020;22:27:11;3.33;42.86;10.80;759.81;0.00;0.00;0.00
02.12.2020;22:28:11;3.33;42.87;10.79;759.81;0.00;0.00;0.00
02.12.2020;22:29:12;3.35;42.90;10.79;759.80;0.00;0.00;0.00
02.12.2020;22:30:12;3.33;42.93;10.79;759.80;0.00;0.00;0.00
02.12.2020;22:31:12;3.33;42.92;10.79;759.79;0.00;0.00;0.00
02.12.2020;22:32:12;3.36;42.92;10.80;759.79;0.00;0.00;0.00
02.12.2020;22:33:12;3.33;42.92;10.79;759.79;0.00;0.00;0.00
02.12.2020;22:34:12;3.33;42.97;10.79;759.79;0.00;0.00;0.00
02.12.2020;22:35:12;3.35;42.97;10.80;759.80;0.00;0.00;0.00
02.12.2020;22:36:12;3.33;42.96;10.80;759.80;0.00;0.00;0.00
02.12.2020;22:37:12;3.33;42.93;10.79;759.80;0.00;0.00;0.00
02.12.2020;22:38:12;3.33;42.92;10.79;759.79;0.00;0.00;0.00
02.12.2020;22:39:12;3.33;42.96;10.79;759.81;0.00;0.00;0.00
02.12.2020;22:40:12;3.33;42.97;10.78;759.81;0.00;0.00;0.00
02.12.2020;22:41:12;3.33;42.95;10.78;759.81;0.00;0.00;0.00
02.12.2020;22:42:12;3.33;42.96;10.79;759.82;0.00;0.00;0.00
02.12.2020;22:43:12;3.35;42.92;10.79;759.83;0.00;0.00;0.00
02.12.2020;22:44:12;3.33;42.92;10.79;759.85;0.00;0.00;0.00
02.12.2020;22:45:12;3.33;42.93;10.79;759.85;0.00;0.00;0.00
02.12.2020;22:46:12;3.36;42.89;10.79;759.85;0.00;0.00;0.00
02.12.2020;22:47:12;3.33;42.91;10.79;759.84;0.00;0.00;0.00
02.12.2020;22:48:12;3.33;42.92;10.79;759.83;0.00;0.00;0.00
02.12.2020;22:49:12;3.35;42.93;10.78;759.84;0.00;0.00;0.00
02.12.2020;22:50:12;3.33;42.93;10.78;759.85;0.00;0.00;0.00
02.12.2020;22:51:12;3.33;42.94;10.78;759.86;0.00;0.00;0.00
02.12.2020;22:52:12;3.33;42.93;10.79;759.87;0.00;0.00;0.00
02.12.2020;22:53:12;3.33;42.95;10.80;759.87;0.00;0.00;0.00
02.12.2020;22:54:12;3.33;42.94;10.80;759.86;0.00;0.00;0.00
02.12.2020;22:55:12;3.33;42.92;10.80;759.88;0.00;0.00;0.00
02.12.2020;22:56:12;3.33;42.92;10.80;759.87;0.00;0.00;0.00
02.12.2020;22:57:12;3.35;42.89;10.80;759.87;0.00;0.00;0.00
02.12.2020;22:58:12;3.33;42.89;10.80;759.88;0.00;0.00;0.00
02.12.2020;22:59:12;3.33;42.87;10.80;759.87;0.00;0.00;0.00
02.12.2020;23:00:12;3.36;42.87;10.79;759.86;0.00;0.00;0.00
02.12.2020;23:01:12;3.33;42.84;10.79;759.86;0.00;0.00;0.00
02.12.2020;23:02:13;3.33;42.84;10.80;759.87;0.00;0.00;0.00
02.12.2020;23:03:13;3.35;42.85;10.81;759.88;0.00;0.00;0.00
02.12.2020;23:04:13;3.33;42.84;10.80;759.89;0.00;0.00;0.00
02.12.2020;23:05:13;3.33;42.81;10.80;759.89;0.00;0.00;0.00
02.12.2020;23:06:13;3.33;42.84;10.80;759.89;0.00;0.00;0.00
02.12.2020;23:07:13;3.33;42.83;10.81;759.89;0.00;0.00;0.00
02.12.2020;23:08:13;3.33;42.85;10.81;759.89;0.00;0.00;0.00
02.12.2020;23:09:13;3.33;42.81;10.82;759.89;0.00;0.00;0.00
02.12.2020;23:10:13;3.33;42.81;10.82;759.89;0.00;0.00;0.00
02.12.2020;23:11:13;3.35;42.81;10.82;759.88;0.00;0.00;0.00
02.12.2020;23:12:13;3.33;42.82;10.83;759.88;0.00;0.00;0.00
02.12.2020;23:13:13;3.33;42.80;10.83;759.89;0.00;0.00;0.00
02.12.2020;23:14:13;3.36;42.78;10.84;759.89;0.00;0.00;0.00
02.12.2020;23:15:13;3.33;42.76;10.84;759.88;0.00;0.00;0.00
02.12.2020;23:16:13;3.33;42.73;10.85;759.89;0.00;0.00;0.00
02.12.2020;23:17:13;3.35;42.75;10.84;759.89;0.00;0.00;0.00
02.12.2020;23:18:13;3.33;42.75;10.85;759.89;0.00;0.00;0.00
02.12.2020;23:19:13;3.33;42.72;10.86;759.89;0.00;0.00;0.00
02.12.2020;23:20:13;3.33;42.66;10.86;759.89;0.00;0.00;0.00
02.12.2020;23:21:13;3.33;42.71;10.86;759.89;0.00;0.00;0.00
02.12.2020;23:22:13;3.33;42.70;10.86;759.89;0.00;0.00;0.00
02.12.2020;23:23:13;3.33;42.69;10.86;759.89;0.00;0.00;0.00
02.12.2020;23:24:13;3.33;42.71;10.86;759.89;0.00;0.00;0.00
02.12.2020;23:25:13;3.35;42.70;10.86;759.89;0.00;0.00;0.00
02.12.2020;23:26:13;3.33;42.67;10.87;759.88;0.00;0.00;0.00
02.12.2020;23:27:13;3.33;42.67;10.87;759.89;0.00;0.00;0.00
02.12.2020;23:28:13;3.36;42.66;10.87;759.88;0.00;0.00;0.00
02.12.2020;23:29:13;3.33;42.66;10.87;759.89;0.00;0.00;0.00
02.12.2020;23:30:13;3.33;42.64;10.87;759.90;0.00;0.00;0.00
02.12.2020;23:31:13;3.35;42.58;10.87;759.90;0.00;0.00;0.00
02.12.2020;23:32:13;3.33;42.65;10.87;759.90;0.00;0.00;0.00
02.12.2020;23:33:13;3.33;42.65;10.87;759.91;0.00;0.00;0.00
02.12.2020;23:34:14;3.33;42.66;10.87;759.90;0.00;0.00;0.00
02.12.2020;23:35:14;3.33;42.66;10.88;759.90;0.00;0.00;0.00
02.12.2020;23:36:14;3.33;42.62;10.87;759.88;0.00;0.00;0.00
02.12.2020;23:37:14;3.33;42.63;10.87;759.89;0.00;0.00;0.00
02.12.2020;23:38:14;3.33;42.63;10.88;759.89;0.00;0.00;0.00
02.12.2020;23:39:14;3.35;42.61;10.87;759.88;0.00;0.00;0.00
02.12.2020;23:40:14;3.33;42.64;10.87;759.88;0.00;0.00;0.00
02.12.2020;23:41:14;3.33;42.62;10.88;759.87;0.00;0.00;0.00
02.12.2020;23:42:14;3.36;42.59;10.88;759.86;0.00;0.00;0.00
02.12.2020;23:43:14;3.33;42.60;10.88;759.87;0.00;0.00;0.00
02.12.2020;23:44:14;3.33;42.59;10.88;759.87;0.00;0.00;0.00
02.12.2020;23:45:14;3.35;42.61;10.88;759.88;0.00;0.00;0.00
02.12.2020;23:46:14;3.33;42.60;10.87;759.89;0.00;0.00;0.00
02.12.2020;23:47:14;3.33;42.58;10.87;759.89;0.00;0.00;0.00
02.12.2020;23:48:14;3.33;42.58;10.87;759.89;0.00;0.00;0.00
02.12.2020;23:49:14;3.33;42.59;10.87;759.89;0.00;0.00;0.00
02.12.2020;23:50:14;3.33;42.60;10.87;759.88;0.00;0.00;0.00
02.12.2020;23:51:14;3.33;42.58;10.87;759.88;0.00;0.00;0.00
02.12.2020;23:52:14;3.33;42.58;10.87;759.89;0.00;0.00;0.00
02.12.2020;23:53:14;3.35;42.57;10.87;759.88;0.00;0.00;0.00
02.12.2020;23:54:14;3.33;42.56;10.86;759.88;0.00;0.00;0.00
02.12.2020;23:55:14;3.33;42.62;10.86;759.88;0.00;0.00;0.00
02.12.2020;23:56:14;3.36;42.61;10.85;759.87;0.00;0.00;0.00
02.12.2020;23:57:14;3.33;42.63;10.85;759.87;0.00;0.00;0.00
02.12.2020;23:58:14;3.33;42.61;10.85;759.89;0.00;0.00;0.00
02.12.2020;23:59:14;3.35;42.63;10.85;759.91;0.00;0.00;0.00
