03.02.2021;0:00:29;2.54;36.63;7.60;749.32;0.00;0.00;0.00
03.02.2021;0:01:29;2.56;36.74;7.61;749.36;0.00;0.00;0.00
03.02.2021;0:02:29;2.54;36.69;7.63;749.37;0.00;0.00;0.00
03.02.2021;0:03:29;2.53;36.54;7.64;749.33;0.00;0.00;0.00
03.02.2021;0:04:29;2.57;36.42;7.65;749.28;0.00;0.00;0.00
03.02.2021;0:05:29;2.51;36.82;7.65;749.28;0.00;0.00;0.00
03.02.2021;0:06:29;2.57;36.62;7.66;749.27;0.00;0.00;0.00
03.02.2021;0:07:29;2.51;36.61;7.67;749.22;0.00;0.00;0.00
03.02.2021;0:08:29;2.56;36.62;7.68;749.19;0.00;0.00;0.00
03.02.2021;0:09:29;2.57;36.59;7.70;749.19;0.00;0.00;0.00
03.02.2021;0:10:29;2.53;36.58;7.71;749.17;0.00;0.00;0.00
03.02.2021;0:11:29;2.64;36.66;7.72;749.20;0.00;0.00;0.00
03.02.2021;0:12:29;2.54;36.60;7.72;749.21;0.00;0.00;0.00
03.02.2021;0:13:29;2.60;36.37;7.73;749.19;0.00;0.00;0.00
03.02.2021;0:14:29;2.61;36.52;7.74;749.21;0.00;0.00;0.00
03.02.2021;0:15:29;2.57;36.22;7.75;749.20;0.00;0.00;0.00
03.02.2021;0:16:29;2.61;36.41;7.75;749.20;0.00;0.00;0.00
03.02.2021;0:17:29;2.53;36.52;7.75;749.21;0.00;0.00;0.00
03.02.2021;0:18:29;2.58;36.52;7.77;749.18;0.00;0.00;0.00
03.02.2021;0:19:29;2.54;36.58;7.79;749.19;0.00;0.00;0.00
03.02.2021;0:20:29;2.57;36.46;7.81;749.18;0.00;0.00;0.00
03.02.2021;0:21:29;2.53;36.35;7.82;749.14;0.00;0.00;0.00
03.02.2021;0:22:29;2.61;36.45;7.83;749.16;0.00;0.00;0.00
03.02.2021;0:23:29;2.58;36.45;7.84;749.15;0.00;0.00;0.00
03.02.2021;0:24:29;2.51;36.22;7.85;749.13;0.00;0.00;0.00
03.02.2021;0:25:29;2.56;36.13;7.85;749.11;0.00;0.00;0.00
03.02.2021;0:26:29;2.50;36.24;7.86;749.10;0.00;0.00;0.00
03.02.2021;0:27:29;2.50;36.36;7.87;749.10;0.00;0.00;0.00
03.02.2021;0:28:29;2.53;36.24;7.89;749.07;0.00;0.00;0.00
03.02.2021;0:29:29;2.50;36.31;7.88;749.02;0.00;0.00;0.00
03.02.2021;0:30:30;2.50;36.32;7.89;749.01;0.00;0.00;0.00
03.02.2021;0:31:30;2.50;36.42;7.90;749.01;0.00;0.00;0.00
03.02.2021;0:32:30;2.50;36.30;7.91;748.99;0.00;0.00;0.00
03.02.2021;0:33:30;2.50;36.41;7.92;748.98;0.00;0.00;0.00
03.02.2021;0:34:30;2.50;36.34;7.94;748.96;0.00;0.00;0.00
03.02.2021;0:35:30;2.50;36.37;7.96;748.95;0.00;0.00;0.00
03.02.2021;0:36:30;2.53;36.27;7.97;748.96;0.00;0.00;0.00
03.02.2021;0:37:30;2.50;36.07;7.97;748.95;0.00;0.00;0.00
03.02.2021;0:38:30;2.50;35.99;7.96;748.92;0.00;0.00;0.00
03.02.2021;0:39:30;2.53;36.20;7.96;748.92;0.00;0.00;0.00
03.02.2021;0:40:30;2.50;36.15;7.97;748.94;0.00;0.00;0.00
03.02.2021;0:41:30;2.50;36.04;7.98;748.95;0.00;0.00;0.00
03.02.2021;0:42:30;2.51;35.96;7.96;748.94;0.00;0.00;0.00
03.02.2021;0:43:30;2.50;36.04;7.96;748.96;0.00;0.00;0.00
03.02.2021;0:44:30;2.50;35.78;7.95;748.97;0.00;0.00;0.00
03.02.2021;0:45:30;2.50;35.85;7.94;749.02;0.00;0.00;0.00
03.02.2021;0:46:30;2.50;35.75;7.92;749.03;0.00;0.00;0.00
03.02.2021;0:47:30;2.50;36.12;7.92;749.07;0.00;0.00;0.00
03.02.2021;0:48:30;2.50;36.09;7.91;749.08;0.00;0.00;0.00
03.02.2021;0:49:30;2.50;36.21;7.90;749.05;0.00;0.00;0.00
03.02.2021;0:50:30;2.53;36.28;7.91;749.05;0.00;0.00;0.00
03.02.2021;0:51:30;2.50;36.03;7.89;749.02;0.00;0.00;0.00
03.02.2021;0:52:30;2.50;36.48;7.89;749.02;0.00;0.00;0.00
03.02.2021;0:53:30;2.53;36.47;7.90;749.03;0.00;0.00;0.00
03.02.2021;0:54:30;2.50;36.26;7.89;749.03;0.00;0.00;0.00
03.02.2021;0:55:30;2.50;36.15;7.86;749.02;0.00;0.00;0.00
03.02.2021;0:56:30;2.51;36.05;7.83;749.02;0.00;0.00;0.00
03.02.2021;0:57:30;2.50;36.09;7.81;749.00;0.00;0.00;0.00
03.02.2021;0:58:30;2.50;36.30;7.80;749.00;0.00;0.00;0.00
03.02.2021;0:59:30;2.50;36.25;7.77;748.99;0.00;0.00;0.00
03.02.2021;1:00:30;2.50;36.27;7.76;748.99;0.00;0.00;0.00
03.02.2021;1:01:30;2.50;36.09;7.74;748.97;0.00;0.00;0.00
03.02.2021;1:02:30;2.50;36.22;7.73;748.96;0.00;0.00;0.00
03.02.2021;1:03:30;2.50;36.30;7.72;748.95;0.00;0.00;0.00
03.02.2021;1:04:30;2.53;36.68;7.71;748.96;0.00;0.00;0.00
03.02.2021;1:05:30;2.50;36.47;7.71;748.94;0.00;0.00;0.00
03.02.2021;1:06:30;2.50;36.45;7.70;748.93;0.00;0.00;0.00
03.02.2021;1:07:31;2.53;36.54;7.68;748.93;0.00;0.00;0.00
03.02.2021;1:08:31;2.50;36.71;7.70;748.95;0.00;0.00;0.00
03.02.2021;1:09:31;2.50;36.42;7.70;748.93;0.00;0.00;0.00
03.02.2021;1:10:31;2.51;36.56;7.69;748.89;0.00;0.00;0.00
03.02.2021;1:11:31;2.50;36.74;7.70;748.88;0.00;0.00;0.00
03.02.2021;1:12:31;2.50;36.74;7.71;748.85;0.00;0.00;0.00
03.02.2021;1:13:31;2.50;36.77;7.71;748.84;0.00;0.00;0.00
03.02.2021;1:14:31;2.50;36.66;7.72;748.83;0.00;0.00;0.00
03.02.2021;1:15:31;2.50;36.64;7.73;748.79;0.00;0.00;0.00
03.02.2021;1:16:31;2.50;36.72;7.72;748.80;0.00;0.00;0.00
03.02.2021;1:17:31;2.50;36.69;7.74;748.81;0.00;0.00;0.00
03.02.2021;1:18:31;2.53;36.46;7.74;748.81;0.00;0.00;0.00
03.02.2021;1:19:31;2.50;36.49;7.73;748.80;0.00;0.00;0.00
03.02.2021;1:20:31;2.50;36.57;7.73;748.82;0.00;0.00;0.00
03.02.2021;1:21:31;2.53;36.34;7.73;748.80;0.00;0.00;0.00
03.02.2021;1:22:31;2.50;36.39;7.73;748.79;0.00;0.00;0.00
03.02.2021;1:23:31;2.50;36.44;7.73;748.77;0.00;0.00;0.00
03.02.2021;1:24:31;2.51;36.37;7.74;748.77;0.00;0.00;0.00
03.02.2021;1:25:31;2.50;36.51;7.74;748.82;0.00;0.00;0.00
03.02.2021;1:26:31;2.50;36.37;7.75;748.85;0.00;0.00;0.00
03.02.2021;1:27:31;2.50;36.20;7.75;748.85;0.00;0.00;0.00
03.02.2021;1:28:31;2.50;36.31;7.75;748.88;0.00;0.00;0.00
03.02.2021;1:29:31;2.50;36.35;7.75;748.89;0.00;0.00;0.00
03.02.2021;1:30:31;2.50;36.60;7.77;748.90;0.00;0.00;0.00
03.02.2021;1:31:31;2.50;36.62;7.78;748.90;0.00;0.00;0.00
03.02.2021;1:32:31;2.51;36.59;7.79;748.91;0.00;0.00;0.00
03.02.2021;1:33:31;2.50;36.64;7.80;748.91;0.00;0.00;0.00
03.02.2021;1:34:31;2.50;36.58;7.81;748.89;0.00;0.00;0.00
03.02.2021;1:35:31;2.53;36.66;7.82;748.88;0.00;0.00;0.00
03.02.2021;1:36:31;2.50;36.52;7.83;748.86;0.00;0.00;0.00
03.02.2021;1:37:31;2.50;36.48;7.84;748.86;0.00;0.00;0.00
03.02.2021;1:38:31;2.51;36.30;7.85;748.86;0.00;0.00;0.00
03.02.2021;1:39:31;2.50;36.35;7.85;748.88;0.00;0.00;0.00
03.02.2021;1:40:31;2.50;36.34;7.86;748.89;0.00;0.00;0.00
03.02.2021;1:41:31;2.50;36.16;7.86;748.88;0.00;0.00;0.00
03.02.2021;1:42:31;2.50;36.23;7.86;748.89;0.00;0.00;0.00
03.02.2021;1:43:31;2.50;36.33;7.87;748.92;0.00;0.00;0.00
03.02.2021;1:44:31;2.50;36.48;7.87;748.94;0.00;0.00;0.00
03.02.2021;1:45:32;2.50;36.52;7.87;748.94;0.00;0.00;0.00
03.02.2021;1:46:32;2.53;36.39;7.88;748.91;0.00;0.00;0.00
03.02.2021;1:47:32;2.50;36.44;7.89;748.89;0.00;0.00;0.00
03.02.2021;1:48:32;2.50;36.31;7.89;748.88;0.00;0.00;0.00
03.02.2021;1:49:32;2.53;36.38;7.90;748.87;0.00;0.00;0.00
03.02.2021;1:50:32;2.50;36.29;7.91;748.87;0.00;0.00;0.00
03.02.2021;1:51:32;2.50;36.15;7.90;748.86;0.00;0.00;0.00
03.02.2021;1:52:32;2.51;36.06;7.90;748.86;0.00;0.00;0.00
03.02.2021;1:53:32;2.50;36.11;7.90;748.88;0.00;0.00;0.00
03.02.2021;1:54:32;2.50;36.15;7.91;748.92;0.00;0.00;0.00
03.02.2021;1:55:32;2.50;35.91;7.90;748.93;0.00;0.00;0.00
03.02.2021;1:56:32;2.50;36.21;7.90;748.97;0.00;0.00;0.00
03.02.2021;1:57:32;2.50;36.04;7.90;748.98;0.00;0.00;0.00
03.02.2021;1:58:32;2.50;36.12;7.90;748.98;0.00;0.00;0.00
03.02.2021;1:59:32;2.50;36.45;7.91;748.97;0.00;0.00;0.00
03.02.2021;2:00:32;2.53;36.58;7.92;748.96;0.00;0.00;0.00
03.02.2021;2:01:32;2.50;36.61;7.93;748.93;0.00;0.00;0.00
03.02.2021;2:02:32;2.50;36.54;7.94;748.93;0.00;0.00;0.00
03.02.2021;2:03:32;2.53;36.43;7.94;748.96;0.00;0.00;0.00
03.02.2021;2:04:32;2.50;36.22;7.94;748.96;0.00;0.00;0.00
03.02.2021;2:05:32;2.50;36.25;7.94;748.98;0.00;0.00;0.00
03.02.2021;2:06:32;2.51;36.18;7.94;748.99;0.00;0.00;0.00
03.02.2021;2:07:32;2.50;36.28;7.95;749.00;0.00;0.00;0.00
03.02.2021;2:08:32;2.50;36.19;7.94;749.02;0.00;0.00;0.00
03.02.2021;2:09:32;2.50;36.14;7.92;749.01;0.00;0.00;0.00
03.02.2021;2:10:32;2.50;36.48;7.91;748.97;0.00;0.00;0.00
03.02.2021;2:11:32;2.50;36.56;7.92;748.98;0.00;0.00;0.00
03.02.2021;2:12:32;2.50;36.46;7.92;749.03;0.00;0.00;0.00
03.02.2021;2:13:32;2.50;36.11;7.91;749.03;0.00;0.00;0.00
03.02.2021;2:14:32;2.51;36.37;7.90;749.05;0.00;0.00;0.00
03.02.2021;2:15:32;2.50;36.44;7.91;749.05;0.00;0.00;0.00
03.02.2021;2:16:32;2.50;36.35;7.90;749.04;0.00;0.00;0.00
03.02.2021;2:17:32;2.53;36.32;7.89;749.02;0.00;0.00;0.00
03.02.2021;2:18:32;2.50;36.33;7.88;749.00;0.00;0.00;0.00
03.02.2021;2:19:32;2.50;36.37;7.88;748.99;0.00;0.00;0.00
03.02.2021;2:20:32;2.51;36.35;7.87;748.98;0.00;0.00;0.00
03.02.2021;2:21:32;2.50;36.20;7.86;748.96;0.00;0.00;0.00
03.02.2021;2:22:33;2.50;36.20;7.83;748.95;0.00;0.00;0.00
03.02.2021;2:23:33;2.50;36.45;7.82;748.97;0.00;0.00;0.00
03.02.2021;2:24:33;2.50;36.52;7.81;748.98;0.00;0.00;0.00
03.02.2021;2:25:33;2.50;36.51;7.79;748.98;0.00;0.00;0.00
03.02.2021;2:26:33;2.50;36.52;7.79;748.95;0.00;0.00;0.00
03.02.2021;2:27:33;2.50;36.81;7.77;748.93;0.00;0.00;0.00
03.02.2021;2:28:33;2.51;36.79;7.77;748.91;0.00;0.00;0.00
03.02.2021;2:29:33;2.50;36.89;7.75;748.87;0.00;0.00;0.00
03.02.2021;2:30:33;2.50;37.01;7.74;748.87;0.00;0.00;0.00
03.02.2021;2:31:33;2.53;36.93;7.74;748.86;0.00;0.00;0.00
03.02.2021;2:32:33;2.50;36.94;7.73;748.85;0.00;0.00;0.00
03.02.2021;2:33:33;2.50;36.90;7.72;748.85;0.00;0.00;0.00
03.02.2021;2:34:33;2.51;36.71;7.71;748.85;0.00;0.00;0.00
03.02.2021;2:35:33;2.50;36.56;7.70;748.86;0.00;0.00;0.00
03.02.2021;2:36:33;2.50;36.69;7.69;748.84;0.00;0.00;0.00
03.02.2021;2:37:33;2.50;36.96;7.68;748.82;0.00;0.00;0.00
03.02.2021;2:38:33;2.50;36.93;7.68;748.83;0.00;0.00;0.00
03.02.2021;2:39:33;2.50;36.91;7.68;748.83;0.00;0.00;0.00
03.02.2021;2:40:33;2.50;36.82;7.66;748.82;0.00;0.00;0.00
03.02.2021;2:41:33;2.50;36.81;7.66;748.81;0.00;0.00;0.00
03.02.2021;2:42:33;2.53;37.00;7.66;748.82;0.00;0.00;0.00
03.02.2021;2:43:33;2.50;36.75;7.67;748.83;0.00;0.00;0.00
03.02.2021;2:44:33;2.50;36.56;7.66;748.82;0.00;0.00;0.00
03.02.2021;2:45:33;2.53;36.63;7.64;748.83;0.00;0.00;0.00
03.02.2021;2:46:33;2.50;36.85;7.63;748.82;0.00;0.00;0.00
03.02.2021;2:47:33;2.50;36.83;7.62;748.85;0.00;0.00;0.00
03.02.2021;2:48:33;2.51;36.49;7.61;748.87;0.00;0.00;0.00
03.02.2021;2:49:33;2.50;36.61;7.60;748.89;0.00;0.00;0.00
03.02.2021;2:50:33;2.50;36.98;7.60;748.87;0.00;0.00;0.00
03.02.2021;2:51:33;2.50;36.88;7.60;748.87;0.00;0.00;0.00
03.02.2021;2:52:33;2.50;36.84;7.59;748.87;0.00;0.00;0.00
03.02.2021;2:53:33;2.50;36.96;7.59;748.88;0.00;0.00;0.00
03.02.2021;2:54:33;2.50;36.90;7.59;748.86;0.00;0.00;0.00
03.02.2021;2:55:33;2.50;36.99;7.59;748.87;0.00;0.00;0.00
03.02.2021;2:56:33;2.53;36.86;7.59;748.87;0.00;0.00;0.00
03.02.2021;2:57:33;2.50;37.11;7.58;748.85;0.00;0.00;0.00
03.02.2021;2:58:33;2.50;37.01;7.60;748.83;0.00;0.00;0.00
03.02.2021;2:59:33;2.53;36.89;7.60;748.84;0.00;0.00;0.00
03.02.2021;3:00:34;2.50;37.07;7.61;748.84;0.00;0.00;0.00
03.02.2021;3:01:34;2.50;37.18;7.61;748.82;0.00;0.00;0.00
03.02.2021;3:02:34;2.51;37.20;7.63;748.81;0.00;0.00;0.00
03.02.2021;3:03:34;2.50;37.18;7.63;748.80;0.00;0.00;0.00
03.02.2021;3:04:34;2.50;37.13;7.63;748.80;0.00;0.00;0.00
03.02.2021;3:05:34;2.50;37.35;7.65;748.80;0.00;0.00;0.00
03.02.2021;3:06:34;2.50;37.06;7.66;748.79;0.00;0.00;0.00
03.02.2021;3:07:34;2.50;37.06;7.67;748.78;0.00;0.00;0.00
03.02.2021;3:08:34;2.50;37.10;7.67;748.76;0.00;0.00;0.00
03.02.2021;3:09:34;2.50;37.14;7.67;748.77;0.00;0.00;0.00
03.02.2021;3:10:34;2.51;37.15;7.66;748.77;0.00;0.00;0.00
03.02.2021;3:11:34;2.50;37.25;7.67;748.76;0.00;0.00;0.00
03.02.2021;3:12:34;2.50;37.21;7.68;748.75;0.00;0.00;0.00
03.02.2021;3:13:34;2.53;37.25;7.69;748.76;0.00;0.00;0.00
03.02.2021;3:14:34;2.50;37.30;7.70;748.74;0.00;0.00;0.00
03.02.2021;3:15:34;2.50;37.24;7.71;748.72;0.00;0.00;0.00
03.02.2021;3:16:34;2.51;37.16;7.72;748.70;0.00;0.00;0.00
03.02.2021;3:17:34;2.50;37.21;7.73;748.68;0.00;0.00;0.00
03.02.2021;3:18:34;2.50;37.24;7.72;748.68;0.00;0.00;0.00
03.02.2021;3:19:34;2.50;37.25;7.72;748.65;0.00;0.00;0.00
03.02.2021;3:20:34;2.50;37.23;7.72;748.66;0.00;0.00;0.00
03.02.2021;3:21:34;2.50;37.20;7.72;748.67;0.00;0.00;0.00
03.02.2021;3:22:34;2.50;37.02;7.72;748.65;0.00;0.00;0.00
03.02.2021;3:23:34;2.50;37.16;7.72;748.66;0.00;0.00;0.00
03.02.2021;3:24:34;2.51;37.19;7.73;748.66;0.00;0.00;0.00
03.02.2021;3:25:34;2.50;37.20;7.74;748.65;0.00;0.00;0.00
03.02.2021;3:26:34;2.50;37.23;7.75;748.64;0.00;0.00;0.00
03.02.2021;3:27:34;2.53;37.24;7.75;748.64;0.00;0.00;0.00
03.02.2021;3:28:34;2.50;37.26;7.74;748.63;0.00;0.00;0.00
03.02.2021;3:29:34;2.50;37.35;7.75;748.64;0.00;0.00;0.00
03.02.2021;3:30:34;2.51;37.29;7.76;748.62;0.00;0.00;0.00
03.02.2021;3:31:34;2.50;37.28;7.76;748.62;0.00;0.00;0.00
03.02.2021;3:32:34;2.50;37.22;7.76;748.61;0.00;0.00;0.00
03.02.2021;3:33:34;2.50;37.25;7.75;748.59;0.00;0.00;0.00
03.02.2021;3:34:34;2.50;37.28;7.75;748.58;0.00;0.00;0.00
03.02.2021;3:35:34;2.50;37.35;7.76;748.58;0.00;0.00;0.00
03.02.2021;3:36:34;2.50;37.30;7.78;748.55;0.00;0.00;0.00
03.02.2021;3:37:35;2.50;37.34;7.78;748.53;0.00;0.00;0.00
03.02.2021;3:38:35;2.53;37.26;7.79;748.53;0.00;0.00;0.00
03.02.2021;3:39:35;2.50;37.29;7.80;748.53;0.00;0.00;0.00
03.02.2021;3:40:35;2.50;37.30;7.80;748.53;0.00;0.00;0.00
03.02.2021;3:41:35;2.53;37.21;7.81;748.52;0.00;0.00;0.00
03.02.2021;3:42:35;2.50;37.26;7.82;748.50;0.00;0.00;0.00
03.02.2021;3:43:35;2.50;37.19;7.82;748.49;0.00;0.00;0.00
03.02.2021;3:44:35;2.51;37.24;7.82;748.48;0.00;0.00;0.00
03.02.2021;3:45:35;2.50;37.30;7.83;748.47;0.00;0.00;0.00
03.02.2021;3:46:35;2.50;37.24;7.84;748.45;0.00;0.00;0.00
03.02.2021;3:47:35;2.50;37.24;7.85;748.43;0.00;0.00;0.00
03.02.2021;3:48:35;2.50;37.18;7.86;748.43;0.00;0.00;0.00
03.02.2021;3:49:35;2.50;37.11;7.88;748.42;0.00;0.00;0.00
03.02.2021;3:50:35;2.50;37.17;7.89;748.42;0.00;0.00;0.00
03.02.2021;3:51:35;2.50;36.95;7.90;748.40;0.00;0.00;0.00
03.02.2021;3:52:35;2.51;36.97;7.90;748.41;0.00;0.00;0.00
03.02.2021;3:53:35;2.50;36.95;7.91;748.41;0.00;0.00;0.00
03.02.2021;3:54:35;2.50;36.99;7.91;748.40;0.00;0.00;0.00
03.02.2021;3:55:35;2.53;36.94;7.92;748.41;0.00;0.00;0.00
03.02.2021;3:56:35;2.50;37.06;7.93;748.41;0.00;0.00;0.00
03.02.2021;3:57:35;2.50;36.76;7.95;748.40;0.00;0.00;0.00
03.02.2021;3:58:35;2.51;37.04;7.95;748.39;0.00;0.00;0.00
03.02.2021;3:59:35;2.50;36.85;7.97;748.38;0.00;0.00;0.00
03.02.2021;4:00:35;2.50;36.79;7.97;748.38;0.00;0.00;0.00
03.02.2021;4:01:35;2.50;36.93;7.98;748.38;0.00;0.00;0.00
03.02.2021;4:02:35;2.50;36.91;7.99;748.39;0.00;0.00;0.00
03.02.2021;4:03:35;2.50;36.84;8.00;748.39;0.00;0.00;0.00
03.02.2021;4:04:35;2.50;36.81;8.02;748.38;0.00;0.00;0.00
03.02.2021;4:05:35;2.50;36.84;8.03;748.38;0.00;0.00;0.00
03.02.2021;4:06:35;2.53;36.70;8.04;748.39;0.00;0.00;0.00
03.02.2021;4:07:35;2.50;36.71;8.05;748.38;0.00;0.00;0.00
03.02.2021;4:08:35;2.50;36.68;8.06;748.39;0.00;0.00;0.00
03.02.2021;4:09:35;2.53;36.65;8.07;748.38;0.00;0.00;0.00
03.02.2021;4:10:35;2.50;36.69;8.09;748.39;0.00;0.00;0.00
03.02.2021;4:11:35;2.50;36.73;8.11;748.40;0.00;0.00;0.00
03.02.2021;4:12:35;2.51;36.72;8.12;748.40;0.00;0.00;0.00
03.02.2021;4:13:35;2.50;36.76;8.13;748.38;0.00;0.00;0.00
03.02.2021;4:14:36;2.50;36.76;8.14;748.38;0.00;0.00;0.00
03.02.2021;4:15:36;2.50;36.77;8.16;748.40;0.00;0.00;0.00
03.02.2021;4:16:36;2.50;36.74;8.18;748.41;0.00;0.00;0.00
03.02.2021;4:17:36;2.50;36.73;8.19;748.42;0.00;0.00;0.00
03.02.2021;4:18:36;2.50;36.70;8.21;748.42;0.00;0.00;0.00
03.02.2021;4:19:36;2.50;36.69;8.22;748.45;0.00;0.00;0.00
03.02.2021;4:20:36;2.51;36.63;8.24;748.46;0.00;0.00;0.00
03.02.2021;4:21:36;2.50;36.55;8.25;748.48;0.00;0.00;0.00
03.02.2021;4:22:36;2.50;36.48;8.26;748.49;0.00;0.00;0.00
03.02.2021;4:23:36;2.53;36.57;8.27;748.50;0.00;0.00;0.00
03.02.2021;4:24:36;2.50;36.50;8.29;748.51;0.00;0.00;0.00
03.02.2021;4:25:36;2.50;36.45;8.30;748.53;0.00;0.00;0.00
03.02.2021;4:26:36;2.51;36.52;8.31;748.52;0.00;0.00;0.00
03.02.2021;4:27:36;2.50;36.48;8.33;748.53;0.00;0.00;0.00
03.02.2021;4:28:36;2.50;36.31;8.34;748.54;0.00;0.00;0.00
03.02.2021;4:29:36;2.50;36.21;8.34;748.56;0.00;0.00;0.00
03.02.2021;4:30:36;2.50;36.23;8.33;748.58;0.00;0.00;0.00
03.02.2021;4:31:36;2.50;36.22;8.33;748.60;0.00;0.00;0.00
03.02.2021;4:32:36;2.50;36.42;8.33;748.60;0.00;0.00;0.00
03.02.2021;4:33:36;2.50;36.44;8.34;748.58;0.00;0.00;0.00
03.02.2021;4:34:36;2.53;36.47;8.35;748.56;0.00;0.00;0.00
03.02.2021;4:35:36;2.50;36.37;8.35;748.55;0.00;0.00;0.00
03.02.2021;4:36:36;2.50;36.35;8.36;748.55;0.00;0.00;0.00
03.02.2021;4:37:36;2.53;36.32;8.37;748.55;0.00;0.00;0.00
03.02.2021;4:38:36;2.50;36.21;8.37;748.55;0.00;0.00;0.00
03.02.2021;4:39:36;2.50;36.33;8.38;748.54;0.00;0.00;0.00
03.02.2021;4:40:36;2.51;36.42;8.39;748.53;0.00;0.00;0.00
03.02.2021;4:41:36;2.50;36.35;8.39;748.51;0.00;0.00;0.00
03.02.2021;4:42:36;2.50;36.40;8.40;748.49;0.00;0.00;0.00
03.02.2021;4:43:36;2.50;36.38;8.41;748.47;0.00;0.00;0.00
03.02.2021;4:44:36;2.50;36.35;8.42;748.43;0.00;0.00;0.00
03.02.2021;4:45:36;2.50;36.35;8.43;748.43;0.00;0.00;0.00
03.02.2021;4:46:36;2.50;36.31;8.44;748.44;0.00;0.00;0.00
03.02.2021;4:47:36;2.50;36.28;8.44;748.45;0.00;0.00;0.00
03.02.2021;4:48:36;2.51;36.17;8.45;748.46;0.00;0.00;0.00
03.02.2021;4:49:36;2.50;36.32;8.46;748.46;0.00;0.00;0.00
03.02.2021;4:50:36;2.50;36.32;8.47;748.44;0.00;0.00;0.00
03.02.2021;4:51:36;2.53;36.37;8.48;748.41;0.00;0.00;0.00
03.02.2021;4:52:37;2.50;36.26;8.48;748.39;0.00;0.00;0.00
03.02.2021;4:53:37;2.50;36.24;8.49;748.38;0.00;0.00;0.00
03.02.2021;4:54:37;2.51;36.30;8.50;748.39;0.00;0.00;0.00
03.02.2021;4:55:37;2.50;36.29;8.50;748.39;0.00;0.00;0.00
03.02.2021;4:56:37;2.50;36.32;8.51;748.38;0.00;0.00;0.00
03.02.2021;4:57:37;2.50;36.31;8.52;748.38;0.00;0.00;0.00
03.02.2021;4:58:37;2.50;36.28;8.53;748.39;0.00;0.00;0.00
03.02.2021;4:59:37;2.50;36.23;8.53;748.38;0.00;0.00;0.00
03.02.2021;5:00:37;2.50;36.28;8.54;748.38;0.00;0.00;0.00
03.02.2021;5:01:37;2.50;36.22;8.54;748.39;0.00;0.00;0.00
03.02.2021;5:02:37;2.53;36.28;8.56;748.37;0.00;0.00;0.00
03.02.2021;5:03:37;2.50;36.22;8.57;748.37;0.00;0.00;0.00
03.02.2021;5:04:37;2.50;36.21;8.58;748.36;0.00;0.00;0.00
03.02.2021;5:05:37;2.53;36.21;8.59;748.36;0.00;0.00;0.00
03.02.2021;5:06:37;2.50;36.22;8.60;748.37;0.00;0.00;0.00
03.02.2021;5:07:37;2.50;36.18;8.60;748.37;0.00;0.00;0.00
03.02.2021;5:08:37;2.51;36.18;8.61;748.39;0.00;0.00;0.00
03.02.2021;5:09:37;2.50;36.17;8.62;748.39;0.00;0.00;0.00
03.02.2021;5:10:37;2.50;36.22;8.62;748.38;0.00;0.00;0.00
03.02.2021;5:11:37;2.50;36.16;8.62;748.38;0.00;0.00;0.00
03.02.2021;5:12:37;2.50;36.21;8.62;748.37;0.00;0.00;0.00
03.02.2021;5:13:37;2.50;36.20;8.62;748.37;0.00;0.00;0.00
03.02.2021;5:14:37;2.50;36.20;8.63;748.36;0.00;0.00;0.00
03.02.2021;5:15:37;2.50;36.23;8.64;748.36;0.00;0.00;0.00
03.02.2021;5:16:37;2.53;36.17;8.65;748.35;0.00;0.00;0.00
03.02.2021;5:17:37;2.50;36.09;8.65;748.35;0.00;0.00;0.00
03.02.2021;5:18:37;2.50;36.15;8.66;748.36;0.00;0.00;0.00
03.02.2021;5:19:37;2.53;36.19;8.67;748.36;0.00;0.00;0.00
03.02.2021;5:20:37;2.50;36.20;8.67;748.34;0.00;0.00;0.00
03.02.2021;5:21:37;2.50;36.20;8.68;748.34;0.00;0.00;0.00
03.02.2021;5:22:37;2.51;36.13;8.70;748.35;0.00;0.00;0.00
03.02.2021;5:23:37;2.50;36.13;8.70;748.35;0.00;0.00;0.00
03.02.2021;5:24:37;2.50;36.13;8.70;748.34;0.00;0.00;0.00
03.02.2021;5:25:37;2.50;36.21;8.71;748.33;0.00;0.00;0.00
03.02.2021;5:26:37;2.50;36.15;8.72;748.32;0.00;0.00;0.00
03.02.2021;5:27:37;2.50;36.15;8.72;748.30;0.00;0.00;0.00
03.02.2021;5:28:38;2.50;36.16;8.72;748.28;0.00;0.00;0.00
03.02.2021;5:29:38;2.50;36.15;8.73;748.27;0.00;0.00;0.00
03.02.2021;5:30:38;2.53;36.12;8.73;748.26;0.00;0.00;0.00
03.02.2021;5:31:38;2.50;36.18;8.74;748.25;0.00;0.00;0.00
03.02.2021;5:32:38;2.50;36.16;8.75;748.23;0.00;0.00;0.00
03.02.2021;5:33:38;2.53;36.11;8.76;748.21;0.00;0.00;0.00
03.02.2021;5:34:38;2.50;36.09;8.76;748.21;0.00;0.00;0.00
03.02.2021;5:35:38;2.50;36.06;8.76;748.20;0.00;0.00;0.00
03.02.2021;5:36:38;2.51;36.09;8.76;748.19;0.00;0.00;0.00
03.02.2021;5:37:38;2.50;36.12;8.76;748.17;0.00;0.00;0.00
03.02.2021;5:38:38;2.50;36.17;8.76;748.18;0.00;0.00;0.00
03.02.2021;5:39:38;2.50;36.14;8.77;748.17;0.00;0.00;0.00
03.02.2021;5:40:38;2.50;36.13;8.76;748.16;0.00;0.00;0.00
03.02.2021;5:41:38;2.50;36.09;8.76;748.16;0.00;0.00;0.00
03.02.2021;5:42:38;2.50;36.13;8.76;748.14;0.00;0.00;0.00
03.02.2021;5:43:38;2.50;36.13;8.76;748.14;0.00;0.00;0.00
03.02.2021;5:44:38;2.53;36.13;8.77;748.14;0.00;0.00;0.00
03.02.2021;5:45:38;2.50;36.14;8.76;748.13;0.00;0.00;0.00
03.02.2021;5:46:38;2.50;36.11;8.77;748.13;0.00;0.00;0.00
03.02.2021;5:47:38;2.53;36.15;8.77;748.14;0.00;0.00;0.00
03.02.2021;5:48:38;2.50;36.10;8.77;748.14;0.00;0.00;0.00
03.02.2021;5:49:38;2.50;36.06;8.77;748.15;0.00;0.00;0.00
03.02.2021;5:50:38;2.51;36.08;8.77;748.16;0.00;0.00;0.00
03.02.2021;5:51:38;2.50;36.11;8.76;748.17;0.00;0.00;0.00
03.02.2021;5:52:38;2.50;36.12;8.77;748.18;0.00;0.00;0.00
03.02.2021;5:53:38;2.50;36.22;8.77;748.17;0.00;0.00;0.00
03.02.2021;5:54:38;2.50;36.21;8.78;748.16;0.00;0.00;0.00
03.02.2021;5:55:38;2.50;36.23;8.78;748.14;0.00;0.00;0.00
03.02.2021;5:56:38;2.50;36.25;8.78;748.09;0.00;0.00;0.00
03.02.2021;5:57:38;2.50;36.27;8.78;748.05;0.00;0.00;0.00
03.02.2021;5:58:38;2.53;36.29;8.79;748.02;0.00;0.00;0.00
03.02.2021;5:59:38;2.50;36.26;8.79;748.00;0.00;0.00;0.00
03.02.2021;6:00:38;2.50;36.27;8.79;747.99;0.00;0.00;0.00
03.02.2021;6:01:38;2.53;36.26;8.80;747.96;0.00;0.00;0.00
03.02.2021;6:02:38;2.50;36.25;8.81;747.95;0.00;0.00;0.00
03.02.2021;6:03:38;2.50;36.21;8.83;747.94;0.00;0.00;0.00
03.02.2021;6:04:38;2.51;36.19;8.84;747.91;0.00;0.00;0.00
03.02.2021;6:05:39;2.50;36.17;8.84;747.88;0.00;0.00;0.00
03.02.2021;6:06:39;2.50;36.17;8.86;747.87;0.00;0.00;0.00
03.02.2021;6:07:39;2.50;36.12;8.87;747.83;0.00;0.00;0.00
03.02.2021;6:08:39;2.50;36.09;8.87;747.84;0.00;0.00;0.00
03.02.2021;6:09:39;2.50;36.10;8.86;747.86;0.00;0.00;0.00
03.02.2021;6:10:39;2.50;36.00;8.88;747.91;0.00;0.00;0.00
03.02.2021;6:11:39;2.50;35.99;8.87;747.96;0.00;0.00;0.00
03.02.2021;6:12:39;2.53;36.06;8.88;747.99;0.00;0.00;0.00
03.02.2021;6:13:39;2.50;36.08;8.89;748.00;0.00;0.00;0.00
03.02.2021;6:14:39;2.50;36.17;8.88;748.04;0.00;0.00;0.00
03.02.2021;6:15:39;2.53;36.18;8.89;748.08;0.00;0.00;0.00
03.02.2021;6:16:39;2.50;36.16;8.89;748.11;0.00;0.00;0.00
03.02.2021;6:17:39;2.50;36.17;8.90;748.13;0.00;0.00;0.00
03.02.2021;6:18:39;2.51;36.17;8.90;748.14;0.00;0.00;0.00
03.02.2021;6:19:39;2.50;36.16;8.91;748.12;0.00;0.00;0.00
03.02.2021;6:20:39;2.50;36.15;8.91;748.09;0.00;0.00;0.00
03.02.2021;6:21:39;2.50;36.20;8.91;748.09;0.00;0.00;0.00
03.02.2021;6:22:39;2.50;36.21;8.92;748.10;0.00;0.00;0.00
03.02.2021;6:23:39;2.50;36.15;8.93;748.10;0.00;0.00;0.00
03.02.2021;6:24:39;2.50;36.15;8.94;748.11;0.00;0.00;0.00
03.02.2021;6:25:39;2.50;36.14;8.94;748.13;0.00;0.00;0.00
03.02.2021;6:26:39;2.53;36.17;8.95;748.15;0.00;0.00;0.00
03.02.2021;6:27:39;2.50;36.14;8.96;748.14;0.00;0.00;0.00
03.02.2021;6:28:39;2.50;36.19;8.96;748.15;0.00;0.00;0.00
03.02.2021;6:29:39;2.53;36.14;8.97;748.15;0.00;0.00;0.00
03.02.2021;6:30:39;2.50;36.17;8.97;748.15;0.00;0.00;0.00
03.02.2021;6:31:39;2.50;36.13;8.98;748.15;0.00;0.00;0.00
03.02.2021;6:32:39;2.51;36.13;8.99;748.15;0.00;0.00;0.00
03.02.2021;6:33:39;2.50;36.18;8.98;748.13;0.00;0.00;0.00
03.02.2021;6:34:39;2.50;36.17;8.98;748.10;0.00;0.00;0.00
03.02.2021;6:35:39;2.50;36.17;8.99;748.08;0.00;0.00;0.00
03.02.2021;6:36:39;2.50;36.13;9.00;748.07;0.00;0.00;0.00
03.02.2021;6:37:39;2.50;36.15;8.99;748.07;0.00;0.00;0.00
03.02.2021;6:38:39;2.50;36.13;8.99;748.08;0.00;0.00;0.00
03.02.2021;6:39:39;2.50;36.18;9.00;748.07;0.00;0.00;0.00
03.02.2021;6:40:39;2.53;36.18;9.00;748.08;0.00;0.00;0.00
03.02.2021;6:41:40;2.50;36.17;9.00;748.07;0.00;0.00;0.00
03.02.2021;6:42:40;2.50;36.25;9.00;748.05;0.00;0.00;0.00
03.02.2021;6:43:40;2.53;36.22;9.01;748.03;0.00;0.00;0.00
03.02.2021;6:44:40;2.50;36.16;9.02;748.02;0.00;0.00;0.00
03.02.2021;6:45:40;2.51;36.20;9.02;748.01;0.00;0.00;0.00
03.02.2021;6:46:40;2.51;36.20;9.03;748.02;0.00;0.00;0.00
03.02.2021;6:47:40;2.54;36.18;9.03;748.03;0.00;0.00;0.00
03.02.2021;6:48:40;2.54;36.17;9.04;748.04;0.00;0.00;0.00
03.02.2021;6:49:40;2.58;36.15;9.04;748.05;0.00;0.00;0.00
03.02.2021;6:50:40;2.77;36.17;9.05;748.06;0.00;0.00;0.00
03.02.2021;6:51:40;2.92;36.19;9.05;748.06;0.00;0.00;0.00
03.02.2021;6:52:40;3.21;36.18;9.05;748.06;0.00;0.00;0.00
03.02.2021;6:53:40;3.31;36.15;9.07;748.06;0.00;0.00;0.00
03.02.2021;6:54:40;3.35;36.16;9.07;748.06;0.00;0.00;0.00
03.02.2021;6:55:40;3.33;36.23;9.08;748.06;0.00;0.00;0.00
03.02.2021;6:56:40;3.33;36.16;9.09;748.06;0.00;0.00;0.00
03.02.2021;6:57:40;3.35;36.16;9.10;748.06;0.00;0.00;0.00
03.02.2021;6:58:40;3.33;36.13;9.10;748.08;0.00;0.00;0.00
03.02.2021;6:59:40;3.33;36.15;9.10;748.07;0.00;0.00;0.00
03.02.2021;7:00:40;3.33;36.19;9.11;748.07;0.00;0.00;0.00
03.02.2021;7:01:40;3.33;36.15;9.11;748.07;0.00;0.00;0.00
03.02.2021;7:02:40;3.33;36.13;9.12;748.07;0.00;0.00;0.00
03.02.2021;7:03:40;3.33;36.14;9.12;748.07;0.00;0.00;0.00
03.02.2021;7:04:40;4.00;36.13;9.13;748.06;0.00;0.00;0.00
03.02.2021;7:05:40;4.17;36.13;9.13;748.08;0.00;0.00;0.00
03.02.2021;7:06:40;4.17;36.15;9.13;748.09;0.00;0.00;0.00
03.02.2021;7:07:40;4.17;36.16;9.14;748.10;0.00;0.00;0.00
03.02.2021;7:08:40;4.86;36.14;9.14;748.09;0.00;0.00;0.00
03.02.2021;7:09:40;5.00;36.15;9.14;748.11;0.00;0.00;0.00
03.02.2021;7:10:40;5.47;36.18;9.13;748.11;0.00;0.00;0.00
03.02.2021;7:11:40;5.89;36.22;9.14;748.11;0.00;0.00;0.00
03.02.2021;7:12:40;6.67;36.20;9.14;748.11;0.00;0.00;0.00
03.02.2021;7:13:40;7.40;36.21;9.14;748.10;0.00;0.00;0.00
03.02.2021;7:14:40;8.21;36.21;9.15;748.12;0.00;0.00;0.00
03.02.2021;7:15:40;8.99;36.14;9.16;748.12;0.00;0.00;0.00
03.02.2021;7:16:40;10.23;36.18;9.15;748.11;0.00;0.00;0.00
03.02.2021;7:17:41;11.35;36.20;9.15;748.10;0.00;0.00;0.00
03.02.2021;7:18:41;12.70;36.21;9.15;748.08;0.01;0.00;0.00
03.02.2021;7:19:41;14.26;36.23;9.15;748.08;0.03;0.00;0.00
03.02.2021;7:20:41;16.29;36.25;9.16;748.09;0.05;0.00;0.00
03.02.2021;7:21:41;18.04;36.26;9.17;748.10;0.06;0.00;0.00
03.02.2021;7:22:41;19.63;36.23;9.18;748.13;0.07;0.00;0.00
03.02.2021;7:23:41;21.97;36.25;9.19;748.16;0.09;0.00;0.00
03.02.2021;7:24:41;24.89;36.22;9.20;748.18;0.11;0.00;0.00
03.02.2021;7:25:41;27.99;36.21;9.21;748.18;0.13;0.00;0.00
03.02.2021;7:26:41;31.11;36.21;9.23;748.20;0.16;0.00;0.00
03.02.2021;7:27:41;35.08;36.12;9.25;748.21;0.19;0.00;0.00
03.02.2021;7:28:41;40.19;36.12;9.25;748.20;0.22;0.00;0.00
03.02.2021;7:29:41;47.56;36.10;9.26;748.19;0.27;0.00;0.00
03.02.2021;7:30:41;51.77;36.11;9.26;748.18;0.29;0.00;0.00
03.02.2021;7:31:41;57.43;36.13;9.27;748.18;0.32;0.00;0.00
03.02.2021;7:32:41;59.80;36.09;9.28;748.18;0.31;0.00;0.00
03.02.2021;7:33:41;62.18;36.09;9.28;748.18;0.30;0.00;0.00
03.02.2021;7:34:41;65.58;36.12;9.28;748.17;0.29;0.00;0.00
03.02.2021;7:35:41;69.75;36.12;9.29;748.17;0.30;0.00;0.00
03.02.2021;7:36:41;75.40;36.10;9.30;748.17;0.32;0.00;0.00
03.02.2021;7:37:41;75.83;36.08;9.31;748.19;0.31;0.00;0.00
03.02.2021;7:38:41;75.96;36.09;9.30;748.22;0.29;0.00;0.00
03.02.2021;7:39:41;78.97;36.10;9.30;748.22;0.29;0.00;0.00
03.02.2021;7:40:41;84.40;36.12;9.31;748.22;0.31;0.00;0.00
03.02.2021;7:41:41;89.56;36.08;9.32;748.21;0.33;0.00;0.00
03.02.2021;7:42:41;95.85;36.10;9.32;748.22;0.37;0.00;0.00
03.02.2021;7:43:41;100.53;36.07;9.32;748.23;0.39;0.00;0.00
03.02.2021;7:44:41;106.79;36.12;9.33;748.24;0.42;0.00;0.00
03.02.2021;7:45:41;109.71;36.11;9.34;748.24;0.40;-0.00;-0.00
03.02.2021;7:46:41;113.50;36.10;9.34;748.23;0.41;0.00;0.00
03.02.2021;7:47:41;119.69;36.15;9.34;748.22;0.42;0.01;0.00
03.02.2021;7:48:41;126.36;36.11;9.34;748.20;0.44;0.03;0.01
03.02.2021;7:49:42;137.12;36.11;9.34;748.20;0.49;0.14;0.07
03.02.2021;7:50:42;140.97;36.13;9.35;748.20;0.51;0.17;0.09
03.02.2021;7:51:42;146.91;36.15;9.35;748.22;0.53;0.20;0.10
03.02.2021;7:52:42;157.75;36.09;9.37;748.19;0.57;0.28;0.16
03.02.2021;7:53:42;165.35;36.07;9.37;748.16;0.59;0.30;0.18
03.02.2021;7:54:42;170.18;36.07;9.38;748.16;0.61;0.34;0.21
03.02.2021;7:55:42;177.33;36.08;9.38;748.16;0.64;0.38;0.24
03.02.2021;7:56:42;174.39;36.04;9.39;748.20;0.60;0.33;0.20
03.02.2021;7:57:42;174.58;36.09;9.39;748.22;0.58;0.29;0.17
03.02.2021;7:58:42;179.29;36.09;9.41;748.21;0.59;0.30;0.17
03.02.2021;7:59:42;188.29;36.03;9.42;748.17;0.61;0.33;0.20
03.02.2021;8:00:42;188.07;36.04;9.42;748.15;0.59;0.30;0.18
03.02.2021;8:01:42;196.61;36.01;9.43;748.15;0.61;0.34;0.21
03.02.2021;8:02:42;208.97;36.01;9.44;748.14;0.65;0.40;0.26
03.02.2021;8:03:42;217.66;36.00;9.44;748.15;0.68;0.44;0.30
03.02.2021;8:04:42;229.17;36.03;9.45;748.15;0.72;0.50;0.36
03.02.2021;8:05:42;248.10;36.01;9.47;748.15;0.79;0.62;0.49
03.02.2021;8:06:42;256.05;35.97;9.48;748.16;0.82;0.67;0.55
03.02.2021;8:07:42;255.90;36.00;9.48;748.17;0.82;0.68;0.56
03.02.2021;8:08:42;265.85;36.00;9.49;748.18;0.86;0.74;0.64
03.02.2021;8:09:42;282.63;35.98;9.50;748.18;0.92;0.82;0.76
03.02.2021;8:10:42;295.47;35.96;9.52;748.17;0.95;0.89;0.85
03.02.2021;8:11:42;303.86;35.96;9.53;748.16;0.97;0.92;0.89
03.02.2021;8:12:42;306.94;35.93;9.55;748.15;0.98;0.94;0.92
03.02.2021;8:13:42;313.73;35.92;9.55;748.14;1.00;0.96;0.96
03.02.2021;8:14:42;322.31;35.90;9.56;748.16;1.02;1.00;1.01
03.02.2021;8:15:42;316.14;35.87;9.57;748.16;0.99;0.95;0.93
03.02.2021;8:16:42;297.14;35.88;9.58;748.17;0.91;0.82;0.75
03.02.2021;8:17:42;290.62;35.84;9.59;748.18;0.88;0.77;0.68
03.02.2021;8:18:42;286.50;35.86;9.59;748.20;0.87;0.75;0.65
03.02.2021;8:19:42;294.24;35.85;9.60;748.21;0.89;0.78;0.70
03.02.2021;8:20:43;308.43;35.86;9.60;748.19;0.93;0.85;0.79
03.02.2021;8:21:43;325.76;35.86;9.62;748.19;0.97;0.92;0.89
03.02.2021;8:22:43;344.15;35.82;9.63;748.17;1.03;1.03;1.06
03.02.2021;8:23:43;377.08;35.83;9.63;748.17;1.15;1.22;1.41
03.02.2021;8:24:43;421.75;35.85;9.65;748.17;1.31;1.49;1.97
03.02.2021;8:25:43;449.58;35.79;9.67;748.17;1.41;1.64;2.31
03.02.2021;8:26:43;454.00;35.78;9.69;748.16;1.41;1.65;2.32
03.02.2021;8:27:43;502.18;35.72;9.71;748.15;1.55;1.87;2.91
03.02.2021;8:28:43;522.28;35.72;9.73;748.16;1.61;1.99;3.20
03.02.2021;8:29:43;534.96;35.70;9.75;748.18;1.65;2.04;3.36
03.02.2021;8:30:43;553.80;35.66;9.77;748.20;1.71;2.11;3.60
03.02.2021;8:31:43;587.43;35.65;9.80;748.20;1.81;2.18;3.93
03.02.2021;8:32:43;603.91;35.62;9.83;748.20;1.85;2.27;4.19
03.02.2021;8:33:43;594.64;35.54;9.86;748.19;1.80;2.20;3.96
03.02.2021;8:34:43;577.72;35.50;9.87;748.17;1.74;2.11;3.69
03.02.2021;8:35:43;554.84;35.50;9.88;748.19;1.67;2.07;3.46
03.02.2021;8:36:43;545.44;35.49;9.88;748.17;1.64;2.02;3.30
03.02.2021;8:37:43;545.75;35.52;9.89;748.15;1.63;2.01;3.27
03.02.2021;8:38:43;570.69;35.45;9.92;748.12;1.69;2.09;3.54
03.02.2021;8:39:43;592.74;35.39;9.94;748.09;1.75;2.12;3.71
03.02.2021;8:40:43;609.71;35.41;9.95;748.08;1.79;2.18;3.90
03.02.2021;8:41:43;607.17;35.34;9.98;748.09;1.78;2.15;3.83
03.02.2021;8:42:43;593.55;35.27;9.99;748.08;1.74;2.11;3.67
03.02.2021;8:43:43;605.99;35.25;10.00;748.11;1.77;2.15;3.80
03.02.2021;8:44:43;660.10;35.23;10.02;748.10;1.91;2.39;4.55
03.02.2021;8:45:43;654.94;35.24;10.05;748.12;1.89;2.35;4.46
03.02.2021;8:46:43;636.49;35.31;10.07;748.11;1.83;2.25;4.13
03.02.2021;8:47:43;621.34;35.18;10.09;748.09;1.78;2.16;3.84
03.02.2021;8:48:43;660.93;35.22;10.12;748.06;1.88;2.34;4.39
03.02.2021;8:49:43;633.12;35.10;10.13;748.07;1.79;2.18;3.90
03.02.2021;8:50:43;634.42;35.02;10.13;748.09;1.79;2.18;3.91
03.02.2021;8:51:44;613.29;35.03;10.13;748.12;1.74;2.12;3.68
03.02.2021;8:52:44;593.71;35.07;10.12;748.14;1.68;2.09;3.53
03.02.2021;8:53:44;588.68;35.07;10.13;748.16;1.67;2.08;3.49
03.02.2021;8:54:44;601.61;35.03;10.14;748.17;1.71;2.10;3.59
03.02.2021;8:55:44;622.47;35.02;10.14;748.18;1.76;2.13;3.75
03.02.2021;8:56:44;631.51;35.04;10.14;748.18;1.78;2.16;3.84
03.02.2021;8:57:44;652.15;35.03;10.14;748.19;1.83;2.24;4.09
03.02.2021;8:58:44;677.21;35.04;10.14;748.18;1.89;2.35;4.44
03.02.2021;8:59:44;694.53;35.05;10.16;748.18;1.93;2.44;4.72
03.02.2021;9:00:44;715.83;35.02;10.17;748.17;1.98;2.53;5.02
03.02.2021;9:01:44;747.84;35.02;10.18;748.17;2.06;2.68;5.53
03.02.2021;9:02:44;767.36;35.01;10.20;748.16;2.10;2.74;5.76
03.02.2021;9:03:44;802.35;34.97;10.22;748.18;2.18;2.90;6.33
03.02.2021;9:04:44;844.45;35.01;10.24;748.19;2.28;3.05;6.97
03.02.2021;9:05:44;885.90;34.93;10.27;748.18;2.37;3.20;7.60
03.02.2021;9:06:44;959.93;34.91;10.30;748.16;2.54;3.49;8.87
03.02.2021;9:07:44;952.68;34.92;10.34;748.16;2.53;3.46;8.74
03.02.2021;9:08:44;949.69;34.80;10.36;748.15;2.52;3.45;8.70
03.02.2021;9:09:44;989.28;34.80;10.40;748.13;2.59;3.56;9.24
03.02.2021;9:10:44;965.96;34.78;10.42;748.13;2.54;3.48;8.83
03.02.2021;9:11:44;960.18;34.69;10.45;748.16;2.52;3.44;8.66
03.02.2021;9:12:44;943.92;34.61;10.47;748.17;2.48;3.37;8.37
03.02.2021;9:13:44;965.35;34.61;10.49;748.15;2.52;3.43;8.65
03.02.2021;9:14:44;973.74;34.58;10.51;748.11;2.53;3.47;8.76
03.02.2021;9:15:44;995.81;34.52;10.53;748.09;2.57;3.53;9.06
03.02.2021;9:16:44;1032.49;34.56;10.55;748.07;2.64;3.65;9.66
03.02.2021;9:17:44;1047.89;34.50;10.59;748.06;2.67;3.69;9.86
03.02.2021;9:18:44;994.21;34.49;10.64;748.03;2.55;3.50;8.95
03.02.2021;9:19:45;972.72;34.31;10.66;748.03;2.51;3.44;8.64
03.02.2021;9:20:45;980.76;34.24;10.65;748.04;2.54;3.48;8.84
03.02.2021;9:21:45;996.51;34.30;10.66;748.03;2.57;3.51;9.02
03.02.2021;9:22:45;985.75;34.30;10.66;748.04;2.53;3.46;8.76
03.02.2021;9:23:45;920.45;34.23;10.66;748.05;2.39;3.23;7.71
03.02.2021;9:24:45;901.50;34.25;10.65;748.06;2.34;3.15;7.37
03.02.2021;9:25:45;891.50;34.27;10.65;748.10;2.32;3.12;7.23
03.02.2021;9:26:45;902.92;34.29;10.65;748.09;2.34;3.15;7.37
03.02.2021;9:27:45;942.71;34.33;10.68;748.07;2.42;3.29;7.98
03.02.2021;9:28:45;962.30;34.30;10.70;748.03;2.46;3.34;8.22
03.02.2021;9:29:45;977.94;34.23;10.72;748.00;2.49;3.41;8.49
03.02.2021;9:30:45;974.89;34.25;10.73;747.98;2.48;3.39;8.41
03.02.2021;9:31:45;978.65;34.18;10.76;747.97;2.48;3.38;8.39
03.02.2021;9:32:45;1007.19;34.16;10.78;747.96;2.54;3.48;8.84
03.02.2021;9:33:45;1038.73;34.11;10.77;747.96;2.59;3.56;9.23
03.02.2021;9:34:45;1047.72;34.16;10.81;747.94;2.60;3.59;9.34
03.02.2021;9:35:45;1126.91;34.06;10.86;747.93;2.75;3.84;10.55
03.02.2021;9:36:45;1349.90;34.02;10.91;747.88;3.17;4.52;14.34
03.02.2021;9:37:45;1382.89;33.98;10.99;747.85;3.21;4.59;14.72
03.02.2021;9:38:45;1531.43;33.83;11.05;747.83;3.43;4.95;16.96
03.02.2021;9:39:45;1748.86;33.73;11.12;747.82;3.71;5.42;20.12
03.02.2021;9:40:45;1789.79;33.63;11.22;747.85;3.75;5.49;20.60
03.02.2021;9:41:45;1737.96;33.58;11.30;747.89;3.69;5.38;19.86
03.02.2021;9:42:45;1875.99;33.43;11.37;747.91;3.84;5.62;21.58
03.02.2021;9:43:45;1872.14;33.34;11.49;747.92;3.82;5.61;21.45
03.02.2021;9:44:45;1834.97;33.16;11.56;747.95;3.78;5.53;20.89
03.02.2021;9:45:46;1859.46;33.00;11.62;747.97;3.80;5.57;21.18
03.02.2021;9:46:46;1893.11;32.89;11.67;747.96;3.83;5.62;21.55
03.02.2021;9:47:46;1980.95;32.81;11.71;747.96;3.93;5.77;22.65
03.02.2021;9:48:46;1969.93;32.72;11.81;747.97;3.91;5.76;22.52
03.02.2021;9:49:46;1985.54;32.59;11.85;747.99;3.93;5.77;22.67
03.02.2021;9:50:46;1905.31;32.51;11.91;748.01;3.85;5.65;21.77
03.02.2021;9:51:46;1655.99;32.41;11.95;748.00;3.56;5.18;18.45
03.02.2021;9:52:46;1596.65;32.39;11.97;747.99;3.49;5.07;17.70
03.02.2021;9:53:46;1534.08;32.30;11.97;747.97;3.41;4.92;16.79
03.02.2021;9:54:46;1389.07;32.22;11.96;747.97;3.18;4.55;14.48
03.02.2021;9:55:46;1265.17;32.25;11.92;747.98;2.96;4.18;12.38
03.02.2021;9:56:46;1340.85;32.22;11.88;747.94;3.09;4.39;13.57
03.02.2021;9:57:46;1412.43;32.27;11.85;747.93;3.21;4.60;14.77
03.02.2021;9:58:46;1433.76;32.24;11.83;747.94;3.25;4.64;15.09
03.02.2021;9:59:46;1404.43;32.29;11.79;747.94;3.20;4.59;14.69
03.02.2021;10:00:46;1655.61;32.33;11.79;747.94;3.54;5.13;18.17
03.02.2021;10:01:46;1986.99;32.35;11.84;747.93;3.93;5.78;22.75
03.02.2021;10:02:46;1913.01;32.34;11.93;747.91;3.86;5.65;21.79
03.02.2021;10:03:46;1894.72;32.24;11.97;747.91;3.83;5.62;21.53
03.02.2021;10:04:46;1804.20;32.21;12.02;747.93;3.74;5.47;20.43
03.02.2021;10:05:46;1911.53;32.13;12.05;747.91;3.84;5.63;21.63
03.02.2021;10:06:46;1897.26;32.10;12.11;747.88;3.81;5.58;21.26
03.02.2021;10:07:46;1808.81;31.99;12.11;747.87;3.70;5.41;20.03
03.02.2021;10:08:46;1663.61;31.97;12.12;747.90;3.54;5.14;18.20
03.02.2021;10:09:46;1384.96;31.94;12.07;747.91;3.14;4.48;14.06
03.02.2021;10:10:47;1318.15;31.99;12.02;747.89;3.03;4.30;13.02
03.02.2021;10:11:47;1353.24;32.03;12.00;747.87;3.09;4.40;13.62
03.02.2021;10:12:47;1473.56;32.09;11.98;747.85;3.27;4.70;15.38
03.02.2021;10:13:47;1848.07;32.07;12.00;747.85;3.74;5.48;20.53
03.02.2021;10:14:47;2275.62;32.04;12.06;747.85;4.13;6.11;25.24
03.02.2021;10:15:47;2511.57;31.96;12.20;747.84;4.28;6.37;27.28
03.02.2021;10:16:47;2512.60;31.81;12.34;747.81;4.27;6.34;27.04
03.02.2021;10:17:47;2572.67;31.74;12.43;747.81;4.30;6.39;27.51
03.02.2021;10:18:47;2723.86;31.64;12.54;747.81;4.40;6.55;28.77
03.02.2021;10:19:47;2530.57;31.49;12.63;747.80;4.28;6.37;27.24
03.02.2021;10:20:47;2481.90;31.32;12.70;747.79;4.25;6.32;26.88
03.02.2021;10:21:47;2141.71;31.19;12.72;747.78;3.99;5.88;23.45
03.02.2021;10:22:47;1748.76;31.18;12.69;747.78;3.58;5.23;18.70
03.02.2021;10:23:47;1659.42;31.19;12.66;747.78;3.47;5.02;17.41
03.02.2021;10:24:47;1678.70;31.13;12.62;747.79;3.49;5.08;17.75
03.02.2021;10:25:47;1648.18;31.20;12.59;747.79;3.46;5.02;17.38
03.02.2021;10:26:47;1752.53;31.17;12.54;747.79;3.58;5.21;18.66
03.02.2021;10:27:47;1937.79;31.21;12.53;747.78;3.79;5.55;21.01
03.02.2021;10:28:47;2123.28;31.25;12.57;747.81;3.97;5.85;23.22
03.02.2021;10:29:47;2125.58;31.25;12.60;747.80;3.96;5.84;23.11
03.02.2021;10:30:47;1993.07;31.21;12.63;747.80;3.85;5.65;21.73
03.02.2021;10:31:47;2020.38;31.19;12.64;747.80;3.88;5.70;22.08
03.02.2021;10:32:47;1994.65;31.17;12.67;747.82;3.85;5.65;21.74
03.02.2021;10:33:47;2070.82;31.10;12.71;747.81;3.92;5.77;22.60
03.02.2021;10:34:48;2094.46;31.08;12.76;747.82;3.93;5.79;22.76
03.02.2021;10:35:48;2109.75;31.02;12.81;747.82;3.95;5.82;22.97
03.02.2021;10:36:48;1952.67;30.98;12.82;747.82;3.80;5.58;21.21
03.02.2021;10:37:48;1980.81;30.90;12.83;747.80;3.82;5.60;21.42
03.02.2021;10:38:48;2137.07;30.86;12.84;747.80;3.97;5.85;23.22
03.02.2021;10:39:48;2171.92;30.87;12.88;747.81;4.01;5.92;23.75
03.02.2021;10:40:48;1835.68;30.80;12.90;747.82;3.67;5.35;19.61
03.02.2021;10:41:48;1987.25;30.80;12.88;747.86;3.84;5.64;21.68
03.02.2021;10:42:48;1684.11;30.87;12.85;747.89;3.50;5.10;17.87
03.02.2021;10:43:48;1792.39;30.88;12.80;747.90;3.62;5.28;19.12
03.02.2021;10:44:48;2081.65;30.87;12.82;747.90;3.92;5.76;22.55
03.02.2021;10:45:48;2126.57;30.81;12.86;747.91;3.94;5.81;22.93
03.02.2021;10:46:48;1898.16;30.84;12.87;747.92;3.73;5.45;20.34
03.02.2021;10:47:48;1740.44;30.83;12.85;747.93;3.56;5.18;18.45
03.02.2021;10:48:48;1723.28;30.84;12.82;747.92;3.54;5.14;18.20
03.02.2021;10:49:48;1719.69;30.97;12.75;747.90;3.53;5.14;18.17
03.02.2021;10:50:48;1969.90;30.99;12.77;747.90;3.79;5.55;21.02
03.02.2021;10:51:48;2370.61;31.32;12.83;747.86;4.14;6.13;25.36
03.02.2021;10:52:48;2489.51;31.32;12.93;747.84;4.21;6.24;26.30
03.02.2021;10:53:48;2790.73;31.33;13.06;747.82;4.40;6.55;28.83
03.02.2021;10:54:48;3081.26;31.28;13.23;747.82;4.53;6.78;30.75
03.02.2021;10:55:48;2734.15;31.09;13.39;747.82;4.33;6.44;27.91
03.02.2021;10:56:48;2147.88;31.00;13.42;747.83;3.94;5.80;22.82
03.02.2021;10:57:48;2169.07;31.08;13.43;747.82;3.95;5.82;23.03
03.02.2021;10:58:49;2222.84;31.05;13.49;747.81;3.99;5.89;23.55
03.02.2021;10:59:49;2480.62;31.03;13.57;747.80;4.17;6.19;25.81
03.02.2021;11:00:49;2818.88;30.91;13.67;747.79;4.37;6.51;28.41
03.02.2021;11:01:49;3385.76;30.81;13.86;747.79;4.62;6.94;32.09
03.02.2021;11:02:49;3281.06;30.52;14.04;747.76;4.57;6.86;31.40
03.02.2021;11:03:49;3120.35;30.34;14.18;747.73;4.50;6.73;30.28
03.02.2021;11:04:49;3146.71;30.13;14.30;747.71;4.51;6.75;30.43
03.02.2021;11:05:49;3046.25;29.96;14.40;747.68;4.46;6.67;29.75
03.02.2021;11:06:49;2986.67;29.88;14.47;747.66;4.43;6.62;29.37
03.02.2021;11:07:49;2875.83;29.72;14.54;747.66;4.38;6.54;28.64
03.02.2021;11:08:49;2781.19;29.64;14.61;747.67;4.33;6.45;27.91
03.02.2021;11:09:49;2640.90;29.56;14.66;747.67;4.25;6.33;26.88
03.02.2021;11:10:49;2633.04;29.50;14.67;747.67;4.25;6.32;26.86
03.02.2021;11:11:49;2504.38;29.56;14.70;747.67;4.17;6.18;25.77
03.02.2021;11:12:49;2384.58;29.56;14.75;747.67;4.09;6.07;24.83
03.02.2021;11:13:49;2563.12;29.41;14.79;747.66;4.20;6.24;26.19
03.02.2021;11:14:49;3130.39;29.30;14.91;747.65;4.50;6.73;30.27
03.02.2021;11:15:49;3210.07;29.10;15.05;747.66;4.54;6.79;30.82
03.02.2021;11:16:49;3013.81;28.94;15.15;747.68;4.46;6.65;29.65
03.02.2021;11:17:49;2839.19;28.84;15.21;747.69;4.37;6.51;28.47
03.02.2021;11:18:49;2770.27;28.74;15.25;747.69;4.33;6.45;27.96
03.02.2021;11:19:49;2648.31;28.70;15.26;747.69;4.26;6.33;26.97
03.02.2021;11:20:49;2520.95;28.67;15.27;747.73;4.20;6.22;26.11
03.02.2021;11:21:49;2144.31;28.76;15.21;747.78;3.93;5.77;22.67
03.02.2021;11:22:50;2078.11;28.83;15.16;747.82;3.87;5.67;21.98
03.02.2021;11:23:50;2067.85;28.91;15.14;747.79;3.86;5.66;21.87
03.02.2021;11:24:50;1753.14;29.03;15.08;747.81;3.53;5.11;18.04
03.02.2021;11:25:50;1698.74;29.05;15.02;747.80;3.46;5.01;17.34
03.02.2021;11:26:50;1867.14;29.13;14.98;747.77;3.64;5.30;19.30
03.02.2021;11:27:50;1990.50;29.16;14.99;747.76;3.78;5.53;20.90
03.02.2021;11:28:50;1992.66;29.36;14.98;747.78;3.79;5.55;21.02
03.02.2021;11:29:50;2015.44;29.44;15.00;747.81;3.82;5.60;21.37
03.02.2021;11:30:50;1855.55;29.42;15.01;747.83;3.66;5.33;19.47
03.02.2021;11:31:50;1786.64;29.36;15.01;747.85;3.57;5.19;18.51
03.02.2021;11:32:50;1936.28;29.39;15.01;747.81;3.72;5.45;20.28
03.02.2021;11:33:50;2218.43;29.34;15.05;747.78;3.98;5.86;23.33
03.02.2021;11:34:50;2069.85;29.31;15.10;747.79;3.85;5.64;21.72
03.02.2021;11:35:50;1726.62;29.29;15.09;747.77;3.48;5.04;17.51
03.02.2021;11:36:50;1719.19;29.42;15.07;747.71;3.46;5.01;17.32
03.02.2021;11:37:50;1799.76;29.29;15.05;747.69;3.56;5.17;18.40
03.02.2021;11:38:50;2007.50;29.21;15.03;747.67;3.78;5.53;20.94
03.02.2021;11:39:50;2131.60;29.18;15.03;747.67;3.89;5.71;22.21
03.02.2021;11:40:50;2257.80;29.19;15.02;747.65;3.99;5.87;23.42
03.02.2021;11:41:50;2326.22;29.14;15.05;747.64;4.04;5.96;24.07
03.02.2021;11:42:50;2449.22;29.22;15.07;747.60;4.13;6.10;25.17
03.02.2021;11:43:50;2369.46;29.37;15.09;747.58;4.07;6.02;24.51
03.02.2021;11:44:50;2258.32;29.32;15.10;747.57;3.99;5.89;23.55
03.02.2021;11:45:51;2230.64;29.42;15.10;747.57;3.98;5.86;23.28
03.02.2021;11:46:51;2153.11;29.38;15.11;747.57;3.91;5.75;22.50
03.02.2021;11:47:51;2006.54;29.36;15.08;747.55;3.78;5.53;20.92
03.02.2021;11:48:51;1839.65;29.36;15.04;747.54;3.63;5.28;19.15
03.02.2021;11:49:51;1738.81;29.44;14.98;747.54;3.52;5.10;17.93
03.02.2021;11:50:51;1575.10;29.53;14.92;747.53;3.31;4.76;15.75
03.02.2021;11:51:51;1444.63;29.51;14.85;747.56;3.14;4.46;13.98
03.02.2021;11:52:51;1368.88;29.65;14.77;747.62;3.02;4.28;12.94
03.02.2021;11:53:51;1423.44;29.81;14.68;747.62;3.09;4.39;13.58
03.02.2021;11:54:51;1629.47;29.95;14.63;747.58;3.38;4.88;16.47
03.02.2021;11:55:51;1847.39;30.19;14.60;747.57;3.63;5.29;19.23
03.02.2021;11:56:51;2012.25;30.32;14.62;747.52;3.79;5.56;21.11
03.02.2021;11:57:51;2105.58;30.31;14.63;747.47;3.88;5.68;22.02
03.02.2021;11:58:51;2054.74;30.35;14.66;747.43;3.84;5.63;21.59
03.02.2021;11:59:51;1899.60;30.33;14.65;747.50;3.69;5.40;19.95
03.02.2021;12:00:51;2012.46;30.42;14.62;747.55;3.79;5.55;21.06
03.02.2021;12:01:51;2169.75;30.55;14.63;747.53;3.92;5.76;22.56
03.02.2021;12:02:51;2805.18;30.58;14.70;747.54;4.31;6.39;27.51
03.02.2021;12:03:51;3124.21;30.52;14.83;747.58;4.48;6.67;29.86
03.02.2021;12:04:51;2824.76;30.52;14.92;747.65;4.34;6.45;27.97
03.02.2021;12:05:51;2724.22;30.61;14.96;747.68;4.28;6.36;27.26
03.02.2021;12:06:51;2699.92;30.65;15.04;747.59;4.26;6.32;26.95
03.02.2021;12:07:51;2927.13;30.46;15.12;747.58;4.37;6.51;28.45
03.02.2021;12:08:52;3213.33;30.51;15.21;747.57;4.49;6.71;30.17
03.02.2021;12:09:52;3387.63;30.34;15.29;747.56;4.55;6.80;30.98
03.02.2021;12:10:52;3474.49;30.32;15.37;747.58;4.58;6.87;31.48
03.02.2021;12:11:52;4318.51;30.18;15.52;747.57;4.80;7.23;34.73
03.02.2021;12:12:52;4662.26;29.96;15.76;747.56;4.89;7.37;36.02
03.02.2021;12:13:52;4050.22;29.75;15.89;747.59;4.75;7.15;33.94
03.02.2021;12:14:52;3781.43;29.68;15.95;747.63;4.67;7.04;32.90
03.02.2021;12:15:52;3509.35;29.60;15.98;747.65;4.58;6.88;31.54
03.02.2021;12:16:52;3577.04;29.56;16.02;747.62;4.61;6.91;31.84
03.02.2021;12:17:52;3329.35;29.50;16.06;747.63;4.52;6.77;30.58
03.02.2021;12:18:52;3149.43;29.48;16.07;747.65;4.45;6.66;29.60
03.02.2021;12:19:52;3237.23;29.57;16.08;747.63;4.48;6.71;30.05
03.02.2021;12:20:52;3354.29;29.44;16.12;747.64;4.53;6.79;30.79
03.02.2021;12:21:52;2943.43;29.35;16.11;747.63;4.36;6.52;28.46
03.02.2021;12:22:52;2418.43;29.35;16.03;747.63;4.07;6.02;24.51
03.02.2021;12:23:52;2153.94;29.47;15.91;747.63;3.87;5.70;22.05
03.02.2021;12:24:52;2093.87;29.70;15.82;747.61;3.82;5.61;21.44
03.02.2021;12:25:52;2050.85;29.87;15.73;747.57;3.79;5.56;21.04
03.02.2021;12:26:52;1902.85;30.00;15.62;747.55;3.65;5.35;19.54
03.02.2021;12:27:52;1890.75;30.02;15.56;747.55;3.64;5.32;19.36
03.02.2021;12:28:52;1927.37;30.14;15.50;747.54;3.67;5.39;19.79
03.02.2021;12:29:52;1919.56;30.15;15.45;747.53;3.66;5.37;19.69
03.02.2021;12:30:52;1900.19;30.33;15.37;747.54;3.64;5.34;19.44
03.02.2021;12:31:53;1935.44;30.80;15.26;747.54;3.67;5.39;19.79
03.02.2021;12:32:53;1957.96;30.86;15.29;747.51;3.69;5.40;19.92
03.02.2021;12:33:53;2145.35;30.76;15.28;747.50;3.84;5.64;21.65
03.02.2021;12:34:53;2397.73;30.72;15.33;747.46;4.02;5.94;23.86
03.02.2021;12:35:53;2603.72;30.71;15.37;747.44;4.15;6.16;25.60
03.02.2021;12:36:53;2840.18;30.70;15.42;747.44;4.29;6.38;27.37
03.02.2021;12:37:53;3164.93;30.57;15.54;747.43;4.45;6.66;29.66
03.02.2021;12:38:53;3215.65;30.45;15.64;747.41;4.48;6.71;30.07
03.02.2021;12:39:53;3161.12;30.35;15.73;747.41;4.47;6.69;29.92
03.02.2021;12:40:53;2904.78;30.23;15.78;747.38;4.35;6.50;28.25
03.02.2021;12:41:53;2728.60;30.22;15.81;747.37;4.25;6.33;26.88
03.02.2021;12:42:53;2603.90;30.12;15.80;747.37;4.18;6.22;25.98
03.02.2021;12:43:53;2485.06;30.15;15.77;747.38;4.11;6.09;25.04
03.02.2021;12:44:53;2308.14;30.19;15.74;747.38;3.98;5.88;23.44
03.02.2021;12:45:53;2215.90;30.22;15.68;747.41;3.91;5.77;22.52
03.02.2021;12:46:53;2136.57;30.48;15.62;747.41;3.84;5.65;21.67
03.02.2021;12:47:53;2101.78;30.44;15.63;747.43;3.82;5.62;21.50
03.02.2021;12:48:53;2013.90;30.54;15.62;747.46;3.76;5.51;20.72
03.02.2021;12:49:53;2068.92;30.53;15.60;747.46;3.81;5.60;21.36
03.02.2021;12:50:53;2064.19;30.53;15.59;747.47;3.82;5.61;21.42
03.02.2021;12:51:53;2059.10;30.51;15.57;747.46;3.81;5.60;21.34
03.02.2021;12:52:53;2072.15;30.57;15.54;747.49;3.83;5.61;21.45
03.02.2021;12:53:53;2110.25;30.56;15.50;747.48;3.85;5.67;21.84
03.02.2021;12:54:53;2055.19;30.58;15.46;747.46;3.81;5.61;21.33
03.02.2021;12:55:54;1969.11;30.71;15.41;747.46;3.72;5.45;20.28
03.02.2021;12:56:54;2001.67;30.74;15.38;747.46;3.75;5.49;20.59
03.02.2021;12:57:54;1956.56;30.86;15.37;747.47;3.71;5.42;20.11
03.02.2021;12:58:54;1963.33;30.92;15.32;747.46;3.72;5.45;20.30
03.02.2021;12:59:54;1910.97;31.00;15.28;747.46;3.67;5.39;19.79
03.02.2021;13:00:54;1954.04;31.10;15.26;747.43;3.71;5.43;20.12
03.02.2021;13:01:54;1984.59;31.03;15.23;747.40;3.72;5.45;20.30
03.02.2021;13:02:54;1948.47;31.14;15.23;747.38;3.67;5.37;19.69
03.02.2021;13:03:54;1975.09;31.17;15.21;747.37;3.67;5.39;19.81
03.02.2021;13:04:54;2012.99;31.19;15.21;747.36;3.72;5.44;20.22
03.02.2021;13:05:54;2095.48;31.29;15.20;747.36;3.79;5.56;21.04
03.02.2021;13:06:54;2159.11;31.34;15.18;747.33;3.85;5.65;21.74
03.02.2021;13:07:54;2264.38;31.40;15.18;747.31;3.94;5.81;22.91
03.02.2021;13:08:54;2348.22;31.53;15.20;747.30;4.01;5.92;23.72
03.02.2021;13:09:54;2372.83;31.60;15.24;747.29;4.04;5.98;24.14
03.02.2021;13:10:54;2319.45;31.50;15.28;747.26;4.00;5.91;23.63
03.02.2021;13:11:54;2389.75;31.58;15.30;747.25;4.05;6.01;24.36
03.02.2021;13:12:54;2379.78;31.45;15.34;747.25;4.04;5.99;24.18
03.02.2021;13:13:54;2388.47;31.41;15.38;747.25;4.05;6.00;24.28
03.02.2021;13:14:54;2499.57;31.28;15.42;747.24;4.12;6.11;25.18
03.02.2021;13:15:54;2562.57;31.27;15.44;747.23;4.17;6.20;25.87
03.02.2021;13:16:54;2489.89;31.41;15.41;747.23;4.13;6.12;25.24
03.02.2021;13:17:54;2465.46;31.33;15.42;747.22;4.11;6.09;25.01
03.02.2021;13:18:55;2358.98;31.36;15.45;747.21;4.04;5.99;24.22
03.02.2021;13:19:55;2163.90;31.43;15.45;747.20;3.89;5.74;22.33
03.02.2021;13:20:55;1949.18;31.51;15.43;747.20;3.69;5.42;20.01
03.02.2021;13:21:55;1812.22;31.62;15.33;747.20;3.54;5.16;18.26
03.02.2021;13:22:55;1679.90;31.86;15.29;747.18;3.38;4.90;16.57
03.02.2021;13:23:55;1606.34;31.96;15.29;747.16;3.29;4.73;15.55
03.02.2021;13:24:55;1543.28;32.12;15.24;747.14;3.18;4.57;14.53
03.02.2021;13:25:55;1521.99;32.12;15.21;747.12;3.13;4.47;14.01
03.02.2021;13:26:55;1630.51;32.21;15.20;747.12;3.31;4.77;15.78
03.02.2021;13:27:55;1647.64;32.26;15.19;747.09;3.32;4.78;15.88
03.02.2021;13:28:55;1731.43;32.40;15.20;747.06;3.42;4.96;17.00
03.02.2021;13:29:55;1814.83;32.75;15.20;747.05;3.51;5.10;17.88
03.02.2021;13:30:55;1855.30;33.03;15.21;747.05;3.52;5.12;18.01
03.02.2021;13:31:55;2090.29;32.99;15.25;747.04;3.78;5.56;21.02
03.02.2021;13:32:55;2153.32;32.94;15.30;747.02;3.88;5.72;22.18
03.02.2021;13:33:55;2055.56;33.11;15.31;747.01;3.78;5.54;20.95
03.02.2021;13:34:55;2029.51;32.84;15.39;747.00;3.74;5.48;20.50
03.02.2021;13:35:55;1943.67;32.85;15.42;746.98;3.64;5.32;19.39
03.02.2021;13:36:55;1854.96;32.84;15.42;746.95;3.53;5.14;18.13
03.02.2021;13:37:55;1790.95;32.72;15.42;746.93;3.43;4.98;17.06
03.02.2021;13:38:55;1809.93;32.80;15.39;746.93;3.45;5.02;17.29
03.02.2021;13:39:55;1904.65;32.74;15.39;746.92;3.57;5.21;18.62
03.02.2021;13:40:55;1999.19;32.65;15.43;746.92;3.68;5.39;19.85
03.02.2021;13:41:56;2122.78;32.80;15.43;746.91;3.82;5.61;21.40
03.02.2021;13:42:56;2114.41;32.80;15.44;746.89;3.80;5.57;21.15
03.02.2021;13:43:56;2143.64;32.89;15.48;746.86;3.81;5.59;21.28
03.02.2021;13:44:56;2287.82;32.79;15.52;746.84;3.94;5.82;22.94
03.02.2021;13:45:56;2251.19;32.73;15.56;746.84;3.92;5.80;22.75
03.02.2021;13:46:56;2111.89;32.50;15.54;746.83;3.80;5.60;21.28
03.02.2021;13:47:56;2060.13;32.62;15.54;746.82;3.75;5.51;20.66
03.02.2021;13:48:56;2029.01;32.72;15.52;746.80;3.69;5.41;19.96
03.02.2021;13:49:56;2133.12;32.68;15.53;746.79;3.78;5.56;21.03
03.02.2021;13:50:56;2250.88;32.64;15.56;746.78;3.89;5.73;22.29
03.02.2021;13:51:56;2328.46;32.66;15.57;746.76;3.96;5.85;23.16
03.02.2021;13:52:56;2381.94;32.64;15.57;746.75;4.01;5.93;23.78
03.02.2021;13:53:56;2476.46;32.68;15.63;746.73;4.09;6.07;24.79
03.02.2021;13:54:56;2536.29;32.47;15.72;746.71;4.14;6.15;25.47
03.02.2021;13:55:56;2543.69;32.37;15.79;746.68;4.15;6.18;25.65
03.02.2021;13:56:56;2526.39;32.34;15.84;746.66;4.15;6.18;25.63
03.02.2021;13:57:56;2518.56;32.27;15.87;746.66;4.15;6.17;25.62
03.02.2021;13:58:56;2533.82;32.12;15.91;746.64;4.17;6.20;25.83
03.02.2021;13:59:56;2525.06;32.07;15.94;746.63;4.17;6.20;25.86
03.02.2021;14:00:56;2462.65;32.06;15.97;746.63;4.14;6.14;25.40
03.02.2021;14:01:56;2424.43;32.12;15.99;746.63;4.11;6.10;25.07
03.02.2021;14:02:56;2392.77;31.94;16.01;746.63;4.09;6.08;24.86
03.02.2021;14:03:56;2387.54;32.09;16.02;746.64;4.09;6.08;24.82
03.02.2021;14:04:57;2416.62;32.05;16.04;746.63;4.10;6.09;24.99
03.02.2021;14:05:57;2416.49;32.04;16.07;746.61;4.11;6.10;25.06
03.02.2021;14:06:57;2380.53;32.13;16.08;746.59;4.09;6.08;24.85
03.02.2021;14:07:57;2316.91;32.13;16.00;746.60;4.05;6.00;24.27
03.02.2021;14:08:57;2255.44;32.23;15.96;746.59;4.00;5.92;23.69
03.02.2021;14:09:57;2345.83;32.47;15.97;746.59;4.06;6.02;24.41
03.02.2021;14:10:57;2517.56;32.29;16.01;746.56;4.17;6.20;25.84
03.02.2021;14:11:57;2564.86;32.24;16.05;746.52;4.20;6.26;26.28
03.02.2021;14:12:57;2557.14;32.07;16.09;746.51;4.19;6.25;26.20
03.02.2021;14:13:57;2556.64;32.04;16.10;746.51;4.19;6.23;26.07
03.02.2021;14:14:57;2572.63;32.33;16.15;746.51;4.19;6.23;26.11
03.02.2021;14:15:57;2599.46;32.40;16.20;746.51;4.20;6.25;26.24
03.02.2021;14:16:57;2657.66;32.38;16.23;746.50;4.23;6.31;26.70
03.02.2021;14:17:57;2740.74;32.29;16.30;746.50;4.28;6.39;27.35
03.02.2021;14:18:57;2757.29;32.25;16.36;746.50;4.29;6.40;27.50
03.02.2021;14:19:57;2731.48;32.20;16.39;746.49;4.28;6.41;27.44
03.02.2021;14:20:57;2638.82;32.34;16.39;746.48;4.24;6.32;26.77
03.02.2021;14:21:57;2524.03;32.07;16.40;746.46;4.17;6.21;25.89
03.02.2021;14:22:57;2410.15;31.96;16.38;746.45;4.10;6.09;24.95
03.02.2021;14:23:57;2303.85;32.00;16.36;746.44;4.03;5.96;24.01
03.02.2021;14:24:57;2197.29;32.03;16.30;746.43;3.95;5.83;23.01
03.02.2021;14:25:57;2069.18;32.01;16.27;746.41;3.84;5.65;21.67
03.02.2021;14:26:57;2020.61;32.07;16.21;746.40;3.78;5.56;21.00
03.02.2021;14:27:58;2022.89;32.01;16.17;746.39;3.77;5.55;20.96
03.02.2021;14:28:58;2034.92;32.14;16.13;746.40;3.78;5.57;21.07
03.02.2021;14:29:58;2137.26;32.37;16.10;746.40;3.89;5.74;22.31
03.02.2021;14:30:58;2172.53;32.36;16.07;746.40;3.93;5.80;22.79
03.02.2021;14:31:58;2159.58;32.38;16.07;746.41;3.92;5.80;22.75
03.02.2021;14:32:58;2148.69;32.45;16.02;746.39;3.91;5.78;22.59
03.02.2021;14:33:58;2127.74;32.42;16.02;746.40;3.89;5.74;22.37
03.02.2021;14:34:58;2073.32;32.47;15.99;746.40;3.85;5.67;21.83
03.02.2021;14:35:58;1975.75;32.46;15.98;746.41;3.77;5.54;20.91
03.02.2021;14:36:58;1880.21;32.39;15.95;746.42;3.69;5.41;19.97
03.02.2021;14:37:58;1803.65;32.44;15.91;746.45;3.63;5.31;19.24
03.02.2021;14:38:58;1725.01;32.56;15.85;746.45;3.55;5.18;18.36
03.02.2021;14:39:58;1685.69;32.61;15.79;746.45;3.50;5.11;17.89
03.02.2021;14:40:58;1680.76;32.87;15.71;746.45;3.49;5.09;17.74
03.02.2021;14:41:58;1716.14;32.98;15.64;746.44;3.52;5.13;18.09
03.02.2021;14:42:58;1698.26;32.98;15.64;746.43;3.51;5.10;17.90
03.02.2021;14:43:58;1616.65;33.02;15.61;746.43;3.40;4.94;16.80
03.02.2021;14:44:58;1560.22;33.05;15.56;746.41;3.32;4.81;15.97
03.02.2021;14:45:58;1523.51;33.09;15.52;746.41;3.28;4.72;15.47
03.02.2021;14:46:58;1458.63;33.13;15.48;746.41;3.20;4.58;14.65
03.02.2021;14:47:58;1367.86;33.23;15.42;746.39;3.07;4.37;13.39
03.02.2021;14:48:58;1300.27;33.31;15.34;746.38;2.96;4.21;12.46
03.02.2021;14:49:58;1253.65;33.52;15.30;746.39;2.89;4.07;11.73
03.02.2021;14:50:59;1224.08;33.55;15.24;746.39;2.84;3.99;11.33
03.02.2021;14:51:59;1221.55;33.72;15.14;746.39;2.84;3.99;11.34
03.02.2021;14:52:59;1239.93;33.83;15.11;746.38;2.88;4.05;11.66
03.02.2021;14:53:59;1296.53;33.88;15.08;746.36;2.97;4.21;12.52
03.02.2021;14:54:59;1443.78;33.92;15.05;746.34;3.21;4.60;14.77
03.02.2021;14:55:59;1586.74;34.08;15.05;746.31;3.40;4.93;16.75
03.02.2021;14:56:59;1643.31;34.19;15.06;746.31;3.46;5.01;17.33
03.02.2021;14:57:59;1647.28;34.23;15.05;746.29;3.45;5.00;17.27
03.02.2021;14:58:59;1644.27;34.30;15.07;746.28;3.44;5.00;17.20
03.02.2021;14:59:59;1641.07;34.34;15.08;746.28;3.45;5.00;17.24
03.02.2021;15:00:59;1608.91;34.22;15.10;746.30;3.42;4.95;16.94
03.02.2021;15:01:59;1534.63;34.28;15.10;746.36;3.33;4.82;16.08
03.02.2021;15:02:59;1431.85;34.29;15.08;746.41;3.20;4.59;14.67
03.02.2021;15:03:59;1360.24;34.39;15.06;746.43;3.10;4.43;13.74
03.02.2021;15:04:59;1295.76;34.38;15.01;746.46;3.00;4.26;12.77
03.02.2021;15:05:59;1190.62;34.41;14.96;746.48;2.83;3.97;11.21
03.02.2021;15:06:59;1176.49;34.47;14.92;746.44;2.80;3.91;10.94
03.02.2021;15:07:59;1133.61;34.54;14.86;746.43;2.73;3.80;10.36
03.02.2021;15:08:59;1081.91;34.69;14.81;746.44;2.63;3.64;9.57
03.02.2021;15:09:59;1052.63;34.86;14.71;746.43;2.57;3.54;9.10
03.02.2021;15:10:59;1015.52;34.89;14.69;746.41;2.50;3.43;8.57
03.02.2021;15:11:59;949.10;34.92;14.65;746.45;2.37;3.21;7.58
03.02.2021;15:12:59;900.92;34.95;14.56;746.44;2.27;3.04;6.88
03.02.2021;15:13:59;896.53;35.09;14.46;746.43;2.26;3.04;6.87
03.02.2021;15:15:00;914.58;35.43;14.41;746.41;2.30;3.10;7.14
03.02.2021;15:16:00;911.29;35.61;14.38;746.41;2.30;3.10;7.12
03.02.2021;15:17:00;901.32;35.75;14.35;746.40;2.29;3.09;7.05
03.02.2021;15:18:00;886.17;35.91;14.33;746.41;2.25;3.02;6.80
03.02.2021;15:19:00;884.33;35.95;14.30;746.42;2.25;3.02;6.80
03.02.2021;15:20:00;893.76;35.81;14.32;746.40;2.27;3.06;6.93
03.02.2021;15:21:00;874.65;35.93;14.31;746.42;2.23;2.99;6.67
03.02.2021;15:22:00;871.57;35.99;14.29;746.38;2.23;2.97;6.62
03.02.2021;15:23:00;846.17;36.01;14.27;746.39;2.17;2.90;6.31
03.02.2021;15:24:00;830.46;36.05;14.23;746.39;2.15;2.84;6.09
03.02.2021;15:25:00;815.29;36.20;14.21;746.39;2.12;2.79;5.91
03.02.2021;15:26:00;811.43;36.14;14.18;746.38;2.11;2.78;5.86
03.02.2021;15:27:00;826.76;36.14;14.17;746.36;2.15;2.85;6.13
03.02.2021;15:28:00;849.94;36.09;14.11;746.35;2.20;2.94;6.46
03.02.2021;15:29:00;908.44;36.27;14.08;746.33;2.33;3.15;7.34
03.02.2021;15:30:00;967.14;36.31;14.04;746.29;2.46;3.36;8.27
03.02.2021;15:31:00;1029.28;36.57;14.01;746.27;2.60;3.59;9.32
03.02.2021;15:32:00;1090.13;36.69;14.04;746.23;2.72;3.77;10.25
03.02.2021;15:33:00;1145.96;36.65;14.10;746.21;2.82;3.95;11.16
03.02.2021;15:34:00;1173.10;36.53;14.14;746.22;2.88;4.05;11.65
03.02.2021;15:35:00;1185.75;36.43;14.14;746.25;2.90;4.09;11.87
03.02.2021;15:36:00;1209.32;36.38;14.15;746.26;2.95;4.17;12.30
03.02.2021;15:37:00;1233.61;36.38;14.17;746.28;2.99;4.24;12.66
03.02.2021;15:38:00;1282.26;36.46;14.19;746.28;3.07;4.38;13.45
03.02.2021;15:39:00;1325.67;36.46;14.19;746.27;3.14;4.50;14.13
03.02.2021;15:40:01;1351.26;36.57;14.21;746.26;3.19;4.58;14.64
03.02.2021;15:41:01;1377.50;36.56;14.22;746.23;3.23;4.64;15.00
03.02.2021;15:42:01;1398.50;36.67;14.24;746.22;3.27;4.71;15.42
03.02.2021;15:43:01;1381.06;36.75;14.29;746.18;3.26;4.69;15.30
03.02.2021;15:44:01;1367.47;36.46;14.34;746.17;3.26;4.69;15.28
03.02.2021;15:45:01;1353.53;36.34;14.38;746.17;3.26;4.68;15.25
03.02.2021;15:46:01;1321.86;36.28;14.40;746.16;3.22;4.62;14.87
03.02.2021;15:47:01;1269.31;36.18;14.39;746.16;3.15;4.50;14.16
03.02.2021;15:48:01;1223.95;36.14;14.38;746.14;3.09;4.40;13.58
03.02.2021;15:49:01;1173.15;36.21;14.34;746.15;3.01;4.27;12.84
03.02.2021;15:50:01;1116.78;36.22;14.31;746.15;2.91;4.12;12.00
03.02.2021;15:51:01;1050.97;36.21;14.31;746.18;2.79;3.90;10.91
03.02.2021;15:52:01;991.50;36.16;14.30;746.18;2.68;3.73;10.01
03.02.2021;15:53:01;937.68;36.22;14.28;746.19;2.57;3.55;9.14
03.02.2021;15:54:01;888.78;36.27;14.23;746.22;2.47;3.37;8.32
03.02.2021;15:55:01;839.43;36.39;14.21;746.22;2.36;3.20;7.55
03.02.2021;15:56:01;790.24;36.32;14.21;746.22;2.25;3.00;6.75
03.02.2021;15:57:01;745.20;36.30;14.15;746.24;2.14;2.83;6.07
03.02.2021;15:58:01;709.89;36.34;14.11;746.26;2.07;2.70;5.57
03.02.2021;15:59:01;684.15;36.38;14.10;746.31;2.01;2.59;5.19
03.02.2021;16:00:01;660.41;36.65;14.02;746.33;1.94;2.47;4.81
03.02.2021;16:01:01;645.94;36.54;14.00;746.34;1.91;2.40;4.58
03.02.2021;16:02:01;637.43;36.74;13.94;746.27;1.89;2.37;4.47
03.02.2021;16:03:01;619.82;36.68;13.91;746.23;1.85;2.29;4.24
03.02.2021;16:04:01;598.22;36.70;13.89;746.21;1.80;2.20;3.97
03.02.2021;16:05:02;576.85;36.79;13.84;746.19;1.75;2.15;3.77
03.02.2021;16:06:02;555.01;36.72;13.81;746.20;1.70;2.11;3.57
03.02.2021;16:07:02;534.45;36.83;13.77;746.24;1.64;2.04;3.35
03.02.2021;16:08:02;521.25;36.90;13.73;746.25;1.60;1.98;3.18
03.02.2021;16:09:02;515.21;36.96;13.69;746.27;1.59;1.96;3.12
03.02.2021;16:10:02;515.64;36.98;13.67;746.30;1.60;1.99;3.18
03.02.2021;16:11:02;523.69;37.06;13.61;746.32;1.64;2.04;3.35
03.02.2021;16:12:02;539.58;37.16;13.58;746.34;1.71;2.12;3.63
03.02.2021;16:13:02;552.25;37.20;13.57;746.33;1.78;2.17;3.85
03.02.2021;16:14:02;558.43;37.17;13.59;746.32;1.81;2.20;3.98
03.02.2021;16:15:02;565.21;37.25;13.56;746.31;1.83;2.24;4.09
03.02.2021;16:16:02;564.60;37.15;13.58;746.30;1.83;2.23;4.08
03.02.2021;16:17:02;552.49;37.20;13.56;746.31;1.79;2.18;3.89
03.02.2021;16:18:02;530.53;37.16;13.55;746.32;1.72;2.13;3.67
03.02.2021;16:19:02;507.84;37.08;13.55;746.32;1.66;2.06;3.42
03.02.2021;16:20:02;491.47;37.19;13.52;746.35;1.62;2.00;3.23
03.02.2021;16:21:02;472.56;37.18;13.52;746.34;1.57;1.92;3.02
03.02.2021;16:22:02;442.53;37.22;13.47;746.33;1.48;1.77;2.62
03.02.2021;16:23:02;403.08;37.19;13.44;746.33;1.35;1.57;2.12
03.02.2021;16:24:02;360.38;37.24;13.43;746.35;1.21;1.32;1.60
03.02.2021;16:25:02;326.15;37.38;13.38;746.38;1.09;1.11;1.22
03.02.2021;16:26:02;300.54;37.29;13.35;746.41;1.00;0.98;0.98
03.02.2021;16:27:02;283.53;37.43;13.30;746.42;0.95;0.88;0.84
03.02.2021;16:28:02;274.26;37.37;13.30;746.46;0.92;0.82;0.75
03.02.2021;16:29:02;267.92;37.43;13.31;746.45;0.90;0.80;0.72
03.02.2021;16:30:02;263.92;37.48;13.26;746.45;0.90;0.80;0.71
03.02.2021;16:31:02;258.50;37.54;13.26;746.45;0.89;0.79;0.70
03.02.2021;16:32:03;248.54;37.42;13.26;746.46;0.86;0.73;0.62
03.02.2021;16:33:03;231.58;37.48;13.24;746.46;0.78;0.61;0.48
03.02.2021;16:34:03;211.26;37.46;13.21;746.49;0.69;0.46;0.31
03.02.2021;16:35:03;200.33;37.56;13.17;746.49;0.64;0.39;0.25
03.02.2021;16:36:03;199.39;37.53;13.13;746.45;0.65;0.40;0.26
03.02.2021;16:37:03;200.31;37.71;13.09;746.46;0.69;0.44;0.30
03.02.2021;16:38:03;194.79;37.66;13.08;746.44;0.69;0.48;0.33
03.02.2021;16:39:03;182.73;37.69;13.05;746.46;0.66;0.41;0.27
03.02.2021;16:40:03;166.13;37.82;13.01;746.44;0.60;0.32;0.19
03.02.2021;16:41:03;148.86;37.81;13.00;746.44;0.52;0.18;0.09
03.02.2021;16:42:03;133.04;37.94;12.99;746.44;0.45;0.04;0.02
03.02.2021;16:43:03;119.22;37.88;12.97;746.46;0.39;0.00;0.00
03.02.2021;16:44:03;106.84;37.77;12.97;746.47;0.34;0.00;0.00
03.02.2021;16:45:03;95.38;37.93;12.93;746.46;0.29;0.00;0.00
03.02.2021;16:46:03;85.65;37.88;12.92;746.46;0.26;0.00;0.00
03.02.2021;16:47:03;78.83;37.90;12.89;746.47;0.24;0.00;0.00
03.02.2021;16:48:03;74.58;38.00;12.86;746.46;0.23;0.00;0.00
03.02.2021;16:49:03;70.58;38.10;12.83;746.46;0.22;0.00;0.00
03.02.2021;16:50:03;66.32;38.04;12.86;746.45;0.20;0.00;0.00
03.02.2021;16:51:03;61.83;38.03;12.85;746.46;0.19;0.00;0.00
03.02.2021;16:52:03;58.63;37.99;12.84;746.47;0.17;0.00;0.00
03.02.2021;16:53:03;55.38;38.11;12.79;746.47;0.16;0.00;0.00
03.02.2021;16:54:03;51.08;38.13;12.77;746.46;0.14;0.00;0.00
03.02.2021;16:55:03;46.53;38.17;12.76;746.46;0.12;0.00;0.00
03.02.2021;16:56:03;42.50;38.17;12.76;746.44;0.11;0.00;0.00
03.02.2021;16:57:03;38.78;38.25;12.76;746.42;0.10;0.00;0.00
03.02.2021;16:58:04;35.93;38.24;12.77;746.40;0.09;0.00;0.00
03.02.2021;16:59:03;33.03;38.20;12.78;746.38;0.08;0.00;0.00
03.02.2021;17:00:04;29.71;38.42;12.75;746.37;0.07;0.00;0.00
03.02.2021;17:01:04;26.41;38.68;12.73;746.38;0.05;0.00;0.00
03.02.2021;17:02:04;23.25;38.92;12.72;746.42;0.03;0.00;0.00
03.02.2021;17:03:04;20.54;39.19;12.72;746.45;0.02;0.00;0.00
03.02.2021;17:04:04;18.50;39.31;12.73;746.46;0.01;0.00;0.00
03.02.2021;17:05:04;17.03;39.37;12.71;746.46;0.01;0.00;0.00
03.02.2021;17:06:04;15.79;39.77;12.69;746.46;0.01;0.00;0.00
03.02.2021;17:07:04;14.60;39.80;12.71;746.46;0.00;0.00;0.00
03.02.2021;17:08:04;13.25;39.94;12.69;746.47;0.00;0.00;0.00
03.02.2021;17:09:04;12.05;40.27;12.69;746.45;0.00;0.00;0.00
03.02.2021;17:10:04;10.93;40.32;12.66;746.46;0.00;0.00;0.00
03.02.2021;17:11:04;9.76;40.57;12.67;746.48;0.00;0.00;0.00
03.02.2021;17:12:04;8.88;40.61;12.68;746.50;0.00;0.00;0.00
03.02.2021;17:13:04;8.07;40.57;12.69;746.53;0.00;0.00;0.00
03.02.2021;17:14:04;7.33;40.61;12.68;746.54;0.00;0.00;0.00
03.02.2021;17:15:04;6.67;40.60;12.69;746.57;0.00;0.00;0.00
03.02.2021;17:16:04;6.19;40.70;12.68;746.59;0.00;0.00;0.00
03.02.2021;17:17:04;5.83;40.92;12.66;746.59;0.00;0.00;0.00
03.02.2021;17:18:04;5.83;40.87;12.65;746.58;0.00;0.00;0.00
03.02.2021;17:19:04;5.14;41.14;12.64;746.57;0.00;0.00;0.00
03.02.2021;17:20:04;5.00;41.19;12.65;746.57;0.00;0.00;0.00
03.02.2021;17:21:04;5.01;41.06;12.66;746.59;0.00;0.00;0.00
03.02.2021;17:22:04;5.00;41.09;12.68;746.62;0.00;0.00;0.00
03.02.2021;17:23:04;5.00;41.10;12.69;746.64;0.00;0.00;0.00
03.02.2021;17:24:04;5.03;41.12;12.68;746.66;0.00;0.00;0.00
03.02.2021;17:25:04;5.00;41.10;12.67;746.65;0.00;0.00;0.00
03.02.2021;17:26:04;5.00;40.94;12.66;746.64;0.00;0.00;0.00
03.02.2021;17:27:04;4.94;40.89;12.65;746.64;0.00;0.00;0.00
03.02.2021;17:28:04;4.69;41.18;12.63;746.66;0.00;0.00;0.00
03.02.2021;17:29:04;4.39;41.39;12.62;746.66;0.00;0.00;0.00
03.02.2021;17:30:04;4.22;41.32;12.62;746.68;0.00;0.00;0.00
03.02.2021;17:31:04;4.17;41.29;12.63;746.69;0.00;0.00;0.00
03.02.2021;17:32:05;4.18;41.49;12.62;746.70;0.00;0.00;0.00
03.02.2021;17:33:05;4.18;41.31;12.65;746.69;0.00;0.00;0.00
03.02.2021;17:34:05;4.17;41.30;12.64;746.71;0.00;0.00;0.00
03.02.2021;17:35:05;4.19;41.29;12.64;746.71;0.00;0.00;0.00
03.02.2021;17:36:05;4.17;41.19;12.66;746.70;0.00;0.00;0.00
03.02.2021;17:37:05;4.17;41.13;12.65;746.68;0.00;0.00;0.00
03.02.2021;17:38:05;4.19;41.31;12.67;746.69;0.00;0.00;0.00
03.02.2021;17:39:05;4.17;41.20;12.65;746.70;0.00;0.00;0.00
03.02.2021;17:40:05;4.17;41.35;12.64;746.71;0.00;0.00;0.00
03.02.2021;17:41:05;4.18;41.42;12.62;746.72;0.00;0.00;0.00
03.02.2021;17:42:05;4.17;41.57;12.60;746.73;0.00;0.00;0.00
03.02.2021;17:43:05;4.17;41.67;12.59;746.72;0.00;0.00;0.00
03.02.2021;17:44:05;4.17;42.49;12.64;746.69;0.00;0.00;0.00
03.02.2021;17:45:05;4.17;42.44;12.69;746.69;0.00;0.00;0.00
03.02.2021;17:46:05;4.17;42.27;12.71;746.69;0.00;0.00;0.00
03.02.2021;17:47:05;4.17;42.29;12.77;746.69;0.00;0.00;0.00
03.02.2021;17:48:05;4.17;41.98;12.76;746.67;0.00;0.00;0.00
03.02.2021;17:49:05;4.18;41.99;12.71;746.66;0.00;0.00;0.00
03.02.2021;17:50:05;4.17;42.14;12.67;746.66;0.00;0.00;0.00
03.02.2021;17:51:05;4.17;42.30;12.66;746.69;0.00;0.00;0.00
03.02.2021;17:52:05;4.19;42.42;12.64;746.72;0.00;0.00;0.00
03.02.2021;17:53:05;4.17;42.53;12.62;746.73;0.00;0.00;0.00
03.02.2021;17:54:05;4.17;42.66;12.61;746.74;0.00;0.00;0.00
03.02.2021;17:55:05;4.18;42.88;12.61;746.73;0.00;0.00;0.00
03.02.2021;17:56:05;4.17;43.16;12.61;746.73;0.00;0.00;0.00
03.02.2021;17:57:05;4.17;43.38;12.61;746.72;0.00;0.00;0.00
03.02.2021;17:58:05;4.17;43.72;12.62;746.70;0.00;0.00;0.00
03.02.2021;17:59:05;4.17;43.73;12.65;746.68;0.00;0.00;0.00
03.02.2021;18:00:05;4.17;43.88;12.66;746.67;0.00;0.00;0.00
03.02.2021;18:01:05;4.17;44.11;12.70;746.64;0.00;0.00;0.00
03.02.2021;18:02:05;4.17;44.02;12.73;746.64;0.00;0.00;0.00
03.02.2021;18:03:06;4.18;44.44;12.75;746.63;0.00;0.00;0.00
03.02.2021;18:04:06;4.17;44.67;12.81;746.61;0.00;0.00;0.00
03.02.2021;18:05:06;4.17;44.63;12.86;746.60;0.00;0.00;0.00
03.02.2021;18:06:06;4.19;44.74;12.88;746.60;0.00;0.00;0.00
03.02.2021;18:07:06;4.17;44.65;12.93;746.61;0.00;0.00;0.00
03.02.2021;18:08:06;4.17;44.46;12.98;746.61;0.00;0.00;0.00
03.02.2021;18:09:06;4.18;44.53;13.00;746.59;0.00;0.00;0.00
03.02.2021;18:10:06;4.17;44.47;13.04;746.59;0.00;0.00;0.00
03.02.2021;18:11:06;4.17;44.31;13.08;746.61;0.00;0.00;0.00
03.02.2021;18:12:06;4.17;44.27;13.11;746.63;0.00;0.00;0.00
03.02.2021;18:13:06;4.17;44.17;13.10;746.63;0.00;0.00;0.00
03.02.2021;18:14:06;4.17;43.98;13.10;746.64;0.00;0.00;0.00
03.02.2021;18:15:06;4.17;43.71;13.08;746.65;0.00;0.00;0.00
03.02.2021;18:16:06;4.17;43.63;13.03;746.68;0.00;0.00;0.00
03.02.2021;18:17:06;4.18;43.71;12.99;746.69;0.00;0.00;0.00
03.02.2021;18:18:06;4.17;43.83;12.97;746.70;0.00;0.00;0.00
03.02.2021;18:19:06;4.17;43.85;12.95;746.68;0.00;0.00;0.00
03.02.2021;18:20:06;4.19;43.87;12.94;746.68;0.00;0.00;0.00
03.02.2021;18:21:06;4.17;43.85;12.93;746.68;0.00;0.00;0.00
03.02.2021;18:22:06;4.17;43.86;12.90;746.67;0.00;0.00;0.00
03.02.2021;18:23:06;4.18;44.01;12.90;746.68;0.00;0.00;0.00
03.02.2021;18:24:06;4.17;43.94;12.90;746.68;0.00;0.00;0.00
