03.12.2020;0:00:14;3.33;42.62;10.84;759.92;0.00;0.00;0.00
03.12.2020;0:01:14;3.33;42.62;10.84;759.90;0.00;0.00;0.00
03.12.2020;0:02:14;3.33;42.62;10.84;759.90;0.00;0.00;0.00
03.12.2020;0:03:14;3.33;42.61;10.84;759.89;0.00;0.00;0.00
03.12.2020;0:04:14;3.33;42.63;10.83;759.88;0.00;0.00;0.00
03.12.2020;0:05:14;3.33;42.68;10.83;759.90;0.00;0.00;0.00
03.12.2020;0:06:15;3.33;42.66;10.83;759.89;0.00;0.00;0.00
03.12.2020;0:07:15;3.35;42.66;10.83;759.89;0.00;0.00;0.00
03.12.2020;0:08:15;3.33;42.67;10.82;759.89;0.00;0.00;0.00
03.12.2020;0:09:15;3.33;42.73;10.81;759.88;0.00;0.00;0.00
03.12.2020;0:10:15;3.36;42.71;10.81;759.87;0.00;0.00;0.00
03.12.2020;0:11:15;3.33;42.70;10.80;759.87;0.00;0.00;0.00
03.12.2020;0:12:15;3.33;42.70;10.79;759.87;0.00;0.00;0.00
03.12.2020;0:13:15;3.35;42.71;10.80;759.88;0.00;0.00;0.00
03.12.2020;0:14:15;3.33;42.75;10.80;759.89;0.00;0.00;0.00
03.12.2020;0:15:15;3.33;42.76;10.80;759.89;0.00;0.00;0.00
03.12.2020;0:16:15;3.33;42.72;10.79;759.89;0.00;0.00;0.00
03.12.2020;0:17:15;3.33;42.73;10.79;759.88;0.00;0.00;0.00
03.12.2020;0:18:15;3.33;42.76;10.79;759.88;0.00;0.00;0.00
03.12.2020;0:19:15;3.33;42.76;10.79;759.87;0.00;0.00;0.00
03.12.2020;0:20:15;3.33;42.77;10.78;759.87;0.00;0.00;0.00
03.12.2020;0:21:15;3.35;42.80;10.78;759.87;0.00;0.00;0.00
03.12.2020;0:22:15;3.33;42.79;10.78;759.88;0.00;0.00;0.00
03.12.2020;0:23:15;3.33;42.78;10.78;759.87;0.00;0.00;0.00
03.12.2020;0:24:15;3.36;42.83;10.77;759.87;0.00;0.00;0.00
03.12.2020;0:25:15;3.33;42.82;10.77;759.88;0.00;0.00;0.00
03.12.2020;0:26:15;3.33;42.82;10.77;759.89;0.00;0.00;0.00
03.12.2020;0:27:15;3.35;42.82;10.77;759.89;0.00;0.00;0.00
03.12.2020;0:28:15;3.33;42.80;10.78;759.90;0.00;0.00;0.00
03.12.2020;0:29:15;3.33;42.81;10.78;759.91;0.00;0.00;0.00
03.12.2020;0:30:15;3.33;42.81;10.78;759.90;0.00;0.00;0.00
03.12.2020;0:31:15;3.33;42.83;10.77;759.90;0.00;0.00;0.00
03.12.2020;0:32:15;3.33;42.80;10.78;759.90;0.00;0.00;0.00
03.12.2020;0:33:15;3.33;42.78;10.78;759.90;0.00;0.00;0.00
03.12.2020;0:34:15;3.33;42.79;10.78;759.89;0.00;0.00;0.00
03.12.2020;0:35:15;3.35;42.76;10.78;759.88;0.00;0.00;0.00
03.12.2020;0:36:15;3.33;42.79;10.78;759.88;0.00;0.00;0.00
03.12.2020;0:37:15;3.33;42.77;10.79;759.88;0.00;0.00;0.00
03.12.2020;0:38:16;3.36;42.76;10.78;759.88;0.00;0.00;0.00
03.12.2020;0:39:16;3.33;42.79;10.79;759.89;0.00;0.00;0.00
03.12.2020;0:40:16;3.33;42.79;10.79;759.89;0.00;0.00;0.00
03.12.2020;0:41:16;3.35;42.81;10.78;759.90;0.00;0.00;0.00
03.12.2020;0:42:16;3.33;42.79;10.78;759.90;0.00;0.00;0.00
03.12.2020;0:43:16;3.33;42.79;10.78;759.89;0.00;0.00;0.00
03.12.2020;0:44:16;3.33;42.78;10.78;759.88;0.00;0.00;0.00
03.12.2020;0:45:16;3.33;42.83;10.78;759.88;0.00;0.00;0.00
03.12.2020;0:46:16;3.33;42.80;10.77;759.88;0.00;0.00;0.00
03.12.2020;0:47:16;3.33;42.84;10.77;759.89;0.00;0.00;0.00
03.12.2020;0:48:16;3.33;42.77;10.77;759.89;0.00;0.00;0.00
03.12.2020;0:49:16;3.35;42.81;10.76;759.89;0.00;0.00;0.00
03.12.2020;0:50:16;3.33;42.83;10.76;759.88;0.00;0.00;0.00
03.12.2020;0:51:16;3.33;42.85;10.76;759.88;0.00;0.00;0.00
03.12.2020;0:52:16;3.36;42.79;10.76;759.86;0.00;0.00;0.00
03.12.2020;0:53:16;3.33;42.82;10.74;759.86;0.00;0.00;0.00
03.12.2020;0:54:16;3.33;42.87;10.74;759.88;0.00;0.00;0.00
03.12.2020;0:55:16;3.35;42.90;10.74;759.90;0.00;0.00;0.00
03.12.2020;0:56:16;3.33;42.86;10.74;759.92;0.00;0.00;0.00
03.12.2020;0:57:16;3.33;42.86;10.74;759.93;0.00;0.00;0.00
03.12.2020;0:58:16;3.33;42.86;10.73;759.93;0.00;0.00;0.00
03.12.2020;0:59:16;3.33;42.88;10.73;759.94;0.00;0.00;0.00
03.12.2020;1:00:16;3.33;42.91;10.71;759.94;0.00;0.00;0.00
03.12.2020;1:01:16;3.33;42.93;10.71;759.95;0.00;0.00;0.00
03.12.2020;1:02:16;3.33;42.94;10.70;759.94;0.00;0.00;0.00
03.12.2020;1:03:16;3.35;42.94;10.71;759.95;0.00;0.00;0.00
03.12.2020;1:04:16;3.33;42.91;10.71;759.95;0.00;0.00;0.00
03.12.2020;1:05:16;3.33;42.94;10.71;759.94;0.00;0.00;0.00
03.12.2020;1:06:16;3.36;42.92;10.70;759.94;0.00;0.00;0.00
03.12.2020;1:07:16;3.33;42.93;10.69;759.94;0.00;0.00;0.00
03.12.2020;1:08:16;3.33;42.95;10.69;759.94;0.00;0.00;0.00
03.12.2020;1:09:16;3.35;43.00;10.68;759.95;0.00;0.00;0.00
03.12.2020;1:10:16;3.33;43.03;10.68;759.94;0.00;0.00;0.00
03.12.2020;1:11:17;3.33;42.99;10.68;759.95;0.00;0.00;0.00
03.12.2020;1:12:17;3.33;42.99;10.68;759.96;0.00;0.00;0.00
03.12.2020;1:13:17;3.33;42.99;10.68;759.97;0.00;0.00;0.00
03.12.2020;1:14:17;3.33;42.98;10.68;759.99;0.00;0.00;0.00
03.12.2020;1:15:17;3.33;43.00;10.67;759.99;0.00;0.00;0.00
03.12.2020;1:16:17;3.33;43.00;10.66;759.99;0.00;0.00;0.00
03.12.2020;1:17:17;3.35;43.02;10.66;759.97;0.00;0.00;0.00
03.12.2020;1:18:17;3.33;43.07;10.65;759.95;0.00;0.00;0.00
03.12.2020;1:19:17;3.33;43.09;10.64;759.95;0.00;0.00;0.00
03.12.2020;1:20:17;3.36;43.11;10.63;759.95;0.00;0.00;0.00
03.12.2020;1:21:17;3.33;43.15;10.63;759.97;0.00;0.00;0.00
03.12.2020;1:22:17;3.33;43.14;10.62;759.97;0.00;0.00;0.00
03.12.2020;1:23:17;3.35;43.13;10.62;759.96;0.00;0.00;0.00
03.12.2020;1:24:17;3.33;43.12;10.62;759.96;0.00;0.00;0.00
03.12.2020;1:25:17;3.33;43.16;10.61;759.95;0.00;0.00;0.00
03.12.2020;1:26:17;3.33;43.15;10.61;759.95;0.00;0.00;0.00
03.12.2020;1:27:17;3.33;43.11;10.61;759.96;0.00;0.00;0.00
03.12.2020;1:28:17;3.33;43.14;10.60;759.96;0.00;0.00;0.00
03.12.2020;1:29:17;3.33;43.23;10.59;759.95;0.00;0.00;0.00
03.12.2020;1:30:17;3.33;43.23;10.59;759.95;0.00;0.00;0.00
03.12.2020;1:31:17;3.35;43.22;10.58;759.95;0.00;0.00;0.00
03.12.2020;1:32:17;3.33;43.21;10.57;759.94;0.00;0.00;0.00
03.12.2020;1:33:17;3.33;43.26;10.57;759.94;0.00;0.00;0.00
03.12.2020;1:34:17;3.36;43.24;10.57;759.92;0.00;0.00;0.00
03.12.2020;1:35:17;3.33;43.29;10.56;759.91;0.00;0.00;0.00
03.12.2020;1:36:17;3.33;43.29;10.56;759.90;0.00;0.00;0.00
03.12.2020;1:37:17;3.35;43.27;10.54;759.90;0.00;0.00;0.00
03.12.2020;1:38:17;3.33;43.34;10.54;759.90;0.00;0.00;0.00
03.12.2020;1:39:17;3.33;43.34;10.54;759.90;0.00;0.00;0.00
03.12.2020;1:40:17;3.33;43.29;10.54;759.90;0.00;0.00;0.00
03.12.2020;1:41:17;3.33;43.32;10.54;759.89;0.00;0.00;0.00
03.12.2020;1:42:17;3.33;43.30;10.52;759.87;0.00;0.00;0.00
03.12.2020;1:43:18;3.33;43.34;10.52;759.88;0.00;0.00;0.00
03.12.2020;1:44:18;3.33;43.40;10.52;759.88;0.00;0.00;0.00
03.12.2020;1:45:18;3.35;43.33;10.52;759.88;0.00;0.00;0.00
03.12.2020;1:46:18;3.33;43.36;10.52;759.88;0.00;0.00;0.00
03.12.2020;1:47:18;3.33;43.38;10.51;759.88;0.00;0.00;0.00
03.12.2020;1:48:18;3.36;43.42;10.51;759.88;0.00;0.00;0.00
03.12.2020;1:49:18;3.33;43.40;10.51;759.91;0.00;0.00;0.00
03.12.2020;1:50:18;3.33;43.36;10.51;759.91;0.00;0.00;0.00
03.12.2020;1:51:18;3.35;43.38;10.50;759.89;0.00;0.00;0.00
03.12.2020;1:52:18;3.33;43.43;10.50;759.91;0.00;0.00;0.00
03.12.2020;1:53:18;3.33;43.43;10.50;759.91;0.00;0.00;0.00
03.12.2020;1:54:18;3.33;43.41;10.50;759.91;0.00;0.00;0.00
03.12.2020;1:55:18;3.33;43.40;10.49;759.90;0.00;0.00;0.00
03.12.2020;1:56:18;3.33;43.40;10.50;759.89;0.00;0.00;0.00
03.12.2020;1:57:18;3.33;43.45;10.49;759.88;0.00;0.00;0.00
03.12.2020;1:58:18;3.33;43.42;10.48;759.89;0.00;0.00;0.00
03.12.2020;1:59:18;3.35;43.45;10.49;759.90;0.00;0.00;0.00
03.12.2020;2:00:18;3.33;43.41;10.49;759.90;0.00;0.00;0.00
03.12.2020;2:01:18;3.33;43.46;10.49;759.90;0.00;0.00;0.00
03.12.2020;2:02:18;3.36;43.45;10.48;759.90;0.00;0.00;0.00
03.12.2020;2:03:18;3.33;43.39;10.47;759.91;0.00;0.00;0.00
03.12.2020;2:04:18;3.33;43.50;10.47;759.91;0.00;0.00;0.00
03.12.2020;2:05:18;3.35;43.48;10.48;759.91;0.00;0.00;0.00
03.12.2020;2:06:18;3.33;43.43;10.48;759.90;0.00;0.00;0.00
03.12.2020;2:07:18;3.33;43.40;10.47;759.89;0.00;0.00;0.00
03.12.2020;2:08:18;3.33;43.45;10.47;759.90;0.00;0.00;0.00
03.12.2020;2:09:18;3.33;43.48;10.47;759.92;0.00;0.00;0.00
03.12.2020;2:10:18;3.33;43.51;10.47;759.93;0.00;0.00;0.00
03.12.2020;2:11:18;3.33;43.48;10.47;759.94;0.00;0.00;0.00
03.12.2020;2:12:18;3.33;43.46;10.47;759.94;0.00;0.00;0.00
03.12.2020;2:13:18;3.35;43.46;10.46;759.95;0.00;0.00;0.00
03.12.2020;2:14:18;3.33;43.51;10.44;759.94;0.00;0.00;0.00
03.12.2020;2:15:18;3.33;43.51;10.44;759.93;0.00;0.00;0.00
03.12.2020;2:16:19;3.36;43.51;10.44;759.93;0.00;0.00;0.00
03.12.2020;2:17:19;3.33;43.52;10.43;759.92;0.00;0.00;0.00
03.12.2020;2:18:19;3.33;43.52;10.43;759.91;0.00;0.00;0.00
03.12.2020;2:19:19;3.35;43.53;10.43;759.91;0.00;0.00;0.00
03.12.2020;2:20:19;3.33;43.47;10.44;759.91;0.00;0.00;0.00
03.12.2020;2:21:19;3.33;43.52;10.43;759.91;0.00;0.00;0.00
03.12.2020;2:22:19;3.33;43.51;10.43;759.90;0.00;0.00;0.00
03.12.2020;2:23:19;3.33;43.49;10.43;759.91;0.00;0.00;0.00
03.12.2020;2:24:19;3.33;43.55;10.42;759.91;0.00;0.00;0.00
03.12.2020;2:25:19;3.33;43.54;10.43;759.89;0.00;0.00;0.00
03.12.2020;2:26:19;3.33;43.50;10.43;759.89;0.00;0.00;0.00
03.12.2020;2:27:19;3.35;43.49;10.43;759.88;0.00;0.00;0.00
03.12.2020;2:28:19;3.33;43.49;10.43;759.89;0.00;0.00;0.00
03.12.2020;2:29:19;3.33;43.54;10.43;759.87;0.00;0.00;0.00
03.12.2020;2:30:19;3.36;43.50;10.43;759.88;0.00;0.00;0.00
03.12.2020;2:31:19;3.33;43.49;10.43;759.87;0.00;0.00;0.00
03.12.2020;2:32:19;3.33;43.46;10.44;759.84;0.00;0.00;0.00
03.12.2020;2:33:19;3.35;43.50;10.43;759.82;0.00;0.00;0.00
03.12.2020;2:34:19;3.33;43.47;10.44;759.83;0.00;0.00;0.00
03.12.2020;2:35:19;3.33;43.52;10.45;759.85;0.00;0.00;0.00
03.12.2020;2:36:19;3.33;43.46;10.46;759.85;0.00;0.00;0.00
03.12.2020;2:37:19;3.33;43.32;10.45;759.83;0.00;0.00;0.00
03.12.2020;2:38:19;3.33;43.41;10.44;759.81;0.00;0.00;0.00
03.12.2020;2:39:19;3.33;43.41;10.45;759.80;0.00;0.00;0.00
03.12.2020;2:40:19;3.33;43.46;10.44;759.81;0.00;0.00;0.00
03.12.2020;2:41:19;3.35;43.49;10.45;759.82;0.00;0.00;0.00
03.12.2020;2:42:19;3.33;43.43;10.45;759.81;0.00;0.00;0.00
03.12.2020;2:43:19;3.33;43.43;10.46;759.82;0.00;0.00;0.00
03.12.2020;2:44:19;3.36;43.42;10.46;759.80;0.00;0.00;0.00
03.12.2020;2:45:19;3.33;43.31;10.45;759.80;0.00;0.00;0.00
03.12.2020;2:46:19;3.33;43.32;10.44;759.80;0.00;0.00;0.00
03.12.2020;2:47:19;3.35;43.49;10.44;759.81;0.00;0.00;0.00
03.12.2020;2:48:20;3.33;43.46;10.44;759.80;0.00;0.00;0.00
03.12.2020;2:49:20;3.33;43.40;10.44;759.79;0.00;0.00;0.00
03.12.2020;2:50:20;3.33;43.44;10.43;759.77;0.00;0.00;0.00
03.12.2020;2:51:20;3.33;43.43;10.43;759.75;0.00;0.00;0.00
03.12.2020;2:52:20;3.33;43.45;10.42;759.77;0.00;0.00;0.00
03.12.2020;2:53:20;3.33;43.48;10.42;759.78;0.00;0.00;0.00
03.12.2020;2:54:20;3.33;43.50;10.42;759.78;0.00;0.00;0.00
03.12.2020;2:55:20;3.35;43.46;10.42;759.77;0.00;0.00;0.00
03.12.2020;2:56:20;3.33;43.47;10.41;759.76;0.00;0.00;0.00
03.12.2020;2:57:20;3.33;43.45;10.42;759.76;0.00;0.00;0.00
03.12.2020;2:58:20;3.36;43.40;10.41;759.75;0.00;0.00;0.00
03.12.2020;2:59:20;3.33;43.40;10.41;759.77;0.00;0.00;0.00
03.12.2020;3:00:20;3.33;43.50;10.40;759.77;0.00;0.00;0.00
03.12.2020;3:01:20;3.35;43.53;10.40;759.76;0.00;0.00;0.00
03.12.2020;3:02:20;3.33;43.49;10.40;759.76;0.00;0.00;0.00
03.12.2020;3:03:20;3.33;43.49;10.40;759.77;0.00;0.00;0.00
03.12.2020;3:04:20;3.33;43.52;10.40;759.77;0.00;0.00;0.00
03.12.2020;3:05:20;3.33;43.54;10.40;759.77;0.00;0.00;0.00
03.12.2020;3:06:20;3.33;43.47;10.39;759.76;0.00;0.00;0.00
03.12.2020;3:07:20;3.33;43.48;10.39;759.76;0.00;0.00;0.00
03.12.2020;3:08:20;3.33;43.57;10.39;759.75;0.00;0.00;0.00
03.12.2020;3:09:20;3.35;43.53;10.39;759.75;0.00;0.00;0.00
03.12.2020;3:10:20;3.33;43.52;10.38;759.75;0.00;0.00;0.00
03.12.2020;3:11:20;3.33;43.50;10.37;759.73;0.00;0.00;0.00
03.12.2020;3:12:20;3.36;43.56;10.37;759.71;0.00;0.00;0.00
03.12.2020;3:13:20;3.33;43.57;10.37;759.71;0.00;0.00;0.00
03.12.2020;3:14:20;3.33;43.57;10.36;759.70;0.00;0.00;0.00
03.12.2020;3:15:20;3.35;43.60;10.36;759.70;0.00;0.00;0.00
03.12.2020;3:16:20;3.33;43.55;10.36;759.70;0.00;0.00;0.00
03.12.2020;3:17:20;3.33;43.59;10.36;759.70;0.00;0.00;0.00
03.12.2020;3:18:20;3.33;43.61;10.35;759.69;0.00;0.00;0.00
03.12.2020;3:19:20;3.33;43.63;10.35;759.70;0.00;0.00;0.00
03.12.2020;3:20:20;3.33;43.63;10.35;759.70;0.00;0.00;0.00
03.12.2020;3:21:21;3.33;43.58;10.36;759.72;0.00;0.00;0.00
03.12.2020;3:22:21;3.33;43.55;10.36;759.72;0.00;0.00;0.00
03.12.2020;3:23:21;3.35;43.60;10.36;759.71;0.00;0.00;0.00
03.12.2020;3:24:21;3.33;43.57;10.36;759.71;0.00;0.00;0.00
03.12.2020;3:25:21;3.33;43.48;10.36;759.69;0.00;0.00;0.00
03.12.2020;3:26:21;3.36;43.56;10.35;759.70;0.00;0.00;0.00
03.12.2020;3:27:21;3.33;43.63;10.35;759.70;0.00;0.00;0.00
03.12.2020;3:28:21;3.33;43.60;10.35;759.69;0.00;0.00;0.00
03.12.2020;3:29:21;3.35;43.54;10.35;759.68;0.00;0.00;0.00
03.12.2020;3:30:21;3.33;43.57;10.34;759.68;0.00;0.00;0.00
03.12.2020;3:31:21;3.33;43.59;10.35;759.67;0.00;0.00;0.00
03.12.2020;3:32:21;3.33;43.51;10.34;759.65;0.00;0.00;0.00
03.12.2020;3:33:21;3.33;43.60;10.35;759.66;0.00;0.00;0.00
03.12.2020;3:34:21;3.33;43.59;10.34;759.66;0.00;0.00;0.00
03.12.2020;3:35:21;3.33;43.62;10.34;759.66;0.00;0.00;0.00
03.12.2020;3:36:21;3.33;43.54;10.35;759.66;0.00;0.00;0.00
03.12.2020;3:37:21;3.35;43.52;10.35;759.65;0.00;0.00;0.00
03.12.2020;3:38:21;3.33;43.54;10.35;759.64;0.00;0.00;0.00
03.12.2020;3:39:21;3.33;43.58;10.34;759.62;0.00;0.00;0.00
03.12.2020;3:40:21;3.36;43.56;10.34;759.63;0.00;0.00;0.00
03.12.2020;3:41:21;3.33;43.59;10.35;759.63;0.00;0.00;0.00
03.12.2020;3:42:21;3.33;43.59;10.35;759.64;0.00;0.00;0.00
03.12.2020;3:43:21;3.35;43.58;10.35;759.64;0.00;0.00;0.00
03.12.2020;3:44:21;3.33;43.57;10.36;759.64;0.00;0.00;0.00
03.12.2020;3:45:21;3.33;43.49;10.35;759.64;0.00;0.00;0.00
03.12.2020;3:46:21;3.33;43.56;10.36;759.63;0.00;0.00;0.00
03.12.2020;3:47:21;3.33;43.54;10.36;759.64;0.00;0.00;0.00
03.12.2020;3:48:21;3.33;43.50;10.36;759.64;0.00;0.00;0.00
03.12.2020;3:49:21;3.33;43.54;10.36;759.64;0.00;0.00;0.00
03.12.2020;3:50:21;3.33;43.56;10.37;759.64;0.00;0.00;0.00
03.12.2020;3:51:21;3.35;43.48;10.37;759.63;0.00;0.00;0.00
03.12.2020;3:52:21;3.33;43.48;10.37;759.63;0.00;0.00;0.00
03.12.2020;3:53:22;3.33;43.45;10.37;759.62;0.00;0.00;0.00
03.12.2020;3:54:22;3.36;43.42;10.37;759.63;0.00;0.00;0.00
03.12.2020;3:55:22;3.33;43.48;10.37;759.61;0.00;0.00;0.00
03.12.2020;3:56:22;3.33;43.45;10.37;759.60;0.00;0.00;0.00
03.12.2020;3:57:22;3.35;43.43;10.36;759.60;0.00;0.00;0.00
03.12.2020;3:58:22;3.33;43.47;10.37;759.62;0.00;0.00;0.00
03.12.2020;3:59:22;3.33;43.50;10.37;759.63;0.00;0.00;0.00
03.12.2020;4:00:22;3.33;43.47;10.37;759.64;0.00;0.00;0.00
03.12.2020;4:01:22;3.33;43.33;10.36;759.64;0.00;0.00;0.00
03.12.2020;4:02:22;3.33;43.42;10.36;759.64;0.00;0.00;0.00
03.12.2020;4:03:22;3.33;43.38;10.36;759.64;0.00;0.00;0.00
03.12.2020;4:04:22;3.33;43.46;10.35;759.64;0.00;0.00;0.00
03.12.2020;4:05:22;3.35;43.53;10.36;759.64;0.00;0.00;0.00
03.12.2020;4:06:22;3.33;43.54;10.36;759.65;0.00;0.00;0.00
03.12.2020;4:07:22;3.33;43.49;10.36;759.66;0.00;0.00;0.00
03.12.2020;4:08:22;3.36;43.41;10.35;759.64;0.00;0.00;0.00
03.12.2020;4:09:22;3.33;43.50;10.36;759.63;0.00;0.00;0.00
03.12.2020;4:10:22;3.33;43.53;10.36;759.62;0.00;0.00;0.00
03.12.2020;4:11:22;3.35;43.47;10.36;759.61;0.00;0.00;0.00
03.12.2020;4:12:22;3.33;43.45;10.36;759.60;0.00;0.00;0.00
03.12.2020;4:13:22;3.33;43.38;10.36;759.59;0.00;0.00;0.00
03.12.2020;4:14:22;3.33;43.44;10.35;759.59;0.00;0.00;0.00
03.12.2020;4:15:22;3.33;43.52;10.34;759.57;0.00;0.00;0.00
03.12.2020;4:16:22;3.33;43.46;10.34;759.56;0.00;0.00;0.00
03.12.2020;4:17:22;3.33;43.46;10.36;759.57;0.00;0.00;0.00
03.12.2020;4:18:22;3.33;43.46;10.36;759.59;0.00;0.00;0.00
03.12.2020;4:19:22;3.35;43.48;10.36;759.61;0.00;0.00;0.00
03.12.2020;4:20:22;3.33;43.44;10.35;759.62;0.00;0.00;0.00
03.12.2020;4:21:22;3.33;43.48;10.34;759.63;0.00;0.00;0.00
03.12.2020;4:22:22;3.36;43.51;10.35;759.63;0.00;0.00;0.00
03.12.2020;4:23:22;3.33;43.44;10.35;759.63;0.00;0.00;0.00
03.12.2020;4:24:22;3.33;43.47;10.35;759.63;0.00;0.00;0.00
03.12.2020;4:25:22;3.35;43.47;10.35;759.63;0.00;0.00;0.00
03.12.2020;4:26:23;3.33;43.48;10.35;759.62;0.00;0.00;0.00
03.12.2020;4:27:23;3.33;43.44;10.35;759.63;0.00;0.00;0.00
03.12.2020;4:28:23;3.33;43.42;10.35;759.63;0.00;0.00;0.00
03.12.2020;4:29:23;3.33;43.48;10.34;759.63;0.00;0.00;0.00
03.12.2020;4:30:23;3.33;43.52;10.34;759.63;0.00;0.00;0.00
03.12.2020;4:31:23;3.33;43.38;10.34;759.62;0.00;0.00;0.00
03.12.2020;4:32:23;3.33;43.46;10.34;759.62;0.00;0.00;0.00
03.12.2020;4:33:23;3.35;43.46;10.34;759.62;0.00;0.00;0.00
03.12.2020;4:34:23;3.33;43.51;10.34;759.62;0.00;0.00;0.00
03.12.2020;4:35:23;3.33;43.46;10.34;759.61;0.00;0.00;0.00
03.12.2020;4:36:23;3.36;43.45;10.34;759.61;0.00;0.00;0.00
03.12.2020;4:37:23;3.33;43.46;10.34;759.60;0.00;0.00;0.00
03.12.2020;4:38:23;3.33;43.41;10.33;759.59;0.00;0.00;0.00
03.12.2020;4:39:23;3.35;43.47;10.32;759.59;0.00;0.00;0.00
03.12.2020;4:40:23;3.33;43.49;10.32;759.59;0.00;0.00;0.00
03.12.2020;4:41:23;3.33;43.49;10.32;759.60;0.00;0.00;0.00
03.12.2020;4:42:23;3.33;43.54;10.32;759.61;0.00;0.00;0.00
03.12.2020;4:43:23;3.33;43.48;10.32;759.61;0.00;0.00;0.00
03.12.2020;4:44:23;3.33;43.53;10.31;759.62;0.00;0.00;0.00
03.12.2020;4:45:23;3.33;43.51;10.30;759.62;0.00;0.00;0.00
03.12.2020;4:46:23;3.33;43.52;10.30;759.61;0.00;0.00;0.00
03.12.2020;4:47:23;3.35;43.51;10.29;759.62;0.00;0.00;0.00
03.12.2020;4:48:23;3.33;43.53;10.29;759.61;0.00;0.00;0.00
03.12.2020;4:49:23;3.33;43.49;10.29;759.61;0.00;0.00;0.00
03.12.2020;4:50:23;3.36;43.58;10.29;759.60;0.00;0.00;0.00
03.12.2020;4:51:23;3.33;43.54;10.29;759.60;0.00;0.00;0.00
03.12.2020;4:52:23;3.33;43.55;10.28;759.60;0.00;0.00;0.00
03.12.2020;4:53:23;3.35;43.53;10.28;759.59;0.00;0.00;0.00
03.12.2020;4:54:23;3.33;43.57;10.27;759.59;0.00;0.00;0.00
03.12.2020;4:55:23;3.33;43.57;10.27;759.59;0.00;0.00;0.00
03.12.2020;4:56:23;3.33;43.63;10.26;759.61;0.00;0.00;0.00
03.12.2020;4:57:23;3.33;43.61;10.26;759.62;0.00;0.00;0.00
03.12.2020;4:58:23;3.33;43.64;10.26;759.62;0.00;0.00;0.00
03.12.2020;4:59:24;3.33;43.67;10.27;759.62;0.00;0.00;0.00
03.12.2020;5:00:24;3.33;43.64;10.26;759.62;0.00;0.00;0.00
03.12.2020;5:01:24;3.35;43.64;10.26;759.61;0.00;0.00;0.00
03.12.2020;5:02:24;3.33;43.67;10.27;759.60;0.00;0.00;0.00
03.12.2020;5:03:24;3.33;43.60;10.26;759.61;0.00;0.00;0.00
03.12.2020;5:04:24;3.36;43.64;10.26;759.61;0.00;0.00;0.00
03.12.2020;5:05:24;3.33;43.59;10.25;759.60;0.00;0.00;0.00
03.12.2020;5:06:24;3.33;43.56;10.24;759.59;0.00;0.00;0.00
03.12.2020;5:07:24;3.35;43.66;10.23;759.59;0.00;0.00;0.00
03.12.2020;5:08:24;3.33;43.69;10.23;759.60;0.00;0.00;0.00
03.12.2020;5:09:24;3.33;43.66;10.23;759.61;0.00;0.00;0.00
03.12.2020;5:10:24;3.33;43.69;10.22;759.61;0.00;0.00;0.00
03.12.2020;5:11:24;3.33;43.74;10.22;759.59;0.00;0.00;0.00
03.12.2020;5:12:24;3.33;43.66;10.22;759.58;0.00;0.00;0.00
03.12.2020;5:13:24;3.33;43.65;10.22;759.57;0.00;0.00;0.00
03.12.2020;5:14:24;3.33;43.65;10.22;759.58;0.00;0.00;0.00
03.12.2020;5:15:24;3.35;43.72;10.21;759.59;0.00;0.00;0.00
03.12.2020;5:16:24;3.33;43.76;10.21;759.59;0.00;0.00;0.00
03.12.2020;5:17:24;3.33;43.74;10.21;759.60;0.00;0.00;0.00
03.12.2020;5:18:24;3.36;43.70;10.21;759.60;0.00;0.00;0.00
03.12.2020;5:19:24;3.33;43.73;10.20;759.59;0.00;0.00;0.00
03.12.2020;5:20:24;3.33;43.73;10.20;759.60;0.00;0.00;0.00
03.12.2020;5:21:24;3.35;43.73;10.20;759.60;0.00;0.00;0.00
03.12.2020;5:22:24;3.33;43.74;10.19;759.60;0.00;0.00;0.00
03.12.2020;5:23:24;3.33;43.76;10.19;759.61;0.00;0.00;0.00
03.12.2020;5:24:24;3.33;43.74;10.19;759.61;0.00;0.00;0.00
03.12.2020;5:25:24;3.33;43.81;10.19;759.61;0.00;0.00;0.00
03.12.2020;5:26:24;3.33;43.83;10.19;759.61;0.00;0.00;0.00
03.12.2020;5:27:24;3.33;43.78;10.20;759.60;0.00;0.00;0.00
03.12.2020;5:28:24;3.33;43.82;10.20;759.60;0.00;0.00;0.00
03.12.2020;5:29:24;3.35;43.65;10.20;759.59;0.00;0.00;0.00
03.12.2020;5:30:24;3.33;43.79;10.19;759.58;0.00;0.00;0.00
03.12.2020;5:31:25;3.33;43.84;10.19;759.57;0.00;0.00;0.00
03.12.2020;5:32:25;3.36;43.80;10.20;759.56;0.00;0.00;0.00
03.12.2020;5:33:25;3.33;43.67;10.20;759.55;0.00;0.00;0.00
03.12.2020;5:34:25;3.33;43.81;10.19;759.55;0.00;0.00;0.00
03.12.2020;5:35:25;3.35;43.81;10.20;759.56;0.00;0.00;0.00
03.12.2020;5:36:25;3.33;43.77;10.20;759.57;0.00;0.00;0.00
03.12.2020;5:37:25;3.33;43.79;10.21;759.58;0.00;0.00;0.00
03.12.2020;5:38:25;3.33;43.67;10.21;759.56;0.00;0.00;0.00
03.12.2020;5:39:25;3.33;43.75;10.21;759.56;0.00;0.00;0.00
03.12.2020;5:40:25;3.33;43.68;10.22;759.57;0.00;0.00;0.00
03.12.2020;5:41:25;3.33;43.58;10.22;759.58;0.00;0.00;0.00
03.12.2020;5:42:25;3.33;43.70;10.22;759.59;0.00;0.00;0.00
03.12.2020;5:43:25;3.35;43.67;10.22;759.58;0.00;0.00;0.00
03.12.2020;5:44:25;3.33;43.65;10.22;759.58;0.00;0.00;0.00
03.12.2020;5:45:25;3.33;43.69;10.22;759.58;0.00;0.00;0.00
03.12.2020;5:46:25;3.36;43.69;10.22;759.58;0.00;0.00;0.00
03.12.2020;5:47:25;3.33;43.63;10.23;759.59;0.00;0.00;0.00
03.12.2020;5:48:25;3.33;43.66;10.23;759.61;0.00;0.00;0.00
03.12.2020;5:49:25;3.35;43.69;10.23;759.61;0.00;0.00;0.00
03.12.2020;5:50:25;3.33;43.67;10.24;759.60;0.00;0.00;0.00
03.12.2020;5:51:25;3.33;43.66;10.24;759.58;0.00;0.00;0.00
03.12.2020;5:52:25;3.33;43.68;10.25;759.57;0.00;0.00;0.00
03.12.2020;5:53:25;3.33;43.64;10.25;759.57;0.00;0.00;0.00
03.12.2020;5:54:25;3.33;43.64;10.26;759.59;0.00;0.00;0.00
03.12.2020;5:55:25;3.33;43.56;10.27;759.61;0.00;0.00;0.00
03.12.2020;5:56:25;3.33;43.50;10.26;759.60;0.00;0.00;0.00
03.12.2020;5:57:25;3.35;43.59;10.26;759.59;0.00;0.00;0.00
03.12.2020;5:58:25;3.33;43.60;10.26;759.57;0.00;0.00;0.00
03.12.2020;5:59:25;3.33;43.62;10.26;759.56;0.00;0.00;0.00
03.12.2020;6:00:25;3.36;43.55;10.27;759.55;0.00;0.00;0.00
03.12.2020;6:01:25;3.33;43.53;10.27;759.55;0.00;0.00;0.00
03.12.2020;6:02:25;3.33;43.52;10.27;759.55;0.00;0.00;0.00
03.12.2020;6:03:25;3.35;43.57;10.27;759.54;0.00;0.00;0.00
03.12.2020;6:04:26;3.33;43.61;10.28;759.54;0.00;0.00;0.00
03.12.2020;6:05:26;3.33;43.43;10.27;759.53;0.00;0.00;0.00
03.12.2020;6:06:26;3.33;43.49;10.27;759.52;0.00;0.00;0.00
03.12.2020;6:07:26;3.33;43.54;10.26;759.50;0.00;0.00;0.00
03.12.2020;6:08:26;3.33;43.58;10.26;759.51;0.00;0.00;0.00
03.12.2020;6:09:26;3.33;43.56;10.25;759.52;0.00;0.00;0.00
03.12.2020;6:10:26;3.33;43.59;10.25;759.51;0.00;0.00;0.00
03.12.2020;6:11:26;3.35;43.54;10.24;759.52;0.00;0.00;0.00
03.12.2020;6:12:26;3.33;43.57;10.24;759.53;0.00;0.00;0.00
03.12.2020;6:13:26;3.33;43.46;10.23;759.52;0.00;0.00;0.00
03.12.2020;6:14:26;3.36;43.62;10.22;759.51;0.00;0.00;0.00
03.12.2020;6:15:26;3.33;43.60;10.22;759.49;0.00;0.00;0.00
03.12.2020;6:16:26;3.33;43.66;10.22;759.48;0.00;0.00;0.00
03.12.2020;6:17:26;3.35;43.57;10.21;759.49;0.00;0.00;0.00
03.12.2020;6:18:26;3.33;43.67;10.21;759.50;0.00;0.00;0.00
03.12.2020;6:19:26;3.33;43.68;10.20;759.50;0.00;0.00;0.00
03.12.2020;6:20:26;3.33;43.65;10.19;759.49;0.00;0.00;0.00
03.12.2020;6:21:26;3.33;43.67;10.19;759.48;0.00;0.00;0.00
03.12.2020;6:22:26;3.33;43.66;10.19;759.48;0.00;0.00;0.00
03.12.2020;6:23:26;3.33;43.63;10.18;759.47;0.00;0.00;0.00
03.12.2020;6:24:26;3.33;43.69;10.17;759.47;0.00;0.00;0.00
03.12.2020;6:25:26;3.35;43.70;10.17;759.48;0.00;0.00;0.00
03.12.2020;6:26:26;3.33;43.75;10.17;759.49;0.00;0.00;0.00
03.12.2020;6:27:26;3.33;43.80;10.17;759.49;0.00;0.00;0.00
03.12.2020;6:28:26;3.36;43.78;10.18;759.50;0.00;0.00;0.00
03.12.2020;6:29:26;3.33;43.75;10.18;759.51;0.00;0.00;0.00
03.12.2020;6:30:26;3.33;43.74;10.17;759.50;0.00;0.00;0.00
03.12.2020;6:31:26;3.35;43.74;10.17;759.50;0.00;0.00;0.00
03.12.2020;6:32:26;3.33;43.68;10.16;759.49;0.00;0.00;0.00
03.12.2020;6:33:26;3.33;43.72;10.16;759.49;0.00;0.00;0.00
03.12.2020;6:34:26;3.33;43.78;10.16;759.48;0.00;0.00;0.00
03.12.2020;6:35:26;3.33;43.69;10.16;759.48;0.00;0.00;0.00
03.12.2020;6:36:26;3.33;43.73;10.17;759.48;0.00;0.00;0.00
03.12.2020;6:37:27;3.33;43.69;10.16;759.47;0.00;0.00;0.00
03.12.2020;6:38:27;3.33;43.69;10.16;759.49;0.00;0.00;0.00
03.12.2020;6:39:27;3.35;43.80;10.17;759.51;0.00;0.00;0.00
03.12.2020;6:40:27;3.33;43.79;10.17;759.51;0.00;0.00;0.00
03.12.2020;6:41:27;3.33;43.68;10.17;759.53;0.00;0.00;0.00
03.12.2020;6:42:27;3.36;43.69;10.17;759.53;0.00;0.00;0.00
03.12.2020;6:43:27;3.33;43.68;10.17;759.53;0.00;0.00;0.00
03.12.2020;6:44:27;3.33;43.66;10.17;759.54;0.00;0.00;0.00
03.12.2020;6:45:27;3.35;43.71;10.17;759.55;0.00;0.00;0.00
03.12.2020;6:46:27;3.33;43.74;10.17;759.56;0.00;0.00;0.00
03.12.2020;6:47:27;3.33;43.69;10.16;759.57;0.00;0.00;0.00
03.12.2020;6:48:27;3.33;43.71;10.16;759.58;0.00;0.00;0.00
03.12.2020;6:49:27;3.33;43.68;10.16;759.59;0.00;0.00;0.00
03.12.2020;6:50:27;3.33;43.71;10.15;759.59;0.00;0.00;0.00
03.12.2020;6:51:27;3.33;43.72;10.15;759.59;0.00;0.00;0.00
03.12.2020;6:52:27;3.33;43.75;10.14;759.58;0.00;0.00;0.00
03.12.2020;6:53:27;3.35;43.70;10.14;759.58;0.00;0.00;0.00
03.12.2020;6:54:27;3.33;43.65;10.13;759.59;0.00;0.00;0.00
03.12.2020;6:55:27;3.33;43.74;10.13;759.61;0.00;0.00;0.00
03.12.2020;6:56:27;3.36;43.68;10.13;759.62;0.00;0.00;0.00
03.12.2020;6:57:27;3.33;43.80;10.13;759.63;0.00;0.00;0.00
03.12.2020;6:58:27;3.33;43.83;10.13;759.63;0.00;0.00;0.00
03.12.2020;6:59:27;3.35;43.75;10.13;759.62;0.00;0.00;0.00
03.12.2020;7:00:27;3.33;43.77;10.13;759.62;0.00;0.00;0.00
03.12.2020;7:01:27;3.33;43.78;10.13;759.62;0.00;0.00;0.00
03.12.2020;7:02:27;3.33;43.71;10.13;759.61;0.00;0.00;0.00
03.12.2020;7:03:27;3.33;43.75;10.13;759.61;0.00;0.00;0.00
03.12.2020;7:04:27;3.33;43.82;10.12;759.59;0.00;0.00;0.00
03.12.2020;7:05:27;3.33;43.83;10.13;759.59;0.00;0.00;0.00
03.12.2020;7:06:27;3.33;43.81;10.13;759.56;0.00;0.00;0.00
03.12.2020;7:07:27;3.35;43.77;10.14;759.55;0.00;0.00;0.00
03.12.2020;7:08:27;3.33;43.72;10.13;759.54;0.00;0.00;0.00
03.12.2020;7:09:27;3.33;43.76;10.13;759.55;0.00;0.00;0.00
03.12.2020;7:10:28;3.36;43.78;10.13;759.57;0.00;0.00;0.00
03.12.2020;7:11:28;3.33;43.80;10.13;759.57;0.00;0.00;0.00
03.12.2020;7:12:28;3.33;43.82;10.13;759.56;0.00;0.00;0.00
03.12.2020;7:13:28;3.35;43.71;10.13;759.56;0.00;0.00;0.00
03.12.2020;7:14:28;3.33;43.69;10.13;759.56;0.00;0.00;0.00
03.12.2020;7:15:28;3.33;43.68;10.13;759.55;0.00;0.00;0.00
03.12.2020;7:16:28;3.33;43.62;10.12;759.55;0.00;0.00;0.00
03.12.2020;7:17:28;3.33;43.78;10.12;759.55;0.00;0.00;0.00
03.12.2020;7:18:28;3.33;43.80;10.13;759.55;0.00;0.00;0.00
03.12.2020;7:19:28;3.33;43.73;10.13;759.56;0.00;0.00;0.00
03.12.2020;7:20:28;3.33;43.71;10.13;759.55;0.00;0.00;0.00
03.12.2020;7:21:28;3.40;43.72;10.13;759.56;0.00;0.00;0.00
03.12.2020;7:22:28;4.08;43.72;10.12;759.57;0.00;0.00;0.00
03.12.2020;7:23:28;4.17;43.79;10.13;759.57;0.00;0.00;0.00
03.12.2020;7:24:28;4.19;43.74;10.14;759.56;0.00;0.00;0.00
03.12.2020;7:25:28;4.17;43.66;10.14;759.55;0.00;0.00;0.00
03.12.2020;7:26:28;4.73;43.60;10.14;759.55;0.00;0.00;0.00
03.12.2020;7:27:28;5.01;43.72;10.13;759.54;0.00;0.00;0.00
03.12.2020;7:28:28;5.00;43.69;10.13;759.54;0.00;0.00;0.00
03.12.2020;7:29:28;5.01;43.68;10.12;759.55;0.00;0.00;0.00
03.12.2020;7:30:28;5.79;43.69;10.13;759.55;0.00;0.00;0.00
03.12.2020;7:31:28;5.83;43.64;10.13;759.55;0.00;0.00;0.00
03.12.2020;7:32:28;5.96;43.76;10.13;759.56;0.00;0.00;0.00
03.12.2020;7:33:28;6.67;43.60;10.13;759.57;0.00;0.00;0.00
03.12.2020;7:34:28;6.67;43.68;10.12;759.59;0.00;0.00;0.00
03.12.2020;7:35:28;6.69;43.68;10.12;759.59;0.00;0.00;0.00
03.12.2020;7:36:28;6.75;43.74;10.11;759.60;0.00;0.00;0.00
03.12.2020;7:37:28;7.56;43.79;10.11;759.60;0.00;0.00;0.00
03.12.2020;7:38:28;8.56;43.77;10.12;759.60;0.00;0.00;0.00
03.12.2020;7:39:28;9.17;43.71;10.12;759.61;0.00;0.00;0.00
03.12.2020;7:40:28;8.98;43.73;10.12;759.62;0.00;0.00;0.00
03.12.2020;7:41:28;8.35;43.75;10.12;759.63;0.00;0.00;0.00
03.12.2020;7:42:29;8.75;43.70;10.12;759.63;0.00;0.00;0.00
03.12.2020;7:43:29;9.73;43.73;10.12;759.64;0.00;0.00;0.00
03.12.2020;7:44:29;10.12;43.71;10.12;759.64;0.00;0.00;0.00
03.12.2020;7:45:29;11.72;43.72;10.12;759.65;0.00;0.00;0.00
03.12.2020;7:46:29;12.50;43.70;10.12;759.66;0.00;0.00;0.00
03.12.2020;7:47:29;12.50;43.71;10.12;759.67;0.00;0.00;0.00
03.12.2020;7:48:29;12.98;43.68;10.12;759.66;0.00;0.00;0.00
03.12.2020;7:49:29;12.69;43.71;10.12;759.65;0.00;0.00;0.00
03.12.2020;7:50:29;12.50;43.75;10.12;759.66;0.00;0.00;0.00
03.12.2020;7:51:29;13.02;43.67;10.12;759.66;0.00;0.00;0.00
03.12.2020;7:52:29;14.75;43.68;10.12;759.65;0.00;0.00;0.00
03.12.2020;7:53:29;16.78;43.65;10.11;759.64;0.00;0.00;0.00
03.12.2020;7:54:29;18.39;43.74;10.11;759.64;0.00;0.00;0.00
03.12.2020;7:55:29;19.18;43.71;10.11;759.64;0.00;0.00;0.00
03.12.2020;7:56:29;18.79;43.72;10.11;759.65;0.00;0.00;0.00
03.12.2020;7:57:29;16.95;43.74;10.10;759.67;0.00;0.00;0.00
03.12.2020;7:58:29;16.07;43.76;10.11;759.70;0.00;0.00;0.00
03.12.2020;7:59:29;16.91;43.64;10.10;759.69;0.00;0.00;0.00
03.12.2020;8:00:29;18.12;43.72;10.10;759.70;0.00;0.00;0.00
03.12.2020;8:01:29;19.25;43.73;10.10;759.70;0.00;0.00;0.00
03.12.2020;8:02:29;21.65;43.71;10.10;759.70;0.01;0.00;0.00
03.12.2020;8:03:29;25.29;43.70;10.10;759.70;0.02;0.00;0.00
03.12.2020;8:04:29;27.47;43.76;10.10;759.70;0.03;0.00;0.00
03.12.2020;8:05:29;27.01;43.73;10.11;759.71;0.03;0.00;0.00
03.12.2020;8:06:29;25.22;43.65;10.11;759.71;0.02;0.00;0.00
03.12.2020;8:07:29;25.83;43.66;10.11;759.70;0.02;0.00;0.00
03.12.2020;8:08:29;30.08;43.69;10.11;759.69;0.04;0.00;0.00
03.12.2020;8:09:29;36.51;43.69;10.11;759.68;0.06;0.00;0.00
03.12.2020;8:10:29;38.92;43.68;10.11;759.68;0.07;0.00;0.00
03.12.2020;8:11:29;35.73;43.72;10.12;759.69;0.06;0.00;0.00
03.12.2020;8:12:29;32.10;43.55;10.12;759.69;0.05;0.00;0.00
03.12.2020;8:13:29;34.32;43.61;10.11;759.68;0.06;0.00;0.00
03.12.2020;8:14:30;36.69;43.59;10.11;759.68;0.06;0.00;0.00
03.12.2020;8:15:30;38.76;43.72;10.11;759.67;0.07;0.00;0.00
03.12.2020;8:16:30;38.32;43.69;10.11;759.66;0.07;0.00;0.00
03.12.2020;8:17:30;42.97;43.67;10.11;759.66;0.08;0.00;0.00
03.12.2020;8:18:30;48.92;43.65;10.11;759.65;0.10;0.00;0.00
03.12.2020;8:19:30;52.06;43.65;10.11;759.65;0.11;0.00;0.00
03.12.2020;8:20:30;49.60;43.67;10.12;759.66;0.10;0.00;0.00
03.12.2020;8:21:30;44.56;43.66;10.12;759.67;0.09;0.00;0.00
03.12.2020;8:22:30;43.47;43.63;10.12;759.67;0.09;0.00;0.00
03.12.2020;8:23:30;48.08;43.69;10.11;759.67;0.10;0.00;0.00
03.12.2020;8:24:30;50.97;43.72;10.12;759.67;0.11;0.00;0.00
03.12.2020;8:25:30;56.00;43.66;10.13;759.67;0.13;0.00;0.00
03.12.2020;8:26:30;67.53;43.64;10.13;759.66;0.17;0.00;0.00
03.12.2020;8:27:30;67.20;43.69;10.13;759.65;0.17;0.00;0.00
03.12.2020;8:28:30;60.64;43.62;10.13;759.66;0.15;0.00;0.00
03.12.2020;8:29:30;64.86;43.62;10.13;759.66;0.16;0.00;0.00
03.12.2020;8:30:30;70.24;43.67;10.14;759.65;0.18;0.00;0.00
03.12.2020;8:31:30;75.18;43.64;10.14;759.65;0.19;0.00;0.00
03.12.2020;8:32:30;74.92;43.66;10.14;759.64;0.19;0.00;0.00
03.12.2020;8:33:30;83.50;43.64;10.15;759.65;0.23;0.00;0.00
03.12.2020;8:34:30;84.61;43.65;10.16;759.65;0.23;0.00;0.00
03.12.2020;8:35:30;75.74;43.63;10.17;759.66;0.20;0.00;0.00
03.12.2020;8:36:30;75.86;43.62;10.18;759.66;0.20;0.00;0.00
03.12.2020;8:37:30;88.51;43.60;10.19;759.66;0.25;0.00;0.00
03.12.2020;8:38:30;98.64;43.50;10.19;759.66;0.28;0.00;0.00
03.12.2020;8:39:30;91.17;43.54;10.19;759.66;0.25;0.00;0.00
03.12.2020;8:40:30;81.57;43.53;10.20;759.67;0.22;0.00;0.00
03.12.2020;8:41:30;93.67;43.54;10.20;759.67;0.26;0.00;0.00
03.12.2020;8:42:30;104.47;43.52;10.21;759.68;0.29;0.00;0.00
03.12.2020;8:43:30;98.08;43.47;10.21;759.70;0.27;0.00;0.00
03.12.2020;8:44:31;92.03;43.50;10.21;759.69;0.25;0.00;0.00
03.12.2020;8:45:31;89.85;43.46;10.21;759.68;0.24;0.00;0.00
03.12.2020;8:46:31;88.99;43.49;10.21;759.68;0.24;0.00;0.00
03.12.2020;8:47:31;94.39;43.48;10.21;759.67;0.26;0.00;0.00
03.12.2020;8:48:31;96.94;43.49;10.21;759.68;0.27;0.00;0.00
03.12.2020;8:49:31;105.54;43.53;10.22;759.68;0.31;0.00;0.00
03.12.2020;8:50:31;122.39;43.51;10.22;759.67;0.36;0.00;0.00
03.12.2020;8:51:31;127.74;43.51;10.22;759.67;0.38;0.00;0.00
03.12.2020;8:52:31;130.72;43.47;10.23;759.68;0.38;0.00;0.00
03.12.2020;8:53:31;132.68;43.33;10.23;759.68;0.39;0.00;0.00
03.12.2020;8:54:31;125.38;43.46;10.23;759.69;0.36;0.00;0.00
03.12.2020;8:55:31;125.99;43.54;10.24;759.71;0.37;0.00;0.00
03.12.2020;8:56:31;132.75;43.50;10.27;759.71;0.39;0.00;0.00
03.12.2020;8:57:31;137.78;43.45;10.27;759.70;0.41;-0.00;-0.00
03.12.2020;8:58:31;128.70;43.49;10.28;759.71;0.38;0.00;0.00
03.12.2020;8:59:31;133.32;43.56;10.29;759.71;0.39;0.00;0.00
03.12.2020;9:00:31;134.96;43.57;10.31;759.71;0.39;0.00;0.00
03.12.2020;9:01:31;134.76;43.50;10.32;759.72;0.39;0.00;0.00
03.12.2020;9:02:31;133.25;43.52;10.34;759.73;0.39;0.00;0.00
03.12.2020;9:03:31;145.24;43.52;10.35;759.75;0.43;0.02;0.01
03.12.2020;9:04:31;149.07;43.51;10.37;759.76;0.44;0.03;0.01
03.12.2020;9:05:31;139.68;43.50;10.40;759.76;0.41;0.00;0.00
03.12.2020;9:06:31;146.74;43.36;10.42;759.76;0.44;0.03;0.01
03.12.2020;9:07:31;160.72;43.24;10.43;759.75;0.48;0.11;0.05
03.12.2020;9:08:31;152.93;43.35;10.45;759.74;0.45;0.07;0.03
03.12.2020;9:09:31;145.11;43.37;10.47;759.75;0.43;0.01;0.00
03.12.2020;9:10:31;146.83;43.36;10.49;759.73;0.43;0.03;0.01
03.12.2020;9:11:31;159.71;43.15;10.50;759.73;0.48;0.11;0.05
03.12.2020;9:12:31;171.03;43.26;10.52;759.73;0.52;0.18;0.09
03.12.2020;9:13:31;175.26;43.18;10.53;759.72;0.53;0.20;0.11
03.12.2020;9:14:32;177.44;43.25;10.56;759.73;0.54;0.21;0.11
03.12.2020;9:15:32;189.90;43.20;10.57;759.72;0.58;0.30;0.17
03.12.2020;9:16:32;189.37;43.14;10.60;759.73;0.58;0.29;0.17
03.12.2020;9:17:32;189.55;43.08;10.62;759.73;0.58;0.30;0.17
03.12.2020;9:18:32;200.51;43.11;10.63;759.75;0.62;0.34;0.21
03.12.2020;9:19:32;220.99;43.03;10.65;759.75;0.68;0.43;0.29
03.12.2020;9:20:32;209.00;43.04;10.68;759.76;0.63;0.37;0.23
03.12.2020;9:21:32;185.07;42.99;10.69;759.77;0.55;0.24;0.14
03.12.2020;9:22:32;196.39;42.86;10.72;759.77;0.60;0.32;0.19
03.12.2020;9:23:32;208.65;42.87;10.73;759.77;0.64;0.39;0.25
03.12.2020;9:24:32;205.62;42.85;10.74;759.77;0.63;0.38;0.24
03.12.2020;9:25:32;188.32;42.87;10.76;759.77;0.57;0.27;0.15
03.12.2020;9:26:32;175.68;42.80;10.77;759.77;0.53;0.21;0.11
03.12.2020;9:27:32;172.51;42.77;10.78;759.77;0.52;0.18;0.09
03.12.2020;9:28:32;161.10;42.80;10.78;759.76;0.48;0.11;0.05
03.12.2020;9:29:32;165.28;42.80;10.79;759.76;0.50;0.15;0.07
03.12.2020;9:30:32;171.57;42.79;10.80;759.76;0.51;0.19;0.10
03.12.2020;9:31:32;166.88;42.74;10.82;759.77;0.50;0.15;0.07
03.12.2020;9:32:32;159.75;42.79;10.83;759.76;0.47;0.10;0.05
03.12.2020;9:33:32;161.20;42.67;10.85;759.78;0.48;0.11;0.05
03.12.2020;9:34:32;155.06;42.74;10.86;759.78;0.46;0.07;0.03
03.12.2020;9:35:32;153.50;42.73;10.88;759.78;0.46;0.07;0.03
03.12.2020;9:36:32;166.06;42.45;10.88;759.78;0.50;0.14;0.07
03.12.2020;9:37:32;168.93;42.66;10.88;759.80;0.50;0.15;0.08
03.12.2020;9:38:32;154.68;42.64;10.89;759.79;0.45;0.06;0.03
03.12.2020;9:39:32;141.08;42.57;10.91;759.79;0.41;0.00;0.00
03.12.2020;9:40:32;141.86;42.61;10.93;759.80;0.41;0.00;0.00
03.12.2020;9:41:32;138.43;42.57;10.94;759.82;0.40;0.00;0.00
03.12.2020;9:42:33;142.67;42.61;10.94;759.82;0.42;0.01;0.00
03.12.2020;9:43:33;152.07;42.61;10.96;759.84;0.45;0.07;0.03
03.12.2020;9:44:33;155.76;42.46;10.96;759.84;0.46;0.08;0.04
03.12.2020;9:45:33;158.71;42.47;10.97;759.84;0.47;0.10;0.05
03.12.2020;9:46:33;145.86;42.51;10.98;759.84;0.42;0.01;0.00
03.12.2020;9:47:33;135.96;42.55;10.99;759.84;0.39;0.00;0.00
03.12.2020;9:48:33;129.69;42.40;11.01;759.83;0.37;0.00;0.00
03.12.2020;9:49:33;135.90;42.49;11.01;759.82;0.39;0.00;0.00
03.12.2020;9:50:33;147.86;42.48;11.02;759.81;0.43;0.01;0.00
03.12.2020;9:51:33;146.07;42.38;11.01;759.81;0.42;0.00;0.00
03.12.2020;9:52:33;152.70;42.43;11.02;759.82;0.45;0.05;0.02
03.12.2020;9:53:33;164.81;42.52;11.02;759.83;0.49;0.12;0.06
03.12.2020;9:54:33;161.74;42.51;11.04;759.84;0.47;0.11;0.05
03.12.2020;9:55:33;155.64;42.44;11.05;759.84;0.45;0.07;0.03
03.12.2020;9:56:33;172.85;42.37;11.05;759.84;0.51;0.17;0.09
03.12.2020;9:57:33;196.20;42.44;11.05;759.83;0.58;0.29;0.17
03.12.2020;9:58:33;206.18;42.34;11.06;759.83;0.61;0.33;0.20
03.12.2020;9:59:33;226.79;42.24;11.06;759.81;0.67;0.44;0.30
03.12.2020;10:00:33;249.10;42.34;11.07;759.80;0.74;0.54;0.40
03.12.2020;10:01:33;283.68;42.36;11.08;759.80;0.84;0.72;0.60
03.12.2020;10:02:33;290.55;42.31;11.10;759.80;0.85;0.73;0.62
03.12.2020;10:03:33;257.56;42.31;11.12;759.81;0.75;0.56;0.42
03.12.2020;10:04:33;216.30;42.28;11.12;759.82;0.63;0.37;0.23
03.12.2020;10:05:33;206.81;42.28;11.13;759.81;0.60;0.32;0.19
03.12.2020;10:06:33;211.71;42.25;11.14;759.81;0.62;0.36;0.22
03.12.2020;10:07:33;213.57;42.27;11.14;759.81;0.62;0.36;0.22
03.12.2020;10:08:33;210.18;42.25;11.15;759.81;0.61;0.33;0.20
03.12.2020;10:09:33;192.66;42.23;11.15;759.81;0.55;0.24;0.13
03.12.2020;10:10:33;192.06;42.22;11.15;759.80;0.56;0.24;0.13
03.12.2020;10:11:34;214.03;42.24;11.17;759.81;0.62;0.35;0.21
03.12.2020;10:12:34;197.47;42.32;11.17;759.80;0.56;0.26;0.15
03.12.2020;10:13:34;177.76;42.26;11.17;759.80;0.50;0.16;0.08
03.12.2020;10:14:34;167.46;42.23;11.17;759.79;0.47;0.10;0.05
03.12.2020;10:15:34;167.81;42.25;11.16;759.77;0.48;0.11;0.05
03.12.2020;10:16:34;163.94;42.27;11.16;759.76;0.47;0.10;0.05
03.12.2020;10:17:34;165.03;42.22;11.15;759.76;0.48;0.11;0.05
03.12.2020;10:18:34;177.43;42.27;11.15;759.76;0.52;0.18;0.09
03.12.2020;10:19:34;195.65;42.28;11.16;759.75;0.58;0.29;0.17
03.12.2020;10:20:34;217.49;42.33;11.16;759.74;0.65;0.40;0.26
03.12.2020;10:21:34;222.77;42.32;11.17;759.75;0.66;0.42;0.28
03.12.2020;10:22:34;206.93;42.30;11.17;759.74;0.61;0.35;0.21
03.12.2020;10:23:34;197.71;42.39;11.17;759.75;0.59;0.31;0.18
03.12.2020;10:24:34;195.75;42.38;11.19;759.76;0.58;0.30;0.17
03.12.2020;10:25:34;200.72;42.37;11.20;759.78;0.60;0.32;0.19
03.12.2020;10:26:34;212.32;42.27;11.21;759.78;0.64;0.39;0.25
03.12.2020;10:27:34;221.99;42.27;11.21;759.77;0.67;0.42;0.29
03.12.2020;10:28:34;228.62;42.31;11.22;759.76;0.69;0.47;0.33
03.12.2020;10:29:34;233.12;42.25;11.22;759.75;0.71;0.50;0.35
03.12.2020;10:30:34;250.44;42.25;11.22;759.74;0.77;0.57;0.44
03.12.2020;10:31:34;264.83;42.22;11.23;759.72;0.81;0.64;0.52
03.12.2020;10:32:34;259.72;42.20;11.23;759.69;0.79;0.61;0.48
03.12.2020;10:33:34;257.74;42.21;11.24;759.68;0.78;0.61;0.48
03.12.2020;10:34:34;268.57;42.21;11.25;759.68;0.82;0.65;0.53
03.12.2020;10:35:34;281.57;42.28;11.26;759.67;0.86;0.73;0.63
03.12.2020;10:36:34;291.68;42.26;11.28;759.66;0.89;0.79;0.70
03.12.2020;10:37:34;314.14;42.23;11.29;759.65;0.96;0.90;0.86
03.12.2020;10:38:34;345.45;42.17;11.31;759.65;1.05;1.06;1.11
03.12.2020;10:39:35;363.37;42.16;11.33;759.65;1.10;1.15;1.26
03.12.2020;10:40:35;346.06;42.17;11.34;759.64;1.05;1.04;1.10
03.12.2020;10:41:35;345.51;42.14;11.36;759.63;1.06;1.06;1.12
03.12.2020;10:42:35;392.56;42.07;11.38;759.62;1.20;1.29;1.55
03.12.2020;10:43:35;440.24;42.00;11.40;759.62;1.33;1.53;2.03
03.12.2020;10:44:35;453.75;41.99;11.42;759.60;1.36;1.57;2.14
03.12.2020;10:45:35;411.23;41.99;11.43;759.59;1.23;1.35;1.66
03.12.2020;10:46:35;350.79;41.94;11.44;759.58;1.05;1.06;1.12
03.12.2020;10:47:35;326.17;41.91;11.44;759.59;0.98;0.94;0.93
03.12.2020;10:48:35;320.57;41.94;11.44;759.58;0.97;0.93;0.91
03.12.2020;10:49:35;346.33;41.93;11.45;759.58;1.06;1.07;1.13
03.12.2020;10:50:35;383.64;41.91;11.47;759.57;1.16;1.24;1.44
03.12.2020;10:51:35;379.32;41.87;11.49;759.57;1.14;1.20;1.37
03.12.2020;10:52:35;353.66;41.81;11.49;759.55;1.07;1.07;1.14
03.12.2020;10:53:35;341.94;41.82;11.50;759.54;1.03;1.01;1.04
03.12.2020;10:54:35;368.25;41.80;11.51;759.53;1.12;1.18;1.32
03.12.2020;10:55:35;422.97;41.75;11.52;759.51;1.27;1.42;1.81
03.12.2020;10:56:35;412.63;41.69;11.53;759.49;1.24;1.37;1.69
03.12.2020;10:57:35;392.15;41.72;11.54;759.47;1.18;1.28;1.52
03.12.2020;10:58:35;393.50;41.68;11.54;759.45;1.19;1.30;1.55
03.12.2020;10:59:35;445.04;41.74;11.55;759.44;1.34;1.55;2.08
03.12.2020;11:00:35;471.22;41.76;11.56;759.42;1.41;1.65;2.33
03.12.2020;11:01:35;488.76;41.71;11.58;759.40;1.46;1.73;2.52
03.12.2020;11:02:35;523.40;41.55;11.59;759.37;1.55;1.90;2.95
03.12.2020;11:03:35;533.11;41.61;11.61;759.35;1.57;1.91;3.00
03.12.2020;11:04:35;478.46;41.61;11.62;759.36;1.42;1.66;2.35
03.12.2020;11:05:35;432.03;41.59;11.62;759.35;1.30;1.47;1.91
03.12.2020;11:06:35;419.93;41.62;11.63;759.37;1.27;1.41;1.79
03.12.2020;11:07:36;433.46;41.53;11.63;759.37;1.31;1.50;1.97
03.12.2020;11:08:36;470.44;41.52;11.63;759.36;1.42;1.66;2.35
03.12.2020;11:09:36;487.19;41.53;11.64;759.35;1.46;1.72;2.51
03.12.2020;11:10:36;553.25;41.55;11.66;759.33;1.65;2.04;3.38
03.12.2020;11:11:36;679.27;41.52;11.69;759.30;1.97;2.49;4.91
03.12.2020;11:12:36;683.11;41.46;11.72;759.27;1.95;2.45;4.78
03.12.2020;11:13:36;656.76;41.42;11.75;759.27;1.88;2.32;4.36
03.12.2020;11:14:36;574.48;41.37;11.76;759.27;1.66;2.05;3.40
03.12.2020;11:15:36;508.22;41.33;11.76;759.26;1.49;1.79;2.66
03.12.2020;11:16:36;463.21;41.38;11.75;759.25;1.37;1.58;2.16
03.12.2020;11:17:36;458.64;41.40;11.73;759.24;1.37;1.59;2.17
03.12.2020;11:18:36;482.01;41.38;11.72;759.23;1.43;1.68;2.40
03.12.2020;11:19:36;448.39;41.47;11.72;759.23;1.33;1.53;2.03
03.12.2020;11:20:36;394.60;41.43;11.73;759.24;1.18;1.27;1.49
03.12.2020;11:21:36;382.81;41.32;11.71;759.24;1.15;1.22;1.41
03.12.2020;11:22:36;408.47;41.39;11.70;759.24;1.23;1.37;1.69
03.12.2020;11:23:36;454.41;41.39;11.69;759.23;1.37;1.58;2.16
03.12.2020;11:24:36;481.85;41.50;11.69;759.22;1.45;1.72;2.48
03.12.2020;11:25:36;529.76;41.45;11.70;759.20;1.57;1.93;3.03
03.12.2020;11:26:36;513.18;41.43;11.72;759.20;1.51;1.81;2.73
03.12.2020;11:27:36;453.93;41.49;11.72;759.18;1.34;1.55;2.08
03.12.2020;11:28:36;414.55;41.48;11.71;759.18;1.24;1.36;1.68
03.12.2020;11:29:36;416.76;41.41;11.69;759.19;1.25;1.39;1.74
03.12.2020;11:30:36;449.97;41.48;11.70;759.20;1.34;1.54;2.07
03.12.2020;11:31:36;401.29;41.58;11.70;759.21;1.19;1.28;1.52
03.12.2020;11:32:36;358.03;41.55;11.68;759.22;1.08;1.11;1.20
03.12.2020;11:33:36;378.07;41.45;11.66;759.23;1.14;1.21;1.37
03.12.2020;11:34:36;382.79;41.56;11.66;759.23;1.15;1.22;1.40
03.12.2020;11:35:36;379.87;41.65;11.67;759.22;1.14;1.20;1.37
03.12.2020;11:36:37;389.36;41.60;11.68;759.21;1.17;1.25;1.46
03.12.2020;11:37:37;428.42;41.64;11.69;759.19;1.28;1.45;1.85
03.12.2020;11:38:37;403.46;41.62;11.69;759.17;1.20;1.30;1.55
03.12.2020;11:39:37;349.60;41.59;11.68;759.17;1.05;1.05;1.10
03.12.2020;11:40:37;354.94;41.67;11.68;759.15;1.08;1.08;1.17
03.12.2020;11:41:37;396.68;41.63;11.69;759.13;1.20;1.31;1.57
03.12.2020;11:42:37;434.03;41.63;11.70;759.11;1.30;1.47;1.91
03.12.2020;11:43:37;413.05;41.62;11.71;759.10;1.23;1.35;1.65
03.12.2020;11:44:37;385.54;41.62;11.71;759.10;1.15;1.22;1.41
03.12.2020;11:45:37;384.76;41.53;11.71;759.10;1.15;1.22;1.41
03.12.2020;11:46:37;351.53;41.64;11.70;759.11;1.05;1.05;1.10
03.12.2020;11:47:37;329.56;41.59;11.70;759.13;0.99;0.94;0.93
03.12.2020;11:48:37;342.26;41.53;11.69;759.13;1.04;1.03;1.07
03.12.2020;11:49:37;367.81;41.65;11.69;759.12;1.11;1.16;1.28
03.12.2020;11:50:37;404.84;41.54;11.68;759.09;1.21;1.32;1.60
03.12.2020;11:51:37;415.11;41.50;11.69;759.09;1.23;1.35;1.66
03.12.2020;11:52:37;373.97;41.59;11.69;759.10;1.12;1.17;1.31
03.12.2020;11:53:37;385.47;41.47;11.69;759.11;1.16;1.23;1.42
03.12.2020;11:54:37;399.74;41.68;11.69;759.12;1.19;1.30;1.55
03.12.2020;11:55:37;372.02;41.62;11.69;759.17;1.11;1.15;1.28
03.12.2020;11:56:37;338.18;41.55;11.68;759.18;1.01;0.98;0.98
03.12.2020;11:57:37;300.88;41.72;11.67;759.20;0.90;0.80;0.72
03.12.2020;11:58:37;300.56;41.79;11.68;759.21;0.90;0.81;0.73
03.12.2020;11:59:37;303.98;41.75;11.68;759.21;0.91;0.82;0.75
03.12.2020;12:00:37;285.28;41.66;11.68;759.20;0.85;0.73;0.62
03.12.2020;12:01:37;272.15;41.77;11.68;759.19;0.82;0.67;0.55
03.12.2020;12:02:37;271.02;41.75;11.68;759.17;0.81;0.65;0.53
03.12.2020;12:03:37;264.89;41.80;11.68;759.16;0.79;0.62;0.49
03.12.2020;12:04:38;276.38;41.78;11.68;759.14;0.83;0.69;0.57
03.12.2020;12:05:38;272.32;41.89;11.68;759.14;0.81;0.66;0.54
03.12.2020;12:06:38;253.81;41.85;11.69;759.14;0.76;0.56;0.42
03.12.2020;12:07:38;251.05;41.71;11.68;759.14;0.76;0.56;0.42
03.12.2020;12:08:38;280.17;41.79;11.68;759.13;0.85;0.72;0.61
03.12.2020;12:09:38;308.93;41.80;11.69;759.12;0.93;0.86;0.80
03.12.2020;12:10:38;316.99;41.82;11.70;759.12;0.95;0.89;0.85
03.12.2020;12:11:38;291.69;41.85;11.71;759.11;0.87;0.75;0.65
03.12.2020;12:12:38;285.35;41.83;11.71;759.10;0.86;0.73;0.62
03.12.2020;12:13:38;284.71;41.73;11.70;759.10;0.85;0.74;0.63
03.12.2020;12:14:38;289.34;41.83;11.71;759.09;0.87;0.76;0.66
03.12.2020;12:15:38;293.96;41.84;11.72;759.06;0.88;0.79;0.70
03.12.2020;12:16:38;309.51;41.63;11.71;759.03;0.93;0.86;0.80
03.12.2020;12:17:38;305.47;41.69;11.71;759.01;0.92;0.83;0.76
03.12.2020;12:18:38;274.28;41.82;11.71;758.99;0.82;0.68;0.55
03.12.2020;12:19:38;252.97;41.79;11.71;758.97;0.76;0.57;0.43
03.12.2020;12:20:38;251.60;41.90;11.70;758.97;0.76;0.57;0.43
03.12.2020;12:21:38;263.18;41.78;11.70;758.97;0.79;0.62;0.49
03.12.2020;12:22:38;286.26;41.90;11.70;758.97;0.87;0.75;0.65
03.12.2020;12:23:38;284.35;41.94;11.70;758.98;0.85;0.72;0.61
03.12.2020;12:24:38;281.11;41.76;11.70;758.98;0.85;0.71;0.60
03.12.2020;12:25:38;276.65;41.89;11.71;758.99;0.83;0.70;0.58
03.12.2020;12:26:38;272.56;41.87;11.72;758.99;0.82;0.68;0.56
03.12.2020;12:27:38;269.60;41.89;11.72;759.00;0.81;0.66;0.54
03.12.2020;12:28:38;272.33;41.91;11.73;759.00;0.82;0.67;0.55
03.12.2020;12:29:38;251.67;41.89;11.73;759.01;0.75;0.56;0.42
03.12.2020;12:30:38;239.28;41.86;11.73;759.01;0.72;0.51;0.37
03.12.2020;12:31:38;247.91;41.88;11.74;759.01;0.74;0.55;0.41
03.12.2020;12:32:39;251.37;41.92;11.75;759.02;0.76;0.57;0.43
03.12.2020;12:33:39;251.85;41.89;11.76;759.02;0.75;0.56;0.43
03.12.2020;12:34:39;254.00;41.86;11.77;759.02;0.76;0.59;0.45
03.12.2020;12:35:39;252.91;41.81;11.77;759.02;0.76;0.57;0.43
03.12.2020;12:36:39;260.71;41.85;11.78;759.02;0.79;0.62;0.49
03.12.2020;12:37:39;276.60;41.85;11.79;759.02;0.83;0.70;0.58
03.12.2020;12:38:39;261.85;41.90;11.81;759.02;0.79;0.61;0.48
03.12.2020;12:39:39;262.62;41.74;11.82;759.01;0.79;0.61;0.48
03.12.2020;12:40:39;258.88;41.65;11.82;759.02;0.78;0.60;0.47
03.12.2020;12:41:39;298.69;41.75;11.83;759.01;0.90;0.81;0.73
03.12.2020;12:42:39;293.24;41.74;11.84;759.00;0.88;0.76;0.66
03.12.2020;12:43:39;272.64;41.75;11.84;759.00;0.82;0.66;0.54
03.12.2020;12:44:39;272.60;41.82;11.84;758.99;0.82;0.67;0.55
03.12.2020;12:45:39;267.22;41.74;11.85;758.99;0.81;0.64;0.52
03.12.2020;12:46:39;303.78;41.62;11.85;758.98;0.92;0.84;0.78
03.12.2020;12:47:39;316.06;41.65;11.86;758.98;0.95;0.90;0.86
03.12.2020;12:48:39;311.35;41.66;11.87;758.98;0.94;0.87;0.82
03.12.2020;12:49:39;331.68;41.44;11.87;758.96;1.00;0.98;0.98
03.12.2020;12:50:39;300.88;41.59;11.87;758.97;0.90;0.83;0.75
03.12.2020;12:51:39;296.94;41.71;11.89;758.96;0.90;0.80;0.72
03.12.2020;12:52:39;305.16;41.62;11.89;758.97;0.92;0.84;0.77
03.12.2020;12:53:39;340.17;41.61;11.90;758.96;1.04;1.02;1.06
03.12.2020;12:54:39;383.07;41.54;11.92;758.95;1.15;1.22;1.40
03.12.2020;12:55:39;336.16;41.61;11.93;758.94;1.00;0.98;0.98
03.12.2020;12:56:39;289.76;41.52;11.94;758.92;0.87;0.75;0.65
03.12.2020;12:57:39;278.98;41.60;11.94;758.91;0.85;0.72;0.61
03.12.2020;12:58:39;311.58;41.55;11.95;758.89;0.94;0.87;0.82
03.12.2020;12:59:39;305.34;41.44;11.95;758.90;0.92;0.83;0.76
03.12.2020;13:00:40;292.07;41.54;11.95;758.89;0.88;0.78;0.69
03.12.2020;13:01:40;286.51;41.47;11.95;758.88;0.86;0.75;0.64
03.12.2020;13:02:40;269.04;41.53;11.96;758.86;0.81;0.66;0.53
03.12.2020;13:03:40;254.10;41.60;11.96;758.84;0.77;0.59;0.45
03.12.2020;13:04:40;300.54;41.39;11.97;758.83;0.91;0.82;0.74
03.12.2020;13:05:40;300.71;41.43;11.97;758.83;0.89;0.79;0.70
03.12.2020;13:06:40;237.26;41.51;11.97;758.81;0.71;0.49;0.35
03.12.2020;13:07:40;256.13;41.53;11.97;758.79;0.78;0.61;0.48
03.12.2020;13:08:40;285.14;41.44;11.98;758.77;0.87;0.75;0.65
03.12.2020;13:09:40;262.75;41.51;11.98;758.76;0.79;0.62;0.49
03.12.2020;13:10:40;243.35;41.52;11.98;758.78;0.73;0.53;0.38
03.12.2020;13:11:40;220.72;41.59;11.99;758.79;0.66;0.41;0.27
03.12.2020;13:12:40;214.61;41.47;11.99;758.79;0.64;0.40;0.25
03.12.2020;13:13:40;214.60;41.54;11.98;758.79;0.64;0.39;0.25
03.12.2020;13:14:40;208.36;41.33;11.96;758.79;0.62;0.36;0.22
03.12.2020;13:15:40;208.04;41.45;11.96;758.79;0.62;0.36;0.22
03.12.2020;13:16:40;208.50;41.48;11.96;758.78;0.62;0.35;0.22
03.12.2020;13:17:40;208.06;41.63;11.95;758.80;0.62;0.35;0.22
03.12.2020;13:18:40;208.15;41.55;11.94;758.79;0.62;0.36;0.23
03.12.2020;13:19:40;208.01;41.66;11.95;758.79;0.62;0.37;0.23
03.12.2020;13:20:40;218.56;41.55;11.95;758.79;0.66;0.41;0.27
03.12.2020;13:21:40;243.28;41.54;11.95;758.79;0.74;0.54;0.40
03.12.2020;13:22:40;254.89;41.71;11.95;758.80;0.77;0.59;0.46
03.12.2020;13:23:40;239.28;41.66;11.97;758.81;0.72;0.51;0.37
03.12.2020;13:24:40;228.99;41.61;11.96;758.81;0.69;0.45;0.31
03.12.2020;13:25:40;214.76;41.51;11.96;758.81;0.64;0.38;0.24
03.12.2020;13:26:40;198.63;41.58;11.94;758.82;0.59;0.30;0.18
03.12.2020;13:27:40;191.24;41.70;11.94;758.83;0.57;0.28;0.16
03.12.2020;13:28:41;198.11;41.62;11.94;758.85;0.59;0.30;0.18
03.12.2020;13:29:41;210.01;41.58;11.93;758.86;0.63;0.38;0.24
03.12.2020;13:30:41;220.58;41.62;11.92;758.87;0.67;0.42;0.28
03.12.2020;13:31:41;226.12;41.69;11.91;758.87;0.68;0.44;0.30
03.12.2020;13:32:41;215.01;41.81;11.93;758.88;0.64;0.39;0.25
03.12.2020;13:33:41;202.29;41.65;11.92;758.87;0.60;0.32;0.19
03.12.2020;13:34:41;196.85;41.73;11.92;758.85;0.59;0.30;0.18
03.12.2020;13:35:41;197.30;41.72;11.92;758.86;0.59;0.30;0.17
03.12.2020;13:36:41;194.24;41.71;11.92;758.82;0.57;0.28;0.16
03.12.2020;13:37:41;189.93;41.82;11.93;758.81;0.56;0.27;0.15
03.12.2020;13:38:41;194.56;41.77;11.93;758.78;0.58;0.29;0.17
03.12.2020;13:39:41;205.68;41.67;11.93;758.78;0.62;0.35;0.22
03.12.2020;13:40:41;204.48;41.74;11.93;758.77;0.61;0.35;0.21
03.12.2020;13:41:41;212.04;41.82;11.93;758.77;0.64;0.40;0.25
03.12.2020;13:42:41;213.04;41.78;11.94;758.76;0.63;0.38;0.24
03.12.2020;13:43:41;192.75;41.61;11.94;758.75;0.57;0.27;0.15
03.12.2020;13:44:41;179.81;41.78;11.94;758.75;0.53;0.21;0.11
03.12.2020;13:45:41;173.15;41.83;11.95;758.75;0.51;0.17;0.09
03.12.2020;13:46:41;176.64;41.80;11.96;758.75;0.53;0.20;0.10
03.12.2020;13:47:41;187.77;41.68;11.97;758.75;0.56;0.26;0.15
03.12.2020;13:48:41;176.40;41.74;11.98;758.75;0.52;0.19;0.10
03.12.2020;13:49:41;174.61;41.72;11.99;758.75;0.51;0.18;0.09
03.12.2020;13:50:41;181.05;41.63;11.99;758.74;0.53;0.21;0.11
03.12.2020;13:51:41;172.97;41.74;11.98;758.74;0.51;0.17;0.09
03.12.2020;13:52:41;178.97;41.77;11.99;758.72;0.54;0.22;0.12
03.12.2020;13:53:41;191.49;41.68;11.99;758.71;0.58;0.30;0.17
03.12.2020;13:54:41;181.65;41.62;11.99;758.70;0.54;0.22;0.12
03.12.2020;13:55:41;164.73;41.60;11.98;758.70;0.48;0.13;0.06
03.12.2020;13:56:42;158.14;41.74;11.98;758.69;0.47;0.09;0.04
03.12.2020;13:57:42;155.24;41.62;11.99;758.70;0.46;0.09;0.04
03.12.2020;13:58:42;151.25;41.62;11.98;758.69;0.44;0.03;0.01
03.12.2020;13:59:42;146.35;41.69;11.98;758.69;0.43;0.00;0.00
03.12.2020;14:00:42;145.66;41.79;11.98;758.68;0.42;0.01;0.00
03.12.2020;14:01:42;143.35;41.83;11.99;758.68;0.42;0.01;0.00
03.12.2020;14:02:42;157.82;41.71;12.00;758.68;0.47;0.09;0.04
03.12.2020;14:03:42;163.88;41.73;12.00;758.69;0.49;0.12;0.06
03.12.2020;14:04:42;155.83;41.69;12.00;758.69;0.46;0.08;0.04
03.12.2020;14:05:42;145.75;41.66;12.01;758.69;0.43;0.02;0.01
03.12.2020;14:06:42;135.76;41.66;12.00;758.69;0.40;0.00;0.00
03.12.2020;14:07:42;136.71;41.76;12.01;758.70;0.41;0.00;0.00
03.12.2020;14:08:42;151.07;41.71;12.00;758.70;0.46;0.08;0.04
03.12.2020;14:09:42;178.61;41.77;12.02;758.72;0.55;0.23;0.13
03.12.2020;14:10:42;172.78;41.77;12.02;758.72;0.52;0.19;0.10
03.12.2020;14:11:42;151.18;41.71;12.03;758.72;0.44;0.04;0.02
03.12.2020;14:12:42;138.46;41.75;12.03;758.72;0.40;0.00;0.00
03.12.2020;14:13:42;142.61;41.79;12.03;758.72;0.42;0.03;0.01
03.12.2020;14:14:42;147.61;41.84;12.04;758.72;0.43;0.02;0.01
03.12.2020;14:15:42;163.31;41.72;12.05;758.71;0.48;0.11;0.05
03.12.2020;14:16:42;137.11;41.80;12.06;758.70;0.39;0.01;0.00
03.12.2020;14:17:42;128.56;41.76;12.07;758.71;0.38;0.01;0.00
03.12.2020;14:18:42;171.68;41.68;12.08;758.72;0.53;0.22;0.12
03.12.2020;14:19:42;242.42;41.71;12.09;758.72;0.75;0.56;0.42
03.12.2020;14:20:42;202.74;41.71;12.11;758.72;0.61;0.32;0.19
03.12.2020;14:21:42;151.56;41.70;12.11;758.72;0.45;0.05;0.02
03.12.2020;14:22:42;152.92;41.78;12.11;758.72;0.46;0.09;0.04
03.12.2020;14:23:42;152.87;41.75;12.12;758.73;0.45;0.07;0.03
03.12.2020;14:24:43;143.35;41.70;12.12;758.72;0.42;0.01;0.01
03.12.2020;14:25:43;145.07;41.71;12.13;758.73;0.43;0.03;0.01
03.12.2020;14:26:43;125.01;41.66;12.12;758.72;0.36;0.00;0.00
03.12.2020;14:27:43;126.79;41.69;12.12;758.72;0.37;0.00;0.00
03.12.2020;14:28:43;160.14;41.57;12.12;758.70;0.48;0.11;0.05
03.12.2020;14:29:43;147.89;41.65;12.13;758.70;0.42;0.05;0.02
03.12.2020;14:30:43;133.90;41.64;12.13;758.69;0.39;0.02;0.01
03.12.2020;14:31:43;154.90;41.70;12.14;758.68;0.45;0.06;0.03
03.12.2020;14:32:43;139.97;41.71;12.13;758.68;0.41;0.01;0.00
03.12.2020;14:33:43;150.17;41.66;12.13;758.66;0.44;0.04;0.02
03.12.2020;14:34:43;131.58;41.75;12.12;758.65;0.38;0.00;0.00
03.12.2020;14:35:43;112.13;41.79;12.11;758.63;0.32;0.00;0.00
03.12.2020;14:36:43;103.97;41.74;12.10;758.60;0.29;0.00;0.00
03.12.2020;14:37:43;90.89;41.74;12.09;758.59;0.24;0.00;0.00
03.12.2020;14:38:43;87.69;41.81;12.08;758.59;0.24;0.00;0.00
03.12.2020;14:39:43;109.82;41.83;12.08;758.60;0.32;0.00;0.00
03.12.2020;14:40:43;155.85;41.88;12.09;758.61;0.47;0.08;0.04
03.12.2020;14:41:43;147.58;41.69;12.09;758.59;0.43;0.04;0.02
03.12.2020;14:42:43;108.36;41.87;12.09;758.60;0.30;0.00;0.00
03.12.2020;14:43:43;100.56;41.92;12.08;758.60;0.28;0.00;0.00
03.12.2020;14:44:43;90.89;41.94;12.08;758.60;0.25;0.00;0.00
03.12.2020;14:45:43;80.82;41.90;12.07;758.59;0.22;0.00;0.00
03.12.2020;14:46:43;85.18;41.83;12.07;758.58;0.24;0.00;0.00
03.12.2020;14:47:43;89.10;41.82;12.06;758.57;0.25;0.00;0.00
03.12.2020;14:48:43;89.85;41.80;12.05;758.56;0.25;0.00;0.00
03.12.2020;14:49:43;89.15;41.92;12.05;758.54;0.24;0.00;0.00
03.12.2020;14:50:43;80.90;41.90;12.04;758.54;0.20;0.00;0.00
03.12.2020;14:51:43;86.56;41.94;12.04;758.52;0.22;0.00;0.00
03.12.2020;14:52:43;90.21;41.91;12.03;758.51;0.24;0.00;0.00
03.12.2020;14:53:44;90.79;41.94;12.03;758.50;0.25;0.00;0.00
03.12.2020;14:54:44;96.00;41.86;12.02;758.49;0.27;0.00;0.00
03.12.2020;14:55:44;98.36;41.89;12.01;758.49;0.29;0.00;0.00
03.12.2020;14:56:44;101.96;42.03;12.01;758.49;0.29;0.00;0.00
03.12.2020;14:57:44;97.15;42.04;12.01;758.51;0.27;0.00;0.00
03.12.2020;14:58:44;84.39;41.92;12.01;758.52;0.22;0.00;0.00
03.12.2020;14:59:44;73.36;41.90;11.98;758.52;0.18;0.00;0.00
03.12.2020;15:00:44;69.26;42.03;11.96;758.53;0.17;0.00;0.00
03.12.2020;15:01:44;70.62;42.16;11.96;758.53;0.18;0.00;0.00
03.12.2020;15:02:44;71.97;42.16;11.95;758.52;0.18;0.00;0.00
03.12.2020;15:03:44;68.08;42.27;11.95;758.53;0.17;0.00;0.00
03.12.2020;15:04:44;69.00;42.25;11.95;758.53;0.18;0.00;0.00
03.12.2020;15:05:44;68.17;42.15;11.95;758.53;0.17;0.00;0.00
03.12.2020;15:06:44;65.49;41.95;11.93;758.53;0.16;0.00;0.00
03.12.2020;15:07:44;67.13;42.26;11.92;758.54;0.17;0.00;0.00
03.12.2020;15:08:44;66.89;42.29;11.93;758.54;0.17;0.00;0.00
03.12.2020;15:09:44;67.28;42.21;11.93;758.53;0.17;0.00;0.00
03.12.2020;15:10:44;66.37;42.19;11.93;758.53;0.17;0.00;0.00
03.12.2020;15:11:44;74.92;42.30;11.92;758.52;0.21;0.00;0.00
03.12.2020;15:12:44;76.54;42.41;11.92;758.51;0.20;0.00;0.00
03.12.2020;15:13:44;69.53;42.21;11.94;758.52;0.17;0.00;0.00
03.12.2020;15:14:44;60.96;42.15;11.93;758.53;0.14;0.00;0.00
03.12.2020;15:15:44;59.14;42.14;11.91;758.54;0.13;0.00;0.00
03.12.2020;15:16:44;63.56;42.18;11.90;758.54;0.14;0.00;0.00
03.12.2020;15:17:44;68.32;42.31;11.89;758.53;0.15;0.00;0.00
03.12.2020;15:18:44;61.94;42.30;11.89;758.54;0.14;0.00;0.00
03.12.2020;15:19:44;58.11;42.24;11.89;758.53;0.13;0.00;0.00
03.12.2020;15:20:44;52.83;42.34;11.89;758.54;0.11;0.00;0.00
03.12.2020;15:21:44;57.91;42.36;11.88;758.55;0.13;0.00;0.00
03.12.2020;15:22:44;57.64;42.19;11.86;758.56;0.12;0.00;0.00
03.12.2020;15:23:45;47.92;42.45;11.86;758.57;0.09;0.00;0.00
03.12.2020;15:24:45;42.13;42.52;11.86;758.58;0.07;0.00;0.00
03.12.2020;15:25:45;40.49;42.57;11.87;758.59;0.06;0.00;0.00
03.12.2020;15:26:45;39.80;42.55;11.87;758.59;0.06;0.00;0.00
03.12.2020;15:27:45;39.35;42.39;11.87;758.60;0.06;0.00;0.00
03.12.2020;15:28:45;38.06;42.37;11.86;758.60;0.06;0.00;0.00
03.12.2020;15:29:45;36.96;42.57;11.85;758.60;0.05;0.00;0.00
03.12.2020;15:30:45;35.38;42.54;11.86;758.60;0.04;0.00;0.00
03.12.2020;15:31:45;33.64;42.38;11.86;758.61;0.04;0.00;0.00
03.12.2020;15:32:45;33.31;42.52;11.86;758.61;0.04;0.00;0.00
03.12.2020;15:33:45;32.49;42.42;11.86;758.60;0.04;0.00;0.00
03.12.2020;15:34:45;31.04;42.48;11.85;758.60;0.04;0.00;0.00
03.12.2020;15:35:45;31.88;42.59;11.86;758.61;0.04;0.00;0.00
03.12.2020;15:36:45;31.21;42.62;11.87;758.62;0.04;0.00;0.00
03.12.2020;15:37:45;33.15;42.52;11.87;758.62;0.04;0.00;0.00
03.12.2020;15:38:45;32.18;42.40;11.86;758.61;0.04;0.00;0.00
03.12.2020;15:39:45;28.53;42.52;11.85;758.62;0.03;0.00;0.00
03.12.2020;15:40:45;27.71;42.70;11.84;758.61;0.02;0.00;0.00
03.12.2020;15:41:45;25.62;42.56;11.84;758.61;0.02;0.00;0.00
03.12.2020;15:42:45;25.07;42.59;11.84;758.58;0.02;0.00;0.00
03.12.2020;15:43:45;24.19;42.52;11.83;758.58;0.01;0.00;0.00
03.12.2020;15:44:45;23.61;42.42;11.81;758.58;0.01;0.00;0.00
03.12.2020;15:45:45;22.69;42.75;11.80;758.57;0.01;0.00;0.00
03.12.2020;15:46:45;22.26;42.82;11.81;758.57;0.01;0.00;0.00
03.12.2020;15:47:45;20.88;42.81;11.81;758.57;0.01;0.00;0.00
03.12.2020;15:48:45;20.44;42.80;11.81;758.57;0.00;0.00;0.00
03.12.2020;15:49:45;18.31;42.81;11.81;758.57;0.00;0.00;0.00
03.12.2020;15:50:45;16.14;42.72;11.81;758.55;0.00;0.00;0.00
03.12.2020;15:51:45;15.82;42.77;11.81;758.55;0.00;0.00;0.00
03.12.2020;15:52:45;15.00;42.58;11.80;758.54;0.00;0.00;0.00
03.12.2020;15:53:46;14.94;42.77;11.79;758.53;0.00;0.00;0.00
03.12.2020;15:54:46;13.50;42.65;11.78;758.53;0.00;0.00;0.00
03.12.2020;15:55:46;13.19;42.85;11.78;758.54;0.00;0.00;0.00
03.12.2020;15:56:46;12.36;42.66;11.77;758.54;0.00;0.00;0.00
03.12.2020;15:57:46;11.07;42.84;11.77;758.54;0.00;0.00;0.00
03.12.2020;15:58:46;10.56;42.86;11.77;758.55;0.00;0.00;0.00
03.12.2020;15:59:46;9.67;42.83;11.76;758.56;0.00;0.00;0.00
03.12.2020;16:00:46;9.17;42.95;11.76;758.55;0.00;0.00;0.00
03.12.2020;16:01:46;8.85;42.76;11.74;758.55;0.00;0.00;0.00
03.12.2020;16:02:46;8.33;42.91;11.74;758.56;0.00;0.00;0.00
03.12.2020;16:03:46;7.74;43.05;11.74;758.56;0.00;0.00;0.00
03.12.2020;16:04:46;6.79;42.92;11.76;758.57;0.00;0.00;0.00
03.12.2020;16:05:46;6.67;42.90;11.76;758.56;0.00;0.00;0.00
03.12.2020;16:06:46;6.19;42.84;11.75;758.56;0.00;0.00;0.00
03.12.2020;16:07:46;5.83;42.95;11.75;758.55;0.00;0.00;0.00
03.12.2020;16:08:46;5.83;42.86;11.73;758.55;0.00;0.00;0.00
03.12.2020;16:09:46;5.74;42.96;11.73;758.56;0.00;0.00;0.00
03.12.2020;16:10:46;5.00;42.93;11.74;758.56;0.00;0.00;0.00
03.12.2020;16:11:46;5.00;42.87;11.73;758.57;0.00;0.00;0.00
03.12.2020;16:12:46;5.01;42.88;11.72;758.58;0.00;0.00;0.00
03.12.2020;16:13:46;4.39;42.97;11.72;758.60;0.00;0.00;0.00
03.12.2020;16:14:46;4.17;42.99;11.71;758.61;0.00;0.00;0.00
03.12.2020;16:15:46;4.19;42.97;11.71;758.62;0.00;0.00;0.00
03.12.2020;16:16:46;4.17;42.99;11.72;758.61;0.00;0.00;0.00
03.12.2020;16:17:46;4.17;42.77;11.71;758.62;0.00;0.00;0.00
03.12.2020;16:18:46;4.11;42.92;11.71;758.62;0.00;0.00;0.00
03.12.2020;16:19:46;3.40;43.03;11.71;758.61;0.00;0.00;0.00
03.12.2020;16:20:46;3.33;43.01;11.72;758.62;0.00;0.00;0.00
03.12.2020;16:21:46;3.33;42.81;11.70;758.61;0.00;0.00;0.00
03.12.2020;16:22:46;3.33;43.12;11.70;758.61;0.00;0.00;0.00
03.12.2020;16:23:46;3.33;43.04;11.70;758.60;0.00;0.00;0.00
03.12.2020;16:24:47;3.33;42.87;11.70;758.60;0.00;0.00;0.00
03.12.2020;16:25:47;3.33;42.91;11.69;758.61;0.00;0.00;0.00
03.12.2020;16:26:47;3.35;43.14;11.69;758.61;0.00;0.00;0.00
03.12.2020;16:27:47;3.33;43.06;11.69;758.62;0.00;0.00;0.00
03.12.2020;16:28:47;3.33;43.05;11.69;758.63;0.00;0.00;0.00
03.12.2020;16:29:47;3.36;43.14;11.69;758.63;0.00;0.00;0.00
03.12.2020;16:30:47;3.33;43.21;11.70;758.63;0.00;0.00;0.00
03.12.2020;16:31:47;3.33;43.05;11.71;758.63;0.00;0.00;0.00
03.12.2020;16:32:47;3.35;43.14;11.72;758.63;0.00;0.00;0.00
03.12.2020;16:33:47;3.33;43.11;11.73;758.62;0.00;0.00;0.00
03.12.2020;16:34:47;3.33;43.04;11.72;758.61;0.00;0.00;0.00
03.12.2020;16:35:47;3.33;42.99;11.73;758.58;0.00;0.00;0.00
03.12.2020;16:36:47;3.33;42.87;11.71;758.58;0.00;0.00;0.00
03.12.2020;16:37:47;3.33;42.98;11.72;758.57;0.00;0.00;0.00
03.12.2020;16:38:47;3.33;43.10;11.72;758.58;0.00;0.00;0.00
03.12.2020;16:39:47;3.33;43.10;11.72;758.56;0.00;0.00;0.00
03.12.2020;16:40:47;3.35;43.03;11.72;758.57;0.00;0.00;0.00
03.12.2020;16:41:47;3.33;43.16;11.73;758.56;0.00;0.00;0.00
03.12.2020;16:42:47;3.33;43.03;11.72;758.56;0.00;0.00;0.00
03.12.2020;16:43:47;3.36;42.99;11.71;758.54;0.00;0.00;0.00
03.12.2020;16:44:47;3.33;43.11;11.70;758.53;0.00;0.00;0.00
03.12.2020;16:45:47;3.33;43.26;11.71;758.52;0.00;0.00;0.00
03.12.2020;16:46:47;3.35;43.27;11.72;758.53;0.00;0.00;0.00
03.12.2020;16:47:47;3.33;43.10;11.72;758.53;0.00;0.00;0.00
03.12.2020;16:48:47;3.33;43.17;11.72;758.52;0.00;0.00;0.00
03.12.2020;16:49:47;3.33;43.07;11.71;758.51;0.00;0.00;0.00
03.12.2020;16:50:47;3.33;43.32;11.71;758.50;0.00;0.00;0.00
03.12.2020;16:51:47;3.33;43.33;11.72;758.50;0.00;0.00;0.00
03.12.2020;16:52:47;3.33;43.11;11.72;758.49;0.00;0.00;0.00
03.12.2020;16:53:47;3.33;43.14;11.73;758.50;0.00;0.00;0.00
03.12.2020;16:54:47;3.35;43.14;11.74;758.51;0.00;0.00;0.00
03.12.2020;16:55:47;3.33;43.15;11.74;758.52;0.00;0.00;0.00
03.12.2020;16:56:48;3.33;43.08;11.74;758.52;0.00;0.00;0.00
03.12.2020;16:57:48;3.36;43.17;11.73;758.51;0.00;0.00;0.00
03.12.2020;16:58:48;3.33;43.25;11.74;758.51;0.00;0.00;0.00
03.12.2020;16:59:48;3.33;43.24;11.75;758.51;0.00;0.00;0.00
03.12.2020;17:00:48;3.35;43.17;11.77;758.52;0.00;0.00;0.00
03.12.2020;17:01:48;3.33;43.14;11.77;758.52;0.00;0.00;0.00
03.12.2020;17:02:48;3.33;43.14;11.77;758.50;0.00;0.00;0.00
03.12.2020;17:03:48;3.33;43.03;11.77;758.51;0.00;0.00;0.00
03.12.2020;17:04:48;3.33;43.14;11.77;758.51;0.00;0.00;0.00
03.12.2020;17:05:48;3.33;43.19;11.78;758.52;0.00;0.00;0.00
03.12.2020;17:06:48;3.33;42.89;11.78;758.53;0.00;0.00;0.00
03.12.2020;17:07:48;3.33;42.89;11.77;758.53;0.00;0.00;0.00
03.12.2020;17:08:48;3.35;42.96;11.77;758.54;0.00;0.00;0.00
03.12.2020;17:09:48;3.33;43.18;11.77;758.54;0.00;0.00;0.00
03.12.2020;17:10:48;3.33;43.08;11.77;758.53;0.00;0.00;0.00
03.12.2020;17:11:48;3.36;43.15;11.77;758.53;0.00;0.00;0.00
03.12.2020;17:12:48;3.33;43.09;11.76;758.52;0.00;0.00;0.00
03.12.2020;17:13:48;3.33;43.15;11.76;758.51;0.00;0.00;0.00
03.12.2020;17:14:48;3.35;43.21;11.77;758.53;0.00;0.00;0.00
03.12.2020;17:15:48;3.33;43.34;11.78;758.52;0.00;0.00;0.00
03.12.2020;17:16:48;3.33;43.19;11.78;758.52;0.00;0.00;0.00
03.12.2020;17:17:48;3.33;43.05;11.78;758.52;0.00;0.00;0.00
03.12.2020;17:18:48;3.33;43.28;11.77;758.52;0.00;0.00;0.00
03.12.2020;17:19:48;3.33;43.10;11.77;758.53;0.00;0.00;0.00
03.12.2020;17:20:48;3.33;43.26;11.78;758.51;0.00;0.00;0.00
03.12.2020;17:21:48;3.33;43.12;11.78;758.52;0.00;0.00;0.00
03.12.2020;17:22:48;3.35;43.28;11.78;758.52;0.00;0.00;0.00
03.12.2020;17:23:48;3.33;43.20;11.80;758.53;0.00;0.00;0.00
03.12.2020;17:24:48;3.33;43.00;11.79;758.52;0.00;0.00;0.00
03.12.2020;17:25:48;3.36;43.04;11.78;758.52;0.00;0.00;0.00
03.12.2020;17:26:48;3.33;43.07;11.78;758.51;0.00;0.00;0.00
03.12.2020;17:27:48;3.33;43.16;11.79;758.50;0.00;0.00;0.00
03.12.2020;17:28:49;3.35;43.12;11.79;758.49;0.00;0.00;0.00
03.12.2020;17:29:49;3.33;43.11;11.80;758.50;0.00;0.00;0.00
03.12.2020;17:30:49;3.33;43.24;11.80;758.49;0.00;0.00;0.00
03.12.2020;17:31:49;3.33;43.12;11.81;758.50;0.00;0.00;0.00
03.12.2020;17:32:49;3.33;43.03;11.80;758.51;0.00;0.00;0.00
03.12.2020;17:33:49;3.33;43.20;11.80;758.51;0.00;0.00;0.00
03.12.2020;17:34:49;3.33;43.14;11.80;758.52;0.00;0.00;0.00
03.12.2020;17:35:49;3.33;42.97;11.79;758.52;0.00;0.00;0.00
03.12.2020;17:36:49;3.35;42.92;11.78;758.52;0.00;0.00;0.00
03.12.2020;17:37:49;3.33;42.97;11.76;758.51;0.00;0.00;0.00
03.12.2020;17:38:49;3.33;43.15;11.75;758.50;0.00;0.00;0.00
03.12.2020;17:39:49;3.36;43.30;11.77;758.49;0.00;0.00;0.00
03.12.2020;17:40:49;3.33;43.18;11.78;758.48;0.00;0.00;0.00
03.12.2020;17:41:49;3.33;43.31;11.77;758.49;0.00;0.00;0.00
03.12.2020;17:42:49;3.35;43.33;11.77;758.49;0.00;0.00;0.00
03.12.2020;17:43:49;3.33;43.42;11.78;758.48;0.00;0.00;0.00
03.12.2020;17:44:49;3.33;43.14;11.78;758.47;0.00;0.00;0.00
03.12.2020;17:45:49;3.33;43.15;11.77;758.46;0.00;0.00;0.00
03.12.2020;17:46:49;3.33;43.41;11.79;758.45;0.00;0.00;0.00
03.12.2020;17:47:49;3.33;43.34;11.80;758.44;0.00;0.00;0.00
03.12.2020;17:48:49;3.33;43.31;11.81;758.42;0.00;0.00;0.00
03.12.2020;17:49:49;3.33;43.30;11.82;758.42;0.00;0.00;0.00
03.12.2020;17:50:49;3.35;43.17;11.82;758.43;0.00;0.00;0.00
03.12.2020;17:51:49;3.33;43.27;11.82;758.44;0.00;0.00;0.00
03.12.2020;17:52:49;3.33;43.33;11.83;758.46;0.00;0.00;0.00
03.12.2020;17:53:49;3.36;43.06;11.83;758.48;0.00;0.00;0.00
03.12.2020;17:54:49;3.33;43.16;11.81;758.49;0.00;0.00;0.00
03.12.2020;17:55:49;3.33;43.13;11.82;758.49;0.00;0.00;0.00
03.12.2020;17:56:49;3.35;43.30;11.82;758.49;0.00;0.00;0.00
03.12.2020;17:57:49;3.33;43.17;11.83;758.49;0.00;0.00;0.00
03.12.2020;17:58:49;3.33;43.26;11.82;758.50;0.00;0.00;0.00
03.12.2020;17:59:50;3.33;43.25;11.83;758.50;0.00;0.00;0.00
03.12.2020;18:00:50;3.33;43.24;11.84;758.50;0.00;0.00;0.00
03.12.2020;18:01:50;3.33;43.24;11.84;758.50;0.00;0.00;0.00
03.12.2020;18:02:50;3.33;43.00;11.85;758.51;0.00;0.00;0.00
03.12.2020;18:03:50;3.33;43.15;11.84;758.52;0.00;0.00;0.00
03.12.2020;18:04:50;3.35;43.20;11.84;758.55;0.00;0.00;0.00
03.12.2020;18:05:50;3.33;43.29;11.83;758.53;0.00;0.00;0.00
03.12.2020;18:06:50;3.33;43.14;11.84;758.51;0.00;0.00;0.00
03.12.2020;18:07:50;3.36;42.98;11.83;758.49;0.00;0.00;0.00
03.12.2020;18:08:50;3.33;43.27;11.83;758.49;0.00;0.00;0.00
03.12.2020;18:09:50;3.33;43.30;11.84;758.47;0.00;0.00;0.00
03.12.2020;18:10:50;3.35;43.29;11.85;758.46;0.00;0.00;0.00
03.12.2020;18:11:50;3.33;43.12;11.84;758.46;0.00;0.00;0.00
03.12.2020;18:12:50;3.33;43.06;11.83;758.47;0.00;0.00;0.00
03.12.2020;18:13:50;3.33;43.20;11.82;758.48;0.00;0.00;0.00
03.12.2020;18:14:50;3.33;43.14;11.82;758.50;0.00;0.00;0.00
03.12.2020;18:15:50;3.33;43.23;11.81;758.53;0.00;0.00;0.00
03.12.2020;18:16:50;3.33;43.39;11.82;758.56;0.00;0.00;0.00
03.12.2020;18:17:50;3.33;43.38;11.82;758.55;0.00;0.00;0.00
03.12.2020;18:18:50;3.35;43.36;11.83;758.54;0.00;0.00;0.00
03.12.2020;18:19:50;3.33;43.22;11.84;758.51;0.00;0.00;0.00
03.12.2020;18:20:50;3.33;42.90;11.82;758.49;0.00;0.00;0.00
03.12.2020;18:21:50;3.36;43.12;11.81;758.48;0.00;0.00;0.00
03.12.2020;18:22:50;3.33;43.24;11.81;758.48;0.00;0.00;0.00
03.12.2020;18:23:50;3.33;43.26;11.80;758.46;0.00;0.00;0.00
03.12.2020;18:24:50;3.35;43.04;11.80;758.44;0.00;0.00;0.00
03.12.2020;18:25:50;3.33;43.16;11.79;758.42;0.00;0.00;0.00
03.12.2020;18:26:50;3.33;43.02;11.78;758.40;0.00;0.00;0.00
03.12.2020;18:27:50;3.33;43.41;11.78;758.39;0.00;0.00;0.00
03.12.2020;18:28:50;3.33;43.19;11.78;758.40;0.00;0.00;0.00
03.12.2020;18:29:50;3.33;43.25;11.78;758.41;0.00;0.00;0.00
03.12.2020;18:30:50;3.33;43.03;11.76;758.41;0.00;0.00;0.00
03.12.2020;18:31:51;3.33;42.89;11.73;758.40;0.00;0.00;0.00
03.12.2020;18:32:51;3.35;42.90;11.71;758.38;0.00;0.00;0.00
03.12.2020;18:33:51;3.33;43.36;11.70;758.37;0.00;0.00;0.00
03.12.2020;18:34:51;3.33;43.09;11.70;758.36;0.00;0.00;0.00
03.12.2020;18:35:51;3.36;43.43;11.69;758.37;0.00;0.00;0.00
03.12.2020;18:36:51;3.33;43.56;11.69;758.39;0.00;0.00;0.00
03.12.2020;18:37:51;3.33;43.64;11.70;758.41;0.00;0.00;0.00
03.12.2020;18:38:51;3.35;43.57;11.70;758.42;0.00;0.00;0.00
03.12.2020;18:39:51;3.33;43.45;11.70;758.42;0.00;0.00;0.00
03.12.2020;18:40:51;3.33;43.60;11.70;758.42;0.00;0.00;0.00
03.12.2020;18:41:51;3.33;43.61;11.71;758.42;0.00;0.00;0.00
03.12.2020;18:42:51;3.33;43.52;11.71;758.42;0.00;0.00;0.00
03.12.2020;18:43:51;3.33;43.43;11.72;758.42;0.00;0.00;0.00
03.12.2020;18:44:51;3.33;43.41;11.72;758.41;0.00;0.00;0.00
03.12.2020;18:45:51;3.33;43.21;11.71;758.40;0.00;0.00;0.00
03.12.2020;18:46:51;3.35;43.55;11.70;758.41;0.00;0.00;0.00
03.12.2020;18:47:51;3.33;43.21;11.70;758.41;0.00;0.00;0.00
03.12.2020;18:48:51;3.33;43.46;11.70;758.41;0.00;0.00;0.00
03.12.2020;18:49:51;3.36;43.41;11.71;758.41;0.00;0.00;0.00
03.12.2020;18:50:51;3.33;43.46;11.70;758.41;0.00;0.00;0.00
03.12.2020;18:51:51;3.33;43.58;11.70;758.41;0.00;0.00;0.00
03.12.2020;18:52:51;3.35;43.33;11.70;758.41;0.00;0.00;0.00
03.12.2020;18:53:51;3.33;43.45;11.70;758.42;0.00;0.00;0.00
03.12.2020;18:54:51;3.33;43.27;11.70;758.41;0.00;0.00;0.00
03.12.2020;18:55:51;3.33;43.52;11.70;758.41;0.00;0.00;0.00
03.12.2020;18:56:51;3.33;43.52;11.71;758.42;0.00;0.00;0.00
03.12.2020;18:57:51;3.33;43.69;11.71;758.43;0.00;0.00;0.00
03.12.2020;18:58:51;3.33;43.56;11.72;758.42;0.00;0.00;0.00
03.12.2020;18:59:51;3.33;42.96;11.70;758.42;0.00;0.00;0.00
03.12.2020;19:00:51;3.35;43.25;11.70;758.43;0.00;0.00;0.00
03.12.2020;19:01:51;3.33;43.23;11.69;758.42;0.00;0.00;0.00
03.12.2020;19:02:51;3.33;43.25;11.68;758.41;0.00;0.00;0.00
03.12.2020;19:03:52;3.36;43.35;11.67;758.41;0.00;0.00;0.00
03.12.2020;19:04:52;3.33;43.13;11.66;758.41;0.00;0.00;0.00
03.12.2020;19:05:52;3.33;43.20;11.65;758.39;0.00;0.00;0.00
03.12.2020;19:06:52;3.35;43.34;11.65;758.39;0.00;0.00;0.00
03.12.2020;19:07:52;3.33;43.35;11.65;758.40;0.00;0.00;0.00
03.12.2020;19:08:52;3.33;43.71;11.65;758.41;0.00;0.00;0.00
03.12.2020;19:09:52;3.33;43.72;11.66;758.46;0.00;0.00;0.00
03.12.2020;19:10:52;3.33;43.87;11.67;758.49;0.00;0.00;0.00
03.12.2020;19:11:52;3.33;43.87;11.69;758.52;0.00;0.00;0.00
03.12.2020;19:12:52;3.33;43.36;11.69;758.52;0.00;0.00;0.00
03.12.2020;19:13:52;3.33;43.62;11.69;758.53;0.00;0.00;0.00
03.12.2020;19:14:52;3.35;43.56;11.69;758.54;0.00;0.00;0.00
03.12.2020;19:15:52;3.33;43.43;11.69;758.52;0.00;0.00;0.00
03.12.2020;19:16:52;3.33;43.54;11.70;758.52;0.00;0.00;0.00
03.12.2020;19:17:52;3.36;43.59;11.71;758.55;0.00;0.00;0.00
03.12.2020;19:18:52;3.33;43.60;11.72;758.56;0.00;0.00;0.00
03.12.2020;19:19:52;3.33;43.47;11.71;758.57;0.00;0.00;0.00
03.12.2020;19:20:52;3.35;43.69;11.71;758.57;0.00;0.00;0.00
03.12.2020;19:21:52;3.33;43.58;11.71;758.58;0.00;0.00;0.00
03.12.2020;19:22:52;3.33;43.79;11.72;758.60;0.00;0.00;0.00
03.12.2020;19:23:52;3.33;43.54;11.73;758.61;0.00;0.00;0.00
03.12.2020;19:24:52;3.33;43.57;11.72;758.62;0.00;0.00;0.00
03.12.2020;19:25:52;3.33;43.39;11.72;758.62;0.00;0.00;0.00
03.12.2020;19:26:52;3.33;43.71;11.73;758.63;0.00;0.00;0.00
03.12.2020;19:27:52;3.33;43.68;11.74;758.64;0.00;0.00;0.00
03.12.2020;19:28:52;3.35;43.70;11.75;758.65;0.00;0.00;0.00
03.12.2020;19:29:52;3.33;43.56;11.76;758.64;0.00;0.00;0.00
03.12.2020;19:30:52;3.33;43.72;11.78;758.64;0.00;0.00;0.00
03.12.2020;19:31:52;3.36;43.66;11.80;758.62;0.00;0.00;0.00
03.12.2020;19:32:52;3.33;43.49;11.80;758.61;0.00;0.00;0.00
03.12.2020;19:33:52;3.33;43.49;11.80;758.62;0.00;0.00;0.00
03.12.2020;19:34:53;3.35;43.50;11.80;758.61;0.00;0.00;0.00
03.12.2020;19:35:53;3.33;43.52;11.80;758.58;0.00;0.00;0.00
03.12.2020;19:36:53;3.33;43.49;11.81;758.57;0.00;0.00;0.00
03.12.2020;19:37:53;3.33;43.31;11.80;758.56;0.00;0.00;0.00
03.12.2020;19:38:53;3.33;43.64;11.80;758.55;0.00;0.00;0.00
03.12.2020;19:39:53;3.33;43.27;11.80;758.55;0.00;0.00;0.00
03.12.2020;19:40:53;3.33;43.14;11.78;758.55;0.00;0.00;0.00
03.12.2020;19:41:53;3.33;43.42;11.78;758.56;0.00;0.00;0.00
03.12.2020;19:42:53;3.35;43.28;11.79;758.56;0.00;0.00;0.00
03.12.2020;19:43:53;3.33;43.38;11.78;758.55;0.00;0.00;0.00
03.12.2020;19:44:53;3.33;43.33;11.78;758.54;0.00;0.00;0.00
03.12.2020;19:45:53;3.36;43.47;11.78;758.54;0.00;0.00;0.00
03.12.2020;19:46:53;3.33;43.33;11.77;758.53;0.00;0.00;0.00
03.12.2020;19:47:53;3.33;43.31;11.78;758.53;0.00;0.00;0.00
03.12.2020;19:48:53;3.35;43.53;11.77;758.52;0.00;0.00;0.00
03.12.2020;19:49:53;3.33;43.07;11.76;758.53;0.00;0.00;0.00
03.12.2020;19:50:53;3.33;43.23;11.74;758.53;0.00;0.00;0.00
03.12.2020;19:51:53;3.33;43.64;11.74;758.53;0.00;0.00;0.00
03.12.2020;19:52:53;3.33;43.55;11.76;758.55;0.00;0.00;0.00
03.12.2020;19:53:53;3.33;43.39;11.75;758.56;0.00;0.00;0.00
03.12.2020;19:54:53;3.33;43.36;11.74;758.56;0.00;0.00;0.00
03.12.2020;19:55:53;3.33;43.20;11.73;758.58;0.00;0.00;0.00
03.12.2020;19:56:53;3.35;43.64;11.72;758.58;0.00;0.00;0.00
03.12.2020;19:57:53;3.33;43.50;11.73;758.58;0.00;0.00;0.00
03.12.2020;19:58:53;3.33;43.58;11.74;758.58;0.00;0.00;0.00
03.12.2020;19:59:53;3.36;43.51;11.74;758.57;0.00;0.00;0.00
03.12.2020;20:00:53;3.33;43.38;11.73;758.56;0.00;0.00;0.00
03.12.2020;20:01:53;3.33;43.55;11.73;758.56;0.00;0.00;0.00
03.12.2020;20:02:53;3.35;43.78;11.73;758.55;0.00;0.00;0.00
03.12.2020;20:03:53;3.33;43.65;11.75;758.55;0.00;0.00;0.00
03.12.2020;20:04:53;3.33;43.61;11.74;758.54;0.00;0.00;0.00
03.12.2020;20:05:53;3.33;43.66;11.75;758.55;0.00;0.00;0.00
03.12.2020;20:06:54;3.33;43.42;11.74;758.55;0.00;0.00;0.00
03.12.2020;20:07:54;3.33;43.72;11.74;758.57;0.00;0.00;0.00
03.12.2020;20:08:54;3.33;43.36;11.74;758.57;0.00;0.00;0.00
03.12.2020;20:09:54;3.33;43.43;11.73;758.57;0.00;0.00;0.00
03.12.2020;20:10:54;3.35;43.64;11.73;758.59;0.00;0.00;0.00
03.12.2020;20:11:54;3.33;43.70;11.74;758.60;0.00;0.00;0.00
03.12.2020;20:12:54;3.33;43.27;11.73;758.60;0.00;0.00;0.00
03.12.2020;20:13:54;3.36;43.69;11.72;758.62;0.00;0.00;0.00
03.12.2020;20:14:54;3.33;43.75;11.72;758.62;0.00;0.00;0.00
03.12.2020;20:15:54;3.33;43.06;11.71;758.60;0.00;0.00;0.00
03.12.2020;20:16:54;3.35;43.59;11.69;758.59;0.00;0.00;0.00
03.12.2020;20:17:54;3.33;43.35;11.69;758.58;0.00;0.00;0.00
03.12.2020;20:18:54;3.33;43.51;11.68;758.58;0.00;0.00;0.00
03.12.2020;20:19:54;3.33;43.48;11.67;758.57;0.00;0.00;0.00
03.12.2020;20:20:54;3.33;43.80;11.67;758.57;0.00;0.00;0.00
03.12.2020;20:21:54;3.33;43.63;11.67;758.57;0.00;0.00;0.00
03.12.2020;20:22:54;3.33;43.79;11.68;758.57;0.00;0.00;0.00
03.12.2020;20:23:54;3.33;43.73;11.68;758.56;0.00;0.00;0.00
03.12.2020;20:24:54;3.35;43.59;11.68;758.55;0.00;0.00;0.00
03.12.2020;20:25:54;3.33;43.76;11.68;758.54;0.00;0.00;0.00
03.12.2020;20:26:54;3.33;43.45;11.69;758.50;0.00;0.00;0.00
03.12.2020;20:27:54;3.36;43.56;11.70;758.48;0.00;0.00;0.00
03.12.2020;20:28:54;3.33;43.56;11.69;758.48;0.00;0.00;0.00
03.12.2020;20:29:54;3.33;43.77;11.70;758.47;0.00;0.00;0.00
03.12.2020;20:30:54;3.35;43.80;11.71;758.46;0.00;0.00;0.00
03.12.2020;20:31:54;3.33;43.71;11.71;758.45;0.00;0.00;0.00
03.12.2020;20:32:54;3.33;43.64;11.72;758.45;0.00;0.00;0.00
03.12.2020;20:33:54;3.33;43.33;11.71;758.45;0.00;0.00;0.00
03.12.2020;20:34:54;3.33;43.63;11.71;758.44;0.00;0.00;0.00
03.12.2020;20:35:54;3.33;43.51;11.71;758.42;0.00;0.00;0.00
03.12.2020;20:36:54;3.33;43.71;11.71;758.43;0.00;0.00;0.00
03.12.2020;20:37:54;3.33;43.57;11.71;758.43;0.00;0.00;0.00
03.12.2020;20:38:55;3.35;43.89;11.72;758.44;0.00;0.00;0.00
03.12.2020;20:39:55;3.33;43.55;11.73;758.47;0.00;0.00;0.00
03.12.2020;20:40:55;3.33;43.41;11.72;758.47;0.00;0.00;0.00
03.12.2020;20:41:55;3.36;43.55;11.72;758.45;0.00;0.00;0.00
03.12.2020;20:42:55;3.33;43.45;11.72;758.44;0.00;0.00;0.00
03.12.2020;20:43:55;3.33;43.54;11.72;758.43;0.00;0.00;0.00
03.12.2020;20:44:55;3.35;43.77;11.73;758.42;0.00;0.00;0.00
03.12.2020;20:45:55;3.33;43.83;11.74;758.42;0.00;0.00;0.00
03.12.2020;20:46:55;3.33;43.74;11.76;758.41;0.00;0.00;0.00
03.12.2020;20:47:55;3.33;43.67;11.77;758.41;0.00;0.00;0.00
03.12.2020;20:48:55;3.33;43.56;11.78;758.42;0.00;0.00;0.00
03.12.2020;20:49:55;3.33;43.18;11.76;758.39;0.00;0.00;0.00
03.12.2020;20:50:55;3.33;43.50;11.75;758.39;0.00;0.00;0.00
03.12.2020;20:51:55;3.33;43.29;11.74;758.39;0.00;0.00;0.00
03.12.2020;20:52:55;3.35;43.56;11.74;758.39;0.00;0.00;0.00
03.12.2020;20:53:55;3.33;43.27;11.75;758.39;0.00;0.00;0.00
03.12.2020;20:54:55;3.33;43.50;11.75;758.39;0.00;0.00;0.00
03.12.2020;20:55:55;3.36;43.52;11.75;758.38;0.00;0.00;0.00
03.12.2020;20:56:55;3.33;43.38;11.74;758.38;0.00;0.00;0.00
03.12.2020;20:57:55;3.33;43.65;11.74;758.37;0.00;0.00;0.00
03.12.2020;20:58:55;3.35;43.52;11.75;758.36;0.00;0.00;0.00
03.12.2020;20:59:55;3.33;43.35;11.74;758.35;0.00;0.00;0.00
03.12.2020;21:00:55;3.33;43.72;11.74;758.34;0.00;0.00;0.00
03.12.2020;21:01:55;3.33;43.38;11.74;758.33;0.00;0.00;0.00
03.12.2020;21:02:55;3.33;43.49;11.73;758.33;0.00;0.00;0.00
03.12.2020;21:03:55;3.33;43.48;11.73;758.33;0.00;0.00;0.00
03.12.2020;21:04:55;3.33;43.54;11.74;758.32;0.00;0.00;0.00
03.12.2020;21:05:55;3.33;43.35;11.73;758.31;0.00;0.00;0.00
03.12.2020;21:06:55;3.35;43.56;11.73;758.30;0.00;0.00;0.00
03.12.2020;21:07:55;3.33;43.61;11.73;758.29;0.00;0.00;0.00
03.12.2020;21:08:55;3.33;43.54;11.73;758.29;0.00;0.00;0.00
03.12.2020;21:09:56;3.36;43.72;11.74;758.28;0.00;0.00;0.00
03.12.2020;21:10:56;3.33;43.70;11.76;758.28;0.00;0.00;0.00
03.12.2020;21:11:56;3.33;43.63;11.76;758.29;0.00;0.00;0.00
03.12.2020;21:12:56;3.35;43.51;11.75;758.28;0.00;0.00;0.00
03.12.2020;21:13:56;3.33;43.56;11.76;758.28;0.00;0.00;0.00
03.12.2020;21:14:56;3.33;43.36;11.76;758.28;0.00;0.00;0.00
03.12.2020;21:15:56;3.33;43.10;11.72;758.25;0.00;0.00;0.00
03.12.2020;21:16:56;3.33;43.51;11.72;758.24;0.00;0.00;0.00
03.12.2020;21:17:56;3.33;43.65;11.74;758.23;0.00;0.00;0.00
03.12.2020;21:18:56;3.33;43.74;11.74;758.24;0.00;0.00;0.00
03.12.2020;21:19:56;3.33;43.79;11.75;758.22;0.00;0.00;0.00
03.12.2020;21:20:56;3.35;43.63;11.76;758.22;0.00;0.00;0.00
03.12.2020;21:21:56;3.33;43.39;11.75;758.20;0.00;0.00;0.00
03.12.2020;21:22:56;3.33;43.73;11.75;758.22;0.00;0.00;0.00
03.12.2020;21:23:56;3.36;43.76;11.76;758.23;0.00;0.00;0.00
03.12.2020;21:24:56;3.33;43.71;11.77;758.25;0.00;0.00;0.00
03.12.2020;21:25:56;3.33;43.67;11.78;758.27;0.00;0.00;0.00
03.12.2020;21:26:56;3.35;43.55;11.78;758.28;0.00;0.00;0.00
03.12.2020;21:27:56;3.33;43.47;11.78;758.28;0.00;0.00;0.00
03.12.2020;21:28:56;3.33;43.57;11.77;758.27;0.00;0.00;0.00
03.12.2020;21:29:56;3.33;43.42;11.77;758.26;0.00;0.00;0.00
03.12.2020;21:30:56;3.33;43.33;11.77;758.26;0.00;0.00;0.00
03.12.2020;21:31:56;3.33;43.56;11.77;758.28;0.00;0.00;0.00
03.12.2020;21:32:56;3.33;43.48;11.76;758.29;0.00;0.00;0.00
03.12.2020;21:33:56;3.33;43.42;11.76;758.29;0.00;0.00;0.00
03.12.2020;21:34:56;3.35;43.13;11.74;758.31;0.00;0.00;0.00
03.12.2020;21:35:56;3.33;43.43;11.73;758.31;0.00;0.00;0.00
03.12.2020;21:36:56;3.33;43.76;11.75;758.33;0.00;0.00;0.00
03.12.2020;21:37:56;3.36;43.35;11.75;758.33;0.00;0.00;0.00
03.12.2020;21:38:56;3.33;43.71;11.75;758.33;0.00;0.00;0.00
03.12.2020;21:39:56;3.33;43.47;11.75;758.32;0.00;0.00;0.00
03.12.2020;21:40:56;3.35;43.44;11.74;758.33;0.00;0.00;0.00
03.12.2020;21:41:57;3.33;43.72;11.74;758.33;0.00;0.00;0.00
03.12.2020;21:42:57;3.33;43.57;11.75;758.32;0.00;0.00;0.00
03.12.2020;21:43:57;3.33;43.50;11.75;758.32;0.00;0.00;0.00
03.12.2020;21:44:57;3.33;43.39;11.74;758.31;0.00;0.00;0.00
03.12.2020;21:45:57;3.33;43.62;11.74;758.32;0.00;0.00;0.00
03.12.2020;21:46:57;3.33;43.60;11.74;758.32;0.00;0.00;0.00
03.12.2020;21:47:57;3.33;43.21;11.73;758.31;0.00;0.00;0.00
03.12.2020;21:48:57;3.35;43.39;11.72;758.31;0.00;0.00;0.00
03.12.2020;21:49:57;3.33;43.50;11.71;758.29;0.00;0.00;0.00
03.12.2020;21:50:57;3.33;43.56;11.73;758.30;0.00;0.00;0.00
03.12.2020;21:51:57;3.36;43.57;11.73;758.32;0.00;0.00;0.00
03.12.2020;21:52:57;3.33;43.68;11.73;758.34;0.00;0.00;0.00
03.12.2020;21:53:57;3.33;43.47;11.73;758.35;0.00;0.00;0.00
03.12.2020;21:54:57;3.35;43.71;11.74;758.35;0.00;0.00;0.00
03.12.2020;21:55:57;3.33;43.49;11.74;758.34;0.00;0.00;0.00
03.12.2020;21:56:57;3.33;43.66;11.74;758.34;0.00;0.00;0.00
03.12.2020;21:57:57;3.33;43.46;11.75;758.34;0.00;0.00;0.00
03.12.2020;21:58:57;3.33;43.57;11.75;758.33;0.00;0.00;0.00
03.12.2020;21:59:57;3.33;43.70;11.77;758.33;0.00;0.00;0.00
03.12.2020;22:00:57;3.33;43.62;11.79;758.33;0.00;0.00;0.00
03.12.2020;22:01:57;3.33;43.57;11.79;758.33;0.00;0.00;0.00
03.12.2020;22:02:57;3.35;43.41;11.80;758.33;0.00;0.00;0.00
03.12.2020;22:03:57;3.33;43.34;11.80;758.32;0.00;0.00;0.00
03.12.2020;22:04:57;3.33;43.47;11.80;758.31;0.00;0.00;0.00
03.12.2020;22:05:57;3.36;43.30;11.79;758.31;0.00;0.00;0.00
03.12.2020;22:06:57;3.33;43.61;11.79;758.31;0.00;0.00;0.00
03.12.2020;22:07:57;3.33;43.63;11.81;758.32;0.00;0.00;0.00
03.12.2020;22:08:57;3.35;43.48;11.81;758.31;0.00;0.00;0.00
03.12.2020;22:09:57;3.33;43.45;11.80;758.30;0.00;0.00;0.00
03.12.2020;22:10:57;3.33;43.26;11.80;758.29;0.00;0.00;0.00
03.12.2020;22:11:57;3.33;43.57;11.80;758.29;0.00;0.00;0.00
03.12.2020;22:12:57;3.33;43.53;11.81;758.30;0.00;0.00;0.00
03.12.2020;22:13:58;3.33;43.50;11.81;758.30;0.00;0.00;0.00
03.12.2020;22:14:58;3.33;43.51;11.81;758.32;0.00;0.00;0.00
03.12.2020;22:15:58;3.33;43.24;11.80;758.32;0.00;0.00;0.00
03.12.2020;22:16:58;3.35;43.58;11.80;758.33;0.00;0.00;0.00
03.12.2020;22:17:58;3.33;43.17;11.80;758.32;0.00;0.00;0.00
03.12.2020;22:18:58;3.33;43.51;11.79;758.32;0.00;0.00;0.00
03.12.2020;22:19:58;3.36;43.70;11.81;758.32;0.00;0.00;0.00
03.12.2020;22:20:58;3.33;43.60;11.82;758.32;0.00;0.00;0.00
03.12.2020;22:21:58;3.33;43.25;11.83;758.32;0.00;0.00;0.00
03.12.2020;22:22:58;3.35;42.98;11.80;758.33;0.00;0.00;0.00
03.12.2020;22:23:58;3.33;43.59;11.81;758.35;0.00;0.00;0.00
03.12.2020;22:24:58;3.33;43.41;11.81;758.37;0.00;0.00;0.00
03.12.2020;22:25:58;3.33;43.30;11.81;758.37;0.00;0.00;0.00
03.12.2020;22:26:58;3.33;43.36;11.81;758.36;0.00;0.00;0.00
03.12.2020;22:27:58;3.33;43.53;11.80;758.36;0.00;0.00;0.00
03.12.2020;22:28:58;3.33;43.60;11.80;758.35;0.00;0.00;0.00
03.12.2020;22:29:58;3.33;43.23;11.80;758.34;0.00;0.00;0.00
03.12.2020;22:30:58;3.35;43.35;11.78;758.34;0.00;0.00;0.00
03.12.2020;22:31:58;3.33;43.51;11.79;758.36;0.00;0.00;0.00
03.12.2020;22:32:58;3.33;43.47;11.79;758.35;0.00;0.00;0.00
03.12.2020;22:33:58;3.36;43.55;11.79;758.35;0.00;0.00;0.00
03.12.2020;22:34:58;3.33;43.57;11.80;758.35;0.00;0.00;0.00
03.12.2020;22:35:58;3.33;43.52;11.81;758.35;0.00;0.00;0.00
03.12.2020;22:36:58;3.35;43.35;11.82;758.34;0.00;0.00;0.00
03.12.2020;22:37:58;3.33;43.49;11.82;758.33;0.00;0.00;0.00
03.12.2020;22:38:58;3.33;43.56;11.82;758.32;0.00;0.00;0.00
03.12.2020;22:39:58;3.33;43.43;11.82;758.30;0.00;0.00;0.00
03.12.2020;22:40:58;3.33;43.49;11.82;758.31;0.00;0.00;0.00
03.12.2020;22:41:58;3.33;43.52;11.83;758.33;0.00;0.00;0.00
03.12.2020;22:42:58;3.33;43.58;11.84;758.36;0.00;0.00;0.00
03.12.2020;22:43:58;3.33;43.56;11.85;758.37;0.00;0.00;0.00
03.12.2020;22:44:58;3.35;43.33;11.85;758.38;0.00;0.00;0.00
03.12.2020;22:45:59;3.33;43.10;11.82;758.38;0.00;0.00;0.00
03.12.2020;22:46:59;3.33;43.37;11.81;758.36;0.00;0.00;0.00
03.12.2020;22:47:59;3.36;43.50;11.81;758.36;0.00;0.00;0.00
03.12.2020;22:48:59;3.33;43.65;11.83;758.36;0.00;0.00;0.00
03.12.2020;22:49:59;3.33;43.59;11.84;758.34;0.00;0.00;0.00
03.12.2020;22:50:59;3.35;43.04;11.84;758.35;0.00;0.00;0.00
03.12.2020;22:51:59;3.33;43.10;11.81;758.35;0.00;0.00;0.00
03.12.2020;22:52:59;3.33;43.42;11.81;758.35;0.00;0.00;0.00
03.12.2020;22:53:59;3.33;43.54;11.81;758.35;0.00;0.00;0.00
03.12.2020;22:54:59;3.33;43.38;11.82;758.33;0.00;0.00;0.00
03.12.2020;22:55:59;3.33;43.61;11.82;758.33;0.00;0.00;0.00
03.12.2020;22:56:59;3.33;43.41;11.82;758.33;0.00;0.00;0.00
03.12.2020;22:57:59;3.33;43.62;11.81;758.34;0.00;0.00;0.00
03.12.2020;22:58:59;3.35;43.58;11.82;758.34;0.00;0.00;0.00
03.12.2020;22:59:59;3.33;43.54;11.83;758.34;0.00;0.00;0.00
03.12.2020;23:00:59;3.33;43.49;11.83;758.34;0.00;0.00;0.00
03.12.2020;23:01:59;3.36;43.50;11.83;758.34;0.00;0.00;0.00
03.12.2020;23:02:59;3.33;43.18;11.82;758.32;0.00;0.00;0.00
03.12.2020;23:03:59;3.33;43.29;11.81;758.31;0.00;0.00;0.00
03.12.2020;23:04:59;3.35;43.34;11.81;758.30;0.00;0.00;0.00
03.12.2020;23:05:59;3.33;43.39;11.81;758.30;0.00;0.00;0.00
03.12.2020;23:06:59;3.33;43.29;11.81;758.30;0.00;0.00;0.00
03.12.2020;23:07:59;3.33;43.52;11.81;758.30;0.00;0.00;0.00
03.12.2020;23:08:59;3.33;43.39;11.81;758.30;0.00;0.00;0.00
03.12.2020;23:09:59;3.33;43.56;11.81;758.30;0.00;0.00;0.00
03.12.2020;23:10:59;3.33;43.55;11.81;758.31;0.00;0.00;0.00
03.12.2020;23:11:59;3.33;43.33;11.82;758.31;0.00;0.00;0.00
03.12.2020;23:12:59;3.35;43.60;11.82;758.31;0.00;0.00;0.00
03.12.2020;23:13:59;3.33;43.61;11.83;758.31;0.00;0.00;0.00
03.12.2020;23:14:59;3.33;43.31;11.83;758.30;0.00;0.00;0.00
03.12.2020;23:15:59;3.36;43.45;11.83;758.30;0.00;0.00;0.00
03.12.2020;23:17:00;3.33;43.56;11.83;758.30;0.00;0.00;0.00
03.12.2020;23:18:00;3.33;43.46;11.84;758.29;0.00;0.00;0.00
03.12.2020;23:19:00;3.35;43.51;11.84;758.29;0.00;0.00;0.00
03.12.2020;23:20:00;3.33;43.60;11.85;758.29;0.00;0.00;0.00
03.12.2020;23:21:00;3.33;43.44;11.86;758.27;0.00;0.00;0.00
03.12.2020;23:22:00;3.33;43.37;11.87;758.25;0.00;0.00;0.00
03.12.2020;23:23:00;3.33;43.49;11.87;758.23;0.00;0.00;0.00
03.12.2020;23:24:00;3.33;43.37;11.88;758.22;0.00;0.00;0.00
03.12.2020;23:25:00;3.33;43.16;11.88;758.20;0.00;0.00;0.00
03.12.2020;23:26:00;3.33;43.34;11.88;758.18;0.00;0.00;0.00
03.12.2020;23:27:00;3.35;43.49;11.89;758.15;0.00;0.00;0.00
03.12.2020;23:28:00;3.33;43.17;11.89;758.13;0.00;0.00;0.00
03.12.2020;23:29:00;3.33;43.34;11.88;758.11;0.00;0.00;0.00
03.12.2020;23:30:00;3.36;43.32;11.88;758.09;0.00;0.00;0.00
03.12.2020;23:31:00;3.33;43.34;11.88;758.08;0.00;0.00;0.00
03.12.2020;23:32:00;3.33;43.47;11.87;758.08;0.00;0.00;0.00
03.12.2020;23:33:00;3.35;43.37;11.87;758.07;0.00;0.00;0.00
03.12.2020;23:34:00;3.33;43.40;11.87;758.05;0.00;0.00;0.00
03.12.2020;23:35:00;3.33;43.24;11.87;758.06;0.00;0.00;0.00
03.12.2020;23:36:00;3.33;43.31;11.87;758.07;0.00;0.00;0.00
03.12.2020;23:37:00;3.33;43.56;11.88;758.07;0.00;0.00;0.00
03.12.2020;23:38:00;3.33;43.35;11.89;758.07;0.00;0.00;0.00
03.12.2020;23:39:00;3.33;43.23;11.88;758.07;0.00;0.00;0.00
03.12.2020;23:40:00;3.33;43.52;11.89;758.05;0.00;0.00;0.00
03.12.2020;23:41:00;3.35;43.18;11.88;758.06;0.00;0.00;0.00
03.12.2020;23:42:00;3.33;43.43;11.87;758.07;0.00;0.00;0.00
03.12.2020;23:43:00;3.33;43.53;11.88;758.08;0.00;0.00;0.00
03.12.2020;23:44:00;3.36;43.37;11.88;758.10;0.00;0.00;0.00
03.12.2020;23:45:00;3.33;43.59;11.88;758.10;0.00;0.00;0.00
03.12.2020;23:46:00;3.33;43.34;11.89;758.11;0.00;0.00;0.00
03.12.2020;23:47:00;3.35;43.38;11.88;758.13;0.00;0.00;0.00
03.12.2020;23:48:00;3.33;43.48;11.88;758.14;0.00;0.00;0.00
03.12.2020;23:49:01;3.33;43.62;11.88;758.15;0.00;0.00;0.00
03.12.2020;23:50:01;3.33;43.59;11.89;758.15;0.00;0.00;0.00
03.12.2020;23:51:01;3.33;43.44;11.90;758.16;0.00;0.00;0.00
03.12.2020;23:52:01;3.33;43.32;11.90;758.17;0.00;0.00;0.00
03.12.2020;23:53:01;3.33;43.39;11.89;758.20;0.00;0.00;0.00
03.12.2020;23:54:01;3.33;43.55;11.90;758.20;0.00;0.00;0.00
03.12.2020;23:55:01;3.35;43.61;11.92;758.18;0.00;0.00;0.00
03.12.2020;23:56:01;3.33;43.34;11.92;758.17;0.00;0.00;0.00
03.12.2020;23:57:01;3.33;43.51;11.93;758.16;0.00;0.00;0.00
03.12.2020;23:58:01;3.36;43.52;11.93;758.14;0.00;0.00;0.00
03.12.2020;23:59:01;3.33;43.54;11.94;758.11;0.00;0.00;0.00
