04.12.2020;0:00:01;3.33;43.45;11.95;758.09;0.00;0.00;0.00
04.12.2020;0:01:01;3.35;43.53;11.96;758.09;0.00;0.00;0.00
04.12.2020;0:02:01;3.33;43.55;11.97;758.08;0.00;0.00;0.00
04.12.2020;0:03:01;3.33;43.47;11.99;758.08;0.00;0.00;0.00
04.12.2020;0:04:01;3.33;43.21;12.01;758.09;0.00;0.00;0.00
04.12.2020;0:05:01;3.33;43.10;12.00;758.11;0.00;0.00;0.00
04.12.2020;0:06:01;3.33;43.32;12.00;758.11;0.00;0.00;0.00
04.12.2020;0:07:01;3.33;43.17;12.00;758.10;0.00;0.00;0.00
04.12.2020;0:08:01;3.33;43.15;12.00;758.09;0.00;0.00;0.00
04.12.2020;0:09:01;3.35;43.12;11.99;758.07;0.00;0.00;0.00
04.12.2020;0:10:01;3.33;43.24;11.99;758.04;0.00;0.00;0.00
04.12.2020;0:11:01;3.33;43.40;12.00;758.04;0.00;0.00;0.00
04.12.2020;0:12:01;3.36;43.27;12.01;758.04;0.00;0.00;0.00
04.12.2020;0:13:01;3.33;43.14;12.01;758.03;0.00;0.00;0.00
04.12.2020;0:14:01;3.33;43.42;12.01;758.03;0.00;0.00;0.00
04.12.2020;0:15:01;3.35;43.33;12.02;758.02;0.00;0.00;0.00
04.12.2020;0:16:01;3.33;42.96;12.02;758.00;0.00;0.00;0.00
04.12.2020;0:17:01;3.33;43.27;12.02;758.00;0.00;0.00;0.00
04.12.2020;0:18:01;3.33;43.41;12.03;757.97;0.00;0.00;0.00
04.12.2020;0:19:01;3.33;43.24;12.03;757.96;0.00;0.00;0.00
04.12.2020;0:20:01;3.33;43.21;12.03;757.95;0.00;0.00;0.00
04.12.2020;0:21:02;3.33;43.08;12.02;757.93;0.00;0.00;0.00
04.12.2020;0:22:02;3.33;43.37;12.02;757.94;0.00;0.00;0.00
04.12.2020;0:23:02;3.35;43.43;12.03;757.95;0.00;0.00;0.00
04.12.2020;0:24:02;3.33;43.36;12.04;757.97;0.00;0.00;0.00
04.12.2020;0:25:02;3.33;43.44;12.05;757.95;0.00;0.00;0.00
04.12.2020;0:26:02;3.36;43.27;12.06;757.95;0.00;0.00;0.00
04.12.2020;0:27:02;3.33;43.34;12.06;757.95;0.00;0.00;0.00
04.12.2020;0:28:02;3.33;43.14;12.08;757.94;0.00;0.00;0.00
04.12.2020;0:29:02;3.35;42.98;12.07;757.93;0.00;0.00;0.00
04.12.2020;0:30:02;3.33;43.11;12.07;757.92;0.00;0.00;0.00
04.12.2020;0:31:02;3.33;43.20;12.07;757.92;0.00;0.00;0.00
04.12.2020;0:32:02;3.33;43.11;12.06;757.92;0.00;0.00;0.00
04.12.2020;0:33:02;3.33;43.22;12.07;757.90;0.00;0.00;0.00
04.12.2020;0:34:02;3.33;43.05;12.06;757.87;0.00;0.00;0.00
04.12.2020;0:35:02;3.33;43.24;12.06;757.86;0.00;0.00;0.00
04.12.2020;0:36:02;3.33;43.37;12.07;757.84;0.00;0.00;0.00
04.12.2020;0:37:02;3.35;43.19;12.07;757.82;0.00;0.00;0.00
04.12.2020;0:38:02;3.33;43.26;12.08;757.81;0.00;0.00;0.00
04.12.2020;0:39:02;3.33;43.22;12.08;757.82;0.00;0.00;0.00
04.12.2020;0:40:02;3.36;43.11;12.07;757.82;0.00;0.00;0.00
04.12.2020;0:41:02;3.33;43.28;12.08;757.83;0.00;0.00;0.00
04.12.2020;0:42:02;3.33;43.15;12.07;757.83;0.00;0.00;0.00
04.12.2020;0:43:02;3.35;43.12;12.07;757.83;0.00;0.00;0.00
04.12.2020;0:44:02;3.33;43.05;12.06;757.84;0.00;0.00;0.00
04.12.2020;0:45:02;3.33;43.25;12.06;757.83;0.00;0.00;0.00
04.12.2020;0:46:02;3.33;43.28;12.07;757.85;0.00;0.00;0.00
04.12.2020;0:47:02;3.33;43.21;12.07;757.83;0.00;0.00;0.00
04.12.2020;0:48:02;3.33;43.10;12.06;757.86;0.00;0.00;0.00
04.12.2020;0:49:02;3.33;43.04;12.07;757.85;0.00;0.00;0.00
04.12.2020;0:50:02;3.33;43.08;12.05;757.83;0.00;0.00;0.00
04.12.2020;0:51:02;3.35;43.33;12.06;757.84;0.00;0.00;0.00
04.12.2020;0:52:03;3.33;43.41;12.06;757.83;0.00;0.00;0.00
04.12.2020;0:53:03;3.33;43.12;12.07;757.82;0.00;0.00;0.00
04.12.2020;0:54:03;3.36;43.08;12.05;757.81;0.00;0.00;0.00
04.12.2020;0:55:03;3.33;43.31;12.06;757.82;0.00;0.00;0.00
04.12.2020;0:56:03;3.33;43.20;12.06;757.81;0.00;0.00;0.00
04.12.2020;0:57:03;3.35;43.11;12.06;757.78;0.00;0.00;0.00
04.12.2020;0:58:03;3.33;43.33;12.05;757.77;0.00;0.00;0.00
04.12.2020;0:59:03;3.33;43.41;12.06;757.77;0.00;0.00;0.00
04.12.2020;1:00:03;3.33;43.25;12.05;757.75;0.00;0.00;0.00
04.12.2020;1:01:03;3.33;43.30;12.06;757.75;0.00;0.00;0.00
04.12.2020;1:02:03;3.33;43.34;12.06;757.75;0.00;0.00;0.00
04.12.2020;1:03:03;3.33;43.30;12.06;757.74;0.00;0.00;0.00
04.12.2020;1:04:03;3.33;43.41;12.06;757.75;0.00;0.00;0.00
04.12.2020;1:05:03;3.35;43.19;12.07;757.75;0.00;0.00;0.00
04.12.2020;1:06:03;3.33;43.39;12.07;757.75;0.00;0.00;0.00
04.12.2020;1:07:03;3.33;43.12;12.08;757.74;0.00;0.00;0.00
04.12.2020;1:08:03;3.36;43.27;12.08;757.74;0.00;0.00;0.00
04.12.2020;1:09:03;3.33;43.22;12.08;757.73;0.00;0.00;0.00
04.12.2020;1:10:03;3.33;43.35;12.08;757.72;0.00;0.00;0.00
04.12.2020;1:11:03;3.35;43.36;12.08;757.71;0.00;0.00;0.00
04.12.2020;1:12:03;3.33;43.28;12.08;757.71;0.00;0.00;0.00
04.12.2020;1:13:03;3.33;43.24;12.08;757.71;0.00;0.00;0.00
04.12.2020;1:14:03;3.33;43.22;12.08;757.71;0.00;0.00;0.00
04.12.2020;1:15:03;3.33;42.96;12.07;757.71;0.00;0.00;0.00
04.12.2020;1:16:03;3.33;43.30;12.07;757.71;0.00;0.00;0.00
04.12.2020;1:17:03;3.33;43.39;12.08;757.71;0.00;0.00;0.00
04.12.2020;1:18:03;3.33;43.35;12.09;757.70;0.00;0.00;0.00
04.12.2020;1:19:03;3.35;43.29;12.08;757.70;0.00;0.00;0.00
04.12.2020;1:20:03;3.33;43.35;12.08;757.70;0.00;0.00;0.00
04.12.2020;1:21:03;3.33;43.17;12.08;757.69;0.00;0.00;0.00
04.12.2020;1:22:03;3.36;43.33;12.07;757.69;0.00;0.00;0.00
04.12.2020;1:23:04;3.33;43.27;12.08;757.69;0.00;0.00;0.00
04.12.2020;1:24:04;3.33;43.17;12.06;757.69;0.00;0.00;0.00
04.12.2020;1:25:04;3.35;43.24;12.05;757.69;0.00;0.00;0.00
04.12.2020;1:26:04;3.33;43.22;12.05;757.72;0.00;0.00;0.00
04.12.2020;1:27:04;3.33;43.22;12.03;757.71;0.00;0.00;0.00
04.12.2020;1:28:04;3.33;43.30;12.03;757.72;0.00;0.00;0.00
04.12.2020;1:29:04;3.33;43.33;12.03;757.73;0.00;0.00;0.00
04.12.2020;1:30:04;3.33;43.45;12.02;757.72;0.00;0.00;0.00
04.12.2020;1:31:04;3.33;43.50;12.02;757.73;0.00;0.00;0.00
04.12.2020;1:32:04;3.33;43.63;12.03;757.74;0.00;0.00;0.00
04.12.2020;1:33:04;3.35;43.47;12.03;757.74;0.00;0.00;0.00
04.12.2020;1:34:04;3.33;43.28;12.02;757.74;0.00;0.00;0.00
04.12.2020;1:35:04;3.33;43.26;12.01;757.75;0.00;0.00;0.00
04.12.2020;1:36:04;3.36;43.25;12.01;757.75;0.00;0.00;0.00
04.12.2020;1:37:04;3.33;43.39;12.01;757.75;0.00;0.00;0.00
04.12.2020;1:38:04;3.33;43.24;12.00;757.74;0.00;0.00;0.00
04.12.2020;1:39:04;3.35;43.43;12.00;757.74;0.00;0.00;0.00
04.12.2020;1:40:04;3.33;43.29;11.99;757.73;0.00;0.00;0.00
04.12.2020;1:41:04;3.33;43.41;11.98;757.72;0.00;0.00;0.00
04.12.2020;1:42:04;3.33;43.63;11.99;757.73;0.00;0.00;0.00
04.12.2020;1:43:04;3.33;43.53;12.00;757.73;0.00;0.00;0.00
04.12.2020;1:44:04;3.33;43.35;11.99;757.72;0.00;0.00;0.00
04.12.2020;1:45:04;3.33;43.52;11.99;757.71;0.00;0.00;0.00
04.12.2020;1:46:04;3.33;43.50;11.99;757.71;0.00;0.00;0.00
04.12.2020;1:47:04;3.35;43.49;11.99;757.69;0.00;0.00;0.00
04.12.2020;1:48:04;3.33;43.52;12.00;757.68;0.00;0.00;0.00
04.12.2020;1:49:04;3.33;43.39;12.00;757.68;0.00;0.00;0.00
04.12.2020;1:50:04;3.36;43.38;11.98;757.68;0.00;0.00;0.00
04.12.2020;1:51:04;3.33;43.34;11.98;757.67;0.00;0.00;0.00
04.12.2020;1:52:04;3.33;43.48;11.98;757.68;0.00;0.00;0.00
04.12.2020;1:53:04;3.35;43.51;11.98;757.70;0.00;0.00;0.00
04.12.2020;1:54:04;3.33;43.39;11.98;757.72;0.00;0.00;0.00
04.12.2020;1:55:05;3.33;43.52;11.98;757.71;0.00;0.00;0.00
04.12.2020;1:56:05;3.33;43.55;11.99;757.71;0.00;0.00;0.00
04.12.2020;1:57:05;3.33;43.47;11.99;757.72;0.00;0.00;0.00
04.12.2020;1:58:05;3.33;43.54;11.98;757.72;0.00;0.00;0.00
04.12.2020;1:59:05;3.33;43.47;11.98;757.73;0.00;0.00;0.00
04.12.2020;2:00:05;3.33;43.52;11.98;757.74;0.00;0.00;0.00
04.12.2020;2:01:05;3.35;43.67;11.99;757.76;0.00;0.00;0.00
04.12.2020;2:02:05;3.33;43.56;11.99;757.75;0.00;0.00;0.00
04.12.2020;2:03:05;3.33;43.41;12.00;757.75;0.00;0.00;0.00
04.12.2020;2:04:05;3.36;43.54;12.00;757.76;0.00;0.00;0.00
04.12.2020;2:05:05;3.33;43.60;12.00;757.76;0.00;0.00;0.00
04.12.2020;2:06:05;3.33;43.64;12.01;757.77;0.00;0.00;0.00
04.12.2020;2:07:05;3.35;43.53;12.03;757.76;0.00;0.00;0.00
04.12.2020;2:08:05;3.33;43.60;12.03;757.77;0.00;0.00;0.00
04.12.2020;2:09:05;3.33;43.40;12.03;757.77;0.00;0.00;0.00
04.12.2020;2:10:05;3.33;43.47;12.04;757.78;0.00;0.00;0.00
04.12.2020;2:11:05;3.33;43.40;12.04;757.75;0.00;0.00;0.00
04.12.2020;2:12:05;3.33;43.54;12.04;757.75;0.00;0.00;0.00
04.12.2020;2:13:05;3.33;43.30;12.04;757.76;0.00;0.00;0.00
04.12.2020;2:14:05;3.33;43.38;12.04;757.76;0.00;0.00;0.00
04.12.2020;2:15:05;3.35;43.48;12.05;757.76;0.00;0.00;0.00
04.12.2020;2:16:05;3.33;43.21;12.03;757.75;0.00;0.00;0.00
04.12.2020;2:17:05;3.33;43.64;12.03;757.74;0.00;0.00;0.00
04.12.2020;2:18:05;3.36;43.52;12.03;757.74;0.00;0.00;0.00
04.12.2020;2:19:05;3.33;43.34;12.02;757.74;0.00;0.00;0.00
04.12.2020;2:20:05;3.33;43.48;12.02;757.73;0.00;0.00;0.00
04.12.2020;2:21:05;3.35;43.55;12.03;757.72;0.00;0.00;0.00
04.12.2020;2:22:05;3.33;43.56;12.03;757.70;0.00;0.00;0.00
04.12.2020;2:23:05;3.33;43.52;12.03;757.71;0.00;0.00;0.00
04.12.2020;2:24:05;3.33;43.59;12.05;757.71;0.00;0.00;0.00
04.12.2020;2:25:05;3.33;43.47;12.04;757.71;0.00;0.00;0.00
04.12.2020;2:26:05;3.33;43.44;12.06;757.72;0.00;0.00;0.00
04.12.2020;2:27:06;3.33;43.29;12.06;757.74;0.00;0.00;0.00
04.12.2020;2:28:06;3.33;43.50;12.06;757.74;0.00;0.00;0.00
04.12.2020;2:29:06;3.35;43.64;12.08;757.73;0.00;0.00;0.00
04.12.2020;2:30:06;3.33;43.42;12.08;757.72;0.00;0.00;0.00
04.12.2020;2:31:06;3.33;43.36;12.07;757.71;0.00;0.00;0.00
04.12.2020;2:32:06;3.36;43.48;12.07;757.69;0.00;0.00;0.00
04.12.2020;2:33:06;3.33;43.33;12.07;757.66;0.00;0.00;0.00
04.12.2020;2:34:06;3.33;43.49;12.08;757.65;0.00;0.00;0.00
04.12.2020;2:35:06;3.35;43.62;12.10;757.64;0.00;0.00;0.00
04.12.2020;2:36:06;3.33;43.34;12.10;757.63;0.00;0.00;0.00
04.12.2020;2:37:06;3.33;43.33;12.09;757.63;0.00;0.00;0.00
04.12.2020;2:38:06;3.33;43.22;12.09;757.65;0.00;0.00;0.00
04.12.2020;2:39:06;3.33;43.40;12.09;757.66;0.00;0.00;0.00
04.12.2020;2:40:06;3.33;43.49;12.09;757.66;0.00;0.00;0.00
04.12.2020;2:41:06;3.33;43.52;12.09;757.65;0.00;0.00;0.00
04.12.2020;2:42:06;3.33;43.42;12.10;757.65;0.00;0.00;0.00
04.12.2020;2:43:06;3.35;43.49;12.10;757.64;0.00;0.00;0.00
04.12.2020;2:44:06;3.33;43.61;12.10;757.64;0.00;0.00;0.00
04.12.2020;2:45:06;3.33;43.45;12.11;757.65;0.00;0.00;0.00
04.12.2020;2:46:06;3.36;43.33;12.11;757.64;0.00;0.00;0.00
04.12.2020;2:47:06;3.33;43.46;12.11;757.64;0.00;0.00;0.00
04.12.2020;2:48:06;3.33;43.45;12.11;757.65;0.00;0.00;0.00
04.12.2020;2:49:06;3.35;43.46;12.11;757.64;0.00;0.00;0.00
04.12.2020;2:50:06;3.33;43.43;12.11;757.65;0.00;0.00;0.00
04.12.2020;2:51:06;3.33;43.44;12.11;757.64;0.00;0.00;0.00
04.12.2020;2:52:06;3.33;43.20;12.11;757.64;0.00;0.00;0.00
04.12.2020;2:53:06;3.33;43.49;12.11;757.62;0.00;0.00;0.00
04.12.2020;2:54:06;3.33;43.45;12.12;757.60;0.00;0.00;0.00
04.12.2020;2:55:06;3.33;43.48;12.13;757.59;0.00;0.00;0.00
04.12.2020;2:56:06;3.33;43.28;12.14;757.58;0.00;0.00;0.00
04.12.2020;2:57:06;3.35;43.43;12.15;757.57;0.00;0.00;0.00
04.12.2020;2:58:07;3.33;43.26;12.15;757.57;0.00;0.00;0.00
04.12.2020;2:59:07;3.33;43.43;12.15;757.57;0.00;0.00;0.00
04.12.2020;3:00:07;3.36;43.20;12.14;757.58;0.00;0.00;0.00
04.12.2020;3:01:07;3.33;43.51;12.15;757.56;0.00;0.00;0.00
04.12.2020;3:02:07;3.33;43.51;12.16;757.56;0.00;0.00;0.00
04.12.2020;3:03:07;3.35;43.45;12.17;757.55;0.00;0.00;0.00
04.12.2020;3:04:07;3.33;43.33;12.17;757.53;0.00;0.00;0.00
04.12.2020;3:05:07;3.33;43.40;12.17;757.55;0.00;0.00;0.00
04.12.2020;3:06:07;3.33;42.94;12.16;757.54;0.00;0.00;0.00
04.12.2020;3:07:07;3.33;43.16;12.16;757.53;0.00;0.00;0.00
04.12.2020;3:08:07;3.33;43.23;12.16;757.53;0.00;0.00;0.00
04.12.2020;3:09:07;3.33;43.30;12.16;757.52;0.00;0.00;0.00
04.12.2020;3:10:07;3.33;43.12;12.16;757.52;0.00;0.00;0.00
04.12.2020;3:11:07;3.35;43.38;12.15;757.53;0.00;0.00;0.00
04.12.2020;3:12:07;3.33;43.21;12.16;757.53;0.00;0.00;0.00
04.12.2020;3:13:07;3.33;43.34;12.15;757.54;0.00;0.00;0.00
04.12.2020;3:14:07;3.36;43.27;12.15;757.55;0.00;0.00;0.00
04.12.2020;3:15:07;3.33;43.17;12.13;757.55;0.00;0.00;0.00
04.12.2020;3:16:07;3.33;43.24;12.12;757.55;0.00;0.00;0.00
04.12.2020;3:17:07;3.35;43.47;12.11;757.54;0.00;0.00;0.00
04.12.2020;3:18:07;3.33;43.53;12.11;757.56;0.00;0.00;0.00
04.12.2020;3:19:07;3.33;43.57;12.13;757.58;0.00;0.00;0.00
04.12.2020;3:20:07;3.33;43.50;12.13;757.58;0.00;0.00;0.00
04.12.2020;3:21:07;3.33;43.50;12.14;757.58;0.00;0.00;0.00
04.12.2020;3:22:07;3.33;43.30;12.14;757.57;0.00;0.00;0.00
04.12.2020;3:23:07;3.33;43.16;12.13;757.56;0.00;0.00;0.00
04.12.2020;3:24:07;3.33;43.44;12.12;757.56;0.00;0.00;0.00
04.12.2020;3:25:07;3.35;43.36;12.12;757.57;0.00;0.00;0.00
04.12.2020;3:26:07;3.33;43.56;12.12;757.54;0.00;0.00;0.00
04.12.2020;3:27:07;3.33;42.99;12.11;757.53;0.00;0.00;0.00
04.12.2020;3:28:07;3.36;43.33;12.09;757.53;0.00;0.00;0.00
04.12.2020;3:29:07;3.33;43.53;12.10;757.52;0.00;0.00;0.00
04.12.2020;3:30:08;3.33;43.53;12.11;757.52;0.00;0.00;0.00
04.12.2020;3:31:08;3.35;43.30;12.11;757.51;0.00;0.00;0.00
04.12.2020;3:32:08;3.33;43.42;12.11;757.49;0.00;0.00;0.00
04.12.2020;3:33:08;3.33;43.40;12.12;757.51;0.00;0.00;0.00
04.12.2020;3:34:08;3.33;43.39;12.12;757.50;0.00;0.00;0.00
04.12.2020;3:35:08;3.33;43.18;12.11;757.49;0.00;0.00;0.00
04.12.2020;3:36:08;3.33;43.29;12.09;757.49;0.00;0.00;0.00
04.12.2020;3:37:08;3.33;43.50;12.10;757.49;0.00;0.00;0.00
04.12.2020;3:38:08;3.33;43.47;12.10;757.49;0.00;0.00;0.00
04.12.2020;3:39:08;3.35;43.51;12.11;757.49;0.00;0.00;0.00
04.12.2020;3:40:08;3.33;43.37;12.10;757.49;0.00;0.00;0.00
04.12.2020;3:41:08;3.33;43.54;12.11;757.49;0.00;0.00;0.00
04.12.2020;3:42:08;3.36;43.50;12.11;757.48;0.00;0.00;0.00
04.12.2020;3:43:08;3.33;43.30;12.10;757.48;0.00;0.00;0.00
04.12.2020;3:44:08;3.33;43.53;12.09;757.48;0.00;0.00;0.00
04.12.2020;3:45:08;3.35;43.38;12.09;757.48;0.00;0.00;0.00
04.12.2020;3:46:08;3.33;43.49;12.08;757.46;0.00;0.00;0.00
04.12.2020;3:47:08;3.33;43.51;12.09;757.45;0.00;0.00;0.00
04.12.2020;3:48:08;3.33;43.61;12.09;757.44;0.00;0.00;0.00
04.12.2020;3:49:08;3.33;43.53;12.10;757.43;0.00;0.00;0.00
04.12.2020;3:50:08;3.33;43.61;12.09;757.41;0.00;0.00;0.00
04.12.2020;3:51:08;3.33;43.53;12.10;757.41;0.00;0.00;0.00
04.12.2020;3:52:08;3.33;43.58;12.11;757.42;0.00;0.00;0.00
04.12.2020;3:53:08;3.35;43.50;12.11;757.41;0.00;0.00;0.00
04.12.2020;3:54:08;3.33;43.53;12.13;757.43;0.00;0.00;0.00
04.12.2020;3:55:08;3.33;43.62;12.13;757.44;0.00;0.00;0.00
04.12.2020;3:56:08;3.36;43.56;12.12;757.43;0.00;0.00;0.00
04.12.2020;3:57:08;3.33;43.45;12.12;757.44;0.00;0.00;0.00
04.12.2020;3:58:08;3.33;43.55;12.11;757.43;0.00;0.00;0.00
04.12.2020;3:59:08;3.35;43.66;12.12;757.45;0.00;0.00;0.00
04.12.2020;4:00:08;3.33;43.46;12.11;757.45;0.00;0.00;0.00
04.12.2020;4:01:09;3.33;43.61;12.11;757.47;0.00;0.00;0.00
04.12.2020;4:02:09;3.33;43.53;12.11;757.47;0.00;0.00;0.00
04.12.2020;4:03:09;3.33;43.58;12.10;757.47;0.00;0.00;0.00
04.12.2020;4:04:09;3.33;43.51;12.10;757.48;0.00;0.00;0.00
04.12.2020;4:05:09;3.33;43.58;12.09;757.48;0.00;0.00;0.00
04.12.2020;4:06:09;3.33;43.60;12.09;757.49;0.00;0.00;0.00
04.12.2020;4:07:09;3.35;43.71;12.09;757.48;0.00;0.00;0.00
04.12.2020;4:08:09;3.33;43.55;12.09;757.47;0.00;0.00;0.00
04.12.2020;4:09:09;3.33;43.50;12.09;757.46;0.00;0.00;0.00
04.12.2020;4:10:09;3.36;43.52;12.08;757.47;0.00;0.00;0.00
04.12.2020;4:11:09;3.33;43.66;12.09;757.48;0.00;0.00;0.00
04.12.2020;4:12:09;3.33;43.54;12.08;757.47;0.00;0.00;0.00
04.12.2020;4:13:09;3.35;43.69;12.08;757.48;0.00;0.00;0.00
04.12.2020;4:14:09;3.33;43.60;12.08;757.49;0.00;0.00;0.00
04.12.2020;4:15:09;3.33;43.39;12.07;757.49;0.00;0.00;0.00
04.12.2020;4:16:09;3.33;43.64;12.07;757.51;0.00;0.00;0.00
04.12.2020;4:17:09;3.33;43.59;12.07;757.54;0.00;0.00;0.00
04.12.2020;4:18:09;3.33;43.65;12.07;757.55;0.00;0.00;0.00
04.12.2020;4:19:09;3.33;43.52;12.06;757.56;0.00;0.00;0.00
04.12.2020;4:20:09;3.33;43.50;12.05;757.54;0.00;0.00;0.00
04.12.2020;4:21:09;3.35;43.66;12.04;757.53;0.00;0.00;0.00
04.12.2020;4:22:09;3.33;43.61;12.04;757.52;0.00;0.00;0.00
04.12.2020;4:23:09;3.33;43.69;12.02;757.52;0.00;0.00;0.00
04.12.2020;4:24:09;3.36;43.76;12.03;757.51;0.00;0.00;0.00
04.12.2020;4:25:09;3.33;43.69;12.03;757.50;0.00;0.00;0.00
04.12.2020;4:26:09;3.33;43.77;12.03;757.48;0.00;0.00;0.00
04.12.2020;4:27:09;3.35;43.71;12.03;757.46;0.00;0.00;0.00
04.12.2020;4:28:09;3.33;43.60;12.03;757.45;0.00;0.00;0.00
04.12.2020;4:29:09;3.33;43.58;12.03;757.45;0.00;0.00;0.00
04.12.2020;4:30:09;3.33;43.63;12.03;757.43;0.00;0.00;0.00
04.12.2020;4:31:09;3.33;43.60;12.02;757.42;0.00;0.00;0.00
04.12.2020;4:32:09;3.33;43.79;12.02;757.43;0.00;0.00;0.00
04.12.2020;4:33:10;3.33;43.78;12.03;757.41;0.00;0.00;0.00
04.12.2020;4:34:10;3.33;43.58;12.03;757.40;0.00;0.00;0.00
04.12.2020;4:35:10;3.35;43.66;12.03;757.38;0.00;0.00;0.00
04.12.2020;4:36:10;3.33;43.73;12.03;757.37;0.00;0.00;0.00
04.12.2020;4:37:10;3.33;43.67;12.03;757.37;0.00;0.00;0.00
04.12.2020;4:38:10;3.36;43.66;12.02;757.39;0.00;0.00;0.00
04.12.2020;4:39:10;3.33;43.71;12.02;757.40;0.00;0.00;0.00
04.12.2020;4:40:10;3.33;43.69;12.02;757.40;0.00;0.00;0.00
04.12.2020;4:41:10;3.35;43.73;12.01;757.41;0.00;0.00;0.00
04.12.2020;4:42:10;3.33;43.64;12.02;757.41;0.00;0.00;0.00
04.12.2020;4:43:10;3.33;43.61;12.00;757.42;0.00;0.00;0.00
04.12.2020;4:44:10;3.33;43.74;11.99;757.43;0.00;0.00;0.00
04.12.2020;4:45:10;3.33;43.68;12.00;757.42;0.00;0.00;0.00
04.12.2020;4:46:10;3.33;43.80;12.00;757.42;0.00;0.00;0.00
04.12.2020;4:47:10;3.33;43.66;12.00;757.43;0.00;0.00;0.00
04.12.2020;4:48:10;3.33;43.78;11.99;757.44;0.00;0.00;0.00
04.12.2020;4:49:10;3.35;43.69;11.99;757.46;0.00;0.00;0.00
04.12.2020;4:50:10;3.33;43.79;11.99;757.47;0.00;0.00;0.00
04.12.2020;4:51:10;3.33;43.60;11.99;757.46;0.00;0.00;0.00
04.12.2020;4:52:10;3.36;43.73;11.99;757.45;0.00;0.00;0.00
04.12.2020;4:53:10;3.33;43.82;11.99;757.44;0.00;0.00;0.00
04.12.2020;4:54:10;3.33;43.78;11.99;757.43;0.00;0.00;0.00
04.12.2020;4:55:10;3.35;43.84;11.99;757.40;0.00;0.00;0.00
04.12.2020;4:56:10;3.33;43.69;12.01;757.39;0.00;0.00;0.00
04.12.2020;4:57:10;3.33;43.73;12.01;757.38;0.00;0.00;0.00
04.12.2020;4:58:10;3.33;43.79;12.01;757.37;0.00;0.00;0.00
04.12.2020;4:59:10;3.33;43.74;12.01;757.35;0.00;0.00;0.00
04.12.2020;5:00:10;3.33;43.76;12.00;757.33;0.00;0.00;0.00
04.12.2020;5:01:10;3.33;43.68;12.00;757.33;0.00;0.00;0.00
04.12.2020;5:02:10;3.33;43.64;12.00;757.34;0.00;0.00;0.00
04.12.2020;5:03:10;3.35;43.67;12.00;757.34;0.00;0.00;0.00
04.12.2020;5:04:11;3.33;43.77;12.00;757.34;0.00;0.00;0.00
04.12.2020;5:05:11;3.33;43.65;12.00;757.34;0.00;0.00;0.00
04.12.2020;5:06:11;3.36;43.65;12.00;757.34;0.00;0.00;0.00
04.12.2020;5:07:11;3.33;43.67;11.99;757.33;0.00;0.00;0.00
04.12.2020;5:08:11;3.33;43.40;11.98;757.34;0.00;0.00;0.00
04.12.2020;5:09:11;3.35;43.56;11.96;757.36;0.00;0.00;0.00
04.12.2020;5:10:11;3.33;43.84;11.97;757.36;0.00;0.00;0.00
04.12.2020;5:11:11;3.33;43.77;11.97;757.34;0.00;0.00;0.00
04.12.2020;5:12:11;3.33;43.67;11.97;757.35;0.00;0.00;0.00
04.12.2020;5:13:11;3.33;43.76;11.97;757.35;0.00;0.00;0.00
04.12.2020;5:14:11;3.33;43.60;11.96;757.33;0.00;0.00;0.00
04.12.2020;5:15:11;3.33;43.54;11.95;757.31;0.00;0.00;0.00
04.12.2020;5:16:11;3.33;43.60;11.93;757.30;0.00;0.00;0.00
04.12.2020;5:17:11;3.35;43.81;11.93;757.30;0.00;0.00;0.00
04.12.2020;5:18:11;3.33;43.59;11.93;757.29;0.00;0.00;0.00
04.12.2020;5:19:11;3.33;43.68;11.93;757.28;0.00;0.00;0.00
04.12.2020;5:20:11;3.36;43.87;11.93;757.29;0.00;0.00;0.00
04.12.2020;5:21:11;3.33;43.57;11.92;757.30;0.00;0.00;0.00
04.12.2020;5:22:11;3.33;43.86;11.91;757.31;0.00;0.00;0.00
04.12.2020;5:23:11;3.35;43.70;11.91;757.32;0.00;0.00;0.00
04.12.2020;5:24:11;3.33;43.85;11.91;757.32;0.00;0.00;0.00
04.12.2020;5:25:11;3.33;43.87;11.91;757.31;0.00;0.00;0.00
04.12.2020;5:26:11;3.33;43.86;11.91;757.30;0.00;0.00;0.00
04.12.2020;5:27:11;3.33;43.81;11.92;757.29;0.00;0.00;0.00
04.12.2020;5:28:11;3.33;43.75;11.91;757.26;0.00;0.00;0.00
04.12.2020;5:29:11;3.33;43.83;11.90;757.26;0.00;0.00;0.00
04.12.2020;5:30:11;3.33;43.94;11.90;757.27;0.00;0.00;0.00
04.12.2020;5:31:11;3.35;44.02;11.91;757.27;0.00;0.00;0.00
04.12.2020;5:32:11;3.33;43.78;11.91;757.28;0.00;0.00;0.00
04.12.2020;5:33:11;3.33;43.82;11.91;757.26;0.00;0.00;0.00
04.12.2020;5:34:11;3.36;43.94;11.92;757.26;0.00;0.00;0.00
04.12.2020;5:35:11;3.33;43.92;11.91;757.26;0.00;0.00;0.00
04.12.2020;5:36:12;3.33;43.68;11.91;757.26;0.00;0.00;0.00
04.12.2020;5:37:12;3.35;44.03;11.91;757.27;0.00;0.00;0.00
04.12.2020;5:38:12;3.33;43.91;11.92;757.29;0.00;0.00;0.00
04.12.2020;5:39:12;3.33;43.96;11.92;757.29;0.00;0.00;0.00
04.12.2020;5:40:12;3.33;43.98;11.94;757.29;0.00;0.00;0.00
04.12.2020;5:41:12;3.33;43.96;11.95;757.29;0.00;0.00;0.00
04.12.2020;5:42:12;3.33;43.80;11.95;757.28;0.00;0.00;0.00
04.12.2020;5:43:12;3.33;43.69;11.95;757.26;0.00;0.00;0.00
04.12.2020;5:44:12;3.33;43.80;11.95;757.26;0.00;0.00;0.00
04.12.2020;5:45:12;3.35;43.87;11.95;757.25;0.00;0.00;0.00
04.12.2020;5:46:12;3.33;43.65;11.95;757.25;0.00;0.00;0.00
04.12.2020;5:47:12;3.33;43.76;11.96;757.25;0.00;0.00;0.00
04.12.2020;5:48:12;3.36;43.82;11.96;757.25;0.00;0.00;0.00
04.12.2020;5:49:12;3.33;43.76;11.97;757.24;0.00;0.00;0.00
04.12.2020;5:50:12;3.33;43.68;11.97;757.23;0.00;0.00;0.00
04.12.2020;5:51:12;3.35;43.78;11.97;757.24;0.00;0.00;0.00
04.12.2020;5:52:12;3.33;43.87;11.98;757.23;0.00;0.00;0.00
04.12.2020;5:53:12;3.33;43.75;11.99;757.23;0.00;0.00;0.00
04.12.2020;5:54:12;3.33;43.70;11.99;757.22;0.00;0.00;0.00
04.12.2020;5:55:12;3.33;43.65;11.97;757.23;0.00;0.00;0.00
04.12.2020;5:56:12;3.33;43.71;11.99;757.23;0.00;0.00;0.00
04.12.2020;5:57:12;3.33;43.64;11.99;757.24;0.00;0.00;0.00
04.12.2020;5:58:12;3.33;43.75;11.99;757.25;0.00;0.00;0.00
04.12.2020;5:59:12;3.35;43.53;11.99;757.25;0.00;0.00;0.00
04.12.2020;6:00:12;3.33;43.62;11.98;757.25;0.00;0.00;0.00
04.12.2020;6:01:12;3.33;43.64;11.98;757.25;0.00;0.00;0.00
04.12.2020;6:02:12;3.36;43.65;11.98;757.25;0.00;0.00;0.00
04.12.2020;6:03:12;3.33;43.67;11.98;757.23;0.00;0.00;0.00
04.12.2020;6:04:12;3.33;43.68;11.98;757.23;0.00;0.00;0.00
04.12.2020;6:05:12;3.35;43.66;11.98;757.21;0.00;0.00;0.00
04.12.2020;6:06:12;3.33;43.67;11.98;757.20;0.00;0.00;0.00
04.12.2020;6:07:13;3.33;43.56;11.97;757.20;0.00;0.00;0.00
04.12.2020;6:08:13;3.33;43.63;11.97;757.20;0.00;0.00;0.00
04.12.2020;6:09:13;3.33;43.73;11.98;757.19;0.00;0.00;0.00
04.12.2020;6:10:13;3.33;43.60;11.97;757.17;0.00;0.00;0.00
04.12.2020;6:11:13;3.33;43.74;11.97;757.18;0.00;0.00;0.00
04.12.2020;6:12:13;3.33;43.75;11.98;757.20;0.00;0.00;0.00
04.12.2020;6:13:13;3.35;43.62;11.98;757.21;0.00;0.00;0.00
04.12.2020;6:14:13;3.33;43.62;11.98;757.21;0.00;0.00;0.00
04.12.2020;6:15:13;3.33;43.63;11.97;757.20;0.00;0.00;0.00
04.12.2020;6:16:13;3.36;43.63;11.97;757.20;0.00;0.00;0.00
04.12.2020;6:17:13;3.33;43.72;11.97;757.20;0.00;0.00;0.00
04.12.2020;6:18:13;3.33;43.78;11.98;757.21;0.00;0.00;0.00
04.12.2020;6:19:13;3.35;43.77;11.99;757.22;0.00;0.00;0.00
04.12.2020;6:20:13;3.33;43.63;11.99;757.24;0.00;0.00;0.00
04.12.2020;6:21:13;3.33;43.75;11.99;757.24;0.00;0.00;0.00
04.12.2020;6:22:13;3.33;43.73;12.01;757.25;0.00;0.00;0.00
04.12.2020;6:23:13;3.33;43.69;12.01;757.26;0.00;0.00;0.00
04.12.2020;6:24:13;3.33;43.69;12.01;757.26;0.00;0.00;0.00
04.12.2020;6:25:13;3.33;43.64;12.01;757.27;0.00;0.00;0.00
04.12.2020;6:26:13;3.33;43.69;12.01;757.29;0.00;0.00;0.00
04.12.2020;6:27:13;3.35;43.59;12.01;757.30;0.00;0.00;0.00
04.12.2020;6:28:13;3.33;43.70;12.01;757.31;0.00;0.00;0.00
04.12.2020;6:29:13;3.33;43.81;12.02;757.32;0.00;0.00;0.00
04.12.2020;6:30:13;3.36;43.68;12.03;757.31;0.00;0.00;0.00
04.12.2020;6:31:13;3.33;43.53;12.03;757.30;0.00;0.00;0.00
04.12.2020;6:32:13;3.33;43.55;12.03;757.30;0.00;0.00;0.00
04.12.2020;6:33:13;3.35;43.62;12.03;757.28;0.00;0.00;0.00
04.12.2020;6:34:13;3.33;43.53;12.03;757.28;0.00;0.00;0.00
04.12.2020;6:35:13;3.33;43.68;12.03;757.27;0.00;0.00;0.00
04.12.2020;6:36:13;3.33;43.57;12.03;757.27;0.00;0.00;0.00
04.12.2020;6:37:13;3.33;43.60;12.02;757.26;0.00;0.00;0.00
04.12.2020;6:38:13;3.33;43.64;12.03;757.28;0.00;0.00;0.00
04.12.2020;6:39:14;3.33;43.69;12.03;757.27;0.00;0.00;0.00
04.12.2020;6:40:14;3.33;43.68;12.03;757.26;0.00;0.00;0.00
04.12.2020;6:41:14;3.35;43.60;12.03;757.25;0.00;0.00;0.00
04.12.2020;6:42:14;3.33;43.65;12.03;757.24;0.00;0.00;0.00
04.12.2020;6:43:14;3.33;43.60;12.04;757.24;0.00;0.00;0.00
04.12.2020;6:44:14;3.36;43.53;12.03;757.24;0.00;0.00;0.00
04.12.2020;6:45:14;3.33;43.62;12.03;757.25;0.00;0.00;0.00
04.12.2020;6:46:14;3.33;43.64;12.03;757.26;0.00;0.00;0.00
04.12.2020;6:47:14;3.35;43.51;12.02;757.26;0.00;0.00;0.00
04.12.2020;6:48:14;3.33;43.68;12.03;757.28;0.00;0.00;0.00
04.12.2020;6:49:14;3.33;43.68;12.03;757.29;0.00;0.00;0.00
04.12.2020;6:50:14;3.33;43.57;12.04;757.28;0.00;0.00;0.00
04.12.2020;6:51:14;3.33;43.57;12.03;757.30;0.00;0.00;0.00
04.12.2020;6:52:14;3.33;43.49;12.04;757.29;0.00;0.00;0.00
04.12.2020;6:53:14;3.33;43.60;12.02;757.29;0.00;0.00;0.00
04.12.2020;6:54:14;3.33;43.67;12.02;757.29;0.00;0.00;0.00
04.12.2020;6:55:14;3.35;43.64;12.02;757.29;0.00;0.00;0.00
04.12.2020;6:56:14;3.33;43.59;12.02;757.29;0.00;0.00;0.00
04.12.2020;6:57:14;3.33;43.64;12.03;757.28;0.00;0.00;0.00
04.12.2020;6:58:14;3.36;43.62;12.03;757.28;0.00;0.00;0.00
04.12.2020;6:59:14;3.33;43.69;12.04;757.30;0.00;0.00;0.00
04.12.2020;7:00:14;3.33;43.64;12.04;757.29;0.00;0.00;0.00
04.12.2020;7:01:14;3.35;43.52;12.04;757.28;0.00;0.00;0.00
04.12.2020;7:02:14;3.33;43.58;12.03;757.26;0.00;0.00;0.00
04.12.2020;7:03:14;3.33;43.63;12.03;757.25;0.00;0.00;0.00
04.12.2020;7:04:14;3.33;43.52;12.03;757.25;0.00;0.00;0.00
04.12.2020;7:05:14;3.33;43.66;12.03;757.27;0.00;0.00;0.00
04.12.2020;7:06:14;3.33;43.60;12.02;757.26;0.00;0.00;0.00
04.12.2020;7:07:14;3.33;43.69;12.02;757.26;0.00;0.00;0.00
04.12.2020;7:08:14;3.33;43.66;12.03;757.26;0.00;0.00;0.00
04.12.2020;7:09:14;3.35;43.66;12.03;757.27;0.00;0.00;0.00
04.12.2020;7:10:14;3.33;43.53;12.02;757.28;0.00;0.00;0.00
04.12.2020;7:11:15;3.33;43.72;12.02;757.27;0.00;0.00;0.00
04.12.2020;7:12:15;3.36;43.68;12.03;757.27;0.00;0.00;0.00
04.12.2020;7:13:15;3.33;43.70;12.03;757.26;0.00;0.00;0.00
04.12.2020;7:14:15;3.33;43.55;12.04;757.23;0.00;0.00;0.00
04.12.2020;7:15:15;3.35;43.62;12.04;757.21;0.00;0.00;0.00
04.12.2020;7:16:15;3.33;43.65;12.05;757.22;0.00;0.00;0.00
04.12.2020;7:17:15;3.33;43.67;12.05;757.22;0.00;0.00;0.00
04.12.2020;7:18:15;3.33;43.59;12.06;757.24;0.00;0.00;0.00
04.12.2020;7:19:15;3.33;43.64;12.07;757.25;0.00;0.00;0.00
04.12.2020;7:20:15;3.33;43.70;12.07;757.25;0.00;0.00;0.00
04.12.2020;7:21:15;3.33;43.61;12.08;757.26;0.00;0.00;0.00
04.12.2020;7:22:15;3.53;43.73;12.08;757.27;0.00;0.00;0.00
04.12.2020;7:23:15;4.14;43.65;12.09;757.27;0.00;0.00;0.00
04.12.2020;7:24:15;4.17;43.54;12.10;757.26;0.00;0.00;0.00
04.12.2020;7:25:15;4.17;43.60;12.10;757.28;0.00;0.00;0.00
04.12.2020;7:26:15;4.19;43.63;12.11;757.29;0.00;0.00;0.00
04.12.2020;7:27:15;4.19;43.58;12.12;757.29;0.00;0.00;0.00
04.12.2020;7:28:15;4.90;43.67;12.13;757.30;0.00;0.00;0.00
04.12.2020;7:29:15;5.01;43.63;12.14;757.30;0.00;0.00;0.00
04.12.2020;7:30:15;5.35;43.51;12.14;757.29;0.00;0.00;0.00
04.12.2020;7:31:15;5.83;43.60;12.15;757.29;0.00;0.00;0.00
04.12.2020;7:32:15;5.89;43.63;12.16;757.28;0.00;0.00;0.00
04.12.2020;7:33:15;6.67;43.53;12.17;757.28;0.00;0.00;0.00
04.12.2020;7:34:15;6.99;43.53;12.17;757.27;0.00;0.00;0.00
04.12.2020;7:35:15;7.50;43.57;12.17;757.29;0.00;0.00;0.00
04.12.2020;7:36:15;8.06;43.60;12.18;757.30;0.00;0.00;0.00
04.12.2020;7:37:15;8.65;43.56;12.20;757.30;0.00;0.00;0.00
04.12.2020;7:38:15;9.17;43.45;12.20;757.30;0.00;0.00;0.00
04.12.2020;7:39:15;9.99;43.43;12.20;757.31;0.00;0.00;0.00
04.12.2020;7:40:15;10.37;43.49;12.22;757.32;0.00;0.00;0.00
04.12.2020;7:41:16;11.26;43.45;12.23;757.31;0.00;0.00;0.00
04.12.2020;7:42:16;12.01;43.44;12.23;757.30;0.00;0.00;0.00
04.12.2020;7:43:16;13.26;43.41;12.24;757.29;0.00;0.00;0.00
04.12.2020;7:44:16;14.54;43.46;12.25;757.28;0.00;0.00;0.00
04.12.2020;7:45:16;14.93;43.45;12.26;757.28;0.00;0.00;0.00
04.12.2020;7:46:16;15.43;43.27;12.26;757.27;0.00;0.00;0.00
04.12.2020;7:47:16;16.00;43.34;12.26;757.27;0.00;0.00;0.00
04.12.2020;7:48:16;17.61;43.39;12.26;757.26;0.00;0.00;0.00
04.12.2020;7:49:16;18.85;43.42;12.27;757.27;0.00;0.00;0.00
04.12.2020;7:50:16;19.17;43.37;12.29;757.27;0.00;0.00;0.00
04.12.2020;7:51:16;20.50;43.37;12.30;757.28;0.01;0.00;0.00
04.12.2020;7:52:16;21.97;43.28;12.30;757.28;0.01;0.00;0.00
04.12.2020;7:53:16;21.65;43.31;12.31;757.30;0.01;0.00;0.00
04.12.2020;7:54:16;22.64;43.26;12.31;757.31;0.01;0.00;0.00
04.12.2020;7:55:16;23.57;43.26;12.32;757.32;0.01;0.00;0.00
04.12.2020;7:56:16;24.17;43.30;12.32;757.33;0.01;0.00;0.00
04.12.2020;7:57:16;24.19;43.34;12.33;757.34;0.01;0.00;0.00
04.12.2020;7:58:16;24.03;43.37;12.33;757.35;0.01;0.00;0.00
04.12.2020;7:59:16;25.13;43.16;12.34;757.36;0.02;0.00;0.00
04.12.2020;8:00:16;25.90;43.27;12.34;757.37;0.02;0.00;0.00
04.12.2020;8:01:16;28.26;43.25;12.34;757.37;0.03;0.00;0.00
04.12.2020;8:02:16;29.51;43.32;12.35;757.38;0.03;0.00;0.00
04.12.2020;8:03:16;28.93;43.30;12.35;757.38;0.03;0.00;0.00
04.12.2020;8:04:16;31.47;43.26;12.36;757.38;0.04;0.00;0.00
04.12.2020;8:05:16;31.86;43.22;12.38;757.38;0.04;0.00;0.00
04.12.2020;8:06:16;31.82;43.25;12.40;757.39;0.04;0.00;0.00
04.12.2020;8:07:16;32.87;43.14;12.40;757.40;0.04;0.00;0.00
04.12.2020;8:08:16;33.79;43.19;12.40;757.42;0.05;0.00;0.00
04.12.2020;8:09:16;35.50;43.21;12.41;757.43;0.05;0.00;0.00
04.12.2020;8:10:16;36.16;43.22;12.42;757.45;0.05;0.00;0.00
04.12.2020;8:11:17;39.78;43.18;12.42;757.45;0.07;0.00;0.00
04.12.2020;8:12:17;41.94;43.21;12.43;757.47;0.07;0.00;0.00
04.12.2020;8:13:17;41.17;43.21;12.44;757.46;0.07;0.00;0.00
04.12.2020;8:14:17;44.18;43.21;12.45;757.46;0.09;0.00;0.00
04.12.2020;8:15:17;45.65;43.16;12.46;757.45;0.09;0.00;0.00
04.12.2020;8:16:17;45.68;43.15;12.48;757.47;0.09;0.00;0.00
04.12.2020;8:17:17;47.65;43.07;12.49;757.48;0.09;0.00;0.00
04.12.2020;8:18:17;48.07;42.97;12.49;757.49;0.10;0.00;0.00
04.12.2020;8:19:17;47.32;43.05;12.50;757.50;0.10;0.00;0.00
04.12.2020;8:20:17;46.36;43.02;12.50;757.52;0.09;0.00;0.00
04.12.2020;8:21:17;48.15;43.06;12.51;757.53;0.10;0.00;0.00
04.12.2020;8:22:17;48.61;42.95;12.51;757.52;0.10;0.00;0.00
04.12.2020;8:23:17;49.28;43.10;12.52;757.54;0.10;0.00;0.00
04.12.2020;8:24:17;49.60;43.10;12.53;757.54;0.10;0.00;0.00
04.12.2020;8:25:17;48.40;42.96;12.52;757.54;0.10;0.00;0.00
04.12.2020;8:26:17;47.69;43.04;12.53;757.54;0.09;0.00;0.00
04.12.2020;8:27:17;45.37;42.97;12.53;757.55;0.08;0.00;0.00
04.12.2020;8:28:17;45.56;43.08;12.53;757.56;0.08;0.00;0.00
04.12.2020;8:29:17;47.25;43.09;12.54;757.54;0.09;0.00;0.00
04.12.2020;8:30:17;50.96;43.01;12.55;757.53;0.11;0.00;0.00
04.12.2020;8:31:17;53.46;43.06;12.56;757.53;0.11;0.00;0.00
04.12.2020;8:32:17;57.71;43.00;12.57;757.51;0.13;0.00;0.00
04.12.2020;8:33:17;59.72;42.96;12.58;757.52;0.13;0.00;0.00
04.12.2020;8:34:17;60.00;42.96;12.58;757.53;0.14;0.00;0.00
04.12.2020;8:35:17;63.08;43.03;12.59;757.55;0.15;0.00;0.00
04.12.2020;8:36:17;63.19;43.00;12.60;757.56;0.15;0.00;0.00
04.12.2020;8:37:17;66.36;43.00;12.62;757.57;0.16;0.00;0.00
04.12.2020;8:38:17;69.27;43.00;12.62;757.57;0.17;0.00;0.00
04.12.2020;8:39:17;69.31;42.83;12.62;757.57;0.17;0.00;0.00
04.12.2020;8:40:18;75.81;42.84;12.62;757.58;0.20;0.00;0.00
04.12.2020;8:41:18;81.99;42.90;12.62;757.58;0.22;0.00;0.00
04.12.2020;8:42:18;83.46;42.97;12.63;757.57;0.22;0.00;0.00
04.12.2020;8:43:18;84.68;43.02;12.64;757.58;0.23;0.00;0.00
04.12.2020;8:44:18;94.35;42.93;12.66;757.58;0.26;0.00;0.00
04.12.2020;8:45:18;92.78;42.92;12.67;757.59;0.25;0.00;0.00
04.12.2020;8:46:18;92.60;42.90;12.68;757.61;0.25;0.00;0.00
04.12.2020;8:47:18;99.25;42.87;12.69;757.60;0.27;0.00;0.00
04.12.2020;8:48:18;97.53;42.87;12.71;757.62;0.27;0.00;0.00
04.12.2020;8:49:18;99.84;42.85;12.72;757.63;0.28;0.00;0.00
04.12.2020;8:50:18;104.00;42.82;12.74;757.64;0.29;0.00;0.00
04.12.2020;8:51:18;103.25;42.76;12.75;757.65;0.29;0.00;0.00
04.12.2020;8:52:18;109.42;42.82;12.77;757.66;0.31;0.00;0.00
04.12.2020;8:53:18;109.25;42.77;12.79;757.65;0.31;0.00;0.00
04.12.2020;8:54:18;104.18;42.73;12.80;757.66;0.29;0.00;0.00
04.12.2020;8:55:18;111.05;42.73;12.81;757.66;0.32;0.00;0.00
04.12.2020;8:56:18;116.71;42.61;12.81;757.65;0.34;0.00;0.00
04.12.2020;8:57:18;112.29;42.65;12.82;757.66;0.31;0.00;0.00
04.12.2020;8:58:18;105.59;42.68;12.83;757.67;0.29;0.00;0.00
04.12.2020;8:59:18;107.42;42.64;12.84;757.69;0.30;0.00;0.00
04.12.2020;9:00:18;108.69;42.62;12.85;757.71;0.30;0.00;0.00
04.12.2020;9:01:18;116.09;42.54;12.85;757.70;0.32;0.00;0.00
04.12.2020;9:02:18;108.10;42.57;12.86;757.73;0.29;0.00;0.00
04.12.2020;9:03:18;115.65;42.58;12.87;757.75;0.32;0.00;0.00
04.12.2020;9:04:18;114.83;42.59;12.87;757.75;0.32;0.00;0.00
04.12.2020;9:05:18;119.71;42.57;12.89;757.77;0.34;0.00;0.00
04.12.2020;9:06:18;121.74;42.56;12.89;757.77;0.34;0.00;0.00
04.12.2020;9:07:18;130.79;42.52;12.90;757.76;0.37;0.00;0.00
04.12.2020;9:08:19;134.86;42.56;12.91;757.75;0.38;0.00;0.00
04.12.2020;9:09:19;123.77;42.56;12.92;757.76;0.35;0.00;0.00
04.12.2020;9:10:19;123.56;42.51;12.92;757.74;0.34;0.00;0.00
04.12.2020;9:11:19;125.90;42.54;12.93;757.73;0.35;0.00;0.00
04.12.2020;9:12:19;132.60;42.54;12.94;757.72;0.38;0.00;0.00
04.12.2020;9:13:19;134.04;42.52;12.95;757.71;0.39;0.00;0.00
04.12.2020;9:14:19;146.90;42.37;12.95;757.65;0.43;0.01;0.00
04.12.2020;9:15:19;137.32;42.48;12.96;757.68;0.39;0.00;0.00
04.12.2020;9:16:19;139.51;42.37;12.97;757.68;0.40;0.02;0.01
04.12.2020;9:17:19;160.51;42.36;12.97;757.66;0.47;0.10;0.05
04.12.2020;9:18:19;159.60;42.44;12.98;757.67;0.47;0.10;0.05
04.12.2020;9:19:19;148.43;42.42;12.99;757.69;0.44;0.03;0.01
04.12.2020;9:20:19;162.58;42.38;13.01;757.67;0.48;0.13;0.06
04.12.2020;9:21:19;173.10;42.24;13.01;757.65;0.52;0.18;0.10
04.12.2020;9:22:19;190.95;42.31;13.01;757.63;0.57;0.29;0.17
04.12.2020;9:23:19;175.25;42.34;13.01;757.65;0.52;0.18;0.09
04.12.2020;9:24:19;141.01;42.37;13.02;757.70;0.40;0.01;0.01
04.12.2020;9:25:19;145.93;42.30;13.03;757.71;0.42;0.01;0.01
04.12.2020;9:26:19;140.44;42.34;13.03;757.74;0.40;0.00;0.00
04.12.2020;9:27:19;135.68;42.29;13.03;757.74;0.38;0.00;0.00
04.12.2020;9:28:19;139.89;42.34;13.03;757.75;0.40;0.00;0.00
04.12.2020;9:29:19;142.58;42.38;13.04;757.78;0.41;0.00;0.00
04.12.2020;9:30:19;148.95;42.33;13.04;757.78;0.43;0.03;0.01
04.12.2020;9:31:19;149.10;42.30;13.05;757.78;0.43;0.01;0.00
04.12.2020;9:32:19;153.63;42.34;13.05;757.75;0.44;0.05;0.02
04.12.2020;9:33:19;157.68;42.30;13.05;757.75;0.46;0.08;0.04
04.12.2020;9:34:19;165.74;42.21;13.04;757.72;0.48;0.12;0.06
04.12.2020;9:35:19;138.35;42.39;13.03;757.79;0.39;0.01;0.00
04.12.2020;9:36:20;140.24;42.32;13.04;757.80;0.40;0.00;0.00
04.12.2020;9:37:20;144.25;42.38;13.04;757.78;0.41;0.01;0.00
04.12.2020;9:38:20;148.35;42.35;13.05;757.80;0.42;0.01;0.00
04.12.2020;9:39:20;156.42;42.42;13.06;757.84;0.45;0.06;0.03
04.12.2020;9:40:20;151.89;42.28;13.07;757.85;0.44;0.03;0.01
04.12.2020;9:41:20;151.12;42.33;13.08;757.86;0.43;0.03;0.01
04.12.2020;9:42:20;157.75;42.37;13.08;757.86;0.46;0.08;0.04
04.12.2020;9:43:20;165.21;42.34;13.10;757.85;0.48;0.11;0.05
04.12.2020;9:44:20;167.71;42.35;13.12;757.85;0.49;0.14;0.07
04.12.2020;9:45:20;181.79;42.34;13.13;757.84;0.54;0.21;0.11
04.12.2020;9:46:20;184.18;42.32;13.13;757.82;0.54;0.22;0.12
04.12.2020;9:47:20;184.07;42.28;13.14;757.83;0.55;0.23;0.13
04.12.2020;9:48:20;190.20;42.24;13.15;757.83;0.57;0.28;0.16
04.12.2020;9:49:20;190.92;42.23;13.15;757.84;0.56;0.27;0.15
04.12.2020;9:50:20;185.88;42.25;13.16;757.86;0.55;0.23;0.13
04.12.2020;9:51:20;196.78;42.17;13.17;757.87;0.58;0.29;0.17
04.12.2020;9:52:20;193.97;42.16;13.18;757.88;0.58;0.29;0.17
04.12.2020;9:53:20;196.09;42.20;13.18;757.89;0.58;0.30;0.17
04.12.2020;9:54:20;192.32;42.19;13.20;757.90;0.57;0.28;0.16
04.12.2020;9:55:20;186.89;42.18;13.20;757.89;0.55;0.24;0.13
04.12.2020;9:56:20;202.36;42.15;13.20;757.87;0.60;0.33;0.20
04.12.2020;9:57:20;221.12;42.15;13.20;757.84;0.66;0.41;0.28
04.12.2020;9:58:20;216.85;42.16;13.20;757.85;0.64;0.40;0.26
04.12.2020;9:59:20;207.60;42.19;13.21;757.88;0.62;0.35;0.22
04.12.2020;10:00:20;217.32;42.17;13.21;757.89;0.65;0.40;0.26
04.12.2020;10:01:20;224.85;42.18;13.22;757.92;0.67;0.44;0.29
04.12.2020;10:02:20;237.54;42.17;13.24;757.92;0.72;0.50;0.36
04.12.2020;10:03:21;245.14;42.16;13.25;757.90;0.73;0.53;0.39
04.12.2020;10:04:21;238.29;42.06;13.26;757.93;0.72;0.50;0.36
04.12.2020;10:05:21;259.36;42.03;13.26;757.91;0.78;0.61;0.48
04.12.2020;10:06:21;280.64;42.07;13.26;757.88;0.85;0.72;0.60
04.12.2020;10:07:21;284.29;42.07;13.27;757.86;0.86;0.74;0.63
04.12.2020;10:08:21;309.04;42.02;13.28;757.85;0.93;0.86;0.80
04.12.2020;10:09:21;360.03;42.01;13.30;757.82;1.09;1.12;1.23
04.12.2020;10:10:21;410.10;41.99;13.32;757.80;1.24;1.37;1.70
04.12.2020;10:11:21;409.74;41.87;13.33;757.80;1.24;1.37;1.70
04.12.2020;10:12:21;395.71;41.92;13.35;757.82;1.19;1.30;1.55
04.12.2020;10:13:21;362.32;41.80;13.36;757.82;1.09;1.12;1.22
04.12.2020;10:14:21;371.85;41.89;13.36;757.84;1.12;1.19;1.33
04.12.2020;10:15:21;432.19;41.81;13.37;757.83;1.30;1.49;1.94
04.12.2020;10:16:21;466.68;41.74;13.39;757.80;1.39;1.62;2.24
04.12.2020;10:17:21;443.01;41.76;13.40;757.80;1.31;1.49;1.95
04.12.2020;10:18:21;419.17;41.78;13.42;757.81;1.25;1.38;1.72
04.12.2020;10:19:21;373.42;41.75;13.42;757.83;1.12;1.18;1.32
04.12.2020;10:20:21;419.71;41.77;13.42;757.84;1.26;1.41;1.78
04.12.2020;10:21:21;477.28;41.64;13.43;757.82;1.42;1.67;2.37
04.12.2020;10:22:21;380.66;41.67;13.43;757.85;1.13;1.19;1.34
04.12.2020;10:23:21;319.86;41.75;13.43;757.88;0.96;0.90;0.86
04.12.2020;10:24:21;305.24;41.77;13.42;757.91;0.91;0.83;0.75
04.12.2020;10:25:21;319.85;41.76;13.43;757.93;0.97;0.90;0.87
04.12.2020;10:26:21;343.44;41.78;13.43;757.95;1.04;1.03;1.07
04.12.2020;10:27:21;343.64;41.78;13.44;757.95;1.03;1.03;1.06
04.12.2020;10:28:21;359.33;41.78;13.45;757.96;1.08;1.10;1.19
04.12.2020;10:29:21;367.77;41.77;13.45;757.97;1.10;1.14;1.26
04.12.2020;10:30:21;347.38;41.78;13.45;757.99;1.03;1.03;1.07
04.12.2020;10:31:22;350.25;41.76;13.46;758.02;1.05;1.06;1.11
04.12.2020;10:32:22;373.44;41.73;13.47;758.01;1.12;1.17;1.31
04.12.2020;10:33:22;406.56;41.74;13.48;758.01;1.22;1.34;1.63
04.12.2020;10:34:22;422.29;41.72;13.50;758.03;1.29;1.46;1.88
04.12.2020;10:35:22;398.21;41.68;13.52;758.03;1.21;1.32;1.59
04.12.2020;10:36:22;416.96;41.63;13.54;758.02;1.25;1.40;1.75
04.12.2020;10:37:22;413.92;41.62;13.55;758.03;1.25;1.38;1.73
04.12.2020;10:38:22;403.43;41.61;13.56;758.01;1.21;1.32;1.59
04.12.2020;10:39:22;398.95;41.63;13.56;758.00;1.19;1.29;1.54
04.12.2020;10:40:22;437.69;41.58;13.57;757.97;1.31;1.49;1.95
04.12.2020;10:41:22;492.01;41.58;13.58;757.95;1.47;1.76;2.59
04.12.2020;10:42:22;443.90;41.55;13.59;757.95;1.32;1.52;2.01
04.12.2020;10:43:22;472.33;41.49;13.60;757.93;1.42;1.66;2.35
04.12.2020;10:44:22;439.75;41.56;13.60;757.92;1.29;1.47;1.90
04.12.2020;10:45:22;474.50;41.57;13.61;757.89;1.40;1.64;2.28
04.12.2020;10:46:22;417.15;41.56;13.62;757.89;1.23;1.37;1.69
04.12.2020;10:47:22;408.15;41.55;13.61;757.91;1.22;1.35;1.65
04.12.2020;10:48:22;416.48;41.53;13.62;757.93;1.26;1.40;1.76
04.12.2020;10:49:22;414.57;41.57;13.62;757.91;1.24;1.38;1.72
04.12.2020;10:50:22;441.96;41.55;13.63;757.88;1.33;1.52;2.02
04.12.2020;10:51:22;447.49;41.54;13.65;757.88;1.34;1.55;2.07
04.12.2020;10:52:22;459.86;41.50;13.67;757.87;1.35;1.56;2.12
04.12.2020;10:53:22;414.99;41.44;13.67;757.88;1.24;1.37;1.70
04.12.2020;10:54:22;441.26;41.49;13.67;757.89;1.33;1.51;2.01
04.12.2020;10:55:22;464.11;41.45;13.69;757.88;1.37;1.59;2.18
04.12.2020;10:56:22;405.46;41.44;13.70;757.88;1.19;1.29;1.53
04.12.2020;10:57:22;417.15;41.42;13.70;757.87;1.26;1.41;1.78
04.12.2020;10:58:23;449.79;41.41;13.71;757.87;1.36;1.58;2.15
04.12.2020;10:59:23;467.07;41.37;13.72;757.87;1.42;1.67;2.37
04.12.2020;11:00:23;505.95;41.37;13.73;757.88;1.51;1.82;2.76
04.12.2020;11:01:23;476.49;41.33;13.74;757.88;1.41;1.65;2.32
04.12.2020;11:02:23;477.76;41.33;13.76;757.89;1.42;1.68;2.39
04.12.2020;11:03:23;475.75;41.28;13.77;757.87;1.42;1.67;2.37
04.12.2020;11:04:23;460.85;41.27;13.76;757.87;1.36;1.58;2.14
04.12.2020;11:05:23;503.29;41.31;13.77;757.88;1.52;1.85;2.81
04.12.2020;11:06:23;635.56;41.30;13.80;757.88;1.90;2.42;4.58
04.12.2020;11:07:23;628.06;41.18;13.83;757.87;1.83;2.29;4.19
04.12.2020;11:08:23;502.00;41.20;13.82;757.87;1.46;1.73;2.52
04.12.2020;11:09:23;516.47;41.23;13.83;757.87;1.53;1.85;2.82
04.12.2020;11:10:23;544.52;41.14;13.84;757.88;1.61;1.98;3.19
04.12.2020;11:11:23;486.06;41.14;13.85;757.89;1.46;1.73;2.52
04.12.2020;11:12:23;453.91;41.17;13.83;757.89;1.36;1.57;2.14
04.12.2020;11:13:23;512.49;41.16;13.83;757.89;1.54;1.88;2.90
04.12.2020;11:14:23;625.74;41.15;13.85;757.90;1.85;2.33;4.31
04.12.2020;11:15:23;565.88;41.18;13.87;757.91;1.63;2.02;3.30
04.12.2020;11:16:23;497.44;41.15;13.86;757.92;1.45;1.72;2.50
04.12.2020;11:17:23;522.56;41.11;13.86;757.92;1.55;1.89;2.92
04.12.2020;11:18:23;534.42;41.15;13.85;757.92;1.59;1.96;3.11
04.12.2020;11:19:23;585.44;41.16;13.88;757.92;1.72;2.16;3.73
04.12.2020;11:20:23;528.21;41.13;13.89;757.92;1.56;1.91;2.97
04.12.2020;11:21:23;549.85;41.13;13.89;757.92;1.64;2.04;3.36
04.12.2020;11:22:23;587.32;41.10;13.91;757.91;1.73;2.18;3.77
04.12.2020;11:23:23;529.28;41.08;13.91;757.92;1.57;1.92;3.01
04.12.2020;11:24:23;569.15;41.08;13.91;757.92;1.72;2.14;3.67
04.12.2020;11:25:24;706.11;41.07;13.94;757.90;2.07;2.69;5.55
04.12.2020;11:26:24;637.61;41.02;13.95;757.88;1.82;2.27;4.13
04.12.2020;11:27:24;564.11;41.00;13.96;757.88;1.65;2.06;3.41
04.12.2020;11:28:24;599.89;40.96;13.97;757.87;1.76;2.21;3.89
04.12.2020;11:29:24;607.82;40.95;13.97;757.88;1.81;2.27;4.11
04.12.2020;11:30:24;675.58;40.96;13.98;757.87;1.96;2.50;4.91
04.12.2020;11:31:24;540.72;40.92;13.99;757.86;1.57;1.92;3.02
04.12.2020;11:32:24;515.58;40.93;13.97;757.87;1.53;1.84;2.81
04.12.2020;11:33:24;567.81;40.93;13.98;757.86;1.66;2.06;3.41
04.12.2020;11:34:24;465.56;40.93;13.97;757.87;1.36;1.58;2.16
04.12.2020;11:35:24;483.24;40.98;13.96;757.89;1.43;1.69;2.41
04.12.2020;11:36:24;527.49;41.00;13.96;757.90;1.58;1.94;3.07
04.12.2020;11:37:24;577.92;40.97;13.97;757.91;1.70;2.13;3.62
04.12.2020;11:38:24;539.51;40.94;13.99;757.91;1.58;1.94;3.07
04.12.2020;11:39:24;516.34;40.93;13.99;757.91;1.54;1.87;2.88
04.12.2020;11:40:24;650.43;40.93;14.00;757.90;1.90;2.38;4.53
04.12.2020;11:41:24;558.77;40.90;14.02;757.90;1.62;1.98;3.21
04.12.2020;11:42:24;479.57;40.89;14.01;757.89;1.43;1.70;2.43
04.12.2020;11:43:24;563.51;40.88;14.01;757.89;1.68;2.11;3.56
04.12.2020;11:44:24;554.01;40.88;14.02;757.87;1.63;2.02;3.29
04.12.2020;11:45:24;542.64;40.90;14.01;757.86;1.59;1.96;3.13
04.12.2020;11:46:24;550.47;40.90;14.02;757.84;1.59;1.95;3.11
04.12.2020;11:47:24;457.58;40.89;14.02;757.82;1.34;1.55;2.09
04.12.2020;11:48:24;450.32;40.90;14.01;757.81;1.33;1.54;2.05
04.12.2020;11:49:24;478.79;40.88;14.00;757.81;1.44;1.72;2.48
04.12.2020;11:50:24;609.90;40.82;14.01;757.80;1.79;2.23;4.00
04.12.2020;11:51:25;544.89;40.91;14.00;757.80;1.62;2.00;3.24
04.12.2020;11:52:25;602.85;40.97;14.01;757.81;1.77;2.21;3.91
04.12.2020;11:53:25;585.85;40.91;14.02;757.81;1.69;2.10;3.54
04.12.2020;11:54:25;509.99;40.94;14.01;757.81;1.47;1.76;2.59
04.12.2020;11:55:25;489.83;40.88;14.00;757.80;1.44;1.70;2.45
04.12.2020;11:56:25;518.23;40.95;14.00;757.81;1.53;1.86;2.84
04.12.2020;11:57:25;520.96;40.98;13.99;757.80;1.57;1.92;3.01
04.12.2020;11:58:25;555.58;40.95;14.00;757.79;1.66;2.08;3.45
04.12.2020;11:59:25;526.65;40.96;14.02;757.80;1.55;1.89;2.93
04.12.2020;12:00:25;437.53;40.98;14.01;757.82;1.29;1.46;1.88
04.12.2020;12:01:25;454.52;41.02;14.01;757.82;1.35;1.58;2.14
04.12.2020;12:02:25;459.39;41.00;14.01;757.82;1.38;1.62;2.24
04.12.2020;12:03:25;543.38;40.96;14.02;757.82;1.60;1.97;3.16
04.12.2020;12:04:25;466.17;40.98;14.00;757.81;1.38;1.61;2.22
04.12.2020;12:05:25;553.45;40.97;13.99;757.81;1.65;2.06;3.41
04.12.2020;12:06:25;595.42;41.02;14.00;757.80;1.75;2.21;3.86
04.12.2020;12:07:25;553.64;41.02;14.00;757.81;1.63;2.03;3.32
04.12.2020;12:08:25;609.18;41.01;14.01;757.81;1.79;2.25;4.03
04.12.2020;12:09:25;623.75;41.00;14.02;757.83;1.84;2.29;4.22
04.12.2020;12:10:25;566.40;41.00;14.02;757.84;1.66;2.06;3.43
04.12.2020;12:11:25;557.81;40.97;14.02;757.83;1.64;2.03;3.35
04.12.2020;12:12:25;633.76;41.00;14.02;757.84;1.87;2.36;4.41
04.12.2020;12:13:25;658.46;40.99;14.04;757.85;1.93;2.42;4.67
04.12.2020;12:14:25;635.64;40.94;14.04;757.85;1.82;2.27;4.12
04.12.2020;12:15:25;507.05;40.98;14.02;757.87;1.46;1.75;2.56
04.12.2020;12:16:25;702.86;40.98;14.03;757.87;2.06;2.68;5.51
04.12.2020;12:17:25;680.40;40.93;14.04;757.86;1.98;2.52;4.98
04.12.2020;12:18:26;595.35;40.98;14.04;757.85;1.74;2.17;3.78
04.12.2020;12:19:26;599.72;40.94;14.04;757.86;1.78;2.22;3.94
04.12.2020;12:20:26;579.07;40.98;14.03;757.87;1.70;2.13;3.62
04.12.2020;12:21:26;551.99;41.02;14.04;757.86;1.62;2.00;3.23
04.12.2020;12:22:26;484.41;41.03;14.04;757.88;1.43;1.69;2.42
04.12.2020;12:23:26;431.54;41.02;14.03;757.90;1.26;1.41;1.79
04.12.2020;12:24:26;387.63;41.05;14.00;757.90;1.15;1.23;1.41
04.12.2020;12:25:26;464.97;41.08;14.00;757.89;1.41;1.65;2.32
04.12.2020;12:26:26;375.07;41.13;13.99;757.90;1.11;1.16;1.29
04.12.2020;12:27:26;422.88;41.13;13.98;757.87;1.24;1.38;1.72
04.12.2020;12:28:26;451.93;41.14;13.97;757.88;1.32;1.51;2.00
04.12.2020;12:29:26;414.94;41.20;13.95;757.88;1.17;1.25;1.46
04.12.2020;12:30:26;352.25;41.23;13.94;757.86;0.96;0.90;0.86
04.12.2020;12:31:26;355.39;41.28;13.92;757.85;0.97;0.93;0.90
04.12.2020;12:32:26;329.35;41.34;13.91;757.85;0.91;0.82;0.74
04.12.2020;12:33:26;285.68;41.37;13.90;757.84;0.78;0.59;0.46
04.12.2020;12:34:26;358.69;41.38;13.88;757.85;1.06;1.07;1.13
04.12.2020;12:35:26;423.14;41.41;13.89;757.80;1.26;1.40;1.75
04.12.2020;12:36:26;364.79;41.41;13.89;757.79;1.09;1.13;1.23
04.12.2020;12:37:26;443.28;41.45;13.90;757.80;1.32;1.51;1.99
04.12.2020;12:38:26;452.85;41.41;13.92;757.78;1.32;1.51;1.99
04.12.2020;12:39:26;412.42;41.41;13.92;757.78;1.22;1.34;1.63
04.12.2020;12:40:26;397.42;41.39;13.91;757.80;1.20;1.30;1.56
04.12.2020;12:41:26;404.44;41.41;13.91;757.78;1.22;1.33;1.62
04.12.2020;12:42:26;398.91;41.41;13.91;757.78;1.20;1.31;1.57
04.12.2020;12:43:26;423.00;41.42;13.90;757.77;1.28;1.44;1.85
04.12.2020;12:44:26;431.53;41.40;13.89;757.77;1.30;1.48;1.93
04.12.2020;12:45:27;406.31;41.44;13.88;757.76;1.22;1.34;1.63
04.12.2020;12:46:27;416.85;41.46;13.88;757.77;1.26;1.41;1.77
04.12.2020;12:47:27;416.90;41.45;13.88;757.75;1.25;1.40;1.76
04.12.2020;12:48:27;392.60;41.48;13.87;757.75;1.18;1.29;1.51
04.12.2020;12:49:27;404.86;41.52;13.86;757.76;1.22;1.33;1.62
04.12.2020;12:50:27;384.57;41.51;13.86;757.75;1.16;1.24;1.44
04.12.2020;12:51:27;360.54;41.51;13.86;757.75;1.09;1.13;1.23
04.12.2020;12:52:27;362.26;41.55;13.86;757.75;1.09;1.13;1.24
04.12.2020;12:53:27;334.97;41.50;13.87;757.75;1.00;0.99;0.99
04.12.2020;12:54:27;320.62;41.47;13.85;757.76;0.96;0.90;0.87
04.12.2020;12:55:27;328.00;41.52;13.84;757.75;0.99;0.96;0.95
04.12.2020;12:56:27;330.23;41.56;13.84;757.75;0.99;0.96;0.95
04.12.2020;12:57:27;366.35;41.52;13.83;757.75;1.11;1.16;1.29
04.12.2020;12:58:27;380.99;41.57;13.82;757.75;1.16;1.24;1.44
04.12.2020;12:59:27;366.64;41.63;13.84;757.75;1.11;1.14;1.26
04.12.2020;13:00:27;344.14;41.64;13.85;757.75;1.03;1.02;1.06
04.12.2020;13:01:27;336.23;41.61;13.83;757.76;1.02;0.99;1.01
04.12.2020;13:02:27;341.88;41.63;13.83;757.77;1.03;1.02;1.06
04.12.2020;13:03:27;349.92;41.62;13.83;757.76;1.05;1.05;1.10
04.12.2020;13:04:27;345.54;41.58;13.81;757.76;1.04;1.04;1.09
04.12.2020;13:05:27;335.79;41.64;13.81;757.77;1.01;0.98;0.99
04.12.2020;13:06:27;317.70;41.72;13.81;757.77;0.95;0.89;0.85
04.12.2020;13:07:27;349.72;41.71;13.80;757.75;1.05;1.05;1.10
04.12.2020;13:08:27;326.54;41.68;13.80;757.75;0.99;0.95;0.94
04.12.2020;13:09:27;325.69;41.71;13.79;757.77;0.99;0.96;0.95
04.12.2020;13:10:27;322.34;41.76;13.78;757.77;0.98;0.92;0.90
04.12.2020;13:11:27;341.78;41.73;13.77;757.75;1.03;1.03;1.07
04.12.2020;13:12:28;335.40;41.80;13.76;757.74;1.02;0.99;1.01
04.12.2020;13:13:28;371.68;41.73;13.78;757.72;1.14;1.21;1.38
04.12.2020;13:14:28;357.69;41.78;13.76;757.72;1.08;1.12;1.22
04.12.2020;13:15:28;351.10;41.81;13.76;757.72;1.07;1.09;1.16
04.12.2020;13:16:28;374.79;41.79;13.77;757.72;1.15;1.23;1.41
04.12.2020;13:17:28;380.57;41.80;13.77;757.72;1.17;1.26;1.48
04.12.2020;13:18:28;387.10;41.83;13.77;757.72;1.19;1.29;1.53
04.12.2020;13:19:28;397.50;41.79;13.78;757.72;1.21;1.34;1.62
04.12.2020;13:20:28;402.81;41.83;13.78;757.73;1.23;1.35;1.66
04.12.2020;13:21:28;386.19;41.84;13.79;757.73;1.17;1.26;1.48
04.12.2020;13:22:28;354.14;41.82;13.79;757.73;1.08;1.11;1.20
04.12.2020;13:23:28;342.40;41.82;13.79;757.73;1.06;1.08;1.15
04.12.2020;13:24:28;333.54;41.86;13.79;757.74;1.03;1.02;1.05
04.12.2020;13:25:28;376.37;41.75;13.80;757.74;1.17;1.26;1.47
04.12.2020;13:26:28;353.85;41.76;13.79;757.73;1.09;1.13;1.23
04.12.2020;13:27:28;314.58;41.77;13.78;757.72;0.96;0.91;0.88
04.12.2020;13:28:28;321.74;41.83;13.77;757.72;0.99;0.97;0.96
04.12.2020;13:29:28;317.13;41.83;13.77;757.72;0.96;0.92;0.88
04.12.2020;13:30:28;301.19;41.76;13.75;757.72;0.92;0.83;0.77
04.12.2020;13:31:28;311.86;41.92;13.75;757.72;0.96;0.91;0.88
04.12.2020;13:32:28;306.19;41.85;13.75;757.70;0.94;0.88;0.83
04.12.2020;13:33:28;303.93;41.91;13.74;757.69;0.94;0.88;0.83
04.12.2020;13:34:28;314.39;41.98;13.74;757.69;0.98;0.93;0.91
04.12.2020;13:35:28;325.71;41.96;13.75;757.69;1.01;0.98;0.99
04.12.2020;13:36:28;325.14;41.93;13.76;757.68;1.00;0.96;0.96
04.12.2020;13:37:28;323.46;41.82;13.75;757.67;0.99;0.95;0.94
04.12.2020;13:38:28;308.85;41.97;13.76;757.67;0.95;0.90;0.85
04.12.2020;13:39:28;346.54;41.81;13.75;757.68;1.07;1.10;1.17
04.12.2020;13:40:29;340.54;41.88;13.74;757.68;1.04;1.03;1.07
04.12.2020;13:41:29;279.32;42.01;13.73;757.70;0.84;0.72;0.61
04.12.2020;13:42:29;249.28;41.94;13.73;757.71;0.75;0.57;0.43
04.12.2020;13:43:29;261.60;42.00;13.72;757.72;0.81;0.66;0.53
04.12.2020;13:44:29;277.71;42.00;13.73;757.72;0.86;0.75;0.65
04.12.2020;13:45:29;285.24;41.97;13.70;757.70;0.89;0.80;0.71
04.12.2020;13:46:29;287.70;42.08;13.70;757.70;0.89;0.80;0.71
04.12.2020;13:47:29;273.88;41.92;13.71;757.71;0.84;0.71;0.60
04.12.2020;13:48:29;266.37;42.05;13.69;757.70;0.81;0.65;0.52
04.12.2020;13:49:29;266.89;42.02;13.68;757.69;0.81;0.66;0.53
04.12.2020;13:50:29;268.42;42.11;13.68;757.69;0.82;0.67;0.55
04.12.2020;13:51:29;245.55;42.18;13.68;757.70;0.74;0.54;0.40
04.12.2020;13:52:29;257.63;42.14;13.68;757.71;0.79;0.61;0.48
04.12.2020;13:53:29;260.26;42.01;13.67;757.71;0.79;0.61;0.48
04.12.2020;13:54:29;258.19;42.02;13.65;757.70;0.78;0.61;0.48
04.12.2020;13:55:29;240.65;42.23;13.63;757.70;0.72;0.51;0.37
04.12.2020;13:56:29;249.27;42.26;13.64;757.68;0.75;0.56;0.42
04.12.2020;13:57:29;252.86;42.20;13.64;757.69;0.75;0.57;0.43
04.12.2020;13:58:29;244.47;42.17;13.63;757.70;0.74;0.54;0.39
04.12.2020;13:59:29;251.61;42.25;13.63;757.72;0.76;0.57;0.43
04.12.2020;14:00:29;252.72;42.14;13.63;757.71;0.77;0.60;0.46
04.12.2020;14:01:29;255.97;42.22;13.62;757.72;0.79;0.62;0.48
04.12.2020;14:02:29;253.71;42.22;13.62;757.72;0.78;0.61;0.47
04.12.2020;14:03:29;254.97;42.34;13.63;757.73;0.77;0.59;0.46
04.12.2020;14:04:29;235.58;42.20;13.63;757.74;0.71;0.49;0.35
04.12.2020;14:05:29;225.89;42.25;13.63;757.73;0.68;0.44;0.30
04.12.2020;14:06:29;232.75;42.27;13.63;757.74;0.70;0.49;0.35
04.12.2020;14:07:30;241.28;42.24;13.63;757.74;0.73;0.53;0.39
04.12.2020;14:08:30;232.44;42.26;13.63;757.74;0.70;0.48;0.34
04.12.2020;14:09:30;237.03;42.02;13.62;757.74;0.72;0.50;0.36
04.12.2020;14:10:30;233.26;42.28;13.61;757.76;0.71;0.51;0.36
04.12.2020;14:11:30;224.58;42.08;13.61;757.75;0.68;0.45;0.31
04.12.2020;14:12:30;217.94;42.12;13.58;757.76;0.66;0.41;0.27
04.12.2020;14:13:30;207.80;42.30;13.57;757.77;0.62;0.36;0.23
04.12.2020;14:14:30;209.67;42.18;13.56;757.76;0.63;0.38;0.24
04.12.2020;14:15:30;215.99;42.31;13.54;757.75;0.65;0.40;0.26
04.12.2020;14:16:30;209.39;42.30;13.54;757.76;0.63;0.38;0.24
04.12.2020;14:17:30;200.39;42.35;13.54;757.76;0.60;0.31;0.19
04.12.2020;14:18:30;178.49;42.45;13.54;757.76;0.50;0.16;0.08
04.12.2020;14:19:30;155.90;42.54;13.53;757.75;0.40;0.00;0.00
04.12.2020;14:20:30;155.06;42.50;13.53;757.76;0.39;0.00;0.00
04.12.2020;14:21:30;156.19;42.48;13.52;757.75;0.40;0.00;0.00
04.12.2020;14:22:30;148.26;42.58;13.52;757.76;0.38;0.00;0.00
04.12.2020;14:23:30;156.40;42.46;13.50;757.75;0.41;0.01;0.00
04.12.2020;14:24:30;176.28;42.51;13.49;757.76;0.49;0.14;0.07
04.12.2020;14:25:30;178.04;42.61;13.48;757.76;0.51;0.17;0.09
04.12.2020;14:26:30;167.36;42.73;13.48;757.77;0.48;0.11;0.05
04.12.2020;14:27:30;175.82;42.60;13.48;757.78;0.52;0.18;0.09
04.12.2020;14:28:30;189.53;42.49;13.48;757.77;0.57;0.28;0.16
04.12.2020;14:29:30;180.81;42.66;13.48;757.76;0.54;0.21;0.11
04.12.2020;14:30:30;191.55;42.58;13.49;757.76;0.57;0.28;0.16
04.12.2020;14:31:30;189.29;42.50;13.47;757.75;0.56;0.26;0.15
04.12.2020;14:32:30;179.01;42.69;13.46;757.75;0.53;0.22;0.12
04.12.2020;14:33:30;183.52;42.69;13.46;757.76;0.55;0.23;0.13
04.12.2020;14:34:31;165.00;42.55;13.44;757.76;0.49;0.13;0.07
04.12.2020;14:35:31;165.82;42.58;13.43;757.74;0.49;0.14;0.07
04.12.2020;14:36:31;171.57;42.67;13.42;757.70;0.51;0.17;0.09
04.12.2020;14:37:31;158.82;42.71;13.41;757.70;0.47;0.09;0.04
04.12.2020;14:38:31;161.36;42.70;13.41;757.70;0.48;0.11;0.05
04.12.2020;14:39:31;163.21;42.54;13.39;757.70;0.48;0.12;0.06
04.12.2020;14:40:31;154.52;42.72;13.36;757.70;0.46;0.07;0.03
04.12.2020;14:41:31;152.46;42.78;13.36;757.71;0.45;0.06;0.03
04.12.2020;14:42:31;154.28;42.72;13.35;757.72;0.46;0.09;0.04
04.12.2020;14:43:31;156.91;42.77;13.34;757.72;0.47;0.11;0.05
04.12.2020;14:44:31;161.25;42.93;13.33;757.71;0.48;0.11;0.06
04.12.2020;14:45:31;162.94;42.87;13.33;757.71;0.49;0.13;0.06
04.12.2020;14:46:31;170.76;42.80;13.32;757.70;0.52;0.19;0.10
04.12.2020;14:47:31;159.18;42.73;13.30;757.70;0.48;0.10;0.05
04.12.2020;14:48:31;149.37;42.88;13.28;757.72;0.45;0.05;0.02
04.12.2020;14:49:31;146.94;42.91;13.28;757.74;0.44;0.02;0.01
04.12.2020;14:50:31;146.64;42.94;13.27;757.74;0.44;0.03;0.01
04.12.2020;14:51:31;155.43;42.83;13.25;757.74;0.47;0.10;0.05
04.12.2020;14:52:31;163.15;43.03;13.24;757.73;0.50;0.14;0.07
04.12.2020;14:53:31;153.44;43.11;13.24;757.74;0.46;0.08;0.04
04.12.2020;14:54:31;142.35;43.08;13.23;757.74;0.43;0.01;0.00
04.12.2020;14:55:31;136.67;43.18;13.22;757.74;0.41;0.00;0.00
04.12.2020;14:56:31;141.78;43.22;13.21;757.75;0.43;0.02;0.01
04.12.2020;14:57:31;140.68;43.29;13.21;757.75;0.42;0.01;0.01
04.12.2020;14:58:31;140.18;43.36;13.22;757.75;0.42;0.00;0.00
04.12.2020;14:59:31;135.10;43.24;13.21;757.76;0.41;0.00;0.00
04.12.2020;15:00:31;138.26;43.11;13.21;757.76;0.43;0.02;0.01
04.12.2020;15:01:31;142.79;43.10;13.20;757.77;0.44;0.03;0.01
04.12.2020;15:02:32;148.63;43.18;13.19;757.76;0.47;0.09;0.04
04.12.2020;15:03:32;144.32;43.02;13.17;757.77;0.45;0.06;0.03
04.12.2020;15:04:32;139.69;43.17;13.16;757.79;0.43;0.03;0.01
04.12.2020;15:05:32;129.90;43.22;13.14;757.80;0.39;0.00;0.00
04.12.2020;15:06:32;135.82;43.08;13.12;757.82;0.41;0.00;0.00
04.12.2020;15:07:32;115.67;43.34;13.12;757.80;0.32;0.00;0.00
04.12.2020;15:08:32;100.72;43.32;13.11;757.81;0.26;0.00;0.00
04.12.2020;15:09:32;92.14;43.33;13.10;757.83;0.22;0.00;0.00
04.12.2020;15:10:32;92.71;43.45;13.09;757.84;0.22;0.00;0.00
04.12.2020;15:11:32;95.08;43.19;13.08;757.86;0.23;0.00;0.00
04.12.2020;15:12:32;88.78;43.22;13.07;757.87;0.21;0.00;0.00
04.12.2020;15:13:32;81.54;43.32;13.04;757.90;0.19;0.00;0.00
04.12.2020;15:14:32;79.69;43.44;13.04;757.92;0.18;0.00;0.00
04.12.2020;15:15:32;77.69;43.38;13.03;757.92;0.18;0.00;0.00
04.12.2020;15:16:32;84.92;43.62;13.03;757.93;0.21;0.00;0.00
04.12.2020;15:17:32;86.71;43.60;13.03;757.95;0.22;0.00;0.00
04.12.2020;15:18:32;82.90;43.44;13.03;757.95;0.21;0.00;0.00
04.12.2020;15:19:32;80.89;43.53;13.02;757.95;0.20;0.00;0.00
04.12.2020;15:20:32;81.92;43.35;13.01;757.97;0.20;0.00;0.00
04.12.2020;15:21:32;77.21;43.49;12.99;757.97;0.18;0.00;0.00
04.12.2020;15:22:32;71.27;43.66;13.00;757.97;0.16;0.00;0.00
04.12.2020;15:23:32;66.17;43.82;13.01;757.99;0.15;0.00;0.00
04.12.2020;15:24:32;67.42;43.63;13.01;758.00;0.16;0.00;0.00
04.12.2020;15:25:32;67.18;43.73;13.00;757.99;0.16;0.00;0.00
04.12.2020;15:26:32;63.46;43.67;13.00;758.00;0.15;0.00;0.00
04.12.2020;15:27:32;62.01;43.62;12.99;758.00;0.14;0.00;0.00
04.12.2020;15:28:32;60.14;43.74;12.99;758.02;0.13;0.00;0.00
04.12.2020;15:29:32;54.65;43.57;12.99;758.02;0.11;0.00;0.00
04.12.2020;15:30:33;55.26;43.81;12.98;758.04;0.11;0.00;0.00
04.12.2020;15:31:33;55.79;43.84;12.99;758.04;0.12;0.00;0.00
04.12.2020;15:32:33;51.72;43.58;12.99;758.04;0.10;0.00;0.00
04.12.2020;15:33:33;53.81;43.61;12.98;758.03;0.11;0.00;0.00
04.12.2020;15:34:33;49.04;43.92;12.98;758.03;0.10;0.00;0.00
04.12.2020;15:35:33;46.03;43.76;12.99;758.02;0.09;0.00;0.00
04.12.2020;15:36:33;43.18;43.75;12.99;758.00;0.08;0.00;0.00
04.12.2020;15:37:33;45.04;43.53;12.98;758.00;0.08;0.00;0.00
04.12.2020;15:38:33;43.83;43.56;12.96;758.02;0.08;0.00;0.00
04.12.2020;15:39:33;39.84;43.67;12.96;758.03;0.07;0.00;0.00
04.12.2020;15:40:33;38.65;43.75;12.95;758.05;0.07;0.00;0.00
04.12.2020;15:41:33;36.10;43.65;12.95;758.06;0.06;0.00;0.00
04.12.2020;15:42:33;35.06;43.64;12.95;758.06;0.06;0.00;0.00
04.12.2020;15:43:33;33.63;43.88;12.95;758.06;0.05;0.00;0.00
04.12.2020;15:44:33;30.92;43.77;12.96;758.07;0.04;0.00;0.00
04.12.2020;15:45:33;30.93;43.61;12.95;758.06;0.04;0.00;0.00
04.12.2020;15:46:33;29.24;43.62;12.94;758.09;0.03;0.00;0.00
04.12.2020;15:47:33;27.57;43.52;12.92;758.07;0.03;0.00;0.00
04.12.2020;15:48:33;24.69;43.66;12.90;758.08;0.02;0.00;0.00
04.12.2020;15:49:33;23.53;43.97;12.90;758.09;0.01;0.00;0.00
04.12.2020;15:50:33;22.81;43.60;12.90;758.09;0.01;0.00;0.00
04.12.2020;15:51:33;21.96;43.74;12.89;758.10;0.01;0.00;0.00
04.12.2020;15:52:33;19.01;44.02;12.89;758.10;0.00;0.00;0.00
04.12.2020;15:53:33;18.98;43.90;12.89;758.11;0.00;0.00;0.00
04.12.2020;15:54:33;18.22;43.74;12.88;758.10;0.00;0.00;0.00
04.12.2020;15:55:33;18.31;43.82;12.88;758.10;0.00;0.00;0.00
04.12.2020;15:56:33;17.15;43.65;12.86;758.07;0.00;0.00;0.00
04.12.2020;15:57:33;16.35;43.63;12.84;758.07;0.00;0.00;0.00
04.12.2020;15:58:33;14.90;43.76;12.82;758.06;0.00;0.00;0.00
04.12.2020;15:59:34;13.91;43.81;12.82;758.05;0.00;0.00;0.00
04.12.2020;16:00:34;13.60;44.04;12.82;758.07;0.00;0.00;0.00
04.12.2020;16:01:34;13.32;44.06;12.82;758.07;0.00;0.00;0.00
04.12.2020;16:02:34;12.01;44.21;12.83;758.07;0.00;0.00;0.00
04.12.2020;16:03:34;11.68;43.55;12.82;758.06;0.00;0.00;0.00
04.12.2020;16:04:34;11.01;43.95;12.79;758.06;0.00;0.00;0.00
04.12.2020;16:05:34;10.31;44.12;12.80;758.08;0.00;0.00;0.00
04.12.2020;16:06:34;9.76;44.02;12.80;758.08;0.00;0.00;0.00
04.12.2020;16:07:34;9.17;43.98;12.80;758.06;0.00;0.00;0.00
04.12.2020;16:08:34;8.21;43.93;12.79;758.05;0.00;0.00;0.00
04.12.2020;16:09:34;7.50;43.94;12.79;758.05;0.00;0.00;0.00
04.12.2020;16:10:34;6.78;44.01;12.78;758.03;0.00;0.00;0.00
04.12.2020;16:11:34;6.61;43.99;12.77;758.03;0.00;0.00;0.00
04.12.2020;16:12:34;5.83;44.05;12.76;758.06;0.00;0.00;0.00
04.12.2020;16:13:34;5.35;44.12;12.76;758.08;0.00;0.00;0.00
04.12.2020;16:14:34;5.03;44.04;12.76;758.09;0.00;0.00;0.00
04.12.2020;16:15:34;5.00;44.16;12.77;758.10;0.00;0.00;0.00
04.12.2020;16:16:34;4.73;44.08;12.76;758.09;0.00;0.00;0.00
04.12.2020;16:17:34;4.18;44.14;12.76;758.08;0.00;0.00;0.00
04.12.2020;16:18:34;4.17;44.28;12.78;758.07;0.00;0.00;0.00
04.12.2020;16:19:34;4.17;43.86;12.77;758.06;0.00;0.00;0.00
04.12.2020;16:20:34;4.11;44.09;12.76;758.06;0.00;0.00;0.00
04.12.2020;16:21:34;3.40;43.93;12.75;758.04;0.00;0.00;0.00
04.12.2020;16:22:34;3.33;43.95;12.74;758.05;0.00;0.00;0.00
04.12.2020;16:23:34;3.33;44.43;12.75;758.09;0.00;0.00;0.00
04.12.2020;16:24:34;3.33;43.99;12.76;758.09;0.00;0.00;0.00
04.12.2020;16:25:34;3.35;44.17;12.75;758.08;0.00;0.00;0.00
04.12.2020;16:26:34;3.33;44.17;12.74;758.07;0.00;0.00;0.00
04.12.2020;16:27:34;3.33;44.02;12.74;758.07;0.00;0.00;0.00
04.12.2020;16:28:34;3.36;44.17;12.73;758.07;0.00;0.00;0.00
04.12.2020;16:29:34;3.33;44.32;12.74;758.10;0.00;0.00;0.00
04.12.2020;16:30:35;3.33;44.18;12.74;758.12;0.00;0.00;0.00
04.12.2020;16:31:35;3.35;43.84;12.72;758.10;0.00;0.00;0.00
04.12.2020;16:32:35;3.33;44.15;12.73;758.11;0.00;0.00;0.00
04.12.2020;16:33:35;3.33;44.24;12.73;758.12;0.00;0.00;0.00
04.12.2020;16:34:35;3.33;44.20;12.73;758.11;0.00;0.00;0.00
04.12.2020;16:35:35;3.33;43.97;12.72;758.12;0.00;0.00;0.00
04.12.2020;16:36:35;3.33;44.08;12.71;758.12;0.00;0.00;0.00
04.12.2020;16:37:35;3.33;44.24;12.70;758.16;0.00;0.00;0.00
04.12.2020;16:38:35;3.33;44.32;12.72;758.17;0.00;0.00;0.00
04.12.2020;16:39:35;3.35;44.26;12.72;758.19;0.00;0.00;0.00
04.12.2020;16:40:35;3.33;44.32;12.73;758.21;0.00;0.00;0.00
04.12.2020;16:41:35;3.33;44.22;12.72;758.19;0.00;0.00;0.00
04.12.2020;16:42:35;3.36;44.22;12.72;758.17;0.00;0.00;0.00
04.12.2020;16:43:35;3.33;44.33;12.71;758.18;0.00;0.00;0.00
04.12.2020;16:44:35;3.33;44.22;12.71;758.18;0.00;0.00;0.00
04.12.2020;16:45:35;3.35;44.31;12.71;758.16;0.00;0.00;0.00
04.12.2020;16:46:35;3.33;44.12;12.70;758.12;0.00;0.00;0.00
04.12.2020;16:47:35;3.33;44.43;12.70;758.11;0.00;0.00;0.00
04.12.2020;16:48:35;3.33;44.38;12.70;758.12;0.00;0.00;0.00
04.12.2020;16:49:35;3.33;44.40;12.70;758.11;0.00;0.00;0.00
04.12.2020;16:50:35;3.33;44.32;12.70;758.11;0.00;0.00;0.00
04.12.2020;16:51:35;3.33;44.45;12.70;758.11;0.00;0.00;0.00
04.12.2020;16:52:35;3.33;44.41;12.70;758.11;0.00;0.00;0.00
04.12.2020;16:53:35;3.35;44.22;12.70;758.12;0.00;0.00;0.00
04.12.2020;16:54:35;3.33;44.29;12.70;758.12;0.00;0.00;0.00
04.12.2020;16:55:35;3.33;44.33;12.71;758.13;0.00;0.00;0.00
04.12.2020;16:56:35;3.36;44.41;12.71;758.12;0.00;0.00;0.00
04.12.2020;16:57:35;3.33;44.26;12.72;758.10;0.00;0.00;0.00
04.12.2020;16:58:35;3.33;44.35;12.71;758.10;0.00;0.00;0.00
04.12.2020;16:59:35;3.35;44.31;12.72;758.10;0.00;0.00;0.00
04.12.2020;17:00:36;3.33;44.29;12.71;758.10;0.00;0.00;0.00
04.12.2020;17:01:36;3.33;44.39;12.71;758.12;0.00;0.00;0.00
04.12.2020;17:02:36;3.33;44.52;12.72;758.12;0.00;0.00;0.00
04.12.2020;17:03:36;3.33;44.36;12.72;758.11;0.00;0.00;0.00
04.12.2020;17:04:36;3.33;44.30;12.72;758.10;0.00;0.00;0.00
04.12.2020;17:05:36;3.33;44.43;12.72;758.09;0.00;0.00;0.00
04.12.2020;17:06:36;3.33;44.38;12.72;758.11;0.00;0.00;0.00
04.12.2020;17:07:36;3.35;44.21;12.71;758.12;0.00;0.00;0.00
04.12.2020;17:08:36;3.33;44.46;12.72;758.15;0.00;0.00;0.00
04.12.2020;17:09:36;3.33;44.34;12.72;758.16;0.00;0.00;0.00
04.12.2020;17:10:36;3.36;44.44;12.72;758.19;0.00;0.00;0.00
04.12.2020;17:11:36;3.33;44.39;12.72;758.21;0.00;0.00;0.00
04.12.2020;17:12:36;3.33;44.43;12.73;758.21;0.00;0.00;0.00
04.12.2020;17:13:36;3.35;44.42;12.74;758.22;0.00;0.00;0.00
04.12.2020;17:14:36;3.33;44.34;12.74;758.22;0.00;0.00;0.00
04.12.2020;17:15:36;3.33;44.31;12.75;758.22;0.00;0.00;0.00
04.12.2020;17:16:36;3.33;44.31;12.75;758.22;0.00;0.00;0.00
04.12.2020;17:17:36;3.33;44.42;12.75;758.23;0.00;0.00;0.00
04.12.2020;17:18:36;3.33;44.42;12.76;758.22;0.00;0.00;0.00
04.12.2020;17:19:36;3.33;44.25;12.76;758.23;0.00;0.00;0.00
04.12.2020;17:20:36;3.33;44.17;12.75;758.22;0.00;0.00;0.00
04.12.2020;17:21:36;3.35;44.36;12.76;758.24;0.00;0.00;0.00
04.12.2020;17:22:36;3.33;44.18;12.76;758.26;0.00;0.00;0.00
04.12.2020;17:23:36;3.33;44.21;12.76;758.28;0.00;0.00;0.00
04.12.2020;17:24:36;3.36;44.37;12.76;758.30;0.00;0.00;0.00
04.12.2020;17:25:36;3.33;44.44;12.77;758.31;0.00;0.00;0.00
04.12.2020;17:26:36;3.33;44.17;12.78;758.30;0.00;0.00;0.00
04.12.2020;17:27:36;3.35;44.25;12.78;758.29;0.00;0.00;0.00
04.12.2020;17:28:36;3.33;44.21;12.78;758.29;0.00;0.00;0.00
04.12.2020;17:29:36;3.33;44.34;12.78;758.28;0.00;0.00;0.00
04.12.2020;17:30:36;3.33;44.10;12.78;758.27;0.00;0.00;0.00
04.12.2020;17:31:36;3.33;44.20;12.79;758.26;0.00;0.00;0.00
04.12.2020;17:32:37;3.33;44.26;12.80;758.29;0.00;0.00;0.00
04.12.2020;17:33:37;3.33;44.13;12.79;758.29;0.00;0.00;0.00
04.12.2020;17:34:37;3.33;44.05;12.78;758.30;0.00;0.00;0.00
04.12.2020;17:35:37;3.35;44.32;12.78;758.31;0.00;0.00;0.00
04.12.2020;17:36:37;3.33;44.10;12.78;758.33;0.00;0.00;0.00
04.12.2020;17:37:37;3.33;44.31;12.77;758.31;0.00;0.00;0.00
04.12.2020;17:38:37;3.36;44.09;12.78;758.28;0.00;0.00;0.00
04.12.2020;17:39:37;3.33;44.06;12.78;758.29;0.00;0.00;0.00
04.12.2020;17:40:37;3.33;44.14;12.77;758.27;0.00;0.00;0.00
04.12.2020;17:41:37;3.35;44.26;12.78;758.28;0.00;0.00;0.00
04.12.2020;17:42:37;3.33;44.18;12.78;758.28;0.00;0.00;0.00
04.12.2020;17:43:37;3.33;43.98;12.76;758.26;0.00;0.00;0.00
04.12.2020;17:44:37;3.33;44.25;12.77;758.28;0.00;0.00;0.00
04.12.2020;17:45:37;3.33;44.18;12.78;758.29;0.00;0.00;0.00
04.12.2020;17:46:37;3.33;44.25;12.78;758.26;0.00;0.00;0.00
04.12.2020;17:47:37;3.33;44.16;12.79;758.28;0.00;0.00;0.00
04.12.2020;17:48:37;3.33;44.13;12.78;758.28;0.00;0.00;0.00
04.12.2020;17:49:37;3.35;44.14;12.78;758.30;0.00;0.00;0.00
04.12.2020;17:50:37;3.33;44.11;12.77;758.32;0.00;0.00;0.00
04.12.2020;17:51:37;3.33;44.33;12.77;758.34;0.00;0.00;0.00
04.12.2020;17:52:37;3.36;44.24;12.78;758.36;0.00;0.00;0.00
04.12.2020;17:53:37;3.33;44.27;12.78;758.37;0.00;0.00;0.00
04.12.2020;17:54:37;3.33;44.10;12.78;758.37;0.00;0.00;0.00
04.12.2020;17:55:37;3.35;44.17;12.78;758.36;0.00;0.00;0.00
04.12.2020;17:56:37;3.33;44.11;12.77;758.37;0.00;0.00;0.00
04.12.2020;17:57:37;3.33;44.37;12.77;758.37;0.00;0.00;0.00
04.12.2020;17:58:37;3.33;44.37;12.79;758.38;0.00;0.00;0.00
04.12.2020;17:59:37;3.33;44.20;12.80;758.40;0.00;0.00;0.00
04.12.2020;18:00:37;3.33;44.01;12.80;758.37;0.00;0.00;0.00
04.12.2020;18:01:37;3.33;44.31;12.80;758.37;0.00;0.00;0.00
04.12.2020;18:02:37;3.33;44.23;12.81;758.37;0.00;0.00;0.00
04.12.2020;18:03:38;3.35;44.28;12.81;758.37;0.00;0.00;0.00
04.12.2020;18:04:38;3.33;44.31;12.81;758.38;0.00;0.00;0.00
04.12.2020;18:05:38;3.33;44.32;12.82;758.37;0.00;0.00;0.00
04.12.2020;18:06:38;3.36;44.22;12.83;758.38;0.00;0.00;0.00
04.12.2020;18:07:38;3.33;43.99;12.82;758.37;0.00;0.00;0.00
04.12.2020;18:08:38;3.33;44.17;12.82;758.37;0.00;0.00;0.00
04.12.2020;18:09:38;3.35;44.25;12.83;758.40;0.00;0.00;0.00
04.12.2020;18:10:38;3.33;44.27;12.84;758.44;0.00;0.00;0.00
04.12.2020;18:11:38;3.33;43.99;12.84;758.42;0.00;0.00;0.00
04.12.2020;18:12:38;3.33;44.18;12.84;758.46;0.00;0.00;0.00
04.12.2020;18:13:38;3.33;44.33;12.85;758.48;0.00;0.00;0.00
04.12.2020;18:14:38;3.33;43.94;12.85;758.47;0.00;0.00;0.00
04.12.2020;18:15:38;3.33;43.90;12.84;758.48;0.00;0.00;0.00
04.12.2020;18:16:38;3.33;44.25;12.83;758.49;0.00;0.00;0.00
04.12.2020;18:17:38;3.35;44.27;12.84;758.49;0.00;0.00;0.00
04.12.2020;18:18:38;3.33;44.28;12.85;758.46;0.00;0.00;0.00
04.12.2020;18:19:38;3.33;44.14;12.85;758.48;0.00;0.00;0.00
04.12.2020;18:20:38;3.36;44.18;12.85;758.49;0.00;0.00;0.00
04.12.2020;18:21:38;3.33;43.98;12.85;758.46;0.00;0.00;0.00
04.12.2020;18:22:38;3.33;44.16;12.84;758.44;0.00;0.00;0.00
04.12.2020;18:23:38;3.35;44.05;12.84;758.45;0.00;0.00;0.00
04.12.2020;18:24:38;3.33;44.12;12.85;758.45;0.00;0.00;0.00
04.12.2020;18:25:38;3.33;44.32;12.84;758.44;0.00;0.00;0.00
04.12.2020;18:26:38;3.33;44.24;12.85;758.46;0.00;0.00;0.00
04.12.2020;18:27:38;3.33;44.16;12.86;758.45;0.00;0.00;0.00
04.12.2020;18:28:38;3.33;44.22;12.86;758.46;0.00;0.00;0.00
04.12.2020;18:29:38;3.33;44.04;12.86;758.45;0.00;0.00;0.00
04.12.2020;18:30:38;3.33;44.12;12.86;758.43;0.00;0.00;0.00
04.12.2020;18:31:38;3.35;44.22;12.87;758.41;0.00;0.00;0.00
04.12.2020;18:32:38;3.33;44.01;12.88;758.40;0.00;0.00;0.00
04.12.2020;18:33:38;3.33;44.14;12.87;758.41;0.00;0.00;0.00
04.12.2020;18:34:39;3.36;44.12;12.87;758.40;0.00;0.00;0.00
04.12.2020;18:35:39;3.33;44.03;12.86;758.39;0.00;0.00;0.00
04.12.2020;18:36:39;3.33;44.24;12.87;758.40;0.00;0.00;0.00
04.12.2020;18:37:39;3.35;44.03;12.86;758.37;0.00;0.00;0.00
04.12.2020;18:38:39;3.33;44.12;12.87;758.35;0.00;0.00;0.00
04.12.2020;18:39:39;3.33;44.10;12.86;758.36;0.00;0.00;0.00
04.12.2020;18:40:39;3.33;43.97;12.86;758.36;0.00;0.00;0.00
04.12.2020;18:41:39;3.33;44.28;12.87;758.36;0.00;0.00;0.00
04.12.2020;18:42:39;3.33;44.21;12.88;758.36;0.00;0.00;0.00
04.12.2020;18:43:39;3.33;43.94;12.88;758.36;0.00;0.00;0.00
04.12.2020;18:44:39;3.33;44.18;12.88;758.38;0.00;0.00;0.00
04.12.2020;18:45:39;3.35;44.19;12.89;758.38;0.00;0.00;0.00
04.12.2020;18:46:39;3.33;44.19;12.89;758.40;0.00;0.00;0.00
04.12.2020;18:47:39;3.33;44.07;12.90;758.39;0.00;0.00;0.00
04.12.2020;18:48:39;3.36;44.09;12.89;758.41;0.00;0.00;0.00
04.12.2020;18:49:39;3.33;44.09;12.90;758.41;0.00;0.00;0.00
04.12.2020;18:50:39;3.33;44.07;12.91;758.42;0.00;0.00;0.00
04.12.2020;18:51:39;3.35;43.90;12.92;758.42;0.00;0.00;0.00
04.12.2020;18:52:39;3.33;44.06;12.92;758.46;0.00;0.00;0.00
04.12.2020;18:53:39;3.33;44.15;12.92;758.46;0.00;0.00;0.00
04.12.2020;18:54:39;3.33;43.89;12.92;758.46;0.00;0.00;0.00
04.12.2020;18:55:39;3.33;44.21;12.91;758.48;0.00;0.00;0.00
04.12.2020;18:56:39;3.33;44.22;12.92;758.47;0.00;0.00;0.00
04.12.2020;18:57:39;3.33;44.13;12.93;758.48;0.00;0.00;0.00
04.12.2020;18:58:39;3.33;44.10;12.93;758.46;0.00;0.00;0.00
04.12.2020;18:59:39;3.35;43.97;12.94;758.47;0.00;0.00;0.00
04.12.2020;19:00:39;3.33;43.90;12.93;758.48;0.00;0.00;0.00
04.12.2020;19:01:39;3.33;44.08;12.93;758.49;0.00;0.00;0.00
04.12.2020;19:02:39;3.36;44.15;12.93;758.51;0.00;0.00;0.00
04.12.2020;19:03:39;3.33;44.03;12.94;758.53;0.00;0.00;0.00
04.12.2020;19:04:39;3.33;44.06;12.94;758.55;0.00;0.00;0.00
04.12.2020;19:05:40;3.35;44.01;12.93;758.54;0.00;0.00;0.00
04.12.2020;19:06:40;3.33;43.98;12.92;758.52;0.00;0.00;0.00
04.12.2020;19:07:40;3.33;44.09;12.92;758.51;0.00;0.00;0.00
04.12.2020;19:08:40;3.33;44.05;12.93;758.51;0.00;0.00;0.00
04.12.2020;19:09:40;3.33;44.16;12.93;758.50;0.00;0.00;0.00
04.12.2020;19:10:40;3.33;44.22;12.94;758.50;0.00;0.00;0.00
04.12.2020;19:11:40;3.33;44.27;12.95;758.50;0.00;0.00;0.00
04.12.2020;19:12:40;3.33;44.19;12.96;758.51;0.00;0.00;0.00
04.12.2020;19:13:40;3.35;44.11;12.97;758.53;0.00;0.00;0.00
04.12.2020;19:14:40;3.33;44.04;12.96;758.54;0.00;0.00;0.00
04.12.2020;19:15:40;3.33;44.01;12.96;758.55;0.00;0.00;0.00
04.12.2020;19:16:40;3.36;44.20;12.96;758.57;0.00;0.00;0.00
04.12.2020;19:17:40;3.33;43.98;12.96;758.56;0.00;0.00;0.00
04.12.2020;19:18:40;3.33;44.08;12.97;758.57;0.00;0.00;0.00
04.12.2020;19:19:40;3.35;44.07;12.96;758.58;0.00;0.00;0.00
04.12.2020;19:20:40;3.33;44.12;12.96;758.61;0.00;0.00;0.00
04.12.2020;19:21:40;3.33;44.14;12.96;758.61;0.00;0.00;0.00
04.12.2020;19:22:40;3.33;44.09;12.95;758.63;0.00;0.00;0.00
04.12.2020;19:23:40;3.33;44.13;12.96;758.64;0.00;0.00;0.00
04.12.2020;19:24:40;3.33;44.05;12.96;758.66;0.00;0.00;0.00
04.12.2020;19:25:40;3.33;44.05;12.97;758.67;0.00;0.00;0.00
04.12.2020;19:26:40;3.33;44.05;12.98;758.65;0.00;0.00;0.00
04.12.2020;19:27:40;3.35;43.95;12.98;758.67;0.00;0.00;0.00
04.12.2020;19:28:40;3.33;44.10;12.98;758.67;0.00;0.00;0.00
04.12.2020;19:29:40;3.33;43.79;12.97;758.65;0.00;0.00;0.00
04.12.2020;19:30:40;3.36;43.97;12.96;758.65;0.00;0.00;0.00
04.12.2020;19:31:40;3.33;43.97;12.97;758.64;0.00;0.00;0.00
04.12.2020;19:32:40;3.33;44.08;12.96;758.64;0.00;0.00;0.00
04.12.2020;19:33:40;3.35;44.09;12.96;758.66;0.00;0.00;0.00
04.12.2020;19:34:40;3.33;44.15;12.96;758.67;0.00;0.00;0.00
04.12.2020;19:35:40;3.33;44.13;12.97;758.69;0.00;0.00;0.00
04.12.2020;19:36:41;3.33;43.89;12.97;758.69;0.00;0.00;0.00
04.12.2020;19:37:41;3.33;44.11;12.97;758.72;0.00;0.00;0.00
04.12.2020;19:38:41;3.33;44.09;12.97;758.72;0.00;0.00;0.00
04.12.2020;19:39:41;3.33;43.89;12.98;758.72;0.00;0.00;0.00
04.12.2020;19:40:41;3.33;43.87;12.97;758.70;0.00;0.00;0.00
04.12.2020;19:41:41;3.35;44.02;12.97;758.68;0.00;0.00;0.00
04.12.2020;19:42:41;3.33;43.95;12.98;758.70;0.00;0.00;0.00
04.12.2020;19:43:41;3.33;43.99;12.98;758.71;0.00;0.00;0.00
04.12.2020;19:44:41;3.36;44.07;12.97;758.72;0.00;0.00;0.00
04.12.2020;19:45:41;3.33;43.96;12.97;758.73;0.00;0.00;0.00
04.12.2020;19:46:41;3.33;43.94;12.97;758.74;0.00;0.00;0.00
04.12.2020;19:47:41;3.35;43.76;12.96;758.74;0.00;0.00;0.00
04.12.2020;19:48:41;3.33;44.06;12.96;758.78;0.00;0.00;0.00
04.12.2020;19:49:41;3.33;43.90;12.96;758.76;0.00;0.00;0.00
04.12.2020;19:50:41;3.33;43.96;12.95;758.76;0.00;0.00;0.00
04.12.2020;19:51:41;3.33;43.77;12.94;758.76;0.00;0.00;0.00
04.12.2020;19:52:41;3.33;44.06;12.94;758.76;0.00;0.00;0.00
04.12.2020;19:53:41;3.33;44.15;12.95;758.79;0.00;0.00;0.00
04.12.2020;19:54:41;3.33;44.15;12.96;758.81;0.00;0.00;0.00
04.12.2020;19:55:41;3.35;44.07;12.96;758.83;0.00;0.00;0.00
04.12.2020;19:56:41;3.33;43.99;12.96;758.84;0.00;0.00;0.00
04.12.2020;19:57:41;3.33;44.12;12.96;758.87;0.00;0.00;0.00
04.12.2020;19:58:41;3.36;43.68;12.96;758.87;0.00;0.00;0.00
04.12.2020;19:59:41;3.33;43.76;12.95;758.87;0.00;0.00;0.00
04.12.2020;20:00:41;3.33;44.07;12.95;758.90;0.00;0.00;0.00
04.12.2020;20:01:41;3.35;44.04;12.96;758.90;0.00;0.00;0.00
04.12.2020;20:02:41;3.33;43.79;12.96;758.90;0.00;0.00;0.00
04.12.2020;20:03:41;3.33;43.92;12.96;758.90;0.00;0.00;0.00
04.12.2020;20:04:41;3.33;44.02;12.96;758.90;0.00;0.00;0.00
04.12.2020;20:05:41;3.33;44.04;12.96;758.90;0.00;0.00;0.00
04.12.2020;20:06:41;3.33;43.69;12.95;758.89;0.00;0.00;0.00
04.12.2020;20:07:42;3.33;43.97;12.95;758.90;0.00;0.00;0.00
04.12.2020;20:08:42;3.33;44.06;12.96;758.90;0.00;0.00;0.00
04.12.2020;20:09:42;3.35;44.08;12.96;758.90;0.00;0.00;0.00
04.12.2020;20:10:42;3.33;44.08;12.97;758.91;0.00;0.00;0.00
04.12.2020;20:11:42;3.33;43.88;12.97;758.91;0.00;0.00;0.00
04.12.2020;20:12:42;3.36;43.83;12.96;758.92;0.00;0.00;0.00
04.12.2020;20:13:42;3.33;43.88;12.95;758.92;0.00;0.00;0.00
04.12.2020;20:14:42;3.33;44.09;12.95;758.95;0.00;0.00;0.00
04.12.2020;20:15:42;3.35;44.04;12.96;758.96;0.00;0.00;0.00
04.12.2020;20:16:42;3.33;44.12;12.96;758.97;0.00;0.00;0.00
04.12.2020;20:17:42;3.33;43.95;12.96;758.98;0.00;0.00;0.00
04.12.2020;20:18:42;3.33;44.03;12.96;758.98;0.00;0.00;0.00
04.12.2020;20:19:42;3.33;43.97;12.96;758.97;0.00;0.00;0.00
04.12.2020;20:20:42;3.33;44.05;12.95;758.97;0.00;0.00;0.00
04.12.2020;20:21:42;3.33;44.02;12.95;758.96;0.00;0.00;0.00
04.12.2020;20:22:42;3.33;43.89;12.95;758.96;0.00;0.00;0.00
04.12.2020;20:23:42;3.35;43.52;12.94;758.97;0.00;0.00;0.00
04.12.2020;20:24:42;3.33;44.00;12.93;758.98;0.00;0.00;0.00
04.12.2020;20:25:42;3.33;44.10;12.93;758.98;0.00;0.00;0.00
04.12.2020;20:26:42;3.36;43.94;12.93;758.97;0.00;0.00;0.00
04.12.2020;20:27:42;3.33;44.07;12.93;758.96;0.00;0.00;0.00
04.12.2020;20:28:42;3.33;44.03;12.94;758.97;0.00;0.00;0.00
04.12.2020;20:29:42;3.35;44.06;12.94;758.97;0.00;0.00;0.00
04.12.2020;20:30:42;3.33;43.93;12.94;758.97;0.00;0.00;0.00
04.12.2020;20:31:42;3.33;44.10;12.94;758.98;0.00;0.00;0.00
04.12.2020;20:32:42;3.33;44.09;12.94;758.98;0.00;0.00;0.00
04.12.2020;20:33:42;3.33;44.03;12.94;758.96;0.00;0.00;0.00
04.12.2020;20:34:42;3.33;43.97;12.94;758.97;0.00;0.00;0.00
04.12.2020;20:35:42;3.33;44.11;12.93;758.97;0.00;0.00;0.00
04.12.2020;20:36:42;3.33;43.93;12.93;758.96;0.00;0.00;0.00
04.12.2020;20:37:42;3.35;43.78;12.93;758.96;0.00;0.00;0.00
04.12.2020;20:38:43;3.33;43.96;12.92;758.96;0.00;0.00;0.00
04.12.2020;20:39:43;3.33;43.76;12.91;758.95;0.00;0.00;0.00
04.12.2020;20:40:43;3.36;44.06;12.91;758.95;0.00;0.00;0.00
04.12.2020;20:41:43;3.33;43.96;12.92;758.96;0.00;0.00;0.00
04.12.2020;20:42:43;3.33;43.75;12.92;758.96;0.00;0.00;0.00
04.12.2020;20:43:43;3.35;43.94;12.90;758.96;0.00;0.00;0.00
04.12.2020;20:44:43;3.33;43.79;12.91;758.96;0.00;0.00;0.00
04.12.2020;20:45:43;3.33;43.65;12.90;758.98;0.00;0.00;0.00
04.12.2020;20:46:43;3.33;43.98;12.89;758.97;0.00;0.00;0.00
04.12.2020;20:47:43;3.33;43.87;12.89;758.97;0.00;0.00;0.00
04.12.2020;20:48:43;3.33;43.55;12.88;758.97;0.00;0.00;0.00
04.12.2020;20:49:43;3.33;44.13;12.87;758.97;0.00;0.00;0.00
04.12.2020;20:50:43;3.33;43.89;12.87;758.95;0.00;0.00;0.00
04.12.2020;20:51:43;3.35;43.99;12.87;758.96;0.00;0.00;0.00
04.12.2020;20:52:43;3.33;44.07;12.86;758.95;0.00;0.00;0.00
04.12.2020;20:53:43;3.33;44.14;12.87;758.96;0.00;0.00;0.00
04.12.2020;20:54:43;3.36;43.66;12.85;758.95;0.00;0.00;0.00
04.12.2020;20:55:43;3.33;43.98;12.84;758.94;0.00;0.00;0.00
04.12.2020;20:56:43;3.33;44.10;12.85;758.95;0.00;0.00;0.00
04.12.2020;20:57:43;3.35;44.17;12.85;758.95;0.00;0.00;0.00
04.12.2020;20:58:43;3.33;44.05;12.85;758.96;0.00;0.00;0.00
04.12.2020;20:59:43;3.33;43.86;12.83;758.97;0.00;0.00;0.00
04.12.2020;21:00:43;3.33;43.74;12.81;758.96;0.00;0.00;0.00
04.12.2020;21:01:43;3.33;44.11;12.80;758.97;0.00;0.00;0.00
04.12.2020;21:02:43;3.33;44.22;12.81;758.99;0.00;0.00;0.00
04.12.2020;21:03:43;3.33;43.98;12.81;759.00;0.00;0.00;0.00
04.12.2020;21:04:43;3.33;44.15;12.79;759.01;0.00;0.00;0.00
04.12.2020;21:05:43;3.35;44.13;12.78;759.00;0.00;0.00;0.00
04.12.2020;21:06:43;3.33;44.17;12.78;759.01;0.00;0.00;0.00
04.12.2020;21:07:43;3.33;44.07;12.78;759.03;0.00;0.00;0.00
04.12.2020;21:08:43;3.36;44.21;12.77;759.04;0.00;0.00;0.00
04.12.2020;21:09:44;3.33;44.22;12.76;759.04;0.00;0.00;0.00
04.12.2020;21:10:44;3.33;44.07;12.74;759.02;0.00;0.00;0.00
04.12.2020;21:11:44;3.35;44.09;12.72;759.03;0.00;0.00;0.00
04.12.2020;21:12:44;3.33;44.11;12.70;759.03;0.00;0.00;0.00
04.12.2020;21:13:44;3.33;44.41;12.70;759.06;0.00;0.00;0.00
04.12.2020;21:14:44;3.33;44.25;12.70;759.08;0.00;0.00;0.00
04.12.2020;21:15:44;3.33;44.33;12.70;759.11;0.00;0.00;0.00
04.12.2020;21:16:44;3.33;44.40;12.70;759.13;0.00;0.00;0.00
04.12.2020;21:17:44;3.33;44.42;12.70;759.15;0.00;0.00;0.00
04.12.2020;21:18:44;3.33;44.27;12.70;759.18;0.00;0.00;0.00
04.12.2020;21:19:44;3.35;44.18;12.68;759.19;0.00;0.00;0.00
04.12.2020;21:20:44;3.33;44.33;12.67;759.18;0.00;0.00;0.00
04.12.2020;21:21:44;3.33;44.37;12.68;759.18;0.00;0.00;0.00
04.12.2020;21:22:44;3.36;44.43;12.68;759.19;0.00;0.00;0.00
04.12.2020;21:23:44;3.33;44.44;12.69;759.19;0.00;0.00;0.00
04.12.2020;21:24:44;3.33;44.22;12.69;759.22;0.00;0.00;0.00
04.12.2020;21:25:44;3.35;44.32;12.69;759.24;0.00;0.00;0.00
04.12.2020;21:26:44;3.33;44.34;12.68;759.25;0.00;0.00;0.00
04.12.2020;21:27:44;3.33;44.41;12.68;759.24;0.00;0.00;0.00
04.12.2020;21:28:44;3.33;44.20;12.68;759.22;0.00;0.00;0.00
04.12.2020;21:29:44;3.33;44.37;12.68;759.23;0.00;0.00;0.00
04.12.2020;21:30:44;3.33;44.41;12.68;759.23;0.00;0.00;0.00
04.12.2020;21:31:44;3.33;44.38;12.68;759.23;0.00;0.00;0.00
04.12.2020;21:32:44;3.33;44.07;12.66;759.24;0.00;0.00;0.00
04.12.2020;21:33:44;3.35;44.25;12.66;759.25;0.00;0.00;0.00
04.12.2020;21:34:44;3.33;44.27;12.66;759.24;0.00;0.00;0.00
04.12.2020;21:35:44;3.33;44.37;12.65;759.24;0.00;0.00;0.00
04.12.2020;21:36:44;3.36;44.39;12.65;759.24;0.00;0.00;0.00
04.12.2020;21:37:44;3.33;44.14;12.64;759.24;0.00;0.00;0.00
04.12.2020;21:38:44;3.33;44.41;12.63;759.26;0.00;0.00;0.00
04.12.2020;21:39:44;3.35;44.47;12.63;759.24;0.00;0.00;0.00
04.12.2020;21:40:45;3.33;44.44;12.62;759.24;0.00;0.00;0.00
04.12.2020;21:41:45;3.33;44.44;12.61;759.24;0.00;0.00;0.00
04.12.2020;21:42:45;3.33;44.36;12.62;759.22;0.00;0.00;0.00
04.12.2020;21:43:45;3.33;44.35;12.61;759.19;0.00;0.00;0.00
04.12.2020;21:44:45;3.33;44.33;12.60;759.20;0.00;0.00;0.00
04.12.2020;21:45:45;3.33;44.53;12.60;759.21;0.00;0.00;0.00
04.12.2020;21:46:45;3.33;44.08;12.58;759.22;0.00;0.00;0.00
04.12.2020;21:47:45;3.35;44.43;12.57;759.23;0.00;0.00;0.00
04.12.2020;21:48:45;3.33;44.54;12.57;759.25;0.00;0.00;0.00
04.12.2020;21:49:45;3.33;44.60;12.58;759.26;0.00;0.00;0.00
04.12.2020;21:50:45;3.36;44.46;12.57;759.27;0.00;0.00;0.00
04.12.2020;21:51:45;3.33;44.58;12.57;759.26;0.00;0.00;0.00
04.12.2020;21:52:45;3.33;44.63;12.58;759.27;0.00;0.00;0.00
04.12.2020;21:53:45;3.35;44.55;12.58;759.27;0.00;0.00;0.00
04.12.2020;21:54:45;3.33;44.45;12.58;759.26;0.00;0.00;0.00
04.12.2020;21:55:45;3.33;44.61;12.57;759.25;0.00;0.00;0.00
04.12.2020;21:56:45;3.33;44.60;12.57;759.26;0.00;0.00;0.00
04.12.2020;21:57:45;3.33;44.36;12.56;759.26;0.00;0.00;0.00
04.12.2020;21:58:45;3.33;44.65;12.56;759.29;0.00;0.00;0.00
04.12.2020;21:59:45;3.33;44.59;12.57;759.29;0.00;0.00;0.00
04.12.2020;22:00:45;3.33;44.54;12.57;759.30;0.00;0.00;0.00
04.12.2020;22:01:45;3.35;44.57;12.57;759.33;0.00;0.00;0.00
04.12.2020;22:02:45;3.33;44.34;12.56;759.31;0.00;0.00;0.00
04.12.2020;22:03:45;3.33;44.48;12.55;759.33;0.00;0.00;0.00
04.12.2020;22:04:45;3.36;44.31;12.55;759.32;0.00;0.00;0.00
04.12.2020;22:05:45;3.33;44.64;12.55;759.32;0.00;0.00;0.00
04.12.2020;22:06:45;3.33;44.47;12.55;759.34;0.00;0.00;0.00
04.12.2020;22:07:45;3.35;44.43;12.53;759.34;0.00;0.00;0.00
04.12.2020;22:08:45;3.33;44.59;12.54;759.35;0.00;0.00;0.00
04.12.2020;22:09:45;3.33;44.63;12.55;759.35;0.00;0.00;0.00
04.12.2020;22:10:45;3.33;44.49;12.55;759.35;0.00;0.00;0.00
04.12.2020;22:11:46;3.33;44.47;12.53;759.34;0.00;0.00;0.00
04.12.2020;22:12:46;3.33;44.66;12.53;759.34;0.00;0.00;0.00
04.12.2020;22:13:46;3.33;44.71;12.53;759.35;0.00;0.00;0.00
04.12.2020;22:14:46;3.33;44.62;12.53;759.38;0.00;0.00;0.00
04.12.2020;22:15:46;3.35;44.53;12.52;759.38;0.00;0.00;0.00
04.12.2020;22:16:46;3.33;44.65;12.53;759.39;0.00;0.00;0.00
04.12.2020;22:17:46;3.33;44.70;12.53;759.40;0.00;0.00;0.00
04.12.2020;22:18:46;3.36;44.67;12.53;759.40;0.00;0.00;0.00
04.12.2020;22:19:46;3.33;44.57;12.54;759.41;0.00;0.00;0.00
04.12.2020;22:20:46;3.33;44.55;12.53;759.44;0.00;0.00;0.00
04.12.2020;22:21:46;3.35;44.50;12.52;759.43;0.00;0.00;0.00
04.12.2020;22:22:46;3.33;44.70;12.53;759.43;0.00;0.00;0.00
04.12.2020;22:23:46;3.33;44.72;12.53;759.45;0.00;0.00;0.00
04.12.2020;22:24:46;3.33;44.70;12.53;759.45;0.00;0.00;0.00
04.12.2020;22:25:46;3.33;44.69;12.53;759.44;0.00;0.00;0.00
04.12.2020;22:26:46;3.33;44.71;12.53;759.44;0.00;0.00;0.00
04.12.2020;22:27:46;3.33;44.47;12.52;759.43;0.00;0.00;0.00
04.12.2020;22:28:46;3.33;44.69;12.51;759.42;0.00;0.00;0.00
04.12.2020;22:29:46;3.35;44.67;12.52;759.41;0.00;0.00;0.00
04.12.2020;22:30:46;3.33;44.69;12.52;759.41;0.00;0.00;0.00
04.12.2020;22:31:46;3.33;44.65;12.52;759.39;0.00;0.00;0.00
04.12.2020;22:32:46;3.36;44.67;12.52;759.38;0.00;0.00;0.00
04.12.2020;22:33:46;3.33;44.63;12.52;759.37;0.00;0.00;0.00
04.12.2020;22:34:46;3.33;44.63;12.51;759.38;0.00;0.00;0.00
04.12.2020;22:35:46;3.35;44.60;12.51;759.40;0.00;0.00;0.00
04.12.2020;22:36:46;3.33;44.68;12.51;759.40;0.00;0.00;0.00
04.12.2020;22:37:46;3.33;44.61;12.50;759.41;0.00;0.00;0.00
04.12.2020;22:38:46;3.33;44.65;12.49;759.42;0.00;0.00;0.00
04.12.2020;22:39:46;3.33;44.65;12.49;759.44;0.00;0.00;0.00
04.12.2020;22:40:46;3.33;44.59;12.50;759.43;0.00;0.00;0.00
04.12.2020;22:41:46;3.33;44.52;12.50;759.43;0.00;0.00;0.00
04.12.2020;22:42:46;3.33;44.70;12.50;759.44;0.00;0.00;0.00
04.12.2020;22:43:47;3.35;44.69;12.50;759.45;0.00;0.00;0.00
04.12.2020;22:44:47;3.33;44.66;12.50;759.45;0.00;0.00;0.00
04.12.2020;22:45:47;3.33;44.60;12.50;759.46;0.00;0.00;0.00
04.12.2020;22:46:47;3.36;44.62;12.49;759.48;0.00;0.00;0.00
04.12.2020;22:47:47;3.33;44.70;12.49;759.49;0.00;0.00;0.00
04.12.2020;22:48:47;3.33;44.71;12.50;759.48;0.00;0.00;0.00
04.12.2020;22:49:47;3.35;44.71;12.50;759.47;0.00;0.00;0.00
04.12.2020;22:50:47;3.33;44.70;12.50;759.48;0.00;0.00;0.00
04.12.2020;22:51:47;3.33;44.67;12.50;759.47;0.00;0.00;0.00
04.12.2020;22:52:47;3.33;44.64;12.50;759.47;0.00;0.00;0.00
04.12.2020;22:53:47;3.33;44.64;12.50;759.46;0.00;0.00;0.00
04.12.2020;22:54:47;3.33;44.70;12.49;759.46;0.00;0.00;0.00
04.12.2020;22:55:47;3.33;44.56;12.49;759.48;0.00;0.00;0.00
04.12.2020;22:56:47;3.33;44.59;12.49;759.48;0.00;0.00;0.00
04.12.2020;22:57:47;3.35;44.57;12.48;759.47;0.00;0.00;0.00
04.12.2020;22:58:47;3.33;44.62;12.47;759.46;0.00;0.00;0.00
04.12.2020;22:59:47;3.33;44.68;12.46;759.43;0.00;0.00;0.00
04.12.2020;23:00:47;3.36;44.72;12.47;759.44;0.00;0.00;0.00
04.12.2020;23:01:47;3.33;44.69;12.46;759.41;0.00;0.00;0.00
04.12.2020;23:02:47;3.33;44.69;12.46;759.41;0.00;0.00;0.00
04.12.2020;23:03:47;3.35;44.60;12.45;759.40;0.00;0.00;0.00
04.12.2020;23:04:47;3.33;44.75;12.45;759.42;0.00;0.00;0.00
04.12.2020;23:05:47;3.33;44.72;12.45;759.41;0.00;0.00;0.00
04.12.2020;23:06:47;3.33;44.78;12.44;759.43;0.00;0.00;0.00
04.12.2020;23:07:47;3.33;44.76;12.45;759.45;0.00;0.00;0.00
04.12.2020;23:08:47;3.33;44.78;12.44;759.45;0.00;0.00;0.00
04.12.2020;23:09:47;3.33;44.67;12.44;759.47;0.00;0.00;0.00
04.12.2020;23:10:47;3.33;44.80;12.44;759.50;0.00;0.00;0.00
04.12.2020;23:11:47;3.35;44.81;12.43;759.51;0.00;0.00;0.00
04.12.2020;23:12:47;3.33;44.80;12.43;759.53;0.00;0.00;0.00
04.12.2020;23:13:47;3.33;44.78;12.43;759.52;0.00;0.00;0.00
04.12.2020;23:14:48;3.36;44.75;12.42;759.49;0.00;0.00;0.00
04.12.2020;23:15:48;3.33;44.78;12.41;759.49;0.00;0.00;0.00
04.12.2020;23:16:48;3.33;44.80;12.42;759.51;0.00;0.00;0.00
04.12.2020;23:17:48;3.35;44.73;12.41;759.52;0.00;0.00;0.00
04.12.2020;23:18:48;3.33;44.83;12.42;759.52;0.00;0.00;0.00
04.12.2020;23:19:48;3.33;44.82;12.42;759.54;0.00;0.00;0.00
04.12.2020;23:20:48;3.33;44.80;12.42;759.54;0.00;0.00;0.00
04.12.2020;23:21:48;3.33;44.75;12.41;759.56;0.00;0.00;0.00
04.12.2020;23:22:48;3.33;44.74;12.41;759.56;0.00;0.00;0.00
04.12.2020;23:23:48;3.33;44.68;12.40;759.56;0.00;0.00;0.00
04.12.2020;23:24:48;3.33;44.78;12.40;759.57;0.00;0.00;0.00
04.12.2020;23:25:48;3.35;44.79;12.40;759.59;0.00;0.00;0.00
04.12.2020;23:26:48;3.33;44.71;12.41;759.61;0.00;0.00;0.00
04.12.2020;23:27:48;3.33;44.73;12.41;759.61;0.00;0.00;0.00
04.12.2020;23:28:48;3.36;44.72;12.42;759.62;0.00;0.00;0.00
04.12.2020;23:29:48;3.33;44.71;12.42;759.62;0.00;0.00;0.00
04.12.2020;23:30:48;3.33;44.72;12.42;759.63;0.00;0.00;0.00
04.12.2020;23:31:48;3.35;44.70;12.43;759.65;0.00;0.00;0.00
04.12.2020;23:32:48;3.33;44.67;12.43;759.64;0.00;0.00;0.00
04.12.2020;23:33:48;3.33;44.71;12.43;759.67;0.00;0.00;0.00
04.12.2020;23:34:48;3.33;44.66;12.43;759.70;0.00;0.00;0.00
04.12.2020;23:35:48;3.33;44.68;12.43;759.70;0.00;0.00;0.00
04.12.2020;23:36:48;3.33;44.60;12.43;759.71;0.00;0.00;0.00
04.12.2020;23:37:48;3.33;44.64;12.43;759.73;0.00;0.00;0.00
04.12.2020;23:38:48;3.33;44.63;12.43;759.74;0.00;0.00;0.00
04.12.2020;23:39:48;3.35;44.61;12.44;759.76;0.00;0.00;0.00
04.12.2020;23:40:48;3.33;44.63;12.44;759.76;0.00;0.00;0.00
04.12.2020;23:41:48;3.33;44.63;12.44;759.77;0.00;0.00;0.00
04.12.2020;23:42:48;3.36;44.65;12.44;759.78;0.00;0.00;0.00
04.12.2020;23:43:48;3.33;44.60;12.45;759.76;0.00;0.00;0.00
04.12.2020;23:44:48;3.33;44.57;12.44;759.75;0.00;0.00;0.00
04.12.2020;23:45:49;3.35;44.60;12.44;759.74;0.00;0.00;0.00
04.12.2020;23:46:49;3.33;44.54;12.43;759.71;0.00;0.00;0.00
04.12.2020;23:47:49;3.33;44.62;12.42;759.68;0.00;0.00;0.00
04.12.2020;23:48:49;3.33;44.65;12.42;759.67;0.00;0.00;0.00
04.12.2020;23:49:49;3.33;44.55;12.42;759.67;0.00;0.00;0.00
04.12.2020;23:50:49;3.33;44.58;12.42;759.68;0.00;0.00;0.00
04.12.2020;23:51:49;3.33;44.63;12.42;759.69;0.00;0.00;0.00
04.12.2020;23:52:49;3.33;44.64;12.41;759.65;0.00;0.00;0.00
04.12.2020;23:53:49;3.35;44.63;12.41;759.64;0.00;0.00;0.00
04.12.2020;23:54:49;3.33;44.61;12.41;759.62;0.00;0.00;0.00
04.12.2020;23:55:49;3.33;44.62;12.40;759.61;0.00;0.00;0.00
04.12.2020;23:56:49;3.36;44.63;12.40;759.60;0.00;0.00;0.00
04.12.2020;23:57:49;3.33;44.63;12.39;759.58;0.00;0.00;0.00
04.12.2020;23:58:49;3.33;44.57;12.39;759.56;0.00;0.00;0.00
04.12.2020;23:59:49;3.35;44.65;12.39;759.56;0.00;0.00;0.00
