06.12.2020;0:00:36;3.36;44.58;11.16;763.70;0.00;0.00;0.00
06.12.2020;0:01:36;3.33;44.77;11.16;763.68;0.00;0.00;0.00
06.12.2020;0:02:36;3.33;44.68;11.16;763.68;0.00;0.00;0.00
06.12.2020;0:03:36;3.35;44.79;11.16;763.67;0.00;0.00;0.00
06.12.2020;0:04:36;3.33;44.74;11.16;763.68;0.00;0.00;0.00
06.12.2020;0:05:36;3.33;44.64;11.16;763.69;0.00;0.00;0.00
06.12.2020;0:06:36;3.33;44.70;11.15;763.70;0.00;0.00;0.00
06.12.2020;0:07:36;3.33;44.83;11.16;763.71;0.00;0.00;0.00
06.12.2020;0:08:36;3.33;44.79;11.17;763.71;0.00;0.00;0.00
06.12.2020;0:09:36;3.33;44.72;11.17;763.72;0.00;0.00;0.00
06.12.2020;0:10:36;3.33;44.70;11.17;763.74;0.00;0.00;0.00
06.12.2020;0:11:36;3.35;44.43;11.16;763.74;0.00;0.00;0.00
06.12.2020;0:12:36;3.33;44.75;11.14;763.77;0.00;0.00;0.00
06.12.2020;0:13:36;3.33;44.73;11.15;763.78;0.00;0.00;0.00
06.12.2020;0:14:36;3.36;44.82;11.15;763.79;0.00;0.00;0.00
06.12.2020;0:15:36;3.33;44.65;11.16;763.79;0.00;0.00;0.00
06.12.2020;0:16:36;3.33;44.60;11.15;763.79;0.00;0.00;0.00
06.12.2020;0:17:36;3.35;44.61;11.15;763.79;0.00;0.00;0.00
06.12.2020;0:18:36;3.33;44.65;11.14;763.81;0.00;0.00;0.00
06.12.2020;0:19:36;3.33;44.88;11.15;763.82;0.00;0.00;0.00
06.12.2020;0:20:36;3.33;44.69;11.16;763.81;0.00;0.00;0.00
06.12.2020;0:21:36;3.33;44.81;11.16;763.80;0.00;0.00;0.00
06.12.2020;0:22:36;3.33;44.76;11.16;763.81;0.00;0.00;0.00
06.12.2020;0:23:36;3.33;44.87;11.16;763.80;0.00;0.00;0.00
06.12.2020;0:24:36;3.33;44.57;11.15;763.79;0.00;0.00;0.00
06.12.2020;0:25:36;3.35;44.77;11.15;763.80;0.00;0.00;0.00
06.12.2020;0:26:36;3.33;44.67;11.14;763.79;0.00;0.00;0.00
06.12.2020;0:27:36;3.33;44.82;11.14;763.79;0.00;0.00;0.00
06.12.2020;0:28:36;3.36;44.88;11.15;763.79;0.00;0.00;0.00
06.12.2020;0:29:37;3.33;44.88;11.15;763.79;0.00;0.00;0.00
06.12.2020;0:30:37;3.33;44.92;11.15;763.78;0.00;0.00;0.00
06.12.2020;0:31:37;3.35;44.78;11.15;763.76;0.00;0.00;0.00
06.12.2020;0:32:37;3.33;44.86;11.15;763.76;0.00;0.00;0.00
06.12.2020;0:33:37;3.33;44.89;11.15;763.75;0.00;0.00;0.00
06.12.2020;0:34:37;3.33;44.82;11.14;763.75;0.00;0.00;0.00
06.12.2020;0:35:37;3.33;44.77;11.14;763.73;0.00;0.00;0.00
06.12.2020;0:36:37;3.33;44.78;11.14;763.73;0.00;0.00;0.00
06.12.2020;0:37:37;3.33;44.41;11.12;763.74;0.00;0.00;0.00
06.12.2020;0:38:37;3.33;44.78;11.11;763.75;0.00;0.00;0.00
06.12.2020;0:39:37;3.35;44.82;11.11;763.74;0.00;0.00;0.00
06.12.2020;0:40:37;3.33;44.85;11.10;763.75;0.00;0.00;0.00
06.12.2020;0:41:37;3.33;44.68;11.09;763.74;0.00;0.00;0.00
06.12.2020;0:42:37;3.36;44.80;11.08;763.73;0.00;0.00;0.00
06.12.2020;0:43:37;3.33;44.88;11.07;763.73;0.00;0.00;0.00
06.12.2020;0:44:37;3.33;44.95;11.06;763.73;0.00;0.00;0.00
06.12.2020;0:45:37;3.35;44.80;11.05;763.73;0.00;0.00;0.00
06.12.2020;0:46:37;3.33;44.78;11.04;763.72;0.00;0.00;0.00
06.12.2020;0:47:37;3.33;44.87;11.02;763.73;0.00;0.00;0.00
06.12.2020;0:48:37;3.33;44.97;11.01;763.74;0.00;0.00;0.00
06.12.2020;0:49:37;3.33;44.88;11.00;763.74;0.00;0.00;0.00
06.12.2020;0:50:37;3.33;44.86;10.98;763.73;0.00;0.00;0.00
06.12.2020;0:51:37;3.33;45.24;10.96;763.74;0.00;0.00;0.00
06.12.2020;0:52:37;3.33;45.15;10.96;763.73;0.00;0.00;0.00
06.12.2020;0:53:37;3.35;45.23;10.94;763.73;0.00;0.00;0.00
06.12.2020;0:54:37;3.33;45.25;10.94;763.74;0.00;0.00;0.00
06.12.2020;0:55:37;3.33;45.39;10.93;763.76;0.00;0.00;0.00
06.12.2020;0:56:37;3.36;45.26;10.91;763.77;0.00;0.00;0.00
06.12.2020;0:57:37;3.33;45.36;10.90;763.79;0.00;0.00;0.00
06.12.2020;0:58:37;3.33;45.51;10.88;763.79;0.00;0.00;0.00
06.12.2020;0:59:37;3.35;45.44;10.88;763.81;0.00;0.00;0.00
06.12.2020;1:00:37;3.33;45.41;10.86;763.81;0.00;0.00;0.00
06.12.2020;1:01:37;3.33;45.43;10.84;763.83;0.00;0.00;0.00
06.12.2020;1:02:38;3.33;45.17;10.82;763.84;0.00;0.00;0.00
06.12.2020;1:03:38;3.33;45.37;10.81;763.86;0.00;0.00;0.00
06.12.2020;1:04:38;3.33;45.55;10.79;763.87;0.00;0.00;0.00
06.12.2020;1:05:38;3.33;45.65;10.77;763.87;0.00;0.00;0.00
06.12.2020;1:06:38;3.33;45.64;10.75;763.87;0.00;0.00;0.00
06.12.2020;1:07:38;3.35;45.62;10.74;763.87;0.00;0.00;0.00
06.12.2020;1:08:38;3.33;45.58;10.72;763.86;0.00;0.00;0.00
06.12.2020;1:09:38;3.33;45.80;10.71;763.87;0.00;0.00;0.00
06.12.2020;1:10:38;3.36;45.54;10.69;763.86;0.00;0.00;0.00
06.12.2020;1:11:38;3.33;45.66;10.68;763.86;0.00;0.00;0.00
06.12.2020;1:12:38;3.33;45.70;10.66;763.85;0.00;0.00;0.00
06.12.2020;1:13:38;3.35;45.93;10.65;763.84;0.00;0.00;0.00
06.12.2020;1:14:38;3.33;45.89;10.64;763.84;0.00;0.00;0.00
06.12.2020;1:15:38;3.33;46.10;10.64;763.84;0.00;0.00;0.00
06.12.2020;1:16:38;3.33;45.91;10.64;763.84;0.00;0.00;0.00
06.12.2020;1:17:38;3.33;45.92;10.62;763.82;0.00;0.00;0.00
06.12.2020;1:18:38;3.33;45.98;10.61;763.81;0.00;0.00;0.00
06.12.2020;1:19:38;3.33;46.09;10.60;763.81;0.00;0.00;0.00
06.12.2020;1:20:38;3.33;46.17;10.60;763.80;0.00;0.00;0.00
06.12.2020;1:21:38;3.35;46.05;10.59;763.80;0.00;0.00;0.00
06.12.2020;1:22:38;3.33;46.00;10.58;763.79;0.00;0.00;0.00
06.12.2020;1:23:38;3.33;45.78;10.57;763.78;0.00;0.00;0.00
06.12.2020;1:24:38;3.36;45.83;10.57;763.77;0.00;0.00;0.00
06.12.2020;1:25:38;3.33;46.16;10.56;763.77;0.00;0.00;0.00
06.12.2020;1:26:38;3.33;45.89;10.55;763.76;0.00;0.00;0.00
06.12.2020;1:27:38;3.35;45.90;10.53;763.76;0.00;0.00;0.00
06.12.2020;1:28:38;3.33;46.04;10.52;763.76;0.00;0.00;0.00
06.12.2020;1:29:38;3.33;45.99;10.50;763.76;0.00;0.00;0.00
06.12.2020;1:30:38;3.33;45.67;10.49;763.76;0.00;0.00;0.00
06.12.2020;1:31:38;3.33;46.23;10.47;763.76;0.00;0.00;0.00
06.12.2020;1:32:38;3.33;46.16;10.48;763.74;0.00;0.00;0.00
06.12.2020;1:33:38;3.33;45.78;10.47;763.74;0.00;0.00;0.00
06.12.2020;1:34:39;3.33;46.19;10.44;763.75;0.00;0.00;0.00
06.12.2020;1:35:39;3.35;46.09;10.44;763.76;0.00;0.00;0.00
06.12.2020;1:36:39;3.33;46.33;10.44;763.78;0.00;0.00;0.00
06.12.2020;1:37:39;3.33;46.19;10.43;763.78;0.00;0.00;0.00
06.12.2020;1:38:39;3.36;45.83;10.41;763.78;0.00;0.00;0.00
06.12.2020;1:39:39;3.33;45.97;10.39;763.80;0.00;0.00;0.00
06.12.2020;1:40:39;3.33;46.37;10.38;763.81;0.00;0.00;0.00
06.12.2020;1:41:39;3.35;46.48;10.37;763.82;0.00;0.00;0.00
06.12.2020;1:42:39;3.33;46.52;10.37;763.83;0.00;0.00;0.00
06.12.2020;1:43:39;3.33;46.37;10.36;763.82;0.00;0.00;0.00
06.12.2020;1:44:39;3.33;46.52;10.37;763.82;0.00;0.00;0.00
06.12.2020;1:45:39;3.33;46.32;10.37;763.83;0.00;0.00;0.00
06.12.2020;1:46:39;3.33;45.82;10.35;763.83;0.00;0.00;0.00
06.12.2020;1:47:39;3.33;46.33;10.34;763.82;0.00;0.00;0.00
06.12.2020;1:48:39;3.33;46.41;10.33;763.84;0.00;0.00;0.00
06.12.2020;1:49:39;3.35;46.15;10.33;763.84;0.00;0.00;0.00
06.12.2020;1:50:39;3.33;46.44;10.32;763.84;0.00;0.00;0.00
06.12.2020;1:51:39;3.33;46.69;10.32;763.84;0.00;0.00;0.00
06.12.2020;1:52:39;3.36;46.46;10.32;763.84;0.00;0.00;0.00
06.12.2020;1:53:39;3.33;46.09;10.31;763.84;0.00;0.00;0.00
06.12.2020;1:54:39;3.33;46.10;10.30;763.85;0.00;0.00;0.00
06.12.2020;1:55:39;3.35;46.10;10.29;763.85;0.00;0.00;0.00
06.12.2020;1:56:39;3.33;46.34;10.30;763.86;0.00;0.00;0.00
06.12.2020;1:57:39;3.33;46.37;10.30;763.87;0.00;0.00;0.00
06.12.2020;1:58:39;3.33;46.12;10.29;763.87;0.00;0.00;0.00
06.12.2020;1:59:39;3.33;46.52;10.28;763.87;0.00;0.00;0.00
06.12.2020;2:00:39;3.33;46.60;10.28;763.87;0.00;0.00;0.00
06.12.2020;2:01:39;3.33;46.31;10.28;763.87;0.00;0.00;0.00
06.12.2020;2:02:39;3.33;46.14;10.27;763.88;0.00;0.00;0.00
06.12.2020;2:03:39;3.35;46.53;10.25;763.87;0.00;0.00;0.00
06.12.2020;2:04:39;3.33;46.45;10.25;763.89;0.00;0.00;0.00
06.12.2020;2:05:39;3.33;46.16;10.23;763.91;0.00;0.00;0.00
06.12.2020;2:06:39;3.36;46.25;10.21;763.92;0.00;0.00;0.00
06.12.2020;2:07:40;3.33;46.83;10.21;763.92;0.00;0.00;0.00
06.12.2020;2:08:40;3.33;46.59;10.22;763.93;0.00;0.00;0.00
06.12.2020;2:09:40;3.35;46.58;10.22;763.93;0.00;0.00;0.00
06.12.2020;2:10:40;3.33;46.61;10.20;763.93;0.00;0.00;0.00
06.12.2020;2:11:40;3.33;46.34;10.19;763.93;0.00;0.00;0.00
06.12.2020;2:12:40;3.33;46.14;10.18;763.92;0.00;0.00;0.00
06.12.2020;2:13:40;3.33;46.32;10.17;763.94;0.00;0.00;0.00
06.12.2020;2:14:40;3.33;46.59;10.17;763.95;0.00;0.00;0.00
06.12.2020;2:15:40;3.33;46.20;10.17;763.95;0.00;0.00;0.00
06.12.2020;2:16:40;3.33;46.68;10.17;763.96;0.00;0.00;0.00
06.12.2020;2:17:40;3.35;46.41;10.17;763.96;0.00;0.00;0.00
06.12.2020;2:18:40;3.33;45.66;10.15;763.95;0.00;0.00;0.00
06.12.2020;2:19:40;3.33;46.43;10.14;763.95;0.00;0.00;0.00
06.12.2020;2:20:40;3.36;46.57;10.15;763.96;0.00;0.00;0.00
06.12.2020;2:21:40;3.33;46.26;10.14;763.95;0.00;0.00;0.00
06.12.2020;2:22:40;3.33;46.49;10.14;763.94;0.00;0.00;0.00
06.12.2020;2:23:40;3.35;46.57;10.14;763.95;0.00;0.00;0.00
06.12.2020;2:24:40;3.33;46.41;10.15;763.94;0.00;0.00;0.00
06.12.2020;2:25:40;3.33;46.17;10.13;763.93;0.00;0.00;0.00
06.12.2020;2:26:40;3.33;46.16;10.11;763.92;0.00;0.00;0.00
06.12.2020;2:27:40;3.33;46.59;10.12;763.93;0.00;0.00;0.00
06.12.2020;2:28:40;3.33;46.29;10.12;763.92;0.00;0.00;0.00
06.12.2020;2:29:40;3.33;46.40;10.10;763.94;0.00;0.00;0.00
06.12.2020;2:30:40;3.33;45.81;10.09;763.96;0.00;0.00;0.00
06.12.2020;2:31:40;3.35;46.34;10.08;763.96;0.00;0.00;0.00
06.12.2020;2:32:40;3.33;46.08;10.08;763.97;0.00;0.00;0.00
06.12.2020;2:33:40;3.33;46.35;10.06;763.98;0.00;0.00;0.00
06.12.2020;2:34:40;3.36;46.62;10.07;764.00;0.00;0.00;0.00
06.12.2020;2:35:40;3.33;46.19;10.07;764.00;0.00;0.00;0.00
06.12.2020;2:36:40;3.33;46.39;10.06;764.00;0.00;0.00;0.00
06.12.2020;2:37:40;3.35;46.38;10.05;764.00;0.00;0.00;0.00
06.12.2020;2:38:40;3.33;45.95;10.03;764.00;0.00;0.00;0.00
06.12.2020;2:39:40;3.33;46.47;10.03;764.00;0.00;0.00;0.00
06.12.2020;2:40:41;3.33;46.41;10.02;763.99;0.00;0.00;0.00
06.12.2020;2:41:41;3.33;46.56;10.00;763.98;0.00;0.00;0.00
06.12.2020;2:42:41;3.33;46.40;10.00;764.00;0.00;0.00;0.00
06.12.2020;2:43:41;3.33;46.19;10.00;763.99;0.00;0.00;0.00
06.12.2020;2:44:41;3.33;46.63;9.99;764.01;0.00;0.00;0.00
06.12.2020;2:45:41;3.35;46.29;9.99;764.02;0.00;0.00;0.00
06.12.2020;2:46:41;3.33;46.26;9.98;764.03;0.00;0.00;0.00
06.12.2020;2:47:41;3.33;46.35;9.98;764.04;0.00;0.00;0.00
06.12.2020;2:48:41;3.36;46.16;9.96;764.03;0.00;0.00;0.00
06.12.2020;2:49:41;3.33;46.43;9.95;764.01;0.00;0.00;0.00
06.12.2020;2:50:41;3.33;46.45;9.94;764.01;0.00;0.00;0.00
06.12.2020;2:51:41;3.33;46.61;9.93;764.00;0.00;0.00;0.00
06.12.2020;2:52:41;3.33;46.67;9.93;763.99;0.00;0.00;0.00
06.12.2020;2:53:41;3.33;46.49;9.92;763.98;0.00;0.00;0.00
06.12.2020;2:54:41;3.33;46.49;9.92;763.96;0.00;0.00;0.00
06.12.2020;2:55:41;3.33;46.16;9.90;763.96;0.00;0.00;0.00
06.12.2020;2:56:41;3.33;46.68;9.89;763.95;0.00;0.00;0.00
06.12.2020;2:57:41;3.33;46.62;9.88;763.96;0.00;0.00;0.00
06.12.2020;2:58:41;3.33;46.64;9.87;763.94;0.00;0.00;0.00
06.12.2020;2:59:41;3.35;46.58;9.86;763.94;0.00;0.00;0.00
06.12.2020;3:00:41;3.33;46.58;9.85;763.96;0.00;0.00;0.00
06.12.2020;3:01:41;3.33;46.23;9.84;763.97;0.00;0.00;0.00
06.12.2020;3:02:41;3.36;46.04;9.82;763.97;0.00;0.00;0.00
06.12.2020;3:03:41;3.33;46.34;9.81;763.97;0.00;0.00;0.00
06.12.2020;3:04:41;3.33;46.48;9.80;763.95;0.00;0.00;0.00
06.12.2020;3:05:41;3.33;46.76;9.79;763.97;0.00;0.00;0.00
06.12.2020;3:06:41;3.33;46.69;9.79;763.97;0.00;0.00;0.00
06.12.2020;3:07:41;3.33;46.61;9.78;763.95;0.00;0.00;0.00
06.12.2020;3:08:41;3.33;46.59;9.78;763.95;0.00;0.00;0.00
06.12.2020;3:09:41;3.33;46.67;9.77;763.95;0.00;0.00;0.00
06.12.2020;3:10:41;3.33;46.10;9.75;763.97;0.00;0.00;0.00
06.12.2020;3:11:41;3.33;46.46;9.73;763.97;0.00;0.00;0.00
06.12.2020;3:12:41;3.33;46.63;9.73;763.98;0.00;0.00;0.00
06.12.2020;3:13:41;3.35;46.88;9.72;763.99;0.00;0.00;0.00
06.12.2020;3:14:41;3.33;46.53;9.73;763.99;0.00;0.00;0.00
06.12.2020;3:15:42;3.33;46.30;9.71;764.00;0.00;0.00;0.00
06.12.2020;3:16:42;3.36;46.56;9.69;764.01;0.00;0.00;0.00
06.12.2020;3:17:42;3.33;46.75;9.69;764.02;0.00;0.00;0.00
06.12.2020;3:18:42;3.33;46.67;9.68;764.01;0.00;0.00;0.00
06.12.2020;3:19:42;3.33;46.08;9.65;764.02;0.00;0.00;0.00
06.12.2020;3:20:42;3.33;46.57;9.63;764.02;0.00;0.00;0.00
06.12.2020;3:21:42;3.33;46.06;9.62;764.02;0.00;0.00;0.00
06.12.2020;3:22:42;3.33;46.72;9.60;764.01;0.00;0.00;0.00
06.12.2020;3:23:42;3.33;46.79;9.60;764.01;0.00;0.00;0.00
06.12.2020;3:24:42;3.33;46.47;9.59;764.01;0.00;0.00;0.00
06.12.2020;3:25:42;3.33;46.23;9.57;763.99;0.00;0.00;0.00
06.12.2020;3:26:42;3.33;46.79;9.56;763.99;0.00;0.00;0.00
06.12.2020;3:27:42;3.35;46.49;9.55;763.97;0.00;0.00;0.00
06.12.2020;3:28:42;3.33;46.14;9.53;763.98;0.00;0.00;0.00
06.12.2020;3:29:42;3.33;46.68;9.51;763.99;0.00;0.00;0.00
06.12.2020;3:30:42;3.36;46.72;9.51;763.98;0.00;0.00;0.00
06.12.2020;3:31:42;3.33;46.97;9.51;763.99;0.00;0.00;0.00
06.12.2020;3:32:42;3.33;46.44;9.51;764.00;0.00;0.00;0.00
06.12.2020;3:33:42;3.33;47.03;9.49;764.00;0.00;0.00;0.00
06.12.2020;3:34:42;3.33;47.05;9.48;764.00;0.00;0.00;0.00
06.12.2020;3:35:42;3.33;46.55;9.46;763.98;0.00;0.00;0.00
06.12.2020;3:36:42;3.33;46.48;9.46;763.99;0.00;0.00;0.00
06.12.2020;3:37:42;3.33;46.45;9.44;764.00;0.00;0.00;0.00
06.12.2020;3:38:42;3.33;46.64;9.43;764.01;0.00;0.00;0.00
06.12.2020;3:39:42;3.33;46.21;9.41;764.02;0.00;0.00;0.00
06.12.2020;3:40:42;3.33;46.33;9.39;764.02;0.00;0.00;0.00
06.12.2020;3:41:42;3.35;46.67;9.38;764.01;0.00;0.00;0.00
06.12.2020;3:42:42;3.33;47.06;9.38;764.02;0.00;0.00;0.00
06.12.2020;3:43:42;3.33;47.03;9.38;764.03;0.00;0.00;0.00
06.12.2020;3:44:42;3.36;46.78;9.37;764.03;0.00;0.00;0.00
06.12.2020;3:45:42;3.33;46.62;9.35;764.02;0.00;0.00;0.00
06.12.2020;3:46:42;3.33;47.08;9.34;764.02;0.00;0.00;0.00
06.12.2020;3:47:42;3.33;47.17;9.34;764.02;0.00;0.00;0.00
06.12.2020;3:48:42;3.33;46.38;9.33;764.02;0.00;0.00;0.00
06.12.2020;3:49:42;3.33;47.12;9.31;764.02;0.00;0.00;0.00
06.12.2020;3:50:42;3.33;46.81;9.30;764.03;0.00;0.00;0.00
06.12.2020;3:51:43;3.33;46.63;9.29;764.03;0.00;0.00;0.00
06.12.2020;3:52:43;3.33;46.58;9.28;764.04;0.00;0.00;0.00
06.12.2020;3:53:43;3.33;47.05;9.27;764.03;0.00;0.00;0.00
06.12.2020;3:54:43;3.33;46.96;9.26;764.03;0.00;0.00;0.00
06.12.2020;3:55:43;3.35;46.78;9.24;764.03;0.00;0.00;0.00
06.12.2020;3:56:43;3.33;47.34;9.23;764.02;0.00;0.00;0.00
06.12.2020;3:57:43;3.33;47.37;9.24;764.01;0.00;0.00;0.00
06.12.2020;3:58:43;3.36;47.32;9.24;764.02;0.00;0.00;0.00
06.12.2020;3:59:43;3.33;47.36;9.24;764.02;0.00;0.00;0.00
06.12.2020;4:00:43;3.33;47.07;9.23;764.01;0.00;0.00;0.00
06.12.2020;4:01:43;3.33;46.78;9.22;764.00;0.00;0.00;0.00
06.12.2020;4:02:43;3.33;47.19;9.21;764.00;0.00;0.00;0.00
06.12.2020;4:03:43;3.33;46.94;9.20;763.98;0.00;0.00;0.00
06.12.2020;4:04:43;3.33;47.00;9.19;763.98;0.00;0.00;0.00
06.12.2020;4:05:43;3.33;47.13;9.19;763.99;0.00;0.00;0.00
06.12.2020;4:06:43;3.33;46.87;9.18;764.00;0.00;0.00;0.00
06.12.2020;4:07:43;3.33;47.09;9.17;764.00;0.00;0.00;0.00
06.12.2020;4:08:43;3.33;47.36;9.17;764.00;0.00;0.00;0.00
06.12.2020;4:09:43;3.35;47.45;9.18;763.99;0.00;0.00;0.00
06.12.2020;4:10:43;3.33;47.23;9.18;763.98;0.00;0.00;0.00
06.12.2020;4:11:43;3.33;47.00;9.17;763.99;0.00;0.00;0.00
06.12.2020;4:12:43;3.36;47.08;9.17;764.00;0.00;0.00;0.00
06.12.2020;4:13:43;3.33;47.27;9.18;764.00;0.00;0.00;0.00
06.12.2020;4:14:43;3.33;47.36;9.17;764.00;0.00;0.00;0.00
06.12.2020;4:15:43;3.33;47.28;9.17;764.01;0.00;0.00;0.00
06.12.2020;4:16:43;3.33;47.39;9.17;764.01;0.00;0.00;0.00
06.12.2020;4:17:43;3.33;47.08;9.16;764.02;0.00;0.00;0.00
06.12.2020;4:18:43;3.33;47.42;9.15;764.03;0.00;0.00;0.00
06.12.2020;4:19:43;3.33;47.12;9.15;764.03;0.00;0.00;0.00
06.12.2020;4:20:43;3.33;47.08;9.14;764.03;0.00;0.00;0.00
06.12.2020;4:21:43;3.33;47.10;9.14;764.02;0.00;0.00;0.00
06.12.2020;4:22:43;3.33;47.28;9.14;764.03;0.00;0.00;0.00
06.12.2020;4:23:43;3.35;47.34;9.13;764.05;0.00;0.00;0.00
06.12.2020;4:24:43;3.33;47.24;9.13;764.04;0.00;0.00;0.00
06.12.2020;4:25:43;3.33;47.37;9.11;764.05;0.00;0.00;0.00
06.12.2020;4:26:43;3.36;47.37;9.11;764.05;0.00;0.00;0.00
06.12.2020;4:27:44;3.33;47.38;9.11;764.05;0.00;0.00;0.00
06.12.2020;4:28:44;3.33;47.31;9.10;764.04;0.00;0.00;0.00
06.12.2020;4:29:44;3.33;47.26;9.10;764.03;0.00;0.00;0.00
06.12.2020;4:30:44;3.33;47.20;9.09;764.05;0.00;0.00;0.00
06.12.2020;4:31:44;3.33;46.68;9.08;764.05;0.00;0.00;0.00
06.12.2020;4:32:44;3.33;47.36;9.07;764.05;0.00;0.00;0.00
06.12.2020;4:33:44;3.33;47.46;9.06;764.05;0.00;0.00;0.00
06.12.2020;4:34:44;3.33;46.76;9.05;764.04;0.00;0.00;0.00
06.12.2020;4:35:44;3.33;47.02;9.04;764.06;0.00;0.00;0.00
06.12.2020;4:36:44;3.33;46.63;9.02;764.08;0.00;0.00;0.00
06.12.2020;4:37:44;3.35;47.00;9.01;764.08;0.00;0.00;0.00
06.12.2020;4:38:44;3.33;47.10;9.00;764.08;0.00;0.00;0.00
06.12.2020;4:39:44;3.33;47.20;9.00;764.08;0.00;0.00;0.00
06.12.2020;4:40:44;3.36;47.35;9.00;764.08;0.00;0.00;0.00
06.12.2020;4:41:44;3.33;47.31;9.00;764.09;0.00;0.00;0.00
06.12.2020;4:42:44;3.33;46.95;8.99;764.09;0.00;0.00;0.00
06.12.2020;4:43:44;3.33;47.00;8.98;764.10;0.00;0.00;0.00
06.12.2020;4:44:44;3.33;47.05;8.96;764.10;0.00;0.00;0.00
06.12.2020;4:45:44;3.33;47.59;8.96;764.11;0.00;0.00;0.00
06.12.2020;4:46:44;3.33;46.89;8.95;764.10;0.00;0.00;0.00
06.12.2020;4:47:44;3.33;47.57;8.95;764.10;0.00;0.00;0.00
06.12.2020;4:48:44;3.33;47.16;8.94;764.11;0.00;0.00;0.00
06.12.2020;4:49:44;3.33;47.42;8.95;764.10;0.00;0.00;0.00
06.12.2020;4:50:44;3.33;47.24;8.94;764.12;0.00;0.00;0.00
06.12.2020;4:51:44;3.35;46.65;8.93;764.12;0.00;0.00;0.00
06.12.2020;4:52:44;3.33;47.38;8.92;764.11;0.00;0.00;0.00
06.12.2020;4:53:44;3.33;46.97;8.91;764.11;0.00;0.00;0.00
06.12.2020;4:54:44;3.36;47.55;8.91;764.12;0.00;0.00;0.00
06.12.2020;4:55:44;3.33;47.48;8.91;764.15;0.00;0.00;0.00
06.12.2020;4:56:44;3.33;47.17;8.90;764.16;0.00;0.00;0.00
06.12.2020;4:57:44;3.33;47.36;8.90;764.17;0.00;0.00;0.00
06.12.2020;4:58:44;3.33;47.23;8.89;764.17;0.00;0.00;0.00
06.12.2020;4:59:44;3.33;47.36;8.88;764.18;0.00;0.00;0.00
06.12.2020;5:00:44;3.33;47.22;8.88;764.17;0.00;0.00;0.00
06.12.2020;5:01:44;3.33;47.51;8.87;764.17;0.00;0.00;0.00
06.12.2020;5:02:44;3.33;47.62;8.87;764.16;0.00;0.00;0.00
06.12.2020;5:03:45;3.33;47.54;8.87;764.16;0.00;0.00;0.00
06.12.2020;5:04:45;3.33;46.89;8.85;764.15;0.00;0.00;0.00
06.12.2020;5:05:45;3.35;47.34;8.85;764.17;0.00;0.00;0.00
06.12.2020;5:06:45;3.33;47.27;8.84;764.16;0.00;0.00;0.00
06.12.2020;5:07:45;3.33;47.10;8.83;764.17;0.00;0.00;0.00
06.12.2020;5:08:45;3.36;47.11;8.82;764.17;0.00;0.00;0.00
06.12.2020;5:09:45;3.33;46.94;8.81;764.16;0.00;0.00;0.00
06.12.2020;5:10:45;3.33;47.31;8.80;764.16;0.00;0.00;0.00
06.12.2020;5:11:45;3.33;47.47;8.80;764.17;0.00;0.00;0.00
06.12.2020;5:12:45;3.33;47.49;8.80;764.17;0.00;0.00;0.00
06.12.2020;5:13:45;3.33;47.50;8.80;764.16;0.00;0.00;0.00
06.12.2020;5:14:45;3.33;47.43;8.79;764.16;0.00;0.00;0.00
06.12.2020;5:15:45;3.33;47.35;8.78;764.19;0.00;0.00;0.00
06.12.2020;5:16:45;3.33;47.50;8.77;764.20;0.00;0.00;0.00
06.12.2020;5:17:45;3.33;47.25;8.77;764.21;0.00;0.00;0.00
06.12.2020;5:18:45;3.33;47.17;8.78;764.21;0.00;0.00;0.00
06.12.2020;5:19:45;3.35;47.05;8.77;764.22;0.00;0.00;0.00
06.12.2020;5:20:45;3.33;47.32;8.77;764.25;0.00;0.00;0.00
06.12.2020;5:21:45;3.33;47.37;8.78;764.26;0.00;0.00;0.00
06.12.2020;5:22:45;3.36;47.49;8.78;764.26;0.00;0.00;0.00
06.12.2020;5:23:45;3.33;47.36;8.78;764.26;0.00;0.00;0.00
06.12.2020;5:24:45;3.33;47.26;8.78;764.26;0.00;0.00;0.00
06.12.2020;5:25:45;3.33;47.06;8.77;764.28;0.00;0.00;0.00
06.12.2020;5:26:45;3.33;46.92;8.76;764.26;0.00;0.00;0.00
06.12.2020;5:27:45;3.33;47.15;8.75;764.25;0.00;0.00;0.00
06.12.2020;5:28:45;3.33;46.69;8.75;764.25;0.00;0.00;0.00
06.12.2020;5:29:45;3.33;47.41;8.75;764.25;0.00;0.00;0.00
06.12.2020;5:30:45;3.33;47.49;8.76;764.25;0.00;0.00;0.00
06.12.2020;5:31:45;3.33;47.13;8.76;764.26;0.00;0.00;0.00
06.12.2020;5:32:45;3.33;47.10;8.75;764.28;0.00;0.00;0.00
06.12.2020;5:33:45;3.35;47.24;8.75;764.29;0.00;0.00;0.00
06.12.2020;5:34:45;3.33;47.10;8.74;764.30;0.00;0.00;0.00
06.12.2020;5:35:45;3.33;47.45;8.74;764.31;0.00;0.00;0.00
06.12.2020;5:36:45;3.36;46.90;8.74;764.32;0.00;0.00;0.00
06.12.2020;5:37:45;3.33;47.10;8.72;764.34;0.00;0.00;0.00
06.12.2020;5:38:45;3.33;46.82;8.72;764.35;0.00;0.00;0.00
06.12.2020;5:39:45;3.33;47.32;8.71;764.36;0.00;0.00;0.00
06.12.2020;5:40:46;3.33;47.15;8.71;764.36;0.00;0.00;0.00
06.12.2020;5:41:46;3.33;46.97;8.70;764.39;0.00;0.00;0.00
06.12.2020;5:42:46;3.33;47.41;8.70;764.40;0.00;0.00;0.00
06.12.2020;5:43:46;3.33;47.17;8.71;764.39;0.00;0.00;0.00
06.12.2020;5:44:46;3.33;47.45;8.70;764.39;0.00;0.00;0.00
06.12.2020;5:45:46;3.33;47.00;8.70;764.39;0.00;0.00;0.00
06.12.2020;5:46:46;3.33;46.81;8.68;764.40;0.00;0.00;0.00
06.12.2020;5:47:46;3.35;47.24;8.69;764.41;0.00;0.00;0.00
06.12.2020;5:48:46;3.33;47.19;8.69;764.40;0.00;0.00;0.00
06.12.2020;5:49:46;3.33;47.20;8.69;764.40;0.00;0.00;0.00
06.12.2020;5:50:46;3.36;47.26;8.69;764.40;0.00;0.00;0.00
06.12.2020;5:51:46;3.33;47.38;8.69;764.40;0.00;0.00;0.00
06.12.2020;5:52:46;3.33;47.43;8.70;764.39;0.00;0.00;0.00
06.12.2020;5:53:46;3.33;47.11;8.70;764.40;0.00;0.00;0.00
06.12.2020;5:54:46;3.33;46.86;8.69;764.39;0.00;0.00;0.00
06.12.2020;5:55:46;3.33;47.37;8.69;764.40;0.00;0.00;0.00
06.12.2020;5:56:46;3.33;47.09;8.70;764.41;0.00;0.00;0.00
06.12.2020;5:57:46;3.33;46.78;8.69;764.41;0.00;0.00;0.00
06.12.2020;5:58:46;3.33;47.28;8.69;764.42;0.00;0.00;0.00
06.12.2020;5:59:46;3.33;47.30;8.70;764.43;0.00;0.00;0.00
06.12.2020;6:00:46;3.33;46.98;8.69;764.43;0.00;0.00;0.00
06.12.2020;6:01:46;3.35;47.56;8.69;764.45;0.00;0.00;0.00
06.12.2020;6:02:46;3.33;46.96;8.70;764.45;0.00;0.00;0.00
06.12.2020;6:03:46;3.33;47.29;8.69;764.45;0.00;0.00;0.00
06.12.2020;6:04:46;3.36;47.45;8.70;764.46;0.00;0.00;0.00
06.12.2020;6:05:46;3.33;47.19;8.72;764.48;0.00;0.00;0.00
06.12.2020;6:06:46;3.33;47.03;8.74;764.48;0.00;0.00;0.00
06.12.2020;6:07:46;3.33;46.50;8.73;764.48;0.00;0.00;0.00
06.12.2020;6:08:46;3.33;47.38;8.73;764.48;0.00;0.00;0.00
06.12.2020;6:09:46;3.33;47.18;8.74;764.48;0.00;0.00;0.00
06.12.2020;6:10:46;3.33;46.63;8.74;764.48;0.00;0.00;0.00
06.12.2020;6:11:46;3.33;46.83;8.74;764.48;0.00;0.00;0.00
06.12.2020;6:12:46;3.33;47.18;8.75;764.48;0.00;0.00;0.00
06.12.2020;6:13:46;3.33;46.43;8.75;764.50;0.00;0.00;0.00
06.12.2020;6:14:46;3.33;46.68;8.75;764.49;0.00;0.00;0.00
06.12.2020;6:15:46;3.35;46.80;8.75;764.51;0.00;0.00;0.00
06.12.2020;6:16:47;3.33;46.63;8.76;764.52;0.00;0.00;0.00
06.12.2020;6:17:47;3.33;47.00;8.76;764.52;0.00;0.00;0.00
06.12.2020;6:18:47;3.36;46.45;8.77;764.51;0.00;0.00;0.00
06.12.2020;6:19:47;3.33;47.08;8.78;764.53;0.00;0.00;0.00
06.12.2020;6:20:47;3.33;46.81;8.80;764.54;0.00;0.00;0.00
06.12.2020;6:21:47;3.33;47.12;8.82;764.54;0.00;0.00;0.00
06.12.2020;6:22:47;3.33;46.90;8.84;764.54;0.00;0.00;0.00
06.12.2020;6:23:47;3.33;46.68;8.84;764.55;0.00;0.00;0.00
06.12.2020;6:24:47;3.33;47.10;8.86;764.57;0.00;0.00;0.00
06.12.2020;6:25:47;3.33;46.30;8.87;764.55;0.00;0.00;0.00
06.12.2020;6:26:47;3.33;46.62;8.87;764.55;0.00;0.00;0.00
06.12.2020;6:27:47;3.33;46.87;8.88;764.56;0.00;0.00;0.00
06.12.2020;6:28:47;3.33;46.96;8.89;764.55;0.00;0.00;0.00
06.12.2020;6:29:47;3.35;46.64;8.91;764.54;0.00;0.00;0.00
06.12.2020;6:30:47;3.33;46.65;8.93;764.56;0.00;0.00;0.00
06.12.2020;6:31:47;3.33;46.64;8.93;764.57;0.00;0.00;0.00
06.12.2020;6:32:47;3.36;46.15;8.93;764.58;0.00;0.00;0.00
06.12.2020;6:33:47;3.33;46.38;8.94;764.58;0.00;0.00;0.00
06.12.2020;6:34:47;3.33;46.12;8.95;764.58;0.00;0.00;0.00
06.12.2020;6:35:47;3.33;46.42;8.95;764.59;0.00;0.00;0.00
06.12.2020;6:36:47;3.33;46.49;8.96;764.60;0.00;0.00;0.00
06.12.2020;6:37:47;3.33;46.04;8.97;764.59;0.00;0.00;0.00
06.12.2020;6:38:47;3.33;46.07;8.97;764.59;0.00;0.00;0.00
06.12.2020;6:39:47;3.33;46.23;8.97;764.60;0.00;0.00;0.00
06.12.2020;6:40:47;3.33;46.00;8.98;764.59;0.00;0.00;0.00
06.12.2020;6:41:47;3.33;46.14;8.99;764.59;0.00;0.00;0.00
06.12.2020;6:42:47;3.33;45.90;8.99;764.59;0.00;0.00;0.00
06.12.2020;6:43:47;3.35;46.05;8.99;764.60;0.00;0.00;0.00
06.12.2020;6:44:47;3.33;45.63;8.99;764.60;0.00;0.00;0.00
06.12.2020;6:45:47;3.33;46.07;8.98;764.61;0.00;0.00;0.00
06.12.2020;6:46:47;3.36;46.29;8.99;764.61;0.00;0.00;0.00
06.12.2020;6:47:47;3.33;46.03;9.01;764.60;0.00;0.00;0.00
06.12.2020;6:48:47;3.33;45.91;9.01;764.60;0.00;0.00;0.00
06.12.2020;6:49:47;3.33;45.59;9.02;764.60;0.00;0.00;0.00
06.12.2020;6:50:47;3.33;45.38;9.02;764.60;0.00;0.00;0.00
06.12.2020;6:51:47;3.33;45.35;9.01;764.61;0.00;0.00;0.00
06.12.2020;6:52:47;3.33;45.24;9.00;764.60;0.00;0.00;0.00
06.12.2020;6:53:48;3.33;45.93;9.02;764.60;0.00;0.00;0.00
06.12.2020;6:54:48;3.33;45.79;9.03;764.61;0.00;0.00;0.00
06.12.2020;6:55:48;3.33;45.39;9.02;764.62;0.00;0.00;0.00
06.12.2020;6:56:48;3.33;46.27;9.02;764.62;0.00;0.00;0.00
06.12.2020;6:57:48;3.35;45.68;9.03;764.63;0.00;0.00;0.00
06.12.2020;6:58:48;3.33;45.24;9.02;764.62;0.00;0.00;0.00
06.12.2020;6:59:48;3.33;45.80;9.01;764.63;0.00;0.00;0.00
06.12.2020;7:00:48;3.36;45.88;9.03;764.64;0.00;0.00;0.00
06.12.2020;7:01:48;3.33;46.00;9.03;764.64;0.00;0.00;0.00
06.12.2020;7:02:48;3.33;45.00;9.03;764.64;0.00;0.00;0.00
06.12.2020;7:03:48;3.33;45.13;9.01;764.63;0.00;0.00;0.00
06.12.2020;7:04:48;3.33;45.58;9.00;764.64;0.00;0.00;0.00
06.12.2020;7:05:48;3.33;45.83;9.01;764.67;0.00;0.00;0.00
06.12.2020;7:06:48;3.33;45.40;9.00;764.65;0.00;0.00;0.00
06.12.2020;7:07:48;3.33;45.31;8.99;764.64;0.00;0.00;0.00
06.12.2020;7:08:48;3.33;45.50;8.98;764.63;0.00;0.00;0.00
06.12.2020;7:09:48;3.33;45.37;8.98;764.65;0.00;0.00;0.00
06.12.2020;7:10:48;3.33;45.46;8.98;764.66;0.00;0.00;0.00
06.12.2020;7:11:48;3.36;45.57;8.97;764.67;0.00;0.00;0.00
06.12.2020;7:12:48;3.33;45.89;8.98;764.67;0.00;0.00;0.00
06.12.2020;7:13:48;3.80;45.83;8.98;764.68;0.00;0.00;0.00
06.12.2020;7:14:48;4.19;46.19;8.98;764.68;0.00;0.00;0.00
06.12.2020;7:15:48;4.17;45.81;8.99;764.67;0.00;0.00;0.00
06.12.2020;7:16:48;4.17;45.93;8.99;764.68;0.00;0.00;0.00
06.12.2020;7:17:48;4.24;45.36;8.99;764.67;0.00;0.00;0.00
06.12.2020;7:18:48;4.99;45.51;8.98;764.68;0.00;0.00;0.00
06.12.2020;7:19:48;5.00;45.82;8.98;764.69;0.00;0.00;0.00
06.12.2020;7:20:48;5.40;45.62;8.99;764.69;0.00;0.00;0.00
06.12.2020;7:21:48;5.83;45.20;8.99;764.69;0.00;0.00;0.00
06.12.2020;7:22:48;6.40;45.39;8.97;764.68;0.00;0.00;0.00
06.12.2020;7:23:48;6.90;45.32;8.97;764.68;0.00;0.00;0.00
06.12.2020;7:24:48;7.61;44.60;8.95;764.66;0.00;0.00;0.00
06.12.2020;7:25:48;8.46;45.39;8.95;764.67;0.00;0.00;0.00
06.12.2020;7:26:48;9.36;44.45;8.93;764.66;0.00;0.00;0.00
06.12.2020;7:27:48;10.38;45.14;8.93;764.66;0.00;0.00;0.00
06.12.2020;7:28:48;11.58;45.60;8.93;764.66;0.00;0.00;0.00
06.12.2020;7:29:49;12.90;45.17;8.93;764.67;0.01;0.00;0.00
06.12.2020;7:30:49;14.44;45.20;8.93;764.68;0.01;0.00;0.00
06.12.2020;7:31:49;16.15;44.78;8.92;764.69;0.02;0.00;0.00
06.12.2020;7:32:49;18.12;45.05;8.90;764.70;0.03;0.00;0.00
06.12.2020;7:33:49;20.20;44.92;8.89;764.70;0.04;0.00;0.00
06.12.2020;7:34:49;22.58;45.24;8.91;764.69;0.05;0.00;0.00
06.12.2020;7:35:49;25.24;45.22;8.90;764.70;0.06;0.00;0.00
06.12.2020;7:36:49;28.03;45.27;8.90;764.71;0.07;0.00;0.00
06.12.2020;7:37:49;31.22;45.68;8.90;764.71;0.08;0.00;0.00
06.12.2020;7:38:49;34.63;45.47;8.92;764.71;0.09;0.00;0.00
06.12.2020;7:39:49;38.39;45.10;8.91;764.70;0.10;0.00;0.00
06.12.2020;7:40:49;42.40;45.30;8.90;764.71;0.12;0.00;0.00
06.12.2020;7:41:49;46.60;45.70;8.91;764.72;0.13;0.00;0.00
06.12.2020;7:42:49;51.19;45.39;8.92;764.73;0.14;0.00;0.00
06.12.2020;7:43:49;56.26;45.35;8.92;764.71;0.16;0.00;0.00
06.12.2020;7:44:49;61.40;45.30;8.92;764.71;0.17;0.00;0.00
06.12.2020;7:45:49;66.83;45.19;8.92;764.71;0.19;0.00;0.00
06.12.2020;7:46:49;72.57;44.88;8.91;764.72;0.21;0.00;0.00
06.12.2020;7:47:49;78.69;45.03;8.89;764.73;0.22;0.00;0.00
06.12.2020;7:48:49;84.83;45.38;8.90;764.72;0.24;0.00;0.00
06.12.2020;7:49:49;91.48;45.22;8.91;764.72;0.26;0.00;0.00
06.12.2020;7:50:49;98.22;44.90;8.90;764.73;0.28;0.00;0.00
06.12.2020;7:51:49;105.19;45.31;8.90;764.73;0.30;0.00;0.00
06.12.2020;7:52:49;112.70;45.09;8.90;764.74;0.32;0.00;0.00
06.12.2020;7:53:49;120.14;45.42;8.90;764.75;0.33;0.00;0.00
06.12.2020;7:54:49;127.88;44.76;8.88;764.76;0.35;0.00;0.00
06.12.2020;7:55:49;135.62;45.29;8.87;764.77;0.37;0.00;0.00
06.12.2020;7:56:49;143.54;45.59;8.88;764.78;0.39;0.00;0.00
06.12.2020;7:57:49;151.78;45.58;8.88;764.79;0.41;0.00;0.00
06.12.2020;7:58:49;160.08;45.54;8.87;764.81;0.43;0.01;0.00
06.12.2020;7:59:49;168.76;45.25;8.88;764.82;0.45;0.06;0.03
06.12.2020;8:00:49;177.27;45.20;8.88;764.83;0.47;0.09;0.04
06.12.2020;8:01:49;185.96;45.49;8.89;764.82;0.49;0.13;0.06
06.12.2020;8:02:50;194.68;45.30;8.89;764.83;0.51;0.15;0.08
06.12.2020;8:03:50;203.74;45.16;8.89;764.84;0.52;0.20;0.10
06.12.2020;8:04:50;212.68;45.25;8.90;764.86;0.54;0.23;0.12
06.12.2020;8:05:50;221.64;45.06;8.91;764.87;0.56;0.26;0.15
06.12.2020;8:06:50;230.75;45.20;8.91;764.87;0.58;0.30;0.17
06.12.2020;8:07:50;239.74;45.09;8.92;764.85;0.60;0.31;0.19
06.12.2020;8:08:50;248.29;45.37;8.92;764.84;0.62;0.35;0.22
06.12.2020;8:09:50;257.69;45.37;8.93;764.86;0.64;0.38;0.24
06.12.2020;8:10:50;266.68;45.61;8.93;764.87;0.65;0.40;0.26
06.12.2020;8:11:50;275.54;44.90;8.94;764.88;0.67;0.41;0.28
06.12.2020;8:12:50;284.27;45.10;8.94;764.88;0.69;0.45;0.31
06.12.2020;8:13:50;293.22;45.38;8.94;764.87;0.71;0.49;0.35
06.12.2020;8:14:50;302.29;44.63;8.94;764.87;0.72;0.51;0.37
06.12.2020;8:15:50;310.93;44.66;8.94;764.88;0.74;0.53;0.39
06.12.2020;8:16:50;319.68;44.78;8.93;764.90;0.75;0.57;0.43
06.12.2020;8:17:50;327.98;44.89;8.93;764.89;0.77;0.59;0.46
06.12.2020;8:18:50;336.32;44.45;8.92;764.89;0.79;0.61;0.48
06.12.2020;8:19:50;344.65;44.97;8.94;764.87;0.80;0.64;0.52
06.12.2020;8:20:50;353.18;44.46;8.94;764.86;0.82;0.67;0.55
06.12.2020;8:21:50;361.17;44.45;8.94;764.85;0.83;0.69;0.58
06.12.2020;8:22:50;369.39;44.50;8.93;764.87;0.85;0.71;0.60
06.12.2020;8:23:50;377.18;44.20;8.92;764.88;0.86;0.75;0.65
06.12.2020;8:24:50;385.27;44.22;8.91;764.89;0.88;0.78;0.69
06.12.2020;8:25:50;393.04;44.38;8.92;764.88;0.90;0.79;0.71
06.12.2020;8:26:50;400.42;44.30;8.91;764.89;0.91;0.81;0.74
06.12.2020;8:27:50;408.23;44.60;8.91;764.90;0.93;0.83;0.77
06.12.2020;8:28:50;416.01;44.76;8.92;764.90;0.94;0.86;0.81
06.12.2020;8:29:50;423.53;44.51;8.93;764.91;0.95;0.90;0.86
06.12.2020;8:30:50;431.17;44.34;8.94;764.93;0.97;0.91;0.88
06.12.2020;8:31:50;438.32;43.76;8.93;764.96;0.98;0.93;0.92
06.12.2020;8:32:50;445.72;44.80;8.93;764.97;1.00;0.96;0.96
06.12.2020;8:33:51;452.35;45.17;8.96;764.96;1.01;0.98;0.99
06.12.2020;8:34:51;459.21;44.76;8.96;764.97;1.02;0.99;1.02
06.12.2020;8:35:51;466.18;45.34;8.98;764.97;1.03;1.00;1.04
06.12.2020;8:36:51;473.12;44.75;9.00;764.95;1.05;1.05;1.10
06.12.2020;8:37:51;479.38;44.73;9.00;764.94;1.06;1.08;1.15
06.12.2020;8:38:51;486.14;44.74;9.01;764.94;1.07;1.09;1.17
06.12.2020;8:39:51;492.85;44.23;9.01;764.93;1.08;1.10;1.19
06.12.2020;8:40:51;499.39;44.85;9.01;764.93;1.10;1.11;1.22
06.12.2020;8:41:51;505.25;44.73;9.03;764.94;1.11;1.16;1.29
06.12.2020;8:42:51;512.17;44.65;9.03;764.93;1.12;1.19;1.33
06.12.2020;8:43:51;518.24;45.15;9.06;764.94;1.14;1.20;1.36
06.12.2020;8:44:51;524.32;44.54;9.08;764.95;1.15;1.20;1.38
06.12.2020;8:45:51;530.86;44.34;9.09;764.95;1.16;1.23;1.43
06.12.2020;8:46:51;537.06;44.22;9.09;764.95;1.17;1.25;1.47
06.12.2020;8:47:51;543.03;44.80;9.11;764.95;1.18;1.27;1.51
06.12.2020;8:48:51;549.35;44.09;9.13;764.94;1.20;1.29;1.55
06.12.2020;8:49:51;554.61;44.33;9.13;764.94;1.21;1.31;1.58
06.12.2020;8:50:51;560.31;44.49;9.14;764.93;1.22;1.32;1.61
06.12.2020;8:51:51;566.33;44.46;9.16;764.92;1.23;1.36;1.68
06.12.2020;8:52:51;571.67;44.17;9.17;764.90;1.24;1.38;1.72
06.12.2020;8:53:51;576.51;44.40;9.18;764.90;1.25;1.39;1.74
06.12.2020;8:54:51;582.36;43.95;9.20;764.91;1.27;1.41;1.78
06.12.2020;8:55:51;588.58;43.57;9.19;764.91;1.28;1.41;1.80
06.12.2020;8:56:51;592.43;44.23;9.19;764.91;1.29;1.44;1.85
06.12.2020;8:57:51;597.39;44.79;9.23;764.91;1.30;1.47;1.91
06.12.2020;8:58:51;602.84;44.49;9.27;764.92;1.31;1.49;1.96
06.12.2020;8:59:51;607.64;44.20;9.28;764.92;1.32;1.50;1.98
06.12.2020;9:00:51;612.37;44.54;9.29;764.92;1.33;1.52;2.02
06.12.2020;9:01:51;617.37;44.19;9.31;764.91;1.34;1.53;2.06
06.12.2020;9:02:51;623.13;43.07;9.32;764.90;1.35;1.57;2.13
06.12.2020;9:03:51;627.44;43.90;9.32;764.91;1.37;1.59;2.17
06.12.2020;9:04:52;630.63;43.75;9.33;764.91;1.37;1.60;2.20
06.12.2020;9:05:52;636.12;44.14;9.34;764.89;1.39;1.60;2.22
06.12.2020;9:06:52;640.44;44.49;9.37;764.90;1.40;1.61;2.24
06.12.2020;9:07:52;645.17;43.38;9.38;764.89;1.41;1.62;2.29
06.12.2020;9:08:52;649.38;44.11;9.38;764.88;1.42;1.66;2.36
06.12.2020;9:09:52;654.35;43.57;9.39;764.87;1.43;1.68;2.40
06.12.2020;9:10:52;658.50;43.59;9.40;764.86;1.44;1.70;2.44
06.12.2020;9:11:52;662.11;43.71;9.40;764.86;1.45;1.70;2.46
06.12.2020;9:12:52;666.57;43.84;9.41;764.87;1.45;1.71;2.49
06.12.2020;9:13:52;670.88;43.61;9.42;764.86;1.46;1.73;2.53
06.12.2020;9:14:52;674.58;43.34;9.43;764.84;1.47;1.75;2.57
06.12.2020;9:15:52;678.77;42.47;9.42;764.84;1.48;1.77;2.62
06.12.2020;9:16:52;682.10;42.42;9.41;764.86;1.49;1.79;2.66
06.12.2020;9:17:52;686.19;43.36;9.42;764.86;1.50;1.79;2.68
06.12.2020;9:18:52;689.79;42.68;9.42;764.87;1.50;1.80;2.71
06.12.2020;9:19:52;694.03;42.53;9.42;764.88;1.51;1.81;2.73
06.12.2020;9:20:52;697.64;43.16;9.41;764.88;1.52;1.83;2.78
06.12.2020;9:21:52;699.86;44.17;9.45;764.88;1.53;1.86;2.84
06.12.2020;9:22:52;704.92;43.19;9.47;764.89;1.54;1.86;2.86
06.12.2020;9:23:52;708.40;42.92;9.47;764.89;1.55;1.89;2.93
06.12.2020;9:24:52;712.33;42.70;9.47;764.88;1.56;1.90;2.96
06.12.2020;9:25:52;715.06;42.23;9.45;764.89;1.57;1.91;2.99
06.12.2020;9:26:52;718.17;42.31;9.44;764.90;1.58;1.91;3.01
06.12.2020;9:27:52;723.63;42.63;9.44;764.92;1.59;1.95;3.09
06.12.2020;9:28:52;726.08;43.03;9.46;764.91;1.60;1.98;3.16
06.12.2020;9:29:52;729.38;43.23;9.49;764.91;1.61;1.98;3.19
06.12.2020;9:30:52;732.31;43.30;9.52;764.93;1.61;1.99;3.22
06.12.2020;9:31:52;736.17;41.90;9.51;764.93;1.62;2.00;3.24
06.12.2020;9:32:52;738.76;42.86;9.50;764.93;1.63;2.01;3.27
06.12.2020;9:33:52;743.71;42.60;9.52;764.93;1.64;2.03;3.34
06.12.2020;9:34:52;744.59;42.45;9.52;764.94;1.65;2.04;3.35
06.12.2020;9:35:52;748.13;42.77;9.52;764.96;1.65;2.06;3.41
06.12.2020;9:36:53;750.37;42.13;9.53;764.97;1.66;2.07;3.45
06.12.2020;9:37:53;753.81;42.22;9.52;765.00;1.67;2.09;3.49
06.12.2020;9:38:53;755.96;42.52;9.53;765.02;1.68;2.10;3.52
06.12.2020;9:39:53;757.80;43.19;9.55;765.02;1.69;2.10;3.54
06.12.2020;9:40:53;761.94;43.61;9.60;765.02;1.70;2.11;3.57
06.12.2020;9:41:53;765.34;42.44;9.62;765.02;1.70;2.13;3.63
06.12.2020;9:42:53;767.96;42.70;9.61;765.03;1.71;2.14;3.67
06.12.2020;9:43:53;770.15;42.51;9.62;765.04;1.72;2.15;3.70
06.12.2020;9:44:53;772.56;43.27;9.65;765.05;1.73;2.16;3.73
06.12.2020;9:45:53;775.32;43.11;9.67;765.06;1.73;2.17;3.77
06.12.2020;9:46:53;778.69;42.45;9.69;765.07;1.74;2.19;3.82
06.12.2020;9:47:53;781.79;42.86;9.70;765.06;1.75;2.20;3.85
06.12.2020;9:48:53;784.41;42.73;9.71;765.05;1.76;2.21;3.88
06.12.2020;9:49:53;785.68;41.70;9.70;765.05;1.76;2.20;3.89
06.12.2020;9:50:53;789.35;41.51;9.68;765.05;1.77;2.21;3.92
06.12.2020;9:51:53;792.73;41.58;9.67;765.06;1.78;2.22;3.96
06.12.2020;9:52:53;795.56;42.30;9.67;765.06;1.79;2.23;3.99
06.12.2020;9:53:53;797.67;42.19;9.68;765.06;1.80;2.23;4.01
06.12.2020;9:54:53;801.14;42.57;9.69;765.06;1.81;2.23;4.02
06.12.2020;9:55:53;802.46;42.55;9.72;765.07;1.81;2.24;4.06
06.12.2020;9:56:53;804.45;42.10;9.72;765.07;1.82;2.24;4.08
06.12.2020;9:57:53;807.96;42.48;9.72;765.07;1.83;2.26;4.12
06.12.2020;9:58:53;810.03;42.72;9.74;765.08;1.83;2.26;4.14
06.12.2020;9:59:53;812.31;41.73;9.73;765.06;1.84;2.27;4.17
06.12.2020;10:00:53;815.06;41.95;9.73;765.05;1.85;2.27;4.20
06.12.2020;10:01:53;817.83;41.68;9.73;765.04;1.86;2.28;4.24
06.12.2020;10:02:53;819.89;42.20;9.73;765.04;1.86;2.29;4.26
06.12.2020;10:03:53;822.02;42.53;9.74;765.03;1.87;2.30;4.31
06.12.2020;10:04:53;823.68;42.69;9.77;765.04;1.88;2.31;4.32
06.12.2020;10:05:53;826.27;42.33;9.80;765.05;1.88;2.31;4.35
06.12.2020;10:06:53;828.47;41.90;9.80;765.05;1.89;2.32;4.39
06.12.2020;10:07:54;831.54;41.43;9.79;765.04;1.90;2.31;4.38
06.12.2020;10:08:54;832.23;41.17;9.76;765.03;1.90;2.33;4.42
06.12.2020;10:09:54;834.83;41.80;9.76;765.03;1.91;2.35;4.48
06.12.2020;10:10:54;836.53;41.62;9.76;765.04;1.91;2.38;4.55
06.12.2020;10:11:54;839.32;41.92;9.77;765.04;1.92;2.40;4.61
06.12.2020;10:12:54;842.47;42.33;9.79;765.05;1.93;2.41;4.65
06.12.2020;10:13:54;844.97;42.46;9.83;765.04;1.94;2.41;4.68
06.12.2020;10:14:54;847.90;41.87;9.83;765.05;1.95;2.44;4.76
06.12.2020;10:15:54;849.92;41.82;9.82;765.06;1.96;2.47;4.84
06.12.2020;10:17:54;852.28;41.48;9.84;765.06;1.97;2.48;4.89
06.12.2020;10:18:54;853.60;40.83;9.83;765.05;1.97;2.49;4.92
06.12.2020;10:19:54;856.00;41.71;9.83;765.06;1.98;2.50;4.95
06.12.2020;10:20:55;857.00;41.28;9.85;765.05;1.99;2.51;4.99
06.12.2020;10:21:55;859.17;42.10;9.87;765.05;1.99;2.53;5.04
06.12.2020;10:22:55;862.40;41.72;9.89;765.05;2.00;2.55;5.11
06.12.2020;10:23:55;864.05;41.66;9.90;765.06;2.01;2.55;5.12
06.12.2020;10:24:55;864.61;42.08;9.91;765.07;2.01;2.57;5.16
06.12.2020;10:25:55;866.54;41.20;9.90;765.07;2.02;2.58;5.20
06.12.2020;10:26:55;868.29;41.67;9.89;765.08;2.02;2.59;5.24
06.12.2020;10:27:55;870.51;42.31;9.91;765.08;2.03;2.60;5.27
06.12.2020;10:28:55;872.53;42.32;9.93;765.10;2.04;2.61;5.32
06.12.2020;10:29:55;874.97;42.05;9.94;765.11;2.04;2.62;5.36
06.12.2020;10:30:55;876.60;41.93;9.96;765.09;2.05;2.65;5.45
06.12.2020;10:31:55;878.26;42.23;9.98;765.08;2.06;2.66;5.47
06.12.2020;10:32:55;880.61;42.12;10.00;765.07;2.06;2.67;5.51
06.12.2020;10:33:55;881.55;42.05;10.02;765.06;2.07;2.68;5.53
06.12.2020;10:34:55;883.72;41.82;10.03;765.06;2.07;2.70;5.60
06.12.2020;10:35:55;884.55;41.03;10.03;765.05;2.08;2.69;5.59
06.12.2020;10:36:55;884.65;41.02;10.01;765.03;2.08;2.70;5.61
06.12.2020;10:37:55;886.67;41.59;10.02;765.04;2.08;2.71;5.64
06.12.2020;10:38:55;888.19;41.60;10.03;765.03;2.09;2.71;5.67
06.12.2020;10:39:55;888.72;41.45;10.04;765.03;2.09;2.71;5.67
06.12.2020;10:40:55;890.11;41.73;10.04;765.02;2.10;2.73;5.73
06.12.2020;10:41:55;891.64;41.87;10.06;765.01;2.10;2.73;5.75
06.12.2020;10:42:55;892.92;41.08;10.07;765.01;2.11;2.76;5.82
06.12.2020;10:43:55;894.25;41.46;10.06;765.00;2.11;2.77;5.85
06.12.2020;10:44:55;895.75;41.64;10.06;765.00;2.12;2.77;5.87
06.12.2020;10:45:55;896.16;41.68;10.08;764.99;2.12;2.78;5.90
06.12.2020;10:46:55;895.18;41.74;10.09;764.99;2.12;2.79;5.91
06.12.2020;10:47:55;898.26;41.57;10.11;764.99;2.13;2.79;5.94
06.12.2020;10:48:55;899.64;41.38;10.12;765.01;2.13;2.81;5.99
06.12.2020;10:49:55;899.94;41.64;10.12;764.97;2.14;2.80;5.99
06.12.2020;10:50:56;901.17;41.32;10.12;764.97;2.14;2.82;6.04
06.12.2020;10:51:56;902.81;40.71;10.11;764.96;2.15;2.81;6.03
06.12.2020;10:52:56;904.18;41.09;10.10;764.95;2.15;2.82;6.06
06.12.2020;10:53:56;905.71;41.24;10.12;764.93;2.16;2.84;6.12
06.12.2020;10:54:56;906.61;40.52;10.11;764.92;2.16;2.85;6.16
06.12.2020;10:55:56;907.49;40.72;10.10;764.93;2.16;2.85;6.16
06.12.2020;10:56:56;909.14;40.95;10.10;764.93;2.17;2.87;6.22
06.12.2020;10:57:56;909.84;40.76;10.11;764.92;2.17;2.89;6.27
06.12.2020;10:58:56;911.04;40.30;10.10;764.92;2.18;2.88;6.27
06.12.2020;10:59:56;913.02;40.55;10.09;764.93;2.18;2.90;6.32
06.12.2020;11:00:56;914.33;40.46;10.09;764.92;2.18;2.89;6.32
06.12.2020;11:01:56;915.50;40.28;10.09;764.91;2.19;2.90;6.35
06.12.2020;11:02:56;916.19;40.75;10.09;764.91;2.19;2.91;6.36
06.12.2020;11:03:56;916.14;41.26;10.12;764.92;2.19;2.91;6.38
06.12.2020;11:04:56;916.00;41.52;10.14;764.93;2.19;2.91;6.38
06.12.2020;11:05:56;917.01;41.03;10.15;764.92;2.20;2.91;6.40
06.12.2020;11:06:56;918.24;40.76;10.15;764.92;2.20;2.91;6.40
06.12.2020;11:07:56;919.08;40.92;10.15;764.92;2.21;2.92;6.44
06.12.2020;11:08:56;919.51;41.59;10.17;764.93;2.21;2.92;6.46
06.12.2020;11:09:56;920.56;40.80;10.20;764.94;2.21;2.92;6.47
06.12.2020;11:10:56;922.24;41.31;10.20;764.95;2.22;2.95;6.55
06.12.2020;11:11:56;923.57;40.97;10.21;764.96;2.22;2.96;6.58
06.12.2020;11:12:56;924.64;40.20;10.20;764.95;2.22;2.97;6.60
06.12.2020;11:13:56;925.22;41.01;10.21;764.95;2.23;2.97;6.61
06.12.2020;11:14:56;925.96;40.60;10.22;764.94;2.23;2.98;6.65
06.12.2020;11:15:56;925.76;41.14;10.23;764.94;2.23;2.99;6.67
06.12.2020;11:16:56;927.46;40.95;10.23;764.93;2.23;2.98;6.66
06.12.2020;11:17:56;927.88;40.82;10.24;764.92;2.24;3.00;6.70
06.12.2020;11:18:57;928.06;40.76;10.26;764.92;2.24;3.00;6.73
06.12.2020;11:19:57;929.79;40.61;10.25;764.91;2.25;2.99;6.72
06.12.2020;11:20:57;931.04;40.49;10.26;764.92;2.25;3.01;6.77
06.12.2020;11:21:57;932.50;40.21;10.25;764.92;2.26;3.00;6.78
06.12.2020;11:22:57;932.04;40.89;10.25;764.91;2.26;3.01;6.79
06.12.2020;11:23:57;932.39;40.39;10.26;764.91;2.26;3.01;6.79
06.12.2020;11:24:57;933.52;39.99;10.25;764.92;2.26;3.01;6.80
06.12.2020;11:25:57;937.01;39.75;10.22;764.91;2.27;3.04;6.90
06.12.2020;11:26:57;937.64;39.88;10.22;764.92;2.27;3.05;6.93
06.12.2020;11:27:57;936.25;39.72;10.21;764.91;2.27;3.06;6.94
06.12.2020;11:28:57;937.88;39.64;10.20;764.92;2.28;3.04;6.93
06.12.2020;11:29:57;939.12;40.34;10.21;764.90;2.28;3.07;7.00
06.12.2020;11:30:57;939.83;41.00;10.24;764.88;2.29;3.07;7.02
06.12.2020;11:31:57;938.55;40.56;10.27;764.88;2.28;3.07;7.00
06.12.2020;11:32:57;939.11;40.18;10.27;764.87;2.29;3.08;7.05
06.12.2020;11:33:57;939.96;40.37;10.27;764.86;2.29;3.08;7.05
06.12.2020;11:34:57;940.08;40.32;10.29;764.87;2.29;3.08;7.06
06.12.2020;11:35:57;940.07;40.13;10.29;764.86;2.29;3.08;7.07
06.12.2020;11:36:57;940.55;40.35;10.29;764.85;2.30;3.08;7.08
06.12.2020;11:37:57;940.58;40.46;10.31;764.85;2.30;3.09;7.10
06.12.2020;11:38:57;941.47;39.00;10.30;764.87;2.30;3.09;7.12
06.12.2020;11:39:57;941.71;39.99;10.29;764.89;2.30;3.10;7.12
06.12.2020;11:40:57;942.62;39.78;10.30;764.87;2.31;3.10;7.15
06.12.2020;11:41:57;945.25;40.47;10.31;764.89;2.31;3.10;7.18
06.12.2020;11:42:57;943.87;39.45;10.32;764.87;2.31;3.10;7.17
06.12.2020;11:43:57;942.19;39.06;10.30;764.88;2.31;3.10;7.15
06.12.2020;11:44:57;944.10;39.35;10.30;764.89;2.31;3.10;7.16
06.12.2020;11:45:57;943.07;39.17;10.29;764.90;2.31;3.09;7.14
06.12.2020;11:46:58;942.76;38.99;10.28;764.91;2.31;3.10;7.16
06.12.2020;11:47:58;943.67;40.11;10.28;764.92;2.31;3.11;7.19
06.12.2020;11:48:58;943.28;39.90;10.31;764.90;2.31;3.10;7.18
06.12.2020;11:49:58;944.32;39.06;10.30;764.88;2.32;3.11;7.21
06.12.2020;11:50:58;944.24;39.52;10.30;764.87;2.32;3.11;7.21
06.12.2020;11:51:58;942.74;39.08;10.29;764.84;2.31;3.11;7.19
06.12.2020;11:52:58;943.42;39.19;10.29;764.84;2.32;3.11;7.20
06.12.2020;11:53:58;943.16;39.18;10.29;764.82;2.32;3.12;7.22
06.12.2020;11:54:58;945.94;40.08;10.30;764.81;2.32;3.11;7.22
06.12.2020;11:55:58;945.88;39.27;10.31;764.78;2.32;3.12;7.26
06.12.2020;11:56:58;945.58;39.92;10.33;764.78;2.32;3.12;7.23
06.12.2020;11:57:58;945.89;40.20;10.36;764.80;2.32;3.12;7.24
06.12.2020;11:58:58;945.30;39.59;10.37;764.81;2.32;3.12;7.23
06.12.2020;11:59:58;946.04;38.36;10.34;764.79;2.32;3.12;7.25
06.12.2020;12:00:58;946.30;39.05;10.32;764.79;2.32;3.12;7.25
06.12.2020;12:01:58;945.89;39.78;10.33;764.79;2.33;3.12;7.26
06.12.2020;12:02:58;944.93;39.71;10.34;764.79;2.32;3.13;7.26
06.12.2020;12:03:58;942.83;39.85;10.35;764.78;2.32;3.11;7.20
06.12.2020;12:04:58;942.19;40.46;10.38;764.79;2.32;3.11;7.21
06.12.2020;12:05:58;941.58;40.06;10.41;764.81;2.32;3.11;7.21
06.12.2020;12:06:58;941.68;39.89;10.43;764.79;2.32;3.11;7.20
06.12.2020;12:07:58;940.34;39.36;10.43;764.77;2.31;3.11;7.19
06.12.2020;12:08:58;941.43;38.86;10.42;764.76;2.32;3.11;7.21
06.12.2020;12:09:58;940.92;39.41;10.42;764.76;2.31;3.10;7.17
06.12.2020;12:10:58;940.04;39.28;10.43;764.75;2.31;3.10;7.17
06.12.2020;12:11:58;940.24;39.34;10.43;764.74;2.31;3.10;7.18
06.12.2020;12:12:58;938.98;39.76;10.45;764.71;2.31;3.11;7.20
06.12.2020;12:13:58;938.60;39.80;10.48;764.70;2.31;3.10;7.17
06.12.2020;12:14:59;937.04;39.32;10.49;764.68;2.31;3.10;7.15
06.12.2020;12:15:59;936.31;38.92;10.48;764.68;2.31;3.10;7.14
06.12.2020;12:16:59;935.28;38.75;10.47;764.67;2.30;3.10;7.13
06.12.2020;12:17:59;935.55;39.35;10.49;764.67;2.30;3.09;7.13
06.12.2020;12:18:59;935.22;39.41;10.50;764.67;2.30;3.10;7.13
06.12.2020;12:19:59;933.09;39.28;10.52;764.66;2.30;3.09;7.11
06.12.2020;12:20:59;931.28;39.35;10.52;764.66;2.29;3.10;7.10
06.12.2020;12:21:59;931.96;39.99;10.54;764.68;2.30;3.09;7.09
06.12.2020;12:22:59;930.57;38.98;10.55;764.67;2.29;3.09;7.08
06.12.2020;12:23:59;930.61;39.63;10.56;764.66;2.29;3.09;7.08
06.12.2020;12:24:59;929.49;39.64;10.57;764.65;2.29;3.08;7.07
06.12.2020;12:25:59;929.58;39.27;10.58;764.65;2.29;3.09;7.07
06.12.2020;12:26:59;929.06;39.38;10.59;764.64;2.29;3.07;7.02
06.12.2020;12:27:59;929.07;39.55;10.60;764.63;2.29;3.07;7.03
06.12.2020;12:28:59;928.03;38.64;10.61;764.62;2.29;3.07;7.02
06.12.2020;12:29:59;927.06;39.18;10.59;764.63;2.29;3.07;7.02
06.12.2020;12:30:59;926.22;38.77;10.58;764.63;2.28;3.06;6.99
06.12.2020;12:31:59;926.06;38.62;10.58;764.63;2.28;3.07;7.00
06.12.2020;12:32:59;925.61;39.31;10.59;764.64;2.28;3.06;6.99
06.12.2020;12:33:59;925.24;39.46;10.61;764.64;2.28;3.06;6.98
06.12.2020;12:34:59;925.11;39.27;10.63;764.62;2.28;3.06;6.99
06.12.2020;12:35:59;925.38;38.47;10.62;764.62;2.28;3.06;7.00
06.12.2020;12:36:59;924.35;38.76;10.61;764.63;2.28;3.06;6.99
06.12.2020;12:37:59;922.14;38.04;10.60;764.62;2.28;3.05;6.95
06.12.2020;12:38:59;920.67;39.32;10.61;764.62;2.28;3.03;6.90
06.12.2020;12:39:59;920.48;38.69;10.62;764.62;2.28;3.05;6.94
06.12.2020;12:40:59;920.44;39.07;10.63;764.62;2.28;3.05;6.93
06.12.2020;12:41:59;919.52;39.06;10.64;764.61;2.27;3.04;6.90
06.12.2020;12:42:59;917.42;39.07;10.65;764.59;2.27;3.03;6.88
06.12.2020;12:44:00;917.44;37.84;10.64;764.59;2.27;3.05;6.92
06.12.2020;12:45:00;917.01;37.78;10.62;764.58;2.27;3.04;6.90
06.12.2020;12:46:00;915.72;38.75;10.61;764.59;2.27;3.02;6.85
06.12.2020;12:47:00;914.08;38.23;10.63;764.56;2.26;3.03;6.85
06.12.2020;12:48:00;914.22;39.58;10.65;764.56;2.26;3.02;6.84
06.12.2020;12:49:00;914.44;38.84;10.67;764.55;2.26;3.03;6.85
06.12.2020;12:50:00;913.47;38.86;10.68;764.55;2.26;3.03;6.85
06.12.2020;12:51:00;912.50;38.54;10.69;764.56;2.26;3.01;6.82
06.12.2020;12:52:00;909.92;37.93;10.67;764.55;2.25;3.01;6.78
06.12.2020;12:53:00;909.35;38.87;10.67;764.54;2.25;3.01;6.77
06.12.2020;12:54:00;907.81;38.33;10.68;764.53;2.25;3.01;6.76
06.12.2020;12:55:00;908.24;38.51;10.67;764.53;2.25;3.00;6.75
06.12.2020;12:56:00;906.99;38.12;10.67;764.51;2.25;3.00;6.74
06.12.2020;12:57:00;904.27;38.17;10.66;764.52;2.24;2.99;6.72
06.12.2020;12:58:00;903.65;38.26;10.65;764.53;2.24;2.99;6.71
06.12.2020;12:59:00;902.64;38.35;10.64;764.54;2.24;2.99;6.70
06.12.2020;13:00:00;903.39;38.44;10.64;764.54;2.24;3.00;6.72
06.12.2020;13:01:00;902.78;38.22;10.64;764.53;2.24;3.00;6.72
06.12.2020;13:02:00;902.78;39.08;10.65;764.53;2.24;2.99;6.72
06.12.2020;13:03:00;900.65;38.07;10.67;764.52;2.24;2.99;6.70
06.12.2020;13:04:00;899.56;38.14;10.66;764.53;2.23;2.99;6.68
06.12.2020;13:05:00;897.68;38.31;10.65;764.50;2.23;2.98;6.64
06.12.2020;13:06:00;895.60;38.42;10.67;764.52;2.23;2.97;6.61
06.12.2020;13:07:00;894.34;38.08;10.67;764.53;2.22;2.97;6.61
06.12.2020;13:08:00;892.46;37.68;10.64;764.51;2.22;2.95;6.55
06.12.2020;13:09:00;890.62;37.67;10.62;764.50;2.22;2.95;6.54
06.12.2020;13:10:00;888.56;37.71;10.60;764.49;2.21;2.94;6.50
06.12.2020;13:11:00;888.16;38.17;10.61;764.49;2.21;2.93;6.46
06.12.2020;13:12:01;886.99;38.35;10.62;764.49;2.21;2.94;6.48
06.12.2020;13:13:01;885.29;37.40;10.62;764.49;2.20;2.92;6.43
06.12.2020;13:14:01;884.66;37.81;10.59;764.49;2.20;2.91;6.41
06.12.2020;13:15:01;883.57;38.70;10.60;764.50;2.20;2.91;6.39
06.12.2020;13:16:01;882.06;37.58;10.61;764.50;2.19;2.90;6.37
06.12.2020;13:17:01;879.68;38.47;10.60;764.50;2.19;2.90;6.36
06.12.2020;13:18:01;878.82;38.21;10.62;764.49;2.19;2.90;6.34
06.12.2020;13:19:01;877.05;38.22;10.62;764.48;2.18;2.90;6.34
06.12.2020;13:20:01;876.33;38.38;10.62;764.47;2.18;2.90;6.33
06.12.2020;13:21:01;874.87;38.69;10.63;764.46;2.18;2.89;6.30
06.12.2020;13:22:01;872.60;39.05;10.66;764.46;2.17;2.89;6.28
06.12.2020;13:23:01;870.92;38.91;10.68;764.46;2.17;2.89;6.27
06.12.2020;13:24:01;868.64;38.71;10.68;764.45;2.17;2.87;6.23
06.12.2020;13:25:01;867.47;38.32;10.67;764.43;2.16;2.87;6.21
06.12.2020;13:26:01;864.68;39.32;10.68;764.43;2.16;2.85;6.14
06.12.2020;13:27:01;862.47;39.11;10.69;764.43;2.15;2.84;6.10
06.12.2020;13:28:01;859.56;38.61;10.70;764.42;2.14;2.82;6.05
06.12.2020;13:29:01;857.61;39.37;10.71;764.40;2.14;2.81;6.01
06.12.2020;13:30:01;855.65;39.37;10.74;764.39;2.13;2.80;5.97
06.12.2020;13:31:01;854.39;39.10;10.74;764.38;2.13;2.81;5.98
06.12.2020;13:32:01;853.21;39.12;10.75;764.36;2.12;2.80;5.94
06.12.2020;13:33:01;852.02;38.95;10.77;764.36;2.12;2.79;5.93
06.12.2020;13:34:01;850.07;38.47;10.77;764.37;2.12;2.79;5.90
06.12.2020;13:35:01;849.51;38.60;10.76;764.37;2.12;2.78;5.89
06.12.2020;13:36:01;847.47;38.49;10.76;764.36;2.11;2.78;5.87
06.12.2020;13:37:01;846.24;38.62;10.77;764.36;2.11;2.76;5.81
06.12.2020;13:38:01;844.34;38.95;10.78;764.35;2.10;2.75;5.79
06.12.2020;13:39:01;841.79;37.66;10.77;764.34;2.10;2.72;5.71
06.12.2020;13:40:02;839.19;38.53;10.76;764.34;2.09;2.71;5.68
06.12.2020;13:41:02;836.85;39.24;10.78;764.34;2.09;2.70;5.64
06.12.2020;13:42:02;832.92;37.98;10.79;764.35;2.08;2.70;5.61
06.12.2020;13:43:02;831.06;39.23;10.79;764.34;2.07;2.70;5.60
06.12.2020;13:44:02;827.06;38.97;10.82;764.34;2.06;2.66;5.50
06.12.2020;13:45:02;826.29;38.43;10.83;764.34;2.06;2.68;5.53
06.12.2020;13:46:02;823.85;38.11;10.79;764.32;2.05;2.66;5.46
06.12.2020;13:47:02;822.07;39.08;10.81;764.32;2.05;2.64;5.41
06.12.2020;13:48:02;820.64;38.62;10.82;764.31;2.05;2.65;5.42
06.12.2020;13:49:02;818.97;38.83;10.82;764.30;2.04;2.63;5.37
06.12.2020;13:50:02;817.81;38.82;10.82;764.31;2.04;2.62;5.34
06.12.2020;13:51:02;816.29;38.84;10.83;764.31;2.04;2.62;5.34
06.12.2020;13:52:02;814.50;38.53;10.83;764.31;2.03;2.60;5.30
06.12.2020;13:53:02;810.01;38.71;10.83;764.29;2.02;2.60;5.27
06.12.2020;13:54:02;808.07;38.58;10.84;764.29;2.02;2.59;5.22
06.12.2020;13:55:02;806.00;38.40;10.84;764.29;2.01;2.58;5.20
06.12.2020;13:56:02;802.99;38.00;10.83;764.29;2.01;2.57;5.17
06.12.2020;13:57:02;801.51;38.81;10.83;764.29;2.00;2.56;5.12
06.12.2020;13:58:02;800.82;38.39;10.84;764.29;2.00;2.55;5.11
06.12.2020;13:59:02;796.01;38.66;10.83;764.28;1.99;2.53;5.04
06.12.2020;14:00:02;792.66;38.21;10.83;764.27;1.98;2.52;4.99
06.12.2020;14:01:02;789.18;37.44;10.80;764.27;1.97;2.50;4.94
06.12.2020;14:02:02;785.96;37.64;10.77;764.28;1.97;2.49;4.90
06.12.2020;14:03:02;782.06;37.88;10.75;764.28;1.96;2.46;4.82
06.12.2020;14:04:02;780.03;38.49;10.75;764.27;1.95;2.46;4.80
06.12.2020;14:05:02;778.81;38.62;10.75;764.28;1.95;2.45;4.77
06.12.2020;14:06:02;774.42;38.94;10.77;764.28;1.94;2.42;4.69
06.12.2020;14:07:02;770.38;39.06;10.78;764.27;1.93;2.41;4.64
06.12.2020;14:08:03;768.19;38.58;10.78;764.24;1.93;2.40;4.62
06.12.2020;14:09:03;767.10;38.25;10.77;764.23;1.92;2.40;4.61
06.12.2020;14:10:03;764.92;38.47;10.78;764.22;1.92;2.39;4.58
06.12.2020;14:11:03;760.88;38.69;10.78;764.21;1.91;2.37;4.52
06.12.2020;14:12:03;757.53;38.64;10.77;764.22;1.90;2.35;4.46
06.12.2020;14:13:03;754.74;38.62;10.77;764.21;1.90;2.35;4.46
06.12.2020;14:14:03;750.01;38.98;10.77;764.20;1.89;2.31;4.36
06.12.2020;14:15:03;746.06;38.39;10.77;764.18;1.88;2.30;4.32
06.12.2020;14:16:03;742.28;38.35;10.76;764.17;1.87;2.29;4.28
06.12.2020;14:17:03;737.08;38.54;10.75;764.18;1.85;2.28;4.23
06.12.2020;14:18:03;734.21;38.02;10.74;764.19;1.85;2.27;4.20
06.12.2020;14:19:03;730.86;38.20;10.72;764.19;1.84;2.29;4.21
06.12.2020;14:20:03;726.42;38.76;10.72;764.20;1.83;2.27;4.15
06.12.2020;14:21:03;723.33;38.15;10.71;764.22;1.83;2.26;4.13
06.12.2020;14:22:03;718.59;39.02;10.71;764.23;1.82;2.25;4.09
06.12.2020;14:23:03;714.15;37.95;10.69;764.24;1.81;2.24;4.05
06.12.2020;14:24:03;710.92;38.44;10.69;764.25;1.80;2.23;4.01
06.12.2020;14:25:03;708.29;38.39;10.67;764.25;1.79;2.23;4.00
06.12.2020;14:26:03;706.29;38.75;10.68;764.25;1.79;2.23;4.00
06.12.2020;14:27:03;702.06;38.89;10.68;764.25;1.78;2.23;3.96
06.12.2020;14:28:03;698.58;38.48;10.68;764.24;1.77;2.21;3.92
06.12.2020;14:29:03;693.87;38.65;10.65;764.24;1.76;2.21;3.88
06.12.2020;14:30:03;689.97;38.51;10.65;764.25;1.75;2.20;3.85
06.12.2020;14:31:03;685.28;38.76;10.65;764.25;1.74;2.20;3.82
06.12.2020;14:32:03;681.75;38.85;10.64;764.25;1.73;2.19;3.80
06.12.2020;14:33:03;678.58;38.47;10.63;764.24;1.72;2.17;3.74
06.12.2020;14:34:03;674.05;38.22;10.62;764.25;1.71;2.16;3.70
06.12.2020;14:35:03;669.56;38.47;10.60;764.26;1.70;2.12;3.62
06.12.2020;14:36:04;666.12;38.73;10.59;764.26;1.70;2.11;3.57
06.12.2020;14:37:04;662.06;38.93;10.59;764.26;1.69;2.10;3.54
06.12.2020;14:38:04;657.67;38.74;10.58;764.24;1.68;2.09;3.51
06.12.2020;14:39:04;653.88;38.50;10.57;764.25;1.67;2.09;3.48
06.12.2020;14:40:04;648.86;38.76;10.56;764.25;1.66;2.08;3.44
06.12.2020;14:41:04;645.34;38.88;10.55;764.24;1.65;2.05;3.38
06.12.2020;14:42:04;640.75;39.07;10.54;764.26;1.64;2.03;3.32
06.12.2020;14:43:04;636.96;39.43;10.54;764.27;1.63;2.01;3.28
06.12.2020;14:44:04;631.02;39.61;10.55;764.27;1.62;2.01;3.25
06.12.2020;14:45:04;625.92;39.18;10.55;764.28;1.61;1.99;3.21
06.12.2020;14:46:04;621.02;39.02;10.54;764.26;1.60;1.98;3.17
06.12.2020;14:47:04;615.68;39.14;10.53;764.26;1.59;1.95;3.09
06.12.2020;14:48:04;611.15;38.66;10.51;764.24;1.58;1.93;3.03
06.12.2020;14:49:04;605.71;39.07;10.50;764.24;1.56;1.91;2.99
06.12.2020;14:50:04;600.19;38.98;10.49;764.23;1.55;1.90;2.95
06.12.2020;14:51:04;594.29;39.13;10.48;764.23;1.54;1.88;2.91
06.12.2020;14:52:04;588.62;39.34;10.47;764.22;1.53;1.85;2.82
06.12.2020;14:53:04;582.67;39.52;10.47;764.23;1.52;1.81;2.75
06.12.2020;14:54:04;577.04;39.51;10.47;764.22;1.50;1.81;2.72
06.12.2020;14:55:04;570.93;38.73;10.45;764.23;1.49;1.79;2.67
06.12.2020;14:56:04;564.12;39.41;10.44;764.21;1.48;1.78;2.63
06.12.2020;14:57:04;557.78;39.30;10.42;764.22;1.46;1.74;2.54
06.12.2020;14:58:04;552.19;39.59;10.41;764.23;1.45;1.72;2.50
06.12.2020;14:59:04;546.49;39.66;10.41;764.24;1.44;1.71;2.46
06.12.2020;15:00:04;540.82;39.21;10.40;764.26;1.43;1.68;2.40
06.12.2020;15:01:04;534.59;39.38;10.38;764.27;1.41;1.66;2.34
06.12.2020;15:02:04;528.53;39.26;10.37;764.29;1.40;1.63;2.29
06.12.2020;15:03:04;521.81;39.56;10.36;764.30;1.39;1.61;2.23
06.12.2020;15:04:04;515.29;39.52;10.35;764.31;1.37;1.60;2.19
06.12.2020;15:05:05;508.87;39.39;10.33;764.30;1.36;1.57;2.12
06.12.2020;15:06:05;502.36;39.53;10.32;764.30;1.34;1.53;2.05
06.12.2020;15:07:05;494.71;39.90;10.33;764.31;1.32;1.51;1.99
06.12.2020;15:08:05;487.56;39.09;10.32;764.32;1.30;1.48;1.93
06.12.2020;15:09:05;481.06;39.29;10.30;764.32;1.29;1.44;1.85
06.12.2020;15:10:05;474.86;39.25;10.28;764.34;1.27;1.41;1.79
06.12.2020;15:11:05;466.85;38.97;10.27;764.35;1.25;1.40;1.75
06.12.2020;15:12:05;459.67;39.46;10.24;764.34;1.23;1.36;1.68
06.12.2020;15:13:05;452.25;39.21;10.24;764.34;1.22;1.32;1.61
06.12.2020;15:14:05;444.51;39.27;10.21;764.34;1.19;1.31;1.56
06.12.2020;15:15:05;436.50;39.62;10.20;764.33;1.18;1.26;1.48
06.12.2020;15:16:05;428.54;40.00;10.20;764.34;1.15;1.23;1.42
06.12.2020;15:17:05;421.10;39.74;10.19;764.35;1.14;1.21;1.37
06.12.2020;15:18:05;412.86;40.00;10.18;764.36;1.12;1.17;1.31
06.12.2020;15:19:05;404.49;40.09;10.17;764.36;1.10;1.13;1.23
06.12.2020;15:20:05;396.20;39.85;10.16;764.37;1.07;1.09;1.17
06.12.2020;15:21:05;388.18;39.97;10.15;764.39;1.05;1.05;1.11
06.12.2020;15:22:05;379.99;39.81;10.13;764.39;1.03;1.01;1.04
06.12.2020;15:23:05;370.82;40.34;10.12;764.40;1.01;0.98;0.98
06.12.2020;15:24:05;362.47;40.25;10.10;764.37;0.99;0.95;0.93
06.12.2020;15:25:05;354.07;40.02;10.09;764.37;0.96;0.91;0.87
06.12.2020;15:26:05;345.51;40.21;10.07;764.37;0.94;0.87;0.82
06.12.2020;15:27:05;336.69;39.91;10.06;764.38;0.92;0.82;0.75
06.12.2020;15:28:05;328.06;40.17;10.05;764.37;0.89;0.79;0.71
06.12.2020;15:29:05;319.11;39.98;10.03;764.37;0.86;0.73;0.63
06.12.2020;15:30:05;310.90;39.72;10.01;764.37;0.84;0.70;0.59
06.12.2020;15:31:05;301.79;40.36;10.00;764.37;0.81;0.67;0.54
06.12.2020;15:32:05;292.70;39.33;9.99;764.36;0.78;0.61;0.47
06.12.2020;15:33:05;283.99;39.48;9.96;764.37;0.76;0.57;0.43
06.12.2020;15:34:06;275.06;39.14;9.94;764.37;0.73;0.52;0.38
06.12.2020;15:35:06;266.39;40.09;9.91;764.38;0.70;0.48;0.34
06.12.2020;15:36:06;257.49;40.47;9.91;764.39;0.68;0.44;0.30
06.12.2020;15:37:06;248.94;40.43;9.90;764.40;0.66;0.41;0.27
06.12.2020;15:38:06;240.58;40.31;9.90;764.41;0.64;0.40;0.25
06.12.2020;15:39:06;232.02;40.40;9.88;764.41;0.62;0.34;0.21
06.12.2020;15:40:06;223.86;39.42;9.86;764.39;0.60;0.31;0.18
06.12.2020;15:41:06;215.28;40.33;9.84;764.40;0.58;0.29;0.17
06.12.2020;15:42:06;206.81;40.26;9.83;764.41;0.56;0.26;0.15
06.12.2020;15:43:06;198.51;40.16;9.81;764.43;0.54;0.21;0.11
06.12.2020;15:44:06;190.20;40.94;9.81;764.44;0.52;0.18;0.09
06.12.2020;15:45:06;181.97;39.83;9.80;764.45;0.50;0.14;0.07
06.12.2020;15:46:06;173.80;40.15;9.77;764.43;0.48;0.11;0.05
06.12.2020;15:47:06;165.63;40.37;9.75;764.42;0.46;0.08;0.04
06.12.2020;15:48:06;157.53;40.71;9.74;764.42;0.44;0.03;0.01
06.12.2020;15:49:06;149.65;40.37;9.73;764.43;0.41;0.00;0.00
06.12.2020;15:50:06;141.81;40.99;9.72;764.43;0.39;0.00;0.00
06.12.2020;15:51:06;134.21;40.96;9.72;764.42;0.37;0.00;0.00
06.12.2020;15:52:06;126.68;41.13;9.72;764.43;0.35;0.00;0.00
06.12.2020;15:53:06;119.42;40.86;9.72;764.44;0.33;0.00;0.00
06.12.2020;15:54:06;112.27;40.96;9.70;764.44;0.31;0.00;0.00
06.12.2020;15:55:06;105.39;40.80;9.69;764.44;0.29;0.00;0.00
06.12.2020;15:56:06;98.53;40.91;9.68;764.44;0.28;0.00;0.00
06.12.2020;15:57:06;92.09;40.74;9.67;764.42;0.26;0.00;0.00
06.12.2020;15:58:06;85.86;40.76;9.65;764.43;0.24;0.00;0.00
06.12.2020;15:59:06;79.81;40.70;9.63;764.44;0.22;0.00;0.00
06.12.2020;16:00:06;74.14;41.09;9.61;764.44;0.21;0.00;0.00
06.12.2020;16:01:06;68.67;40.95;9.60;764.43;0.19;0.00;0.00
06.12.2020;16:02:06;63.29;41.01;9.59;764.44;0.18;0.00;0.00
06.12.2020;16:03:06;58.36;41.01;9.58;764.43;0.16;0.00;0.00
06.12.2020;16:04:06;53.54;41.20;9.56;764.43;0.15;0.00;0.00
06.12.2020;16:05:06;48.96;41.26;9.55;764.42;0.13;0.00;0.00
06.12.2020;16:06:07;44.76;40.42;9.54;764.41;0.12;0.00;0.00
06.12.2020;16:07:07;40.78;41.23;9.52;764.39;0.11;0.00;0.00
06.12.2020;16:08:07;36.99;41.13;9.52;764.39;0.09;0.00;0.00
06.12.2020;16:09:07;33.53;40.69;9.50;764.38;0.08;0.00;0.00
06.12.2020;16:10:07;30.32;40.64;9.47;764.39;0.07;0.00;0.00
06.12.2020;16:11:07;27.29;41.28;9.46;764.39;0.06;0.00;0.00
06.12.2020;16:12:07;24.51;40.72;9.44;764.39;0.05;0.00;0.00
06.12.2020;16:13:07;21.90;41.42;9.43;764.38;0.04;0.00;0.00
06.12.2020;16:14:07;19.51;41.56;9.42;764.38;0.03;0.00;0.00
06.12.2020;16:15:07;17.38;41.20;9.42;764.37;0.02;0.00;0.00
06.12.2020;16:16:07;15.33;40.67;9.40;764.37;0.01;0.00;0.00
06.12.2020;16:17:07;13.62;41.36;9.38;764.37;0.00;0.00;0.00
06.12.2020;16:18:07;12.08;41.34;9.38;764.36;0.00;0.00;0.00
06.12.2020;16:19:07;10.65;41.62;9.37;764.36;0.00;0.00;0.00
06.12.2020;16:20:07;9.55;41.48;9.37;764.36;0.00;0.00;0.00
06.12.2020;16:21:07;8.58;41.26;9.36;764.34;0.00;0.00;0.00
06.12.2020;16:22:07;7.73;41.35;9.35;764.34;0.00;0.00;0.00
06.12.2020;16:23:07;7.00;41.08;9.34;764.33;0.00;0.00;0.00
06.12.2020;16:24:07;6.49;41.17;9.32;764.32;0.00;0.00;0.00
06.12.2020;16:25:07;5.83;41.39;9.31;764.32;0.00;0.00;0.00
06.12.2020;16:26:07;5.56;41.40;9.31;764.31;0.00;0.00;0.00
06.12.2020;16:27:07;5.00;40.75;9.29;764.30;0.00;0.00;0.00
06.12.2020;16:28:07;5.00;41.50;9.28;764.30;0.00;0.00;0.00
06.12.2020;16:29:07;4.38;41.10;9.28;764.30;0.00;0.00;0.00
06.12.2020;16:30:07;4.17;41.18;9.27;764.28;0.00;0.00;0.00
06.12.2020;16:31:07;4.17;41.34;9.25;764.28;0.00;0.00;0.00
06.12.2020;16:32:07;4.17;41.40;9.25;764.28;0.00;0.00;0.00
06.12.2020;16:33:07;3.85;40.89;9.24;764.28;0.00;0.00;0.00
06.12.2020;16:34:07;3.35;41.27;9.22;764.29;0.00;0.00;0.00
06.12.2020;16:35:07;3.33;41.48;9.21;764.28;0.00;0.00;0.00
06.12.2020;16:36:07;3.33;41.52;9.20;764.28;0.00;0.00;0.00
06.12.2020;16:37:07;3.33;41.52;9.20;764.29;0.00;0.00;0.00
06.12.2020;16:38:07;3.33;41.08;9.20;764.29;0.00;0.00;0.00
06.12.2020;16:39:07;3.33;41.51;9.20;764.31;0.00;0.00;0.00
06.12.2020;16:40:07;3.35;41.53;9.20;764.33;0.00;0.00;0.00
06.12.2020;16:41:07;3.33;41.20;9.19;764.33;0.00;0.00;0.00
06.12.2020;16:42:08;3.33;41.52;9.18;764.33;0.00;0.00;0.00
06.12.2020;16:43:08;3.36;41.72;9.17;764.35;0.00;0.00;0.00
06.12.2020;16:44:08;3.33;41.54;9.18;764.37;0.00;0.00;0.00
06.12.2020;16:45:08;3.33;41.65;9.17;764.38;0.00;0.00;0.00
06.12.2020;16:46:08;3.33;41.35;9.17;764.39;0.00;0.00;0.00
06.12.2020;16:47:08;3.33;41.54;9.15;764.38;0.00;0.00;0.00
06.12.2020;16:48:08;3.33;41.77;9.14;764.39;0.00;0.00;0.00
06.12.2020;16:49:08;3.33;41.36;9.14;764.37;0.00;0.00;0.00
06.12.2020;16:50:08;3.33;41.05;9.13;764.38;0.00;0.00;0.00
06.12.2020;16:51:08;3.33;41.10;9.12;764.39;0.00;0.00;0.00
06.12.2020;16:52:08;3.33;41.45;9.10;764.39;0.00;0.00;0.00
06.12.2020;16:53:08;3.33;40.78;9.09;764.37;0.00;0.00;0.00
06.12.2020;16:54:08;3.35;41.38;9.07;764.36;0.00;0.00;0.00
06.12.2020;16:55:08;3.33;40.94;9.06;764.36;0.00;0.00;0.00
06.12.2020;16:56:08;3.33;41.44;9.06;764.36;0.00;0.00;0.00
06.12.2020;16:57:08;3.35;41.32;9.05;764.36;0.00;0.00;0.00
06.12.2020;16:58:08;3.33;41.75;9.05;764.36;0.00;0.00;0.00
06.12.2020;16:59:08;3.33;41.55;9.05;764.35;0.00;0.00;0.00
06.12.2020;17:00:08;3.33;41.70;9.06;764.37;0.00;0.00;0.00
06.12.2020;17:01:08;3.33;41.50;9.06;764.37;0.00;0.00;0.00
06.12.2020;17:02:08;3.33;41.42;9.05;764.37;0.00;0.00;0.00
06.12.2020;17:03:08;3.33;41.38;9.05;764.35;0.00;0.00;0.00
06.12.2020;17:04:08;3.33;41.94;9.06;764.35;0.00;0.00;0.00
06.12.2020;17:05:08;3.33;41.68;9.07;764.35;0.00;0.00;0.00
06.12.2020;17:06:08;3.33;41.40;9.07;764.34;0.00;0.00;0.00
06.12.2020;17:07:08;3.33;40.96;9.06;764.33;0.00;0.00;0.00
06.12.2020;17:08:08;3.35;41.33;9.06;764.34;0.00;0.00;0.00
06.12.2020;17:09:08;3.33;41.56;9.06;764.34;0.00;0.00;0.00
06.12.2020;17:10:08;3.33;41.56;9.06;764.34;0.00;0.00;0.00
06.12.2020;17:11:08;3.35;41.39;9.06;764.37;0.00;0.00;0.00
06.12.2020;17:12:08;3.33;41.29;9.06;764.39;0.00;0.00;0.00
06.12.2020;17:13:08;3.33;41.29;9.06;764.40;0.00;0.00;0.00
06.12.2020;17:14:08;3.33;41.58;9.06;764.41;0.00;0.00;0.00
06.12.2020;17:15:08;3.33;41.61;9.06;764.43;0.00;0.00;0.00
06.12.2020;17:16:08;3.33;41.58;9.06;764.44;0.00;0.00;0.00
06.12.2020;17:17:08;3.33;41.47;9.06;764.45;0.00;0.00;0.00
06.12.2020;17:18:09;3.33;41.48;9.06;764.44;0.00;0.00;0.00
06.12.2020;17:19:09;3.33;41.17;9.06;764.44;0.00;0.00;0.00
06.12.2020;17:20:09;3.33;41.56;9.05;764.43;0.00;0.00;0.00
06.12.2020;17:21:09;3.33;41.48;9.05;764.40;0.00;0.00;0.00
06.12.2020;17:22:09;3.35;41.28;9.05;764.39;0.00;0.00;0.00
06.12.2020;17:23:09;3.33;41.59;9.05;764.38;0.00;0.00;0.00
06.12.2020;17:24:09;3.33;41.20;9.07;764.36;0.00;0.00;0.00
06.12.2020;17:25:09;3.36;41.26;9.06;764.38;0.00;0.00;0.00
06.12.2020;17:26:09;3.33;41.21;9.05;764.38;0.00;0.00;0.00
06.12.2020;17:27:09;3.33;41.71;9.06;764.39;0.00;0.00;0.00
06.12.2020;17:28:09;3.33;41.56;9.06;764.38;0.00;0.00;0.00
06.12.2020;17:29:09;3.33;41.69;9.07;764.38;0.00;0.00;0.00
06.12.2020;17:30:09;3.33;41.85;9.09;764.37;0.00;0.00;0.00
06.12.2020;17:31:09;3.33;41.39;9.10;764.38;0.00;0.00;0.00
06.12.2020;17:32:09;3.33;41.24;9.10;764.37;0.00;0.00;0.00
06.12.2020;17:33:09;3.33;41.65;9.10;764.38;0.00;0.00;0.00
06.12.2020;17:34:09;3.33;41.53;9.11;764.37;0.00;0.00;0.00
06.12.2020;17:35:09;3.33;41.20;9.11;764.38;0.00;0.00;0.00
06.12.2020;17:36:09;3.35;41.78;9.12;764.38;0.00;0.00;0.00
06.12.2020;17:37:09;3.33;41.21;9.13;764.38;0.00;0.00;0.00
06.12.2020;17:38:09;3.33;41.47;9.13;764.37;0.00;0.00;0.00
06.12.2020;17:39:09;3.35;41.19;9.13;764.36;0.00;0.00;0.00
06.12.2020;17:40:09;3.33;41.34;9.13;764.36;0.00;0.00;0.00
06.12.2020;17:41:09;3.33;41.20;9.13;764.35;0.00;0.00;0.00
06.12.2020;17:42:09;3.33;41.24;9.15;764.34;0.00;0.00;0.00
06.12.2020;17:43:09;3.33;41.20;9.15;764.34;0.00;0.00;0.00
06.12.2020;17:44:09;3.33;41.36;9.17;764.33;0.00;0.00;0.00
06.12.2020;17:45:09;3.33;40.67;9.17;764.32;0.00;0.00;0.00
06.12.2020;17:46:09;3.33;40.79;9.17;764.30;0.00;0.00;0.00
06.12.2020;17:47:09;3.33;41.07;9.18;764.29;0.00;0.00;0.00
06.12.2020;17:48:09;3.33;40.98;9.18;764.29;0.00;0.00;0.00
06.12.2020;17:49:09;3.33;41.22;9.18;764.27;0.00;0.00;0.00
06.12.2020;17:50:09;3.35;40.87;9.19;764.27;0.00;0.00;0.00
06.12.2020;17:51:09;3.33;40.53;9.17;764.27;0.00;0.00;0.00
06.12.2020;17:52:09;3.33;41.08;9.18;764.27;0.00;0.00;0.00
06.12.2020;17:53:09;3.36;41.28;9.19;764.28;0.00;0.00;0.00
06.12.2020;17:54:10;3.33;41.22;9.19;764.28;0.00;0.00;0.00
06.12.2020;17:55:10;3.33;41.51;9.22;764.29;0.00;0.00;0.00
06.12.2020;17:56:10;3.33;40.75;9.23;764.30;0.00;0.00;0.00
06.12.2020;17:57:10;3.33;41.27;9.24;764.30;0.00;0.00;0.00
06.12.2020;17:58:10;3.33;41.13;9.26;764.30;0.00;0.00;0.00
06.12.2020;17:59:10;3.33;40.63;9.25;764.29;0.00;0.00;0.00
06.12.2020;18:00:10;3.33;40.80;9.26;764.30;0.00;0.00;0.00
06.12.2020;18:01:10;3.33;40.83;9.26;764.30;0.00;0.00;0.00
06.12.2020;18:02:10;3.33;40.76;9.27;764.31;0.00;0.00;0.00
06.12.2020;18:03:10;3.33;41.17;9.28;764.31;0.00;0.00;0.00
06.12.2020;18:04:10;3.35;40.65;9.28;764.30;0.00;0.00;0.00
06.12.2020;18:05:10;3.33;41.13;9.27;764.31;0.00;0.00;0.00
06.12.2020;18:06:10;3.33;41.15;9.29;764.34;0.00;0.00;0.00
06.12.2020;18:07:10;3.35;40.98;9.29;764.35;0.00;0.00;0.00
06.12.2020;18:08:10;3.33;41.32;9.30;764.37;0.00;0.00;0.00
06.12.2020;18:09:10;3.33;41.23;9.33;764.37;0.00;0.00;0.00
06.12.2020;18:10:10;3.33;40.66;9.32;764.36;0.00;0.00;0.00
06.12.2020;18:11:10;3.33;41.01;9.33;764.36;0.00;0.00;0.00
06.12.2020;18:12:10;3.33;40.96;9.34;764.35;0.00;0.00;0.00
06.12.2020;18:13:10;3.33;40.64;9.35;764.33;0.00;0.00;0.00
06.12.2020;18:14:10;3.33;41.21;9.36;764.35;0.00;0.00;0.00
06.12.2020;18:15:10;3.33;40.48;9.37;764.33;0.00;0.00;0.00
06.12.2020;18:16:10;3.33;40.94;9.38;764.33;0.00;0.00;0.00
06.12.2020;18:17:10;3.33;40.52;9.38;764.35;0.00;0.00;0.00
06.12.2020;18:18:10;3.35;40.47;9.38;764.36;0.00;0.00;0.00
06.12.2020;18:19:10;3.33;40.93;9.38;764.35;0.00;0.00;0.00
06.12.2020;18:20:10;3.33;40.54;9.38;764.35;0.00;0.00;0.00
06.12.2020;18:21:10;3.36;40.50;9.39;764.35;0.00;0.00;0.00
06.12.2020;18:22:10;3.33;40.79;9.39;764.35;0.00;0.00;0.00
06.12.2020;18:23:10;3.33;40.66;9.41;764.33;0.00;0.00;0.00
06.12.2020;18:24:10;3.33;40.30;9.42;764.34;0.00;0.00;0.00
06.12.2020;18:25:10;3.33;40.36;9.40;764.32;0.00;0.00;0.00
06.12.2020;18:26:10;3.33;40.59;9.41;764.33;0.00;0.00;0.00
06.12.2020;18:27:10;3.33;40.87;9.42;764.33;0.00;0.00;0.00
06.12.2020;18:28:10;3.33;40.20;9.42;764.33;0.00;0.00;0.00
06.12.2020;18:29:10;3.33;40.66;9.42;764.33;0.00;0.00;0.00
06.12.2020;18:30:11;3.33;40.36;9.44;764.34;0.00;0.00;0.00
06.12.2020;18:31:11;3.33;40.49;9.44;764.34;0.00;0.00;0.00
06.12.2020;18:32:11;3.35;40.52;9.44;764.35;0.00;0.00;0.00
06.12.2020;18:33:11;3.33;40.74;9.44;764.37;0.00;0.00;0.00
06.12.2020;18:34:11;3.33;40.08;9.46;764.38;0.00;0.00;0.00
06.12.2020;18:35:11;3.35;39.53;9.44;764.39;0.00;0.00;0.00
06.12.2020;18:36:11;3.33;40.06;9.42;764.38;0.00;0.00;0.00
06.12.2020;18:37:11;3.33;40.62;9.44;764.38;0.00;0.00;0.00
06.12.2020;18:38:11;3.33;40.48;9.46;764.36;0.00;0.00;0.00
06.12.2020;18:39:11;3.33;40.09;9.46;764.35;0.00;0.00;0.00
06.12.2020;18:40:11;3.33;40.27;9.46;764.36;0.00;0.00;0.00
06.12.2020;18:41:11;3.33;39.85;9.44;764.34;0.00;0.00;0.00
06.12.2020;18:42:11;3.33;39.90;9.43;764.33;0.00;0.00;0.00
06.12.2020;18:43:11;3.33;39.23;9.42;764.31;0.00;0.00;0.00
06.12.2020;18:44:11;3.33;40.44;9.42;764.31;0.00;0.00;0.00
06.12.2020;18:45:11;3.33;40.49;9.44;764.31;0.00;0.00;0.00
06.12.2020;18:46:11;3.35;40.26;9.43;764.32;0.00;0.00;0.00
06.12.2020;18:47:11;3.33;40.00;9.43;764.32;0.00;0.00;0.00
06.12.2020;18:48:11;3.33;40.41;9.43;764.31;0.00;0.00;0.00
06.12.2020;18:49:11;3.36;39.69;9.43;764.31;0.00;0.00;0.00
06.12.2020;18:50:11;3.33;39.71;9.42;764.32;0.00;0.00;0.00
06.12.2020;18:51:11;3.33;39.99;9.42;764.30;0.00;0.00;0.00
06.12.2020;18:52:11;3.33;39.61;9.42;764.30;0.00;0.00;0.00
06.12.2020;18:53:11;3.33;39.98;9.42;764.29;0.00;0.00;0.00
06.12.2020;18:54:11;3.33;39.80;9.42;764.27;0.00;0.00;0.00
06.12.2020;18:55:11;3.33;39.66;9.41;764.27;0.00;0.00;0.00
06.12.2020;18:56:11;3.33;39.76;9.41;764.26;0.00;0.00;0.00
06.12.2020;18:57:11;3.33;39.39;9.41;764.25;0.00;0.00;0.00
06.12.2020;18:58:11;3.33;39.51;9.40;764.25;0.00;0.00;0.00
06.12.2020;18:59:11;3.33;39.90;9.39;764.25;0.00;0.00;0.00
06.12.2020;19:00:11;3.35;40.11;9.39;764.24;0.00;0.00;0.00
06.12.2020;19:01:11;3.33;39.50;9.39;764.24;0.00;0.00;0.00
06.12.2020;19:02:11;3.33;39.76;9.38;764.26;0.00;0.00;0.00
06.12.2020;19:03:11;3.35;39.88;9.38;764.27;0.00;0.00;0.00
06.12.2020;19:04:11;3.33;39.81;9.37;764.26;0.00;0.00;0.00
06.12.2020;19:05:11;3.33;40.18;9.37;764.26;0.00;0.00;0.00
06.12.2020;19:06:12;3.33;40.25;9.37;764.26;0.00;0.00;0.00
06.12.2020;19:07:12;3.33;40.08;9.38;764.24;0.00;0.00;0.00
06.12.2020;19:08:12;3.33;40.28;9.38;764.25;0.00;0.00;0.00
06.12.2020;19:09:12;3.33;39.78;9.37;764.25;0.00;0.00;0.00
06.12.2020;19:10:12;3.33;40.13;9.36;764.25;0.00;0.00;0.00
06.12.2020;19:11:12;3.33;39.70;9.36;764.26;0.00;0.00;0.00
06.12.2020;19:12:12;3.33;39.30;9.35;764.25;0.00;0.00;0.00
06.12.2020;19:13:12;3.33;40.46;9.34;764.23;0.00;0.00;0.00
06.12.2020;19:14:12;3.35;40.01;9.35;764.22;0.00;0.00;0.00
06.12.2020;19:15:12;3.33;39.60;9.34;764.21;0.00;0.00;0.00
06.12.2020;19:16:12;3.33;39.95;9.33;764.23;0.00;0.00;0.00
06.12.2020;19:17:12;3.36;39.99;9.35;764.25;0.00;0.00;0.00
06.12.2020;19:18:12;3.33;39.92;9.35;764.26;0.00;0.00;0.00
06.12.2020;19:19:12;3.33;39.76;9.33;764.27;0.00;0.00;0.00
06.12.2020;19:20:12;3.33;40.71;9.34;764.28;0.00;0.00;0.00
06.12.2020;19:21:12;3.33;39.71;9.35;764.27;0.00;0.00;0.00
06.12.2020;19:22:12;3.33;40.35;9.36;764.28;0.00;0.00;0.00
06.12.2020;19:23:12;3.33;39.81;9.36;764.28;0.00;0.00;0.00
06.12.2020;19:24:12;3.33;40.62;9.37;764.29;0.00;0.00;0.00
06.12.2020;19:25:12;3.33;40.08;9.37;764.28;0.00;0.00;0.00
06.12.2020;19:26:12;3.33;40.64;9.38;764.29;0.00;0.00;0.00
06.12.2020;19:27:12;3.33;40.23;9.40;764.30;0.00;0.00;0.00
06.12.2020;19:28:12;3.35;40.51;9.39;764.28;0.00;0.00;0.00
06.12.2020;19:29:12;3.33;40.00;9.40;764.28;0.00;0.00;0.00
06.12.2020;19:30:12;3.33;40.14;9.41;764.28;0.00;0.00;0.00
06.12.2020;19:31:12;3.36;40.67;9.43;764.28;0.00;0.00;0.00
06.12.2020;19:32:12;3.33;40.09;9.44;764.29;0.00;0.00;0.00
06.12.2020;19:33:12;3.33;39.98;9.43;764.29;0.00;0.00;0.00
06.12.2020;19:34:12;3.33;40.40;9.42;764.30;0.00;0.00;0.00
06.12.2020;19:35:12;3.33;40.11;9.44;764.29;0.00;0.00;0.00
06.12.2020;19:36:12;3.33;40.15;9.45;764.29;0.00;0.00;0.00
06.12.2020;19:37:12;3.33;40.41;9.46;764.30;0.00;0.00;0.00
06.12.2020;19:38:12;3.33;40.20;9.47;764.30;0.00;0.00;0.00
06.12.2020;19:39:12;3.33;40.06;9.47;764.31;0.00;0.00;0.00
06.12.2020;19:40:12;3.33;39.69;9.47;764.33;0.00;0.00;0.00
06.12.2020;19:41:12;3.33;40.24;9.47;764.32;0.00;0.00;0.00
06.12.2020;19:42:12;3.35;40.38;9.49;764.32;0.00;0.00;0.00
06.12.2020;19:43:13;3.33;39.98;9.49;764.29;0.00;0.00;0.00
06.12.2020;19:44:13;3.33;40.34;9.50;764.29;0.00;0.00;0.00
06.12.2020;19:45:13;3.36;39.87;9.50;764.28;0.00;0.00;0.00
06.12.2020;19:46:13;3.33;40.38;9.51;764.29;0.00;0.00;0.00
06.12.2020;19:47:13;3.33;40.14;9.52;764.28;0.00;0.00;0.00
06.12.2020;19:48:13;3.33;39.47;9.51;764.29;0.00;0.00;0.00
06.12.2020;19:49:13;3.33;40.01;9.50;764.28;0.00;0.00;0.00
06.12.2020;19:50:13;3.33;40.49;9.50;764.27;0.00;0.00;0.00
06.12.2020;19:51:13;3.33;40.31;9.52;764.25;0.00;0.00;0.00
06.12.2020;19:52:13;3.33;39.63;9.51;764.24;0.00;0.00;0.00
06.12.2020;19:53:13;3.33;40.23;9.50;764.24;0.00;0.00;0.00
06.12.2020;19:54:13;3.33;39.89;9.52;764.22;0.00;0.00;0.00
06.12.2020;19:55:13;3.33;39.93;9.51;764.22;0.00;0.00;0.00
06.12.2020;19:56:13;3.35;39.32;9.50;764.21;0.00;0.00;0.00
06.12.2020;19:57:13;3.33;40.15;9.49;764.22;0.00;0.00;0.00
06.12.2020;19:58:13;3.33;39.86;9.50;764.21;0.00;0.00;0.00
06.12.2020;19:59:13;3.36;39.71;9.49;764.21;0.00;0.00;0.00
06.12.2020;20:00:13;3.33;40.34;9.49;764.21;0.00;0.00;0.00
06.12.2020;20:01:13;3.33;39.49;9.50;764.22;0.00;0.00;0.00
06.12.2020;20:02:13;3.33;40.36;9.50;764.24;0.00;0.00;0.00
06.12.2020;20:03:13;3.33;40.02;9.51;764.25;0.00;0.00;0.00
06.12.2020;20:04:13;3.33;39.56;9.51;764.25;0.00;0.00;0.00
06.12.2020;20:05:13;3.33;39.98;9.49;764.23;0.00;0.00;0.00
06.12.2020;20:06:13;3.33;40.16;9.50;764.23;0.00;0.00;0.00
06.12.2020;20:07:13;3.33;40.39;9.53;764.23;0.00;0.00;0.00
06.12.2020;20:08:13;3.33;40.16;9.54;764.23;0.00;0.00;0.00
06.12.2020;20:09:13;3.33;40.59;9.56;764.23;0.00;0.00;0.00
06.12.2020;20:10:13;3.35;39.95;9.57;764.20;0.00;0.00;0.00
06.12.2020;20:11:13;3.33;39.68;9.57;764.20;0.00;0.00;0.00
06.12.2020;20:12:13;3.33;39.86;9.56;764.19;0.00;0.00;0.00
06.12.2020;20:13:13;3.35;39.85;9.54;764.18;0.00;0.00;0.00
06.12.2020;20:14:13;3.33;40.24;9.54;764.18;0.00;0.00;0.00
06.12.2020;20:15:13;3.33;39.98;9.54;764.18;0.00;0.00;0.00
06.12.2020;20:16:13;3.33;40.57;9.56;764.19;0.00;0.00;0.00
06.12.2020;20:17:13;3.33;40.19;9.58;764.20;0.00;0.00;0.00
06.12.2020;20:18:14;3.33;40.03;9.57;764.20;0.00;0.00;0.00
06.12.2020;20:19:14;3.33;40.14;9.57;764.20;0.00;0.00;0.00
06.12.2020;20:20:14;3.33;40.46;9.58;764.21;0.00;0.00;0.00
06.12.2020;20:21:14;3.33;40.37;9.60;764.21;0.00;0.00;0.00
06.12.2020;20:22:14;3.33;39.87;9.60;764.22;0.00;0.00;0.00
06.12.2020;20:23:14;3.33;40.16;9.59;764.22;0.00;0.00;0.00
06.12.2020;20:24:14;3.35;39.99;9.58;764.23;0.00;0.00;0.00
06.12.2020;20:25:14;3.33;39.79;9.60;764.24;0.00;0.00;0.00
06.12.2020;20:26:14;3.33;39.77;9.59;764.26;0.00;0.00;0.00
06.12.2020;20:27:14;3.35;39.95;9.58;764.25;0.00;0.00;0.00
06.12.2020;20:28:14;3.33;39.73;9.56;764.24;0.00;0.00;0.00
06.12.2020;20:29:14;3.33;40.13;9.56;764.26;0.00;0.00;0.00
06.12.2020;20:30:14;3.33;39.79;9.56;764.24;0.00;0.00;0.00
06.12.2020;20:31:14;3.33;39.45;9.55;764.25;0.00;0.00;0.00
06.12.2020;20:32:14;3.33;39.64;9.55;764.24;0.00;0.00;0.00
06.12.2020;20:33:14;3.33;40.08;9.54;764.25;0.00;0.00;0.00
06.12.2020;20:34:14;3.33;40.49;9.55;764.26;0.00;0.00;0.00
06.12.2020;20:35:14;3.33;39.68;9.55;764.25;0.00;0.00;0.00
06.12.2020;20:36:14;3.33;39.74;9.53;764.25;0.00;0.00;0.00
06.12.2020;20:37:14;3.33;40.42;9.54;764.25;0.00;0.00;0.00
06.12.2020;20:38:14;3.35;40.62;9.55;764.24;0.00;0.00;0.00
06.12.2020;20:39:14;3.33;40.14;9.57;764.23;0.00;0.00;0.00
06.12.2020;20:40:14;3.33;39.71;9.56;764.21;0.00;0.00;0.00
06.12.2020;20:41:14;3.35;39.88;9.55;764.21;0.00;0.00;0.00
06.12.2020;20:42:14;3.33;40.47;9.55;764.20;0.00;0.00;0.00
06.12.2020;20:43:14;3.33;39.90;9.56;764.19;0.00;0.00;0.00
06.12.2020;20:44:14;3.33;40.61;9.56;764.19;0.00;0.00;0.00
06.12.2020;20:45:14;3.33;39.70;9.56;764.18;0.00;0.00;0.00
06.12.2020;20:46:14;3.33;40.08;9.56;764.20;0.00;0.00;0.00
06.12.2020;20:47:14;3.33;40.46;9.58;764.20;0.00;0.00;0.00
06.12.2020;20:48:14;3.33;40.36;9.58;764.21;0.00;0.00;0.00
06.12.2020;20:49:14;3.33;40.47;9.60;764.22;0.00;0.00;0.00
06.12.2020;20:50:14;3.33;39.85;9.61;764.22;0.00;0.00;0.00
06.12.2020;20:51:14;3.33;39.95;9.59;764.22;0.00;0.00;0.00
06.12.2020;20:52:14;3.35;40.13;9.58;764.23;0.00;0.00;0.00
06.12.2020;20:53:14;3.33;39.88;9.59;764.24;0.00;0.00;0.00
06.12.2020;20:54:15;3.33;40.13;9.58;764.25;0.00;0.00;0.00
06.12.2020;20:55:15;3.36;40.05;9.59;764.24;0.00;0.00;0.00
06.12.2020;20:56:15;3.33;39.83;9.59;764.23;0.00;0.00;0.00
06.12.2020;20:57:15;3.33;40.48;9.60;764.24;0.00;0.00;0.00
06.12.2020;20:58:15;3.33;40.06;9.62;764.22;0.00;0.00;0.00
06.12.2020;20:59:15;3.33;40.08;9.60;764.22;0.00;0.00;0.00
06.12.2020;21:00:15;3.33;40.20;9.61;764.21;0.00;0.00;0.00
06.12.2020;21:01:15;3.33;40.08;9.60;764.21;0.00;0.00;0.00
06.12.2020;21:02:15;3.33;40.38;9.62;764.21;0.00;0.00;0.00
06.12.2020;21:03:15;3.33;39.91;9.61;764.21;0.00;0.00;0.00
06.12.2020;21:04:15;3.33;40.28;9.61;764.22;0.00;0.00;0.00
06.12.2020;21:05:15;3.33;40.44;9.62;764.26;0.00;0.00;0.00
06.12.2020;21:06:15;3.35;40.68;9.63;764.27;0.00;0.00;0.00
06.12.2020;21:07:15;3.33;40.00;9.62;764.29;0.00;0.00;0.00
06.12.2020;21:08:15;3.33;40.37;9.61;764.31;0.00;0.00;0.00
06.12.2020;21:09:15;3.36;40.40;9.62;764.33;0.00;0.00;0.00
06.12.2020;21:10:15;3.33;40.70;9.64;764.33;0.00;0.00;0.00
06.12.2020;21:11:15;3.33;40.40;9.65;764.33;0.00;0.00;0.00
06.12.2020;21:12:15;3.33;40.28;9.64;764.33;0.00;0.00;0.00
06.12.2020;21:13:15;3.33;40.12;9.63;764.33;0.00;0.00;0.00
06.12.2020;21:14:15;3.33;40.38;9.62;764.30;0.00;0.00;0.00
06.12.2020;21:15:15;3.33;40.42;9.62;764.31;0.00;0.00;0.00
06.12.2020;21:16:15;3.33;40.33;9.62;764.29;0.00;0.00;0.00
06.12.2020;21:17:15;3.33;40.30;9.62;764.27;0.00;0.00;0.00
06.12.2020;21:18:15;3.33;40.17;9.61;764.27;0.00;0.00;0.00
06.12.2020;21:19:15;3.33;40.41;9.61;764.28;0.00;0.00;0.00
06.12.2020;21:20:15;3.35;40.40;9.62;764.29;0.00;0.00;0.00
06.12.2020;21:21:15;3.33;40.43;9.62;764.29;0.00;0.00;0.00
06.12.2020;21:22:15;3.33;40.64;9.62;764.30;0.00;0.00;0.00
06.12.2020;21:23:15;3.35;40.53;9.64;764.30;0.00;0.00;0.00
06.12.2020;21:24:15;3.33;40.17;9.63;764.29;0.00;0.00;0.00
06.12.2020;21:25:15;3.33;40.54;9.63;764.29;0.00;0.00;0.00
06.12.2020;21:26:15;3.33;40.31;9.63;764.30;0.00;0.00;0.00
06.12.2020;21:27:15;3.33;40.62;9.62;764.30;0.00;0.00;0.00
06.12.2020;21:28:15;3.33;40.62;9.63;764.32;0.00;0.00;0.00
06.12.2020;21:29:15;3.33;40.12;9.62;764.32;0.00;0.00;0.00
06.12.2020;21:30:16;3.33;40.37;9.61;764.32;0.00;0.00;0.00
06.12.2020;21:31:16;3.33;40.67;9.61;764.34;0.00;0.00;0.00
06.12.2020;21:32:16;3.33;40.51;9.61;764.34;0.00;0.00;0.00
06.12.2020;21:33:16;3.33;40.65;9.62;764.34;0.00;0.00;0.00
06.12.2020;21:34:16;3.35;40.49;9.61;764.34;0.00;0.00;0.00
06.12.2020;21:35:16;3.33;40.74;9.61;764.33;0.00;0.00;0.00
06.12.2020;21:36:16;3.33;40.66;9.62;764.33;0.00;0.00;0.00
06.12.2020;21:37:16;3.36;40.67;9.62;764.34;0.00;0.00;0.00
06.12.2020;21:38:16;3.33;40.34;9.60;764.35;0.00;0.00;0.00
06.12.2020;21:39:16;3.33;40.87;9.61;764.35;0.00;0.00;0.00
06.12.2020;21:40:16;3.33;40.62;9.61;764.35;0.00;0.00;0.00
06.12.2020;21:41:16;3.33;40.87;9.62;764.37;0.00;0.00;0.00
06.12.2020;21:42:16;3.33;40.61;9.63;764.36;0.00;0.00;0.00
06.12.2020;21:43:16;3.33;40.54;9.63;764.36;0.00;0.00;0.00
06.12.2020;21:44:16;3.33;40.07;9.63;764.36;0.00;0.00;0.00
06.12.2020;21:45:16;3.33;40.47;9.62;764.36;0.00;0.00;0.00
06.12.2020;21:46:16;3.33;40.72;9.62;764.36;0.00;0.00;0.00
06.12.2020;21:47:16;3.33;40.70;9.63;764.36;0.00;0.00;0.00
06.12.2020;21:48:16;3.35;40.62;9.63;764.35;0.00;0.00;0.00
06.12.2020;21:49:16;3.33;40.57;9.61;764.33;0.00;0.00;0.00
06.12.2020;21:50:16;3.33;39.91;9.59;764.34;0.00;0.00;0.00
06.12.2020;21:51:16;3.36;40.27;9.56;764.35;0.00;0.00;0.00
06.12.2020;21:52:16;3.33;40.69;9.56;764.36;0.00;0.00;0.00
06.12.2020;21:53:16;3.33;40.74;9.58;764.37;0.00;0.00;0.00
06.12.2020;21:54:16;3.33;40.57;9.60;764.40;0.00;0.00;0.00
06.12.2020;21:55:16;3.33;40.48;9.58;764.41;0.00;0.00;0.00
06.12.2020;21:56:16;3.33;40.35;9.57;764.40;0.00;0.00;0.00
06.12.2020;21:57:16;3.33;40.68;9.55;764.41;0.00;0.00;0.00
06.12.2020;21:58:16;3.33;40.07;9.54;764.40;0.00;0.00;0.00
06.12.2020;21:59:16;3.33;40.26;9.52;764.40;0.00;0.00;0.00
06.12.2020;22:00:16;3.33;40.20;9.51;764.39;0.00;0.00;0.00
06.12.2020;22:01:16;3.33;40.25;9.51;764.37;0.00;0.00;0.00
06.12.2020;22:02:16;3.35;40.30;9.49;764.33;0.00;0.00;0.00
06.12.2020;22:03:16;3.33;40.49;9.49;764.32;0.00;0.00;0.00
06.12.2020;22:04:16;3.33;40.92;9.50;764.31;0.00;0.00;0.00
06.12.2020;22:05:16;3.35;40.53;9.50;764.30;0.00;0.00;0.00
06.12.2020;22:06:17;3.33;40.58;9.50;764.29;0.00;0.00;0.00
06.12.2020;22:07:17;3.33;40.74;9.50;764.31;0.00;0.00;0.00
06.12.2020;22:08:17;3.33;40.95;9.50;764.32;0.00;0.00;0.00
06.12.2020;22:09:17;3.33;40.77;9.51;764.32;0.00;0.00;0.00
06.12.2020;22:10:17;3.33;39.86;9.49;764.31;0.00;0.00;0.00
06.12.2020;22:11:17;3.33;40.59;9.47;764.31;0.00;0.00;0.00
06.12.2020;22:12:17;3.33;40.29;9.48;764.32;0.00;0.00;0.00
06.12.2020;22:13:17;3.33;40.41;9.46;764.30;0.00;0.00;0.00
06.12.2020;22:14:17;3.33;41.11;9.48;764.31;0.00;0.00;0.00
06.12.2020;22:15:17;3.33;40.75;9.48;764.29;0.00;0.00;0.00
06.12.2020;22:16:17;3.35;40.56;9.49;764.26;0.00;0.00;0.00
06.12.2020;22:17:17;3.33;40.50;9.47;764.24;0.00;0.00;0.00
06.12.2020;22:18:17;3.33;40.64;9.44;764.24;0.00;0.00;0.00
06.12.2020;22:19:17;3.36;40.86;9.45;764.24;0.00;0.00;0.00
06.12.2020;22:20:17;3.33;39.97;9.43;764.24;0.00;0.00;0.00
06.12.2020;22:21:17;3.33;40.46;9.40;764.23;0.00;0.00;0.00
06.12.2020;22:22:17;3.33;40.68;9.42;764.24;0.00;0.00;0.00
06.12.2020;22:23:17;3.33;39.87;9.40;764.24;0.00;0.00;0.00
06.12.2020;22:24:17;3.33;40.59;9.38;764.24;0.00;0.00;0.00
06.12.2020;22:25:17;3.33;40.54;9.39;764.23;0.00;0.00;0.00
06.12.2020;22:26:17;3.33;40.36;9.38;764.24;0.00;0.00;0.00
06.12.2020;22:27:17;3.33;40.39;9.37;764.24;0.00;0.00;0.00
06.12.2020;22:28:17;3.33;40.97;9.39;764.25;0.00;0.00;0.00
06.12.2020;22:29:17;3.33;40.28;9.39;764.27;0.00;0.00;0.00
06.12.2020;22:30:17;3.35;40.52;9.36;764.26;0.00;0.00;0.00
06.12.2020;22:31:17;3.33;40.99;9.37;764.28;0.00;0.00;0.00
06.12.2020;22:32:17;3.33;40.12;9.36;764.27;0.00;0.00;0.00
06.12.2020;22:33:17;3.36;41.03;9.35;764.28;0.00;0.00;0.00
06.12.2020;22:34:17;3.33;40.26;9.35;764.27;0.00;0.00;0.00
06.12.2020;22:35:17;3.33;40.42;9.33;764.26;0.00;0.00;0.00
06.12.2020;22:36:17;3.33;41.13;9.34;764.27;0.00;0.00;0.00
06.12.2020;22:37:17;3.33;40.27;9.34;764.26;0.00;0.00;0.00
06.12.2020;22:38:17;3.33;40.54;9.32;764.27;0.00;0.00;0.00
06.12.2020;22:39:17;3.33;40.55;9.31;764.27;0.00;0.00;0.00
06.12.2020;22:40:17;3.33;40.44;9.31;764.27;0.00;0.00;0.00
06.12.2020;22:41:17;3.33;40.77;9.31;764.25;0.00;0.00;0.00
06.12.2020;22:42:17;3.33;41.20;9.31;764.25;0.00;0.00;0.00
06.12.2020;22:43:18;3.33;41.46;9.33;764.25;0.00;0.00;0.00
06.12.2020;22:44:18;3.35;41.01;9.34;764.24;0.00;0.00;0.00
06.12.2020;22:45:18;3.33;40.93;9.34;764.23;0.00;0.00;0.00
06.12.2020;22:46:18;3.33;40.04;9.33;764.22;0.00;0.00;0.00
06.12.2020;22:47:18;3.36;40.96;9.31;764.21;0.00;0.00;0.00
06.12.2020;22:48:18;3.33;41.45;9.33;764.21;0.00;0.00;0.00
06.12.2020;22:49:18;3.33;40.53;9.35;764.19;0.00;0.00;0.00
06.12.2020;22:50:18;3.33;40.77;9.34;764.18;0.00;0.00;0.00
06.12.2020;22:51:18;3.33;41.08;9.34;764.18;0.00;0.00;0.00
06.12.2020;22:52:18;3.33;40.81;9.35;764.19;0.00;0.00;0.00
06.12.2020;22:53:18;3.33;40.74;9.35;764.19;0.00;0.00;0.00
06.12.2020;22:54:18;3.33;41.12;9.35;764.21;0.00;0.00;0.00
06.12.2020;22:55:18;3.33;41.25;9.36;764.20;0.00;0.00;0.00
06.12.2020;22:56:18;3.33;40.88;9.36;764.20;0.00;0.00;0.00
06.12.2020;22:57:18;3.33;41.16;9.36;764.20;0.00;0.00;0.00
06.12.2020;22:58:18;3.35;41.25;9.37;764.21;0.00;0.00;0.00
06.12.2020;22:59:18;3.33;41.38;9.37;764.22;0.00;0.00;0.00
06.12.2020;23:00:18;3.33;41.45;9.38;764.21;0.00;0.00;0.00
06.12.2020;23:01:18;3.36;41.19;9.39;764.22;0.00;0.00;0.00
06.12.2020;23:02:18;3.33;41.13;9.39;764.22;0.00;0.00;0.00
06.12.2020;23:03:18;3.33;40.59;9.37;764.23;0.00;0.00;0.00
06.12.2020;23:04:18;3.33;41.14;9.37;764.23;0.00;0.00;0.00
06.12.2020;23:05:18;3.33;40.32;9.36;764.25;0.00;0.00;0.00
06.12.2020;23:06:18;3.33;41.47;9.35;764.26;0.00;0.00;0.00
06.12.2020;23:07:18;3.33;41.46;9.37;764.25;0.00;0.00;0.00
06.12.2020;23:08:18;3.33;40.49;9.37;764.24;0.00;0.00;0.00
06.12.2020;23:09:18;3.33;41.12;9.35;764.25;0.00;0.00;0.00
06.12.2020;23:10:18;3.33;40.59;9.34;764.24;0.00;0.00;0.00
06.12.2020;23:11:18;3.33;40.97;9.33;764.24;0.00;0.00;0.00
06.12.2020;23:12:18;3.35;41.19;9.34;764.23;0.00;0.00;0.00
06.12.2020;23:13:18;3.33;40.78;9.33;764.24;0.00;0.00;0.00
06.12.2020;23:14:18;3.33;40.62;9.32;764.24;0.00;0.00;0.00
06.12.2020;23:15:18;3.36;41.23;9.31;764.24;0.00;0.00;0.00
06.12.2020;23:16:18;3.33;41.44;9.32;764.25;0.00;0.00;0.00
06.12.2020;23:17:18;3.33;41.08;9.33;764.24;0.00;0.00;0.00
06.12.2020;23:18:18;3.33;41.05;9.33;764.25;0.00;0.00;0.00
06.12.2020;23:19:19;3.33;41.47;9.33;764.24;0.00;0.00;0.00
06.12.2020;23:20:19;3.33;41.29;9.33;764.25;0.00;0.00;0.00
06.12.2020;23:21:19;3.33;41.07;9.33;764.27;0.00;0.00;0.00
06.12.2020;23:22:19;3.33;40.62;9.32;764.26;0.00;0.00;0.00
06.12.2020;23:23:19;3.33;41.37;9.31;764.27;0.00;0.00;0.00
06.12.2020;23:24:19;3.33;40.68;9.30;764.27;0.00;0.00;0.00
06.12.2020;23:25:19;3.33;40.99;9.27;764.27;0.00;0.00;0.00
06.12.2020;23:26:19;3.35;41.02;9.26;764.28;0.00;0.00;0.00
06.12.2020;23:27:19;3.33;40.82;9.24;764.29;0.00;0.00;0.00
06.12.2020;23:28:19;3.33;41.28;9.24;764.28;0.00;0.00;0.00
06.12.2020;23:29:19;3.35;40.79;9.23;764.26;0.00;0.00;0.00
06.12.2020;23:30:19;3.33;41.21;9.20;764.25;0.00;0.00;0.00
06.12.2020;23:31:19;3.33;40.99;9.20;764.25;0.00;0.00;0.00
06.12.2020;23:32:19;3.33;41.24;9.19;764.24;0.00;0.00;0.00
06.12.2020;23:33:19;3.33;41.00;9.18;764.27;0.00;0.00;0.00
06.12.2020;23:34:19;3.33;41.13;9.17;764.29;0.00;0.00;0.00
06.12.2020;23:35:19;3.33;41.40;9.16;764.29;0.00;0.00;0.00
06.12.2020;23:36:19;3.33;41.32;9.14;764.28;0.00;0.00;0.00
06.12.2020;23:37:19;3.33;40.56;9.13;764.28;0.00;0.00;0.00
06.12.2020;23:38:19;3.33;41.19;9.12;764.29;0.00;0.00;0.00
06.12.2020;23:39:19;3.33;40.82;9.11;764.29;0.00;0.00;0.00
06.12.2020;23:40:19;3.35;41.17;9.09;764.30;0.00;0.00;0.00
06.12.2020;23:41:19;3.33;41.12;9.08;764.31;0.00;0.00;0.00
06.12.2020;23:42:19;3.33;41.68;9.08;764.33;0.00;0.00;0.00
06.12.2020;23:43:19;3.35;41.27;9.07;764.32;0.00;0.00;0.00
06.12.2020;23:44:19;3.33;41.85;9.07;764.33;0.00;0.00;0.00
06.12.2020;23:45:19;3.33;41.64;9.07;764.34;0.00;0.00;0.00
06.12.2020;23:46:19;3.33;41.59;9.07;764.34;0.00;0.00;0.00
06.12.2020;23:47:19;3.33;41.46;9.06;764.37;0.00;0.00;0.00
06.12.2020;23:48:19;3.33;41.00;9.04;764.37;0.00;0.00;0.00
06.12.2020;23:49:19;3.33;40.52;9.02;764.39;0.00;0.00;0.00
06.12.2020;23:50:19;3.33;41.25;9.00;764.40;0.00;0.00;0.00
06.12.2020;23:51:19;3.33;41.71;9.00;764.41;0.00;0.00;0.00
06.12.2020;23:52:19;3.33;41.25;9.00;764.41;0.00;0.00;0.00
06.12.2020;23:53:19;3.33;41.01;8.99;764.42;0.00;0.00;0.00
06.12.2020;23:54:19;3.35;41.29;8.97;764.41;0.00;0.00;0.00
06.12.2020;23:55:20;3.33;41.08;8.97;764.40;0.00;0.00;0.00
06.12.2020;23:56:20;3.33;41.63;8.96;764.41;0.00;0.00;0.00
06.12.2020;23:57:20;3.36;41.73;8.97;764.41;0.00;0.00;0.00
06.12.2020;23:58:20;3.33;41.45;8.97;764.42;0.00;0.00;0.00
06.12.2020;23:59:20;3.33;41.49;8.97;764.41;0.00;0.00;0.00
