09.01.2021;0:00:54;2.51;46.79;9.72;749.98;0.00;0.00;0.00
09.01.2021;0:01:54;2.51;46.91;9.72;749.99;0.00;0.00;0.00
09.01.2021;0:02:54;2.53;46.83;9.71;749.99;0.00;0.00;0.00
09.01.2021;0:03:54;2.54;46.78;9.71;750.00;0.00;0.00;0.00
09.01.2021;0:04:54;2.51;46.80;9.69;750.01;0.00;0.00;0.00
09.01.2021;0:05:54;2.51;46.78;9.69;750.02;0.00;0.00;0.00
09.01.2021;0:06:54;2.53;46.82;9.70;750.01;0.00;0.00;0.00
09.01.2021;0:07:54;2.53;46.91;9.69;749.99;0.00;0.00;0.00
09.01.2021;0:08:54;2.50;47.00;9.68;749.98;0.00;0.00;0.00
09.01.2021;0:09:54;2.51;46.95;9.67;749.96;0.00;0.00;0.00
09.01.2021;0:10:54;2.50;47.05;9.69;749.97;0.00;0.00;0.00
09.01.2021;0:11:54;2.51;46.97;9.69;749.97;0.00;0.00;0.00
09.01.2021;0:12:54;2.50;47.03;9.68;749.98;0.00;0.00;0.00
09.01.2021;0:13:54;2.51;47.02;9.68;749.99;0.00;0.00;0.00
09.01.2021;0:14:54;2.51;46.89;9.67;750.00;0.00;0.00;0.00
09.01.2021;0:15:54;2.51;46.90;9.67;750.00;0.00;0.00;0.00
09.01.2021;0:16:54;2.50;46.95;9.66;750.00;0.00;0.00;0.00
09.01.2021;0:17:54;2.53;47.03;9.67;749.99;0.00;0.00;0.00
09.01.2021;0:18:54;2.51;47.02;9.66;750.01;0.00;0.00;0.00
09.01.2021;0:19:54;2.50;47.21;9.67;750.03;0.00;0.00;0.00
09.01.2021;0:20:54;2.54;47.06;9.67;750.02;0.00;0.00;0.00
09.01.2021;0:21:54;2.51;47.07;9.65;750.04;0.00;0.00;0.00
09.01.2021;0:22:54;2.51;47.07;9.64;750.03;0.00;0.00;0.00
09.01.2021;0:23:54;2.54;47.05;9.64;750.02;0.00;0.00;0.00
09.01.2021;0:24:54;2.50;47.08;9.64;750.01;0.00;0.00;0.00
09.01.2021;0:25:54;2.50;47.16;9.63;750.00;0.00;0.00;0.00
09.01.2021;0:26:54;2.50;47.10;9.64;750.01;0.00;0.00;0.00
09.01.2021;0:27:54;2.50;47.11;9.65;750.01;0.00;0.00;0.00
09.01.2021;0:28:54;2.51;47.12;9.65;750.02;0.00;0.00;0.00
09.01.2021;0:29:54;2.50;47.12;9.67;750.03;0.00;0.00;0.00
09.01.2021;0:30:55;2.51;47.15;9.64;750.03;0.00;0.00;0.00
09.01.2021;0:31:55;2.54;47.15;9.62;750.03;0.00;0.00;0.00
09.01.2021;0:32:55;2.50;47.20;9.62;750.01;0.00;0.00;0.00
09.01.2021;0:33:55;2.50;47.17;9.62;750.02;0.00;0.00;0.00
09.01.2021;0:34:55;2.54;47.16;9.62;750.01;0.00;0.00;0.00
09.01.2021;0:35:55;2.51;47.35;9.62;750.01;0.00;0.00;0.00
09.01.2021;0:36:55;2.53;47.37;9.63;750.02;0.00;0.00;0.00
09.01.2021;0:37:55;2.54;47.14;9.65;750.03;0.00;0.00;0.00
09.01.2021;0:38:55;2.50;47.22;9.65;750.04;0.00;0.00;0.00
09.01.2021;0:39:55;2.50;47.24;9.66;750.03;0.00;0.00;0.00
09.01.2021;0:40:55;2.50;47.21;9.65;750.02;0.00;0.00;0.00
09.01.2021;0:41:55;2.50;47.33;9.65;750.02;0.00;0.00;0.00
09.01.2021;0:42:55;2.50;47.22;9.68;750.01;0.00;0.00;0.00
09.01.2021;0:43:55;2.50;47.07;9.68;750.00;0.00;0.00;0.00
09.01.2021;0:44:55;2.50;47.06;9.67;750.00;0.00;0.00;0.00
09.01.2021;0:45:55;2.53;47.16;9.65;750.00;0.00;0.00;0.00
09.01.2021;0:46:55;2.51;47.11;9.66;750.00;0.00;0.00;0.00
09.01.2021;0:47:55;2.50;47.12;9.67;750.01;0.00;0.00;0.00
09.01.2021;0:48:55;2.53;47.11;9.70;750.02;0.00;0.00;0.00
09.01.2021;0:49:55;2.50;47.02;9.71;750.01;0.00;0.00;0.00
09.01.2021;0:50:55;2.51;47.01;9.69;750.01;0.00;0.00;0.00
09.01.2021;0:51:55;2.51;47.20;9.67;750.01;0.00;0.00;0.00
09.01.2021;0:52:55;2.51;47.14;9.66;750.00;0.00;0.00;0.00
09.01.2021;0:53:55;2.50;47.21;9.68;750.00;0.00;0.00;0.00
09.01.2021;0:54:55;2.50;47.13;9.69;750.00;0.00;0.00;0.00
09.01.2021;0:55:55;2.50;47.18;9.71;750.00;0.00;0.00;0.00
09.01.2021;0:56:55;2.50;47.10;9.70;750.00;0.00;0.00;0.00
09.01.2021;0:57:55;2.50;47.11;9.70;749.99;0.00;0.00;0.00
09.01.2021;0:58:55;2.50;47.07;9.68;750.00;0.00;0.00;0.00
09.01.2021;0:59:55;2.54;47.10;9.67;749.98;0.00;0.00;0.00
09.01.2021;1:00:55;2.51;47.11;9.66;749.97;0.00;0.00;0.00
09.01.2021;1:01:55;2.50;47.13;9.67;749.96;0.00;0.00;0.00
09.01.2021;1:02:55;2.53;47.06;9.67;749.95;0.00;0.00;0.00
09.01.2021;1:03:55;2.53;47.25;9.64;749.93;0.00;0.00;0.00
09.01.2021;1:04:55;2.50;47.12;9.63;749.93;0.00;0.00;0.00
09.01.2021;1:05:56;2.51;47.09;9.64;749.93;0.00;0.00;0.00
09.01.2021;1:06:56;2.50;47.07;9.64;749.93;0.00;0.00;0.00
09.01.2021;1:07:56;2.50;47.14;9.64;749.91;0.00;0.00;0.00
09.01.2021;1:08:56;2.50;47.16;9.64;749.90;0.00;0.00;0.00
09.01.2021;1:09:56;2.54;47.18;9.64;749.88;0.00;0.00;0.00
09.01.2021;1:10:56;2.50;47.14;9.63;749.89;0.00;0.00;0.00
09.01.2021;1:11:56;2.50;47.13;9.63;749.90;0.00;0.00;0.00
09.01.2021;1:12:56;2.50;47.16;9.62;749.89;0.00;0.00;0.00
09.01.2021;1:13:56;2.53;47.19;9.62;749.88;0.00;0.00;0.00
09.01.2021;1:14:56;2.50;47.13;9.62;749.88;0.00;0.00;0.00
09.01.2021;1:15:56;2.50;47.09;9.63;749.88;0.00;0.00;0.00
09.01.2021;1:16:56;2.54;47.19;9.63;749.88;0.00;0.00;0.00
09.01.2021;1:17:56;2.51;47.25;9.66;749.88;0.00;0.00;0.00
09.01.2021;1:18:56;2.50;47.13;9.66;749.87;0.00;0.00;0.00
09.01.2021;1:19:56;2.51;47.18;9.65;749.87;0.00;0.00;0.00
09.01.2021;1:20:56;2.57;47.22;9.66;749.88;0.00;0.00;0.00
09.01.2021;1:21:56;2.50;47.18;9.67;749.89;0.00;0.00;0.00
09.01.2021;1:22:56;2.50;47.07;9.65;749.88;0.00;0.00;0.00
09.01.2021;1:23:56;2.51;47.08;9.63;749.88;0.00;0.00;0.00
09.01.2021;1:24:56;2.51;47.15;9.64;749.87;0.00;0.00;0.00
09.01.2021;1:25:56;2.51;47.09;9.64;749.87;0.00;0.00;0.00
09.01.2021;1:26:56;2.51;47.06;9.63;749.87;0.00;0.00;0.00
09.01.2021;1:27:56;2.53;47.07;9.64;749.87;0.00;0.00;0.00
09.01.2021;1:28:56;2.51;47.06;9.63;749.85;0.00;0.00;0.00
09.01.2021;1:29:56;2.50;47.12;9.63;749.86;0.00;0.00;0.00
09.01.2021;1:30:56;2.53;47.01;9.63;749.85;0.00;0.00;0.00
09.01.2021;1:31:56;2.50;47.08;9.59;749.84;0.00;0.00;0.00
09.01.2021;1:32:56;2.50;47.32;9.62;749.85;0.00;0.00;0.00
09.01.2021;1:33:56;2.51;47.30;9.62;749.85;0.00;0.00;0.00
09.01.2021;1:34:56;2.51;47.19;9.59;749.83;0.00;0.00;0.00
09.01.2021;1:35:56;2.50;47.17;9.59;749.84;0.00;0.00;0.00
09.01.2021;1:36:56;2.51;47.27;9.59;749.82;0.00;0.00;0.00
09.01.2021;1:37:56;2.50;47.18;9.58;749.81;0.00;0.00;0.00
09.01.2021;1:38:56;2.50;47.22;9.58;749.81;0.00;0.00;0.00
09.01.2021;1:39:56;2.50;47.22;9.59;749.80;0.00;0.00;0.00
09.01.2021;1:40:57;2.50;47.21;9.57;749.79;0.00;0.00;0.00
09.01.2021;1:41:57;2.54;47.22;9.56;749.79;0.00;0.00;0.00
09.01.2021;1:42:57;2.54;47.25;9.55;749.78;0.00;0.00;0.00
09.01.2021;1:43:57;2.51;47.34;9.55;749.76;0.00;0.00;0.00
09.01.2021;1:44:57;2.53;47.32;9.53;749.76;0.00;0.00;0.00
09.01.2021;1:45:57;2.50;47.33;9.50;749.76;0.00;0.00;0.00
09.01.2021;1:46:57;2.50;47.41;9.51;749.77;0.00;0.00;0.00
09.01.2021;1:47:57;2.51;47.47;9.51;749.77;0.00;0.00;0.00
09.01.2021;1:48:57;2.50;47.40;9.49;749.76;0.00;0.00;0.00
09.01.2021;1:49:57;2.50;47.45;9.49;749.77;0.00;0.00;0.00
09.01.2021;1:50:57;2.50;47.45;9.47;749.78;0.00;0.00;0.00
09.01.2021;1:51:57;2.50;47.47;9.46;749.77;0.00;0.00;0.00
09.01.2021;1:52:57;2.50;47.55;9.46;749.76;0.00;0.00;0.00
09.01.2021;1:53:57;2.50;47.53;9.46;749.75;0.00;0.00;0.00
09.01.2021;1:54:57;2.51;47.75;9.47;749.73;0.00;0.00;0.00
09.01.2021;1:55:57;2.53;47.54;9.47;749.73;0.00;0.00;0.00
09.01.2021;1:56:57;2.50;47.54;9.48;749.72;0.00;0.00;0.00
09.01.2021;1:57:57;2.50;47.49;9.48;749.72;0.00;0.00;0.00
09.01.2021;1:58:57;2.53;47.35;9.49;749.72;0.00;0.00;0.00
09.01.2021;1:59:57;2.51;47.38;9.48;749.72;0.00;0.00;0.00
09.01.2021;2:00:57;2.51;47.46;9.48;749.72;0.00;0.00;0.00
09.01.2021;2:01:57;2.54;47.44;9.47;749.71;0.00;0.00;0.00
09.01.2021;2:02:57;2.51;47.38;9.47;749.71;0.00;0.00;0.00
09.01.2021;2:03:57;2.50;47.50;9.45;749.71;0.00;0.00;0.00
09.01.2021;2:04:57;2.50;47.55;9.44;749.70;0.00;0.00;0.00
09.01.2021;2:05:57;2.53;47.58;9.43;749.69;0.00;0.00;0.00
09.01.2021;2:06:57;2.51;47.51;9.43;749.67;0.00;0.00;0.00
09.01.2021;2:07:57;2.51;47.54;9.43;749.66;0.00;0.00;0.00
09.01.2021;2:08:57;2.50;47.62;9.43;749.66;0.00;0.00;0.00
09.01.2021;2:09:57;2.53;47.59;9.42;749.66;0.00;0.00;0.00
09.01.2021;2:10:57;2.50;47.55;9.41;749.65;0.00;0.00;0.00
09.01.2021;2:11:57;2.51;47.56;9.41;749.66;0.00;0.00;0.00
09.01.2021;2:12:57;2.53;47.82;9.40;749.66;0.00;0.00;0.00
09.01.2021;2:13:57;2.50;47.82;9.39;749.66;0.00;0.00;0.00
09.01.2021;2:14:57;2.50;47.69;9.36;749.66;0.00;0.00;0.00
09.01.2021;2:15:57;2.51;47.72;9.36;749.64;0.00;0.00;0.00
09.01.2021;2:16:58;2.50;47.75;9.36;749.64;0.00;0.00;0.00
09.01.2021;2:17:58;2.50;47.78;9.36;749.63;0.00;0.00;0.00
09.01.2021;2:18:58;2.50;47.81;9.37;749.63;0.00;0.00;0.00
09.01.2021;2:19:58;2.50;47.87;9.38;749.63;0.00;0.00;0.00
09.01.2021;2:20:58;2.50;47.73;9.38;749.63;0.00;0.00;0.00
09.01.2021;2:21:58;2.50;47.79;9.38;749.63;0.00;0.00;0.00
09.01.2021;2:22:58;2.51;47.88;9.37;749.63;0.00;0.00;0.00
09.01.2021;2:23:58;2.53;47.83;9.36;749.63;0.00;0.00;0.00
09.01.2021;2:24:58;2.50;47.69;9.36;749.63;0.00;0.00;0.00
09.01.2021;2:25:58;2.50;47.70;9.35;749.64;0.00;0.00;0.00
09.01.2021;2:26:58;2.54;47.74;9.34;749.63;0.00;0.00;0.00
09.01.2021;2:27:58;2.51;47.73;9.35;749.63;0.00;0.00;0.00
09.01.2021;2:28:58;2.50;47.78;9.34;749.63;0.00;0.00;0.00
09.01.2021;2:29:58;2.51;47.81;9.33;749.62;0.00;0.00;0.00
09.01.2021;2:30:58;2.51;47.91;9.32;749.63;0.00;0.00;0.00
09.01.2021;2:31:58;2.53;47.87;9.33;749.63;0.00;0.00;0.00
09.01.2021;2:32:58;2.51;47.87;9.33;749.60;0.00;0.00;0.00
09.01.2021;2:33:58;2.51;47.94;9.34;749.61;0.00;0.00;0.00
09.01.2021;2:34:58;2.51;47.92;9.34;749.60;0.00;0.00;0.00
09.01.2021;2:35:58;2.50;47.82;9.34;749.59;0.00;0.00;0.00
09.01.2021;2:36:58;2.50;47.81;9.33;749.59;0.00;0.00;0.00
09.01.2021;2:37:58;2.53;47.92;9.32;749.58;0.00;0.00;0.00
09.01.2021;2:38:58;2.50;47.96;9.31;749.58;0.00;0.00;0.00
09.01.2021;2:39:58;2.51;48.02;9.32;749.57;0.00;0.00;0.00
09.01.2021;2:40:58;2.54;47.94;9.32;749.57;0.00;0.00;0.00
09.01.2021;2:41:58;2.50;47.99;9.30;749.57;0.00;0.00;0.00
09.01.2021;2:42:58;2.50;48.00;9.31;749.57;0.00;0.00;0.00
09.01.2021;2:43:58;2.53;47.90;9.33;749.56;0.00;0.00;0.00
09.01.2021;2:44:58;2.50;47.89;9.34;749.55;0.00;0.00;0.00
09.01.2021;2:45:58;2.50;47.88;9.35;749.56;0.00;0.00;0.00
09.01.2021;2:46:58;2.50;47.90;9.36;749.55;0.00;0.00;0.00
09.01.2021;2:47:58;2.51;47.92;9.37;749.53;0.00;0.00;0.00
09.01.2021;2:48:58;2.51;48.21;9.38;749.53;0.00;0.00;0.00
09.01.2021;2:49:58;2.50;47.90;9.40;749.50;0.00;0.00;0.00
09.01.2021;2:50:58;2.50;47.86;9.40;749.51;0.00;0.00;0.00
09.01.2021;2:51:59;2.53;47.86;9.42;749.49;0.00;0.00;0.00
09.01.2021;2:52:59;2.50;47.79;9.42;749.48;0.00;0.00;0.00
09.01.2021;2:53:59;2.50;47.82;9.41;749.48;0.00;0.00;0.00
09.01.2021;2:54:59;2.53;47.68;9.43;749.47;0.00;0.00;0.00
09.01.2021;2:55:59;2.51;47.71;9.44;749.49;0.00;0.00;0.00
09.01.2021;2:56:59;2.50;47.76;9.43;749.50;0.00;0.00;0.00
09.01.2021;2:57:59;2.51;47.70;9.44;749.51;0.00;0.00;0.00
09.01.2021;2:58:59;2.50;47.71;9.44;749.53;0.00;0.00;0.00
09.01.2021;2:59:59;2.50;47.74;9.46;749.55;0.00;0.00;0.00
09.01.2021;3:00:59;2.50;47.75;9.45;749.54;0.00;0.00;0.00
09.01.2021;3:01:59;2.50;47.74;9.45;749.53;0.00;0.00;0.00
09.01.2021;3:02:59;2.50;47.70;9.46;749.53;0.00;0.00;0.00
09.01.2021;3:03:59;2.50;47.60;9.48;749.54;0.00;0.00;0.00
09.01.2021;3:04:59;2.50;47.63;9.49;749.54;0.00;0.00;0.00
09.01.2021;3:05:59;2.53;47.64;9.49;749.54;0.00;0.00;0.00
09.01.2021;3:06:59;2.50;47.75;9.52;749.55;0.00;0.00;0.00
09.01.2021;3:07:59;2.50;47.57;9.51;749.56;0.00;0.00;0.00
09.01.2021;3:08:59;2.53;47.54;9.49;749.57;0.00;0.00;0.00
09.01.2021;3:09:59;2.50;47.53;9.48;749.56;0.00;0.00;0.00
09.01.2021;3:10:59;2.50;47.58;9.47;749.57;0.00;0.00;0.00
09.01.2021;3:11:59;2.51;47.64;9.47;749.57;0.00;0.00;0.00
09.01.2021;3:12:59;2.50;47.66;9.47;749.55;0.00;0.00;0.00
09.01.2021;3:13:59;2.63;47.67;9.47;749.55;0.00;0.00;0.00
09.01.2021;3:14:59;2.50;47.59;9.47;749.58;0.00;0.00;0.00
09.01.2021;3:15:59;2.50;47.67;9.47;749.56;0.00;0.00;0.00
09.01.2021;3:16:59;2.51;47.56;9.46;749.54;0.00;0.00;0.00
09.01.2021;3:17:59;2.50;47.62;9.45;749.54;0.00;0.00;0.00
09.01.2021;3:18:59;2.50;47.70;9.45;749.54;0.00;0.00;0.00
09.01.2021;3:19:59;2.53;47.73;9.44;749.53;0.00;0.00;0.00
09.01.2021;3:20:59;2.50;47.66;9.45;749.53;0.00;0.00;0.00
09.01.2021;3:21:59;2.50;47.73;9.46;749.54;0.00;0.00;0.00
09.01.2021;3:22:59;2.53;47.67;9.47;749.55;0.00;0.00;0.00
09.01.2021;3:23:59;2.51;47.79;9.49;749.55;0.00;0.00;0.00
09.01.2021;3:24:59;2.50;48.03;9.49;749.54;0.00;0.00;0.00
09.01.2021;3:25:59;2.51;47.71;9.48;749.54;0.00;0.00;0.00
09.01.2021;3:27:00;2.50;47.67;9.49;749.53;0.00;0.00;0.00
09.01.2021;3:28:00;2.50;47.78;9.52;749.54;0.00;0.00;0.00
09.01.2021;3:29:00;2.50;47.76;9.51;749.53;0.00;0.00;0.00
09.01.2021;3:30:00;2.50;47.71;9.50;749.53;0.00;0.00;0.00
09.01.2021;3:31:00;2.50;47.66;9.50;749.54;0.00;0.00;0.00
09.01.2021;3:32:00;2.50;47.76;9.50;749.53;0.00;0.00;0.00
09.01.2021;3:33:00;2.50;47.76;9.49;749.52;0.00;0.00;0.00
09.01.2021;3:34:00;2.53;47.74;9.48;749.54;0.00;0.00;0.00
09.01.2021;3:35:00;2.50;47.71;9.48;749.54;0.00;0.00;0.00
09.01.2021;3:36:00;2.50;47.67;9.47;749.54;0.00;0.00;0.00
09.01.2021;3:37:00;2.53;47.71;9.47;749.54;0.00;0.00;0.00
09.01.2021;3:38:00;2.51;47.68;9.48;749.54;0.00;0.00;0.00
09.01.2021;3:39:00;2.50;47.62;9.50;749.54;0.00;0.00;0.00
09.01.2021;3:40:00;2.51;47.78;9.51;749.55;0.00;0.00;0.00
09.01.2021;3:41:00;2.50;47.76;9.51;749.55;0.00;0.00;0.00
09.01.2021;3:42:00;2.50;47.72;9.51;749.54;0.00;0.00;0.00
09.01.2021;3:43:00;2.50;47.68;9.49;749.55;0.00;0.00;0.00
09.01.2021;3:44:00;2.50;47.69;9.49;749.54;0.00;0.00;0.00
09.01.2021;3:45:00;2.50;47.57;9.49;749.54;0.00;0.00;0.00
09.01.2021;3:46:00;2.50;47.55;9.49;749.56;0.00;0.00;0.00
09.01.2021;3:47:00;2.50;47.61;9.48;749.56;0.00;0.00;0.00
09.01.2021;3:48:00;2.54;47.81;9.46;749.57;0.00;0.00;0.00
09.01.2021;3:49:00;2.51;47.77;9.45;749.57;0.00;0.00;0.00
09.01.2021;3:50:00;2.50;47.74;9.45;749.57;0.00;0.00;0.00
09.01.2021;3:51:00;2.53;47.68;9.44;749.57;0.00;0.00;0.00
09.01.2021;3:52:00;2.51;47.70;9.44;749.57;0.00;0.00;0.00
09.01.2021;3:53:00;2.50;47.73;9.43;749.58;0.00;0.00;0.00
09.01.2021;3:54:00;2.51;47.72;9.43;749.59;0.00;0.00;0.00
09.01.2021;3:55:00;2.50;47.69;9.44;749.59;0.00;0.00;0.00
09.01.2021;3:56:00;2.50;47.81;9.43;749.60;0.00;0.00;0.00
09.01.2021;3:57:00;2.50;47.72;9.43;749.62;0.00;0.00;0.00
09.01.2021;3:58:00;2.50;47.73;9.43;749.63;0.00;0.00;0.00
09.01.2021;3:59:00;2.50;47.71;9.42;749.64;0.00;0.00;0.00
09.01.2021;4:00:00;2.50;47.76;9.42;749.64;0.00;0.00;0.00
09.01.2021;4:01:00;2.51;47.94;9.41;749.64;0.00;0.00;0.00
09.01.2021;4:02:00;2.54;48.00;9.41;749.63;0.00;0.00;0.00
09.01.2021;4:03:01;2.50;47.79;9.41;749.63;0.00;0.00;0.00
09.01.2021;4:04:01;2.50;47.82;9.41;749.64;0.00;0.00;0.00
09.01.2021;4:05:01;2.53;47.75;9.40;749.64;0.00;0.00;0.00
09.01.2021;4:06:01;2.50;47.97;9.40;749.64;0.00;0.00;0.00
09.01.2021;4:07:01;2.50;48.18;9.40;749.64;0.00;0.00;0.00
09.01.2021;4:08:01;2.53;47.96;9.39;749.65;0.00;0.00;0.00
09.01.2021;4:09:01;2.53;47.87;9.39;749.66;0.00;0.00;0.00
09.01.2021;4:10:01;2.54;47.86;9.39;749.67;0.00;0.00;0.00
09.01.2021;4:11:01;2.51;47.92;9.39;749.68;0.00;0.00;0.00
09.01.2021;4:12:01;2.51;47.83;9.39;749.70;0.00;0.00;0.00
09.01.2021;4:13:01;2.51;47.93;9.39;749.72;0.00;0.00;0.00
09.01.2021;4:14:01;2.50;47.85;9.39;749.71;0.00;0.00;0.00
09.01.2021;4:15:01;2.50;47.82;9.38;749.70;0.00;0.00;0.00
09.01.2021;4:16:01;2.53;47.92;9.38;749.71;0.00;0.00;0.00
09.01.2021;4:17:01;2.50;47.88;9.37;749.71;0.00;0.00;0.00
09.01.2021;4:18:01;2.50;47.91;9.37;749.70;0.00;0.00;0.00
09.01.2021;4:19:01;2.54;48.23;9.37;749.69;0.00;0.00;0.00
09.01.2021;4:20:01;2.51;48.02;9.38;749.68;0.00;0.00;0.00
09.01.2021;4:21:01;2.51;47.91;9.38;749.69;0.00;0.00;0.00
09.01.2021;4:22:01;2.54;47.90;9.37;749.69;0.00;0.00;0.00
09.01.2021;4:23:01;2.51;48.00;9.36;749.68;0.00;0.00;0.00
09.01.2021;4:24:01;2.50;47.94;9.36;749.69;0.00;0.00;0.00
09.01.2021;4:25:01;2.50;48.35;9.37;749.68;0.00;0.00;0.00
09.01.2021;4:26:01;2.50;48.30;9.38;749.70;0.00;0.00;0.00
09.01.2021;4:27:01;2.51;48.12;9.38;749.70;0.00;0.00;0.00
09.01.2021;4:28:01;2.50;47.89;9.38;749.71;0.00;0.00;0.00
09.01.2021;4:29:01;2.50;47.92;9.38;749.71;0.00;0.00;0.00
09.01.2021;4:30:01;2.54;47.95;9.38;749.70;0.00;0.00;0.00
09.01.2021;4:31:01;2.50;47.94;9.39;749.70;0.00;0.00;0.00
09.01.2021;4:32:01;2.50;47.94;9.38;749.71;0.00;0.00;0.00
09.01.2021;4:33:01;2.53;48.04;9.37;749.72;0.00;0.00;0.00
09.01.2021;4:34:01;2.50;48.11;9.37;749.73;0.00;0.00;0.00
09.01.2021;4:35:01;2.50;48.01;9.36;749.74;0.00;0.00;0.00
09.01.2021;4:36:01;2.53;48.14;9.36;749.73;0.00;0.00;0.00
09.01.2021;4:37:01;2.54;48.10;9.36;749.73;0.00;0.00;0.00
09.01.2021;4:38:02;2.50;47.98;9.37;749.73;0.00;0.00;0.00
09.01.2021;4:39:02;2.54;47.99;9.38;749.73;0.00;0.00;0.00
09.01.2021;4:40:02;2.50;48.09;9.38;749.72;0.00;0.00;0.00
09.01.2021;4:41:02;2.51;47.99;9.38;749.71;0.00;0.00;0.00
09.01.2021;4:42:02;2.51;48.02;9.38;749.71;0.00;0.00;0.00
09.01.2021;4:43:02;2.50;48.03;9.38;749.70;0.00;0.00;0.00
09.01.2021;4:44:02;2.54;47.99;9.38;749.70;0.00;0.00;0.00
09.01.2021;4:45:02;2.50;48.09;9.38;749.69;0.00;0.00;0.00
09.01.2021;4:46:02;2.53;48.16;9.37;749.69;0.00;0.00;0.00
09.01.2021;4:47:02;2.53;47.97;9.39;749.70;0.00;0.00;0.00
09.01.2021;4:48:02;2.50;47.98;9.39;749.71;0.00;0.00;0.00
09.01.2021;4:49:02;2.50;48.06;9.38;749.71;0.00;0.00;0.00
09.01.2021;4:50:02;2.53;48.00;9.37;749.71;0.00;0.00;0.00
09.01.2021;4:51:02;2.53;47.86;9.38;749.73;0.00;0.00;0.00
09.01.2021;4:52:02;2.50;47.91;9.38;749.74;0.00;0.00;0.00
09.01.2021;4:53:02;2.50;48.01;9.37;749.76;0.00;0.00;0.00
09.01.2021;4:54:02;2.53;48.05;9.35;749.76;0.00;0.00;0.00
09.01.2021;4:55:02;2.51;47.96;9.36;749.76;0.00;0.00;0.00
09.01.2021;4:56:02;2.50;48.08;9.36;749.76;0.00;0.00;0.00
09.01.2021;4:57:02;2.51;48.12;9.36;749.75;0.00;0.00;0.00
09.01.2021;4:58:02;2.53;48.18;9.36;749.75;0.00;0.00;0.00
09.01.2021;4:59:02;2.50;48.04;9.36;749.75;0.00;0.00;0.00
09.01.2021;5:00:02;2.50;48.05;9.36;749.75;0.00;0.00;0.00
09.01.2021;5:01:02;2.54;48.02;9.36;749.77;0.00;0.00;0.00
09.01.2021;5:02:02;2.50;48.03;9.35;749.77;0.00;0.00;0.00
09.01.2021;5:03:02;2.50;48.30;9.35;749.78;0.00;0.00;0.00
09.01.2021;5:04:02;2.51;48.18;9.36;749.77;0.00;0.00;0.00
09.01.2021;5:05:02;2.51;48.14;9.35;749.77;0.00;0.00;0.00
09.01.2021;5:06:02;2.51;48.28;9.35;749.79;0.00;0.00;0.00
09.01.2021;5:07:02;2.50;48.14;9.35;749.80;0.00;0.00;0.00
09.01.2021;5:08:02;2.50;48.03;9.34;749.82;0.00;0.00;0.00
09.01.2021;5:09:02;2.51;48.13;9.34;749.83;0.00;0.00;0.00
09.01.2021;5:10:02;2.53;48.26;9.34;749.85;0.00;0.00;0.00
09.01.2021;5:11:02;2.53;48.42;9.35;749.86;0.00;0.00;0.00
09.01.2021;5:12:02;2.57;48.19;9.35;749.86;0.00;0.00;0.00
09.01.2021;5:13:02;2.56;48.19;9.34;749.86;0.00;0.00;0.00
09.01.2021;5:14:03;2.57;48.16;9.34;749.88;0.00;0.00;0.00
09.01.2021;5:15:03;2.68;48.11;9.34;749.88;0.00;0.00;0.00
09.01.2021;5:16:03;2.64;48.23;9.34;749.87;0.00;0.00;0.00
09.01.2021;5:17:03;2.81;48.22;9.34;749.88;0.00;0.00;0.00
09.01.2021;5:18:03;2.72;48.36;9.35;749.89;0.00;0.00;0.00
09.01.2021;5:19:03;2.87;48.25;9.34;749.89;0.00;0.00;0.00
09.01.2021;5:20:03;2.99;48.21;9.34;749.90;0.00;0.00;0.00
09.01.2021;5:21:03;3.15;48.07;9.35;749.90;0.00;0.00;0.00
09.01.2021;5:22:03;3.23;48.14;9.35;749.90;0.00;0.00;0.00
09.01.2021;5:23:03;3.31;48.11;9.35;749.93;0.00;0.00;0.00
09.01.2021;5:24:03;3.32;48.15;9.34;749.92;0.00;0.00;0.00
09.01.2021;5:25:03;3.33;48.16;9.34;749.93;0.00;0.00;0.00
09.01.2021;5:26:03;3.35;48.14;9.35;749.92;0.00;0.00;0.00
09.01.2021;5:27:03;3.33;48.28;9.34;749.92;0.00;0.00;0.00
09.01.2021;5:28:03;3.33;48.18;9.35;749.93;0.00;0.00;0.00
09.01.2021;5:29:03;3.36;48.17;9.35;749.94;0.00;0.00;0.00
09.01.2021;5:30:03;3.33;48.38;9.37;749.94;0.00;0.00;0.00
09.01.2021;5:31:03;3.33;48.19;9.38;749.94;0.00;0.00;0.00
09.01.2021;5:32:03;3.33;48.18;9.37;749.95;0.00;0.00;0.00
09.01.2021;5:33:03;3.33;48.17;9.36;749.96;0.00;0.00;0.00
09.01.2021;5:34:03;3.33;48.20;9.36;749.99;0.00;0.00;0.00
09.01.2021;5:35:03;3.33;48.22;9.36;750.00;0.00;0.00;0.00
09.01.2021;5:36:03;3.33;48.18;9.36;750.01;0.00;0.00;0.00
09.01.2021;5:37:03;3.33;48.21;9.38;750.02;0.00;0.00;0.00
09.01.2021;5:38:03;3.33;48.16;9.39;750.02;0.00;0.00;0.00
09.01.2021;5:39:03;3.33;48.13;9.39;750.02;0.00;0.00;0.00
09.01.2021;5:40:03;3.35;48.13;9.40;750.04;0.00;0.00;0.00
09.01.2021;5:41:03;3.33;48.11;9.41;750.06;0.00;0.00;0.00
09.01.2021;5:42:03;3.33;48.05;9.40;750.06;0.00;0.00;0.00
09.01.2021;5:43:03;3.36;48.10;9.40;750.07;0.00;0.00;0.00
09.01.2021;5:44:03;3.33;48.04;9.40;750.09;0.00;0.00;0.00
09.01.2021;5:45:03;3.59;48.00;9.41;750.11;0.00;0.00;0.00
09.01.2021;5:46:03;4.17;48.03;9.41;750.11;0.00;0.00;0.00
09.01.2021;5:47:03;4.17;48.20;9.40;750.13;0.00;0.00;0.00
09.01.2021;5:48:03;4.17;48.13;9.39;750.13;0.00;0.00;0.00
09.01.2021;5:49:04;4.33;48.12;9.40;750.14;0.00;0.00;0.00
09.01.2021;5:50:04;5.00;48.22;9.41;750.14;0.00;0.00;0.00
09.01.2021;5:51:04;5.18;48.11;9.41;750.15;0.00;0.00;0.00
09.01.2021;5:52:04;6.07;48.22;9.40;750.14;0.00;0.00;0.00
09.01.2021;5:53:04;7.23;48.17;9.40;750.16;0.00;0.00;0.00
09.01.2021;5:54:04;8.53;47.98;9.42;750.16;0.00;0.00;0.00
09.01.2021;5:55:04;9.65;47.99;9.42;750.16;0.00;0.00;0.00
09.01.2021;5:56:04;11.81;48.07;9.41;750.16;0.00;0.00;0.00
09.01.2021;5:57:04;13.01;48.08;9.41;750.16;0.00;0.00;0.00
09.01.2021;5:58:04;15.47;48.09;9.41;750.14;0.00;0.00;0.00
09.01.2021;5:59:04;17.39;48.11;9.40;750.15;0.00;0.00;0.00
09.01.2021;6:00:04;17.21;48.05;9.42;750.16;0.00;0.00;0.00
09.01.2021;6:01:04;19.31;48.12;9.41;750.18;0.00;0.00;0.00
09.01.2021;6:02:04;21.68;48.15;9.41;750.17;0.01;0.00;0.00
09.01.2021;6:03:04;23.33;48.38;9.43;750.19;0.02;0.00;0.00
09.01.2021;6:04:04;25.08;48.22;9.44;750.20;0.02;0.00;0.00
09.01.2021;6:05:04;25.99;48.10;9.43;750.20;0.03;0.00;0.00
09.01.2021;6:06:04;25.93;48.07;9.44;750.21;0.03;0.00;0.00
09.01.2021;6:07:04;26.31;48.18;9.44;750.22;0.03;0.00;0.00
09.01.2021;6:08:04;24.69;48.11;9.44;750.22;0.02;0.00;0.00
09.01.2021;6:09:04;25.29;48.12;9.45;750.22;0.02;0.00;0.00
09.01.2021;6:10:04;28.52;48.12;9.45;750.22;0.03;0.00;0.00
09.01.2021;6:11:04;27.32;48.03;9.45;750.23;0.03;0.00;0.00
09.01.2021;6:12:04;28.01;48.07;9.44;750.24;0.03;0.00;0.00
09.01.2021;6:13:04;32.46;48.10;9.43;750.24;0.05;0.00;0.00
09.01.2021;6:14:04;34.76;48.29;9.43;750.26;0.05;0.00;0.00
09.01.2021;6:15:04;37.78;48.23;9.44;750.28;0.06;0.00;0.00
09.01.2021;6:16:04;38.88;48.11;9.46;750.28;0.07;0.00;0.00
09.01.2021;6:17:04;45.39;48.13;9.47;750.28;0.09;0.00;0.00
09.01.2021;6:18:04;49.73;48.08;9.47;750.29;0.11;0.00;0.00
09.01.2021;6:19:04;51.60;48.03;9.47;750.29;0.12;0.00;0.00
09.01.2021;6:20:04;52.44;48.00;9.47;750.31;0.12;0.00;0.00
09.01.2021;6:21:04;47.22;47.98;9.48;750.31;0.10;0.00;0.00
09.01.2021;6:22:04;46.01;48.12;9.48;750.31;0.10;0.00;0.00
09.01.2021;6:23:05;48.03;48.09;9.49;750.32;0.10;0.00;0.00
09.01.2021;6:24:05;55.24;47.94;9.49;750.32;0.11;0.00;0.00
09.01.2021;6:25:05;64.97;47.96;9.47;750.32;0.13;0.00;0.00
09.01.2021;6:26:05;63.40;48.02;9.46;750.34;0.12;0.00;0.00
09.01.2021;6:27:05;64.89;48.07;9.47;750.34;0.12;0.00;0.00
09.01.2021;6:28:05;62.32;48.14;9.48;750.34;0.11;0.00;0.00
09.01.2021;6:29:05;61.03;48.07;9.48;750.36;0.11;0.00;0.00
09.01.2021;6:30:05;57.06;47.98;9.49;750.36;0.10;0.00;0.00
09.01.2021;6:31:05;54.04;47.94;9.49;750.38;0.09;0.00;0.00
09.01.2021;6:32:05;51.74;48.18;9.48;750.38;0.09;0.00;0.00
09.01.2021;6:33:05;48.56;48.02;9.48;750.38;0.08;0.00;0.00
09.01.2021;6:34:05;54.38;48.08;9.47;750.39;0.08;0.00;0.00
09.01.2021;6:35:05;63.57;48.07;9.46;750.39;0.11;0.00;0.00
09.01.2021;6:36:05;59.43;48.05;9.47;750.39;0.10;0.00;0.00
09.01.2021;6:37:05;57.69;48.00;9.47;750.40;0.11;0.00;0.00
09.01.2021;6:38:05;55.28;48.11;9.46;750.39;0.11;0.00;0.00
09.01.2021;6:39:05;55.07;48.16;9.47;750.39;0.12;0.00;0.00
09.01.2021;6:40:05;56.96;48.00;9.46;750.40;0.13;0.00;0.00
09.01.2021;6:41:05;58.93;48.12;9.47;750.41;0.14;0.00;0.00
09.01.2021;6:42:05;62.57;48.15;9.47;750.42;0.15;0.00;0.00
09.01.2021;6:43:05;65.58;48.22;9.47;750.43;0.16;0.00;0.00
09.01.2021;6:44:05;71.78;48.11;9.47;750.42;0.18;0.00;0.00
09.01.2021;6:45:05;75.28;48.06;9.48;750.44;0.20;0.00;0.00
09.01.2021;6:46:05;80.11;47.99;9.49;750.45;0.21;0.00;0.00
09.01.2021;6:47:05;95.31;47.92;9.50;750.46;0.26;0.00;0.00
09.01.2021;6:48:05;123.08;47.84;9.52;750.50;0.36;0.00;0.00
09.01.2021;6:49:05;143.31;47.75;9.53;750.51;0.43;0.03;0.01
09.01.2021;6:50:05;170.67;47.76;9.53;750.50;0.52;0.19;0.10
09.01.2021;6:51:05;194.07;47.87;9.53;750.52;0.60;0.32;0.19
09.01.2021;6:52:05;214.46;47.88;9.53;750.51;0.67;0.43;0.29
09.01.2021;6:53:05;240.39;47.81;9.56;750.51;0.77;0.58;0.45
09.01.2021;6:54:05;236.60;47.75;9.59;750.52;0.76;0.59;0.45
09.01.2021;6:55:06;222.79;47.69;9.61;750.53;0.73;0.51;0.37
09.01.2021;6:56:06;208.14;47.68;9.62;750.52;0.68;0.43;0.29
09.01.2021;6:57:06;201.56;47.65;9.63;750.50;0.65;0.39;0.25
09.01.2021;6:58:06;209.79;47.52;9.64;750.50;0.67;0.42;0.29
09.01.2021;6:59:06;221.60;47.48;9.64;750.50;0.71;0.49;0.35
09.01.2021;7:00:06;237.08;47.64;9.64;750.49;0.76;0.57;0.43
09.01.2021;7:01:06;255.20;47.57;9.64;750.51;0.81;0.67;0.54
09.01.2021;7:02:06;292.63;47.50;9.65;750.52;0.93;0.85;0.79
09.01.2021;7:03:06;308.46;47.47;9.67;750.53;0.99;0.96;0.96
09.01.2021;7:04:06;308.94;47.38;9.69;750.54;1.00;0.97;0.97
09.01.2021;7:05:06;318.40;47.30;9.72;750.54;1.02;1.00;1.02
09.01.2021;7:06:06;317.54;47.31;9.73;750.54;1.02;1.00;1.02
09.01.2021;7:07:06;316.49;47.30;9.73;750.54;1.02;1.00;1.02
09.01.2021;7:08:06;308.18;47.18;9.74;750.53;0.99;0.96;0.95
09.01.2021;7:09:06;314.08;47.23;9.73;750.53;1.01;0.99;1.00
09.01.2021;7:10:06;312.08;47.27;9.74;750.54;1.01;0.99;1.00
09.01.2021;7:11:06;304.10;47.24;9.72;750.55;0.98;0.93;0.90
09.01.2021;7:12:06;308.22;47.23;9.72;750.54;0.99;0.96;0.95
09.01.2021;7:13:06;312.66;47.20;9.71;750.55;1.01;0.98;0.99
09.01.2021;7:14:06;323.36;47.27;9.71;750.56;1.03;1.02;1.05
09.01.2021;7:15:06;358.29;47.25;9.72;750.55;1.14;1.21;1.38
09.01.2021;7:16:06;363.71;47.24;9.72;750.57;1.16;1.24;1.43
09.01.2021;7:17:06;363.81;47.14;9.74;750.57;1.15;1.23;1.42
09.01.2021;7:18:06;366.41;47.10;9.74;750.57;1.15;1.23;1.42
09.01.2021;7:19:06;409.25;47.09;9.74;750.57;1.28;1.43;1.83
09.01.2021;7:20:06;423.01;47.11;9.75;750.58;1.33;1.51;2.01
09.01.2021;7:21:06;423.69;47.09;9.75;750.59;1.33;1.52;2.03
09.01.2021;7:22:06;425.17;47.10;9.75;750.59;1.33;1.52;2.03
09.01.2021;7:23:06;443.26;47.21;9.76;750.60;1.38;1.60;2.21
09.01.2021;7:24:06;473.26;47.15;9.77;750.59;1.48;1.78;2.63
09.01.2021;7:25:07;474.14;47.07;9.79;750.59;1.50;1.79;2.68
09.01.2021;7:26:07;444.18;47.06;9.80;750.59;1.41;1.66;2.34
09.01.2021;7:27:07;404.65;47.10;9.79;750.59;1.27;1.43;1.82
09.01.2021;7:28:07;446.92;47.00;9.81;750.61;1.39;1.62;2.24
09.01.2021;7:29:07;472.01;47.02;9.81;750.62;1.47;1.75;2.58
09.01.2021;7:30:07;445.32;46.90;9.83;750.64;1.41;1.65;2.33
09.01.2021;7:31:07;412.31;46.94;9.82;750.64;1.31;1.48;1.95
09.01.2021;7:32:07;395.48;47.00;9.81;750.65;1.24;1.37;1.70
09.01.2021;7:33:07;435.83;47.00;9.81;750.65;1.36;1.58;2.14
09.01.2021;7:34:07;433.57;47.01;9.81;750.64;1.36;1.57;2.13
09.01.2021;7:35:07;463.56;46.98;9.84;750.63;1.44;1.69;2.43
09.01.2021;7:36:07;476.14;47.23;9.85;750.63;1.49;1.78;2.65
09.01.2021;7:37:07;436.64;47.20;9.85;750.65;1.36;1.58;2.15
09.01.2021;7:38:07;451.74;47.18;9.87;750.66;1.41;1.66;2.35
09.01.2021;7:39:07;424.13;47.26;9.90;750.66;1.33;1.54;2.05
09.01.2021;7:40:07;430.93;47.24;9.92;750.65;1.35;1.55;2.08
09.01.2021;7:41:07;445.82;47.23;9.94;750.64;1.38;1.60;2.21
09.01.2021;7:42:07;501.58;46.93;9.96;750.64;1.53;1.86;2.86
09.01.2021;7:43:07;534.89;46.78;9.99;750.64;1.64;2.04;3.35
09.01.2021;7:44:07;503.45;46.65;10.01;750.63;1.55;1.88;2.91
09.01.2021;7:45:07;495.28;46.66;10.01;750.63;1.53;1.86;2.86
09.01.2021;7:46:07;499.90;46.59;10.02;750.63;1.53;1.86;2.85
09.01.2021;7:47:07;546.41;46.70;10.02;750.62;1.67;2.07;3.45
09.01.2021;7:48:07;555.53;46.51;10.04;750.62;1.69;2.10;3.56
09.01.2021;7:49:07;560.16;46.40;10.05;750.64;1.70;2.11;3.59
09.01.2021;7:50:07;549.56;46.46;10.07;750.64;1.67;2.08;3.49
09.01.2021;7:51:07;544.00;46.34;10.06;750.65;1.65;2.04;3.37
09.01.2021;7:52:07;569.03;46.45;10.06;750.65;1.73;2.12;3.66
09.01.2021;7:53:07;570.11;46.39;10.05;750.65;1.73;2.12;3.66
09.01.2021;7:54:07;592.33;46.33;10.04;750.66;1.78;2.19;3.90
09.01.2021;7:55:08;587.99;46.34;10.05;750.67;1.79;2.18;3.90
09.01.2021;7:56:08;560.53;46.38;10.04;750.68;1.71;2.12;3.62
09.01.2021;7:57:08;572.02;46.36;10.04;750.67;1.74;2.14;3.71
09.01.2021;7:58:08;597.74;46.41;10.05;750.68;1.79;2.18;3.90
09.01.2021;7:59:08;625.13;46.48;10.05;750.69;1.86;2.29;4.26
09.01.2021;8:00:08;666.57;46.41;10.06;750.70;1.96;2.47;4.85
09.01.2021;8:01:08;692.01;46.33;10.07;750.70;2.03;2.62;5.33
09.01.2021;8:02:08;708.11;46.32;10.09;750.70;2.07;2.70;5.58
09.01.2021;8:03:08;735.24;46.35;10.10;750.69;2.14;2.83;6.05
09.01.2021;8:04:08;749.07;46.26;10.12;750.69;2.17;2.89;6.28
09.01.2021;8:05:08;762.96;46.33;10.14;750.68;2.20;2.92;6.44
09.01.2021;8:06:08;766.07;46.27;10.16;750.69;2.21;2.92;6.46
09.01.2021;8:07:08;747.03;46.24;10.18;750.70;2.16;2.86;6.18
09.01.2021;8:08:08;755.83;46.23;10.18;750.71;2.19;2.89;6.33
09.01.2021;8:09:08;750.68;46.12;10.20;750.71;2.18;2.89;6.29
09.01.2021;8:10:08;755.53;45.99;10.22;750.72;2.19;2.91;6.38
09.01.2021;8:11:08;730.47;46.11;10.24;750.72;2.14;2.82;6.02
09.01.2021;8:12:08;729.37;46.00;10.25;750.71;2.13;2.80;5.97
09.01.2021;8:13:08;713.53;45.99;10.24;750.72;2.09;2.72;5.69
09.01.2021;8:14:08;673.67;45.88;10.24;750.72;1.99;2.54;5.06
09.01.2021;8:15:08;681.36;45.93;10.23;750.73;1.98;2.52;4.99
09.01.2021;8:16:08;738.74;46.01;10.22;750.72;2.13;2.81;5.99
09.01.2021;8:17:08;773.57;45.94;10.23;750.72;2.22;2.94;6.52
09.01.2021;8:18:08;806.58;45.91;10.25;750.72;2.31;3.10;7.14
09.01.2021;8:19:08;827.62;45.92;10.27;750.72;2.35;3.18;7.49
09.01.2021;8:20:08;831.32;45.93;10.28;750.72;2.37;3.19;7.55
09.01.2021;8:21:08;841.40;45.78;10.30;750.73;2.38;3.22;7.65
09.01.2021;8:22:08;866.28;45.77;10.31;750.72;2.43;3.30;8.03
09.01.2021;8:23:09;854.80;45.73;10.32;750.71;2.41;3.27;7.90
09.01.2021;8:24:09;864.33;45.86;10.31;750.71;2.42;3.29;7.97
09.01.2021;8:25:09;874.08;45.78;10.34;750.71;2.45;3.35;8.22
09.01.2021;8:26:09;868.18;45.70;10.34;750.71;2.44;3.31;8.06
09.01.2021;8:27:09;850.46;45.68;10.34;750.71;2.39;3.24;7.74
09.01.2021;8:28:09;894.32;45.64;10.33;750.73;2.49;3.41;8.51
09.01.2021;8:29:09;897.53;45.57;10.35;750.71;2.51;3.42;8.59
09.01.2021;8:30:09;900.50;45.60;10.36;750.71;2.51;3.44;8.64
09.01.2021;8:31:09;909.19;45.54;10.37;750.71;2.54;3.49;8.86
09.01.2021;8:32:09;911.43;45.51;10.40;750.71;2.54;3.49;8.87
09.01.2021;8:33:09;880.49;45.51;10.39;750.71;2.48;3.39;8.41
09.01.2021;8:34:09;827.19;45.48;10.39;750.70;2.37;3.22;7.64
09.01.2021;8:35:09;802.01;45.48;10.36;750.69;2.29;3.08;7.06
09.01.2021;8:36:09;867.29;45.52;10.36;750.67;2.44;3.31;8.07
09.01.2021;8:37:09;893.36;45.49;10.37;750.66;2.50;3.41;8.52
09.01.2021;8:38:09;906.37;45.56;10.39;750.66;2.53;3.47;8.79
09.01.2021;8:39:09;955.13;45.68;10.40;750.65;2.60;3.59;9.36
09.01.2021;8:40:09;1031.77;45.58;10.42;750.64;2.77;3.85;10.64
09.01.2021;8:41:09;1043.40;45.54;10.47;750.63;2.79;3.89;10.86
09.01.2021;8:42:09;1063.15;45.45;10.48;750.61;2.81;3.93;11.03
09.01.2021;8:43:09;1082.25;45.36;10.51;750.59;2.85;3.99;11.38
09.01.2021;8:44:09;1085.85;45.39;10.52;750.59;2.86;4.01;11.46
09.01.2021;8:45:09;1081.53;45.33;10.54;750.60;2.86;4.00;11.42
09.01.2021;8:46:09;1059.44;45.18;10.58;750.59;2.82;3.93;11.09
09.01.2021;8:47:09;1069.46;45.15;10.59;750.58;2.83;3.95;11.18
09.01.2021;8:48:09;1081.27;45.15;10.61;750.59;2.86;4.00;11.43
09.01.2021;8:49:09;1093.65;45.01;10.65;750.57;2.88;4.04;11.63
09.01.2021;8:50:10;1086.19;44.96;10.66;750.58;2.88;4.06;11.70
09.01.2021;8:51:10;1047.43;44.96;10.66;750.57;2.80;3.91;10.95
09.01.2021;8:52:10;1081.24;45.05;10.67;750.57;2.86;4.01;11.43
09.01.2021;8:53:10;1080.38;44.97;10.68;750.55;2.86;4.01;11.45
09.01.2021;8:54:10;1062.72;44.87;10.69;750.55;2.83;3.95;11.16
09.01.2021;8:55:10;1049.38;44.84;10.68;750.56;2.80;3.91;10.96
09.01.2021;8:56:10;1016.64;44.73;10.69;750.54;2.76;3.84;10.59
09.01.2021;8:57:10;1020.04;44.78;10.69;750.54;2.73;3.80;10.37
09.01.2021;8:58:10;1085.56;44.78;10.68;750.54;2.84;3.99;11.33
09.01.2021;8:59:10;1099.64;44.76;10.69;750.55;2.89;4.08;11.76
09.01.2021;9:00:10;1122.85;44.72;10.71;750.56;2.93;4.13;12.10
09.01.2021;9:01:10;1103.22;44.65;10.74;750.54;2.90;4.09;11.86
09.01.2021;9:02:10;1055.81;44.61;10.75;750.54;2.81;3.92;10.99
09.01.2021;9:03:10;1049.32;44.63;10.75;750.54;2.80;3.90;10.92
09.01.2021;9:04:10;1086.31;44.68;10.72;750.55;2.85;3.99;11.35
09.01.2021;9:05:10;1145.85;44.57;10.74;750.56;2.96;4.18;12.38
09.01.2021;9:06:10;1178.53;44.51;10.77;750.56;3.02;4.28;12.93
09.01.2021;9:07:10;1198.63;44.53;10.79;750.55;3.05;4.34;13.26
09.01.2021;9:08:10;1215.29;44.57;10.81;750.54;3.09;4.39;13.54
09.01.2021;9:09:10;1228.99;44.51;10.84;750.55;3.11;4.41;13.71
09.01.2021;9:10:10;1219.70;44.44;10.89;750.54;3.09;4.40;13.61
09.01.2021;9:11:10;1203.21;44.35;10.92;750.54;3.07;4.37;13.43
09.01.2021;9:12:10;1195.37;44.33;10.92;750.54;3.06;4.36;13.35
09.01.2021;9:13:10;1186.01;44.27;10.93;750.54;3.05;4.33;13.19
09.01.2021;9:14:11;1164.43;44.37;10.94;750.54;3.03;4.30;13.05
09.01.2021;9:15:11;1176.86;44.31;10.92;750.53;3.04;4.31;13.10
09.01.2021;9:16:11;1226.54;44.23;10.91;750.53;3.11;4.44;13.83
09.01.2021;9:17:11;1301.44;44.28;10.95;750.53;3.24;4.65;15.05
09.01.2021;9:18:11;1333.42;44.13;10.98;750.53;3.29;4.72;15.49
09.01.2021;9:19:11;1325.28;44.17;11.00;750.51;3.28;4.72;15.49
09.01.2021;9:20:11;1323.47;44.07;11.02;750.50;3.28;4.72;15.47
09.01.2021;9:21:11;1318.21;44.04;11.03;750.48;3.27;4.69;15.37
09.01.2021;9:22:11;1303.66;44.01;11.03;750.48;3.26;4.68;15.23
09.01.2021;9:23:11;1295.56;43.93;11.04;750.48;3.23;4.63;14.98
09.01.2021;9:24:11;1269.82;43.83;11.05;750.48;3.21;4.59;14.72
09.01.2021;9:25:11;1227.40;43.89;11.06;750.46;3.14;4.47;14.04
09.01.2021;9:26:11;1208.25;43.82;11.05;750.47;3.09;4.39;13.54
09.01.2021;9:27:11;1243.96;43.77;11.04;750.47;3.13;4.48;14.04
09.01.2021;9:28:11;1256.40;43.73;11.05;750.46;3.16;4.51;14.24
09.01.2021;9:29:11;1254.77;43.81;11.07;750.46;3.19;4.56;14.51
09.01.2021;9:30:11;1249.83;43.71;11.06;750.45;3.18;4.55;14.47
09.01.2021;9:31:11;1237.92;43.68;11.04;750.45;3.15;4.51;14.22
09.01.2021;9:32:11;1172.90;43.67;11.03;750.45;3.03;4.30;13.03
09.01.2021;9:33:11;1156.92;43.68;11.01;750.43;3.01;4.26;12.84
09.01.2021;9:34:11;1122.67;43.67;11.01;750.45;2.98;4.21;12.54
09.01.2021;9:35:11;1062.93;43.73;10.99;750.44;2.86;4.02;11.52
09.01.2021;9:36:11;1045.78;43.81;10.97;750.46;2.81;3.92;11.00
09.01.2021;9:37:11;1058.60;43.85;10.94;750.44;2.83;3.96;11.22
09.01.2021;9:38:11;1029.64;43.83;10.96;750.44;2.77;3.87;10.73
09.01.2021;9:39:12;1034.92;43.90;10.96;750.44;2.79;3.90;10.90
09.01.2021;9:40:12;1042.11;43.96;10.95;750.42;2.80;3.91;10.95
09.01.2021;9:41:12;1029.77;43.93;10.91;750.42;2.78;3.89;10.82
09.01.2021;9:42:12;1002.47;43.92;10.90;750.42;2.74;3.81;10.42
09.01.2021;9:43:12;951.46;43.98;10.87;750.41;2.64;3.66;9.68
09.01.2021;9:44:12;953.08;43.97;10.85;750.41;2.63;3.63;9.56
09.01.2021;9:45:12;1001.62;44.07;10.85;750.38;2.76;3.84;10.60
09.01.2021;9:46:12;1065.08;44.13;10.86;750.38;2.86;4.00;11.42
09.01.2021;9:47:12;1195.72;44.14;10.86;750.36;3.08;4.36;13.42
09.01.2021;9:48:12;1250.87;44.10;10.88;750.36;3.22;4.61;14.81
09.01.2021;9:49:12;1187.23;44.05;10.92;750.35;3.10;4.42;13.67
09.01.2021;9:50:12;1207.10;43.97;10.90;750.36;3.09;4.41;13.64
09.01.2021;9:51:12;1279.89;43.86;10.94;750.35;3.22;4.62;14.88
09.01.2021;9:52:12;1285.40;43.80;10.96;750.35;3.23;4.64;14.99
09.01.2021;9:53:12;1261.76;43.72;10.98;750.35;3.19;4.58;14.64
09.01.2021;9:54:12;1282.57;43.78;11.00;750.34;3.23;4.62;14.92
09.01.2021;9:55:12;1287.72;43.63;11.01;750.36;3.23;4.63;14.97
09.01.2021;9:56:12;1283.42;43.62;11.01;750.36;3.23;4.63;14.94
09.01.2021;9:57:12;1287.96;43.64;11.05;750.35;3.23;4.62;14.92
09.01.2021;9:58:12;1301.97;43.48;11.05;750.35;3.23;4.63;14.96
09.01.2021;9:59:12;1297.58;43.42;11.05;750.35;3.22;4.62;14.88
09.01.2021;10:00:12;1286.89;43.28;11.07;750.31;3.22;4.61;14.81
09.01.2021;10:01:12;1259.05;43.26;11.07;750.30;3.18;4.55;14.46
09.01.2021;10:02:12;1230.90;43.37;11.06;750.30;3.13;4.47;13.98
09.01.2021;10:03:12;1255.00;43.32;11.05;750.30;3.14;4.49;14.11
09.01.2021;10:04:13;1309.08;43.26;11.05;750.30;3.20;4.59;14.70
09.01.2021;10:05:13;1339.82;43.27;11.08;750.29;3.23;4.63;14.94
09.01.2021;10:06:13;1383.28;43.31;11.10;750.30;3.29;4.73;15.59
09.01.2021;10:07:13;1441.38;43.25;11.12;750.28;3.37;4.86;16.40
09.01.2021;10:08:13;1485.44;43.25;11.14;750.29;3.45;4.99;17.19
09.01.2021;10:09:13;1489.93;43.15;11.18;750.30;3.47;5.02;17.42
09.01.2021;10:10:13;1452.17;42.98;11.18;750.30;3.44;4.98;17.11
09.01.2021;10:11:13;1421.91;42.91;11.18;750.29;3.41;4.91;16.72
09.01.2021;10:12:13;1381.01;42.89;11.19;750.29;3.35;4.84;16.21
09.01.2021;10:13:13;1330.57;42.79;11.19;750.31;3.27;4.71;15.38
09.01.2021;10:14:13;1280.90;42.83;11.18;750.31;3.20;4.59;14.67
09.01.2021;10:15:13;1223.32;42.94;11.20;750.31;3.12;4.45;13.87
09.01.2021;10:16:13;1156.16;42.97;11.17;750.32;3.02;4.29;12.95
09.01.2021;10:17:13;1096.57;42.98;11.13;750.32;2.92;4.11;11.99
09.01.2021;10:18:13;962.37;42.98;11.12;750.34;2.68;3.73;9.99
09.01.2021;10:19:13;826.43;43.15;11.07;750.34;2.40;3.25;7.79
09.01.2021;10:20:13;776.01;43.31;11.01;750.35;2.24;3.00;6.74
09.01.2021;10:21:13;887.26;43.35;10.99;750.34;2.49;3.39;8.45
09.01.2021;10:22:13;978.06;43.34;11.00;750.33;2.67;3.70;9.86
09.01.2021;10:23:13;1035.89;43.40;10.99;750.33;2.79;3.91;10.91
09.01.2021;10:24:13;1124.71;43.49;10.99;750.32;2.95;4.16;12.27
09.01.2021;10:25:13;1164.05;43.39;10.98;750.31;3.01;4.28;12.91
09.01.2021;10:26:13;1245.47;43.32;11.02;750.30;3.12;4.45;13.89
09.01.2021;10:27:13;1322.57;43.26;11.08;750.28;3.23;4.64;15.01
09.01.2021;10:28:13;1382.98;43.23;11.11;750.26;3.32;4.78;15.88
09.01.2021;10:29:14;1393.18;43.37;11.15;750.25;3.34;4.82;16.08
09.01.2021;10:30:14;1383.73;43.20;11.19;750.25;3.33;4.80;15.97
09.01.2021;10:31:14;1397.69;43.00;11.21;750.26;3.34;4.82;16.11
09.01.2021;10:32:14;1390.36;42.98;11.23;750.26;3.34;4.80;16.03
09.01.2021;10:33:14;1361.81;42.91;11.25;750.26;3.30;4.75;15.71
09.01.2021;10:34:14;1322.92;43.02;11.27;750.26;3.26;4.67;15.22
09.01.2021;10:35:14;1266.29;42.90;11.27;750.25;3.19;4.56;14.51
09.01.2021;10:36:14;1213.31;42.82;11.27;750.25;3.11;4.43;13.77
09.01.2021;10:37:14;1172.99;42.76;11.25;750.26;3.04;4.33;13.19
09.01.2021;10:38:14;1226.84;42.83;11.27;750.27;3.11;4.44;13.79
09.01.2021;10:39:14;1259.06;42.76;11.26;750.27;3.16;4.52;14.28
09.01.2021;10:40:14;1276.31;42.80;11.26;750.26;3.19;4.57;14.55
09.01.2021;10:41:14;1303.38;42.78;11.31;750.26;3.23;4.62;14.91
09.01.2021;10:42:14;1325.04;42.90;11.35;750.26;3.25;4.67;15.18
09.01.2021;10:43:14;1332.46;42.74;11.35;750.25;3.26;4.69;15.31
09.01.2021;10:44:14;1339.29;42.71;11.35;750.26;3.27;4.70;15.38
09.01.2021;10:45:14;1347.42;42.69;11.34;750.25;3.28;4.71;15.43
09.01.2021;10:46:14;1348.51;42.74;11.35;750.26;3.28;4.71;15.45
09.01.2021;10:47:14;1337.63;42.69;11.35;750.25;3.26;4.69;15.33
09.01.2021;10:48:14;1335.14;42.60;11.32;750.24;3.26;4.68;15.27
09.01.2021;10:49:14;1328.74;42.49;11.32;750.24;3.26;4.68;15.25
09.01.2021;10:50:14;1306.95;42.49;11.32;750.24;3.23;4.63;14.95
09.01.2021;10:51:14;1275.35;42.58;11.31;750.25;3.19;4.57;14.56
09.01.2021;10:52:14;1255.52;42.61;11.33;750.25;3.15;4.49;14.15
09.01.2021;10:53:14;1272.24;42.57;11.33;750.24;3.16;4.51;14.27
09.01.2021;10:54:15;1302.42;42.55;11.32;750.25;3.20;4.60;14.71
09.01.2021;10:55:15;1320.48;42.61;11.31;750.23;3.23;4.62;14.91
09.01.2021;10:56:15;1333.36;42.59;11.32;750.23;3.25;4.66;15.11
09.01.2021;10:57:15;1339.87;42.52;11.32;750.23;3.26;4.69;15.29
09.01.2021;10:58:15;1329.71;42.50;11.32;750.23;3.24;4.64;15.07
09.01.2021;10:59:15;1320.74;42.62;11.34;750.23;3.23;4.61;14.87
09.01.2021;11:00:15;1316.98;42.61;11.33;750.23;3.22;4.60;14.81
09.01.2021;11:01:15;1321.00;42.53;11.32;750.23;3.23;4.61;14.87
09.01.2021;11:02:15;1312.84;42.46;11.33;750.23;3.22;4.60;14.82
09.01.2021;11:03:15;1287.64;42.47;11.33;750.22;3.19;4.57;14.57
09.01.2021;11:04:15;1275.26;42.50;11.34;750.24;3.17;4.54;14.41
09.01.2021;11:05:15;1255.92;42.64;11.35;750.25;3.15;4.49;14.15
09.01.2021;11:06:15;1240.08;42.52;11.34;750.23;3.13;4.47;14.00
09.01.2021;11:07:15;1214.38;42.45;11.33;750.23;3.09;4.40;13.59
09.01.2021;11:08:15;1217.39;42.46;11.29;750.21;3.10;4.41;13.67
09.01.2021;11:09:15;1203.42;42.46;11.26;750.22;3.09;4.41;13.64
09.01.2021;11:10:15;1158.03;42.49;11.26;750.22;3.02;4.29;12.97
09.01.2021;11:11:15;1130.75;42.45;11.25;750.22;2.98;4.21;12.57
09.01.2021;11:12:15;1126.36;42.54;11.25;750.23;2.97;4.19;12.45
09.01.2021;11:13:15;1108.24;42.55;11.24;750.24;2.93;4.11;12.02
09.01.2021;11:14:15;1194.25;42.52;11.23;750.24;3.07;4.36;13.42
09.01.2021;11:15:15;1432.97;42.55;11.27;750.23;3.45;4.99;17.19
09.01.2021;11:16:15;1534.26;42.49;11.33;750.24;3.62;5.28;19.13
09.01.2021;11:17:15;1542.81;42.37;11.38;750.25;3.63;5.30;19.25
09.01.2021;11:18:16;1522.31;42.19;11.41;750.26;3.58;5.20;18.61
09.01.2021;11:19:16;1518.84;42.08;11.44;750.27;3.57;5.20;18.57
09.01.2021;11:20:16;1469.21;42.12;11.46;750.27;3.53;5.13;18.11
09.01.2021;11:21:16;1395.26;42.02;11.47;750.29;3.42;4.95;16.91
09.01.2021;11:22:16;1348.29;42.13;11.47;750.30;3.36;4.85;16.30
09.01.2021;11:23:16;1267.65;42.09;11.45;750.30;3.25;4.67;15.14
09.01.2021;11:24:16;1146.67;42.00;11.42;750.29;3.03;4.30;13.00
09.01.2021;11:25:16;1147.29;42.02;11.38;750.30;3.02;4.30;13.00
09.01.2021;11:26:16;1086.81;42.05;11.33;750.30;2.83;3.97;11.24
09.01.2021;11:27:16;1038.46;42.07;11.30;750.31;2.72;3.77;10.25
09.01.2021;11:28:16;1050.33;42.14;11.24;750.34;2.77;3.86;10.68
09.01.2021;11:29:16;1108.77;42.27;11.23;750.32;2.89;4.07;11.77
09.01.2021;11:30:16;1193.92;42.24;11.26;750.33;3.00;4.25;12.76
09.01.2021;11:31:16;1236.75;42.21;11.24;750.32;3.06;4.35;13.31
09.01.2021;11:32:16;1277.86;42.18;11.23;750.30;3.08;4.37;13.45
09.01.2021;11:33:16;1310.94;42.15;11.22;750.30;3.15;4.50;14.18
09.01.2021;11:34:16;1281.00;42.05;11.21;750.28;3.20;4.57;14.60
09.01.2021;11:35:16;1158.44;42.01;11.20;750.28;3.05;4.33;13.19
09.01.2021;11:36:16;1015.72;42.01;11.18;750.28;2.58;3.55;9.14
09.01.2021;11:37:16;980.67;42.06;11.15;750.29;2.39;3.25;7.77
09.01.2021;11:38:16;1052.58;42.35;11.14;750.28;2.61;3.61;9.44
09.01.2021;11:39:16;1086.13;42.33;11.17;750.28;2.76;3.84;10.59
09.01.2021;11:40:16;1146.65;42.37;11.16;750.29;2.88;4.05;11.64
09.01.2021;11:41:16;1148.19;42.33;11.11;750.28;2.79;3.92;10.94
09.01.2021;11:42:16;1133.58;42.39;11.07;750.29;2.76;3.85;10.60
09.01.2021;11:43:17;1130.78;42.37;11.09;750.28;2.82;3.94;11.12
09.01.2021;11:44:17;1073.84;42.36;11.05;750.30;2.64;3.64;9.61
09.01.2021;11:45:17;969.85;42.50;11.01;750.29;2.22;2.95;6.55
09.01.2021;11:46:17;914.10;42.64;10.98;750.29;2.10;2.75;5.78
09.01.2021;11:47:17;874.90;42.60;10.93;750.29;2.07;2.71;5.63
09.01.2021;11:48:17;816.54;42.76;10.89;750.30;1.89;2.34;4.42
09.01.2021;11:49:17;800.38;42.77;10.84;750.32;1.83;2.22;4.06
09.01.2021;11:50:17;799.93;42.86;10.79;750.30;1.84;2.26;4.16
09.01.2021;11:51:17;805.40;43.01;10.75;750.32;1.89;2.35;4.45
09.01.2021;11:52:17;840.17;43.03;10.73;750.33;2.04;2.65;5.40
09.01.2021;11:53:17;916.94;43.11;10.70;750.34;2.35;3.17;7.43
09.01.2021;11:54:17;1029.42;43.17;10.70;750.33;2.71;3.77;10.22
09.01.2021;11:55:17;1178.17;43.03;10.73;750.32;2.95;4.17;12.31
09.01.2021;11:56:17;1316.24;42.89;10.78;750.29;3.29;4.72;15.50
09.01.2021;11:57:17;1406.39;42.75;10.83;750.29;3.49;5.07;17.71
09.01.2021;11:58:17;1466.37;42.80;10.91;750.32;3.60;5.23;18.81
09.01.2021;11:59:17;1501.40;42.77;10.99;750.31;3.66;5.34;19.58
09.01.2021;12:00:17;1516.47;42.46;11.04;750.30;3.60;5.25;18.87
09.01.2021;12:01:17;1479.31;42.35;11.10;750.31;3.53;5.13;18.11
09.01.2021;12:02:17;1285.33;42.21;11.09;750.33;3.19;4.57;14.60
09.01.2021;12:03:17;1116.20;42.19;11.04;750.34;2.81;3.94;11.08
09.01.2021;12:04:17;1007.76;42.18;10.99;750.34;2.55;3.51;8.96
09.01.2021;12:05:17;914.03;42.26;10.94;750.34;2.30;3.09;7.12
09.01.2021;12:06:17;788.35;42.26;10.88;750.34;1.92;2.43;4.67
09.01.2021;12:07:17;689.17;42.32;10.82;750.35;1.59;1.97;3.14
09.01.2021;12:08:17;663.90;42.65;10.75;750.36;1.49;1.80;2.68
09.01.2021;12:09:18;658.88;42.66;10.69;750.35;1.49;1.79;2.67
09.01.2021;12:10:18;656.61;42.83;10.66;750.36;1.49;1.78;2.65
09.01.2021;12:11:18;647.21;42.91;10.62;750.37;1.44;1.70;2.46
09.01.2021;12:12:18;645.47;42.92;10.56;750.37;1.42;1.68;2.39
09.01.2021;12:13:18;641.69;42.95;10.53;750.38;1.41;1.65;2.32
09.01.2021;12:14:18;634.43;42.97;10.49;750.40;1.38;1.60;2.22
09.01.2021;12:15:18;627.88;43.08;10.43;750.41;1.35;1.55;2.10
09.01.2021;12:16:18;622.04;43.27;10.41;750.42;1.35;1.54;2.08
09.01.2021;12:17:18;613.31;43.45;10.37;750.42;1.31;1.50;1.97
09.01.2021;12:18:18;609.80;43.48;10.32;750.42;1.31;1.49;1.95
09.01.2021;12:19:18;612.75;43.56;10.29;750.43;1.33;1.51;2.01
09.01.2021;12:20:18;619.42;43.67;10.26;750.44;1.36;1.57;2.13
09.01.2021;12:21:18;625.19;43.72;10.23;750.44;1.39;1.63;2.28
09.01.2021;12:22:18;633.83;43.82;10.23;750.45;1.48;1.77;2.63
09.01.2021;12:23:18;645.21;43.83;10.21;750.46;1.59;1.94;3.08
09.01.2021;12:24:18;630.69;43.99;10.20;750.45;1.47;1.76;2.59
09.01.2021;12:25:18;631.26;43.92;10.15;750.45;1.48;1.74;2.57
09.01.2021;12:26:18;627.61;43.70;10.13;750.44;1.49;1.78;2.65
09.01.2021;12:27:18;632.70;43.73;10.12;750.44;1.52;1.83;2.77
09.01.2021;12:28:18;651.21;43.81;10.10;750.46;1.57;1.93;3.04
09.01.2021;12:29:18;674.71;43.90;10.09;750.46;1.65;2.05;3.38
09.01.2021;12:30:18;689.90;44.02;10.08;750.46;1.70;2.11;3.58
09.01.2021;12:31:18;705.53;44.02;10.07;750.47;1.76;2.16;3.81
09.01.2021;12:32:18;724.24;44.05;10.05;750.47;1.84;2.26;4.15
09.01.2021;12:33:18;735.68;43.96;10.05;750.49;1.90;2.37;4.51
09.01.2021;12:34:18;767.36;43.86;10.06;750.49;1.99;2.55;5.07
09.01.2021;12:35:18;782.58;43.91;10.06;750.49;2.08;2.71;5.65
09.01.2021;12:36:18;839.81;44.23;10.07;750.48;2.39;3.23;7.71
09.01.2021;12:37:19;785.52;44.05;10.06;750.49;2.11;2.77;5.83
09.01.2021;12:38:19;775.04;43.85;10.06;750.49;2.12;2.78;5.87
09.01.2021;12:39:19;756.26;43.61;10.08;750.48;2.07;2.70;5.59
09.01.2021;12:40:19;799.90;43.71;10.07;750.48;2.15;2.84;6.11
09.01.2021;12:41:19;874.79;44.09;10.09;750.49;2.36;3.18;7.49
09.01.2021;12:42:19;918.19;43.99;10.10;750.49;2.52;3.45;8.69
09.01.2021;12:43:19;973.42;43.98;10.13;750.51;2.68;3.71;9.93
09.01.2021;12:44:19;972.74;43.84;10.18;750.49;2.71;3.77;10.22
09.01.2021;12:45:19;941.68;43.82;10.20;750.48;2.65;3.67;9.70
09.01.2021;12:46:19;897.46;43.63;10.21;750.49;2.54;3.49;8.89
09.01.2021;12:47:19;873.77;43.69;10.22;750.48;2.48;3.39;8.40
09.01.2021;12:48:19;883.28;43.95;10.22;750.49;2.50;3.42;8.56
09.01.2021;12:49:19;918.32;43.80;10.24;750.49;2.61;3.60;9.38
09.01.2021;12:50:19;1013.01;43.59;10.27;750.50;2.90;4.07;11.80
09.01.2021;12:51:19;1034.07;43.55;10.30;750.50;2.96;4.19;12.39
09.01.2021;12:52:19;963.38;43.42;10.32;750.51;2.78;3.88;10.79
09.01.2021;12:53:19;852.43;43.38;10.32;750.51;2.47;3.38;8.37
09.01.2021;12:54:19;715.21;43.35;10.30;750.52;2.10;2.74;5.74
09.01.2021;12:55:19;646.01;43.77;10.28;750.51;1.81;2.21;3.99
09.01.2021;12:56:19;615.00;43.75;10.25;750.53;1.76;2.17;3.82
09.01.2021;12:57:19;574.76;43.63;10.22;750.52;1.59;1.95;3.10
09.01.2021;12:58:19;563.96;43.50;10.19;750.52;1.54;1.88;2.88
09.01.2021;12:59:19;570.40;43.66;10.17;750.50;1.56;1.90;2.97
09.01.2021;13:00:19;575.47;43.77;10.15;750.51;1.64;2.02;3.31
09.01.2021;13:01:19;549.07;43.88;10.12;750.49;1.58;1.92;3.03
09.01.2021;13:02:19;509.99;43.87;10.10;750.50;1.43;1.68;2.41
09.01.2021;13:03:19;475.96;43.88;10.08;750.50;1.30;1.47;1.92
09.01.2021;13:04:19;458.07;43.95;10.04;750.49;1.24;1.38;1.72
09.01.2021;13:05:20;445.51;44.04;10.00;750.50;1.18;1.27;1.49
09.01.2021;13:06:20;438.77;44.07;9.99;750.50;1.11;1.16;1.29
09.01.2021;13:07:20;438.88;44.23;9.96;750.51;1.06;1.08;1.14
09.01.2021;13:08:20;441.91;44.31;9.93;750.50;1.05;1.05;1.11
09.01.2021;13:09:20;424.37;44.31;9.92;750.50;0.95;0.89;0.85
09.01.2021;13:10:20;426.56;44.31;9.91;750.52;0.91;0.80;0.73
09.01.2021;13:11:20;425.59;44.22;9.88;750.53;0.89;0.80;0.71
09.01.2021;13:12:20;418.49;44.12;9.88;750.52;0.87;0.76;0.66
09.01.2021;13:13:20;415.47;44.37;9.85;750.51;0.86;0.73;0.63
09.01.2021;13:14:20;410.81;44.48;9.83;750.50;0.85;0.72;0.61
09.01.2021;13:15:20;406.94;44.67;9.83;750.51;0.84;0.70;0.59
09.01.2021;13:16:20;401.00;44.52;9.81;750.54;0.83;0.69;0.58
09.01.2021;13:17:20;396.26;44.57;9.78;750.55;0.82;0.68;0.56
09.01.2021;13:18:20;393.73;44.59;9.74;750.56;0.82;0.67;0.55
09.01.2021;13:19:20;392.53;44.67;9.71;750.57;0.83;0.69;0.57
09.01.2021;13:20:20;394.46;44.60;9.70;750.58;0.84;0.71;0.60
09.01.2021;13:21:20;397.43;44.50;9.69;750.60;0.86;0.74;0.64
09.01.2021;13:22:20;392.79;44.71;9.68;750.61;0.87;0.76;0.67
09.01.2021;13:23:20;383.56;44.71;9.65;750.61;0.88;0.78;0.68
09.01.2021;13:24:20;385.65;44.59;9.64;750.62;0.92;0.82;0.75
09.01.2021;13:25:20;396.33;44.71;9.63;750.64;0.98;0.94;0.93
09.01.2021;13:26:20;411.58;44.75;9.61;750.66;1.08;1.10;1.19
09.01.2021;13:27:20;426.69;44.79;9.62;750.66;1.21;1.32;1.59
09.01.2021;13:28:20;434.90;44.65;9.62;750.67;1.27;1.42;1.81
09.01.2021;13:29:20;440.26;44.66;9.64;750.66;1.39;1.61;2.23
09.01.2021;13:30:20;417.05;44.83;9.64;750.66;1.36;1.57;2.14
09.01.2021;13:31:20;388.38;45.00;9.65;750.65;1.28;1.44;1.84
09.01.2021;13:32:20;349.41;44.73;9.64;750.66;1.13;1.21;1.37
09.01.2021;13:33:20;315.03;44.81;9.61;750.68;0.97;0.93;0.90
09.01.2021;13:34:20;295.56;44.82;9.60;750.67;0.93;0.85;0.79
09.01.2021;13:35:20;283.66;44.82;9.59;750.68;0.97;0.92;0.89
09.01.2021;13:36:21;263.31;44.77;9.57;750.67;0.83;0.69;0.58
09.01.2021;13:37:21;255.82;45.06;9.56;750.67;0.83;0.69;0.58
09.01.2021;13:38:21;255.47;45.17;9.56;750.68;0.88;0.77;0.67
09.01.2021;13:39:21;242.85;45.19;9.56;750.68;0.82;0.67;0.55
09.01.2021;13:40:21;224.44;45.19;9.54;750.70;0.73;0.52;0.38
09.01.2021;13:41:21;209.62;44.96;9.54;750.69;0.69;0.45;0.31
09.01.2021;13:42:21;194.52;45.16;9.54;750.71;0.66;0.40;0.27
09.01.2021;13:43:21;182.89;45.08;9.53;750.72;0.63;0.37;0.24
09.01.2021;13:44:21;160.88;44.76;9.47;750.72;0.53;0.21;0.11
09.01.2021;13:45:21;145.04;44.94;9.47;750.73;0.43;0.02;0.01
09.01.2021;13:46:21;138.93;44.96;9.47;750.72;0.43;0.01;0.01
09.01.2021;13:47:21;147.60;45.06;9.46;750.71;0.51;0.17;0.09
09.01.2021;13:48:21;155.00;44.99;9.46;750.75;0.59;0.30;0.18
09.01.2021;13:49:21;155.25;44.88;9.47;750.73;0.60;0.32;0.19
09.01.2021;13:50:21;152.31;45.11;9.47;750.75;0.59;0.31;0.18
09.01.2021;13:51:21;152.78;45.38;9.47;750.73;0.57;0.27;0.15
09.01.2021;13:52:21;158.59;45.07;9.47;750.73;0.56;0.25;0.14
09.01.2021;13:53:21;149.40;45.11;9.46;750.73;0.46;0.08;0.04
09.01.2021;13:54:21;146.06;45.04;9.44;750.73;0.40;0.00;0.00
09.01.2021;13:55:21;146.64;45.03;9.45;750.73;0.39;0.00;0.00
09.01.2021;13:56:21;144.00;45.09;9.43;750.72;0.41;0.00;0.00
09.01.2021;13:57:21;135.17;45.06;9.42;750.72;0.39;0.00;0.00
09.01.2021;13:58:21;130.42;45.09;9.42;750.74;0.39;0.00;0.00
09.01.2021;13:59:21;130.90;45.01;9.42;750.72;0.40;0.00;0.00
09.01.2021;14:00:21;130.38;45.19;9.41;750.71;0.41;0.00;0.00
09.01.2021;14:01:21;124.10;45.39;9.41;750.71;0.39;0.00;0.00
09.01.2021;14:02:21;113.33;45.17;9.38;750.72;0.37;0.00;0.00
09.01.2021;14:03:21;114.72;45.14;9.39;750.70;0.39;0.00;0.00
09.01.2021;14:04:21;120.51;45.45;9.38;750.68;0.42;0.00;0.00
09.01.2021;14:05:21;119.93;45.38;9.37;750.69;0.40;0.00;0.00
09.01.2021;14:06:21;113.91;45.40;9.37;750.68;0.37;0.00;0.00
09.01.2021;14:07:22;105.19;45.38;9.37;750.68;0.34;0.00;0.00
09.01.2021;14:08:22;98.23;45.48;9.34;750.68;0.31;0.00;0.00
09.01.2021;14:09:22;92.51;45.50;9.32;750.68;0.28;0.00;0.00
09.01.2021;14:10:22;85.24;45.60;9.32;750.68;0.25;0.00;0.00
09.01.2021;14:11:22;79.21;45.67;9.31;750.67;0.23;0.00;0.00
09.01.2021;14:12:22;72.38;45.68;9.30;750.70;0.20;0.00;0.00
09.01.2021;14:13:22;65.75;45.67;9.28;750.71;0.19;0.00;0.00
09.01.2021;14:14:22;60.49;45.70;9.27;750.71;0.17;0.00;0.00
09.01.2021;14:15:22;57.71;45.68;9.27;750.72;0.16;0.00;0.00
09.01.2021;14:16:22;54.92;45.99;9.26;750.71;0.15;0.00;0.00
09.01.2021;14:17:22;51.16;45.83;9.24;750.71;0.14;0.00;0.00
09.01.2021;14:18:22;47.97;45.75;9.24;750.70;0.13;0.00;0.00
09.01.2021;14:19:22;43.21;45.95;9.23;750.71;0.11;0.00;0.00
09.01.2021;14:20:22;38.31;46.01;9.21;750.71;0.09;0.00;0.00
09.01.2021;14:21:22;34.67;45.92;9.20;750.71;0.08;0.00;0.00
09.01.2021;14:22:22;31.85;45.92;9.20;750.71;0.07;0.00;0.00
09.01.2021;14:23:22;29.33;45.93;9.19;750.71;0.06;0.00;0.00
09.01.2021;14:24:22;26.99;45.92;9.19;750.71;0.05;0.00;0.00
09.01.2021;14:25:22;24.92;45.91;9.18;750.71;0.04;0.00;0.00
09.01.2021;14:26:22;22.81;46.14;9.16;750.71;0.04;0.00;0.00
09.01.2021;14:27:22;21.22;46.30;9.15;750.70;0.03;0.00;0.00
09.01.2021;14:28:22;19.69;46.23;9.12;750.71;0.03;0.00;0.00
09.01.2021;14:29:22;18.19;46.13;9.12;750.71;0.02;0.00;0.00
09.01.2021;14:30:22;16.71;46.10;9.12;750.71;0.02;0.00;0.00
09.01.2021;14:31:22;15.13;46.04;9.11;750.71;0.01;0.00;0.00
09.01.2021;14:32:22;13.67;46.30;9.10;750.72;0.01;0.00;0.00
09.01.2021;14:33:22;12.21;46.34;9.09;750.72;0.00;0.00;0.00
09.01.2021;14:34:22;11.09;46.31;9.08;750.73;0.00;0.00;0.00
09.01.2021;14:35:22;9.86;46.31;9.06;750.74;0.00;0.00;0.00
09.01.2021;14:36:22;8.87;46.40;9.04;750.74;0.00;0.00;0.00
09.01.2021;14:37:22;7.99;46.43;9.04;750.75;0.00;0.00;0.00
09.01.2021;14:38:22;7.26;46.48;9.03;750.77;0.00;0.00;0.00
09.01.2021;14:39:22;6.67;46.62;9.03;750.78;0.00;0.00;0.00
09.01.2021;14:40:23;5.90;46.59;9.02;750.80;0.00;0.00;0.00
09.01.2021;14:41:23;5.61;46.67;9.02;750.82;0.00;0.00;0.00
09.01.2021;14:42:23;5.00;46.58;9.02;750.82;0.00;0.00;0.00
09.01.2021;14:43:23;4.99;46.75;9.01;750.84;0.00;0.00;0.00
09.01.2021;14:44:23;4.21;46.68;9.01;750.83;0.00;0.00;0.00
09.01.2021;14:45:23;4.17;46.61;9.01;750.85;0.00;0.00;0.00
09.01.2021;14:46:23;4.17;46.77;9.00;750.85;0.00;0.00;0.00
09.01.2021;14:47:23;3.92;46.92;9.00;750.87;0.00;0.00;0.00
09.01.2021;14:48:23;3.33;46.80;9.00;750.87;0.00;0.00;0.00
09.01.2021;14:49:23;3.33;46.91;8.99;750.86;0.00;0.00;0.00
09.01.2021;14:50:23;3.33;46.80;8.99;750.86;0.00;0.00;0.00
09.01.2021;14:51:23;3.33;46.73;9.00;750.87;0.00;0.00;0.00
09.01.2021;14:52:23;3.33;46.84;8.99;750.86;0.00;0.00;0.00
09.01.2021;14:53:23;3.33;46.82;8.99;750.86;0.00;0.00;0.00
09.01.2021;14:54:23;3.35;46.81;8.99;750.85;0.00;0.00;0.00
09.01.2021;14:55:23;3.33;46.80;8.99;750.86;0.00;0.00;0.00
09.01.2021;14:56:23;3.33;46.83;9.00;750.87;0.00;0.00;0.00
09.01.2021;14:57:23;3.35;46.76;9.00;750.86;0.00;0.00;0.00
09.01.2021;14:58:23;3.33;46.71;9.00;750.87;0.00;0.00;0.00
09.01.2021;14:59:23;3.33;46.74;9.00;750.88;0.00;0.00;0.00
09.01.2021;15:00:23;3.33;46.84;9.00;750.88;0.00;0.00;0.00
09.01.2021;15:01:23;3.21;46.78;9.00;750.90;0.00;0.00;0.00
09.01.2021;15:02:23;3.19;46.67;9.01;750.90;0.00;0.00;0.00
09.01.2021;15:03:23;3.22;46.92;9.01;750.90;0.00;0.00;0.00
09.01.2021;15:04:23;3.01;46.78;9.02;750.91;0.00;0.00;0.00
09.01.2021;15:05:23;3.03;46.72;9.03;750.90;0.00;0.00;0.00
09.01.2021;15:06:23;2.89;46.85;9.03;750.91;0.00;0.00;0.00
09.01.2021;15:07:23;2.78;46.77;9.03;750.94;0.00;0.00;0.00
09.01.2021;15:08:23;2.79;46.76;9.04;750.94;0.00;0.00;0.00
09.01.2021;15:09:23;2.83;46.68;9.05;750.94;0.00;0.00;0.00
09.01.2021;15:10:23;2.70;46.73;9.05;750.94;0.00;0.00;0.00
09.01.2021;15:11:23;2.79;46.92;9.06;750.93;0.00;0.00;0.00
09.01.2021;15:12:23;2.81;46.96;9.07;750.94;0.00;0.00;0.00
09.01.2021;15:13:23;2.61;46.79;9.07;750.94;0.00;0.00;0.00
09.01.2021;15:14:23;2.64;46.75;9.07;750.95;0.00;0.00;0.00
09.01.2021;15:15:23;2.68;46.71;9.07;750.95;0.00;0.00;0.00
09.01.2021;15:16:24;2.85;46.69;9.09;750.95;0.00;0.00;0.00
09.01.2021;15:17:24;2.85;46.62;9.09;750.97;0.00;0.00;0.00
09.01.2021;15:18:24;2.81;46.96;9.10;750.97;0.00;0.00;0.00
09.01.2021;15:19:24;2.90;47.03;9.11;750.96;0.00;0.00;0.00
09.01.2021;15:20:24;3.01;46.82;9.12;750.97;0.00;0.00;0.00
09.01.2021;15:21:24;2.90;47.11;9.13;750.98;0.00;0.00;0.00
09.01.2021;15:22:24;2.97;46.83;9.14;750.97;0.00;0.00;0.00
09.01.2021;15:23:24;2.93;47.01;9.15;751.00;0.00;0.00;0.00
09.01.2021;15:24:24;3.01;47.01;9.18;751.00;0.00;0.00;0.00
09.01.2021;15:25:24;3.01;46.83;9.18;751.00;0.00;0.00;0.00
09.01.2021;15:26:24;3.00;46.68;9.19;751.00;0.00;0.00;0.00
09.01.2021;15:27:24;2.92;47.06;9.20;750.99;0.00;0.00;0.00
09.01.2021;15:28:24;2.99;46.73;9.21;750.98;0.00;0.00;0.00
09.01.2021;15:29:24;2.85;46.52;9.22;750.99;0.00;0.00;0.00
09.01.2021;15:30:24;2.68;46.67;9.22;750.99;0.00;0.00;0.00
09.01.2021;15:31:24;2.64;46.58;9.22;750.99;0.00;0.00;0.00
09.01.2021;15:32:24;2.71;46.51;9.22;750.99;0.00;0.00;0.00
09.01.2021;15:33:24;2.64;46.51;9.22;750.99;0.00;0.00;0.00
09.01.2021;15:34:24;2.67;46.62;9.23;750.98;0.00;0.00;0.00
09.01.2021;15:35:24;2.70;46.56;9.24;751.00;0.00;0.00;0.00
09.01.2021;15:36:24;2.65;46.43;9.24;751.01;0.00;0.00;0.00
09.01.2021;15:37:24;2.60;46.58;9.24;751.01;0.00;0.00;0.00
09.01.2021;15:38:24;2.60;46.33;9.25;751.01;0.00;0.00;0.00
09.01.2021;15:39:24;2.68;46.36;9.25;751.02;0.00;0.00;0.00
09.01.2021;15:40:24;2.58;46.26;9.24;751.02;0.00;0.00;0.00
09.01.2021;15:41:24;2.58;46.31;9.25;751.04;0.00;0.00;0.00
09.01.2021;15:42:24;2.58;46.41;9.24;751.06;0.00;0.00;0.00
09.01.2021;15:43:24;2.56;46.52;9.24;751.06;0.00;0.00;0.00
09.01.2021;15:44:24;2.50;46.59;9.24;751.06;0.00;0.00;0.00
09.01.2021;15:45:24;2.58;46.38;9.25;751.08;0.00;0.00;0.00
09.01.2021;15:46:24;2.54;46.17;9.25;751.09;0.00;0.00;0.00
09.01.2021;15:47:24;2.54;46.55;9.24;751.08;0.00;0.00;0.00
09.01.2021;15:48:24;2.54;46.34;9.23;751.09;0.00;0.00;0.00
09.01.2021;15:49:24;2.57;46.62;9.23;751.10;0.00;0.00;0.00
09.01.2021;15:50:24;2.57;46.33;9.24;751.11;0.00;0.00;0.00
09.01.2021;15:51:25;2.53;46.26;9.23;751.13;0.00;0.00;0.00
09.01.2021;15:52:25;2.57;46.33;9.23;751.15;0.00;0.00;0.00
09.01.2021;15:53:25;2.54;46.28;9.23;751.15;0.00;0.00;0.00
09.01.2021;15:54:25;2.51;46.40;9.23;751.15;0.00;0.00;0.00
09.01.2021;15:55:25;2.51;46.51;9.23;751.15;0.00;0.00;0.00
09.01.2021;15:56:25;2.54;46.19;9.23;751.16;0.00;0.00;0.00
09.01.2021;15:57:25;2.51;46.13;9.22;751.14;0.00;0.00;0.00
09.01.2021;15:58:25;2.50;46.08;9.22;751.12;0.00;0.00;0.00
09.01.2021;15:59:25;2.54;46.11;9.21;751.13;0.00;0.00;0.00
09.01.2021;16:00:25;2.53;46.12;9.19;751.13;0.00;0.00;0.00
09.01.2021;16:01:25;2.53;46.28;9.19;751.12;0.00;0.00;0.00
09.01.2021;16:02:25;2.51;46.22;9.18;751.10;0.00;0.00;0.00
09.01.2021;16:03:25;2.51;46.27;9.16;751.09;0.00;0.00;0.00
09.01.2021;16:04:25;2.54;46.12;9.17;751.11;0.00;0.00;0.00
09.01.2021;16:05:25;2.50;46.18;9.18;751.10;0.00;0.00;0.00
09.01.2021;16:06:25;2.50;46.32;9.18;751.11;0.00;0.00;0.00
09.01.2021;16:07:25;2.53;46.21;9.17;751.10;0.00;0.00;0.00
09.01.2021;16:08:25;2.51;46.45;9.16;751.12;0.00;0.00;0.00
09.01.2021;16:09:25;2.50;46.45;9.16;751.11;0.00;0.00;0.00
09.01.2021;16:10:25;2.51;46.17;9.15;751.12;0.00;0.00;0.00
09.01.2021;16:11:25;2.51;46.10;9.17;751.12;0.00;0.00;0.00
09.01.2021;16:12:25;2.50;46.43;9.16;751.14;0.00;0.00;0.00
09.01.2021;16:13:25;2.51;46.36;9.14;751.15;0.00;0.00;0.00
09.01.2021;16:14:25;2.50;46.21;9.11;751.16;0.00;0.00;0.00
09.01.2021;16:15:25;2.51;46.55;9.11;751.16;0.00;0.00;0.00
09.01.2021;16:16:25;2.50;46.39;9.11;751.16;0.00;0.00;0.00
09.01.2021;16:17:25;2.50;46.29;9.10;751.17;0.00;0.00;0.00
09.01.2021;16:18:25;2.53;46.16;9.10;751.18;0.00;0.00;0.00
09.01.2021;16:19:25;2.50;46.18;9.10;751.18;0.00;0.00;0.00
09.01.2021;16:20:25;2.51;46.20;9.09;751.19;0.00;0.00;0.00
09.01.2021;16:21:25;2.54;46.51;9.09;751.18;0.00;0.00;0.00
09.01.2021;16:22:25;2.51;46.30;9.08;751.20;0.00;0.00;0.00
09.01.2021;16:23:25;2.50;46.12;9.08;751.19;0.00;0.00;0.00
09.01.2021;16:24:25;2.51;46.26;9.08;751.22;0.00;0.00;0.00
09.01.2021;16:25:25;2.50;46.31;9.05;751.23;0.00;0.00;0.00
09.01.2021;16:26:25;2.50;46.24;9.04;751.23;0.00;0.00;0.00
09.01.2021;16:27:26;2.51;46.29;9.04;751.22;0.00;0.00;0.00
09.01.2021;16:28:26;2.50;46.46;9.04;751.23;0.00;0.00;0.00
09.01.2021;16:29:26;2.51;46.79;9.04;751.23;0.00;0.00;0.00
09.01.2021;16:30:26;2.50;46.40;9.03;751.24;0.00;0.00;0.00
09.01.2021;16:31:26;2.50;46.22;9.02;751.24;0.00;0.00;0.00
09.01.2021;16:32:26;2.53;46.46;9.01;751.27;0.00;0.00;0.00
09.01.2021;16:33:26;2.50;46.67;9.00;751.28;0.00;0.00;0.00
09.01.2021;16:34:26;2.51;46.46;8.99;751.29;0.00;0.00;0.00
09.01.2021;16:35:26;2.57;46.42;9.00;751.31;0.00;0.00;0.00
09.01.2021;16:36:26;2.50;46.30;9.00;751.32;0.00;0.00;0.00
09.01.2021;16:37:26;2.53;46.42;8.99;751.32;0.00;0.00;0.00
09.01.2021;16:38:26;2.51;46.60;8.98;751.31;0.00;0.00;0.00
09.01.2021;16:39:26;2.51;46.52;8.98;751.33;0.00;0.00;0.00
09.01.2021;16:40:26;2.50;46.63;8.97;751.32;0.00;0.00;0.00
09.01.2021;16:41:26;2.50;46.71;8.96;751.33;0.00;0.00;0.00
09.01.2021;16:42:26;2.51;46.49;8.97;751.34;0.00;0.00;0.00
09.01.2021;16:43:26;2.53;46.53;8.96;751.35;0.00;0.00;0.00
09.01.2021;16:44:26;2.50;46.62;8.96;751.35;0.00;0.00;0.00
09.01.2021;16:45:26;2.51;46.65;8.97;751.38;0.00;0.00;0.00
09.01.2021;16:46:26;2.54;46.65;8.96;751.38;0.00;0.00;0.00
09.01.2021;16:47:26;2.53;46.58;8.97;751.37;0.00;0.00;0.00
09.01.2021;16:48:26;2.53;46.46;8.97;751.39;0.00;0.00;0.00
09.01.2021;16:49:26;2.53;46.44;8.98;751.40;0.00;0.00;0.00
09.01.2021;16:50:26;2.50;46.51;8.98;751.41;0.00;0.00;0.00
09.01.2021;16:51:26;2.51;46.40;8.99;751.42;0.00;0.00;0.00
09.01.2021;16:52:26;2.53;46.44;8.99;751.44;0.00;0.00;0.00
09.01.2021;16:53:26;2.50;46.71;8.99;751.45;0.00;0.00;0.00
09.01.2021;16:54:26;2.50;46.58;9.00;751.46;0.00;0.00;0.00
09.01.2021;16:55:26;2.51;46.51;9.00;751.48;0.00;0.00;0.00
09.01.2021;16:56:26;2.50;46.49;9.00;751.49;0.00;0.00;0.00
09.01.2021;16:57:26;2.50;46.76;9.00;751.49;0.00;0.00;0.00
09.01.2021;16:58:26;2.50;46.63;9.00;751.50;0.00;0.00;0.00
09.01.2021;16:59:26;2.53;46.61;9.00;751.51;0.00;0.00;0.00
09.01.2021;17:00:26;2.53;46.72;9.01;751.51;0.00;0.00;0.00
09.01.2021;17:01:26;2.50;46.99;9.01;751.51;0.00;0.00;0.00
09.01.2021;17:02:26;2.51;46.87;9.01;751.53;0.00;0.00;0.00
09.01.2021;17:03:27;2.53;46.76;9.02;751.55;0.00;0.00;0.00
09.01.2021;17:04:27;2.50;47.15;9.01;751.54;0.00;0.00;0.00
09.01.2021;17:05:27;2.51;46.67;9.00;751.53;0.00;0.00;0.00
09.01.2021;17:06:27;2.53;46.75;9.00;751.54;0.00;0.00;0.00
09.01.2021;17:07:27;2.53;46.65;8.99;751.54;0.00;0.00;0.00
09.01.2021;17:08:27;2.53;46.58;9.01;751.53;0.00;0.00;0.00
09.01.2021;17:09:27;2.56;46.78;9.01;751.53;0.00;0.00;0.00
09.01.2021;17:10:27;2.50;46.53;9.03;751.53;0.00;0.00;0.00
09.01.2021;17:11:27;2.50;46.52;9.03;751.52;0.00;0.00;0.00
09.01.2021;17:12:27;2.51;46.64;9.04;751.54;0.00;0.00;0.00
09.01.2021;17:13:27;2.50;46.69;9.03;751.51;0.00;0.00;0.00
09.01.2021;17:14:27;2.56;46.86;9.04;751.51;0.00;0.00;0.00
09.01.2021;17:15:27;2.51;46.41;9.05;751.51;0.00;0.00;0.00
09.01.2021;17:16:27;2.53;46.65;9.04;751.49;0.00;0.00;0.00
09.01.2021;17:17:27;2.53;46.55;9.04;751.50;0.00;0.00;0.00
09.01.2021;17:18:27;2.56;46.57;9.04;751.52;0.00;0.00;0.00
09.01.2021;17:19:27;2.51;46.73;9.03;751.51;0.00;0.00;0.00
09.01.2021;17:20:27;2.53;46.62;9.02;751.51;0.00;0.00;0.00
09.01.2021;17:21:27;2.60;46.79;9.02;751.51;0.00;0.00;0.00
09.01.2021;17:22:27;2.54;46.78;9.05;751.52;0.00;0.00;0.00
09.01.2021;17:23:27;2.57;46.54;9.06;751.52;0.00;0.00;0.00
09.01.2021;17:24:27;2.57;46.59;9.07;751.52;0.00;0.00;0.00
09.01.2021;17:25:27;2.57;46.60;9.08;751.52;0.00;0.00;0.00
09.01.2021;17:26:27;2.53;46.57;9.09;751.53;0.00;0.00;0.00
09.01.2021;17:27:27;2.54;46.50;9.08;751.54;0.00;0.00;0.00
09.01.2021;17:28:27;2.54;46.54;9.07;751.53;0.00;0.00;0.00
09.01.2021;17:29:27;2.57;46.74;9.06;751.53;0.00;0.00;0.00
09.01.2021;17:30:27;2.54;46.50;9.08;751.51;0.00;0.00;0.00
09.01.2021;17:31:27;2.56;46.48;9.08;751.52;0.00;0.00;0.00
09.01.2021;17:32:27;2.51;46.51;9.07;751.51;0.00;0.00;0.00
09.01.2021;17:33:27;2.57;46.53;9.07;751.51;0.00;0.00;0.00
09.01.2021;17:34:27;2.56;46.89;9.08;751.51;0.00;0.00;0.00
09.01.2021;17:35:27;2.51;46.58;9.09;751.52;0.00;0.00;0.00
09.01.2021;17:36:27;2.53;46.59;9.09;751.53;0.00;0.00;0.00
09.01.2021;17:37:27;2.54;46.56;9.10;751.52;0.00;0.00;0.00
09.01.2021;17:38:27;2.57;46.70;9.11;751.53;0.00;0.00;0.00
09.01.2021;17:39:28;2.51;46.92;9.14;751.54;0.00;0.00;0.00
09.01.2021;17:40:28;2.54;46.60;9.15;751.53;0.00;0.00;0.00
09.01.2021;17:41:28;2.58;46.48;9.15;751.55;0.00;0.00;0.00
09.01.2021;17:42:28;2.60;46.45;9.16;751.55;0.00;0.00;0.00
09.01.2021;17:43:28;2.60;46.61;9.16;751.54;0.00;0.00;0.00
09.01.2021;17:44:28;2.58;46.46;9.16;751.55;0.00;0.00;0.00
09.01.2021;17:45:28;2.63;46.58;9.17;751.55;0.00;0.00;0.00
09.01.2021;17:46:28;2.51;46.59;9.18;751.55;0.00;0.00;0.00
09.01.2021;17:47:28;2.51;46.54;9.16;751.57;0.00;0.00;0.00
09.01.2021;17:48:28;2.53;46.55;9.16;751.57;0.00;0.00;0.00
09.01.2021;17:49:28;2.54;46.52;9.17;751.59;0.00;0.00;0.00
09.01.2021;17:50:28;2.56;46.50;9.17;751.59;0.00;0.00;0.00
09.01.2021;17:51:28;2.53;46.49;9.18;751.58;0.00;0.00;0.00
09.01.2021;17:52:28;2.50;46.52;9.20;751.60;0.00;0.00;0.00
09.01.2021;17:53:28;2.57;46.36;9.18;751.61;0.00;0.00;0.00
09.01.2021;17:54:28;2.57;46.44;9.17;751.61;0.00;0.00;0.00
09.01.2021;17:55:28;2.56;46.42;9.16;751.59;0.00;0.00;0.00
09.01.2021;17:56:28;2.57;46.56;9.15;751.60;0.00;0.00;0.00
09.01.2021;17:57:28;2.56;46.59;9.13;751.61;0.00;0.00;0.00
09.01.2021;17:58:28;2.51;46.58;9.12;751.62;0.00;0.00;0.00
09.01.2021;17:59:28;2.53;46.64;9.14;751.61;0.00;0.00;0.00
09.01.2021;18:00:28;2.57;46.63;9.16;751.63;0.00;0.00;0.00
09.01.2021;18:01:28;2.58;46.62;9.16;751.62;0.00;0.00;0.00
09.01.2021;18:02:28;2.54;46.55;9.17;751.65;0.00;0.00;0.00
09.01.2021;18:03:28;2.56;46.62;9.16;751.66;0.00;0.00;0.00
09.01.2021;18:04:28;2.56;46.56;9.17;751.65;0.00;0.00;0.00
09.01.2021;18:05:28;2.57;46.59;9.17;751.65;0.00;0.00;0.00
09.01.2021;18:06:28;2.57;46.70;9.17;751.64;0.00;0.00;0.00
09.01.2021;18:07:28;2.53;46.71;9.17;751.66;0.00;0.00;0.00
09.01.2021;18:08:28;2.51;46.60;9.19;751.65;0.00;0.00;0.00
09.01.2021;18:09:28;2.57;46.61;9.18;751.66;0.00;0.00;0.00
09.01.2021;18:10:28;2.58;46.83;9.18;751.65;0.00;0.00;0.00
09.01.2021;18:11:28;2.57;46.64;9.18;751.64;0.00;0.00;0.00
09.01.2021;18:12:28;2.57;46.59;9.19;751.65;0.00;0.00;0.00
09.01.2021;18:13:28;2.60;46.55;9.21;751.64;0.00;0.00;0.00
09.01.2021;18:14:28;2.53;46.43;9.22;751.64;0.00;0.00;0.00
09.01.2021;18:15:29;2.58;46.56;9.20;751.66;0.00;0.00;0.00
09.01.2021;18:16:29;2.67;46.63;9.18;751.65;0.00;0.00;0.00
09.01.2021;18:17:29;2.56;46.68;9.20;751.64;0.00;0.00;0.00
09.01.2021;18:18:29;2.56;46.60;9.24;751.64;0.00;0.00;0.00
09.01.2021;18:19:29;2.56;46.72;9.23;751.64;0.00;0.00;0.00
09.01.2021;18:20:29;2.53;46.53;9.22;751.65;0.00;0.00;0.00
09.01.2021;18:21:29;2.57;46.57;9.22;751.63;0.00;0.00;0.00
09.01.2021;18:22:29;2.56;46.69;9.22;751.63;0.00;0.00;0.00
09.01.2021;18:23:29;2.57;46.60;9.21;751.64;0.00;0.00;0.00
09.01.2021;18:24:29;2.61;46.62;9.21;751.64;0.00;0.00;0.00
09.01.2021;18:25:29;2.53;46.61;9.22;751.63;0.00;0.00;0.00
09.01.2021;18:26:29;2.54;46.67;9.22;751.63;0.00;0.00;0.00
09.01.2021;18:27:29;2.56;46.82;9.24;751.64;0.00;0.00;0.00
09.01.2021;18:28:29;2.56;46.65;9.23;751.67;0.00;0.00;0.00
09.01.2021;18:29:29;2.51;46.68;9.21;751.68;0.00;0.00;0.00
09.01.2021;18:30:29;2.56;46.69;9.22;751.70;0.00;0.00;0.00
09.01.2021;18:31:29;2.53;46.71;9.23;751.70;0.00;0.00;0.00
09.01.2021;18:32:29;2.53;46.71;9.22;751.70;0.00;0.00;0.00
09.01.2021;18:33:29;2.50;46.70;9.22;751.70;0.00;0.00;0.00
09.01.2021;18:34:29;2.53;46.84;9.21;751.69;0.00;0.00;0.00
09.01.2021;18:35:29;2.50;46.86;9.20;751.69;0.00;0.00;0.00
09.01.2021;18:36:29;2.58;46.86;9.20;751.71;0.00;0.00;0.00
09.01.2021;18:37:29;2.51;46.88;9.20;751.71;0.00;0.00;0.00
09.01.2021;18:38:29;2.54;46.75;9.22;751.70;0.00;0.00;0.00
09.01.2021;18:39:29;2.53;46.79;9.23;751.69;0.00;0.00;0.00
09.01.2021;18:40:29;2.51;46.80;9.23;751.69;0.00;0.00;0.00
09.01.2021;18:41:29;2.54;46.90;9.22;751.70;0.00;0.00;0.00
09.01.2021;18:42:29;2.56;46.79;9.24;751.70;0.00;0.00;0.00
09.01.2021;18:43:29;2.51;46.66;9.25;751.71;0.00;0.00;0.00
09.01.2021;18:44:29;2.53;46.65;9.25;751.69;0.00;0.00;0.00
09.01.2021;18:45:29;2.53;46.69;9.24;751.69;0.00;0.00;0.00
09.01.2021;18:46:29;2.56;46.78;9.25;751.70;0.00;0.00;0.00
09.01.2021;18:47:29;2.53;46.74;9.24;751.69;0.00;0.00;0.00
09.01.2021;18:48:29;2.50;46.88;9.25;751.68;0.00;0.00;0.00
09.01.2021;18:49:29;2.54;46.73;9.24;751.69;0.00;0.00;0.00
09.01.2021;18:50:30;2.54;46.70;9.25;751.69;0.00;0.00;0.00
09.01.2021;18:51:30;2.57;46.68;9.27;751.70;0.00;0.00;0.00
09.01.2021;18:52:30;2.54;46.64;9.26;751.71;0.00;0.00;0.00
09.01.2021;18:53:30;2.54;46.59;9.25;751.70;0.00;0.00;0.00
09.01.2021;18:54:30;2.54;46.62;9.25;751.70;0.00;0.00;0.00
09.01.2021;18:55:30;2.57;46.65;9.27;751.71;0.00;0.00;0.00
09.01.2021;18:56:30;2.53;46.64;9.27;751.70;0.00;0.00;0.00
09.01.2021;18:57:30;2.56;46.65;9.25;751.70;0.00;0.00;0.00
09.01.2021;18:58:30;2.57;46.63;9.25;751.71;0.00;0.00;0.00
09.01.2021;18:59:30;2.54;46.66;9.25;751.71;0.00;0.00;0.00
09.01.2021;19:00:30;2.56;46.61;9.25;751.72;0.00;0.00;0.00
09.01.2021;19:01:30;2.51;46.57;9.27;751.72;0.00;0.00;0.00
09.01.2021;19:02:30;2.54;46.54;9.30;751.72;0.00;0.00;0.00
09.01.2021;19:03:30;2.54;46.64;9.31;751.72;0.00;0.00;0.00
09.01.2021;19:04:30;2.50;46.56;9.29;751.73;0.00;0.00;0.00
09.01.2021;19:05:30;2.56;46.64;9.28;751.74;0.00;0.00;0.00
09.01.2021;19:06:30;2.56;46.62;9.29;751.76;0.00;0.00;0.00
09.01.2021;19:07:30;2.56;46.69;9.27;751.75;0.00;0.00;0.00
09.01.2021;19:08:30;2.54;46.71;9.25;751.74;0.00;0.00;0.00
09.01.2021;19:09:30;2.54;46.82;9.23;751.75;0.00;0.00;0.00
09.01.2021;19:10:30;2.50;46.67;9.25;751.76;0.00;0.00;0.00
09.01.2021;19:11:30;2.51;47.05;9.26;751.77;0.00;0.00;0.00
09.01.2021;19:12:30;2.56;47.05;9.28;751.76;0.00;0.00;0.00
09.01.2021;19:13:30;2.50;46.74;9.26;751.77;0.00;0.00;0.00
09.01.2021;19:14:30;2.53;46.82;9.25;751.77;0.00;0.00;0.00
09.01.2021;19:15:30;2.50;46.79;9.24;751.78;0.00;0.00;0.00
09.01.2021;19:16:30;2.50;46.81;9.23;751.77;0.00;0.00;0.00
09.01.2021;19:17:30;2.56;46.88;9.21;751.78;0.00;0.00;0.00
09.01.2021;19:18:30;2.53;46.85;9.22;751.75;0.00;0.00;0.00
09.01.2021;19:19:30;2.51;46.76;9.22;751.76;0.00;0.00;0.00
09.01.2021;19:20:30;2.54;46.76;9.24;751.76;0.00;0.00;0.00
09.01.2021;19:21:30;2.57;46.81;9.24;751.75;0.00;0.00;0.00
09.01.2021;19:22:30;2.51;46.73;9.24;751.75;0.00;0.00;0.00
09.01.2021;19:23:30;2.58;46.78;9.24;751.76;0.00;0.00;0.00
09.01.2021;19:24:30;2.53;46.98;9.23;751.76;0.00;0.00;0.00
09.01.2021;19:25:30;2.54;46.90;9.21;751.76;0.00;0.00;0.00
09.01.2021;19:26:31;2.58;46.93;9.21;751.75;0.00;0.00;0.00
09.01.2021;19:27:31;2.51;46.85;9.21;751.76;0.00;0.00;0.00
09.01.2021;19:28:31;2.54;46.82;9.23;751.77;0.00;0.00;0.00
09.01.2021;19:29:31;2.53;46.96;9.23;751.76;0.00;0.00;0.00
09.01.2021;19:30:31;2.56;47.04;9.22;751.77;0.00;0.00;0.00
09.01.2021;19:31:31;2.56;46.92;9.24;751.78;0.00;0.00;0.00
09.01.2021;19:32:31;2.53;46.82;9.24;751.78;0.00;0.00;0.00
09.01.2021;19:33:31;2.57;46.84;9.23;751.75;0.00;0.00;0.00
09.01.2021;19:34:31;2.54;46.74;9.24;751.78;0.00;0.00;0.00
09.01.2021;19:35:31;2.57;46.77;9.23;751.77;0.00;0.00;0.00
09.01.2021;19:36:31;2.54;46.84;9.22;751.77;0.00;0.00;0.00
09.01.2021;19:37:31;2.58;46.90;9.20;751.77;0.00;0.00;0.00
09.01.2021;19:38:31;2.56;46.80;9.22;751.78;0.00;0.00;0.00
09.01.2021;19:39:31;2.53;46.76;9.24;751.78;0.00;0.00;0.00
09.01.2021;19:40:31;2.57;46.81;9.23;751.78;0.00;0.00;0.00
09.01.2021;19:41:31;2.53;46.80;9.23;751.77;0.00;0.00;0.00
09.01.2021;19:42:31;2.54;46.87;9.22;751.79;0.00;0.00;0.00
09.01.2021;19:43:31;2.54;46.87;9.25;751.79;0.00;0.00;0.00
09.01.2021;19:44:31;2.57;46.79;9.26;751.80;0.00;0.00;0.00
09.01.2021;19:45:31;2.54;46.66;9.25;751.82;0.00;0.00;0.00
09.01.2021;19:46:31;2.51;46.86;9.26;751.83;0.00;0.00;0.00
09.01.2021;19:47:31;2.56;46.73;9.26;751.83;0.00;0.00;0.00
09.01.2021;19:48:31;2.58;46.62;9.26;751.82;0.00;0.00;0.00
09.01.2021;19:49:31;2.53;46.68;9.25;751.82;0.00;0.00;0.00
09.01.2021;19:50:31;2.61;46.67;9.24;751.84;0.00;0.00;0.00
09.01.2021;19:51:31;2.57;46.73;9.24;751.85;0.00;0.00;0.00
09.01.2021;19:52:31;2.51;46.82;9.24;751.85;0.00;0.00;0.00
09.01.2021;19:53:31;2.53;46.73;9.24;751.87;0.00;0.00;0.00
09.01.2021;19:54:31;2.54;46.72;9.23;751.88;0.00;0.00;0.00
09.01.2021;19:55:31;2.56;46.75;9.20;751.89;0.00;0.00;0.00
09.01.2021;19:56:31;2.60;46.95;9.21;751.87;0.00;0.00;0.00
09.01.2021;19:57:31;2.54;46.99;9.22;751.89;0.00;0.00;0.00
09.01.2021;19:58:31;2.61;46.91;9.23;751.89;0.00;0.00;0.00
09.01.2021;19:59:31;2.54;46.87;9.23;751.90;0.00;0.00;0.00
09.01.2021;20:00:31;2.54;46.84;9.25;751.91;0.00;0.00;0.00
09.01.2021;20:01:31;2.56;47.01;9.27;751.91;0.00;0.00;0.00
09.01.2021;20:02:32;2.56;46.91;9.26;751.91;0.00;0.00;0.00
09.01.2021;20:03:32;2.53;46.94;9.25;751.91;0.00;0.00;0.00
09.01.2021;20:04:32;2.54;46.89;9.28;751.93;0.00;0.00;0.00
09.01.2021;20:05:32;2.57;46.94;9.28;751.93;0.00;0.00;0.00
09.01.2021;20:06:32;2.54;46.86;9.29;751.94;0.00;0.00;0.00
09.01.2021;20:07:32;2.56;46.79;9.29;751.95;0.00;0.00;0.00
09.01.2021;20:08:32;2.56;46.80;9.30;751.94;0.00;0.00;0.00
09.01.2021;20:09:32;2.54;46.77;9.30;751.93;0.00;0.00;0.00
09.01.2021;20:10:32;2.56;46.98;9.31;751.93;0.00;0.00;0.00
09.01.2021;20:11:32;2.57;46.68;9.33;751.92;0.00;0.00;0.00
09.01.2021;20:12:32;2.53;46.70;9.35;751.92;0.00;0.00;0.00
09.01.2021;20:13:32;2.51;46.90;9.35;751.91;0.00;0.00;0.00
09.01.2021;20:14:32;2.56;46.76;9.34;751.90;0.00;0.00;0.00
09.01.2021;20:15:32;2.57;46.69;9.34;751.91;0.00;0.00;0.00
09.01.2021;20:16:32;2.57;46.81;9.33;751.90;0.00;0.00;0.00
09.01.2021;20:17:32;2.56;46.64;9.33;751.91;0.00;0.00;0.00
09.01.2021;20:18:32;2.56;46.67;9.32;751.90;0.00;0.00;0.00
09.01.2021;20:19:32;2.54;46.94;9.37;751.90;0.00;0.00;0.00
09.01.2021;20:20:32;2.54;46.64;9.39;751.89;0.00;0.00;0.00
09.01.2021;20:21:32;2.51;46.55;9.36;751.90;0.00;0.00;0.00
09.01.2021;20:22:32;2.60;46.60;9.35;751.92;0.00;0.00;0.00
09.01.2021;20:23:32;2.56;46.54;9.36;751.93;0.00;0.00;0.00
09.01.2021;20:24:32;2.56;46.62;9.35;751.91;0.00;0.00;0.00
09.01.2021;20:25:32;2.56;46.59;9.37;751.90;0.00;0.00;0.00
09.01.2021;20:26:32;2.54;46.54;9.39;751.90;0.00;0.00;0.00
09.01.2021;20:27:32;2.58;46.49;9.38;751.91;0.00;0.00;0.00
09.01.2021;20:28:32;2.58;46.49;9.36;751.91;0.00;0.00;0.00
09.01.2021;20:29:32;2.53;46.56;9.35;751.91;0.00;0.00;0.00
09.01.2021;20:30:32;2.58;46.62;9.34;751.91;0.00;0.00;0.00
09.01.2021;20:31:32;2.56;46.63;9.36;751.92;0.00;0.00;0.00
09.01.2021;20:32:32;2.54;46.83;9.36;751.92;0.00;0.00;0.00
09.01.2021;20:33:32;2.60;46.71;9.37;751.93;0.00;0.00;0.00
09.01.2021;20:34:32;2.57;46.48;9.40;751.92;0.00;0.00;0.00
09.01.2021;20:35:32;2.54;46.41;9.40;751.92;0.00;0.00;0.00
09.01.2021;20:36:32;2.58;46.51;9.40;751.92;0.00;0.00;0.00
09.01.2021;20:37:33;2.58;46.47;9.41;751.91;0.00;0.00;0.00
09.01.2021;20:38:33;2.57;46.57;9.42;751.90;0.00;0.00;0.00
09.01.2021;20:39:33;2.60;46.38;9.42;751.90;0.00;0.00;0.00
09.01.2021;20:40:33;2.56;46.41;9.42;751.88;0.00;0.00;0.00
09.01.2021;20:41:33;2.58;46.57;9.44;751.90;0.00;0.00;0.00
09.01.2021;20:42:33;2.53;46.29;9.45;751.91;0.00;0.00;0.00
09.01.2021;20:43:33;2.60;46.25;9.43;751.92;0.00;0.00;0.00
09.01.2021;20:44:33;2.64;46.36;9.42;751.92;0.00;0.00;0.00
09.01.2021;20:45:33;2.56;46.39;9.44;751.93;0.00;0.00;0.00
09.01.2021;20:46:33;2.57;46.44;9.44;751.92;0.00;0.00;0.00
09.01.2021;20:47:33;2.67;46.56;9.48;751.94;0.00;0.00;0.00
09.01.2021;20:48:33;2.58;46.37;9.45;751.95;0.00;0.00;0.00
09.01.2021;20:49:33;2.58;46.44;9.44;751.94;0.00;0.00;0.00
09.01.2021;20:50:33;2.64;46.31;9.43;751.95;0.00;0.00;0.00
09.01.2021;20:51:33;2.58;46.51;9.43;751.95;0.00;0.00;0.00
09.01.2021;20:52:33;2.58;46.46;9.42;751.97;0.00;0.00;0.00
09.01.2021;20:53:33;2.58;46.33;9.43;751.97;0.00;0.00;0.00
09.01.2021;20:54:33;2.58;46.34;9.43;751.98;0.00;0.00;0.00
09.01.2021;20:55:33;2.56;46.30;9.43;751.99;0.00;0.00;0.00
09.01.2021;20:56:33;2.57;46.40;9.41;752.01;0.00;0.00;0.00
09.01.2021;20:57:33;2.60;46.61;9.40;752.02;0.00;0.00;0.00
09.01.2021;20:58:33;2.60;46.65;9.42;752.02;0.00;0.00;0.00
09.01.2021;20:59:33;2.53;46.47;9.42;752.02;0.00;0.00;0.00
09.01.2021;21:00:33;2.54;46.51;9.42;752.02;0.00;0.00;0.00
09.01.2021;21:01:33;2.60;46.67;9.43;752.03;0.00;0.00;0.00
09.01.2021;21:02:33;2.53;46.46;9.41;752.04;0.00;0.00;0.00
09.01.2021;21:03:33;2.53;46.47;9.39;752.04;0.00;0.00;0.00
09.01.2021;21:04:33;2.60;46.48;9.38;752.05;0.00;0.00;0.00
09.01.2021;21:05:33;2.57;46.52;9.37;752.05;0.00;0.00;0.00
09.01.2021;21:06:33;2.51;46.52;9.38;752.05;0.00;0.00;0.00
09.01.2021;21:07:33;2.56;46.60;9.39;752.04;0.00;0.00;0.00
09.01.2021;21:08:33;2.50;46.59;9.41;752.05;0.00;0.00;0.00
09.01.2021;21:09:33;2.58;46.56;9.43;752.05;0.00;0.00;0.00
09.01.2021;21:10:33;2.57;46.47;9.43;752.04;0.00;0.00;0.00
09.01.2021;21:11:33;2.54;46.48;9.45;752.03;0.00;0.00;0.00
09.01.2021;21:12:33;2.60;46.46;9.48;752.03;0.00;0.00;0.00
09.01.2021;21:13:34;2.54;46.42;9.47;752.03;0.00;0.00;0.00
09.01.2021;21:14:34;2.57;46.32;9.45;752.03;0.00;0.00;0.00
09.01.2021;21:15:34;2.60;46.39;9.44;752.03;0.00;0.00;0.00
09.01.2021;21:16:34;2.54;46.66;9.46;752.03;0.00;0.00;0.00
09.01.2021;21:17:34;2.54;46.53;9.49;752.04;0.00;0.00;0.00
09.01.2021;21:18:34;2.65;46.48;9.50;752.04;0.00;0.00;0.00
09.01.2021;21:19:34;2.56;46.43;9.51;752.05;0.00;0.00;0.00
09.01.2021;21:20:34;2.64;46.40;9.53;752.06;0.00;0.00;0.00
09.01.2021;21:21:34;2.58;46.43;9.55;752.06;0.00;0.00;0.00
09.01.2021;21:22:34;2.57;46.29;9.53;752.07;0.00;0.00;0.00
09.01.2021;21:23:34;2.61;46.27;9.54;752.06;0.00;0.00;0.00
09.01.2021;21:24:34;2.54;46.22;9.54;752.06;0.00;0.00;0.00
09.01.2021;21:25:34;2.60;46.27;9.54;752.08;0.00;0.00;0.00
09.01.2021;21:26:34;2.54;46.30;9.55;752.07;0.00;0.00;0.00
09.01.2021;21:27:34;2.58;46.19;9.58;752.09;0.00;0.00;0.00
09.01.2021;21:28:34;2.60;46.13;9.58;752.08;0.00;0.00;0.00
09.01.2021;21:29:34;2.56;46.16;9.61;752.10;0.00;0.00;0.00
09.01.2021;21:30:34;2.54;46.27;9.58;752.08;0.00;0.00;0.00
09.01.2021;21:31:34;2.56;46.21;9.56;752.10;0.00;0.00;0.00
09.01.2021;21:32:34;2.61;46.22;9.58;752.10;0.00;0.00;0.00
09.01.2021;21:33:34;2.63;46.20;9.61;752.12;0.00;0.00;0.00
09.01.2021;21:34:34;2.63;46.32;9.63;752.12;0.00;0.00;0.00
09.01.2021;21:35:34;2.68;46.22;9.66;752.13;0.00;0.00;0.00
09.01.2021;21:36:34;2.63;46.11;9.66;752.14;0.00;0.00;0.00
09.01.2021;21:37:34;2.63;45.96;9.64;752.14;0.00;0.00;0.00
09.01.2021;21:38:34;2.56;45.98;9.62;752.14;0.00;0.00;0.00
09.01.2021;21:39:34;2.58;46.06;9.60;752.14;0.00;0.00;0.00
09.01.2021;21:40:34;2.65;46.05;9.60;752.14;0.00;0.00;0.00
09.01.2021;21:41:34;2.54;46.09;9.60;752.13;0.00;0.00;0.00
09.01.2021;21:42:34;2.54;46.08;9.62;752.14;0.00;0.00;0.00
09.01.2021;21:43:34;2.64;46.04;9.61;752.14;0.00;0.00;0.00
09.01.2021;21:44:34;2.56;46.07;9.66;752.14;0.00;0.00;0.00
09.01.2021;21:45:34;2.58;45.99;9.63;752.15;0.00;0.00;0.00
09.01.2021;21:46:34;2.57;45.92;9.59;752.15;0.00;0.00;0.00
09.01.2021;21:47:34;2.61;45.99;9.56;752.16;0.00;0.00;0.00
09.01.2021;21:48:35;2.63;46.09;9.58;752.15;0.00;0.00;0.00
09.01.2021;21:49:35;2.58;46.03;9.59;752.16;0.00;0.00;0.00
09.01.2021;21:50:35;2.60;46.07;9.57;752.17;0.00;0.00;0.00
09.01.2021;21:51:35;2.61;46.02;9.56;752.17;0.00;0.00;0.00
09.01.2021;21:52:35;2.56;46.04;9.58;752.18;0.00;0.00;0.00
09.01.2021;21:53:35;2.56;46.04;9.62;752.17;0.00;0.00;0.00
09.01.2021;21:54:35;2.56;45.93;9.62;752.16;0.00;0.00;0.00
09.01.2021;21:55:35;2.54;45.94;9.61;752.16;0.00;0.00;0.00
09.01.2021;21:56:35;2.56;45.94;9.60;752.16;0.00;0.00;0.00
09.01.2021;21:57:35;2.60;45.97;9.58;752.15;0.00;0.00;0.00
09.01.2021;21:58:35;2.54;46.10;9.59;752.16;0.00;0.00;0.00
09.01.2021;21:59:35;2.63;46.02;9.62;752.16;0.00;0.00;0.00
09.01.2021;22:00:35;2.58;46.06;9.66;752.16;0.00;0.00;0.00
09.01.2021;22:01:35;2.54;45.87;9.64;752.17;0.00;0.00;0.00
09.01.2021;22:02:35;2.61;45.89;9.62;752.18;0.00;0.00;0.00
09.01.2021;22:03:35;2.60;45.93;9.59;752.16;0.00;0.00;0.00
09.01.2021;22:04:35;2.61;46.11;9.56;752.18;0.00;0.00;0.00
09.01.2021;22:05:35;2.57;45.99;9.57;752.17;0.00;0.00;0.00
09.01.2021;22:06:35;2.58;46.04;9.58;752.18;0.00;0.00;0.00
09.01.2021;22:07:35;2.57;45.99;9.59;752.17;0.00;0.00;0.00
09.01.2021;22:08:35;2.64;46.02;9.57;752.17;0.00;0.00;0.00
09.01.2021;22:09:35;2.58;46.05;9.59;752.15;0.00;0.00;0.00
09.01.2021;22:10:35;2.58;45.98;9.61;752.15;0.00;0.00;0.00
09.01.2021;22:11:35;2.61;46.19;9.63;752.14;0.00;0.00;0.00
09.01.2021;22:12:35;2.62;45.99;9.64;752.14;0.00;0.00;0.00
09.01.2021;22:13:35;2.54;46.02;9.63;752.15;0.00;0.00;0.00
09.01.2021;22:14:35;2.54;46.15;9.62;752.14;0.00;0.00;0.00
09.01.2021;22:15:35;2.53;46.07;9.61;752.14;0.00;0.00;0.00
09.01.2021;22:16:35;2.58;46.01;9.63;752.15;0.00;0.00;0.00
09.01.2021;22:17:35;2.54;45.96;9.65;752.15;0.00;0.00;0.00
09.01.2021;22:18:35;2.56;46.07;9.67;752.15;0.00;0.00;0.00
09.01.2021;22:19:35;2.57;45.83;9.66;752.16;0.00;0.00;0.00
09.01.2021;22:20:35;2.61;45.84;9.63;752.15;0.00;0.00;0.00
09.01.2021;22:21:35;2.66;45.90;9.62;752.15;0.00;0.00;0.00
09.01.2021;22:22:35;2.63;45.91;9.63;752.14;0.00;0.00;0.00
09.01.2021;22:23:36;2.56;46.00;9.64;752.13;0.00;0.00;0.00
09.01.2021;22:24:36;2.63;45.83;9.66;752.12;0.00;0.00;0.00
09.01.2021;22:25:36;2.63;45.85;9.65;752.10;0.00;0.00;0.00
09.01.2021;22:26:36;2.63;45.77;9.67;752.09;0.00;0.00;0.00
09.01.2021;22:27:36;2.54;45.88;9.69;752.09;0.00;0.00;0.00
09.01.2021;22:28:36;2.57;45.75;9.67;752.10;0.00;0.00;0.00
09.01.2021;22:29:36;2.58;45.70;9.67;752.09;0.00;0.00;0.00
09.01.2021;22:30:36;2.60;45.80;9.65;752.11;0.00;0.00;0.00
09.01.2021;22:31:36;2.61;45.88;9.64;752.13;0.00;0.00;0.00
09.01.2021;22:32:36;2.61;46.03;9.65;752.14;0.00;0.00;0.00
09.01.2021;22:33:36;2.64;45.84;9.66;752.14;0.00;0.00;0.00
09.01.2021;22:34:36;2.58;45.66;9.65;752.15;0.00;0.00;0.00
09.01.2021;22:35:36;2.58;45.78;9.64;752.16;0.00;0.00;0.00
09.01.2021;22:36:36;2.64;45.87;9.65;752.15;0.00;0.00;0.00
09.01.2021;22:37:36;2.60;45.76;9.65;752.15;0.00;0.00;0.00
09.01.2021;22:38:36;2.60;45.68;9.65;752.15;0.00;0.00;0.00
09.01.2021;22:39:36;2.60;45.73;9.63;752.17;0.00;0.00;0.00
09.01.2021;22:40:36;2.54;45.85;9.62;752.16;0.00;0.00;0.00
09.01.2021;22:41:36;2.56;45.83;9.64;752.17;0.00;0.00;0.00
09.01.2021;22:42:36;2.63;45.80;9.67;752.15;0.00;0.00;0.00
09.01.2021;22:43:36;2.53;45.72;9.65;752.17;0.00;0.00;0.00
09.01.2021;22:44:36;2.57;45.86;9.64;752.17;0.00;0.00;0.00
09.01.2021;22:45:36;2.58;45.83;9.62;752.18;0.00;0.00;0.00
09.01.2021;22:46:36;2.56;45.77;9.63;752.20;0.00;0.00;0.00
09.01.2021;22:47:36;2.60;45.80;9.64;752.19;0.00;0.00;0.00
09.01.2021;22:48:36;2.56;45.68;9.63;752.21;0.00;0.00;0.00
09.01.2021;22:49:36;2.57;45.84;9.62;752.22;0.00;0.00;0.00
09.01.2021;22:50:36;2.58;45.83;9.62;752.22;0.00;0.00;0.00
09.01.2021;22:51:36;2.60;45.83;9.64;752.23;0.00;0.00;0.00
09.01.2021;22:52:36;2.61;45.88;9.67;752.24;0.00;0.00;0.00
09.01.2021;22:53:36;2.58;45.95;9.68;752.24;0.00;0.00;0.00
09.01.2021;22:54:36;2.65;45.81;9.69;752.25;0.00;0.00;0.00
09.01.2021;22:55:36;2.58;45.72;9.67;752.26;0.00;0.00;0.00
09.01.2021;22:56:36;2.60;45.72;9.64;752.28;0.00;0.00;0.00
09.01.2021;22:57:36;2.64;45.78;9.64;752.28;0.00;0.00;0.00
09.01.2021;22:58:36;2.68;45.71;9.65;752.30;0.00;0.00;0.00
09.01.2021;22:59:37;2.56;45.77;9.66;752.30;0.00;0.00;0.00
09.01.2021;23:00:37;2.60;45.89;9.69;752.30;0.00;0.00;0.00
09.01.2021;23:01:37;2.60;45.69;9.71;752.29;0.00;0.00;0.00
09.01.2021;23:02:37;2.61;45.59;9.70;752.28;0.00;0.00;0.00
09.01.2021;23:03:37;2.61;45.64;9.66;752.30;0.00;0.00;0.00
09.01.2021;23:04:37;2.56;45.62;9.64;752.29;0.00;0.00;0.00
09.01.2021;23:05:37;2.53;45.68;9.65;752.30;0.00;0.00;0.00
09.01.2021;23:06:37;2.51;45.67;9.65;752.32;0.00;0.00;0.00
09.01.2021;23:07:37;2.56;45.70;9.63;752.31;0.00;0.00;0.00
09.01.2021;23:08:37;2.51;45.69;9.63;752.34;0.00;0.00;0.00
09.01.2021;23:09:37;2.53;45.69;9.65;752.34;0.00;0.00;0.00
09.01.2021;23:10:37;2.54;45.72;9.66;752.35;0.00;0.00;0.00
09.01.2021;23:11:37;2.53;45.72;9.66;752.37;0.00;0.00;0.00
09.01.2021;23:12:37;2.50;45.91;9.68;752.37;0.00;0.00;0.00
09.01.2021;23:13:37;2.54;45.72;9.68;752.38;0.00;0.00;0.00
09.01.2021;23:14:37;2.51;45.65;9.69;752.37;0.00;0.00;0.00
09.01.2021;23:15:37;2.51;45.66;9.67;752.36;0.00;0.00;0.00
09.01.2021;23:16:37;2.57;45.65;9.63;752.35;0.00;0.00;0.00
09.01.2021;23:17:37;2.51;45.83;9.62;752.35;0.00;0.00;0.00
09.01.2021;23:18:37;2.54;45.77;9.66;752.34;0.00;0.00;0.00
09.01.2021;23:19:37;2.56;45.81;9.65;752.35;0.00;0.00;0.00
09.01.2021;23:20:37;2.51;45.72;9.65;752.34;0.00;0.00;0.00
09.01.2021;23:21:37;2.54;45.70;9.64;752.35;0.00;0.00;0.00
09.01.2021;23:22:37;2.51;45.73;9.61;752.34;0.00;0.00;0.00
09.01.2021;23:23:37;2.51;45.76;9.60;752.36;0.00;0.00;0.00
09.01.2021;23:24:37;2.51;45.79;9.60;752.37;0.00;0.00;0.00
09.01.2021;23:25:37;2.51;45.81;9.61;752.36;0.00;0.00;0.00
09.01.2021;23:26:37;2.50;45.77;9.62;752.37;0.00;0.00;0.00
09.01.2021;23:27:37;2.57;45.76;9.62;752.37;0.00;0.00;0.00
09.01.2021;23:28:37;2.53;45.79;9.62;752.38;0.00;0.00;0.00
09.01.2021;23:29:37;2.51;45.75;9.64;752.37;0.00;0.00;0.00
09.01.2021;23:30:37;2.60;45.84;9.63;752.38;0.00;0.00;0.00
09.01.2021;23:31:37;2.54;45.84;9.63;752.38;0.00;0.00;0.00
09.01.2021;23:32:37;2.57;45.74;9.63;752.38;0.00;0.00;0.00
09.01.2021;23:33:37;2.53;45.85;9.64;752.40;0.00;0.00;0.00
09.01.2021;23:34:38;2.60;45.77;9.63;752.41;0.00;0.00;0.00
09.01.2021;23:35:38;2.56;45.83;9.63;752.43;0.00;0.00;0.00
09.01.2021;23:36:38;2.53;45.96;9.64;752.44;0.00;0.00;0.00
09.01.2021;23:37:38;2.53;45.83;9.65;752.43;0.00;0.00;0.00
09.01.2021;23:38:38;2.56;45.90;9.64;752.44;0.00;0.00;0.00
09.01.2021;23:39:38;2.53;45.84;9.64;752.47;0.00;0.00;0.00
09.01.2021;23:40:38;2.56;45.84;9.63;752.48;0.00;0.00;0.00
09.01.2021;23:41:38;2.53;45.87;9.61;752.48;0.00;0.00;0.00
09.01.2021;23:42:38;2.54;46.00;9.63;752.49;0.00;0.00;0.00
09.01.2021;23:43:38;2.51;45.93;9.66;752.50;0.00;0.00;0.00
09.01.2021;23:44:38;2.53;45.80;9.65;752.50;0.00;0.00;0.00
09.01.2021;23:45:38;2.56;45.74;9.64;752.50;0.00;0.00;0.00
09.01.2021;23:46:38;2.58;45.65;9.64;752.50;0.00;0.00;0.00
09.01.2021;23:47:38;2.56;45.62;9.64;752.51;0.00;0.00;0.00
09.01.2021;23:48:38;2.53;45.81;9.67;752.52;0.00;0.00;0.00
09.01.2021;23:49:38;2.58;45.84;9.67;752.51;0.00;0.00;0.00
09.01.2021;23:50:38;2.54;45.76;9.66;752.52;0.00;0.00;0.00
09.01.2021;23:51:38;2.53;45.72;9.65;752.52;0.00;0.00;0.00
09.01.2021;23:52:38;2.54;45.80;9.65;752.53;0.00;0.00;0.00
09.01.2021;23:53:38;2.51;45.82;9.65;752.55;0.00;0.00;0.00
09.01.2021;23:54:38;2.54;45.83;9.66;752.55;0.00;0.00;0.00
09.01.2021;23:55:38;2.53;45.87;9.67;752.55;0.00;0.00;0.00
09.01.2021;23:56:38;2.57;45.94;9.71;752.57;0.00;0.00;0.00
09.01.2021;23:57:38;2.57;45.82;9.72;752.56;0.00;0.00;0.00
09.01.2021;23:58:38;2.56;45.73;9.69;752.58;0.00;0.00;0.00
09.01.2021;23:59:38;2.51;45.72;9.67;752.58;0.00;0.00;0.00
