09.12.2020;0:00:44;3.35;37.79;7.35;760.16;0.00;0.00;0.00
09.12.2020;0:01:44;3.33;37.78;7.35;760.16;0.00;0.00;0.00
09.12.2020;0:02:44;3.33;37.81;7.34;760.15;0.00;0.00;0.00
09.12.2020;0:03:44;3.35;37.84;7.33;760.15;0.00;0.00;0.00
09.12.2020;0:04:44;3.33;37.72;7.33;760.14;0.00;0.00;0.00
09.12.2020;0:05:44;3.33;37.96;7.32;760.16;0.00;0.00;0.00
09.12.2020;0:06:44;3.33;37.83;7.32;760.16;0.00;0.00;0.00
09.12.2020;0:07:44;3.33;37.96;7.32;760.17;0.00;0.00;0.00
09.12.2020;0:08:44;3.33;37.96;7.31;760.16;0.00;0.00;0.00
09.12.2020;0:09:44;3.33;38.01;7.31;760.16;0.00;0.00;0.00
09.12.2020;0:10:44;3.33;38.02;7.31;760.17;0.00;0.00;0.00
09.12.2020;0:11:44;3.33;37.96;7.31;760.18;0.00;0.00;0.00
09.12.2020;0:12:44;3.33;37.95;7.30;760.18;0.00;0.00;0.00
09.12.2020;0:13:44;3.33;37.73;7.29;760.18;0.00;0.00;0.00
09.12.2020;0:14:44;3.35;37.96;7.28;760.18;0.00;0.00;0.00
09.12.2020;0:15:44;3.33;37.99;7.27;760.18;0.00;0.00;0.00
09.12.2020;0:16:44;3.33;37.94;7.27;760.18;0.00;0.00;0.00
09.12.2020;0:17:44;3.35;38.04;7.27;760.17;0.00;0.00;0.00
09.12.2020;0:18:44;3.33;37.86;7.27;760.16;0.00;0.00;0.00
09.12.2020;0:19:44;3.33;37.88;7.26;760.16;0.00;0.00;0.00
09.12.2020;0:20:44;3.33;37.89;7.26;760.18;0.00;0.00;0.00
09.12.2020;0:21:44;3.33;37.97;7.26;760.18;0.00;0.00;0.00
09.12.2020;0:22:44;3.33;37.86;7.25;760.18;0.00;0.00;0.00
09.12.2020;0:23:44;3.33;38.04;7.24;760.19;0.00;0.00;0.00
09.12.2020;0:24:44;3.33;37.96;7.24;760.19;0.00;0.00;0.00
09.12.2020;0:25:44;3.33;37.95;7.22;760.20;0.00;0.00;0.00
09.12.2020;0:26:44;3.33;38.06;7.22;760.18;0.00;0.00;0.00
09.12.2020;0:27:44;3.33;38.04;7.22;760.18;0.00;0.00;0.00
09.12.2020;0:28:44;3.35;38.07;7.22;760.18;0.00;0.00;0.00
09.12.2020;0:29:44;3.33;38.05;7.21;760.20;0.00;0.00;0.00
09.12.2020;0:30:44;3.33;38.02;7.21;760.21;0.00;0.00;0.00
09.12.2020;0:31:45;3.36;37.97;7.20;760.21;0.00;0.00;0.00
09.12.2020;0:32:45;3.33;38.01;7.20;760.20;0.00;0.00;0.00
09.12.2020;0:33:45;3.33;38.02;7.19;760.19;0.00;0.00;0.00
09.12.2020;0:34:45;3.33;38.04;7.19;760.20;0.00;0.00;0.00
09.12.2020;0:35:45;3.33;38.13;7.20;760.19;0.00;0.00;0.00
09.12.2020;0:36:45;3.33;37.82;7.20;760.20;0.00;0.00;0.00
09.12.2020;0:37:45;3.33;37.83;7.18;760.17;0.00;0.00;0.00
09.12.2020;0:38:45;3.33;38.03;7.17;760.16;0.00;0.00;0.00
09.12.2020;0:39:45;3.33;38.05;7.17;760.17;0.00;0.00;0.00
09.12.2020;0:40:45;3.33;38.06;7.18;760.15;0.00;0.00;0.00
09.12.2020;0:41:45;3.33;38.13;7.17;760.14;0.00;0.00;0.00
09.12.2020;0:42:45;3.35;37.99;7.17;760.15;0.00;0.00;0.00
09.12.2020;0:43:45;3.33;38.16;7.17;760.14;0.00;0.00;0.00
09.12.2020;0:44:45;3.33;38.08;7.16;760.14;0.00;0.00;0.00
09.12.2020;0:45:45;3.35;38.22;7.16;760.16;0.00;0.00;0.00
09.12.2020;0:46:45;3.33;38.09;7.16;760.16;0.00;0.00;0.00
09.12.2020;0:47:45;3.33;38.00;7.15;760.15;0.00;0.00;0.00
09.12.2020;0:48:45;3.33;38.08;7.15;760.13;0.00;0.00;0.00
09.12.2020;0:49:45;3.33;38.07;7.14;760.14;0.00;0.00;0.00
09.12.2020;0:50:45;3.33;38.10;7.15;760.14;0.00;0.00;0.00
09.12.2020;0:51:45;3.33;38.02;7.16;760.14;0.00;0.00;0.00
09.12.2020;0:52:45;3.33;38.05;7.16;760.14;0.00;0.00;0.00
09.12.2020;0:53:45;3.33;37.96;7.15;760.13;0.00;0.00;0.00
09.12.2020;0:54:45;3.33;38.14;7.15;760.11;0.00;0.00;0.00
09.12.2020;0:55:45;3.33;38.06;7.15;760.11;0.00;0.00;0.00
09.12.2020;0:56:45;3.35;38.08;7.15;760.11;0.00;0.00;0.00
09.12.2020;0:57:45;3.33;38.09;7.14;760.12;0.00;0.00;0.00
09.12.2020;0:58:45;3.33;38.06;7.14;760.13;0.00;0.00;0.00
09.12.2020;0:59:45;3.36;38.12;7.13;760.15;0.00;0.00;0.00
09.12.2020;1:00:45;3.33;38.19;7.12;760.14;0.00;0.00;0.00
09.12.2020;1:01:45;3.33;38.23;7.12;760.15;0.00;0.00;0.00
09.12.2020;1:02:45;3.33;38.23;7.12;760.14;0.00;0.00;0.00
09.12.2020;1:03:45;3.33;38.26;7.12;760.13;0.00;0.00;0.00
09.12.2020;1:04:45;3.33;38.16;7.12;760.15;0.00;0.00;0.00
09.12.2020;1:05:45;3.33;38.10;7.12;760.15;0.00;0.00;0.00
09.12.2020;1:06:45;3.33;38.06;7.11;760.16;0.00;0.00;0.00
09.12.2020;1:07:45;3.33;38.12;7.11;760.18;0.00;0.00;0.00
09.12.2020;1:08:45;3.33;38.20;7.11;760.19;0.00;0.00;0.00
09.12.2020;1:09:46;3.33;38.13;7.11;760.19;0.00;0.00;0.00
09.12.2020;1:10:46;3.35;38.20;7.11;760.18;0.00;0.00;0.00
09.12.2020;1:11:46;3.33;38.17;7.11;760.18;0.00;0.00;0.00
09.12.2020;1:12:46;3.33;38.22;7.10;760.17;0.00;0.00;0.00
09.12.2020;1:13:46;3.36;38.23;7.10;760.19;0.00;0.00;0.00
09.12.2020;1:14:46;3.33;38.25;7.10;760.19;0.00;0.00;0.00
09.12.2020;1:15:46;3.33;38.21;7.09;760.19;0.00;0.00;0.00
09.12.2020;1:16:46;3.33;38.24;7.10;760.19;0.00;0.00;0.00
09.12.2020;1:17:46;3.33;38.23;7.10;760.20;0.00;0.00;0.00
09.12.2020;1:18:46;3.33;38.24;7.10;760.20;0.00;0.00;0.00
09.12.2020;1:19:46;3.33;38.30;7.10;760.19;0.00;0.00;0.00
09.12.2020;1:20:46;3.33;38.23;7.11;760.20;0.00;0.00;0.00
09.12.2020;1:21:46;3.33;38.08;7.11;760.20;0.00;0.00;0.00
09.12.2020;1:22:46;3.33;38.08;7.10;760.20;0.00;0.00;0.00
09.12.2020;1:23:46;3.33;38.02;7.10;760.20;0.00;0.00;0.00
09.12.2020;1:24:46;3.35;38.02;7.10;760.20;0.00;0.00;0.00
09.12.2020;1:25:46;3.33;38.15;7.09;760.18;0.00;0.00;0.00
09.12.2020;1:26:46;3.33;38.20;7.09;760.20;0.00;0.00;0.00
09.12.2020;1:27:46;3.36;38.22;7.09;760.20;0.00;0.00;0.00
09.12.2020;1:28:46;3.33;38.09;7.08;760.20;0.00;0.00;0.00
09.12.2020;1:29:46;3.33;38.12;7.07;760.19;0.00;0.00;0.00
09.12.2020;1:30:46;3.33;38.01;7.07;760.17;0.00;0.00;0.00
09.12.2020;1:31:46;3.33;38.21;7.06;760.18;0.00;0.00;0.00
09.12.2020;1:32:46;3.33;38.10;7.05;760.20;0.00;0.00;0.00
09.12.2020;1:33:46;3.33;38.11;7.05;760.19;0.00;0.00;0.00
09.12.2020;1:34:46;3.33;37.96;7.05;760.19;0.00;0.00;0.00
09.12.2020;1:35:46;3.33;38.02;7.04;760.19;0.00;0.00;0.00
09.12.2020;1:36:46;3.33;38.14;7.03;760.18;0.00;0.00;0.00
09.12.2020;1:37:46;3.33;38.09;7.03;760.17;0.00;0.00;0.00
09.12.2020;1:38:46;3.35;38.11;7.03;760.17;0.00;0.00;0.00
09.12.2020;1:39:46;3.33;38.25;7.03;760.18;0.00;0.00;0.00
09.12.2020;1:40:46;3.33;38.17;7.04;760.19;0.00;0.00;0.00
09.12.2020;1:41:46;3.35;38.03;7.03;760.18;0.00;0.00;0.00
09.12.2020;1:42:46;3.33;38.31;7.03;760.19;0.00;0.00;0.00
09.12.2020;1:43:46;3.33;38.11;7.03;760.19;0.00;0.00;0.00
09.12.2020;1:44:46;3.33;38.22;7.02;760.20;0.00;0.00;0.00
09.12.2020;1:45:46;3.33;38.22;7.02;760.20;0.00;0.00;0.00
09.12.2020;1:46:46;3.33;38.09;7.03;760.21;0.00;0.00;0.00
09.12.2020;1:47:47;3.33;38.23;7.02;760.24;0.00;0.00;0.00
09.12.2020;1:48:47;3.33;38.11;7.02;760.25;0.00;0.00;0.00
09.12.2020;1:49:47;3.33;38.16;7.01;760.26;0.00;0.00;0.00
09.12.2020;1:50:47;3.33;38.15;7.01;760.27;0.00;0.00;0.00
09.12.2020;1:51:47;3.33;38.20;7.01;760.26;0.00;0.00;0.00
09.12.2020;1:52:47;3.35;38.08;7.01;760.26;0.00;0.00;0.00
09.12.2020;1:53:47;3.33;38.21;7.00;760.24;0.00;0.00;0.00
09.12.2020;1:54:47;3.33;38.18;7.00;760.25;0.00;0.00;0.00
09.12.2020;1:55:47;3.36;38.22;7.00;760.26;0.00;0.00;0.00
09.12.2020;1:56:47;3.33;38.27;7.00;760.26;0.00;0.00;0.00
09.12.2020;1:57:47;3.33;38.08;7.00;760.26;0.00;0.00;0.00
09.12.2020;1:58:47;3.33;38.25;6.99;760.25;0.00;0.00;0.00
09.12.2020;1:59:47;3.33;38.23;7.00;760.23;0.00;0.00;0.00
09.12.2020;2:00:47;3.33;38.18;7.00;760.21;0.00;0.00;0.00
09.12.2020;2:01:47;3.33;38.17;6.99;760.20;0.00;0.00;0.00
09.12.2020;2:02:47;3.33;38.15;7.00;760.19;0.00;0.00;0.00
09.12.2020;2:03:47;3.33;38.11;6.99;760.20;0.00;0.00;0.00
09.12.2020;2:04:47;3.33;38.20;6.99;760.18;0.00;0.00;0.00
09.12.2020;2:05:47;3.33;38.07;6.99;760.18;0.00;0.00;0.00
09.12.2020;2:06:47;3.35;38.13;6.98;760.18;0.00;0.00;0.00
09.12.2020;2:07:47;3.33;38.15;6.97;760.18;0.00;0.00;0.00
09.12.2020;2:08:47;3.33;38.26;6.97;760.19;0.00;0.00;0.00
09.12.2020;2:09:47;3.35;38.22;6.96;760.19;0.00;0.00;0.00
09.12.2020;2:10:47;3.33;38.34;6.96;760.19;0.00;0.00;0.00
09.12.2020;2:11:47;3.33;38.26;6.96;760.20;0.00;0.00;0.00
09.12.2020;2:12:47;3.33;38.26;6.96;760.19;0.00;0.00;0.00
09.12.2020;2:13:47;3.33;38.24;6.96;760.17;0.00;0.00;0.00
09.12.2020;2:14:47;3.33;38.18;6.97;760.15;0.00;0.00;0.00
09.12.2020;2:15:47;3.33;38.16;6.96;760.15;0.00;0.00;0.00
09.12.2020;2:16:47;3.33;38.20;6.96;760.13;0.00;0.00;0.00
09.12.2020;2:17:47;3.33;38.13;6.95;760.11;0.00;0.00;0.00
09.12.2020;2:18:47;3.33;38.14;6.96;760.12;0.00;0.00;0.00
09.12.2020;2:19:47;3.33;38.24;6.95;760.10;0.00;0.00;0.00
09.12.2020;2:20:47;3.35;37.94;6.95;760.11;0.00;0.00;0.00
09.12.2020;2:21:47;3.33;38.03;6.94;760.10;0.00;0.00;0.00
09.12.2020;2:22:47;3.33;38.14;6.95;760.09;0.00;0.00;0.00
09.12.2020;2:23:47;3.35;38.24;6.95;760.09;0.00;0.00;0.00
09.12.2020;2:24:47;3.33;38.26;6.95;760.11;0.00;0.00;0.00
09.12.2020;2:25:47;3.33;38.26;6.95;760.11;0.00;0.00;0.00
09.12.2020;2:26:48;3.33;38.18;6.96;760.12;0.00;0.00;0.00
09.12.2020;2:27:48;3.33;38.22;6.97;760.12;0.00;0.00;0.00
09.12.2020;2:28:48;3.33;37.89;6.97;760.10;0.00;0.00;0.00
09.12.2020;2:29:48;3.33;38.00;6.98;760.10;0.00;0.00;0.00
09.12.2020;2:30:48;3.33;37.97;6.99;760.11;0.00;0.00;0.00
09.12.2020;2:31:48;3.33;38.00;6.99;760.11;0.00;0.00;0.00
09.12.2020;2:32:48;3.33;38.09;7.00;760.10;0.00;0.00;0.00
09.12.2020;2:33:48;3.33;38.16;7.01;760.11;0.00;0.00;0.00
09.12.2020;2:34:48;3.35;37.89;7.01;760.12;0.00;0.00;0.00
09.12.2020;2:35:48;3.33;38.05;7.01;760.13;0.00;0.00;0.00
09.12.2020;2:36:48;3.33;38.04;7.02;760.14;0.00;0.00;0.00
09.12.2020;2:37:48;3.36;38.10;7.04;760.15;0.00;0.00;0.00
09.12.2020;2:38:48;3.33;37.98;7.05;760.15;0.00;0.00;0.00
09.12.2020;2:39:48;3.33;37.92;7.06;760.16;0.00;0.00;0.00
09.12.2020;2:40:48;3.33;37.91;7.06;760.15;0.00;0.00;0.00
09.12.2020;2:41:48;3.33;37.93;7.08;760.13;0.00;0.00;0.00
09.12.2020;2:42:48;3.33;37.99;7.09;760.12;0.00;0.00;0.00
09.12.2020;2:43:48;3.33;37.80;7.11;760.10;0.00;0.00;0.00
09.12.2020;2:44:48;3.33;37.78;7.12;760.08;0.00;0.00;0.00
09.12.2020;2:45:48;3.33;37.77;7.14;760.06;0.00;0.00;0.00
09.12.2020;2:46:48;3.33;37.72;7.15;760.06;0.00;0.00;0.00
09.12.2020;2:47:48;3.33;37.72;7.16;760.07;0.00;0.00;0.00
09.12.2020;2:48:48;3.35;37.67;7.17;760.07;0.00;0.00;0.00
09.12.2020;2:49:48;3.33;37.58;7.19;760.06;0.00;0.00;0.00
09.12.2020;2:50:48;3.33;37.57;7.20;760.04;0.00;0.00;0.00
09.12.2020;2:51:48;3.36;37.63;7.21;760.04;0.00;0.00;0.00
09.12.2020;2:52:48;3.33;37.59;7.22;760.02;0.00;0.00;0.00
09.12.2020;2:53:48;3.33;37.44;7.22;760.02;0.00;0.00;0.00
09.12.2020;2:54:48;3.33;37.58;7.22;760.02;0.00;0.00;0.00
09.12.2020;2:55:48;3.33;37.48;7.23;760.02;0.00;0.00;0.00
09.12.2020;2:56:48;3.33;37.38;7.23;760.00;0.00;0.00;0.00
09.12.2020;2:57:48;3.33;37.55;7.24;759.98;0.00;0.00;0.00
09.12.2020;2:58:48;3.33;37.20;7.25;759.97;0.00;0.00;0.00
09.12.2020;2:59:48;3.33;37.41;7.25;759.97;0.00;0.00;0.00
09.12.2020;3:00:48;3.33;37.46;7.26;759.98;0.00;0.00;0.00
09.12.2020;3:01:48;3.33;37.30;7.27;759.97;0.00;0.00;0.00
09.12.2020;3:02:48;3.35;37.26;7.26;759.97;0.00;0.00;0.00
09.12.2020;3:03:48;3.33;37.40;7.26;759.97;0.00;0.00;0.00
09.12.2020;3:04:49;3.33;37.43;7.26;759.97;0.00;0.00;0.00
09.12.2020;3:05:49;3.36;37.32;7.27;759.95;0.00;0.00;0.00
09.12.2020;3:06:49;3.33;37.35;7.27;759.94;0.00;0.00;0.00
09.12.2020;3:07:49;3.33;37.24;7.27;759.95;0.00;0.00;0.00
09.12.2020;3:08:49;3.33;37.33;7.26;759.95;0.00;0.00;0.00
09.12.2020;3:09:49;3.33;37.21;7.26;759.95;0.00;0.00;0.00
09.12.2020;3:10:49;3.33;37.35;7.26;759.95;0.00;0.00;0.00
09.12.2020;3:11:49;3.33;37.25;7.26;759.93;0.00;0.00;0.00
09.12.2020;3:12:49;3.33;37.37;7.25;759.92;0.00;0.00;0.00
09.12.2020;3:13:49;3.33;37.34;7.25;759.92;0.00;0.00;0.00
09.12.2020;3:14:49;3.33;37.25;7.26;759.91;0.00;0.00;0.00
09.12.2020;3:15:49;3.33;37.25;7.26;759.90;0.00;0.00;0.00
09.12.2020;3:16:49;3.35;37.21;7.26;759.89;0.00;0.00;0.00
09.12.2020;3:17:49;3.33;37.15;7.26;759.88;0.00;0.00;0.00
09.12.2020;3:18:49;3.33;37.12;7.26;759.87;0.00;0.00;0.00
09.12.2020;3:19:49;3.36;37.14;7.25;759.86;0.00;0.00;0.00
09.12.2020;3:20:49;3.33;37.28;7.25;759.85;0.00;0.00;0.00
09.12.2020;3:21:49;3.33;37.15;7.25;759.84;0.00;0.00;0.00
09.12.2020;3:22:49;3.33;37.22;7.26;759.83;0.00;0.00;0.00
09.12.2020;3:23:49;3.33;37.23;7.26;759.82;0.00;0.00;0.00
09.12.2020;3:24:49;3.33;37.25;7.27;759.82;0.00;0.00;0.00
09.12.2020;3:25:49;3.33;37.26;7.27;759.83;0.00;0.00;0.00
09.12.2020;3:26:49;3.33;37.09;7.26;759.81;0.00;0.00;0.00
09.12.2020;3:27:49;3.33;37.27;7.26;759.80;0.00;0.00;0.00
09.12.2020;3:28:49;3.33;37.17;7.27;759.80;0.00;0.00;0.00
09.12.2020;3:29:49;3.33;37.11;7.27;759.79;0.00;0.00;0.00
09.12.2020;3:30:49;3.35;37.13;7.26;759.79;0.00;0.00;0.00
09.12.2020;3:31:49;3.33;37.25;7.27;759.79;0.00;0.00;0.00
09.12.2020;3:32:49;3.33;37.24;7.27;759.79;0.00;0.00;0.00
09.12.2020;3:33:49;3.36;37.21;7.27;759.78;0.00;0.00;0.00
09.12.2020;3:34:49;3.33;37.23;7.28;759.78;0.00;0.00;0.00
09.12.2020;3:35:49;3.33;37.19;7.28;759.79;0.00;0.00;0.00
09.12.2020;3:36:49;3.33;37.19;7.28;759.80;0.00;0.00;0.00
09.12.2020;3:37:49;3.33;37.28;7.29;759.82;0.00;0.00;0.00
09.12.2020;3:38:49;3.33;37.12;7.30;759.82;0.00;0.00;0.00
09.12.2020;3:39:49;3.33;37.14;7.29;759.81;0.00;0.00;0.00
09.12.2020;3:40:49;3.33;37.28;7.30;759.80;0.00;0.00;0.00
09.12.2020;3:41:49;3.33;37.03;7.31;759.80;0.00;0.00;0.00
09.12.2020;3:42:50;3.33;37.17;7.31;759.80;0.00;0.00;0.00
09.12.2020;3:43:50;3.33;37.20;7.32;759.80;0.00;0.00;0.00
09.12.2020;3:44:50;3.35;37.11;7.32;759.81;0.00;0.00;0.00
09.12.2020;3:45:50;3.33;37.17;7.32;759.80;0.00;0.00;0.00
09.12.2020;3:46:50;3.33;37.01;7.33;759.82;0.00;0.00;0.00
09.12.2020;3:47:50;3.35;36.98;7.34;759.81;0.00;0.00;0.00
09.12.2020;3:48:50;3.33;37.10;7.35;759.80;0.00;0.00;0.00
09.12.2020;3:49:50;3.33;36.99;7.36;759.80;0.00;0.00;0.00
09.12.2020;3:50:50;3.33;36.94;7.36;759.80;0.00;0.00;0.00
09.12.2020;3:51:50;3.33;36.94;7.36;759.80;0.00;0.00;0.00
09.12.2020;3:52:50;3.33;36.93;7.37;759.81;0.00;0.00;0.00
09.12.2020;3:53:50;3.33;37.04;7.38;759.81;0.00;0.00;0.00
09.12.2020;3:54:50;3.33;37.06;7.39;759.82;0.00;0.00;0.00
09.12.2020;3:55:50;3.33;37.03;7.40;759.81;0.00;0.00;0.00
09.12.2020;3:56:50;3.33;37.06;7.41;759.79;0.00;0.00;0.00
09.12.2020;3:57:50;3.33;37.04;7.42;759.79;0.00;0.00;0.00
09.12.2020;3:58:50;3.35;37.03;7.43;759.80;0.00;0.00;0.00
09.12.2020;3:59:50;3.33;36.94;7.44;759.79;0.00;0.00;0.00
09.12.2020;4:00:50;3.33;36.80;7.44;759.80;0.00;0.00;0.00
09.12.2020;4:01:50;3.35;36.93;7.45;759.80;0.00;0.00;0.00
09.12.2020;4:02:50;3.33;36.87;7.45;759.79;0.00;0.00;0.00
09.12.2020;4:03:50;3.33;36.84;7.46;759.78;0.00;0.00;0.00
09.12.2020;4:04:50;3.33;36.83;7.46;759.79;0.00;0.00;0.00
09.12.2020;4:05:50;3.33;36.74;7.46;759.80;0.00;0.00;0.00
09.12.2020;4:06:50;3.33;36.94;7.46;759.80;0.00;0.00;0.00
09.12.2020;4:07:50;3.33;36.97;7.47;759.81;0.00;0.00;0.00
09.12.2020;4:08:50;3.33;36.90;7.48;759.82;0.00;0.00;0.00
09.12.2020;4:09:50;3.33;36.76;7.47;759.83;0.00;0.00;0.00
09.12.2020;4:10:50;3.33;36.90;7.49;759.83;0.00;0.00;0.00
09.12.2020;4:11:50;3.33;36.89;7.50;759.84;0.00;0.00;0.00
09.12.2020;4:12:50;3.35;36.84;7.50;759.86;0.00;0.00;0.00
09.12.2020;4:13:50;3.33;36.81;7.51;759.86;0.00;0.00;0.00
09.12.2020;4:14:50;3.33;36.73;7.51;759.87;0.00;0.00;0.00
09.12.2020;4:15:50;3.36;36.72;7.51;759.90;0.00;0.00;0.00
09.12.2020;4:16:50;3.33;36.79;7.52;759.89;0.00;0.00;0.00
09.12.2020;4:17:50;3.33;36.80;7.53;759.90;0.00;0.00;0.00
09.12.2020;4:18:50;3.33;36.68;7.53;759.90;0.00;0.00;0.00
09.12.2020;4:19:50;3.33;36.57;7.54;759.89;0.00;0.00;0.00
09.12.2020;4:20:51;3.33;36.63;7.54;759.88;0.00;0.00;0.00
09.12.2020;4:21:51;3.33;36.56;7.53;759.87;0.00;0.00;0.00
09.12.2020;4:22:51;3.33;36.71;7.54;759.85;0.00;0.00;0.00
09.12.2020;4:23:51;3.33;36.72;7.54;759.85;0.00;0.00;0.00
09.12.2020;4:24:51;3.33;36.72;7.55;759.84;0.00;0.00;0.00
09.12.2020;4:25:51;3.33;36.57;7.55;759.82;0.00;0.00;0.00
09.12.2020;4:26:51;3.35;36.71;7.55;759.83;0.00;0.00;0.00
09.12.2020;4:27:51;3.33;36.71;7.56;759.84;0.00;0.00;0.00
09.12.2020;4:28:51;3.33;36.57;7.58;759.85;0.00;0.00;0.00
09.12.2020;4:29:51;3.35;36.59;7.59;759.85;0.00;0.00;0.00
09.12.2020;4:30:51;3.33;36.66;7.59;759.84;0.00;0.00;0.00
09.12.2020;4:31:51;3.33;36.62;7.59;759.83;0.00;0.00;0.00
09.12.2020;4:32:51;3.33;36.57;7.60;759.84;0.00;0.00;0.00
09.12.2020;4:33:51;3.33;36.52;7.61;759.83;0.00;0.00;0.00
09.12.2020;4:34:51;3.33;36.40;7.61;759.83;0.00;0.00;0.00
09.12.2020;4:35:51;3.33;36.38;7.61;759.81;0.00;0.00;0.00
09.12.2020;4:36:51;3.33;36.44;7.61;759.83;0.00;0.00;0.00
09.12.2020;4:37:51;3.33;36.52;7.61;759.82;0.00;0.00;0.00
09.12.2020;4:38:51;3.33;36.53;7.61;759.82;0.00;0.00;0.00
09.12.2020;4:39:51;3.33;36.35;7.61;759.82;0.00;0.00;0.00
09.12.2020;4:40:51;3.35;36.54;7.61;759.82;0.00;0.00;0.00
09.12.2020;4:41:51;3.33;36.55;7.62;759.83;0.00;0.00;0.00
09.12.2020;4:42:51;3.33;36.45;7.62;759.82;0.00;0.00;0.00
09.12.2020;4:43:51;3.35;36.56;7.62;759.83;0.00;0.00;0.00
09.12.2020;4:44:51;3.33;36.51;7.62;759.82;0.00;0.00;0.00
09.12.2020;4:45:51;3.33;36.40;7.62;759.83;0.00;0.00;0.00
09.12.2020;4:46:51;3.33;36.49;7.62;759.83;0.00;0.00;0.00
09.12.2020;4:47:51;3.33;36.48;7.63;759.83;0.00;0.00;0.00
09.12.2020;4:48:51;3.33;36.54;7.63;759.85;0.00;0.00;0.00
09.12.2020;4:49:51;3.33;36.39;7.64;759.86;0.00;0.00;0.00
09.12.2020;4:50:51;3.33;36.46;7.64;759.86;0.00;0.00;0.00
09.12.2020;4:51:51;3.33;36.43;7.65;759.86;0.00;0.00;0.00
09.12.2020;4:52:51;3.33;36.44;7.65;759.87;0.00;0.00;0.00
09.12.2020;4:53:51;3.33;36.41;7.65;759.86;0.00;0.00;0.00
09.12.2020;4:54:51;3.35;36.44;7.65;759.86;0.00;0.00;0.00
09.12.2020;4:55:51;3.33;36.29;7.65;759.86;0.00;0.00;0.00
09.12.2020;4:56:51;3.33;36.43;7.65;759.87;0.00;0.00;0.00
09.12.2020;4:57:51;3.36;36.47;7.66;759.87;0.00;0.00;0.00
09.12.2020;4:58:52;3.33;36.39;7.67;759.87;0.00;0.00;0.00
09.12.2020;4:59:52;3.33;36.34;7.67;759.88;0.00;0.00;0.00
09.12.2020;5:00:52;3.33;36.34;7.67;759.90;0.00;0.00;0.00
09.12.2020;5:01:52;3.33;36.36;7.67;759.88;0.00;0.00;0.00
09.12.2020;5:02:52;3.33;36.47;7.67;759.89;0.00;0.00;0.00
09.12.2020;5:03:52;3.33;36.47;7.67;759.89;0.00;0.00;0.00
09.12.2020;5:04:52;3.33;36.41;7.67;759.90;0.00;0.00;0.00
09.12.2020;5:05:52;3.33;36.36;7.67;759.89;0.00;0.00;0.00
09.12.2020;5:06:52;3.33;36.42;7.67;759.90;0.00;0.00;0.00
09.12.2020;5:07:52;3.33;36.43;7.67;759.89;0.00;0.00;0.00
09.12.2020;5:08:52;3.35;36.45;7.67;759.91;0.00;0.00;0.00
09.12.2020;5:09:52;3.33;36.45;7.67;759.91;0.00;0.00;0.00
09.12.2020;5:10:52;3.33;36.34;7.67;759.91;0.00;0.00;0.00
09.12.2020;5:11:52;3.36;36.47;7.68;759.93;0.00;0.00;0.00
09.12.2020;5:12:52;3.33;36.35;7.68;759.91;0.00;0.00;0.00
09.12.2020;5:13:52;3.33;36.35;7.67;759.92;0.00;0.00;0.00
09.12.2020;5:14:52;3.33;36.47;7.68;759.92;0.00;0.00;0.00
09.12.2020;5:15:52;3.33;36.47;7.68;759.93;0.00;0.00;0.00
09.12.2020;5:16:52;3.33;36.31;7.67;759.93;0.00;0.00;0.00
09.12.2020;5:17:52;3.33;36.26;7.66;759.95;0.00;0.00;0.00
09.12.2020;5:18:52;3.33;36.38;7.67;759.96;0.00;0.00;0.00
09.12.2020;5:19:52;3.33;36.46;7.68;759.96;0.00;0.00;0.00
09.12.2020;5:20:52;3.33;36.49;7.68;759.98;0.00;0.00;0.00
09.12.2020;5:21:52;3.33;36.30;7.67;759.97;0.00;0.00;0.00
09.12.2020;5:22:52;3.35;36.22;7.66;759.96;0.00;0.00;0.00
09.12.2020;5:23:52;3.33;36.47;7.67;759.97;0.00;0.00;0.00
09.12.2020;5:24:52;3.33;36.38;7.66;759.96;0.00;0.00;0.00
09.12.2020;5:25:52;3.35;36.44;7.67;759.98;0.00;0.00;0.00
09.12.2020;5:26:52;3.33;36.37;7.67;760.00;0.00;0.00;0.00
09.12.2020;5:27:52;3.33;36.41;7.68;760.01;0.00;0.00;0.00
09.12.2020;5:28:52;3.33;36.34;7.68;760.00;0.00;0.00;0.00
09.12.2020;5:29:52;3.33;36.46;7.69;760.00;0.00;0.00;0.00
09.12.2020;5:30:52;3.33;36.22;7.68;759.99;0.00;0.00;0.00
09.12.2020;5:31:52;3.33;36.39;7.68;759.98;0.00;0.00;0.00
09.12.2020;5:32:52;3.33;36.30;7.68;759.97;0.00;0.00;0.00
09.12.2020;5:33:52;3.33;36.25;7.67;759.95;0.00;0.00;0.00
09.12.2020;5:34:52;3.33;36.45;7.67;759.94;0.00;0.00;0.00
09.12.2020;5:35:52;3.33;36.41;7.67;759.92;0.00;0.00;0.00
09.12.2020;5:36:53;3.35;36.49;7.68;759.92;0.00;0.00;0.00
09.12.2020;5:37:53;3.33;36.47;7.68;759.92;0.00;0.00;0.00
09.12.2020;5:38:53;3.33;36.31;7.67;759.90;0.00;0.00;0.00
09.12.2020;5:39:53;3.36;36.48;7.68;759.91;0.00;0.00;0.00
09.12.2020;5:40:53;3.33;36.27;7.68;759.92;0.00;0.00;0.00
09.12.2020;5:41:53;3.33;36.39;7.68;759.91;0.00;0.00;0.00
09.12.2020;5:42:53;3.33;36.36;7.68;759.91;0.00;0.00;0.00
09.12.2020;5:43:53;3.33;36.46;7.68;759.92;0.00;0.00;0.00
09.12.2020;5:44:53;3.33;36.27;7.68;759.92;0.00;0.00;0.00
09.12.2020;5:45:53;3.33;36.41;7.67;759.91;0.00;0.00;0.00
09.12.2020;5:46:53;3.33;36.45;7.68;759.91;0.00;0.00;0.00
09.12.2020;5:47:53;3.33;36.47;7.68;759.90;0.00;0.00;0.00
09.12.2020;5:48:53;3.33;36.42;7.68;759.88;0.00;0.00;0.00
09.12.2020;5:49:53;3.33;36.31;7.68;759.87;0.00;0.00;0.00
09.12.2020;5:50:53;3.35;36.35;7.67;759.87;0.00;0.00;0.00
09.12.2020;5:51:53;3.33;36.31;7.67;759.87;0.00;0.00;0.00
09.12.2020;5:52:53;3.33;36.28;7.68;759.88;0.00;0.00;0.00
09.12.2020;5:53:53;3.36;36.15;7.67;759.88;0.00;0.00;0.00
09.12.2020;5:54:53;3.33;36.35;7.67;759.88;0.00;0.00;0.00
09.12.2020;5:55:53;3.33;36.46;7.67;759.85;0.00;0.00;0.00
09.12.2020;5:56:53;3.33;36.44;7.67;759.84;0.00;0.00;0.00
09.12.2020;5:57:53;3.33;36.43;7.67;759.83;0.00;0.00;0.00
09.12.2020;5:58:53;3.33;36.30;7.67;759.83;0.00;0.00;0.00
09.12.2020;5:59:53;3.33;36.36;7.67;759.83;0.00;0.00;0.00
09.12.2020;6:00:53;3.33;36.41;7.67;759.82;0.00;0.00;0.00
09.12.2020;6:01:53;3.33;36.43;7.67;759.84;0.00;0.00;0.00
09.12.2020;6:02:53;3.33;36.34;7.67;759.84;0.00;0.00;0.00
09.12.2020;6:03:53;3.33;36.34;7.67;759.84;0.00;0.00;0.00
09.12.2020;6:04:53;3.35;36.32;7.67;759.84;0.00;0.00;0.00
09.12.2020;6:05:53;3.33;36.36;7.67;759.83;0.00;0.00;0.00
09.12.2020;6:06:53;3.33;36.24;7.67;759.82;0.00;0.00;0.00
09.12.2020;6:07:53;3.36;36.18;7.67;759.83;0.00;0.00;0.00
09.12.2020;6:08:53;3.33;36.44;7.67;759.82;0.00;0.00;0.00
09.12.2020;6:09:53;3.33;36.44;7.66;759.80;0.00;0.00;0.00
09.12.2020;6:10:53;3.33;36.33;7.66;759.80;0.00;0.00;0.00
09.12.2020;6:11:53;3.33;36.15;7.66;759.80;0.00;0.00;0.00
09.12.2020;6:12:53;3.33;36.43;7.66;759.79;0.00;0.00;0.00
09.12.2020;6:13:53;3.33;36.31;7.66;759.78;0.00;0.00;0.00
09.12.2020;6:14:54;3.33;36.38;7.66;759.78;0.00;0.00;0.00
09.12.2020;6:15:54;3.33;36.38;7.66;759.77;0.00;0.00;0.00
09.12.2020;6:16:54;3.33;36.56;7.66;759.76;0.00;0.00;0.00
09.12.2020;6:17:54;3.33;36.33;7.66;759.76;0.00;0.00;0.00
09.12.2020;6:18:54;3.35;36.39;7.66;759.75;0.00;0.00;0.00
09.12.2020;6:19:54;3.33;36.54;7.65;759.75;0.00;0.00;0.00
09.12.2020;6:20:54;3.33;36.50;7.65;759.74;0.00;0.00;0.00
09.12.2020;6:21:54;3.36;36.42;7.65;759.75;0.00;0.00;0.00
09.12.2020;6:22:54;3.33;36.48;7.65;759.75;0.00;0.00;0.00
09.12.2020;6:23:54;3.33;36.47;7.65;759.75;0.00;0.00;0.00
09.12.2020;6:24:54;3.33;36.49;7.66;759.75;0.00;0.00;0.00
09.12.2020;6:25:54;3.33;36.36;7.65;759.75;0.00;0.00;0.00
09.12.2020;6:26:54;3.33;36.18;7.65;759.76;0.00;0.00;0.00
09.12.2020;6:27:54;3.33;36.46;7.64;759.77;0.00;0.00;0.00
09.12.2020;6:28:54;3.33;36.44;7.63;759.78;0.00;0.00;0.00
09.12.2020;6:29:54;3.33;36.51;7.64;759.80;0.00;0.00;0.00
09.12.2020;6:30:54;3.33;36.44;7.64;759.81;0.00;0.00;0.00
09.12.2020;6:31:54;3.33;36.48;7.65;759.82;0.00;0.00;0.00
09.12.2020;6:32:54;3.35;36.43;7.65;759.81;0.00;0.00;0.00
09.12.2020;6:33:54;3.33;36.36;7.65;759.82;0.00;0.00;0.00
09.12.2020;6:34:54;3.33;36.46;7.65;759.81;0.00;0.00;0.00
09.12.2020;6:35:54;3.36;36.36;7.65;759.79;0.00;0.00;0.00
09.12.2020;6:36:54;3.33;36.27;7.65;759.79;0.00;0.00;0.00
09.12.2020;6:37:54;3.33;36.39;7.64;759.79;0.00;0.00;0.00
09.12.2020;6:38:54;3.33;36.46;7.65;759.81;0.00;0.00;0.00
09.12.2020;6:39:54;3.33;36.48;7.65;759.81;0.00;0.00;0.00
09.12.2020;6:40:54;3.33;36.21;7.65;759.81;0.00;0.00;0.00
09.12.2020;6:41:54;3.33;36.45;7.65;759.83;0.00;0.00;0.00
09.12.2020;6:42:54;3.33;36.48;7.65;759.85;0.00;0.00;0.00
09.12.2020;6:43:54;3.33;36.52;7.66;759.85;0.00;0.00;0.00
09.12.2020;6:44:54;3.33;36.53;7.67;759.85;0.00;0.00;0.00
09.12.2020;6:45:54;3.33;36.53;7.66;759.85;0.00;0.00;0.00
09.12.2020;6:46:54;3.35;36.46;7.66;759.85;0.00;0.00;0.00
09.12.2020;6:47:54;3.33;36.49;7.66;759.85;0.00;0.00;0.00
09.12.2020;6:48:54;3.33;36.26;7.65;759.84;0.00;0.00;0.00
09.12.2020;6:49:54;3.36;36.32;7.64;759.85;0.00;0.00;0.00
09.12.2020;6:50:54;3.33;36.29;7.64;759.85;0.00;0.00;0.00
09.12.2020;6:51:54;3.33;36.22;7.63;759.83;0.00;0.00;0.00
09.12.2020;6:52:55;3.33;36.30;7.62;759.82;0.00;0.00;0.00
09.12.2020;6:53:55;3.33;36.50;7.62;759.81;0.00;0.00;0.00
09.12.2020;6:54:55;3.33;36.48;7.63;759.81;0.00;0.00;0.00
09.12.2020;6:55:55;3.33;36.46;7.63;759.82;0.00;0.00;0.00
09.12.2020;6:56:55;3.33;36.50;7.63;759.84;0.00;0.00;0.00
09.12.2020;6:57:55;3.33;36.31;7.62;759.84;0.00;0.00;0.00
09.12.2020;6:58:55;3.33;36.47;7.62;759.85;0.00;0.00;0.00
09.12.2020;6:59:55;3.33;36.28;7.61;759.85;0.00;0.00;0.00
09.12.2020;7:00:55;3.35;36.55;7.61;759.85;0.00;0.00;0.00
09.12.2020;7:01:55;3.33;36.46;7.61;759.84;0.00;0.00;0.00
09.12.2020;7:02:55;3.33;36.61;7.61;759.84;0.00;0.00;0.00
09.12.2020;7:03:55;3.36;36.51;7.62;759.86;0.00;0.00;0.00
09.12.2020;7:04:55;3.33;36.41;7.62;759.85;0.00;0.00;0.00
09.12.2020;7:05:55;3.33;36.42;7.62;759.85;0.00;0.00;0.00
09.12.2020;7:06:55;3.33;36.52;7.62;759.86;0.00;0.00;0.00
09.12.2020;7:07:55;3.33;36.55;7.61;759.87;0.00;0.00;0.00
09.12.2020;7:08:55;3.33;36.53;7.62;759.89;0.00;0.00;0.00
09.12.2020;7:09:55;3.33;36.45;7.61;759.90;0.00;0.00;0.00
09.12.2020;7:10:55;3.33;36.60;7.61;759.92;0.00;0.00;0.00
09.12.2020;7:11:55;3.33;36.14;7.59;759.91;0.00;0.00;0.00
09.12.2020;7:12:55;3.33;36.49;7.58;759.94;0.00;0.00;0.00
09.12.2020;7:13:55;3.33;36.57;7.59;759.93;0.00;0.00;0.00
09.12.2020;7:14:55;3.35;36.63;7.59;759.91;0.00;0.00;0.00
09.12.2020;7:15:55;3.33;36.35;7.58;759.91;0.00;0.00;0.00
09.12.2020;7:16:55;3.33;36.70;7.57;759.90;0.00;0.00;0.00
09.12.2020;7:17:55;3.36;36.51;7.56;759.90;0.00;0.00;0.00
09.12.2020;7:18:55;3.33;36.60;7.56;759.89;0.00;0.00;0.00
09.12.2020;7:19:55;3.33;36.71;7.56;759.87;0.00;0.00;0.00
09.12.2020;7:20:55;3.35;36.65;7.56;759.86;0.00;0.00;0.00
09.12.2020;7:21:55;3.33;36.58;7.56;759.86;0.00;0.00;0.00
09.12.2020;7:22:55;3.50;36.71;7.55;759.88;0.00;0.00;0.00
09.12.2020;7:23:55;4.10;36.66;7.56;759.88;0.00;0.00;0.00
09.12.2020;7:24:55;4.17;36.60;7.55;759.88;0.00;0.00;0.00
09.12.2020;7:25:55;4.17;36.62;7.55;759.88;0.00;0.00;0.00
09.12.2020;7:26:55;4.17;36.72;7.56;759.89;0.00;0.00;0.00
09.12.2020;7:27:55;4.19;36.49;7.55;759.89;0.00;0.00;0.00
09.12.2020;7:28:55;4.92;36.77;7.56;759.92;0.00;0.00;0.00
09.12.2020;7:29:55;5.00;36.71;7.57;759.95;0.00;0.00;0.00
09.12.2020;7:30:56;5.00;36.62;7.57;759.97;0.00;0.00;0.00
09.12.2020;7:31:56;5.72;36.65;7.58;759.97;0.00;0.00;0.00
09.12.2020;7:32:56;5.83;36.58;7.58;759.96;0.00;0.00;0.00
09.12.2020;7:33:56;6.55;36.43;7.59;759.96;0.00;0.00;0.00
09.12.2020;7:34:56;6.68;36.61;7.59;759.99;0.00;0.00;0.00
09.12.2020;7:35:56;7.38;36.51;7.60;760.01;0.00;0.00;0.00
09.12.2020;7:36:56;7.87;36.40;7.60;760.01;0.00;0.00;0.00
09.12.2020;7:37:56;8.33;36.60;7.61;760.02;0.00;0.00;0.00
09.12.2020;7:38:56;9.01;36.61;7.63;760.01;0.00;0.00;0.00
09.12.2020;7:39:56;9.88;36.40;7.62;760.01;0.00;0.00;0.00
09.12.2020;7:40:56;10.64;36.48;7.63;760.01;0.00;0.00;0.00
09.12.2020;7:41:56;11.51;36.43;7.64;760.01;0.00;0.00;0.00
09.12.2020;7:42:56;12.64;36.38;7.65;760.01;0.00;0.00;0.00
09.12.2020;7:43:56;13.63;36.26;7.66;760.02;0.00;0.00;0.00
09.12.2020;7:44:56;15.06;36.49;7.67;760.00;0.00;0.00;0.00
09.12.2020;7:45:56;16.33;36.27;7.68;760.00;0.00;0.00;0.00
09.12.2020;7:46:56;18.15;36.47;7.69;760.00;0.00;0.00;0.00
09.12.2020;7:47:56;19.60;36.42;7.71;759.99;0.01;0.00;0.00
09.12.2020;7:48:56;21.01;36.31;7.72;759.99;0.01;0.00;0.00
09.12.2020;7:49:56;22.39;36.34;7.73;759.99;0.02;0.00;0.00
09.12.2020;7:50:56;24.00;36.33;7.74;759.98;0.02;0.00;0.00
09.12.2020;7:51:56;25.93;36.36;7.75;759.98;0.03;0.00;0.00
09.12.2020;7:52:56;27.51;36.40;7.76;759.99;0.03;0.00;0.00
09.12.2020;7:53:56;29.21;36.20;7.77;759.99;0.03;0.00;0.00
09.12.2020;7:54:56;31.90;36.38;7.79;760.00;0.04;0.00;0.00
09.12.2020;7:55:56;34.56;36.13;7.81;759.99;0.05;0.00;0.00
09.12.2020;7:56:56;35.07;36.13;7.82;759.99;0.05;0.00;0.00
09.12.2020;7:57:56;36.87;36.22;7.82;759.99;0.06;0.00;0.00
09.12.2020;7:58:56;39.41;36.06;7.83;759.98;0.06;0.00;0.00
09.12.2020;7:59:56;40.46;36.18;7.83;759.97;0.06;0.00;0.00
09.12.2020;8:00:56;41.43;36.03;7.84;759.97;0.07;0.00;0.00
09.12.2020;8:01:56;44.70;36.12;7.84;759.97;0.08;0.00;0.00
09.12.2020;8:02:56;46.36;35.99;7.85;759.96;0.09;0.00;0.00
09.12.2020;8:03:56;50.54;36.08;7.85;759.97;0.10;0.00;0.00
09.12.2020;8:04:56;53.84;36.11;7.87;759.96;0.11;0.00;0.00
09.12.2020;8:05:56;56.50;35.97;7.88;759.97;0.12;0.00;0.00
09.12.2020;8:06:57;58.12;35.99;7.89;759.96;0.13;0.00;0.00
09.12.2020;8:07:57;60.00;36.08;7.90;759.95;0.13;0.00;0.00
09.12.2020;8:08:57;61.78;36.15;7.91;759.95;0.14;0.00;0.00
09.12.2020;8:09:57;62.92;36.13;7.91;759.95;0.14;0.00;0.00
09.12.2020;8:10:57;63.81;36.07;7.91;759.95;0.15;0.00;0.00
09.12.2020;8:11:57;68.32;35.87;7.92;759.94;0.16;0.00;0.00
09.12.2020;8:12:57;72.95;36.06;7.93;759.94;0.18;0.00;0.00
09.12.2020;8:13:57;76.28;36.00;7.93;759.96;0.19;0.00;0.00
09.12.2020;8:14:57;81.21;35.92;7.93;759.97;0.21;0.00;0.00
09.12.2020;8:15:57;83.59;35.97;7.93;759.98;0.22;0.00;0.00
09.12.2020;8:16:57;85.32;36.12;7.95;759.99;0.22;0.00;0.00
09.12.2020;8:17:57;89.99;36.18;7.96;759.99;0.24;0.00;0.00
09.12.2020;8:18:57;94.80;35.95;7.96;759.99;0.25;0.00;0.00
09.12.2020;8:19:57;98.46;36.12;7.98;759.99;0.27;0.00;0.00
09.12.2020;8:20:57;104.73;35.96;7.99;759.99;0.29;0.00;0.00
09.12.2020;8:21:57;108.54;36.11;8.01;760.01;0.30;0.00;0.00
09.12.2020;8:22:57;113.49;35.96;8.02;760.01;0.32;0.00;0.00
09.12.2020;8:23:57;120.47;35.99;8.01;760.01;0.34;0.00;0.00
09.12.2020;8:24:57;123.39;36.13;8.03;760.01;0.35;0.00;0.00
09.12.2020;8:25:57;126.17;36.04;8.03;760.01;0.36;0.00;0.00
09.12.2020;8:26:57;133.86;36.03;8.05;760.02;0.38;-0.00;-0.00
09.12.2020;8:27:57;140.24;35.96;8.06;760.03;0.41;0.00;0.00
09.12.2020;8:28:57;143.43;35.86;8.06;760.01;0.42;0.00;0.00
09.12.2020;8:29:57;148.81;35.90;8.08;760.02;0.44;0.05;0.02
09.12.2020;8:30:57;154.96;35.91;8.09;760.02;0.47;0.09;0.04
09.12.2020;8:31:57;164.29;35.83;8.11;760.02;0.50;0.15;0.07
09.12.2020;8:32:57;169.69;36.07;8.12;760.04;0.52;0.18;0.10
09.12.2020;8:33:57;177.28;36.05;8.16;760.04;0.53;0.20;0.10
09.12.2020;8:34:57;167.95;36.01;8.17;760.04;0.50;0.16;0.08
09.12.2020;8:35:57;173.50;35.94;8.18;760.03;0.52;0.18;0.10
09.12.2020;8:36:57;176.71;35.92;8.20;760.03;0.54;0.22;0.12
09.12.2020;8:37:57;188.42;35.96;8.22;760.02;0.58;0.29;0.17
09.12.2020;8:38:57;193.67;35.97;8.24;760.01;0.60;0.31;0.18
09.12.2020;8:39:58;208.25;35.63;8.25;760.00;0.64;0.39;0.25
09.12.2020;8:40:58;208.33;35.70;8.25;760.01;0.64;0.39;0.25
09.12.2020;8:41:58;215.06;35.88;8.26;760.00;0.67;0.43;0.28
09.12.2020;8:42:58;229.32;35.88;8.28;760.00;0.71;0.50;0.35
09.12.2020;8:43:58;236.31;35.62;8.30;760.00;0.72;0.50;0.36
09.12.2020;8:44:58;226.14;35.84;8.31;760.01;0.68;0.44;0.30
09.12.2020;8:45:58;226.21;35.72;8.31;760.01;0.70;0.48;0.34
09.12.2020;8:46:58;236.88;35.85;8.33;760.01;0.73;0.53;0.39
09.12.2020;8:47:58;237.07;35.58;8.35;759.99;0.74;0.53;0.39
09.12.2020;8:48:58;257.43;35.64;8.35;759.98;0.80;0.63;0.51
09.12.2020;8:49:58;259.86;35.61;8.36;759.95;0.80;0.64;0.51
09.12.2020;8:50:58;273.90;35.66;8.37;759.96;0.85;0.73;0.62
09.12.2020;8:51:58;281.34;35.76;8.39;759.96;0.87;0.73;0.64
09.12.2020;8:52:58;276.65;35.60;8.40;759.98;0.85;0.71;0.61
09.12.2020;8:53:58;285.38;35.43;8.40;759.97;0.87;0.75;0.65
09.12.2020;8:54:58;291.46;35.59;8.41;759.97;0.90;0.80;0.72
09.12.2020;8:55:58;308.19;35.52;8.42;759.97;0.95;0.89;0.84
09.12.2020;8:56:58;315.10;35.66;8.44;759.97;0.96;0.91;0.87
09.12.2020;8:57:58;326.35;35.34;8.45;759.97;0.99;0.95;0.95
09.12.2020;8:58:58;320.52;35.51;8.45;759.98;0.98;0.94;0.92
09.12.2020;8:59:58;329.42;35.35;8.46;759.96;1.02;1.00;1.02
09.12.2020;9:00:58;342.58;35.49;8.46;759.97;1.05;1.05;1.10
09.12.2020;9:01:58;348.82;35.55;8.46;759.98;1.08;1.10;1.19
09.12.2020;9:02:58;369.15;35.65;8.49;759.98;1.14;1.20;1.38
09.12.2020;9:03:58;378.49;35.59;8.52;759.98;1.17;1.25;1.46
09.12.2020;9:04:58;376.69;35.51;8.54;759.98;1.17;1.24;1.45
09.12.2020;9:05:58;377.37;35.20;8.54;759.98;1.16;1.23;1.43
09.12.2020;9:06:58;391.38;35.44;8.54;759.99;1.21;1.32;1.60
09.12.2020;9:07:58;407.23;35.49;8.56;760.00;1.25;1.39;1.74
09.12.2020;9:08:58;413.79;35.53;8.58;760.02;1.26;1.41;1.78
09.12.2020;9:09:58;415.19;35.35;8.60;760.01;1.27;1.41;1.79
09.12.2020;9:10:58;417.54;35.38;8.61;760.00;1.28;1.43;1.84
09.12.2020;9:11:59;432.29;35.36;8.62;760.01;1.31;1.49;1.96
09.12.2020;9:12:59;450.32;35.28;8.64;760.01;1.37;1.59;2.19
09.12.2020;9:13:59;442.97;35.35;8.65;760.02;1.34;1.54;2.07
09.12.2020;9:14:59;453.57;35.25;8.67;760.01;1.39;1.61;2.24
09.12.2020;9:15:59;463.90;35.28;8.68;760.02;1.41;1.65;2.32
09.12.2020;9:16:59;468.92;35.23;8.69;760.02;1.43;1.69;2.42
09.12.2020;9:17:59;480.68;35.05;8.70;760.03;1.46;1.73;2.53
09.12.2020;9:18:59;491.64;35.16;8.70;760.05;1.49;1.78;2.66
09.12.2020;9:19:59;494.45;35.10;8.72;760.07;1.50;1.80;2.70
09.12.2020;9:20:59;513.71;35.13;8.73;760.06;1.56;1.89;2.95
09.12.2020;9:21:59;514.72;35.08;8.74;760.07;1.55;1.90;2.95
09.12.2020;9:22:59;521.48;35.08;8.75;760.08;1.58;1.93;3.03
09.12.2020;9:23:59;523.92;34.85;8.75;760.06;1.58;1.93;3.05
09.12.2020;9:24:59;531.17;35.08;8.76;760.06;1.60;1.96;3.15
09.12.2020;9:25:59;553.99;35.13;8.78;760.04;1.65;2.04;3.38
09.12.2020;9:26:59;549.46;35.07;8.78;760.04;1.64;2.03;3.32
09.12.2020;9:27:59;547.22;35.08;8.78;760.05;1.63;2.00;3.27
09.12.2020;9:28:59;552.33;35.01;8.79;760.04;1.65;2.03;3.35
09.12.2020;9:29:59;563.12;35.00;8.80;760.04;1.67;2.09;3.50
09.12.2020;9:30:59;557.81;34.92;8.80;760.05;1.65;2.05;3.39
09.12.2020;9:31:59;555.13;34.92;8.80;760.06;1.64;2.04;3.35
09.12.2020;9:32:59;562.24;34.92;8.81;760.06;1.66;2.07;3.45
09.12.2020;9:33:59;563.03;34.98;8.82;760.06;1.67;2.08;3.47
09.12.2020;9:34:59;572.10;34.94;8.81;760.06;1.70;2.12;3.61
09.12.2020;9:35:59;598.22;35.09;8.83;760.05;1.77;2.20;3.89
09.12.2020;9:36:59;601.99;35.02;8.85;760.05;1.77;2.21;3.91
09.12.2020;9:37:59;598.00;34.92;8.86;760.06;1.77;2.21;3.90
09.12.2020;9:38:59;601.90;34.94;8.86;760.06;1.78;2.21;3.94
09.12.2020;9:39:59;598.74;35.06;8.88;760.06;1.77;2.21;3.90
09.12.2020;9:40:59;619.18;35.06;8.89;760.06;1.82;2.24;4.07
09.12.2020;9:41:59;632.92;34.95;8.91;760.06;1.86;2.28;4.24
09.12.2020;9:42:59;640.46;35.02;8.92;760.05;1.87;2.30;4.30
09.12.2020;9:44:00;644.32;34.88;8.93;760.04;1.88;2.31;4.34
09.12.2020;9:45:00;650.93;34.81;8.95;760.04;1.89;2.32;4.38
09.12.2020;9:46:00;636.06;34.76;8.95;760.06;1.85;2.28;4.22
09.12.2020;9:47:00;673.67;34.94;8.96;760.06;1.96;2.46;4.83
09.12.2020;9:48:00;689.17;34.95;8.99;760.07;2.00;2.53;5.05
09.12.2020;9:49:00;696.65;34.84;9.00;760.06;2.01;2.58;5.20
09.12.2020;9:50:00;676.26;34.87;9.01;760.04;1.95;2.45;4.79
09.12.2020;9:51:00;660.92;34.85;9.02;760.06;1.92;2.39;4.58
09.12.2020;9:52:00;658.25;34.84;9.02;760.07;1.92;2.38;4.58
09.12.2020;9:53:00;696.74;34.87;9.03;760.05;2.02;2.58;5.23
09.12.2020;9:54:00;734.90;34.67;9.05;760.04;2.12;2.77;5.89
09.12.2020;9:55:00;767.57;34.67;9.06;760.05;2.19;2.91;6.37
09.12.2020;9:56:00;770.49;34.72;9.08;760.05;2.20;2.91;6.38
09.12.2020;9:57:00;784.81;34.70;9.11;760.06;2.22;2.96;6.58
09.12.2020;9:58:00;789.46;34.69;9.12;760.05;2.22;2.94;6.54
09.12.2020;9:59:00;781.43;34.63;9.14;760.05;2.21;2.92;6.45
09.12.2020;10:00:00;789.64;34.55;9.15;760.04;2.23;2.96;6.60
09.12.2020;10:01:00;810.01;34.62;9.16;760.04;2.28;3.04;6.93
09.12.2020;10:02:00;835.25;34.69;9.17;760.04;2.33;3.13;7.30
09.12.2020;10:03:00;822.31;34.54;9.20;760.04;2.29;3.08;7.06
09.12.2020;10:04:00;830.20;34.46;9.21;760.03;2.32;3.11;7.20
09.12.2020;10:05:00;855.03;34.24;9.21;760.03;2.40;3.24;7.76
09.12.2020;10:06:00;886.03;34.46;9.23;760.03;2.45;3.31;8.10
09.12.2020;10:07:00;886.50;34.46;9.26;760.04;2.46;3.35;8.22
09.12.2020;10:08:00;892.20;34.41;9.28;760.04;2.47;3.36;8.31
09.12.2020;10:09:00;900.64;34.42;9.30;760.02;2.48;3.37;8.36
09.12.2020;10:10:00;908.47;34.41;9.32;760.02;2.51;3.41;8.56
09.12.2020;10:11:00;916.67;34.42;9.33;760.02;2.52;3.44;8.65
09.12.2020;10:12:00;917.97;34.38;9.35;760.01;2.52;3.45;8.71
09.12.2020;10:13:00;929.24;34.29;9.37;760.03;2.54;3.49;8.86
09.12.2020;10:14:00;915.06;34.28;9.39;760.04;2.50;3.41;8.54
09.12.2020;10:15:00;905.85;34.22;9.41;760.05;2.48;3.38;8.40
09.12.2020;10:16:01;904.68;34.28;9.42;760.07;2.48;3.37;8.34
09.12.2020;10:17:01;889.33;34.18;9.42;760.05;2.45;3.33;8.16
09.12.2020;10:18:01;919.60;34.18;9.44;760.05;2.50;3.42;8.56
09.12.2020;10:19:01;883.69;34.11;9.44;760.05;2.43;3.30;8.04
09.12.2020;10:20:01;900.86;34.11;9.44;760.05;2.47;3.37;8.33
09.12.2020;10:21:01;929.85;34.01;9.44;760.05;2.54;3.47;8.81
09.12.2020;10:22:01;919.28;34.01;9.44;760.06;2.51;3.42;8.57
09.12.2020;10:23:01;951.02;34.06;9.44;760.06;2.59;3.57;9.25
09.12.2020;10:24:01;978.24;34.12;9.46;760.06;2.63;3.64;9.59
09.12.2020;10:25:01;996.65;34.12;9.46;760.06;2.66;3.69;9.82
09.12.2020;10:26:01;978.78;34.06;9.46;760.04;2.63;3.63;9.53
09.12.2020;10:27:01;997.25;34.05;9.49;760.03;2.66;3.69;9.83
09.12.2020;10:28:01;974.49;34.11;9.49;760.03;2.61;3.58;9.33
09.12.2020;10:29:01;933.36;34.04;9.49;760.01;2.51;3.43;8.62
09.12.2020;10:30:01;862.70;34.13;9.49;760.01;2.39;3.23;7.74
09.12.2020;10:31:01;968.25;34.15;9.50;760.02;2.62;3.62;9.48
09.12.2020;10:32:01;1011.91;34.09;9.51;760.01;2.70;3.74;10.08
09.12.2020;10:33:01;950.99;34.13;9.51;760.00;2.55;3.50;8.92
09.12.2020;10:34:01;897.03;34.15;9.50;760.01;2.46;3.35;8.24
09.12.2020;10:35:01;978.76;34.18;9.51;760.00;2.63;3.64;9.58
09.12.2020;10:36:01;974.78;34.17;9.53;759.99;2.61;3.60;9.39
09.12.2020;10:37:01;971.98;34.14;9.54;760.00;2.61;3.59;9.37
09.12.2020;10:38:01;980.22;34.21;9.55;760.01;2.62;3.61;9.48
09.12.2020;10:39:01;931.24;34.19;9.56;760.02;2.52;3.43;8.65
09.12.2020;10:40:01;928.19;34.21;9.57;760.01;2.52;3.46;8.71
09.12.2020;10:41:01;895.83;34.22;9.60;760.01;2.46;3.34;8.22
09.12.2020;10:42:01;903.66;34.22;9.60;760.01;2.46;3.34;8.23
09.12.2020;10:43:01;925.74;34.18;9.61;760.01;2.52;3.45;8.70
09.12.2020;10:44:01;950.85;34.18;9.62;760.02;2.58;3.55;9.17
09.12.2020;10:45:01;1007.07;34.22;9.65;760.03;2.69;3.74;10.05
09.12.2020;10:46:01;1025.74;34.17;9.67;760.02;2.72;3.77;10.27
09.12.2020;10:47:02;1051.50;34.16;9.70;760.03;2.77;3.85;10.67
09.12.2020;10:48:02;1045.50;34.13;9.72;760.04;2.75;3.83;10.55
09.12.2020;10:49:02;1017.02;34.09;9.73;760.04;2.70;3.75;10.13
09.12.2020;10:50:02;1054.60;34.08;9.75;760.04;2.78;3.87;10.76
09.12.2020;10:51:02;1018.26;34.09;9.77;760.02;2.70;3.74;10.08
09.12.2020;10:52:02;1019.52;34.07;9.78;760.00;2.71;3.76;10.17
09.12.2020;10:53:02;1011.10;34.00;9.79;760.01;2.68;3.72;9.97
09.12.2020;10:54:02;1020.58;34.00;9.78;760.00;2.72;3.77;10.26
09.12.2020;10:55:02;1079.72;34.01;9.81;759.99;2.82;3.94;11.11
09.12.2020;10:56:02;1040.60;34.01;9.82;759.97;2.73;3.79;10.36
09.12.2020;10:57:02;1017.87;33.98;9.83;759.96;2.71;3.75;10.16
09.12.2020;10:58:02;984.57;33.97;9.83;759.95;2.64;3.65;9.67
09.12.2020;10:59:02;1025.65;33.99;9.85;759.96;2.72;3.77;10.25
09.12.2020;11:00:02;1030.43;33.96;9.87;759.97;2.74;3.79;10.38
09.12.2020;11:01:02;972.26;33.97;9.87;759.98;2.60;3.59;9.34
09.12.2020;11:02:02;994.07;33.98;9.87;759.98;2.67;3.68;9.81
09.12.2020;11:03:02;1005.10;33.95;9.88;759.98;2.68;3.71;9.96
09.12.2020;11:04:02;957.44;33.94;9.87;759.99;2.56;3.52;8.98
09.12.2020;11:05:02;790.01;33.96;9.84;759.97;2.12;2.76;5.86
09.12.2020;11:06:02;647.91;33.99;9.80;759.98;1.71;2.12;3.62
09.12.2020;11:07:02;550.13;34.04;9.75;759.96;1.43;1.68;2.40
09.12.2020;11:08:02;576.46;34.11;9.70;759.97;1.47;1.75;2.58
09.12.2020;11:09:02;562.49;34.15;9.67;759.96;1.44;1.71;2.46
09.12.2020;11:10:02;550.75;34.27;9.64;759.95;1.44;1.70;2.44
09.12.2020;11:11:02;596.03;34.25;9.61;759.94;1.54;1.86;2.88
09.12.2020;11:12:02;573.28;34.35;9.57;759.93;1.50;1.81;2.72
09.12.2020;11:13:02;588.06;34.42;9.56;759.91;1.56;1.92;3.00
09.12.2020;11:14:02;620.00;34.40;9.55;759.90;1.66;2.04;3.38
09.12.2020;11:15:02;636.63;34.45;9.52;759.89;1.74;2.16;3.75
09.12.2020;11:16:02;743.32;34.51;9.52;759.88;2.03;2.59;5.25
09.12.2020;11:17:03;833.25;34.57;9.53;759.89;2.25;2.99;6.73
09.12.2020;11:18:03;903.21;34.59;9.54;759.89;2.42;3.28;7.93
09.12.2020;11:19:03;945.08;34.57;9.58;759.89;2.53;3.46;8.77
09.12.2020;11:20:03;1056.37;34.56;9.61;759.89;2.85;4.00;11.41
09.12.2020;11:21:03;1152.68;34.48;9.66;759.88;3.01;4.25;12.80
09.12.2020;11:22:03;1049.81;34.36;9.69;759.87;2.79;3.88;10.81
09.12.2020;11:23:03;940.13;34.37;9.69;759.88;2.49;3.39;8.43
09.12.2020;11:24:03;827.42;34.37;9.67;759.87;2.20;2.91;6.38
09.12.2020;11:25:03;839.52;34.37;9.64;759.87;2.22;2.94;6.52
09.12.2020;11:26:03;895.33;34.48;9.63;759.87;2.30;3.09;7.13
09.12.2020;11:27:03;905.56;34.58;9.64;759.87;2.35;3.17;7.47
09.12.2020;11:28:03;967.64;34.53;9.65;759.86;2.54;3.48;8.84
09.12.2020;11:29:03;1109.86;34.50;9.68;759.87;2.91;4.09;11.90
09.12.2020;11:30:03;1169.45;34.53;9.73;759.88;3.07;4.35;13.36
09.12.2020;11:31:03;1291.92;34.50;9.78;759.88;3.30;4.74;15.66
09.12.2020;11:32:03;1260.74;34.46;9.83;759.87;3.24;4.64;15.03
09.12.2020;11:33:03;1265.54;34.40;9.89;759.86;3.23;4.62;14.95
09.12.2020;11:34:03;1166.32;34.29;9.91;759.84;3.03;4.29;13.02
09.12.2020;11:35:03;1225.01;34.31;9.94;759.84;3.14;4.48;14.06
09.12.2020;11:36:03;1207.08;34.24;9.98;759.82;3.07;4.34;13.31
09.12.2020;11:37:03;1220.42;34.21;10.00;759.83;3.11;4.42;13.74
09.12.2020;11:38:03;1351.72;34.19;10.04;759.80;3.34;4.79;15.99
09.12.2020;11:39:03;1383.17;34.14;10.09;759.79;3.39;4.89;16.61
09.12.2020;11:40:03;1629.28;34.07;10.16;759.80;3.69;5.39;19.93
09.12.2020;11:41:03;1683.60;33.95;10.25;759.81;3.74;5.48;20.50
09.12.2020;11:42:03;1691.98;33.81;10.32;759.80;3.75;5.49;20.57
09.12.2020;11:43:03;1579.35;33.73;10.37;759.81;3.57;5.20;18.60
09.12.2020;11:44:03;1456.63;33.66;10.40;759.82;3.39;4.89;16.57
09.12.2020;11:45:04;1384.20;33.62;10.41;759.83;3.25;4.66;15.13
09.12.2020;11:46:04;1213.37;33.62;10.40;759.84;2.96;4.18;12.35
09.12.2020;11:47:04;1088.05;33.63;10.37;759.84;2.72;3.79;10.33
09.12.2020;11:48:04;969.01;33.64;10.33;759.84;2.50;3.42;8.57
09.12.2020;11:49:04;877.33;33.67;10.29;759.85;2.32;3.13;7.24
09.12.2020;11:50:04;832.16;33.76;10.24;759.85;2.21;2.93;6.48
09.12.2020;11:51:04;824.65;33.87;10.21;759.87;2.20;2.93;6.43
09.12.2020;11:52:04;860.96;33.94;10.18;759.86;2.28;3.07;7.02
09.12.2020;11:53:04;871.43;33.98;10.18;759.89;2.30;3.08;7.08
09.12.2020;11:54:04;846.54;34.02;10.17;759.90;2.23;2.97;6.60
09.12.2020;11:55:04;757.08;34.06;10.14;759.91;2.08;2.71;5.64
09.12.2020;11:56:04;782.26;34.11;10.13;759.91;2.13;2.81;6.00
09.12.2020;11:57:04;741.82;34.12;10.12;759.92;2.05;2.63;5.39
09.12.2020;11:58:04;764.17;34.17;10.08;759.91;2.11;2.76;5.84
09.12.2020;11:59:04;796.78;34.23;10.07;759.92;2.22;2.94;6.53
09.12.2020;12:00:04;941.47;34.23;10.08;759.91;2.56;3.53;9.03
09.12.2020;12:01:04;1092.22;34.24;10.12;759.89;2.87;4.02;11.53
09.12.2020;12:02:04;1147.39;34.21;10.17;759.87;2.97;4.19;12.44
09.12.2020;12:03:04;1073.44;34.17;10.20;759.87;2.82;3.95;11.14
09.12.2020;12:04:04;1066.64;34.16;10.21;759.89;2.87;4.03;11.56
09.12.2020;12:05:04;1294.04;34.13;10.26;759.88;3.29;4.71;15.49
09.12.2020;12:06:04;1367.44;34.07;10.32;759.88;3.38;4.88;16.50
09.12.2020;12:07:04;1303.18;33.95;10.38;759.87;3.27;4.69;15.35
09.12.2020;12:08:04;1470.26;33.90;10.42;759.85;3.53;5.13;18.11
09.12.2020;12:09:04;1494.58;33.80;10.49;759.82;3.54;5.13;18.12
09.12.2020;12:10:04;1403.32;33.72;10.53;759.82;3.42;4.95;16.95
09.12.2020;12:11:04;1409.47;33.64;10.57;759.81;3.45;4.99;17.19
09.12.2020;12:12:05;1550.06;33.58;10.62;759.81;3.63;5.29;19.19
09.12.2020;12:13:05;1472.83;33.53;10.67;759.81;3.49;5.06;17.65
09.12.2020;12:14:05;1348.93;33.47;10.67;759.82;3.34;4.80;16.01
09.12.2020;12:15:05;1456.81;33.46;10.69;759.81;3.52;5.11;18.02
09.12.2020;12:16:05;1508.07;33.37;10.73;759.79;3.55;5.16;18.32
09.12.2020;12:17:05;1419.53;33.37;10.76;759.77;3.40;4.91;16.67
09.12.2020;12:18:05;1219.28;33.34;10.76;759.76;3.09;4.39;13.54
09.12.2020;12:19:05;1166.10;33.36;10.74;759.77;2.97;4.18;12.41
09.12.2020;12:20:05;1112.11;33.35;10.72;759.77;2.85;4.00;11.40
09.12.2020;12:21:05;1040.78;33.35;10.68;759.77;2.71;3.76;10.21
09.12.2020;12:22:05;948.99;33.44;10.65;759.80;2.54;3.48;8.85
09.12.2020;12:23:05;958.51;33.52;10.62;759.80;2.54;3.49;8.86
09.12.2020;12:24:05;928.77;33.55;10.60;759.79;2.47;3.36;8.30
09.12.2020;12:25:05;904.86;33.61;10.56;759.78;2.46;3.35;8.24
09.12.2020;12:26:05;864.86;33.67;10.54;759.79;2.38;3.21;7.64
09.12.2020;12:27:05;892.68;33.71;10.52;759.79;2.43;3.30;8.03
09.12.2020;12:28:05;855.07;33.77;10.49;759.78;2.35;3.16;7.42
09.12.2020;12:29:05;902.57;33.83;10.47;759.77;2.45;3.33;8.16
09.12.2020;12:30:05;960.56;33.87;10.46;759.75;2.61;3.59;9.35
09.12.2020;12:31:05;1008.91;33.86;10.46;759.72;2.67;3.70;9.87
09.12.2020;12:32:05;914.75;33.91;10.46;759.71;2.46;3.37;8.30
09.12.2020;12:33:05;880.68;33.92;10.45;759.72;2.41;3.27;7.88
09.12.2020;12:34:05;911.36;33.95;10.44;759.73;2.47;3.38;8.37
09.12.2020;12:35:05;907.22;33.99;10.43;759.73;2.46;3.36;8.27
09.12.2020;12:36:05;897.13;34.02;10.42;759.73;2.43;3.31;8.05
09.12.2020;12:37:05;886.92;34.00;10.42;759.74;2.43;3.31;8.04
09.12.2020;12:38:05;900.41;34.06;10.42;759.72;2.46;3.36;8.27
09.12.2020;12:39:06;880.22;34.04;10.43;759.72;2.41;3.26;7.86
09.12.2020;12:40:06;782.58;34.05;10.42;759.71;2.18;2.89;6.30
09.12.2020;12:41:06;742.42;34.10;10.39;759.71;2.06;2.66;5.48
09.12.2020;12:42:06;694.93;34.14;10.35;759.72;1.89;2.34;4.42
09.12.2020;12:43:06;672.03;34.20;10.32;759.72;1.86;2.28;4.24
09.12.2020;12:44:06;675.94;34.25;10.30;759.73;1.89;2.32;4.37
09.12.2020;12:45:06;634.94;34.32;10.29;759.73;1.73;2.14;3.69
09.12.2020;12:46:06;548.25;34.36;10.26;759.72;1.45;1.72;2.49
09.12.2020;12:47:06;472.63;34.40;10.22;759.71;1.21;1.32;1.59
09.12.2020;12:48:06;429.53;34.47;10.18;759.69;1.05;1.06;1.12
09.12.2020;12:49:06;420.60;34.54;10.12;759.67;1.02;1.00;1.01
09.12.2020;12:50:06;416.42;34.64;10.10;759.68;1.00;0.98;0.98
09.12.2020;12:51:06;409.89;34.72;10.07;759.69;0.97;0.92;0.89
09.12.2020;12:52:06;396.50;34.81;10.03;759.72;0.95;0.89;0.84
09.12.2020;12:53:06;399.86;34.88;10.02;759.71;0.97;0.92;0.89
09.12.2020;12:54:06;401.89;34.93;9.99;759.71;0.99;0.94;0.93
09.12.2020;12:55:06;394.22;34.97;9.97;759.71;0.97;0.91;0.88
09.12.2020;12:56:06;392.64;35.03;9.94;759.69;0.98;0.94;0.92
09.12.2020;12:57:06;421.79;35.08;9.92;759.70;1.07;1.09;1.17
09.12.2020;12:58:06;439.58;35.15;9.90;759.70;1.12;1.18;1.33
09.12.2020;12:59:06;447.57;35.22;9.90;759.70;1.16;1.22;1.42
09.12.2020;13:00:06;452.32;35.23;9.89;759.71;1.19;1.30;1.55
09.12.2020;13:01:06;479.88;35.27;9.89;759.71;1.29;1.45;1.87
09.12.2020;13:02:06;494.51;35.23;9.89;759.70;1.34;1.53;2.04
09.12.2020;13:03:06;496.36;35.28;9.89;759.68;1.35;1.56;2.11
09.12.2020;13:04:06;511.93;35.29;9.89;759.70;1.39;1.62;2.26
09.12.2020;13:05:06;516.23;35.32;9.87;759.70;1.41;1.64;2.30
09.12.2020;13:06:06;501.74;35.32;9.87;759.69;1.35;1.56;2.12
09.12.2020;13:07:06;490.69;35.38;9.86;759.70;1.32;1.49;1.96
09.12.2020;13:08:07;489.47;35.41;9.85;759.70;1.31;1.49;1.95
09.12.2020;13:09:07;488.22;35.41;9.84;759.70;1.30;1.48;1.93
09.12.2020;13:10:07;475.66;35.42;9.84;759.70;1.26;1.41;1.78
09.12.2020;13:11:07;458.56;35.45;9.83;759.70;1.22;1.33;1.61
09.12.2020;13:12:07;439.04;35.50;9.82;759.70;1.17;1.25;1.45
09.12.2020;13:13:07;428.74;35.52;9.81;759.69;1.13;1.19;1.35
09.12.2020;13:14:07;430.51;35.55;9.80;759.71;1.13;1.19;1.34
09.12.2020;13:15:07;424.94;35.55;9.79;759.72;1.11;1.16;1.29
09.12.2020;13:16:07;432.90;35.59;9.78;759.73;1.15;1.20;1.38
09.12.2020;13:17:07;438.05;35.59;9.78;759.73;1.17;1.26;1.48
09.12.2020;13:18:07;429.21;35.62;9.78;759.72;1.16;1.23;1.43
09.12.2020;13:19:07;416.07;35.64;9.77;759.70;1.14;1.21;1.37
09.12.2020;13:20:07;428.19;35.64;9.77;759.70;1.19;1.30;1.55
09.12.2020;13:21:07;459.36;35.62;9.77;759.69;1.30;1.47;1.91
09.12.2020;13:22:07;523.01;35.66;9.78;759.71;1.47;1.76;2.59
09.12.2020;13:23:07;514.29;35.65;9.79;759.72;1.46;1.72;2.51
09.12.2020;13:24:07;510.72;35.65;9.80;759.73;1.47;1.75;2.58
09.12.2020;13:25:07;532.07;35.64;9.80;759.73;1.55;1.88;2.92
09.12.2020;13:26:07;507.90;35.64;9.81;759.73;1.49;1.76;2.62
09.12.2020;13:27:07;513.28;35.65;9.81;759.71;1.51;1.80;2.71
09.12.2020;13:28:07;490.07;35.63;9.81;759.70;1.43;1.68;2.39
09.12.2020;13:29:07;534.70;35.64;9.81;759.70;1.55;1.87;2.90
09.12.2020;13:30:07;585.33;35.67;9.81;759.71;1.66;2.07;3.45
09.12.2020;13:31:07;582.98;35.65;9.82;759.72;1.67;2.08;3.48
09.12.2020;13:32:07;616.47;35.68;9.83;759.71;1.76;2.21;3.89
09.12.2020;13:33:07;609.67;35.65;9.84;759.71;1.75;2.20;3.84
09.12.2020;13:34:07;616.16;35.65;9.85;759.69;1.77;2.21;3.92
09.12.2020;13:35:07;585.75;35.66;9.86;759.66;1.70;2.14;3.64
09.12.2020;13:36:07;601.12;35.64;9.87;759.65;1.78;2.22;3.96
09.12.2020;13:37:07;599.49;35.64;9.88;759.66;1.78;2.21;3.94
09.12.2020;13:38:07;579.22;35.62;9.89;759.66;1.73;2.16;3.73
09.12.2020;13:39:07;583.50;35.62;9.89;759.65;1.73;2.17;3.76
09.12.2020;13:40:08;577.01;35.63;9.89;759.65;1.71;2.15;3.68
09.12.2020;13:41:08;618.67;35.61;9.89;759.62;1.84;2.29;4.22
09.12.2020;13:42:08;655.44;35.61;9.91;759.63;1.96;2.47;4.84
09.12.2020;13:43:08;652.68;35.63;9.93;759.62;1.92;2.40;4.60
09.12.2020;13:44:08;606.76;35.62;9.93;759.61;1.78;2.22;3.96
09.12.2020;13:45:08;601.60;35.63;9.93;759.61;1.77;2.21;3.92
09.12.2020;13:46:08;579.58;35.62;9.93;759.62;1.71;2.14;3.65
09.12.2020;13:47:08;544.18;35.65;9.93;759.61;1.62;2.00;3.24
09.12.2020;13:48:08;545.25;35.63;9.94;759.61;1.61;1.97;3.17
09.12.2020;13:49:08;571.94;35.65;9.93;759.60;1.67;2.08;3.48
09.12.2020;13:50:08;523.82;35.65;9.93;759.58;1.51;1.83;2.77
09.12.2020;13:51:08;488.88;35.67;9.92;759.56;1.40;1.63;2.28
09.12.2020;13:52:08;483.57;35.68;9.91;759.54;1.38;1.61;2.24
09.12.2020;13:53:08;501.29;35.70;9.90;759.54;1.46;1.73;2.53
09.12.2020;13:54:08;558.42;35.69;9.91;759.54;1.64;2.03;3.33
09.12.2020;13:55:08;568.04;35.68;9.92;759.53;1.67;2.08;3.49
09.12.2020;13:56:08;574.32;35.71;9.92;759.51;1.69;2.11;3.56
09.12.2020;13:57:08;550.10;35.70;9.93;759.52;1.61;1.97;3.17
09.12.2020;13:58:08;520.48;35.69;9.93;759.51;1.54;1.87;2.87
09.12.2020;13:59:08;492.96;35.70;9.92;759.50;1.46;1.73;2.54
09.12.2020;14:00:08;491.41;35.71;9.92;759.50;1.46;1.74;2.55
09.12.2020;14:01:08;475.54;35.70;9.90;759.50;1.41;1.66;2.35
09.12.2020;14:02:08;462.44;35.74;9.89;759.49;1.38;1.60;2.21
09.12.2020;14:03:08;458.84;35.77;9.87;759.51;1.36;1.59;2.17
09.12.2020;14:04:08;445.65;35.79;9.87;759.53;1.33;1.52;2.01
09.12.2020;14:05:08;452.66;35.79;9.86;759.54;1.34;1.55;2.08
09.12.2020;14:06:08;446.75;35.82;9.85;759.54;1.32;1.52;2.01
09.12.2020;14:07:08;440.64;35.83;9.83;759.55;1.31;1.48;1.93
09.12.2020;14:08:08;418.38;35.88;9.82;759.54;1.24;1.38;1.71
09.12.2020;14:09:08;426.44;35.89;9.81;759.54;1.28;1.44;1.85
09.12.2020;14:10:08;446.86;35.92;9.81;759.53;1.34;1.54;2.06
09.12.2020;14:11:09;444.03;35.95;9.80;759.53;1.33;1.51;2.01
09.12.2020;14:12:09;421.78;35.94;9.80;759.53;1.26;1.41;1.78
09.12.2020;14:13:09;396.08;35.97;9.79;759.53;1.19;1.30;1.56
09.12.2020;14:14:09;384.58;35.97;9.78;759.56;1.17;1.25;1.47
09.12.2020;14:15:09;369.70;36.04;9.76;759.56;1.13;1.20;1.36
09.12.2020;14:16:09;358.53;36.06;9.75;759.56;1.10;1.14;1.26
09.12.2020;14:17:09;339.08;36.06;9.75;759.57;1.04;1.04;1.08
09.12.2020;14:18:09;327.43;36.09;9.74;759.57;1.00;0.97;0.97
09.12.2020;14:19:09;304.73;36.11;9.72;759.58;0.93;0.84;0.78
09.12.2020;14:20:09;294.21;36.17;9.71;759.60;0.89;0.79;0.70
09.12.2020;14:21:09;292.58;36.21;9.70;759.64;0.88;0.79;0.70
09.12.2020;14:22:09;300.66;36.23;9.69;759.65;0.91;0.82;0.75
09.12.2020;14:23:09;310.01;36.27;9.68;759.65;0.94;0.89;0.83
09.12.2020;14:24:09;304.87;36.31;9.68;759.65;0.92;0.83;0.77
09.12.2020;14:25:09;299.19;36.32;9.68;759.64;0.90;0.81;0.73
09.12.2020;14:26:09;291.50;36.35;9.67;759.64;0.88;0.78;0.68
09.12.2020;14:27:09;293.93;36.37;9.67;759.66;0.89;0.80;0.71
09.12.2020;14:28:09;300.96;36.37;9.67;759.66;0.91;0.81;0.74
09.12.2020;14:29:09;309.66;36.41;9.67;759.67;0.94;0.86;0.81
09.12.2020;14:30:09;308.71;36.41;9.67;759.66;0.95;0.88;0.84
09.12.2020;14:31:09;309.58;36.44;9.66;759.66;0.95;0.89;0.85
09.12.2020;14:32:09;289.26;36.45;9.66;759.64;0.88;0.79;0.70
09.12.2020;14:33:09;283.22;36.47;9.66;759.68;0.86;0.74;0.64
09.12.2020;14:34:09;304.36;36.45;9.65;759.69;0.93;0.85;0.80
09.12.2020;14:35:09;304.87;36.51;9.65;759.72;0.93;0.84;0.78
09.12.2020;14:36:09;282.30;36.53;9.65;759.71;0.85;0.72;0.62
09.12.2020;14:37:09;266.86;36.53;9.64;759.71;0.80;0.64;0.51
09.12.2020;14:38:09;257.75;36.54;9.63;759.73;0.78;0.60;0.46
09.12.2020;14:39:09;243.39;36.56;9.63;759.73;0.73;0.52;0.38
09.12.2020;14:40:09;234.67;36.55;9.64;759.74;0.70;0.47;0.33
09.12.2020;14:41:09;231.45;36.58;9.63;759.73;0.69;0.47;0.33
09.12.2020;14:42:10;227.04;36.59;9.62;759.73;0.68;0.45;0.30
09.12.2020;14:43:10;223.14;36.61;9.61;759.73;0.67;0.42;0.28
09.12.2020;14:44:10;214.75;36.63;9.60;759.73;0.64;0.39;0.25
09.12.2020;14:45:10;210.04;36.65;9.60;759.75;0.63;0.38;0.24
09.12.2020;14:46:10;209.48;36.64;9.60;759.77;0.62;0.37;0.23
09.12.2020;14:47:10;211.07;36.64;9.61;759.76;0.63;0.39;0.25
09.12.2020;14:48:10;202.81;36.60;9.60;759.74;0.61;0.33;0.20
09.12.2020;14:49:10;206.21;36.63;9.59;759.74;0.62;0.36;0.22
09.12.2020;14:50:10;215.28;36.65;9.58;759.74;0.66;0.40;0.26
09.12.2020;14:51:10;210.16;36.65;9.57;759.72;0.65;0.40;0.26
09.12.2020;14:52:10;206.10;36.69;9.57;759.73;0.64;0.39;0.25
09.12.2020;14:53:10;220.30;36.71;9.56;759.74;0.69;0.46;0.31
09.12.2020;14:54:10;230.85;36.71;9.56;759.75;0.71;0.50;0.36
09.12.2020;14:55:10;233.86;36.72;9.55;759.75;0.72;0.50;0.36
09.12.2020;14:56:10;236.17;36.75;9.54;759.73;0.73;0.52;0.38
09.12.2020;14:57:10;233.14;36.73;9.54;759.73;0.72;0.51;0.37
09.12.2020;14:58:10;223.71;36.72;9.53;759.73;0.69;0.46;0.32
09.12.2020;14:59:10;220.92;36.77;9.52;759.73;0.69;0.47;0.33
09.12.2020;15:00:10;213.88;36.78;9.50;759.73;0.66;0.43;0.28
09.12.2020;15:01:10;198.03;36.80;9.49;759.74;0.61;0.34;0.21
09.12.2020;15:02:10;185.90;36.81;9.48;759.74;0.57;0.28;0.16
09.12.2020;15:03:10;174.29;36.83;9.47;759.73;0.53;0.20;0.11
09.12.2020;15:04:10;165.42;36.78;9.44;759.72;0.50;0.15;0.08
09.12.2020;15:05:10;159.38;36.77;9.43;759.73;0.48;0.11;0.05
09.12.2020;15:06:10;153.06;36.80;9.41;759.73;0.45;0.05;0.02
09.12.2020;15:07:10;151.21;36.87;9.38;759.74;0.45;0.07;0.03
09.12.2020;15:08:10;146.60;36.90;9.37;759.73;0.44;0.02;0.01
09.12.2020;15:09:10;139.40;36.89;9.35;759.75;0.41;0.00;0.00
09.12.2020;15:10:10;133.38;36.97;9.34;759.74;0.39;0.00;0.00
09.12.2020;15:11:10;129.94;36.91;9.33;759.75;0.38;0.00;0.00
09.12.2020;15:12:10;121.81;36.90;9.31;759.74;0.36;0.00;0.00
09.12.2020;15:13:10;115.27;36.94;9.31;759.75;0.33;0.00;0.00
09.12.2020;15:14:11;113.94;36.99;9.29;759.75;0.33;0.00;0.00
09.12.2020;15:15:11;110.65;36.90;9.28;759.75;0.32;0.00;0.00
09.12.2020;15:16:11;104.38;36.89;9.26;759.75;0.30;0.00;0.00
09.12.2020;15:17:11;102.00;36.99;9.24;759.75;0.28;0.00;0.00
09.12.2020;15:18:11;102.07;37.03;9.22;759.74;0.28;0.00;0.00
09.12.2020;15:19:11;107.27;37.12;9.21;759.74;0.30;0.00;0.00
09.12.2020;15:20:11;113.39;37.05;9.20;759.75;0.32;0.00;0.00
09.12.2020;15:21:11;112.03;37.02;9.18;759.74;0.31;0.00;0.00
09.12.2020;15:22:11;104.22;37.04;9.16;759.74;0.28;0.00;0.00
09.12.2020;15:23:11;99.76;37.21;9.15;759.74;0.27;0.00;0.00
09.12.2020;15:24:11;99.79;37.19;9.14;759.74;0.27;0.00;0.00
09.12.2020;15:25:11;96.86;37.07;9.13;759.73;0.26;0.00;0.00
09.12.2020;15:26:11;95.06;36.98;9.10;759.71;0.26;0.00;0.00
09.12.2020;15:27:11;90.28;37.15;9.08;759.72;0.25;0.00;0.00
09.12.2020;15:28:11;88.71;37.39;9.09;759.70;0.24;0.00;0.00
09.12.2020;15:29:11;87.32;37.16;9.07;759.72;0.24;0.00;0.00
09.12.2020;15:30:11;85.28;37.40;9.06;759.73;0.23;0.00;0.00
09.12.2020;15:31:11;83.54;37.42;9.05;759.72;0.23;0.00;0.00
09.12.2020;15:32:11;81.68;37.01;9.02;759.71;0.21;0.00;0.00
09.12.2020;15:33:11;82.18;37.06;9.00;759.73;0.21;0.00;0.00
09.12.2020;15:34:11;83.24;36.95;8.98;759.70;0.22;0.00;0.00
09.12.2020;15:35:11;81.42;36.98;8.95;759.68;0.21;0.00;0.00
09.12.2020;15:36:11;78.04;37.40;8.93;759.66;0.20;0.00;0.00
09.12.2020;15:37:11;74.71;37.39;8.93;759.67;0.19;0.00;0.00
09.12.2020;15:38:11;68.55;37.11;8.90;759.69;0.17;0.00;0.00
09.12.2020;15:39:11;64.17;37.22;8.89;759.69;0.15;0.00;0.00
09.12.2020;15:40:11;60.53;37.14;8.87;759.70;0.14;0.00;0.00
09.12.2020;15:41:11;57.25;36.99;8.84;759.70;0.13;0.00;0.00
09.12.2020;15:42:11;58.14;37.31;8.81;759.71;0.13;0.00;0.00
09.12.2020;15:43:11;54.89;37.75;8.81;759.74;0.12;0.00;0.00
09.12.2020;15:44:11;50.38;37.30;8.82;759.70;0.10;0.00;0.00
09.12.2020;15:45:11;47.72;37.49;8.79;759.72;0.10;0.00;0.00
09.12.2020;15:46:11;45.00;37.73;8.80;759.75;0.09;0.00;0.00
09.12.2020;15:47:11;41.34;37.43;8.78;759.76;0.07;0.00;0.00
09.12.2020;15:48:12;38.89;37.71;8.77;759.79;0.07;0.00;0.00
09.12.2020;15:49:12;36.07;37.81;8.77;759.78;0.06;0.00;0.00
09.12.2020;15:50:12;33.52;37.79;8.78;759.78;0.05;0.00;0.00
09.12.2020;15:51:12;32.21;37.90;8.78;759.77;0.05;0.00;0.00
09.12.2020;15:52:12;33.69;37.50;8.77;759.78;0.05;0.00;0.00
09.12.2020;15:53:12;32.51;37.72;8.75;759.77;0.05;0.00;0.00
09.12.2020;15:54:12;31.32;37.88;8.77;759.74;0.04;0.00;0.00
09.12.2020;15:55:12;28.69;37.36;8.76;759.79;0.03;0.00;0.00
09.12.2020;15:56:12;25.43;37.75;8.75;759.80;0.03;0.00;0.00
09.12.2020;15:57:12;24.85;37.83;8.76;759.82;0.02;0.00;0.00
09.12.2020;15:58:12;22.92;37.51;8.74;759.83;0.02;0.00;0.00
09.12.2020;15:59:12;20.18;37.40;8.72;759.85;0.01;0.00;0.00
09.12.2020;16:00:12;18.85;37.57;8.71;759.87;0.01;0.00;0.00
09.12.2020;16:01:12;18.02;37.75;8.71;759.88;0.00;0.00;0.00
09.12.2020;16:02:12;16.10;37.72;8.72;759.88;0.00;0.00;0.00
09.12.2020;16:03:12;15.69;37.66;8.71;759.88;0.00;0.00;0.00
09.12.2020;16:04:12;14.66;37.58;8.71;759.86;0.00;0.00;0.00
09.12.2020;16:05:12;13.37;37.38;8.68;759.89;0.00;0.00;0.00
09.12.2020;16:06:12;12.08;37.75;8.69;759.90;0.00;0.00;0.00
09.12.2020;16:07:12;11.12;37.80;8.69;759.91;0.00;0.00;0.00
09.12.2020;16:08:12;10.11;37.85;8.69;759.93;0.00;0.00;0.00
09.12.2020;16:09:12;9.34;37.74;8.70;759.92;0.00;0.00;0.00
09.12.2020;16:10:12;8.93;37.85;8.70;759.91;0.00;0.00;0.00
09.12.2020;16:11:12;8.11;37.83;8.71;759.91;0.00;0.00;0.00
09.12.2020;16:12:12;7.50;37.88;8.71;759.91;0.00;0.00;0.00
09.12.2020;16:13:12;6.93;37.72;8.71;759.93;0.00;0.00;0.00
09.12.2020;16:14:12;6.49;37.70;8.70;759.94;0.00;0.00;0.00
09.12.2020;16:15:12;5.83;37.60;8.69;759.96;0.00;0.00;0.00
09.12.2020;16:16:12;5.62;37.65;8.69;759.98;0.00;0.00;0.00
09.12.2020;16:17:12;5.00;37.48;8.67;759.95;0.00;0.00;0.00
09.12.2020;16:18:12;5.00;37.77;8.68;759.94;0.00;0.00;0.00
09.12.2020;16:19:12;4.92;37.77;8.67;759.94;0.00;0.00;0.00
09.12.2020;16:20:12;4.17;37.70;8.67;759.94;0.00;0.00;0.00
09.12.2020;16:21:12;4.17;37.64;8.67;759.91;0.00;0.00;0.00
09.12.2020;16:22:12;4.17;37.69;8.66;759.92;0.00;0.00;0.00
09.12.2020;16:23:13;4.17;37.70;8.66;759.92;0.00;0.00;0.00
09.12.2020;16:24:13;3.85;37.84;8.65;759.91;0.00;0.00;0.00
09.12.2020;16:25:13;3.33;37.96;8.66;759.90;0.00;0.00;0.00
09.12.2020;16:26:13;3.33;37.90;8.67;759.89;0.00;0.00;0.00
09.12.2020;16:27:13;3.36;37.75;8.66;759.87;0.00;0.00;0.00
09.12.2020;16:28:13;3.33;37.76;8.66;759.86;0.00;0.00;0.00
09.12.2020;16:29:13;3.33;37.79;8.65;759.85;0.00;0.00;0.00
09.12.2020;16:30:13;3.35;37.37;8.64;759.85;0.00;0.00;0.00
09.12.2020;16:31:13;3.33;37.55;8.62;759.86;0.00;0.00;0.00
09.12.2020;16:32:13;3.33;37.56;8.61;759.85;0.00;0.00;0.00
09.12.2020;16:33:13;3.33;37.50;8.60;759.86;0.00;0.00;0.00
09.12.2020;16:34:13;3.33;37.57;8.58;759.87;0.00;0.00;0.00
09.12.2020;16:35:13;3.33;37.79;8.60;759.88;0.00;0.00;0.00
09.12.2020;16:36:13;3.33;37.87;8.60;759.88;0.00;0.00;0.00
09.12.2020;16:37:13;3.33;38.00;8.62;759.87;0.00;0.00;0.00
09.12.2020;16:38:13;3.35;37.84;8.62;759.86;0.00;0.00;0.00
09.12.2020;16:39:13;3.33;37.85;8.62;759.86;0.00;0.00;0.00
09.12.2020;16:40:13;3.33;37.80;8.62;759.87;0.00;0.00;0.00
09.12.2020;16:41:13;3.36;37.80;8.63;759.86;0.00;0.00;0.00
09.12.2020;16:42:13;3.33;37.77;8.64;759.87;0.00;0.00;0.00
09.12.2020;16:43:13;3.33;37.82;8.63;759.88;0.00;0.00;0.00
09.12.2020;16:44:13;3.35;37.71;8.63;759.88;0.00;0.00;0.00
09.12.2020;16:45:13;3.33;37.84;8.63;759.88;0.00;0.00;0.00
09.12.2020;16:46:13;3.33;37.63;8.63;759.87;0.00;0.00;0.00
09.12.2020;16:47:13;3.33;37.62;8.63;759.86;0.00;0.00;0.00
09.12.2020;16:48:13;3.33;37.73;8.62;759.85;0.00;0.00;0.00
09.12.2020;16:49:13;3.33;37.92;8.62;759.85;0.00;0.00;0.00
09.12.2020;16:50:13;3.33;37.74;8.62;759.87;0.00;0.00;0.00
09.12.2020;16:51:13;3.33;37.57;8.61;759.86;0.00;0.00;0.00
09.12.2020;16:52:13;3.35;37.90;8.61;759.87;0.00;0.00;0.00
09.12.2020;16:53:13;3.33;37.90;8.61;759.89;0.00;0.00;0.00
09.12.2020;16:54:13;3.33;37.80;8.62;759.87;0.00;0.00;0.00
09.12.2020;16:55:13;3.36;37.57;8.61;759.88;0.00;0.00;0.00
09.12.2020;16:56:13;3.33;37.81;8.62;759.88;0.00;0.00;0.00
09.12.2020;16:57:13;3.33;37.68;8.61;759.89;0.00;0.00;0.00
09.12.2020;16:58:13;3.35;37.81;8.62;759.90;0.00;0.00;0.00
09.12.2020;16:59:13;3.33;37.67;8.61;759.90;0.00;0.00;0.00
09.12.2020;17:00:14;3.33;37.64;8.59;759.90;0.00;0.00;0.00
09.12.2020;17:01:14;3.33;37.97;8.59;759.90;0.00;0.00;0.00
09.12.2020;17:02:14;3.33;37.75;8.60;759.89;0.00;0.00;0.00
09.12.2020;17:03:14;3.33;37.81;8.60;759.88;0.00;0.00;0.00
09.12.2020;17:04:14;3.33;37.83;8.61;759.90;0.00;0.00;0.00
09.12.2020;17:05:14;3.33;37.77;8.62;759.90;0.00;0.00;0.00
09.12.2020;17:06:14;3.35;37.77;8.62;759.90;0.00;0.00;0.00
09.12.2020;17:07:14;3.33;37.82;8.62;759.89;0.00;0.00;0.00
09.12.2020;17:08:14;3.33;37.89;8.62;759.90;0.00;0.00;0.00
09.12.2020;17:09:14;3.36;37.75;8.62;759.90;0.00;0.00;0.00
09.12.2020;17:10:14;3.33;37.71;8.62;759.89;0.00;0.00;0.00
09.12.2020;17:11:14;3.33;37.86;8.62;759.88;0.00;0.00;0.00
09.12.2020;17:12:14;3.35;37.89;8.63;759.89;0.00;0.00;0.00
09.12.2020;17:13:14;3.33;37.92;8.63;759.88;0.00;0.00;0.00
09.12.2020;17:14:14;3.33;37.85;8.64;759.89;0.00;0.00;0.00
09.12.2020;17:15:14;3.33;37.81;8.64;759.87;0.00;0.00;0.00
09.12.2020;17:16:14;3.33;37.93;8.64;759.88;0.00;0.00;0.00
09.12.2020;17:17:14;3.33;37.91;8.64;759.87;0.00;0.00;0.00
09.12.2020;17:18:14;3.33;37.74;8.63;759.89;0.00;0.00;0.00
09.12.2020;17:19:14;3.33;37.91;8.64;759.90;0.00;0.00;0.00
09.12.2020;17:20:14;3.35;37.88;8.65;759.91;0.00;0.00;0.00
09.12.2020;17:21:14;3.33;37.84;8.65;759.92;0.00;0.00;0.00
09.12.2020;17:22:14;3.33;37.83;8.65;759.91;0.00;0.00;0.00
09.12.2020;17:23:14;3.36;37.70;8.64;759.91;0.00;0.00;0.00
09.12.2020;17:24:14;3.33;37.92;8.63;759.92;0.00;0.00;0.00
09.12.2020;17:25:14;3.33;37.64;8.64;759.91;0.00;0.00;0.00
09.12.2020;17:26:14;3.35;37.17;8.59;759.90;0.00;0.00;0.00
09.12.2020;17:27:14;3.33;37.47;8.59;759.90;0.00;0.00;0.00
09.12.2020;17:28:14;3.33;37.54;8.57;759.88;0.00;0.00;0.00
09.12.2020;17:29:14;3.33;37.74;8.57;759.89;0.00;0.00;0.00
09.12.2020;17:30:14;3.33;37.67;8.56;759.88;0.00;0.00;0.00
09.12.2020;17:31:14;3.33;37.84;8.57;759.91;0.00;0.00;0.00
09.12.2020;17:32:14;3.33;37.85;8.57;759.89;0.00;0.00;0.00
09.12.2020;17:33:14;3.33;37.82;8.56;759.91;0.00;0.00;0.00
09.12.2020;17:34:14;3.35;37.95;8.56;759.91;0.00;0.00;0.00
09.12.2020;17:35:14;3.33;37.85;8.57;759.92;0.00;0.00;0.00
09.12.2020;17:36:14;3.33;37.78;8.56;759.91;0.00;0.00;0.00
09.12.2020;17:37:15;3.36;37.80;8.56;759.92;0.00;0.00;0.00
09.12.2020;17:38:15;3.33;37.79;8.55;759.93;0.00;0.00;0.00
09.12.2020;17:39:15;3.33;37.97;8.55;759.94;0.00;0.00;0.00
09.12.2020;17:40:15;3.35;37.86;8.56;759.93;0.00;0.00;0.00
09.12.2020;17:41:15;3.33;37.70;8.56;759.94;0.00;0.00;0.00
09.12.2020;17:42:15;3.33;37.82;8.56;759.95;0.00;0.00;0.00
09.12.2020;17:43:15;3.33;37.93;8.57;759.97;0.00;0.00;0.00
09.12.2020;17:44:15;3.33;37.90;8.58;759.96;0.00;0.00;0.00
09.12.2020;17:45:15;3.33;37.82;8.58;759.96;0.00;0.00;0.00
09.12.2020;17:46:15;3.33;37.89;8.58;760.01;0.00;0.00;0.00
09.12.2020;17:47:15;3.33;37.91;8.59;760.03;0.00;0.00;0.00
09.12.2020;17:48:15;3.35;37.85;8.60;760.00;0.00;0.00;0.00
09.12.2020;17:49:15;3.33;37.81;8.61;760.01;0.00;0.00;0.00
09.12.2020;17:50:15;3.33;37.88;8.62;760.01;0.00;0.00;0.00
09.12.2020;17:51:15;3.36;37.69;8.63;760.00;0.00;0.00;0.00
09.12.2020;17:52:15;3.33;37.79;8.62;760.01;0.00;0.00;0.00
09.12.2020;17:53:15;3.33;37.87;8.64;760.03;0.00;0.00;0.00
09.12.2020;17:54:15;3.35;37.76;8.64;760.05;0.00;0.00;0.00
09.12.2020;17:55:15;3.33;37.80;8.65;760.07;0.00;0.00;0.00
09.12.2020;17:56:15;3.33;37.70;8.65;760.09;0.00;0.00;0.00
09.12.2020;17:57:15;3.33;37.62;8.64;760.09;0.00;0.00;0.00
09.12.2020;17:58:15;3.33;37.75;8.64;760.10;0.00;0.00;0.00
09.12.2020;17:59:15;3.33;37.79;8.65;760.13;0.00;0.00;0.00
09.12.2020;18:00:15;3.33;37.76;8.66;760.13;0.00;0.00;0.00
09.12.2020;18:01:15;3.33;37.74;8.66;760.15;0.00;0.00;0.00
09.12.2020;18:02:15;3.35;37.59;8.66;760.17;0.00;0.00;0.00
09.12.2020;18:03:15;3.33;37.75;8.66;760.17;0.00;0.00;0.00
09.12.2020;18:04:15;3.33;37.73;8.66;760.18;0.00;0.00;0.00
09.12.2020;18:05:15;3.36;37.72;8.67;760.18;0.00;0.00;0.00
09.12.2020;18:06:15;3.33;37.61;8.68;760.16;0.00;0.00;0.00
09.12.2020;18:07:15;3.33;37.72;8.68;760.16;0.00;0.00;0.00
09.12.2020;18:08:15;3.35;37.69;8.68;760.14;0.00;0.00;0.00
09.12.2020;18:09:15;3.33;37.74;8.69;760.15;0.00;0.00;0.00
09.12.2020;18:10:15;3.33;37.65;8.69;760.17;0.00;0.00;0.00
09.12.2020;18:11:15;3.33;37.73;8.70;760.18;0.00;0.00;0.00
09.12.2020;18:12:15;3.33;37.70;8.71;760.18;0.00;0.00;0.00
09.12.2020;18:13:15;3.33;37.71;8.72;760.18;0.00;0.00;0.00
09.12.2020;18:14:16;3.33;37.70;8.72;760.18;0.00;0.00;0.00
09.12.2020;18:15:16;3.33;37.59;8.73;760.17;0.00;0.00;0.00
09.12.2020;18:16:16;3.35;37.60;8.73;760.16;0.00;0.00;0.00
09.12.2020;18:17:16;3.33;37.59;8.74;760.16;0.00;0.00;0.00
09.12.2020;18:18:16;3.33;37.68;8.74;760.16;0.00;0.00;0.00
09.12.2020;18:19:16;3.36;37.59;8.75;760.15;0.00;0.00;0.00
09.12.2020;18:20:16;3.33;37.57;8.75;760.14;0.00;0.00;0.00
09.12.2020;18:21:16;3.33;37.61;8.76;760.13;0.00;0.00;0.00
09.12.2020;18:22:16;3.33;37.61;8.77;760.13;0.00;0.00;0.00
09.12.2020;18:23:16;3.33;37.60;8.77;760.12;0.00;0.00;0.00
09.12.2020;18:24:16;3.33;37.46;8.76;760.11;0.00;0.00;0.00
09.12.2020;18:25:16;3.33;37.62;8.77;760.11;0.00;0.00;0.00
09.12.2020;18:26:16;3.33;37.63;8.77;760.12;0.00;0.00;0.00
09.12.2020;18:27:16;3.33;37.59;8.78;760.14;0.00;0.00;0.00
09.12.2020;18:28:16;3.33;37.60;8.79;760.13;0.00;0.00;0.00
09.12.2020;18:29:16;3.33;37.54;8.79;760.12;0.00;0.00;0.00
09.12.2020;18:30:16;3.35;37.46;8.79;760.11;0.00;0.00;0.00
09.12.2020;18:31:16;3.33;37.53;8.79;760.12;0.00;0.00;0.00
09.12.2020;18:32:16;3.33;37.51;8.80;760.12;0.00;0.00;0.00
09.12.2020;18:33:16;3.36;37.37;8.79;760.13;0.00;0.00;0.00
09.12.2020;18:34:16;3.33;37.43;8.78;760.14;0.00;0.00;0.00
09.12.2020;18:35:16;3.33;37.57;8.80;760.15;0.00;0.00;0.00
09.12.2020;18:36:16;3.35;37.47;8.80;760.14;0.00;0.00;0.00
09.12.2020;18:37:16;3.33;37.47;8.80;760.13;0.00;0.00;0.00
09.12.2020;18:38:16;3.33;37.50;8.80;760.11;0.00;0.00;0.00
09.12.2020;18:39:16;3.33;37.47;8.80;760.10;0.00;0.00;0.00
09.12.2020;18:40:16;3.33;37.40;8.80;760.08;0.00;0.00;0.00
09.12.2020;18:41:16;3.33;37.47;8.80;760.05;0.00;0.00;0.00
09.12.2020;18:42:16;3.33;37.47;8.81;760.04;0.00;0.00;0.00
09.12.2020;18:43:16;3.33;37.48;8.82;760.03;0.00;0.00;0.00
09.12.2020;18:44:16;3.35;37.46;8.83;760.05;0.00;0.00;0.00
09.12.2020;18:45:16;3.33;37.47;8.82;760.06;0.00;0.00;0.00
09.12.2020;18:46:16;3.33;37.40;8.83;760.05;0.00;0.00;0.00
09.12.2020;18:47:16;3.36;37.43;8.83;760.06;0.00;0.00;0.00
09.12.2020;18:48:16;3.33;37.43;8.83;760.05;0.00;0.00;0.00
09.12.2020;18:49:16;3.33;37.41;8.84;760.05;0.00;0.00;0.00
09.12.2020;18:50:16;3.35;37.42;8.83;760.05;0.00;0.00;0.00
09.12.2020;18:51:17;3.33;37.42;8.83;760.04;0.00;0.00;0.00
09.12.2020;18:52:17;3.33;37.41;8.83;760.03;0.00;0.00;0.00
09.12.2020;18:53:17;3.33;37.41;8.83;760.05;0.00;0.00;0.00
09.12.2020;18:54:17;3.33;37.36;8.84;760.05;0.00;0.00;0.00
09.12.2020;18:55:17;3.33;37.41;8.82;760.04;0.00;0.00;0.00
09.12.2020;18:56:17;3.33;37.52;8.83;760.04;0.00;0.00;0.00
09.12.2020;18:57:17;3.33;37.45;8.84;760.03;0.00;0.00;0.00
09.12.2020;18:58:17;3.35;37.38;8.84;760.03;0.00;0.00;0.00
09.12.2020;18:59:17;3.33;37.44;8.84;760.02;0.00;0.00;0.00
09.12.2020;19:00:17;3.33;37.48;8.85;760.02;0.00;0.00;0.00
09.12.2020;19:01:17;3.36;37.53;8.86;760.00;0.00;0.00;0.00
09.12.2020;19:02:17;3.33;37.49;8.87;760.00;0.00;0.00;0.00
09.12.2020;19:03:17;3.33;37.37;8.88;760.01;0.00;0.00;0.00
09.12.2020;19:04:17;3.35;37.45;8.88;760.00;0.00;0.00;0.00
09.12.2020;19:05:17;3.33;37.46;8.89;759.99;0.00;0.00;0.00
09.12.2020;19:06:17;3.33;37.33;8.89;759.99;0.00;0.00;0.00
09.12.2020;19:07:17;3.33;37.41;8.89;759.97;0.00;0.00;0.00
09.12.2020;19:08:17;3.33;37.36;8.89;759.96;0.00;0.00;0.00
09.12.2020;19:09:17;3.33;37.42;8.89;759.95;0.00;0.00;0.00
09.12.2020;19:10:17;3.33;37.46;8.90;759.95;0.00;0.00;0.00
09.12.2020;19:11:17;3.33;37.47;8.90;759.92;0.00;0.00;0.00
09.12.2020;19:12:17;3.35;37.42;8.91;759.91;0.00;0.00;0.00
09.12.2020;19:13:17;3.33;37.43;8.92;759.90;0.00;0.00;0.00
09.12.2020;19:14:17;3.33;37.41;8.93;759.90;0.00;0.00;0.00
09.12.2020;19:15:17;3.36;37.43;8.94;759.90;0.00;0.00;0.00
09.12.2020;19:16:17;3.33;37.42;8.95;759.89;0.00;0.00;0.00
09.12.2020;19:17:17;3.33;37.40;8.95;759.90;0.00;0.00;0.00
09.12.2020;19:18:17;3.35;37.33;8.95;759.88;0.00;0.00;0.00
09.12.2020;19:19:17;3.33;37.23;8.94;759.86;0.00;0.00;0.00
09.12.2020;19:20:17;3.33;37.32;8.96;759.86;0.00;0.00;0.00
09.12.2020;19:21:17;3.33;37.28;8.96;759.87;0.00;0.00;0.00
09.12.2020;19:22:17;3.33;37.14;8.96;759.89;0.00;0.00;0.00
09.12.2020;19:23:17;3.33;37.21;8.95;759.89;0.00;0.00;0.00
09.12.2020;19:24:17;3.33;37.24;8.95;759.90;0.00;0.00;0.00
09.12.2020;19:25:17;3.33;37.33;8.95;759.90;0.00;0.00;0.00
09.12.2020;19:26:17;3.35;37.27;8.95;759.91;0.00;0.00;0.00
09.12.2020;19:27:17;3.33;37.30;8.95;759.91;0.00;0.00;0.00
09.12.2020;19:28:18;3.33;37.27;8.96;759.89;0.00;0.00;0.00
09.12.2020;19:29:18;3.36;37.28;8.96;759.89;0.00;0.00;0.00
09.12.2020;19:30:18;3.33;37.32;8.97;759.88;0.00;0.00;0.00
09.12.2020;19:31:18;3.33;37.28;8.96;759.85;0.00;0.00;0.00
09.12.2020;19:32:18;3.33;37.29;8.96;759.85;0.00;0.00;0.00
09.12.2020;19:33:18;3.33;37.24;8.97;759.85;0.00;0.00;0.00
09.12.2020;19:34:18;3.33;37.38;8.97;759.86;0.00;0.00;0.00
09.12.2020;19:35:18;3.33;37.34;8.97;759.85;0.00;0.00;0.00
09.12.2020;19:36:18;3.33;37.33;8.97;759.86;0.00;0.00;0.00
09.12.2020;19:37:18;3.33;37.39;8.98;759.85;0.00;0.00;0.00
09.12.2020;19:38:18;3.33;37.30;8.98;759.85;0.00;0.00;0.00
09.12.2020;19:39:18;3.33;37.25;8.98;759.84;0.00;0.00;0.00
09.12.2020;19:40:18;3.35;37.30;8.98;759.85;0.00;0.00;0.00
09.12.2020;19:41:18;3.33;37.38;8.99;759.85;0.00;0.00;0.00
09.12.2020;19:42:18;3.33;37.35;9.00;759.86;0.00;0.00;0.00
09.12.2020;19:43:18;3.36;37.37;9.01;759.85;0.00;0.00;0.00
09.12.2020;19:44:18;3.33;37.33;9.02;759.87;0.00;0.00;0.00
09.12.2020;19:45:18;3.33;37.23;9.02;759.88;0.00;0.00;0.00
09.12.2020;19:46:18;3.33;37.30;9.02;759.89;0.00;0.00;0.00
09.12.2020;19:47:18;3.33;37.36;9.03;759.91;0.00;0.00;0.00
09.12.2020;19:48:18;3.33;37.26;9.04;759.91;0.00;0.00;0.00
09.12.2020;19:49:18;3.33;37.17;9.05;759.92;0.00;0.00;0.00
09.12.2020;19:50:18;3.33;37.11;9.04;759.89;0.00;0.00;0.00
09.12.2020;19:51:18;3.33;37.27;9.06;759.90;0.00;0.00;0.00
09.12.2020;19:52:18;3.33;37.25;9.07;759.88;0.00;0.00;0.00
09.12.2020;19:53:18;3.33;37.13;9.07;759.87;0.00;0.00;0.00
09.12.2020;19:54:18;3.35;37.20;9.07;759.85;0.00;0.00;0.00
09.12.2020;19:55:18;3.33;37.23;9.08;759.87;0.00;0.00;0.00
09.12.2020;19:56:18;3.33;37.15;9.09;759.87;0.00;0.00;0.00
09.12.2020;19:57:18;3.36;37.11;9.08;759.86;0.00;0.00;0.00
09.12.2020;19:58:18;3.33;37.19;9.09;759.86;0.00;0.00;0.00
09.12.2020;19:59:18;3.33;37.17;9.10;759.85;0.00;0.00;0.00
09.12.2020;20:00:18;3.33;37.04;9.09;759.85;0.00;0.00;0.00
09.12.2020;20:01:18;3.33;37.14;9.09;759.83;0.00;0.00;0.00
09.12.2020;20:02:18;3.33;37.16;9.10;759.84;0.00;0.00;0.00
09.12.2020;20:03:18;3.33;37.05;9.11;759.83;0.00;0.00;0.00
09.12.2020;20:04:18;3.33;37.14;9.11;759.83;0.00;0.00;0.00
09.12.2020;20:05:19;3.33;37.11;9.12;759.85;0.00;0.00;0.00
09.12.2020;20:06:19;3.33;37.07;9.12;759.86;0.00;0.00;0.00
09.12.2020;20:07:19;3.33;37.10;9.13;759.87;0.00;0.00;0.00
09.12.2020;20:08:19;3.35;37.13;9.13;759.87;0.00;0.00;0.00
09.12.2020;20:09:19;3.33;37.12;9.13;759.84;0.00;0.00;0.00
09.12.2020;20:10:19;3.33;37.10;9.13;759.82;0.00;0.00;0.00
09.12.2020;20:11:19;3.36;37.08;9.14;759.81;0.00;0.00;0.00
09.12.2020;20:12:19;3.33;37.08;9.14;759.83;0.00;0.00;0.00
09.12.2020;20:13:19;3.33;37.02;9.15;759.81;0.00;0.00;0.00
09.12.2020;20:14:19;3.35;37.00;9.15;759.79;0.00;0.00;0.00
09.12.2020;20:15:19;3.33;37.04;9.15;759.80;0.00;0.00;0.00
09.12.2020;20:16:19;3.33;36.96;9.16;759.80;0.00;0.00;0.00
09.12.2020;20:17:19;3.33;36.93;9.16;759.80;0.00;0.00;0.00
09.12.2020;20:18:19;3.33;37.02;9.16;759.79;0.00;0.00;0.00
09.12.2020;20:19:19;3.33;37.06;9.17;759.79;0.00;0.00;0.00
09.12.2020;20:20:19;3.33;37.04;9.17;759.80;0.00;0.00;0.00
09.12.2020;20:21:19;3.33;37.03;9.18;759.81;0.00;0.00;0.00
09.12.2020;20:22:19;3.35;37.05;9.19;759.82;0.00;0.00;0.00
09.12.2020;20:23:19;3.33;37.02;9.19;759.80;0.00;0.00;0.00
09.12.2020;20:24:19;3.33;36.98;9.20;759.78;0.00;0.00;0.00
09.12.2020;20:25:19;3.36;37.03;9.20;759.77;0.00;0.00;0.00
09.12.2020;20:26:19;3.33;36.96;9.20;759.78;0.00;0.00;0.00
09.12.2020;20:27:19;3.33;36.94;9.20;759.78;0.00;0.00;0.00
09.12.2020;20:28:19;3.33;36.97;9.20;759.77;0.00;0.00;0.00
09.12.2020;20:29:19;3.33;36.99;9.19;759.77;0.00;0.00;0.00
09.12.2020;20:30:19;3.33;36.98;9.20;759.75;0.00;0.00;0.00
09.12.2020;20:31:19;3.33;37.02;9.20;759.72;0.00;0.00;0.00
09.12.2020;20:32:19;3.33;36.99;9.20;759.70;0.00;0.00;0.00
09.12.2020;20:33:19;3.33;36.89;9.20;759.70;0.00;0.00;0.00
09.12.2020;20:34:19;3.33;36.99;9.20;759.71;0.00;0.00;0.00
09.12.2020;20:35:19;3.33;37.00;9.20;759.69;0.00;0.00;0.00
09.12.2020;20:36:19;3.35;36.99;9.20;759.70;0.00;0.00;0.00
09.12.2020;20:37:19;3.33;36.92;9.19;759.69;0.00;0.00;0.00
09.12.2020;20:38:19;3.33;37.08;9.20;759.70;0.00;0.00;0.00
09.12.2020;20:39:19;3.36;37.03;9.20;759.70;0.00;0.00;0.00
09.12.2020;20:40:19;3.33;37.01;9.20;759.70;0.00;0.00;0.00
09.12.2020;20:41:20;3.33;36.88;9.20;759.70;0.00;0.00;0.00
09.12.2020;20:42:20;3.33;37.05;9.20;759.70;0.00;0.00;0.00
09.12.2020;20:43:20;3.33;37.01;9.20;759.69;0.00;0.00;0.00
09.12.2020;20:44:20;3.33;37.04;9.20;759.68;0.00;0.00;0.00
09.12.2020;20:45:20;3.33;36.85;9.20;759.68;0.00;0.00;0.00
09.12.2020;20:46:20;3.33;37.04;9.20;759.69;0.00;0.00;0.00
09.12.2020;20:47:20;3.33;37.01;9.21;759.68;0.00;0.00;0.00
09.12.2020;20:48:20;3.33;36.86;9.19;759.67;0.00;0.00;0.00
09.12.2020;20:49:20;3.33;36.99;9.19;759.66;0.00;0.00;0.00
09.12.2020;20:50:20;3.35;37.03;9.19;759.67;0.00;0.00;0.00
09.12.2020;20:51:20;3.33;37.06;9.19;759.66;0.00;0.00;0.00
09.12.2020;20:52:20;3.33;37.05;9.19;759.66;0.00;0.00;0.00
09.12.2020;20:53:20;3.36;37.04;9.19;759.64;0.00;0.00;0.00
09.12.2020;20:54:20;3.33;37.05;9.19;759.63;0.00;0.00;0.00
09.12.2020;20:55:20;3.33;37.03;9.19;759.63;0.00;0.00;0.00
09.12.2020;20:56:20;3.33;37.04;9.19;759.63;0.00;0.00;0.00
09.12.2020;20:57:20;3.33;37.00;9.20;759.63;0.00;0.00;0.00
09.12.2020;20:58:20;3.33;36.86;9.18;759.62;0.00;0.00;0.00
09.12.2020;20:59:20;3.33;36.96;9.18;759.62;0.00;0.00;0.00
09.12.2020;21:00:20;3.33;36.92;9.18;759.61;0.00;0.00;0.00
09.12.2020;21:01:20;3.33;36.97;9.17;759.59;0.00;0.00;0.00
09.12.2020;21:02:20;3.33;36.96;9.17;759.59;0.00;0.00;0.00
09.12.2020;21:03:20;3.33;37.10;9.15;759.61;0.00;0.00;0.00
09.12.2020;21:04:20;3.35;37.06;9.14;759.62;0.00;0.00;0.00
09.12.2020;21:05:20;3.33;37.06;9.13;759.61;0.00;0.00;0.00
09.12.2020;21:06:20;3.33;37.08;9.11;759.59;0.00;0.00;0.00
09.12.2020;21:07:20;3.36;37.08;9.10;759.59;0.00;0.00;0.00
09.12.2020;21:08:20;3.33;37.16;9.09;759.59;0.00;0.00;0.00
09.12.2020;21:09:20;3.33;37.13;9.08;759.59;0.00;0.00;0.00
09.12.2020;21:10:20;3.33;37.09;9.04;759.59;0.00;0.00;0.00
09.12.2020;21:11:20;3.33;37.29;9.03;759.58;0.00;0.00;0.00
09.12.2020;21:12:20;3.33;37.20;9.01;759.58;0.00;0.00;0.00
09.12.2020;21:13:20;3.33;37.36;8.99;759.60;0.00;0.00;0.00
09.12.2020;21:14:20;3.33;37.43;8.97;759.60;0.00;0.00;0.00
09.12.2020;21:15:20;3.33;37.49;8.96;759.60;0.00;0.00;0.00
09.12.2020;21:16:20;3.33;37.48;8.95;759.60;0.00;0.00;0.00
09.12.2020;21:17:20;3.33;37.51;8.93;759.61;0.00;0.00;0.00
09.12.2020;21:18:21;3.35;37.56;8.92;759.60;0.00;0.00;0.00
09.12.2020;21:19:21;3.33;37.52;8.91;759.59;0.00;0.00;0.00
09.12.2020;21:20:21;3.33;37.60;8.90;759.58;0.00;0.00;0.00
09.12.2020;21:21:21;3.36;37.66;8.89;759.59;0.00;0.00;0.00
09.12.2020;21:22:21;3.33;37.71;8.88;759.61;0.00;0.00;0.00
09.12.2020;21:23:21;3.33;37.67;8.87;759.62;0.00;0.00;0.00
09.12.2020;21:24:21;3.33;37.69;8.86;759.64;0.00;0.00;0.00
09.12.2020;21:25:21;3.33;37.74;8.85;759.65;0.00;0.00;0.00
09.12.2020;21:26:21;3.33;37.71;8.83;759.64;0.00;0.00;0.00
09.12.2020;21:27:21;3.33;37.81;8.82;759.62;0.00;0.00;0.00
09.12.2020;21:28:21;3.33;37.79;8.81;759.61;0.00;0.00;0.00
09.12.2020;21:29:21;3.33;37.83;8.80;759.61;0.00;0.00;0.00
09.12.2020;21:30:21;3.33;37.61;8.79;759.61;0.00;0.00;0.00
09.12.2020;21:31:21;3.33;37.84;8.77;759.61;0.00;0.00;0.00
09.12.2020;21:32:21;3.35;37.94;8.76;759.61;0.00;0.00;0.00
09.12.2020;21:33:21;3.33;37.75;8.75;759.60;0.00;0.00;0.00
09.12.2020;21:34:21;3.33;37.87;8.74;759.59;0.00;0.00;0.00
09.12.2020;21:35:21;3.36;37.91;8.73;759.58;0.00;0.00;0.00
09.12.2020;21:36:21;3.33;38.02;8.72;759.60;0.00;0.00;0.00
09.12.2020;21:37:21;3.33;37.92;8.72;759.58;0.00;0.00;0.00
09.12.2020;21:38:21;3.33;37.83;8.70;759.58;0.00;0.00;0.00
09.12.2020;21:39:21;3.33;37.99;8.70;759.57;0.00;0.00;0.00
09.12.2020;21:40:21;3.33;37.94;8.69;759.57;0.00;0.00;0.00
09.12.2020;21:41:21;3.33;37.96;8.69;759.57;0.00;0.00;0.00
09.12.2020;21:42:21;3.33;38.00;8.67;759.56;0.00;0.00;0.00
09.12.2020;21:43:21;3.33;38.01;8.67;759.57;0.00;0.00;0.00
09.12.2020;21:44:21;3.33;38.00;8.66;759.56;0.00;0.00;0.00
09.12.2020;21:45:21;3.33;38.07;8.64;759.56;0.00;0.00;0.00
09.12.2020;21:46:21;3.35;37.99;8.63;759.56;0.00;0.00;0.00
09.12.2020;21:47:21;3.33;38.14;8.62;759.59;0.00;0.00;0.00
09.12.2020;21:48:21;3.33;38.19;8.61;759.58;0.00;0.00;0.00
09.12.2020;21:49:21;3.36;38.19;8.60;759.58;0.00;0.00;0.00
09.12.2020;21:50:21;3.33;38.09;8.59;759.57;0.00;0.00;0.00
09.12.2020;21:51:21;3.33;38.18;8.58;759.58;0.00;0.00;0.00
09.12.2020;21:52:21;3.33;38.12;8.57;759.59;0.00;0.00;0.00
09.12.2020;21:53:21;3.33;38.13;8.57;759.58;0.00;0.00;0.00
09.12.2020;21:54:22;3.33;38.25;8.56;759.59;0.00;0.00;0.00
09.12.2020;21:55:22;3.33;38.25;8.57;759.59;0.00;0.00;0.00
09.12.2020;21:56:22;3.33;38.24;8.57;759.58;0.00;0.00;0.00
09.12.2020;21:57:22;3.33;38.14;8.57;759.58;0.00;0.00;0.00
09.12.2020;21:58:22;3.33;38.27;8.58;759.57;0.00;0.00;0.00
09.12.2020;21:59:22;3.33;38.19;8.58;759.56;0.00;0.00;0.00
09.12.2020;22:00:22;3.35;38.25;8.59;759.55;0.00;0.00;0.00
09.12.2020;22:01:22;3.33;38.21;8.59;759.53;0.00;0.00;0.00
09.12.2020;22:02:22;3.33;38.18;8.59;759.53;0.00;0.00;0.00
09.12.2020;22:03:22;3.36;38.26;8.60;759.53;0.00;0.00;0.00
09.12.2020;22:04:22;3.33;38.13;8.60;759.52;0.00;0.00;0.00
09.12.2020;22:05:22;3.33;38.13;8.61;759.52;0.00;0.00;0.00
09.12.2020;22:06:22;3.33;38.02;8.60;759.53;0.00;0.00;0.00
09.12.2020;22:07:22;3.33;38.24;8.60;759.54;0.00;0.00;0.00
09.12.2020;22:08:22;3.33;38.18;8.62;759.52;0.00;0.00;0.00
09.12.2020;22:09:22;3.33;38.17;8.62;759.54;0.00;0.00;0.00
09.12.2020;22:10:22;3.33;38.24;8.63;759.55;0.00;0.00;0.00
09.12.2020;22:11:22;3.33;38.26;8.65;759.55;0.00;0.00;0.00
09.12.2020;22:12:22;3.33;37.78;8.66;759.55;0.00;0.00;0.00
09.12.2020;22:13:22;3.33;37.99;8.67;759.56;0.00;0.00;0.00
09.12.2020;22:14:22;3.35;38.15;8.69;759.57;0.00;0.00;0.00
09.12.2020;22:15:22;3.33;37.98;8.70;759.58;0.00;0.00;0.00
09.12.2020;22:16:22;3.33;37.95;8.72;759.59;0.00;0.00;0.00
09.12.2020;22:17:22;3.36;37.84;8.73;759.60;0.00;0.00;0.00
09.12.2020;22:18:22;3.33;38.04;8.75;759.62;0.00;0.00;0.00
09.12.2020;22:19:22;3.33;37.80;8.76;759.63;0.00;0.00;0.00
09.12.2020;22:20:22;3.33;37.91;8.77;759.65;0.00;0.00;0.00
09.12.2020;22:21:22;3.33;37.81;8.79;759.66;0.00;0.00;0.00
09.12.2020;22:22:22;3.33;37.86;8.81;759.65;0.00;0.00;0.00
09.12.2020;22:23:22;3.33;37.66;8.82;759.65;0.00;0.00;0.00
09.12.2020;22:24:22;3.33;37.83;8.82;759.65;0.00;0.00;0.00
09.12.2020;22:25:22;3.33;37.79;8.84;759.65;0.00;0.00;0.00
09.12.2020;22:26:22;3.33;37.64;8.85;759.65;0.00;0.00;0.00
09.12.2020;22:27:22;3.33;37.44;8.86;759.65;0.00;0.00;0.00
09.12.2020;22:28:22;3.35;37.59;8.87;759.65;0.00;0.00;0.00
09.12.2020;22:29:22;3.33;37.54;8.88;759.65;0.00;0.00;0.00
09.12.2020;22:30:22;3.33;37.36;8.89;759.64;0.00;0.00;0.00
09.12.2020;22:31:22;3.36;37.50;8.90;759.64;0.00;0.00;0.00
09.12.2020;22:32:23;3.33;37.44;8.91;759.63;0.00;0.00;0.00
09.12.2020;22:33:23;3.33;37.44;8.92;759.63;0.00;0.00;0.00
09.12.2020;22:34:23;3.33;37.39;8.93;759.65;0.00;0.00;0.00
09.12.2020;22:35:23;3.33;37.35;8.93;759.66;0.00;0.00;0.00
09.12.2020;22:36:23;3.33;37.62;8.93;759.67;0.00;0.00;0.00
09.12.2020;22:37:23;3.33;37.25;8.94;759.65;0.00;0.00;0.00
09.12.2020;22:38:23;3.33;37.38;8.93;759.65;0.00;0.00;0.00
09.12.2020;22:39:23;3.33;37.48;8.95;759.65;0.00;0.00;0.00
09.12.2020;22:40:23;3.33;37.50;8.96;759.64;0.00;0.00;0.00
09.12.2020;22:41:23;3.33;37.47;8.97;759.67;0.00;0.00;0.00
09.12.2020;22:42:23;3.35;37.42;8.97;759.68;0.00;0.00;0.00
09.12.2020;22:43:23;3.33;37.47;8.97;759.68;0.00;0.00;0.00
09.12.2020;22:44:23;3.33;36.90;8.97;759.68;0.00;0.00;0.00
09.12.2020;22:45:23;3.36;37.38;8.97;759.68;0.00;0.00;0.00
09.12.2020;22:46:23;3.33;37.24;8.99;759.70;0.00;0.00;0.00
09.12.2020;22:47:23;3.33;37.31;8.99;759.69;0.00;0.00;0.00
09.12.2020;22:48:23;3.33;37.29;8.98;759.66;0.00;0.00;0.00
09.12.2020;22:49:23;3.33;37.24;8.99;759.66;0.00;0.00;0.00
09.12.2020;22:50:23;3.33;37.14;8.99;759.66;0.00;0.00;0.00
09.12.2020;22:51:23;3.33;37.18;8.98;759.64;0.00;0.00;0.00
09.12.2020;22:52:23;3.33;37.28;8.99;759.64;0.00;0.00;0.00
09.12.2020;22:53:23;3.33;37.23;8.98;759.67;0.00;0.00;0.00
09.12.2020;22:54:23;3.33;37.19;8.98;759.67;0.00;0.00;0.00
09.12.2020;22:55:23;3.33;37.44;8.97;759.68;0.00;0.00;0.00
09.12.2020;22:56:23;3.35;37.48;8.98;759.67;0.00;0.00;0.00
09.12.2020;22:57:23;3.33;37.42;8.98;759.65;0.00;0.00;0.00
09.12.2020;22:58:23;3.33;37.16;8.97;759.62;0.00;0.00;0.00
09.12.2020;22:59:23;3.35;37.37;8.97;759.61;0.00;0.00;0.00
09.12.2020;23:00:23;3.33;37.24;8.97;759.61;0.00;0.00;0.00
09.12.2020;23:01:23;3.33;37.30;8.98;759.61;0.00;0.00;0.00
09.12.2020;23:02:23;3.33;37.41;8.98;759.60;0.00;0.00;0.00
09.12.2020;23:03:23;3.33;37.32;8.98;759.60;0.00;0.00;0.00
09.12.2020;23:04:23;3.33;37.30;8.97;759.59;0.00;0.00;0.00
09.12.2020;23:05:23;3.33;37.29;8.96;759.61;0.00;0.00;0.00
09.12.2020;23:06:23;3.33;37.43;8.96;759.62;0.00;0.00;0.00
09.12.2020;23:07:23;3.33;36.97;8.95;759.62;0.00;0.00;0.00
09.12.2020;23:08:24;3.33;37.31;8.93;759.61;0.00;0.00;0.00
09.12.2020;23:09:24;3.33;37.36;8.95;759.63;0.00;0.00;0.00
09.12.2020;23:10:24;3.35;37.44;8.94;759.60;0.00;0.00;0.00
09.12.2020;23:11:24;3.33;37.49;8.94;759.60;0.00;0.00;0.00
09.12.2020;23:12:24;3.33;37.46;8.94;759.60;0.00;0.00;0.00
09.12.2020;23:13:24;3.36;37.59;8.94;759.59;0.00;0.00;0.00
09.12.2020;23:14:24;3.33;37.36;8.93;759.59;0.00;0.00;0.00
09.12.2020;23:15:24;3.33;37.47;8.92;759.61;0.00;0.00;0.00
09.12.2020;23:16:24;3.33;37.48;8.91;759.59;0.00;0.00;0.00
09.12.2020;23:17:24;3.33;37.42;8.90;759.57;0.00;0.00;0.00
09.12.2020;23:18:24;3.33;37.13;8.87;759.56;0.00;0.00;0.00
09.12.2020;23:19:24;3.33;37.47;8.86;759.55;0.00;0.00;0.00
09.12.2020;23:20:24;3.33;37.54;8.86;759.57;0.00;0.00;0.00
09.12.2020;23:21:24;3.33;37.45;8.84;759.56;0.00;0.00;0.00
09.12.2020;23:22:24;3.33;37.46;8.82;759.56;0.00;0.00;0.00
09.12.2020;23:23:24;3.33;37.54;8.81;759.55;0.00;0.00;0.00
09.12.2020;23:24:24;3.35;37.22;8.80;759.54;0.00;0.00;0.00
09.12.2020;23:25:24;3.33;37.21;8.77;759.53;0.00;0.00;0.00
09.12.2020;23:26:24;3.33;37.34;8.75;759.52;0.00;0.00;0.00
09.12.2020;23:27:24;3.36;37.66;8.74;759.52;0.00;0.00;0.00
09.12.2020;23:28:24;3.33;37.81;8.74;759.51;0.00;0.00;0.00
09.12.2020;23:29:24;3.33;37.59;8.73;759.49;0.00;0.00;0.00
09.12.2020;23:30:24;3.33;37.54;8.72;759.49;0.00;0.00;0.00
09.12.2020;23:31:24;3.33;37.83;8.71;759.50;0.00;0.00;0.00
09.12.2020;23:32:24;3.33;37.81;8.70;759.50;0.00;0.00;0.00
09.12.2020;23:33:24;3.33;37.87;8.69;759.50;0.00;0.00;0.00
09.12.2020;23:34:24;3.33;37.86;8.69;759.52;0.00;0.00;0.00
09.12.2020;23:35:24;3.33;37.56;8.68;759.51;0.00;0.00;0.00
09.12.2020;23:36:24;3.33;37.69;8.66;759.50;0.00;0.00;0.00
09.12.2020;23:37:24;3.33;37.99;8.66;759.50;0.00;0.00;0.00
09.12.2020;23:38:24;3.35;37.88;8.67;759.49;0.00;0.00;0.00
09.12.2020;23:39:24;3.33;37.72;8.66;759.49;0.00;0.00;0.00
09.12.2020;23:40:24;3.33;37.75;8.65;759.49;0.00;0.00;0.00
09.12.2020;23:41:24;3.35;37.82;8.65;759.49;0.00;0.00;0.00
09.12.2020;23:42:24;3.33;37.99;8.64;759.49;0.00;0.00;0.00
09.12.2020;23:43:24;3.33;38.09;8.64;759.48;0.00;0.00;0.00
09.12.2020;23:44:24;3.33;37.95;8.64;759.46;0.00;0.00;0.00
09.12.2020;23:45:25;3.33;37.86;8.65;759.44;0.00;0.00;0.00
09.12.2020;23:46:25;3.33;38.05;8.65;759.45;0.00;0.00;0.00
09.12.2020;23:47:25;3.33;37.83;8.64;759.43;0.00;0.00;0.00
09.12.2020;23:48:25;3.33;37.84;8.64;759.42;0.00;0.00;0.00
09.12.2020;23:49:25;3.33;37.92;8.64;759.41;0.00;0.00;0.00
09.12.2020;23:50:25;3.33;37.32;8.62;759.41;0.00;0.00;0.00
09.12.2020;23:51:25;3.33;37.91;8.60;759.40;0.00;0.00;0.00
09.12.2020;23:52:25;3.35;37.72;8.61;759.38;0.00;0.00;0.00
09.12.2020;23:53:25;3.33;37.89;8.61;759.38;0.00;0.00;0.00
09.12.2020;23:54:25;3.33;38.00;8.61;759.37;0.00;0.00;0.00
09.12.2020;23:55:25;3.36;37.60;8.62;759.37;0.00;0.00;0.00
09.12.2020;23:56:25;3.33;37.80;8.61;759.39;0.00;0.00;0.00
09.12.2020;23:57:25;3.33;37.65;8.62;759.39;0.00;0.00;0.00
09.12.2020;23:58:25;3.33;37.83;8.61;759.40;0.00;0.00;0.00
09.12.2020;23:59:25;3.33;37.97;8.61;759.39;0.00;0.00;0.00
