10.01.2021;0:00:38;2.56;45.74;9.69;752.61;0.00;0.00;0.00
10.01.2021;0:01:38;2.53;45.69;9.70;752.63;0.00;0.00;0.00
10.01.2021;0:02:38;2.54;45.58;9.69;752.64;0.00;0.00;0.00
10.01.2021;0:03:38;2.57;45.66;9.69;752.64;0.00;0.00;0.00
10.01.2021;0:04:38;2.54;45.66;9.67;752.64;0.00;0.00;0.00
10.01.2021;0:05:38;2.53;45.81;9.65;752.64;0.00;0.00;0.00
10.01.2021;0:06:38;2.57;45.81;9.64;752.65;0.00;0.00;0.00
10.01.2021;0:07:38;2.54;45.75;9.64;752.67;0.00;0.00;0.00
10.01.2021;0:08:38;2.51;46.01;9.64;752.66;0.00;0.00;0.00
10.01.2021;0:09:39;2.56;45.87;9.63;752.67;0.00;0.00;0.00
10.01.2021;0:10:39;2.56;45.83;9.63;752.67;0.00;0.00;0.00
10.01.2021;0:11:39;2.58;45.74;9.65;752.68;0.00;0.00;0.00
10.01.2021;0:12:39;2.58;45.73;9.65;752.68;0.00;0.00;0.00
10.01.2021;0:13:39;2.56;45.64;9.66;752.67;0.00;0.00;0.00
10.01.2021;0:14:39;2.56;45.63;9.66;752.68;0.00;0.00;0.00
10.01.2021;0:15:39;2.53;45.74;9.67;752.69;0.00;0.00;0.00
10.01.2021;0:16:39;2.54;45.84;9.69;752.69;0.00;0.00;0.00
10.01.2021;0:17:39;2.60;45.72;9.70;752.70;0.00;0.00;0.00
10.01.2021;0:18:39;2.56;45.61;9.69;752.71;0.00;0.00;0.00
10.01.2021;0:19:39;2.51;45.75;9.69;752.70;0.00;0.00;0.00
10.01.2021;0:20:39;2.58;45.60;9.69;752.71;0.00;0.00;0.00
10.01.2021;0:21:39;2.53;45.55;9.69;752.72;0.00;0.00;0.00
10.01.2021;0:22:39;2.56;45.56;9.68;752.72;0.00;0.00;0.00
10.01.2021;0:23:39;2.53;45.57;9.66;752.73;0.00;0.00;0.00
10.01.2021;0:24:39;2.53;45.67;9.65;752.74;0.00;0.00;0.00
10.01.2021;0:25:39;2.57;45.68;9.66;752.71;0.00;0.00;0.00
10.01.2021;0:26:39;2.50;45.59;9.66;752.73;0.00;0.00;0.00
10.01.2021;0:27:39;2.53;45.74;9.65;752.74;0.00;0.00;0.00
10.01.2021;0:28:39;2.60;45.55;9.65;752.76;0.00;0.00;0.00
10.01.2021;0:29:39;2.54;45.71;9.63;752.75;0.00;0.00;0.00
10.01.2021;0:30:39;2.54;45.63;9.65;752.73;0.00;0.00;0.00
10.01.2021;0:31:39;2.61;45.59;9.65;752.72;0.00;0.00;0.00
10.01.2021;0:32:39;2.53;45.84;9.66;752.74;0.00;0.00;0.00
10.01.2021;0:33:39;2.60;45.74;9.64;752.75;0.00;0.00;0.00
10.01.2021;0:34:39;2.51;45.63;9.63;752.75;0.00;0.00;0.00
10.01.2021;0:35:39;2.51;45.75;9.63;752.77;0.00;0.00;0.00
10.01.2021;0:36:39;2.53;45.72;9.62;752.78;0.00;0.00;0.00
10.01.2021;0:37:39;2.54;45.65;9.62;752.76;0.00;0.00;0.00
10.01.2021;0:38:39;2.50;45.67;9.62;752.78;0.00;0.00;0.00
10.01.2021;0:39:39;2.57;45.71;9.62;752.78;0.00;0.00;0.00
10.01.2021;0:40:39;2.50;45.73;9.61;752.79;0.00;0.00;0.00
10.01.2021;0:41:39;2.51;45.75;9.65;752.79;0.00;0.00;0.00
10.01.2021;0:42:39;2.54;45.84;9.66;752.76;0.00;0.00;0.00
10.01.2021;0:43:39;2.54;45.76;9.64;752.79;0.00;0.00;0.00
10.01.2021;0:44:39;2.53;45.71;9.63;752.78;0.00;0.00;0.00
10.01.2021;0:45:40;2.56;45.75;9.63;752.77;0.00;0.00;0.00
10.01.2021;0:46:40;2.54;45.82;9.65;752.76;0.00;0.00;0.00
10.01.2021;0:47:40;2.51;45.76;9.65;752.74;0.00;0.00;0.00
10.01.2021;0:48:40;2.51;45.77;9.65;752.76;0.00;0.00;0.00
10.01.2021;0:49:40;2.54;45.88;9.68;752.75;0.00;0.00;0.00
10.01.2021;0:50:40;2.53;45.71;9.67;752.74;0.00;0.00;0.00
10.01.2021;0:51:40;2.54;45.87;9.68;752.75;0.00;0.00;0.00
10.01.2021;0:52:40;2.51;45.70;9.67;752.74;0.00;0.00;0.00
10.01.2021;0:53:40;2.53;45.71;9.70;752.74;0.00;0.00;0.00
10.01.2021;0:54:40;2.56;45.65;9.71;752.73;0.00;0.00;0.00
10.01.2021;0:55:40;2.53;45.69;9.72;752.73;0.00;0.00;0.00
10.01.2021;0:56:40;2.56;45.62;9.71;752.73;0.00;0.00;0.00
10.01.2021;0:57:40;2.53;45.60;9.71;752.74;0.00;0.00;0.00
10.01.2021;0:58:40;2.54;45.56;9.71;752.77;0.00;0.00;0.00
10.01.2021;0:59:40;2.56;45.61;9.69;752.78;0.00;0.00;0.00
10.01.2021;1:00:40;2.51;45.69;9.70;752.78;0.00;0.00;0.00
10.01.2021;1:01:40;2.56;45.54;9.71;752.78;0.00;0.00;0.00
10.01.2021;1:02:40;2.53;45.53;9.72;752.78;0.00;0.00;0.00
10.01.2021;1:03:40;2.53;45.50;9.72;752.79;0.00;0.00;0.00
10.01.2021;1:04:40;2.51;45.58;9.70;752.78;0.00;0.00;0.00
10.01.2021;1:05:40;2.54;45.71;9.75;752.79;0.00;0.00;0.00
10.01.2021;1:06:40;2.53;45.47;9.77;752.78;0.00;0.00;0.00
10.01.2021;1:07:40;2.50;45.56;9.75;752.78;0.00;0.00;0.00
10.01.2021;1:08:40;2.53;45.66;9.75;752.77;0.00;0.00;0.00
10.01.2021;1:09:40;2.51;45.55;9.75;752.78;0.00;0.00;0.00
10.01.2021;1:10:40;2.57;45.48;9.75;752.79;0.00;0.00;0.00
10.01.2021;1:11:40;2.50;45.46;9.73;752.79;0.00;0.00;0.00
10.01.2021;1:12:40;2.54;45.61;9.74;752.79;0.00;0.00;0.00
10.01.2021;1:13:40;2.54;45.69;9.80;752.79;0.00;0.00;0.00
10.01.2021;1:14:40;2.57;45.49;9.83;752.78;0.00;0.00;0.00
10.01.2021;1:15:40;2.50;45.38;9.79;752.77;0.00;0.00;0.00
10.01.2021;1:16:40;2.56;45.27;9.76;752.77;0.00;0.00;0.00
10.01.2021;1:17:40;2.50;45.48;9.74;752.78;0.00;0.00;0.00
10.01.2021;1:18:40;2.50;45.66;9.76;752.78;0.00;0.00;0.00
10.01.2021;1:19:40;2.57;45.54;9.80;752.78;0.00;0.00;0.00
10.01.2021;1:20:41;2.50;45.57;9.79;752.78;0.00;0.00;0.00
10.01.2021;1:21:41;2.56;45.49;9.80;752.78;0.00;0.00;0.00
10.01.2021;1:22:41;2.50;45.55;9.83;752.78;0.00;0.00;0.00
10.01.2021;1:23:41;2.53;45.38;9.83;752.76;0.00;0.00;0.00
10.01.2021;1:24:41;2.54;45.51;9.83;752.76;0.00;0.00;0.00
10.01.2021;1:25:41;2.51;45.38;9.83;752.75;0.00;0.00;0.00
10.01.2021;1:26:41;2.54;45.32;9.82;752.75;0.00;0.00;0.00
10.01.2021;1:27:41;2.53;45.57;9.81;752.75;0.00;0.00;0.00
10.01.2021;1:28:41;2.54;45.54;9.82;752.74;0.00;0.00;0.00
10.01.2021;1:29:41;2.51;45.37;9.81;752.73;0.00;0.00;0.00
10.01.2021;1:30:41;2.56;45.34;9.79;752.72;0.00;0.00;0.00
10.01.2021;1:31:41;2.53;45.43;9.78;752.72;0.00;0.00;0.00
10.01.2021;1:32:41;2.50;45.51;9.81;752.73;0.00;0.00;0.00
10.01.2021;1:33:41;2.51;45.41;9.84;752.72;0.00;0.00;0.00
10.01.2021;1:34:41;2.50;45.42;9.86;752.73;0.00;0.00;0.00
10.01.2021;1:35:41;2.53;45.29;9.84;752.75;0.00;0.00;0.00
10.01.2021;1:36:41;2.53;45.36;9.81;752.74;0.00;0.00;0.00
10.01.2021;1:37:41;2.50;45.46;9.78;752.72;0.00;0.00;0.00
10.01.2021;1:38:41;2.60;45.41;9.77;752.71;0.00;0.00;0.00
10.01.2021;1:39:41;2.56;45.43;9.75;752.73;0.00;0.00;0.00
10.01.2021;1:40:41;2.51;45.63;9.73;752.72;0.00;0.00;0.00
10.01.2021;1:41:41;2.54;45.81;9.77;752.73;0.00;0.00;0.00
10.01.2021;1:42:41;2.54;45.54;9.77;752.74;0.00;0.00;0.00
10.01.2021;1:43:41;2.51;45.51;9.78;752.74;0.00;0.00;0.00
10.01.2021;1:44:41;2.57;45.54;9.79;752.72;0.00;0.00;0.00
10.01.2021;1:45:41;2.50;45.52;9.78;752.71;0.00;0.00;0.00
10.01.2021;1:46:41;2.54;45.42;9.75;752.72;0.00;0.00;0.00
10.01.2021;1:47:41;2.50;45.54;9.74;752.72;0.00;0.00;0.00
10.01.2021;1:48:41;2.54;45.55;9.74;752.72;0.00;0.00;0.00
10.01.2021;1:49:41;2.51;45.52;9.74;752.71;0.00;0.00;0.00
10.01.2021;1:50:41;2.54;45.49;9.72;752.71;0.00;0.00;0.00
10.01.2021;1:51:41;2.51;45.54;9.70;752.71;0.00;0.00;0.00
10.01.2021;1:52:41;2.53;45.57;9.69;752.71;0.00;0.00;0.00
10.01.2021;1:53:41;2.51;45.52;9.68;752.71;0.00;0.00;0.00
10.01.2021;1:54:41;2.54;45.56;9.66;752.73;0.00;0.00;0.00
10.01.2021;1:55:42;2.60;45.60;9.67;752.72;0.00;0.00;0.00
10.01.2021;1:56:42;2.51;45.65;9.67;752.74;0.00;0.00;0.00
10.01.2021;1:57:42;2.56;45.73;9.64;752.75;0.00;0.00;0.00
10.01.2021;1:58:42;2.54;45.77;9.63;752.75;0.00;0.00;0.00
10.01.2021;1:59:42;2.54;45.69;9.62;752.77;0.00;0.00;0.00
10.01.2021;2:00:42;2.53;45.76;9.62;752.77;0.00;0.00;0.00
10.01.2021;2:01:42;2.51;45.83;9.62;752.78;0.00;0.00;0.00
10.01.2021;2:02:42;2.58;45.78;9.62;752.79;0.00;0.00;0.00
10.01.2021;2:03:42;2.51;45.77;9.61;752.79;0.00;0.00;0.00
10.01.2021;2:04:42;2.54;45.78;9.62;752.80;0.00;0.00;0.00
10.01.2021;2:05:42;2.54;45.79;9.63;752.82;0.00;0.00;0.00
10.01.2021;2:06:42;2.58;45.74;9.61;752.83;0.00;0.00;0.00
10.01.2021;2:07:42;2.50;45.74;9.61;752.83;0.00;0.00;0.00
10.01.2021;2:08:42;2.53;45.73;9.60;752.84;0.00;0.00;0.00
10.01.2021;2:09:42;2.56;45.65;9.60;752.85;0.00;0.00;0.00
10.01.2021;2:10:42;2.51;45.69;9.58;752.83;0.00;0.00;0.00
10.01.2021;2:11:42;2.51;45.74;9.59;752.83;0.00;0.00;0.00
10.01.2021;2:12:42;2.54;45.73;9.58;752.82;0.00;0.00;0.00
10.01.2021;2:13:42;2.51;45.79;9.56;752.81;0.00;0.00;0.00
10.01.2021;2:14:42;2.53;45.79;9.54;752.83;0.00;0.00;0.00
10.01.2021;2:15:42;2.54;45.79;9.53;752.83;0.00;0.00;0.00
10.01.2021;2:16:42;2.54;46.00;9.53;752.84;0.00;0.00;0.00
10.01.2021;2:17:42;2.51;45.88;9.53;752.85;0.00;0.00;0.00
10.01.2021;2:18:42;2.53;45.87;9.52;752.85;0.00;0.00;0.00
10.01.2021;2:19:42;2.51;45.88;9.50;752.83;0.00;0.00;0.00
10.01.2021;2:20:42;2.57;45.92;9.53;752.84;0.00;0.00;0.00
10.01.2021;2:21:42;2.53;45.99;9.51;752.83;0.00;0.00;0.00
10.01.2021;2:22:42;2.51;45.89;9.51;752.83;0.00;0.00;0.00
10.01.2021;2:23:42;2.54;45.81;9.51;752.82;0.00;0.00;0.00
10.01.2021;2:24:42;2.53;45.88;9.50;752.82;0.00;0.00;0.00
10.01.2021;2:25:42;2.53;46.01;9.51;752.83;0.00;0.00;0.00
10.01.2021;2:26:42;2.53;45.99;9.49;752.84;0.00;0.00;0.00
10.01.2021;2:27:42;2.51;46.15;9.47;752.83;0.00;0.00;0.00
10.01.2021;2:28:42;2.51;46.12;9.48;752.83;0.00;0.00;0.00
10.01.2021;2:29:42;2.51;46.11;9.47;752.83;0.00;0.00;0.00
10.01.2021;2:30:42;2.51;46.05;9.48;752.82;0.00;0.00;0.00
10.01.2021;2:31:43;2.51;46.06;9.48;752.83;0.00;0.00;0.00
10.01.2021;2:32:43;2.51;46.03;9.50;752.83;0.00;0.00;0.00
10.01.2021;2:33:43;2.50;46.08;9.50;752.84;0.00;0.00;0.00
10.01.2021;2:34:43;2.54;46.18;9.49;752.83;0.00;0.00;0.00
10.01.2021;2:35:43;2.51;46.15;9.48;752.83;0.00;0.00;0.00
10.01.2021;2:36:43;2.51;46.06;9.49;752.83;0.00;0.00;0.00
10.01.2021;2:37:43;2.53;46.10;9.49;752.82;0.00;0.00;0.00
10.01.2021;2:38:43;2.54;46.09;9.49;752.82;0.00;0.00;0.00
10.01.2021;2:39:43;2.51;46.04;9.50;752.83;0.00;0.00;0.00
10.01.2021;2:40:43;2.56;46.00;9.51;752.84;0.00;0.00;0.00
10.01.2021;2:41:43;2.50;46.00;9.52;752.85;0.00;0.00;0.00
10.01.2021;2:42:43;2.50;46.06;9.52;752.85;0.00;0.00;0.00
10.01.2021;2:43:43;2.51;46.12;9.52;752.85;0.00;0.00;0.00
10.01.2021;2:44:43;2.51;46.15;9.52;752.87;0.00;0.00;0.00
10.01.2021;2:45:43;2.51;46.15;9.55;752.88;0.00;0.00;0.00
10.01.2021;2:46:43;2.53;46.24;9.57;752.88;0.00;0.00;0.00
10.01.2021;2:47:43;2.50;46.08;9.57;752.89;0.00;0.00;0.00
10.01.2021;2:48:43;2.53;46.06;9.55;752.90;0.00;0.00;0.00
10.01.2021;2:49:43;2.50;46.10;9.56;752.90;0.00;0.00;0.00
10.01.2021;2:50:43;2.51;46.05;9.59;752.90;0.00;0.00;0.00
10.01.2021;2:51:43;2.54;45.91;9.59;752.89;0.00;0.00;0.00
10.01.2021;2:52:43;2.53;46.01;9.56;752.87;0.00;0.00;0.00
10.01.2021;2:53:43;2.50;46.07;9.56;752.87;0.00;0.00;0.00
10.01.2021;2:54:43;2.51;46.01;9.59;752.87;0.00;0.00;0.00
10.01.2021;2:55:43;2.50;46.03;9.59;752.88;0.00;0.00;0.00
10.01.2021;2:56:43;2.50;45.97;9.60;752.89;0.00;0.00;0.00
10.01.2021;2:57:43;2.54;46.00;9.58;752.88;0.00;0.00;0.00
10.01.2021;2:58:43;2.50;46.15;9.59;752.89;0.00;0.00;0.00
10.01.2021;2:59:43;2.51;46.14;9.60;752.89;0.00;0.00;0.00
10.01.2021;3:00:43;2.50;46.10;9.59;752.89;0.00;0.00;0.00
10.01.2021;3:01:43;2.50;46.02;9.61;752.90;0.00;0.00;0.00
10.01.2021;3:02:43;2.56;46.02;9.62;752.91;0.00;0.00;0.00
10.01.2021;3:03:43;2.50;46.23;9.63;752.90;0.00;0.00;0.00
10.01.2021;3:04:43;2.50;46.00;9.64;752.90;0.00;0.00;0.00
10.01.2021;3:05:43;2.53;45.91;9.63;752.90;0.00;0.00;0.00
10.01.2021;3:06:44;2.51;46.12;9.65;752.88;0.00;0.00;0.00
10.01.2021;3:07:44;2.50;46.11;9.69;752.87;0.00;0.00;0.00
10.01.2021;3:08:44;2.51;45.86;9.69;752.87;0.00;0.00;0.00
10.01.2021;3:09:44;2.50;45.86;9.66;752.87;0.00;0.00;0.00
10.01.2021;3:10:44;2.50;45.99;9.66;752.88;0.00;0.00;0.00
10.01.2021;3:11:44;2.53;45.91;9.65;752.88;0.00;0.00;0.00
10.01.2021;3:12:44;2.54;45.91;9.64;752.88;0.00;0.00;0.00
10.01.2021;3:13:44;2.54;45.94;9.65;752.89;0.00;0.00;0.00
10.01.2021;3:14:44;2.54;46.11;9.66;752.89;0.00;0.00;0.00
10.01.2021;3:15:44;2.50;45.97;9.67;752.88;0.00;0.00;0.00
10.01.2021;3:16:44;2.53;45.92;9.68;752.86;0.00;0.00;0.00
10.01.2021;3:17:44;2.53;46.02;9.69;752.85;0.00;0.00;0.00
10.01.2021;3:18:44;2.50;46.00;9.73;752.84;0.00;0.00;0.00
10.01.2021;3:19:44;2.54;45.84;9.71;752.85;0.00;0.00;0.00
10.01.2021;3:20:44;2.50;45.78;9.69;752.86;0.00;0.00;0.00
10.01.2021;3:21:44;2.50;45.87;9.67;752.86;0.00;0.00;0.00
10.01.2021;3:22:44;2.51;45.79;9.66;752.87;0.00;0.00;0.00
10.01.2021;3:23:44;2.51;45.85;9.63;752.86;0.00;0.00;0.00
10.01.2021;3:24:44;2.53;45.89;9.63;752.85;0.00;0.00;0.00
10.01.2021;3:25:44;2.50;45.95;9.62;752.86;0.00;0.00;0.00
10.01.2021;3:26:44;2.50;45.93;9.62;752.89;0.00;0.00;0.00
10.01.2021;3:27:44;2.50;45.89;9.64;752.89;0.00;0.00;0.00
10.01.2021;3:28:44;2.50;45.87;9.64;752.89;0.00;0.00;0.00
10.01.2021;3:29:44;2.50;45.84;9.64;752.89;0.00;0.00;0.00
10.01.2021;3:30:44;2.53;45.86;9.64;752.88;0.00;0.00;0.00
10.01.2021;3:31:44;2.50;45.94;9.62;752.87;0.00;0.00;0.00
10.01.2021;3:32:44;2.51;45.97;9.62;752.87;0.00;0.00;0.00
10.01.2021;3:33:44;2.53;46.05;9.62;752.86;0.00;0.00;0.00
10.01.2021;3:34:44;2.51;46.06;9.63;752.85;0.00;0.00;0.00
10.01.2021;3:35:44;2.50;46.03;9.64;752.84;0.00;0.00;0.00
10.01.2021;3:36:44;2.51;46.00;9.62;752.85;0.00;0.00;0.00
10.01.2021;3:37:44;2.50;45.97;9.60;752.84;0.00;0.00;0.00
10.01.2021;3:38:44;2.50;46.00;9.59;752.85;0.00;0.00;0.00
10.01.2021;3:39:44;2.51;46.06;9.58;752.84;0.00;0.00;0.00
10.01.2021;3:40:44;2.51;46.03;9.59;752.84;0.00;0.00;0.00
10.01.2021;3:41:44;2.50;45.90;9.59;752.85;0.00;0.00;0.00
10.01.2021;3:42:45;2.50;45.92;9.59;752.85;0.00;0.00;0.00
10.01.2021;3:43:45;2.50;45.98;9.58;752.86;0.00;0.00;0.00
10.01.2021;3:44:45;2.53;45.94;9.57;752.85;0.00;0.00;0.00
10.01.2021;3:45:45;2.50;46.07;9.55;752.85;0.00;0.00;0.00
10.01.2021;3:46:45;2.51;46.07;9.55;752.85;0.00;0.00;0.00
10.01.2021;3:47:45;2.53;46.07;9.56;752.86;0.00;0.00;0.00
10.01.2021;3:48:45;2.51;46.01;9.55;752.85;0.00;0.00;0.00
10.01.2021;3:49:45;2.50;46.00;9.56;752.86;0.00;0.00;0.00
10.01.2021;3:50:45;2.53;46.01;9.55;752.86;0.00;0.00;0.00
10.01.2021;3:51:45;2.51;46.08;9.54;752.85;0.00;0.00;0.00
10.01.2021;3:52:45;2.50;46.05;9.55;752.85;0.00;0.00;0.00
10.01.2021;3:53:45;2.54;46.09;9.53;752.84;0.00;0.00;0.00
10.01.2021;3:54:45;2.50;45.99;9.54;752.83;0.00;0.00;0.00
10.01.2021;3:55:45;2.53;45.99;9.53;752.84;0.00;0.00;0.00
10.01.2021;3:56:45;2.51;46.06;9.51;752.82;0.00;0.00;0.00
10.01.2021;3:57:45;2.51;46.10;9.52;752.84;0.00;0.00;0.00
10.01.2021;3:58:45;2.53;46.16;9.53;752.83;0.00;0.00;0.00
10.01.2021;3:59:45;2.50;46.19;9.52;752.83;0.00;0.00;0.00
10.01.2021;4:00:45;2.51;46.07;9.52;752.84;0.00;0.00;0.00
10.01.2021;4:01:45;2.53;46.20;9.50;752.84;0.00;0.00;0.00
10.01.2021;4:02:45;2.51;46.33;9.51;752.84;0.00;0.00;0.00
10.01.2021;4:03:45;2.54;46.24;9.53;752.85;0.00;0.00;0.00
10.01.2021;4:04:45;2.53;46.27;9.53;752.86;0.00;0.00;0.00
10.01.2021;4:05:45;2.51;46.24;9.52;752.86;0.00;0.00;0.00
10.01.2021;4:06:45;2.50;46.18;9.53;752.87;0.00;0.00;0.00
10.01.2021;4:07:45;2.50;46.12;9.55;752.89;0.00;0.00;0.00
10.01.2021;4:08:45;2.53;46.09;9.57;752.90;0.00;0.00;0.00
10.01.2021;4:09:45;2.56;46.07;9.57;752.90;0.00;0.00;0.00
10.01.2021;4:10:45;2.54;45.95;9.57;752.90;0.00;0.00;0.00
10.01.2021;4:11:45;2.53;45.96;9.57;752.90;0.00;0.00;0.00
10.01.2021;4:12:45;2.61;46.00;9.58;752.92;0.00;0.00;0.00
10.01.2021;4:13:45;2.58;46.09;9.61;752.93;0.00;0.00;0.00
10.01.2021;4:14:45;2.51;46.08;9.59;752.94;0.00;0.00;0.00
10.01.2021;4:15:45;2.57;46.05;9.57;752.94;0.00;0.00;0.00
10.01.2021;4:16:45;2.53;46.06;9.59;752.95;0.00;0.00;0.00
10.01.2021;4:17:46;2.54;46.20;9.58;752.95;0.00;0.00;0.00
10.01.2021;4:18:46;2.56;46.09;9.59;752.96;0.00;0.00;0.00
10.01.2021;4:19:46;2.60;46.08;9.58;752.96;0.00;0.00;0.00
10.01.2021;4:20:46;2.54;46.10;9.58;752.97;0.00;0.00;0.00
10.01.2021;4:21:46;2.54;46.18;9.60;752.99;0.00;0.00;0.00
10.01.2021;4:22:46;2.54;46.16;9.63;752.99;0.00;0.00;0.00
10.01.2021;4:23:46;2.61;45.99;9.63;753.00;0.00;0.00;0.00
10.01.2021;4:24:46;2.56;45.95;9.62;753.01;0.00;0.00;0.00
10.01.2021;4:25:46;2.56;46.04;9.61;753.01;0.00;0.00;0.00
10.01.2021;4:26:46;2.63;45.93;9.62;753.01;0.00;0.00;0.00
10.01.2021;4:27:46;2.54;46.12;9.61;753.00;0.00;0.00;0.00
10.01.2021;4:28:46;2.60;45.95;9.64;753.02;0.00;0.00;0.00
10.01.2021;4:29:46;2.57;45.93;9.64;753.02;0.00;0.00;0.00
10.01.2021;4:30:46;2.54;45.95;9.63;753.01;0.00;0.00;0.00
10.01.2021;4:31:46;2.60;45.99;9.63;753.02;0.00;0.00;0.00
10.01.2021;4:32:46;2.57;45.95;9.64;753.03;0.00;0.00;0.00
10.01.2021;4:33:46;2.53;45.88;9.65;753.05;0.00;0.00;0.00
10.01.2021;4:34:46;2.57;45.88;9.67;753.06;0.00;0.00;0.00
10.01.2021;4:35:46;2.56;45.78;9.67;753.06;0.00;0.00;0.00
10.01.2021;4:36:46;2.54;45.89;9.67;753.07;0.00;0.00;0.00
10.01.2021;4:37:46;2.61;45.85;9.66;753.09;0.00;0.00;0.00
10.01.2021;4:38:46;2.58;45.85;9.66;753.08;0.00;0.00;0.00
10.01.2021;4:39:46;2.57;45.90;9.65;753.09;0.00;0.00;0.00
10.01.2021;4:40:46;2.57;45.84;9.64;753.11;0.00;0.00;0.00
10.01.2021;4:41:46;2.54;46.02;9.64;753.12;0.00;0.00;0.00
10.01.2021;4:42:46;2.53;46.01;9.64;753.12;0.00;0.00;0.00
10.01.2021;4:43:46;2.54;45.90;9.65;753.12;0.00;0.00;0.00
10.01.2021;4:44:46;2.54;46.12;9.63;753.12;0.00;0.00;0.00
10.01.2021;4:45:46;2.58;46.06;9.64;753.14;0.00;0.00;0.00
10.01.2021;4:46:46;2.61;45.88;9.66;753.14;0.00;0.00;0.00
10.01.2021;4:47:46;2.56;45.87;9.67;753.15;0.00;0.00;0.00
10.01.2021;4:48:46;2.56;45.86;9.70;753.15;0.00;0.00;0.00
10.01.2021;4:49:46;2.53;45.81;9.71;753.16;0.00;0.00;0.00
10.01.2021;4:50:46;2.54;45.85;9.71;753.16;0.00;0.00;0.00
10.01.2021;4:51:46;2.54;45.80;9.73;753.16;0.00;0.00;0.00
10.01.2021;4:52:46;2.54;45.72;9.72;753.18;0.00;0.00;0.00
10.01.2021;4:53:47;2.54;45.68;9.71;753.19;0.00;0.00;0.00
10.01.2021;4:54:47;2.60;45.73;9.73;753.19;0.00;0.00;0.00
10.01.2021;4:55:47;2.60;45.68;9.74;753.18;0.00;0.00;0.00
10.01.2021;4:56:47;2.56;45.77;9.73;753.21;0.00;0.00;0.00
10.01.2021;4:57:47;2.56;45.71;9.73;753.21;0.00;0.00;0.00
10.01.2021;4:58:47;2.57;45.71;9.76;753.22;0.00;0.00;0.00
10.01.2021;4:59:47;2.56;45.84;9.77;753.22;0.00;0.00;0.00
10.01.2021;5:00:47;2.54;45.70;9.74;753.23;0.00;0.00;0.00
10.01.2021;5:01:47;2.56;45.57;9.70;753.24;0.00;0.00;0.00
10.01.2021;5:02:47;2.56;45.55;9.69;753.25;0.00;0.00;0.00
10.01.2021;5:03:47;2.54;45.56;9.68;753.27;0.00;0.00;0.00
10.01.2021;5:04:47;2.51;45.72;9.70;753.27;0.00;0.00;0.00
10.01.2021;5:05:47;2.53;45.71;9.71;753.29;0.00;0.00;0.00
10.01.2021;5:06:47;2.56;45.78;9.68;753.30;0.00;0.00;0.00
10.01.2021;5:07:47;2.61;45.66;9.66;753.32;0.00;0.00;0.00
10.01.2021;5:08:47;2.60;45.61;9.65;753.33;0.00;0.00;0.00
10.01.2021;5:09:47;2.60;45.68;9.65;753.32;0.00;0.00;0.00
10.01.2021;5:10:47;2.61;45.64;9.65;753.34;0.00;0.00;0.00
10.01.2021;5:11:47;2.58;45.69;9.63;753.35;0.00;0.00;0.00
10.01.2021;5:12:47;2.61;45.78;9.62;753.35;0.00;0.00;0.00
10.01.2021;5:13:47;2.57;45.78;9.61;753.36;0.00;0.00;0.00
10.01.2021;5:14:47;2.58;45.86;9.61;753.35;0.00;0.00;0.00
10.01.2021;5:15:47;2.63;45.88;9.60;753.35;0.00;0.00;0.00
10.01.2021;5:16:47;2.71;45.87;9.61;753.38;0.00;0.00;0.00
10.01.2021;5:17:47;2.87;45.99;9.58;753.38;0.00;0.00;0.00
10.01.2021;5:18:47;2.85;46.01;9.60;753.40;0.00;0.00;0.00
10.01.2021;5:19:47;3.01;45.91;9.61;753.41;0.00;0.00;0.00
10.01.2021;5:20:47;3.18;45.96;9.60;753.40;0.00;0.00;0.00
10.01.2021;5:21:47;3.28;46.01;9.61;753.40;0.00;0.00;0.00
10.01.2021;5:22:47;3.32;45.94;9.62;753.41;0.00;0.00;0.00
10.01.2021;5:23:47;3.33;46.02;9.62;753.41;0.00;0.00;0.00
10.01.2021;5:24:47;3.33;46.10;9.59;753.43;0.00;0.00;0.00
10.01.2021;5:25:47;3.35;46.11;9.57;753.42;0.00;0.00;0.00
10.01.2021;5:26:47;3.33;45.93;9.58;753.43;0.00;0.00;0.00
10.01.2021;5:27:47;3.33;45.86;9.60;753.44;0.00;0.00;0.00
10.01.2021;5:28:48;3.33;45.87;9.59;753.46;0.00;0.00;0.00
10.01.2021;5:29:48;3.33;45.90;9.61;753.47;0.00;0.00;0.00
10.01.2021;5:30:48;3.33;45.93;9.61;753.46;0.00;0.00;0.00
10.01.2021;5:31:48;3.33;45.92;9.59;753.44;0.00;0.00;0.00
10.01.2021;5:32:48;3.33;45.91;9.60;753.44;0.00;0.00;0.00
10.01.2021;5:33:48;3.35;45.95;9.58;753.44;0.00;0.00;0.00
10.01.2021;5:34:48;4.04;46.11;9.60;753.45;0.00;0.00;0.00
10.01.2021;5:35:48;4.17;46.01;9.62;753.44;0.00;0.00;0.00
10.01.2021;5:36:48;4.18;46.09;9.60;753.44;0.00;0.00;0.00
10.01.2021;5:37:48;4.62;46.00;9.60;753.46;0.00;0.00;0.00
10.01.2021;5:38:48;5.00;46.02;9.61;753.46;0.00;0.00;0.00
10.01.2021;5:39:48;5.28;46.08;9.62;753.46;0.00;0.00;0.00
10.01.2021;5:40:48;5.83;46.06;9.59;753.46;0.00;0.00;0.00
10.01.2021;5:41:48;5.92;46.00;9.60;753.47;0.00;0.00;0.00
10.01.2021;5:42:48;6.67;46.07;9.61;753.48;0.00;0.00;0.00
10.01.2021;5:43:48;7.36;45.99;9.59;753.47;0.00;0.00;0.00
10.01.2021;5:44:48;8.18;46.08;9.59;753.49;0.00;0.00;0.00
10.01.2021;5:45:48;9.17;46.18;9.61;753.49;0.00;0.00;0.00
10.01.2021;5:46:48;9.17;46.01;9.62;753.51;0.00;0.00;0.00
10.01.2021;5:47:48;9.32;46.06;9.63;753.52;0.00;0.00;0.00
10.01.2021;5:48:48;10.36;45.94;9.62;753.53;0.00;0.00;0.00
10.01.2021;5:49:48;11.65;45.94;9.60;753.55;0.00;0.00;0.00
10.01.2021;5:50:48;12.64;45.91;9.60;753.56;0.00;0.00;0.00
10.01.2021;5:51:48;13.33;45.99;9.59;753.57;0.00;0.00;0.00
10.01.2021;5:52:48;13.84;46.18;9.59;753.59;0.00;0.00;0.00
10.01.2021;5:53:48;13.56;46.11;9.59;753.59;0.00;0.00;0.00
10.01.2021;5:54:48;16.17;46.12;9.58;753.58;0.00;0.00;0.00
10.01.2021;5:55:48;18.23;46.11;9.58;753.58;0.00;0.00;0.00
10.01.2021;5:56:48;20.47;46.08;9.61;753.58;0.01;0.00;0.00
10.01.2021;5:57:48;25.51;46.08;9.61;753.59;0.03;0.00;0.00
10.01.2021;5:58:48;28.22;46.01;9.63;753.59;0.04;0.00;0.00
10.01.2021;5:59:48;29.58;45.97;9.64;753.57;0.04;0.00;0.00
10.01.2021;6:00:48;32.32;45.95;9.63;753.58;0.05;0.00;0.00
10.01.2021;6:01:48;36.03;45.91;9.65;753.58;0.06;0.00;0.00
10.01.2021;6:02:49;38.01;45.97;9.65;753.56;0.07;0.00;0.00
10.01.2021;6:03:49;39.82;45.88;9.66;753.57;0.07;0.00;0.00
10.01.2021;6:04:49;44.99;45.88;9.64;753.58;0.09;0.00;0.00
10.01.2021;6:05:49;47.97;45.90;9.63;753.59;0.10;0.00;0.00
10.01.2021;6:06:49;53.08;45.95;9.63;753.60;0.11;0.00;0.00
10.01.2021;6:07:49;56.54;46.08;9.62;753.61;0.13;0.00;0.00
10.01.2021;6:08:49;58.75;46.08;9.63;753.60;0.13;0.00;0.00
10.01.2021;6:09:49;64.87;46.03;9.63;753.61;0.14;0.00;0.00
10.01.2021;6:10:49;69.87;46.05;9.64;753.62;0.16;0.00;0.00
10.01.2021;6:11:49;72.10;45.95;9.64;753.64;0.18;0.00;0.00
10.01.2021;6:12:49;74.49;45.94;9.65;753.65;0.19;0.00;0.00
10.01.2021;6:13:49;82.85;45.96;9.65;753.66;0.21;0.00;0.00
10.01.2021;6:14:49;90.35;45.95;9.68;753.66;0.23;0.00;0.00
10.01.2021;6:15:49;94.31;45.92;9.67;753.68;0.25;0.00;0.00
10.01.2021;6:16:49;94.61;45.98;9.66;753.70;0.26;0.00;0.00
10.01.2021;6:17:49;94.34;45.94;9.65;753.70;0.26;0.00;0.00
10.01.2021;6:18:49;100.47;46.02;9.65;753.72;0.28;0.00;0.00
10.01.2021;6:19:49;106.72;46.00;9.65;753.72;0.31;0.00;0.00
10.01.2021;6:20:49;106.17;45.98;9.67;753.73;0.31;0.00;0.00
10.01.2021;6:21:49;105.51;45.83;9.69;753.73;0.31;0.00;0.00
10.01.2021;6:22:49;101.42;45.98;9.68;753.74;0.30;0.00;0.00
10.01.2021;6:23:49;103.97;45.85;9.69;753.74;0.30;0.00;0.00
10.01.2021;6:24:49;119.61;45.86;9.70;753.75;0.36;0.00;0.00
10.01.2021;6:25:49;126.33;45.91;9.70;753.76;0.38;0.00;0.00
10.01.2021;6:26:49;129.04;45.87;9.72;753.76;0.41;0.00;0.00
10.01.2021;6:27:49;119.99;45.82;9.73;753.78;0.38;0.00;0.00
10.01.2021;6:28:49;114.05;45.84;9.71;753.78;0.35;0.00;0.00
10.01.2021;6:29:49;126.65;45.83;9.71;753.77;0.38;0.00;0.00
10.01.2021;6:30:49;131.25;45.99;9.71;753.77;0.41;0.00;0.00
10.01.2021;6:31:49;130.23;46.17;9.75;753.78;0.41;0.00;0.00
10.01.2021;6:32:49;145.79;45.85;9.81;753.79;0.46;0.08;0.04
10.01.2021;6:33:49;177.50;45.73;9.80;753.80;0.58;0.29;0.17
10.01.2021;6:34:50;184.96;45.68;9.80;753.80;0.63;0.38;0.24
10.01.2021;6:35:50;180.07;45.66;9.83;753.81;0.62;0.35;0.22
10.01.2021;6:36:50;182.27;45.55;9.83;753.82;0.63;0.38;0.24
10.01.2021;6:37:50;192.78;45.61;9.82;753.83;0.69;0.47;0.32
10.01.2021;6:38:50;176.00;45.62;9.82;753.84;0.65;0.39;0.25
10.01.2021;6:39:50;146.95;45.52;9.83;753.85;0.53;0.22;0.12
10.01.2021;6:40:50;150.93;45.61;9.83;753.86;0.54;0.22;0.12
10.01.2021;6:41:50;189.41;45.53;9.84;753.88;0.69;0.46;0.32
10.01.2021;6:42:50;216.10;45.59;9.84;753.90;0.81;0.65;0.53
10.01.2021;6:43:50;222.02;45.71;9.87;753.91;0.84;0.71;0.59
10.01.2021;6:44:50;225.81;45.77;9.97;753.91;0.86;0.74;0.63
10.01.2021;6:45:50;231.22;45.53;10.00;753.91;0.89;0.79;0.70
10.01.2021;6:46:50;232.58;45.47;10.02;753.93;0.90;0.80;0.71
10.01.2021;6:47:50;223.78;45.28;10.04;753.94;0.85;0.71;0.60
10.01.2021;6:48:50;268.52;45.28;10.05;753.97;0.99;0.94;0.93
10.01.2021;6:49:50;324.62;45.34;10.03;753.98;1.20;1.30;1.55
10.01.2021;6:50:50;345.36;45.46;10.06;753.98;1.28;1.42;1.81
10.01.2021;6:51:50;335.45;45.29;10.14;753.97;1.24;1.38;1.71
10.01.2021;6:52:50;324.33;45.10;10.17;753.98;1.18;1.29;1.52
10.01.2021;6:53:50;325.44;45.03;10.18;753.98;1.17;1.26;1.48
10.01.2021;6:54:50;299.26;44.99;10.19;753.99;1.08;1.12;1.21
10.01.2021;6:55:50;256.19;44.97;10.18;754.00;0.91;0.83;0.76
10.01.2021;6:56:50;219.56;44.96;10.15;754.00;0.78;0.61;0.48
10.01.2021;6:57:50;190.97;44.98;10.14;754.00;0.64;0.40;0.26
10.01.2021;6:58:50;207.12;45.00;10.13;754.02;0.68;0.45;0.31
10.01.2021;6:59:50;216.97;45.18;10.16;754.03;0.71;0.49;0.34
10.01.2021;7:00:50;216.71;45.11;10.15;754.05;0.70;0.48;0.34
10.01.2021;7:01:50;208.57;45.11;10.13;754.05;0.67;0.42;0.28
10.01.2021;7:02:50;234.90;45.11;10.12;754.06;0.75;0.56;0.42
10.01.2021;7:03:51;268.49;45.22;10.12;754.06;0.88;0.77;0.68
10.01.2021;7:04:51;262.22;45.04;10.16;754.07;0.86;0.74;0.63
10.01.2021;7:05:51;286.85;44.94;10.16;754.09;0.92;0.83;0.77
10.01.2021;7:06:51;300.85;45.00;10.18;754.11;0.97;0.92;0.90
10.01.2021;7:07:51;263.63;45.10;10.23;754.11;0.88;0.76;0.67
10.01.2021;7:08:51;213.32;45.09;10.28;754.10;0.69;0.47;0.32
10.01.2021;7:09:51;211.39;44.89;10.31;754.10;0.67;0.42;0.28
10.01.2021;7:10:51;231.96;44.90;10.30;754.08;0.74;0.53;0.39
10.01.2021;7:11:51;262.51;44.81;10.26;754.09;0.83;0.67;0.55
10.01.2021;7:12:51;292.74;44.72;10.22;754.11;0.93;0.84;0.78
10.01.2021;7:13:51;319.10;44.86;10.22;754.13;1.01;0.99;1.00
10.01.2021;7:14:51;333.51;44.97;10.23;754.12;1.07;1.10;1.17
10.01.2021;7:15:51;355.54;44.81;10.25;754.13;1.11;1.16;1.28
10.01.2021;7:16:51;402.69;44.72;10.25;754.14;1.25;1.39;1.74
10.01.2021;7:17:51;438.33;44.82;10.25;754.14;1.37;1.57;2.14
10.01.2021;7:18:51;471.94;44.83;10.25;754.15;1.47;1.76;2.58
10.01.2021;7:19:51;472.25;45.05;10.30;754.15;1.49;1.78;2.65
10.01.2021;7:20:51;448.37;44.68;10.35;754.15;1.42;1.66;2.36
10.01.2021;7:21:51;423.99;44.58;10.35;754.17;1.35;1.56;2.11
10.01.2021;7:22:51;374.19;44.68;10.36;754.17;1.22;1.33;1.61
10.01.2021;7:23:51;320.01;44.66;10.37;754.19;1.05;1.05;1.09
10.01.2021;7:24:51;279.86;44.57;10.36;754.18;0.91;0.83;0.75
10.01.2021;7:25:51;246.58;44.55;10.33;754.19;0.80;0.65;0.52
10.01.2021;7:26:51;222.96;44.62;10.28;754.22;0.72;0.50;0.36
10.01.2021;7:27:51;204.17;44.94;10.29;754.21;0.65;0.40;0.26
10.01.2021;7:28:51;182.90;44.71;10.30;754.24;0.58;0.29;0.17
10.01.2021;7:29:51;159.11;44.67;10.24;754.27;0.51;0.15;0.08
10.01.2021;7:30:51;137.82;44.82;10.18;754.28;0.42;0.02;0.01
10.01.2021;7:31:51;125.71;44.95;10.13;754.27;0.37;0.00;0.00
10.01.2021;7:32:52;125.03;45.04;10.11;754.27;0.37;0.00;0.00
10.01.2021;7:33:52;123.17;45.08;10.13;754.28;0.35;0.00;0.00
10.01.2021;7:34:52;129.25;45.12;10.14;754.28;0.37;0.00;0.00
10.01.2021;7:35:52;145.81;45.06;10.16;754.29;0.43;0.02;0.01
10.01.2021;7:36:52;169.03;45.05;10.13;754.28;0.50;0.16;0.08
10.01.2021;7:37:52;185.51;45.14;10.11;754.28;0.56;0.26;0.15
10.01.2021;7:38:52;209.87;45.12;10.09;754.27;0.64;0.38;0.24
10.01.2021;7:39:52;265.00;45.26;10.09;754.28;0.80;0.63;0.50
10.01.2021;7:40:52;384.63;45.38;10.17;754.28;1.14;1.21;1.37
10.01.2021;7:41:52;507.72;45.05;10.22;754.28;1.50;1.80;2.69
10.01.2021;7:42:52;592.22;45.04;10.22;754.30;1.77;2.17;3.83
10.01.2021;7:43:52;638.78;44.91;10.24;754.28;1.91;2.38;4.54
10.01.2021;7:44:52;664.05;44.82;10.27;754.29;1.99;2.55;5.09
10.01.2021;7:45:52;656.96;44.75;10.30;754.28;1.98;2.53;5.03
10.01.2021;7:46:52;643.60;44.75;10.34;754.26;1.94;2.47;4.80
10.01.2021;7:47:52;654.42;44.74;10.42;754.26;1.96;2.50;4.90
10.01.2021;7:48:52;679.72;44.60;10.47;754.26;2.02;2.61;5.27
10.01.2021;7:49:52;695.24;44.39;10.48;754.27;2.07;2.70;5.59
10.01.2021;7:50:52;699.57;44.39;10.49;754.26;2.09;2.72;5.68
10.01.2021;7:51:52;714.78;44.34;10.53;754.27;2.12;2.79;5.93
10.01.2021;7:52:52;729.17;44.25;10.56;754.27;2.17;2.87;6.22
10.01.2021;7:53:52;722.39;44.36;10.63;754.27;2.15;2.85;6.12
10.01.2021;7:54:52;704.44;44.33;10.74;754.27;2.12;2.78;5.88
10.01.2021;7:55:52;673.31;43.86;10.71;754.29;2.03;2.63;5.35
10.01.2021;7:56:52;655.85;43.79;10.64;754.28;1.97;2.51;4.94
10.01.2021;7:57:52;680.97;44.04;10.61;754.27;2.02;2.59;5.22
10.01.2021;7:58:52;687.33;44.15;10.64;754.29;2.05;2.66;5.45
10.01.2021;7:59:52;679.59;44.13;10.70;754.29;2.03;2.62;5.31
10.01.2021;8:00:53;682.62;43.94;10.71;754.29;2.03;2.63;5.35
10.01.2021;8:01:53;652.27;43.90;10.72;754.29;1.96;2.49;4.89
10.01.2021;8:02:53;656.18;43.86;10.73;754.31;1.94;2.47;4.80
10.01.2021;8:03:53;687.83;43.71;10.76;754.31;2.03;2.61;5.29
10.01.2021;8:04:53;705.83;43.70;10.77;754.31;2.06;2.67;5.50
10.01.2021;8:05:53;755.06;43.84;10.82;754.31;2.18;2.89;6.30
10.01.2021;8:06:53;788.97;43.80;10.89;754.31;2.26;3.03;6.84
10.01.2021;8:07:53;834.47;43.62;10.95;754.31;2.36;3.20;7.55
10.01.2021;8:08:53;877.14;43.53;11.01;754.32;2.46;3.36;8.28
10.01.2021;8:09:53;921.88;43.53;11.07;754.33;2.57;3.52;9.05
10.01.2021;8:10:53;932.03;43.31;11.14;754.35;2.60;3.60;9.36
10.01.2021;8:11:53;933.71;43.19;11.18;754.35;2.61;3.61;9.44
10.01.2021;8:12:53;931.43;43.22;11.24;754.36;2.61;3.62;9.44
10.01.2021;8:13:53;941.54;43.04;11.31;754.36;2.63;3.65;9.60
10.01.2021;8:14:53;975.48;42.88;11.32;754.34;2.69;3.74;10.05
10.01.2021;8:15:53;1006.83;42.79;11.34;754.34;2.76;3.84;10.57
10.01.2021;8:16:53;1023.56;42.73;11.36;754.34;2.79;3.89;10.88
10.01.2021;8:17:53;1030.78;42.70;11.42;754.34;2.82;3.94;11.10
10.01.2021;8:18:53;1030.86;42.52;11.42;754.34;2.82;3.94;11.11
10.01.2021;8:19:53;1028.03;42.36;11.36;754.33;2.81;3.91;10.96
10.01.2021;8:20:53;1023.86;42.40;11.34;754.33;2.79;3.89;10.85
10.01.2021;8:21:53;1027.63;42.33;11.35;754.34;2.79;3.90;10.89
10.01.2021;8:22:53;1024.75;42.63;11.41;754.35;2.77;3.87;10.74
10.01.2021;8:23:53;1001.50;42.49;11.49;754.36;2.73;3.80;10.36
10.01.2021;8:24:53;973.93;42.45;11.56;754.36;2.68;3.72;9.98
10.01.2021;8:25:53;950.89;42.24;11.56;754.36;2.63;3.63;9.56
10.01.2021;8:26:54;937.97;42.29;11.58;754.37;2.61;3.61;9.43
10.01.2021;8:27:54;929.94;42.15;11.58;754.37;2.58;3.56;9.20
10.01.2021;8:28:54;945.03;42.25;11.62;754.38;2.62;3.61;9.46
10.01.2021;8:29:54;939.25;42.08;11.63;754.38;2.62;3.61;9.45
10.01.2021;8:30:54;904.29;42.10;11.63;754.38;2.53;3.47;8.79
10.01.2021;8:31:54;906.51;42.16;11.65;754.38;2.53;3.48;8.80
10.01.2021;8:32:54;928.40;41.98;11.64;754.38;2.59;3.58;9.28
10.01.2021;8:33:54;872.70;41.87;11.57;754.39;2.47;3.38;8.35
10.01.2021;8:34:54;866.76;41.98;11.56;754.39;2.43;3.32;8.07
10.01.2021;8:35:54;887.42;41.90;11.51;754.41;2.47;3.38;8.37
10.01.2021;8:36:54;872.94;42.10;11.53;754.40;2.45;3.34;8.19
10.01.2021;8:37:54;874.97;42.15;11.56;754.39;2.45;3.33;8.16
10.01.2021;8:38:54;890.68;42.14;11.57;754.40;2.49;3.40;8.45
10.01.2021;8:39:54;896.35;42.04;11.54;754.40;2.50;3.42;8.56
10.01.2021;8:40:54;869.43;42.10;11.50;754.41;2.46;3.35;8.22
10.01.2021;8:41:54;820.42;42.16;11.54;754.41;2.36;3.18;7.49
10.01.2021;8:42:54;724.17;42.09;11.55;754.41;2.14;2.82;6.04
10.01.2021;8:43:54;686.65;42.19;11.54;754.41;2.04;2.64;5.38
10.01.2021;8:44:54;693.25;42.11;11.49;754.41;2.07;2.70;5.58
10.01.2021;8:45:54;610.62;42.20;11.46;754.41;1.87;2.33;4.35
10.01.2021;8:46:54;545.42;42.28;11.45;754.40;1.69;2.11;3.56
10.01.2021;8:47:54;515.99;42.22;11.39;754.41;1.60;1.97;3.15
10.01.2021;8:48:54;500.54;42.38;11.32;754.41;1.55;1.88;2.92
10.01.2021;8:49:54;553.44;42.51;11.30;754.41;1.64;2.01;3.31
10.01.2021;8:50:54;709.99;42.58;11.29;754.41;2.03;2.61;5.29
10.01.2021;8:51:54;793.26;42.61;11.33;754.39;2.24;2.99;6.70
10.01.2021;8:52:54;856.26;42.70;11.38;754.39;2.43;3.30;8.00
10.01.2021;8:53:54;773.81;42.56;11.42;754.39;2.29;3.07;7.02
10.01.2021;8:54:55;649.64;42.55;11.44;754.39;1.97;2.50;4.92
10.01.2021;8:55:55;611.82;42.52;11.44;754.38;1.85;2.27;4.21
10.01.2021;8:56:55;551.58;42.51;11.41;754.38;1.69;2.10;3.54
10.01.2021;8:57:55;510.92;42.53;11.35;754.38;1.55;1.90;2.95
10.01.2021;8:58:55;494.04;42.71;11.35;754.37;1.50;1.81;2.72
10.01.2021;8:59:55;429.74;42.71;11.35;754.38;1.34;1.53;2.05
10.01.2021;9:00:55;428.80;42.69;11.36;754.37;1.30;1.47;1.91
10.01.2021;9:01:55;485.58;42.76;11.36;754.38;1.44;1.71;2.47
10.01.2021;9:02:55;563.83;42.66;11.32;754.37;1.67;2.07;3.45
10.01.2021;9:03:55;682.08;42.64;11.24;754.36;1.98;2.53;5.01
10.01.2021;9:04:55;640.38;42.74;11.20;754.38;1.95;2.47;4.81
10.01.2021;9:05:55;466.00;42.84;11.18;754.36;1.49;1.79;2.67
10.01.2021;9:06:55;370.07;42.87;11.14;754.35;1.17;1.26;1.46
10.01.2021;9:07:55;351.61;42.96;11.11;754.36;1.08;1.10;1.19
10.01.2021;9:08:55;399.13;43.09;11.09;754.36;1.20;1.31;1.57
10.01.2021;9:09:55;457.23;43.05;11.07;754.36;1.35;1.56;2.11
10.01.2021;9:10:55;551.58;43.03;11.07;754.35;1.61;1.98;3.20
10.01.2021;9:11:55;663.04;43.22;11.09;754.36;1.90;2.39;4.54
10.01.2021;9:12:55;708.50;43.14;11.14;754.35;2.02;2.62;5.29
10.01.2021;9:13:55;810.46;43.11;11.20;754.35;2.28;3.05;6.95
10.01.2021;9:14:55;849.35;42.89;11.24;754.34;2.40;3.25;7.79
10.01.2021;9:15:55;868.97;42.90;11.27;754.32;2.43;3.31;8.06
10.01.2021;9:16:55;913.33;42.74;11.28;754.32;2.52;3.46;8.73
10.01.2021;9:17:55;978.35;42.79;11.28;754.31;2.64;3.64;9.60
10.01.2021;9:18:55;1017.61;42.69;11.27;754.30;2.76;3.84;10.61
10.01.2021;9:19:55;950.81;42.68;11.30;754.30;2.64;3.65;9.64
10.01.2021;9:20:55;851.19;42.80;11.36;754.29;2.42;3.29;7.97
10.01.2021;9:21:56;781.97;42.57;11.37;754.28;2.25;3.01;6.78
10.01.2021;9:22:56;798.22;42.47;11.31;754.27;2.27;3.04;6.88
10.01.2021;9:23:56;800.85;42.63;11.34;754.28;2.30;3.09;7.11
10.01.2021;9:24:56;736.45;42.73;11.39;754.28;2.16;2.86;6.17
10.01.2021;9:25:56;694.17;42.48;11.40;754.28;2.06;2.67;5.50
10.01.2021;9:26:56;622.88;42.39;11.34;754.29;1.87;2.32;4.36
10.01.2021;9:27:56;572.03;42.49;11.33;754.29;1.72;2.12;3.66
10.01.2021;9:28:56;536.06;42.73;11.36;754.28;1.61;1.99;3.20
10.01.2021;9:29:56;618.28;42.56;11.36;754.29;1.82;2.26;4.11
10.01.2021;9:30:56;669.93;42.44;11.34;754.28;1.94;2.45;4.76
10.01.2021;9:31:56;720.56;42.44;11.28;754.28;2.05;2.66;5.45
10.01.2021;9:32:56;757.94;42.44;11.25;754.30;2.14;2.83;6.05
10.01.2021;9:33:56;754.81;42.60;11.24;754.29;2.17;2.89;6.29
10.01.2021;9:34:56;738.23;42.61;11.27;754.30;2.15;2.84;6.11
10.01.2021;9:35:56;774.13;42.52;11.22;754.30;2.22;2.97;6.61
10.01.2021;9:36:56;851.14;42.57;11.20;754.29;2.38;3.22;7.65
10.01.2021;9:37:56;857.67;42.57;11.22;754.29;2.42;3.28;7.92
10.01.2021;9:38:56;796.07;42.51;11.19;754.30;2.29;3.07;7.02
10.01.2021;9:39:56;788.09;42.65;11.20;754.30;2.25;3.00;6.75
10.01.2021;9:40:56;745.82;42.68;11.24;754.30;2.13;2.81;5.97
10.01.2021;9:41:56;739.41;42.68;11.29;754.29;2.11;2.79;5.89
10.01.2021;9:42:56;764.71;42.67;11.28;754.30;2.17;2.88;6.23
10.01.2021;9:43:56;829.34;42.68;11.30;754.29;2.29;3.08;7.06
10.01.2021;9:44:56;894.14;42.68;11.32;754.29;2.44;3.33;8.14
10.01.2021;9:45:56;976.71;42.58;11.36;754.28;2.61;3.61;9.43
10.01.2021;9:46:56;1041.84;42.50;11.37;754.28;2.76;3.85;10.63
10.01.2021;9:47:56;1026.32;42.50;11.36;754.28;2.75;3.83;10.53
10.01.2021;9:48:57;938.26;42.57;11.40;754.27;2.59;3.57;9.25
10.01.2021;9:49:57;832.68;42.42;11.39;754.28;2.38;3.22;7.66
10.01.2021;9:50:57;762.01;42.55;11.41;754.29;2.19;2.90;6.35
10.01.2021;9:51:57;729.99;42.44;11.41;754.29;2.11;2.77;5.83
10.01.2021;9:52:57;769.13;42.46;11.37;754.31;2.19;2.91;6.36
10.01.2021;9:53:57;872.88;42.55;11.40;754.31;2.41;3.27;7.87
10.01.2021;9:54:57;867.32;42.54;11.44;754.29;2.40;3.27;7.86
10.01.2021;9:55:57;889.15;42.31;11.41;754.29;2.43;3.31;8.05
10.01.2021;9:56:57;947.57;42.48;11.43;754.29;2.55;3.51;8.94
10.01.2021;9:57:57;981.26;42.44;11.52;754.29;2.62;3.62;9.49
10.01.2021;9:58:57;1063.53;42.16;11.52;754.29;2.77;3.86;10.69
10.01.2021;9:59:57;1133.35;42.12;11.54;754.29;2.92;4.12;12.04
10.01.2021;10:00:57;1124.66;42.10;11.56;754.28;2.92;4.13;12.07
10.01.2021;10:01:57;1057.33;42.25;11.60;754.27;2.82;3.94;11.11
10.01.2021;10:02:57;1024.04;42.18;11.66;754.26;2.74;3.80;10.40
10.01.2021;10:03:57;1067.92;42.03;11.69;754.25;2.79;3.91;10.91
10.01.2021;10:04:57;1135.97;41.91;11.71;754.23;2.93;4.14;12.11
10.01.2021;10:05:57;1085.55;41.91;11.75;754.22;2.87;4.04;11.62
10.01.2021;10:06:57;1054.72;41.94;11.77;754.22;2.80;3.91;10.95
10.01.2021;10:07:57;1208.99;41.81;11.82;754.20;3.02;4.29;12.98
10.01.2021;10:08:57;1377.57;41.75;11.87;754.20;3.28;4.71;15.43
10.01.2021;10:09:57;1365.89;41.51;11.93;754.19;3.27;4.71;15.39
10.01.2021;10:10:57;1340.73;41.40;11.95;754.19;3.24;4.64;15.03
10.01.2021;10:11:57;1345.93;41.47;11.99;754.20;3.25;4.68;15.23
10.01.2021;10:12:57;1316.22;41.19;11.94;754.22;3.23;4.64;15.01
10.01.2021;10:13:57;1274.35;41.21;11.90;754.23;3.17;4.53;14.34
10.01.2021;10:14:58;1238.49;41.41;11.95;754.24;3.11;4.43;13.78
10.01.2021;10:15:58;1232.09;41.32;12.02;754.24;3.09;4.40;13.61
10.01.2021;10:16:58;1199.92;41.19;12.03;754.22;3.05;4.35;13.29
10.01.2021;10:17:58;1141.47;41.17;12.05;754.22;2.97;4.20;12.46
10.01.2021;10:18:58;1052.63;41.22;12.05;754.21;2.83;3.96;11.19
10.01.2021;10:19:58;1018.83;41.19;12.05;754.21;2.73;3.80;10.37
10.01.2021;10:20:58;1135.38;41.09;12.01;754.19;2.88;4.05;11.66
10.01.2021;10:21:58;1265.39;41.13;11.98;754.20;3.11;4.43;13.76
10.01.2021;10:22:58;1285.95;41.27;12.01;754.19;3.18;4.55;14.44
10.01.2021;10:23:58;1281.17;41.13;12.04;754.20;3.17;4.53;14.38
10.01.2021;10:24:58;1238.14;41.02;12.08;754.19;3.10;4.43;13.74
10.01.2021;10:25:58;1191.26;41.05;12.09;754.19;3.00;4.26;12.80
10.01.2021;10:26:58;1211.21;41.07;12.10;754.20;3.02;4.29;12.96
10.01.2021;10:27:58;1229.69;41.01;12.12;754.20;3.04;4.32;13.13
10.01.2021;10:28:58;1196.08;40.91;12.11;754.19;3.00;4.25;12.74
10.01.2021;10:29:58;1119.39;40.94;12.12;754.20;2.88;4.07;11.74
10.01.2021;10:30:58;1070.86;41.10;12.17;754.20;2.80;3.92;10.98
10.01.2021;10:31:58;1008.25;41.06;12.22;754.21;2.69;3.73;10.05
10.01.2021;10:32:58;960.82;40.81;12.18;754.22;2.60;3.61;9.39
10.01.2021;10:33:58;891.97;40.78;12.10;754.22;2.45;3.35;8.21
10.01.2021;10:34:58;871.00;40.86;12.03;754.23;2.40;3.26;7.82
10.01.2021;10:35:58;845.86;40.95;11.93;754.22;2.37;3.21;7.60
10.01.2021;10:36:58;737.71;41.14;11.85;754.22;2.14;2.82;6.02
10.01.2021;10:37:58;682.67;41.37;11.82;754.23;1.99;2.55;5.09
10.01.2021;10:38:58;619.96;41.40;11.83;754.22;1.83;2.24;4.10
10.01.2021;10:39:59;606.19;41.46;11.81;754.23;1.76;2.16;3.80
10.01.2021;10:40:59;619.89;41.42;11.77;754.21;1.80;2.20;3.96
10.01.2021;10:41:59;616.79;41.56;11.70;754.19;1.79;2.19;3.92
10.01.2021;10:42:59;623.42;41.60;11.64;754.22;1.80;2.20;3.95
10.01.2021;10:43:59;690.50;41.62;11.57;754.23;1.95;2.46;4.79
10.01.2021;10:44:59;787.01;41.98;11.61;754.23;2.18;2.89;6.32
10.01.2021;10:45:59;815.33;41.91;11.67;754.20;2.28;3.06;6.96
10.01.2021;10:46:59;907.25;41.82;11.69;754.20;2.43;3.32;8.07
10.01.2021;10:47:59;996.33;41.63;11.70;754.21;2.63;3.65;9.60
10.01.2021;10:48:59;999.58;41.63;11.67;754.24;2.66;3.70;9.83
10.01.2021;10:49:59;979.58;41.67;11.70;754.22;2.63;3.64;9.56
10.01.2021;10:50:59;966.64;41.71;11.71;754.21;2.60;3.59;9.33
10.01.2021;10:51:59;979.99;41.66;11.70;754.21;2.62;3.62;9.46
10.01.2021;10:52:59;1032.56;41.75;11.78;754.21;2.69;3.74;10.08
10.01.2021;10:53:59;1072.43;41.47;11.76;754.21;2.77;3.87;10.71
10.01.2021;10:54:59;1102.08;41.63;11.77;754.22;2.83;3.96;11.20
10.01.2021;10:55:59;1086.92;41.50;11.78;754.21;2.83;3.96;11.22
10.01.2021;10:56:59;1066.60;41.39;11.76;754.20;2.82;3.94;11.10
10.01.2021;10:57:59;1059.19;41.59;11.78;754.20;2.82;3.96;11.19
10.01.2021;10:58:59;1059.38;41.48;11.80;754.19;2.82;3.95;11.17
10.01.2021;10:59:59;1048.77;41.39;11.80;754.20;2.81;3.93;11.05
10.01.2021;11:00:59;1044.24;41.39;11.76;754.19;2.78;3.89;10.83
10.01.2021;11:01:59;1058.21;41.60;11.79;754.19;2.81;3.93;11.02
10.01.2021;11:02:59;1047.60;41.60;11.81;754.19;2.79;3.90;10.89
10.01.2021;11:03:59;1014.94;41.52;11.82;754.18;2.72;3.78;10.29
10.01.2021;11:04:59;1038.83;41.54;11.84;754.17;2.76;3.84;10.58
10.01.2021;11:06:00;1074.18;41.58;11.91;754.16;2.84;3.98;11.30
10.01.2021;11:07:00;1059.36;41.41;11.95;754.17;2.82;3.95;11.14
10.01.2021;11:08:00;1040.99;41.37;11.99;754.17;2.80;3.91;10.93
10.01.2021;11:09:00;1021.37;41.37;12.01;754.17;2.76;3.85;10.62
10.01.2021;11:10:00;1064.93;41.25;12.03;754.17;2.80;3.92;11.00
10.01.2021;11:11:00;1102.82;41.17;12.05;754.16;2.88;4.06;11.68
10.01.2021;11:12:00;1112.10;41.19;12.07;754.17;2.90;4.10;11.87
10.01.2021;11:13:00;1100.17;41.19;12.09;754.17;2.87;4.04;11.57
10.01.2021;11:14:00;1091.85;40.97;12.07;754.17;2.84;3.99;11.34
10.01.2021;11:15:00;1072.49;40.91;12.01;754.18;2.79;3.90;10.86
10.01.2021;11:16:00;1074.67;40.93;11.96;754.20;2.78;3.89;10.80
10.01.2021;11:17:00;1086.43;40.96;11.96;754.19;2.80;3.91;10.95
10.01.2021;11:18:00;1109.79;40.83;11.90;754.20;2.86;4.01;11.44
10.01.2021;11:19:00;1114.80;41.12;11.93;754.20;2.87;4.03;11.58
10.01.2021;11:20:00;1115.96;41.15;12.03;754.22;2.87;4.04;11.58
10.01.2021;11:21:00;1090.60;40.94;12.09;754.23;2.84;3.98;11.32
10.01.2021;11:22:00;1050.96;40.85;12.09;754.23;2.77;3.88;10.76
10.01.2021;11:23:00;1021.01;40.84;12.09;754.22;2.72;3.79;10.34
10.01.2021;11:24:00;1007.05;40.88;12.07;754.21;2.72;3.79;10.29
10.01.2021;11:25:00;953.75;40.92;12.09;754.21;2.62;3.62;9.47
10.01.2021;11:26:00;928.04;40.93;12.10;754.21;2.55;3.51;8.96
10.01.2021;11:27:00;918.69;40.93;12.11;754.22;2.56;3.53;9.02
10.01.2021;11:28:00;864.93;40.97;12.12;754.20;2.46;3.35;8.24
10.01.2021;11:29:00;818.33;40.83;12.07;754.21;2.37;3.21;7.62
10.01.2021;11:30:00;732.83;40.89;12.00;754.20;2.18;2.90;6.34
10.01.2021;11:31:01;680.63;40.85;11.91;754.21;2.02;2.60;5.25
10.01.2021;11:32:01;674.41;40.96;11.83;754.23;1.98;2.53;5.00
10.01.2021;11:33:01;683.64;41.19;11.84;754.23;1.98;2.52;4.97
10.01.2021;11:34:01;714.01;41.25;11.82;754.24;2.04;2.65;5.39
10.01.2021;11:35:01;791.79;41.32;11.84;754.25;2.22;2.97;6.60
10.01.2021;11:36:01;807.87;41.32;11.84;754.25;2.30;3.09;7.10
10.01.2021;11:37:01;784.82;41.33;11.82;754.24;2.25;3.01;6.77
10.01.2021;11:38:01;751.56;41.52;11.86;754.25;2.17;2.87;6.22
10.01.2021;11:39:01;710.37;41.43;11.86;754.26;2.06;2.67;5.50
10.01.2021;11:40:01;711.64;41.22;11.82;754.27;2.04;2.66;5.43
10.01.2021;11:41:01;731.88;41.33;11.78;754.26;2.10;2.76;5.80
10.01.2021;11:42:01;743.65;41.51;11.78;754.25;2.15;2.85;6.11
10.01.2021;11:43:01;790.08;41.47;11.82;754.26;2.24;3.00;6.73
10.01.2021;11:44:01;835.37;41.21;11.77;754.25;2.35;3.17;7.47
10.01.2021;11:45:01;880.08;41.31;11.73;754.23;2.45;3.35;8.22
10.01.2021;11:46:01;907.58;41.23;11.73;754.23;2.50;3.42;8.57
10.01.2021;11:47:01;903.04;41.45;11.75;754.23;2.49;3.40;8.49
10.01.2021;11:48:01;896.67;41.39;11.79;754.23;2.49;3.41;8.51
10.01.2021;11:49:01;895.24;41.16;11.75;754.23;2.48;3.39;8.40
10.01.2021;11:50:01;905.12;41.32;11.72;754.24;2.49;3.40;8.48
10.01.2021;11:51:01;932.26;41.35;11.76;754.25;2.53;3.47;8.78
10.01.2021;11:52:01;961.89;41.23;11.77;754.26;2.59;3.57;9.25
10.01.2021;11:53:01;966.68;41.33;11.80;754.27;2.60;3.60;9.36
10.01.2021;11:54:01;958.50;41.30;11.80;754.31;2.58;3.57;9.22
10.01.2021;11:55:01;919.89;41.39;11.85;754.32;2.51;3.43;8.61
10.01.2021;11:56:01;876.29;41.28;11.89;754.33;2.43;3.30;8.02
10.01.2021;11:57:01;836.78;41.21;11.87;754.33;2.34;3.16;7.39
10.01.2021;11:58:02;818.70;41.21;11.86;754.34;2.29;3.07;7.03
10.01.2021;11:59:02;806.87;41.14;11.81;754.34;2.26;3.01;6.80
10.01.2021;12:00:02;792.86;41.36;11.80;754.34;2.24;3.00;6.72
10.01.2021;12:01:02;776.48;41.25;11.79;754.36;2.20;2.92;6.42
10.01.2021;12:02:02;765.90;41.32;11.78;754.35;2.17;2.87;6.21
10.01.2021;12:03:02;762.12;41.15;11.74;754.36;2.14;2.81;6.00
10.01.2021;12:04:02;761.46;41.26;11.67;754.37;2.13;2.81;5.99
10.01.2021;12:05:02;750.19;41.25;11.64;754.36;2.13;2.80;5.95
10.01.2021;12:06:02;746.58;41.27;11.58;754.36;2.12;2.80;5.94
10.01.2021;12:07:02;761.60;41.49;11.60;754.35;2.16;2.85;6.15
10.01.2021;12:08:02;751.61;41.51;11.62;754.34;2.14;2.83;6.06
10.01.2021;12:09:02;733.85;41.58;11.66;754.34;2.10;2.75;5.76
10.01.2021;12:10:02;707.56;41.46;11.64;754.35;2.04;2.64;5.38
10.01.2021;12:11:02;642.32;41.47;11.62;754.36;1.88;2.34;4.41
10.01.2021;12:12:02;573.04;41.48;11.56;754.38;1.72;2.12;3.65
10.01.2021;12:13:02;523.70;41.64;11.51;754.41;1.58;1.94;3.06
10.01.2021;12:14:02;513.65;41.73;11.47;754.40;1.54;1.87;2.87
10.01.2021;12:15:02;495.62;41.69;11.41;754.40;1.49;1.79;2.67
10.01.2021;12:16:02;444.44;41.93;11.34;754.42;1.36;1.57;2.13
10.01.2021;12:17:02;404.35;42.10;11.33;754.43;1.23;1.36;1.68
10.01.2021;12:18:02;382.19;42.31;11.37;754.44;1.16;1.25;1.45
10.01.2021;12:19:02;385.08;42.31;11.39;754.45;1.16;1.23;1.43
10.01.2021;12:20:02;397.56;42.24;11.39;754.46;1.21;1.32;1.59
10.01.2021;12:21:02;385.28;42.27;11.38;754.47;1.19;1.29;1.54
10.01.2021;12:22:02;359.35;42.25;11.33;754.48;1.13;1.18;1.33
10.01.2021;12:23:02;318.63;42.33;11.27;754.48;1.01;0.98;0.99
10.01.2021;12:24:02;299.92;42.51;11.21;754.48;0.93;0.86;0.80
10.01.2021;12:25:02;292.46;42.59;11.18;754.48;0.91;0.81;0.74
10.01.2021;12:26:03;272.53;42.63;11.16;754.49;0.85;0.72;0.61
10.01.2021;12:27:03;259.10;42.71;11.17;754.48;0.81;0.64;0.52
10.01.2021;12:28:03;258.04;42.70;11.15;754.49;0.79;0.61;0.48
10.01.2021;12:29:03;259.51;42.66;11.11;754.49;0.80;0.63;0.50
10.01.2021;12:30:03;257.25;42.82;11.10;754.49;0.80;0.64;0.51
10.01.2021;12:31:03;239.56;42.80;11.06;754.49;0.75;0.56;0.42
10.01.2021;12:32:03;219.18;42.80;11.03;754.51;0.68;0.44;0.30
10.01.2021;12:33:03;202.06;43.00;11.02;754.52;0.63;0.37;0.23
10.01.2021;12:34:03;167.82;43.03;11.04;754.51;0.52;0.20;0.10
10.01.2021;12:35:03;146.24;42.99;11.04;754.52;0.44;0.04;0.02
10.01.2021;12:36:03;147.15;43.00;11.00;754.53;0.44;0.03;0.01
10.01.2021;12:37:03;157.06;43.09;10.98;754.56;0.47;0.10;0.05
10.01.2021;12:38:03;153.39;43.25;10.99;754.57;0.46;0.07;0.03
10.01.2021;12:39:03;133.49;43.30;11.03;754.57;0.40;0.00;0.00
10.01.2021;12:40:03;121.37;43.25;11.03;754.59;0.35;0.00;0.00
10.01.2021;12:41:03;110.46;43.14;11.00;754.59;0.31;0.00;0.00
10.01.2021;12:42:03;95.35;43.09;10.95;754.61;0.26;0.00;0.00
10.01.2021;12:43:03;84.19;43.25;10.89;754.60;0.22;0.00;0.00
10.01.2021;12:44:03;79.68;43.45;10.93;754.61;0.20;0.00;0.00
10.01.2021;12:45:03;80.46;43.27;10.92;754.61;0.20;0.00;0.00
10.01.2021;12:46:03;79.92;43.31;10.89;754.60;0.21;0.00;0.00
10.01.2021;12:47:03;75.67;43.35;10.87;754.61;0.19;0.00;0.00
10.01.2021;12:48:03;75.00;43.54;10.87;754.63;0.19;0.00;0.00
10.01.2021;12:49:03;82.60;43.48;10.88;754.65;0.21;0.00;0.00
10.01.2021;12:50:03;113.10;43.53;10.87;754.66;0.30;0.00;0.00
10.01.2021;12:51:03;147.08;43.42;10.83;754.67;0.43;0.02;0.01
10.01.2021;12:52:03;161.74;43.63;10.82;754.69;0.48;0.11;0.05
10.01.2021;12:53:03;177.51;43.50;10.81;754.70;0.53;0.19;0.10
10.01.2021;12:54:04;192.64;43.60;10.78;754.68;0.58;0.29;0.17
10.01.2021;12:55:04;189.14;43.73;10.81;754.69;0.59;0.31;0.18
10.01.2021;12:56:04;165.66;43.82;10.88;754.69;0.52;0.19;0.10
10.01.2021;12:57:04;140.92;43.57;10.87;754.70;0.44;0.03;0.01
10.01.2021;12:58:04;126.11;43.65;10.87;754.70;0.38;0.00;0.00
10.01.2021;12:59:04;120.03;43.65;10.86;754.70;0.36;0.00;0.00
10.01.2021;13:00:04;111.63;43.71;10.88;754.69;0.33;0.00;0.00
10.01.2021;13:01:04;105.83;43.75;10.89;754.70;0.31;0.00;0.00
10.01.2021;13:02:04;99.00;43.76;10.91;754.72;0.29;0.00;0.00
10.01.2021;13:03:04;90.67;43.58;10.90;754.73;0.26;0.00;0.00
10.01.2021;13:04:04;82.26;43.53;10.86;754.73;0.23;0.00;0.00
10.01.2021;13:05:04;75.26;43.73;10.83;754.73;0.20;0.00;0.00
10.01.2021;13:06:04;68.96;43.75;10.83;754.74;0.18;0.00;0.00
10.01.2021;13:07:04;63.16;43.75;10.83;754.75;0.15;0.00;0.00
10.01.2021;13:08:04;59.04;43.63;10.77;754.74;0.14;0.00;0.00
10.01.2021;13:09:04;58.96;43.84;10.74;754.76;0.14;0.00;0.00
10.01.2021;13:10:04;62.44;43.90;10.74;754.78;0.15;0.00;0.00
10.01.2021;13:11:04;64.61;43.87;10.74;754.78;0.15;0.00;0.00
10.01.2021;13:12:04;66.83;43.89;10.72;754.79;0.16;0.00;0.00
10.01.2021;13:13:04;67.77;43.88;10.70;754.80;0.17;0.00;0.00
10.01.2021;13:14:04;66.79;44.10;10.72;754.79;0.17;0.00;0.00
10.01.2021;13:15:04;64.43;43.96;10.74;754.80;0.16;0.00;0.00
10.01.2021;13:16:04;68.66;43.85;10.74;754.81;0.17;0.00;0.00
10.01.2021;13:17:04;84.42;43.82;10.73;754.83;0.22;0.00;0.00
10.01.2021;13:18:04;108.23;43.82;10.70;754.83;0.30;0.00;0.00
10.01.2021;13:19:04;127.57;43.92;10.71;754.83;0.37;0.00;0.00
10.01.2021;13:20:04;139.76;43.86;10.72;754.82;0.42;0.01;0.00
10.01.2021;13:21:04;152.88;43.87;10.74;754.81;0.47;0.10;0.05
10.01.2021;13:22:04;148.40;43.81;10.76;754.80;0.46;0.08;0.04
10.01.2021;13:23:04;125.76;43.75;10.71;754.82;0.39;0.00;0.00
10.01.2021;13:24:05;113.70;43.94;10.69;754.83;0.34;0.00;0.00
10.01.2021;13:25:05;112.01;43.96;10.72;754.84;0.33;0.00;0.00
10.01.2021;13:26:05;114.77;43.80;10.71;754.84;0.34;0.00;0.00
10.01.2021;13:27:05;108.35;44.09;10.72;754.84;0.32;0.00;0.00
10.01.2021;13:28:05;97.18;44.04;10.72;754.84;0.28;0.00;0.00
10.01.2021;13:29:05;86.53;43.97;10.76;754.84;0.25;0.00;0.00
10.01.2021;13:30:05;78.18;43.76;10.72;754.86;0.21;0.00;0.00
10.01.2021;13:31:05;77.35;43.85;10.68;754.87;0.21;0.00;0.00
10.01.2021;13:32:05;73.04;43.96;10.66;754.86;0.20;0.00;0.00
10.01.2021;13:33:05;64.46;43.95;10.64;754.85;0.17;0.00;0.00
10.01.2021;13:34:05;58.13;44.02;10.62;754.86;0.14;0.00;0.00
10.01.2021;13:35:05;58.21;44.09;10.63;754.85;0.14;0.00;0.00
10.01.2021;13:36:05;62.74;44.04;10.64;754.85;0.15;0.00;0.00
10.01.2021;13:37:05;66.96;44.01;10.61;754.85;0.17;0.00;0.00
10.01.2021;13:38:05;63.97;44.13;10.60;754.85;0.16;0.00;0.00
10.01.2021;13:39:05;60.08;44.17;10.61;754.86;0.15;0.00;0.00
10.01.2021;13:40:05;51.72;44.14;10.63;754.87;0.12;0.00;0.00
10.01.2021;13:41:05;45.01;44.19;10.59;754.89;0.09;0.00;0.00
10.01.2021;13:42:05;44.96;44.17;10.56;754.90;0.09;0.00;0.00
10.01.2021;13:43:05;46.09;44.19;10.52;754.91;0.10;0.00;0.00
10.01.2021;13:44:05;40.42;44.39;10.52;754.92;0.08;0.00;0.00
10.01.2021;13:45:05;34.24;44.44;10.55;754.93;0.06;0.00;0.00
10.01.2021;13:46:05;32.54;44.27;10.55;754.93;0.05;0.00;0.00
10.01.2021;13:47:05;34.25;44.38;10.55;754.93;0.06;0.00;0.00
10.01.2021;13:48:05;33.71;44.34;10.54;754.93;0.06;0.00;0.00
10.01.2021;13:49:05;31.94;44.30;10.53;754.93;0.05;0.00;0.00
10.01.2021;13:50:05;31.68;44.34;10.54;754.92;0.05;0.00;0.00
10.01.2021;13:51:05;30.56;44.31;10.53;754.93;0.05;0.00;0.00
10.01.2021;13:52:05;28.87;44.33;10.51;754.93;0.04;0.00;0.00
10.01.2021;13:53:05;26.89;44.45;10.50;754.94;0.03;0.00;0.00
10.01.2021;13:54:06;26.67;44.45;10.52;754.95;0.03;0.00;0.00
10.01.2021;13:55:06;27.75;44.39;10.51;754.95;0.03;0.00;0.00
10.01.2021;13:56:06;30.64;44.37;10.50;754.95;0.04;0.00;0.00
10.01.2021;13:57:06;33.23;44.41;10.48;754.97;0.05;0.00;0.00
10.01.2021;13:58:06;32.58;44.36;10.50;754.96;0.05;0.00;0.00
10.01.2021;13:59:06;32.49;44.40;10.49;754.94;0.05;0.00;0.00
10.01.2021;14:00:06;31.68;44.37;10.46;754.96;0.05;0.00;0.00
10.01.2021;14:01:06;33.56;44.38;10.42;754.97;0.05;0.00;0.00
10.01.2021;14:02:06;36.67;44.46;10.47;754.97;0.06;0.00;0.00
10.01.2021;14:03:06;40.88;44.39;10.45;754.95;0.07;0.00;0.00
10.01.2021;14:04:06;48.22;44.30;10.47;754.95;0.10;0.00;0.00
10.01.2021;14:05:06;51.67;44.24;10.45;754.95;0.12;0.00;0.00
10.01.2021;14:06:06;49.19;44.28;10.43;754.95;0.11;0.00;0.00
10.01.2021;14:07:06;39.93;44.23;10.40;754.96;0.08;0.00;0.00
10.01.2021;14:08:06;30.52;44.21;10.36;754.97;0.04;0.00;0.00
10.01.2021;14:09:06;25.90;44.19;10.34;754.97;0.03;0.00;0.00
10.01.2021;14:10:06;22.38;44.22;10.33;754.98;0.01;0.00;0.00
10.01.2021;14:11:06;20.20;44.38;10.33;754.99;0.01;0.00;0.00
10.01.2021;14:12:06;18.79;44.35;10.31;755.00;0.00;0.00;0.00
10.01.2021;14:13:06;17.32;44.34;10.31;755.01;0.00;0.00;0.00
10.01.2021;14:14:06;15.68;44.41;10.32;755.01;0.00;0.00;0.00
10.01.2021;14:15:06;14.67;44.44;10.32;755.01;0.00;0.00;0.00
10.01.2021;14:16:06;13.68;44.33;10.31;755.01;0.00;0.00;0.00
10.01.2021;14:17:06;13.33;44.36;10.31;755.02;0.00;0.00;0.00
10.01.2021;14:18:06;12.99;44.43;10.31;755.03;0.00;0.00;0.00
10.01.2021;14:19:06;12.50;44.46;10.31;755.02;0.00;0.00;0.00
10.01.2021;14:20:06;12.50;44.58;10.30;755.04;0.00;0.00;0.00
10.01.2021;14:21:06;11.75;44.53;10.30;755.04;0.00;0.00;0.00
10.01.2021;14:22:06;11.23;44.56;10.29;755.03;0.00;0.00;0.00
10.01.2021;14:23:06;10.53;44.44;10.27;755.03;0.00;0.00;0.00
10.01.2021;14:24:06;10.00;44.45;10.27;755.03;0.00;0.00;0.00
10.01.2021;14:25:07;9.55;44.52;10.25;755.04;0.00;0.00;0.00
10.01.2021;14:26:07;9.18;44.38;10.25;755.06;0.00;0.00;0.00
10.01.2021;14:27:07;8.64;44.24;10.23;755.07;0.00;0.00;0.00
10.01.2021;14:28:07;8.33;44.10;10.23;755.08;0.00;0.00;0.00
10.01.2021;14:29:07;7.61;44.08;10.22;755.08;0.00;0.00;0.00
10.01.2021;14:30:07;7.33;44.13;10.22;755.09;0.00;0.00;0.00
10.01.2021;14:31:07;6.67;44.13;10.22;755.09;0.00;0.00;0.00
10.01.2021;14:32:07;6.68;44.20;10.24;755.09;0.00;0.00;0.00
10.01.2021;14:33:07;6.11;44.06;10.25;755.09;0.00;0.00;0.00
10.01.2021;14:34:07;5.83;44.04;10.23;755.10;0.00;0.00;0.00
10.01.2021;14:35:07;5.72;44.12;10.19;755.11;0.00;0.00;0.00
10.01.2021;14:36:07;5.00;44.16;10.17;755.12;0.00;0.00;0.00
10.01.2021;14:37:07;5.00;44.32;10.18;755.12;0.00;0.00;0.00
10.01.2021;14:38:07;5.00;44.16;10.16;755.11;0.00;0.00;0.00
10.01.2021;14:39:07;4.97;44.26;10.15;755.12;0.00;0.00;0.00
10.01.2021;14:40:07;4.28;44.16;10.14;755.11;0.00;0.00;0.00
10.01.2021;14:41:07;4.17;44.16;10.14;755.12;0.00;0.00;0.00
10.01.2021;14:42:07;4.17;44.30;10.15;755.11;0.00;0.00;0.00
10.01.2021;14:43:07;4.19;44.26;10.14;755.12;0.00;0.00;0.00
10.01.2021;14:44:07;4.17;44.21;10.14;755.12;0.00;0.00;0.00
10.01.2021;14:45:07;3.47;44.22;10.12;755.14;0.00;0.00;0.00
10.01.2021;14:46:07;3.35;44.30;10.12;755.13;0.00;0.00;0.00
10.01.2021;14:47:07;3.33;44.26;10.11;755.14;0.00;0.00;0.00
10.01.2021;14:48:07;3.33;44.16;10.09;755.14;0.00;0.00;0.00
10.01.2021;14:49:07;3.33;44.14;10.08;755.15;0.00;0.00;0.00
10.01.2021;14:50:07;3.33;44.11;10.08;755.16;0.00;0.00;0.00
10.01.2021;14:51:07;3.33;44.10;10.08;755.15;0.00;0.00;0.00
10.01.2021;14:52:07;3.33;44.20;10.07;755.16;0.00;0.00;0.00
10.01.2021;14:53:07;3.33;44.21;10.08;755.16;0.00;0.00;0.00
10.01.2021;14:54:07;3.35;44.37;10.10;755.17;0.00;0.00;0.00
10.01.2021;14:55:07;3.33;44.27;10.08;755.18;0.00;0.00;0.00
10.01.2021;14:56:07;3.33;44.38;10.09;755.18;0.00;0.00;0.00
10.01.2021;14:57:07;3.36;44.43;10.07;755.20;0.00;0.00;0.00
10.01.2021;14:58:08;3.33;44.34;10.05;755.21;0.00;0.00;0.00
10.01.2021;14:59:08;3.33;44.24;10.04;755.21;0.00;0.00;0.00
10.01.2021;15:00:08;3.35;44.32;10.06;755.23;0.00;0.00;0.00
10.01.2021;15:01:08;3.33;44.36;10.02;755.23;0.00;0.00;0.00
10.01.2021;15:02:08;3.33;44.44;10.00;755.24;0.00;0.00;0.00
10.01.2021;15:03:08;3.26;44.48;10.00;755.24;0.00;0.00;0.00
10.01.2021;15:04:08;3.16;44.68;10.02;755.24;0.00;0.00;0.00
10.01.2021;15:05:08;3.14;44.60;10.01;755.25;0.00;0.00;0.00
10.01.2021;15:06:08;3.10;44.50;10.01;755.26;0.00;0.00;0.00
10.01.2021;15:07:08;2.85;44.52;10.02;755.26;0.00;0.00;0.00
10.01.2021;15:08:08;2.85;44.69;10.01;755.27;0.00;0.00;0.00
10.01.2021;15:09:08;2.85;44.67;10.01;755.27;0.00;0.00;0.00
10.01.2021;15:10:08;2.74;44.58;10.00;755.26;0.00;0.00;0.00
10.01.2021;15:11:08;2.76;44.62;9.99;755.26;0.00;0.00;0.00
10.01.2021;15:12:08;2.61;44.56;10.00;755.27;0.00;0.00;0.00
10.01.2021;15:13:08;2.63;44.56;10.01;755.27;0.00;0.00;0.00
10.01.2021;15:14:08;2.64;44.57;9.99;755.27;0.00;0.00;0.00
10.01.2021;15:15:08;2.62;44.60;9.97;755.27;0.00;0.00;0.00
10.01.2021;15:16:08;2.61;44.79;9.98;755.27;0.00;0.00;0.00
10.01.2021;15:17:08;2.58;44.67;9.98;755.27;0.00;0.00;0.00
10.01.2021;15:18:08;2.63;44.55;9.96;755.28;0.00;0.00;0.00
10.01.2021;15:19:08;2.58;44.64;9.95;755.29;0.00;0.00;0.00
10.01.2021;15:20:08;2.63;44.63;9.96;755.29;0.00;0.00;0.00
10.01.2021;15:21:08;2.58;44.62;9.97;755.31;0.00;0.00;0.00
10.01.2021;15:22:08;2.81;44.62;9.96;755.32;0.00;0.00;0.00
10.01.2021;15:23:08;2.57;44.64;9.95;755.32;0.00;0.00;0.00
10.01.2021;15:24:08;2.58;44.70;9.96;755.32;0.00;0.00;0.00
10.01.2021;15:25:08;2.60;44.68;9.96;755.33;0.00;0.00;0.00
10.01.2021;15:26:08;2.58;44.69;9.96;755.34;0.00;0.00;0.00
10.01.2021;15:27:08;2.60;44.66;9.97;755.35;0.00;0.00;0.00
10.01.2021;15:28:08;2.58;44.64;9.96;755.37;0.00;0.00;0.00
10.01.2021;15:29:08;2.56;44.77;9.97;755.37;0.00;0.00;0.00
10.01.2021;15:30:08;2.53;44.69;9.97;755.37;0.00;0.00;0.00
10.01.2021;15:31:09;2.56;44.69;9.95;755.37;0.00;0.00;0.00
10.01.2021;15:32:09;2.60;44.77;9.95;755.38;0.00;0.00;0.00
10.01.2021;15:33:09;2.58;44.70;9.96;755.38;0.00;0.00;0.00
10.01.2021;15:34:09;2.57;44.73;9.94;755.38;0.00;0.00;0.00
10.01.2021;15:35:09;2.63;44.74;9.91;755.38;0.00;0.00;0.00
10.01.2021;15:36:09;2.57;44.87;9.91;755.39;0.00;0.00;0.00
10.01.2021;15:37:09;2.58;44.82;9.91;755.40;0.00;0.00;0.00
10.01.2021;15:38:09;2.58;44.87;9.90;755.40;0.00;0.00;0.00
10.01.2021;15:39:09;2.65;44.87;9.90;755.41;0.00;0.00;0.00
10.01.2021;15:40:09;2.61;44.89;9.89;755.41;0.00;0.00;0.00
10.01.2021;15:41:09;2.68;44.92;9.90;755.42;0.00;0.00;0.00
10.01.2021;15:42:09;2.68;44.98;9.92;755.44;0.00;0.00;0.00
10.01.2021;15:43:09;2.72;44.90;9.95;755.43;0.00;0.00;0.00
10.01.2021;15:44:09;2.67;44.87;9.93;755.42;0.00;0.00;0.00
10.01.2021;15:45:09;2.64;44.90;9.93;755.41;0.00;0.00;0.00
10.01.2021;15:46:09;2.67;44.80;9.93;755.41;0.00;0.00;0.00
10.01.2021;15:47:09;2.74;44.80;9.93;755.40;0.00;0.00;0.00
10.01.2021;15:48:09;2.57;44.80;9.93;755.41;0.00;0.00;0.00
10.01.2021;15:49:09;2.58;44.90;9.96;755.42;0.00;0.00;0.00
10.01.2021;15:50:09;2.58;44.79;9.95;755.42;0.00;0.00;0.00
10.01.2021;15:51:09;2.57;44.79;9.95;755.41;0.00;0.00;0.00
10.01.2021;15:52:09;2.58;44.88;9.95;755.41;0.00;0.00;0.00
10.01.2021;15:53:09;2.61;44.89;9.96;755.42;0.00;0.00;0.00
10.01.2021;15:54:09;2.60;44.82;9.95;755.42;0.00;0.00;0.00
10.01.2021;15:55:09;2.70;44.89;9.96;755.43;0.00;0.00;0.00
10.01.2021;15:56:09;2.67;44.86;9.95;755.45;0.00;0.00;0.00
10.01.2021;15:57:09;2.65;44.79;9.93;755.46;0.00;0.00;0.00
10.01.2021;15:58:09;2.64;44.89;9.92;755.48;0.00;0.00;0.00
10.01.2021;15:59:09;2.78;44.88;9.91;755.48;0.00;0.00;0.00
10.01.2021;16:00:09;2.77;44.91;9.88;755.47;0.00;0.00;0.00
10.01.2021;16:01:09;2.75;45.00;9.87;755.49;0.00;0.00;0.00
10.01.2021;16:02:09;2.64;44.90;9.88;755.48;0.00;0.00;0.00
10.01.2021;16:03:09;2.82;44.93;9.88;755.47;0.00;0.00;0.00
10.01.2021;16:04:09;2.69;44.89;9.89;755.46;0.00;0.00;0.00
10.01.2021;16:05:09;2.76;44.94;9.90;755.46;0.00;0.00;0.00
10.01.2021;16:06:10;2.78;44.87;9.89;755.46;0.00;0.00;0.00
10.01.2021;16:07:10;2.79;44.86;9.88;755.46;0.00;0.00;0.00
10.01.2021;16:08:10;2.61;44.95;9.87;755.46;0.00;0.00;0.00
10.01.2021;16:09:10;2.74;44.94;9.89;755.46;0.00;0.00;0.00
10.01.2021;16:10:10;2.71;44.86;9.87;755.47;0.00;0.00;0.00
10.01.2021;16:11:10;2.72;44.85;9.85;755.48;0.00;0.00;0.00
10.01.2021;16:12:10;2.73;44.92;9.84;755.49;0.00;0.00;0.00
10.01.2021;16:13:10;2.64;44.95;9.83;755.50;0.00;0.00;0.00
10.01.2021;16:14:10;2.84;44.99;9.83;755.52;0.00;0.00;0.00
10.01.2021;16:15:10;2.81;45.01;9.83;755.54;0.00;0.00;0.00
10.01.2021;16:16:10;2.76;44.96;9.82;755.55;0.00;0.00;0.00
10.01.2021;16:17:10;2.73;44.98;9.80;755.55;0.00;0.00;0.00
10.01.2021;16:18:10;2.85;44.97;9.81;755.55;0.00;0.00;0.00
10.01.2021;16:19:10;2.79;45.01;9.80;755.55;0.00;0.00;0.00
10.01.2021;16:20:10;2.78;45.11;9.79;755.57;0.00;0.00;0.00
10.01.2021;16:21:10;2.90;45.07;9.79;755.56;0.00;0.00;0.00
10.01.2021;16:22:10;2.85;45.03;9.78;755.58;0.00;0.00;0.00
10.01.2021;16:23:10;2.88;45.09;9.77;755.59;0.00;0.00;0.00
10.01.2021;16:24:10;3.03;45.08;9.75;755.58;0.00;0.00;0.00
10.01.2021;16:25:10;2.97;45.09;9.74;755.57;0.00;0.00;0.00
10.01.2021;16:26:10;2.92;45.12;9.74;755.57;0.00;0.00;0.00
10.01.2021;16:27:10;3.01;45.15;9.74;755.57;0.00;0.00;0.00
10.01.2021;16:28:10;2.85;45.20;9.73;755.58;0.00;0.00;0.00
10.01.2021;16:29:10;2.78;45.18;9.74;755.58;0.00;0.00;0.00
10.01.2021;16:30:10;2.85;45.08;9.75;755.57;0.00;0.00;0.00
10.01.2021;16:31:10;2.74;45.08;9.75;755.58;0.00;0.00;0.00
10.01.2021;16:32:10;2.68;45.05;9.75;755.56;0.00;0.00;0.00
10.01.2021;16:33:10;2.71;45.05;9.75;755.56;0.00;0.00;0.00
10.01.2021;16:34:10;2.70;45.04;9.76;755.58;0.00;0.00;0.00
10.01.2021;16:35:10;2.74;45.10;9.76;755.58;0.00;0.00;0.00
10.01.2021;16:36:10;2.68;45.05;9.76;755.59;0.00;0.00;0.00
10.01.2021;16:37:10;2.78;45.03;9.75;755.59;0.00;0.00;0.00
10.01.2021;16:38:10;2.69;44.83;9.76;755.59;0.00;0.00;0.00
10.01.2021;16:39:10;2.72;44.86;9.76;755.61;0.00;0.00;0.00
10.01.2021;16:40:10;2.64;44.86;9.76;755.61;0.00;0.00;0.00
10.01.2021;16:41:11;2.74;44.86;9.74;755.62;0.00;0.00;0.00
10.01.2021;16:42:11;2.78;45.00;9.72;755.63;0.00;0.00;0.00
10.01.2021;16:43:11;2.75;45.02;9.72;755.63;0.00;0.00;0.00
10.01.2021;16:44:11;2.71;45.07;9.72;755.64;0.00;0.00;0.00
10.01.2021;16:45:11;2.73;45.07;9.72;755.64;0.00;0.00;0.00
10.01.2021;16:46:11;2.86;45.01;9.71;755.65;0.00;0.00;0.00
10.01.2021;16:47:11;2.75;45.00;9.70;755.65;0.00;0.00;0.00
10.01.2021;16:48:11;2.73;45.00;9.70;755.66;0.00;0.00;0.00
10.01.2021;16:49:11;2.81;45.16;9.69;755.66;0.00;0.00;0.00
10.01.2021;16:50:11;2.65;45.11;9.68;755.66;0.00;0.00;0.00
10.01.2021;16:51:11;2.77;45.13;9.69;755.68;0.00;0.00;0.00
10.01.2021;16:52:11;2.72;45.15;9.69;755.69;0.00;0.00;0.00
10.01.2021;16:53:11;2.69;45.12;9.69;755.70;0.00;0.00;0.00
10.01.2021;16:54:11;2.78;45.07;9.69;755.69;0.00;0.00;0.00
10.01.2021;16:55:11;2.64;45.06;9.69;755.68;0.00;0.00;0.00
10.01.2021;16:56:11;2.70;44.97;9.69;755.67;0.00;0.00;0.00
10.01.2021;16:57:11;2.69;44.87;9.70;755.68;0.00;0.00;0.00
10.01.2021;16:58:11;2.71;44.98;9.68;755.68;0.00;0.00;0.00
10.01.2021;16:59:11;2.63;44.97;9.66;755.69;0.00;0.00;0.00
10.01.2021;17:00:11;2.81;45.00;9.65;755.71;0.00;0.00;0.00
10.01.2021;17:01:11;2.71;45.05;9.64;755.71;0.00;0.00;0.00
10.01.2021;17:02:11;2.78;45.00;9.65;755.72;0.00;0.00;0.00
10.01.2021;17:03:11;2.72;44.92;9.65;755.72;0.00;0.00;0.00
10.01.2021;17:04:11;2.68;45.00;9.65;755.71;0.00;0.00;0.00
10.01.2021;17:05:11;2.67;45.02;9.64;755.72;0.00;0.00;0.00
10.01.2021;17:06:11;2.68;45.00;9.63;755.72;0.00;0.00;0.00
10.01.2021;17:07:11;2.67;45.10;9.61;755.72;0.00;0.00;0.00
10.01.2021;17:08:11;2.64;45.19;9.62;755.72;0.00;0.00;0.00
10.01.2021;17:09:11;2.69;45.09;9.61;755.74;0.00;0.00;0.00
10.01.2021;17:10:11;2.67;45.17;9.60;755.73;0.00;0.00;0.00
10.01.2021;17:11:11;2.60;45.12;9.59;755.74;0.00;0.00;0.00
10.01.2021;17:12:11;2.57;45.15;9.59;755.75;0.00;0.00;0.00
10.01.2021;17:13:11;2.61;45.20;9.59;755.74;0.00;0.00;0.00
10.01.2021;17:14:11;2.64;45.17;9.60;755.75;0.00;0.00;0.00
10.01.2021;17:15:11;2.61;45.20;9.60;755.76;0.00;0.00;0.00
10.01.2021;17:16:11;2.68;45.18;9.59;755.78;0.00;0.00;0.00
10.01.2021;17:17:12;2.69;45.17;9.60;755.78;0.00;0.00;0.00
10.01.2021;17:18:12;2.68;45.17;9.60;755.80;0.00;0.00;0.00
10.01.2021;17:19:12;2.61;45.19;9.58;755.82;0.00;0.00;0.00
10.01.2021;17:20:12;2.62;45.17;9.58;755.84;0.00;0.00;0.00
10.01.2021;17:21:12;2.63;45.21;9.58;755.87;0.00;0.00;0.00
10.01.2021;17:22:12;2.63;45.05;9.60;755.87;0.00;0.00;0.00
10.01.2021;17:23:12;2.58;45.07;9.59;755.88;0.00;0.00;0.00
10.01.2021;17:24:12;2.67;44.96;9.58;755.87;0.00;0.00;0.00
10.01.2021;17:25:12;2.64;44.95;9.57;755.86;0.00;0.00;0.00
10.01.2021;17:26:12;2.64;45.11;9.56;755.86;0.00;0.00;0.00
10.01.2021;17:27:12;2.66;45.10;9.56;755.86;0.00;0.00;0.00
10.01.2021;17:28:12;2.64;45.16;9.57;755.87;0.00;0.00;0.00
10.01.2021;17:29:12;2.63;45.11;9.56;755.87;0.00;0.00;0.00
10.01.2021;17:30:12;2.63;45.08;9.56;755.88;0.00;0.00;0.00
10.01.2021;17:31:12;2.65;45.01;9.56;755.89;0.00;0.00;0.00
10.01.2021;17:32:12;2.63;45.11;9.54;755.88;0.00;0.00;0.00
10.01.2021;17:33:12;2.60;45.18;9.53;755.89;0.00;0.00;0.00
10.01.2021;17:34:12;2.61;45.09;9.53;755.90;0.00;0.00;0.00
10.01.2021;17:35:12;2.56;44.86;9.54;755.92;0.00;0.00;0.00
10.01.2021;17:36:12;2.63;44.93;9.51;755.93;0.00;0.00;0.00
10.01.2021;17:37:12;2.69;44.97;9.48;755.92;0.00;0.00;0.00
10.01.2021;17:38:12;2.63;45.04;9.46;755.93;0.00;0.00;0.00
10.01.2021;17:39:12;2.61;45.15;9.45;755.95;0.00;0.00;0.00
10.01.2021;17:40:12;2.71;45.06;9.46;755.96;0.00;0.00;0.00
10.01.2021;17:41:12;2.70;45.17;9.44;755.96;0.00;0.00;0.00
10.01.2021;17:42:12;2.62;45.27;9.43;755.96;0.00;0.00;0.00
10.01.2021;17:43:12;2.64;45.10;9.45;755.97;0.00;0.00;0.00
10.01.2021;17:44:12;2.61;45.03;9.46;755.97;0.00;0.00;0.00
10.01.2021;17:45:12;2.68;45.04;9.45;755.98;0.00;0.00;0.00
10.01.2021;17:46:12;2.58;45.05;9.43;755.98;0.00;0.00;0.00
10.01.2021;17:47:12;2.75;45.12;9.42;755.99;0.00;0.00;0.00
10.01.2021;17:48:12;2.76;45.14;9.41;756.00;0.00;0.00;0.00
10.01.2021;17:49:12;2.65;45.17;9.41;756.02;0.00;0.00;0.00
10.01.2021;17:50:12;2.67;45.17;9.41;756.00;0.00;0.00;0.00
10.01.2021;17:51:12;2.61;45.11;9.43;756.00;0.00;0.00;0.00
10.01.2021;17:52:13;2.68;45.03;9.43;756.01;0.00;0.00;0.00
10.01.2021;17:53:13;2.67;44.96;9.43;756.01;0.00;0.00;0.00
10.01.2021;17:54:13;2.68;44.96;9.43;756.01;0.00;0.00;0.00
10.01.2021;17:55:13;2.66;44.91;9.42;756.01;0.00;0.00;0.00
10.01.2021;17:56:13;2.69;44.95;9.44;756.02;0.00;0.00;0.00
10.01.2021;17:57:13;2.61;44.89;9.44;756.03;0.00;0.00;0.00
10.01.2021;17:58:13;2.67;44.83;9.43;756.02;0.00;0.00;0.00
10.01.2021;17:59:13;2.68;44.93;9.41;756.02;0.00;0.00;0.00
10.01.2021;18:00:13;2.64;44.96;9.41;756.04;0.00;0.00;0.00
10.01.2021;18:01:13;2.67;44.97;9.41;756.03;0.00;0.00;0.00
10.01.2021;18:02:13;2.64;44.93;9.42;756.02;0.00;0.00;0.00
10.01.2021;18:03:13;2.71;44.80;9.43;756.02;0.00;0.00;0.00
10.01.2021;18:04:13;2.64;44.86;9.42;756.02;0.00;0.00;0.00
10.01.2021;18:05:13;2.68;44.84;9.40;756.02;0.00;0.00;0.00
10.01.2021;18:06:13;2.66;44.90;9.39;756.04;0.00;0.00;0.00
10.01.2021;18:07:13;2.78;44.95;9.37;756.04;0.00;0.00;0.00
10.01.2021;18:08:13;2.68;45.03;9.36;756.06;0.00;0.00;0.00
10.01.2021;18:09:13;2.58;44.96;9.36;756.06;0.00;0.00;0.00
10.01.2021;18:10:13;2.64;44.97;9.34;756.06;0.00;0.00;0.00
10.01.2021;18:11:13;2.54;44.88;9.36;756.06;0.00;0.00;0.00
10.01.2021;18:12:13;2.57;44.94;9.34;756.06;0.00;0.00;0.00
10.01.2021;18:13:13;2.57;45.00;9.34;756.07;0.00;0.00;0.00
10.01.2021;18:14:13;2.56;44.96;9.34;756.07;0.00;0.00;0.00
10.01.2021;18:15:13;2.64;44.89;9.33;756.06;0.00;0.00;0.00
10.01.2021;18:16:13;2.57;45.06;9.31;756.05;0.00;0.00;0.00
10.01.2021;18:17:13;2.57;45.05;9.30;756.04;0.00;0.00;0.00
10.01.2021;18:18:13;2.61;45.17;9.29;756.05;0.00;0.00;0.00
10.01.2021;18:19:13;2.56;45.14;9.29;756.05;0.00;0.00;0.00
10.01.2021;18:20:13;2.57;45.02;9.31;756.06;0.00;0.00;0.00
10.01.2021;18:21:13;2.57;44.99;9.30;756.08;0.00;0.00;0.00
10.01.2021;18:22:13;2.56;44.96;9.31;756.10;0.00;0.00;0.00
10.01.2021;18:23:13;2.68;44.74;9.29;756.09;0.00;0.00;0.00
10.01.2021;18:24:13;2.62;44.79;9.26;756.12;0.00;0.00;0.00
10.01.2021;18:25:13;2.56;44.82;9.27;756.12;0.00;0.00;0.00
10.01.2021;18:26:13;2.63;44.92;9.26;756.12;0.00;0.00;0.00
10.01.2021;18:27:13;2.56;44.89;9.25;756.13;0.00;0.00;0.00
10.01.2021;18:28:14;2.58;44.95;9.24;756.14;0.00;0.00;0.00
10.01.2021;18:29:14;2.61;45.03;9.24;756.14;0.00;0.00;0.00
10.01.2021;18:30:14;2.61;45.05;9.23;756.14;0.00;0.00;0.00
10.01.2021;18:31:14;2.60;44.98;9.22;756.15;0.00;0.00;0.00
10.01.2021;18:32:14;2.51;45.06;9.21;756.16;0.00;0.00;0.00
10.01.2021;18:33:14;2.51;45.07;9.20;756.17;0.00;0.00;0.00
10.01.2021;18:34:14;2.57;45.05;9.21;756.18;0.00;0.00;0.00
10.01.2021;18:35:14;2.56;45.06;9.21;756.17;0.00;0.00;0.00
10.01.2021;18:36:14;2.56;44.95;9.23;756.17;0.00;0.00;0.00
10.01.2021;18:37:14;2.56;45.04;9.22;756.18;0.00;0.00;0.00
10.01.2021;18:38:14;2.56;44.95;9.21;756.18;0.00;0.00;0.00
10.01.2021;18:39:14;2.57;44.92;9.22;756.19;0.00;0.00;0.00
10.01.2021;18:40:14;2.60;44.94;9.21;756.20;0.00;0.00;0.00
10.01.2021;18:41:14;2.63;44.81;9.22;756.19;0.00;0.00;0.00
10.01.2021;18:42:14;2.58;44.93;9.20;756.19;0.00;0.00;0.00
10.01.2021;18:43:14;2.58;44.94;9.18;756.20;0.00;0.00;0.00
10.01.2021;18:44:14;2.54;44.93;9.18;756.19;0.00;0.00;0.00
10.01.2021;18:45:14;2.60;44.85;9.19;756.19;0.00;0.00;0.00
10.01.2021;18:46:14;2.57;44.99;9.16;756.19;0.00;0.00;0.00
10.01.2021;18:47:14;2.54;44.98;9.14;756.20;0.00;0.00;0.00
10.01.2021;18:48:14;2.56;44.90;9.15;756.21;0.00;0.00;0.00
10.01.2021;18:49:14;2.61;44.92;9.13;756.21;0.00;0.00;0.00
10.01.2021;18:50:14;2.57;45.00;9.11;756.22;0.00;0.00;0.00
10.01.2021;18:51:14;2.60;45.11;9.09;756.23;0.00;0.00;0.00
10.01.2021;18:52:14;2.56;45.10;9.08;756.23;0.00;0.00;0.00
10.01.2021;18:53:14;2.61;45.08;9.08;756.24;0.00;0.00;0.00
10.01.2021;18:54:14;2.58;45.06;9.08;756.26;0.00;0.00;0.00
10.01.2021;18:55:14;2.65;45.09;9.09;756.27;0.00;0.00;0.00
10.01.2021;18:56:14;2.57;45.01;9.09;756.27;0.00;0.00;0.00
10.01.2021;18:57:14;2.57;44.94;9.09;756.26;0.00;0.00;0.00
10.01.2021;18:58:14;2.60;45.00;9.07;756.26;0.00;0.00;0.00
10.01.2021;18:59:14;2.58;45.01;9.07;756.26;0.00;0.00;0.00
10.01.2021;19:00:14;2.56;45.07;9.05;756.27;0.00;0.00;0.00
10.01.2021;19:01:14;2.61;45.11;9.05;756.28;0.00;0.00;0.00
10.01.2021;19:02:14;2.60;45.03;9.03;756.28;0.00;0.00;0.00
10.01.2021;19:03:15;2.58;45.02;9.04;756.29;0.00;0.00;0.00
10.01.2021;19:04:15;2.61;44.98;9.05;756.29;0.00;0.00;0.00
10.01.2021;19:05:15;2.56;44.98;9.04;756.29;0.00;0.00;0.00
10.01.2021;19:06:15;2.64;45.09;9.02;756.30;0.00;0.00;0.00
10.01.2021;19:07:15;2.56;45.06;9.03;756.31;0.00;0.00;0.00
10.01.2021;19:08:15;2.54;45.06;9.03;756.30;0.00;0.00;0.00
10.01.2021;19:09:15;2.68;45.09;9.02;756.30;0.00;0.00;0.00
10.01.2021;19:10:15;2.71;45.07;9.01;756.30;0.00;0.00;0.00
10.01.2021;19:11:15;2.66;45.12;9.00;756.31;0.00;0.00;0.00
10.01.2021;19:12:15;2.57;45.20;8.99;756.31;0.00;0.00;0.00
10.01.2021;19:13:15;2.57;45.13;9.00;756.30;0.00;0.00;0.00
10.01.2021;19:14:15;2.64;45.23;8.97;756.31;0.00;0.00;0.00
10.01.2021;19:15:15;2.60;45.10;9.00;756.32;0.00;0.00;0.00
10.01.2021;19:16:15;2.58;45.06;8.99;756.31;0.00;0.00;0.00
10.01.2021;19:17:15;2.53;45.17;8.98;756.32;0.00;0.00;0.00
10.01.2021;19:18:15;2.61;45.14;8.98;756.33;0.00;0.00;0.00
10.01.2021;19:19:15;2.60;45.19;8.97;756.34;0.00;0.00;0.00
10.01.2021;19:20:15;2.60;45.22;8.98;756.35;0.00;0.00;0.00
10.01.2021;19:21:15;2.54;45.14;8.97;756.37;0.00;0.00;0.00
10.01.2021;19:22:15;2.67;45.12;8.98;756.38;0.00;0.00;0.00
10.01.2021;19:23:15;2.67;45.00;8.98;756.39;0.00;0.00;0.00
10.01.2021;19:24:15;2.64;44.99;8.98;756.40;0.00;0.00;0.00
10.01.2021;19:25:15;2.61;44.94;8.98;756.40;0.00;0.00;0.00
10.01.2021;19:26:15;2.63;44.87;8.99;756.42;0.00;0.00;0.00
10.01.2021;19:27:15;2.65;44.90;8.98;756.44;0.00;0.00;0.00
10.01.2021;19:28:15;2.58;45.01;8.96;756.44;0.00;0.00;0.00
10.01.2021;19:29:15;2.58;45.08;8.96;756.45;0.00;0.00;0.00
10.01.2021;19:30:15;2.53;44.95;8.96;756.45;0.00;0.00;0.00
10.01.2021;19:31:15;2.60;44.97;8.94;756.46;0.00;0.00;0.00
10.01.2021;19:32:15;2.53;45.07;8.92;756.46;0.00;0.00;0.00
10.01.2021;19:33:15;2.56;45.24;8.90;756.48;0.00;0.00;0.00
10.01.2021;19:34:15;2.61;45.11;8.92;756.47;0.00;0.00;0.00
10.01.2021;19:35:15;2.56;45.04;8.92;756.46;0.00;0.00;0.00
10.01.2021;19:36:15;2.53;45.05;8.92;756.46;0.00;0.00;0.00
10.01.2021;19:37:15;2.60;45.10;8.91;756.46;0.00;0.00;0.00
10.01.2021;19:38:15;2.58;45.16;8.90;756.47;0.00;0.00;0.00
10.01.2021;19:39:15;2.53;45.16;8.90;756.47;0.00;0.00;0.00
10.01.2021;19:40:16;2.61;45.12;8.90;756.48;0.00;0.00;0.00
10.01.2021;19:41:16;2.51;45.16;8.90;756.48;0.00;0.00;0.00
10.01.2021;19:42:16;2.54;45.15;8.91;756.48;0.00;0.00;0.00
10.01.2021;19:43:16;2.56;45.12;8.91;756.48;0.00;0.00;0.00
10.01.2021;19:44:16;2.56;44.95;8.90;756.48;0.00;0.00;0.00
10.01.2021;19:45:16;2.56;44.89;8.90;756.48;0.00;0.00;0.00
10.01.2021;19:46:16;2.56;44.88;8.89;756.49;0.00;0.00;0.00
10.01.2021;19:47:16;2.54;44.98;8.86;756.48;0.00;0.00;0.00
10.01.2021;19:48:16;2.56;45.18;8.83;756.49;0.00;0.00;0.00
10.01.2021;19:49:16;2.53;45.06;8.84;756.49;0.00;0.00;0.00
10.01.2021;19:50:16;2.54;45.09;8.83;756.50;0.00;0.00;0.00
10.01.2021;19:51:16;2.57;45.24;8.82;756.52;0.00;0.00;0.00
10.01.2021;19:52:16;2.56;45.15;8.83;756.53;0.00;0.00;0.00
10.01.2021;19:53:16;2.53;45.15;8.83;756.53;0.00;0.00;0.00
10.01.2021;19:54:16;2.61;45.13;8.83;756.53;0.00;0.00;0.00
10.01.2021;19:55:16;2.56;45.14;8.84;756.54;0.00;0.00;0.00
10.01.2021;19:56:16;2.54;44.99;8.85;756.55;0.00;0.00;0.00
10.01.2021;19:57:16;2.57;45.09;8.85;756.55;0.00;0.00;0.00
10.01.2021;19:58:16;2.54;45.07;8.84;756.56;0.00;0.00;0.00
10.01.2021;19:59:16;2.57;45.02;8.85;756.56;0.00;0.00;0.00
10.01.2021;20:00:16;2.63;45.04;8.82;756.55;0.00;0.00;0.00
10.01.2021;20:01:16;2.53;45.11;8.81;756.56;0.00;0.00;0.00
10.01.2021;20:02:16;2.60;45.03;8.81;756.55;0.00;0.00;0.00
10.01.2021;20:03:16;2.53;45.05;8.79;756.55;0.00;0.00;0.00
10.01.2021;20:04:16;2.57;45.15;8.77;756.55;0.00;0.00;0.00
10.01.2021;20:05:16;2.63;45.25;8.76;756.54;0.00;0.00;0.00
10.01.2021;20:06:16;2.57;45.28;8.75;756.55;0.00;0.00;0.00
10.01.2021;20:07:16;2.61;45.31;8.74;756.55;0.00;0.00;0.00
10.01.2021;20:08:16;2.60;45.31;8.75;756.54;0.00;0.00;0.00
10.01.2021;20:09:16;2.64;45.36;8.75;756.54;0.00;0.00;0.00
10.01.2021;20:10:16;2.58;45.34;8.76;756.54;0.00;0.00;0.00
10.01.2021;20:11:16;2.58;45.28;8.77;756.53;0.00;0.00;0.00
10.01.2021;20:12:16;2.56;45.36;8.77;756.53;0.00;0.00;0.00
10.01.2021;20:13:16;2.58;45.34;8.78;756.53;0.00;0.00;0.00
10.01.2021;20:14:16;2.58;45.20;8.81;756.52;0.00;0.00;0.00
10.01.2021;20:15:17;2.51;45.14;8.81;756.51;0.00;0.00;0.00
10.01.2021;20:16:17;2.61;45.22;8.81;756.50;0.00;0.00;0.00
10.01.2021;20:17:17;2.61;45.16;8.82;756.50;0.00;0.00;0.00
10.01.2021;20:18:17;2.54;45.08;8.82;756.50;0.00;0.00;0.00
10.01.2021;20:19:17;2.61;45.18;8.82;756.51;0.00;0.00;0.00
10.01.2021;20:20:17;2.54;45.20;8.82;756.51;0.00;0.00;0.00
10.01.2021;20:21:17;2.56;45.10;8.84;756.50;0.00;0.00;0.00
10.01.2021;20:22:17;2.56;44.99;8.86;756.50;0.00;0.00;0.00
10.01.2021;20:23:17;2.57;44.96;8.86;756.51;0.00;0.00;0.00
10.01.2021;20:24:17;2.57;44.97;8.85;756.50;0.00;0.00;0.00
10.01.2021;20:25:17;2.53;44.87;8.86;756.49;0.00;0.00;0.00
10.01.2021;20:26:17;2.54;44.94;8.85;756.50;0.00;0.00;0.00
10.01.2021;20:27:17;2.54;44.99;8.84;756.51;0.00;0.00;0.00
10.01.2021;20:28:17;2.58;45.08;8.83;756.51;0.00;0.00;0.00
10.01.2021;20:29:17;2.57;45.07;8.82;756.52;0.00;0.00;0.00
10.01.2021;20:30:17;2.60;45.04;8.81;756.53;0.00;0.00;0.00
10.01.2021;20:31:17;2.56;45.10;8.80;756.54;0.00;0.00;0.00
10.01.2021;20:32:17;2.61;45.11;8.80;756.53;0.00;0.00;0.00
10.01.2021;20:33:17;2.62;45.00;8.81;756.51;0.00;0.00;0.00
10.01.2021;20:34:17;2.56;45.01;8.80;756.50;0.00;0.00;0.00
10.01.2021;20:35:17;2.54;45.05;8.81;756.52;0.00;0.00;0.00
10.01.2021;20:36:17;2.64;45.05;8.80;756.50;0.00;0.00;0.00
10.01.2021;20:37:17;2.53;45.01;8.80;756.49;0.00;0.00;0.00
10.01.2021;20:38:17;2.58;45.02;8.80;756.47;0.00;0.00;0.00
10.01.2021;20:39:17;2.54;44.97;8.80;756.47;0.00;0.00;0.00
10.01.2021;20:40:17;2.56;45.02;8.79;756.48;0.00;0.00;0.00
10.01.2021;20:41:17;2.61;45.05;8.79;756.47;0.00;0.00;0.00
10.01.2021;20:42:17;2.56;45.09;8.78;756.46;0.00;0.00;0.00
10.01.2021;20:43:17;2.56;44.99;8.78;756.44;0.00;0.00;0.00
10.01.2021;20:44:17;2.58;45.10;8.76;756.44;0.00;0.00;0.00
10.01.2021;20:45:17;2.53;45.09;8.75;756.44;0.00;0.00;0.00
10.01.2021;20:46:17;2.53;45.03;8.75;756.43;0.00;0.00;0.00
10.01.2021;20:47:17;2.57;45.15;8.73;756.43;0.00;0.00;0.00
10.01.2021;20:48:17;2.58;45.15;8.73;756.43;0.00;0.00;0.00
10.01.2021;20:49:17;2.57;45.08;8.74;756.41;0.00;0.00;0.00
10.01.2021;20:50:17;2.54;45.14;8.74;756.40;0.00;0.00;0.00
10.01.2021;20:51:17;2.50;45.00;8.74;756.40;0.00;0.00;0.00
10.01.2021;20:52:18;2.56;45.01;8.73;756.40;0.00;0.00;0.00
10.01.2021;20:53:18;2.51;45.07;8.70;756.41;0.00;0.00;0.00
10.01.2021;20:54:18;2.53;45.19;8.68;756.41;0.00;0.00;0.00
10.01.2021;20:55:18;2.56;45.16;8.67;756.42;0.00;0.00;0.00
10.01.2021;20:56:18;2.58;45.31;8.65;756.45;0.00;0.00;0.00
10.01.2021;20:57:18;2.54;45.37;8.65;756.45;0.00;0.00;0.00
10.01.2021;20:58:18;2.60;45.26;8.66;756.44;0.00;0.00;0.00
10.01.2021;20:59:18;2.57;45.29;8.66;756.45;0.00;0.00;0.00
10.01.2021;21:00:18;2.64;45.33;8.65;756.47;0.00;0.00;0.00
10.01.2021;21:01:18;2.57;45.39;8.64;756.50;0.00;0.00;0.00
10.01.2021;21:02:18;2.58;45.51;8.63;756.52;0.00;0.00;0.00
10.01.2021;21:03:18;2.57;45.43;8.66;756.52;0.00;0.00;0.00
10.01.2021;21:04:18;2.54;45.33;8.68;756.52;0.00;0.00;0.00
10.01.2021;21:05:18;2.54;45.21;8.69;756.53;0.00;0.00;0.00
10.01.2021;21:06:18;2.54;45.24;8.68;756.53;0.00;0.00;0.00
10.01.2021;21:07:18;2.56;45.22;8.67;756.55;0.00;0.00;0.00
10.01.2021;21:08:18;2.58;45.38;8.65;756.54;0.00;0.00;0.00
10.01.2021;21:09:18;2.60;45.44;8.64;756.53;0.00;0.00;0.00
10.01.2021;21:10:18;2.54;45.30;8.66;756.52;0.00;0.00;0.00
10.01.2021;21:11:18;2.51;45.38;8.66;756.51;0.00;0.00;0.00
10.01.2021;21:12:18;2.53;45.38;8.67;756.50;0.00;0.00;0.00
10.01.2021;21:13:18;2.53;45.33;8.69;756.46;0.00;0.00;0.00
10.01.2021;21:14:18;2.54;45.29;8.71;756.44;0.00;0.00;0.00
10.01.2021;21:15:18;2.53;45.24;8.71;756.43;0.00;0.00;0.00
10.01.2021;21:16:18;2.54;45.27;8.71;756.42;0.00;0.00;0.00
10.01.2021;21:17:18;2.61;45.18;8.71;756.42;0.00;0.00;0.00
10.01.2021;21:18:18;2.57;45.05;8.73;756.42;0.00;0.00;0.00
10.01.2021;21:19:18;2.60;44.89;8.74;756.41;0.00;0.00;0.00
10.01.2021;21:20:18;2.57;44.86;8.75;756.40;0.00;0.00;0.00
10.01.2021;21:21:18;2.58;44.85;8.76;756.39;0.00;0.00;0.00
10.01.2021;21:22:18;2.54;44.81;8.76;756.37;0.00;0.00;0.00
10.01.2021;21:23:18;2.53;44.72;8.76;756.37;0.00;0.00;0.00
10.01.2021;21:24:18;2.56;44.85;8.73;756.36;0.00;0.00;0.00
10.01.2021;21:25:18;2.53;44.74;8.74;756.35;0.00;0.00;0.00
10.01.2021;21:26:18;2.58;44.72;8.74;756.34;0.00;0.00;0.00
10.01.2021;21:27:18;2.56;44.75;8.73;756.33;0.00;0.00;0.00
10.01.2021;21:28:19;2.51;44.77;8.72;756.33;0.00;0.00;0.00
10.01.2021;21:29:19;2.53;44.76;8.72;756.33;0.00;0.00;0.00
10.01.2021;21:30:19;2.53;44.79;8.71;756.32;0.00;0.00;0.00
10.01.2021;21:31:19;2.50;44.72;8.71;756.32;0.00;0.00;0.00
10.01.2021;21:32:19;2.54;44.80;8.68;756.31;0.00;0.00;0.00
10.01.2021;21:33:19;2.50;44.77;8.67;756.30;0.00;0.00;0.00
10.01.2021;21:34:19;2.51;44.87;8.65;756.30;0.00;0.00;0.00
10.01.2021;21:35:19;2.53;44.83;8.65;756.30;0.00;0.00;0.00
10.01.2021;21:36:19;2.50;44.84;8.65;756.29;0.00;0.00;0.00
10.01.2021;21:37:19;2.53;44.83;8.64;756.28;0.00;0.00;0.00
10.01.2021;21:38:19;2.51;44.85;8.63;756.29;0.00;0.00;0.00
10.01.2021;21:39:19;2.51;44.83;8.62;756.27;0.00;0.00;0.00
10.01.2021;21:40:19;2.53;44.93;8.58;756.26;0.00;0.00;0.00
10.01.2021;21:41:19;2.51;44.89;8.59;756.27;0.00;0.00;0.00
10.01.2021;21:42:19;2.54;44.90;8.58;756.27;0.00;0.00;0.00
10.01.2021;21:43:19;2.54;44.89;8.57;756.26;0.00;0.00;0.00
10.01.2021;21:44:19;2.51;44.87;8.55;756.23;0.00;0.00;0.00
10.01.2021;21:45:19;2.51;44.98;8.53;756.23;0.00;0.00;0.00
10.01.2021;21:46:19;2.51;45.02;8.51;756.21;0.00;0.00;0.00
10.01.2021;21:47:19;2.56;45.02;8.50;756.20;0.00;0.00;0.00
10.01.2021;21:48:19;2.50;45.00;8.50;756.19;0.00;0.00;0.00
10.01.2021;21:49:19;2.50;45.02;8.49;756.18;0.00;0.00;0.00
10.01.2021;21:50:19;2.51;44.94;8.49;756.18;0.00;0.00;0.00
10.01.2021;21:51:19;2.54;45.08;8.48;756.17;0.00;0.00;0.00
10.01.2021;21:52:19;2.50;45.02;8.47;756.16;0.00;0.00;0.00
10.01.2021;21:53:19;2.51;45.02;8.46;756.15;0.00;0.00;0.00
10.01.2021;21:54:19;2.53;45.12;8.43;756.15;0.00;0.00;0.00
10.01.2021;21:55:19;2.50;45.06;8.44;756.15;0.00;0.00;0.00
10.01.2021;21:56:19;2.50;44.90;8.44;756.15;0.00;0.00;0.00
10.01.2021;21:57:19;2.53;45.15;8.41;756.17;0.00;0.00;0.00
10.01.2021;21:58:19;2.51;45.16;8.41;756.18;0.00;0.00;0.00
10.01.2021;21:59:19;2.51;45.14;8.41;756.18;0.00;0.00;0.00
10.01.2021;22:00:19;2.51;45.16;8.40;756.18;0.00;0.00;0.00
10.01.2021;22:01:19;2.51;45.19;8.39;756.17;0.00;0.00;0.00
10.01.2021;22:02:19;2.50;45.19;8.39;756.18;0.00;0.00;0.00
10.01.2021;22:03:19;2.51;45.15;8.38;756.17;0.00;0.00;0.00
10.01.2021;22:04:20;2.51;45.10;8.39;756.16;0.00;0.00;0.00
10.01.2021;22:05:20;2.51;45.16;8.38;756.16;0.00;0.00;0.00
10.01.2021;22:06:20;2.51;45.08;8.37;756.15;0.00;0.00;0.00
10.01.2021;22:07:20;2.50;45.12;8.35;756.14;0.00;0.00;0.00
10.01.2021;22:08:20;2.53;45.24;8.34;756.14;0.00;0.00;0.00
10.01.2021;22:09:20;2.50;45.21;8.32;756.14;0.00;0.00;0.00
10.01.2021;22:10:20;2.50;45.24;8.29;756.15;0.00;0.00;0.00
10.01.2021;22:11:20;2.56;45.43;8.27;756.15;0.00;0.00;0.00
10.01.2021;22:12:20;2.50;45.30;8.28;756.15;0.00;0.00;0.00
10.01.2021;22:13:20;2.50;45.38;8.26;756.16;0.00;0.00;0.00
10.01.2021;22:14:20;2.53;45.40;8.25;756.17;0.00;0.00;0.00
10.01.2021;22:15:20;2.50;45.53;8.22;756.16;0.00;0.00;0.00
10.01.2021;22:16:20;2.51;45.61;8.22;756.16;0.00;0.00;0.00
10.01.2021;22:17:20;2.51;45.53;8.25;756.17;0.00;0.00;0.00
10.01.2021;22:18:20;2.50;45.38;8.28;756.17;0.00;0.00;0.00
10.01.2021;22:19:20;2.51;45.39;8.27;756.18;0.00;0.00;0.00
10.01.2021;22:20:20;2.56;45.44;8.26;756.18;0.00;0.00;0.00
10.01.2021;22:21:20;2.50;45.35;8.26;756.17;0.00;0.00;0.00
10.01.2021;22:22:20;2.56;45.39;8.27;756.18;0.00;0.00;0.00
10.01.2021;22:23:20;2.51;45.50;8.24;756.17;0.00;0.00;0.00
10.01.2021;22:24:20;2.51;45.55;8.24;756.19;0.00;0.00;0.00
10.01.2021;22:25:20;2.56;45.34;8.26;756.19;0.00;0.00;0.00
10.01.2021;22:26:20;2.50;45.44;8.24;756.19;0.00;0.00;0.00
10.01.2021;22:27:20;2.50;45.53;8.24;756.20;0.00;0.00;0.00
10.01.2021;22:28:20;2.56;45.43;8.25;756.21;0.00;0.00;0.00
10.01.2021;22:29:20;2.53;45.36;8.26;756.21;0.00;0.00;0.00
10.01.2021;22:30:20;2.50;45.38;8.25;756.21;0.00;0.00;0.00
10.01.2021;22:31:20;2.50;45.48;8.24;756.21;0.00;0.00;0.00
10.01.2021;22:32:20;2.50;45.48;8.23;756.22;0.00;0.00;0.00
10.01.2021;22:33:20;2.53;45.49;8.23;756.22;0.00;0.00;0.00
10.01.2021;22:34:20;2.53;45.60;8.24;756.22;0.00;0.00;0.00
10.01.2021;22:35:20;2.51;45.49;8.25;756.23;0.00;0.00;0.00
10.01.2021;22:36:20;2.56;45.47;8.25;756.24;0.00;0.00;0.00
10.01.2021;22:37:20;2.51;45.50;8.25;756.23;0.00;0.00;0.00
10.01.2021;22:38:20;2.57;45.54;8.24;756.23;0.00;0.00;0.00
10.01.2021;22:39:20;2.54;45.54;8.25;756.22;0.00;0.00;0.00
10.01.2021;22:40:20;2.51;45.52;8.25;756.22;0.00;0.00;0.00
10.01.2021;22:41:21;2.50;45.55;8.25;756.25;0.00;0.00;0.00
10.01.2021;22:42:21;2.51;45.53;8.27;756.25;0.00;0.00;0.00
10.01.2021;22:43:21;2.50;45.42;8.28;756.28;0.00;0.00;0.00
10.01.2021;22:44:21;2.51;45.51;8.27;756.31;0.00;0.00;0.00
10.01.2021;22:45:21;2.51;45.58;8.26;756.35;0.00;0.00;0.00
10.01.2021;22:46:21;2.50;45.46;8.28;756.38;0.00;0.00;0.00
10.01.2021;22:47:21;2.50;45.51;8.29;756.40;0.00;0.00;0.00
10.01.2021;22:48:21;2.53;45.55;8.28;756.42;0.00;0.00;0.00
10.01.2021;22:49:21;2.50;45.61;8.27;756.42;0.00;0.00;0.00
10.01.2021;22:50:21;2.53;45.59;8.27;756.44;0.00;0.00;0.00
10.01.2021;22:51:21;2.50;45.62;8.27;756.46;0.00;0.00;0.00
10.01.2021;22:52:21;2.51;45.57;8.30;756.46;0.00;0.00;0.00
10.01.2021;22:53:21;2.53;45.57;8.31;756.45;0.00;0.00;0.00
10.01.2021;22:54:21;2.51;45.41;8.33;756.44;0.00;0.00;0.00
10.01.2021;22:55:21;2.50;45.50;8.31;756.43;0.00;0.00;0.00
10.01.2021;22:56:21;2.51;45.45;8.33;756.44;0.00;0.00;0.00
10.01.2021;22:57:21;2.51;45.40;8.34;756.44;0.00;0.00;0.00
10.01.2021;22:58:21;2.50;45.43;8.35;756.43;0.00;0.00;0.00
10.01.2021;22:59:21;2.51;45.40;8.35;756.42;0.00;0.00;0.00
10.01.2021;23:00:21;2.50;45.36;8.35;756.42;0.00;0.00;0.00
10.01.2021;23:01:21;2.50;45.39;8.35;756.42;0.00;0.00;0.00
10.01.2021;23:02:21;2.53;45.36;8.35;756.42;0.00;0.00;0.00
10.01.2021;23:03:21;2.51;45.42;8.34;756.42;0.00;0.00;0.00
10.01.2021;23:04:21;2.53;45.44;8.33;756.42;0.00;0.00;0.00
10.01.2021;23:05:21;2.50;45.36;8.33;756.41;0.00;0.00;0.00
10.01.2021;23:06:21;2.50;45.41;8.32;756.41;0.00;0.00;0.00
10.01.2021;23:07:21;2.53;45.39;8.32;756.41;0.00;0.00;0.00
10.01.2021;23:08:21;2.51;45.33;8.32;756.40;0.00;0.00;0.00
10.01.2021;23:09:21;2.50;45.42;8.31;756.40;0.00;0.00;0.00
10.01.2021;23:10:21;2.51;45.41;8.31;756.41;0.00;0.00;0.00
10.01.2021;23:11:21;2.50;45.44;8.30;756.41;0.00;0.00;0.00
10.01.2021;23:12:21;2.51;45.44;8.29;756.41;0.00;0.00;0.00
10.01.2021;23:13:21;2.50;45.48;8.27;756.42;0.00;0.00;0.00
10.01.2021;23:14:21;2.50;45.49;8.27;756.42;0.00;0.00;0.00
10.01.2021;23:15:21;2.50;45.80;8.26;756.43;0.00;0.00;0.00
10.01.2021;23:16:21;2.50;45.62;8.25;756.43;0.00;0.00;0.00
10.01.2021;23:17:22;2.50;45.54;8.26;756.42;0.00;0.00;0.00
10.01.2021;23:18:22;2.53;45.45;8.27;756.41;0.00;0.00;0.00
10.01.2021;23:19:22;2.51;45.46;8.27;756.40;0.00;0.00;0.00
10.01.2021;23:20:22;2.50;45.34;8.29;756.41;0.00;0.00;0.00
10.01.2021;23:21:22;2.54;45.30;8.28;756.41;0.00;0.00;0.00
10.01.2021;23:22:22;2.50;45.28;8.25;756.41;0.00;0.00;0.00
10.01.2021;23:23:22;2.50;45.39;8.24;756.43;0.00;0.00;0.00
10.01.2021;23:24:22;2.51;45.39;8.23;756.46;0.00;0.00;0.00
10.01.2021;23:25:22;2.50;45.44;8.22;756.48;0.00;0.00;0.00
10.01.2021;23:26:22;2.50;45.37;8.22;756.50;0.00;0.00;0.00
10.01.2021;23:27:22;2.51;45.48;8.19;756.52;0.00;0.00;0.00
10.01.2021;23:28:22;2.51;45.58;8.17;756.55;0.00;0.00;0.00
10.01.2021;23:29:22;2.50;45.52;8.17;756.57;0.00;0.00;0.00
10.01.2021;23:30:22;2.50;45.53;8.16;756.59;0.00;0.00;0.00
10.01.2021;23:31:22;2.51;45.58;8.16;756.61;0.00;0.00;0.00
10.01.2021;23:32:22;2.53;45.57;8.16;756.63;0.00;0.00;0.00
10.01.2021;23:33:22;2.50;45.61;8.15;756.63;0.00;0.00;0.00
10.01.2021;23:34:22;2.50;45.64;8.15;756.65;0.00;0.00;0.00
10.01.2021;23:35:22;2.53;45.59;8.16;756.66;0.00;0.00;0.00
10.01.2021;23:36:22;2.50;45.65;8.16;756.66;0.00;0.00;0.00
10.01.2021;23:37:22;2.50;45.69;8.16;756.65;0.00;0.00;0.00
10.01.2021;23:38:22;2.53;45.65;8.16;756.66;0.00;0.00;0.00
10.01.2021;23:39:22;2.51;45.71;8.16;756.68;0.00;0.00;0.00
10.01.2021;23:40:22;2.51;45.69;8.17;756.68;0.00;0.00;0.00
10.01.2021;23:41:22;2.53;45.69;8.17;756.69;0.00;0.00;0.00
10.01.2021;23:42:22;2.51;45.62;8.19;756.71;0.00;0.00;0.00
10.01.2021;23:43:22;2.50;45.61;8.19;756.71;0.00;0.00;0.00
10.01.2021;23:44:22;2.51;45.62;8.21;756.73;0.00;0.00;0.00
10.01.2021;23:45:22;2.50;45.57;8.23;756.73;0.00;0.00;0.00
10.01.2021;23:46:22;2.54;45.56;8.24;756.72;0.00;0.00;0.00
10.01.2021;23:47:22;2.53;45.55;8.25;756.72;0.00;0.00;0.00
10.01.2021;23:48:22;2.51;45.48;8.27;756.70;0.00;0.00;0.00
10.01.2021;23:49:22;2.54;45.44;8.28;756.70;0.00;0.00;0.00
10.01.2021;23:50:22;2.50;45.50;8.29;756.69;0.00;0.00;0.00
10.01.2021;23:51:22;2.50;45.45;8.31;756.69;0.00;0.00;0.00
10.01.2021;23:52:22;2.51;45.47;8.31;756.67;0.00;0.00;0.00
10.01.2021;23:53:22;2.53;45.45;8.31;756.65;0.00;0.00;0.00
10.01.2021;23:54:23;2.53;45.39;8.32;756.62;0.00;0.00;0.00
10.01.2021;23:55:23;2.50;45.42;8.32;756.60;0.00;0.00;0.00
10.01.2021;23:56:23;2.54;45.34;8.34;756.57;0.00;0.00;0.00
10.01.2021;23:57:23;2.50;45.33;8.35;756.55;0.00;0.00;0.00
10.01.2021;23:58:23;2.50;45.30;8.38;756.53;0.00;0.00;0.00
10.01.2021;23:59:23;2.53;45.22;8.41;756.51;0.00;0.00;0.00
