10.12.2020;0:00:25;3.33;37.97;8.61;759.40;0.00;0.00;0.00
10.12.2020;0:01:25;3.33;38.02;8.62;759.38;0.00;0.00;0.00
10.12.2020;0:02:25;3.33;37.92;8.63;759.36;0.00;0.00;0.00
10.12.2020;0:03:25;3.33;37.91;8.64;759.36;0.00;0.00;0.00
10.12.2020;0:04:25;3.33;37.79;8.64;759.36;0.00;0.00;0.00
10.12.2020;0:05:25;3.33;37.71;8.64;759.36;0.00;0.00;0.00
10.12.2020;0:06:25;3.35;37.88;8.63;759.37;0.00;0.00;0.00
10.12.2020;0:07:25;3.33;37.87;8.63;759.38;0.00;0.00;0.00
10.12.2020;0:08:25;3.33;37.90;8.63;759.37;0.00;0.00;0.00
10.12.2020;0:09:25;3.36;37.67;8.63;759.38;0.00;0.00;0.00
10.12.2020;0:10:25;3.33;37.74;8.63;759.36;0.00;0.00;0.00
10.12.2020;0:11:25;3.33;37.85;8.64;759.35;0.00;0.00;0.00
10.12.2020;0:12:25;3.33;37.72;8.64;759.33;0.00;0.00;0.00
10.12.2020;0:13:25;3.33;37.81;8.65;759.34;0.00;0.00;0.00
10.12.2020;0:14:25;3.33;37.73;8.66;759.34;0.00;0.00;0.00
10.12.2020;0:15:25;3.33;37.80;8.67;759.35;0.00;0.00;0.00
10.12.2020;0:16:25;3.33;37.78;8.67;759.35;0.00;0.00;0.00
10.12.2020;0:17:25;3.33;37.81;8.67;759.34;0.00;0.00;0.00
10.12.2020;0:18:25;3.33;37.71;8.69;759.34;0.00;0.00;0.00
10.12.2020;0:19:25;3.33;37.31;8.69;759.32;0.00;0.00;0.00
10.12.2020;0:20:25;3.35;37.58;8.68;759.31;0.00;0.00;0.00
10.12.2020;0:21:25;3.33;37.73;8.69;759.31;0.00;0.00;0.00
10.12.2020;0:22:26;3.33;37.70;8.69;759.31;0.00;0.00;0.00
10.12.2020;0:23:26;3.36;37.66;8.71;759.31;0.00;0.00;0.00
10.12.2020;0:24:26;3.33;37.64;8.71;759.29;0.00;0.00;0.00
10.12.2020;0:25:26;3.33;37.53;8.71;759.28;0.00;0.00;0.00
10.12.2020;0:26:26;3.33;37.65;8.72;759.28;0.00;0.00;0.00
10.12.2020;0:27:26;3.33;37.69;8.74;759.28;0.00;0.00;0.00
10.12.2020;0:28:26;3.33;37.57;8.74;759.28;0.00;0.00;0.00
10.12.2020;0:29:26;3.33;37.45;8.74;759.28;0.00;0.00;0.00
10.12.2020;0:30:26;3.33;37.54;8.74;759.29;0.00;0.00;0.00
10.12.2020;0:31:26;3.33;37.65;8.75;759.29;0.00;0.00;0.00
10.12.2020;0:32:26;3.33;37.57;8.76;759.28;0.00;0.00;0.00
10.12.2020;0:33:26;3.33;37.67;8.77;759.27;0.00;0.00;0.00
10.12.2020;0:34:26;3.35;37.47;8.79;759.25;0.00;0.00;0.00
10.12.2020;0:35:26;3.33;37.46;8.80;759.23;0.00;0.00;0.00
10.12.2020;0:36:26;3.33;37.37;8.82;759.24;0.00;0.00;0.00
10.12.2020;0:37:26;3.35;37.43;8.82;759.23;0.00;0.00;0.00
10.12.2020;0:38:26;3.33;37.35;8.82;759.24;0.00;0.00;0.00
10.12.2020;0:39:26;3.33;37.41;8.82;759.25;0.00;0.00;0.00
10.12.2020;0:40:26;3.33;37.50;8.83;759.25;0.00;0.00;0.00
10.12.2020;0:41:26;3.33;37.53;8.83;759.24;0.00;0.00;0.00
10.12.2020;0:42:26;3.33;37.41;8.84;759.23;0.00;0.00;0.00
10.12.2020;0:43:26;3.33;37.06;8.83;759.22;0.00;0.00;0.00
10.12.2020;0:44:26;3.33;37.19;8.81;759.22;0.00;0.00;0.00
10.12.2020;0:45:26;3.33;37.20;8.80;759.24;0.00;0.00;0.00
10.12.2020;0:46:26;3.33;37.47;8.78;759.25;0.00;0.00;0.00
10.12.2020;0:47:26;3.33;37.56;8.77;759.25;0.00;0.00;0.00
10.12.2020;0:48:26;3.35;37.31;8.77;759.25;0.00;0.00;0.00
10.12.2020;0:49:26;3.33;37.40;8.77;759.24;0.00;0.00;0.00
10.12.2020;0:50:26;3.33;37.55;8.77;759.22;0.00;0.00;0.00
10.12.2020;0:51:26;3.35;37.42;8.75;759.21;0.00;0.00;0.00
10.12.2020;0:52:26;3.33;37.36;8.73;759.19;0.00;0.00;0.00
10.12.2020;0:53:26;3.33;37.45;8.72;759.18;0.00;0.00;0.00
10.12.2020;0:54:26;3.33;37.49;8.71;759.17;0.00;0.00;0.00
10.12.2020;0:55:26;3.33;37.46;8.70;759.16;0.00;0.00;0.00
10.12.2020;0:56:26;3.33;37.31;8.69;759.15;0.00;0.00;0.00
10.12.2020;0:57:26;3.33;37.60;8.68;759.15;0.00;0.00;0.00
10.12.2020;0:58:26;3.33;37.72;8.68;759.16;0.00;0.00;0.00
10.12.2020;0:59:27;3.33;37.60;8.67;759.15;0.00;0.00;0.00
10.12.2020;1:00:27;3.33;37.54;8.67;759.15;0.00;0.00;0.00
10.12.2020;1:01:27;3.33;37.71;8.66;759.15;0.00;0.00;0.00
10.12.2020;1:02:27;3.35;37.62;8.65;759.15;0.00;0.00;0.00
10.12.2020;1:03:27;3.33;37.57;8.64;759.15;0.00;0.00;0.00
10.12.2020;1:04:27;3.33;37.60;8.62;759.15;0.00;0.00;0.00
10.12.2020;1:05:27;3.35;37.74;8.62;759.15;0.00;0.00;0.00
10.12.2020;1:06:27;3.33;37.84;8.61;759.16;0.00;0.00;0.00
10.12.2020;1:07:27;3.33;37.84;8.62;759.17;0.00;0.00;0.00
10.12.2020;1:08:27;3.33;37.80;8.63;759.18;0.00;0.00;0.00
10.12.2020;1:09:27;3.33;37.71;8.63;759.18;0.00;0.00;0.00
10.12.2020;1:10:27;3.33;37.52;8.61;759.18;0.00;0.00;0.00
10.12.2020;1:11:27;3.33;37.63;8.59;759.17;0.00;0.00;0.00
10.12.2020;1:12:27;3.33;37.76;8.58;759.18;0.00;0.00;0.00
10.12.2020;1:13:27;3.33;37.90;8.58;759.17;0.00;0.00;0.00
10.12.2020;1:14:27;3.33;37.95;8.59;759.16;0.00;0.00;0.00
10.12.2020;1:15:27;3.33;37.94;8.59;759.16;0.00;0.00;0.00
10.12.2020;1:16:27;3.35;37.79;8.60;759.14;0.00;0.00;0.00
10.12.2020;1:17:27;3.33;37.86;8.59;759.13;0.00;0.00;0.00
10.12.2020;1:18:27;3.33;37.77;8.59;759.10;0.00;0.00;0.00
10.12.2020;1:19:27;3.35;37.68;8.59;759.07;0.00;0.00;0.00
10.12.2020;1:20:27;3.33;37.78;8.57;759.05;0.00;0.00;0.00
10.12.2020;1:21:27;3.33;37.68;8.57;759.03;0.00;0.00;0.00
10.12.2020;1:22:27;3.33;37.84;8.57;759.02;0.00;0.00;0.00
10.12.2020;1:23:27;3.33;37.93;8.57;759.02;0.00;0.00;0.00
10.12.2020;1:24:27;3.33;37.73;8.57;759.02;0.00;0.00;0.00
10.12.2020;1:25:27;3.33;37.73;8.56;759.03;0.00;0.00;0.00
10.12.2020;1:26:27;3.33;37.94;8.56;759.03;0.00;0.00;0.00
10.12.2020;1:27:27;3.33;37.95;8.56;759.03;0.00;0.00;0.00
10.12.2020;1:28:27;3.33;37.69;8.56;759.02;0.00;0.00;0.00
10.12.2020;1:29:27;3.33;37.76;8.55;759.02;0.00;0.00;0.00
10.12.2020;1:30:27;3.35;37.86;8.55;759.02;0.00;0.00;0.00
10.12.2020;1:31:27;3.33;37.79;8.54;759.02;0.00;0.00;0.00
10.12.2020;1:32:27;3.33;37.76;8.54;759.04;0.00;0.00;0.00
10.12.2020;1:33:27;3.36;37.70;8.53;759.04;0.00;0.00;0.00
10.12.2020;1:34:27;3.33;37.88;8.52;759.03;0.00;0.00;0.00
10.12.2020;1:35:27;3.33;37.98;8.51;759.03;0.00;0.00;0.00
10.12.2020;1:36:28;3.33;37.93;8.51;759.03;0.00;0.00;0.00
10.12.2020;1:37:28;3.33;37.89;8.51;759.03;0.00;0.00;0.00
10.12.2020;1:38:28;3.33;37.84;8.49;759.04;0.00;0.00;0.00
10.12.2020;1:39:28;3.33;37.90;8.48;759.05;0.00;0.00;0.00
10.12.2020;1:40:28;3.33;38.05;8.49;759.04;0.00;0.00;0.00
10.12.2020;1:41:28;3.33;38.02;8.49;759.04;0.00;0.00;0.00
10.12.2020;1:42:28;3.33;37.64;8.48;759.04;0.00;0.00;0.00
10.12.2020;1:43:28;3.33;37.93;8.47;759.03;0.00;0.00;0.00
10.12.2020;1:44:28;3.35;37.69;8.47;759.03;0.00;0.00;0.00
10.12.2020;1:45:28;3.33;37.69;8.45;759.03;0.00;0.00;0.00
10.12.2020;1:46:28;3.33;37.83;8.45;759.04;0.00;0.00;0.00
10.12.2020;1:47:28;3.36;37.89;8.45;759.05;0.00;0.00;0.00
10.12.2020;1:48:28;3.33;38.00;8.46;759.08;0.00;0.00;0.00
10.12.2020;1:49:28;3.33;37.86;8.45;759.07;0.00;0.00;0.00
10.12.2020;1:50:28;3.33;38.11;8.44;759.08;0.00;0.00;0.00
10.12.2020;1:51:28;3.33;37.86;8.44;759.09;0.00;0.00;0.00
10.12.2020;1:52:28;3.33;37.68;8.43;759.10;0.00;0.00;0.00
10.12.2020;1:53:28;3.33;37.98;8.43;759.08;0.00;0.00;0.00
10.12.2020;1:54:28;3.33;37.74;8.43;759.07;0.00;0.00;0.00
10.12.2020;1:55:28;3.33;37.77;8.41;759.05;0.00;0.00;0.00
10.12.2020;1:56:28;3.33;37.73;8.40;759.03;0.00;0.00;0.00
10.12.2020;1:57:28;3.33;38.06;8.39;759.03;0.00;0.00;0.00
10.12.2020;1:58:28;3.35;37.90;8.40;759.03;0.00;0.00;0.00
10.12.2020;1:59:28;3.33;37.89;8.41;759.04;0.00;0.00;0.00
10.12.2020;2:00:28;3.33;37.95;8.40;759.05;0.00;0.00;0.00
10.12.2020;2:01:28;3.35;38.12;8.40;759.05;0.00;0.00;0.00
10.12.2020;2:02:28;3.33;37.70;8.38;759.03;0.00;0.00;0.00
10.12.2020;2:03:28;3.33;37.73;8.37;759.02;0.00;0.00;0.00
10.12.2020;2:04:28;3.33;37.83;8.36;759.00;0.00;0.00;0.00
10.12.2020;2:05:28;3.33;37.78;8.34;758.98;0.00;0.00;0.00
10.12.2020;2:06:28;3.33;37.92;8.34;758.94;0.00;0.00;0.00
10.12.2020;2:07:28;3.33;37.81;8.32;758.93;0.00;0.00;0.00
10.12.2020;2:08:28;3.33;38.02;8.32;758.92;0.00;0.00;0.00
10.12.2020;2:09:28;3.33;37.73;8.32;758.89;0.00;0.00;0.00
10.12.2020;2:10:28;3.33;38.03;8.31;758.88;0.00;0.00;0.00
10.12.2020;2:11:28;3.33;38.04;8.31;758.87;0.00;0.00;0.00
10.12.2020;2:12:28;3.35;38.16;8.30;758.86;0.00;0.00;0.00
10.12.2020;2:13:28;3.33;38.18;8.30;758.84;0.00;0.00;0.00
10.12.2020;2:14:29;3.33;38.11;8.31;758.83;0.00;0.00;0.00
10.12.2020;2:15:29;3.35;38.15;8.31;758.82;0.00;0.00;0.00
10.12.2020;2:16:29;3.33;37.82;8.29;758.81;0.00;0.00;0.00
10.12.2020;2:17:29;3.33;38.11;8.28;758.80;0.00;0.00;0.00
10.12.2020;2:18:29;3.33;38.02;8.28;758.78;0.00;0.00;0.00
10.12.2020;2:19:29;3.33;38.14;8.30;758.79;0.00;0.00;0.00
10.12.2020;2:20:29;3.33;38.16;8.29;758.80;0.00;0.00;0.00
10.12.2020;2:21:29;3.33;38.13;8.30;758.80;0.00;0.00;0.00
10.12.2020;2:22:29;3.33;38.31;8.30;758.78;0.00;0.00;0.00
10.12.2020;2:23:29;3.33;38.13;8.31;758.76;0.00;0.00;0.00
10.12.2020;2:24:29;3.33;37.93;8.32;758.76;0.00;0.00;0.00
10.12.2020;2:25:29;3.33;37.85;8.30;758.74;0.00;0.00;0.00
10.12.2020;2:26:29;3.35;37.99;8.29;758.74;0.00;0.00;0.00
10.12.2020;2:27:29;3.33;38.23;8.30;758.76;0.00;0.00;0.00
10.12.2020;2:28:29;3.33;37.93;8.29;758.76;0.00;0.00;0.00
10.12.2020;2:29:29;3.35;38.11;8.29;758.76;0.00;0.00;0.00
10.12.2020;2:30:29;3.33;37.88;8.29;758.74;0.00;0.00;0.00
10.12.2020;2:31:29;3.33;37.63;8.27;758.71;0.00;0.00;0.00
10.12.2020;2:32:29;3.33;37.95;8.27;758.68;0.00;0.00;0.00
10.12.2020;2:33:29;3.33;37.98;8.28;758.67;0.00;0.00;0.00
10.12.2020;2:34:29;3.33;38.01;8.29;758.67;0.00;0.00;0.00
10.12.2020;2:35:29;3.33;38.20;8.29;758.68;0.00;0.00;0.00
10.12.2020;2:36:29;3.33;38.07;8.30;758.70;0.00;0.00;0.00
10.12.2020;2:37:29;3.33;38.09;8.31;758.71;0.00;0.00;0.00
10.12.2020;2:38:29;3.33;37.97;8.30;758.71;0.00;0.00;0.00
10.12.2020;2:39:29;3.33;38.08;8.29;758.72;0.00;0.00;0.00
10.12.2020;2:40:29;3.35;38.02;8.29;758.74;0.00;0.00;0.00
10.12.2020;2:41:29;3.33;38.04;8.28;758.73;0.00;0.00;0.00
10.12.2020;2:42:29;3.33;37.97;8.28;758.73;0.00;0.00;0.00
10.12.2020;2:43:29;3.35;37.97;8.29;758.71;0.00;0.00;0.00
10.12.2020;2:44:29;3.33;38.01;8.28;758.70;0.00;0.00;0.00
10.12.2020;2:45:29;3.33;38.05;8.28;758.68;0.00;0.00;0.00
10.12.2020;2:46:29;3.33;38.00;8.30;758.69;0.00;0.00;0.00
10.12.2020;2:47:29;3.33;37.82;8.28;758.66;0.00;0.00;0.00
10.12.2020;2:48:29;3.33;37.93;8.27;758.66;0.00;0.00;0.00
10.12.2020;2:49:29;3.33;37.97;8.27;758.63;0.00;0.00;0.00
10.12.2020;2:50:29;3.33;37.93;8.27;758.62;0.00;0.00;0.00
10.12.2020;2:51:30;3.33;37.82;8.27;758.61;0.00;0.00;0.00
10.12.2020;2:52:30;3.33;37.68;8.24;758.60;0.00;0.00;0.00
10.12.2020;2:53:30;3.33;38.10;8.24;758.61;0.00;0.00;0.00
10.12.2020;2:54:30;3.35;38.09;8.25;758.63;0.00;0.00;0.00
10.12.2020;2:55:30;3.33;37.73;8.24;758.62;0.00;0.00;0.00
10.12.2020;2:56:30;3.33;37.94;8.23;758.61;0.00;0.00;0.00
10.12.2020;2:57:30;3.35;38.06;8.22;758.61;0.00;0.00;0.00
10.12.2020;2:58:30;3.33;38.11;8.22;758.59;0.00;0.00;0.00
10.12.2020;2:59:30;3.33;37.90;8.23;758.59;0.00;0.00;0.00
10.12.2020;3:00:30;3.33;37.93;8.23;758.58;0.00;0.00;0.00
10.12.2020;3:01:30;3.33;37.87;8.23;758.56;0.00;0.00;0.00
10.12.2020;3:02:30;3.33;37.78;8.23;758.55;0.00;0.00;0.00
10.12.2020;3:03:30;3.33;37.76;8.22;758.54;0.00;0.00;0.00
10.12.2020;3:04:30;3.33;38.01;8.22;758.52;0.00;0.00;0.00
10.12.2020;3:05:30;3.33;37.81;8.23;758.51;0.00;0.00;0.00
10.12.2020;3:06:30;3.33;37.80;8.22;758.51;0.00;0.00;0.00
10.12.2020;3:07:30;3.33;38.02;8.21;758.50;0.00;0.00;0.00
10.12.2020;3:08:30;3.35;37.88;8.21;758.51;0.00;0.00;0.00
10.12.2020;3:09:30;3.33;37.99;8.22;758.54;0.00;0.00;0.00
10.12.2020;3:10:30;3.33;38.09;8.22;758.55;0.00;0.00;0.00
10.12.2020;3:11:30;3.35;38.18;8.22;758.56;0.00;0.00;0.00
10.12.2020;3:12:30;3.33;38.04;8.23;758.56;0.00;0.00;0.00
10.12.2020;3:13:30;3.33;38.04;8.23;758.57;0.00;0.00;0.00
10.12.2020;3:14:30;3.33;37.85;8.23;758.58;0.00;0.00;0.00
10.12.2020;3:15:30;3.33;37.96;8.23;758.57;0.00;0.00;0.00
10.12.2020;3:16:30;3.33;38.13;8.23;758.58;0.00;0.00;0.00
10.12.2020;3:17:30;3.33;38.06;8.22;758.58;0.00;0.00;0.00
10.12.2020;3:18:30;3.33;38.07;8.22;758.59;0.00;0.00;0.00
10.12.2020;3:19:30;3.33;38.20;8.22;758.59;0.00;0.00;0.00
10.12.2020;3:20:30;3.33;37.94;8.23;758.58;0.00;0.00;0.00
10.12.2020;3:21:30;3.33;37.85;8.23;758.56;0.00;0.00;0.00
10.12.2020;3:22:30;3.35;37.93;8.23;758.54;0.00;0.00;0.00
10.12.2020;3:23:30;3.33;37.70;8.23;758.55;0.00;0.00;0.00
10.12.2020;3:24:30;3.33;38.02;8.23;758.55;0.00;0.00;0.00
10.12.2020;3:25:30;3.36;37.96;8.23;758.55;0.00;0.00;0.00
10.12.2020;3:26:30;3.33;37.77;8.23;758.55;0.00;0.00;0.00
10.12.2020;3:27:30;3.33;38.01;8.22;758.55;0.00;0.00;0.00
10.12.2020;3:28:31;3.33;38.04;8.23;758.55;0.00;0.00;0.00
10.12.2020;3:29:31;3.33;37.95;8.22;758.56;0.00;0.00;0.00
10.12.2020;3:30:31;3.33;38.02;8.20;758.54;0.00;0.00;0.00
10.12.2020;3:31:31;3.33;38.03;8.20;758.52;0.00;0.00;0.00
10.12.2020;3:32:31;3.33;37.98;8.20;758.51;0.00;0.00;0.00
10.12.2020;3:33:31;3.33;38.02;8.19;758.51;0.00;0.00;0.00
10.12.2020;3:34:31;3.33;38.13;8.20;758.49;0.00;0.00;0.00
10.12.2020;3:35:31;3.33;37.97;8.20;758.48;0.00;0.00;0.00
10.12.2020;3:36:31;3.35;37.83;8.20;758.49;0.00;0.00;0.00
10.12.2020;3:37:31;3.33;38.04;8.19;758.48;0.00;0.00;0.00
10.12.2020;3:38:31;3.33;37.94;8.19;758.48;0.00;0.00;0.00
10.12.2020;3:39:31;3.35;38.20;8.19;758.50;0.00;0.00;0.00
10.12.2020;3:40:31;3.33;38.21;8.19;758.49;0.00;0.00;0.00
10.12.2020;3:41:31;3.33;37.92;8.19;758.47;0.00;0.00;0.00
10.12.2020;3:42:31;3.33;38.06;8.19;758.47;0.00;0.00;0.00
10.12.2020;3:43:31;3.33;37.85;8.19;758.45;0.00;0.00;0.00
10.12.2020;3:44:31;3.33;37.50;8.16;758.44;0.00;0.00;0.00
10.12.2020;3:45:31;3.33;37.87;8.14;758.42;0.00;0.00;0.00
10.12.2020;3:46:31;3.33;38.12;8.14;758.41;0.00;0.00;0.00
10.12.2020;3:47:31;3.33;37.67;8.14;758.39;0.00;0.00;0.00
10.12.2020;3:48:31;3.33;38.06;8.14;758.38;0.00;0.00;0.00
10.12.2020;3:49:31;3.33;38.10;8.14;758.38;0.00;0.00;0.00
10.12.2020;3:50:31;3.35;38.02;8.14;758.39;0.00;0.00;0.00
10.12.2020;3:51:31;3.33;37.89;8.14;758.41;0.00;0.00;0.00
10.12.2020;3:52:31;3.33;38.06;8.13;758.45;0.00;0.00;0.00
10.12.2020;3:53:31;3.36;38.23;8.13;758.46;0.00;0.00;0.00
10.12.2020;3:54:31;3.33;37.96;8.13;758.47;0.00;0.00;0.00
10.12.2020;3:55:31;3.33;38.01;8.13;758.47;0.00;0.00;0.00
10.12.2020;3:56:31;3.33;37.96;8.13;758.47;0.00;0.00;0.00
10.12.2020;3:57:31;3.33;37.83;8.11;758.47;0.00;0.00;0.00
10.12.2020;3:58:31;3.33;38.28;8.12;758.48;0.00;0.00;0.00
10.12.2020;3:59:31;3.33;38.11;8.12;758.48;0.00;0.00;0.00
10.12.2020;4:00:31;3.33;38.16;8.12;758.49;0.00;0.00;0.00
10.12.2020;4:01:31;3.33;38.21;8.13;758.50;0.00;0.00;0.00
10.12.2020;4:02:31;3.33;37.85;8.12;758.48;0.00;0.00;0.00
10.12.2020;4:03:31;3.33;37.97;8.11;758.49;0.00;0.00;0.00
10.12.2020;4:04:31;3.35;38.11;8.11;758.50;0.00;0.00;0.00
10.12.2020;4:05:31;3.33;38.20;8.12;758.51;0.00;0.00;0.00
10.12.2020;4:06:32;3.33;38.02;8.13;758.53;0.00;0.00;0.00
10.12.2020;4:07:32;3.35;38.19;8.14;758.51;0.00;0.00;0.00
10.12.2020;4:08:32;3.33;38.10;8.14;758.50;0.00;0.00;0.00
10.12.2020;4:09:32;3.33;37.99;8.13;758.49;0.00;0.00;0.00
10.12.2020;4:10:32;3.33;37.81;8.12;758.48;0.00;0.00;0.00
10.12.2020;4:11:32;3.33;37.78;8.11;758.46;0.00;0.00;0.00
10.12.2020;4:12:32;3.33;38.04;8.11;758.44;0.00;0.00;0.00
10.12.2020;4:13:32;3.33;37.99;8.12;758.44;0.00;0.00;0.00
10.12.2020;4:14:32;3.33;37.82;8.10;758.44;0.00;0.00;0.00
10.12.2020;4:15:32;3.33;38.01;8.09;758.44;0.00;0.00;0.00
10.12.2020;4:16:32;3.33;38.18;8.10;758.43;0.00;0.00;0.00
10.12.2020;4:17:32;3.33;37.91;8.11;758.43;0.00;0.00;0.00
10.12.2020;4:18:32;3.35;38.03;8.10;758.43;0.00;0.00;0.00
10.12.2020;4:19:32;3.33;38.14;8.10;758.42;0.00;0.00;0.00
10.12.2020;4:20:32;3.33;38.24;8.10;758.42;0.00;0.00;0.00
10.12.2020;4:21:32;3.35;37.91;8.10;758.41;0.00;0.00;0.00
10.12.2020;4:22:32;3.33;37.95;8.09;758.40;0.00;0.00;0.00
10.12.2020;4:23:32;3.33;38.04;8.09;758.39;0.00;0.00;0.00
10.12.2020;4:24:32;3.33;37.71;8.09;758.36;0.00;0.00;0.00
10.12.2020;4:25:32;3.33;38.08;8.09;758.37;0.00;0.00;0.00
10.12.2020;4:26:32;3.33;37.99;8.09;758.36;0.00;0.00;0.00
10.12.2020;4:27:32;3.33;37.83;8.08;758.34;0.00;0.00;0.00
10.12.2020;4:28:32;3.33;37.72;8.07;758.31;0.00;0.00;0.00
10.12.2020;4:29:32;3.33;37.78;8.06;758.29;0.00;0.00;0.00
10.12.2020;4:30:32;3.33;38.15;8.06;758.28;0.00;0.00;0.00
10.12.2020;4:31:32;3.33;38.18;8.06;758.28;0.00;0.00;0.00
10.12.2020;4:32:32;3.35;38.01;8.06;758.28;0.00;0.00;0.00
10.12.2020;4:33:32;3.33;37.73;8.06;758.27;0.00;0.00;0.00
10.12.2020;4:34:32;3.33;37.63;8.05;758.26;0.00;0.00;0.00
10.12.2020;4:35:32;3.35;37.86;8.05;758.22;0.00;0.00;0.00
10.12.2020;4:36:32;3.33;37.90;8.05;758.21;0.00;0.00;0.00
10.12.2020;4:37:32;3.33;37.87;8.05;758.19;0.00;0.00;0.00
10.12.2020;4:38:32;3.33;38.15;8.04;758.19;0.00;0.00;0.00
10.12.2020;4:39:32;3.33;38.01;8.04;758.20;0.00;0.00;0.00
10.12.2020;4:40:32;3.33;37.96;8.04;758.18;0.00;0.00;0.00
10.12.2020;4:41:32;3.33;37.68;8.03;758.14;0.00;0.00;0.00
10.12.2020;4:42:32;3.33;37.87;8.03;758.11;0.00;0.00;0.00
10.12.2020;4:43:33;3.33;37.85;8.02;758.09;0.00;0.00;0.00
10.12.2020;4:44:33;3.33;37.93;8.02;758.09;0.00;0.00;0.00
10.12.2020;4:45:33;3.33;37.97;8.01;758.10;0.00;0.00;0.00
10.12.2020;4:46:33;3.35;37.99;8.00;758.09;0.00;0.00;0.00
10.12.2020;4:47:33;3.33;37.78;7.99;758.10;0.00;0.00;0.00
10.12.2020;4:48:33;3.33;38.04;7.98;758.12;0.00;0.00;0.00
10.12.2020;4:49:33;3.35;37.98;7.98;758.13;0.00;0.00;0.00
10.12.2020;4:50:33;3.33;37.83;7.97;758.13;0.00;0.00;0.00
10.12.2020;4:51:33;3.33;37.89;7.96;758.13;0.00;0.00;0.00
10.12.2020;4:52:33;3.33;38.14;7.95;758.11;0.00;0.00;0.00
10.12.2020;4:53:33;3.33;38.06;7.94;758.10;0.00;0.00;0.00
10.12.2020;4:54:33;3.33;38.15;7.94;758.11;0.00;0.00;0.00
10.12.2020;4:55:33;3.33;38.08;7.94;758.12;0.00;0.00;0.00
10.12.2020;4:56:33;3.33;38.22;7.94;758.10;0.00;0.00;0.00
10.12.2020;4:57:33;3.33;38.05;7.95;758.07;0.00;0.00;0.00
10.12.2020;4:58:33;3.33;37.76;7.94;758.04;0.00;0.00;0.00
10.12.2020;4:59:33;3.33;37.74;7.92;758.04;0.00;0.00;0.00
10.12.2020;5:00:33;3.35;37.95;7.91;758.03;0.00;0.00;0.00
10.12.2020;5:01:33;3.33;37.93;7.91;758.04;0.00;0.00;0.00
10.12.2020;5:02:33;3.33;37.87;7.91;758.03;0.00;0.00;0.00
10.12.2020;5:03:33;3.35;38.09;7.91;758.02;0.00;0.00;0.00
10.12.2020;5:04:33;3.33;38.09;7.91;758.01;0.00;0.00;0.00
10.12.2020;5:05:33;3.33;38.26;7.91;758.02;0.00;0.00;0.00
10.12.2020;5:06:33;3.33;38.13;7.91;758.05;0.00;0.00;0.00
10.12.2020;5:07:33;3.33;38.32;7.91;758.07;0.00;0.00;0.00
10.12.2020;5:08:33;3.33;38.13;7.91;758.07;0.00;0.00;0.00
10.12.2020;5:09:33;3.33;38.23;7.90;758.05;0.00;0.00;0.00
10.12.2020;5:10:33;3.33;38.14;7.90;758.06;0.00;0.00;0.00
10.12.2020;5:11:33;3.33;38.21;7.88;758.06;0.00;0.00;0.00
10.12.2020;5:12:33;3.33;38.35;7.88;758.05;0.00;0.00;0.00
10.12.2020;5:13:33;3.33;38.26;7.88;758.03;0.00;0.00;0.00
10.12.2020;5:14:33;3.35;38.16;7.89;758.03;0.00;0.00;0.00
10.12.2020;5:15:33;3.33;38.06;7.88;758.04;0.00;0.00;0.00
10.12.2020;5:16:33;3.33;38.14;7.88;758.04;0.00;0.00;0.00
10.12.2020;5:17:33;3.36;38.06;7.88;758.05;0.00;0.00;0.00
10.12.2020;5:18:33;3.33;37.89;7.88;758.06;0.00;0.00;0.00
10.12.2020;5:19:33;3.33;38.29;7.87;758.05;0.00;0.00;0.00
10.12.2020;5:20:33;3.33;38.08;7.88;758.05;0.00;0.00;0.00
10.12.2020;5:21:34;3.33;38.05;7.87;758.04;0.00;0.00;0.00
10.12.2020;5:22:34;3.33;38.22;7.87;758.04;0.00;0.00;0.00
10.12.2020;5:23:34;3.33;38.12;7.87;758.06;0.00;0.00;0.00
10.12.2020;5:24:34;3.33;37.95;7.87;758.07;0.00;0.00;0.00
10.12.2020;5:25:34;3.33;38.21;7.87;758.08;0.00;0.00;0.00
10.12.2020;5:26:34;3.33;38.13;7.86;758.11;0.00;0.00;0.00
10.12.2020;5:27:34;3.33;38.20;7.86;758.11;0.00;0.00;0.00
10.12.2020;5:28:34;3.35;38.22;7.86;758.11;0.00;0.00;0.00
10.12.2020;5:29:34;3.33;38.22;7.86;758.10;0.00;0.00;0.00
10.12.2020;5:30:34;3.33;38.19;7.86;758.11;0.00;0.00;0.00
10.12.2020;5:31:34;3.35;38.07;7.86;758.10;0.00;0.00;0.00
10.12.2020;5:32:34;3.33;38.10;7.85;758.09;0.00;0.00;0.00
10.12.2020;5:33:34;3.33;38.04;7.85;758.06;0.00;0.00;0.00
10.12.2020;5:34:34;3.33;37.99;7.84;758.04;0.00;0.00;0.00
10.12.2020;5:35:34;3.33;38.05;7.84;758.03;0.00;0.00;0.00
10.12.2020;5:36:34;3.33;37.91;7.83;758.03;0.00;0.00;0.00
10.12.2020;5:37:34;3.33;37.90;7.83;758.02;0.00;0.00;0.00
10.12.2020;5:38:34;3.33;37.54;7.82;757.97;0.00;0.00;0.00
10.12.2020;5:39:34;3.33;38.01;7.81;757.94;0.00;0.00;0.00
10.12.2020;5:40:34;3.33;37.97;7.82;757.91;0.00;0.00;0.00
10.12.2020;5:41:34;3.33;38.11;7.81;757.90;0.00;0.00;0.00
10.12.2020;5:42:34;3.35;37.91;7.80;757.91;0.00;0.00;0.00
10.12.2020;5:43:34;3.33;38.13;7.80;757.91;0.00;0.00;0.00
10.12.2020;5:44:34;3.33;38.24;7.80;757.92;0.00;0.00;0.00
10.12.2020;5:45:34;3.35;37.97;7.79;757.92;0.00;0.00;0.00
10.12.2020;5:46:34;3.33;38.03;7.77;757.91;0.00;0.00;0.00
10.12.2020;5:47:34;3.33;38.05;7.77;757.90;0.00;0.00;0.00
10.12.2020;5:48:34;3.33;37.93;7.76;757.89;0.00;0.00;0.00
10.12.2020;5:49:34;3.33;38.17;7.77;757.90;0.00;0.00;0.00
10.12.2020;5:50:34;3.33;38.29;7.77;757.89;0.00;0.00;0.00
10.12.2020;5:51:34;3.33;38.26;7.77;757.90;0.00;0.00;0.00
10.12.2020;5:52:34;3.33;38.29;7.77;757.89;0.00;0.00;0.00
10.12.2020;5:53:34;3.33;38.28;7.77;757.90;0.00;0.00;0.00
10.12.2020;5:54:34;3.33;37.98;7.77;757.88;0.00;0.00;0.00
10.12.2020;5:55:34;3.33;38.06;7.77;757.87;0.00;0.00;0.00
10.12.2020;5:56:34;3.35;38.09;7.76;757.85;0.00;0.00;0.00
10.12.2020;5:57:34;3.33;37.93;7.76;757.82;0.00;0.00;0.00
10.12.2020;5:58:34;3.33;37.94;7.76;757.80;0.00;0.00;0.00
10.12.2020;5:59:35;3.35;38.11;7.75;757.80;0.00;0.00;0.00
10.12.2020;6:00:35;3.33;38.01;7.75;757.79;0.00;0.00;0.00
10.12.2020;6:01:35;3.33;37.88;7.74;757.80;0.00;0.00;0.00
10.12.2020;6:02:35;3.33;38.16;7.73;757.80;0.00;0.00;0.00
10.12.2020;6:03:35;3.33;37.97;7.72;757.79;0.00;0.00;0.00
10.12.2020;6:04:35;3.33;38.07;7.72;757.79;0.00;0.00;0.00
10.12.2020;6:05:35;3.33;37.88;7.71;757.78;0.00;0.00;0.00
10.12.2020;6:06:35;3.33;37.95;7.70;757.78;0.00;0.00;0.00
10.12.2020;6:07:35;3.33;38.09;7.70;757.77;0.00;0.00;0.00
10.12.2020;6:08:35;3.33;38.10;7.69;757.75;0.00;0.00;0.00
10.12.2020;6:09:35;3.33;38.12;7.68;757.73;0.00;0.00;0.00
10.12.2020;6:10:35;3.35;38.16;7.68;757.71;0.00;0.00;0.00
10.12.2020;6:11:35;3.33;38.16;7.67;757.73;0.00;0.00;0.00
10.12.2020;6:12:35;3.33;38.28;7.67;757.72;0.00;0.00;0.00
10.12.2020;6:13:35;3.36;38.23;7.68;757.70;0.00;0.00;0.00
10.12.2020;6:14:35;3.33;38.10;7.68;757.66;0.00;0.00;0.00
10.12.2020;6:15:35;3.33;38.01;7.68;757.64;0.00;0.00;0.00
10.12.2020;6:16:35;3.33;38.10;7.68;757.60;0.00;0.00;0.00
10.12.2020;6:17:35;3.33;38.13;7.69;757.57;0.00;0.00;0.00
10.12.2020;6:18:35;3.33;38.02;7.70;757.55;0.00;0.00;0.00
10.12.2020;6:19:35;3.33;37.88;7.70;757.55;0.00;0.00;0.00
10.12.2020;6:20:35;3.33;37.90;7.70;757.55;0.00;0.00;0.00
10.12.2020;6:21:35;3.33;37.89;7.70;757.54;0.00;0.00;0.00
10.12.2020;6:22:35;3.33;37.92;7.71;757.53;0.00;0.00;0.00
10.12.2020;6:23:35;3.33;37.89;7.71;757.53;0.00;0.00;0.00
10.12.2020;6:24:35;3.35;37.81;7.71;757.53;0.00;0.00;0.00
10.12.2020;6:25:35;3.33;37.81;7.71;757.56;0.00;0.00;0.00
10.12.2020;6:26:35;3.33;37.93;7.72;757.55;0.00;0.00;0.00
10.12.2020;6:27:35;3.35;37.88;7.72;757.56;0.00;0.00;0.00
10.12.2020;6:28:35;3.33;37.92;7.73;757.56;0.00;0.00;0.00
10.12.2020;6:29:35;3.33;37.74;7.74;757.57;0.00;0.00;0.00
10.12.2020;6:30:35;3.33;37.83;7.74;757.57;0.00;0.00;0.00
10.12.2020;6:31:35;3.33;37.62;7.74;757.56;0.00;0.00;0.00
10.12.2020;6:32:35;3.33;37.65;7.74;757.55;0.00;0.00;0.00
10.12.2020;6:33:35;3.33;37.82;7.74;757.55;0.00;0.00;0.00
10.12.2020;6:34:35;3.33;37.59;7.74;757.56;0.00;0.00;0.00
10.12.2020;6:35:35;3.33;37.65;7.75;757.56;0.00;0.00;0.00
10.12.2020;6:36:36;3.33;37.74;7.75;757.56;0.00;0.00;0.00
10.12.2020;6:37:36;3.33;37.72;7.75;757.57;0.00;0.00;0.00
10.12.2020;6:38:36;3.35;37.43;7.75;757.58;0.00;0.00;0.00
10.12.2020;6:39:36;3.33;37.76;7.75;757.59;0.00;0.00;0.00
10.12.2020;6:40:36;3.33;37.54;7.76;757.60;0.00;0.00;0.00
10.12.2020;6:41:36;3.35;37.77;7.76;757.61;0.00;0.00;0.00
10.12.2020;6:42:36;3.33;37.73;7.77;757.63;0.00;0.00;0.00
10.12.2020;6:43:36;3.33;37.59;7.77;757.63;0.00;0.00;0.00
10.12.2020;6:44:36;3.33;37.67;7.77;757.63;0.00;0.00;0.00
10.12.2020;6:45:36;3.33;37.77;7.78;757.62;0.00;0.00;0.00
10.12.2020;6:46:36;3.33;37.55;7.79;757.62;0.00;0.00;0.00
10.12.2020;6:47:36;3.33;37.55;7.78;757.63;0.00;0.00;0.00
10.12.2020;6:48:36;3.33;37.66;7.78;757.63;0.00;0.00;0.00
10.12.2020;6:49:36;3.33;37.70;7.79;757.63;0.00;0.00;0.00
10.12.2020;6:50:36;3.33;37.55;7.79;757.62;0.00;0.00;0.00
10.12.2020;6:51:36;3.33;37.39;7.79;757.60;0.00;0.00;0.00
10.12.2020;6:52:36;3.35;37.40;7.79;757.58;0.00;0.00;0.00
10.12.2020;6:53:36;3.33;37.38;7.80;757.57;0.00;0.00;0.00
10.12.2020;6:54:36;3.33;37.46;7.80;757.56;0.00;0.00;0.00
10.12.2020;6:55:36;3.36;37.43;7.79;757.56;0.00;0.00;0.00
10.12.2020;6:56:36;3.33;37.45;7.80;757.56;0.00;0.00;0.00
10.12.2020;6:57:36;3.33;37.35;7.79;757.54;0.00;0.00;0.00
10.12.2020;6:58:36;3.33;37.17;7.78;757.52;0.00;0.00;0.00
10.12.2020;6:59:36;3.33;37.38;7.78;757.50;0.00;0.00;0.00
10.12.2020;7:00:36;3.33;37.49;7.78;757.52;0.00;0.00;0.00
10.12.2020;7:01:36;3.33;37.50;7.78;757.53;0.00;0.00;0.00
10.12.2020;7:02:36;3.33;37.47;7.78;757.52;0.00;0.00;0.00
10.12.2020;7:03:36;3.33;37.38;7.79;757.51;0.00;0.00;0.00
10.12.2020;7:04:36;3.33;37.48;7.78;757.51;0.00;0.00;0.00
10.12.2020;7:05:36;3.33;37.52;7.79;757.51;0.00;0.00;0.00
10.12.2020;7:06:36;3.35;37.40;7.79;757.52;0.00;0.00;0.00
10.12.2020;7:07:36;3.33;37.48;7.79;757.51;0.00;0.00;0.00
10.12.2020;7:08:36;3.33;37.52;7.79;757.51;0.00;0.00;0.00
10.12.2020;7:09:36;3.36;37.46;7.79;757.50;0.00;0.00;0.00
10.12.2020;7:10:36;3.33;37.50;7.79;757.49;0.00;0.00;0.00
10.12.2020;7:11:36;3.33;37.42;7.79;757.48;0.00;0.00;0.00
10.12.2020;7:12:36;3.35;37.35;7.79;757.47;0.00;0.00;0.00
10.12.2020;7:13:36;3.33;37.49;7.79;757.48;0.00;0.00;0.00
10.12.2020;7:14:37;3.33;37.47;7.78;757.50;0.00;0.00;0.00
10.12.2020;7:15:37;3.33;37.38;7.79;757.49;0.00;0.00;0.00
10.12.2020;7:16:37;3.33;37.38;7.79;757.50;0.00;0.00;0.00
10.12.2020;7:17:37;3.33;37.37;7.80;757.51;0.00;0.00;0.00
10.12.2020;7:18:37;3.33;37.36;7.80;757.50;0.00;0.00;0.00
10.12.2020;7:19:37;3.33;37.36;7.79;757.49;0.00;0.00;0.00
10.12.2020;7:20:37;3.36;37.03;7.78;757.50;0.00;0.00;0.00
10.12.2020;7:21:37;3.36;37.37;7.78;757.51;0.00;0.00;0.00
10.12.2020;7:22:37;4.11;37.45;7.78;757.53;0.00;0.00;0.00
10.12.2020;7:23:37;4.19;37.45;7.78;757.55;0.00;0.00;0.00
10.12.2020;7:24:37;4.17;37.35;7.78;757.55;0.00;0.00;0.00
10.12.2020;7:25:37;4.17;37.32;7.77;757.56;0.00;0.00;0.00
10.12.2020;7:26:37;4.53;37.27;7.76;757.57;0.00;0.00;0.00
10.12.2020;7:27:37;5.00;37.44;7.76;757.60;0.00;0.00;0.00
10.12.2020;7:28:37;5.00;37.42;7.76;757.62;0.00;0.00;0.00
10.12.2020;7:29:37;5.00;37.33;7.76;757.61;0.00;0.00;0.00
10.12.2020;7:30:37;5.75;37.51;7.76;757.62;0.00;0.00;0.00
10.12.2020;7:31:37;5.83;37.47;7.77;757.61;0.00;0.00;0.00
10.12.2020;7:32:37;6.19;37.48;7.77;757.62;0.00;0.00;0.00
10.12.2020;7:33:37;6.67;37.41;7.78;757.64;0.00;0.00;0.00
10.12.2020;7:34:37;7.18;37.50;7.78;757.66;0.00;0.00;0.00
10.12.2020;7:35:37;7.50;37.41;7.78;757.66;0.00;0.00;0.00
10.12.2020;7:36:37;8.12;37.42;7.79;757.66;0.00;0.00;0.00
10.12.2020;7:37:37;8.36;37.43;7.81;757.67;0.00;0.00;0.00
10.12.2020;7:38:37;8.99;37.45;7.81;757.69;0.00;0.00;0.00
10.12.2020;7:39:37;9.52;37.47;7.81;757.69;0.00;0.00;0.00
10.12.2020;7:40:37;10.04;37.44;7.81;757.69;0.00;0.00;0.00
10.12.2020;7:41:37;10.97;37.44;7.82;757.68;0.00;0.00;0.00
10.12.2020;7:42:37;12.09;37.48;7.83;757.67;0.00;0.00;0.00
10.12.2020;7:43:37;12.74;37.42;7.84;757.66;0.00;0.00;0.00
10.12.2020;7:44:37;13.69;37.40;7.84;757.67;0.00;0.00;0.00
10.12.2020;7:45:37;14.72;37.39;7.85;757.68;0.00;0.00;0.00
10.12.2020;7:46:37;15.49;37.48;7.86;757.71;0.00;0.00;0.00
10.12.2020;7:47:37;16.60;37.37;7.86;757.72;0.01;0.00;0.00
10.12.2020;7:48:37;17.81;37.44;7.87;757.73;0.01;0.00;0.00
10.12.2020;7:49:37;18.42;37.33;7.86;757.70;0.02;0.00;0.00
10.12.2020;7:50:37;19.32;37.42;7.87;757.69;0.02;0.00;0.00
10.12.2020;7:51:37;20.03;37.47;7.88;757.70;0.02;0.00;0.00
10.12.2020;7:52:38;21.36;37.38;7.90;757.68;0.03;0.00;0.00
10.12.2020;7:53:38;23.32;37.41;7.91;757.66;0.03;0.00;0.00
10.12.2020;7:54:38;24.38;37.25;7.91;757.64;0.03;0.00;0.00
10.12.2020;7:55:38;25.94;37.35;7.92;757.65;0.04;0.00;0.00
10.12.2020;7:56:38;26.29;37.31;7.93;757.66;0.04;0.00;0.00
10.12.2020;7:57:38;28.32;37.28;7.93;757.67;0.05;0.00;0.00
10.12.2020;7:58:38;32.26;37.31;7.95;757.69;0.07;0.00;0.00
10.12.2020;7:59:38;35.64;37.25;7.96;757.70;0.09;0.00;0.00
10.12.2020;8:00:38;39.21;37.23;7.97;757.70;0.10;0.00;0.00
10.12.2020;8:01:38;44.51;37.18;7.97;757.69;0.13;0.00;0.00
10.12.2020;8:02:38;48.78;37.14;7.99;757.69;0.15;0.00;0.00
10.12.2020;8:03:38;51.92;37.17;7.99;757.65;0.16;0.00;0.00
10.12.2020;8:04:38;53.90;37.20;8.00;757.65;0.17;0.00;0.00
10.12.2020;8:05:38;56.57;37.20;8.01;757.65;0.18;0.00;0.00
10.12.2020;8:06:38;60.57;37.19;8.02;757.65;0.20;0.00;0.00
10.12.2020;8:07:38;64.44;37.16;8.03;757.66;0.21;0.00;0.00
10.12.2020;8:08:38;73.75;36.98;8.05;757.68;0.25;0.00;0.00
10.12.2020;8:09:38;76.50;36.93;8.04;757.68;0.26;0.00;0.00
10.12.2020;8:10:38;78.36;37.07;8.05;757.67;0.26;0.00;0.00
10.12.2020;8:11:38;84.15;36.89;8.05;757.67;0.28;0.00;0.00
10.12.2020;8:12:38;90.78;36.97;8.05;757.66;0.31;0.00;0.00
10.12.2020;8:13:38;95.72;36.94;8.06;757.64;0.33;0.00;0.00
10.12.2020;8:14:38;98.85;37.05;8.07;757.65;0.33;0.00;0.00
10.12.2020;8:15:38;98.18;36.94;8.07;757.65;0.32;0.00;0.00
10.12.2020;8:16:38;99.67;36.92;8.07;757.62;0.32;0.00;0.00
10.12.2020;8:17:38;106.47;36.81;8.07;757.61;0.34;0.00;0.00
10.12.2020;8:18:38;113.71;36.98;8.07;757.61;0.37;0.00;0.00
10.12.2020;8:19:38;117.08;36.97;8.08;757.60;0.39;0.00;0.00
10.12.2020;8:20:38;122.85;36.86;8.08;757.59;0.42;0.00;0.00
10.12.2020;8:21:38;137.53;36.92;8.09;757.57;0.49;0.13;0.06
10.12.2020;8:22:38;156.94;36.82;8.10;757.56;0.57;0.28;0.16
10.12.2020;8:23:38;168.55;36.83;8.11;757.54;0.61;0.34;0.21
10.12.2020;8:24:38;172.61;36.90;8.11;757.54;0.62;0.34;0.21
10.12.2020;8:25:39;176.08;36.92;8.13;757.53;0.63;0.36;0.23
10.12.2020;8:26:39;181.54;36.91;8.14;757.52;0.65;0.39;0.26
10.12.2020;8:27:39;189.61;36.88;8.15;757.52;0.68;0.45;0.31
10.12.2020;8:28:39;198.14;36.88;8.17;757.49;0.73;0.52;0.37
10.12.2020;8:29:39;207.97;36.79;8.17;757.47;0.77;0.59;0.45
10.12.2020;8:30:39;218.04;36.80;8.18;757.47;0.81;0.66;0.54
10.12.2020;8:31:39;220.99;36.85;8.20;757.48;0.83;0.69;0.57
10.12.2020;8:32:39;223.37;36.79;8.21;757.49;0.84;0.70;0.59
10.12.2020;8:33:39;211.88;36.71;8.23;757.50;0.80;0.62;0.49
10.12.2020;8:34:39;207.01;36.75;8.23;757.52;0.79;0.61;0.48
10.12.2020;8:35:39;218.71;36.74;8.25;757.53;0.82;0.67;0.55
10.12.2020;8:36:39;226.25;36.73;8.28;757.54;0.83;0.70;0.58
10.12.2020;8:37:39;236.74;36.74;8.29;757.53;0.86;0.73;0.62
10.12.2020;8:38:39;252.91;36.66;8.32;757.54;0.91;0.82;0.75
10.12.2020;8:39:39;266.54;36.69;8.33;757.53;0.96;0.90;0.86
10.12.2020;8:40:39;268.57;36.65;8.35;757.54;0.97;0.90;0.87
10.12.2020;8:41:39;277.35;36.52;8.37;757.52;1.00;0.96;0.96
10.12.2020;8:42:39;284.93;36.47;8.38;757.49;1.02;1.00;1.02
10.12.2020;8:43:39;281.22;36.37;8.40;757.48;1.00;0.98;0.98
10.12.2020;8:44:39;276.58;36.35;8.41;757.48;0.98;0.94;0.92
10.12.2020;8:45:39;287.88;36.50;8.42;757.47;1.02;1.00;1.02
10.12.2020;8:46:39;303.85;36.42;8.43;757.47;1.08;1.10;1.18
10.12.2020;8:47:39;309.36;36.39;8.44;757.44;1.10;1.14;1.25
10.12.2020;8:48:39;319.32;36.30;8.44;757.43;1.14;1.21;1.38
10.12.2020;8:49:39;333.17;36.31;8.45;757.42;1.19;1.28;1.51
10.12.2020;8:50:39;353.74;36.25;8.46;757.39;1.25;1.39;1.73
10.12.2020;8:51:39;348.07;36.11;8.47;757.37;1.22;1.33;1.61
10.12.2020;8:52:39;330.93;36.23;8.47;757.38;1.16;1.24;1.44
10.12.2020;8:53:39;322.75;36.15;8.47;757.37;1.13;1.20;1.36
10.12.2020;8:54:39;319.70;36.26;8.47;757.38;1.12;1.18;1.31
10.12.2020;8:55:39;321.61;36.30;8.48;757.37;1.12;1.18;1.32
10.12.2020;8:56:39;338.94;36.24;8.49;757.36;1.18;1.28;1.50
10.12.2020;8:57:40;351.88;36.11;8.49;757.37;1.21;1.32;1.60
10.12.2020;8:58:40;371.40;36.29;8.50;757.39;1.27;1.42;1.80
10.12.2020;8:59:40;387.39;36.07;8.51;757.40;1.31;1.49;1.96
10.12.2020;9:00:40;389.86;36.27;8.52;757.40;1.31;1.48;1.94
10.12.2020;9:01:40;387.72;36.11;8.52;757.38;1.30;1.47;1.90
10.12.2020;9:02:40;390.14;36.14;8.53;757.39;1.30;1.47;1.92
10.12.2020;9:03:40;400.18;36.13;8.54;757.38;1.33;1.51;2.01
10.12.2020;9:04:40;402.37;36.16;8.54;757.36;1.33;1.52;2.01
10.12.2020;9:05:40;406.37;36.17;8.55;757.37;1.34;1.53;2.04
10.12.2020;9:06:40;408.11;36.20;8.56;757.37;1.34;1.53;2.06
10.12.2020;9:07:40;408.57;36.21;8.57;757.37;1.33;1.53;2.04
10.12.2020;9:08:40;404.78;36.23;8.58;757.36;1.32;1.51;1.99
10.12.2020;9:09:40;406.05;36.21;8.59;757.36;1.33;1.51;2.00
10.12.2020;9:10:40;409.21;36.03;8.60;757.35;1.33;1.52;2.03
10.12.2020;9:11:40;407.08;35.97;8.60;757.35;1.32;1.50;1.99
10.12.2020;9:12:40;406.68;36.16;8.61;757.36;1.33;1.53;2.03
10.12.2020;9:13:40;423.88;36.17;8.62;757.35;1.38;1.60;2.22
10.12.2020;9:14:40;437.50;36.12;8.64;757.35;1.41;1.64;2.33
10.12.2020;9:15:40;439.82;36.09;8.66;757.34;1.41;1.64;2.31
10.12.2020;9:16:40;446.43;36.12;8.67;757.32;1.43;1.68;2.41
10.12.2020;9:17:40;461.18;36.16;8.68;757.31;1.47;1.74;2.56
10.12.2020;9:18:40;480.45;36.14;8.70;757.32;1.53;1.84;2.81
10.12.2020;9:19:40;509.54;36.00;8.73;757.31;1.61;1.99;3.20
10.12.2020;9:20:40;543.03;35.87;8.74;757.31;1.71;2.14;3.65
10.12.2020;9:21:40;565.27;35.95;8.76;757.32;1.76;2.20;3.87
10.12.2020;9:22:40;573.89;35.91;8.78;757.34;1.77;2.21;3.92
10.12.2020;9:23:40;575.23;35.99;8.80;757.36;1.78;2.21;3.92
10.12.2020;9:24:40;582.31;35.95;8.82;757.34;1.80;2.22;3.99
10.12.2020;9:25:40;601.92;35.92;8.85;757.34;1.85;2.27;4.21
10.12.2020;9:26:40;619.76;35.88;8.87;757.32;1.90;2.33;4.42
10.12.2020;9:27:40;627.83;35.77;8.90;757.31;1.91;2.36;4.50
10.12.2020;9:28:40;634.83;35.81;8.92;757.30;1.92;2.40;4.61
10.12.2020;9:29:40;624.06;35.74;8.94;757.32;1.88;2.31;4.33
10.12.2020;9:30:41;596.81;35.52;8.94;757.34;1.79;2.22;3.97
10.12.2020;9:31:41;602.44;35.56;8.95;757.34;1.80;2.23;4.02
10.12.2020;9:32:41;616.94;35.45;8.95;757.33;1.84;2.27;4.18
10.12.2020;9:33:41;631.93;35.47;8.96;757.34;1.89;2.32;4.40
10.12.2020;9:34:41;651.42;35.65;8.97;757.36;1.96;2.46;4.81
10.12.2020;9:35:41;676.81;35.53;8.99;757.35;2.03;2.61;5.30
10.12.2020;9:36:41;694.04;35.60;9.00;757.32;2.06;2.66;5.50
10.12.2020;9:37:41;701.81;35.64;9.02;757.30;2.07;2.69;5.58
10.12.2020;9:38:41;705.01;35.51;9.03;757.30;2.07;2.70;5.60
10.12.2020;9:39:41;722.69;35.23;9.04;757.29;2.13;2.78;5.92
10.12.2020;9:40:41;762.20;35.51;9.06;757.29;2.25;2.99;6.73
10.12.2020;9:41:41;801.62;35.39;9.08;757.28;2.37;3.19;7.56
10.12.2020;9:42:41;823.02;35.35;9.10;757.27;2.40;3.25;7.79
10.12.2020;9:43:41;819.81;35.27;9.12;757.26;2.36;3.17;7.48
10.12.2020;9:44:41;819.43;35.35;9.14;757.29;2.33;3.15;7.34
10.12.2020;9:45:41;800.21;35.24;9.16;757.28;2.27;3.03;6.86
10.12.2020;9:46:41;768.06;35.39;9.16;757.29;2.16;2.85;6.16
10.12.2020;9:47:41;729.00;35.15;9.17;757.31;2.05;2.65;5.42
10.12.2020;9:48:41;716.39;35.31;9.16;757.33;2.03;2.60;5.28
10.12.2020;9:49:41;699.15;35.26;9.17;757.35;1.96;2.47;4.86
10.12.2020;9:50:41;688.33;35.19;9.17;757.35;1.92;2.38;4.57
10.12.2020;9:51:41;685.53;35.25;9.16;757.33;1.92;2.38;4.57
10.12.2020;9:52:41;697.32;35.35;9.17;757.31;1.95;2.46;4.81
10.12.2020;9:53:41;690.04;35.35;9.17;757.30;1.92;2.38;4.57
10.12.2020;9:54:41;705.21;35.18;9.18;757.29;1.94;2.43;4.72
10.12.2020;9:55:41;704.00;35.24;9.17;757.28;1.91;2.37;4.52
10.12.2020;9:56:41;711.74;35.19;9.17;757.28;1.93;2.40;4.63
10.12.2020;9:57:41;711.50;35.11;9.16;757.28;1.95;2.46;4.80
10.12.2020;9:58:41;703.94;35.31;9.16;757.28;1.96;2.45;4.79
10.12.2020;9:59:41;697.25;35.10;9.16;757.30;1.93;2.42;4.68
10.12.2020;10:00:41;681.46;35.38;9.17;757.30;1.88;2.34;4.39
10.12.2020;10:01:41;691.49;35.29;9.18;757.30;1.91;2.37;4.52
10.12.2020;10:02:42;675.31;35.18;9.17;757.30;1.85;2.29;4.24
10.12.2020;10:03:42;682.21;35.09;9.16;757.29;1.86;2.32;4.31
10.12.2020;10:04:42;657.70;35.36;9.16;757.26;1.79;2.22;3.96
10.12.2020;10:05:42;694.46;35.30;9.16;757.23;1.93;2.40;4.63
10.12.2020;10:06:42;703.53;35.30;9.16;757.21;1.99;2.52;5.02
10.12.2020;10:07:42;733.33;35.30;9.17;757.20;2.07;2.68;5.53
10.12.2020;10:08:42;772.92;35.34;9.18;757.18;2.14;2.82;6.02
10.12.2020;10:09:42;768.39;35.25;9.20;757.16;2.11;2.76;5.83
10.12.2020;10:10:42;777.96;35.12;9.21;757.13;2.16;2.85;6.15
10.12.2020;10:11:42;775.79;35.07;9.21;757.14;2.17;2.88;6.25
10.12.2020;10:12:42;781.04;35.09;9.22;757.12;2.21;2.92;6.45
10.12.2020;10:13:42;792.36;35.11;9.24;757.14;2.24;2.98;6.68
10.12.2020;10:14:42;786.37;35.20;9.25;757.11;2.22;2.95;6.53
10.12.2020;10:15:42;763.75;35.18;9.26;757.10;2.14;2.82;6.05
10.12.2020;10:16:42;771.44;35.13;9.26;757.08;2.16;2.86;6.18
10.12.2020;10:17:42;785.94;35.20;9.27;757.08;2.22;2.95;6.54
10.12.2020;10:18:42;809.66;35.21;9.29;757.07;2.30;3.09;7.11
10.12.2020;10:19:42;863.50;35.11;9.31;757.06;2.44;3.31;8.07
10.12.2020;10:20:42;884.89;35.04;9.32;757.07;2.48;3.38;8.39
10.12.2020;10:21:42;886.45;35.14;9.34;757.08;2.49;3.39;8.45
10.12.2020;10:22:42;897.82;35.16;9.36;757.08;2.53;3.46;8.77
10.12.2020;10:23:42;939.68;35.01;9.38;757.05;2.65;3.67;9.73
10.12.2020;10:24:42;1006.82;34.73;9.40;757.02;2.79;3.89;10.89
10.12.2020;10:25:42;1027.74;34.84;9.42;756.98;2.81;3.91;10.99
10.12.2020;10:26:42;1029.03;34.88;9.45;756.95;2.79;3.90;10.89
10.12.2020;10:27:42;1016.74;34.68;9.47;756.93;2.75;3.82;10.50
10.12.2020;10:28:42;992.49;34.78;9.48;756.91;2.68;3.71;9.95
10.12.2020;10:29:42;970.01;34.77;9.50;756.92;2.64;3.64;9.59
10.12.2020;10:30:42;970.13;34.76;9.50;756.92;2.63;3.63;9.55
10.12.2020;10:31:42;983.47;34.87;9.53;756.90;2.66;3.69;9.79
10.12.2020;10:32:42;962.90;34.79;9.53;756.88;2.61;3.59;9.36
10.12.2020;10:33:43;954.22;34.87;9.55;756.86;2.59;3.55;9.19
10.12.2020;10:34:43;968.21;34.70;9.56;756.85;2.61;3.60;9.38
10.12.2020;10:35:43;959.48;34.53;9.56;756.85;2.58;3.54;9.14
10.12.2020;10:36:43;956.67;34.56;9.57;756.85;2.58;3.55;9.14
10.12.2020;10:37:43;946.99;34.71;9.57;756.85;2.56;3.52;9.03
10.12.2020;10:38:43;954.05;34.70;9.59;756.86;2.58;3.55;9.15
10.12.2020;10:39:43;956.47;34.65;9.60;756.87;2.59;3.56;9.19
10.12.2020;10:40:43;960.13;34.67;9.62;756.85;2.59;3.56;9.22
10.12.2020;10:41:43;965.21;34.54;9.62;756.84;2.59;3.57;9.25
10.12.2020;10:42:43;957.05;34.60;9.62;756.83;2.59;3.57;9.24
10.12.2020;10:43:43;935.75;34.61;9.62;756.85;2.54;3.48;8.87
10.12.2020;10:44:43;917.72;34.73;9.63;756.85;2.50;3.40;8.50
10.12.2020;10:45:43;885.72;34.71;9.63;756.85;2.43;3.29;7.97
10.12.2020;10:46:43;846.50;34.53;9.62;756.87;2.34;3.16;7.38
10.12.2020;10:47:43;807.23;34.61;9.59;756.89;2.24;2.99;6.71
10.12.2020;10:48:43;792.29;34.78;9.58;756.88;2.21;2.94;6.51
10.12.2020;10:49:43;798.37;34.77;9.57;756.88;2.22;2.96;6.59
10.12.2020;10:50:43;807.03;34.76;9.57;756.87;2.23;2.99;6.67
10.12.2020;10:51:43;792.33;34.79;9.57;756.88;2.20;2.91;6.39
10.12.2020;10:52:43;784.65;34.64;9.56;756.88;2.17;2.88;6.27
10.12.2020;10:53:43;770.96;34.67;9.55;756.89;2.15;2.84;6.11
10.12.2020;10:54:43;752.02;34.85;9.55;756.89;2.11;2.77;5.86
10.12.2020;10:55:43;739.69;34.83;9.54;756.88;2.08;2.71;5.63
10.12.2020;10:56:43;721.96;34.87;9.53;756.88;2.04;2.62;5.33
10.12.2020;10:57:43;710.25;34.93;9.53;756.88;2.00;2.55;5.10
10.12.2020;10:58:43;694.69;35.00;9.52;756.87;1.96;2.48;4.87
10.12.2020;10:59:43;690.75;35.01;9.52;756.86;1.96;2.48;4.86
10.12.2020;11:00:43;705.49;34.96;9.51;756.86;2.00;2.53;5.06
10.12.2020;11:01:43;714.32;35.00;9.50;756.85;2.01;2.58;5.19
10.12.2020;11:02:43;710.48;34.97;9.51;756.85;2.00;2.56;5.13
10.12.2020;11:03:43;717.07;34.77;9.50;756.84;2.02;2.61;5.27
10.12.2020;11:04:44;719.56;34.68;9.48;756.84;2.03;2.61;5.29
10.12.2020;11:05:44;716.38;34.94;9.48;756.84;2.02;2.60;5.25
10.12.2020;11:06:44;728.25;34.82;9.48;756.84;2.05;2.65;5.43
10.12.2020;11:07:44;729.08;34.85;9.48;756.83;2.05;2.65;5.44
10.12.2020;11:08:44;766.68;34.97;9.48;756.81;2.15;2.84;6.11
10.12.2020;11:09:44;784.89;34.88;9.49;756.80;2.20;2.91;6.40
10.12.2020;11:10:44;792.29;34.89;9.49;756.80;2.22;2.94;6.52
10.12.2020;11:11:44;805.68;35.05;9.50;756.81;2.25;3.01;6.76
10.12.2020;11:12:44;812.90;34.86;9.51;756.81;2.27;3.04;6.88
10.12.2020;11:13:44;809.78;34.95;9.52;756.81;2.26;3.01;6.81
10.12.2020;11:14:44;816.29;34.82;9.53;756.78;2.29;3.07;7.04
10.12.2020;11:15:44;831.38;34.88;9.53;756.77;2.33;3.12;7.25
10.12.2020;11:16:44;843.02;34.93;9.53;756.76;2.36;3.18;7.52
10.12.2020;11:17:44;885.53;34.88;9.54;756.75;2.45;3.33;8.18
10.12.2020;11:18:44;898.63;34.78;9.55;756.77;2.48;3.40;8.43
10.12.2020;11:19:44;920.03;34.95;9.57;756.77;2.53;3.47;8.77
10.12.2020;11:20:44;928.00;35.00;9.61;756.75;2.56;3.50;8.97
10.12.2020;11:21:44;942.51;34.80;9.63;756.73;2.59;3.57;9.25
10.12.2020;11:22:44;975.75;34.73;9.64;756.72;2.66;3.68;9.78
10.12.2020;11:23:44;992.56;34.83;9.67;756.70;2.69;3.72;10.02
10.12.2020;11:24:44;994.33;34.72;9.68;756.69;2.69;3.73;10.05
10.12.2020;11:25:44;975.88;34.67;9.69;756.68;2.65;3.68;9.75
10.12.2020;11:26:44;956.00;34.74;9.71;756.67;2.60;3.59;9.33
10.12.2020;11:27:44;951.11;34.52;9.71;756.64;2.60;3.59;9.34
10.12.2020;11:28:44;912.02;34.62;9.72;756.64;2.52;3.46;8.72
10.12.2020;11:29:44;868.25;34.65;9.72;756.62;2.42;3.28;7.92
10.12.2020;11:30:44;834.55;34.70;9.72;756.62;2.34;3.15;7.39
10.12.2020;11:31:44;811.40;34.69;9.72;756.62;2.29;3.08;7.05
10.12.2020;11:32:44;840.17;34.65;9.72;756.63;2.36;3.17;7.48
10.12.2020;11:33:44;875.54;34.61;9.73;756.62;2.44;3.31;8.08
10.12.2020;11:34:44;865.94;34.68;9.75;756.62;2.42;3.30;7.99
10.12.2020;11:35:45;860.85;34.61;9.76;756.63;2.41;3.27;7.86
10.12.2020;11:36:45;840.81;34.67;9.77;756.65;2.36;3.19;7.53
10.12.2020;11:37:45;844.54;34.65;9.78;756.65;2.38;3.22;7.68
10.12.2020;11:38:45;871.37;34.47;9.78;756.64;2.44;3.31;8.07
10.12.2020;11:39:45;879.75;34.64;9.79;756.63;2.47;3.35;8.27
10.12.2020;11:40:45;896.65;34.62;9.82;756.63;2.50;3.41;8.52
10.12.2020;11:41:45;889.00;34.60;9.84;756.63;2.48;3.38;8.40
10.12.2020;11:42:45;929.34;34.61;9.85;756.63;2.57;3.53;9.05
10.12.2020;11:43:45;909.57;34.58;9.87;756.62;2.51;3.44;8.64
10.12.2020;11:44:45;923.44;34.41;9.88;756.62;2.55;3.50;8.93
10.12.2020;11:45:45;921.81;34.30;9.89;756.62;2.54;3.48;8.82
10.12.2020;11:46:45;897.75;34.27;9.90;756.61;2.48;3.37;8.35
10.12.2020;11:47:45;853.22;34.28;9.90;756.63;2.38;3.22;7.66
10.12.2020;11:48:45;818.72;34.49;9.91;756.66;2.29;3.06;7.02
10.12.2020;11:49:45;803.57;34.46;9.91;756.68;2.27;3.03;6.87
10.12.2020;11:50:45;791.27;34.44;9.92;756.72;2.23;2.97;6.64
10.12.2020;11:51:45;756.67;34.51;9.92;756.73;2.14;2.81;6.01
10.12.2020;11:52:45;772.44;34.46;9.91;756.71;2.20;2.92;6.41
10.12.2020;11:53:45;792.81;34.30;9.91;756.69;2.23;2.97;6.62
10.12.2020;11:54:45;756.07;34.44;9.91;756.68;2.12;2.77;5.87
10.12.2020;11:55:45;728.62;34.43;9.91;756.66;2.04;2.64;5.39
10.12.2020;11:56:45;716.25;34.53;9.90;756.66;2.01;2.58;5.19
10.12.2020;11:57:45;741.44;34.43;9.91;756.63;2.09;2.71;5.67
10.12.2020;11:58:45;757.69;34.56;9.92;756.62;2.14;2.80;5.98
10.12.2020;11:59:45;732.40;34.47;9.92;756.63;2.07;2.70;5.60
10.12.2020;12:00:45;684.78;34.59;9.92;756.64;1.95;2.46;4.81
10.12.2020;12:01:45;659.46;34.66;9.92;756.67;1.89;2.33;4.41
10.12.2020;12:02:45;633.71;34.66;9.92;756.70;1.81;2.25;4.08
10.12.2020;12:03:45;567.94;34.66;9.92;756.68;1.63;2.03;3.32
10.12.2020;12:04:45;559.39;34.71;9.91;756.68;1.62;2.01;3.25
10.12.2020;12:05:45;577.38;34.68;9.90;756.67;1.67;2.09;3.48
10.12.2020;12:06:45;579.87;34.66;9.90;756.66;1.68;2.10;3.53
10.12.2020;12:07:46;575.54;34.64;9.90;756.65;1.66;2.07;3.43
10.12.2020;12:08:46;557.43;34.71;9.91;756.64;1.60;1.97;3.16
10.12.2020;12:09:46;522.53;34.68;9.91;756.65;1.50;1.79;2.69
10.12.2020;12:10:46;469.65;34.75;9.89;756.65;1.35;1.56;2.12
10.12.2020;12:11:46;441.68;34.81;9.87;756.66;1.27;1.44;1.83
10.12.2020;12:12:46;421.99;34.65;9.84;756.64;1.21;1.32;1.61
10.12.2020;12:13:46;399.83;34.80;9.82;756.62;1.15;1.22;1.41
10.12.2020;12:14:46;399.84;34.85;9.81;756.60;1.16;1.23;1.43
10.12.2020;12:15:46;409.56;34.82;9.79;756.56;1.19;1.30;1.54
10.12.2020;12:16:46;412.20;34.77;9.78;756.56;1.20;1.30;1.56
10.12.2020;12:17:46;387.71;34.92;9.76;756.56;1.12;1.17;1.30
10.12.2020;12:18:46;353.97;35.03;9.74;756.57;1.02;1.00;1.03
10.12.2020;12:19:46;346.63;34.99;9.73;756.57;1.01;0.99;1.00
10.12.2020;12:20:46;344.44;34.94;9.70;756.55;1.00;0.97;0.97
10.12.2020;12:21:46;329.34;34.93;9.69;756.55;0.95;0.89;0.85
10.12.2020;12:22:46;308.40;34.87;9.67;756.55;0.89;0.80;0.72
10.12.2020;12:23:46;308.36;35.17;9.65;756.54;0.90;0.80;0.72
10.12.2020;12:24:46;304.47;35.26;9.65;756.53;0.89;0.79;0.71
10.12.2020;12:25:46;298.29;35.29;9.65;756.54;0.88;0.77;0.68
10.12.2020;12:26:46;291.30;35.28;9.64;756.55;0.85;0.72;0.61
10.12.2020;12:27:46;294.35;35.33;9.63;756.53;0.86;0.74;0.64
10.12.2020;12:28:46;319.19;35.11;9.62;756.50;0.94;0.87;0.82
10.12.2020;12:29:46;366.74;35.33;9.62;756.48;1.08;1.12;1.21
10.12.2020;12:30:46;381.50;35.35;9.63;756.49;1.12;1.17;1.32
10.12.2020;12:31:46;393.63;35.17;9.63;756.48;1.16;1.23;1.42
10.12.2020;12:32:46;402.32;35.18;9.63;756.47;1.18;1.27;1.50
10.12.2020;12:33:46;416.99;35.26;9.63;756.44;1.22;1.34;1.64
10.12.2020;12:34:46;426.47;35.13;9.64;756.44;1.26;1.40;1.76
10.12.2020;12:35:46;437.60;35.08;9.64;756.42;1.29;1.45;1.86
10.12.2020;12:36:46;445.03;35.39;9.64;756.42;1.31;1.49;1.94
10.12.2020;12:37:46;458.71;35.41;9.66;756.40;1.35;1.55;2.10
10.12.2020;12:38:46;477.84;35.28;9.67;756.40;1.40;1.64;2.29
10.12.2020;12:39:47;463.49;35.36;9.68;756.42;1.36;1.57;2.13
10.12.2020;12:40:47;446.21;35.28;9.69;756.43;1.32;1.50;1.98
10.12.2020;12:41:47;458.21;35.30;9.68;756.43;1.35;1.56;2.10
10.12.2020;12:42:47;461.72;35.33;9.68;756.44;1.36;1.56;2.12
10.12.2020;12:43:47;458.86;35.38;9.69;756.43;1.35;1.56;2.10
10.12.2020;12:44:47;465.67;35.33;9.69;756.42;1.37;1.59;2.18
10.12.2020;12:45:47;485.35;35.17;9.69;756.39;1.42;1.67;2.39
10.12.2020;12:46:47;513.39;35.28;9.69;756.36;1.50;1.80;2.71
10.12.2020;12:47:47;566.53;35.35;9.70;756.34;1.65;2.05;3.39
10.12.2020;12:48:47;559.08;35.25;9.72;756.35;1.62;2.02;3.27
10.12.2020;12:49:47;551.36;35.28;9.72;756.37;1.61;1.99;3.20
10.12.2020;12:50:47;569.70;35.18;9.73;756.38;1.66;2.08;3.45
10.12.2020;12:51:47;580.28;35.37;9.74;756.39;1.68;2.11;3.55
10.12.2020;12:52:47;574.21;35.27;9.75;756.37;1.66;2.06;3.42
10.12.2020;12:53:47;569.89;35.12;9.76;756.35;1.65;2.06;3.40
10.12.2020;12:54:47;581.38;35.24;9.76;756.32;1.68;2.10;3.53
10.12.2020;12:55:47;586.63;35.22;9.78;756.31;1.70;2.13;3.63
10.12.2020;12:56:47;572.99;35.22;9.78;756.35;1.67;2.08;3.47
10.12.2020;12:57:47;533.64;35.25;9.77;756.38;1.55;1.88;2.91
10.12.2020;12:58:47;491.17;35.09;9.77;756.41;1.44;1.69;2.44
10.12.2020;12:59:47;479.86;35.28;9.77;756.41;1.41;1.65;2.32
10.12.2020;13:00:47;490.50;35.22;9.77;756.40;1.44;1.71;2.48
10.12.2020;13:01:47;496.06;35.29;9.78;756.39;1.46;1.73;2.52
10.12.2020;13:02:47;489.65;35.20;9.78;756.38;1.44;1.70;2.44
10.12.2020;13:03:47;481.42;35.27;9.77;756.39;1.42;1.66;2.37
10.12.2020;13:04:47;469.73;35.15;9.76;756.40;1.38;1.60;2.22
10.12.2020;13:05:47;437.86;35.28;9.76;756.40;1.29;1.46;1.88
10.12.2020;13:06:47;406.89;35.41;9.77;756.40;1.21;1.32;1.59
10.12.2020;13:07:47;406.44;35.42;9.76;756.41;1.21;1.32;1.59
10.12.2020;13:08:47;376.49;35.28;9.74;756.41;1.12;1.17;1.31
10.12.2020;13:09:47;358.23;35.34;9.73;756.41;1.06;1.08;1.15
10.12.2020;13:10:48;361.97;35.18;9.71;756.41;1.08;1.10;1.18
10.12.2020;13:11:48;357.66;35.47;9.71;756.41;1.06;1.08;1.15
10.12.2020;13:12:48;342.97;35.41;9.70;756.40;1.02;1.01;1.03
10.12.2020;13:13:48;332.47;35.57;9.69;756.45;0.99;0.97;0.96
10.12.2020;13:14:48;316.54;35.62;9.69;756.47;0.95;0.89;0.84
10.12.2020;13:15:48;303.49;35.58;9.68;756.49;0.90;0.81;0.73
10.12.2020;13:16:48;296.88;35.72;9.68;756.48;0.89;0.79;0.70
10.12.2020;13:17:48;310.36;35.64;9.69;756.46;0.93;0.85;0.79
10.12.2020;13:18:48;316.60;35.60;9.69;756.46;0.95;0.88;0.83
10.12.2020;13:19:48;301.90;35.66;9.68;756.45;0.90;0.80;0.73
10.12.2020;13:20:48;288.88;35.76;9.69;756.46;0.86;0.74;0.64
10.12.2020;13:21:48;290.10;35.67;9.69;756.47;0.87;0.76;0.66
10.12.2020;13:22:48;301.18;35.57;9.69;756.45;0.90;0.80;0.73
10.12.2020;13:23:48;300.23;35.71;9.70;756.45;0.90;0.81;0.72
10.12.2020;13:24:48;306.57;35.55;9.70;756.45;0.92;0.83;0.77
10.12.2020;13:25:48;305.12;35.61;9.70;756.42;0.92;0.83;0.76
10.12.2020;13:26:48;310.58;35.57;9.70;756.40;0.93;0.86;0.80
10.12.2020;13:27:48;300.54;35.53;9.70;756.39;0.90;0.82;0.74
10.12.2020;13:28:48;315.41;35.36;9.69;756.38;0.95;0.90;0.86
10.12.2020;13:29:48;320.29;35.51;9.70;756.38;0.97;0.91;0.88
10.12.2020;13:30:48;337.43;35.44;9.70;756.39;1.02;1.00;1.02
10.12.2020;13:31:48;338.76;35.38;9.68;756.38;1.02;1.00;1.02
10.12.2020;13:32:48;314.92;35.60;9.67;756.37;0.94;0.88;0.83
10.12.2020;13:33:48;299.15;35.67;9.67;756.36;0.90;0.80;0.72
10.12.2020;13:34:48;290.07;35.52;9.66;756.34;0.87;0.75;0.65
10.12.2020;13:35:48;297.99;35.58;9.64;756.33;0.90;0.81;0.73
10.12.2020;13:36:48;304.46;35.75;9.64;756.32;0.92;0.81;0.75
10.12.2020;13:37:48;314.99;35.81;9.64;756.29;0.95;0.89;0.84
10.12.2020;13:38:48;330.28;35.80;9.65;756.28;1.00;0.96;0.96
10.12.2020;13:39:48;326.58;35.66;9.63;756.28;0.98;0.95;0.93
10.12.2020;13:40:48;320.08;35.76;9.62;756.29;0.97;0.91;0.88
10.12.2020;13:41:48;306.43;35.83;9.63;756.29;0.93;0.84;0.78
10.12.2020;13:42:49;300.64;35.85;9.62;756.29;0.91;0.82;0.74
10.12.2020;13:43:49;301.74;35.75;9.63;756.30;0.92;0.83;0.76
10.12.2020;13:44:49;305.94;35.81;9.63;756.27;0.92;0.84;0.78
10.12.2020;13:45:49;310.00;35.90;9.64;756.26;0.94;0.87;0.82
10.12.2020;13:46:49;301.88;35.92;9.64;756.24;0.91;0.82;0.75
10.12.2020;13:47:49;301.64;35.73;9.64;756.21;0.91;0.81;0.74
10.12.2020;13:48:49;304.04;35.82;9.64;756.21;0.92;0.83;0.77
10.12.2020;13:49:49;309.69;35.94;9.64;756.19;0.94;0.85;0.80
10.12.2020;13:50:49;290.11;35.97;9.65;756.18;0.88;0.78;0.68
10.12.2020;13:51:49;284.49;35.92;9.66;756.16;0.85;0.73;0.62
10.12.2020;13:52:49;263.19;35.85;9.66;756.16;0.79;0.62;0.49
10.12.2020;13:53:49;256.35;35.90;9.65;756.16;0.77;0.60;0.46
10.12.2020;13:54:49;275.76;35.80;9.65;756.17;0.83;0.69;0.57
10.12.2020;13:55:49;265.49;35.88;9.65;756.16;0.80;0.63;0.50
10.12.2020;13:56:49;271.04;35.92;9.65;756.17;0.81;0.65;0.53
10.12.2020;13:57:49;257.01;35.96;9.65;756.17;0.78;0.60;0.47
10.12.2020;13:58:49;246.37;35.93;9.65;756.17;0.73;0.53;0.39
10.12.2020;13:59:49;225.90;36.06;9.65;756.18;0.68;0.44;0.29
10.12.2020;14:00:49;245.19;35.95;9.66;756.18;0.73;0.53;0.39
10.12.2020;14:01:49;232.22;36.03;9.66;756.19;0.69;0.46;0.32
10.12.2020;14:02:49;221.12;36.12;9.65;756.20;0.66;0.42;0.28
10.12.2020;14:03:49;217.01;36.13;9.66;756.21;0.65;0.40;0.26
10.12.2020;14:04:49;210.21;35.94;9.67;756.22;0.63;0.39;0.25
10.12.2020;14:05:49;222.22;35.89;9.66;756.22;0.67;0.43;0.29
10.12.2020;14:06:49;227.77;36.04;9.67;756.22;0.69;0.45;0.31
10.12.2020;14:07:49;223.13;36.08;9.68;756.22;0.67;0.42;0.29
10.12.2020;14:08:49;217.93;36.06;9.69;756.20;0.66;0.42;0.28
10.12.2020;14:09:49;231.60;35.98;9.70;756.19;0.70;0.48;0.34
10.12.2020;14:10:49;225.18;36.02;9.69;756.17;0.69;0.45;0.31
10.12.2020;14:11:49;245.88;36.07;9.70;756.17;0.75;0.55;0.41
10.12.2020;14:12:49;243.57;36.14;9.71;756.17;0.74;0.55;0.41
10.12.2020;14:13:50;247.04;35.98;9.72;756.18;0.76;0.57;0.43
10.12.2020;14:14:50;233.52;36.04;9.73;756.19;0.71;0.50;0.35
10.12.2020;14:15:50;223.46;36.04;9.74;756.21;0.68;0.45;0.31
10.12.2020;14:16:50;235.28;36.00;9.75;756.23;0.72;0.51;0.37
10.12.2020;14:17:50;217.08;36.06;9.75;756.26;0.66;0.42;0.28
10.12.2020;14:18:50;226.07;36.05;9.75;756.26;0.69;0.47;0.33
10.12.2020;14:19:50;227.92;35.87;9.75;756.27;0.70;0.48;0.34
10.12.2020;14:20:50;217.79;36.05;9.75;756.27;0.67;0.41;0.27
10.12.2020;14:21:50;211.05;36.07;9.77;756.27;0.65;0.41;0.26
10.12.2020;14:22:50;223.19;36.07;9.78;756.28;0.69;0.46;0.32
10.12.2020;14:23:50;225.00;36.05;9.79;756.29;0.70;0.47;0.33
10.12.2020;14:24:50;267.18;36.04;9.80;756.27;0.84;0.72;0.60
10.12.2020;14:25:50;258.26;35.99;9.81;756.26;0.80;0.63;0.50
10.12.2020;14:26:50;223.98;35.99;9.82;756.25;0.70;0.47;0.32
10.12.2020;14:27:50;221.83;36.04;9.82;756.26;0.69;0.47;0.33
10.12.2020;14:28:50;240.16;36.04;9.83;756.26;0.75;0.57;0.43
10.12.2020;14:29:50;228.93;35.92;9.83;756.25;0.71;0.49;0.35
10.12.2020;14:30:50;211.74;35.96;9.83;756.25;0.66;0.41;0.27
10.12.2020;14:31:50;216.43;36.04;9.83;756.24;0.68;0.43;0.29
10.12.2020;14:32:50;210.49;35.96;9.83;756.23;0.65;0.40;0.26
10.12.2020;14:33:50;211.02;35.97;9.83;756.23;0.65;0.40;0.26
10.12.2020;14:34:50;205.85;36.06;9.83;756.24;0.63;0.39;0.25
10.12.2020;14:35:50;188.53;36.10;9.84;756.25;0.58;0.29;0.17
10.12.2020;14:36:50;187.90;36.03;9.84;756.26;0.58;0.29;0.17
10.12.2020;14:37:50;173.35;36.07;9.85;756.26;0.52;0.20;0.10
10.12.2020;14:38:50;149.56;36.04;9.85;756.26;0.44;0.05;0.02
10.12.2020;14:39:50;133.01;36.00;9.85;756.27;0.39;0.00;0.00
10.12.2020;14:40:50;141.06;35.79;9.84;756.27;0.41;0.01;0.00
10.12.2020;14:41:50;130.85;35.93;9.81;756.24;0.38;0.00;0.00
10.12.2020;14:42:50;119.78;36.08;9.81;756.23;0.34;0.00;0.00
10.12.2020;14:43:50;116.07;36.08;9.80;756.24;0.33;0.00;0.00
10.12.2020;14:44:50;117.43;36.12;9.80;756.22;0.33;0.00;0.00
10.12.2020;14:45:51;116.93;36.14;9.80;756.22;0.33;0.00;0.00
10.12.2020;14:46:51;117.20;36.12;9.80;756.22;0.33;0.00;0.00
10.12.2020;14:47:51;113.07;36.12;9.80;756.21;0.32;0.00;0.00
10.12.2020;14:48:51;106.87;36.01;9.80;756.22;0.30;0.00;0.00
10.12.2020;14:49:51;111.21;35.94;9.79;756.22;0.31;0.00;0.00
10.12.2020;14:50:51;107.90;36.04;9.78;756.22;0.30;0.00;0.00
10.12.2020;14:51:51;108.21;36.08;9.77;756.20;0.30;0.00;0.00
10.12.2020;14:52:51;101.19;36.18;9.76;756.19;0.28;0.00;0.00
10.12.2020;14:53:51;108.72;36.12;9.76;756.19;0.31;0.00;0.00
10.12.2020;14:54:51;105.21;36.15;9.76;756.17;0.29;0.00;0.00
10.12.2020;14:55:51;106.25;36.12;9.76;756.16;0.30;0.00;0.00
10.12.2020;14:56:51;110.10;36.13;9.76;756.16;0.31;0.00;0.00
10.12.2020;14:57:51;102.74;35.94;9.74;756.15;0.29;0.00;0.00
10.12.2020;14:58:51;101.85;36.18;9.73;756.15;0.29;0.00;0.00
10.12.2020;14:59:51;97.03;36.17;9.72;756.14;0.27;0.00;0.00
10.12.2020;15:00:51;93.87;36.19;9.71;756.16;0.26;0.00;0.00
10.12.2020;15:01:51;94.36;36.27;9.71;756.15;0.26;0.00;0.00
10.12.2020;15:02:51;92.87;36.30;9.71;756.15;0.26;0.00;0.00
10.12.2020;15:03:51;96.61;36.29;9.69;756.16;0.27;0.00;0.00
10.12.2020;15:04:51;91.93;36.31;9.68;756.17;0.25;0.00;0.00
10.12.2020;15:05:51;84.18;36.48;9.68;756.16;0.23;0.00;0.00
10.12.2020;15:06:51;83.98;36.40;9.69;756.17;0.23;0.00;0.00
10.12.2020;15:07:51;80.94;36.47;9.68;756.15;0.21;0.00;0.00
10.12.2020;15:08:51;77.71;36.53;9.68;756.17;0.21;0.00;0.00
10.12.2020;15:09:51;78.17;36.30;9.69;756.15;0.21;0.00;0.00
10.12.2020;15:10:51;71.94;36.21;9.67;756.15;0.19;0.00;0.00
10.12.2020;15:11:51;68.36;36.43;9.65;756.15;0.17;0.00;0.00
10.12.2020;15:12:51;66.54;36.41;9.65;756.15;0.17;0.00;0.00
10.12.2020;15:13:51;64.07;36.48;9.65;756.16;0.16;0.00;0.00
10.12.2020;15:14:51;61.77;36.48;9.66;756.14;0.15;0.00;0.00
10.12.2020;15:15:51;58.90;36.33;9.64;756.13;0.14;0.00;0.00
10.12.2020;15:16:51;57.07;36.42;9.63;756.13;0.13;0.00;0.00
10.12.2020;15:17:51;53.59;36.59;9.63;756.12;0.12;0.00;0.00
10.12.2020;15:18:52;56.40;36.53;9.63;756.12;0.13;0.00;0.00
10.12.2020;15:19:52;60.32;36.50;9.63;756.09;0.14;0.00;0.00
10.12.2020;15:20:52;52.82;36.55;9.63;756.08;0.12;0.00;0.00
10.12.2020;15:21:52;50.17;36.44;9.62;756.06;0.11;0.00;0.00
10.12.2020;15:22:52;48.38;36.45;9.60;756.06;0.10;0.00;0.00
10.12.2020;15:23:52;45.85;36.55;9.58;756.05;0.09;0.00;0.00
10.12.2020;15:24:52;43.78;36.75;9.59;756.05;0.08;0.00;0.00
10.12.2020;15:25:52;42.74;36.61;9.60;756.05;0.08;0.00;0.00
10.12.2020;15:26:52;41.36;36.50;9.59;756.04;0.07;0.00;0.00
10.12.2020;15:27:52;35.60;36.75;9.59;756.04;0.06;0.00;0.00
10.12.2020;15:28:52;36.24;36.79;9.59;756.02;0.06;0.00;0.00
10.12.2020;15:29:52;33.51;36.76;9.61;756.02;0.05;0.00;0.00
10.12.2020;15:30:52;33.00;36.70;9.61;756.03;0.05;0.00;0.00
10.12.2020;15:31:52;38.62;36.66;9.60;756.02;0.07;0.00;0.00
10.12.2020;15:32:52;34.46;36.61;9.58;756.03;0.05;0.00;0.00
10.12.2020;15:33:52;34.72;36.81;9.58;756.01;0.05;0.00;0.00
10.12.2020;15:34:52;33.43;36.84;9.59;756.02;0.05;0.00;0.00
10.12.2020;15:35:52;30.13;36.77;9.59;756.03;0.04;0.00;0.00
10.12.2020;15:36:52;28.97;36.89;9.60;756.02;0.04;0.00;0.00
10.12.2020;15:37:52;27.07;36.80;9.61;756.02;0.03;0.00;0.00
10.12.2020;15:38:52;28.19;36.84;9.61;756.03;0.03;0.00;0.00
10.12.2020;15:39:52;25.03;36.88;9.61;756.05;0.02;0.00;0.00
10.12.2020;15:40:52;23.06;36.77;9.61;756.06;0.02;0.00;0.00
10.12.2020;15:41:52;22.17;36.98;9.61;756.06;0.01;0.00;0.00
10.12.2020;15:42:52;19.80;36.97;9.63;756.08;0.01;0.00;0.00
10.12.2020;15:43:52;18.94;36.89;9.63;756.08;0.00;0.00;0.00
10.12.2020;15:44:52;17.89;36.88;9.64;756.10;0.00;0.00;0.00
10.12.2020;15:45:52;17.43;36.89;9.65;756.10;0.00;0.00;0.00
10.12.2020;15:46:52;16.29;36.85;9.64;756.10;0.00;0.00;0.00
10.12.2020;15:47:52;14.50;36.93;9.65;756.11;0.00;0.00;0.00
10.12.2020;15:48:52;14.07;36.82;9.65;756.12;0.00;0.00;0.00
10.12.2020;15:49:52;13.61;36.75;9.65;756.11;0.00;0.00;0.00
10.12.2020;15:50:52;12.92;36.84;9.65;756.13;0.00;0.00;0.00
10.12.2020;15:51:52;12.00;36.89;9.66;756.12;0.00;0.00;0.00
10.12.2020;15:52:53;11.49;36.88;9.66;756.12;0.00;0.00;0.00
10.12.2020;15:53:53;11.43;36.84;9.67;756.12;0.00;0.00;0.00
10.12.2020;15:54:53;10.42;36.82;9.67;756.12;0.00;0.00;0.00
10.12.2020;15:55:53;10.54;36.81;9.66;756.11;0.00;0.00;0.00
10.12.2020;15:56:53;9.70;36.86;9.66;756.11;0.00;0.00;0.00
10.12.2020;15:57:53;9.19;36.89;9.67;756.10;0.00;0.00;0.00
10.12.2020;15:58:53;9.17;36.94;9.67;756.09;0.00;0.00;0.00
10.12.2020;15:59:53;8.47;36.97;9.68;756.09;0.00;0.00;0.00
10.12.2020;16:00:53;7.58;36.94;9.68;756.07;0.00;0.00;0.00
10.12.2020;16:01:53;7.50;36.78;9.67;756.07;0.00;0.00;0.00
10.12.2020;16:02:53;6.94;36.92;9.66;756.04;0.00;0.00;0.00
10.12.2020;16:03:53;7.00;36.89;9.67;756.04;0.00;0.00;0.00
10.12.2020;16:04:53;6.84;36.88;9.67;756.05;0.00;0.00;0.00
10.12.2020;16:05:53;6.00;36.98;9.68;756.03;0.00;0.00;0.00
10.12.2020;16:06:53;5.83;36.94;9.68;756.04;0.00;0.00;0.00
10.12.2020;16:07:53;5.83;36.87;9.68;756.03;0.00;0.00;0.00
10.12.2020;16:08:53;5.49;36.93;9.69;756.02;0.00;0.00;0.00
10.12.2020;16:09:53;5.13;36.90;9.69;755.99;0.00;0.00;0.00
10.12.2020;16:10:53;4.84;36.86;9.69;756.00;0.00;0.00;0.00
10.12.2020;16:11:53;4.19;36.91;9.68;755.98;0.00;0.00;0.00
10.12.2020;16:12:53;4.17;36.94;9.68;755.97;0.00;0.00;0.00
10.12.2020;16:13:53;4.17;36.81;9.67;755.94;0.00;0.00;0.00
10.12.2020;16:14:53;4.18;36.94;9.66;755.94;0.00;0.00;0.00
10.12.2020;16:15:53;4.15;37.01;9.66;755.94;0.00;0.00;0.00
10.12.2020;16:16:53;3.43;37.10;9.67;755.93;0.00;0.00;0.00
10.12.2020;16:17:53;3.36;37.07;9.69;755.94;0.00;0.00;0.00
10.12.2020;16:18:53;3.33;36.89;9.69;755.95;0.00;0.00;0.00
10.12.2020;16:19:53;3.33;36.89;9.68;755.96;0.00;0.00;0.00
10.12.2020;16:20:53;3.33;36.96;9.68;755.97;0.00;0.00;0.00
10.12.2020;16:21:53;3.33;36.92;9.68;755.97;0.00;0.00;0.00
10.12.2020;16:22:53;3.35;37.03;9.67;755.97;0.00;0.00;0.00
10.12.2020;16:23:53;3.33;37.08;9.68;755.97;0.00;0.00;0.00
10.12.2020;16:24:53;3.33;36.94;9.68;755.98;0.00;0.00;0.00
10.12.2020;16:25:53;3.36;37.04;9.68;755.99;0.00;0.00;0.00
10.12.2020;16:26:53;3.33;37.11;9.67;755.99;0.00;0.00;0.00
10.12.2020;16:27:54;3.33;37.14;9.68;755.98;0.00;0.00;0.00
10.12.2020;16:28:54;3.33;37.20;9.69;755.97;0.00;0.00;0.00
10.12.2020;16:29:54;3.33;37.01;9.70;755.96;0.00;0.00;0.00
10.12.2020;16:30:54;3.33;37.10;9.71;755.98;0.00;0.00;0.00
10.12.2020;16:31:54;3.33;37.13;9.71;755.98;0.00;0.00;0.00
10.12.2020;16:32:54;3.33;36.92;9.71;755.97;0.00;0.00;0.00
10.12.2020;16:33:54;3.33;36.98;9.71;755.97;0.00;0.00;0.00
10.12.2020;16:34:54;3.33;37.11;9.71;755.98;0.00;0.00;0.00
10.12.2020;16:35:54;3.33;37.00;9.71;755.97;0.00;0.00;0.00
10.12.2020;16:36:54;3.35;37.04;9.70;755.98;0.00;0.00;0.00
10.12.2020;16:37:54;3.33;37.03;9.70;755.96;0.00;0.00;0.00
10.12.2020;16:38:54;3.33;36.98;9.69;755.98;0.00;0.00;0.00
10.12.2020;16:39:54;3.36;37.12;9.68;755.99;0.00;0.00;0.00
10.12.2020;16:40:54;3.33;37.16;9.68;755.99;0.00;0.00;0.00
10.12.2020;16:41:54;3.33;37.09;9.68;755.99;0.00;0.00;0.00
10.12.2020;16:42:54;3.33;37.15;9.67;755.98;0.00;0.00;0.00
10.12.2020;16:43:54;3.33;37.10;9.67;755.98;0.00;0.00;0.00
10.12.2020;16:44:54;3.33;37.08;9.67;755.96;0.00;0.00;0.00
10.12.2020;16:45:54;3.33;37.01;9.66;755.97;0.00;0.00;0.00
10.12.2020;16:46:54;3.33;37.12;9.65;755.95;0.00;0.00;0.00
10.12.2020;16:47:54;3.33;37.12;9.63;755.93;0.00;0.00;0.00
10.12.2020;16:48:54;3.33;37.20;9.63;755.93;0.00;0.00;0.00
10.12.2020;16:49:54;3.33;37.18;9.63;755.92;0.00;0.00;0.00
10.12.2020;16:50:54;3.35;37.29;9.63;755.90;0.00;0.00;0.00
10.12.2020;16:51:54;3.33;37.36;9.65;755.90;0.00;0.00;0.00
10.12.2020;16:52:54;3.33;37.22;9.65;755.87;0.00;0.00;0.00
10.12.2020;16:53:54;3.36;37.22;9.65;755.86;0.00;0.00;0.00
10.12.2020;16:54:54;3.33;37.27;9.65;755.86;0.00;0.00;0.00
10.12.2020;16:55:54;3.33;37.11;9.65;755.86;0.00;0.00;0.00
10.12.2020;16:56:54;3.33;37.08;9.64;755.83;0.00;0.00;0.00
10.12.2020;16:57:54;3.33;37.17;9.63;755.81;0.00;0.00;0.00
10.12.2020;16:58:54;3.33;37.37;9.63;755.81;0.00;0.00;0.00
10.12.2020;16:59:54;3.33;37.34;9.65;755.82;0.00;0.00;0.00
10.12.2020;17:00:54;3.33;37.25;9.65;755.79;0.00;0.00;0.00
10.12.2020;17:01:54;3.33;37.18;9.64;755.78;0.00;0.00;0.00
10.12.2020;17:02:54;3.33;37.27;9.64;755.76;0.00;0.00;0.00
10.12.2020;17:03:55;3.33;37.30;9.65;755.74;0.00;0.00;0.00
10.12.2020;17:04:55;3.35;37.16;9.65;755.73;0.00;0.00;0.00
10.12.2020;17:05:55;3.33;37.29;9.65;755.72;0.00;0.00;0.00
10.12.2020;17:06:55;3.33;37.32;9.66;755.73;0.00;0.00;0.00
10.12.2020;17:07:55;3.35;37.38;9.66;755.72;0.00;0.00;0.00
10.12.2020;17:08:55;3.33;37.33;9.67;755.71;0.00;0.00;0.00
10.12.2020;17:09:55;3.33;37.28;9.68;755.70;0.00;0.00;0.00
10.12.2020;17:10:55;3.33;37.32;9.68;755.68;0.00;0.00;0.00
10.12.2020;17:11:55;3.33;37.23;9.68;755.68;0.00;0.00;0.00
10.12.2020;17:12:55;3.33;37.32;9.67;755.67;0.00;0.00;0.00
10.12.2020;17:13:55;3.33;37.25;9.67;755.65;0.00;0.00;0.00
10.12.2020;17:14:55;3.33;37.18;9.65;755.64;0.00;0.00;0.00
10.12.2020;17:15:55;3.33;37.29;9.65;755.64;0.00;0.00;0.00
10.12.2020;17:16:55;3.33;37.44;9.66;755.63;0.00;0.00;0.00
10.12.2020;17:17:55;3.33;37.30;9.66;755.62;0.00;0.00;0.00
10.12.2020;17:18:55;3.35;37.39;9.66;755.64;0.00;0.00;0.00
10.12.2020;17:19:55;3.33;37.44;9.68;755.64;0.00;0.00;0.00
10.12.2020;17:20:55;3.33;37.42;9.68;755.65;0.00;0.00;0.00
10.12.2020;17:21:55;3.35;37.32;9.68;755.65;0.00;0.00;0.00
10.12.2020;17:22:55;3.33;37.29;9.67;755.66;0.00;0.00;0.00
10.12.2020;17:23:55;3.33;37.32;9.66;755.65;0.00;0.00;0.00
10.12.2020;17:24:55;3.33;37.36;9.67;755.63;0.00;0.00;0.00
10.12.2020;17:25:55;3.33;37.33;9.67;755.62;0.00;0.00;0.00
10.12.2020;17:26:55;3.33;37.33;9.66;755.62;0.00;0.00;0.00
10.12.2020;17:27:55;3.33;37.38;9.67;755.62;0.00;0.00;0.00
10.12.2020;17:28:55;3.33;37.30;9.66;755.61;0.00;0.00;0.00
10.12.2020;17:29:55;3.33;37.40;9.66;755.63;0.00;0.00;0.00
10.12.2020;17:30:55;3.33;37.37;9.66;755.62;0.00;0.00;0.00
10.12.2020;17:31:55;3.33;37.24;9.65;755.61;0.00;0.00;0.00
10.12.2020;17:32:55;3.35;37.32;9.64;755.59;0.00;0.00;0.00
10.12.2020;17:33:55;3.33;37.49;9.65;755.59;0.00;0.00;0.00
10.12.2020;17:34:55;3.33;37.43;9.66;755.58;0.00;0.00;0.00
10.12.2020;17:35:55;3.36;37.37;9.66;755.57;0.00;0.00;0.00
10.12.2020;17:36:55;3.33;37.44;9.67;755.56;0.00;0.00;0.00
10.12.2020;17:37:55;3.33;37.37;9.67;755.56;0.00;0.00;0.00
10.12.2020;17:38:55;3.33;37.39;9.66;755.55;0.00;0.00;0.00
10.12.2020;17:39:55;3.33;37.43;9.66;755.54;0.00;0.00;0.00
10.12.2020;17:40:56;3.33;37.44;9.66;755.54;0.00;0.00;0.00
10.12.2020;17:41:56;3.33;37.45;9.65;755.54;0.00;0.00;0.00
10.12.2020;17:42:56;3.33;37.41;9.65;755.53;0.00;0.00;0.00
10.12.2020;17:43:56;3.33;37.46;9.64;755.52;0.00;0.00;0.00
10.12.2020;17:44:56;3.33;37.45;9.65;755.53;0.00;0.00;0.00
10.12.2020;17:45:56;3.33;37.48;9.65;755.53;0.00;0.00;0.00
10.12.2020;17:46:56;3.35;37.49;9.66;755.54;0.00;0.00;0.00
10.12.2020;17:47:56;3.33;37.34;9.65;755.52;0.00;0.00;0.00
10.12.2020;17:48:56;3.33;37.33;9.64;755.53;0.00;0.00;0.00
10.12.2020;17:49:56;3.36;37.38;9.63;755.55;0.00;0.00;0.00
10.12.2020;17:50:56;3.33;37.42;9.63;755.57;0.00;0.00;0.00
10.12.2020;17:51:56;3.33;37.50;9.63;755.57;0.00;0.00;0.00
10.12.2020;17:52:56;3.33;37.59;9.65;755.56;0.00;0.00;0.00
10.12.2020;17:53:56;3.33;37.45;9.66;755.58;0.00;0.00;0.00
10.12.2020;17:54:56;3.33;37.51;9.65;755.58;0.00;0.00;0.00
10.12.2020;17:55:56;3.33;37.50;9.66;755.54;0.00;0.00;0.00
10.12.2020;17:56:56;3.33;37.53;9.66;755.53;0.00;0.00;0.00
10.12.2020;17:57:56;3.33;37.41;9.65;755.52;0.00;0.00;0.00
10.12.2020;17:58:56;3.33;37.40;9.64;755.53;0.00;0.00;0.00
10.12.2020;17:59:56;3.33;37.46;9.63;755.54;0.00;0.00;0.00
10.12.2020;18:00:56;3.35;37.45;9.62;755.54;0.00;0.00;0.00
10.12.2020;18:01:56;3.33;37.59;9.62;755.56;0.00;0.00;0.00
10.12.2020;18:02:56;3.33;37.59;9.62;755.55;0.00;0.00;0.00
10.12.2020;18:03:56;3.36;37.56;9.63;755.54;0.00;0.00;0.00
10.12.2020;18:04:56;3.33;37.56;9.64;755.52;0.00;0.00;0.00
10.12.2020;18:05:56;3.33;37.44;9.63;755.53;0.00;0.00;0.00
10.12.2020;18:06:56;3.33;37.58;9.62;755.55;0.00;0.00;0.00
10.12.2020;18:07:56;3.33;37.60;9.64;755.57;0.00;0.00;0.00
10.12.2020;18:08:56;3.33;37.59;9.62;755.58;0.00;0.00;0.00
10.12.2020;18:09:56;3.33;37.56;9.62;755.57;0.00;0.00;0.00
10.12.2020;18:10:56;3.33;37.58;9.62;755.56;0.00;0.00;0.00
10.12.2020;18:11:56;3.33;37.58;9.61;755.57;0.00;0.00;0.00
10.12.2020;18:12:56;3.33;37.58;9.60;755.57;0.00;0.00;0.00
10.12.2020;18:13:56;3.33;37.63;9.61;755.58;0.00;0.00;0.00
10.12.2020;18:14:56;3.35;37.54;9.60;755.57;0.00;0.00;0.00
10.12.2020;18:15:56;3.33;37.63;9.59;755.58;0.00;0.00;0.00
10.12.2020;18:16:57;3.33;37.54;9.58;755.58;0.00;0.00;0.00
10.12.2020;18:17:57;3.36;37.59;9.57;755.57;0.00;0.00;0.00
10.12.2020;18:18:57;3.33;37.66;9.56;755.56;0.00;0.00;0.00
10.12.2020;18:19:57;3.33;37.66;9.56;755.55;0.00;0.00;0.00
10.12.2020;18:20:57;3.33;37.61;9.56;755.53;0.00;0.00;0.00
10.12.2020;18:21:57;3.33;37.57;9.54;755.52;0.00;0.00;0.00
10.12.2020;18:22:57;3.33;37.66;9.52;755.50;0.00;0.00;0.00
10.12.2020;18:23:57;3.33;37.70;9.52;755.51;0.00;0.00;0.00
10.12.2020;18:24:57;3.33;37.62;9.52;755.51;0.00;0.00;0.00
10.12.2020;18:25:57;3.33;37.67;9.50;755.52;0.00;0.00;0.00
10.12.2020;18:26:57;3.33;37.83;9.49;755.53;0.00;0.00;0.00
10.12.2020;18:27:57;3.33;37.82;9.49;755.52;0.00;0.00;0.00
10.12.2020;18:28:57;3.35;37.74;9.48;755.51;0.00;0.00;0.00
10.12.2020;18:29:57;3.33;37.83;9.48;755.51;0.00;0.00;0.00
10.12.2020;18:30:57;3.33;37.79;9.47;755.50;0.00;0.00;0.00
10.12.2020;18:31:57;3.36;37.84;9.45;755.49;0.00;0.00;0.00
10.12.2020;18:32:57;3.33;37.80;9.46;755.50;0.00;0.00;0.00
10.12.2020;18:33:57;3.33;37.93;9.46;755.49;0.00;0.00;0.00
10.12.2020;18:34:57;3.33;37.91;9.46;755.49;0.00;0.00;0.00
10.12.2020;18:35:57;3.33;37.91;9.46;755.49;0.00;0.00;0.00
10.12.2020;18:36:57;3.33;37.84;9.46;755.47;0.00;0.00;0.00
10.12.2020;18:37:57;3.33;37.85;9.46;755.48;0.00;0.00;0.00
10.12.2020;18:38:57;3.33;37.85;9.46;755.48;0.00;0.00;0.00
10.12.2020;18:39:57;3.33;37.95;9.46;755.49;0.00;0.00;0.00
10.12.2020;18:40:57;3.33;37.89;9.46;755.47;0.00;0.00;0.00
10.12.2020;18:41:57;3.33;37.95;9.47;755.46;0.00;0.00;0.00
10.12.2020;18:42:57;3.35;37.88;9.46;755.46;0.00;0.00;0.00
10.12.2020;18:43:57;3.33;37.87;9.46;755.43;0.00;0.00;0.00
10.12.2020;18:44:57;3.33;37.95;9.46;755.42;0.00;0.00;0.00
10.12.2020;18:45:57;3.36;37.94;9.47;755.43;0.00;0.00;0.00
10.12.2020;18:46:57;3.33;37.94;9.48;755.43;0.00;0.00;0.00
10.12.2020;18:47:57;3.33;37.95;9.48;755.43;0.00;0.00;0.00
10.12.2020;18:48:57;3.33;37.90;9.49;755.43;0.00;0.00;0.00
10.12.2020;18:49:57;3.33;37.90;9.48;755.42;0.00;0.00;0.00
10.12.2020;18:50:57;3.33;37.82;9.48;755.40;0.00;0.00;0.00
10.12.2020;18:51:57;3.33;37.90;9.48;755.40;0.00;0.00;0.00
10.12.2020;18:52:58;3.33;37.92;9.48;755.40;0.00;0.00;0.00
10.12.2020;18:53:58;3.33;37.89;9.49;755.42;0.00;0.00;0.00
10.12.2020;18:54:58;3.33;37.85;9.49;755.40;0.00;0.00;0.00
10.12.2020;18:55:58;3.33;37.84;9.49;755.39;0.00;0.00;0.00
10.12.2020;18:56:58;3.35;37.82;9.48;755.37;0.00;0.00;0.00
10.12.2020;18:57:58;3.33;37.85;9.48;755.37;0.00;0.00;0.00
10.12.2020;18:58:58;3.33;37.85;9.47;755.36;0.00;0.00;0.00
10.12.2020;18:59:58;3.36;37.85;9.47;755.36;0.00;0.00;0.00
10.12.2020;19:00:58;3.33;37.86;9.46;755.34;0.00;0.00;0.00
10.12.2020;19:01:58;3.33;37.95;9.46;755.34;0.00;0.00;0.00
10.12.2020;19:02:58;3.33;37.89;9.46;755.33;0.00;0.00;0.00
10.12.2020;19:03:58;3.33;37.89;9.46;755.31;0.00;0.00;0.00
10.12.2020;19:04:58;3.33;37.93;9.47;755.32;0.00;0.00;0.00
10.12.2020;19:05:58;3.33;37.85;9.46;755.31;0.00;0.00;0.00
10.12.2020;19:06:58;3.33;37.86;9.45;755.31;0.00;0.00;0.00
10.12.2020;19:07:58;3.33;37.97;9.45;755.32;0.00;0.00;0.00
10.12.2020;19:08:58;3.33;37.98;9.46;755.34;0.00;0.00;0.00
10.12.2020;19:09:58;3.33;37.89;9.45;755.31;0.00;0.00;0.00
10.12.2020;19:10:58;3.35;37.87;9.45;755.31;0.00;0.00;0.00
10.12.2020;19:11:58;3.33;37.86;9.43;755.31;0.00;0.00;0.00
10.12.2020;19:12:58;3.33;37.91;9.43;755.28;0.00;0.00;0.00
10.12.2020;19:13:58;3.36;37.97;9.43;755.27;0.00;0.00;0.00
10.12.2020;19:14:58;3.33;37.91;9.43;755.25;0.00;0.00;0.00
10.12.2020;19:15:58;3.33;37.97;9.44;755.23;0.00;0.00;0.00
10.12.2020;19:16:58;3.33;37.99;9.44;755.25;0.00;0.00;0.00
10.12.2020;19:17:58;3.33;37.95;9.43;755.24;0.00;0.00;0.00
10.12.2020;19:18:58;3.33;37.96;9.43;755.24;0.00;0.00;0.00
10.12.2020;19:19:58;3.33;37.91;9.42;755.24;0.00;0.00;0.00
10.12.2020;19:20:58;3.33;37.99;9.41;755.23;0.00;0.00;0.00
10.12.2020;19:21:58;3.33;38.06;9.41;755.22;0.00;0.00;0.00
10.12.2020;19:22:58;3.33;38.10;9.42;755.21;0.00;0.00;0.00
10.12.2020;19:23:58;3.33;38.03;9.43;755.22;0.00;0.00;0.00
10.12.2020;19:24:58;3.35;38.07;9.44;755.23;0.00;0.00;0.00
10.12.2020;19:25:58;3.33;38.02;9.45;755.23;0.00;0.00;0.00
10.12.2020;19:26:58;3.33;38.06;9.47;755.23;0.00;0.00;0.00
10.12.2020;19:27:58;3.36;38.03;9.48;755.21;0.00;0.00;0.00
10.12.2020;19:28:59;3.33;37.98;9.49;755.22;0.00;0.00;0.00
10.12.2020;19:29:59;3.33;38.01;9.50;755.20;0.00;0.00;0.00
10.12.2020;19:30:59;3.33;38.02;9.52;755.20;0.00;0.00;0.00
10.12.2020;19:31:59;3.33;37.94;9.53;755.19;0.00;0.00;0.00
10.12.2020;19:32:59;3.33;37.96;9.54;755.20;0.00;0.00;0.00
10.12.2020;19:33:59;3.33;37.96;9.55;755.20;0.00;0.00;0.00
10.12.2020;19:34:59;3.33;37.89;9.56;755.20;0.00;0.00;0.00
10.12.2020;19:35:59;3.33;37.94;9.57;755.19;0.00;0.00;0.00
10.12.2020;19:36:59;3.33;37.92;9.57;755.19;0.00;0.00;0.00
10.12.2020;19:37:59;3.33;37.87;9.58;755.17;0.00;0.00;0.00
10.12.2020;19:38:59;3.35;37.90;9.59;755.16;0.00;0.00;0.00
10.12.2020;19:39:59;3.33;37.89;9.60;755.15;0.00;0.00;0.00
10.12.2020;19:40:59;3.33;37.90;9.61;755.14;0.00;0.00;0.00
10.12.2020;19:41:59;3.36;37.83;9.62;755.14;0.00;0.00;0.00
10.12.2020;19:42:59;3.33;37.86;9.62;755.13;0.00;0.00;0.00
10.12.2020;19:43:59;3.33;37.89;9.63;755.12;0.00;0.00;0.00
10.12.2020;19:44:59;3.33;37.88;9.63;755.11;0.00;0.00;0.00
10.12.2020;19:45:59;3.33;37.82;9.64;755.11;0.00;0.00;0.00
10.12.2020;19:46:59;3.33;37.85;9.64;755.08;0.00;0.00;0.00
10.12.2020;19:47:59;3.33;37.86;9.64;755.06;0.00;0.00;0.00
10.12.2020;19:48:59;3.33;37.87;9.65;755.06;0.00;0.00;0.00
10.12.2020;19:49:59;3.33;37.86;9.66;755.05;0.00;0.00;0.00
10.12.2020;19:50:59;3.33;37.86;9.66;755.04;0.00;0.00;0.00
10.12.2020;19:51:59;3.33;37.81;9.67;755.03;0.00;0.00;0.00
10.12.2020;19:52:59;3.35;37.78;9.67;755.05;0.00;0.00;0.00
10.12.2020;19:53:59;3.33;37.76;9.68;755.05;0.00;0.00;0.00
10.12.2020;19:54:59;3.33;37.76;9.68;755.03;0.00;0.00;0.00
10.12.2020;19:55:59;3.36;37.77;9.69;755.04;0.00;0.00;0.00
10.12.2020;19:56:59;3.33;37.81;9.68;755.02;0.00;0.00;0.00
10.12.2020;19:57:59;3.33;37.80;9.69;755.01;0.00;0.00;0.00
10.12.2020;19:58:59;3.33;37.79;9.69;755.01;0.00;0.00;0.00
10.12.2020;19:59:59;3.33;37.77;9.69;755.02;0.00;0.00;0.00
10.12.2020;20:00:59;3.33;37.80;9.69;755.01;0.00;0.00;0.00
10.12.2020;20:01:59;3.33;37.82;9.71;755.03;0.00;0.00;0.00
10.12.2020;20:02:59;3.33;37.81;9.72;755.03;0.00;0.00;0.00
10.12.2020;20:03:59;3.33;37.79;9.73;755.02;0.00;0.00;0.00
10.12.2020;20:04:59;3.33;37.77;9.73;755.02;0.00;0.00;0.00
10.12.2020;20:06:00;3.33;37.77;9.73;755.02;0.00;0.00;0.00
10.12.2020;20:07:00;3.35;37.73;9.73;755.00;0.00;0.00;0.00
10.12.2020;20:08:00;3.33;37.79;9.73;755.01;0.00;0.00;0.00
10.12.2020;20:09:00;3.33;37.80;9.73;755.01;0.00;0.00;0.00
10.12.2020;20:10:00;3.35;37.77;9.74;755.02;0.00;0.00;0.00
10.12.2020;20:11:00;3.33;37.72;9.74;755.03;0.00;0.00;0.00
10.12.2020;20:12:00;3.33;37.78;9.74;755.03;0.00;0.00;0.00
10.12.2020;20:13:00;3.33;37.76;9.75;755.01;0.00;0.00;0.00
10.12.2020;20:14:00;3.33;37.79;9.75;755.02;0.00;0.00;0.00
10.12.2020;20:15:00;3.33;37.74;9.76;755.02;0.00;0.00;0.00
10.12.2020;20:16:00;3.33;37.73;9.76;755.02;0.00;0.00;0.00
10.12.2020;20:17:00;3.33;37.79;9.76;755.02;0.00;0.00;0.00
10.12.2020;20:18:00;3.33;37.75;9.77;755.01;0.00;0.00;0.00
10.12.2020;20:19:00;3.33;37.71;9.77;755.01;0.00;0.00;0.00
10.12.2020;20:20:00;3.33;37.75;9.78;755.00;0.00;0.00;0.00
10.12.2020;20:21:00;3.35;37.75;9.78;755.00;0.00;0.00;0.00
10.12.2020;20:22:00;3.33;37.73;9.77;755.00;0.00;0.00;0.00
10.12.2020;20:23:00;3.33;37.79;9.77;755.02;0.00;0.00;0.00
10.12.2020;20:24:00;3.35;37.78;9.77;755.02;0.00;0.00;0.00
10.12.2020;20:25:00;3.33;37.81;9.78;755.03;0.00;0.00;0.00
10.12.2020;20:26:00;3.33;37.77;9.78;755.04;0.00;0.00;0.00
10.12.2020;20:27:00;3.33;37.79;9.79;755.07;0.00;0.00;0.00
10.12.2020;20:28:00;3.33;37.78;9.80;755.05;0.00;0.00;0.00
10.12.2020;20:29:00;3.33;37.75;9.79;755.03;0.00;0.00;0.00
10.12.2020;20:30:00;3.33;37.78;9.81;755.04;0.00;0.00;0.00
10.12.2020;20:31:00;3.33;37.77;9.81;755.02;0.00;0.00;0.00
10.12.2020;20:32:00;3.33;37.75;9.83;755.01;0.00;0.00;0.00
10.12.2020;20:33:00;3.33;37.75;9.83;755.02;0.00;0.00;0.00
10.12.2020;20:34:00;3.33;37.72;9.82;755.02;0.00;0.00;0.00
10.12.2020;20:35:00;3.35;37.76;9.83;755.02;0.00;0.00;0.00
10.12.2020;20:36:00;3.33;37.75;9.84;755.04;0.00;0.00;0.00
10.12.2020;20:37:00;3.33;37.72;9.86;755.05;0.00;0.00;0.00
10.12.2020;20:38:00;3.36;37.70;9.86;755.04;0.00;0.00;0.00
10.12.2020;20:39:00;3.33;37.69;9.86;755.05;0.00;0.00;0.00
10.12.2020;20:40:00;3.33;37.73;9.87;755.05;0.00;0.00;0.00
10.12.2020;20:41:00;3.33;37.69;9.88;755.07;0.00;0.00;0.00
10.12.2020;20:42:01;3.33;37.64;9.89;755.08;0.00;0.00;0.00
10.12.2020;20:43:01;3.33;37.66;9.90;755.08;0.00;0.00;0.00
10.12.2020;20:44:01;3.33;37.63;9.91;755.09;0.00;0.00;0.00
10.12.2020;20:45:01;3.33;37.65;9.91;755.09;0.00;0.00;0.00
10.12.2020;20:46:01;3.33;37.64;9.92;755.10;0.00;0.00;0.00
10.12.2020;20:47:01;3.33;37.62;9.93;755.07;0.00;0.00;0.00
10.12.2020;20:48:01;3.33;37.61;9.94;755.06;0.00;0.00;0.00
10.12.2020;20:49:01;3.35;37.58;9.95;755.06;0.00;0.00;0.00
10.12.2020;20:50:01;3.33;37.59;9.96;755.05;0.00;0.00;0.00
10.12.2020;20:51:01;3.33;37.59;9.97;755.05;0.00;0.00;0.00
10.12.2020;20:52:01;3.35;37.54;9.97;755.07;0.00;0.00;0.00
10.12.2020;20:53:01;3.33;37.54;9.97;755.07;0.00;0.00;0.00
10.12.2020;20:54:01;3.33;37.58;9.98;755.07;0.00;0.00;0.00
10.12.2020;20:55:01;3.33;37.56;9.98;755.06;0.00;0.00;0.00
10.12.2020;20:56:01;3.33;37.54;10.00;755.07;0.00;0.00;0.00
10.12.2020;20:57:01;3.33;37.53;10.01;755.06;0.00;0.00;0.00
10.12.2020;20:58:01;3.33;37.48;10.01;755.07;0.00;0.00;0.00
10.12.2020;20:59:01;3.33;37.49;10.02;755.06;0.00;0.00;0.00
10.12.2020;21:00:01;3.33;37.45;10.02;755.05;0.00;0.00;0.00
10.12.2020;21:01:01;3.33;37.49;10.02;755.04;0.00;0.00;0.00
10.12.2020;21:02:01;3.33;37.48;10.03;755.04;0.00;0.00;0.00
10.12.2020;21:03:01;3.35;37.47;10.04;755.02;0.00;0.00;0.00
10.12.2020;21:04:01;3.33;37.44;10.05;755.02;0.00;0.00;0.00
10.12.2020;21:05:01;3.33;37.43;10.05;755.01;0.00;0.00;0.00
10.12.2020;21:06:01;3.36;37.45;10.06;755.00;0.00;0.00;0.00
10.12.2020;21:07:01;3.33;37.42;10.06;754.96;0.00;0.00;0.00
10.12.2020;21:08:01;3.33;37.44;10.05;754.94;0.00;0.00;0.00
10.12.2020;21:09:01;3.35;37.44;10.05;754.94;0.00;0.00;0.00
10.12.2020;21:10:01;3.33;37.49;10.05;754.95;0.00;0.00;0.00
10.12.2020;21:11:01;3.33;37.49;10.06;754.99;0.00;0.00;0.00
10.12.2020;21:12:01;3.33;37.47;10.07;755.01;0.00;0.00;0.00
10.12.2020;21:13:01;3.33;37.45;10.07;755.02;0.00;0.00;0.00
10.12.2020;21:14:01;3.33;37.47;10.08;755.01;0.00;0.00;0.00
10.12.2020;21:15:01;3.33;37.46;10.09;755.04;0.00;0.00;0.00
10.12.2020;21:16:02;3.33;37.44;10.10;755.04;0.00;0.00;0.00
10.12.2020;21:17:02;3.35;37.40;10.12;755.06;0.00;0.00;0.00
10.12.2020;21:18:02;3.33;37.40;10.12;755.08;0.00;0.00;0.00
10.12.2020;21:19:02;3.33;37.38;10.11;755.07;0.00;0.00;0.00
10.12.2020;21:20:02;3.36;37.40;10.12;755.06;0.00;0.00;0.00
10.12.2020;21:21:02;3.33;37.41;10.12;755.06;0.00;0.00;0.00
10.12.2020;21:22:02;3.33;37.44;10.13;755.07;0.00;0.00;0.00
10.12.2020;21:23:02;3.35;37.42;10.14;755.06;0.00;0.00;0.00
10.12.2020;21:24:02;3.33;37.43;10.14;755.05;0.00;0.00;0.00
10.12.2020;21:25:02;3.33;37.43;10.15;755.06;0.00;0.00;0.00
10.12.2020;21:26:02;3.33;37.37;10.17;755.07;0.00;0.00;0.00
10.12.2020;21:27:02;3.33;37.36;10.18;755.11;0.00;0.00;0.00
10.12.2020;21:28:02;3.33;37.39;10.19;755.09;0.00;0.00;0.00
10.12.2020;21:29:02;3.33;37.35;10.20;755.08;0.00;0.00;0.00
10.12.2020;21:30:02;3.33;37.33;10.20;755.06;0.00;0.00;0.00
10.12.2020;21:31:02;3.35;37.35;10.21;755.05;0.00;0.00;0.00
10.12.2020;21:32:02;3.33;37.32;10.22;755.06;0.00;0.00;0.00
10.12.2020;21:33:02;3.33;37.33;10.22;755.05;0.00;0.00;0.00
10.12.2020;21:34:02;3.36;37.35;10.22;755.06;0.00;0.00;0.00
10.12.2020;21:35:02;3.33;37.34;10.22;755.07;0.00;0.00;0.00
10.12.2020;21:36:02;3.33;37.35;10.23;755.08;0.00;0.00;0.00
10.12.2020;21:37:02;3.35;37.35;10.24;755.08;0.00;0.00;0.00
10.12.2020;21:38:02;3.33;37.33;10.25;755.06;0.00;0.00;0.00
10.12.2020;21:39:02;3.33;37.29;10.24;755.05;0.00;0.00;0.00
10.12.2020;21:40:02;3.33;37.31;10.25;755.04;0.00;0.00;0.00
10.12.2020;21:41:02;3.33;37.31;10.25;755.03;0.00;0.00;0.00
10.12.2020;21:42:02;3.33;37.34;10.25;755.04;0.00;0.00;0.00
10.12.2020;21:43:02;3.33;37.30;10.26;755.03;0.00;0.00;0.00
10.12.2020;21:44:02;3.33;37.31;10.26;755.01;0.00;0.00;0.00
10.12.2020;21:45:02;3.35;37.32;10.27;755.00;0.00;0.00;0.00
10.12.2020;21:46:02;3.33;37.30;10.27;755.00;0.00;0.00;0.00
10.12.2020;21:47:02;3.33;37.32;10.27;754.99;0.00;0.00;0.00
10.12.2020;21:48:02;3.36;37.31;10.28;755.00;0.00;0.00;0.00
10.12.2020;21:49:03;3.33;37.32;10.28;755.00;0.00;0.00;0.00
10.12.2020;21:50:03;3.33;37.30;10.28;754.99;0.00;0.00;0.00
10.12.2020;21:51:03;3.35;37.31;10.29;755.00;0.00;0.00;0.00
10.12.2020;21:52:03;3.33;37.31;10.29;755.00;0.00;0.00;0.00
10.12.2020;21:53:03;3.33;37.30;10.30;755.00;0.00;0.00;0.00
10.12.2020;21:54:03;3.33;37.30;10.30;755.00;0.00;0.00;0.00
10.12.2020;21:55:03;3.33;37.31;10.31;755.00;0.00;0.00;0.00
10.12.2020;21:56:03;3.33;37.29;10.32;755.02;0.00;0.00;0.00
10.12.2020;21:57:03;3.33;37.28;10.32;755.03;0.00;0.00;0.00
10.12.2020;21:58:03;3.33;37.28;10.33;755.03;0.00;0.00;0.00
10.12.2020;21:59:03;3.35;37.26;10.33;755.05;0.00;0.00;0.00
10.12.2020;22:00:03;3.33;37.27;10.34;755.04;0.00;0.00;0.00
10.12.2020;22:01:03;3.33;37.26;10.35;755.04;0.00;0.00;0.00
10.12.2020;22:02:03;3.36;37.26;10.35;755.04;0.00;0.00;0.00
10.12.2020;22:03:03;3.33;37.24;10.36;755.05;0.00;0.00;0.00
10.12.2020;22:04:03;3.33;37.23;10.37;755.05;0.00;0.00;0.00
10.12.2020;22:05:03;3.35;37.23;10.37;755.04;0.00;0.00;0.00
10.12.2020;22:06:03;3.33;37.25;10.38;755.05;0.00;0.00;0.00
10.12.2020;22:07:03;3.33;37.23;10.38;755.03;0.00;0.00;0.00
10.12.2020;22:08:03;3.33;37.24;10.38;755.03;0.00;0.00;0.00
10.12.2020;22:09:03;3.33;37.24;10.38;755.02;0.00;0.00;0.00
10.12.2020;22:10:03;3.33;37.26;10.39;755.03;0.00;0.00;0.00
10.12.2020;22:11:03;3.33;37.23;10.40;755.05;0.00;0.00;0.00
10.12.2020;22:12:03;3.33;37.23;10.40;755.06;0.00;0.00;0.00
10.12.2020;22:13:03;3.35;37.23;10.40;755.06;0.00;0.00;0.00
10.12.2020;22:14:03;3.33;37.21;10.41;755.05;0.00;0.00;0.00
10.12.2020;22:15:03;3.33;37.21;10.41;755.06;0.00;0.00;0.00
10.12.2020;22:16:03;3.36;37.20;10.42;755.06;0.00;0.00;0.00
10.12.2020;22:17:03;3.33;37.19;10.42;755.07;0.00;0.00;0.00
10.12.2020;22:18:03;3.33;37.18;10.43;755.09;0.00;0.00;0.00
10.12.2020;22:19:03;3.35;37.18;10.44;755.08;0.00;0.00;0.00
10.12.2020;22:20:03;3.33;37.17;10.46;755.08;0.00;0.00;0.00
10.12.2020;22:21:03;3.33;37.17;10.47;755.09;0.00;0.00;0.00
10.12.2020;22:22:04;3.33;37.14;10.47;755.11;0.00;0.00;0.00
10.12.2020;22:23:04;3.33;37.15;10.48;755.11;0.00;0.00;0.00
10.12.2020;22:24:04;3.33;37.14;10.49;755.11;0.00;0.00;0.00
10.12.2020;22:25:04;3.33;37.15;10.50;755.10;0.00;0.00;0.00
10.12.2020;22:26:04;3.33;37.14;10.50;755.10;0.00;0.00;0.00
10.12.2020;22:27:04;3.35;37.13;10.51;755.08;0.00;0.00;0.00
10.12.2020;22:28:04;3.33;37.14;10.52;755.08;0.00;0.00;0.00
10.12.2020;22:29:04;3.33;37.13;10.52;755.09;0.00;0.00;0.00
10.12.2020;22:30:04;3.36;37.14;10.53;755.08;0.00;0.00;0.00
10.12.2020;22:31:04;3.33;37.12;10.54;755.08;0.00;0.00;0.00
10.12.2020;22:32:04;3.33;37.13;10.55;755.07;0.00;0.00;0.00
10.12.2020;22:33:04;3.35;37.11;10.55;755.07;0.00;0.00;0.00
10.12.2020;22:34:04;3.33;37.09;10.56;755.08;0.00;0.00;0.00
10.12.2020;22:35:04;3.33;37.12;10.56;755.06;0.00;0.00;0.00
10.12.2020;22:36:04;3.33;37.10;10.57;755.07;0.00;0.00;0.00
10.12.2020;22:37:04;3.33;37.09;10.57;755.07;0.00;0.00;0.00
10.12.2020;22:38:04;3.33;37.09;10.58;755.06;0.00;0.00;0.00
10.12.2020;22:39:04;3.33;37.07;10.58;755.05;0.00;0.00;0.00
10.12.2020;22:40:04;3.33;37.08;10.59;755.03;0.00;0.00;0.00
10.12.2020;22:41:04;3.35;37.05;10.61;755.03;0.00;0.00;0.00
10.12.2020;22:42:04;3.33;37.04;10.61;755.03;0.00;0.00;0.00
10.12.2020;22:43:04;3.33;37.06;10.61;755.01;0.00;0.00;0.00
10.12.2020;22:44:04;3.36;37.06;10.61;755.02;0.00;0.00;0.00
10.12.2020;22:45:04;3.33;37.06;10.61;755.02;0.00;0.00;0.00
10.12.2020;22:46:04;3.33;37.08;10.61;755.01;0.00;0.00;0.00
10.12.2020;22:47:04;3.35;37.08;10.62;755.02;0.00;0.00;0.00
10.12.2020;22:48:04;3.33;37.05;10.62;755.01;0.00;0.00;0.00
10.12.2020;22:49:04;3.32;37.08;10.62;755.00;0.00;0.00;0.00
10.12.2020;22:50:04;3.33;37.08;10.62;754.99;0.00;0.00;0.00
10.12.2020;22:51:04;3.33;37.08;10.63;754.98;0.00;0.00;0.00
10.12.2020;22:52:04;3.33;37.09;10.64;754.98;0.00;0.00;0.00
10.12.2020;22:53:04;3.33;37.04;10.65;754.99;0.00;0.00;0.00
10.12.2020;22:54:04;3.33;37.03;10.66;755.00;0.00;0.00;0.00
10.12.2020;22:55:05;3.35;37.02;10.66;754.99;0.00;0.00;0.00
10.12.2020;22:56:05;3.33;37.03;10.67;755.00;0.00;0.00;0.00
10.12.2020;22:57:05;3.33;37.01;10.68;755.00;0.00;0.00;0.00
10.12.2020;22:58:05;3.36;36.99;10.69;754.99;0.00;0.00;0.00
10.12.2020;22:59:05;3.33;36.99;10.69;755.01;0.00;0.00;0.00
10.12.2020;23:00:05;3.33;37.02;10.70;755.01;0.00;0.00;0.00
10.12.2020;23:01:05;3.35;37.00;10.71;755.01;0.00;0.00;0.00
10.12.2020;23:02:05;3.33;36.98;10.71;755.01;0.00;0.00;0.00
10.12.2020;23:03:05;3.33;36.97;10.72;755.00;0.00;0.00;0.00
10.12.2020;23:04:05;3.33;36.98;10.72;755.01;0.00;0.00;0.00
10.12.2020;23:05:05;3.33;36.97;10.73;754.98;0.00;0.00;0.00
10.12.2020;23:06:05;3.33;36.98;10.72;754.97;0.00;0.00;0.00
10.12.2020;23:07:05;3.33;37.00;10.72;754.94;0.00;0.00;0.00
10.12.2020;23:08:05;3.33;37.00;10.73;754.94;0.00;0.00;0.00
10.12.2020;23:09:05;3.35;37.00;10.74;754.94;0.00;0.00;0.00
10.12.2020;23:10:05;3.33;37.01;10.74;754.95;0.00;0.00;0.00
10.12.2020;23:11:05;3.33;37.02;10.74;754.96;0.00;0.00;0.00
10.12.2020;23:12:05;3.36;37.03;10.74;754.95;0.00;0.00;0.00
10.12.2020;23:13:05;3.33;37.00;10.75;754.96;0.00;0.00;0.00
10.12.2020;23:14:05;3.33;37.01;10.76;754.98;0.00;0.00;0.00
10.12.2020;23:15:05;3.35;37.01;10.75;754.97;0.00;0.00;0.00
10.12.2020;23:16:05;3.33;37.04;10.76;754.97;0.00;0.00;0.00
10.12.2020;23:17:05;3.33;37.02;10.77;754.97;0.00;0.00;0.00
10.12.2020;23:18:05;3.33;37.02;10.77;754.98;0.00;0.00;0.00
10.12.2020;23:19:05;3.33;37.05;10.77;754.97;0.00;0.00;0.00
10.12.2020;23:20:05;3.33;37.03;10.78;754.98;0.00;0.00;0.00
10.12.2020;23:21:05;3.33;37.03;10.78;754.99;0.00;0.00;0.00
10.12.2020;23:22:05;3.33;37.04;10.78;754.98;0.00;0.00;0.00
10.12.2020;23:23:05;3.35;37.04;10.79;754.99;0.00;0.00;0.00
10.12.2020;23:24:05;3.33;37.04;10.79;754.97;0.00;0.00;0.00
10.12.2020;23:25:05;3.33;37.04;10.80;754.95;0.00;0.00;0.00
10.12.2020;23:26:05;3.36;37.03;10.81;754.96;0.00;0.00;0.00
10.12.2020;23:27:05;3.32;37.01;10.81;754.97;0.00;0.00;0.00
10.12.2020;23:28:06;3.33;37.00;10.82;754.96;0.00;0.00;0.00
10.12.2020;23:29:06;3.35;37.02;10.82;754.96;0.00;0.00;0.00
10.12.2020;23:30:06;3.33;37.01;10.83;754.97;0.00;0.00;0.00
10.12.2020;23:31:06;3.33;37.00;10.84;754.97;0.00;0.00;0.00
10.12.2020;23:32:06;3.33;37.00;10.85;754.96;0.00;0.00;0.00
10.12.2020;23:33:06;3.33;36.98;10.85;754.98;0.00;0.00;0.00
10.12.2020;23:34:06;3.33;37.00;10.85;754.98;0.00;0.00;0.00
10.12.2020;23:35:06;3.33;36.99;10.86;754.98;0.00;0.00;0.00
10.12.2020;23:36:06;3.33;36.99;10.87;754.98;0.00;0.00;0.00
10.12.2020;23:37:06;3.35;36.96;10.88;754.96;0.00;0.00;0.00
10.12.2020;23:38:06;3.33;36.95;10.88;754.96;0.00;0.00;0.00
10.12.2020;23:39:06;3.33;36.92;10.89;754.96;0.00;0.00;0.00
10.12.2020;23:40:06;3.36;36.91;10.91;754.97;0.00;0.00;0.00
10.12.2020;23:41:06;3.33;36.89;10.91;754.98;0.00;0.00;0.00
10.12.2020;23:42:06;3.33;36.88;10.92;755.00;0.00;0.00;0.00
10.12.2020;23:43:06;3.35;36.85;10.93;754.99;0.00;0.00;0.00
10.12.2020;23:44:06;3.33;36.90;10.93;754.97;0.00;0.00;0.00
10.12.2020;23:45:06;3.33;36.88;10.94;754.99;0.00;0.00;0.00
10.12.2020;23:46:06;3.33;36.86;10.94;754.99;0.00;0.00;0.00
10.12.2020;23:47:06;3.33;36.90;10.94;754.98;0.00;0.00;0.00
10.12.2020;23:48:06;3.33;36.86;10.95;754.99;0.00;0.00;0.00
10.12.2020;23:49:06;3.33;36.86;10.97;754.99;0.00;0.00;0.00
10.12.2020;23:50:06;3.33;36.87;10.97;754.99;0.00;0.00;0.00
10.12.2020;23:51:06;3.35;36.86;10.98;754.98;0.00;0.00;0.00
10.12.2020;23:52:06;3.33;36.86;10.98;754.96;0.00;0.00;0.00
10.12.2020;23:53:06;3.33;36.84;10.99;754.96;0.00;0.00;0.00
10.12.2020;23:54:06;3.36;36.85;10.99;754.95;0.00;0.00;0.00
10.12.2020;23:55:06;3.33;36.83;10.99;754.94;0.00;0.00;0.00
10.12.2020;23:56:06;3.33;36.88;11.00;754.92;0.00;0.00;0.00
10.12.2020;23:57:06;3.35;36.86;10.99;754.92;0.00;0.00;0.00
10.12.2020;23:58:06;3.33;36.88;10.99;754.92;0.00;0.00;0.00
10.12.2020;23:59:06;3.33;36.89;10.99;754.91;0.00;0.00;0.00
