11.01.2021;0:00:23;2.56;45.10;8.42;756.49;0.00;0.00;0.00
11.01.2021;0:01:23;2.53;45.03;8.43;756.48;0.00;0.00;0.00
11.01.2021;0:02:23;2.50;44.96;8.44;756.47;0.00;0.00;0.00
11.01.2021;0:03:23;2.53;44.92;8.43;756.45;0.00;0.00;0.00
11.01.2021;0:04:23;2.50;45.00;8.42;756.45;0.00;0.00;0.00
11.01.2021;0:05:23;2.53;45.00;8.41;756.43;0.00;0.00;0.00
11.01.2021;0:06:23;2.51;44.92;8.42;756.41;0.00;0.00;0.00
11.01.2021;0:07:23;2.51;44.91;8.41;756.38;0.00;0.00;0.00
11.01.2021;0:08:23;2.50;44.91;8.40;756.36;0.00;0.00;0.00
11.01.2021;0:09:23;2.53;44.97;8.39;756.34;0.00;0.00;0.00
11.01.2021;0:10:23;2.51;45.01;8.39;756.33;0.00;0.00;0.00
11.01.2021;0:11:23;2.50;44.97;8.39;756.31;0.00;0.00;0.00
11.01.2021;0:12:23;2.50;45.02;8.38;756.30;0.00;0.00;0.00
11.01.2021;0:13:23;2.50;45.00;8.39;756.30;0.00;0.00;0.00
11.01.2021;0:14:23;2.53;44.92;8.38;756.28;0.00;0.00;0.00
11.01.2021;0:15:23;2.51;45.04;8.37;756.27;0.00;0.00;0.00
11.01.2021;0:16:23;2.50;45.11;8.35;756.26;0.00;0.00;0.00
11.01.2021;0:17:23;2.53;45.11;8.35;756.26;0.00;0.00;0.00
11.01.2021;0:18:23;2.50;45.09;8.35;756.27;0.00;0.00;0.00
11.01.2021;0:19:23;2.50;45.19;8.33;756.27;0.00;0.00;0.00
11.01.2021;0:20:23;2.51;45.18;8.32;756.28;0.00;0.00;0.00
11.01.2021;0:21:23;2.50;45.27;8.32;756.29;0.00;0.00;0.00
11.01.2021;0:22:23;2.50;45.28;8.31;756.32;0.00;0.00;0.00
11.01.2021;0:23:23;2.51;45.33;8.31;756.33;0.00;0.00;0.00
11.01.2021;0:24:23;2.50;45.33;8.29;756.34;0.00;0.00;0.00
11.01.2021;0:25:23;2.50;45.37;8.29;756.36;0.00;0.00;0.00
11.01.2021;0:26:23;2.51;45.38;8.27;756.37;0.00;0.00;0.00
11.01.2021;0:27:23;2.50;45.41;8.26;756.38;0.00;0.00;0.00
11.01.2021;0:28:23;2.54;45.42;8.25;756.38;0.00;0.00;0.00
11.01.2021;0:29:23;2.51;45.40;8.25;756.38;0.00;0.00;0.00
11.01.2021;0:30:23;2.51;45.43;8.24;756.38;0.00;0.00;0.00
11.01.2021;0:31:24;2.53;45.52;8.23;756.38;0.00;0.00;0.00
11.01.2021;0:32:24;2.50;45.53;8.22;756.39;0.00;0.00;0.00
11.01.2021;0:33:24;2.50;45.46;8.23;756.41;0.00;0.00;0.00
11.01.2021;0:34:24;2.51;45.45;8.23;756.42;0.00;0.00;0.00
11.01.2021;0:35:24;2.50;45.48;8.23;756.46;0.00;0.00;0.00
11.01.2021;0:36:24;2.50;45.48;8.23;756.47;0.00;0.00;0.00
11.01.2021;0:37:24;2.50;45.46;8.22;756.49;0.00;0.00;0.00
11.01.2021;0:38:24;2.50;45.50;8.22;756.51;0.00;0.00;0.00
11.01.2021;0:39:24;2.51;45.48;8.23;756.51;0.00;0.00;0.00
11.01.2021;0:40:24;2.51;45.43;8.24;756.51;0.00;0.00;0.00
11.01.2021;0:41:24;2.50;45.46;8.23;756.49;0.00;0.00;0.00
11.01.2021;0:42:24;2.53;45.44;8.23;756.51;0.00;0.00;0.00
11.01.2021;0:43:24;2.51;45.41;8.23;756.51;0.00;0.00;0.00
11.01.2021;0:44:24;2.50;45.40;8.23;756.51;0.00;0.00;0.00
11.01.2021;0:45:24;2.53;45.48;8.21;756.50;0.00;0.00;0.00
11.01.2021;0:46:24;2.50;45.51;8.20;756.49;0.00;0.00;0.00
11.01.2021;0:47:24;2.51;45.47;8.20;756.48;0.00;0.00;0.00
11.01.2021;0:48:24;2.51;45.52;8.18;756.48;0.00;0.00;0.00
11.01.2021;0:49:24;2.50;45.57;8.18;756.46;0.00;0.00;0.00
11.01.2021;0:50:24;2.50;45.61;8.18;756.45;0.00;0.00;0.00
11.01.2021;0:51:24;2.50;45.55;8.17;756.46;0.00;0.00;0.00
11.01.2021;0:52:24;2.50;45.64;8.15;756.47;0.00;0.00;0.00
11.01.2021;0:53:24;2.50;45.64;8.14;756.47;0.00;0.00;0.00
11.01.2021;0:54:24;2.50;45.66;8.13;756.49;0.00;0.00;0.00
11.01.2021;0:55:24;2.50;45.69;8.12;756.49;0.00;0.00;0.00
11.01.2021;0:56:24;2.53;45.77;8.12;756.51;0.00;0.00;0.00
11.01.2021;0:57:24;2.50;45.69;8.12;756.52;0.00;0.00;0.00
11.01.2021;0:58:24;2.51;45.70;8.10;756.52;0.00;0.00;0.00
11.01.2021;0:59:24;2.53;45.79;8.10;756.52;0.00;0.00;0.00
11.01.2021;1:00:24;2.50;45.74;8.10;756.52;0.00;0.00;0.00
11.01.2021;1:01:24;2.50;45.73;8.10;756.51;0.00;0.00;0.00
11.01.2021;1:02:24;2.51;45.71;8.09;756.51;0.00;0.00;0.00
11.01.2021;1:03:24;2.50;45.84;8.08;756.52;0.00;0.00;0.00
11.01.2021;1:04:24;2.50;45.82;8.08;756.53;0.00;0.00;0.00
11.01.2021;1:05:24;2.50;45.82;8.07;756.55;0.00;0.00;0.00
11.01.2021;1:06:24;2.50;45.85;8.07;756.58;0.00;0.00;0.00
11.01.2021;1:07:25;2.50;45.87;8.05;756.60;0.00;0.00;0.00
11.01.2021;1:08:25;2.50;45.87;8.05;756.61;0.00;0.00;0.00
11.01.2021;1:09:25;2.51;45.81;8.06;756.61;0.00;0.00;0.00
11.01.2021;1:10:25;2.53;45.79;8.05;756.60;0.00;0.00;0.00
11.01.2021;1:11:25;2.50;45.77;8.04;756.58;0.00;0.00;0.00
11.01.2021;1:12:25;2.50;45.81;8.03;756.57;0.00;0.00;0.00
11.01.2021;1:13:25;2.53;45.80;8.03;756.56;0.00;0.00;0.00
11.01.2021;1:14:25;2.50;45.82;8.03;756.55;0.00;0.00;0.00
11.01.2021;1:15:25;2.50;45.82;8.02;756.55;0.00;0.00;0.00
11.01.2021;1:16:25;2.51;45.85;8.01;756.58;0.00;0.00;0.00
11.01.2021;1:17:25;2.50;45.83;8.02;756.60;0.00;0.00;0.00
11.01.2021;1:18:25;2.50;45.81;8.01;756.62;0.00;0.00;0.00
11.01.2021;1:19:25;2.50;45.82;7.99;756.63;0.00;0.00;0.00
11.01.2021;1:20:25;2.50;45.85;7.99;756.65;0.00;0.00;0.00
11.01.2021;1:21:25;2.50;45.82;7.99;756.66;0.00;0.00;0.00
11.01.2021;1:22:25;2.50;45.84;7.99;756.65;0.00;0.00;0.00
11.01.2021;1:23:25;2.50;45.81;7.99;756.64;0.00;0.00;0.00
11.01.2021;1:24:25;2.53;45.76;7.98;756.63;0.00;0.00;0.00
11.01.2021;1:25:25;2.50;45.80;7.97;756.60;0.00;0.00;0.00
11.01.2021;1:26:25;2.50;45.87;7.96;756.59;0.00;0.00;0.00
11.01.2021;1:27:25;2.53;45.88;7.97;756.59;0.00;0.00;0.00
11.01.2021;1:28:25;2.51;45.86;7.97;756.59;0.00;0.00;0.00
11.01.2021;1:29:25;2.50;45.83;7.97;756.59;0.00;0.00;0.00
11.01.2021;1:30:25;2.51;45.85;7.96;756.59;0.00;0.00;0.00
11.01.2021;1:31:25;2.50;45.87;7.94;756.60;0.00;0.00;0.00
11.01.2021;1:32:25;2.50;45.91;7.94;756.59;0.00;0.00;0.00
11.01.2021;1:33:25;2.50;45.92;7.94;756.58;0.00;0.00;0.00
11.01.2021;1:34:25;2.50;45.88;7.94;756.58;0.00;0.00;0.00
11.01.2021;1:35:25;2.50;45.94;7.93;756.57;0.00;0.00;0.00
11.01.2021;1:36:25;2.50;45.90;7.93;756.58;0.00;0.00;0.00
11.01.2021;1:37:25;2.50;45.85;7.93;756.57;0.00;0.00;0.00
11.01.2021;1:38:25;2.53;45.85;7.93;756.58;0.00;0.00;0.00
11.01.2021;1:39:25;2.50;45.87;7.92;756.58;0.00;0.00;0.00
11.01.2021;1:40:25;2.50;45.85;7.90;756.59;0.00;0.00;0.00
11.01.2021;1:41:25;2.54;45.92;7.89;756.60;0.00;0.00;0.00
11.01.2021;1:42:25;2.50;45.98;7.88;756.61;0.00;0.00;0.00
11.01.2021;1:43:25;2.50;46.01;7.88;756.61;0.00;0.00;0.00
11.01.2021;1:44:26;2.53;45.96;7.89;756.60;0.00;0.00;0.00
11.01.2021;1:45:26;2.50;45.93;7.88;756.59;0.00;0.00;0.00
11.01.2021;1:46:26;2.50;45.87;7.88;756.59;0.00;0.00;0.00
11.01.2021;1:47:26;2.50;45.95;7.87;756.59;0.00;0.00;0.00
11.01.2021;1:48:26;2.50;45.89;7.87;756.59;0.00;0.00;0.00
11.01.2021;1:49:26;2.51;45.97;7.86;756.59;0.00;0.00;0.00
11.01.2021;1:50:26;2.50;45.92;7.86;756.59;0.00;0.00;0.00
11.01.2021;1:51:26;2.50;45.92;7.86;756.60;0.00;0.00;0.00
11.01.2021;1:52:26;2.53;45.91;7.85;756.61;0.00;0.00;0.00
11.01.2021;1:53:26;2.50;45.98;7.84;756.62;0.00;0.00;0.00
11.01.2021;1:54:26;2.50;46.00;7.84;756.64;0.00;0.00;0.00
11.01.2021;1:55:26;2.53;45.93;7.83;756.64;0.00;0.00;0.00
11.01.2021;1:56:26;2.51;45.92;7.83;756.64;0.00;0.00;0.00
11.01.2021;1:57:26;2.50;45.95;7.83;756.64;0.00;0.00;0.00
11.01.2021;1:58:26;2.51;45.92;7.82;756.64;0.00;0.00;0.00
11.01.2021;1:59:26;2.50;45.94;7.82;756.66;0.00;0.00;0.00
11.01.2021;2:00:26;2.50;45.92;7.82;756.66;0.00;0.00;0.00
11.01.2021;2:01:26;2.50;45.89;7.81;756.67;0.00;0.00;0.00
11.01.2021;2:02:26;2.50;45.93;7.80;756.67;0.00;0.00;0.00
11.01.2021;2:03:26;2.50;45.96;7.80;756.68;0.00;0.00;0.00
11.01.2021;2:04:26;2.50;46.02;7.78;756.70;0.00;0.00;0.00
11.01.2021;2:05:26;2.51;46.07;7.78;756.71;0.00;0.00;0.00
11.01.2021;2:06:26;2.53;46.06;7.78;756.73;0.00;0.00;0.00
11.01.2021;2:07:26;2.50;46.04;7.78;756.75;0.00;0.00;0.00
11.01.2021;2:08:26;2.50;46.00;7.78;756.76;0.00;0.00;0.00
11.01.2021;2:09:26;2.53;46.06;7.78;756.76;0.00;0.00;0.00
11.01.2021;2:10:26;2.50;46.05;7.78;756.75;0.00;0.00;0.00
11.01.2021;2:11:26;2.51;45.98;7.79;756.74;0.00;0.00;0.00
11.01.2021;2:12:26;2.51;45.98;7.79;756.74;0.00;0.00;0.00
11.01.2021;2:13:26;2.50;45.96;7.78;756.74;0.00;0.00;0.00
11.01.2021;2:14:26;2.51;45.98;7.78;756.74;0.00;0.00;0.00
11.01.2021;2:15:26;2.50;45.96;7.78;756.74;0.00;0.00;0.00
11.01.2021;2:16:26;2.51;46.00;7.78;756.75;0.00;0.00;0.00
11.01.2021;2:17:26;2.51;45.99;7.79;756.75;0.00;0.00;0.00
11.01.2021;2:18:26;2.50;45.95;7.78;756.75;0.00;0.00;0.00
11.01.2021;2:19:26;2.51;46.01;7.78;756.75;0.00;0.00;0.00
11.01.2021;2:20:26;2.54;45.97;7.79;756.75;0.00;0.00;0.00
11.01.2021;2:21:27;2.51;45.96;7.79;756.76;0.00;0.00;0.00
11.01.2021;2:22:27;2.50;45.94;7.78;756.76;0.00;0.00;0.00
11.01.2021;2:23:27;2.56;46.02;7.78;756.77;0.00;0.00;0.00
11.01.2021;2:24:27;2.53;46.04;7.79;756.77;0.00;0.00;0.00
11.01.2021;2:25:27;2.56;46.02;7.79;756.77;0.00;0.00;0.00
11.01.2021;2:26:27;2.56;45.99;7.80;756.76;0.00;0.00;0.00
11.01.2021;2:27:27;2.57;46.01;7.80;756.75;0.00;0.00;0.00
11.01.2021;2:28:27;2.56;46.02;7.80;756.72;0.00;0.00;0.00
11.01.2021;2:29:27;2.57;45.97;7.82;756.70;0.00;0.00;0.00
11.01.2021;2:30:27;2.56;45.94;7.83;756.68;0.00;0.00;0.00
11.01.2021;2:31:27;2.54;45.89;7.85;756.67;0.00;0.00;0.00
11.01.2021;2:32:27;2.56;45.88;7.86;756.66;0.00;0.00;0.00
11.01.2021;2:33:27;2.53;45.91;7.88;756.65;0.00;0.00;0.00
11.01.2021;2:34:27;2.57;45.82;7.88;756.63;0.00;0.00;0.00
11.01.2021;2:35:27;2.51;45.80;7.89;756.62;0.00;0.00;0.00
11.01.2021;2:36:27;2.54;45.87;7.90;756.62;0.00;0.00;0.00
11.01.2021;2:37:27;2.60;45.92;7.91;756.62;0.00;0.00;0.00
11.01.2021;2:38:27;2.58;46.00;7.91;756.62;0.00;0.00;0.00
11.01.2021;2:39:27;2.60;45.96;7.92;756.63;0.00;0.00;0.00
11.01.2021;2:40:27;2.54;45.85;7.94;756.64;0.00;0.00;0.00
11.01.2021;2:41:27;2.60;45.78;7.95;756.64;0.00;0.00;0.00
11.01.2021;2:42:27;2.58;45.73;7.98;756.62;0.00;0.00;0.00
11.01.2021;2:43:27;2.64;45.72;7.98;756.61;0.00;0.00;0.00
11.01.2021;2:44:27;2.61;45.65;7.99;756.59;0.00;0.00;0.00
11.01.2021;2:45:27;2.68;45.62;8.01;756.56;0.00;0.00;0.00
11.01.2021;2:46:27;2.58;45.51;8.03;756.54;0.00;0.00;0.00
11.01.2021;2:47:27;2.67;45.51;8.04;756.51;0.00;0.00;0.00
11.01.2021;2:48:27;2.60;45.47;8.06;756.50;0.00;0.00;0.00
11.01.2021;2:49:27;2.63;45.41;8.08;756.47;0.00;0.00;0.00
11.01.2021;2:50:27;2.61;45.33;8.09;756.47;0.00;0.00;0.00
11.01.2021;2:51:27;2.56;45.29;8.10;756.45;0.00;0.00;0.00
11.01.2021;2:52:27;2.60;45.33;8.10;756.44;0.00;0.00;0.00
11.01.2021;2:53:27;2.56;45.32;8.10;756.42;0.00;0.00;0.00
11.01.2021;2:54:27;2.61;45.27;8.11;756.41;0.00;0.00;0.00
11.01.2021;2:55:27;2.58;45.23;8.11;756.38;0.00;0.00;0.00
11.01.2021;2:56:27;2.64;45.23;8.12;756.37;0.00;0.00;0.00
11.01.2021;2:57:27;2.54;45.19;8.13;756.35;0.00;0.00;0.00
11.01.2021;2:58:28;2.60;45.16;8.13;756.34;0.00;0.00;0.00
11.01.2021;2:59:28;2.63;45.14;8.13;756.32;0.00;0.00;0.00
11.01.2021;3:00:28;2.61;45.09;8.14;756.31;0.00;0.00;0.00
11.01.2021;3:01:28;2.57;45.09;8.15;756.31;0.00;0.00;0.00
11.01.2021;3:02:28;2.61;45.10;8.14;756.32;0.00;0.00;0.00
11.01.2021;3:03:28;2.61;45.11;8.14;756.31;0.00;0.00;0.00
11.01.2021;3:04:28;2.56;45.14;8.15;756.31;0.00;0.00;0.00
11.01.2021;3:05:28;2.63;45.16;8.15;756.30;0.00;0.00;0.00
11.01.2021;3:06:28;2.58;45.19;8.16;756.30;0.00;0.00;0.00
11.01.2021;3:07:28;2.57;45.12;8.16;756.30;0.00;0.00;0.00
11.01.2021;3:08:28;2.58;45.12;8.17;756.30;0.00;0.00;0.00
11.01.2021;3:09:28;2.53;45.03;8.18;756.30;0.00;0.00;0.00
11.01.2021;3:10:28;2.56;45.06;8.18;756.30;0.00;0.00;0.00
11.01.2021;3:11:28;2.53;45.02;8.19;756.30;0.00;0.00;0.00
11.01.2021;3:12:28;2.60;45.03;8.18;756.30;0.00;0.00;0.00
11.01.2021;3:13:28;2.63;45.08;8.18;756.30;0.00;0.00;0.00
11.01.2021;3:14:28;2.60;45.12;8.18;756.30;0.00;0.00;0.00
11.01.2021;3:15:28;2.58;45.17;8.17;756.33;0.00;0.00;0.00
11.01.2021;3:16:28;2.60;45.25;8.17;756.36;0.00;0.00;0.00
11.01.2021;3:17:28;2.58;45.21;8.18;756.38;0.00;0.00;0.00
11.01.2021;3:18:28;2.61;45.34;8.18;756.41;0.00;0.00;0.00
11.01.2021;3:19:28;2.61;45.31;8.18;756.43;0.00;0.00;0.00
11.01.2021;3:20:28;2.53;45.28;8.18;756.42;0.00;0.00;0.00
11.01.2021;3:21:28;2.54;45.20;8.18;756.41;0.00;0.00;0.00
11.01.2021;3:22:28;2.63;45.17;8.18;756.41;0.00;0.00;0.00
11.01.2021;3:23:28;2.57;45.10;8.18;756.43;0.00;0.00;0.00
11.01.2021;3:24:28;2.70;45.08;8.18;756.43;0.00;0.00;0.00
11.01.2021;3:25:28;2.64;45.05;8.19;756.43;0.00;0.00;0.00
11.01.2021;3:26:28;2.60;44.98;8.20;756.44;0.00;0.00;0.00
11.01.2021;3:27:28;2.60;45.05;8.19;756.45;0.00;0.00;0.00
11.01.2021;3:28:28;2.57;45.10;8.19;756.46;0.00;0.00;0.00
11.01.2021;3:29:28;2.60;45.21;8.19;756.46;0.00;0.00;0.00
11.01.2021;3:30:28;2.62;45.31;8.19;756.47;0.00;0.00;0.00
11.01.2021;3:31:28;2.54;45.29;8.19;756.48;0.00;0.00;0.00
11.01.2021;3:32:28;2.61;45.16;8.19;756.49;0.00;0.00;0.00
11.01.2021;3:33:28;2.63;45.13;8.20;756.51;0.00;0.00;0.00
11.01.2021;3:34:29;2.61;45.03;8.20;756.51;0.00;0.00;0.00
11.01.2021;3:35:29;2.61;44.98;8.20;756.50;0.00;0.00;0.00
11.01.2021;3:36:29;2.61;44.94;8.21;756.51;0.00;0.00;0.00
11.01.2021;3:37:29;2.56;44.89;8.22;756.50;0.00;0.00;0.00
11.01.2021;3:38:29;2.56;44.90;8.22;756.49;0.00;0.00;0.00
11.01.2021;3:39:29;2.57;44.89;8.22;756.48;0.00;0.00;0.00
11.01.2021;3:40:29;2.57;44.78;8.23;756.49;0.00;0.00;0.00
11.01.2021;3:41:29;2.58;44.82;8.23;756.49;0.00;0.00;0.00
11.01.2021;3:42:29;2.58;44.80;8.23;756.49;0.00;0.00;0.00
11.01.2021;3:43:29;2.61;44.75;8.23;756.48;0.00;0.00;0.00
11.01.2021;3:44:29;2.61;44.70;8.23;756.48;0.00;0.00;0.00
11.01.2021;3:45:29;2.60;44.61;8.23;756.48;0.00;0.00;0.00
11.01.2021;3:46:29;2.61;44.60;8.22;756.50;0.00;0.00;0.00
11.01.2021;3:47:29;2.69;44.62;8.21;756.50;0.00;0.00;0.00
11.01.2021;3:48:29;2.61;44.63;8.21;756.52;0.00;0.00;0.00
11.01.2021;3:49:29;2.56;44.74;8.20;756.54;0.00;0.00;0.00
11.01.2021;3:50:29;2.57;44.93;8.19;756.56;0.00;0.00;0.00
11.01.2021;3:51:29;2.53;45.01;8.19;756.57;0.00;0.00;0.00
11.01.2021;3:52:29;2.58;44.90;8.19;756.57;0.00;0.00;0.00
11.01.2021;3:53:29;2.60;44.85;8.19;756.58;0.00;0.00;0.00
11.01.2021;3:54:29;2.58;44.85;8.19;756.59;0.00;0.00;0.00
11.01.2021;3:55:29;2.54;44.83;8.19;756.60;0.00;0.00;0.00
11.01.2021;3:56:29;2.58;44.84;8.18;756.61;0.00;0.00;0.00
11.01.2021;3:57:29;2.57;44.98;8.17;756.62;0.00;0.00;0.00
11.01.2021;3:58:29;2.64;45.05;8.18;756.61;0.00;0.00;0.00
11.01.2021;3:59:29;2.58;45.06;8.18;756.61;0.00;0.00;0.00
11.01.2021;4:00:29;2.56;45.06;8.19;756.60;0.00;0.00;0.00
11.01.2021;4:01:29;2.63;45.09;8.20;756.60;0.00;0.00;0.00
11.01.2021;4:02:29;2.60;45.03;8.22;756.60;0.00;0.00;0.00
11.01.2021;4:03:29;2.58;44.82;8.23;756.62;0.00;0.00;0.00
11.01.2021;4:04:29;2.65;44.76;8.23;756.61;0.00;0.00;0.00
11.01.2021;4:05:29;2.60;44.81;8.22;756.63;0.00;0.00;0.00
11.01.2021;4:06:29;2.73;44.92;8.23;756.64;0.00;0.00;0.00
11.01.2021;4:07:29;2.69;44.92;8.23;756.66;0.00;0.00;0.00
11.01.2021;4:08:29;2.74;44.95;8.22;756.67;0.00;0.00;0.00
11.01.2021;4:09:29;2.75;45.16;8.23;756.68;0.00;0.00;0.00
11.01.2021;4:10:29;2.71;45.13;8.24;756.69;0.00;0.00;0.00
11.01.2021;4:11:30;2.71;45.07;8.25;756.69;0.00;0.00;0.00
11.01.2021;4:12:30;2.67;44.99;8.24;756.71;0.00;0.00;0.00
11.01.2021;4:13:30;2.75;44.99;8.24;756.72;0.00;0.00;0.00
11.01.2021;4:14:30;2.74;44.96;8.24;756.73;0.00;0.00;0.00
11.01.2021;4:15:30;2.79;44.92;8.24;756.73;0.00;0.00;0.00
11.01.2021;4:16:30;2.71;44.87;8.24;756.74;0.00;0.00;0.00
11.01.2021;4:17:30;2.80;44.89;8.24;756.72;0.00;0.00;0.00
11.01.2021;4:18:30;2.78;44.94;8.24;756.71;0.00;0.00;0.00
11.01.2021;4:19:30;2.71;44.98;8.24;756.71;0.00;0.00;0.00
11.01.2021;4:20:30;2.80;44.91;8.25;756.71;0.00;0.00;0.00
11.01.2021;4:21:30;2.65;44.91;8.24;756.72;0.00;0.00;0.00
11.01.2021;4:22:30;2.81;44.91;8.24;756.72;0.00;0.00;0.00
11.01.2021;4:23:30;2.71;44.94;8.24;756.73;0.00;0.00;0.00
11.01.2021;4:24:30;2.74;44.97;8.24;756.74;0.00;0.00;0.00
11.01.2021;4:25:30;2.75;45.07;8.24;756.75;0.00;0.00;0.00
11.01.2021;4:26:30;2.71;45.11;8.24;756.76;0.00;0.00;0.00
11.01.2021;4:27:30;2.85;45.16;8.23;756.76;0.00;0.00;0.00
11.01.2021;4:28:30;2.73;45.21;8.24;756.76;0.00;0.00;0.00
11.01.2021;4:29:30;2.76;45.13;8.24;756.78;0.00;0.00;0.00
11.01.2021;4:30:30;2.81;45.04;8.24;756.80;0.00;0.00;0.00
11.01.2021;4:31:30;2.84;45.02;8.25;756.83;0.00;0.00;0.00
11.01.2021;4:32:30;2.82;44.98;8.24;756.84;0.00;0.00;0.00
11.01.2021;4:33:30;2.86;44.95;8.24;756.84;0.00;0.00;0.00
11.01.2021;4:34:30;2.78;44.92;8.24;756.84;0.00;0.00;0.00
11.01.2021;4:35:30;2.75;45.00;8.24;756.83;0.00;0.00;0.00
11.01.2021;4:36:30;2.70;45.03;8.24;756.81;0.00;0.00;0.00
11.01.2021;4:37:30;2.68;45.12;8.23;756.77;0.00;0.00;0.00
11.01.2021;4:38:30;2.79;45.16;8.23;756.75;0.00;0.00;0.00
11.01.2021;4:39:30;2.71;45.07;8.23;756.71;0.00;0.00;0.00
11.01.2021;4:40:30;2.76;45.07;8.23;756.70;0.00;0.00;0.00
11.01.2021;4:41:30;2.76;44.99;8.23;756.70;0.00;0.00;0.00
11.01.2021;4:42:30;2.75;44.97;8.23;756.71;0.00;0.00;0.00
11.01.2021;4:43:30;2.74;44.94;8.23;756.72;0.00;0.00;0.00
11.01.2021;4:44:30;2.67;44.96;8.22;756.73;0.00;0.00;0.00
11.01.2021;4:45:30;2.68;45.02;8.22;756.74;0.00;0.00;0.00
11.01.2021;4:46:30;2.74;45.08;8.22;756.73;0.00;0.00;0.00
11.01.2021;4:47:30;2.82;45.11;8.22;756.73;0.00;0.00;0.00
11.01.2021;4:48:31;2.73;45.12;8.22;756.73;0.00;0.00;0.00
11.01.2021;4:49:31;2.71;45.14;8.22;756.72;0.00;0.00;0.00
11.01.2021;4:50:31;2.73;45.17;8.22;756.72;0.00;0.00;0.00
11.01.2021;4:51:31;2.76;45.14;8.22;756.71;0.00;0.00;0.00
11.01.2021;4:52:31;2.60;45.11;8.21;756.71;0.00;0.00;0.00
11.01.2021;4:53:31;2.73;45.10;8.21;756.72;0.00;0.00;0.00
11.01.2021;4:54:31;2.68;45.08;8.21;756.72;0.00;0.00;0.00
11.01.2021;4:55:31;2.68;45.04;8.21;756.73;0.00;0.00;0.00
11.01.2021;4:56:31;2.70;45.04;8.21;756.73;0.00;0.00;0.00
11.01.2021;4:57:31;2.72;45.04;8.22;756.73;0.00;0.00;0.00
11.01.2021;4:58:31;2.67;45.04;8.21;756.72;0.00;0.00;0.00
11.01.2021;4:59:31;2.77;45.09;8.22;756.72;0.00;0.00;0.00
11.01.2021;5:00:31;2.69;45.11;8.22;756.72;0.00;0.00;0.00
11.01.2021;5:01:31;2.65;45.21;8.23;756.72;0.00;0.00;0.00
11.01.2021;5:02:31;2.71;45.14;8.23;756.73;0.00;0.00;0.00
11.01.2021;5:03:31;2.61;45.25;8.23;756.72;0.00;0.00;0.00
11.01.2021;5:04:31;2.77;45.16;8.23;756.71;0.00;0.00;0.00
11.01.2021;5:05:31;2.69;45.14;8.23;756.70;0.00;0.00;0.00
11.01.2021;5:06:31;2.82;45.07;8.23;756.69;0.00;0.00;0.00
11.01.2021;5:07:31;2.77;45.06;8.22;756.70;0.00;0.00;0.00
11.01.2021;5:08:31;2.83;45.04;8.22;756.71;0.00;0.00;0.00
11.01.2021;5:09:31;2.85;45.05;8.22;756.71;0.00;0.00;0.00
11.01.2021;5:10:31;2.88;45.10;8.21;756.72;0.00;0.00;0.00
11.01.2021;5:11:31;2.90;45.06;8.22;756.73;0.00;0.00;0.00
11.01.2021;5:12:31;3.10;45.12;8.22;756.74;0.00;0.00;0.00
11.01.2021;5:13:31;3.01;45.11;8.22;756.74;0.00;0.00;0.00
11.01.2021;5:14:31;3.06;45.26;8.22;756.74;0.00;0.00;0.00
11.01.2021;5:15:31;3.18;45.31;8.22;756.74;0.00;0.00;0.00
11.01.2021;5:16:31;3.14;45.25;8.23;756.75;0.00;0.00;0.00
11.01.2021;5:17:31;3.14;45.28;8.24;756.75;0.00;0.00;0.00
11.01.2021;5:18:31;3.22;45.17;8.24;756.73;0.00;0.00;0.00
11.01.2021;5:19:31;3.31;45.17;8.23;756.73;0.00;0.00;0.00
11.01.2021;5:20:31;3.33;45.12;8.23;756.72;0.00;0.00;0.00
11.01.2021;5:21:31;3.33;45.12;8.23;756.71;0.00;0.00;0.00
11.01.2021;5:22:31;3.35;45.16;8.23;756.71;0.00;0.00;0.00
11.01.2021;5:23:31;3.33;45.22;8.23;756.72;0.00;0.00;0.00
11.01.2021;5:24:31;3.33;45.25;8.23;756.72;0.00;0.00;0.00
11.01.2021;5:25:32;3.35;45.20;8.23;756.72;0.00;0.00;0.00
11.01.2021;5:26:32;3.33;45.19;8.24;756.73;0.00;0.00;0.00
11.01.2021;5:27:32;3.33;45.16;8.24;756.75;0.00;0.00;0.00
11.01.2021;5:28:32;3.33;45.11;8.23;756.76;0.00;0.00;0.00
11.01.2021;5:29:32;3.33;45.15;8.22;756.77;0.00;0.00;0.00
11.01.2021;5:30:32;3.33;45.12;8.22;756.78;0.00;0.00;0.00
11.01.2021;5:31:32;3.33;45.18;8.22;756.78;0.00;0.00;0.00
11.01.2021;5:32:32;3.33;45.22;8.23;756.79;0.00;0.00;0.00
11.01.2021;5:33:32;3.33;45.23;8.23;756.80;0.00;0.00;0.00
11.01.2021;5:34:32;3.90;45.25;8.23;756.81;0.00;0.00;0.00
11.01.2021;5:35:32;4.17;45.28;8.22;756.82;0.00;0.00;0.00
11.01.2021;5:36:32;4.18;45.39;8.22;756.82;0.00;0.00;0.00
11.01.2021;5:37:32;4.17;45.31;8.23;756.82;0.00;0.00;0.00
11.01.2021;5:38:32;4.52;45.30;8.22;756.83;0.00;0.00;0.00
11.01.2021;5:39:32;5.01;45.39;8.22;756.83;0.00;0.00;0.00
11.01.2021;5:40:32;5.00;45.27;8.22;756.83;0.00;0.00;0.00
11.01.2021;5:41:32;5.81;45.27;8.22;756.83;0.00;0.00;0.00
11.01.2021;5:42:32;5.86;45.29;8.22;756.85;0.00;0.00;0.00
11.01.2021;5:43:32;6.62;45.26;8.22;756.85;0.00;0.00;0.00
11.01.2021;5:44:32;7.03;45.19;8.21;756.84;0.00;0.00;0.00
11.01.2021;5:45:32;7.60;45.26;8.20;756.84;0.00;0.00;0.00
11.01.2021;5:46:32;8.33;45.43;8.20;756.84;0.00;0.00;0.00
11.01.2021;5:47:32;9.01;45.46;8.21;756.85;0.00;0.00;0.00
11.01.2021;5:48:32;9.75;45.47;8.20;756.83;0.00;0.00;0.00
11.01.2021;5:49:32;10.58;45.36;8.20;756.83;0.00;0.00;0.00
11.01.2021;5:50:32;11.43;45.33;8.21;756.84;0.00;0.00;0.00
11.01.2021;5:51:32;12.33;45.32;8.20;756.83;0.00;0.00;0.00
11.01.2021;5:52:32;13.56;45.36;8.20;756.82;0.00;0.00;0.00
11.01.2021;5:53:32;14.75;45.33;8.19;756.82;0.00;0.00;0.00
11.01.2021;5:54:32;16.19;45.35;8.20;756.81;0.00;0.00;0.00
11.01.2021;5:55:32;17.68;45.30;8.20;756.81;0.00;0.00;0.00
11.01.2021;5:56:32;19.14;45.33;8.20;756.80;0.00;0.00;0.00
11.01.2021;5:57:32;20.51;45.35;8.20;756.81;0.01;0.00;0.00
11.01.2021;5:58:32;21.86;45.35;8.20;756.81;0.01;0.00;0.00
11.01.2021;5:59:32;22.97;45.38;8.20;756.82;0.01;0.00;0.00
11.01.2021;6:00:33;24.04;45.40;8.21;756.84;0.01;0.00;0.00
11.01.2021;6:01:33;24.99;45.38;8.22;756.84;0.02;0.00;0.00
11.01.2021;6:02:33;26.44;45.38;8.22;756.85;0.02;0.00;0.00
11.01.2021;6:03:33;27.88;45.36;8.22;756.85;0.02;0.00;0.00
11.01.2021;6:04:33;29.51;45.39;8.22;756.85;0.03;0.00;0.00
11.01.2021;6:05:33;31.32;45.37;8.22;756.87;0.03;0.00;0.00
11.01.2021;6:06:33;33.15;45.34;8.23;756.86;0.04;0.00;0.00
11.01.2021;6:07:33;34.93;45.35;8.23;756.85;0.04;0.00;0.00
11.01.2021;6:08:33;36.57;45.32;8.24;756.86;0.04;0.00;0.00
11.01.2021;6:09:33;38.29;45.34;8.25;756.89;0.05;0.00;0.00
11.01.2021;6:10:33;39.94;45.30;8.25;756.90;0.05;0.00;0.00
11.01.2021;6:11:33;41.36;45.28;8.25;756.91;0.06;0.00;0.00
11.01.2021;6:12:33;43.29;45.29;8.25;756.93;0.06;0.00;0.00
11.01.2021;6:13:33;45.12;45.34;8.26;756.94;0.07;0.00;0.00
11.01.2021;6:14:33;47.05;45.33;8.26;756.96;0.07;0.00;0.00
11.01.2021;6:15:33;48.72;45.38;8.27;756.95;0.08;0.00;0.00
11.01.2021;6:16:33;50.25;45.26;8.28;756.97;0.08;0.00;0.00
11.01.2021;6:17:33;51.62;45.23;8.28;756.97;0.08;0.00;0.00
11.01.2021;6:18:33;51.74;45.28;8.28;756.98;0.09;0.00;0.00
11.01.2021;6:19:33;53.69;45.25;8.28;756.98;0.10;0.00;0.00
11.01.2021;6:20:33;59.34;45.26;8.30;757.00;0.12;0.00;0.00
11.01.2021;6:21:33;64.32;45.27;8.30;757.00;0.14;0.00;0.00
11.01.2021;6:22:33;68.00;45.33;8.31;757.00;0.16;0.00;0.00
11.01.2021;6:23:33;70.68;45.24;8.32;757.01;0.18;0.00;0.00
11.01.2021;6:24:33;72.99;45.29;8.32;757.01;0.18;0.00;0.00
11.01.2021;6:25:33;74.79;45.24;8.32;757.01;0.19;0.00;0.00
11.01.2021;6:26:33;75.82;45.28;8.33;757.02;0.19;0.00;0.00
11.01.2021;6:27:33;76.14;45.24;8.34;757.01;0.19;0.00;0.00
11.01.2021;6:28:33;77.27;45.20;8.34;757.02;0.19;0.00;0.00
11.01.2021;6:29:33;81.10;45.17;8.35;757.02;0.21;0.00;0.00
11.01.2021;6:30:33;84.72;45.11;8.35;757.02;0.23;0.00;0.00
11.01.2021;6:31:33;87.19;45.19;8.36;757.01;0.24;0.00;0.00
11.01.2021;6:32:33;87.89;45.12;8.37;757.02;0.23;0.00;0.00
11.01.2021;6:33:33;86.21;45.06;8.38;757.02;0.21;0.00;0.00
11.01.2021;6:34:34;84.46;44.99;8.39;757.03;0.20;0.00;0.00
11.01.2021;6:35:34;82.79;45.00;8.38;757.04;0.18;0.00;0.00
11.01.2021;6:36:34;83.10;44.97;8.38;757.05;0.17;0.00;0.00
11.01.2021;6:37:34;86.36;45.01;8.38;757.06;0.19;0.00;0.00
11.01.2021;6:38:34;91.85;45.02;8.38;757.06;0.22;0.00;0.00
11.01.2021;6:39:34;97.00;45.07;8.38;757.07;0.25;0.00;0.00
11.01.2021;6:40:34;100.73;45.15;8.38;757.07;0.27;0.00;0.00
11.01.2021;6:41:34;104.75;45.08;8.38;757.06;0.29;0.00;0.00
11.01.2021;6:42:34;108.93;45.10;8.39;757.05;0.31;0.00;0.00
11.01.2021;6:43:34;113.76;45.12;8.40;757.05;0.33;0.00;0.00
11.01.2021;6:44:34;116.68;45.13;8.40;757.03;0.34;0.00;0.00
11.01.2021;6:45:34;121.10;45.04;8.42;757.01;0.35;0.00;0.00
11.01.2021;6:46:34;124.86;45.04;8.43;757.01;0.37;0.00;0.00
11.01.2021;6:47:34;128.19;44.98;8.44;757.00;0.38;0.00;0.00
11.01.2021;6:48:34;130.59;45.01;8.44;757.00;0.38;0.00;0.00
11.01.2021;6:49:34;131.74;45.01;8.45;757.01;0.39;0.00;0.00
11.01.2021;6:50:34;135.03;45.02;8.45;757.01;0.40;0.00;0.00
11.01.2021;6:51:34;142.19;45.03;8.45;757.00;0.43;0.01;0.01
11.01.2021;6:52:34;148.35;45.04;8.46;757.00;0.46;0.08;0.04
11.01.2021;6:53:34;154.55;45.01;8.47;756.99;0.48;0.11;0.05
11.01.2021;6:54:34;161.10;44.98;8.47;756.97;0.50;0.16;0.08
11.01.2021;6:55:34;168.36;45.07;8.48;756.96;0.53;0.20;0.11
11.01.2021;6:56:34;173.29;45.07;8.49;756.94;0.55;0.24;0.13
11.01.2021;6:57:34;174.40;45.09;8.48;756.93;0.56;0.25;0.14
11.01.2021;6:58:34;175.00;45.11;8.50;756.92;0.56;0.26;0.15
11.01.2021;6:59:34;178.97;45.12;8.52;756.92;0.57;0.28;0.16
11.01.2021;7:00:34;179.56;45.12;8.53;756.91;0.57;0.27;0.15
11.01.2021;7:01:34;180.61;45.12;8.54;756.91;0.57;0.27;0.16
11.01.2021;7:02:34;184.17;45.18;8.55;756.90;0.58;0.30;0.17
11.01.2021;7:03:34;188.70;45.18;8.55;756.89;0.59;0.31;0.18
11.01.2021;7:04:34;193.39;45.03;8.56;756.90;0.61;0.34;0.21
11.01.2021;7:05:34;196.74;44.97;8.58;756.90;0.62;0.36;0.22
11.01.2021;7:06:35;198.61;44.84;8.59;756.91;0.63;0.37;0.23
11.01.2021;7:07:35;201.46;44.75;8.60;756.91;0.64;0.39;0.25
11.01.2021;7:08:35;204.51;44.72;8.61;756.92;0.64;0.40;0.26
11.01.2021;7:09:35;206.19;44.69;8.62;756.93;0.65;0.39;0.26
11.01.2021;7:10:35;208.28;44.68;8.63;756.95;0.65;0.40;0.26
11.01.2021;7:11:35;211.99;44.69;8.64;756.96;0.67;0.42;0.28
11.01.2021;7:12:35;215.63;44.64;8.65;756.97;0.68;0.44;0.30
11.01.2021;7:13:35;218.70;44.63;8.65;756.97;0.69;0.47;0.32
11.01.2021;7:14:35;222.46;44.63;8.67;756.96;0.71;0.50;0.35
11.01.2021;7:15:35;226.40;44.58;8.68;756.96;0.72;0.50;0.36
11.01.2021;7:16:35;230.11;44.51;8.69;756.93;0.73;0.52;0.38
11.01.2021;7:17:35;234.45;44.48;8.70;756.92;0.75;0.55;0.41
11.01.2021;7:18:35;239.35;44.51;8.69;756.92;0.76;0.58;0.44
11.01.2021;7:19:35;244.53;44.52;8.71;756.91;0.78;0.60;0.47
11.01.2021;7:20:35;248.47;44.51;8.71;756.90;0.79;0.61;0.48
11.01.2021;7:21:35;250.04;44.50;8.72;756.89;0.80;0.63;0.50
11.01.2021;7:22:35;251.07;44.48;8.72;756.89;0.80;0.63;0.50
11.01.2021;7:23:35;251.90;44.45;8.73;756.89;0.80;0.63;0.51
11.01.2021;7:24:35;253.43;44.48;8.74;756.89;0.80;0.63;0.51
11.01.2021;7:25:35;254.94;44.50;8.75;756.89;0.81;0.65;0.53
11.01.2021;7:26:35;257.68;44.42;8.76;756.89;0.82;0.66;0.54
11.01.2021;7:27:35;261.62;44.36;8.77;756.90;0.83;0.69;0.57
11.01.2021;7:28:35;266.46;44.38;8.78;756.89;0.85;0.71;0.60
11.01.2021;7:29:35;271.94;44.31;8.78;756.89;0.87;0.75;0.65
11.01.2021;7:30:35;278.58;44.27;8.79;756.89;0.89;0.79;0.70
11.01.2021;7:31:35;284.49;44.25;8.81;756.89;0.91;0.81;0.73
11.01.2021;7:32:35;288.69;44.24;8.81;756.88;0.92;0.81;0.74
11.01.2021;7:33:35;293.10;44.24;8.82;756.88;0.92;0.83;0.77
11.01.2021;7:34:35;296.94;44.29;8.82;756.88;0.93;0.87;0.81
11.01.2021;7:35:35;298.61;44.29;8.83;756.89;0.94;0.88;0.82
11.01.2021;7:36:35;298.50;44.34;8.83;756.91;0.94;0.87;0.81
11.01.2021;7:37:35;299.08;44.29;8.84;756.93;0.94;0.87;0.82
11.01.2021;7:38:36;300.08;44.25;8.86;756.95;0.95;0.88;0.83
11.01.2021;7:39:36;300.71;44.18;8.87;756.94;0.95;0.89;0.84
11.01.2021;7:40:36;300.71;44.15;8.88;756.95;0.95;0.89;0.84
11.01.2021;7:41:36;301.84;44.07;8.89;756.96;0.95;0.90;0.86
11.01.2021;7:42:36;303.35;44.09;8.88;756.95;0.96;0.90;0.85
11.01.2021;7:43:36;305.24;44.08;8.89;756.97;0.96;0.89;0.86
11.01.2021;7:44:36;306.67;44.08;8.90;756.99;0.96;0.89;0.86
11.01.2021;7:45:36;306.35;44.05;8.91;757.00;0.95;0.89;0.85
11.01.2021;7:46:36;306.36;44.13;8.92;757.00;0.95;0.89;0.85
11.01.2021;7:47:36;307.71;44.06;8.93;757.01;0.96;0.90;0.86
11.01.2021;7:48:36;310.26;44.08;8.94;757.00;0.97;0.90;0.87
11.01.2021;7:49:36;312.94;44.04;8.95;757.01;0.98;0.91;0.89
11.01.2021;7:50:36;316.69;44.00;8.96;756.99;0.99;0.95;0.94
11.01.2021;7:51:36;321.75;43.98;8.97;756.97;1.01;0.99;0.99
11.01.2021;7:52:36;326.46;44.00;8.97;756.98;1.02;1.00;1.03
11.01.2021;7:53:36;328.90;44.18;8.99;756.97;1.03;1.01;1.04
11.01.2021;7:54:36;333.81;44.00;9.01;756.97;1.04;1.04;1.09
11.01.2021;7:55:36;337.76;43.92;9.02;756.98;1.05;1.06;1.12
11.01.2021;7:56:36;341.88;43.91;9.03;756.99;1.06;1.08;1.15
11.01.2021;7:57:36;341.89;43.94;9.04;757.00;1.06;1.07;1.14
11.01.2021;7:58:36;340.25;44.01;9.05;757.02;1.06;1.06;1.12
11.01.2021;7:59:36;340.26;43.90;9.06;757.03;1.05;1.07;1.13
11.01.2021;8:00:36;340.94;43.80;9.06;757.04;1.06;1.05;1.11
11.01.2021;8:01:36;342.73;43.82;9.06;757.06;1.06;1.08;1.15
11.01.2021;8:02:36;344.01;43.80;9.05;757.05;1.07;1.09;1.17
11.01.2021;8:03:36;342.98;43.77;9.06;757.07;1.07;1.09;1.16
11.01.2021;8:04:36;343.33;43.80;9.06;757.08;1.07;1.09;1.16
11.01.2021;8:05:36;342.71;43.77;9.06;757.09;1.07;1.08;1.16
11.01.2021;8:06:36;343.28;43.70;9.07;757.09;1.07;1.07;1.15
11.01.2021;8:07:36;344.49;43.73;9.08;757.09;1.07;1.08;1.16
11.01.2021;8:08:36;346.02;43.80;9.09;757.08;1.07;1.09;1.17
11.01.2021;8:09:37;347.50;43.75;9.10;757.09;1.07;1.09;1.17
11.01.2021;8:10:37;349.80;43.75;9.10;757.10;1.08;1.10;1.19
11.01.2021;8:11:37;353.92;43.72;9.11;757.09;1.09;1.11;1.21
11.01.2021;8:12:37;358.46;43.74;9.12;757.11;1.11;1.15;1.28
11.01.2021;8:13:37;362.18;43.67;9.13;757.13;1.12;1.18;1.33
11.01.2021;8:14:37;366.50;43.67;9.14;757.13;1.13;1.20;1.35
11.01.2021;8:15:37;370.49;43.58;9.16;757.14;1.14;1.20;1.37
11.01.2021;8:16:37;377.18;43.63;9.18;757.14;1.16;1.22;1.42
11.01.2021;8:17:37;386.62;43.61;9.19;757.13;1.18;1.28;1.51
11.01.2021;8:18:37;394.51;43.58;9.20;757.12;1.21;1.32;1.60
11.01.2021;8:19:37;401.51;43.66;9.20;757.12;1.23;1.36;1.67
11.01.2021;8:20:37;405.73;43.65;9.20;757.12;1.25;1.38;1.72
11.01.2021;8:21:37;407.51;43.69;9.21;757.11;1.26;1.40;1.76
11.01.2021;8:22:37;408.38;43.60;9.24;757.11;1.26;1.40;1.76
11.01.2021;8:23:37;409.15;43.47;9.27;757.12;1.26;1.40;1.77
11.01.2021;8:24:37;410.35;43.43;9.29;757.12;1.26;1.40;1.77
11.01.2021;8:25:37;412.53;43.35;9.31;757.13;1.27;1.40;1.78
11.01.2021;8:26:37;414.40;43.35;9.32;757.13;1.27;1.41;1.78
11.01.2021;8:27:37;414.75;43.37;9.32;757.15;1.27;1.41;1.79
11.01.2021;8:28:37;413.63;43.32;9.33;757.16;1.27;1.41;1.78
11.01.2021;8:29:37;411.46;43.32;9.36;757.15;1.26;1.40;1.77
11.01.2021;8:30:37;409.49;43.29;9.36;757.16;1.25;1.40;1.75
11.01.2021;8:31:37;409.13;43.24;9.37;757.17;1.25;1.39;1.74
11.01.2021;8:32:37;411.27;43.19;9.39;757.17;1.26;1.40;1.75
11.01.2021;8:33:37;414.11;43.13;9.39;757.17;1.27;1.41;1.78
11.01.2021;8:34:37;417.30;43.14;9.41;757.17;1.27;1.41;1.79
11.01.2021;8:35:37;420.75;43.27;9.41;757.17;1.28;1.43;1.83
11.01.2021;8:36:37;423.75;43.18;9.41;757.18;1.29;1.45;1.87
11.01.2021;8:37:37;426.67;43.14;9.42;757.18;1.30;1.46;1.90
11.01.2021;8:38:37;427.75;43.22;9.42;757.19;1.30;1.48;1.92
11.01.2021;8:39:37;425.56;43.19;9.44;757.20;1.30;1.47;1.92
11.01.2021;8:40:37;423.90;43.26;9.47;757.22;1.30;1.46;1.89
11.01.2021;8:41:38;422.85;43.21;9.52;757.23;1.29;1.45;1.87
11.01.2021;8:42:38;422.96;43.10;9.57;757.23;1.29;1.46;1.88
11.01.2021;8:43:38;424.06;42.93;9.58;757.24;1.30;1.47;1.90
11.01.2021;8:44:38;425.69;42.88;9.57;757.23;1.30;1.46;1.90
11.01.2021;8:45:38;426.71;42.85;9.58;757.21;1.30;1.47;1.91
11.01.2021;8:46:38;429.28;42.71;9.57;757.23;1.30;1.48;1.92
11.01.2021;8:47:38;435.22;42.78;9.55;757.23;1.32;1.50;1.98
11.01.2021;8:48:38;442.08;42.88;9.55;757.22;1.34;1.53;2.05
11.01.2021;8:49:38;447.16;42.95;9.56;757.22;1.35;1.56;2.11
11.01.2021;8:50:38;452.26;42.91;9.56;757.21;1.36;1.59;2.17
11.01.2021;8:51:38;454.92;42.97;9.58;757.21;1.37;1.59;2.19
11.01.2021;8:52:38;455.56;42.96;9.60;757.19;1.37;1.59;2.19
11.01.2021;8:53:38;456.72;42.92;9.62;757.19;1.38;1.60;2.20
11.01.2021;8:54:38;461.58;42.93;9.61;757.19;1.39;1.61;2.23
11.01.2021;8:55:38;466.78;42.77;9.60;757.17;1.40;1.64;2.31
11.01.2021;8:56:38;470.56;42.73;9.61;757.18;1.42;1.66;2.35
11.01.2021;8:57:38;474.07;42.73;9.62;757.18;1.43;1.69;2.41
11.01.2021;8:58:38;476.09;42.67;9.62;757.20;1.43;1.68;2.41
11.01.2021;8:59:38;475.46;42.63;9.62;757.20;1.43;1.69;2.42
11.01.2021;9:00:38;472.94;42.63;9.63;757.20;1.42;1.68;2.40
11.01.2021;9:01:38;470.58;42.60;9.63;757.21;1.41;1.66;2.35
11.01.2021;9:02:38;469.15;42.56;9.64;757.22;1.41;1.64;2.31
11.01.2021;9:03:38;471.21;42.58;9.66;757.23;1.41;1.65;2.33
11.01.2021;9:04:38;474.31;42.50;9.66;757.22;1.42;1.67;2.38
11.01.2021;9:05:38;478.63;42.47;9.65;757.21;1.43;1.69;2.43
11.01.2021;9:06:38;482.90;42.53;9.64;757.19;1.45;1.70;2.47
11.01.2021;9:07:38;486.50;42.63;9.63;757.17;1.46;1.71;2.50
11.01.2021;9:08:38;491.34;42.56;9.63;757.17;1.47;1.76;2.58
11.01.2021;9:09:38;494.53;42.60;9.64;757.16;1.48;1.76;2.60
11.01.2021;9:10:38;496.99;42.58;9.66;757.16;1.48;1.78;2.65
11.01.2021;9:11:38;499.06;42.59;9.69;757.16;1.49;1.78;2.65
11.01.2021;9:12:39;501.44;42.56;9.70;757.16;1.49;1.78;2.66
11.01.2021;9:13:39;503.33;42.49;9.72;757.16;1.50;1.80;2.70
11.01.2021;9:14:39;504.90;42.50;9.74;757.16;1.50;1.80;2.71
11.01.2021;9:15:39;506.54;42.46;9.73;757.15;1.51;1.80;2.72
11.01.2021;9:16:39;511.08;42.33;9.73;757.14;1.52;1.82;2.77
11.01.2021;9:17:39;515.78;42.40;9.76;757.15;1.54;1.86;2.86
11.01.2021;9:18:39;522.11;42.33;9.79;757.13;1.55;1.89;2.93
11.01.2021;9:19:39;533.18;42.25;9.78;757.13;1.58;1.94;3.07
11.01.2021;9:20:39;538.81;42.38;9.80;757.12;1.60;1.98;3.17
11.01.2021;9:21:39;539.60;42.35;9.82;757.13;1.61;1.99;3.20
11.01.2021;9:22:39;535.61;42.35;9.87;757.12;1.60;1.98;3.17
11.01.2021;9:23:39;538.89;42.15;9.89;757.11;1.61;2.00;3.21
11.01.2021;9:24:39;540.49;42.13;9.86;757.11;1.61;1.99;3.21
11.01.2021;9:25:39;544.86;42.15;9.84;757.11;1.62;2.01;3.26
11.01.2021;9:26:39;549.54;42.17;9.81;757.10;1.64;2.02;3.31
11.01.2021;9:27:39;552.98;42.31;9.83;757.09;1.65;2.03;3.34
11.01.2021;9:28:39;558.07;42.21;9.85;757.08;1.66;2.07;3.44
11.01.2021;9:29:39;559.36;42.17;9.85;757.05;1.67;2.07;3.46
11.01.2021;9:30:39;558.26;42.20;9.84;757.05;1.67;2.08;3.47
11.01.2021;9:31:39;553.96;42.20;9.84;757.06;1.66;2.06;3.42
11.01.2021;9:32:39;545.69;42.22;9.86;757.08;1.64;2.02;3.30
11.01.2021;9:33:39;535.13;42.15;9.86;757.10;1.61;2.00;3.21
11.01.2021;9:34:39;528.47;42.20;9.84;757.10;1.58;1.94;3.08
11.01.2021;9:35:39;522.86;42.19;9.83;757.10;1.57;1.92;3.00
11.01.2021;9:36:39;521.14;42.18;9.83;757.09;1.56;1.91;2.99
11.01.2021;9:37:39;523.22;42.18;9.85;757.07;1.57;1.91;3.00
11.01.2021;9:38:39;523.08;42.20;9.84;757.07;1.57;1.92;3.02
11.01.2021;9:39:39;520.99;42.19;9.84;757.06;1.57;1.91;2.99
11.01.2021;9:40:39;514.97;42.22;9.85;757.06;1.55;1.89;2.93
11.01.2021;9:41:39;510.83;42.12;9.86;757.06;1.54;1.88;2.90
11.01.2021;9:42:39;502.61;42.32;9.86;757.06;1.52;1.82;2.77
11.01.2021;9:43:40;497.26;42.25;9.87;757.05;1.50;1.80;2.70
11.01.2021;9:44:40;493.46;42.11;9.90;757.05;1.49;1.78;2.64
11.01.2021;9:45:40;490.58;42.18;9.93;757.04;1.47;1.77;2.61
11.01.2021;9:46:40;488.87;42.04;9.95;757.02;1.47;1.75;2.57
11.01.2021;9:47:40;487.19;41.95;9.96;757.04;1.46;1.73;2.53
11.01.2021;9:48:40;487.17;41.91;9.94;757.05;1.46;1.74;2.54
11.01.2021;9:49:40;488.16;41.94;9.92;757.06;1.46;1.72;2.52
11.01.2021;9:50:40;488.49;41.89;9.90;757.05;1.46;1.74;2.54
11.01.2021;9:51:40;491.71;42.08;9.92;757.04;1.47;1.76;2.59
11.01.2021;9:52:40;491.43;42.04;9.97;757.02;1.47;1.77;2.61
11.01.2021;9:53:40;490.27;41.83;9.96;757.01;1.47;1.75;2.57
11.01.2021;9:54:40;486.21;41.85;9.91;757.02;1.46;1.72;2.52
11.01.2021;9:55:40;480.60;41.96;9.89;757.02;1.44;1.70;2.45
11.01.2021;9:56:40;475.78;41.97;9.91;757.01;1.43;1.68;2.39
11.01.2021;9:57:40;470.72;42.14;9.94;757.00;1.41;1.65;2.33
11.01.2021;9:58:40;465.01;42.04;9.97;756.98;1.39;1.62;2.26
11.01.2021;9:59:40;459.11;41.86;9.97;756.98;1.38;1.60;2.21
11.01.2021;10:00:40;453.58;42.10;9.96;756.96;1.36;1.58;2.16
11.01.2021;10:01:40;450.06;41.95;9.97;756.96;1.35;1.56;2.11
11.01.2021;10:02:40;447.85;41.86;9.93;756.96;1.35;1.55;2.08
11.01.2021;10:03:40;445.03;41.94;9.92;756.96;1.34;1.54;2.06
11.01.2021;10:04:40;441.46;41.80;9.92;756.97;1.33;1.51;2.01
11.01.2021;10:05:40;436.30;41.81;9.89;756.98;1.31;1.49;1.96
11.01.2021;10:06:40;433.71;41.83;9.87;756.97;1.30;1.48;1.92
11.01.2021;10:07:40;434.50;41.97;9.86;756.96;1.30;1.48;1.92
11.01.2021;10:08:40;433.43;42.03;9.89;756.96;1.30;1.47;1.91
11.01.2021;10:09:40;434.31;42.04;9.90;756.96;1.30;1.47;1.90
11.01.2021;10:10:40;436.24;42.02;9.85;756.95;1.30;1.49;1.94
11.01.2021;10:11:40;437.36;41.96;9.82;756.95;1.31;1.49;1.94
11.01.2021;10:12:40;437.54;42.12;9.83;756.94;1.31;1.49;1.96
11.01.2021;10:13:40;439.19;42.25;9.85;756.91;1.32;1.49;1.97
11.01.2021;10:14:41;441.37;42.05;9.87;756.90;1.32;1.50;1.99
11.01.2021;10:15:41;447.20;42.01;9.86;756.89;1.34;1.53;2.05
11.01.2021;10:16:41;452.65;41.85;9.85;756.90;1.36;1.58;2.14
11.01.2021;10:17:41;457.75;41.87;9.83;756.91;1.37;1.59;2.18
11.01.2021;10:18:41;458.83;41.90;9.82;756.93;1.37;1.59;2.18
11.01.2021;10:19:41;460.42;41.87;9.83;756.94;1.37;1.59;2.19
11.01.2021;10:20:41;461.84;42.02;9.88;756.93;1.37;1.60;2.20
11.01.2021;10:21:41;466.75;41.76;9.90;756.90;1.39;1.60;2.23
11.01.2021;10:22:41;468.21;42.14;9.87;756.89;1.40;1.62;2.27
11.01.2021;10:23:41;480.31;41.96;9.87;756.88;1.43;1.69;2.42
11.01.2021;10:24:41;490.79;42.09;9.91;756.87;1.46;1.72;2.51
11.01.2021;10:25:41;503.67;41.74;9.94;756.87;1.49;1.79;2.67
11.01.2021;10:26:41;517.88;41.78;9.93;756.85;1.53;1.85;2.82
11.01.2021;10:27:41;528.64;41.83;9.95;756.86;1.56;1.89;2.95
11.01.2021;10:28:41;544.32;41.85;9.97;756.85;1.61;1.98;3.18
11.01.2021;10:29:41;551.24;41.73;9.98;756.85;1.63;2.01;3.28
11.01.2021;10:30:41;547.49;41.83;9.97;756.85;1.63;2.01;3.28
11.01.2021;10:31:41;534.06;41.93;9.94;756.84;1.59;1.96;3.12
11.01.2021;10:32:41;520.24;42.00;9.97;756.82;1.55;1.89;2.93
11.01.2021;10:33:41;515.71;41.94;10.03;756.81;1.54;1.85;2.85
11.01.2021;10:34:41;506.30;41.68;10.06;756.81;1.51;1.80;2.72
11.01.2021;10:35:41;509.26;41.49;10.03;756.82;1.51;1.81;2.74
11.01.2021;10:36:41;506.01;41.63;10.02;756.81;1.51;1.80;2.71
11.01.2021;10:37:41;502.30;41.66;10.03;756.81;1.50;1.80;2.69
11.01.2021;10:38:41;506.36;41.82;10.05;756.80;1.51;1.81;2.74
11.01.2021;10:39:41;514.45;41.57;10.08;756.80;1.53;1.85;2.83
11.01.2021;10:40:41;524.25;41.47;10.06;756.78;1.56;1.90;2.95
11.01.2021;10:41:41;525.96;41.67;10.03;756.75;1.57;1.91;2.99
11.01.2021;10:42:41;524.97;41.69;10.01;756.72;1.57;1.91;2.98
11.01.2021;10:43:41;520.38;41.83;10.04;756.71;1.55;1.90;2.95
11.01.2021;10:44:42;516.45;41.65;10.08;756.70;1.54;1.87;2.89
11.01.2021;10:45:42;509.74;41.50;10.07;756.70;1.53;1.83;2.78
11.01.2021;10:46:42;499.38;41.71;10.09;756.70;1.50;1.80;2.70
11.01.2021;10:47:42;490.63;41.74;10.14;756.71;1.47;1.77;2.61
11.01.2021;10:48:42;488.40;41.69;10.18;756.71;1.46;1.75;2.56
11.01.2021;10:49:42;487.85;41.52;10.20;756.71;1.46;1.72;2.52
11.01.2021;10:50:42;488.76;41.64;10.19;756.71;1.46;1.75;2.56
11.01.2021;10:51:42;495.30;41.64;10.24;756.70;1.48;1.78;2.63
11.01.2021;10:52:42;500.26;41.53;10.25;756.69;1.49;1.80;2.68
11.01.2021;10:53:42;507.08;41.56;10.27;756.68;1.51;1.82;2.75
11.01.2021;10:54:42;516.62;41.55;10.30;756.66;1.54;1.87;2.87
11.01.2021;10:55:42;529.74;41.58;10.31;756.64;1.57;1.92;3.02
11.01.2021;10:56:42;542.80;41.48;10.35;756.64;1.61;1.98;3.18
11.01.2021;10:57:42;557.14;41.13;10.34;756.64;1.65;2.03;3.34
11.01.2021;10:58:42;572.37;41.11;10.29;756.66;1.69;2.10;3.54
11.01.2021;10:59:42;587.03;41.14;10.27;756.66;1.73;2.13;3.69
11.01.2021;11:00:42;597.22;41.47;10.31;756.65;1.76;2.16;3.80
11.01.2021;11:01:42;605.14;41.42;10.37;756.65;1.78;2.17;3.85
11.01.2021;11:02:42;608.10;41.13;10.37;756.64;1.79;2.18;3.91
11.01.2021;11:03:42;613.67;41.26;10.38;756.64;1.80;2.19;3.94
11.01.2021;11:04:42;624.51;41.35;10.42;756.62;1.82;2.21;4.04
11.01.2021;11:05:42;637.47;41.35;10.47;756.62;1.85;2.28;4.22
11.01.2021;11:06:42;658.98;41.26;10.52;756.62;1.90;2.36;4.48
11.01.2021;11:07:42;678.15;41.20;10.56;756.63;1.95;2.47;4.80
11.01.2021;11:08:42;689.21;40.99;10.54;756.63;1.98;2.52;4.99
11.01.2021;11:09:42;701.64;41.07;10.56;756.63;2.01;2.59;5.22
11.01.2021;11:10:42;714.76;41.28;10.60;756.62;2.05;2.66;5.44
11.01.2021;11:11:42;721.62;40.95;10.62;756.63;2.07;2.70;5.58
11.01.2021;11:12:43;731.15;40.76;10.61;756.63;2.09;2.73;5.71
11.01.2021;11:13:43;736.55;41.23;10.66;756.63;2.10;2.76;5.82
11.01.2021;11:14:43;741.51;41.21;10.74;756.59;2.12;2.79;5.90
11.01.2021;11:15:43;749.60;40.69;10.74;756.58;2.13;2.81;5.99
11.01.2021;11:16:43;766.24;40.65;10.71;756.59;2.17;2.88;6.24
11.01.2021;11:17:43;789.85;40.66;10.72;756.58;2.22;2.96;6.56
11.01.2021;11:18:43;809.75;40.85;10.79;756.57;2.27;3.03;6.87
11.01.2021;11:19:43;818.93;40.57;10.79;756.56;2.29;3.09;7.07
11.01.2021;11:20:43;828.40;40.64;10.83;756.55;2.31;3.10;7.16
11.01.2021;11:21:43;840.90;40.58;10.86;756.55;2.34;3.16;7.40
11.01.2021;11:22:43;851.54;40.62;10.91;756.55;2.37;3.21;7.60
11.01.2021;11:23:43;864.79;40.27;10.91;756.53;2.40;3.26;7.83
11.01.2021;11:24:43;871.40;40.44;10.93;756.52;2.42;3.29;7.97
11.01.2021;11:25:43;873.45;40.28;10.95;756.51;2.43;3.30;8.01
11.01.2021;11:26:43;867.97;40.32;10.96;756.50;2.41;3.28;7.91
11.01.2021;11:27:43;863.67;40.31;10.99;756.49;2.40;3.26;7.82
11.01.2021;11:28:43;856.81;40.33;11.02;756.49;2.38;3.21;7.66
11.01.2021;11:29:43;844.13;40.20;11.02;756.49;2.36;3.19;7.51
11.01.2021;11:30:43;831.41;40.15;11.00;756.49;2.33;3.14;7.31
11.01.2021;11:31:43;818.82;40.20;11.01;756.49;2.30;3.10;7.13
11.01.2021;11:32:43;808.06;40.23;11.02;756.50;2.28;3.06;7.00
11.01.2021;11:33:43;791.75;40.16;11.05;756.51;2.25;3.01;6.78
11.01.2021;11:34:43;772.72;40.05;11.04;756.52;2.21;2.93;6.46
11.01.2021;11:35:43;751.55;40.16;11.06;756.54;2.16;2.86;6.16
11.01.2021;11:36:43;737.68;40.10;11.06;756.54;2.13;2.80;5.94
11.01.2021;11:37:43;727.49;40.27;11.08;756.54;2.10;2.75;5.78
11.01.2021;11:38:43;723.18;40.20;11.12;756.55;2.09;2.72;5.68
11.01.2021;11:39:43;716.79;40.00;11.09;756.54;2.08;2.71;5.62
11.01.2021;11:40:44;710.13;40.08;11.06;756.54;2.06;2.68;5.52
11.01.2021;11:41:44;703.56;40.11;11.05;756.54;2.04;2.64;5.41
11.01.2021;11:42:44;693.56;40.12;11.06;756.53;2.03;2.62;5.30
11.01.2021;11:43:44;682.00;40.27;11.09;756.53;2.00;2.58;5.16
11.01.2021;11:44:44;672.07;40.16;11.11;756.53;1.98;2.52;4.98
11.01.2021;11:45:44;662.60;40.06;11.11;756.53;1.95;2.48;4.85
11.01.2021;11:46:44;653.81;39.96;11.08;756.54;1.93;2.42;4.67
11.01.2021;11:47:44;643.21;40.27;11.06;756.54;1.90;2.38;4.51
11.01.2021;11:48:44;630.35;40.24;11.10;756.54;1.86;2.30;4.29
11.01.2021;11:49:44;617.64;40.25;11.12;756.53;1.83;2.23;4.07
11.01.2021;11:50:44;605.17;40.08;11.10;756.52;1.80;2.19;3.93
11.01.2021;11:51:44;593.01;40.13;11.07;756.51;1.76;2.16;3.81
11.01.2021;11:52:44;579.21;40.31;11.07;756.53;1.73;2.13;3.69
11.01.2021;11:53:44;564.96;40.18;11.06;756.53;1.69;2.11;3.57
11.01.2021;11:54:44;550.07;40.29;11.03;756.53;1.66;2.06;3.41
11.01.2021;11:55:44;535.01;40.51;11.05;756.53;1.62;2.00;3.23
11.01.2021;11:56:44;520.53;40.25;11.05;756.52;1.57;1.93;3.04
11.01.2021;11:57:44;508.52;40.44;11.05;756.52;1.54;1.88;2.90
11.01.2021;11:58:44;496.71;40.36;11.06;756.53;1.51;1.81;2.73
11.01.2021;11:59:44;485.23;40.28;11.02;756.53;1.48;1.77;2.62
11.01.2021;12:00:44;475.29;40.47;11.00;756.53;1.45;1.71;2.47
11.01.2021;12:01:44;463.82;40.58;11.03;756.54;1.41;1.66;2.34
11.01.2021;12:02:44;452.26;40.35;11.00;756.56;1.38;1.61;2.22
11.01.2021;12:03:44;441.12;40.43;10.98;756.59;1.35;1.57;2.13
11.01.2021;12:04:44;439.00;40.54;10.97;756.60;1.35;1.55;2.09
11.01.2021;12:05:44;445.17;40.47;10.97;756.59;1.37;1.60;2.18
11.01.2021;12:06:44;442.66;40.67;10.99;756.59;1.36;1.59;2.16
11.01.2021;12:07:45;437.50;40.37;10.96;756.59;1.35;1.56;2.10
11.01.2021;12:08:45;430.50;40.47;10.91;756.57;1.33;1.51;2.00
11.01.2021;12:09:45;416.74;40.69;10.93;756.57;1.29;1.45;1.87
11.01.2021;12:10:45;404.25;40.57;10.91;756.58;1.25;1.40;1.75
11.01.2021;12:11:45;394.58;40.60;10.89;756.58;1.22;1.35;1.65
11.01.2021;12:12:45;390.43;40.67;10.87;756.58;1.21;1.31;1.58
11.01.2021;12:13:45;389.67;40.71;10.88;756.57;1.21;1.31;1.58
11.01.2021;12:14:45;389.32;40.56;10.85;756.57;1.21;1.30;1.57
11.01.2021;12:15:45;385.53;40.65;10.80;756.56;1.19;1.30;1.55
11.01.2021;12:16:45;376.17;40.80;10.78;756.55;1.16;1.25;1.45
11.01.2021;12:17:45;365.76;40.98;10.79;756.54;1.13;1.20;1.36
11.01.2021;12:18:45;356.50;40.99;10.79;756.54;1.11;1.16;1.29
11.01.2021;12:19:45;349.79;40.86;10.78;756.54;1.09;1.11;1.21
11.01.2021;12:20:45;344.32;40.97;10.78;756.54;1.07;1.09;1.17
11.01.2021;12:21:45;340.18;40.93;10.75;756.54;1.06;1.08;1.15
11.01.2021;12:22:45;336.50;40.94;10.73;756.53;1.05;1.06;1.12
11.01.2021;12:23:45;333.52;40.86;10.71;756.53;1.04;1.03;1.08
11.01.2021;12:24:45;331.46;41.00;10.71;756.51;1.04;1.02;1.06
11.01.2021;12:25:45;330.65;40.95;10.68;756.50;1.03;1.01;1.05
11.01.2021;12:26:45;329.41;40.89;10.63;756.51;1.03;1.01;1.04
11.01.2021;12:27:45;325.74;41.03;10.58;756.52;1.02;1.00;1.02
11.01.2021;12:28:45;319.38;41.39;10.59;756.53;1.00;0.98;0.99
11.01.2021;12:29:45;312.26;41.47;10.63;756.54;0.98;0.94;0.92
11.01.2021;12:30:45;307.63;41.26;10.63;756.55;0.97;0.91;0.88
11.01.2021;12:31:45;305.18;41.13;10.60;756.55;0.96;0.90;0.86
11.01.2021;12:32:45;300.83;41.12;10.55;756.55;0.95;0.89;0.84
11.01.2021;12:33:45;294.19;41.39;10.52;756.54;0.92;0.85;0.78
11.01.2021;12:34:45;287.04;41.36;10.54;756.54;0.90;0.80;0.72
11.01.2021;12:35:45;277.06;41.32;10.54;756.53;0.87;0.74;0.64
11.01.2021;12:36:46;267.62;41.41;10.54;756.54;0.83;0.69;0.58
11.01.2021;12:37:46;260.11;41.27;10.52;756.55;0.81;0.65;0.53
11.01.2021;12:38:46;253.84;41.40;10.51;756.55;0.79;0.62;0.49
11.01.2021;12:39:46;248.10;41.37;10.47;756.57;0.77;0.59;0.45
11.01.2021;12:40:46;244.79;41.71;10.50;756.58;0.76;0.57;0.44
11.01.2021;12:41:46;242.46;41.45;10.48;756.57;0.75;0.56;0.42
11.01.2021;12:42:46;239.52;41.43;10.42;756.58;0.74;0.54;0.40
11.01.2021;12:43:46;235.35;41.62;10.41;756.60;0.73;0.51;0.37
11.01.2021;12:44:46;230.40;41.72;10.39;756.60;0.72;0.50;0.36
11.01.2021;12:45:46;224.65;41.59;10.38;756.60;0.70;0.48;0.33
11.01.2021;12:46:46;217.64;41.76;10.36;756.62;0.67;0.44;0.29
11.01.2021;12:47:46;213.60;41.84;10.35;756.63;0.66;0.41;0.27
11.01.2021;12:48:46;211.26;41.83;10.35;756.62;0.65;0.40;0.26
11.01.2021;12:49:46;207.32;41.77;10.34;756.61;0.64;0.39;0.25
11.01.2021;12:50:46;202.33;41.91;10.28;756.60;0.62;0.35;0.22
11.01.2021;12:51:46;197.31;41.93;10.28;756.59;0.61;0.32;0.19
11.01.2021;12:52:46;193.38;42.01;10.27;756.60;0.59;0.31;0.18
11.01.2021;12:53:46;191.06;41.97;10.26;756.59;0.59;0.30;0.17
11.01.2021;12:54:46;187.73;41.87;10.23;756.59;0.58;0.29;0.17
11.01.2021;12:55:46;184.00;42.03;10.17;756.60;0.57;0.28;0.16
11.01.2021;12:56:46;181.94;42.03;10.17;756.59;0.56;0.27;0.15
11.01.2021;12:57:46;180.95;42.13;10.13;756.59;0.56;0.26;0.15
11.01.2021;12:58:46;176.43;42.22;10.12;756.59;0.55;0.23;0.13
11.01.2021;12:59:46;167.12;42.28;10.10;756.58;0.51;0.18;0.09
11.01.2021;13:00:46;159.25;42.31;10.11;756.59;0.48;0.12;0.06
11.01.2021;13:01:46;153.63;42.28;10.11;756.59;0.46;0.10;0.05
11.01.2021;13:02:46;151.21;42.42;10.11;756.60;0.46;0.07;0.03
11.01.2021;13:03:46;149.28;42.49;10.13;756.62;0.45;0.06;0.03
11.01.2021;13:04:46;146.02;42.41;10.14;756.62;0.44;0.02;0.01
11.01.2021;13:05:47;143.65;42.39;10.11;756.63;0.43;0.02;0.01
11.01.2021;13:06:47;140.69;42.44;10.10;756.64;0.42;0.00;0.00
11.01.2021;13:07:47;135.35;42.41;10.11;756.65;0.40;0.00;0.00
11.01.2021;13:08:47;129.75;42.39;10.10;756.66;0.39;0.00;0.00
11.01.2021;13:09:47;124.97;42.48;10.08;756.67;0.37;0.00;0.00
11.01.2021;13:10:47;121.61;42.51;10.09;756.68;0.36;0.00;0.00
11.01.2021;13:11:47;120.01;42.64;10.11;756.68;0.35;0.00;0.00
11.01.2021;13:12:47;117.82;42.56;10.14;756.68;0.35;0.00;0.00
11.01.2021;13:13:47;115.18;42.42;10.10;756.68;0.33;0.00;0.00
11.01.2021;13:14:47;113.53;42.39;10.04;756.68;0.33;0.00;0.00
11.01.2021;13:15:47;111.75;42.61;10.03;756.69;0.32;0.00;0.00
11.01.2021;13:16:47;110.01;42.82;10.10;756.70;0.32;0.00;0.00
11.01.2021;13:17:47;107.56;42.41;10.08;756.71;0.31;0.00;0.00
11.01.2021;13:18:47;104.41;42.40;10.01;756.71;0.30;0.00;0.00
11.01.2021;13:19:47;101.99;42.68;9.97;756.71;0.29;0.00;0.00
11.01.2021;13:20:47;100.32;42.59;9.98;756.72;0.28;0.00;0.00
11.01.2021;13:21:47;98.84;42.62;9.98;756.71;0.28;0.00;0.00
11.01.2021;13:22:47;97.26;42.70;9.99;756.69;0.28;0.00;0.00
11.01.2021;13:23:47;94.56;42.59;9.97;756.69;0.27;0.00;0.00
11.01.2021;13:24:47;91.95;42.69;9.94;756.69;0.26;0.00;0.00
11.01.2021;13:25:47;90.42;42.83;9.94;756.69;0.25;0.00;0.00
11.01.2021;13:26:47;90.00;42.82;9.94;756.68;0.25;0.00;0.00
11.01.2021;13:27:47;90.00;42.85;9.94;756.67;0.25;0.00;0.00
11.01.2021;13:28:47;89.32;42.78;9.95;756.67;0.25;0.00;0.00
11.01.2021;13:29:47;88.33;42.82;9.93;756.68;0.24;0.00;0.00
11.01.2021;13:30:47;88.33;42.81;9.91;756.68;0.24;0.00;0.00
11.01.2021;13:31:47;88.33;42.91;9.91;756.66;0.24;0.00;0.00
11.01.2021;13:32:47;87.33;42.89;9.93;756.66;0.24;0.00;0.00
11.01.2021;13:33:47;85.83;42.89;9.93;756.65;0.24;0.00;0.00
11.01.2021;13:34:47;84.39;42.75;9.92;756.63;0.23;0.00;0.00
11.01.2021;13:35:48;82.73;42.76;9.88;756.62;0.23;0.00;0.00
11.01.2021;13:36:48;80.85;42.84;9.84;756.63;0.22;0.00;0.00
11.01.2021;13:37:48;78.40;42.99;9.82;756.62;0.21;0.00;0.00
11.01.2021;13:38:48;76.03;43.08;9.81;756.61;0.21;0.00;0.00
11.01.2021;13:39:48;74.51;43.11;9.81;756.60;0.20;0.00;0.00
11.01.2021;13:40:48;74.79;43.06;9.81;756.61;0.20;0.00;0.00
11.01.2021;13:41:48;75.00;43.05;9.79;756.61;0.20;0.00;0.00
11.01.2021;13:42:48;74.13;43.22;9.77;756.62;0.20;0.00;0.00
11.01.2021;13:43:48;72.73;43.21;9.75;756.61;0.19;0.00;0.00
11.01.2021;13:44:48;71.25;43.25;9.77;756.61;0.19;0.00;0.00
11.01.2021;13:45:48;69.69;43.17;9.77;756.60;0.18;0.00;0.00
11.01.2021;13:46:48;68.25;43.17;9.76;756.60;0.18;0.00;0.00
11.01.2021;13:47:48;67.11;43.27;9.77;756.59;0.17;0.00;0.00
11.01.2021;13:48:48;66.63;43.20;9.77;756.58;0.17;0.00;0.00
11.01.2021;13:49:48;65.66;43.20;9.76;756.58;0.17;0.00;0.00
11.01.2021;13:50:48;64.89;43.26;9.75;756.58;0.16;0.00;0.00
11.01.2021;13:51:48;64.04;43.31;9.76;756.59;0.16;0.00;0.00
11.01.2021;13:52:48;63.28;43.29;9.75;756.59;0.16;0.00;0.00
11.01.2021;13:53:48;62.07;43.25;9.76;756.58;0.15;0.00;0.00
11.01.2021;13:54:48;61.37;43.23;9.76;756.59;0.15;0.00;0.00
11.01.2021;13:55:48;59.82;43.29;9.76;756.59;0.14;0.00;0.00
11.01.2021;13:56:48;58.00;43.26;9.76;756.59;0.14;0.00;0.00
11.01.2021;13:57:48;56.23;43.46;9.76;756.60;0.13;0.00;0.00
11.01.2021;13:58:48;54.53;43.42;9.76;756.59;0.12;0.00;0.00
11.01.2021;13:59:48;53.06;43.28;9.77;756.59;0.12;0.00;0.00
11.01.2021;14:00:48;52.13;43.34;9.81;756.59;0.11;0.00;0.00
11.01.2021;14:01:48;50.94;43.25;9.80;756.59;0.11;0.00;0.00
11.01.2021;14:02:48;49.19;43.31;9.79;756.59;0.10;0.00;0.00
11.01.2021;14:03:48;47.10;43.28;9.78;756.60;0.09;0.00;0.00
11.01.2021;14:04:48;45.11;43.33;9.78;756.60;0.08;0.00;0.00
11.01.2021;14:05:48;43.07;43.32;9.79;756.61;0.08;0.00;0.00
11.01.2021;14:06:48;41.37;43.33;9.77;756.62;0.07;0.00;0.00
11.01.2021;14:07:48;39.68;43.40;9.78;756.60;0.07;0.00;0.00
11.01.2021;14:08:49;38.11;43.31;9.77;756.61;0.06;0.00;0.00
11.01.2021;14:09:49;36.54;43.40;9.73;756.60;0.06;0.00;0.00
11.01.2021;14:10:49;34.92;43.50;9.74;756.61;0.05;0.00;0.00
11.01.2021;14:11:49;33.32;43.39;9.74;756.61;0.05;0.00;0.00
11.01.2021;14:12:49;31.61;43.46;9.72;756.62;0.04;0.00;0.00
11.01.2021;14:13:49;29.79;43.47;9.73;756.63;0.04;0.00;0.00
11.01.2021;14:14:49;27.94;43.46;9.73;756.64;0.03;0.00;0.00
11.01.2021;14:15:49;26.36;43.51;9.75;756.65;0.03;0.00;0.00
11.01.2021;14:16:49;24.96;43.50;9.77;756.65;0.02;0.00;0.00
11.01.2021;14:17:49;23.64;43.49;9.77;756.64;0.02;0.00;0.00
11.01.2021;14:18:49;22.31;43.55;9.78;756.64;0.01;0.00;0.00
11.01.2021;14:19:49;21.07;43.45;9.78;756.65;0.01;0.00;0.00
11.01.2021;14:20:49;19.69;43.44;9.73;756.65;0.01;0.00;0.00
11.01.2021;14:21:49;18.62;43.55;9.73;756.65;0.01;0.00;0.00
11.01.2021;14:22:49;17.32;43.64;9.74;756.67;0.00;0.00;0.00
11.01.2021;14:23:49;16.24;43.54;9.76;756.69;0.00;0.00;0.00
11.01.2021;14:24:49;15.26;43.56;9.73;756.68;0.00;0.00;0.00
11.01.2021;14:25:49;14.19;43.60;9.74;756.67;0.00;0.00;0.00
11.01.2021;14:26:49;13.03;43.54;9.75;756.65;0.00;0.00;0.00
11.01.2021;14:27:49;11.99;43.52;9.73;756.66;0.00;0.00;0.00
11.01.2021;14:28:49;10.81;43.66;9.71;756.67;0.00;0.00;0.00
11.01.2021;14:29:49;9.83;43.63;9.72;756.69;0.00;0.00;0.00
11.01.2021;14:30:49;8.92;43.65;9.73;756.69;0.00;0.00;0.00
11.01.2021;14:31:49;8.28;43.72;9.75;756.70;0.00;0.00;0.00
11.01.2021;14:32:49;7.53;43.66;9.77;756.70;0.00;0.00;0.00
11.01.2021;14:33:49;6.85;43.48;9.76;756.72;0.00;0.00;0.00
11.01.2021;14:34:49;6.44;43.56;9.74;756.74;0.00;0.00;0.00
11.01.2021;14:35:49;5.85;43.64;9.75;756.74;0.00;0.00;0.00
11.01.2021;14:36:49;5.42;43.54;9.73;756.72;0.00;0.00;0.00
11.01.2021;14:37:49;5.00;43.61;9.70;756.73;0.00;0.00;0.00
11.01.2021;14:38:49;4.93;43.62;9.68;756.74;0.00;0.00;0.00
11.01.2021;14:39:49;4.17;43.76;9.70;756.72;0.00;0.00;0.00
11.01.2021;14:40:49;4.17;43.70;9.72;756.69;0.00;0.00;0.00
11.01.2021;14:41:49;4.17;43.64;9.70;756.71;0.00;0.00;0.00
11.01.2021;14:42:50;3.94;43.74;9.68;756.74;0.00;0.00;0.00
11.01.2021;14:43:50;3.36;43.77;9.70;756.75;0.00;0.00;0.00
11.01.2021;14:44:50;3.33;43.76;9.73;756.75;0.00;0.00;0.00
11.01.2021;14:45:50;3.33;43.69;9.74;756.75;0.00;0.00;0.00
11.01.2021;14:46:50;3.36;43.62;9.71;756.73;0.00;0.00;0.00
11.01.2021;14:47:50;3.33;43.79;9.72;756.72;0.00;0.00;0.00
11.01.2021;14:48:50;3.33;43.80;9.76;756.72;0.00;0.00;0.00
11.01.2021;14:49:50;3.33;43.67;9.75;756.71;0.00;0.00;0.00
11.01.2021;14:50:50;3.33;43.70;9.77;756.70;0.00;0.00;0.00
11.01.2021;14:51:50;3.33;43.69;9.75;756.70;0.00;0.00;0.00
11.01.2021;14:52:50;3.33;43.55;9.73;756.70;0.00;0.00;0.00
11.01.2021;14:53:50;3.33;43.67;9.69;756.70;0.00;0.00;0.00
11.01.2021;14:54:50;3.33;43.70;9.67;756.69;0.00;0.00;0.00
11.01.2021;14:55:50;3.33;43.83;9.68;756.71;0.00;0.00;0.00
11.01.2021;14:56:50;3.32;43.79;9.69;756.70;0.00;0.00;0.00
11.01.2021;14:57:50;3.35;43.69;9.67;756.71;0.00;0.00;0.00
11.01.2021;14:58:50;3.32;43.79;9.66;756.70;0.00;0.00;0.00
11.01.2021;14:59:50;3.33;43.82;9.69;756.70;0.00;0.00;0.00
11.01.2021;15:00:50;3.32;43.86;9.67;756.71;0.00;0.00;0.00
11.01.2021;15:01:50;3.29;43.97;9.70;756.69;0.00;0.00;0.00
11.01.2021;15:02:50;3.25;43.77;9.73;756.69;0.00;0.00;0.00
11.01.2021;15:03:50;3.21;43.69;9.71;756.69;0.00;0.00;0.00
11.01.2021;15:04:50;3.19;43.80;9.68;756.70;0.00;0.00;0.00
11.01.2021;15:05:50;3.18;43.82;9.67;756.70;0.00;0.00;0.00
11.01.2021;15:06:50;3.18;43.77;9.64;756.71;0.00;0.00;0.00
11.01.2021;15:07:50;3.06;43.82;9.61;756.70;0.00;0.00;0.00
11.01.2021;15:08:50;3.08;43.92;9.59;756.71;0.00;0.00;0.00
11.01.2021;15:09:50;3.08;44.02;9.60;756.70;0.00;0.00;0.00
11.01.2021;15:10:50;3.04;44.05;9.64;756.68;0.00;0.00;0.00
11.01.2021;15:11:50;3.11;43.88;9.64;756.69;0.00;0.00;0.00
11.01.2021;15:12:50;3.07;43.96;9.65;756.68;0.00;0.00;0.00
11.01.2021;15:13:50;2.99;43.93;9.67;756.67;0.00;0.00;0.00
11.01.2021;15:14:50;3.04;43.92;9.68;756.66;0.00;0.00;0.00
11.01.2021;15:15:50;3.12;43.99;9.70;756.66;0.00;0.00;0.00
11.01.2021;15:16:50;3.06;43.88;9.72;756.64;0.00;0.00;0.00
11.01.2021;15:17:50;3.12;43.89;9.74;756.61;0.00;0.00;0.00
11.01.2021;15:18:51;3.11;43.89;9.77;756.59;0.00;0.00;0.00
11.01.2021;15:19:51;3.06;43.82;9.78;756.58;0.00;0.00;0.00
11.01.2021;15:20:51;3.07;43.79;9.79;756.58;0.00;0.00;0.00
11.01.2021;15:21:51;3.12;43.62;9.77;756.60;0.00;0.00;0.00
11.01.2021;15:22:51;3.11;43.63;9.75;756.60;0.00;0.00;0.00
11.01.2021;15:23:51;3.11;43.66;9.73;756.61;0.00;0.00;0.00
11.01.2021;15:24:51;3.06;43.78;9.71;756.61;0.00;0.00;0.00
11.01.2021;15:25:51;3.11;43.90;9.74;756.60;0.00;0.00;0.00
11.01.2021;15:26:51;3.14;43.82;9.80;756.60;0.00;0.00;0.00
11.01.2021;15:27:51;3.11;43.66;9.80;756.58;0.00;0.00;0.00
11.01.2021;15:28:51;3.10;43.69;9.79;756.57;0.00;0.00;0.00
11.01.2021;15:29:51;3.10;43.73;9.80;756.58;0.00;0.00;0.00
11.01.2021;15:30:51;3.09;43.74;9.83;756.58;0.00;0.00;0.00
11.01.2021;15:31:51;3.03;43.59;9.81;756.58;0.00;0.00;0.00
11.01.2021;15:32:51;3.00;43.66;9.80;756.58;0.00;0.00;0.00
11.01.2021;15:33:51;3.06;43.61;9.78;756.57;0.00;0.00;0.00
11.01.2021;15:34:51;3.10;43.73;9.78;756.57;0.00;0.00;0.00
11.01.2021;15:35:51;3.09;43.67;9.79;756.57;0.00;0.00;0.00
11.01.2021;15:36:51;3.06;43.87;9.83;756.57;0.00;0.00;0.00
11.01.2021;15:37:51;3.01;43.69;9.84;756.57;0.00;0.00;0.00
11.01.2021;15:38:51;3.02;43.63;9.86;756.57;0.00;0.00;0.00
11.01.2021;15:39:51;3.06;43.73;9.86;756.57;0.00;0.00;0.00
11.01.2021;15:40:51;3.01;43.61;9.87;756.57;0.00;0.00;0.00
11.01.2021;15:41:51;3.04;43.75;9.90;756.57;0.00;0.00;0.00
11.01.2021;15:42:51;3.07;43.59;9.92;756.55;0.00;0.00;0.00
11.01.2021;15:43:51;3.07;43.47;9.89;756.55;0.00;0.00;0.00
11.01.2021;15:44:51;3.02;43.45;9.87;756.55;0.00;0.00;0.00
11.01.2021;15:45:51;3.04;43.59;9.84;756.55;0.00;0.00;0.00
11.01.2021;15:46:51;2.99;43.69;9.85;756.55;0.00;0.00;0.00
11.01.2021;15:47:51;3.02;43.72;9.87;756.55;0.00;0.00;0.00
11.01.2021;15:48:51;2.96;43.62;9.87;756.56;0.00;0.00;0.00
11.01.2021;15:49:51;3.05;43.69;9.87;756.57;0.00;0.00;0.00
11.01.2021;15:50:51;3.01;43.69;9.86;756.57;0.00;0.00;0.00
11.01.2021;15:51:51;3.04;43.67;9.87;756.59;0.00;0.00;0.00
11.01.2021;15:52:51;3.02;43.69;9.90;756.58;0.00;0.00;0.00
11.01.2021;15:53:52;3.00;43.65;9.91;756.57;0.00;0.00;0.00
11.01.2021;15:54:52;2.86;43.57;9.92;756.57;0.00;0.00;0.00
11.01.2021;15:55:52;3.06;43.55;9.91;756.57;0.00;0.00;0.00
11.01.2021;15:56:52;2.96;43.73;9.92;756.58;0.00;0.00;0.00
11.01.2021;15:57:52;2.99;43.52;9.91;756.59;0.00;0.00;0.00
11.01.2021;15:58:52;2.98;43.57;9.90;756.60;0.00;0.00;0.00
11.01.2021;15:59:52;3.00;43.47;9.88;756.62;0.00;0.00;0.00
11.01.2021;16:00:52;2.86;43.50;9.84;756.62;0.00;0.00;0.00
11.01.2021;16:01:52;3.02;43.64;9.80;756.61;0.00;0.00;0.00
11.01.2021;16:02:52;2.90;43.82;9.81;756.60;0.00;0.00;0.00
11.01.2021;16:03:52;3.09;43.71;9.82;756.60;0.00;0.00;0.00
11.01.2021;16:04:52;3.06;43.74;9.82;756.61;0.00;0.00;0.00
11.01.2021;16:05:52;2.92;43.77;9.84;756.62;0.00;0.00;0.00
11.01.2021;16:06:52;2.99;43.86;9.89;756.62;0.00;0.00;0.00
11.01.2021;16:07:52;2.97;43.76;9.90;756.62;0.00;0.00;0.00
11.01.2021;16:08:52;3.03;43.80;9.94;756.61;0.00;0.00;0.00
11.01.2021;16:09:52;2.95;43.63;9.92;756.61;0.00;0.00;0.00
11.01.2021;16:10:52;3.01;43.61;9.89;756.61;0.00;0.00;0.00
11.01.2021;16:11:52;3.06;43.78;9.89;756.60;0.00;0.00;0.00
11.01.2021;16:12:52;3.04;43.79;9.93;756.60;0.00;0.00;0.00
11.01.2021;16:13:52;3.08;43.56;9.93;756.61;0.00;0.00;0.00
11.01.2021;16:14:52;3.00;43.61;9.92;756.62;0.00;0.00;0.00
11.01.2021;16:15:52;3.05;43.69;9.92;756.62;0.00;0.00;0.00
11.01.2021;16:16:52;3.00;43.73;9.98;756.63;0.00;0.00;0.00
11.01.2021;16:17:52;3.05;43.40;9.96;756.63;0.00;0.00;0.00
11.01.2021;16:18:52;3.00;43.56;9.95;756.64;0.00;0.00;0.00
11.01.2021;16:19:52;3.01;43.74;9.99;756.63;0.00;0.00;0.00
11.01.2021;16:20:52;2.92;43.64;10.01;756.63;0.00;0.00;0.00
11.01.2021;16:21:52;2.90;43.64;10.03;756.63;0.00;0.00;0.00
11.01.2021;16:22:52;2.89;43.59;10.05;756.62;0.00;0.00;0.00
11.01.2021;16:23:52;2.94;43.36;10.02;756.62;0.00;0.00;0.00
11.01.2021;16:24:52;2.94;43.48;10.01;756.61;0.00;0.00;0.00
11.01.2021;16:25:52;3.00;43.52;10.01;756.61;0.00;0.00;0.00
11.01.2021;16:26:52;3.02;43.58;10.00;756.60;0.00;0.00;0.00
11.01.2021;16:27:52;2.94;43.56;10.01;756.60;0.00;0.00;0.00
11.01.2021;16:28:53;2.92;43.60;10.02;756.59;0.00;0.00;0.00
11.01.2021;16:29:53;2.91;43.56;10.03;756.57;0.00;0.00;0.00
11.01.2021;16:30:53;3.11;43.48;10.04;756.57;0.00;0.00;0.00
11.01.2021;16:31:53;3.11;43.38;10.02;756.58;0.00;0.00;0.00
11.01.2021;16:32:53;3.21;43.41;9.99;756.57;0.00;0.00;0.00
11.01.2021;16:33:53;3.18;43.63;10.00;756.56;0.00;0.00;0.00
11.01.2021;16:34:53;3.28;43.53;10.03;756.55;0.00;0.00;0.00
11.01.2021;16:35:53;3.26;43.44;10.04;756.55;0.00;0.00;0.00
11.01.2021;16:36:53;3.19;43.53;10.04;756.54;0.00;0.00;0.00
11.01.2021;16:37:53;2.94;43.55;10.04;756.53;0.00;0.00;0.00
11.01.2021;16:38:53;3.06;43.42;10.05;756.52;0.00;0.00;0.00
11.01.2021;16:39:53;2.90;43.50;10.05;756.54;0.00;0.00;0.00
11.01.2021;16:40:53;2.95;43.38;10.05;756.54;0.00;0.00;0.00
11.01.2021;16:41:53;2.88;43.49;10.05;756.54;0.00;0.00;0.00
11.01.2021;16:42:53;2.93;43.47;10.08;756.55;0.00;0.00;0.00
11.01.2021;16:43:53;2.94;43.61;10.11;756.54;0.00;0.00;0.00
11.01.2021;16:44:53;2.92;43.43;10.12;756.53;0.00;0.00;0.00
11.01.2021;16:45:53;2.87;43.39;10.12;756.54;0.00;0.00;0.00
11.01.2021;16:46:53;2.79;43.31;10.09;756.55;0.00;0.00;0.00
11.01.2021;16:47:53;2.86;43.42;10.07;756.56;0.00;0.00;0.00
11.01.2021;16:48:53;2.77;43.59;10.10;756.56;0.00;0.00;0.00
11.01.2021;16:49:53;2.83;43.54;10.15;756.55;0.00;0.00;0.00
11.01.2021;16:50:53;2.82;43.31;10.14;756.55;0.00;0.00;0.00
11.01.2021;16:51:53;2.88;43.20;10.11;756.57;0.00;0.00;0.00
11.01.2021;16:52:53;2.83;43.23;10.06;756.55;0.00;0.00;0.00
11.01.2021;16:53:53;2.78;43.34;10.03;756.54;0.00;0.00;0.00
11.01.2021;16:54:53;2.84;43.53;10.04;756.52;0.00;0.00;0.00
11.01.2021;16:55:53;2.82;43.60;10.07;756.52;0.00;0.00;0.00
11.01.2021;16:56:53;2.85;43.47;10.09;756.54;0.00;0.00;0.00
11.01.2021;16:57:53;2.85;43.51;10.11;756.55;0.00;0.00;0.00
11.01.2021;16:58:53;2.89;43.46;10.10;756.54;0.00;0.00;0.00
11.01.2021;16:59:53;2.80;43.39;10.09;756.54;0.00;0.00;0.00
11.01.2021;17:00:53;2.85;43.51;10.10;756.55;0.00;0.00;0.00
11.01.2021;17:01:54;2.82;43.37;10.10;756.55;0.00;0.00;0.00
11.01.2021;17:02:54;2.87;43.37;10.07;756.56;0.00;0.00;0.00
11.01.2021;17:03:54;2.92;43.53;10.08;756.57;0.00;0.00;0.00
11.01.2021;17:04:54;2.82;43.50;10.06;756.58;0.00;0.00;0.00
11.01.2021;17:05:54;2.67;43.60;10.07;756.56;0.00;0.00;0.00
11.01.2021;17:06:54;2.83;43.58;10.07;756.56;0.00;0.00;0.00
11.01.2021;17:07:54;2.86;43.55;10.08;756.56;0.00;0.00;0.00
11.01.2021;17:08:54;2.84;43.51;10.08;756.57;0.00;0.00;0.00
11.01.2021;17:09:54;2.85;43.61;10.10;756.56;0.00;0.00;0.00
11.01.2021;17:10:54;2.74;43.48;10.13;756.56;0.00;0.00;0.00
11.01.2021;17:11:54;2.74;43.47;10.13;756.55;0.00;0.00;0.00
11.01.2021;17:12:54;2.81;43.37;10.11;756.55;0.00;0.00;0.00
11.01.2021;17:13:54;2.67;43.51;10.11;756.53;0.00;0.00;0.00
11.01.2021;17:14:54;2.75;43.43;10.12;756.55;0.00;0.00;0.00
11.01.2021;17:15:54;2.74;43.50;10.11;756.56;0.00;0.00;0.00
11.01.2021;17:16:54;2.80;43.41;10.09;756.58;0.00;0.00;0.00
11.01.2021;17:17:54;2.68;43.46;10.09;756.60;0.00;0.00;0.00
11.01.2021;17:18:54;2.74;43.62;10.09;756.62;0.00;0.00;0.00
11.01.2021;17:19:54;2.68;43.64;10.12;756.63;0.00;0.00;0.00
11.01.2021;17:20:54;2.72;43.65;10.14;756.65;0.00;0.00;0.00
11.01.2021;17:21:54;2.69;43.49;10.12;756.64;0.00;0.00;0.00
11.01.2021;17:22:54;2.80;43.39;10.10;756.64;0.00;0.00;0.00
11.01.2021;17:23:54;2.72;43.55;10.08;756.64;0.00;0.00;0.00
11.01.2021;17:24:54;2.78;43.46;10.09;756.65;0.00;0.00;0.00
11.01.2021;17:25:54;2.73;43.41;10.05;756.65;0.00;0.00;0.00
11.01.2021;17:26:54;2.78;43.60;10.01;756.66;0.00;0.00;0.00
11.01.2021;17:27:54;2.67;43.73;10.05;756.68;0.00;0.00;0.00
11.01.2021;17:28:54;2.78;43.69;10.06;756.68;0.00;0.00;0.00
11.01.2021;17:29:54;2.64;43.59;10.06;756.68;0.00;0.00;0.00
11.01.2021;17:30:54;2.81;43.62;10.05;756.70;0.00;0.00;0.00
11.01.2021;17:31:54;2.72;43.81;10.06;756.70;0.00;0.00;0.00
11.01.2021;17:32:54;2.75;43.64;10.06;756.71;0.00;0.00;0.00
11.01.2021;17:33:55;2.71;43.74;10.08;756.72;0.00;0.00;0.00
11.01.2021;17:34:55;2.85;43.55;10.06;756.72;0.00;0.00;0.00
11.01.2021;17:35:55;2.74;43.61;10.03;756.72;0.00;0.00;0.00
11.01.2021;17:36:55;2.81;43.76;10.05;756.72;0.00;0.00;0.00
11.01.2021;17:37:55;2.72;43.81;10.10;756.72;0.00;0.00;0.00
11.01.2021;17:38:55;2.71;43.53;10.09;756.70;0.00;0.00;0.00
11.01.2021;17:39:55;2.70;43.56;10.06;756.69;0.00;0.00;0.00
11.01.2021;17:40:55;2.76;43.73;10.07;756.68;0.00;0.00;0.00
11.01.2021;17:41:55;2.81;43.90;10.11;756.67;0.00;0.00;0.00
11.01.2021;17:42:55;2.78;43.67;10.14;756.66;0.00;0.00;0.00
11.01.2021;17:43:55;2.72;43.58;10.14;756.65;0.00;0.00;0.00
11.01.2021;17:44:55;2.75;43.62;10.14;756.65;0.00;0.00;0.00
11.01.2021;17:45:55;2.78;43.53;10.17;756.66;0.00;0.00;0.00
11.01.2021;17:46:55;2.79;43.36;10.13;756.67;0.00;0.00;0.00
11.01.2021;17:47:55;2.87;43.50;10.08;756.68;0.00;0.00;0.00
11.01.2021;17:48:55;2.88;43.62;10.10;756.67;0.00;0.00;0.00
11.01.2021;17:49:55;2.76;43.70;10.11;756.67;0.00;0.00;0.00
11.01.2021;17:50:55;2.84;43.61;10.14;756.67;0.00;0.00;0.00
11.01.2021;17:51:55;2.78;43.53;10.11;756.68;0.00;0.00;0.00
11.01.2021;17:52:55;2.75;43.66;10.09;756.69;0.00;0.00;0.00
11.01.2021;17:53:55;2.80;43.75;10.12;756.70;0.00;0.00;0.00
11.01.2021;17:54:55;2.79;43.54;10.11;756.71;0.00;0.00;0.00
11.01.2021;17:55:55;2.71;43.49;10.10;756.72;0.00;0.00;0.00
11.01.2021;17:56:55;2.78;43.62;10.11;756.73;0.00;0.00;0.00
11.01.2021;17:57:55;2.81;43.60;10.11;756.73;0.00;0.00;0.00
11.01.2021;17:58:55;2.73;43.66;10.12;756.72;0.00;0.00;0.00
11.01.2021;17:59:55;2.81;43.55;10.09;756.71;0.00;0.00;0.00
11.01.2021;18:00:55;2.79;43.58;10.09;756.70;0.00;0.00;0.00
11.01.2021;18:01:55;2.70;43.66;10.10;756.69;0.00;0.00;0.00
11.01.2021;18:02:55;2.76;43.68;10.10;756.69;0.00;0.00;0.00
11.01.2021;18:03:55;2.81;43.73;10.11;756.70;0.00;0.00;0.00
11.01.2021;18:04:55;2.82;43.67;10.11;756.70;0.00;0.00;0.00
11.01.2021;18:05:55;2.85;43.78;10.13;756.70;0.00;0.00;0.00
11.01.2021;18:06:56;2.79;43.69;10.16;756.71;0.00;0.00;0.00
11.01.2021;18:07:56;2.81;43.55;10.13;756.71;0.00;0.00;0.00
11.01.2021;18:08:56;2.81;43.74;10.12;756.71;0.00;0.00;0.00
11.01.2021;18:09:56;2.84;43.65;10.14;756.71;0.00;0.00;0.00
11.01.2021;18:10:56;2.74;43.54;10.13;756.72;0.00;0.00;0.00
11.01.2021;18:11:56;2.79;43.65;10.08;756.71;0.00;0.00;0.00
11.01.2021;18:12:56;2.70;43.75;10.09;756.71;0.00;0.00;0.00
11.01.2021;18:13:56;2.83;43.76;10.11;756.69;0.00;0.00;0.00
11.01.2021;18:14:56;2.76;43.86;10.13;756.69;0.00;0.00;0.00
11.01.2021;18:15:56;2.75;43.79;10.15;756.68;0.00;0.00;0.00
11.01.2021;18:16:56;2.76;43.86;10.19;756.68;0.00;0.00;0.00
11.01.2021;18:17:56;2.81;43.63;10.21;756.66;0.00;0.00;0.00
11.01.2021;18:18:56;2.77;43.55;10.17;756.65;0.00;0.00;0.00
11.01.2021;18:19:56;2.78;43.72;10.13;756.66;0.00;0.00;0.00
11.01.2021;18:20:56;2.74;43.70;10.12;756.65;0.00;0.00;0.00
11.01.2021;18:21:56;2.75;43.83;10.16;756.64;0.00;0.00;0.00
11.01.2021;18:22:56;2.82;43.66;10.16;756.64;0.00;0.00;0.00
11.01.2021;18:23:56;2.74;43.62;10.13;756.64;0.00;0.00;0.00
11.01.2021;18:24:56;2.89;43.74;10.10;756.64;0.00;0.00;0.00
11.01.2021;18:25:56;2.82;44.00;10.11;756.63;0.00;0.00;0.00
11.01.2021;18:26:56;2.77;43.74;10.12;756.63;0.00;0.00;0.00
11.01.2021;18:27:56;2.69;43.68;10.10;756.63;0.00;0.00;0.00
11.01.2021;18:28:56;2.69;43.83;10.09;756.63;0.00;0.00;0.00
11.01.2021;18:29:56;2.82;44.10;10.12;756.63;0.00;0.00;0.00
11.01.2021;18:30:56;2.85;43.99;10.13;756.63;0.00;0.00;0.00
11.01.2021;18:31:56;2.78;43.93;10.10;756.62;0.00;0.00;0.00
11.01.2021;18:32:56;2.82;43.86;10.11;756.62;0.00;0.00;0.00
11.01.2021;18:33:56;2.72;43.88;10.12;756.62;0.00;0.00;0.00
11.01.2021;18:34:56;2.86;43.89;10.09;756.62;0.00;0.00;0.00
11.01.2021;18:35:56;2.70;43.86;10.09;756.63;0.00;0.00;0.00
11.01.2021;18:36:56;2.67;44.05;10.10;756.64;0.00;0.00;0.00
11.01.2021;18:37:56;2.73;43.86;10.10;756.63;0.00;0.00;0.00
11.01.2021;18:38:56;2.74;43.99;10.11;756.64;0.00;0.00;0.00
11.01.2021;18:39:57;2.74;43.84;10.12;756.64;0.00;0.00;0.00
11.01.2021;18:40:57;2.74;43.81;10.12;756.64;0.00;0.00;0.00
11.01.2021;18:41:57;2.79;43.83;10.11;756.65;0.00;0.00;0.00
11.01.2021;18:42:57;2.65;43.78;10.09;756.66;0.00;0.00;0.00
11.01.2021;18:43:57;2.78;43.82;10.06;756.68;0.00;0.00;0.00
11.01.2021;18:44:57;2.78;43.88;10.07;756.68;0.00;0.00;0.00
11.01.2021;18:45:57;2.75;44.04;10.08;756.69;0.00;0.00;0.00
11.01.2021;18:46:57;2.73;44.10;10.10;756.70;0.00;0.00;0.00
11.01.2021;18:47:57;2.69;44.36;10.13;756.71;0.00;0.00;0.00
11.01.2021;18:48:57;2.67;44.54;10.17;756.71;0.00;0.00;0.00
11.01.2021;18:49:57;2.68;44.13;10.17;756.71;0.00;0.00;0.00
11.01.2021;18:50:57;2.65;44.01;10.18;756.72;0.00;0.00;0.00
11.01.2021;18:51:57;2.70;43.92;10.19;756.72;0.00;0.00;0.00
11.01.2021;18:52:57;2.75;43.78;10.20;756.71;0.00;0.00;0.00
11.01.2021;18:53:57;2.72;43.57;10.16;756.69;0.00;0.00;0.00
11.01.2021;18:54:57;2.87;43.59;10.13;756.69;0.00;0.00;0.00
11.01.2021;18:55:57;2.81;43.61;10.10;756.70;0.00;0.00;0.00
11.01.2021;18:56:57;2.67;43.83;10.10;756.72;0.00;0.00;0.00
11.01.2021;18:57:57;2.85;43.64;10.09;756.73;0.00;0.00;0.00
11.01.2021;18:58:57;2.85;43.81;10.12;756.73;0.00;0.00;0.00
11.01.2021;18:59:57;2.83;43.66;10.14;756.73;0.00;0.00;0.00
11.01.2021;19:00:57;2.80;43.51;10.09;756.73;0.00;0.00;0.00
11.01.2021;19:01:57;2.85;43.65;10.08;756.73;0.00;0.00;0.00
11.01.2021;19:02:57;2.92;43.73;10.10;756.73;0.00;0.00;0.00
11.01.2021;19:03:57;2.74;43.72;10.14;756.73;0.00;0.00;0.00
11.01.2021;19:04:57;2.79;43.52;10.13;756.73;0.00;0.00;0.00
11.01.2021;19:05:57;2.78;43.67;10.13;756.74;0.00;0.00;0.00
11.01.2021;19:06:57;2.81;43.71;10.18;756.73;0.00;0.00;0.00
11.01.2021;19:07:57;2.79;43.67;10.20;756.73;0.00;0.00;0.00
11.01.2021;19:08:57;2.77;43.44;10.22;756.72;0.00;0.00;0.00
11.01.2021;19:09:57;2.79;43.50;10.22;756.72;0.00;0.00;0.00
11.01.2021;19:10:57;2.79;43.62;10.25;756.72;0.00;0.00;0.00
11.01.2021;19:11:58;2.80;43.54;10.29;756.69;0.00;0.00;0.00
11.01.2021;19:12:58;2.82;43.31;10.28;756.67;0.00;0.00;0.00
11.01.2021;19:13:58;2.74;43.24;10.27;756.68;0.00;0.00;0.00
11.01.2021;19:14:58;2.75;43.42;10.28;756.69;0.00;0.00;0.00
11.01.2021;19:15:58;2.76;43.28;10.27;756.69;0.00;0.00;0.00
11.01.2021;19:16:58;2.71;43.34;10.29;756.67;0.00;0.00;0.00
11.01.2021;19:17:58;2.73;43.32;10.30;756.67;0.00;0.00;0.00
11.01.2021;19:18:58;2.69;43.11;10.29;756.66;0.00;0.00;0.00
11.01.2021;19:19:58;2.80;43.00;10.24;756.68;0.00;0.00;0.00
11.01.2021;19:20:58;2.69;43.27;10.20;756.70;0.00;0.00;0.00
11.01.2021;19:21:58;2.75;43.30;10.23;756.69;0.00;0.00;0.00
11.01.2021;19:22:58;2.73;43.19;10.21;756.70;0.00;0.00;0.00
11.01.2021;19:23:58;2.74;43.14;10.20;756.69;0.00;0.00;0.00
11.01.2021;19:24:58;2.69;43.27;10.16;756.69;0.00;0.00;0.00
11.01.2021;19:25:58;2.70;43.36;10.19;756.70;0.00;0.00;0.00
11.01.2021;19:26:58;2.85;43.40;10.19;756.69;0.00;0.00;0.00
11.01.2021;19:27:58;2.69;43.40;10.22;756.69;0.00;0.00;0.00
11.01.2021;19:28:58;2.70;43.20;10.21;756.68;0.00;0.00;0.00
11.01.2021;19:29:58;2.76;43.34;10.22;756.68;0.00;0.00;0.00
11.01.2021;19:30:58;2.78;43.26;10.21;756.70;0.00;0.00;0.00
11.01.2021;19:31:58;2.71;43.17;10.18;756.70;0.00;0.00;0.00
11.01.2021;19:32:58;2.72;43.26;10.14;756.68;0.00;0.00;0.00
11.01.2021;19:33:58;2.77;43.61;10.17;756.67;0.00;0.00;0.00
11.01.2021;19:34:58;2.78;43.71;10.22;756.66;0.00;0.00;0.00
11.01.2021;19:35:58;2.82;43.29;10.23;756.64;0.00;0.00;0.00
11.01.2021;19:36:58;2.67;43.28;10.21;756.65;0.00;0.00;0.00
11.01.2021;19:37:58;2.74;43.46;10.23;756.65;0.00;0.00;0.00
11.01.2021;19:38:58;2.75;43.36;10.26;756.62;0.00;0.00;0.00
11.01.2021;19:39:58;2.68;43.27;10.27;756.64;0.00;0.00;0.00
11.01.2021;19:40:58;2.83;43.31;10.30;756.64;0.00;0.00;0.00
11.01.2021;19:41:58;2.76;43.34;10.31;756.66;0.00;0.00;0.00
11.01.2021;19:42:58;2.74;43.26;10.31;756.67;0.00;0.00;0.00
11.01.2021;19:43:58;2.79;43.11;10.27;756.70;0.00;0.00;0.00
11.01.2021;19:44:59;2.79;43.26;10.25;756.71;0.00;0.00;0.00
11.01.2021;19:45:59;2.71;43.28;10.23;756.71;0.00;0.00;0.00
11.01.2021;19:46:59;2.78;43.29;10.22;756.71;0.00;0.00;0.00
11.01.2021;19:47:59;2.81;43.29;10.20;756.70;0.00;0.00;0.00
11.01.2021;19:48:59;2.81;43.21;10.16;756.69;0.00;0.00;0.00
11.01.2021;19:49:59;2.81;43.64;10.18;756.69;0.00;0.00;0.00
11.01.2021;19:50:59;2.81;43.48;10.22;756.67;0.00;0.00;0.00
11.01.2021;19:51:59;2.74;43.38;10.21;756.69;0.00;0.00;0.00
11.01.2021;19:52:59;2.81;43.47;10.22;756.70;0.00;0.00;0.00
11.01.2021;19:53:59;2.78;43.45;10.24;756.71;0.00;0.00;0.00
11.01.2021;19:54:59;2.87;43.30;10.24;756.71;0.00;0.00;0.00
11.01.2021;19:55:59;2.75;43.23;10.23;756.72;0.00;0.00;0.00
11.01.2021;19:56:59;2.75;43.25;10.21;756.72;0.00;0.00;0.00
11.01.2021;19:57:59;2.71;43.44;10.23;756.70;0.00;0.00;0.00
11.01.2021;19:58:59;2.76;43.18;10.22;756.70;0.00;0.00;0.00
11.01.2021;19:59:59;2.74;43.38;10.21;756.70;0.00;0.00;0.00
11.01.2021;20:00:59;2.74;43.28;10.22;756.71;0.00;0.00;0.00
11.01.2021;20:01:59;2.74;43.12;10.20;756.72;0.00;0.00;0.00
11.01.2021;20:02:59;2.67;43.25;10.20;756.71;0.00;0.00;0.00
11.01.2021;20:03:59;2.82;43.20;10.22;756.71;0.00;0.00;0.00
11.01.2021;20:04:59;2.77;43.30;10.24;756.69;0.00;0.00;0.00
11.01.2021;20:05:59;2.72;43.48;10.26;756.69;0.00;0.00;0.00
11.01.2021;20:06:59;2.71;43.03;10.26;756.68;0.00;0.00;0.00
11.01.2021;20:07:59;2.71;43.03;10.22;756.68;0.00;0.00;0.00
11.01.2021;20:08:59;2.74;43.41;10.24;756.67;0.00;0.00;0.00
11.01.2021;20:09:59;2.74;43.14;10.25;756.66;0.00;0.00;0.00
11.01.2021;20:10:59;2.66;43.04;10.25;756.66;0.00;0.00;0.00
11.01.2021;20:11:59;2.72;43.11;10.24;756.66;0.00;0.00;0.00
11.01.2021;20:12:59;2.68;42.99;10.23;756.66;0.00;0.00;0.00
11.01.2021;20:13:59;2.73;42.94;10.20;756.65;0.00;0.00;0.00
11.01.2021;20:14:59;2.69;42.92;10.17;756.65;0.00;0.00;0.00
11.01.2021;20:15:59;2.71;43.11;10.15;756.66;0.00;0.00;0.00
11.01.2021;20:16:59;2.81;43.21;10.18;756.66;0.00;0.00;0.00
11.01.2021;20:18:00;2.76;43.14;10.20;756.65;0.00;0.00;0.00
11.01.2021;20:19:00;2.81;43.12;10.20;756.63;0.00;0.00;0.00
11.01.2021;20:20:00;2.74;43.20;10.21;756.62;0.00;0.00;0.00
11.01.2021;20:21:00;2.81;43.24;10.24;756.62;0.00;0.00;0.00
11.01.2021;20:22:00;2.77;43.01;10.25;756.63;0.00;0.00;0.00
11.01.2021;20:23:00;2.79;43.16;10.27;756.64;0.00;0.00;0.00
11.01.2021;20:24:00;2.75;42.96;10.29;756.65;0.00;0.00;0.00
11.01.2021;20:25:00;2.68;42.89;10.29;756.67;0.00;0.00;0.00
11.01.2021;20:26:00;2.74;42.71;10.26;756.68;0.00;0.00;0.00
11.01.2021;20:27:00;2.76;42.73;10.20;756.70;0.00;0.00;0.00
11.01.2021;20:28:00;2.77;42.84;10.16;756.71;0.00;0.00;0.00
11.01.2021;20:29:00;2.85;42.92;10.13;756.72;0.00;0.00;0.00
11.01.2021;20:30:00;2.82;42.95;10.14;756.72;0.00;0.00;0.00
11.01.2021;20:31:00;2.79;43.10;10.19;756.74;0.00;0.00;0.00
11.01.2021;20:32:00;2.72;42.81;10.20;756.74;0.00;0.00;0.00
11.01.2021;20:33:00;2.68;42.75;10.16;756.76;0.00;0.00;0.00
11.01.2021;20:34:00;2.79;42.94;10.14;756.75;0.00;0.00;0.00
11.01.2021;20:35:00;2.78;42.86;10.14;756.75;0.00;0.00;0.00
11.01.2021;20:36:00;2.78;42.93;10.14;756.75;0.00;0.00;0.00
11.01.2021;20:37:00;2.82;42.79;10.14;756.76;0.00;0.00;0.00
11.01.2021;20:38:00;2.87;42.86;10.13;756.75;0.00;0.00;0.00
11.01.2021;20:39:00;2.81;42.98;10.15;756.76;0.00;0.00;0.00
11.01.2021;20:40:00;2.81;43.14;10.18;756.76;0.00;0.00;0.00
11.01.2021;20:41:00;2.88;42.95;10.22;756.75;0.00;0.00;0.00
11.01.2021;20:42:00;2.70;42.82;10.23;756.74;0.00;0.00;0.00
11.01.2021;20:43:00;2.83;42.63;10.22;756.74;0.00;0.00;0.00
11.01.2021;20:44:00;2.85;42.51;10.17;756.73;0.00;0.00;0.00
11.01.2021;20:45:00;2.83;42.68;10.14;756.72;0.00;0.00;0.00
11.01.2021;20:46:00;2.76;42.76;10.14;756.73;0.00;0.00;0.00
11.01.2021;20:47:00;2.87;42.71;10.13;756.72;0.00;0.00;0.00
11.01.2021;20:48:00;2.81;42.71;10.13;756.71;0.00;0.00;0.00
11.01.2021;20:49:00;2.71;42.99;10.14;756.72;0.00;0.00;0.00
11.01.2021;20:50:01;2.68;42.91;10.17;756.73;0.00;0.00;0.00
11.01.2021;20:51:01;2.72;42.85;10.18;756.72;0.00;0.00;0.00
11.01.2021;20:52:01;2.76;42.92;10.20;756.71;0.00;0.00;0.00
11.01.2021;20:53:01;2.66;42.75;10.22;756.72;0.00;0.00;0.00
11.01.2021;20:54:01;2.69;42.46;10.17;756.71;0.00;0.00;0.00
11.01.2021;20:55:01;2.76;42.74;10.17;756.71;0.00;0.00;0.00
11.01.2021;20:56:01;2.80;42.69;10.18;756.71;0.00;0.00;0.00
11.01.2021;20:57:01;2.79;42.86;10.19;756.70;0.00;0.00;0.00
11.01.2021;20:58:01;2.85;42.74;10.22;756.71;0.00;0.00;0.00
11.01.2021;20:59:01;2.78;42.57;10.19;756.69;0.00;0.00;0.00
11.01.2021;21:00:01;2.74;42.59;10.16;756.68;0.00;0.00;0.00
11.01.2021;21:01:01;2.73;42.58;10.17;756.69;0.00;0.00;0.00
11.01.2021;21:02:01;2.78;42.42;10.13;756.69;0.00;0.00;0.00
11.01.2021;21:03:01;2.86;42.66;10.12;756.68;0.00;0.00;0.00
11.01.2021;21:04:01;2.63;42.74;10.15;756.67;0.00;0.00;0.00
11.01.2021;21:05:01;2.74;42.89;10.17;756.65;0.00;0.00;0.00
11.01.2021;21:06:01;2.67;42.80;10.20;756.64;0.00;0.00;0.00
11.01.2021;21:07:01;2.71;42.49;10.18;756.63;0.00;0.00;0.00
11.01.2021;21:08:01;2.63;42.38;10.14;756.62;0.00;0.00;0.00
11.01.2021;21:09:01;2.71;42.72;10.14;756.62;0.00;0.00;0.00
11.01.2021;21:10:01;2.66;42.62;10.16;756.63;0.00;0.00;0.00
11.01.2021;21:11:01;2.78;42.75;10.18;756.62;0.00;0.00;0.00
11.01.2021;21:12:01;2.78;42.78;10.20;756.63;0.00;0.00;0.00
11.01.2021;21:13:01;2.69;42.84;10.23;756.63;0.00;0.00;0.00
11.01.2021;21:14:01;2.67;42.90;10.27;756.62;0.00;0.00;0.00
11.01.2021;21:15:01;2.68;42.82;10.31;756.59;0.00;0.00;0.00
11.01.2021;21:16:01;2.72;42.65;10.31;756.58;0.00;0.00;0.00
11.01.2021;21:17:01;2.58;42.47;10.32;756.57;0.00;0.00;0.00
11.01.2021;21:18:01;2.67;42.72;10.34;756.57;0.00;0.00;0.00
11.01.2021;21:19:01;2.76;42.37;10.34;756.56;0.00;0.00;0.00
11.01.2021;21:20:01;2.72;42.22;10.29;756.56;0.00;0.00;0.00
11.01.2021;21:21:01;2.77;42.33;10.28;756.57;0.00;0.00;0.00
11.01.2021;21:22:01;2.69;42.36;10.29;756.57;0.00;0.00;0.00
11.01.2021;21:23:02;2.86;42.21;10.27;756.56;0.00;0.00;0.00
11.01.2021;21:24:02;2.81;42.56;10.29;756.56;0.00;0.00;0.00
11.01.2021;21:25:02;2.75;42.39;10.32;756.55;0.00;0.00;0.00
11.01.2021;21:26:02;2.66;42.42;10.33;756.55;0.00;0.00;0.00
11.01.2021;21:27:02;2.72;42.29;10.36;756.54;0.00;0.00;0.00
11.01.2021;21:28:02;2.78;42.18;10.31;756.54;0.00;0.00;0.00
11.01.2021;21:29:02;2.77;42.26;10.31;756.54;0.00;0.00;0.00
11.01.2021;21:30:02;2.88;42.30;10.31;756.54;0.00;0.00;0.00
11.01.2021;21:31:02;2.74;42.40;10.33;756.53;0.00;0.00;0.00
11.01.2021;21:32:02;2.82;42.50;10.36;756.54;0.00;0.00;0.00
11.01.2021;21:33:02;2.75;42.29;10.37;756.53;0.00;0.00;0.00
11.01.2021;21:34:02;2.78;42.14;10.36;756.53;0.00;0.00;0.00
11.01.2021;21:35:02;2.85;42.44;10.39;756.53;0.00;0.00;0.00
11.01.2021;21:36:02;2.67;42.21;10.41;756.53;0.00;0.00;0.00
11.01.2021;21:37:02;2.83;42.33;10.41;756.53;0.00;0.00;0.00
11.01.2021;21:38:02;2.91;41.89;10.38;756.52;0.00;0.00;0.00
11.01.2021;21:39:02;2.76;41.94;10.33;756.51;0.00;0.00;0.00
11.01.2021;21:40:02;2.67;41.96;10.32;756.51;0.00;0.00;0.00
11.01.2021;21:41:02;2.71;42.30;10.34;756.51;0.00;0.00;0.00
11.01.2021;21:42:02;2.82;41.95;10.33;756.51;0.00;0.00;0.00
11.01.2021;21:43:02;2.77;42.02;10.30;756.52;0.00;0.00;0.00
11.01.2021;21:44:02;2.79;42.00;10.25;756.52;0.00;0.00;0.00
11.01.2021;21:45:02;2.86;42.29;10.29;756.52;0.00;0.00;0.00
11.01.2021;21:46:02;2.84;42.09;10.30;756.52;0.00;0.00;0.00
11.01.2021;21:47:02;2.83;42.30;10.33;756.51;0.00;0.00;0.00
11.01.2021;21:48:02;2.85;41.90;10.30;756.51;0.00;0.00;0.00
11.01.2021;21:49:02;2.82;42.37;10.32;756.51;0.00;0.00;0.00
11.01.2021;21:50:02;2.78;42.63;10.38;756.51;0.00;0.00;0.00
11.01.2021;21:51:02;2.89;42.25;10.42;756.51;0.00;0.00;0.00
11.01.2021;21:52:02;2.94;42.03;10.41;756.51;0.00;0.00;0.00
11.01.2021;21:53:02;2.78;41.80;10.38;756.51;0.00;0.00;0.00
11.01.2021;21:54:02;2.78;41.76;10.32;756.50;0.00;0.00;0.00
11.01.2021;21:55:03;2.75;42.10;10.31;756.50;0.00;0.00;0.00
11.01.2021;21:56:03;2.72;42.13;10.34;756.49;0.00;0.00;0.00
11.01.2021;21:57:03;2.78;42.13;10.36;756.48;0.00;0.00;0.00
11.01.2021;21:58:03;2.81;42.29;10.39;756.48;0.00;0.00;0.00
11.01.2021;21:59:03;2.83;42.19;10.42;756.49;0.00;0.00;0.00
11.01.2021;22:00:03;2.80;41.93;10.40;756.48;0.00;0.00;0.00
11.01.2021;22:01:03;2.85;42.02;10.41;756.48;0.00;0.00;0.00
11.01.2021;22:02:03;2.76;42.04;10.42;756.49;0.00;0.00;0.00
11.01.2021;22:03:03;2.73;42.09;10.44;756.50;0.00;0.00;0.00
11.01.2021;22:04:03;2.78;41.93;10.43;756.49;0.00;0.00;0.00
11.01.2021;22:05:03;2.75;42.03;10.42;756.49;0.00;0.00;0.00
11.01.2021;22:06:03;2.71;42.07;10.44;756.48;0.00;0.00;0.00
11.01.2021;22:07:03;2.74;42.03;10.44;756.47;0.00;0.00;0.00
11.01.2021;22:08:03;2.70;42.00;10.43;756.46;0.00;0.00;0.00
11.01.2021;22:09:03;2.74;42.07;10.45;756.46;0.00;0.00;0.00
11.01.2021;22:10:03;2.67;41.98;10.44;756.45;0.00;0.00;0.00
11.01.2021;22:11:03;2.71;42.15;10.46;756.46;0.00;0.00;0.00
11.01.2021;22:12:03;2.64;41.71;10.43;756.46;0.00;0.00;0.00
11.01.2021;22:13:03;2.79;41.79;10.39;756.45;0.00;0.00;0.00
11.01.2021;22:14:03;2.71;41.93;10.39;756.45;0.00;0.00;0.00
11.01.2021;22:15:03;2.65;42.08;10.40;756.44;0.00;0.00;0.00
11.01.2021;22:16:03;2.79;42.33;10.43;756.43;0.00;0.00;0.00
11.01.2021;22:17:03;2.71;42.21;10.48;756.42;0.00;0.00;0.00
11.01.2021;22:18:03;2.78;42.12;10.49;756.41;0.00;0.00;0.00
11.01.2021;22:19:03;2.74;41.84;10.48;756.41;0.00;0.00;0.00
11.01.2021;22:20:03;2.73;42.05;10.46;756.41;0.00;0.00;0.00
11.01.2021;22:21:03;2.71;41.92;10.46;756.40;0.00;0.00;0.00
11.01.2021;22:22:03;2.64;42.14;10.49;756.40;0.00;0.00;0.00
11.01.2021;22:23:03;2.72;42.12;10.52;756.40;0.00;0.00;0.00
11.01.2021;22:24:03;2.76;41.87;10.51;756.39;0.00;0.00;0.00
11.01.2021;22:25:03;2.74;41.94;10.50;756.39;0.00;0.00;0.00
11.01.2021;22:26:03;2.75;41.61;10.47;756.37;0.00;0.00;0.00
11.01.2021;22:27:03;2.67;41.91;10.45;756.36;0.00;0.00;0.00
11.01.2021;22:28:04;2.75;41.83;10.45;756.36;0.00;0.00;0.00
11.01.2021;22:29:04;2.69;42.01;10.46;756.36;0.00;0.00;0.00
11.01.2021;22:30:04;2.68;41.92;10.48;756.36;0.00;0.00;0.00
11.01.2021;22:31:04;2.70;41.71;10.45;756.37;0.00;0.00;0.00
11.01.2021;22:32:04;2.71;41.86;10.44;756.38;0.00;0.00;0.00
11.01.2021;22:33:04;2.71;42.24;10.47;756.40;0.00;0.00;0.00
11.01.2021;22:34:04;2.74;42.25;10.50;756.41;0.00;0.00;0.00
11.01.2021;22:35:04;2.72;42.19;10.53;756.40;0.00;0.00;0.00
11.01.2021;22:36:04;2.70;41.92;10.51;756.39;0.00;0.00;0.00
11.01.2021;22:37:04;2.72;41.88;10.49;756.37;0.00;0.00;0.00
11.01.2021;22:38:04;2.65;41.91;10.50;756.35;0.00;0.00;0.00
11.01.2021;22:39:04;2.70;41.69;10.46;756.38;0.00;0.00;0.00
11.01.2021;22:40:04;2.79;41.82;10.43;756.40;0.00;0.00;0.00
11.01.2021;22:41:04;2.86;42.05;10.45;756.42;0.00;0.00;0.00
11.01.2021;22:42:04;2.82;41.98;10.47;756.43;0.00;0.00;0.00
11.01.2021;22:43:04;2.81;41.69;10.44;756.43;0.00;0.00;0.00
11.01.2021;22:44:04;2.76;41.98;10.42;756.43;0.00;0.00;0.00
11.01.2021;22:45:04;2.70;41.96;10.44;756.43;0.00;0.00;0.00
11.01.2021;22:46:04;2.69;41.94;10.45;756.43;0.00;0.00;0.00
11.01.2021;22:47:04;2.79;41.87;10.44;756.42;0.00;0.00;0.00
11.01.2021;22:48:04;2.70;41.82;10.43;756.41;0.00;0.00;0.00
11.01.2021;22:49:04;2.69;41.93;10.42;756.40;0.00;0.00;0.00
11.01.2021;22:50:04;2.73;41.98;10.44;756.40;0.00;0.00;0.00
11.01.2021;22:51:04;2.76;41.67;10.42;756.38;0.00;0.00;0.00
11.01.2021;22:52:04;2.74;42.03;10.40;756.37;0.00;0.00;0.00
11.01.2021;22:53:04;2.61;41.74;10.40;756.35;0.00;0.00;0.00
11.01.2021;22:54:04;2.74;41.64;10.35;756.35;0.00;0.00;0.00
11.01.2021;22:55:04;2.68;41.81;10.30;756.35;0.00;0.00;0.00
11.01.2021;22:56:04;2.77;42.13;10.32;756.35;0.00;0.00;0.00
11.01.2021;22:57:04;2.69;42.04;10.34;756.35;0.00;0.00;0.00
11.01.2021;22:58:04;2.74;42.07;10.35;756.32;0.00;0.00;0.00
11.01.2021;22:59:04;2.74;41.97;10.34;756.31;0.00;0.00;0.00
11.01.2021;23:00:05;2.65;42.08;10.36;756.29;0.00;0.00;0.00
11.01.2021;23:01:05;2.65;41.98;10.35;756.27;0.00;0.00;0.00
11.01.2021;23:02:05;2.74;41.99;10.36;756.25;0.00;0.00;0.00
11.01.2021;23:03:05;2.72;41.95;10.33;756.24;0.00;0.00;0.00
11.01.2021;23:04:05;2.63;42.26;10.36;756.23;0.00;0.00;0.00
11.01.2021;23:05:05;2.61;42.09;10.39;756.21;0.00;0.00;0.00
11.01.2021;23:06:05;2.58;41.82;10.37;756.21;0.00;0.00;0.00
11.01.2021;23:07:05;2.67;42.07;10.35;756.21;0.00;0.00;0.00
11.01.2021;23:08:05;2.60;41.92;10.36;756.20;0.00;0.00;0.00
11.01.2021;23:09:05;2.62;42.18;10.36;756.19;0.00;0.00;0.00
11.01.2021;23:10:05;2.61;42.24;10.42;756.17;0.00;0.00;0.00
11.01.2021;23:11:05;2.67;41.99;10.42;756.16;0.00;0.00;0.00
11.01.2021;23:12:05;2.58;42.08;10.41;756.17;0.00;0.00;0.00
11.01.2021;23:13:05;2.58;42.11;10.41;756.17;0.00;0.00;0.00
11.01.2021;23:14:05;2.61;41.93;10.39;756.17;0.00;0.00;0.00
11.01.2021;23:15:05;2.56;41.93;10.36;756.18;0.00;0.00;0.00
11.01.2021;23:16:05;2.57;41.99;10.37;756.17;0.00;0.00;0.00
11.01.2021;23:17:05;2.61;42.03;10.37;756.17;0.00;0.00;0.00
11.01.2021;23:18:05;2.63;41.92;10.37;756.15;0.00;0.00;0.00
11.01.2021;23:19:05;2.57;42.12;10.38;756.14;0.00;0.00;0.00
11.01.2021;23:20:05;2.63;41.89;10.38;756.13;0.00;0.00;0.00
11.01.2021;23:21:05;2.57;41.90;10.37;756.12;0.00;0.00;0.00
11.01.2021;23:22:05;2.64;41.81;10.33;756.11;0.00;0.00;0.00
11.01.2021;23:23:05;2.60;41.86;10.31;756.11;0.00;0.00;0.00
11.01.2021;23:24:05;2.66;42.14;10.31;756.11;0.00;0.00;0.00
11.01.2021;23:25:05;2.61;42.19;10.35;756.09;0.00;0.00;0.00
11.01.2021;23:26:05;2.56;41.85;10.36;756.07;0.00;0.00;0.00
11.01.2021;23:27:05;2.64;42.01;10.36;756.06;0.00;0.00;0.00
11.01.2021;23:28:05;2.62;41.87;10.34;756.05;0.00;0.00;0.00
11.01.2021;23:29:05;2.67;42.05;10.34;756.04;0.00;0.00;0.00
11.01.2021;23:30:05;2.63;41.78;10.33;756.04;0.00;0.00;0.00
11.01.2021;23:31:05;2.64;41.79;10.29;756.04;0.00;0.00;0.00
11.01.2021;23:32:05;2.58;41.93;10.27;756.04;0.00;0.00;0.00
11.01.2021;23:33:06;2.65;41.93;10.25;756.03;0.00;0.00;0.00
11.01.2021;23:34:06;2.64;42.01;10.27;756.00;0.00;0.00;0.00
11.01.2021;23:35:06;2.61;41.98;10.28;755.99;0.00;0.00;0.00
11.01.2021;23:36:06;2.57;41.89;10.28;755.98;0.00;0.00;0.00
11.01.2021;23:37:06;2.53;41.93;10.26;755.99;0.00;0.00;0.00
11.01.2021;23:38:06;2.57;42.16;10.29;755.98;0.00;0.00;0.00
11.01.2021;23:39:06;2.68;42.02;10.31;755.97;0.00;0.00;0.00
11.01.2021;23:40:06;2.57;41.88;10.30;755.97;0.00;0.00;0.00
11.01.2021;23:41:06;2.73;41.97;10.28;755.98;0.00;0.00;0.00
11.01.2021;23:42:06;2.63;41.97;10.29;755.98;0.00;0.00;0.00
11.01.2021;23:43:06;2.71;42.11;10.31;755.99;0.00;0.00;0.00
11.01.2021;23:44:06;2.64;41.92;10.31;755.98;0.00;0.00;0.00
11.01.2021;23:45:06;2.57;41.78;10.28;755.99;0.00;0.00;0.00
11.01.2021;23:46:06;2.57;41.88;10.27;755.98;0.00;0.00;0.00
11.01.2021;23:47:06;2.57;41.90;10.29;755.97;0.00;0.00;0.00
11.01.2021;23:48:06;2.54;41.86;10.27;755.96;0.00;0.00;0.00
11.01.2021;23:49:06;2.60;41.86;10.27;755.97;0.00;0.00;0.00
11.01.2021;23:50:06;2.57;41.90;10.29;755.96;0.00;0.00;0.00
11.01.2021;23:51:06;2.54;41.95;10.29;755.95;0.00;0.00;0.00
11.01.2021;23:52:06;2.53;41.99;10.29;755.96;0.00;0.00;0.00
11.01.2021;23:53:06;2.65;42.01;10.27;755.97;0.00;0.00;0.00
11.01.2021;23:54:06;2.54;42.06;10.29;755.96;0.00;0.00;0.00
11.01.2021;23:55:06;2.60;41.90;10.30;755.98;0.00;0.00;0.00
11.01.2021;23:56:06;2.64;41.86;10.27;755.98;0.00;0.00;0.00
11.01.2021;23:57:06;2.60;41.78;10.22;755.99;0.00;0.00;0.00
11.01.2021;23:58:06;2.56;41.95;10.20;756.01;0.00;0.00;0.00
11.01.2021;23:59:06;2.65;41.98;10.20;756.00;0.00;0.00;0.00
