11.12.2020;0:00:06;3.33;36.87;11.00;754.90;0.00;0.00;0.00
11.12.2020;0:01:07;3.33;36.85;11.00;754.90;0.00;0.00;0.00
11.12.2020;0:02:07;3.33;36.88;11.00;754.90;0.00;0.00;0.00
11.12.2020;0:03:07;3.33;36.93;11.01;754.88;0.00;0.00;0.00
11.12.2020;0:04:07;3.33;36.98;11.00;754.88;0.00;0.00;0.00
11.12.2020;0:05:07;3.35;36.88;11.01;754.90;0.00;0.00;0.00
11.12.2020;0:06:07;3.33;36.92;11.01;754.89;0.00;0.00;0.00
11.12.2020;0:07:07;3.33;36.90;11.02;754.90;0.00;0.00;0.00
11.12.2020;0:08:07;3.36;36.86;11.02;754.90;0.00;0.00;0.00
11.12.2020;0:09:07;3.33;36.89;11.01;754.88;0.00;0.00;0.00
11.12.2020;0:10:07;3.33;36.86;11.02;754.89;0.00;0.00;0.00
11.12.2020;0:11:07;3.35;36.87;11.02;754.89;0.00;0.00;0.00
11.12.2020;0:12:07;3.33;36.87;11.02;754.88;0.00;0.00;0.00
11.12.2020;0:13:07;3.33;36.88;11.03;754.88;0.00;0.00;0.00
11.12.2020;0:14:07;3.33;36.91;11.04;754.88;0.00;0.00;0.00
11.12.2020;0:15:07;3.33;36.88;11.03;754.88;0.00;0.00;0.00
11.12.2020;0:16:07;3.33;36.92;11.04;754.87;0.00;0.00;0.00
11.12.2020;0:17:07;3.33;36.91;11.04;754.86;0.00;0.00;0.00
11.12.2020;0:18:07;3.33;36.88;11.04;754.86;0.00;0.00;0.00
11.12.2020;0:19:07;3.35;36.86;11.05;754.87;0.00;0.00;0.00
11.12.2020;0:20:07;3.33;36.82;11.07;754.87;0.00;0.00;0.00
11.12.2020;0:21:07;3.33;36.86;11.06;754.87;0.00;0.00;0.00
11.12.2020;0:22:07;3.36;36.86;11.06;754.88;0.00;0.00;0.00
11.12.2020;0:23:07;3.33;36.85;11.06;754.90;0.00;0.00;0.00
11.12.2020;0:24:07;3.33;36.82;11.07;754.90;0.00;0.00;0.00
11.12.2020;0:25:07;3.35;36.90;11.07;754.91;0.00;0.00;0.00
11.12.2020;0:26:07;3.33;36.85;11.07;754.92;0.00;0.00;0.00
11.12.2020;0:27:07;3.33;36.85;11.07;754.92;0.00;0.00;0.00
11.12.2020;0:28:07;3.33;36.89;11.08;754.93;0.00;0.00;0.00
11.12.2020;0:29:07;3.33;36.86;11.08;754.94;0.00;0.00;0.00
11.12.2020;0:30:07;3.33;36.84;11.08;754.94;0.00;0.00;0.00
11.12.2020;0:31:07;3.33;36.86;11.08;754.95;0.00;0.00;0.00
11.12.2020;0:32:07;3.33;36.86;11.09;754.96;0.00;0.00;0.00
11.12.2020;0:33:07;3.35;36.89;11.09;754.97;0.00;0.00;0.00
11.12.2020;0:34:08;3.33;36.90;11.09;754.96;0.00;0.00;0.00
11.12.2020;0:35:08;3.33;36.88;11.10;754.97;0.00;0.00;0.00
11.12.2020;0:36:08;3.36;36.84;11.11;754.97;0.00;0.00;0.00
11.12.2020;0:37:08;3.33;36.93;11.11;754.96;0.00;0.00;0.00
11.12.2020;0:38:08;3.33;36.87;11.12;754.97;0.00;0.00;0.00
11.12.2020;0:39:08;3.35;36.86;11.12;754.96;0.00;0.00;0.00
11.12.2020;0:40:08;3.33;36.86;11.13;754.95;0.00;0.00;0.00
11.12.2020;0:41:08;3.33;36.81;11.14;754.95;0.00;0.00;0.00
11.12.2020;0:42:08;3.33;36.83;11.14;754.96;0.00;0.00;0.00
11.12.2020;0:43:08;3.33;36.86;11.14;754.96;0.00;0.00;0.00
11.12.2020;0:44:08;3.33;36.84;11.13;754.95;0.00;0.00;0.00
11.12.2020;0:45:08;3.33;36.87;11.14;754.94;0.00;0.00;0.00
11.12.2020;0:46:08;3.33;36.81;11.15;754.95;0.00;0.00;0.00
11.12.2020;0:47:08;3.35;36.94;11.15;754.94;0.00;0.00;0.00
11.12.2020;0:48:08;3.33;36.89;11.15;754.95;0.00;0.00;0.00
11.12.2020;0:49:08;3.33;36.87;11.15;754.95;0.00;0.00;0.00
11.12.2020;0:50:08;3.36;36.84;11.15;754.95;0.00;0.00;0.00
11.12.2020;0:51:08;3.33;36.81;11.16;754.95;0.00;0.00;0.00
11.12.2020;0:52:08;3.33;36.91;11.16;754.93;0.00;0.00;0.00
11.12.2020;0:53:08;3.35;36.90;11.16;754.93;0.00;0.00;0.00
11.12.2020;0:54:08;3.33;36.88;11.16;754.92;0.00;0.00;0.00
11.12.2020;0:55:08;3.32;36.92;11.15;754.92;0.00;0.00;0.00
11.12.2020;0:56:08;3.33;36.89;11.16;754.93;0.00;0.00;0.00
11.12.2020;0:57:08;3.33;36.87;11.17;754.92;0.00;0.00;0.00
11.12.2020;0:58:08;3.33;36.87;11.18;754.89;0.00;0.00;0.00
11.12.2020;0:59:08;3.33;36.87;11.18;754.89;0.00;0.00;0.00
11.12.2020;1:00:08;3.33;36.93;11.17;754.86;0.00;0.00;0.00
11.12.2020;1:01:08;3.35;36.89;11.17;754.86;0.00;0.00;0.00
11.12.2020;1:02:08;3.33;36.87;11.17;754.86;0.00;0.00;0.00
11.12.2020;1:03:08;3.33;36.89;11.17;754.87;0.00;0.00;0.00
11.12.2020;1:04:08;3.36;36.94;11.16;754.87;0.00;0.00;0.00
11.12.2020;1:05:08;3.33;36.87;11.17;754.87;0.00;0.00;0.00
11.12.2020;1:06:09;3.33;36.93;11.17;754.86;0.00;0.00;0.00
11.12.2020;1:07:09;3.35;36.94;11.16;754.85;0.00;0.00;0.00
11.12.2020;1:08:09;3.33;37.01;11.16;754.85;0.00;0.00;0.00
11.12.2020;1:09:09;3.33;36.97;11.15;754.85;0.00;0.00;0.00
11.12.2020;1:10:09;3.33;36.96;11.16;754.85;0.00;0.00;0.00
11.12.2020;1:11:09;3.33;36.96;11.17;754.84;0.00;0.00;0.00
11.12.2020;1:12:09;3.33;36.93;11.17;754.84;0.00;0.00;0.00
11.12.2020;1:13:09;3.33;36.96;11.16;754.82;0.00;0.00;0.00
11.12.2020;1:14:09;3.33;36.96;11.16;754.81;0.00;0.00;0.00
11.12.2020;1:15:09;3.35;36.98;11.17;754.79;0.00;0.00;0.00
11.12.2020;1:16:09;3.33;36.99;11.17;754.78;0.00;0.00;0.00
11.12.2020;1:17:09;3.33;36.98;11.17;754.78;0.00;0.00;0.00
11.12.2020;1:18:09;3.36;37.01;11.17;754.78;0.00;0.00;0.00
11.12.2020;1:19:09;3.33;36.98;11.17;754.77;0.00;0.00;0.00
11.12.2020;1:20:09;3.33;37.03;11.18;754.76;0.00;0.00;0.00
11.12.2020;1:21:09;3.33;37.01;11.18;754.75;0.00;0.00;0.00
11.12.2020;1:22:09;3.33;37.02;11.18;754.76;0.00;0.00;0.00
11.12.2020;1:23:09;3.33;37.05;11.19;754.77;0.00;0.00;0.00
11.12.2020;1:24:09;3.33;37.01;11.19;754.77;0.00;0.00;0.00
11.12.2020;1:25:09;3.33;36.98;11.20;754.79;0.00;0.00;0.00
11.12.2020;1:26:09;3.33;36.99;11.20;754.79;0.00;0.00;0.00
11.12.2020;1:27:09;3.33;37.00;11.20;754.79;0.00;0.00;0.00
11.12.2020;1:28:09;3.33;37.00;11.20;754.79;0.00;0.00;0.00
11.12.2020;1:29:09;3.35;37.00;11.20;754.80;0.00;0.00;0.00
11.12.2020;1:30:09;3.33;36.98;11.20;754.81;0.00;0.00;0.00
11.12.2020;1:31:09;3.33;37.00;11.20;754.81;0.00;0.00;0.00
11.12.2020;1:32:09;3.36;37.02;11.19;754.82;0.00;0.00;0.00
11.12.2020;1:33:09;3.33;36.99;11.21;754.84;0.00;0.00;0.00
11.12.2020;1:34:09;3.33;36.98;11.21;754.85;0.00;0.00;0.00
11.12.2020;1:35:09;3.35;37.00;11.22;754.85;0.00;0.00;0.00
11.12.2020;1:36:09;3.33;36.98;11.22;754.86;0.00;0.00;0.00
11.12.2020;1:37:09;3.33;37.02;11.22;754.85;0.00;0.00;0.00
11.12.2020;1:38:10;3.33;37.01;11.22;754.85;0.00;0.00;0.00
11.12.2020;1:39:10;3.33;36.99;11.22;754.86;0.00;0.00;0.00
11.12.2020;1:40:10;3.33;36.99;11.22;754.87;0.00;0.00;0.00
11.12.2020;1:41:10;3.33;36.98;11.23;754.87;0.00;0.00;0.00
11.12.2020;1:42:10;3.33;36.96;11.23;754.87;0.00;0.00;0.00
11.12.2020;1:43:10;3.35;36.97;11.24;754.87;0.00;0.00;0.00
11.12.2020;1:44:10;3.33;37.03;11.25;754.86;0.00;0.00;0.00
11.12.2020;1:45:10;3.33;37.03;11.24;754.84;0.00;0.00;0.00
11.12.2020;1:46:10;3.36;37.03;11.24;754.84;0.00;0.00;0.00
11.12.2020;1:47:10;3.33;36.98;11.25;754.84;0.00;0.00;0.00
11.12.2020;1:48:10;3.33;36.99;11.25;754.83;0.00;0.00;0.00
11.12.2020;1:49:10;3.35;37.00;11.25;754.82;0.00;0.00;0.00
11.12.2020;1:50:10;3.33;37.03;11.26;754.82;0.00;0.00;0.00
11.12.2020;1:51:10;3.33;37.05;11.25;754.82;0.00;0.00;0.00
11.12.2020;1:52:10;3.33;37.02;11.25;754.82;0.00;0.00;0.00
11.12.2020;1:53:10;3.33;37.01;11.26;754.84;0.00;0.00;0.00
11.12.2020;1:54:10;3.33;36.98;11.26;754.86;0.00;0.00;0.00
11.12.2020;1:55:10;3.33;36.97;11.26;754.87;0.00;0.00;0.00
11.12.2020;1:56:10;3.33;37.04;11.25;754.89;0.00;0.00;0.00
11.12.2020;1:57:10;3.35;37.01;11.25;754.89;0.00;0.00;0.00
11.12.2020;1:58:10;3.33;36.98;11.25;754.90;0.00;0.00;0.00
11.12.2020;1:59:10;3.33;36.99;11.26;754.91;0.00;0.00;0.00
11.12.2020;2:00:10;3.36;36.99;11.26;754.91;0.00;0.00;0.00
11.12.2020;2:01:10;3.33;37.01;11.26;754.91;0.00;0.00;0.00
11.12.2020;2:02:10;3.33;37.02;11.26;754.90;0.00;0.00;0.00
11.12.2020;2:03:10;3.35;37.05;11.26;754.89;0.00;0.00;0.00
11.12.2020;2:04:10;3.33;37.00;11.25;754.89;0.00;0.00;0.00
11.12.2020;2:05:10;3.33;37.03;11.25;754.88;0.00;0.00;0.00
11.12.2020;2:06:10;3.33;37.01;11.26;754.89;0.00;0.00;0.00
11.12.2020;2:07:10;3.33;37.07;11.25;754.89;0.00;0.00;0.00
11.12.2020;2:08:10;3.33;37.04;11.26;754.90;0.00;0.00;0.00
11.12.2020;2:09:10;3.33;37.02;11.26;754.90;0.00;0.00;0.00
11.12.2020;2:10:10;3.33;37.03;11.27;754.91;0.00;0.00;0.00
11.12.2020;2:11:11;3.35;37.02;11.27;754.92;0.00;0.00;0.00
11.12.2020;2:12:11;3.33;36.99;11.28;754.91;0.00;0.00;0.00
11.12.2020;2:13:11;3.33;37.04;11.28;754.89;0.00;0.00;0.00
11.12.2020;2:14:11;3.36;36.99;11.29;754.88;0.00;0.00;0.00
11.12.2020;2:15:11;3.33;36.98;11.29;754.86;0.00;0.00;0.00
11.12.2020;2:16:11;3.33;37.00;11.28;754.84;0.00;0.00;0.00
11.12.2020;2:17:11;3.35;37.01;11.29;754.85;0.00;0.00;0.00
11.12.2020;2:18:11;3.33;36.99;11.29;754.82;0.00;0.00;0.00
11.12.2020;2:19:11;3.33;37.03;11.28;754.81;0.00;0.00;0.00
11.12.2020;2:20:11;3.33;37.06;11.28;754.81;0.00;0.00;0.00
11.12.2020;2:21:11;3.33;37.07;11.27;754.80;0.00;0.00;0.00
11.12.2020;2:22:11;3.33;37.06;11.27;754.83;0.00;0.00;0.00
11.12.2020;2:23:11;3.33;37.04;11.27;754.82;0.00;0.00;0.00
11.12.2020;2:24:11;3.33;37.07;11.28;754.82;0.00;0.00;0.00
11.12.2020;2:25:11;3.35;37.06;11.28;754.82;0.00;0.00;0.00
11.12.2020;2:26:11;3.33;37.07;11.28;754.80;0.00;0.00;0.00
11.12.2020;2:27:11;3.33;37.06;11.27;754.79;0.00;0.00;0.00
11.12.2020;2:28:11;3.36;37.08;11.28;754.80;0.00;0.00;0.00
11.12.2020;2:29:11;3.33;37.09;11.28;754.80;0.00;0.00;0.00
11.12.2020;2:30:11;3.33;37.13;11.28;754.80;0.00;0.00;0.00
11.12.2020;2:31:11;3.35;37.09;11.28;754.78;0.00;0.00;0.00
11.12.2020;2:32:11;3.33;37.10;11.28;754.77;0.00;0.00;0.00
11.12.2020;2:33:11;3.33;37.07;11.29;754.76;0.00;0.00;0.00
11.12.2020;2:34:11;3.33;37.18;11.28;754.76;0.00;0.00;0.00
11.12.2020;2:35:11;3.33;37.11;11.28;754.74;0.00;0.00;0.00
11.12.2020;2:36:11;3.33;37.14;11.28;754.74;0.00;0.00;0.00
11.12.2020;2:37:11;3.33;37.12;11.29;754.73;0.00;0.00;0.00
11.12.2020;2:38:11;3.33;37.11;11.29;754.73;0.00;0.00;0.00
11.12.2020;2:39:11;3.35;37.14;11.29;754.73;0.00;0.00;0.00
11.12.2020;2:40:11;3.33;37.17;11.29;754.72;0.00;0.00;0.00
11.12.2020;2:41:11;3.33;37.14;11.29;754.72;0.00;0.00;0.00
11.12.2020;2:42:11;3.36;37.12;11.30;754.71;0.00;0.00;0.00
11.12.2020;2:43:12;3.33;37.12;11.30;754.70;0.00;0.00;0.00
11.12.2020;2:44:12;3.33;37.16;11.30;754.69;0.00;0.00;0.00
11.12.2020;2:45:12;3.35;37.15;11.30;754.69;0.00;0.00;0.00
11.12.2020;2:46:12;3.33;37.19;11.30;754.68;0.00;0.00;0.00
11.12.2020;2:47:12;3.33;37.16;11.30;754.67;0.00;0.00;0.00
11.12.2020;2:48:12;3.33;37.18;11.30;754.69;0.00;0.00;0.00
11.12.2020;2:49:12;3.33;37.19;11.31;754.68;0.00;0.00;0.00
11.12.2020;2:50:12;3.33;37.20;11.32;754.69;0.00;0.00;0.00
11.12.2020;2:51:12;3.33;37.16;11.32;754.69;0.00;0.00;0.00
11.12.2020;2:52:12;3.33;37.21;11.32;754.69;0.00;0.00;0.00
11.12.2020;2:53:12;3.35;37.17;11.31;754.68;0.00;0.00;0.00
11.12.2020;2:54:12;3.33;37.19;11.31;754.69;0.00;0.00;0.00
11.12.2020;2:55:12;3.33;37.18;11.31;754.69;0.00;0.00;0.00
11.12.2020;2:56:12;3.36;37.27;11.31;754.71;0.00;0.00;0.00
11.12.2020;2:57:12;3.33;37.23;11.31;754.71;0.00;0.00;0.00
11.12.2020;2:58:12;3.33;37.21;11.31;754.71;0.00;0.00;0.00
11.12.2020;2:59:12;3.35;37.21;11.32;754.72;0.00;0.00;0.00
11.12.2020;3:00:12;3.33;37.35;11.31;754.72;0.00;0.00;0.00
11.12.2020;3:01:12;3.33;37.28;11.31;754.72;0.00;0.00;0.00
11.12.2020;3:02:12;3.33;37.23;11.31;754.73;0.00;0.00;0.00
11.12.2020;3:03:12;3.33;37.28;11.30;754.72;0.00;0.00;0.00
11.12.2020;3:04:12;3.33;37.24;11.31;754.71;0.00;0.00;0.00
11.12.2020;3:05:12;3.33;37.29;11.31;754.71;0.00;0.00;0.00
11.12.2020;3:06:12;3.33;37.26;11.31;754.71;0.00;0.00;0.00
11.12.2020;3:07:12;3.35;37.27;11.31;754.71;0.00;0.00;0.00
11.12.2020;3:08:12;3.33;37.23;11.31;754.69;0.00;0.00;0.00
11.12.2020;3:09:12;3.33;37.22;11.32;754.68;0.00;0.00;0.00
11.12.2020;3:10:12;3.36;37.28;11.32;754.66;0.00;0.00;0.00
11.12.2020;3:11:12;3.33;37.27;11.32;754.65;0.00;0.00;0.00
11.12.2020;3:12:12;3.33;37.25;11.32;754.66;0.00;0.00;0.00
11.12.2020;3:13:12;3.35;37.24;11.33;754.69;0.00;0.00;0.00
11.12.2020;3:14:12;3.33;37.26;11.33;754.68;0.00;0.00;0.00
11.12.2020;3:15:12;3.33;37.22;11.33;754.68;0.00;0.00;0.00
11.12.2020;3:16:13;3.33;37.23;11.33;754.69;0.00;0.00;0.00
11.12.2020;3:17:13;3.33;37.21;11.33;754.67;0.00;0.00;0.00
11.12.2020;3:18:13;3.33;37.21;11.34;754.67;0.00;0.00;0.00
11.12.2020;3:19:13;3.33;37.20;11.35;754.66;0.00;0.00;0.00
11.12.2020;3:20:13;3.33;37.23;11.34;754.66;0.00;0.00;0.00
11.12.2020;3:21:13;3.35;37.23;11.34;754.65;0.00;0.00;0.00
11.12.2020;3:22:13;3.33;37.20;11.34;754.66;0.00;0.00;0.00
11.12.2020;3:23:13;3.33;37.23;11.34;754.65;0.00;0.00;0.00
11.12.2020;3:24:13;3.36;37.21;11.34;754.65;0.00;0.00;0.00
11.12.2020;3:25:13;3.33;37.21;11.34;754.66;0.00;0.00;0.00
11.12.2020;3:26:13;3.33;37.19;11.35;754.65;0.00;0.00;0.00
11.12.2020;3:27:13;3.35;37.25;11.34;754.63;0.00;0.00;0.00
11.12.2020;3:28:13;3.33;37.22;11.34;754.64;0.00;0.00;0.00
11.12.2020;3:29:13;3.33;37.30;11.34;754.62;0.00;0.00;0.00
11.12.2020;3:30:13;3.33;37.25;11.33;754.62;0.00;0.00;0.00
11.12.2020;3:31:13;3.33;37.29;11.33;754.62;0.00;0.00;0.00
11.12.2020;3:32:13;3.33;37.27;11.33;754.62;0.00;0.00;0.00
11.12.2020;3:33:13;3.33;37.33;11.33;754.61;0.00;0.00;0.00
11.12.2020;3:34:13;3.33;37.32;11.32;754.60;0.00;0.00;0.00
11.12.2020;3:35:13;3.35;37.31;11.33;754.59;0.00;0.00;0.00
11.12.2020;3:36:13;3.33;37.35;11.32;754.58;0.00;0.00;0.00
11.12.2020;3:37:13;3.33;37.38;11.32;754.57;0.00;0.00;0.00
11.12.2020;3:38:13;3.36;37.33;11.32;754.58;0.00;0.00;0.00
11.12.2020;3:39:13;3.33;37.34;11.32;754.57;0.00;0.00;0.00
11.12.2020;3:40:13;3.33;37.37;11.31;754.58;0.00;0.00;0.00
11.12.2020;3:41:13;3.35;37.38;11.32;754.59;0.00;0.00;0.00
11.12.2020;3:42:13;3.33;37.35;11.32;754.58;0.00;0.00;0.00
11.12.2020;3:43:13;3.33;37.37;11.32;754.59;0.00;0.00;0.00
11.12.2020;3:44:13;3.33;37.40;11.32;754.58;0.00;0.00;0.00
11.12.2020;3:45:13;3.33;37.39;11.32;754.57;0.00;0.00;0.00
11.12.2020;3:46:13;3.33;37.45;11.32;754.56;0.00;0.00;0.00
11.12.2020;3:47:13;3.33;37.47;11.32;754.57;0.00;0.00;0.00
11.12.2020;3:48:14;3.33;37.43;11.32;754.56;0.00;0.00;0.00
11.12.2020;3:49:14;3.35;37.41;11.32;754.54;0.00;0.00;0.00
11.12.2020;3:50:14;3.33;37.45;11.33;754.53;0.00;0.00;0.00
11.12.2020;3:51:14;3.33;37.47;11.33;754.53;0.00;0.00;0.00
11.12.2020;3:52:14;3.36;37.44;11.33;754.53;0.00;0.00;0.00
11.12.2020;3:53:14;3.33;37.42;11.34;754.54;0.00;0.00;0.00
11.12.2020;3:54:14;3.33;37.41;11.34;754.52;0.00;0.00;0.00
11.12.2020;3:55:14;3.35;37.45;11.33;754.51;0.00;0.00;0.00
11.12.2020;3:56:14;3.33;37.45;11.33;754.50;0.00;0.00;0.00
11.12.2020;3:57:14;3.33;37.50;11.33;754.49;0.00;0.00;0.00
11.12.2020;3:58:14;3.33;37.44;11.34;754.48;0.00;0.00;0.00
11.12.2020;3:59:14;3.33;37.44;11.35;754.48;0.00;0.00;0.00
11.12.2020;4:00:14;3.33;37.37;11.36;754.48;0.00;0.00;0.00
11.12.2020;4:01:14;3.33;37.45;11.35;754.46;0.00;0.00;0.00
11.12.2020;4:02:14;3.33;37.44;11.35;754.46;0.00;0.00;0.00
11.12.2020;4:03:14;3.35;37.43;11.35;754.46;0.00;0.00;0.00
11.12.2020;4:04:14;3.33;37.46;11.36;754.45;0.00;0.00;0.00
11.12.2020;4:05:14;3.33;37.42;11.36;754.43;0.00;0.00;0.00
11.12.2020;4:06:14;3.36;37.42;11.36;754.44;0.00;0.00;0.00
11.12.2020;4:07:14;3.33;37.46;11.36;754.44;0.00;0.00;0.00
11.12.2020;4:08:14;3.33;37.48;11.35;754.43;0.00;0.00;0.00
11.12.2020;4:09:14;3.35;37.52;11.35;754.42;0.00;0.00;0.00
11.12.2020;4:10:14;3.33;37.45;11.35;754.42;0.00;0.00;0.00
11.12.2020;4:11:14;3.33;37.49;11.35;754.41;0.00;0.00;0.00
11.12.2020;4:12:14;3.32;37.44;11.35;754.41;0.00;0.00;0.00
11.12.2020;4:13:14;3.33;37.46;11.35;754.39;0.00;0.00;0.00
11.12.2020;4:14:14;3.33;37.48;11.35;754.40;0.00;0.00;0.00
11.12.2020;4:15:14;3.33;37.44;11.36;754.40;0.00;0.00;0.00
11.12.2020;4:16:14;3.33;37.48;11.36;754.41;0.00;0.00;0.00
11.12.2020;4:17:14;3.35;37.45;11.36;754.41;0.00;0.00;0.00
11.12.2020;4:18:14;3.33;37.48;11.36;754.40;0.00;0.00;0.00
11.12.2020;4:19:14;3.33;37.47;11.36;754.41;0.00;0.00;0.00
11.12.2020;4:20:15;3.36;37.47;11.35;754.41;0.00;0.00;0.00
11.12.2020;4:21:15;3.33;37.53;11.35;754.40;0.00;0.00;0.00
11.12.2020;4:22:15;3.33;37.48;11.34;754.40;0.00;0.00;0.00
11.12.2020;4:23:15;3.35;37.51;11.34;754.41;0.00;0.00;0.00
11.12.2020;4:24:15;3.33;37.53;11.34;754.41;0.00;0.00;0.00
11.12.2020;4:25:15;3.33;37.57;11.34;754.41;0.00;0.00;0.00
11.12.2020;4:26:15;3.33;37.58;11.34;754.40;0.00;0.00;0.00
11.12.2020;4:27:15;3.33;37.62;11.33;754.41;0.00;0.00;0.00
11.12.2020;4:28:15;3.33;37.65;11.33;754.40;0.00;0.00;0.00
11.12.2020;4:29:15;3.33;37.60;11.33;754.41;0.00;0.00;0.00
11.12.2020;4:30:15;3.33;37.58;11.34;754.40;0.00;0.00;0.00
11.12.2020;4:31:15;3.35;37.61;11.33;754.40;0.00;0.00;0.00
11.12.2020;4:32:15;3.33;37.57;11.34;754.40;0.00;0.00;0.00
11.12.2020;4:33:15;3.33;37.61;11.33;754.40;0.00;0.00;0.00
11.12.2020;4:34:15;3.36;37.62;11.33;754.41;0.00;0.00;0.00
11.12.2020;4:35:15;3.33;37.60;11.33;754.42;0.00;0.00;0.00
11.12.2020;4:36:15;3.33;37.62;11.33;754.43;0.00;0.00;0.00
11.12.2020;4:37:15;3.35;37.66;11.32;754.42;0.00;0.00;0.00
11.12.2020;4:38:15;3.33;37.70;11.32;754.42;0.00;0.00;0.00
11.12.2020;4:39:15;3.33;37.65;11.31;754.43;0.00;0.00;0.00
11.12.2020;4:40:15;3.33;37.70;11.31;754.42;0.00;0.00;0.00
11.12.2020;4:41:15;3.33;37.71;11.30;754.43;0.00;0.00;0.00
11.12.2020;4:42:15;3.33;37.68;11.30;754.46;0.00;0.00;0.00
11.12.2020;4:43:15;3.33;37.71;11.30;754.45;0.00;0.00;0.00
11.12.2020;4:44:15;3.33;37.73;11.31;754.47;0.00;0.00;0.00
11.12.2020;4:45:15;3.35;37.72;11.31;754.47;0.00;0.00;0.00
11.12.2020;4:46:15;3.33;37.71;11.32;754.48;0.00;0.00;0.00
11.12.2020;4:47:15;3.33;37.72;11.32;754.48;0.00;0.00;0.00
11.12.2020;4:48:15;3.36;37.72;11.32;754.48;0.00;0.00;0.00
11.12.2020;4:49:15;3.33;37.71;11.32;754.49;0.00;0.00;0.00
11.12.2020;4:50:15;3.33;37.71;11.32;754.50;0.00;0.00;0.00
11.12.2020;4:51:15;3.35;37.76;11.32;754.50;0.00;0.00;0.00
11.12.2020;4:52:16;3.33;37.73;11.32;754.50;0.00;0.00;0.00
11.12.2020;4:53:16;3.33;37.76;11.32;754.51;0.00;0.00;0.00
11.12.2020;4:54:16;3.33;37.73;11.33;754.51;0.00;0.00;0.00
11.12.2020;4:55:16;3.33;37.71;11.33;754.51;0.00;0.00;0.00
11.12.2020;4:56:16;3.33;37.75;11.33;754.53;0.00;0.00;0.00
11.12.2020;4:57:16;3.33;37.74;11.33;754.52;0.00;0.00;0.00
11.12.2020;4:58:16;3.33;37.76;11.33;754.53;0.00;0.00;0.00
11.12.2020;4:59:16;3.35;37.76;11.33;754.53;0.00;0.00;0.00
11.12.2020;5:00:16;3.33;37.80;11.33;754.54;0.00;0.00;0.00
11.12.2020;5:01:16;3.32;37.83;11.33;754.54;0.00;0.00;0.00
11.12.2020;5:02:16;3.36;37.81;11.34;754.54;0.00;0.00;0.00
11.12.2020;5:03:16;3.33;37.77;11.34;754.56;0.00;0.00;0.00
11.12.2020;5:04:16;3.33;37.77;11.34;754.55;0.00;0.00;0.00
11.12.2020;5:05:16;3.35;37.80;11.34;754.56;0.00;0.00;0.00
11.12.2020;5:06:16;3.33;37.80;11.34;754.55;0.00;0.00;0.00
11.12.2020;5:07:16;3.33;37.78;11.34;754.57;0.00;0.00;0.00
11.12.2020;5:08:16;3.33;37.78;11.34;754.58;0.00;0.00;0.00
11.12.2020;5:09:16;3.33;37.75;11.34;754.57;0.00;0.00;0.00
11.12.2020;5:10:16;3.33;37.76;11.34;754.58;0.00;0.00;0.00
11.12.2020;5:11:16;3.33;37.78;11.34;754.57;0.00;0.00;0.00
11.12.2020;5:12:16;3.33;37.77;11.34;754.58;0.00;0.00;0.00
11.12.2020;5:13:16;3.35;37.78;11.35;754.56;0.00;0.00;0.00
11.12.2020;5:14:16;3.33;37.77;11.35;754.54;0.00;0.00;0.00
11.12.2020;5:15:16;3.33;37.83;11.34;754.52;0.00;0.00;0.00
11.12.2020;5:16:16;3.36;37.77;11.34;754.50;0.00;0.00;0.00
11.12.2020;5:17:16;3.33;37.80;11.33;754.49;0.00;0.00;0.00
11.12.2020;5:18:16;3.33;37.81;11.33;754.50;0.00;0.00;0.00
11.12.2020;5:19:16;3.35;37.86;11.33;754.50;0.00;0.00;0.00
11.12.2020;5:20:16;3.33;37.92;11.32;754.49;0.00;0.00;0.00
11.12.2020;5:21:16;3.33;37.85;11.32;754.49;0.00;0.00;0.00
11.12.2020;5:22:16;3.33;37.86;11.33;754.49;0.00;0.00;0.00
11.12.2020;5:23:16;3.33;37.86;11.32;754.49;0.00;0.00;0.00
11.12.2020;5:24:16;3.33;37.89;11.32;754.49;0.00;0.00;0.00
11.12.2020;5:25:17;3.33;37.83;11.32;754.48;0.00;0.00;0.00
11.12.2020;5:26:17;3.33;37.87;11.32;754.48;0.00;0.00;0.00
11.12.2020;5:27:17;3.33;37.88;11.31;754.48;0.00;0.00;0.00
11.12.2020;5:28:17;3.33;37.93;11.31;754.46;0.00;0.00;0.00
11.12.2020;5:29:17;3.33;37.94;11.31;754.45;0.00;0.00;0.00
11.12.2020;5:30:17;3.36;37.92;11.31;754.45;0.00;0.00;0.00
11.12.2020;5:31:17;3.33;37.90;11.31;754.45;0.00;0.00;0.00
11.12.2020;5:32:17;3.33;37.99;11.30;754.43;0.00;0.00;0.00
11.12.2020;5:33:17;3.35;37.98;11.30;754.43;0.00;0.00;0.00
11.12.2020;5:34:17;3.33;38.02;11.29;754.42;0.00;0.00;0.00
11.12.2020;5:35:17;3.32;38.01;11.29;754.42;0.00;0.00;0.00
11.12.2020;5:36:17;3.33;38.00;11.28;754.42;0.00;0.00;0.00
11.12.2020;5:37:17;3.33;38.03;11.28;754.43;0.00;0.00;0.00
11.12.2020;5:38:17;3.33;38.02;11.28;754.43;0.00;0.00;0.00
11.12.2020;5:39:17;3.33;38.04;11.28;754.43;0.00;0.00;0.00
11.12.2020;5:40:17;3.33;38.01;11.28;754.44;0.00;0.00;0.00
11.12.2020;5:41:17;3.35;38.04;11.28;754.43;0.00;0.00;0.00
11.12.2020;5:42:17;3.33;38.05;11.29;754.43;0.00;0.00;0.00
11.12.2020;5:43:17;3.33;38.00;11.29;754.44;0.00;0.00;0.00
11.12.2020;5:44:17;3.36;37.98;11.29;754.44;0.00;0.00;0.00
11.12.2020;5:45:17;3.33;38.04;11.29;754.44;0.00;0.00;0.00
11.12.2020;5:46:17;3.33;38.04;11.28;754.46;0.00;0.00;0.00
11.12.2020;5:47:17;3.35;38.12;11.28;754.47;0.00;0.00;0.00
11.12.2020;5:48:17;3.33;38.12;11.26;754.47;0.00;0.00;0.00
11.12.2020;5:49:17;3.33;38.09;11.26;754.48;0.00;0.00;0.00
11.12.2020;5:50:17;3.33;38.13;11.26;754.49;0.00;0.00;0.00
11.12.2020;5:51:17;3.33;38.13;11.27;754.49;0.00;0.00;0.00
11.12.2020;5:52:17;3.33;38.11;11.27;754.49;0.00;0.00;0.00
11.12.2020;5:53:17;3.33;38.10;11.27;754.49;0.00;0.00;0.00
11.12.2020;5:54:17;3.33;38.08;11.27;754.48;0.00;0.00;0.00
11.12.2020;5:55:17;3.35;38.13;11.28;754.49;0.00;0.00;0.00
11.12.2020;5:56:17;3.33;38.06;11.28;754.50;0.00;0.00;0.00
11.12.2020;5:57:18;3.33;38.08;11.28;754.51;0.00;0.00;0.00
11.12.2020;5:58:18;3.36;38.08;11.29;754.52;0.00;0.00;0.00
11.12.2020;5:59:18;3.33;38.06;11.29;754.53;0.00;0.00;0.00
11.12.2020;6:00:18;3.33;38.06;11.29;754.54;0.00;0.00;0.00
11.12.2020;6:01:18;3.35;38.08;11.29;754.55;0.00;0.00;0.00
11.12.2020;6:02:18;3.33;38.09;11.28;754.56;0.00;0.00;0.00
11.12.2020;6:03:18;3.33;38.10;11.28;754.55;0.00;0.00;0.00
11.12.2020;6:04:18;3.33;38.09;11.28;754.56;0.00;0.00;0.00
11.12.2020;6:05:18;3.33;38.09;11.29;754.57;0.00;0.00;0.00
11.12.2020;6:06:18;3.33;38.08;11.29;754.56;0.00;0.00;0.00
11.12.2020;6:07:18;3.33;38.14;11.28;754.58;0.00;0.00;0.00
11.12.2020;6:08:18;3.33;38.12;11.28;754.58;0.00;0.00;0.00
11.12.2020;6:09:18;3.35;38.13;11.28;754.59;0.00;0.00;0.00
11.12.2020;6:10:18;3.33;38.17;11.27;754.58;0.00;0.00;0.00
11.12.2020;6:11:18;3.33;38.17;11.26;754.58;0.00;0.00;0.00
11.12.2020;6:12:18;3.36;38.16;11.27;754.58;0.00;0.00;0.00
11.12.2020;6:13:18;3.33;38.18;11.27;754.59;0.00;0.00;0.00
11.12.2020;6:14:18;3.33;38.16;11.27;754.58;0.00;0.00;0.00
11.12.2020;6:15:18;3.35;38.18;11.25;754.58;0.00;0.00;0.00
11.12.2020;6:16:18;3.33;38.21;11.25;754.58;0.00;0.00;0.00
11.12.2020;6:17:18;3.33;38.23;11.25;754.57;0.00;0.00;0.00
11.12.2020;6:18:18;3.33;38.24;11.25;754.55;0.00;0.00;0.00
11.12.2020;6:19:18;3.33;38.20;11.24;754.55;0.00;0.00;0.00
11.12.2020;6:20:18;3.33;38.26;11.24;754.56;0.00;0.00;0.00
11.12.2020;6:21:18;3.33;38.26;11.24;754.56;0.00;0.00;0.00
11.12.2020;6:22:18;3.33;38.25;11.24;754.55;0.00;0.00;0.00
11.12.2020;6:23:18;3.35;38.28;11.24;754.57;0.00;0.00;0.00
11.12.2020;6:24:18;3.33;38.27;11.23;754.57;0.00;0.00;0.00
11.12.2020;6:25:18;3.33;38.33;11.22;754.58;0.00;0.00;0.00
11.12.2020;6:26:18;3.36;38.33;11.21;754.57;0.00;0.00;0.00
11.12.2020;6:27:18;3.33;38.31;11.21;754.56;0.00;0.00;0.00
11.12.2020;6:28:18;3.33;38.35;11.21;754.58;0.00;0.00;0.00
11.12.2020;6:29:18;3.35;38.34;11.20;754.57;0.00;0.00;0.00
11.12.2020;6:30:19;3.32;38.35;11.20;754.57;0.00;0.00;0.00
11.12.2020;6:31:19;3.33;38.38;11.20;754.56;0.00;0.00;0.00
11.12.2020;6:32:19;3.33;38.36;11.20;754.54;0.00;0.00;0.00
11.12.2020;6:33:19;3.33;38.39;11.19;754.55;0.00;0.00;0.00
11.12.2020;6:34:19;3.33;38.42;11.17;754.55;0.00;0.00;0.00
11.12.2020;6:35:19;3.33;38.44;11.17;754.54;0.00;0.00;0.00
11.12.2020;6:36:19;3.33;38.44;11.17;754.55;0.00;0.00;0.00
11.12.2020;6:37:19;3.35;38.44;11.17;754.56;0.00;0.00;0.00
11.12.2020;6:38:19;3.33;38.44;11.17;754.57;0.00;0.00;0.00
11.12.2020;6:39:19;3.33;38.44;11.16;754.56;0.00;0.00;0.00
11.12.2020;6:40:19;3.36;38.48;11.15;754.57;0.00;0.00;0.00
11.12.2020;6:41:19;3.33;38.47;11.15;754.58;0.00;0.00;0.00
11.12.2020;6:42:19;3.33;38.50;11.14;754.59;0.00;0.00;0.00
11.12.2020;6:43:19;3.35;38.53;11.14;754.60;0.00;0.00;0.00
11.12.2020;6:44:19;3.33;38.51;11.14;754.60;0.00;0.00;0.00
11.12.2020;6:45:19;3.33;38.54;11.14;754.60;0.00;0.00;0.00
11.12.2020;6:46:19;3.33;38.53;11.14;754.59;0.00;0.00;0.00
11.12.2020;6:47:19;3.33;38.54;11.13;754.61;0.00;0.00;0.00
11.12.2020;6:48:19;3.33;38.56;11.14;754.61;0.00;0.00;0.00
11.12.2020;6:49:19;3.33;38.57;11.14;754.61;0.00;0.00;0.00
11.12.2020;6:50:19;3.33;38.60;11.12;754.61;0.00;0.00;0.00
11.12.2020;6:51:19;3.35;38.64;11.11;754.61;0.00;0.00;0.00
11.12.2020;6:52:19;3.33;38.66;11.10;754.63;0.00;0.00;0.00
11.12.2020;6:53:19;3.33;38.67;11.09;754.61;0.00;0.00;0.00
11.12.2020;6:54:19;3.36;38.66;11.09;754.61;0.00;0.00;0.00
11.12.2020;6:55:19;3.33;38.69;11.09;754.59;0.00;0.00;0.00
11.12.2020;6:56:19;3.33;38.70;11.08;754.60;0.00;0.00;0.00
11.12.2020;6:57:19;3.35;38.71;11.08;754.64;0.00;0.00;0.00
11.12.2020;6:58:19;3.33;38.71;11.08;754.64;0.00;0.00;0.00
11.12.2020;6:59:19;3.33;38.72;11.07;754.65;0.00;0.00;0.00
11.12.2020;7:00:19;3.33;38.73;11.06;754.65;0.00;0.00;0.00
11.12.2020;7:01:19;3.33;38.74;11.07;754.68;0.00;0.00;0.00
11.12.2020;7:02:20;3.33;38.75;11.07;754.66;0.00;0.00;0.00
11.12.2020;7:03:20;3.33;38.76;11.07;754.64;0.00;0.00;0.00
11.12.2020;7:04:20;3.33;38.75;11.07;754.66;0.00;0.00;0.00
11.12.2020;7:05:20;3.35;38.78;11.07;754.67;0.00;0.00;0.00
11.12.2020;7:06:20;3.33;38.76;11.08;754.67;0.00;0.00;0.00
11.12.2020;7:07:20;3.33;38.74;11.09;754.67;0.00;0.00;0.00
11.12.2020;7:08:20;3.36;38.74;11.09;754.67;0.00;0.00;0.00
11.12.2020;7:09:20;3.33;38.74;11.08;754.67;0.00;0.00;0.00
11.12.2020;7:10:20;3.33;38.73;11.08;754.69;0.00;0.00;0.00
11.12.2020;7:11:20;3.35;38.74;11.08;754.70;0.00;0.00;0.00
11.12.2020;7:12:20;3.33;38.74;11.08;754.71;0.00;0.00;0.00
11.12.2020;7:13:20;3.33;38.76;11.09;754.73;0.00;0.00;0.00
11.12.2020;7:14:20;3.33;38.74;11.10;754.74;0.00;0.00;0.00
11.12.2020;7:15:20;3.33;38.73;11.09;754.76;0.00;0.00;0.00
11.12.2020;7:16:20;3.33;38.75;11.10;754.75;0.00;0.00;0.00
11.12.2020;7:17:20;3.33;38.72;11.10;754.76;0.00;0.00;0.00
11.12.2020;7:18:20;3.33;38.71;11.10;754.75;0.00;0.00;0.00
11.12.2020;7:19:20;3.35;38.72;11.10;754.75;0.00;0.00;0.00
11.12.2020;7:20:20;3.33;38.71;11.10;754.77;0.00;0.00;0.00
11.12.2020;7:21:20;3.33;38.73;11.09;754.77;0.00;0.00;0.00
11.12.2020;7:22:20;3.36;38.76;11.09;754.78;0.00;0.00;0.00
11.12.2020;7:23:20;3.33;38.74;11.11;754.79;0.00;0.00;0.00
11.12.2020;7:24:20;3.33;38.71;11.12;754.81;0.00;0.00;0.00
11.12.2020;7:25:20;3.39;38.70;11.12;754.82;0.00;0.00;0.00
11.12.2020;7:26:20;4.10;38.70;11.12;754.82;0.00;0.00;0.00
11.12.2020;7:27:20;4.17;38.69;11.11;754.83;0.00;0.00;0.00
11.12.2020;7:28:20;4.17;38.73;11.10;754.84;0.00;0.00;0.00
11.12.2020;7:29:20;4.17;38.76;11.09;754.85;0.00;0.00;0.00
11.12.2020;7:30:20;4.17;38.74;11.10;754.86;0.00;0.00;0.00
11.12.2020;7:31:20;4.47;38.72;11.11;754.88;0.00;0.00;0.00
11.12.2020;7:32:20;5.00;38.73;11.10;754.90;0.00;0.00;0.00
11.12.2020;7:33:20;5.01;38.76;11.09;754.90;0.00;0.00;0.00
11.12.2020;7:34:20;5.00;38.75;11.09;754.90;0.00;0.00;0.00
11.12.2020;7:35:21;5.55;38.76;11.09;754.89;0.00;0.00;0.00
11.12.2020;7:36:21;5.86;38.78;11.09;754.91;0.00;0.00;0.00
11.12.2020;7:37:21;5.85;38.73;11.10;754.92;0.00;0.00;0.00
11.12.2020;7:38:21;6.61;38.74;11.10;754.91;0.00;0.00;0.00
11.12.2020;7:39:21;6.74;38.73;11.08;754.90;0.00;0.00;0.00
11.12.2020;7:40:21;7.47;38.77;11.08;754.91;0.00;0.00;0.00
11.12.2020;7:41:21;7.85;38.76;11.08;754.92;0.00;0.00;0.00
11.12.2020;7:42:21;8.51;38.77;11.08;754.92;0.00;0.00;0.00
11.12.2020;7:43:21;9.17;38.77;11.08;754.93;0.00;0.00;0.00
11.12.2020;7:44:21;9.93;38.77;11.06;754.92;0.00;0.00;0.00
11.12.2020;7:45:21;10.72;38.80;11.07;754.93;0.00;0.00;0.00
11.12.2020;7:46:21;10.93;38.79;11.07;754.92;0.00;0.00;0.00
11.12.2020;7:47:21;11.99;38.80;11.06;754.92;0.00;0.00;0.00
11.12.2020;7:48:21;12.89;38.78;11.06;754.91;0.00;0.00;0.00
11.12.2020;7:49:21;13.88;38.79;11.05;754.92;0.00;0.00;0.00
11.12.2020;7:50:21;14.76;38.82;11.05;754.93;0.00;0.00;0.00
11.12.2020;7:51:21;15.26;38.84;11.05;754.93;0.00;0.00;0.00
11.12.2020;7:52:21;17.36;38.85;11.05;754.93;0.00;0.00;0.00
11.12.2020;7:53:21;19.24;38.84;11.05;754.93;0.01;0.00;0.00
11.12.2020;7:54:21;20.07;38.84;11.05;754.94;0.01;0.00;0.00
11.12.2020;7:55:21;22.53;38.85;11.05;754.95;0.02;0.00;0.00
11.12.2020;7:56:21;23.65;38.82;11.06;754.95;0.02;0.00;0.00
11.12.2020;7:57:21;25.96;38.81;11.06;754.95;0.03;0.00;0.00
11.12.2020;7:58:21;27.53;38.78;11.06;754.94;0.03;0.00;0.00
11.12.2020;7:59:21;29.17;38.83;11.05;754.96;0.04;0.00;0.00
11.12.2020;8:00:21;30.14;38.80;11.05;754.96;0.04;0.00;0.00
11.12.2020;8:01:21;31.57;38.83;11.04;754.96;0.04;0.00;0.00
11.12.2020;8:02:21;32.07;38.86;11.04;754.97;0.04;0.00;0.00
11.12.2020;8:03:21;33.57;38.86;11.04;754.98;0.05;0.00;0.00
11.12.2020;8:04:21;35.97;38.85;11.04;754.99;0.06;0.00;0.00
11.12.2020;8:05:21;37.71;38.84;11.03;754.99;0.06;0.00;0.00
11.12.2020;8:06:22;39.99;38.88;11.03;754.99;0.07;0.00;0.00
11.12.2020;8:07:22;42.10;38.86;11.01;754.99;0.08;0.00;0.00
11.12.2020;8:08:22;45.06;38.92;11.01;755.00;0.09;0.00;0.00
11.12.2020;8:09:22;47.02;38.92;11.01;754.99;0.10;0.00;0.00
11.12.2020;8:10:22;49.51;38.95;11.01;754.99;0.11;0.00;0.00
11.12.2020;8:11:22;51.37;38.92;11.01;754.99;0.12;0.00;0.00
11.12.2020;8:12:22;54.93;38.88;11.00;755.01;0.14;0.00;0.00
11.12.2020;8:13:22;60.35;38.92;11.00;755.00;0.16;0.00;0.00
11.12.2020;8:14:22;64.22;38.91;10.99;755.00;0.18;0.00;0.00
11.12.2020;8:15:22;68.63;38.95;10.98;755.00;0.19;0.00;0.00
11.12.2020;8:16:22;72.90;39.00;10.98;755.00;0.21;0.00;0.00
11.12.2020;8:17:22;76.95;38.91;10.98;755.00;0.23;0.00;0.00
11.12.2020;8:18:22;81.42;38.94;10.98;755.01;0.24;0.00;0.00
11.12.2020;8:19:22;85.08;38.94;10.97;755.02;0.26;0.00;0.00
11.12.2020;8:20:22;87.02;38.99;10.97;755.02;0.26;0.00;0.00
11.12.2020;8:21:22;91.40;38.98;10.98;755.03;0.28;0.00;0.00
11.12.2020;8:22:22;92.69;38.98;10.98;755.03;0.29;0.00;0.00
11.12.2020;8:23:22;97.90;38.97;10.98;755.04;0.31;0.00;0.00
11.12.2020;8:24:22;108.96;38.97;10.98;755.03;0.35;0.00;0.00
11.12.2020;8:25:22;113.53;38.90;10.98;755.02;0.36;0.00;0.00
11.12.2020;8:26:22;118.03;38.92;10.98;755.03;0.38;0.00;0.00
11.12.2020;8:27:22;121.43;38.85;10.97;755.02;0.39;0.00;0.00
11.12.2020;8:28:22;123.42;38.96;10.97;755.01;0.40;0.00;0.00
11.12.2020;8:29:22;127.58;38.94;10.98;755.01;0.41;0.00;0.00
11.12.2020;8:30:22;133.06;38.95;10.98;755.01;0.44;0.03;0.01
11.12.2020;8:31:22;137.39;38.87;10.99;755.01;0.45;0.06;0.03
11.12.2020;8:32:22;142.07;38.97;10.99;755.00;0.47;0.10;0.05
11.12.2020;8:33:22;145.51;38.91;10.99;755.01;0.48;0.12;0.06
11.12.2020;8:34:22;146.31;38.87;10.99;755.01;0.48;0.12;0.06
11.12.2020;8:35:22;152.88;38.89;10.99;755.01;0.51;0.18;0.09
11.12.2020;8:36:23;157.16;38.76;10.97;755.01;0.53;0.20;0.11
11.12.2020;8:37:23;163.90;38.92;10.96;755.01;0.56;0.25;0.14
11.12.2020;8:38:23;172.36;38.93;10.97;755.03;0.59;0.30;0.18
11.12.2020;8:39:23;172.90;38.97;10.98;755.03;0.59;0.30;0.18
11.12.2020;8:40:23;175.50;38.95;10.99;755.03;0.60;0.32;0.19
11.12.2020;8:41:23;182.10;38.82;10.98;755.02;0.62;0.37;0.23
11.12.2020;8:42:23;193.71;38.82;10.98;755.03;0.67;0.43;0.29
11.12.2020;8:43:23;209.41;38.80;10.97;755.03;0.73;0.52;0.38
11.12.2020;8:44:23;217.69;38.95;10.97;755.04;0.76;0.58;0.44
11.12.2020;8:45:23;231.00;38.86;10.98;755.03;0.81;0.66;0.54
11.12.2020;8:46:23;242.92;38.88;10.98;755.02;0.85;0.73;0.62
11.12.2020;8:47:23;254.29;38.87;10.99;755.01;0.89;0.79;0.70
11.12.2020;8:48:23;248.95;38.94;11.01;755.00;0.87;0.77;0.67
11.12.2020;8:49:23;258.43;38.91;11.01;755.00;0.92;0.85;0.78
11.12.2020;8:50:23;286.86;38.80;11.02;754.99;1.03;1.01;1.03
11.12.2020;8:51:23;292.14;38.81;11.02;754.98;1.04;1.03;1.07
11.12.2020;8:52:23;302.57;38.73;11.02;754.98;1.08;1.12;1.22
11.12.2020;8:53:23;330.28;38.85;11.03;754.97;1.20;1.31;1.56
11.12.2020;8:54:23;348.86;38.78;11.05;754.97;1.26;1.41;1.78
11.12.2020;8:55:23;372.82;38.72;11.06;754.98;1.34;1.55;2.09
11.12.2020;8:56:23;403.64;38.64;11.08;754.97;1.46;1.74;2.53
11.12.2020;8:57:23;430.40;38.60;11.08;754.98;1.53;1.86;2.86
11.12.2020;8:58:23;460.60;38.57;11.09;754.98;1.63;2.02;3.30
11.12.2020;8:59:23;482.28;38.62;11.11;754.99;1.68;2.10;3.54
11.12.2020;9:00:23;511.51;38.58;11.14;754.98;1.76;2.21;3.88
11.12.2020;9:01:23;516.90;38.44;11.16;754.98;1.76;2.20;3.88
11.12.2020;9:02:23;524.87;38.48;11.17;755.00;1.77;2.22;3.93
11.12.2020;9:03:23;514.10;38.38;11.19;755.00;1.71;2.14;3.68
11.12.2020;9:04:24;540.50;38.37;11.19;754.96;1.79;2.23;4.00
11.12.2020;9:05:24;557.98;38.38;11.20;754.96;1.83;2.26;4.12
11.12.2020;9:06:24;568.18;38.27;11.20;754.96;1.84;2.28;4.19
11.12.2020;9:07:24;545.16;38.29;11.20;754.94;1.76;2.22;3.91
11.12.2020;9:08:24;563.82;38.35;11.21;754.93;1.81;2.25;4.07
11.12.2020;9:09:24;535.97;38.44;11.22;754.93;1.74;2.19;3.80
11.12.2020;9:10:24;547.68;38.29;11.24;754.93;1.76;2.21;3.88
11.12.2020;9:11:24;540.40;38.27;11.23;754.92;1.73;2.19;3.79
11.12.2020;9:12:24;542.99;38.19;11.22;754.93;1.74;2.18;3.79
11.12.2020;9:13:24;527.47;38.25;11.22;754.92;1.69;2.11;3.57
11.12.2020;9:14:24;502.80;38.23;11.21;754.90;1.61;1.99;3.20
11.12.2020;9:15:24;525.18;38.30;11.20;754.90;1.69;2.12;3.60
11.12.2020;9:16:24;551.06;38.32;11.21;754.89;1.76;2.20;3.87
11.12.2020;9:17:24;550.37;38.24;11.21;754.88;1.75;2.20;3.84
11.12.2020;9:18:24;559.29;38.28;11.21;754.88;1.78;2.23;3.97
11.12.2020;9:19:24;554.41;38.20;11.20;754.87;1.77;2.22;3.92
11.12.2020;9:20:24;557.28;38.14;11.20;754.87;1.78;2.22;3.94
11.12.2020;9:21:24;566.03;38.13;11.19;754.86;1.78;2.22;3.95
11.12.2020;9:22:24;540.37;38.12;11.17;754.84;1.69;2.11;3.55
11.12.2020;9:23:24;532.25;38.41;11.17;754.83;1.66;2.07;3.43
11.12.2020;9:24:24;517.20;38.30;11.18;754.83;1.60;1.97;3.15
11.12.2020;9:25:24;480.61;38.25;11.16;754.83;1.48;1.77;2.62
11.12.2020;9:26:24;463.11;38.27;11.15;754.82;1.42;1.67;2.37
11.12.2020;9:27:24;440.25;38.39;11.14;754.82;1.34;1.54;2.07
11.12.2020;9:28:24;415.50;38.35;11.14;754.83;1.27;1.42;1.79
11.12.2020;9:29:24;409.75;38.40;11.13;754.83;1.24;1.38;1.72
11.12.2020;9:30:24;405.76;38.32;11.10;754.81;1.23;1.36;1.67
11.12.2020;9:31:24;412.50;38.28;11.08;754.80;1.25;1.39;1.73
11.12.2020;9:32:24;407.37;38.45;11.06;754.80;1.24;1.37;1.70
11.12.2020;9:33:25;405.44;38.56;11.06;754.79;1.23;1.36;1.67
11.12.2020;9:34:25;394.66;38.56;11.06;754.79;1.20;1.31;1.58
11.12.2020;9:35:25;395.86;38.52;11.05;754.79;1.21;1.31;1.59
11.12.2020;9:36:25;388.16;38.57;11.05;754.80;1.19;1.31;1.56
11.12.2020;9:37:25;391.42;38.51;11.05;754.80;1.21;1.32;1.60
11.12.2020;9:38:25;389.11;38.47;11.04;754.79;1.21;1.32;1.59
11.12.2020;9:39:25;385.44;38.43;11.03;754.78;1.20;1.31;1.57
11.12.2020;9:40:25;374.42;38.58;11.02;754.77;1.17;1.27;1.48
11.12.2020;9:41:25;371.40;38.70;11.02;754.77;1.16;1.24;1.43
11.12.2020;9:42:25;351.71;38.66;11.02;754.77;1.10;1.14;1.26
11.12.2020;9:43:25;347.05;38.60;11.01;754.78;1.09;1.12;1.22
11.12.2020;9:44:25;339.42;38.52;10.99;754.78;1.07;1.10;1.18
11.12.2020;9:45:25;330.58;38.57;10.98;754.78;1.05;1.05;1.09
11.12.2020;9:46:25;321.19;38.56;10.96;754.77;1.03;1.02;1.05
11.12.2020;9:47:25;320.68;38.69;10.95;754.78;1.04;1.04;1.08
11.12.2020;9:48:25;330.23;38.74;10.94;754.77;1.08;1.11;1.19
11.12.2020;9:49:25;347.24;38.69;10.95;754.77;1.14;1.21;1.37
11.12.2020;9:50:25;355.99;38.85;10.95;754.80;1.16;1.25;1.46
11.12.2020;9:51:25;370.46;38.86;10.95;754.81;1.20;1.30;1.56
11.12.2020;9:52:25;380.14;38.72;10.95;754.83;1.22;1.35;1.64
11.12.2020;9:53:25;383.39;38.79;10.96;754.83;1.22;1.34;1.64
11.12.2020;9:54:25;366.21;38.83;10.96;754.84;1.17;1.26;1.47
11.12.2020;9:55:25;379.90;38.87;10.97;754.83;1.22;1.35;1.65
11.12.2020;9:56:25;392.68;38.87;10.98;754.82;1.25;1.39;1.74
11.12.2020;9:57:25;406.15;38.75;10.98;754.82;1.31;1.48;1.93
11.12.2020;9:58:25;443.39;38.72;10.98;754.80;1.42;1.67;2.37
11.12.2020;9:59:25;441.61;38.81;10.99;754.79;1.40;1.64;2.30
11.12.2020;10:00:25;447.44;38.72;11.01;754.79;1.43;1.70;2.43
11.12.2020;10:01:25;490.14;38.84;11.04;754.82;1.56;1.91;2.97
11.12.2020;10:02:26;525.45;38.64;11.05;754.82;1.66;2.07;3.44
11.12.2020;10:03:26;534.22;38.56;11.05;754.81;1.68;2.10;3.52
11.12.2020;10:04:26;541.14;38.75;11.07;754.81;1.70;2.13;3.62
11.12.2020;10:05:26;538.79;38.69;11.10;754.82;1.69;2.11;3.56
11.12.2020;10:06:26;565.81;38.67;11.13;754.82;1.78;2.21;3.94
11.12.2020;10:07:26;575.07;38.52;11.15;754.81;1.79;2.23;4.00
11.12.2020;10:08:26;579.76;38.43;11.16;754.81;1.81;2.25;4.06
11.12.2020;10:09:26;619.90;38.39;11.17;754.81;1.91;2.36;4.50
11.12.2020;10:10:26;608.02;38.40;11.18;754.81;1.87;2.30;4.30
11.12.2020;10:11:26;620.04;38.45;11.19;754.82;1.90;2.37;4.51
11.12.2020;10:12:26;638.79;38.48;11.22;754.83;1.94;2.44;4.74
11.12.2020;10:13:26;646.36;38.20;11.22;754.83;1.95;2.46;4.82
11.12.2020;10:14:26;636.86;38.30;11.24;754.82;1.93;2.41;4.65
11.12.2020;10:15:26;666.92;38.33;11.26;754.81;2.00;2.57;5.14
11.12.2020;10:16:26;679.38;38.19;11.28;754.79;2.04;2.62;5.33
11.12.2020;10:17:26;668.45;38.23;11.27;754.78;2.00;2.54;5.08
11.12.2020;10:18:26;676.39;38.35;11.29;754.79;2.02;2.60;5.25
11.12.2020;10:19:26;686.89;38.20;11.31;754.80;2.06;2.67;5.49
11.12.2020;10:20:26;691.04;38.13;11.32;754.79;2.04;2.63;5.37
11.12.2020;10:21:26;630.14;38.08;11.31;754.80;1.88;2.33;4.39
11.12.2020;10:22:26;647.36;38.14;11.32;754.79;1.94;2.43;4.71
11.12.2020;10:23:26;596.31;38.13;11.31;754.79;1.79;2.21;3.95
11.12.2020;10:24:26;613.19;38.07;11.30;754.78;1.87;2.33;4.35
11.12.2020;10:25:26;612.28;38.05;11.29;754.77;1.82;2.27;4.13
11.12.2020;10:26:26;620.19;38.01;11.29;754.76;1.87;2.35;4.39
11.12.2020;10:27:26;592.81;38.16;11.28;754.77;1.79;2.24;4.01
11.12.2020;10:28:26;594.18;38.26;11.29;754.78;1.80;2.24;4.04
11.12.2020;10:29:26;604.94;38.14;11.31;754.79;1.82;2.26;4.10
11.12.2020;10:30:27;600.83;38.12;11.30;754.78;1.84;2.28;4.19
11.12.2020;10:31:27;672.61;38.00;11.30;754.77;2.02;2.61;5.28
11.12.2020;10:32:27;702.88;37.97;11.30;754.76;2.10;2.75;5.78
11.12.2020;10:33:27;717.71;37.75;11.30;754.74;2.15;2.83;6.06
11.12.2020;10:34:27;737.12;38.05;11.31;754.74;2.20;2.93;6.45
11.12.2020;10:35:27;707.60;38.14;11.33;754.72;2.11;2.77;5.86
11.12.2020;10:36:27;701.21;38.06;11.35;754.72;2.12;2.78;5.88
11.12.2020;10:37:27;690.86;38.01;11.35;754.72;2.07;2.70;5.60
11.12.2020;10:38:27;659.33;37.93;11.35;754.72;1.99;2.53;5.02
11.12.2020;10:39:27;703.93;37.98;11.35;754.73;2.12;2.79;5.92
11.12.2020;10:40:27;745.94;38.03;11.37;754.73;2.23;2.97;6.61
11.12.2020;10:41:27;751.33;38.09;11.40;754.73;2.24;2.99;6.69
11.12.2020;10:42:27;770.54;37.91;11.41;754.75;2.29;3.09;7.07
11.12.2020;10:43:27;841.79;37.95;11.43;754.76;2.46;3.36;8.28
11.12.2020;10:44:27;878.14;37.65;11.45;754.74;2.54;3.49;8.89
11.12.2020;10:45:27;903.94;37.77;11.47;754.74;2.62;3.62;9.48
11.12.2020;10:46:27;942.85;37.79;11.51;754.74;2.70;3.76;10.16
11.12.2020;10:47:27;929.54;37.56;11.53;754.74;2.65;3.68;9.75
11.12.2020;10:48:27;896.32;37.66;11.54;754.72;2.58;3.56;9.17
11.12.2020;10:49:27;904.75;37.65;11.56;754.72;2.59;3.57;9.23
11.12.2020;10:50:27;886.00;37.57;11.58;754.71;2.54;3.48;8.84
11.12.2020;10:51:27;890.40;37.51;11.58;754.70;2.55;3.50;8.93
11.12.2020;10:52:27;914.83;37.55;11.59;754.70;2.59;3.58;9.29
11.12.2020;10:53:27;905.40;37.50;11.60;754.68;2.58;3.54;9.13
11.12.2020;10:54:27;982.93;37.46;11.62;754.66;2.75;3.84;10.58
11.12.2020;10:55:27;984.93;37.39;11.64;754.66;2.73;3.79;10.33
11.12.2020;10:56:27;1012.03;37.39;11.66;754.68;2.80;3.92;10.97
11.12.2020;10:57:28;1066.86;37.41;11.69;754.70;2.91;4.09;11.90
11.12.2020;10:58:28;1093.19;37.27;11.71;754.73;2.96;4.17;12.34
11.12.2020;10:59:28;1142.75;37.05;11.72;754.71;3.06;4.35;13.33
11.12.2020;11:00:28;1217.11;37.36;11.76;754.71;3.23;4.62;14.91
11.12.2020;11:01:28;1280.28;37.24;11.81;754.71;3.35;4.83;16.17
11.12.2020;11:02:28;1361.67;37.02;11.87;754.70;3.50;5.08;17.74
11.12.2020;11:03:28;1432.06;37.08;11.92;754.69;3.61;5.25;18.93
11.12.2020;11:04:28;1518.21;36.79;11.97;754.70;3.72;5.44;20.26
11.12.2020;11:05:28;1477.93;36.90;12.02;754.69;3.66;5.35;19.57
11.12.2020;11:06:28;1459.82;36.74;12.07;754.69;3.61;5.28;19.08
11.12.2020;11:07:28;1530.56;36.57;12.12;754.69;3.73;5.46;20.37
11.12.2020;11:08:28;1520.06;36.47;12.15;754.69;3.69;5.39;19.88
11.12.2020;11:09:28;1559.60;36.32;12.18;754.68;3.74;5.48;20.53
11.12.2020;11:10:28;1522.61;36.38;12.22;754.68;3.68;5.39;19.84
11.12.2020;11:11:28;1523.53;36.32;12.24;754.67;3.66;5.35;19.61
11.12.2020;11:12:28;1379.81;36.38;12.27;754.65;3.44;4.98;17.10
11.12.2020;11:13:28;1191.29;36.35;12.25;754.65;3.11;4.43;13.75
11.12.2020;11:14:28;1183.99;36.28;12.23;754.63;3.08;4.38;13.50
11.12.2020;11:15:28;1136.02;36.36;12.21;754.64;2.99;4.24;12.66
11.12.2020;11:16:28;1141.89;36.36;12.19;754.65;3.01;4.27;12.85
11.12.2020;11:17:28;1050.50;36.35;12.18;754.63;2.81;3.93;11.05
11.12.2020;11:18:28;1019.53;36.28;12.15;754.62;2.77;3.87;10.70
11.12.2020;11:19:28;1015.04;36.26;12.11;754.60;2.77;3.85;10.66
11.12.2020;11:20:28;1023.62;36.44;12.09;754.59;2.77;3.86;10.71
11.12.2020;11:21:28;978.51;36.42;12.07;754.59;2.66;3.69;9.82
11.12.2020;11:22:29;954.01;36.38;12.04;754.57;2.62;3.63;9.52
11.12.2020;11:23:29;965.11;36.56;12.04;754.57;2.67;3.70;9.87
11.12.2020;11:24:29;961.35;36.61;12.03;754.56;2.63;3.65;9.59
11.12.2020;11:25:29;943.26;36.57;12.00;754.55;2.60;3.58;9.31
11.12.2020;11:26:29;927.28;36.80;11.99;754.55;2.57;3.54;9.08
11.12.2020;11:27:29;958.72;36.83;12.00;754.56;2.64;3.66;9.64
11.12.2020;11:28:29;949.97;36.79;12.00;754.57;2.60;3.58;9.31
11.12.2020;11:29:29;924.00;36.67;11.98;754.56;2.53;3.47;8.76
11.12.2020;11:30:29;906.24;36.72;11.96;754.56;2.51;3.45;8.65
11.12.2020;11:31:29;892.43;36.70;11.95;754.55;2.46;3.35;8.24
11.12.2020;11:32:29;877.58;36.72;11.92;754.55;2.40;3.25;7.82
11.12.2020;11:33:29;863.65;36.82;11.88;754.57;2.42;3.29;7.96
11.12.2020;11:34:29;892.78;36.94;11.87;754.55;2.46;3.36;8.25
11.12.2020;11:35:29;870.86;36.91;11.86;754.56;2.44;3.33;8.13
11.12.2020;11:36:29;895.71;36.88;11.85;754.54;2.48;3.40;8.45
11.12.2020;11:37:29;896.65;36.92;11.84;754.56;2.48;3.39;8.40
11.12.2020;11:38:29;914.57;36.89;11.83;754.54;2.56;3.51;8.97
11.12.2020;11:39:29;946.44;36.93;11.81;754.54;2.62;3.61;9.45
11.12.2020;11:40:29;952.03;36.96;11.80;754.54;2.62;3.62;9.47
11.12.2020;11:41:29;954.42;37.05;11.79;754.54;2.63;3.64;9.57
11.12.2020;11:42:29;1003.90;37.02;11.80;754.54;2.75;3.83;10.52
11.12.2020;11:43:29;1083.04;36.85;11.80;754.53;2.89;4.06;11.72
11.12.2020;11:44:29;1125.81;36.89;11.81;754.51;2.96;4.18;12.38
11.12.2020;11:45:29;1142.75;36.75;11.82;754.48;2.99;4.23;12.65
11.12.2020;11:46:29;1166.17;36.96;11.82;754.46;3.05;4.32;13.16
11.12.2020;11:47:29;1184.69;36.81;11.82;754.45;3.08;4.39;13.52
11.12.2020;11:48:30;1224.57;36.81;11.83;754.42;3.16;4.52;14.28
11.12.2020;11:49:30;1279.70;36.78;11.85;754.38;3.29;4.74;15.60
11.12.2020;11:50:30;1286.72;36.93;11.87;754.37;3.31;4.77;15.77
11.12.2020;11:51:30;1291.50;36.87;11.90;754.35;3.29;4.74;15.63
11.12.2020;11:52:30;1311.92;36.75;11.93;754.35;3.32;4.80;15.95
11.12.2020;11:53:30;1263.61;36.62;11.92;754.35;3.22;4.62;14.89
11.12.2020;11:54:30;1236.09;36.72;11.91;754.35;3.17;4.55;14.42
11.12.2020;11:55:30;1222.03;36.86;11.92;754.35;3.13;4.47;13.98
11.12.2020;11:56:30;1178.83;36.70;11.93;754.34;3.06;4.34;13.26
11.12.2020;11:57:30;1182.32;36.61;11.92;754.35;3.07;4.37;13.40
11.12.2020;11:58:30;1186.44;36.65;11.90;754.33;3.07;4.37;13.40
11.12.2020;11:59:30;1184.96;36.62;11.88;754.33;3.07;4.37;13.42
11.12.2020;12:00:30;1158.56;36.80;11.88;754.32;3.03;4.31;13.06
11.12.2020;12:01:30;1150.86;36.90;11.90;754.34;3.02;4.29;12.96
11.12.2020;12:02:30;1165.62;36.83;11.92;754.33;3.04;4.32;13.12
11.12.2020;12:03:30;1110.47;36.71;11.92;754.35;2.94;4.16;12.23
11.12.2020;12:04:30;1029.28;36.97;11.91;754.36;2.77;3.87;10.72
11.12.2020;12:05:30;950.72;36.89;11.89;754.34;2.62;3.64;9.54
11.12.2020;12:06:30;934.33;36.78;11.87;754.35;2.58;3.56;9.20
11.12.2020;12:07:30;924.05;36.85;11.84;754.32;2.58;3.55;9.15
11.12.2020;12:08:30;931.78;36.91;11.82;754.31;2.57;3.55;9.13
11.12.2020;12:09:30;864.11;36.85;11.79;754.29;2.43;3.32;8.05
11.12.2020;12:10:30;853.08;36.92;11.75;754.27;2.43;3.30;8.01
11.12.2020;12:11:30;865.52;37.02;11.73;754.24;2.43;3.31;8.05
11.12.2020;12:12:30;839.51;37.20;11.73;754.23;2.37;3.21;7.63
11.12.2020;12:13:30;836.51;37.10;11.72;754.22;2.39;3.25;7.76
11.12.2020;12:14:31;934.07;36.98;11.70;754.21;2.61;3.60;9.40
11.12.2020;12:15:31;982.67;37.02;11.70;754.20;2.70;3.74;10.08
11.12.2020;12:16:31;979.55;36.97;11.70;754.21;2.68;3.71;9.93
11.12.2020;12:17:31;995.49;37.08;11.69;754.20;2.72;3.78;10.26
11.12.2020;12:18:31;994.21;37.01;11.69;754.20;2.70;3.75;10.15
11.12.2020;12:19:31;964.60;37.13;11.68;754.19;2.66;3.68;9.78
11.12.2020;12:20:31;1005.81;37.13;11.68;754.18;2.74;3.82;10.49
11.12.2020;12:21:31;1042.56;36.97;11.67;754.18;2.83;3.96;11.18
11.12.2020;12:22:31;1050.26;36.87;11.66;754.17;2.86;4.02;11.47
11.12.2020;12:23:31;1087.81;37.08;11.66;754.16;2.92;4.10;11.97
11.12.2020;12:24:31;1097.87;36.96;11.67;754.14;2.93;4.13;12.10
11.12.2020;12:25:31;1077.13;37.11;11.68;754.12;2.88;4.06;11.70
11.12.2020;12:26:31;1051.21;37.14;11.68;754.12;2.84;3.98;11.32
11.12.2020;12:27:31;1039.82;37.14;11.67;754.12;2.83;3.95;11.17
11.12.2020;12:28:31;1038.12;37.02;11.66;754.13;2.84;3.97;11.24
11.12.2020;12:29:31;1052.56;37.23;11.66;754.15;2.86;4.01;11.47
11.12.2020;12:30:31;1033.33;36.97;11.65;754.17;2.83;3.98;11.27
11.12.2020;12:31:31;1053.88;37.03;11.65;754.20;2.87;4.03;11.57
11.12.2020;12:32:31;1077.94;37.23;11.66;754.20;2.92;4.11;12.00
11.12.2020;12:33:31;1052.36;37.23;11.68;754.18;2.87;4.02;11.52
11.12.2020;12:34:31;1031.35;37.09;11.68;754.17;2.83;3.96;11.19
11.12.2020;12:35:31;1067.81;37.14;11.68;754.15;2.90;4.09;11.84
11.12.2020;12:36:31;1068.49;37.07;11.68;754.15;2.89;4.07;11.78
11.12.2020;12:37:31;1086.89;36.88;11.68;754.14;2.93;4.14;12.13
11.12.2020;12:38:31;1062.51;37.06;11.68;754.12;2.88;4.04;11.63
11.12.2020;12:39:32;1110.25;36.94;11.69;754.13;2.99;4.23;12.66
11.12.2020;12:40:32;1148.85;37.10;11.71;754.10;3.02;4.29;12.96
11.12.2020;12:41:32;1103.30;37.17;11.73;754.12;2.95;4.18;12.33
11.12.2020;12:42:32;1153.81;37.17;11.74;754.13;3.06;4.34;13.29
11.12.2020;12:43:32;1179.17;37.20;11.77;754.14;3.10;4.41;13.66
11.12.2020;12:44:32;1178.18;37.18;11.78;754.15;3.10;4.41;13.66
11.12.2020;12:45:32;1214.65;37.05;11.81;754.13;3.15;4.50;14.19
11.12.2020;12:46:32;1249.60;37.02;11.83;754.13;3.22;4.62;14.88
11.12.2020;12:47:32;1269.51;37.03;11.86;754.12;3.26;4.69;15.32
11.12.2020;12:48:32;1274.48;36.89;11.89;754.11;3.27;4.71;15.39
11.12.2020;12:49:32;1277.76;36.94;11.92;754.09;3.28;4.71;15.43
11.12.2020;12:50:32;1294.87;36.73;11.94;754.07;3.31;4.77;15.78
11.12.2020;12:51:32;1295.78;36.69;11.97;754.06;3.32;4.79;15.90
11.12.2020;12:52:32;1270.06;36.61;11.98;754.06;3.27;4.70;15.39
11.12.2020;12:53:32;1266.45;36.66;11.98;754.06;3.28;4.71;15.44
11.12.2020;12:54:32;1282.90;36.42;12.00;754.06;3.30;4.76;15.70
11.12.2020;12:55:32;1185.11;36.55;12.00;754.04;3.13;4.47;13.96
11.12.2020;12:56:32;1113.35;36.57;11.98;754.05;3.00;4.26;12.78
11.12.2020;12:57:32;1111.63;36.57;11.98;754.07;3.01;4.27;12.85
11.12.2020;12:58:32;1138.11;36.53;11.97;754.06;3.05;4.34;13.24
11.12.2020;12:59:32;1125.74;36.65;11.97;754.07;3.04;4.32;13.12
11.12.2020;13:00:32;1093.45;36.52;11.97;754.06;2.99;4.23;12.64
11.12.2020;13:01:32;1061.89;36.61;11.96;754.06;2.93;4.14;12.14
11.12.2020;13:02:32;1056.17;36.58;11.96;754.05;2.92;4.11;11.99
11.12.2020;13:03:32;1011.91;36.70;11.94;754.04;2.83;3.96;11.21
11.12.2020;13:04:33;947.14;36.66;11.92;754.06;2.70;3.74;10.11
11.12.2020;13:05:33;924.80;36.76;11.90;754.08;2.65;3.68;9.76
11.12.2020;13:06:33;951.90;36.75;11.89;754.07;2.73;3.80;10.40
11.12.2020;13:07:33;1087.76;36.69;11.90;754.06;3.00;4.26;12.80
11.12.2020;13:08:33;1063.77;36.69;11.91;754.05;2.95;4.16;12.25
11.12.2020;13:09:33;1023.49;36.62;11.92;754.05;2.85;4.00;11.39
11.12.2020;13:10:33;1013.50;36.68;11.91;754.07;2.84;3.99;11.34
11.12.2020;13:11:33;993.74;36.84;11.91;754.08;2.78;3.88;10.77
11.12.2020;13:12:33;935.24;36.68;11.90;754.10;2.65;3.67;9.71
11.12.2020;13:13:33;862.93;36.76;11.88;754.11;2.48;3.39;8.42
11.12.2020;13:14:33;863.90;36.92;11.86;754.10;2.49;3.40;8.48
11.12.2020;13:15:33;932.06;36.87;11.87;754.09;2.64;3.66;9.69
11.12.2020;13:16:33;961.49;36.76;11.87;754.07;2.69;3.73;10.02
11.12.2020;13:17:33;930.24;36.83;11.86;754.08;2.61;3.62;9.47
11.12.2020;13:18:33;853.35;36.98;11.86;754.09;2.45;3.35;8.20
11.12.2020;13:19:33;827.18;36.86;11.85;754.09;2.39;3.25;7.78
11.12.2020;13:20:33;820.11;36.81;11.84;754.06;2.39;3.25;7.77
11.12.2020;13:21:33;819.68;36.83;11.82;754.05;2.38;3.22;7.67
11.12.2020;13:22:33;772.88;36.90;11.79;754.04;2.27;3.04;6.90
11.12.2020;13:23:33;745.06;37.03;11.78;754.04;2.21;2.94;6.49
11.12.2020;13:24:33;678.56;37.10;11.77;754.05;2.03;2.62;5.33
11.12.2020;13:25:33;642.03;36.94;11.73;754.06;1.96;2.47;4.82
11.12.2020;13:26:33;640.56;37.13;11.71;754.05;1.94;2.45;4.77
11.12.2020;13:27:33;693.94;37.15;11.68;754.05;2.09;2.72;5.66
11.12.2020;13:28:33;670.28;37.31;11.67;754.02;2.00;2.56;5.12
11.12.2020;13:29:33;608.79;37.29;11.66;754.03;1.85;2.27;4.20
11.12.2020;13:30:33;611.00;37.38;11.65;754.02;1.87;2.31;4.31
11.12.2020;13:31:34;601.88;37.40;11.64;754.01;1.83;2.27;4.17
11.12.2020;13:32:34;599.59;37.30;11.61;754.00;1.84;2.28;4.19
11.12.2020;13:33:34;633.74;37.41;11.60;753.99;1.94;2.44;4.73
11.12.2020;13:34:34;656.17;37.31;11.61;753.98;2.00;2.55;5.11
11.12.2020;13:35:34;635.17;37.21;11.58;753.98;1.95;2.46;4.78
11.12.2020;13:36:34;666.12;37.44;11.58;753.97;2.02;2.60;5.27
11.12.2020;13:37:34;595.37;37.55;11.59;753.98;1.81;2.26;4.09
11.12.2020;13:38:34;573.28;37.28;11.57;753.98;1.75;2.20;3.85
11.12.2020;13:39:34;554.55;37.54;11.55;754.00;1.73;2.17;3.76
11.12.2020;13:40:34;565.25;37.42;11.54;753.99;1.76;2.21;3.89
11.12.2020;13:41:34;557.90;37.52;11.52;753.97;1.73;2.16;3.74
11.12.2020;13:42:34;526.41;37.53;11.50;753.97;1.63;2.03;3.32
11.12.2020;13:43:34;544.44;37.56;11.48;753.95;1.68;2.10;3.53
11.12.2020;13:44:34;544.99;37.71;11.46;753.95;1.69;2.11;3.55
11.12.2020;13:45:34;528.00;37.71;11.45;753.94;1.62;2.01;3.26
11.12.2020;13:46:34;461.41;37.81;11.44;753.93;1.42;1.67;2.38
11.12.2020;13:47:34;464.51;37.79;11.42;753.93;1.44;1.70;2.46
11.12.2020;13:48:34;483.28;37.78;11.40;753.94;1.51;1.81;2.74
11.12.2020;13:49:34;531.16;37.91;11.40;753.96;1.62;2.01;3.26
11.12.2020;13:50:34;557.64;37.92;11.40;753.94;1.67;2.09;3.50
11.12.2020;13:51:34;562.94;37.90;11.41;753.94;1.70;2.13;3.61
11.12.2020;13:52:34;554.57;37.89;11.41;753.95;1.68;2.10;3.52
11.12.2020;13:53:34;569.96;37.98;11.42;753.97;1.73;2.18;3.77
11.12.2020;13:54:34;573.36;37.98;11.42;753.97;1.73;2.19;3.79
11.12.2020;13:55:34;555.69;37.88;11.43;753.94;1.69;2.12;3.58
11.12.2020;13:56:34;509.45;37.99;11.43;753.94;1.56;1.90;2.96
11.12.2020;13:57:34;528.94;37.91;11.42;753.92;1.63;2.02;3.29
11.12.2020;13:58:34;535.11;38.01;11.42;753.91;1.64;2.04;3.34
11.12.2020;13:59:35;523.65;37.92;11.42;753.89;1.61;1.98;3.18
11.12.2020;14:00:35;517.37;37.98;11.41;753.89;1.59;1.95;3.09
11.12.2020;14:01:35;508.55;37.93;11.41;753.88;1.56;1.91;2.98
11.12.2020;14:02:35;505.31;38.00;11.40;753.88;1.55;1.90;2.94
11.12.2020;14:03:35;479.84;38.01;11.39;753.89;1.47;1.76;2.58
11.12.2020;14:04:35;470.36;38.06;11.38;753.90;1.44;1.71;2.47
11.12.2020;14:05:35;413.01;38.15;11.37;753.93;1.28;1.44;1.85
11.12.2020;14:06:35;423.80;38.17;11.36;753.93;1.32;1.51;1.99
11.12.2020;14:07:35;420.90;38.19;11.36;753.94;1.31;1.50;1.97
11.12.2020;14:08:35;387.25;38.20;11.34;753.95;1.20;1.29;1.55
11.12.2020;14:09:35;373.36;38.19;11.33;753.95;1.17;1.27;1.49
11.12.2020;14:10:35;395.65;38.24;11.33;753.95;1.23;1.36;1.68
11.12.2020;14:11:35;357.60;38.25;11.33;753.96;1.11;1.15;1.28
11.12.2020;14:12:35;347.21;38.16;11.32;753.96;1.08;1.10;1.19
11.12.2020;14:13:35;312.36;38.29;11.30;753.96;0.98;0.95;0.93
11.12.2020;14:14:35;321.35;38.35;11.30;753.95;1.00;0.98;0.98
11.12.2020;14:15:35;303.47;38.39;11.29;753.95;0.94;0.86;0.80
11.12.2020;14:16:35;281.71;38.41;11.29;753.93;0.86;0.75;0.65
11.12.2020;14:17:35;272.62;38.29;11.27;753.95;0.83;0.68;0.57
11.12.2020;14:18:35;258.40;38.46;11.26;753.95;0.79;0.64;0.51
11.12.2020;14:19:35;264.79;38.46;11.25;753.95;0.81;0.64;0.51
11.12.2020;14:20:35;246.12;38.54;11.23;753.94;0.74;0.54;0.40
11.12.2020;14:21:35;228.37;38.54;11.22;753.92;0.69;0.46;0.32
11.12.2020;14:22:35;204.38;38.40;11.21;753.90;0.61;0.33;0.20
11.12.2020;14:23:35;194.07;38.28;11.18;753.89;0.57;0.28;0.16
11.12.2020;14:24:35;184.92;38.44;11.15;753.88;0.54;0.22;0.12
11.12.2020;14:25:35;174.59;38.48;11.12;753.89;0.51;0.16;0.08
11.12.2020;14:26:35;169.75;38.66;11.10;753.88;0.49;0.14;0.07
11.12.2020;14:27:35;163.47;38.61;11.08;753.88;0.47;0.10;0.05
11.12.2020;14:28:36;164.53;38.68;11.06;753.90;0.47;0.10;0.05
11.12.2020;14:29:36;160.18;38.80;11.04;753.91;0.46;0.09;0.04
11.12.2020;14:30:36;154.62;38.63;11.02;753.91;0.45;0.05;0.02
11.12.2020;14:31:36;150.53;38.70;10.99;753.93;0.43;0.02;0.01
11.12.2020;14:32:36;149.48;38.83;10.97;753.90;0.43;0.01;0.01
11.12.2020;14:33:36;145.49;38.87;10.95;753.90;0.42;0.00;0.00
11.12.2020;14:34:36;145.22;38.84;10.94;753.88;0.42;0.00;0.00
11.12.2020;14:35:36;132.15;38.97;10.93;753.87;0.37;0.00;0.00
11.12.2020;14:36:36;126.89;38.99;10.91;753.86;0.36;0.00;0.00
11.12.2020;14:37:36;135.38;38.93;10.90;753.85;0.39;0.00;0.00
11.12.2020;14:38:36;139.96;38.86;10.88;753.84;0.41;0.00;0.00
11.12.2020;14:39:36;133.94;38.81;10.87;753.83;0.39;0.00;0.00
11.12.2020;14:40:36;141.79;38.79;10.84;753.83;0.41;0.00;0.00
11.12.2020;14:41:36;144.76;38.62;10.82;753.82;0.43;0.01;0.00
11.12.2020;14:42:36;148.67;38.88;10.79;753.82;0.44;0.05;0.02
11.12.2020;14:43:36;150.01;38.90;10.77;753.83;0.44;0.05;0.02
11.12.2020;14:44:36;144.31;39.23;10.77;753.84;0.43;0.01;0.00
11.12.2020;14:45:36;138.86;39.07;10.75;753.82;0.41;0.00;0.00
11.12.2020;14:46:36;138.08;39.15;10.74;753.80;0.40;0.00;0.00
11.12.2020;14:47:36;130.56;39.23;10.73;753.79;0.38;0.00;0.00
11.12.2020;14:48:36;124.96;39.31;10.73;753.79;0.36;0.00;0.00
11.12.2020;14:49:36;132.29;39.11;10.71;753.78;0.39;0.00;0.00
11.12.2020;14:50:36;131.90;39.22;10.70;753.77;0.39;0.00;0.00
11.12.2020;14:51:36;122.11;39.38;10.70;753.79;0.35;0.00;0.00
11.12.2020;14:52:36;113.38;39.47;10.71;753.80;0.33;0.00;0.00
11.12.2020;14:53:36;112.12;39.30;10.71;753.81;0.32;0.00;0.00
11.12.2020;14:54:36;111.26;39.51;10.70;753.82;0.32;0.00;0.00
11.12.2020;14:55:36;113.55;39.52;10.71;753.83;0.33;0.00;0.00
11.12.2020;14:56:36;113.11;39.53;10.71;753.85;0.33;0.00;0.00
11.12.2020;14:57:37;103.47;39.52;10.71;753.86;0.30;0.00;0.00
11.12.2020;14:58:37;104.17;39.53;10.71;753.87;0.30;0.00;0.00
11.12.2020;14:59:37;102.72;39.51;10.71;753.85;0.30;0.00;0.00
11.12.2020;15:00:37;105.11;39.55;10.71;753.85;0.31;0.00;0.00
11.12.2020;15:01:37;101.65;39.64;10.72;753.85;0.29;0.00;0.00
11.12.2020;15:02:37;103.54;39.65;10.72;753.86;0.30;0.00;0.00
11.12.2020;15:03:37;105.73;39.44;10.72;753.86;0.31;0.00;0.00
11.12.2020;15:04:37;104.40;39.51;10.71;753.87;0.31;0.00;0.00
11.12.2020;15:05:37;98.46;39.47;10.71;753.85;0.28;0.00;0.00
11.12.2020;15:06:37;93.33;39.43;10.71;753.87;0.27;0.00;0.00
11.12.2020;15:07:37;96.22;39.30;10.71;753.87;0.28;0.00;0.00
11.12.2020;15:08:37;89.46;39.39;10.70;753.89;0.25;0.00;0.00
11.12.2020;15:09:37;85.04;39.44;10.70;753.89;0.24;0.00;0.00
11.12.2020;15:10:37;78.64;39.26;10.69;753.91;0.22;0.00;0.00
11.12.2020;15:11:37;82.83;39.40;10.67;753.91;0.23;0.00;0.00
11.12.2020;15:12:37;80.86;39.47;10.67;753.92;0.23;0.00;0.00
11.12.2020;15:13:37;84.61;39.46;10.67;753.91;0.24;0.00;0.00
11.12.2020;15:14:37;77.68;39.13;10.66;753.89;0.21;0.00;0.00
11.12.2020;15:15:37;72.61;39.37;10.65;753.89;0.20;0.00;0.00
11.12.2020;15:16:37;72.04;39.30;10.64;753.88;0.20;0.00;0.00
11.12.2020;15:17:37;76.44;39.37;10.64;753.88;0.21;0.00;0.00
11.12.2020;15:18:37;74.47;39.16;10.62;753.88;0.21;0.00;0.00
11.12.2020;15:19:37;74.99;39.51;10.61;753.88;0.21;0.00;0.00
11.12.2020;15:20:37;71.05;39.48;10.60;753.87;0.19;0.00;0.00
11.12.2020;15:21:37;72.72;39.78;10.61;753.87;0.20;0.00;0.00
11.12.2020;15:22:37;73.71;39.25;10.60;753.87;0.21;0.00;0.00
11.12.2020;15:23:37;71.20;39.46;10.58;753.86;0.20;0.00;0.00
11.12.2020;15:24:37;67.49;39.60;10.59;753.87;0.18;0.00;0.00
11.12.2020;15:25:37;60.72;39.51;10.59;753.88;0.16;0.00;0.00
11.12.2020;15:26:37;53.87;39.64;10.59;753.90;0.13;0.00;0.00
11.12.2020;15:27:38;51.33;39.84;10.58;753.93;0.13;0.00;0.00
11.12.2020;15:28:38;48.67;39.77;10.59;753.93;0.12;0.00;0.00
11.12.2020;15:29:38;45.79;39.86;10.59;753.94;0.11;0.00;0.00
11.12.2020;15:30:38;43.69;39.79;10.60;753.97;0.10;0.00;0.00
11.12.2020;15:31:38;42.66;39.74;10.61;753.97;0.09;0.00;0.00
11.12.2020;15:32:38;41.54;39.70;10.61;753.96;0.09;0.00;0.00
11.12.2020;15:33:38;39.46;39.72;10.61;753.97;0.08;0.00;0.00
11.12.2020;15:34:38;39.10;39.61;10.61;753.96;0.08;0.00;0.00
11.12.2020;15:35:38;38.24;39.52;10.60;753.95;0.08;0.00;0.00
11.12.2020;15:36:38;38.65;39.68;10.60;753.95;0.08;0.00;0.00
11.12.2020;15:37:38;34.56;39.68;10.60;753.97;0.07;0.00;0.00
11.12.2020;15:38:38;31.10;39.63;10.60;753.99;0.05;0.00;0.00
11.12.2020;15:39:38;30.53;39.71;10.60;754.00;0.05;0.00;0.00
11.12.2020;15:40:38;29.04;39.74;10.61;754.00;0.05;0.00;0.00
11.12.2020;15:41:38;28.36;39.62;10.61;753.99;0.04;0.00;0.00
11.12.2020;15:42:38;25.54;39.78;10.62;753.98;0.03;0.00;0.00
11.12.2020;15:43:38;25.76;39.67;10.63;753.95;0.03;0.00;0.00
11.12.2020;15:44:38;25.31;39.58;10.63;753.95;0.03;0.00;0.00
11.12.2020;15:45:38;22.98;39.73;10.63;753.94;0.02;0.00;0.00
11.12.2020;15:46:38;21.97;39.75;10.63;753.93;0.02;0.00;0.00
11.12.2020;15:47:38;20.54;39.67;10.64;753.95;0.01;0.00;0.00
11.12.2020;15:48:38;18.60;39.65;10.64;753.95;0.01;0.00;0.00
11.12.2020;15:49:38;18.79;39.42;10.64;753.95;0.01;0.00;0.00
11.12.2020;15:50:38;18.33;39.66;10.63;753.93;0.00;0.00;0.00
11.12.2020;15:51:38;18.18;39.57;10.63;753.92;0.00;0.00;0.00
11.12.2020;15:52:38;16.03;39.66;10.64;753.93;0.00;0.00;0.00
11.12.2020;15:53:38;15.29;39.62;10.64;753.93;0.00;0.00;0.00
11.12.2020;15:54:38;14.77;39.57;10.64;753.92;0.00;0.00;0.00
11.12.2020;15:55:38;13.76;39.45;10.63;753.94;0.00;0.00;0.00
11.12.2020;15:56:38;12.58;39.54;10.64;753.96;0.00;0.00;0.00
11.12.2020;15:57:38;12.29;39.57;10.63;753.97;0.00;0.00;0.00
11.12.2020;15:58:39;11.58;39.46;10.63;753.97;0.00;0.00;0.00
11.12.2020;15:59:39;10.83;39.37;10.62;754.00;0.00;0.00;0.00
11.12.2020;16:00:39;9.99;39.68;10.63;754.00;0.00;0.00;0.00
11.12.2020;16:01:39;9.17;39.58;10.64;753.98;0.00;0.00;0.00
11.12.2020;16:02:39;9.11;39.43;10.64;753.96;0.00;0.00;0.00
11.12.2020;16:03:39;8.38;39.66;10.64;753.98;0.00;0.00;0.00
11.12.2020;16:04:39;7.96;39.44;10.63;753.98;0.00;0.00;0.00
11.12.2020;16:05:39;7.54;39.41;10.62;754.00;0.00;0.00;0.00
11.12.2020;16:06:39;6.99;39.66;10.62;753.99;0.00;0.00;0.00
11.12.2020;16:07:39;6.56;39.49;10.62;753.99;0.00;0.00;0.00
11.12.2020;16:08:39;6.10;39.72;10.63;753.99;0.00;0.00;0.00
11.12.2020;16:09:39;5.85;39.65;10.64;753.98;0.00;0.00;0.00
11.12.2020;16:10:39;5.83;39.65;10.65;753.97;0.00;0.00;0.00
11.12.2020;16:11:39;5.11;39.29;10.65;753.97;0.00;0.00;0.00
11.12.2020;16:12:39;5.00;39.55;10.65;753.97;0.00;0.00;0.00
11.12.2020;16:13:39;5.00;39.58;10.65;753.96;0.00;0.00;0.00
11.12.2020;16:14:39;4.99;39.46;10.65;753.96;0.00;0.00;0.00
11.12.2020;16:15:39;4.24;39.38;10.65;753.98;0.00;0.00;0.00
11.12.2020;16:16:39;4.17;39.09;10.63;753.97;0.00;0.00;0.00
11.12.2020;16:17:39;4.19;39.17;10.61;753.94;0.00;0.00;0.00
11.12.2020;16:18:39;4.17;39.37;10.61;753.95;0.00;0.00;0.00
11.12.2020;16:19:39;4.12;39.41;10.61;753.94;0.00;0.00;0.00
11.12.2020;16:20:39;3.60;39.35;10.60;753.92;0.00;0.00;0.00
11.12.2020;16:21:39;3.33;39.42;10.59;753.92;0.00;0.00;0.00
11.12.2020;16:22:39;3.33;39.79;10.59;753.92;0.00;0.00;0.00
11.12.2020;16:23:39;3.35;39.62;10.61;753.94;0.00;0.00;0.00
11.12.2020;16:24:39;3.33;39.61;10.62;753.94;0.00;0.00;0.00
11.12.2020;16:25:39;3.33;39.64;10.63;753.95;0.00;0.00;0.00
11.12.2020;16:26:39;3.33;39.58;10.63;753.97;0.00;0.00;0.00
11.12.2020;16:27:39;3.33;39.57;10.63;753.98;0.00;0.00;0.00
11.12.2020;16:28:39;3.33;39.46;10.63;754.00;0.00;0.00;0.00
11.12.2020;16:29:39;3.33;39.57;10.63;754.03;0.00;0.00;0.00
11.12.2020;16:30:39;3.33;39.55;10.62;754.04;0.00;0.00;0.00
11.12.2020;16:31:40;3.35;39.47;10.62;754.02;0.00;0.00;0.00
11.12.2020;16:32:40;3.33;39.36;10.62;754.00;0.00;0.00;0.00
11.12.2020;16:33:40;3.33;39.60;10.63;753.99;0.00;0.00;0.00
11.12.2020;16:34:40;3.36;39.57;10.63;754.01;0.00;0.00;0.00
11.12.2020;16:35:40;3.33;39.68;10.64;754.03;0.00;0.00;0.00
11.12.2020;16:36:40;3.33;39.62;10.66;754.02;0.00;0.00;0.00
11.12.2020;16:37:40;3.35;39.55;10.66;754.00;0.00;0.00;0.00
11.12.2020;16:38:40;3.33;39.62;10.66;754.02;0.00;0.00;0.00
11.12.2020;16:39:40;3.33;39.57;10.67;754.03;0.00;0.00;0.00
11.12.2020;16:40:40;3.33;39.31;10.67;754.04;0.00;0.00;0.00
11.12.2020;16:41:40;3.33;39.72;10.68;754.06;0.00;0.00;0.00
11.12.2020;16:42:40;3.33;39.45;10.68;754.08;0.00;0.00;0.00
11.12.2020;16:43:40;3.33;39.68;10.68;754.09;0.00;0.00;0.00
11.12.2020;16:44:40;3.33;39.66;10.70;754.08;0.00;0.00;0.00
11.12.2020;16:45:40;3.35;39.48;10.70;754.08;0.00;0.00;0.00
11.12.2020;16:46:40;3.33;39.57;10.70;754.07;0.00;0.00;0.00
11.12.2020;16:47:40;3.33;39.63;10.72;754.06;0.00;0.00;0.00
11.12.2020;16:48:40;3.36;39.36;10.72;754.05;0.00;0.00;0.00
11.12.2020;16:49:40;3.33;39.59;10.73;754.07;0.00;0.00;0.00
11.12.2020;16:50:40;3.33;39.48;10.73;754.05;0.00;0.00;0.00
11.12.2020;16:51:40;3.35;39.43;10.75;754.06;0.00;0.00;0.00
11.12.2020;16:52:40;3.33;39.50;10.75;754.04;0.00;0.00;0.00
11.12.2020;16:53:40;3.33;39.53;10.76;754.03;0.00;0.00;0.00
11.12.2020;16:54:40;3.33;39.49;10.77;754.02;0.00;0.00;0.00
11.12.2020;16:55:40;3.33;39.39;10.77;754.01;0.00;0.00;0.00
11.12.2020;16:56:40;3.33;39.38;10.77;754.00;0.00;0.00;0.00
11.12.2020;16:57:40;3.33;39.45;10.78;753.98;0.00;0.00;0.00
11.12.2020;16:58:40;3.33;39.43;10.78;753.98;0.00;0.00;0.00
11.12.2020;16:59:40;3.35;39.19;10.78;753.98;0.00;0.00;0.00
11.12.2020;17:00:40;3.33;39.42;10.78;753.97;0.00;0.00;0.00
11.12.2020;17:01:40;3.33;39.37;10.79;753.96;0.00;0.00;0.00
11.12.2020;17:02:40;3.36;39.29;10.80;753.95;0.00;0.00;0.00
11.12.2020;17:03:41;3.33;39.45;10.80;753.95;0.00;0.00;0.00
11.12.2020;17:04:41;3.33;39.47;10.81;753.95;0.00;0.00;0.00
11.12.2020;17:05:41;3.35;39.13;10.80;753.93;0.00;0.00;0.00
11.12.2020;17:06:41;3.33;39.27;10.80;753.92;0.00;0.00;0.00
11.12.2020;17:07:41;3.33;39.42;10.81;753.94;0.00;0.00;0.00
11.12.2020;17:08:41;3.33;39.35;10.82;753.95;0.00;0.00;0.00
11.12.2020;17:09:41;3.33;39.39;10.83;753.96;0.00;0.00;0.00
11.12.2020;17:10:41;3.33;39.45;10.83;753.97;0.00;0.00;0.00
11.12.2020;17:11:41;3.33;39.28;10.83;753.99;0.00;0.00;0.00
11.12.2020;17:12:41;3.33;39.38;10.83;753.99;0.00;0.00;0.00
11.12.2020;17:13:41;3.35;39.39;10.84;753.97;0.00;0.00;0.00
11.12.2020;17:14:41;3.33;39.32;10.84;753.97;0.00;0.00;0.00
11.12.2020;17:15:41;3.33;39.41;10.85;753.97;0.00;0.00;0.00
11.12.2020;17:16:41;3.36;39.37;10.86;753.95;0.00;0.00;0.00
11.12.2020;17:17:41;3.33;39.37;10.86;753.96;0.00;0.00;0.00
11.12.2020;17:18:41;3.33;39.25;10.86;753.96;0.00;0.00;0.00
11.12.2020;17:19:41;3.35;39.13;10.86;753.95;0.00;0.00;0.00
11.12.2020;17:20:41;3.33;39.22;10.87;753.96;0.00;0.00;0.00
11.12.2020;17:21:41;3.33;39.21;10.86;753.96;0.00;0.00;0.00
11.12.2020;17:22:41;3.33;39.20;10.87;753.98;0.00;0.00;0.00
11.12.2020;17:23:41;3.33;39.31;10.87;753.97;0.00;0.00;0.00
11.12.2020;17:24:41;3.33;39.31;10.87;753.96;0.00;0.00;0.00
11.12.2020;17:25:41;3.33;39.27;10.87;753.94;0.00;0.00;0.00
11.12.2020;17:26:41;3.33;39.15;10.87;753.92;0.00;0.00;0.00
11.12.2020;17:27:41;3.35;39.24;10.87;753.92;0.00;0.00;0.00
11.12.2020;17:28:41;3.33;39.31;10.87;753.92;0.00;0.00;0.00
11.12.2020;17:29:41;3.33;39.16;10.86;753.91;0.00;0.00;0.00
11.12.2020;17:30:41;3.36;39.25;10.86;753.92;0.00;0.00;0.00
11.12.2020;17:31:41;3.33;39.29;10.86;753.92;0.00;0.00;0.00
11.12.2020;17:32:41;3.33;39.30;10.86;753.92;0.00;0.00;0.00
11.12.2020;17:33:41;3.35;39.18;10.86;753.91;0.00;0.00;0.00
11.12.2020;17:34:41;3.33;39.24;10.84;753.89;0.00;0.00;0.00
11.12.2020;17:35:41;3.33;39.25;10.83;753.89;0.00;0.00;0.00
11.12.2020;17:36:42;3.33;39.27;10.83;753.90;0.00;0.00;0.00
11.12.2020;17:37:42;3.33;39.17;10.82;753.89;0.00;0.00;0.00
11.12.2020;17:38:42;3.33;39.25;10.81;753.88;0.00;0.00;0.00
11.12.2020;17:39:42;3.33;39.24;10.81;753.89;0.00;0.00;0.00
11.12.2020;17:40:42;3.33;39.27;10.80;753.88;0.00;0.00;0.00
11.12.2020;17:41:42;3.35;39.00;10.79;753.87;0.00;0.00;0.00
11.12.2020;17:42:42;3.33;39.26;10.78;753.88;0.00;0.00;0.00
11.12.2020;17:43:42;3.33;39.35;10.77;753.86;0.00;0.00;0.00
11.12.2020;17:44:42;3.36;39.20;10.76;753.87;0.00;0.00;0.00
11.12.2020;17:45:42;3.33;39.30;10.75;753.87;0.00;0.00;0.00
11.12.2020;17:46:42;3.33;39.52;10.75;753.88;0.00;0.00;0.00
11.12.2020;17:47:42;3.35;39.42;10.75;753.89;0.00;0.00;0.00
11.12.2020;17:48:42;3.33;39.17;10.73;753.89;0.00;0.00;0.00
11.12.2020;17:49:42;3.33;39.50;10.73;753.88;0.00;0.00;0.00
11.12.2020;17:50:42;3.33;39.36;10.72;753.89;0.00;0.00;0.00
11.12.2020;17:51:42;3.33;39.43;10.70;753.89;0.00;0.00;0.00
11.12.2020;17:52:42;3.33;39.56;10.70;753.89;0.00;0.00;0.00
11.12.2020;17:53:42;3.33;39.49;10.69;753.89;0.00;0.00;0.00
11.12.2020;17:54:42;3.33;39.50;10.68;753.89;0.00;0.00;0.00
11.12.2020;17:55:42;3.35;39.57;10.68;753.89;0.00;0.00;0.00
11.12.2020;17:56:42;3.33;39.58;10.68;753.88;0.00;0.00;0.00
11.12.2020;17:57:42;3.33;39.63;10.67;753.88;0.00;0.00;0.00
11.12.2020;17:58:42;3.36;39.73;10.67;753.89;0.00;0.00;0.00
11.12.2020;17:59:42;3.33;39.44;10.65;753.88;0.00;0.00;0.00
11.12.2020;18:00:42;3.33;39.72;10.64;753.87;0.00;0.00;0.00
11.12.2020;18:01:42;3.35;39.51;10.65;753.86;0.00;0.00;0.00
11.12.2020;18:02:42;3.33;39.56;10.63;753.85;0.00;0.00;0.00
11.12.2020;18:03:42;3.33;39.64;10.61;753.84;0.00;0.00;0.00
11.12.2020;18:04:42;3.33;39.64;10.61;753.84;0.00;0.00;0.00
11.12.2020;18:05:42;3.33;39.50;10.60;753.84;0.00;0.00;0.00
11.12.2020;18:06:42;3.33;39.63;10.59;753.84;0.00;0.00;0.00
11.12.2020;18:07:42;3.33;39.77;10.58;753.84;0.00;0.00;0.00
11.12.2020;18:08:42;3.33;39.71;10.57;753.86;0.00;0.00;0.00
11.12.2020;18:09:43;3.35;39.88;10.57;753.84;0.00;0.00;0.00
11.12.2020;18:10:43;3.33;39.86;10.57;753.83;0.00;0.00;0.00
11.12.2020;18:11:43;3.33;39.75;10.56;753.83;0.00;0.00;0.00
11.12.2020;18:12:43;3.36;39.73;10.55;753.83;0.00;0.00;0.00
11.12.2020;18:13:43;3.33;39.83;10.54;753.82;0.00;0.00;0.00
11.12.2020;18:14:43;3.33;39.82;10.53;753.82;0.00;0.00;0.00
11.12.2020;18:15:43;3.35;39.80;10.52;753.82;0.00;0.00;0.00
11.12.2020;18:16:43;3.33;39.82;10.52;753.80;0.00;0.00;0.00
11.12.2020;18:17:43;3.33;39.77;10.51;753.80;0.00;0.00;0.00
11.12.2020;18:18:43;3.33;40.01;10.51;753.78;0.00;0.00;0.00
11.12.2020;18:19:43;3.33;40.02;10.50;753.77;0.00;0.00;0.00
11.12.2020;18:20:43;3.33;39.76;10.49;753.77;0.00;0.00;0.00
11.12.2020;18:21:43;3.33;39.86;10.48;753.78;0.00;0.00;0.00
11.12.2020;18:22:43;3.33;40.06;10.47;753.79;0.00;0.00;0.00
11.12.2020;18:23:43;3.35;39.94;10.47;753.78;0.00;0.00;0.00
11.12.2020;18:24:43;3.33;39.83;10.45;753.76;0.00;0.00;0.00
11.12.2020;18:25:43;3.33;40.00;10.44;753.74;0.00;0.00;0.00
11.12.2020;18:26:43;3.36;40.11;10.44;753.74;0.00;0.00;0.00
11.12.2020;18:27:43;3.33;40.14;10.44;753.75;0.00;0.00;0.00
11.12.2020;18:28:43;3.33;40.11;10.44;753.76;0.00;0.00;0.00
11.12.2020;18:29:43;3.35;39.99;10.45;753.76;0.00;0.00;0.00
11.12.2020;18:30:43;3.33;40.04;10.43;753.76;0.00;0.00;0.00
11.12.2020;18:31:43;3.33;40.14;10.43;753.73;0.00;0.00;0.00
11.12.2020;18:32:43;3.33;40.10;10.44;753.74;0.00;0.00;0.00
11.12.2020;18:33:43;3.33;40.15;10.44;753.73;0.00;0.00;0.00
11.12.2020;18:34:43;3.33;40.13;10.43;753.75;0.00;0.00;0.00
11.12.2020;18:35:43;3.33;40.20;10.43;753.77;0.00;0.00;0.00
11.12.2020;18:36:43;3.33;40.11;10.44;753.76;0.00;0.00;0.00
11.12.2020;18:37:43;3.35;40.08;10.45;753.77;0.00;0.00;0.00
11.12.2020;18:38:43;3.33;40.08;10.44;753.75;0.00;0.00;0.00
11.12.2020;18:39:43;3.33;40.17;10.45;753.75;0.00;0.00;0.00
11.12.2020;18:40:43;3.36;40.14;10.44;753.72;0.00;0.00;0.00
11.12.2020;18:41:43;3.33;39.98;10.43;753.72;0.00;0.00;0.00
11.12.2020;18:42:44;3.33;40.06;10.42;753.73;0.00;0.00;0.00
11.12.2020;18:43:44;3.35;40.16;10.42;753.74;0.00;0.00;0.00
11.12.2020;18:44:44;3.33;40.16;10.42;753.73;0.00;0.00;0.00
11.12.2020;18:45:44;3.33;40.11;10.41;753.71;0.00;0.00;0.00
11.12.2020;18:46:44;3.33;40.12;10.40;753.71;0.00;0.00;0.00
11.12.2020;18:47:44;3.33;40.06;10.40;753.68;0.00;0.00;0.00
11.12.2020;18:48:44;3.33;40.07;10.40;753.68;0.00;0.00;0.00
11.12.2020;18:49:44;3.33;40.23;10.40;753.67;0.00;0.00;0.00
11.12.2020;18:50:44;3.33;40.21;10.40;753.66;0.00;0.00;0.00
11.12.2020;18:51:44;3.35;40.08;10.39;753.64;0.00;0.00;0.00
11.12.2020;18:52:44;3.33;40.25;10.39;753.63;0.00;0.00;0.00
11.12.2020;18:53:44;3.33;40.08;10.39;753.61;0.00;0.00;0.00
11.12.2020;18:54:44;3.36;40.09;10.40;753.61;0.00;0.00;0.00
11.12.2020;18:55:44;3.33;39.94;10.38;753.61;0.00;0.00;0.00
11.12.2020;18:56:44;3.33;40.06;10.38;753.61;0.00;0.00;0.00
11.12.2020;18:57:44;3.35;40.15;10.37;753.60;0.00;0.00;0.00
11.12.2020;18:58:44;3.33;40.26;10.38;753.59;0.00;0.00;0.00
11.12.2020;18:59:44;3.33;40.05;10.38;753.59;0.00;0.00;0.00
11.12.2020;19:00:44;3.33;40.22;10.38;753.59;0.00;0.00;0.00
11.12.2020;19:01:44;3.33;40.15;10.38;753.57;0.00;0.00;0.00
11.12.2020;19:02:44;3.33;40.14;10.38;753.57;0.00;0.00;0.00
11.12.2020;19:03:44;3.33;40.24;10.37;753.57;0.00;0.00;0.00
11.12.2020;19:04:44;3.33;40.20;10.37;753.55;0.00;0.00;0.00
11.12.2020;19:05:44;3.35;40.20;10.37;753.56;0.00;0.00;0.00
11.12.2020;19:06:44;3.33;40.17;10.37;753.57;0.00;0.00;0.00
11.12.2020;19:07:44;3.33;39.99;10.38;753.55;0.00;0.00;0.00
11.12.2020;19:08:44;3.36;39.97;10.37;753.55;0.00;0.00;0.00
11.12.2020;19:09:44;3.33;40.12;10.36;753.56;0.00;0.00;0.00
11.12.2020;19:10:44;3.33;40.23;10.37;753.55;0.00;0.00;0.00
11.12.2020;19:11:44;3.35;39.96;10.36;753.54;0.00;0.00;0.00
11.12.2020;19:12:44;3.33;40.14;10.36;753.54;0.00;0.00;0.00
11.12.2020;19:13:44;3.33;39.99;10.35;753.54;0.00;0.00;0.00
11.12.2020;19:14:44;3.33;40.23;10.35;753.55;0.00;0.00;0.00
11.12.2020;19:15:45;3.33;40.25;10.36;753.54;0.00;0.00;0.00
11.12.2020;19:16:45;3.33;39.98;10.35;753.52;0.00;0.00;0.00
11.12.2020;19:17:45;3.33;40.16;10.35;753.52;0.00;0.00;0.00
11.12.2020;19:18:45;3.33;40.12;10.35;753.50;0.00;0.00;0.00
11.12.2020;19:19:45;3.35;40.12;10.36;753.51;0.00;0.00;0.00
11.12.2020;19:20:45;3.33;40.03;10.35;753.51;0.00;0.00;0.00
11.12.2020;19:21:45;3.33;40.14;10.35;753.51;0.00;0.00;0.00
11.12.2020;19:22:45;3.36;40.15;10.36;753.52;0.00;0.00;0.00
11.12.2020;19:23:45;3.33;40.24;10.35;753.51;0.00;0.00;0.00
11.12.2020;19:24:45;3.33;40.17;10.36;753.51;0.00;0.00;0.00
11.12.2020;19:25:45;3.35;39.91;10.35;753.50;0.00;0.00;0.00
11.12.2020;19:26:45;3.33;39.94;10.34;753.50;0.00;0.00;0.00
11.12.2020;19:27:45;3.33;40.09;10.33;753.50;0.00;0.00;0.00
11.12.2020;19:28:45;3.33;40.26;10.33;753.53;0.00;0.00;0.00
11.12.2020;19:29:45;3.33;40.26;10.34;753.53;0.00;0.00;0.00
11.12.2020;19:30:45;3.33;40.06;10.34;753.52;0.00;0.00;0.00
11.12.2020;19:31:45;3.33;40.05;10.34;753.52;0.00;0.00;0.00
11.12.2020;19:32:45;3.33;40.15;10.34;753.52;0.00;0.00;0.00
11.12.2020;19:33:45;3.35;40.15;10.34;753.51;0.00;0.00;0.00
11.12.2020;19:34:45;3.33;40.05;10.33;753.50;0.00;0.00;0.00
11.12.2020;19:35:45;3.33;40.13;10.32;753.50;0.00;0.00;0.00
11.12.2020;19:36:45;3.36;40.05;10.31;753.49;0.00;0.00;0.00
11.12.2020;19:37:45;3.33;40.27;10.32;753.50;0.00;0.00;0.00
11.12.2020;19:38:45;3.33;40.15;10.33;753.51;0.00;0.00;0.00
11.12.2020;19:39:45;3.35;40.07;10.33;753.48;0.00;0.00;0.00
11.12.2020;19:40:45;3.33;40.21;10.32;753.49;0.00;0.00;0.00
11.12.2020;19:41:45;3.33;40.12;10.33;753.49;0.00;0.00;0.00
11.12.2020;19:42:45;3.33;40.12;10.32;753.49;0.00;0.00;0.00
11.12.2020;19:43:45;3.33;39.90;10.31;753.48;0.00;0.00;0.00
11.12.2020;19:44:45;3.33;40.22;10.31;753.49;0.00;0.00;0.00
11.12.2020;19:45:45;3.33;40.07;10.31;753.49;0.00;0.00;0.00
11.12.2020;19:46:45;3.33;40.08;10.31;753.49;0.00;0.00;0.00
11.12.2020;19:47:45;3.35;40.07;10.30;753.49;0.00;0.00;0.00
11.12.2020;19:48:46;3.33;40.13;10.29;753.49;0.00;0.00;0.00
11.12.2020;19:49:46;3.33;40.07;10.29;753.50;0.00;0.00;0.00
11.12.2020;19:50:46;3.36;40.04;10.30;753.50;0.00;0.00;0.00
11.12.2020;19:51:46;3.33;40.21;10.29;753.51;0.00;0.00;0.00
11.12.2020;19:52:46;3.33;39.96;10.29;753.51;0.00;0.00;0.00
11.12.2020;19:53:46;3.35;40.06;10.28;753.51;0.00;0.00;0.00
11.12.2020;19:54:46;3.33;40.25;10.29;753.51;0.00;0.00;0.00
11.12.2020;19:55:46;3.33;40.14;10.29;753.49;0.00;0.00;0.00
11.12.2020;19:56:46;3.33;40.18;10.29;753.48;0.00;0.00;0.00
11.12.2020;19:57:46;3.33;40.16;10.29;753.49;0.00;0.00;0.00
11.12.2020;19:58:46;3.33;39.96;10.28;753.51;0.00;0.00;0.00
11.12.2020;19:59:46;3.33;40.12;10.27;753.53;0.00;0.00;0.00
11.12.2020;20:00:46;3.33;40.19;10.27;753.53;0.00;0.00;0.00
11.12.2020;20:01:46;3.35;40.04;10.27;753.52;0.00;0.00;0.00
11.12.2020;20:02:46;3.33;39.99;10.26;753.52;0.00;0.00;0.00
11.12.2020;20:03:46;3.33;40.23;10.25;753.54;0.00;0.00;0.00
11.12.2020;20:04:46;3.36;40.12;10.25;753.54;0.00;0.00;0.00
11.12.2020;20:05:46;3.33;40.22;10.25;753.55;0.00;0.00;0.00
11.12.2020;20:06:46;3.33;40.30;10.26;753.57;0.00;0.00;0.00
11.12.2020;20:07:46;3.35;40.14;10.26;753.56;0.00;0.00;0.00
11.12.2020;20:08:46;3.33;40.20;10.27;753.54;0.00;0.00;0.00
11.12.2020;20:09:46;3.33;40.25;10.27;753.55;0.00;0.00;0.00
11.12.2020;20:10:46;3.33;40.13;10.27;753.56;0.00;0.00;0.00
11.12.2020;20:11:46;3.33;40.30;10.27;753.56;0.00;0.00;0.00
11.12.2020;20:12:46;3.33;40.01;10.26;753.56;0.00;0.00;0.00
11.12.2020;20:13:46;3.33;40.09;10.26;753.59;0.00;0.00;0.00
11.12.2020;20:14:46;3.33;40.21;10.27;753.60;0.00;0.00;0.00
11.12.2020;20:15:46;3.35;40.20;10.27;753.60;0.00;0.00;0.00
11.12.2020;20:16:46;3.33;40.20;10.26;753.61;0.00;0.00;0.00
11.12.2020;20:17:46;3.33;40.01;10.27;753.60;0.00;0.00;0.00
11.12.2020;20:18:46;3.36;40.22;10.26;753.61;0.00;0.00;0.00
11.12.2020;20:19:46;3.33;39.90;10.26;753.62;0.00;0.00;0.00
11.12.2020;20:20:46;3.33;39.67;10.23;753.60;0.00;0.00;0.00
11.12.2020;20:21:47;3.35;40.14;10.23;753.59;0.00;0.00;0.00
11.12.2020;20:22:47;3.33;40.08;10.23;753.57;0.00;0.00;0.00
11.12.2020;20:23:47;3.33;40.01;10.23;753.58;0.00;0.00;0.00
11.12.2020;20:24:47;3.33;40.17;10.22;753.58;0.00;0.00;0.00
11.12.2020;20:25:47;3.33;40.30;10.23;753.58;0.00;0.00;0.00
11.12.2020;20:26:47;3.33;40.15;10.24;753.58;0.00;0.00;0.00
11.12.2020;20:27:47;3.33;40.21;10.24;753.57;0.00;0.00;0.00
11.12.2020;20:28:47;3.33;40.23;10.25;753.56;0.00;0.00;0.00
11.12.2020;20:29:47;3.35;40.10;10.25;753.55;0.00;0.00;0.00
11.12.2020;20:30:47;3.33;40.11;10.24;753.56;0.00;0.00;0.00
11.12.2020;20:31:47;3.33;40.12;10.24;753.56;0.00;0.00;0.00
11.12.2020;20:32:47;3.36;40.14;10.24;753.55;0.00;0.00;0.00
11.12.2020;20:33:47;3.33;40.17;10.24;753.57;0.00;0.00;0.00
11.12.2020;20:34:47;3.33;40.31;10.24;753.58;0.00;0.00;0.00
11.12.2020;20:35:47;3.35;40.16;10.25;753.60;0.00;0.00;0.00
11.12.2020;20:36:47;3.33;40.01;10.24;753.61;0.00;0.00;0.00
11.12.2020;20:37:47;3.33;40.12;10.23;753.61;0.00;0.00;0.00
11.12.2020;20:38:47;3.33;40.22;10.23;753.62;0.00;0.00;0.00
11.12.2020;20:39:47;3.33;40.16;10.23;753.63;0.00;0.00;0.00
11.12.2020;20:40:47;3.33;40.02;10.24;753.62;0.00;0.00;0.00
11.12.2020;20:41:47;3.33;40.18;10.24;753.63;0.00;0.00;0.00
11.12.2020;20:42:47;3.33;40.22;10.25;753.64;0.00;0.00;0.00
11.12.2020;20:43:47;3.35;40.11;10.25;753.65;0.00;0.00;0.00
11.12.2020;20:44:47;3.33;40.13;10.24;753.65;0.00;0.00;0.00
11.12.2020;20:45:47;3.33;40.14;10.25;753.65;0.00;0.00;0.00
11.12.2020;20:46:47;3.36;40.07;10.25;753.66;0.00;0.00;0.00
11.12.2020;20:47:47;3.33;40.12;10.24;753.65;0.00;0.00;0.00
11.12.2020;20:48:47;3.33;39.99;10.24;753.64;0.00;0.00;0.00
11.12.2020;20:49:47;3.35;40.06;10.23;753.64;0.00;0.00;0.00
11.12.2020;20:50:47;3.33;40.26;10.23;753.66;0.00;0.00;0.00
11.12.2020;20:51:47;3.33;39.96;10.23;753.67;0.00;0.00;0.00
11.12.2020;20:52:47;3.33;40.24;10.22;753.68;0.00;0.00;0.00
11.12.2020;20:53:47;3.33;40.23;10.21;753.70;0.00;0.00;0.00
11.12.2020;20:54:48;3.33;40.06;10.21;753.69;0.00;0.00;0.00
11.12.2020;20:55:48;3.33;40.25;10.20;753.68;0.00;0.00;0.00
11.12.2020;20:56:48;3.33;40.25;10.22;753.67;0.00;0.00;0.00
11.12.2020;20:57:48;3.35;39.92;10.21;753.66;0.00;0.00;0.00
11.12.2020;20:58:48;3.33;40.18;10.20;753.67;0.00;0.00;0.00
11.12.2020;20:59:48;3.33;40.07;10.20;753.68;0.00;0.00;0.00
11.12.2020;21:00:48;3.36;40.17;10.19;753.67;0.00;0.00;0.00
11.12.2020;21:01:48;3.33;40.04;10.19;753.67;0.00;0.00;0.00
11.12.2020;21:02:48;3.33;40.12;10.19;753.67;0.00;0.00;0.00
11.12.2020;21:03:48;3.35;40.02;10.20;753.68;0.00;0.00;0.00
11.12.2020;21:04:48;3.33;40.08;10.19;753.69;0.00;0.00;0.00
11.12.2020;21:05:48;3.33;40.03;10.20;753.69;0.00;0.00;0.00
11.12.2020;21:06:48;3.33;40.23;10.20;753.69;0.00;0.00;0.00
11.12.2020;21:07:48;3.33;39.95;10.20;753.67;0.00;0.00;0.00
11.12.2020;21:08:48;3.33;40.06;10.19;753.67;0.00;0.00;0.00
11.12.2020;21:09:48;3.33;40.22;10.19;753.68;0.00;0.00;0.00
11.12.2020;21:10:48;3.33;40.06;10.20;753.68;0.00;0.00;0.00
11.12.2020;21:11:48;3.35;40.11;10.21;753.68;0.00;0.00;0.00
11.12.2020;21:12:48;3.33;40.07;10.21;753.66;0.00;0.00;0.00
11.12.2020;21:13:48;3.33;39.98;10.19;753.67;0.00;0.00;0.00
11.12.2020;21:14:48;3.36;39.85;10.19;753.67;0.00;0.00;0.00
11.12.2020;21:15:48;3.33;40.12;10.19;753.65;0.00;0.00;0.00
11.12.2020;21:16:48;3.33;40.27;10.19;753.65;0.00;0.00;0.00
11.12.2020;21:17:48;3.35;40.03;10.19;753.65;0.00;0.00;0.00
11.12.2020;21:18:48;3.33;40.31;10.19;753.66;0.00;0.00;0.00
11.12.2020;21:19:48;3.33;40.10;10.20;753.66;0.00;0.00;0.00
11.12.2020;21:20:48;3.33;40.15;10.20;753.65;0.00;0.00;0.00
11.12.2020;21:21:48;3.33;40.12;10.20;753.66;0.00;0.00;0.00
11.12.2020;21:22:48;3.33;40.07;10.20;753.66;0.00;0.00;0.00
11.12.2020;21:23:48;3.33;40.19;10.21;753.65;0.00;0.00;0.00
11.12.2020;21:24:48;3.33;40.21;10.22;753.65;0.00;0.00;0.00
11.12.2020;21:25:48;3.35;40.07;10.23;753.65;0.00;0.00;0.00
11.12.2020;21:26:48;3.33;40.14;10.23;753.64;0.00;0.00;0.00
11.12.2020;21:27:49;3.33;39.95;10.23;753.64;0.00;0.00;0.00
11.12.2020;21:28:49;3.36;40.01;10.23;753.66;0.00;0.00;0.00
11.12.2020;21:29:49;3.33;39.97;10.22;753.66;0.00;0.00;0.00
11.12.2020;21:30:49;3.33;40.13;10.23;753.67;0.00;0.00;0.00
11.12.2020;21:31:49;3.35;40.04;10.24;753.67;0.00;0.00;0.00
11.12.2020;21:32:49;3.33;40.11;10.25;753.66;0.00;0.00;0.00
11.12.2020;21:33:49;3.33;40.01;10.26;753.66;0.00;0.00;0.00
11.12.2020;21:34:49;3.33;39.95;10.26;753.65;0.00;0.00;0.00
11.12.2020;21:35:49;3.33;40.03;10.26;753.64;0.00;0.00;0.00
11.12.2020;21:36:49;3.33;39.92;10.26;753.64;0.00;0.00;0.00
11.12.2020;21:37:49;3.33;40.02;10.26;753.63;0.00;0.00;0.00
11.12.2020;21:38:49;3.33;39.90;10.27;753.61;0.00;0.00;0.00
11.12.2020;21:39:49;3.35;40.00;10.27;753.61;0.00;0.00;0.00
11.12.2020;21:40:49;3.33;39.98;10.28;753.60;0.00;0.00;0.00
11.12.2020;21:41:49;3.33;40.12;10.29;753.59;0.00;0.00;0.00
11.12.2020;21:42:49;3.36;40.01;10.29;753.58;0.00;0.00;0.00
11.12.2020;21:43:49;3.33;39.89;10.29;753.59;0.00;0.00;0.00
11.12.2020;21:44:49;3.33;39.81;10.29;753.59;0.00;0.00;0.00
11.12.2020;21:45:49;3.35;39.69;10.28;753.60;0.00;0.00;0.00
11.12.2020;21:46:49;3.33;39.78;10.27;753.61;0.00;0.00;0.00
11.12.2020;21:47:49;3.33;39.89;10.27;753.60;0.00;0.00;0.00
11.12.2020;21:48:49;3.33;39.83;10.27;753.61;0.00;0.00;0.00
11.12.2020;21:49:49;3.33;39.89;10.27;753.63;0.00;0.00;0.00
11.12.2020;21:50:49;3.33;39.85;10.26;753.62;0.00;0.00;0.00
11.12.2020;21:51:49;3.33;39.83;10.26;753.62;0.00;0.00;0.00
11.12.2020;21:52:49;3.33;40.01;10.27;753.61;0.00;0.00;0.00
11.12.2020;21:53:49;3.35;39.80;10.28;753.61;0.00;0.00;0.00
11.12.2020;21:54:49;3.33;39.66;10.27;753.60;0.00;0.00;0.00
11.12.2020;21:55:49;3.33;39.79;10.27;753.60;0.00;0.00;0.00
11.12.2020;21:56:49;3.36;39.53;10.26;753.61;0.00;0.00;0.00
11.12.2020;21:57:49;3.33;39.79;10.25;753.62;0.00;0.00;0.00
11.12.2020;21:58:49;3.33;39.89;10.26;753.61;0.00;0.00;0.00
11.12.2020;21:59:49;3.35;39.92;10.26;753.63;0.00;0.00;0.00
11.12.2020;22:00:50;3.33;39.74;10.27;753.63;0.00;0.00;0.00
11.12.2020;22:01:50;3.33;39.90;10.26;753.64;0.00;0.00;0.00
11.12.2020;22:02:50;3.33;39.90;10.27;753.65;0.00;0.00;0.00
11.12.2020;22:03:50;3.33;39.90;10.28;753.65;0.00;0.00;0.00
11.12.2020;22:04:50;3.33;39.70;10.27;753.64;0.00;0.00;0.00
11.12.2020;22:05:50;3.33;39.95;10.28;753.63;0.00;0.00;0.00
11.12.2020;22:06:50;3.33;39.81;10.28;753.62;0.00;0.00;0.00
11.12.2020;22:07:50;3.35;39.95;10.29;753.62;0.00;0.00;0.00
11.12.2020;22:08:50;3.33;39.94;10.30;753.62;0.00;0.00;0.00
11.12.2020;22:09:50;3.33;39.81;10.31;753.62;0.00;0.00;0.00
11.12.2020;22:10:50;3.36;39.66;10.31;753.63;0.00;0.00;0.00
11.12.2020;22:11:50;3.33;39.90;10.31;753.63;0.00;0.00;0.00
11.12.2020;22:12:50;3.33;39.86;10.32;753.63;0.00;0.00;0.00
11.12.2020;22:13:50;3.35;39.66;10.32;753.62;0.00;0.00;0.00
11.12.2020;22:14:50;3.33;39.79;10.33;753.60;0.00;0.00;0.00
11.12.2020;22:15:50;3.33;39.73;10.33;753.58;0.00;0.00;0.00
11.12.2020;22:16:50;3.33;39.59;10.33;753.59;0.00;0.00;0.00
11.12.2020;22:17:50;3.33;39.86;10.34;753.58;0.00;0.00;0.00
11.12.2020;22:18:50;3.33;39.81;10.35;753.59;0.00;0.00;0.00
11.12.2020;22:19:50;3.33;39.60;10.36;753.60;0.00;0.00;0.00
11.12.2020;22:20:50;3.33;39.78;10.37;753.60;0.00;0.00;0.00
11.12.2020;22:21:50;3.35;39.90;10.38;753.60;0.00;0.00;0.00
11.12.2020;22:22:50;3.33;39.70;10.40;753.59;0.00;0.00;0.00
11.12.2020;22:23:50;3.33;39.78;10.42;753.58;0.00;0.00;0.00
11.12.2020;22:24:50;3.36;39.74;10.43;753.57;0.00;0.00;0.00
11.12.2020;22:25:50;3.33;39.56;10.44;753.58;0.00;0.00;0.00
11.12.2020;22:26:50;3.33;39.67;10.45;753.59;0.00;0.00;0.00
11.12.2020;22:27:50;3.33;39.55;10.46;753.60;0.00;0.00;0.00
11.12.2020;22:28:50;3.33;39.69;10.47;753.59;0.00;0.00;0.00
11.12.2020;22:29:50;3.33;39.58;10.49;753.58;0.00;0.00;0.00
11.12.2020;22:30:50;3.33;39.54;10.50;753.57;0.00;0.00;0.00
11.12.2020;22:31:50;3.33;39.62;10.51;753.55;0.00;0.00;0.00
11.12.2020;22:32:50;3.33;39.54;10.53;753.57;0.00;0.00;0.00
11.12.2020;22:33:51;3.33;39.48;10.54;753.58;0.00;0.00;0.00
11.12.2020;22:34:51;3.33;39.46;10.55;753.56;0.00;0.00;0.00
11.12.2020;22:35:51;3.35;39.51;10.55;753.56;0.00;0.00;0.00
11.12.2020;22:36:51;3.33;39.22;10.55;753.57;0.00;0.00;0.00
11.12.2020;22:37:51;3.33;39.47;10.56;753.58;0.00;0.00;0.00
11.12.2020;22:38:51;3.36;39.45;10.57;753.58;0.00;0.00;0.00
11.12.2020;22:39:51;3.33;39.33;10.58;753.58;0.00;0.00;0.00
11.12.2020;22:40:51;3.33;39.47;10.59;753.58;0.00;0.00;0.00
11.12.2020;22:41:51;3.35;39.28;10.61;753.57;0.00;0.00;0.00
11.12.2020;22:42:51;3.33;39.24;10.62;753.58;0.00;0.00;0.00
11.12.2020;22:43:51;3.33;39.29;10.62;753.59;0.00;0.00;0.00
11.12.2020;22:44:51;3.33;39.09;10.63;753.59;0.00;0.00;0.00
11.12.2020;22:45:51;3.33;39.22;10.62;753.61;0.00;0.00;0.00
11.12.2020;22:46:51;3.33;39.26;10.63;753.61;0.00;0.00;0.00
11.12.2020;22:47:51;3.33;39.29;10.64;753.61;0.00;0.00;0.00
11.12.2020;22:48:51;3.33;39.28;10.65;753.60;0.00;0.00;0.00
11.12.2020;22:49:51;3.35;39.15;10.66;753.60;0.00;0.00;0.00
11.12.2020;22:50:51;3.33;39.23;10.66;753.60;0.00;0.00;0.00
11.12.2020;22:51:51;3.33;39.14;10.67;753.61;0.00;0.00;0.00
11.12.2020;22:52:51;3.36;39.16;10.69;753.62;0.00;0.00;0.00
11.12.2020;22:53:51;3.33;39.24;10.69;753.62;0.00;0.00;0.00
11.12.2020;22:54:51;3.33;39.10;10.70;753.62;0.00;0.00;0.00
11.12.2020;22:55:51;3.35;39.17;10.71;753.62;0.00;0.00;0.00
11.12.2020;22:56:51;3.33;39.13;10.72;753.60;0.00;0.00;0.00
11.12.2020;22:57:51;3.33;39.03;10.72;753.60;0.00;0.00;0.00
11.12.2020;22:58:51;3.33;38.76;10.71;753.56;0.00;0.00;0.00
11.12.2020;22:59:51;3.33;39.08;10.72;753.56;0.00;0.00;0.00
11.12.2020;23:00:51;3.33;39.03;10.73;753.56;0.00;0.00;0.00
11.12.2020;23:01:51;3.33;38.81;10.73;753.57;0.00;0.00;0.00
11.12.2020;23:02:51;3.33;38.92;10.73;753.57;0.00;0.00;0.00
11.12.2020;23:03:51;3.35;39.17;10.74;753.58;0.00;0.00;0.00
11.12.2020;23:04:51;3.33;38.97;10.75;753.57;0.00;0.00;0.00
11.12.2020;23:05:51;3.33;39.06;10.74;753.54;0.00;0.00;0.00
11.12.2020;23:06:52;3.36;39.05;10.75;753.53;0.00;0.00;0.00
11.12.2020;23:07:52;3.33;39.01;10.76;753.52;0.00;0.00;0.00
11.12.2020;23:08:52;3.33;39.01;10.76;753.52;0.00;0.00;0.00
11.12.2020;23:09:52;3.35;39.09;10.76;753.52;0.00;0.00;0.00
11.12.2020;23:10:52;3.33;38.94;10.76;753.52;0.00;0.00;0.00
11.12.2020;23:11:52;3.33;38.93;10.76;753.51;0.00;0.00;0.00
11.12.2020;23:12:52;3.33;38.80;10.74;753.48;0.00;0.00;0.00
11.12.2020;23:13:52;3.33;38.92;10.73;753.48;0.00;0.00;0.00
11.12.2020;23:14:52;3.33;39.11;10.74;753.48;0.00;0.00;0.00
11.12.2020;23:15:52;3.33;38.87;10.75;753.47;0.00;0.00;0.00
11.12.2020;23:16:52;3.33;38.74;10.75;753.47;0.00;0.00;0.00
11.12.2020;23:17:52;3.35;39.02;10.74;753.46;0.00;0.00;0.00
11.12.2020;23:18:52;3.33;38.94;10.75;753.47;0.00;0.00;0.00
11.12.2020;23:19:52;3.33;38.90;10.75;753.44;0.00;0.00;0.00
11.12.2020;23:20:52;3.36;39.12;10.75;753.45;0.00;0.00;0.00
11.12.2020;23:21:52;3.33;39.02;10.76;753.44;0.00;0.00;0.00
11.12.2020;23:22:52;3.33;38.90;10.76;753.44;0.00;0.00;0.00
11.12.2020;23:23:52;3.35;39.04;10.77;753.44;0.00;0.00;0.00
11.12.2020;23:24:52;3.33;38.97;10.78;753.43;0.00;0.00;0.00
11.12.2020;23:25:52;3.33;39.06;10.77;753.43;0.00;0.00;0.00
11.12.2020;23:26:52;3.33;38.92;10.76;753.43;0.00;0.00;0.00
11.12.2020;23:27:52;3.33;39.05;10.76;753.43;0.00;0.00;0.00
11.12.2020;23:28:52;3.33;39.10;10.78;753.43;0.00;0.00;0.00
11.12.2020;23:29:52;3.33;39.03;10.78;753.43;0.00;0.00;0.00
11.12.2020;23:30:52;3.33;38.92;10.78;753.43;0.00;0.00;0.00
11.12.2020;23:31:52;3.35;38.91;10.77;753.42;0.00;0.00;0.00
11.12.2020;23:32:52;3.33;38.93;10.77;753.38;0.00;0.00;0.00
11.12.2020;23:33:52;3.33;38.92;10.78;753.36;0.00;0.00;0.00
11.12.2020;23:34:52;3.36;38.76;10.77;753.37;0.00;0.00;0.00
11.12.2020;23:35:52;3.33;38.89;10.77;753.39;0.00;0.00;0.00
11.12.2020;23:36:52;3.33;38.97;10.77;753.41;0.00;0.00;0.00
11.12.2020;23:37:52;3.35;38.93;10.77;753.39;0.00;0.00;0.00
11.12.2020;23:38:52;3.33;39.03;10.76;753.37;0.00;0.00;0.00
11.12.2020;23:39:53;3.33;38.89;10.76;753.38;0.00;0.00;0.00
11.12.2020;23:40:53;3.33;38.85;10.76;753.38;0.00;0.00;0.00
11.12.2020;23:41:53;3.33;39.04;10.74;753.40;0.00;0.00;0.00
11.12.2020;23:42:53;3.33;39.10;10.75;753.40;0.00;0.00;0.00
11.12.2020;23:43:53;3.33;38.90;10.75;753.40;0.00;0.00;0.00
11.12.2020;23:44:53;3.33;39.06;10.73;753.39;0.00;0.00;0.00
11.12.2020;23:45:53;3.35;39.08;10.74;753.39;0.00;0.00;0.00
11.12.2020;23:46:53;3.33;39.09;10.74;753.37;0.00;0.00;0.00
11.12.2020;23:47:53;3.33;39.15;10.75;753.36;0.00;0.00;0.00
11.12.2020;23:48:53;3.36;39.07;10.75;753.35;0.00;0.00;0.00
11.12.2020;23:49:53;3.33;39.05;10.75;753.33;0.00;0.00;0.00
11.12.2020;23:50:53;3.33;39.09;10.74;753.31;0.00;0.00;0.00
11.12.2020;23:51:53;3.35;38.96;10.73;753.30;0.00;0.00;0.00
11.12.2020;23:52:53;3.33;39.18;10.73;753.30;0.00;0.00;0.00
11.12.2020;23:53:53;3.33;39.23;10.73;753.30;0.00;0.00;0.00
11.12.2020;23:54:53;3.33;38.93;10.74;753.29;0.00;0.00;0.00
11.12.2020;23:55:53;3.33;39.22;10.73;753.29;0.00;0.00;0.00
11.12.2020;23:56:53;3.33;39.15;10.74;753.28;0.00;0.00;0.00
11.12.2020;23:57:53;3.33;39.08;10.74;753.28;0.00;0.00;0.00
11.12.2020;23:58:53;3.33;39.28;10.74;753.28;0.00;0.00;0.00
11.12.2020;23:59:53;3.35;39.16;10.75;753.29;0.00;0.00;0.00
