12.12.2020;0:00:53;3.33;39.16;10.76;753.28;0.00;0.00;0.00
12.12.2020;0:01:53;3.33;39.22;10.75;753.28;0.00;0.00;0.00
12.12.2020;0:02:53;3.36;39.02;10.76;753.28;0.00;0.00;0.00
12.12.2020;0:03:53;3.33;39.10;10.75;753.27;0.00;0.00;0.00
12.12.2020;0:04:53;3.33;39.27;10.77;753.28;0.00;0.00;0.00
12.12.2020;0:05:53;3.35;39.30;10.78;753.28;0.00;0.00;0.00
12.12.2020;0:06:53;3.33;39.01;10.78;753.28;0.00;0.00;0.00
12.12.2020;0:07:53;3.33;39.11;10.77;753.27;0.00;0.00;0.00
12.12.2020;0:08:53;3.33;39.20;10.79;753.26;0.00;0.00;0.00
12.12.2020;0:09:53;3.33;39.15;10.80;753.25;0.00;0.00;0.00
12.12.2020;0:10:53;3.33;38.99;10.80;753.23;0.00;0.00;0.00
12.12.2020;0:11:53;3.33;39.07;10.80;753.22;0.00;0.00;0.00
12.12.2020;0:12:54;3.33;38.80;10.79;753.22;0.00;0.00;0.00
12.12.2020;0:13:54;3.35;39.02;10.80;753.20;0.00;0.00;0.00
12.12.2020;0:14:54;3.33;39.00;10.79;753.18;0.00;0.00;0.00
12.12.2020;0:15:54;3.33;39.16;10.80;753.16;0.00;0.00;0.00
12.12.2020;0:16:54;3.36;39.16;10.82;753.16;0.00;0.00;0.00
12.12.2020;0:17:54;3.33;39.03;10.83;753.13;0.00;0.00;0.00
12.12.2020;0:18:54;3.33;39.18;10.83;753.11;0.00;0.00;0.00
12.12.2020;0:19:54;3.35;39.07;10.85;753.10;0.00;0.00;0.00
12.12.2020;0:20:54;3.33;38.98;10.85;753.09;0.00;0.00;0.00
12.12.2020;0:21:54;3.33;39.06;10.85;753.08;0.00;0.00;0.00
12.12.2020;0:22:54;3.33;39.09;10.86;753.07;0.00;0.00;0.00
12.12.2020;0:23:54;3.33;39.03;10.88;753.06;0.00;0.00;0.00
12.12.2020;0:24:54;3.33;39.10;10.89;753.05;0.00;0.00;0.00
12.12.2020;0:25:54;3.33;39.00;10.90;753.05;0.00;0.00;0.00
12.12.2020;0:26:54;3.33;38.93;10.90;753.03;0.00;0.00;0.00
12.12.2020;0:27:54;3.35;38.89;10.89;753.03;0.00;0.00;0.00
12.12.2020;0:28:54;3.33;38.79;10.90;753.03;0.00;0.00;0.00
12.12.2020;0:29:54;3.33;38.81;10.89;753.01;0.00;0.00;0.00
12.12.2020;0:30:54;3.36;39.05;10.90;753.02;0.00;0.00;0.00
12.12.2020;0:31:54;3.33;39.01;10.91;753.04;0.00;0.00;0.00
12.12.2020;0:32:54;3.33;38.73;10.91;753.05;0.00;0.00;0.00
12.12.2020;0:33:54;3.35;38.99;10.91;753.04;0.00;0.00;0.00
12.12.2020;0:34:54;3.33;39.06;10.91;753.03;0.00;0.00;0.00
12.12.2020;0:35:54;3.33;39.08;10.92;753.02;0.00;0.00;0.00
12.12.2020;0:36:54;3.33;39.10;10.94;753.02;0.00;0.00;0.00
12.12.2020;0:37:54;3.33;38.92;10.95;753.02;0.00;0.00;0.00
12.12.2020;0:38:54;3.33;38.90;10.95;753.02;0.00;0.00;0.00
12.12.2020;0:39:54;3.33;39.02;10.96;753.02;0.00;0.00;0.00
12.12.2020;0:40:54;3.33;38.86;10.96;753.02;0.00;0.00;0.00
12.12.2020;0:41:54;3.35;38.84;10.96;753.02;0.00;0.00;0.00
12.12.2020;0:42:54;3.33;38.90;10.96;753.01;0.00;0.00;0.00
12.12.2020;0:43:54;3.33;38.81;10.96;753.01;0.00;0.00;0.00
12.12.2020;0:44:55;3.36;38.89;10.96;753.01;0.00;0.00;0.00
12.12.2020;0:45:55;3.33;38.77;10.96;753.00;0.00;0.00;0.00
12.12.2020;0:46:55;3.33;38.88;10.96;753.02;0.00;0.00;0.00
12.12.2020;0:47:55;3.35;38.83;10.97;753.02;0.00;0.00;0.00
12.12.2020;0:48:55;3.33;38.77;10.97;753.03;0.00;0.00;0.00
12.12.2020;0:49:55;3.33;38.76;10.96;753.03;0.00;0.00;0.00
12.12.2020;0:50:55;3.33;38.93;10.96;753.03;0.00;0.00;0.00
12.12.2020;0:51:55;3.33;39.04;10.97;753.03;0.00;0.00;0.00
12.12.2020;0:52:55;3.33;38.94;10.98;753.03;0.00;0.00;0.00
12.12.2020;0:53:55;3.33;38.84;10.98;753.03;0.00;0.00;0.00
12.12.2020;0:54:55;3.33;38.84;10.98;753.04;0.00;0.00;0.00
12.12.2020;0:55:55;3.35;38.94;10.98;753.03;0.00;0.00;0.00
12.12.2020;0:56:55;3.33;38.83;10.98;753.03;0.00;0.00;0.00
12.12.2020;0:57:55;3.33;38.90;10.98;753.03;0.00;0.00;0.00
12.12.2020;0:58:55;3.36;38.95;10.98;753.02;0.00;0.00;0.00
12.12.2020;0:59:55;3.33;38.97;10.99;753.01;0.00;0.00;0.00
12.12.2020;1:00:55;3.33;38.76;10.99;753.00;0.00;0.00;0.00
12.12.2020;1:01:55;3.35;38.63;10.97;752.99;0.00;0.00;0.00
12.12.2020;1:02:55;3.33;38.85;10.96;752.99;0.00;0.00;0.00
12.12.2020;1:03:55;3.33;38.86;10.97;752.99;0.00;0.00;0.00
12.12.2020;1:04:55;3.33;38.90;10.98;753.00;0.00;0.00;0.00
12.12.2020;1:05:55;3.33;38.96;10.98;753.00;0.00;0.00;0.00
12.12.2020;1:06:55;3.33;38.91;10.98;752.98;0.00;0.00;0.00
12.12.2020;1:07:55;3.33;38.97;10.97;752.98;0.00;0.00;0.00
12.12.2020;1:08:55;3.33;38.79;10.96;752.98;0.00;0.00;0.00
12.12.2020;1:09:55;3.35;39.03;10.95;752.99;0.00;0.00;0.00
12.12.2020;1:10:55;3.33;38.92;10.95;752.98;0.00;0.00;0.00
12.12.2020;1:11:55;3.33;39.05;10.96;752.98;0.00;0.00;0.00
12.12.2020;1:12:55;3.36;39.01;10.97;752.98;0.00;0.00;0.00
12.12.2020;1:13:55;3.33;38.89;10.98;752.98;0.00;0.00;0.00
12.12.2020;1:14:55;3.33;39.01;10.98;752.96;0.00;0.00;0.00
12.12.2020;1:15:55;3.35;38.90;10.98;752.94;0.00;0.00;0.00
12.12.2020;1:16:55;3.33;38.74;10.97;752.93;0.00;0.00;0.00
12.12.2020;1:17:56;3.33;38.98;10.96;752.94;0.00;0.00;0.00
12.12.2020;1:18:56;3.33;38.95;10.97;752.94;0.00;0.00;0.00
12.12.2020;1:19:56;3.33;38.81;10.97;752.94;0.00;0.00;0.00
12.12.2020;1:20:56;3.33;38.80;10.96;752.94;0.00;0.00;0.00
12.12.2020;1:21:56;3.33;38.76;10.95;752.96;0.00;0.00;0.00
12.12.2020;1:22:56;3.33;38.52;10.94;752.96;0.00;0.00;0.00
12.12.2020;1:23:56;3.35;38.81;10.92;752.96;0.00;0.00;0.00
12.12.2020;1:24:56;3.33;39.00;10.91;752.97;0.00;0.00;0.00
12.12.2020;1:25:56;3.33;39.02;10.91;752.97;0.00;0.00;0.00
12.12.2020;1:26:56;3.36;38.89;10.91;752.96;0.00;0.00;0.00
12.12.2020;1:27:56;3.33;38.97;10.90;752.96;0.00;0.00;0.00
12.12.2020;1:28:56;3.33;38.82;10.88;752.97;0.00;0.00;0.00
12.12.2020;1:29:56;3.35;39.03;10.88;752.95;0.00;0.00;0.00
12.12.2020;1:30:56;3.33;38.93;10.87;752.94;0.00;0.00;0.00
12.12.2020;1:31:56;3.33;38.94;10.87;752.95;0.00;0.00;0.00
12.12.2020;1:32:56;3.33;38.97;10.87;752.94;0.00;0.00;0.00
12.12.2020;1:33:56;3.33;38.96;10.88;752.94;0.00;0.00;0.00
12.12.2020;1:34:56;3.33;38.78;10.87;752.93;0.00;0.00;0.00
12.12.2020;1:35:56;3.33;39.09;10.86;752.93;0.00;0.00;0.00
12.12.2020;1:36:56;3.33;38.91;10.86;752.95;0.00;0.00;0.00
12.12.2020;1:37:56;3.35;38.76;10.84;752.93;0.00;0.00;0.00
12.12.2020;1:38:56;3.33;39.14;10.84;752.92;0.00;0.00;0.00
12.12.2020;1:39:56;3.33;38.97;10.85;752.92;0.00;0.00;0.00
12.12.2020;1:40:56;3.36;39.02;10.85;752.90;0.00;0.00;0.00
12.12.2020;1:41:56;3.33;39.12;10.85;752.89;0.00;0.00;0.00
12.12.2020;1:42:56;3.33;39.06;10.86;752.88;0.00;0.00;0.00
12.12.2020;1:43:56;3.35;39.11;10.86;752.88;0.00;0.00;0.00
12.12.2020;1:44:56;3.33;39.14;10.87;752.87;0.00;0.00;0.00
12.12.2020;1:45:56;3.33;39.11;10.86;752.85;0.00;0.00;0.00
12.12.2020;1:46:56;3.33;39.12;10.86;752.84;0.00;0.00;0.00
12.12.2020;1:47:56;3.33;39.05;10.86;752.84;0.00;0.00;0.00
12.12.2020;1:48:56;3.33;39.03;10.87;752.83;0.00;0.00;0.00
12.12.2020;1:49:57;3.33;38.88;10.86;752.83;0.00;0.00;0.00
12.12.2020;1:50:57;3.33;39.10;10.86;752.83;0.00;0.00;0.00
12.12.2020;1:51:57;3.35;39.07;10.86;752.82;0.00;0.00;0.00
12.12.2020;1:52:57;3.33;39.11;10.87;752.83;0.00;0.00;0.00
12.12.2020;1:53:57;3.33;39.17;10.87;752.81;0.00;0.00;0.00
12.12.2020;1:54:57;3.36;39.07;10.87;752.80;0.00;0.00;0.00
12.12.2020;1:55:57;3.33;39.03;10.87;752.79;0.00;0.00;0.00
12.12.2020;1:56:57;3.33;39.18;10.87;752.78;0.00;0.00;0.00
12.12.2020;1:57:57;3.35;39.20;10.89;752.79;0.00;0.00;0.00
12.12.2020;1:58:57;3.33;39.10;10.89;752.77;0.00;0.00;0.00
12.12.2020;1:59:57;3.33;39.13;10.90;752.78;0.00;0.00;0.00
12.12.2020;2:00:57;3.33;39.06;10.90;752.78;0.00;0.00;0.00
12.12.2020;2:01:57;3.33;39.17;10.91;752.79;0.00;0.00;0.00
12.12.2020;2:02:57;3.33;38.98;10.91;752.79;0.00;0.00;0.00
12.12.2020;2:03:57;3.33;38.97;10.90;752.78;0.00;0.00;0.00
12.12.2020;2:04:57;3.33;39.04;10.89;752.77;0.00;0.00;0.00
12.12.2020;2:05:57;3.35;39.00;10.88;752.76;0.00;0.00;0.00
12.12.2020;2:06:57;3.33;38.93;10.87;752.78;0.00;0.00;0.00
12.12.2020;2:07:57;3.33;39.15;10.88;752.78;0.00;0.00;0.00
12.12.2020;2:08:57;3.36;39.13;10.89;752.77;0.00;0.00;0.00
12.12.2020;2:09:57;3.33;38.81;10.89;752.78;0.00;0.00;0.00
12.12.2020;2:10:57;3.33;39.15;10.88;752.79;0.00;0.00;0.00
12.12.2020;2:11:57;3.33;39.06;10.88;752.79;0.00;0.00;0.00
12.12.2020;2:12:57;3.33;39.04;10.88;752.79;0.00;0.00;0.00
12.12.2020;2:13:57;3.33;39.13;10.88;752.79;0.00;0.00;0.00
12.12.2020;2:14:57;3.33;39.08;10.87;752.80;0.00;0.00;0.00
12.12.2020;2:15:57;3.33;39.07;10.87;752.80;0.00;0.00;0.00
12.12.2020;2:16:57;3.33;39.03;10.87;752.79;0.00;0.00;0.00
12.12.2020;2:17:57;3.33;38.98;10.87;752.78;0.00;0.00;0.00
12.12.2020;2:18:57;3.33;39.10;10.86;752.78;0.00;0.00;0.00
12.12.2020;2:19:57;3.35;39.11;10.87;752.78;0.00;0.00;0.00
12.12.2020;2:20:57;3.33;38.94;10.86;752.78;0.00;0.00;0.00
12.12.2020;2:21:57;3.33;39.04;10.86;752.79;0.00;0.00;0.00
12.12.2020;2:22:58;3.36;39.14;10.86;752.78;0.00;0.00;0.00
12.12.2020;2:23:58;3.33;39.06;10.86;752.79;0.00;0.00;0.00
12.12.2020;2:24:58;3.33;39.04;10.86;752.77;0.00;0.00;0.00
12.12.2020;2:25:58;3.35;39.12;10.86;752.76;0.00;0.00;0.00
12.12.2020;2:26:58;3.33;39.11;10.85;752.76;0.00;0.00;0.00
12.12.2020;2:27:58;3.33;39.09;10.86;752.74;0.00;0.00;0.00
12.12.2020;2:28:58;3.33;38.87;10.86;752.73;0.00;0.00;0.00
12.12.2020;2:29:58;3.33;39.02;10.84;752.73;0.00;0.00;0.00
12.12.2020;2:30:58;3.33;39.09;10.84;752.72;0.00;0.00;0.00
12.12.2020;2:31:58;3.33;39.18;10.85;752.72;0.00;0.00;0.00
12.12.2020;2:32:58;3.33;39.01;10.84;752.72;0.00;0.00;0.00
12.12.2020;2:33:58;3.35;39.05;10.83;752.71;0.00;0.00;0.00
12.12.2020;2:34:58;3.33;39.06;10.83;752.70;0.00;0.00;0.00
12.12.2020;2:35:58;3.33;39.19;10.83;752.68;0.00;0.00;0.00
12.12.2020;2:36:58;3.36;38.93;10.82;752.68;0.00;0.00;0.00
12.12.2020;2:37:58;3.33;39.06;10.82;752.66;0.00;0.00;0.00
12.12.2020;2:38:58;3.33;39.07;10.82;752.64;0.00;0.00;0.00
12.12.2020;2:39:58;3.35;39.08;10.81;752.64;0.00;0.00;0.00
12.12.2020;2:40:58;3.33;38.94;10.81;752.64;0.00;0.00;0.00
12.12.2020;2:41:58;3.33;38.92;10.79;752.62;0.00;0.00;0.00
12.12.2020;2:42:58;3.33;39.14;10.79;752.61;0.00;0.00;0.00
12.12.2020;2:43:58;3.33;39.10;10.78;752.58;0.00;0.00;0.00
12.12.2020;2:44:58;3.33;39.17;10.78;752.57;0.00;0.00;0.00
12.12.2020;2:45:58;3.33;39.12;10.78;752.57;0.00;0.00;0.00
12.12.2020;2:46:58;3.33;39.06;10.78;752.57;0.00;0.00;0.00
12.12.2020;2:47:58;3.35;39.11;10.78;752.56;0.00;0.00;0.00
12.12.2020;2:48:58;3.33;39.16;10.78;752.57;0.00;0.00;0.00
12.12.2020;2:49:58;3.33;39.21;10.78;752.56;0.00;0.00;0.00
12.12.2020;2:50:58;3.36;39.18;10.77;752.55;0.00;0.00;0.00
12.12.2020;2:51:58;3.33;39.00;10.77;752.55;0.00;0.00;0.00
12.12.2020;2:52:58;3.33;39.11;10.76;752.53;0.00;0.00;0.00
12.12.2020;2:53:58;3.35;39.19;10.75;752.54;0.00;0.00;0.00
12.12.2020;2:54:59;3.33;39.24;10.74;752.54;0.00;0.00;0.00
12.12.2020;2:55:59;3.33;39.14;10.74;752.56;0.00;0.00;0.00
12.12.2020;2:56:59;3.33;39.25;10.73;752.56;0.00;0.00;0.00
12.12.2020;2:57:59;3.33;39.29;10.74;752.55;0.00;0.00;0.00
12.12.2020;2:58:59;3.33;39.13;10.74;752.54;0.00;0.00;0.00
12.12.2020;2:59:59;3.33;39.14;10.73;752.55;0.00;0.00;0.00
12.12.2020;3:00:59;3.33;39.20;10.72;752.55;0.00;0.00;0.00
12.12.2020;3:01:59;3.35;39.18;10.72;752.54;0.00;0.00;0.00
12.12.2020;3:02:59;3.33;39.24;10.72;752.55;0.00;0.00;0.00
12.12.2020;3:03:59;3.33;39.21;10.71;752.56;0.00;0.00;0.00
12.12.2020;3:04:59;3.36;39.20;10.71;752.55;0.00;0.00;0.00
12.12.2020;3:05:59;3.33;39.17;10.71;752.56;0.00;0.00;0.00
12.12.2020;3:06:59;3.33;39.24;10.70;752.57;0.00;0.00;0.00
12.12.2020;3:07:59;3.35;39.20;10.71;752.56;0.00;0.00;0.00
12.12.2020;3:08:59;3.33;39.14;10.70;752.56;0.00;0.00;0.00
12.12.2020;3:09:59;3.33;39.41;10.69;752.57;0.00;0.00;0.00
12.12.2020;3:10:59;3.33;39.16;10.69;752.57;0.00;0.00;0.00
12.12.2020;3:11:59;3.33;39.30;10.70;752.55;0.00;0.00;0.00
12.12.2020;3:12:59;3.33;39.35;10.70;752.55;0.00;0.00;0.00
12.12.2020;3:13:59;3.33;39.29;10.70;752.55;0.00;0.00;0.00
12.12.2020;3:14:59;3.33;39.22;10.70;752.54;0.00;0.00;0.00
12.12.2020;3:15:59;3.35;39.26;10.69;752.54;0.00;0.00;0.00
12.12.2020;3:16:59;3.33;39.38;10.70;752.54;0.00;0.00;0.00
12.12.2020;3:17:59;3.33;39.44;10.71;752.53;0.00;0.00;0.00
12.12.2020;3:18:59;3.36;39.19;10.71;752.54;0.00;0.00;0.00
12.12.2020;3:19:59;3.33;39.35;10.71;752.52;0.00;0.00;0.00
12.12.2020;3:20:59;3.33;39.43;10.72;752.52;0.00;0.00;0.00
12.12.2020;3:21:59;3.35;39.35;10.74;752.52;0.00;0.00;0.00
12.12.2020;3:22:59;3.33;39.25;10.74;752.53;0.00;0.00;0.00
12.12.2020;3:23:59;3.33;39.23;10.75;752.51;0.00;0.00;0.00
12.12.2020;3:24:59;3.33;39.25;10.75;752.52;0.00;0.00;0.00
12.12.2020;3:25:59;3.33;39.24;10.75;752.52;0.00;0.00;0.00
12.12.2020;3:26:59;3.33;39.24;10.75;752.51;0.00;0.00;0.00
12.12.2020;3:28:00;3.33;39.24;10.76;752.51;0.00;0.00;0.00
12.12.2020;3:29:00;3.33;39.24;10.77;752.51;0.00;0.00;0.00
12.12.2020;3:30:00;3.35;39.11;10.77;752.51;0.00;0.00;0.00
12.12.2020;3:31:00;3.33;39.00;10.77;752.49;0.00;0.00;0.00
12.12.2020;3:32:00;3.33;39.17;10.77;752.50;0.00;0.00;0.00
12.12.2020;3:33:00;3.36;39.14;10.77;752.49;0.00;0.00;0.00
12.12.2020;3:34:00;3.33;39.21;10.77;752.49;0.00;0.00;0.00
12.12.2020;3:35:00;3.33;39.14;10.77;752.50;0.00;0.00;0.00
12.12.2020;3:36:00;3.35;39.17;10.77;752.51;0.00;0.00;0.00
12.12.2020;3:37:00;3.33;39.09;10.77;752.51;0.00;0.00;0.00
12.12.2020;3:38:00;3.33;39.10;10.76;752.51;0.00;0.00;0.00
12.12.2020;3:39:00;3.33;39.21;10.76;752.52;0.00;0.00;0.00
12.12.2020;3:40:00;3.33;39.09;10.77;752.52;0.00;0.00;0.00
12.12.2020;3:41:00;3.33;39.18;10.76;752.52;0.00;0.00;0.00
12.12.2020;3:42:00;3.33;39.16;10.75;752.51;0.00;0.00;0.00
12.12.2020;3:43:00;3.33;39.11;10.75;752.50;0.00;0.00;0.00
12.12.2020;3:44:00;3.35;39.13;10.76;752.52;0.00;0.00;0.00
12.12.2020;3:45:00;3.33;39.14;10.75;752.53;0.00;0.00;0.00
12.12.2020;3:46:00;3.33;39.18;10.75;752.54;0.00;0.00;0.00
12.12.2020;3:47:00;3.36;39.19;10.75;752.55;0.00;0.00;0.00
12.12.2020;3:48:00;3.33;39.23;10.75;752.54;0.00;0.00;0.00
12.12.2020;3:49:00;3.33;39.22;10.75;752.54;0.00;0.00;0.00
12.12.2020;3:50:00;3.35;39.16;10.75;752.54;0.00;0.00;0.00
12.12.2020;3:51:00;3.33;39.20;10.75;752.53;0.00;0.00;0.00
12.12.2020;3:52:00;3.33;39.28;10.75;752.51;0.00;0.00;0.00
12.12.2020;3:53:00;3.33;39.17;10.75;752.52;0.00;0.00;0.00
12.12.2020;3:54:00;3.33;39.19;10.74;752.49;0.00;0.00;0.00
12.12.2020;3:55:00;3.33;39.10;10.74;752.50;0.00;0.00;0.00
12.12.2020;3:56:00;3.33;39.05;10.74;752.48;0.00;0.00;0.00
12.12.2020;3:57:00;3.33;39.12;10.74;752.47;0.00;0.00;0.00
12.12.2020;3:58:00;3.35;39.09;10.73;752.47;0.00;0.00;0.00
12.12.2020;3:59:00;3.33;39.21;10.73;752.47;0.00;0.00;0.00
12.12.2020;4:00:00;3.33;38.94;10.72;752.48;0.00;0.00;0.00
12.12.2020;4:01:01;3.36;39.11;10.70;752.48;0.00;0.00;0.00
12.12.2020;4:02:01;3.33;39.15;10.70;752.45;0.00;0.00;0.00
12.12.2020;4:03:01;3.33;39.20;10.70;752.45;0.00;0.00;0.00
12.12.2020;4:04:01;3.35;39.25;10.70;752.45;0.00;0.00;0.00
12.12.2020;4:05:01;3.33;39.28;10.70;752.44;0.00;0.00;0.00
12.12.2020;4:06:01;3.33;39.24;10.70;752.44;0.00;0.00;0.00
12.12.2020;4:07:01;3.33;39.25;10.69;752.45;0.00;0.00;0.00
12.12.2020;4:08:01;3.33;39.31;10.70;752.45;0.00;0.00;0.00
12.12.2020;4:09:01;3.33;39.18;10.70;752.44;0.00;0.00;0.00
12.12.2020;4:10:01;3.33;39.30;10.69;752.43;0.00;0.00;0.00
12.12.2020;4:11:01;3.33;39.14;10.69;752.42;0.00;0.00;0.00
12.12.2020;4:12:01;3.35;39.22;10.67;752.44;0.00;0.00;0.00
12.12.2020;4:13:01;3.33;39.30;10.68;752.45;0.00;0.00;0.00
12.12.2020;4:14:01;3.33;39.28;10.68;752.45;0.00;0.00;0.00
12.12.2020;4:15:01;3.36;39.20;10.68;752.47;0.00;0.00;0.00
12.12.2020;4:16:01;3.33;39.26;10.68;752.47;0.00;0.00;0.00
12.12.2020;4:17:01;3.33;39.26;10.68;752.45;0.00;0.00;0.00
12.12.2020;4:18:01;3.35;39.28;10.68;752.45;0.00;0.00;0.00
12.12.2020;4:19:01;3.33;39.21;10.67;752.45;0.00;0.00;0.00
12.12.2020;4:20:01;3.33;39.30;10.67;752.45;0.00;0.00;0.00
12.12.2020;4:21:01;3.33;39.21;10.67;752.44;0.00;0.00;0.00
12.12.2020;4:22:01;3.33;39.32;10.66;752.42;0.00;0.00;0.00
12.12.2020;4:23:01;3.33;39.41;10.67;752.42;0.00;0.00;0.00
12.12.2020;4:24:01;3.33;39.32;10.68;752.42;0.00;0.00;0.00
12.12.2020;4:25:01;3.33;39.20;10.67;752.41;0.00;0.00;0.00
12.12.2020;4:26:01;3.35;39.26;10.66;752.42;0.00;0.00;0.00
12.12.2020;4:27:01;3.33;39.13;10.65;752.42;0.00;0.00;0.00
12.12.2020;4:28:01;3.33;39.23;10.65;752.42;0.00;0.00;0.00
12.12.2020;4:29:01;3.36;39.33;10.63;752.41;0.00;0.00;0.00
12.12.2020;4:30:01;3.33;39.30;10.63;752.39;0.00;0.00;0.00
12.12.2020;4:31:01;3.33;39.43;10.63;752.39;0.00;0.00;0.00
12.12.2020;4:32:01;3.35;39.35;10.62;752.38;0.00;0.00;0.00
12.12.2020;4:33:01;3.33;39.40;10.62;752.39;0.00;0.00;0.00
12.12.2020;4:34:02;3.33;39.37;10.62;752.39;0.00;0.00;0.00
12.12.2020;4:35:02;3.33;39.31;10.62;752.39;0.00;0.00;0.00
12.12.2020;4:36:02;3.33;39.28;10.61;752.36;0.00;0.00;0.00
12.12.2020;4:37:02;3.33;39.32;10.61;752.34;0.00;0.00;0.00
12.12.2020;4:38:02;3.33;39.32;10.61;752.34;0.00;0.00;0.00
12.12.2020;4:39:02;3.33;39.35;10.61;752.32;0.00;0.00;0.00
12.12.2020;4:40:02;3.35;39.29;10.61;752.33;0.00;0.00;0.00
12.12.2020;4:41:02;3.33;39.34;10.61;752.33;0.00;0.00;0.00
12.12.2020;4:42:02;3.33;39.40;10.61;752.33;0.00;0.00;0.00
12.12.2020;4:43:02;3.36;39.27;10.60;752.33;0.00;0.00;0.00
12.12.2020;4:44:02;3.33;39.26;10.59;752.32;0.00;0.00;0.00
12.12.2020;4:45:02;3.33;39.14;10.58;752.33;0.00;0.00;0.00
12.12.2020;4:46:02;3.35;39.20;10.57;752.34;0.00;0.00;0.00
12.12.2020;4:47:02;3.33;39.43;10.57;752.35;0.00;0.00;0.00
12.12.2020;4:48:02;3.33;39.40;10.57;752.36;0.00;0.00;0.00
12.12.2020;4:49:02;3.33;39.23;10.56;752.36;0.00;0.00;0.00
12.12.2020;4:50:02;3.33;39.22;10.55;752.33;0.00;0.00;0.00
12.12.2020;4:51:02;3.33;39.32;10.54;752.32;0.00;0.00;0.00
12.12.2020;4:52:02;3.33;39.30;10.53;752.33;0.00;0.00;0.00
12.12.2020;4:53:02;3.33;39.30;10.52;752.34;0.00;0.00;0.00
12.12.2020;4:54:02;3.35;39.42;10.51;752.34;0.00;0.00;0.00
12.12.2020;4:55:02;3.33;39.45;10.52;752.34;0.00;0.00;0.00
12.12.2020;4:56:02;3.33;39.41;10.51;752.34;0.00;0.00;0.00
12.12.2020;4:57:02;3.36;39.42;10.51;752.34;0.00;0.00;0.00
12.12.2020;4:58:02;3.33;39.42;10.51;752.34;0.00;0.00;0.00
12.12.2020;4:59:02;3.33;39.23;10.49;752.32;0.00;0.00;0.00
12.12.2020;5:00:02;3.35;39.42;10.48;752.31;0.00;0.00;0.00
12.12.2020;5:01:02;3.33;39.41;10.48;752.29;0.00;0.00;0.00
12.12.2020;5:02:02;3.33;39.46;10.47;752.27;0.00;0.00;0.00
12.12.2020;5:03:02;3.33;39.27;10.47;752.25;0.00;0.00;0.00
12.12.2020;5:04:02;3.33;39.33;10.46;752.27;0.00;0.00;0.00
12.12.2020;5:05:02;3.33;39.45;10.45;752.28;0.00;0.00;0.00
12.12.2020;5:06:02;3.33;39.35;10.44;752.30;0.00;0.00;0.00
12.12.2020;5:07:03;3.33;39.39;10.43;752.29;0.00;0.00;0.00
12.12.2020;5:08:03;3.35;39.42;10.42;752.32;0.00;0.00;0.00
12.12.2020;5:09:03;3.33;39.59;10.42;752.32;0.00;0.00;0.00
12.12.2020;5:10:03;3.33;39.58;10.41;752.32;0.00;0.00;0.00
12.12.2020;5:11:03;3.36;39.54;10.41;752.30;0.00;0.00;0.00
12.12.2020;5:12:03;3.33;39.52;10.40;752.30;0.00;0.00;0.00
12.12.2020;5:13:03;3.33;39.36;10.39;752.31;0.00;0.00;0.00
12.12.2020;5:14:03;3.35;39.29;10.37;752.30;0.00;0.00;0.00
12.12.2020;5:15:03;3.33;39.43;10.36;752.33;0.00;0.00;0.00
12.12.2020;5:16:03;3.33;39.53;10.35;752.34;0.00;0.00;0.00
12.12.2020;5:17:03;3.33;39.59;10.34;752.33;0.00;0.00;0.00
12.12.2020;5:18:03;3.33;39.67;10.34;752.34;0.00;0.00;0.00
12.12.2020;5:19:03;3.33;39.63;10.34;752.35;0.00;0.00;0.00
12.12.2020;5:20:03;3.33;39.58;10.34;752.35;0.00;0.00;0.00
12.12.2020;5:21:03;3.33;39.47;10.32;752.35;0.00;0.00;0.00
12.12.2020;5:22:03;3.35;39.59;10.32;752.37;0.00;0.00;0.00
12.12.2020;5:23:03;3.33;39.56;10.31;752.37;0.00;0.00;0.00
12.12.2020;5:24:03;3.33;39.47;10.29;752.35;0.00;0.00;0.00
12.12.2020;5:25:03;3.36;39.60;10.28;752.37;0.00;0.00;0.00
12.12.2020;5:26:03;3.33;39.58;10.28;752.37;0.00;0.00;0.00
12.12.2020;5:27:03;3.33;39.55;10.27;752.37;0.00;0.00;0.00
12.12.2020;5:28:03;3.35;39.60;10.26;752.36;0.00;0.00;0.00
12.12.2020;5:29:03;3.33;39.78;10.26;752.37;0.00;0.00;0.00
12.12.2020;5:30:03;3.33;39.59;10.25;752.38;0.00;0.00;0.00
12.12.2020;5:31:03;3.33;39.52;10.24;752.36;0.00;0.00;0.00
12.12.2020;5:32:03;3.33;39.67;10.22;752.36;0.00;0.00;0.00
12.12.2020;5:33:03;3.33;39.66;10.23;752.37;0.00;0.00;0.00
12.12.2020;5:34:03;3.33;39.69;10.23;752.37;0.00;0.00;0.00
12.12.2020;5:35:03;3.33;39.51;10.21;752.37;0.00;0.00;0.00
12.12.2020;5:36:03;3.35;39.77;10.21;752.38;0.00;0.00;0.00
12.12.2020;5:37:03;3.33;39.90;10.21;752.39;0.00;0.00;0.00
12.12.2020;5:38:03;3.33;39.72;10.22;752.40;0.00;0.00;0.00
12.12.2020;5:39:03;3.36;39.78;10.20;752.39;0.00;0.00;0.00
12.12.2020;5:40:04;3.33;39.78;10.21;752.38;0.00;0.00;0.00
12.12.2020;5:41:04;3.33;39.44;10.18;752.40;0.00;0.00;0.00
12.12.2020;5:42:04;3.35;39.71;10.18;752.41;0.00;0.00;0.00
12.12.2020;5:43:04;3.33;39.70;10.17;752.42;0.00;0.00;0.00
12.12.2020;5:44:04;3.33;39.77;10.17;752.44;0.00;0.00;0.00
12.12.2020;5:45:04;3.33;39.89;10.15;752.43;0.00;0.00;0.00
12.12.2020;5:46:04;3.33;39.88;10.17;752.43;0.00;0.00;0.00
12.12.2020;5:47:04;3.33;39.87;10.17;752.45;0.00;0.00;0.00
12.12.2020;5:48:04;3.33;39.99;10.19;752.45;0.00;0.00;0.00
12.12.2020;5:49:04;3.33;39.97;10.19;752.44;0.00;0.00;0.00
12.12.2020;5:50:04;3.35;39.80;10.19;752.44;0.00;0.00;0.00
12.12.2020;5:51:04;3.33;39.86;10.19;752.45;0.00;0.00;0.00
12.12.2020;5:52:04;3.33;39.64;10.18;752.45;0.00;0.00;0.00
12.12.2020;5:53:04;3.36;39.91;10.18;752.45;0.00;0.00;0.00
12.12.2020;5:54:04;3.33;39.81;10.19;752.43;0.00;0.00;0.00
12.12.2020;5:55:04;3.33;39.77;10.19;752.45;0.00;0.00;0.00
12.12.2020;5:56:04;3.35;39.76;10.19;752.45;0.00;0.00;0.00
12.12.2020;5:57:04;3.33;39.77;10.19;752.43;0.00;0.00;0.00
12.12.2020;5:58:04;3.33;39.96;10.19;752.43;0.00;0.00;0.00
12.12.2020;5:59:04;3.33;39.87;10.20;752.43;0.00;0.00;0.00
12.12.2020;6:00:04;3.33;40.00;10.22;752.43;0.00;0.00;0.00
12.12.2020;6:01:04;3.33;39.88;10.22;752.42;0.00;0.00;0.00
12.12.2020;6:02:04;3.33;39.85;10.23;752.40;0.00;0.00;0.00
12.12.2020;6:03:04;3.33;39.81;10.23;752.38;0.00;0.00;0.00
12.12.2020;6:04:04;3.35;39.78;10.24;752.38;0.00;0.00;0.00
12.12.2020;6:05:04;3.33;39.87;10.25;752.39;0.00;0.00;0.00
12.12.2020;6:06:04;3.33;39.74;10.27;752.40;0.00;0.00;0.00
12.12.2020;6:07:04;3.36;39.71;10.27;752.40;0.00;0.00;0.00
12.12.2020;6:08:04;3.33;39.56;10.27;752.40;0.00;0.00;0.00
12.12.2020;6:09:04;3.33;39.85;10.27;752.41;0.00;0.00;0.00
12.12.2020;6:10:04;3.35;39.64;10.27;752.41;0.00;0.00;0.00
12.12.2020;6:11:04;3.33;39.66;10.27;752.40;0.00;0.00;0.00
12.12.2020;6:12:04;3.33;39.50;10.26;752.42;0.00;0.00;0.00
12.12.2020;6:13:05;3.33;39.74;10.26;752.41;0.00;0.00;0.00
12.12.2020;6:14:05;3.33;39.58;10.27;752.39;0.00;0.00;0.00
12.12.2020;6:15:05;3.33;39.72;10.28;752.39;0.00;0.00;0.00
12.12.2020;6:16:05;3.33;39.72;10.28;752.39;0.00;0.00;0.00
12.12.2020;6:17:05;3.33;39.72;10.29;752.38;0.00;0.00;0.00
12.12.2020;6:18:05;3.35;39.65;10.29;752.40;0.00;0.00;0.00
12.12.2020;6:19:05;3.33;39.62;10.30;752.38;0.00;0.00;0.00
12.12.2020;6:20:05;3.33;39.83;10.30;752.37;0.00;0.00;0.00
12.12.2020;6:21:05;3.36;39.31;10.30;752.38;0.00;0.00;0.00
12.12.2020;6:22:05;3.33;39.52;10.29;752.36;0.00;0.00;0.00
12.12.2020;6:23:05;3.33;39.38;10.29;752.37;0.00;0.00;0.00
12.12.2020;6:24:05;3.35;39.39;10.28;752.35;0.00;0.00;0.00
12.12.2020;6:25:05;3.33;39.41;10.27;752.35;0.00;0.00;0.00
12.12.2020;6:26:05;3.33;39.55;10.26;752.33;0.00;0.00;0.00
12.12.2020;6:27:05;3.33;39.62;10.26;752.31;0.00;0.00;0.00
12.12.2020;6:28:05;3.33;39.91;10.27;752.31;0.00;0.00;0.00
12.12.2020;6:29:05;3.33;39.65;10.28;752.30;0.00;0.00;0.00
12.12.2020;6:30:05;3.33;39.54;10.28;752.30;0.00;0.00;0.00
12.12.2020;6:31:05;3.33;39.63;10.28;752.29;0.00;0.00;0.00
12.12.2020;6:32:05;3.35;39.57;10.28;752.30;0.00;0.00;0.00
12.12.2020;6:33:05;3.33;39.72;10.27;752.28;0.00;0.00;0.00
12.12.2020;6:34:05;3.33;39.74;10.28;752.28;0.00;0.00;0.00
12.12.2020;6:35:05;3.36;39.75;10.29;752.28;0.00;0.00;0.00
12.12.2020;6:36:05;3.33;39.69;10.30;752.29;0.00;0.00;0.00
12.12.2020;6:37:05;3.33;39.61;10.30;752.28;0.00;0.00;0.00
12.12.2020;6:38:05;3.35;39.63;10.31;752.29;0.00;0.00;0.00
12.12.2020;6:39:05;3.33;39.51;10.30;752.32;0.00;0.00;0.00
12.12.2020;6:40:05;3.33;39.60;10.30;752.30;0.00;0.00;0.00
12.12.2020;6:41:05;3.33;39.54;10.31;752.30;0.00;0.00;0.00
12.12.2020;6:42:05;3.33;39.47;10.31;752.28;0.00;0.00;0.00
12.12.2020;6:43:05;3.33;39.56;10.31;752.29;0.00;0.00;0.00
12.12.2020;6:44:05;3.33;39.52;10.31;752.26;0.00;0.00;0.00
12.12.2020;6:45:05;3.33;39.15;10.30;752.28;0.00;0.00;0.00
12.12.2020;6:46:06;3.35;39.31;10.29;752.29;0.00;0.00;0.00
12.12.2020;6:47:06;3.33;39.18;10.27;752.29;0.00;0.00;0.00
12.12.2020;6:48:06;3.33;39.43;10.26;752.29;0.00;0.00;0.00
12.12.2020;6:49:06;3.36;39.42;10.25;752.29;0.00;0.00;0.00
12.12.2020;6:50:06;3.33;39.58;10.24;752.29;0.00;0.00;0.00
12.12.2020;6:51:06;3.33;39.20;10.24;752.29;0.00;0.00;0.00
12.12.2020;6:52:06;3.35;39.36;10.22;752.30;0.00;0.00;0.00
12.12.2020;6:53:06;3.33;39.60;10.22;752.31;0.00;0.00;0.00
12.12.2020;6:54:06;3.33;39.64;10.23;752.32;0.00;0.00;0.00
12.12.2020;6:55:06;3.33;39.48;10.23;752.31;0.00;0.00;0.00
12.12.2020;6:56:06;3.33;39.65;10.23;752.29;0.00;0.00;0.00
12.12.2020;6:57:06;3.33;39.37;10.22;752.27;0.00;0.00;0.00
12.12.2020;6:58:06;3.33;39.62;10.22;752.27;0.00;0.00;0.00
12.12.2020;6:59:06;3.33;39.55;10.21;752.27;0.00;0.00;0.00
12.12.2020;7:00:06;3.35;39.46;10.21;752.26;0.00;0.00;0.00
12.12.2020;7:01:06;3.33;39.53;10.20;752.26;0.00;0.00;0.00
12.12.2020;7:02:06;3.33;39.72;10.20;752.26;0.00;0.00;0.00
12.12.2020;7:03:06;3.36;39.45;10.21;752.26;0.00;0.00;0.00
12.12.2020;7:04:06;3.33;39.52;10.20;752.25;0.00;0.00;0.00
12.12.2020;7:05:06;3.33;39.10;10.18;752.21;0.00;0.00;0.00
12.12.2020;7:06:06;3.35;39.66;10.18;752.23;0.00;0.00;0.00
12.12.2020;7:07:06;3.33;39.55;10.19;752.25;0.00;0.00;0.00
12.12.2020;7:08:06;3.33;39.40;10.18;752.25;0.00;0.00;0.00
12.12.2020;7:09:06;3.33;39.28;10.16;752.24;0.00;0.00;0.00
12.12.2020;7:10:06;3.33;39.45;10.15;752.23;0.00;0.00;0.00
12.12.2020;7:11:06;3.33;39.14;10.13;752.22;0.00;0.00;0.00
12.12.2020;7:12:06;3.33;39.36;10.13;752.22;0.00;0.00;0.00
12.12.2020;7:13:06;3.33;39.45;10.12;752.23;0.00;0.00;0.00
12.12.2020;7:14:06;3.35;39.53;10.11;752.22;0.00;0.00;0.00
12.12.2020;7:15:06;3.33;39.33;10.09;752.23;0.00;0.00;0.00
12.12.2020;7:16:06;3.33;39.22;10.08;752.21;0.00;0.00;0.00
12.12.2020;7:17:06;3.36;39.25;10.07;752.20;0.00;0.00;0.00
12.12.2020;7:18:06;3.33;39.15;10.05;752.20;0.00;0.00;0.00
12.12.2020;7:19:07;3.33;39.71;10.05;752.21;0.00;0.00;0.00
12.12.2020;7:20:07;3.35;39.51;10.05;752.20;0.00;0.00;0.00
12.12.2020;7:21:07;3.33;39.77;10.06;752.20;0.00;0.00;0.00
12.12.2020;7:22:07;3.33;39.69;10.07;752.18;0.00;0.00;0.00
12.12.2020;7:23:07;3.33;40.07;10.09;752.16;0.00;0.00;0.00
12.12.2020;7:24:07;3.33;39.69;10.10;752.17;0.00;0.00;0.00
12.12.2020;7:25:07;3.33;39.38;10.09;752.15;0.00;0.00;0.00
12.12.2020;7:26:07;3.33;39.56;10.08;752.14;0.00;0.00;0.00
12.12.2020;7:27:07;3.33;39.28;10.06;752.14;0.00;0.00;0.00
12.12.2020;7:28:07;3.35;39.49;10.05;752.16;0.00;0.00;0.00
12.12.2020;7:29:07;3.33;39.89;10.06;752.19;0.00;0.00;0.00
12.12.2020;7:30:07;3.33;39.12;10.06;752.19;0.00;0.00;0.00
12.12.2020;7:31:07;3.36;39.46;10.03;752.20;0.00;0.00;0.00
12.12.2020;7:32:07;3.33;39.43;10.03;752.18;0.00;0.00;0.00
12.12.2020;7:33:07;3.52;39.58;10.03;752.20;0.00;0.00;0.00
12.12.2020;7:34:07;4.18;39.81;10.04;752.23;0.00;0.00;0.00
12.12.2020;7:35:07;4.17;39.20;10.03;752.23;0.00;0.00;0.00
12.12.2020;7:36:07;4.17;38.94;9.99;752.23;0.00;0.00;0.00
12.12.2020;7:37:07;4.17;39.23;9.98;752.23;0.00;0.00;0.00
12.12.2020;7:38:07;4.22;39.25;9.96;752.24;0.00;0.00;0.00
12.12.2020;7:39:07;4.90;39.56;9.95;752.26;0.00;0.00;0.00
12.12.2020;7:40:07;5.00;39.74;9.97;752.26;0.00;0.00;0.00
12.12.2020;7:41:07;5.32;39.45;9.97;752.26;0.00;0.00;0.00
12.12.2020;7:42:07;5.85;39.16;9.96;752.23;0.00;0.00;0.00
12.12.2020;7:43:07;5.83;39.90;9.95;752.23;0.00;0.00;0.00
12.12.2020;7:44:07;5.83;39.36;9.94;752.22;0.00;0.00;0.00
12.12.2020;7:45:07;6.60;39.46;9.93;752.25;0.00;0.00;0.00
12.12.2020;7:46:07;7.43;39.69;9.93;752.23;0.00;0.00;0.00
12.12.2020;7:47:07;7.50;39.64;9.93;752.23;0.00;0.00;0.00
12.12.2020;7:48:07;7.51;39.65;9.93;752.23;0.00;0.00;0.00
12.12.2020;7:49:07;8.04;39.91;9.93;752.24;0.00;0.00;0.00
12.12.2020;7:50:07;8.47;40.06;9.95;752.25;0.00;0.00;0.00
12.12.2020;7:51:07;9.17;40.07;9.97;752.27;0.00;0.00;0.00
12.12.2020;7:52:07;9.17;39.72;9.97;752.25;0.00;0.00;0.00
12.12.2020;7:53:08;9.96;39.97;9.98;752.26;0.00;0.00;0.00
12.12.2020;7:54:08;10.12;39.85;9.98;752.24;0.00;0.00;0.00
12.12.2020;7:55:08;11.00;39.98;9.98;752.25;0.00;0.00;0.00
12.12.2020;7:56:08;11.68;40.11;10.00;752.28;0.00;0.00;0.00
12.12.2020;7:57:08;12.49;39.54;10.01;752.29;0.00;0.00;0.00
12.12.2020;7:58:08;13.22;39.73;10.01;752.29;0.00;0.00;0.00
12.12.2020;7:59:08;14.18;39.18;9.99;752.29;0.00;0.00;0.00
12.12.2020;8:00:08;14.56;39.60;9.98;752.27;0.00;0.00;0.00
12.12.2020;8:01:08;15.62;39.47;9.99;752.28;0.00;0.00;0.00
12.12.2020;8:02:08;16.14;39.56;9.98;752.25;0.00;0.00;0.00
12.12.2020;8:03:08;17.21;39.58;9.98;752.24;0.00;0.00;0.00
12.12.2020;8:04:08;18.60;39.81;9.99;752.22;0.00;0.00;0.00
12.12.2020;8:05:08;19.85;39.51;9.99;752.21;0.00;0.00;0.00
12.12.2020;8:06:08;21.23;39.73;9.99;752.17;0.01;0.00;0.00
12.12.2020;8:07:08;22.49;39.79;9.99;752.15;0.01;0.00;0.00
12.12.2020;8:08:08;23.32;39.87;10.01;752.14;0.01;0.00;0.00
12.12.2020;8:09:08;24.01;39.59;10.02;752.16;0.02;0.00;0.00
12.12.2020;8:10:08;24.89;39.79;10.02;752.18;0.02;0.00;0.00
12.12.2020;8:11:08;25.22;39.61;10.03;752.17;0.02;0.00;0.00
12.12.2020;8:12:08;26.31;39.19;10.01;752.18;0.03;0.00;0.00
12.12.2020;8:13:08;26.69;39.57;10.01;752.18;0.02;0.00;0.00
12.12.2020;8:14:08;26.72;39.63;10.02;752.19;0.02;0.00;0.00
12.12.2020;8:15:08;26.69;39.70;10.02;752.19;0.02;0.00;0.00
12.12.2020;8:16:08;27.06;39.63;10.03;752.21;0.02;0.00;0.00
12.12.2020;8:17:08;27.85;39.61;10.03;752.21;0.03;0.00;0.00
12.12.2020;8:18:08;28.97;39.73;10.04;752.20;0.03;0.00;0.00
12.12.2020;8:19:08;30.19;39.45;10.05;752.19;0.03;0.00;0.00
12.12.2020;8:20:08;32.43;39.80;10.05;752.18;0.04;0.00;0.00
12.12.2020;8:21:08;33.35;39.67;10.05;752.18;0.05;0.00;0.00
12.12.2020;8:22:08;33.79;39.69;10.05;752.17;0.05;0.00;0.00
12.12.2020;8:23:08;34.92;39.71;10.06;752.19;0.05;0.00;0.00
12.12.2020;8:24:08;36.06;39.57;10.06;752.19;0.06;0.00;0.00
12.12.2020;8:25:09;39.00;39.48;10.07;752.19;0.07;0.00;0.00
12.12.2020;8:26:09;40.52;39.80;10.07;752.20;0.07;0.00;0.00
12.12.2020;8:27:09;43.74;39.59;10.09;752.19;0.08;0.00;0.00
12.12.2020;8:28:09;47.92;39.02;10.08;752.19;0.09;0.00;0.00
12.12.2020;8:29:09;49.46;39.60;10.07;752.21;0.09;0.00;0.00
12.12.2020;8:30:09;51.71;39.62;10.09;752.20;0.11;0.00;0.00
12.12.2020;8:31:09;53.17;39.66;10.09;752.19;0.11;0.00;0.00
12.12.2020;8:32:09;54.56;39.61;10.10;752.18;0.12;0.00;0.00
12.12.2020;8:33:09;55.90;39.36;10.10;752.20;0.13;0.00;0.00
12.12.2020;8:34:09;58.63;39.42;10.10;752.18;0.14;0.00;0.00
12.12.2020;8:35:09;64.00;39.28;10.10;752.19;0.16;0.00;0.00
12.12.2020;8:36:09;65.36;39.49;10.10;752.18;0.16;0.00;0.00
12.12.2020;8:37:09;64.68;39.30;10.10;752.17;0.16;0.00;0.00
12.12.2020;8:38:09;65.07;39.62;10.11;752.19;0.17;0.00;0.00
12.12.2020;8:39:09;73.29;39.34;10.12;752.19;0.19;0.00;0.00
12.12.2020;8:40:09;74.72;39.44;10.12;752.19;0.20;0.00;0.00
12.12.2020;8:41:09;77.51;38.87;10.11;752.17;0.20;0.00;0.00
12.12.2020;8:42:09;78.26;39.17;10.10;752.18;0.21;0.00;0.00
12.12.2020;8:43:09;82.98;39.13;10.10;752.15;0.23;0.00;0.00
12.12.2020;8:44:09;85.81;38.56;10.07;752.13;0.24;0.00;0.00
12.12.2020;8:45:09;85.42;39.10;10.05;752.13;0.23;0.00;0.00
12.12.2020;8:46:09;82.02;39.77;10.08;752.15;0.22;0.00;0.00
12.12.2020;8:47:09;79.28;39.66;10.11;752.15;0.21;0.00;0.00
12.12.2020;8:48:09;79.07;39.59;10.13;752.15;0.21;0.00;0.00
12.12.2020;8:49:09;83.04;39.61;10.15;752.18;0.22;0.00;0.00
12.12.2020;8:50:09;90.58;39.62;10.17;752.19;0.24;0.00;0.00
12.12.2020;8:51:09;84.46;39.52;10.18;752.18;0.22;0.00;0.00
12.12.2020;8:52:09;80.75;39.58;10.20;752.19;0.20;0.00;0.00
12.12.2020;8:53:09;80.83;39.33;10.20;752.19;0.20;0.00;0.00
12.12.2020;8:54:09;79.93;39.16;10.21;752.20;0.20;0.00;0.00
12.12.2020;8:55:09;92.60;39.52;10.22;752.19;0.24;0.00;0.00
12.12.2020;8:56:10;97.50;39.01;10.22;752.16;0.26;0.00;0.00
12.12.2020;8:57:10;96.81;39.14;10.22;752.16;0.26;0.00;0.00
12.12.2020;8:58:10;98.82;39.40;10.22;752.16;0.26;0.00;0.00
12.12.2020;8:59:10;111.89;39.15;10.24;752.15;0.31;0.00;0.00
12.12.2020;9:00:10;118.64;38.99;10.24;752.16;0.33;0.00;0.00
12.12.2020;9:01:10;116.38;39.12;10.24;752.13;0.32;0.00;0.00
12.12.2020;9:02:10;113.19;39.20;10.25;752.11;0.31;0.00;0.00
12.12.2020;9:03:10;114.36;39.16;10.26;752.09;0.31;0.00;0.00
12.12.2020;9:04:10;116.74;39.25;10.27;752.09;0.32;0.00;0.00
12.12.2020;9:05:10;127.27;38.51;10.27;752.09;0.35;0.00;0.00
12.12.2020;9:06:10;121.72;39.02;10.26;752.06;0.33;0.00;0.00
12.12.2020;9:07:10;121.68;39.36;10.27;752.07;0.33;0.00;0.00
12.12.2020;9:08:10;127.18;39.29;10.29;752.07;0.34;0.00;0.00
12.12.2020;9:09:10;123.68;39.43;10.30;752.07;0.33;0.00;0.00
12.12.2020;9:10:10;127.93;39.28;10.32;752.08;0.35;0.00;0.00
12.12.2020;9:11:10;137.98;39.06;10.32;752.07;0.38;0.00;0.00
12.12.2020;9:12:10;141.14;39.09;10.33;752.05;0.39;0.00;0.00
12.12.2020;9:13:10;144.11;38.95;10.33;752.04;0.40;0.00;0.00
12.12.2020;9:14:10;142.16;39.23;10.34;752.03;0.39;0.00;0.00
12.12.2020;9:15:10;145.97;39.20;10.36;752.03;0.41;0.00;0.00
12.12.2020;9:16:10;146.61;38.88;10.36;752.03;0.41;0.00;0.00
12.12.2020;9:17:10;153.93;39.12;10.37;752.01;0.44;0.04;0.02
12.12.2020;9:18:10;156.94;39.11;10.39;751.99;0.44;0.05;0.02
12.12.2020;9:19:10;152.91;38.91;10.40;752.00;0.44;0.04;0.02
12.12.2020;9:20:10;166.36;38.79;10.39;751.99;0.48;0.11;0.05
12.12.2020;9:21:10;170.94;39.10;10.40;751.99;0.49;0.13;0.06
12.12.2020;9:22:10;158.97;38.87;10.41;751.99;0.46;0.08;0.04
12.12.2020;9:23:10;173.56;38.98;10.41;751.99;0.52;0.18;0.09
12.12.2020;9:24:10;192.30;38.90;10.42;751.98;0.58;0.29;0.17
12.12.2020;9:25:11;197.93;38.90;10.43;751.97;0.60;0.33;0.20
12.12.2020;9:26:11;201.06;38.79;10.43;751.96;0.61;0.33;0.20
12.12.2020;9:27:11;199.04;38.95;10.44;751.96;0.60;0.32;0.19
12.12.2020;9:28:11;197.40;38.86;10.45;751.95;0.59;0.30;0.18
12.12.2020;9:29:11;205.47;38.97;10.47;751.95;0.62;0.35;0.22
12.12.2020;9:30:11;219.24;39.03;10.49;751.94;0.68;0.45;0.31
12.12.2020;9:31:11;243.36;38.62;10.49;751.93;0.77;0.58;0.45
12.12.2020;9:32:11;240.44;38.90;10.50;751.91;0.75;0.56;0.42
12.12.2020;9:33:11;232.57;38.83;10.52;751.89;0.73;0.52;0.38
12.12.2020;9:34:11;227.70;38.42;10.51;751.88;0.69;0.46;0.32
12.12.2020;9:35:11;202.78;38.32;10.49;751.84;0.60;0.32;0.19
12.12.2020;9:36:11;207.90;38.49;10.48;751.84;0.62;0.35;0.22
12.12.2020;9:37:11;223.96;38.48;10.48;751.85;0.67;0.41;0.27
12.12.2020;9:38:11;223.86;38.77;10.49;751.86;0.68;0.44;0.30
12.12.2020;9:39:11;241.30;38.73;10.50;751.86;0.74;0.54;0.40
12.12.2020;9:40:11;237.71;38.84;10.51;751.86;0.73;0.53;0.38
12.12.2020;9:41:11;236.53;38.74;10.52;751.87;0.73;0.52;0.38
12.12.2020;9:42:11;239.85;38.78;10.52;751.88;0.74;0.54;0.40
12.12.2020;9:43:11;244.04;38.91;10.53;751.90;0.76;0.58;0.45
12.12.2020;9:44:11;236.68;38.80;10.53;751.89;0.73;0.53;0.39
12.12.2020;9:45:11;245.33;38.63;10.54;751.88;0.77;0.59;0.45
12.12.2020;9:46:11;260.81;38.85;10.55;751.87;0.80;0.65;0.52
12.12.2020;9:47:11;246.69;38.49;10.55;751.89;0.75;0.54;0.41
12.12.2020;9:48:11;241.00;38.57;10.54;751.89;0.74;0.53;0.39
12.12.2020;9:49:11;254.31;38.52;10.54;751.90;0.77;0.60;0.46
12.12.2020;9:50:11;251.50;38.48;10.53;751.91;0.76;0.59;0.45
12.12.2020;9:51:11;250.59;38.63;10.55;751.93;0.78;0.60;0.47
12.12.2020;9:52:11;293.04;38.58;10.55;751.92;0.92;0.83;0.77
12.12.2020;9:53:11;330.21;38.79;10.57;751.91;1.02;1.01;1.03
12.12.2020;9:54:12;305.60;38.78;10.58;751.93;0.94;0.88;0.83
12.12.2020;9:55:12;289.04;38.82;10.60;751.93;0.90;0.80;0.72
12.12.2020;9:56:12;305.21;38.43;10.59;751.92;0.95;0.89;0.84
12.12.2020;9:57:12;307.64;38.49;10.60;751.91;0.95;0.90;0.86
12.12.2020;9:58:12;312.01;38.47;10.59;751.91;0.97;0.93;0.90
12.12.2020;9:59:12;316.11;38.48;10.60;751.90;0.98;0.94;0.92
12.12.2020;10:00:12;310.31;38.58;10.60;751.92;0.97;0.92;0.89
12.12.2020;10:01:12;310.87;38.45;10.61;751.92;0.97;0.93;0.90
12.12.2020;10:02:12;345.40;38.63;10.61;751.93;1.08;1.11;1.20
12.12.2020;10:03:12;352.81;38.48;10.63;751.91;1.09;1.13;1.23
12.12.2020;10:04:12;350.47;38.42;10.63;751.91;1.09;1.13;1.23
12.12.2020;10:05:12;394.99;38.50;10.63;751.88;1.22;1.33;1.61
12.12.2020;10:06:12;386.08;38.47;10.65;751.89;1.20;1.30;1.55
12.12.2020;10:07:12;406.43;38.60;10.66;751.89;1.26;1.41;1.77
12.12.2020;10:08:12;413.50;38.39;10.67;751.88;1.27;1.43;1.82
12.12.2020;10:09:12;398.83;38.34;10.68;751.88;1.25;1.39;1.73
12.12.2020;10:10:12;412.08;38.27;10.69;751.88;1.27;1.43;1.82
12.12.2020;10:11:12;404.89;38.41;10.69;751.89;1.26;1.40;1.76
12.12.2020;10:12:12;423.79;38.41;10.70;751.89;1.32;1.51;2.00
12.12.2020;10:13:12;444.29;38.48;10.71;751.88;1.36;1.58;2.15
12.12.2020;10:14:12;442.78;38.29;10.73;751.87;1.36;1.58;2.14
12.12.2020;10:15:12;433.87;38.10;10.72;751.88;1.33;1.53;2.03
12.12.2020;10:16:12;451.24;38.23;10.72;751.89;1.38;1.60;2.21
12.12.2020;10:17:12;425.81;38.28;10.73;751.89;1.30;1.46;1.90
12.12.2020;10:18:12;436.42;38.16;10.74;751.90;1.33;1.53;2.03
12.12.2020;10:19:12;440.08;38.20;10.73;751.89;1.33;1.53;2.04
12.12.2020;10:20:12;436.65;38.09;10.74;751.88;1.33;1.52;2.02
12.12.2020;10:21:12;434.72;38.21;10.73;751.88;1.32;1.49;1.97
12.12.2020;10:22:12;392.51;38.12;10.73;751.88;1.19;1.29;1.53
12.12.2020;10:23:13;371.67;38.28;10.74;751.89;1.15;1.22;1.40
12.12.2020;10:24:13;394.04;38.26;10.74;751.88;1.21;1.32;1.59
12.12.2020;10:25:13;373.56;38.13;10.73;751.89;1.15;1.21;1.38
12.12.2020;10:26:13;379.24;37.96;10.71;751.88;1.16;1.25;1.45
12.12.2020;10:27:13;345.54;38.40;10.71;751.89;1.06;1.06;1.12
12.12.2020;10:28:13;338.11;38.30;10.72;751.89;1.04;1.04;1.08
12.12.2020;10:29:13;375.90;38.42;10.73;751.87;1.16;1.24;1.43
12.12.2020;10:30:13;372.58;38.31;10.74;751.87;1.13;1.18;1.34
12.12.2020;10:31:13;362.58;38.33;10.73;751.86;1.11;1.17;1.31
12.12.2020;10:32:13;361.44;38.41;10.73;751.86;1.12;1.17;1.31
12.12.2020;10:33:13;406.60;38.30;10.74;751.84;1.24;1.38;1.71
12.12.2020;10:34:13;396.29;37.88;10.74;751.84;1.21;1.33;1.61
12.12.2020;10:35:13;440.14;38.00;10.72;751.83;1.34;1.55;2.07
12.12.2020;10:36:13;468.60;38.02;10.73;751.82;1.43;1.70;2.43
12.12.2020;10:37:13;564.47;37.94;10.73;751.81;1.70;2.14;3.64
12.12.2020;10:38:13;559.50;38.17;10.74;751.83;1.68;2.10;3.52
12.12.2020;10:39:13;587.13;38.19;10.76;751.82;1.76;2.18;3.85
12.12.2020;10:40:13;588.65;38.16;10.78;751.82;1.74;2.15;3.74
12.12.2020;10:41:13;536.05;38.23;10.79;751.84;1.63;2.02;3.28
12.12.2020;10:42:13;577.64;37.94;10.80;751.84;1.72;2.15;3.71
12.12.2020;10:43:13;596.17;38.05;10.81;751.85;1.79;2.23;3.98
12.12.2020;10:44:13;556.74;38.11;10.82;751.87;1.67;2.08;3.48
12.12.2020;10:45:13;571.35;38.01;10.81;751.87;1.71;2.16;3.70
12.12.2020;10:46:13;544.82;38.15;10.82;751.88;1.65;2.04;3.36
12.12.2020;10:47:13;566.68;38.14;10.83;751.87;1.70;2.13;3.61
12.12.2020;10:48:13;544.82;38.00;10.84;751.88;1.64;2.03;3.34
12.12.2020;10:49:13;514.90;38.17;10.85;751.86;1.55;1.90;2.95
12.12.2020;10:50:13;519.69;37.94;10.85;751.85;1.57;1.91;3.00
12.12.2020;10:51:13;544.80;37.93;10.85;751.83;1.63;2.02;3.29
12.12.2020;10:52:14;529.01;37.94;10.85;751.82;1.59;1.95;3.10
12.12.2020;10:53:14;557.18;37.85;10.85;751.82;1.66;2.07;3.45
12.12.2020;10:54:14;622.68;38.00;10.86;751.80;1.84;2.27;4.17
12.12.2020;10:55:14;562.01;38.09;10.88;751.77;1.66;2.05;3.39
12.12.2020;10:56:14;498.63;37.82;10.87;751.77;1.51;1.81;2.72
12.12.2020;10:57:14;523.18;37.90;10.87;751.76;1.58;1.94;3.08
12.12.2020;10:58:14;591.58;37.91;10.87;751.74;1.77;2.21;3.90
12.12.2020;10:59:14;630.71;37.81;10.87;751.74;1.87;2.32;4.33
12.12.2020;11:00:14;691.57;37.77;10.89;751.74;2.02;2.60;5.25
12.12.2020;11:01:14;687.32;37.87;10.92;751.74;2.00;2.54;5.09
12.12.2020;11:02:14;666.36;37.63;10.92;751.72;1.96;2.46;4.81
12.12.2020;11:03:14;715.88;37.81;10.93;751.72;2.08;2.70;5.62
12.12.2020;11:04:14;716.46;37.54;10.94;751.71;2.07;2.67;5.53
12.12.2020;11:05:14;669.84;37.68;10.94;751.71;1.95;2.44;4.76
12.12.2020;11:06:14;666.08;37.65;10.95;751.69;1.94;2.43;4.70
12.12.2020;11:07:14;628.28;37.82;10.96;751.69;1.84;2.27;4.19
12.12.2020;11:08:14;670.64;37.68;10.97;751.70;1.96;2.47;4.85
12.12.2020;11:09:14;649.61;37.69;10.97;751.70;1.90;2.36;4.47
12.12.2020;11:10:14;608.32;37.74;10.96;751.70;1.80;2.23;4.01
12.12.2020;11:11:14;661.40;37.76;10.96;751.71;1.94;2.43;4.71
12.12.2020;11:12:14;674.32;37.48;10.96;751.72;1.95;2.46;4.80
12.12.2020;11:13:14;677.67;37.78;10.96;751.71;1.97;2.50;4.93
12.12.2020;11:14:14;682.22;37.87;10.97;751.70;1.98;2.52;4.99
12.12.2020;11:15:14;657.20;37.70;10.98;751.69;1.92;2.41;4.64
12.12.2020;11:16:14;675.65;37.63;10.98;751.68;1.97;2.49;4.89
12.12.2020;11:17:14;682.91;37.72;10.98;751.69;2.00;2.56;5.12
12.12.2020;11:18:14;640.08;37.78;10.99;751.69;1.85;2.33;4.32
12.12.2020;11:19:14;595.50;37.68;10.98;751.69;1.76;2.19;3.85
12.12.2020;11:20:15;604.28;37.78;10.97;751.69;1.77;2.22;3.92
12.12.2020;11:21:15;585.17;37.75;10.97;751.69;1.74;2.16;3.77
12.12.2020;11:22:15;680.54;37.67;10.98;751.68;1.98;2.53;5.01
12.12.2020;11:23:15;702.63;37.67;10.98;751.67;2.04;2.62;5.35
12.12.2020;11:24:15;710.68;37.55;10.97;751.67;2.04;2.63;5.38
12.12.2020;11:25:15;682.32;37.80;10.99;751.67;1.97;2.50;4.93
12.12.2020;11:26:15;657.19;37.65;10.99;751.65;1.91;2.38;4.55
12.12.2020;11:27:15;629.46;37.64;10.98;751.65;1.84;2.27;4.17
12.12.2020;11:28:15;590.54;37.64;10.97;751.64;1.73;2.19;3.80
12.12.2020;11:29:15;568.03;37.72;10.97;751.64;1.69;2.11;3.57
12.12.2020;11:30:15;652.77;37.72;10.97;751.63;1.91;2.37;4.51
12.12.2020;11:31:15;672.47;37.75;10.98;751.63;1.95;2.44;4.75
12.12.2020;11:32:15;672.37;37.68;10.98;751.62;1.95;2.47;4.81
12.12.2020;11:33:15;633.15;37.63;10.98;751.61;1.84;2.29;4.21
12.12.2020;11:34:15;606.64;37.58;10.96;751.58;1.78;2.23;3.97
12.12.2020;11:35:15;620.26;37.77;10.96;751.58;1.81;2.25;4.06
12.12.2020;11:36:15;606.71;37.52;10.96;751.58;1.78;2.22;3.94
12.12.2020;11:37:15;663.35;37.65;10.95;751.56;1.93;2.41;4.65
12.12.2020;11:38:15;694.78;37.56;10.95;751.55;2.00;2.55;5.09
12.12.2020;11:39:15;702.85;37.78;10.96;751.53;2.02;2.59;5.24
12.12.2020;11:40:15;649.64;37.65;10.95;751.55;1.88;2.32;4.35
12.12.2020;11:41:15;701.19;37.64;10.95;751.54;2.02;2.59;5.25
12.12.2020;11:42:15;653.91;37.77;10.97;751.52;1.88;2.34;4.42
12.12.2020;11:43:15;654.21;37.71;10.97;751.53;1.90;2.35;4.46
12.12.2020;11:44:15;618.38;37.77;10.97;751.53;1.81;2.24;4.05
12.12.2020;11:45:15;576.75;37.75;10.97;751.52;1.70;2.13;3.61
12.12.2020;11:46:15;565.17;37.80;10.97;751.51;1.67;2.09;3.51
12.12.2020;11:47:15;606.91;37.78;10.97;751.48;1.78;2.23;3.97
12.12.2020;11:48:16;588.06;37.79;10.98;751.47;1.73;2.16;3.74
12.12.2020;11:49:16;568.19;37.81;10.97;751.46;1.67;2.08;3.46
12.12.2020;11:50:16;555.46;37.84;10.97;751.45;1.64;2.02;3.31
12.12.2020;11:51:16;545.86;37.81;10.97;751.45;1.60;1.98;3.17
12.12.2020;11:52:16;628.07;37.83;10.96;751.44;1.83;2.29;4.20
12.12.2020;11:53:16;703.64;37.83;10.98;751.42;2.00;2.55;5.11
12.12.2020;11:54:16;544.97;37.82;10.98;751.41;1.58;1.93;3.06
12.12.2020;11:55:16;520.10;37.82;10.96;751.41;1.56;1.88;2.93
12.12.2020;11:56:16;725.45;37.84;10.97;751.40;2.09;2.72;5.70
12.12.2020;11:57:16;840.51;37.82;11.00;751.37;2.33;3.14;7.30
12.12.2020;11:58:16;770.96;37.78;11.02;751.34;2.16;2.85;6.13
12.12.2020;11:59:16;648.83;37.73;11.03;751.33;1.85;2.32;4.29
12.12.2020;12:00:16;624.97;37.67;11.01;751.33;1.81;2.24;4.06
12.12.2020;12:01:16;633.01;37.76;11.00;751.32;1.85;2.31;4.28
12.12.2020;12:02:16;768.01;37.77;11.01;751.29;2.16;2.86;6.19
12.12.2020;12:03:16;722.49;37.71;11.03;751.28;2.03;2.61;5.31
12.12.2020;12:04:16;646.67;37.69;11.02;751.27;1.84;2.30;4.24
12.12.2020;12:05:16;556.07;37.73;11.01;751.25;1.62;2.00;3.24
12.12.2020;12:06:16;603.29;37.73;10.99;751.24;1.76;2.19;3.85
12.12.2020;12:07:16;624.51;37.76;10.98;751.22;1.80;2.24;4.03
12.12.2020;12:08:16;558.42;37.80;10.97;751.24;1.61;1.98;3.20
12.12.2020;12:09:16;496.83;37.81;10.95;751.25;1.47;1.76;2.59
12.12.2020;12:10:16;544.43;37.88;10.94;751.25;1.60;1.97;3.14
12.12.2020;12:11:16;580.11;37.89;10.93;751.23;1.69;2.11;3.57
12.12.2020;12:12:16;551.06;37.90;10.92;751.22;1.59;1.95;3.10
12.12.2020;12:13:16;521.57;37.87;10.91;751.21;1.52;1.83;2.78
12.12.2020;12:14:16;488.14;37.86;10.89;751.21;1.42;1.67;2.37
12.12.2020;12:15:16;415.24;37.95;10.85;751.21;1.22;1.33;1.62
12.12.2020;12:16:16;358.32;37.94;10.82;751.22;1.08;1.10;1.19
12.12.2020;12:17:17;436.24;37.95;10.79;751.20;1.31;1.49;1.94
12.12.2020;12:18:17;431.86;38.03;10.78;751.20;1.27;1.42;1.80
12.12.2020;12:19:17;396.32;38.10;10.76;751.18;1.17;1.25;1.47
12.12.2020;12:20:17;352.84;38.01;10.73;751.19;1.05;1.05;1.10
12.12.2020;12:21:17;331.11;38.20;10.71;751.19;0.99;0.95;0.93
12.12.2020;12:22:17;340.85;38.17;10.69;751.18;1.03;1.01;1.03
12.12.2020;12:23:17;413.16;38.32;10.69;751.16;1.23;1.35;1.67
12.12.2020;12:24:17;400.76;38.21;10.68;751.15;1.19;1.29;1.54
12.12.2020;12:25:17;420.96;38.10;10.66;751.15;1.25;1.40;1.76
12.12.2020;12:26:17;430.82;38.19;10.65;751.14;1.28;1.43;1.84
12.12.2020;12:27:17;437.51;38.15;10.64;751.15;1.31;1.50;1.96
12.12.2020;12:28:17;468.14;38.26;10.63;751.14;1.39;1.62;2.25
12.12.2020;12:29:17;457.79;38.45;10.64;751.15;1.36;1.58;2.16
12.12.2020;12:30:17;480.73;38.51;10.65;751.15;1.43;1.68;2.41
12.12.2020;12:31:17;524.24;38.53;10.67;751.14;1.55;1.90;2.95
12.12.2020;12:32:17;563.39;38.44;10.68;751.15;1.65;2.05;3.38
12.12.2020;12:33:17;601.26;38.45;10.71;751.15;1.76;2.20;3.87
12.12.2020;12:34:17;637.22;38.43;10.72;751.14;1.85;2.27;4.20
12.12.2020;12:35:17;628.62;38.44;10.74;751.14;1.82;2.25;4.08
12.12.2020;12:36:17;596.32;38.41;10.75;751.14;1.73;2.16;3.74
12.12.2020;12:37:17;592.82;38.21;10.74;751.13;1.73;2.16;3.72
12.12.2020;12:38:17;624.53;37.94;10.72;751.13;1.80;2.24;4.03
12.12.2020;12:39:17;582.37;38.09;10.71;751.11;1.69;2.11;3.56
12.12.2020;12:40:17;593.89;38.25;10.72;751.11;1.73;2.17;3.75
12.12.2020;12:41:17;624.71;37.79;10.72;751.10;1.79;2.23;4.01
12.12.2020;12:42:17;587.36;37.80;10.69;751.09;1.71;2.13;3.63
12.12.2020;12:43:17;638.11;38.30;10.69;751.09;1.83;2.26;4.12
12.12.2020;12:44:17;613.42;38.40;10.71;751.09;1.75;2.19;3.82
12.12.2020;12:45:17;550.67;38.29;10.72;751.10;1.57;1.91;2.99
12.12.2020;12:46:18;523.18;38.30;10.72;751.11;1.52;1.84;2.80
12.12.2020;12:47:18;627.60;38.25;10.73;751.11;1.83;2.26;4.13
12.12.2020;12:48:18;663.00;38.24;10.74;751.11;1.89;2.35;4.44
12.12.2020;12:49:18;577.09;38.24;10.74;751.11;1.67;2.08;3.48
12.12.2020;12:50:18;527.60;38.28;10.73;751.11;1.54;1.86;2.86
12.12.2020;12:51:18;547.80;38.33;10.73;751.09;1.60;1.97;3.14
12.12.2020;12:52:18;525.36;38.28;10.73;751.09;1.51;1.81;2.73
12.12.2020;12:53:18;487.50;38.34;10.73;751.09;1.41;1.65;2.32
12.12.2020;12:54:18;509.90;38.36;10.72;751.09;1.50;1.81;2.71
12.12.2020;12:55:18;553.60;38.32;10.71;751.10;1.61;1.99;3.20
12.12.2020;12:56:18;487.42;38.38;10.71;751.10;1.42;1.68;2.38
12.12.2020;12:57:18;481.54;38.42;10.70;751.10;1.44;1.70;2.44
12.12.2020;12:58:18;497.63;38.35;10.69;751.10;1.47;1.76;2.59
12.12.2020;12:59:18;472.68;38.35;10.67;751.09;1.40;1.63;2.29
12.12.2020;13:00:18;533.24;38.31;10.67;751.08;1.59;1.96;3.12
12.12.2020;13:01:18;573.01;38.33;10.66;751.08;1.68;2.09;3.50
12.12.2020;13:02:18;541.51;38.38;10.66;751.07;1.60;1.97;3.15
12.12.2020;13:03:18;514.24;38.45;10.65;751.07;1.52;1.83;2.79
12.12.2020;13:04:18;518.31;38.42;10.64;751.06;1.55;1.88;2.92
12.12.2020;13:05:18;561.40;38.54;10.65;751.04;1.65;2.05;3.37
12.12.2020;13:06:18;529.75;38.35;10.64;751.03;1.57;1.90;2.98
12.12.2020;13:07:18;580.69;38.47;10.64;751.02;1.72;2.17;3.73
12.12.2020;13:08:18;601.51;38.52;10.65;751.01;1.77;2.21;3.92
12.12.2020;13:09:18;572.35;38.58;10.65;751.00;1.68;2.10;3.53
12.12.2020;13:10:18;549.67;38.46;10.65;751.00;1.63;2.01;3.28
12.12.2020;13:11:18;545.81;38.51;10.65;751.00;1.61;1.99;3.20
12.12.2020;13:12:18;594.71;38.54;10.66;750.99;1.76;2.19;3.85
12.12.2020;13:13:18;581.24;38.46;10.67;751.01;1.68;2.09;3.51
12.12.2020;13:14:18;476.51;38.56;10.66;751.03;1.39;1.62;2.24
12.12.2020;13:15:19;475.11;38.22;10.64;751.02;1.39;1.62;2.26
12.12.2020;13:16:19;517.07;38.32;10.62;751.02;1.51;1.82;2.74
12.12.2020;13:17:19;536.93;38.16;10.61;751.01;1.56;1.91;2.98
12.12.2020;13:18:19;544.08;38.20;10.60;751.01;1.59;1.96;3.11
12.12.2020;13:19:19;527.89;38.28;10.59;751.00;1.56;1.91;2.97
12.12.2020;13:20:19;589.28;38.52;10.58;751.00;1.72;2.16;3.72
12.12.2020;13:21:19;589.19;38.22;10.58;751.01;1.74;2.16;3.76
12.12.2020;13:22:19;588.82;38.50;10.59;751.01;1.72;2.14;3.69
12.12.2020;13:23:19;574.05;38.18;10.59;751.01;1.71;2.12;3.63
12.12.2020;13:24:19;625.53;38.20;10.58;751.03;1.82;2.26;4.13
12.12.2020;13:25:19;568.56;38.18;10.58;751.03;1.67;2.09;3.49
12.12.2020;13:26:19;517.94;38.06;10.56;751.04;1.53;1.84;2.81
12.12.2020;13:27:19;516.57;38.12;10.54;751.04;1.53;1.86;2.85
12.12.2020;13:28:19;522.74;38.46;10.54;751.06;1.55;1.89;2.94
12.12.2020;13:29:19;520.49;38.37;10.54;751.09;1.52;1.83;2.79
12.12.2020;13:30:19;452.10;38.69;10.55;751.11;1.34;1.53;2.04
12.12.2020;13:31:19;458.15;38.72;10.55;751.14;1.38;1.60;2.20
12.12.2020;13:32:19;514.53;38.70;10.56;751.15;1.53;1.84;2.82
12.12.2020;13:33:19;500.29;38.70;10.57;751.16;1.48;1.76;2.61
12.12.2020;13:34:19;465.94;38.63;10.58;751.17;1.38;1.60;2.21
12.12.2020;13:35:19;460.42;38.60;10.57;751.17;1.37;1.60;2.19
12.12.2020;13:36:19;544.60;38.70;10.58;751.17;1.61;1.97;3.17
12.12.2020;13:37:19;539.99;38.59;10.60;751.16;1.57;1.92;3.02
12.12.2020;13:38:19;511.63;38.55;10.60;751.16;1.51;1.82;2.74
12.12.2020;13:39:19;530.48;38.53;10.61;751.16;1.58;1.94;3.06
12.12.2020;13:40:19;584.35;38.50;10.63;751.17;1.72;2.16;3.72
12.12.2020;13:41:19;573.06;38.27;10.63;751.16;1.67;2.09;3.49
12.12.2020;13:42:19;541.92;38.27;10.62;751.16;1.60;1.98;3.17
12.12.2020;13:43:19;553.44;38.08;10.61;751.14;1.63;2.03;3.32
12.12.2020;13:44:20;515.55;38.29;10.60;751.12;1.53;1.86;2.83
12.12.2020;13:45:20;540.92;38.31;10.60;751.08;1.60;1.97;3.15
12.12.2020;13:46:20;534.10;38.13;10.59;751.05;1.57;1.92;3.02
12.12.2020;13:47:20;520.72;38.05;10.57;751.03;1.54;1.88;2.89
12.12.2020;13:48:20;502.53;38.34;10.56;751.01;1.48;1.77;2.61
12.12.2020;13:49:20;459.69;38.22;10.56;750.99;1.36;1.58;2.15
12.12.2020;13:50:20;491.64;38.24;10.54;750.98;1.46;1.74;2.55
12.12.2020;13:51:20;498.77;38.22;10.53;750.96;1.48;1.77;2.61
12.12.2020;13:52:20;484.21;38.37;10.51;750.96;1.43;1.69;2.41
12.12.2020;13:53:20;464.06;38.34;10.50;750.95;1.37;1.61;2.22
12.12.2020;13:54:20;510.64;38.36;10.50;750.96;1.51;1.82;2.74
12.12.2020;13:55:20;529.19;38.09;10.48;750.96;1.56;1.91;2.98
12.12.2020;13:56:20;547.44;38.53;10.47;750.97;1.61;1.99;3.20
12.12.2020;13:57:20;546.53;38.45;10.48;750.98;1.61;1.98;3.17
12.12.2020;13:58:20;522.64;38.21;10.47;750.99;1.55;1.88;2.92
12.12.2020;13:59:20;499.59;38.37;10.47;751.00;1.49;1.79;2.68
12.12.2020;14:00:20;495.42;38.33;10.46;750.99;1.50;1.80;2.70
12.12.2020;14:01:20;566.74;38.42;10.45;750.99;1.73;2.15;3.72
12.12.2020;14:02:20;639.50;38.38;10.47;750.98;1.93;2.41;4.64
12.12.2020;14:03:20;696.05;38.16;10.48;750.97;2.10;2.74;5.76
12.12.2020;14:04:20;782.01;37.96;10.50;750.96;2.30;3.10;7.13
12.12.2020;14:05:20;771.96;38.27;10.51;750.96;2.28;3.05;6.94
12.12.2020;14:06:20;771.74;38.26;10.53;750.95;2.29;3.06;7.00
12.12.2020;14:07:20;766.11;38.11;10.55;750.95;2.26;3.02;6.81
12.12.2020;14:08:20;734.84;38.18;10.55;750.96;2.19;2.91;6.35
12.12.2020;14:09:20;724.94;38.12;10.56;750.95;2.15;2.84;6.11
12.12.2020;14:10:20;651.24;37.96;10.54;750.96;1.98;2.51;4.96
12.12.2020;14:11:20;713.53;38.10;10.55;750.97;2.15;2.84;6.10
12.12.2020;14:12:21;709.35;38.03;10.55;750.97;2.12;2.80;5.94
12.12.2020;14:13:21;662.94;38.04;10.56;750.97;2.00;2.54;5.08
12.12.2020;14:14:21;621.03;38.12;10.55;750.97;1.89;2.36;4.45
12.12.2020;14:15:21;598.64;38.28;10.55;751.00;1.86;2.30;4.29
12.12.2020;14:16:21;654.28;38.01;10.54;751.01;2.00;2.54;5.08
12.12.2020;14:17:21;639.22;38.24;10.54;751.03;1.94;2.45;4.75
12.12.2020;14:18:21;571.53;38.31;10.54;751.04;1.77;2.21;3.92
12.12.2020;14:19:21;513.26;38.24;10.54;751.05;1.61;1.98;3.17
12.12.2020;14:20:21;518.25;38.31;10.53;751.07;1.64;2.04;3.33
12.12.2020;14:21:21;519.26;38.15;10.52;751.07;1.63;2.02;3.29
12.12.2020;14:22:21;436.46;38.19;10.50;751.08;1.38;1.60;2.22
12.12.2020;14:23:21;406.96;38.31;10.47;751.08;1.31;1.50;1.97
12.12.2020;14:24:21;420.40;38.44;10.47;751.09;1.37;1.58;2.15
12.12.2020;14:25:21;479.77;38.30;10.46;751.09;1.54;1.87;2.88
12.12.2020;14:26:21;498.28;38.43;10.47;751.09;1.59;1.95;3.10
12.12.2020;14:27:21;524.04;38.37;10.48;751.08;1.65;2.05;3.40
12.12.2020;14:28:21;452.80;38.17;10.46;751.06;1.43;1.69;2.42
12.12.2020;14:29:21;436.04;38.15;10.44;751.06;1.41;1.64;2.31
12.12.2020;14:30:21;458.42;38.08;10.42;751.05;1.48;1.77;2.62
12.12.2020;14:31:21;465.64;38.29;10.42;751.04;1.50;1.79;2.69
12.12.2020;14:32:21;519.49;38.43;10.41;751.03;1.67;2.08;3.48
12.12.2020;14:33:21;499.83;38.31;10.42;751.02;1.59;1.96;3.12
12.12.2020;14:34:21;444.68;38.45;10.42;751.00;1.45;1.72;2.48
12.12.2020;14:35:21;506.61;38.37;10.42;751.01;1.64;2.04;3.33
12.12.2020;14:36:21;489.47;38.44;10.43;751.01;1.56;1.90;2.96
12.12.2020;14:37:21;441.67;38.28;10.42;751.00;1.45;1.73;2.50
12.12.2020;14:38:21;456.36;38.48;10.41;751.01;1.48;1.77;2.61
12.12.2020;14:39:21;477.72;38.37;10.42;751.02;1.54;1.88;2.90
12.12.2020;14:40:21;430.82;38.43;10.41;751.02;1.40;1.63;2.29
12.12.2020;14:41:21;440.58;38.42;10.40;751.02;1.44;1.70;2.46
12.12.2020;14:42:22;409.22;38.14;10.39;751.02;1.34;1.55;2.08
12.12.2020;14:43:22;450.10;38.32;10.38;751.03;1.48;1.77;2.62
12.12.2020;14:44:22;445.59;38.42;10.38;751.03;1.46;1.74;2.55
12.12.2020;14:45:22;422.96;38.30;10.37;751.03;1.39;1.61;2.25
12.12.2020;14:46:22;423.40;38.33;10.36;751.03;1.40;1.64;2.30
12.12.2020;14:47:22;418.11;38.31;10.34;751.03;1.38;1.61;2.22
12.12.2020;14:48:22;424.93;38.25;10.33;751.03;1.41;1.67;2.36
12.12.2020;14:49:22;411.60;38.31;10.33;751.04;1.36;1.57;2.15
12.12.2020;14:50:22;379.15;38.37;10.32;751.08;1.27;1.42;1.79
12.12.2020;14:51:22;397.74;38.59;10.32;751.09;1.34;1.54;2.07
12.12.2020;14:52:22;396.27;38.41;10.32;751.11;1.33;1.53;2.03
12.12.2020;14:53:22;374.35;38.59;10.31;751.14;1.26;1.41;1.77
12.12.2020;14:54:22;359.62;38.55;10.31;751.13;1.22;1.35;1.65
12.12.2020;14:55:22;390.44;38.50;10.30;751.14;1.32;1.52;2.01
12.12.2020;14:56:22;370.59;38.58;10.30;751.15;1.26;1.41;1.78
12.12.2020;14:57:22;362.83;38.55;10.30;751.15;1.25;1.38;1.72
12.12.2020;14:58:22;340.40;38.62;10.30;751.16;1.16;1.25;1.45
12.12.2020;14:59:22;348.95;38.55;10.30;751.15;1.21;1.33;1.61
12.12.2020;15:00:22;361.90;38.53;10.31;751.13;1.24;1.38;1.71
12.12.2020;15:01:22;365.68;38.46;10.31;751.12;1.26;1.41;1.78
12.12.2020;15:02:22;346.25;38.33;10.30;751.11;1.18;1.28;1.52
12.12.2020;15:03:22;315.22;38.32;10.29;751.12;1.09;1.12;1.22
12.12.2020;15:04:22;318.46;38.49;10.28;751.12;1.10;1.15;1.27
12.12.2020;15:05:22;293.15;38.65;10.28;751.13;1.01;0.98;0.99
12.12.2020;15:06:22;280.85;38.58;10.27;751.14;0.98;0.94;0.91
12.12.2020;15:07:22;299.54;38.65;10.28;751.14;1.04;1.03;1.06
12.12.2020;15:08:22;278.40;38.66;10.27;751.16;0.98;0.93;0.91
12.12.2020;15:09:22;298.13;38.35;10.26;751.17;1.04;1.04;1.08
12.12.2020;15:10:22;253.04;38.57;10.24;751.16;0.88;0.77;0.67
12.12.2020;15:11:23;213.90;38.41;10.23;751.15;0.75;0.57;0.43
12.12.2020;15:12:23;211.42;38.58;10.22;751.13;0.74;0.53;0.39
12.12.2020;15:13:23;202.13;38.65;10.20;751.15;0.71;0.49;0.34
12.12.2020;15:14:23;218.24;38.66;10.19;751.16;0.76;0.57;0.43
12.12.2020;15:15:23;193.40;38.44;10.17;751.17;0.66;0.41;0.27
12.12.2020;15:16:23;186.17;38.81;10.17;751.18;0.64;0.37;0.24
12.12.2020;15:17:23;176.25;38.79;10.17;751.21;0.62;0.34;0.21
12.12.2020;15:18:23;183.93;38.64;10.16;751.21;0.65;0.39;0.25
12.12.2020;15:19:23;170.26;38.66;10.13;751.22;0.59;0.31;0.18
12.12.2020;15:20:23;155.83;38.84;10.12;751.25;0.54;0.22;0.12
12.12.2020;15:21:23;141.87;38.69;10.11;751.26;0.48;0.12;0.06
12.12.2020;15:22:23;134.04;38.91;10.10;751.28;0.46;0.07;0.03
12.12.2020;15:23:23;130.83;38.78;10.09;751.27;0.45;0.08;0.04
12.12.2020;15:24:23;138.42;38.67;10.07;751.27;0.49;0.13;0.06
12.12.2020;15:25:23;132.08;38.90;10.05;751.26;0.45;0.07;0.03
12.12.2020;15:26:23;120.96;38.78;10.05;751.26;0.40;0.00;0.00
12.12.2020;15:27:23;110.85;39.04;10.05;751.27;0.36;0.00;0.00
12.12.2020;15:28:23;110.13;38.74;10.03;751.25;0.37;0.00;0.00
12.12.2020;15:29:23;108.75;38.96;10.02;751.26;0.36;0.00;0.00
12.12.2020;15:30:23;105.33;39.25;10.02;751.28;0.34;0.00;0.00
12.12.2020;15:31:23;100.42;38.99;10.03;751.28;0.31;0.00;0.00
12.12.2020;15:32:23;86.08;39.17;10.02;751.30;0.26;0.00;0.00
12.12.2020;15:33:23;86.08;38.89;10.01;751.31;0.26;0.00;0.00
12.12.2020;15:34:23;82.23;38.76;9.99;751.29;0.24;0.00;0.00
12.12.2020;15:35:23;82.97;38.94;9.98;751.28;0.23;0.00;0.00
12.12.2020;15:36:23;83.90;38.97;9.97;751.26;0.23;0.00;0.00
12.12.2020;15:37:23;68.69;39.17;9.96;751.25;0.17;0.00;0.00
12.12.2020;15:38:23;68.22;39.06;9.96;751.27;0.18;0.00;0.00
12.12.2020;15:39:23;69.03;39.01;9.96;751.26;0.17;0.00;0.00
12.12.2020;15:40:23;59.29;39.17;9.96;751.26;0.14;0.00;0.00
12.12.2020;15:41:24;57.88;39.03;9.95;751.28;0.14;0.00;0.00
12.12.2020;15:42:24;54.92;39.15;9.94;751.30;0.13;0.00;0.00
12.12.2020;15:43:24;51.78;39.32;9.95;751.31;0.12;0.00;0.00
12.12.2020;15:44:24;46.38;38.87;9.94;751.33;0.10;0.00;0.00
12.12.2020;15:45:24;43.53;39.16;9.94;751.34;0.09;0.00;0.00
12.12.2020;15:46:24;42.28;39.25;9.94;751.37;0.08;0.00;0.00
12.12.2020;15:47:24;38.35;39.15;9.93;751.40;0.07;0.00;0.00
12.12.2020;15:48:24;33.71;39.31;9.93;751.41;0.05;0.00;0.00
12.12.2020;15:49:24;29.11;39.29;9.94;751.43;0.04;0.00;0.00
12.12.2020;15:50:24;28.18;39.11;9.94;751.44;0.04;0.00;0.00
12.12.2020;15:51:24;25.07;38.90;9.92;751.45;0.02;0.00;0.00
12.12.2020;15:52:24;24.29;39.09;9.90;751.43;0.02;0.00;0.00
12.12.2020;15:53:24;22.02;39.22;9.91;751.43;0.01;0.00;0.00
12.12.2020;15:54:24;20.92;39.04;9.89;751.43;0.01;0.00;0.00
12.12.2020;15:55:24;19.25;39.02;9.88;751.42;0.00;0.00;0.00
12.12.2020;15:56:24;17.87;39.06;9.86;751.41;0.00;0.00;0.00
12.12.2020;15:57:24;16.74;39.00;9.85;751.41;0.00;0.00;0.00
12.12.2020;15:58:24;15.33;39.03;9.84;751.43;0.00;0.00;0.00
12.12.2020;15:59:24;14.14;39.34;9.83;751.46;0.00;0.00;0.00
12.12.2020;16:00:24;12.78;39.14;9.83;751.49;0.00;0.00;0.00
12.12.2020;16:01:24;12.40;39.40;9.82;751.51;0.00;0.00;0.00
12.12.2020;16:02:24;11.38;39.24;9.81;751.51;0.00;0.00;0.00
12.12.2020;16:03:24;10.26;39.17;9.81;751.51;0.00;0.00;0.00
12.12.2020;16:04:24;9.44;39.51;9.80;751.50;0.00;0.00;0.00
12.12.2020;16:05:24;9.17;39.49;9.82;751.51;0.00;0.00;0.00
12.12.2020;16:06:24;8.33;39.47;9.82;751.52;0.00;0.00;0.00
12.12.2020;16:07:24;7.50;39.52;9.83;751.53;0.00;0.00;0.00
12.12.2020;16:08:24;7.50;39.33;9.83;751.53;0.00;0.00;0.00
12.12.2020;16:09:24;7.08;39.43;9.84;751.52;0.00;0.00;0.00
12.12.2020;16:10:24;6.67;39.32;9.84;751.50;0.00;0.00;0.00
12.12.2020;16:11:24;6.54;39.38;9.85;751.47;0.00;0.00;0.00
12.12.2020;16:12:24;5.83;39.13;9.84;751.45;0.00;0.00;0.00
12.12.2020;16:13:24;5.28;39.50;9.84;751.46;0.00;0.00;0.00
12.12.2020;16:14:24;5.03;39.54;9.86;751.49;0.00;0.00;0.00
12.12.2020;16:15:25;4.68;39.51;9.87;751.51;0.00;0.00;0.00
12.12.2020;16:16:25;4.17;39.49;9.88;751.52;0.00;0.00;0.00
12.12.2020;16:17:25;4.18;39.29;9.88;751.54;0.00;0.00;0.00
12.12.2020;16:18:25;4.17;39.30;9.87;751.55;0.00;0.00;0.00
12.12.2020;16:19:25;4.12;39.16;9.86;751.56;0.00;0.00;0.00
12.12.2020;16:20:25;3.51;39.51;9.87;751.55;0.00;0.00;0.00
12.12.2020;16:21:25;3.33;39.16;9.88;751.53;0.00;0.00;0.00
12.12.2020;16:22:25;3.33;39.36;9.88;751.51;0.00;0.00;0.00
12.12.2020;16:23:25;3.33;39.41;9.88;751.50;0.00;0.00;0.00
12.12.2020;16:24:25;3.33;38.79;9.87;751.48;0.00;0.00;0.00
12.12.2020;16:25:25;3.35;39.01;9.85;751.46;0.00;0.00;0.00
12.12.2020;16:26:25;3.33;39.05;9.85;751.43;0.00;0.00;0.00
12.12.2020;16:27:25;3.33;39.34;9.84;751.43;0.00;0.00;0.00
12.12.2020;16:28:25;3.36;39.41;9.85;751.43;0.00;0.00;0.00
12.12.2020;16:29:25;3.33;39.12;9.85;751.41;0.00;0.00;0.00
12.12.2020;16:30:25;3.33;39.14;9.84;751.39;0.00;0.00;0.00
12.12.2020;16:31:25;3.33;39.24;9.84;751.38;0.00;0.00;0.00
12.12.2020;16:32:25;3.33;39.40;9.85;751.39;0.00;0.00;0.00
12.12.2020;16:33:25;3.33;39.41;9.86;751.41;0.00;0.00;0.00
12.12.2020;16:34:25;3.33;39.05;9.85;751.41;0.00;0.00;0.00
12.12.2020;16:35:25;3.33;38.81;9.82;751.40;0.00;0.00;0.00
12.12.2020;16:36:25;3.33;38.85;9.80;751.37;0.00;0.00;0.00
12.12.2020;16:37:25;3.33;39.23;9.79;751.37;0.00;0.00;0.00
12.12.2020;16:38:25;3.33;39.44;9.79;751.36;0.00;0.00;0.00
12.12.2020;16:39:25;3.35;39.47;9.79;751.37;0.00;0.00;0.00
12.12.2020;16:40:25;3.33;39.55;9.80;751.36;0.00;0.00;0.00
12.12.2020;16:41:25;3.33;39.56;9.82;751.38;0.00;0.00;0.00
12.12.2020;16:42:25;3.36;39.41;9.83;751.39;0.00;0.00;0.00
12.12.2020;16:43:25;3.33;39.42;9.83;751.39;0.00;0.00;0.00
12.12.2020;16:44:25;3.33;39.21;9.83;751.40;0.00;0.00;0.00
12.12.2020;16:45:25;3.33;39.30;9.83;751.42;0.00;0.00;0.00
12.12.2020;16:46:25;3.33;38.83;9.81;751.42;0.00;0.00;0.00
12.12.2020;16:47:25;3.33;39.14;9.80;751.42;0.00;0.00;0.00
12.12.2020;16:48:25;3.33;39.26;9.80;751.44;0.00;0.00;0.00
12.12.2020;16:49:25;3.33;39.43;9.80;751.45;0.00;0.00;0.00
12.12.2020;16:50:25;3.33;39.51;9.81;751.46;0.00;0.00;0.00
12.12.2020;16:51:26;3.33;39.43;9.82;751.47;0.00;0.00;0.00
12.12.2020;16:52:26;3.33;39.48;9.83;751.49;0.00;0.00;0.00
12.12.2020;16:53:26;3.35;39.41;9.84;751.52;0.00;0.00;0.00
12.12.2020;16:54:26;3.33;39.34;9.83;751.53;0.00;0.00;0.00
12.12.2020;16:55:26;3.33;39.21;9.83;751.54;0.00;0.00;0.00
12.12.2020;16:56:26;3.36;39.20;9.83;751.53;0.00;0.00;0.00
12.12.2020;16:57:26;3.33;39.20;9.82;751.52;0.00;0.00;0.00
12.12.2020;16:58:26;3.33;39.31;9.82;751.52;0.00;0.00;0.00
12.12.2020;16:59:26;3.33;39.12;9.82;751.51;0.00;0.00;0.00
12.12.2020;17:00:26;3.33;39.30;9.81;751.48;0.00;0.00;0.00
12.12.2020;17:01:26;3.33;39.28;9.81;751.48;0.00;0.00;0.00
12.12.2020;17:02:26;3.33;39.46;9.82;751.48;0.00;0.00;0.00
12.12.2020;17:03:26;3.33;39.07;9.81;751.50;0.00;0.00;0.00
12.12.2020;17:04:26;3.33;39.13;9.80;751.50;0.00;0.00;0.00
12.12.2020;17:05:26;3.33;39.41;9.78;751.54;0.00;0.00;0.00
12.12.2020;17:06:26;3.33;39.59;9.80;751.56;0.00;0.00;0.00
12.12.2020;17:07:26;3.35;39.54;9.82;751.57;0.00;0.00;0.00
12.12.2020;17:08:26;3.33;39.27;9.83;751.56;0.00;0.00;0.00
12.12.2020;17:09:26;3.33;39.31;9.83;751.55;0.00;0.00;0.00
12.12.2020;17:10:26;3.36;39.48;9.82;751.54;0.00;0.00;0.00
12.12.2020;17:11:26;3.33;39.36;9.83;751.54;0.00;0.00;0.00
12.12.2020;17:12:26;3.33;39.31;9.83;751.53;0.00;0.00;0.00
12.12.2020;17:13:26;3.33;39.23;9.83;751.52;0.00;0.00;0.00
12.12.2020;17:14:26;3.33;39.28;9.83;751.51;0.00;0.00;0.00
12.12.2020;17:15:26;3.33;39.32;9.83;751.52;0.00;0.00;0.00
12.12.2020;17:16:26;3.33;39.39;9.84;751.53;0.00;0.00;0.00
12.12.2020;17:17:26;3.33;39.36;9.84;751.53;0.00;0.00;0.00
12.12.2020;17:18:26;3.33;39.37;9.84;751.51;0.00;0.00;0.00
12.12.2020;17:19:26;3.33;39.12;9.84;751.52;0.00;0.00;0.00
12.12.2020;17:20:26;3.33;39.42;9.84;751.51;0.00;0.00;0.00
12.12.2020;17:21:26;3.35;39.33;9.85;751.51;0.00;0.00;0.00
12.12.2020;17:22:26;3.33;39.16;9.84;751.51;0.00;0.00;0.00
12.12.2020;17:23:26;3.33;39.33;9.84;751.52;0.00;0.00;0.00
12.12.2020;17:24:26;3.36;39.44;9.85;751.53;0.00;0.00;0.00
12.12.2020;17:25:26;3.33;38.97;9.84;751.52;0.00;0.00;0.00
12.12.2020;17:26:26;3.33;39.21;9.83;751.53;0.00;0.00;0.00
12.12.2020;17:27:27;3.33;39.35;9.83;751.54;0.00;0.00;0.00
12.12.2020;17:28:27;3.33;39.35;9.83;751.55;0.00;0.00;0.00
12.12.2020;17:29:27;3.33;39.25;9.82;751.56;0.00;0.00;0.00
12.12.2020;17:30:27;3.33;39.29;9.82;751.55;0.00;0.00;0.00
12.12.2020;17:31:27;3.33;39.27;9.82;751.57;0.00;0.00;0.00
12.12.2020;17:32:27;3.33;39.39;9.83;751.56;0.00;0.00;0.00
12.12.2020;17:33:27;3.33;39.19;9.83;751.55;0.00;0.00;0.00
12.12.2020;17:34:27;3.33;39.41;9.84;751.53;0.00;0.00;0.00
12.12.2020;17:35:27;3.35;39.21;9.83;751.53;0.00;0.00;0.00
12.12.2020;17:36:27;3.33;39.36;9.83;751.50;0.00;0.00;0.00
12.12.2020;17:37:27;3.33;39.30;9.84;751.49;0.00;0.00;0.00
12.12.2020;17:38:27;3.36;39.21;9.83;751.48;0.00;0.00;0.00
12.12.2020;17:39:27;3.33;39.36;9.83;751.48;0.00;0.00;0.00
12.12.2020;17:40:27;3.33;39.26;9.84;751.48;0.00;0.00;0.00
12.12.2020;17:41:27;3.33;39.48;9.84;751.49;0.00;0.00;0.00
12.12.2020;17:42:27;3.33;39.11;9.84;751.48;0.00;0.00;0.00
12.12.2020;17:43:27;3.33;39.32;9.83;751.47;0.00;0.00;0.00
12.12.2020;17:44:27;3.33;39.37;9.83;751.46;0.00;0.00;0.00
12.12.2020;17:45:27;3.33;39.08;9.82;751.45;0.00;0.00;0.00
12.12.2020;17:46:27;3.33;39.34;9.81;751.45;0.00;0.00;0.00
12.12.2020;17:47:27;3.33;39.27;9.82;751.46;0.00;0.00;0.00
12.12.2020;17:48:27;3.33;39.33;9.82;751.48;0.00;0.00;0.00
12.12.2020;17:49:27;3.35;39.26;9.81;751.47;0.00;0.00;0.00
12.12.2020;17:50:27;3.33;39.20;9.80;751.46;0.00;0.00;0.00
12.12.2020;17:51:27;3.33;39.27;9.80;751.45;0.00;0.00;0.00
12.12.2020;17:52:27;3.36;39.20;9.79;751.45;0.00;0.00;0.00
12.12.2020;17:53:27;3.33;39.48;9.80;751.44;0.00;0.00;0.00
12.12.2020;17:54:27;3.33;39.53;9.81;751.44;0.00;0.00;0.00
12.12.2020;17:55:27;3.33;39.46;9.82;751.44;0.00;0.00;0.00
12.12.2020;17:56:27;3.33;39.19;9.80;751.43;0.00;0.00;0.00
12.12.2020;17:57:27;3.33;39.41;9.80;751.42;0.00;0.00;0.00
12.12.2020;17:58:27;3.33;39.57;9.81;751.42;0.00;0.00;0.00
12.12.2020;17:59:27;3.33;39.35;9.81;751.42;0.00;0.00;0.00
12.12.2020;18:00:27;3.33;39.35;9.82;751.41;0.00;0.00;0.00
12.12.2020;18:01:27;3.33;39.35;9.82;751.42;0.00;0.00;0.00
12.12.2020;18:02:27;3.33;39.40;9.82;751.41;0.00;0.00;0.00
12.12.2020;18:03:28;3.35;39.35;9.82;751.41;0.00;0.00;0.00
12.12.2020;18:04:28;3.33;39.37;9.82;751.40;0.00;0.00;0.00
12.12.2020;18:05:28;3.33;39.36;9.83;751.39;0.00;0.00;0.00
12.12.2020;18:06:28;3.36;39.08;9.80;751.39;0.00;0.00;0.00
12.12.2020;18:07:28;3.33;39.49;9.81;751.39;0.00;0.00;0.00
12.12.2020;18:08:28;3.33;39.51;9.82;751.42;0.00;0.00;0.00
12.12.2020;18:09:28;3.33;39.48;9.84;751.41;0.00;0.00;0.00
12.12.2020;18:10:28;3.33;39.49;9.84;751.41;0.00;0.00;0.00
12.12.2020;18:11:28;3.33;39.22;9.84;751.43;0.00;0.00;0.00
12.12.2020;18:12:28;3.33;39.50;9.84;751.43;0.00;0.00;0.00
12.12.2020;18:13:28;3.33;39.31;9.85;751.44;0.00;0.00;0.00
12.12.2020;18:14:28;3.33;39.48;9.85;751.43;0.00;0.00;0.00
12.12.2020;18:15:28;3.33;39.43;9.86;751.44;0.00;0.00;0.00
12.12.2020;18:16:28;3.33;39.40;9.87;751.45;0.00;0.00;0.00
12.12.2020;18:17:28;3.35;39.23;9.88;751.45;0.00;0.00;0.00
12.12.2020;18:18:28;3.33;39.32;9.87;751.45;0.00;0.00;0.00
12.12.2020;18:19:28;3.33;39.20;9.87;751.46;0.00;0.00;0.00
12.12.2020;18:20:28;3.36;39.26;9.85;751.46;0.00;0.00;0.00
12.12.2020;18:21:28;3.33;39.45;9.87;751.45;0.00;0.00;0.00
12.12.2020;18:22:28;3.33;39.33;9.87;751.44;0.00;0.00;0.00
12.12.2020;18:23:28;3.33;39.44;9.87;751.44;0.00;0.00;0.00
12.12.2020;18:24:28;3.33;39.35;9.87;751.44;0.00;0.00;0.00
12.12.2020;18:25:28;3.33;39.35;9.88;751.45;0.00;0.00;0.00
12.12.2020;18:26:28;3.33;38.93;9.87;751.44;0.00;0.00;0.00
12.12.2020;18:27:28;3.33;39.28;9.85;751.45;0.00;0.00;0.00
12.12.2020;18:28:28;3.33;39.37;9.85;751.46;0.00;0.00;0.00
12.12.2020;18:29:28;3.33;39.33;9.85;751.47;0.00;0.00;0.00
12.12.2020;18:30:28;3.33;38.84;9.83;751.48;0.00;0.00;0.00
12.12.2020;18:31:28;3.35;39.18;9.82;751.48;0.00;0.00;0.00
12.12.2020;18:32:28;3.33;39.12;9.80;751.47;0.00;0.00;0.00
12.12.2020;18:33:28;3.33;39.38;9.79;751.46;0.00;0.00;0.00
12.12.2020;18:34:28;3.36;39.35;9.79;751.46;0.00;0.00;0.00
12.12.2020;18:35:28;3.33;39.49;9.79;751.45;0.00;0.00;0.00
12.12.2020;18:36:28;3.33;39.47;9.81;751.46;0.00;0.00;0.00
12.12.2020;18:37:28;3.33;39.43;9.81;751.46;0.00;0.00;0.00
12.12.2020;18:38:28;3.33;39.42;9.81;751.47;0.00;0.00;0.00
12.12.2020;18:39:29;3.33;39.36;9.80;751.47;0.00;0.00;0.00
12.12.2020;18:40:29;3.33;39.44;9.80;751.46;0.00;0.00;0.00
12.12.2020;18:41:29;3.33;39.36;9.80;751.46;0.00;0.00;0.00
12.12.2020;18:42:29;3.33;39.41;9.80;751.48;0.00;0.00;0.00
12.12.2020;18:43:29;3.33;39.44;9.81;751.49;0.00;0.00;0.00
12.12.2020;18:44:29;3.33;39.31;9.81;751.50;0.00;0.00;0.00
12.12.2020;18:45:29;3.35;39.33;9.79;751.50;0.00;0.00;0.00
12.12.2020;18:46:29;3.33;39.33;9.79;751.50;0.00;0.00;0.00
12.12.2020;18:47:29;3.33;39.47;9.79;751.51;0.00;0.00;0.00
12.12.2020;18:48:29;3.36;39.45;9.80;751.51;0.00;0.00;0.00
12.12.2020;18:49:29;3.33;39.54;9.79;751.51;0.00;0.00;0.00
12.12.2020;18:50:29;3.33;39.43;9.80;751.52;0.00;0.00;0.00
12.12.2020;18:51:29;3.33;39.31;9.78;751.54;0.00;0.00;0.00
12.12.2020;18:52:29;3.33;39.55;9.78;751.55;0.00;0.00;0.00
12.12.2020;18:53:29;3.33;39.54;9.80;751.54;0.00;0.00;0.00
12.12.2020;18:54:29;3.33;39.51;9.80;751.55;0.00;0.00;0.00
12.12.2020;18:55:29;3.33;39.55;9.81;751.56;0.00;0.00;0.00
12.12.2020;18:56:29;3.33;39.49;9.82;751.56;0.00;0.00;0.00
12.12.2020;18:57:29;3.33;39.40;9.82;751.56;0.00;0.00;0.00
12.12.2020;18:58:29;3.33;39.36;9.82;751.57;0.00;0.00;0.00
12.12.2020;18:59:29;3.35;39.42;9.82;751.57;0.00;0.00;0.00
12.12.2020;19:00:29;3.33;39.43;9.83;751.56;0.00;0.00;0.00
12.12.2020;19:01:29;3.33;39.48;9.83;751.57;0.00;0.00;0.00
12.12.2020;19:02:29;3.36;39.44;9.84;751.57;0.00;0.00;0.00
12.12.2020;19:03:29;3.33;39.17;9.83;751.58;0.00;0.00;0.00
12.12.2020;19:04:29;3.33;39.38;9.82;751.59;0.00;0.00;0.00
12.12.2020;19:05:29;3.33;39.43;9.83;751.58;0.00;0.00;0.00
12.12.2020;19:06:29;3.33;39.36;9.82;751.59;0.00;0.00;0.00
12.12.2020;19:07:29;3.33;39.54;9.83;751.60;0.00;0.00;0.00
12.12.2020;19:08:29;3.33;39.52;9.85;751.60;0.00;0.00;0.00
12.12.2020;19:09:29;3.33;39.43;9.86;751.60;0.00;0.00;0.00
12.12.2020;19:10:29;3.33;39.27;9.86;751.60;0.00;0.00;0.00
12.12.2020;19:11:29;3.33;39.33;9.85;751.60;0.00;0.00;0.00
12.12.2020;19:12:29;3.33;39.35;9.86;751.60;0.00;0.00;0.00
12.12.2020;19:13:29;3.35;39.37;9.86;751.60;0.00;0.00;0.00
12.12.2020;19:14:29;3.33;39.33;9.86;751.60;0.00;0.00;0.00
12.12.2020;19:15:30;3.33;39.31;9.87;751.61;0.00;0.00;0.00
12.12.2020;19:16:30;3.35;39.19;9.86;751.61;0.00;0.00;0.00
12.12.2020;19:17:30;3.33;39.25;9.85;751.61;0.00;0.00;0.00
12.12.2020;19:18:30;3.33;39.29;9.85;751.60;0.00;0.00;0.00
12.12.2020;19:19:30;3.33;39.28;9.85;751.59;0.00;0.00;0.00
12.12.2020;19:20:30;3.33;39.30;9.85;751.58;0.00;0.00;0.00
12.12.2020;19:21:30;3.33;39.45;9.85;751.59;0.00;0.00;0.00
12.12.2020;19:22:30;3.33;39.45;9.86;751.59;0.00;0.00;0.00
12.12.2020;19:23:30;3.33;39.39;9.86;751.59;0.00;0.00;0.00
12.12.2020;19:24:30;3.33;39.45;9.86;751.59;0.00;0.00;0.00
12.12.2020;19:25:30;3.33;39.35;9.87;751.60;0.00;0.00;0.00
12.12.2020;19:26:30;3.33;39.19;9.86;751.61;0.00;0.00;0.00
12.12.2020;19:27:30;3.35;39.34;9.85;751.62;0.00;0.00;0.00
12.12.2020;19:28:30;3.33;39.35;9.86;751.62;0.00;0.00;0.00
12.12.2020;19:29:30;3.33;39.39;9.86;751.61;0.00;0.00;0.00
12.12.2020;19:30:30;3.36;39.32;9.86;751.60;0.00;0.00;0.00
12.12.2020;19:31:30;3.33;39.22;9.86;751.59;0.00;0.00;0.00
12.12.2020;19:32:30;3.33;39.13;9.84;751.60;0.00;0.00;0.00
12.12.2020;19:33:30;3.33;39.31;9.84;751.60;0.00;0.00;0.00
12.12.2020;19:34:30;3.33;39.42;9.85;751.59;0.00;0.00;0.00
12.12.2020;19:35:30;3.33;39.13;9.85;751.58;0.00;0.00;0.00
12.12.2020;19:36:30;3.33;39.24;9.84;751.57;0.00;0.00;0.00
12.12.2020;19:37:30;3.33;39.28;9.83;751.58;0.00;0.00;0.00
12.12.2020;19:38:30;3.33;39.30;9.83;751.58;0.00;0.00;0.00
12.12.2020;19:39:30;3.33;39.18;9.82;751.58;0.00;0.00;0.00
12.12.2020;19:40:30;3.33;39.27;9.80;751.57;0.00;0.00;0.00
12.12.2020;19:41:30;3.35;39.30;9.80;751.57;0.00;0.00;0.00
12.12.2020;19:42:30;3.33;39.39;9.80;751.57;0.00;0.00;0.00
12.12.2020;19:43:30;3.33;39.36;9.80;751.56;0.00;0.00;0.00
12.12.2020;19:44:30;3.36;39.29;9.79;751.53;0.00;0.00;0.00
12.12.2020;19:45:30;3.33;39.35;9.79;751.53;0.00;0.00;0.00
12.12.2020;19:46:30;3.33;39.36;9.78;751.51;0.00;0.00;0.00
12.12.2020;19:47:30;3.33;39.35;9.78;751.52;0.00;0.00;0.00
12.12.2020;19:48:30;3.33;39.46;9.77;751.53;0.00;0.00;0.00
12.12.2020;19:49:30;3.33;39.41;9.78;751.52;0.00;0.00;0.00
12.12.2020;19:50:30;3.33;39.07;9.77;751.52;0.00;0.00;0.00
12.12.2020;19:51:31;3.33;39.36;9.75;751.54;0.00;0.00;0.00
12.12.2020;19:52:31;3.33;39.48;9.76;751.55;0.00;0.00;0.00
12.12.2020;19:53:31;3.33;39.53;9.76;751.55;0.00;0.00;0.00
12.12.2020;19:54:31;3.33;39.25;9.76;751.54;0.00;0.00;0.00
12.12.2020;19:55:31;3.35;39.18;9.75;751.55;0.00;0.00;0.00
12.12.2020;19:56:31;3.33;39.32;9.74;751.56;0.00;0.00;0.00
12.12.2020;19:57:31;3.33;39.47;9.72;751.57;0.00;0.00;0.00
12.12.2020;19:58:31;3.36;39.53;9.72;751.57;0.00;0.00;0.00
12.12.2020;19:59:31;3.33;39.50;9.72;751.58;0.00;0.00;0.00
12.12.2020;20:00:31;3.33;39.45;9.71;751.58;0.00;0.00;0.00
12.12.2020;20:01:31;3.33;39.48;9.71;751.58;0.00;0.00;0.00
12.12.2020;20:02:31;3.33;39.57;9.71;751.58;0.00;0.00;0.00
12.12.2020;20:03:31;3.33;39.41;9.71;751.59;0.00;0.00;0.00
12.12.2020;20:04:31;3.33;39.54;9.71;751.58;0.00;0.00;0.00
12.12.2020;20:05:31;3.33;39.44;9.70;751.58;0.00;0.00;0.00
12.12.2020;20:06:31;3.33;39.57;9.70;751.58;0.00;0.00;0.00
12.12.2020;20:07:31;3.33;39.47;9.70;751.59;0.00;0.00;0.00
12.12.2020;20:08:31;3.33;39.48;9.70;751.60;0.00;0.00;0.00
12.12.2020;20:09:31;3.35;39.43;9.69;751.61;0.00;0.00;0.00
12.12.2020;20:10:31;3.33;39.55;9.69;751.61;0.00;0.00;0.00
12.12.2020;20:11:31;3.33;39.42;9.68;751.61;0.00;0.00;0.00
12.12.2020;20:12:31;3.36;39.32;9.66;751.63;0.00;0.00;0.00
12.12.2020;20:13:31;3.33;39.65;9.66;751.63;0.00;0.00;0.00
12.12.2020;20:14:31;3.33;39.56;9.67;751.64;0.00;0.00;0.00
12.12.2020;20:15:31;3.33;39.49;9.67;751.66;0.00;0.00;0.00
12.12.2020;20:16:31;3.33;39.57;9.67;751.67;0.00;0.00;0.00
12.12.2020;20:17:31;3.33;39.65;9.67;751.68;0.00;0.00;0.00
12.12.2020;20:18:31;3.33;39.57;9.67;751.69;0.00;0.00;0.00
12.12.2020;20:19:31;3.33;39.61;9.67;751.70;0.00;0.00;0.00
12.12.2020;20:20:31;3.33;39.62;9.68;751.71;0.00;0.00;0.00
12.12.2020;20:21:31;3.33;39.61;9.69;751.71;0.00;0.00;0.00
12.12.2020;20:22:31;3.33;39.60;9.69;751.70;0.00;0.00;0.00
12.12.2020;20:23:31;3.35;39.47;9.68;751.69;0.00;0.00;0.00
12.12.2020;20:24:31;3.33;39.50;9.68;751.68;0.00;0.00;0.00
12.12.2020;20:25:31;3.33;39.55;9.69;751.68;0.00;0.00;0.00
12.12.2020;20:26:31;3.35;39.53;9.69;751.69;0.00;0.00;0.00
12.12.2020;20:27:32;3.33;39.51;9.69;751.71;0.00;0.00;0.00
12.12.2020;20:28:32;3.33;39.54;9.69;751.70;0.00;0.00;0.00
12.12.2020;20:29:32;3.33;39.54;9.70;751.71;0.00;0.00;0.00
12.12.2020;20:30:32;3.33;39.51;9.71;751.70;0.00;0.00;0.00
12.12.2020;20:31:32;3.33;39.47;9.71;751.70;0.00;0.00;0.00
12.12.2020;20:32:32;3.33;39.49;9.71;751.69;0.00;0.00;0.00
12.12.2020;20:33:32;3.33;39.44;9.71;751.69;0.00;0.00;0.00
12.12.2020;20:34:32;3.33;39.49;9.72;751.70;0.00;0.00;0.00
12.12.2020;20:35:32;3.33;39.47;9.72;751.71;0.00;0.00;0.00
12.12.2020;20:36:32;3.33;39.39;9.72;751.71;0.00;0.00;0.00
12.12.2020;20:37:32;3.35;39.41;9.71;751.72;0.00;0.00;0.00
12.12.2020;20:38:32;3.33;39.40;9.72;751.72;0.00;0.00;0.00
12.12.2020;20:39:32;3.33;39.37;9.70;751.72;0.00;0.00;0.00
12.12.2020;20:40:32;3.36;39.46;9.70;751.72;0.00;0.00;0.00
12.12.2020;20:41:32;3.33;39.25;9.70;751.70;0.00;0.00;0.00
12.12.2020;20:42:32;3.33;39.46;9.69;751.70;0.00;0.00;0.00
12.12.2020;20:43:32;3.33;39.51;9.69;751.71;0.00;0.00;0.00
12.12.2020;20:44:32;3.33;39.49;9.69;751.73;0.00;0.00;0.00
12.12.2020;20:45:32;3.33;39.42;9.68;751.75;0.00;0.00;0.00
12.12.2020;20:46:32;3.33;39.47;9.69;751.76;0.00;0.00;0.00
12.12.2020;20:47:32;3.33;39.44;9.68;751.78;0.00;0.00;0.00
12.12.2020;20:48:32;3.33;39.53;9.68;751.78;0.00;0.00;0.00
12.12.2020;20:49:32;3.33;39.53;9.68;751.78;0.00;0.00;0.00
12.12.2020;20:50:32;3.33;39.56;9.68;751.80;0.00;0.00;0.00
12.12.2020;20:51:32;3.35;39.57;9.68;751.80;0.00;0.00;0.00
12.12.2020;20:52:32;3.33;39.43;9.68;751.80;0.00;0.00;0.00
12.12.2020;20:53:32;3.33;39.45;9.69;751.79;0.00;0.00;0.00
12.12.2020;20:54:32;3.36;39.44;9.69;751.78;0.00;0.00;0.00
12.12.2020;20:55:32;3.33;39.44;9.68;751.77;0.00;0.00;0.00
12.12.2020;20:56:32;3.33;39.39;9.67;751.78;0.00;0.00;0.00
12.12.2020;20:57:32;3.33;39.49;9.67;751.77;0.00;0.00;0.00
12.12.2020;20:58:32;3.33;39.52;9.68;751.77;0.00;0.00;0.00
12.12.2020;20:59:32;3.33;39.47;9.67;751.76;0.00;0.00;0.00
12.12.2020;21:00:32;3.33;39.38;9.67;751.74;0.00;0.00;0.00
12.12.2020;21:01:32;3.33;39.42;9.67;751.74;0.00;0.00;0.00
12.12.2020;21:02:32;3.33;39.55;9.67;751.71;0.00;0.00;0.00
12.12.2020;21:03:33;3.33;39.46;9.67;751.71;0.00;0.00;0.00
12.12.2020;21:04:33;3.33;39.55;9.67;751.72;0.00;0.00;0.00
12.12.2020;21:05:33;3.35;39.47;9.67;751.73;0.00;0.00;0.00
12.12.2020;21:06:33;3.33;39.43;9.67;751.73;0.00;0.00;0.00
12.12.2020;21:07:33;3.33;39.54;9.66;751.74;0.00;0.00;0.00
12.12.2020;21:08:33;3.36;39.53;9.66;751.74;0.00;0.00;0.00
12.12.2020;21:09:33;3.33;39.54;9.65;751.73;0.00;0.00;0.00
12.12.2020;21:10:33;3.33;39.47;9.65;751.72;0.00;0.00;0.00
12.12.2020;21:11:33;3.33;39.45;9.63;751.72;0.00;0.00;0.00
12.12.2020;21:12:33;3.33;39.52;9.63;751.72;0.00;0.00;0.00
12.12.2020;21:13:33;3.33;39.54;9.62;751.71;0.00;0.00;0.00
12.12.2020;21:14:33;3.33;39.53;9.61;751.71;0.00;0.00;0.00
12.12.2020;21:15:33;3.33;39.61;9.62;751.71;0.00;0.00;0.00
12.12.2020;21:16:33;3.33;39.63;9.63;751.73;0.00;0.00;0.00
12.12.2020;21:17:33;3.33;39.57;9.63;751.75;0.00;0.00;0.00
12.12.2020;21:18:33;3.33;39.59;9.62;751.75;0.00;0.00;0.00
12.12.2020;21:19:33;3.35;39.55;9.62;751.74;0.00;0.00;0.00
12.12.2020;21:20:33;3.33;39.58;9.63;751.75;0.00;0.00;0.00
12.12.2020;21:21:33;3.33;39.51;9.62;751.76;0.00;0.00;0.00
12.12.2020;21:22:33;3.36;39.52;9.61;751.76;0.00;0.00;0.00
12.12.2020;21:23:33;3.33;39.67;9.61;751.76;0.00;0.00;0.00
12.12.2020;21:24:33;3.33;39.58;9.61;751.76;0.00;0.00;0.00
12.12.2020;21:25:33;3.33;39.62;9.61;751.75;0.00;0.00;0.00
12.12.2020;21:26:33;3.33;39.56;9.60;751.73;0.00;0.00;0.00
12.12.2020;21:27:33;3.33;39.62;9.60;751.73;0.00;0.00;0.00
12.12.2020;21:28:33;3.33;39.65;9.61;751.74;0.00;0.00;0.00
12.12.2020;21:29:33;3.33;39.63;9.62;751.76;0.00;0.00;0.00
12.12.2020;21:30:33;3.33;39.61;9.63;751.77;0.00;0.00;0.00
12.12.2020;21:31:33;3.33;39.59;9.63;751.79;0.00;0.00;0.00
12.12.2020;21:32:33;3.33;39.55;9.62;751.81;0.00;0.00;0.00
12.12.2020;21:33:33;3.35;39.52;9.62;751.81;0.00;0.00;0.00
12.12.2020;21:34:33;3.33;39.59;9.62;751.80;0.00;0.00;0.00
12.12.2020;21:35:33;3.33;39.64;9.62;751.81;0.00;0.00;0.00
12.12.2020;21:36:33;3.36;39.63;9.62;751.81;0.00;0.00;0.00
12.12.2020;21:37:33;3.33;39.60;9.62;751.81;0.00;0.00;0.00
12.12.2020;21:38:33;3.33;39.63;9.62;751.81;0.00;0.00;0.00
12.12.2020;21:39:34;3.33;39.54;9.62;751.82;0.00;0.00;0.00
12.12.2020;21:40:34;3.33;39.61;9.61;751.81;0.00;0.00;0.00
12.12.2020;21:41:34;3.33;39.63;9.61;751.82;0.00;0.00;0.00
12.12.2020;21:42:34;3.33;39.65;9.61;751.80;0.00;0.00;0.00
12.12.2020;21:43:34;3.33;39.62;9.61;751.81;0.00;0.00;0.00
12.12.2020;21:44:34;3.33;39.64;9.62;751.81;0.00;0.00;0.00
12.12.2020;21:45:34;3.33;39.54;9.63;751.81;0.00;0.00;0.00
12.12.2020;21:46:34;3.33;39.56;9.62;751.81;0.00;0.00;0.00
12.12.2020;21:47:34;3.35;39.61;9.63;751.81;0.00;0.00;0.00
12.12.2020;21:48:34;3.33;39.56;9.63;751.80;0.00;0.00;0.00
12.12.2020;21:49:34;3.33;39.59;9.63;751.79;0.00;0.00;0.00
12.12.2020;21:50:34;3.36;39.50;9.63;751.78;0.00;0.00;0.00
12.12.2020;21:51:34;3.33;39.61;9.63;751.77;0.00;0.00;0.00
12.12.2020;21:52:34;3.33;39.53;9.63;751.77;0.00;0.00;0.00
12.12.2020;21:53:34;3.33;39.48;9.62;751.76;0.00;0.00;0.00
12.12.2020;21:54:34;3.33;39.59;9.62;751.75;0.00;0.00;0.00
12.12.2020;21:55:34;3.33;39.57;9.62;751.76;0.00;0.00;0.00
12.12.2020;21:56:34;3.33;39.57;9.62;751.77;0.00;0.00;0.00
12.12.2020;21:57:34;3.33;39.63;9.63;751.79;0.00;0.00;0.00
12.12.2020;21:58:34;3.33;39.55;9.63;751.79;0.00;0.00;0.00
12.12.2020;21:59:34;3.33;39.57;9.63;751.79;0.00;0.00;0.00
12.12.2020;22:00:34;3.33;39.53;9.64;751.78;0.00;0.00;0.00
12.12.2020;22:01:34;3.35;39.52;9.63;751.78;0.00;0.00;0.00
12.12.2020;22:02:34;3.33;39.56;9.63;751.78;0.00;0.00;0.00
12.12.2020;22:03:34;3.33;39.56;9.63;751.77;0.00;0.00;0.00
12.12.2020;22:04:34;3.35;39.48;9.63;751.78;0.00;0.00;0.00
12.12.2020;22:05:34;3.33;39.54;9.62;751.77;0.00;0.00;0.00
12.12.2020;22:06:34;3.33;39.60;9.61;751.77;0.00;0.00;0.00
12.12.2020;22:07:34;3.33;39.55;9.61;751.76;0.00;0.00;0.00
12.12.2020;22:08:34;3.33;39.62;9.61;751.75;0.00;0.00;0.00
12.12.2020;22:09:34;3.33;39.63;9.61;751.73;0.00;0.00;0.00
12.12.2020;22:10:34;3.33;39.58;9.62;751.73;0.00;0.00;0.00
12.12.2020;22:11:34;3.33;39.56;9.61;751.72;0.00;0.00;0.00
12.12.2020;22:12:34;3.33;39.55;9.61;751.72;0.00;0.00;0.00
12.12.2020;22:13:34;3.33;39.53;9.61;751.73;0.00;0.00;0.00
12.12.2020;22:14:34;3.33;39.55;9.61;751.71;0.00;0.00;0.00
12.12.2020;22:15:35;3.35;39.44;9.59;751.71;0.00;0.00;0.00
12.12.2020;22:16:35;3.33;39.51;9.58;751.68;0.00;0.00;0.00
12.12.2020;22:17:35;3.33;39.54;9.58;751.67;0.00;0.00;0.00
12.12.2020;22:18:35;3.36;39.48;9.56;751.63;0.00;0.00;0.00
12.12.2020;22:19:35;3.33;39.51;9.56;751.61;0.00;0.00;0.00
12.12.2020;22:20:35;3.33;39.66;9.56;751.60;0.00;0.00;0.00
12.12.2020;22:21:35;3.33;39.65;9.56;751.61;0.00;0.00;0.00
12.12.2020;22:22:35;3.33;39.72;9.55;751.62;0.00;0.00;0.00
12.12.2020;22:23:35;3.33;39.60;9.56;751.61;0.00;0.00;0.00
12.12.2020;22:24:35;3.33;39.61;9.55;751.60;0.00;0.00;0.00
12.12.2020;22:25:35;3.33;39.65;9.55;751.58;0.00;0.00;0.00
12.12.2020;22:26:35;3.33;39.58;9.54;751.59;0.00;0.00;0.00
12.12.2020;22:27:35;3.33;39.68;9.54;751.61;0.00;0.00;0.00
12.12.2020;22:28:35;3.33;39.73;9.55;751.63;0.00;0.00;0.00
12.12.2020;22:29:35;3.35;39.64;9.55;751.64;0.00;0.00;0.00
12.12.2020;22:30:35;3.33;39.71;9.54;751.64;0.00;0.00;0.00
12.12.2020;22:31:35;3.33;39.71;9.54;751.64;0.00;0.00;0.00
12.12.2020;22:32:35;3.36;39.62;9.54;751.65;0.00;0.00;0.00
12.12.2020;22:33:35;3.33;39.65;9.54;751.65;0.00;0.00;0.00
12.12.2020;22:34:35;3.33;39.59;9.54;751.63;0.00;0.00;0.00
12.12.2020;22:35:35;3.33;39.62;9.53;751.63;0.00;0.00;0.00
12.12.2020;22:36:35;3.33;39.71;9.53;751.62;0.00;0.00;0.00
12.12.2020;22:37:35;3.33;39.70;9.53;751.62;0.00;0.00;0.00
12.12.2020;22:38:35;3.33;39.68;9.52;751.62;0.00;0.00;0.00
12.12.2020;22:39:35;3.33;39.73;9.52;751.61;0.00;0.00;0.00
12.12.2020;22:40:35;3.33;39.68;9.51;751.62;0.00;0.00;0.00
12.12.2020;22:41:35;3.33;39.72;9.51;751.63;0.00;0.00;0.00
12.12.2020;22:42:35;3.33;39.67;9.50;751.63;0.00;0.00;0.00
12.12.2020;22:43:35;3.35;39.66;9.49;751.63;0.00;0.00;0.00
12.12.2020;22:44:35;3.33;39.76;9.48;751.63;0.00;0.00;0.00
12.12.2020;22:45:35;3.33;39.76;9.48;751.62;0.00;0.00;0.00
12.12.2020;22:46:35;3.36;39.79;9.48;751.61;0.00;0.00;0.00
12.12.2020;22:47:35;3.33;39.78;9.48;751.60;0.00;0.00;0.00
12.12.2020;22:48:35;3.33;39.78;9.48;751.62;0.00;0.00;0.00
12.12.2020;22:49:35;3.33;39.75;9.49;751.62;0.00;0.00;0.00
12.12.2020;22:50:35;3.33;39.79;9.49;751.64;0.00;0.00;0.00
12.12.2020;22:51:36;3.33;39.78;9.48;751.64;0.00;0.00;0.00
12.12.2020;22:52:36;3.33;39.78;9.48;751.64;0.00;0.00;0.00
12.12.2020;22:53:36;3.33;39.77;9.48;751.65;0.00;0.00;0.00
12.12.2020;22:54:36;3.33;39.79;9.47;751.66;0.00;0.00;0.00
12.12.2020;22:55:36;3.33;39.81;9.48;751.64;0.00;0.00;0.00
12.12.2020;22:56:36;3.33;39.78;9.48;751.65;0.00;0.00;0.00
12.12.2020;22:57:36;3.35;39.78;9.48;751.67;0.00;0.00;0.00
12.12.2020;22:58:36;3.33;39.78;9.47;751.69;0.00;0.00;0.00
12.12.2020;22:59:36;3.33;39.74;9.47;751.69;0.00;0.00;0.00
12.12.2020;23:00:36;3.35;39.78;9.47;751.70;0.00;0.00;0.00
12.12.2020;23:01:36;3.33;39.76;9.47;751.72;0.00;0.00;0.00
12.12.2020;23:02:36;3.33;39.79;9.48;751.72;0.00;0.00;0.00
12.12.2020;23:03:36;3.33;39.77;9.48;751.73;0.00;0.00;0.00
12.12.2020;23:04:36;3.33;39.77;9.47;751.72;0.00;0.00;0.00
12.12.2020;23:05:36;3.33;39.77;9.48;751.71;0.00;0.00;0.00
12.12.2020;23:06:36;3.33;39.76;9.48;751.71;0.00;0.00;0.00
12.12.2020;23:07:36;3.33;39.73;9.48;751.71;0.00;0.00;0.00
12.12.2020;23:08:36;3.33;39.75;9.48;751.71;0.00;0.00;0.00
12.12.2020;23:09:36;3.33;39.77;9.48;751.70;0.00;0.00;0.00
12.12.2020;23:10:36;3.33;39.70;9.47;751.70;0.00;0.00;0.00
12.12.2020;23:11:36;3.35;39.70;9.47;751.71;0.00;0.00;0.00
12.12.2020;23:12:36;3.33;39.67;9.45;751.70;0.00;0.00;0.00
12.12.2020;23:13:36;3.33;39.78;9.44;751.70;0.00;0.00;0.00
12.12.2020;23:14:36;3.36;39.84;9.45;751.71;0.00;0.00;0.00
12.12.2020;23:15:36;3.33;39.84;9.46;751.71;0.00;0.00;0.00
12.12.2020;23:16:36;3.33;39.80;9.46;751.70;0.00;0.00;0.00
12.12.2020;23:17:36;3.33;39.80;9.46;751.69;0.00;0.00;0.00
12.12.2020;23:18:36;3.33;39.79;9.46;751.68;0.00;0.00;0.00
12.12.2020;23:19:36;3.33;39.77;9.46;751.68;0.00;0.00;0.00
12.12.2020;23:20:36;3.33;39.77;9.45;751.69;0.00;0.00;0.00
12.12.2020;23:21:36;3.33;39.77;9.46;751.70;0.00;0.00;0.00
12.12.2020;23:22:36;3.33;39.78;9.46;751.70;0.00;0.00;0.00
12.12.2020;23:23:36;3.33;39.76;9.46;751.69;0.00;0.00;0.00
12.12.2020;23:24:36;3.33;39.77;9.46;751.70;0.00;0.00;0.00
12.12.2020;23:25:36;3.35;39.79;9.47;751.71;0.00;0.00;0.00
12.12.2020;23:26:36;3.33;39.80;9.47;751.71;0.00;0.00;0.00
12.12.2020;23:27:37;3.33;39.81;9.47;751.72;0.00;0.00;0.00
12.12.2020;23:28:37;3.36;39.76;9.47;751.73;0.00;0.00;0.00
12.12.2020;23:29:37;3.33;39.73;9.47;751.74;0.00;0.00;0.00
12.12.2020;23:30:37;3.33;39.74;9.47;751.74;0.00;0.00;0.00
12.12.2020;23:31:37;3.33;39.72;9.47;751.72;0.00;0.00;0.00
12.12.2020;23:32:37;3.33;39.71;9.46;751.72;0.00;0.00;0.00
12.12.2020;23:33:37;3.33;39.73;9.46;751.72;0.00;0.00;0.00
12.12.2020;23:34:37;3.33;39.69;9.45;751.71;0.00;0.00;0.00
12.12.2020;23:35:37;3.33;39.75;9.45;751.71;0.00;0.00;0.00
12.12.2020;23:36:37;3.33;39.77;9.45;751.70;0.00;0.00;0.00
12.12.2020;23:37:37;3.33;39.80;9.46;751.71;0.00;0.00;0.00
12.12.2020;23:38:37;3.33;39.76;9.45;751.71;0.00;0.00;0.00
12.12.2020;23:39:37;3.35;39.78;9.45;751.71;0.00;0.00;0.00
12.12.2020;23:40:37;3.33;39.75;9.45;751.71;0.00;0.00;0.00
12.12.2020;23:41:37;3.33;39.79;9.46;751.70;0.00;0.00;0.00
12.12.2020;23:42:37;3.36;39.75;9.46;751.70;0.00;0.00;0.00
12.12.2020;23:43:37;3.33;39.71;9.47;751.70;0.00;0.00;0.00
12.12.2020;23:44:37;3.33;39.74;9.47;751.70;0.00;0.00;0.00
12.12.2020;23:45:37;3.33;39.73;9.47;751.71;0.00;0.00;0.00
12.12.2020;23:46:37;3.33;39.76;9.47;751.73;0.00;0.00;0.00
12.12.2020;23:47:37;3.33;39.73;9.47;751.72;0.00;0.00;0.00
12.12.2020;23:48:37;3.33;39.76;9.47;751.72;0.00;0.00;0.00
12.12.2020;23:49:37;3.33;39.65;9.46;751.72;0.00;0.00;0.00
12.12.2020;23:50:37;3.33;39.70;9.44;751.72;0.00;0.00;0.00
12.12.2020;23:51:37;3.33;39.73;9.44;751.72;0.00;0.00;0.00
12.12.2020;23:52:37;3.33;39.80;9.44;751.72;0.00;0.00;0.00
12.12.2020;23:53:37;3.35;39.81;9.46;751.73;0.00;0.00;0.00
12.12.2020;23:54:37;3.33;39.73;9.46;751.73;0.00;0.00;0.00
12.12.2020;23:55:37;3.33;39.77;9.46;751.74;0.00;0.00;0.00
12.12.2020;23:56:37;3.35;39.78;9.46;751.73;0.00;0.00;0.00
12.12.2020;23:57:37;3.33;39.75;9.46;751.72;0.00;0.00;0.00
12.12.2020;23:58:37;3.33;39.75;9.46;751.72;0.00;0.00;0.00
12.12.2020;23:59:37;3.33;39.75;9.46;751.73;0.00;0.00;0.00
