13.01.2021;0:00:51;2.51;43.67;9.11;747.65;0.00;0.00;0.00
13.01.2021;0:01:51;2.57;43.78;9.12;747.63;0.00;0.00;0.00
13.01.2021;0:02:51;2.53;43.42;9.11;747.61;0.00;0.00;0.00
13.01.2021;0:03:51;2.56;43.28;9.10;747.62;0.00;0.00;0.00
13.01.2021;0:04:51;2.57;43.30;9.10;747.63;0.00;0.00;0.00
13.01.2021;0:05:51;2.53;43.80;9.10;747.64;0.00;0.00;0.00
13.01.2021;0:06:51;2.54;43.88;9.10;747.65;0.00;0.00;0.00
13.01.2021;0:07:51;2.57;43.81;9.11;747.66;0.00;0.00;0.00
13.01.2021;0:08:51;2.53;43.90;9.12;747.65;0.00;0.00;0.00
13.01.2021;0:09:51;2.61;43.72;9.12;747.63;0.00;0.00;0.00
13.01.2021;0:10:51;2.53;43.63;9.12;747.59;0.00;0.00;0.00
13.01.2021;0:11:51;2.56;43.53;9.11;747.57;0.00;0.00;0.00
13.01.2021;0:12:51;2.54;43.97;9.10;747.56;0.00;0.00;0.00
13.01.2021;0:13:51;2.56;43.51;9.10;747.55;0.00;0.00;0.00
13.01.2021;0:14:51;2.50;43.76;9.10;747.54;0.00;0.00;0.00
13.01.2021;0:15:51;2.57;43.48;9.10;747.52;0.00;0.00;0.00
13.01.2021;0:16:51;2.54;43.57;9.09;747.52;0.00;0.00;0.00
13.01.2021;0:17:51;2.57;43.41;9.10;747.53;0.00;0.00;0.00
13.01.2021;0:18:51;2.56;43.37;9.09;747.51;0.00;0.00;0.00
13.01.2021;0:19:51;2.53;43.72;9.09;747.51;0.00;0.00;0.00
13.01.2021;0:20:51;2.58;43.42;9.09;747.50;0.00;0.00;0.00
13.01.2021;0:21:51;2.58;43.62;9.08;747.47;0.00;0.00;0.00
13.01.2021;0:22:51;2.54;43.47;9.08;747.45;0.00;0.00;0.00
13.01.2021;0:23:51;2.61;43.55;9.08;747.43;0.00;0.00;0.00
13.01.2021;0:24:51;2.60;43.73;9.09;747.42;0.00;0.00;0.00
13.01.2021;0:25:52;2.54;43.90;9.10;747.42;0.00;0.00;0.00
13.01.2021;0:26:52;2.58;43.73;9.10;747.41;0.00;0.00;0.00
13.01.2021;0:27:52;2.56;43.85;9.10;747.41;0.00;0.00;0.00
13.01.2021;0:28:52;2.57;43.49;9.09;747.38;0.00;0.00;0.00
13.01.2021;0:29:52;2.60;43.92;9.09;747.38;0.00;0.00;0.00
13.01.2021;0:30:52;2.60;43.72;9.10;747.37;0.00;0.00;0.00
13.01.2021;0:31:52;2.54;43.32;9.09;747.36;0.00;0.00;0.00
13.01.2021;0:32:52;2.57;43.80;9.09;747.35;0.00;0.00;0.00
13.01.2021;0:33:52;2.56;43.70;9.09;747.34;0.00;0.00;0.00
13.01.2021;0:34:52;2.57;43.84;9.09;747.32;0.00;0.00;0.00
13.01.2021;0:35:52;2.57;43.81;9.10;747.31;0.00;0.00;0.00
13.01.2021;0:36:52;2.57;43.37;9.10;747.30;0.00;0.00;0.00
13.01.2021;0:37:52;2.61;43.44;9.10;747.30;0.00;0.00;0.00
13.01.2021;0:38:52;2.54;43.52;9.09;747.29;0.00;0.00;0.00
13.01.2021;0:39:52;2.53;43.16;9.08;747.28;0.00;0.00;0.00
13.01.2021;0:40:52;2.54;43.81;9.09;747.27;0.00;0.00;0.00
13.01.2021;0:41:52;2.54;44.00;9.10;747.25;0.00;0.00;0.00
13.01.2021;0:42:52;2.57;43.82;9.11;747.23;0.00;0.00;0.00
13.01.2021;0:43:52;2.67;43.53;9.11;747.21;0.00;0.00;0.00
13.01.2021;0:44:52;2.53;43.40;9.10;747.19;0.00;0.00;0.00
13.01.2021;0:45:52;2.58;43.08;9.09;747.16;0.00;0.00;0.00
13.01.2021;0:46:52;2.60;43.29;9.07;747.12;0.00;0.00;0.00
13.01.2021;0:47:52;2.51;43.35;9.07;747.10;0.00;0.00;0.00
13.01.2021;0:48:52;2.53;42.88;9.06;747.08;0.00;0.00;0.00
13.01.2021;0:49:52;2.54;43.63;9.07;747.07;0.00;0.00;0.00
13.01.2021;0:50:52;2.56;43.30;9.07;747.06;0.00;0.00;0.00
13.01.2021;0:51:52;2.56;43.19;9.07;747.04;0.00;0.00;0.00
13.01.2021;0:52:52;2.60;43.20;9.05;747.05;0.00;0.00;0.00
13.01.2021;0:53:52;2.54;43.49;9.04;747.06;0.00;0.00;0.00
13.01.2021;0:54:52;2.57;43.08;9.03;747.08;0.00;0.00;0.00
13.01.2021;0:55:52;2.51;43.07;9.02;747.08;0.00;0.00;0.00
13.01.2021;0:56:52;2.60;43.59;9.01;747.09;0.00;0.00;0.00
13.01.2021;0:57:52;2.56;43.62;9.02;747.09;0.00;0.00;0.00
13.01.2021;0:58:52;2.54;43.41;9.02;747.09;0.00;0.00;0.00
13.01.2021;0:59:52;2.53;43.21;9.02;747.10;0.00;0.00;0.00
13.01.2021;1:00:52;2.57;42.97;9.01;747.10;0.00;0.00;0.00
13.01.2021;1:01:53;2.58;43.27;9.00;747.08;0.00;0.00;0.00
13.01.2021;1:02:53;2.57;43.07;8.99;747.08;0.00;0.00;0.00
13.01.2021;1:03:53;2.51;43.35;8.98;747.07;0.00;0.00;0.00
13.01.2021;1:04:53;2.57;43.47;8.98;747.08;0.00;0.00;0.00
13.01.2021;1:05:53;2.54;43.58;8.98;747.07;0.00;0.00;0.00
13.01.2021;1:06:53;2.58;43.30;8.97;747.09;0.00;0.00;0.00
13.01.2021;1:07:53;2.53;43.22;8.95;747.09;0.00;0.00;0.00
13.01.2021;1:08:53;2.54;43.45;8.94;747.10;0.00;0.00;0.00
13.01.2021;1:09:53;2.56;43.41;8.93;747.11;0.00;0.00;0.00
13.01.2021;1:10:53;2.56;43.40;8.94;747.09;0.00;0.00;0.00
13.01.2021;1:11:53;2.54;43.69;8.94;747.10;0.00;0.00;0.00
13.01.2021;1:12:53;2.61;43.87;8.95;747.11;0.00;0.00;0.00
13.01.2021;1:13:53;2.60;43.42;8.94;747.12;0.00;0.00;0.00
13.01.2021;1:14:53;2.57;43.69;8.94;747.14;0.00;0.00;0.00
13.01.2021;1:15:53;2.58;43.67;8.93;747.15;0.00;0.00;0.00
13.01.2021;1:16:53;2.56;43.87;8.93;747.17;0.00;0.00;0.00
13.01.2021;1:17:53;2.56;43.74;8.94;747.18;0.00;0.00;0.00
13.01.2021;1:18:53;2.56;43.62;8.93;747.18;0.00;0.00;0.00
13.01.2021;1:19:53;2.60;43.65;8.92;747.16;0.00;0.00;0.00
13.01.2021;1:20:53;2.58;44.11;8.92;747.17;0.00;0.00;0.00
13.01.2021;1:21:53;2.58;44.00;8.92;747.18;0.00;0.00;0.00
13.01.2021;1:22:53;2.61;43.83;8.92;747.19;0.00;0.00;0.00
13.01.2021;1:23:53;2.58;43.91;8.91;747.19;0.00;0.00;0.00
13.01.2021;1:24:53;2.51;43.84;8.91;747.18;0.00;0.00;0.00
13.01.2021;1:25:53;2.60;43.69;8.91;747.13;0.00;0.00;0.00
13.01.2021;1:26:53;2.57;43.69;8.91;747.08;0.00;0.00;0.00
13.01.2021;1:27:53;2.54;43.34;8.90;747.03;0.00;0.00;0.00
13.01.2021;1:28:53;2.54;43.39;8.89;747.00;0.00;0.00;0.00
13.01.2021;1:29:53;2.58;43.50;8.89;746.98;0.00;0.00;0.00
13.01.2021;1:30:53;2.53;43.46;8.88;746.96;0.00;0.00;0.00
13.01.2021;1:31:53;2.60;43.36;8.87;746.95;0.00;0.00;0.00
13.01.2021;1:32:53;2.54;43.61;8.85;746.91;0.00;0.00;0.00
13.01.2021;1:33:53;2.60;43.78;8.85;746.89;0.00;0.00;0.00
13.01.2021;1:34:53;2.58;43.55;8.85;746.87;0.00;0.00;0.00
13.01.2021;1:35:53;2.61;43.59;8.84;746.86;0.00;0.00;0.00
13.01.2021;1:36:53;2.61;43.77;8.84;746.87;0.00;0.00;0.00
13.01.2021;1:37:54;2.54;43.72;8.84;746.86;0.00;0.00;0.00
13.01.2021;1:38:54;2.51;43.93;8.84;746.84;0.00;0.00;0.00
13.01.2021;1:39:54;2.57;43.93;8.84;746.79;0.00;0.00;0.00
13.01.2021;1:40:54;2.56;43.56;8.83;746.75;0.00;0.00;0.00
13.01.2021;1:41:54;2.57;43.43;8.83;746.71;0.00;0.00;0.00
13.01.2021;1:42:54;2.60;43.43;8.81;746.67;0.00;0.00;0.00
13.01.2021;1:43:54;2.58;43.76;8.81;746.66;0.00;0.00;0.00
13.01.2021;1:44:54;2.57;43.71;8.80;746.64;0.00;0.00;0.00
13.01.2021;1:45:54;2.56;43.11;8.79;746.65;0.00;0.00;0.00
13.01.2021;1:46:54;2.54;42.92;8.77;746.68;0.00;0.00;0.00
13.01.2021;1:47:54;2.63;43.54;8.76;746.72;0.00;0.00;0.00
13.01.2021;1:48:54;2.57;43.11;8.74;746.74;0.00;0.00;0.00
13.01.2021;1:49:54;2.57;43.68;8.74;746.77;0.00;0.00;0.00
13.01.2021;1:50:54;2.60;43.25;8.73;746.79;0.00;0.00;0.00
13.01.2021;1:51:54;2.56;43.86;8.72;746.81;0.00;0.00;0.00
13.01.2021;1:52:54;2.53;43.57;8.72;746.82;0.00;0.00;0.00
13.01.2021;1:53:54;2.61;43.70;8.71;746.80;0.00;0.00;0.00
13.01.2021;1:54:54;2.57;44.15;8.71;746.77;0.00;0.00;0.00
13.01.2021;1:55:54;2.57;43.88;8.70;746.75;0.00;0.00;0.00
13.01.2021;1:56:54;2.58;43.79;8.71;746.71;0.00;0.00;0.00
13.01.2021;1:57:54;2.60;43.97;8.72;746.72;0.00;0.00;0.00
13.01.2021;1:58:54;2.58;43.36;8.71;746.73;0.00;0.00;0.00
13.01.2021;1:59:54;2.56;43.80;8.70;746.74;0.00;0.00;0.00
13.01.2021;2:00:54;2.56;43.76;8.71;746.75;0.00;0.00;0.00
13.01.2021;2:01:54;2.58;43.74;8.70;746.73;0.00;0.00;0.00
13.01.2021;2:02:54;2.56;43.42;8.69;746.69;0.00;0.00;0.00
13.01.2021;2:03:54;2.54;43.28;8.68;746.65;0.00;0.00;0.00
13.01.2021;2:04:54;2.56;43.45;8.67;746.63;0.00;0.00;0.00
13.01.2021;2:05:54;2.57;43.78;8.66;746.63;0.00;0.00;0.00
13.01.2021;2:06:54;2.56;43.86;8.65;746.62;0.00;0.00;0.00
13.01.2021;2:07:54;2.63;43.77;8.66;746.63;0.00;0.00;0.00
13.01.2021;2:08:54;2.61;43.37;8.65;746.59;0.00;0.00;0.00
13.01.2021;2:09:54;2.57;43.55;8.64;746.59;0.00;0.00;0.00
13.01.2021;2:10:54;2.53;43.26;8.62;746.56;0.00;0.00;0.00
13.01.2021;2:11:54;2.54;43.91;8.61;746.53;0.00;0.00;0.00
13.01.2021;2:12:54;2.63;43.58;8.61;746.50;0.00;0.00;0.00
13.01.2021;2:13:55;2.56;43.24;8.60;746.48;0.00;0.00;0.00
13.01.2021;2:14:55;2.58;43.24;8.60;746.48;0.00;0.00;0.00
13.01.2021;2:15:55;2.58;43.69;8.59;746.47;0.00;0.00;0.00
13.01.2021;2:16:55;2.61;43.39;8.58;746.47;0.00;0.00;0.00
13.01.2021;2:17:55;2.51;43.70;8.58;746.49;0.00;0.00;0.00
13.01.2021;2:18:55;2.57;43.88;8.57;746.50;0.00;0.00;0.00
13.01.2021;2:19:55;2.58;43.62;8.57;746.49;0.00;0.00;0.00
13.01.2021;2:20:55;2.58;43.55;8.56;746.49;0.00;0.00;0.00
13.01.2021;2:21:55;2.63;43.54;8.55;746.47;0.00;0.00;0.00
13.01.2021;2:22:55;2.54;43.72;8.54;746.45;0.00;0.00;0.00
13.01.2021;2:23:55;2.56;43.42;8.54;746.43;0.00;0.00;0.00
13.01.2021;2:24:55;2.53;43.77;8.54;746.40;0.00;0.00;0.00
13.01.2021;2:25:55;2.57;43.66;8.54;746.36;0.00;0.00;0.00
13.01.2021;2:26:55;2.60;43.58;8.54;746.34;0.00;0.00;0.00
13.01.2021;2:27:55;2.54;43.79;8.54;746.35;0.00;0.00;0.00
13.01.2021;2:28:55;2.54;43.39;8.53;746.36;0.00;0.00;0.00
13.01.2021;2:29:55;2.60;43.75;8.52;746.39;0.00;0.00;0.00
13.01.2021;2:30:55;2.54;44.17;8.53;746.39;0.00;0.00;0.00
13.01.2021;2:31:55;2.57;43.93;8.52;746.38;0.00;0.00;0.00
13.01.2021;2:32:55;2.60;44.25;8.52;746.34;0.00;0.00;0.00
13.01.2021;2:33:55;2.60;43.79;8.52;746.33;0.00;0.00;0.00
13.01.2021;2:34:55;2.54;43.60;8.52;746.31;0.00;0.00;0.00
13.01.2021;2:35:55;2.58;43.65;8.52;746.31;0.00;0.00;0.00
13.01.2021;2:36:55;2.60;43.82;8.51;746.31;0.00;0.00;0.00
13.01.2021;2:37:55;2.58;43.73;8.51;746.31;0.00;0.00;0.00
13.01.2021;2:38:55;2.54;43.78;8.51;746.31;0.00;0.00;0.00
13.01.2021;2:39:55;2.58;43.95;8.52;746.29;0.00;0.00;0.00
13.01.2021;2:40:55;2.56;43.35;8.53;746.28;0.00;0.00;0.00
13.01.2021;2:41:55;2.51;43.63;8.53;746.25;0.00;0.00;0.00
13.01.2021;2:42:55;2.63;43.91;8.52;746.23;0.00;0.00;0.00
13.01.2021;2:43:55;2.65;44.16;8.52;746.20;0.00;0.00;0.00
13.01.2021;2:44:55;2.58;44.26;8.53;746.19;0.00;0.00;0.00
13.01.2021;2:45:55;2.60;43.65;8.53;746.16;0.00;0.00;0.00
13.01.2021;2:46:55;2.58;43.57;8.54;746.15;0.00;0.00;0.00
13.01.2021;2:47:55;2.58;44.27;8.54;746.14;0.00;0.00;0.00
13.01.2021;2:48:55;2.53;44.31;8.54;746.11;0.00;0.00;0.00
13.01.2021;2:49:55;2.51;43.29;8.54;746.08;0.00;0.00;0.00
13.01.2021;2:50:56;2.51;43.28;8.53;746.06;0.00;0.00;0.00
13.01.2021;2:51:56;2.51;43.16;8.52;746.06;0.00;0.00;0.00
13.01.2021;2:52:56;2.57;43.61;8.52;746.08;0.00;0.00;0.00
13.01.2021;2:53:56;2.61;43.57;8.52;746.10;0.00;0.00;0.00
13.01.2021;2:54:56;2.56;43.36;8.51;746.10;0.00;0.00;0.00
13.01.2021;2:55:56;2.54;43.87;8.51;746.11;0.00;0.00;0.00
13.01.2021;2:56:56;2.57;43.84;8.52;746.12;0.00;0.00;0.00
13.01.2021;2:57:56;2.56;43.57;8.52;746.13;0.00;0.00;0.00
13.01.2021;2:58:56;2.58;43.60;8.52;746.12;0.00;0.00;0.00
13.01.2021;2:59:56;2.56;43.50;8.51;746.12;0.00;0.00;0.00
13.01.2021;3:00:56;2.63;43.57;8.51;746.11;0.00;0.00;0.00
13.01.2021;3:01:56;2.57;43.44;8.50;746.11;0.00;0.00;0.00
13.01.2021;3:02:56;3.05;43.73;8.49;746.11;0.00;0.00;0.00
13.01.2021;3:03:56;3.04;43.68;8.49;746.13;0.00;0.00;0.00
13.01.2021;3:04:56;3.01;43.72;8.49;746.13;0.00;0.00;0.00
13.01.2021;3:05:56;3.05;43.32;8.48;746.12;0.00;0.00;0.00
13.01.2021;3:06:56;3.15;43.70;8.49;746.12;0.00;0.00;0.00
13.01.2021;3:07:56;3.12;43.48;8.48;746.10;0.00;0.00;0.00
13.01.2021;3:08:56;3.07;44.11;8.48;746.10;0.00;0.00;0.00
13.01.2021;3:09:56;3.17;43.83;8.49;746.11;0.00;0.00;0.00
13.01.2021;3:10:56;3.22;43.19;8.50;746.11;0.00;0.00;0.00
13.01.2021;3:11:56;3.12;43.45;8.49;746.11;0.00;0.00;0.00
13.01.2021;3:12:56;3.18;43.95;8.49;746.11;0.00;0.00;0.00
13.01.2021;3:13:56;3.16;43.20;8.49;746.10;0.00;0.00;0.00
13.01.2021;3:14:56;3.14;43.89;8.48;746.10;0.00;0.00;0.00
13.01.2021;3:15:56;2.64;43.85;8.49;746.09;0.00;0.00;0.00
13.01.2021;3:16:56;2.61;43.83;8.50;746.09;0.00;0.00;0.00
13.01.2021;3:17:56;2.61;43.74;8.49;746.09;0.00;0.00;0.00
13.01.2021;3:18:56;2.58;43.76;8.49;746.10;0.00;0.00;0.00
13.01.2021;3:19:56;2.61;43.48;8.50;746.09;0.00;0.00;0.00
13.01.2021;3:20:56;2.60;43.40;8.49;746.07;0.00;0.00;0.00
13.01.2021;3:21:56;2.57;43.75;8.49;746.04;0.00;0.00;0.00
13.01.2021;3:22:56;2.64;43.42;8.48;746.01;0.00;0.00;0.00
13.01.2021;3:23:56;2.60;43.52;8.48;746.00;0.00;0.00;0.00
13.01.2021;3:24:56;2.57;43.52;8.48;745.99;0.00;0.00;0.00
13.01.2021;3:25:56;2.58;43.59;8.47;745.98;0.00;0.00;0.00
13.01.2021;3:26:57;2.57;43.26;8.47;745.97;0.00;0.00;0.00
13.01.2021;3:27:57;2.56;43.39;8.47;745.94;0.00;0.00;0.00
13.01.2021;3:28:57;2.64;43.58;8.47;745.93;0.00;0.00;0.00
13.01.2021;3:29:57;2.63;43.56;8.46;745.90;0.00;0.00;0.00
13.01.2021;3:30:57;2.58;43.27;8.46;745.89;0.00;0.00;0.00
13.01.2021;3:31:57;2.56;43.24;8.46;745.88;0.00;0.00;0.00
13.01.2021;3:32:57;2.64;43.71;8.46;745.89;0.00;0.00;0.00
13.01.2021;3:33:57;2.57;43.84;8.46;745.89;0.00;0.00;0.00
13.01.2021;3:34:57;2.58;43.51;8.47;745.88;0.00;0.00;0.00
13.01.2021;3:35:57;2.61;43.25;8.45;745.87;0.00;0.00;0.00
13.01.2021;3:36:57;2.54;43.42;8.45;745.87;0.00;0.00;0.00
13.01.2021;3:37:57;2.61;42.91;8.45;745.87;0.00;0.00;0.00
13.01.2021;3:38:57;2.64;43.97;8.44;745.87;0.00;0.00;0.00
13.01.2021;3:39:57;2.64;44.03;8.44;745.87;0.00;0.00;0.00
13.01.2021;3:40:57;2.56;43.80;8.45;745.86;0.00;0.00;0.00
13.01.2021;3:41:57;2.57;43.19;8.45;745.85;0.00;0.00;0.00
13.01.2021;3:42:57;2.63;43.16;8.44;745.84;0.00;0.00;0.00
13.01.2021;3:43:57;2.57;43.36;8.43;745.83;0.00;0.00;0.00
13.01.2021;3:44:57;2.61;43.76;8.45;745.81;0.00;0.00;0.00
13.01.2021;3:45:57;2.67;43.37;8.45;745.79;0.00;0.00;0.00
13.01.2021;3:46:57;2.64;43.50;8.43;745.79;0.00;0.00;0.00
13.01.2021;3:47:57;2.60;43.54;8.43;745.76;0.00;0.00;0.00
13.01.2021;3:48:57;2.62;43.76;8.43;745.76;0.00;0.00;0.00
13.01.2021;3:49:57;2.56;43.74;8.43;745.76;0.00;0.00;0.00
13.01.2021;3:50:57;2.67;43.00;8.43;745.75;0.00;0.00;0.00
13.01.2021;3:51:57;2.65;43.13;8.42;745.75;0.00;0.00;0.00
13.01.2021;3:52:57;2.61;43.23;8.40;745.74;0.00;0.00;0.00
13.01.2021;3:53:57;2.63;43.38;8.39;745.73;0.00;0.00;0.00
13.01.2021;3:54:57;2.57;43.76;8.40;745.72;0.00;0.00;0.00
13.01.2021;3:55:57;2.56;43.53;8.39;745.70;0.00;0.00;0.00
13.01.2021;3:56:57;2.64;43.73;8.39;745.69;0.00;0.00;0.00
13.01.2021;3:57:57;2.58;43.90;8.40;745.68;0.00;0.00;0.00
13.01.2021;3:58:57;2.63;43.62;8.39;745.67;0.00;0.00;0.00
13.01.2021;3:59:57;2.62;43.83;8.38;745.66;0.00;0.00;0.00
13.01.2021;4:00:57;2.57;43.46;8.38;745.66;0.00;0.00;0.00
13.01.2021;4:01:57;2.66;43.59;8.37;745.64;0.00;0.00;0.00
13.01.2021;4:02:57;2.57;43.72;8.38;745.64;0.00;0.00;0.00
13.01.2021;4:03:58;2.71;43.51;8.39;745.63;0.00;0.00;0.00
13.01.2021;4:04:58;2.67;43.24;8.38;745.62;0.00;0.00;0.00
13.01.2021;4:05:58;2.71;43.15;8.37;745.61;0.00;0.00;0.00
13.01.2021;4:06:58;2.67;43.75;8.37;745.58;0.00;0.00;0.00
13.01.2021;4:07:58;2.74;43.74;8.38;745.55;0.00;0.00;0.00
13.01.2021;4:08:58;2.71;43.18;8.38;745.55;0.00;0.00;0.00
13.01.2021;4:09:58;2.74;43.30;8.37;745.54;0.00;0.00;0.00
13.01.2021;4:10:58;2.74;44.00;8.37;745.54;0.00;0.00;0.00
13.01.2021;4:11:58;2.72;43.51;8.38;745.53;0.00;0.00;0.00
13.01.2021;4:12:58;2.71;42.96;8.36;745.51;0.00;0.00;0.00
13.01.2021;4:13:58;2.79;43.63;8.35;745.51;0.00;0.00;0.00
13.01.2021;4:14:58;2.65;43.28;8.36;745.49;0.00;0.00;0.00
13.01.2021;4:15:58;2.70;43.10;8.36;745.49;0.00;0.00;0.00
13.01.2021;4:16:58;2.75;43.13;8.36;745.47;0.00;0.00;0.00
13.01.2021;4:17:58;2.67;42.94;8.35;745.46;0.00;0.00;0.00
13.01.2021;4:18:58;2.83;43.09;8.33;745.43;0.00;0.00;0.00
13.01.2021;4:19:58;2.61;43.09;8.32;745.41;0.00;0.00;0.00
13.01.2021;4:20:58;2.73;43.10;8.31;745.42;0.00;0.00;0.00
13.01.2021;4:21:58;2.81;43.11;8.30;745.42;0.00;0.00;0.00
13.01.2021;4:22:58;2.74;43.24;8.29;745.40;0.00;0.00;0.00
13.01.2021;4:23:58;2.75;43.56;8.29;745.39;0.00;0.00;0.00
13.01.2021;4:24:58;2.75;43.14;8.28;745.39;0.00;0.00;0.00
13.01.2021;4:25:58;2.69;43.33;8.27;745.38;0.00;0.00;0.00
13.01.2021;4:26:58;2.68;43.71;8.27;745.40;0.00;0.00;0.00
13.01.2021;4:27:58;2.68;43.31;8.26;745.40;0.00;0.00;0.00
13.01.2021;4:28:58;2.75;43.26;8.26;745.41;0.00;0.00;0.00
13.01.2021;4:29:58;2.66;43.61;8.25;745.42;0.00;0.00;0.00
13.01.2021;4:30:58;2.75;43.60;8.26;745.41;0.00;0.00;0.00
13.01.2021;4:31:58;2.73;43.51;8.26;745.42;0.00;0.00;0.00
13.01.2021;4:32:58;2.76;43.28;8.26;745.42;0.00;0.00;0.00
13.01.2021;4:33:58;2.68;43.57;8.26;745.42;0.00;0.00;0.00
13.01.2021;4:34:58;2.70;43.67;8.28;745.43;0.00;0.00;0.00
13.01.2021;4:35:58;2.64;43.32;8.29;745.44;0.00;0.00;0.00
13.01.2021;4:36:58;2.64;43.23;8.29;745.44;0.00;0.00;0.00
13.01.2021;4:37:58;2.67;43.66;8.28;745.44;0.00;0.00;0.00
13.01.2021;4:38:58;2.68;43.24;8.27;745.43;0.00;0.00;0.00
13.01.2021;4:39:59;2.69;42.95;8.26;745.43;0.00;0.00;0.00
13.01.2021;4:40:59;2.73;43.02;8.26;745.42;0.00;0.00;0.00
13.01.2021;4:41:59;2.72;43.09;8.25;745.42;0.00;0.00;0.00
13.01.2021;4:42:59;2.75;43.26;8.24;745.43;0.00;0.00;0.00
13.01.2021;4:43:59;2.70;42.83;8.25;745.44;0.00;0.00;0.00
13.01.2021;4:44:59;2.69;43.06;8.24;745.45;0.00;0.00;0.00
13.01.2021;4:45:59;2.64;43.14;8.25;745.46;0.00;0.00;0.00
13.01.2021;4:46:59;2.68;43.50;8.26;745.45;0.00;0.00;0.00
13.01.2021;4:47:59;2.67;43.51;8.26;745.42;0.00;0.00;0.00
13.01.2021;4:48:59;2.61;43.11;8.27;745.40;0.00;0.00;0.00
13.01.2021;4:49:59;2.71;43.22;8.26;745.38;0.00;0.00;0.00
13.01.2021;4:50:59;2.71;43.12;8.28;745.35;0.00;0.00;0.00
13.01.2021;4:51:59;2.68;43.26;8.29;745.32;0.00;0.00;0.00
13.01.2021;4:52:59;2.79;43.43;8.29;745.30;0.00;0.00;0.00
13.01.2021;4:53:59;2.68;43.75;8.30;745.29;0.00;0.00;0.00
13.01.2021;4:54:59;2.66;43.65;8.32;745.27;0.00;0.00;0.00
13.01.2021;4:55:59;2.71;43.24;8.32;745.25;0.00;0.00;0.00
13.01.2021;4:56:59;2.72;43.15;8.31;745.24;0.00;0.00;0.00
13.01.2021;4:57:59;2.61;43.34;8.31;745.23;0.00;0.00;0.00
13.01.2021;4:58:59;2.64;43.34;8.32;745.22;0.00;0.00;0.00
13.01.2021;4:59:59;2.66;43.52;8.32;745.22;0.00;0.00;0.00
13.01.2021;5:00:59;2.75;43.22;8.32;745.23;0.00;0.00;0.00
13.01.2021;5:01:59;2.58;42.85;8.30;745.22;0.00;0.00;0.00
13.01.2021;5:02:59;2.75;42.98;8.31;745.22;0.00;0.00;0.00
13.01.2021;5:03:59;2.65;43.02;8.31;745.23;0.00;0.00;0.00
13.01.2021;5:04:59;2.76;43.28;8.31;745.24;0.00;0.00;0.00
13.01.2021;5:05:59;2.70;42.95;8.31;745.23;0.00;0.00;0.00
13.01.2021;5:06:59;2.75;42.96;8.31;745.23;0.00;0.00;0.00
13.01.2021;5:07:59;2.83;43.32;8.31;745.22;0.00;0.00;0.00
13.01.2021;5:08:59;2.80;43.10;8.31;745.21;0.00;0.00;0.00
13.01.2021;5:09:59;2.79;43.06;8.30;745.19;0.00;0.00;0.00
13.01.2021;5:10:59;2.85;43.20;8.31;745.20;0.00;0.00;0.00
13.01.2021;5:11:59;2.87;43.14;8.31;745.19;0.00;0.00;0.00
13.01.2021;5:12:59;2.85;42.87;8.32;745.19;0.00;0.00;0.00
13.01.2021;5:13:59;2.82;42.65;8.32;745.19;0.00;0.00;0.00
13.01.2021;5:14:59;2.94;43.14;8.31;745.18;0.00;0.00;0.00
13.01.2021;5:16:00;3.14;43.05;8.29;745.18;0.00;0.00;0.00
13.01.2021;5:17:00;3.09;42.70;8.29;745.18;0.00;0.00;0.00
13.01.2021;5:18:00;3.22;42.63;8.29;745.18;0.00;0.00;0.00
13.01.2021;5:19:00;3.24;43.07;8.29;745.17;0.00;0.00;0.00
13.01.2021;5:20:00;3.32;43.01;8.29;745.16;0.00;0.00;0.00
13.01.2021;5:21:00;3.32;43.07;8.29;745.16;0.00;0.00;0.00
13.01.2021;5:22:00;3.33;43.53;8.30;745.17;0.00;0.00;0.00
13.01.2021;5:23:00;3.32;43.07;8.30;745.17;0.00;0.00;0.00
13.01.2021;5:24:00;3.33;42.82;8.30;745.17;0.00;0.00;0.00
13.01.2021;5:25:00;3.33;42.59;8.29;745.17;0.00;0.00;0.00
13.01.2021;7:22:53;3.33;42.70;8.28;745.15;0.00;0.00;0.00
13.01.2021;7:23:53;3.33;42.93;8.28;745.15;0.00;0.00;0.00
13.01.2021;7:24:53;3.33;43.13;8.29;745.13;0.00;0.00;0.00
13.01.2021;7:25:53;3.33;42.78;8.29;745.12;0.00;0.00;0.00
13.01.2021;7:26:53;3.33;43.12;8.29;745.10;0.00;0.00;0.00
13.01.2021;7:27:53;3.33;43.14;8.30;745.08;0.00;0.00;0.00
13.01.2021;7:28:53;3.35;42.91;8.29;745.06;0.00;0.00;0.00
13.01.2021;7:29:53;3.33;42.56;8.28;745.06;0.00;0.00;0.00
13.01.2021;7:30:53;3.33;42.68;8.27;745.06;0.00;0.00;0.00
13.01.2021;7:31:53;3.36;42.60;8.27;745.06;0.00;0.00;0.00
13.01.2021;7:32:53;3.33;42.68;8.27;745.05;0.00;0.00;0.00
13.01.2021;7:33:53;3.67;42.68;8.26;745.03;0.00;0.00;0.00
13.01.2021;7:34:53;4.17;43.18;8.27;745.02;0.00;0.00;0.00
13.01.2021;7:35:53;4.17;42.79;8.28;745.03;0.00;0.00;0.00
13.01.2021;7:36:53;4.17;42.95;8.27;745.03;0.00;0.00;0.00
13.01.2021;7:37:53;4.51;42.57;8.27;745.03;0.00;0.00;0.00
13.01.2021;7:38:53;5.00;42.41;8.26;745.03;0.00;0.00;0.00
13.01.2021;7:39:53;5.03;42.50;8.25;745.00;0.00;0.00;0.00
13.01.2021;7:40:53;5.79;43.13;8.25;745.01;0.00;0.00;0.00
13.01.2021;7:41:53;5.83;42.51;8.26;745.01;0.00;0.00;0.00
13.01.2021;7:42:53;6.64;42.75;8.26;745.00;0.00;0.00;0.00
13.01.2021;7:43:53;6.67;42.76;8.25;745.00;0.00;0.00;0.00
13.01.2021;7:44:53;7.47;42.75;8.25;744.99;0.00;0.00;0.00
13.01.2021;7:45:53;7.99;42.60;8.25;744.98;0.00;0.00;0.00
13.01.2021;7:46:53;8.68;42.74;8.26;744.97;0.00;0.00;0.00
13.01.2021;7:47:53;9.39;43.32;8.26;744.97;0.00;0.00;0.00
13.01.2021;7:48:53;10.21;43.15;8.27;744.97;0.00;0.00;0.00
13.01.2021;7:49:54;11.19;43.07;8.27;744.97;0.00;0.00;0.00
13.01.2021;7:50:54;12.05;42.78;8.25;744.98;0.00;0.00;0.00
13.01.2021;7:51:54;12.92;43.05;8.25;744.96;0.00;0.00;0.00
13.01.2021;7:52:54;14.18;42.54;8.24;744.96;0.00;0.00;0.00
13.01.2021;7:53:54;15.26;42.76;8.23;744.95;0.00;0.00;0.00
13.01.2021;7:54:54;16.31;43.03;8.23;744.95;0.00;0.00;0.00
13.01.2021;7:55:54;17.91;43.19;8.24;744.94;0.00;0.00;0.00
13.01.2021;7:56:54;18.50;42.90;8.23;744.93;0.00;0.00;0.00
13.01.2021;7:57:54;19.71;42.77;8.23;744.95;0.00;0.00;0.00
13.01.2021;7:58:54;21.03;42.87;8.22;744.95;0.01;0.00;0.00
13.01.2021;7:59:54;22.50;42.78;8.22;744.96;0.01;0.00;0.00
13.01.2021;8:00:54;24.29;42.98;8.22;744.95;0.02;0.00;0.00
13.01.2021;8:01:54;26.26;43.26;8.23;744.96;0.03;0.00;0.00
13.01.2021;8:02:54;28.10;42.83;8.23;744.96;0.04;0.00;0.00
13.01.2021;8:03:54;30.92;42.48;8.23;744.96;0.05;0.00;0.00
13.01.2021;8:04:54;33.11;42.81;8.22;744.97;0.06;0.00;0.00
13.01.2021;8:05:54;35.87;42.83;8.22;744.98;0.07;0.00;0.00
13.01.2021;8:06:54;38.49;42.84;8.21;744.97;0.08;0.00;0.00
13.01.2021;8:07:54;39.68;42.50;8.20;744.97;0.09;0.00;0.00
13.01.2021;8:08:54;40.78;42.66;8.19;744.96;0.09;0.00;0.00
13.01.2021;8:09:54;41.43;42.42;8.20;744.95;0.09;0.00;0.00
13.01.2021;8:10:54;42.93;42.75;8.21;744.93;0.09;0.00;0.00
13.01.2021;8:11:54;43.33;42.44;8.20;744.92;0.10;0.00;0.00
13.01.2021;8:12:54;44.14;42.42;8.19;744.93;0.10;0.00;0.00
13.01.2021;8:13:54;44.94;43.56;8.20;744.92;0.10;0.00;0.00
13.01.2021;8:14:54;46.97;42.79;8.21;744.94;0.11;0.00;0.00
13.01.2021;8:15:54;49.29;42.56;8.21;744.93;0.12;0.00;0.00
13.01.2021;8:16:54;51.29;42.71;8.21;744.94;0.12;0.00;0.00
13.01.2021;8:17:54;52.04;42.43;8.21;744.96;0.13;0.00;0.00
13.01.2021;8:18:54;52.10;42.66;8.21;744.97;0.12;0.00;0.00
13.01.2021;8:19:54;52.43;42.71;8.22;744.94;0.13;0.00;0.00
13.01.2021;8:20:54;54.76;42.98;8.23;744.93;0.13;0.00;0.00
13.01.2021;8:21:54;58.47;42.45;8.24;744.93;0.15;0.00;0.00
13.01.2021;8:22:54;60.96;42.44;8.24;744.95;0.16;0.00;0.00
13.01.2021;8:23:55;63.35;42.46;8.23;744.95;0.17;0.00;0.00
13.01.2021;8:24:55;67.83;42.60;8.23;744.96;0.18;0.00;0.00
13.01.2021;8:25:55;71.78;42.43;8.23;744.97;0.20;0.00;0.00
13.01.2021;8:26:55;76.19;42.54;8.22;744.99;0.21;0.00;0.00
13.01.2021;8:27:55;76.72;42.40;8.22;744.99;0.22;0.00;0.00
13.01.2021;8:28:55;76.00;42.62;8.23;744.99;0.22;0.00;0.00
13.01.2021;8:29:55;77.78;42.41;8.22;744.99;0.22;0.00;0.00
13.01.2021;8:30:55;80.01;42.27;8.22;744.99;0.23;0.00;0.00
13.01.2021;8:31:55;80.83;42.64;8.22;744.98;0.23;0.00;0.00
13.01.2021;8:32:55;81.72;42.11;8.22;744.97;0.23;0.00;0.00
13.01.2021;8:33:55;83.71;42.30;8.22;744.95;0.24;0.00;0.00
13.01.2021;8:34:55;87.06;42.44;8.22;744.93;0.25;0.00;0.00
13.01.2021;8:35:55;88.72;42.40;8.23;744.92;0.25;0.00;0.00
13.01.2021;8:36:55;88.68;42.43;8.22;744.92;0.25;0.00;0.00
13.01.2021;8:37:55;94.96;42.76;8.22;744.90;0.28;0.00;0.00
13.01.2021;8:38:55;103.49;42.54;8.22;744.87;0.30;0.00;0.00
13.01.2021;8:39:55;108.00;42.44;8.23;744.86;0.31;0.00;0.00
13.01.2021;8:40:55;106.29;42.38;8.22;744.86;0.31;0.00;0.00
13.01.2021;8:41:55;109.96;42.61;8.22;744.85;0.32;0.00;0.00
13.01.2021;8:42:55;110.37;42.54;8.22;744.86;0.32;0.00;0.00
13.01.2021;8:43:55;108.62;42.31;8.21;744.86;0.32;0.00;0.00
13.01.2021;8:44:55;113.40;42.35;8.21;744.85;0.33;0.00;0.00
13.01.2021;8:45:55;117.65;42.56;8.21;744.83;0.35;0.00;0.00
13.01.2021;8:46:55;118.18;42.18;8.21;744.82;0.35;0.00;0.00
13.01.2021;8:47:55;123.81;42.20;8.21;744.80;0.36;0.00;0.00
13.01.2021;8:48:55;127.60;42.33;8.20;744.78;0.38;0.00;0.00
13.01.2021;8:49:55;135.47;42.79;8.21;744.76;0.41;0.00;0.00
13.01.2021;8:50:55;145.58;42.31;8.21;744.75;0.44;0.03;0.01
13.01.2021;8:51:55;153.39;42.32;8.21;744.75;0.47;0.09;0.04
13.01.2021;8:52:55;160.67;42.52;8.22;744.75;0.49;0.12;0.06
13.01.2021;8:53:55;165.49;42.25;8.23;744.75;0.51;0.17;0.09
13.01.2021;8:54:55;172.51;42.44;8.23;744.75;0.54;0.22;0.12
13.01.2021;8:55:56;184.06;42.41;8.24;744.74;0.58;0.28;0.16
13.01.2021;8:56:56;189.18;42.16;8.24;744.75;0.59;0.31;0.18
13.01.2021;8:57:56;197.89;42.22;8.24;744.75;0.63;0.37;0.23
13.01.2021;8:58:56;206.38;42.12;8.25;744.73;0.66;0.40;0.27
13.01.2021;8:59:56;219.57;42.56;8.26;744.72;0.71;0.49;0.35
13.01.2021;9:00:56;231.49;42.33;8.28;744.72;0.75;0.56;0.42
13.01.2021;9:01:56;240.88;42.17;8.28;744.71;0.79;0.61;0.48
13.01.2021;9:02:56;249.24;42.26;8.30;744.71;0.81;0.66;0.53
13.01.2021;9:03:56;248.43;42.71;8.32;744.72;0.81;0.64;0.51
13.01.2021;9:04:56;255.93;42.54;8.34;744.71;0.84;0.70;0.59
13.01.2021;9:05:56;265.40;41.92;8.35;744.69;0.87;0.76;0.66
13.01.2021;9:06:56;276.71;41.83;8.35;744.66;0.91;0.82;0.75
13.01.2021;9:07:56;290.31;41.77;8.36;744.67;0.95;0.88;0.84
13.01.2021;9:08:56;298.12;41.72;8.36;744.65;0.98;0.91;0.89
13.01.2021;9:09:56;302.75;41.81;8.37;744.64;0.99;0.96;0.95
13.01.2021;9:10:56;298.79;41.98;8.37;744.65;0.98;0.92;0.90
13.01.2021;9:11:56;298.22;42.35;8.37;744.65;0.98;0.92;0.89
13.01.2021;9:12:56;295.21;42.27;8.37;744.64;0.97;0.91;0.88
13.01.2021;9:13:56;297.51;41.97;8.38;744.65;0.97;0.91;0.89
13.01.2021;9:14:56;301.82;42.39;8.39;744.64;0.99;0.95;0.94
13.01.2021;9:15:56;315.85;42.53;8.40;744.63;1.03;1.00;1.03
13.01.2021;9:16:56;295.18;42.23;8.41;744.64;0.94;0.88;0.83
13.01.2021;9:17:56;271.30;41.91;8.40;744.64;0.88;0.78;0.68
13.01.2021;9:18:56;286.53;42.37;8.40;744.64;0.92;0.82;0.76
13.01.2021;9:19:56;283.96;42.19;8.41;744.63;0.91;0.81;0.74
13.01.2021;9:20:56;288.93;42.17;8.42;744.64;0.93;0.86;0.80
13.01.2021;9:21:56;290.07;42.28;8.43;744.63;0.92;0.84;0.77
13.01.2021;9:22:56;263.69;42.30;8.43;744.62;0.83;0.69;0.57
13.01.2021;9:23:56;250.78;42.40;8.43;744.61;0.80;0.62;0.50
13.01.2021;9:24:56;260.10;42.16;8.43;744.61;0.83;0.69;0.58
13.01.2021;9:25:56;277.87;41.91;8.43;744.62;0.89;0.79;0.71
13.01.2021;9:26:56;296.78;42.18;8.44;744.62;0.95;0.89;0.85
13.01.2021;9:27:57;309.31;41.84;8.45;744.63;0.99;0.94;0.92
13.01.2021;9:28:57;290.87;42.23;8.46;744.63;0.93;0.83;0.77
13.01.2021;9:29:57;294.72;42.14;8.47;744.63;0.95;0.89;0.84
13.01.2021;9:30:57;298.01;41.99;8.48;744.63;0.95;0.90;0.85
13.01.2021;9:31:57;293.82;41.80;8.49;744.62;0.95;0.89;0.84
13.01.2021;9:32:57;312.13;41.82;8.49;744.62;1.01;0.99;1.00
13.01.2021;9:33:57;322.64;42.00;8.51;744.59;1.05;1.04;1.10
13.01.2021;9:34:57;353.45;41.70;8.52;744.58;1.14;1.20;1.37
13.01.2021;9:35:57;362.62;41.43;8.51;744.56;1.15;1.21;1.39
13.01.2021;9:36:57;370.08;41.36;8.51;744.54;1.18;1.27;1.50
13.01.2021;9:37:57;384.89;41.74;8.52;744.52;1.23;1.35;1.67
13.01.2021;9:38:57;397.42;41.67;8.53;744.49;1.27;1.42;1.80
13.01.2021;9:39:57;392.15;41.56;8.54;744.47;1.24;1.36;1.68
13.01.2021;9:40:57;351.14;41.35;8.54;744.45;1.11;1.15;1.27
13.01.2021;9:41:57;316.77;41.58;8.54;744.44;1.01;0.99;1.01
13.01.2021;9:42:57;321.90;41.52;8.54;744.43;1.03;1.01;1.05
13.01.2021;9:43:57;332.00;41.61;8.54;744.41;1.07;1.09;1.17
13.01.2021;9:44:57;351.69;41.45;8.55;744.40;1.12;1.19;1.34
13.01.2021;9:45:57;353.61;41.24;8.55;744.38;1.13;1.20;1.35
13.01.2021;9:46:57;367.94;41.13;8.55;744.35;1.17;1.25;1.47
13.01.2021;9:47:57;361.94;41.22;8.56;744.32;1.14;1.20;1.37
13.01.2021;9:48:57;361.68;41.15;8.55;744.31;1.15;1.21;1.38
13.01.2021;9:49:57;375.20;40.97;8.56;744.31;1.18;1.27;1.50
13.01.2021;9:50:57;374.54;40.90;8.56;744.30;1.18;1.26;1.48
13.01.2021;9:51:57;382.63;40.99;8.57;744.29;1.21;1.32;1.60
13.01.2021;9:52:57;399.29;40.97;8.57;744.29;1.26;1.40;1.76
13.01.2021;9:53:57;402.32;41.04;8.57;744.28;1.25;1.39;1.74
13.01.2021;9:54:57;398.04;41.04;8.57;744.27;1.26;1.39;1.74
13.01.2021;9:55:57;414.82;41.07;8.57;744.25;1.31;1.49;1.96
13.01.2021;9:56:57;427.12;41.25;8.57;744.23;1.35;1.57;2.12
13.01.2021;9:57:57;442.53;41.26;8.58;744.21;1.39;1.61;2.23
13.01.2021;9:58:57;433.36;41.25;8.58;744.21;1.34;1.55;2.09
13.01.2021;9:59:58;410.36;41.25;8.58;744.20;1.27;1.42;1.80
13.01.2021;10:00:58;401.03;40.84;8.58;744.19;1.24;1.39;1.72
13.01.2021;10:01:58;398.87;40.84;8.57;744.17;1.23;1.36;1.67
13.01.2021;10:02:58;390.58;41.06;8.57;744.15;1.22;1.32;1.61
13.01.2021;10:03:58;394.51;40.96;8.58;744.14;1.24;1.37;1.70
13.01.2021;10:04:58;412.08;40.95;8.57;744.13;1.29;1.45;1.87
13.01.2021;10:05:58;426.92;40.99;8.57;744.13;1.33;1.51;2.01
13.01.2021;10:06:58;444.94;41.12;8.56;744.12;1.38;1.61;2.23
13.01.2021;10:07:58;457.56;41.13;8.56;744.11;1.42;1.67;2.37
13.01.2021;10:08:58;467.23;41.28;8.57;744.11;1.45;1.70;2.47
13.01.2021;10:09:58;473.17;40.85;8.59;744.10;1.46;1.74;2.55
13.01.2021;10:10:58;472.23;40.96;8.59;744.09;1.46;1.73;2.52
13.01.2021;10:11:58;481.18;41.29;8.60;744.08;1.49;1.78;2.65
13.01.2021;10:12:58;505.53;40.83;8.62;744.07;1.56;1.90;2.97
13.01.2021;10:13:58;526.47;40.94;8.62;744.06;1.62;1.99;3.23
13.01.2021;10:14:58;549.76;40.87;8.63;744.05;1.69;2.10;3.56
13.01.2021;10:15:58;585.07;40.71;8.64;744.03;1.80;2.21;3.98
13.01.2021;10:16:58;621.85;40.85;8.66;744.02;1.89;2.33;4.40
13.01.2021;10:17:58;630.61;40.89;8.67;744.01;1.89;2.34;4.44
13.01.2021;10:18:58;635.67;40.97;8.69;744.01;1.90;2.38;4.52
13.01.2021;10:19:58;646.68;40.94;8.70;744.02;1.93;2.41;4.66
13.01.2021;10:20:58;656.55;40.75;8.71;744.02;1.95;2.47;4.83
13.01.2021;10:21:58;676.07;40.59;8.72;744.00;2.00;2.57;5.14
13.01.2021;10:22:58;671.77;40.58;8.74;743.99;1.98;2.52;4.99
13.01.2021;10:23:58;647.10;40.42;8.74;743.97;1.92;2.41;4.64
13.01.2021;10:24:58;629.24;40.33;8.74;743.96;1.88;2.33;4.39
13.01.2021;10:25:58;621.09;40.28;8.74;743.95;1.86;2.30;4.28
13.01.2021;10:26:58;632.00;40.37;8.75;743.94;1.90;2.36;4.48
13.01.2021;10:27:58;663.31;40.20;8.75;743.93;1.99;2.54;5.05
13.01.2021;10:28:58;725.46;40.20;8.76;743.92;2.15;2.84;6.10
13.01.2021;10:29:58;799.80;40.15;8.78;743.89;2.33;3.13;7.27
13.01.2021;10:30:58;865.21;40.30;8.81;743.88;2.47;3.35;8.27
13.01.2021;10:31:59;921.56;40.10;8.84;743.85;2.58;3.55;9.16
13.01.2021;10:32:59;967.34;40.08;8.88;743.85;2.66;3.68;9.81
13.01.2021;10:33:59;988.74;39.94;8.90;743.83;2.69;3.72;10.02
13.01.2021;10:34:59;1003.64;39.85;8.92;743.83;2.71;3.78;10.25
13.01.2021;10:35:59;1008.82;39.71;8.93;743.82;2.72;3.79;10.32
13.01.2021;10:36:59;1002.82;39.67;8.94;743.82;2.70;3.74;10.10
13.01.2021;10:37:59;981.75;39.74;8.96;743.82;2.65;3.67;9.74
13.01.2021;10:38:59;967.42;39.85;8.97;743.82;2.63;3.62;9.51
13.01.2021;10:39:59;987.51;39.75;8.98;743.81;2.66;3.69;9.79
13.01.2021;10:40:59;1017.37;39.77;8.98;743.81;2.69;3.73;10.04
13.01.2021;10:41:59;1051.36;39.89;9.01;743.81;2.75;3.82;10.51
13.01.2021;10:42:59;1087.42;39.71;9.03;743.79;2.82;3.94;11.11
13.01.2021;10:43:59;1119.29;39.66;9.04;743.79;2.88;4.05;11.69
13.01.2021;10:44:59;1153.43;39.64;9.07;743.79;2.94;4.15;12.22
13.01.2021;10:45:59;1181.36;39.45;9.10;743.77;2.98;4.21;12.56
13.01.2021;10:46:59;1195.93;39.40;9.13;743.75;3.00;4.24;12.72
13.01.2021;10:47:59;1202.25;39.31;9.16;743.75;3.01;4.26;12.81
13.01.2021;10:48:59;1201.24;39.23;9.19;743.74;3.01;4.26;12.82
13.01.2021;10:49:59;1197.60;39.22;9.22;743.74;3.01;4.25;12.76
13.01.2021;10:50:59;1204.83;39.20;9.24;743.74;3.02;4.29;12.98
13.01.2021;10:51:59;1207.85;39.24;9.27;743.73;3.04;4.30;13.07
13.01.2021;10:52:59;1205.89;39.01;9.30;743.71;3.05;4.31;13.12
13.01.2021;10:53:59;1205.50;38.92;9.31;743.71;3.05;4.32;13.21
13.01.2021;10:54:59;1212.47;38.90;9.33;743.70;3.08;4.37;13.46
13.01.2021;10:55:59;1225.17;38.93;9.35;743.68;3.11;4.41;13.71
13.01.2021;10:56:59;1237.82;38.78;9.37;743.66;3.14;4.49;14.11
13.01.2021;10:57:59;1258.74;38.74;9.38;743.63;3.20;4.57;14.59
13.01.2021;10:59:00;1280.81;38.65;9.40;743.60;3.25;4.64;15.08
13.01.2021;11:00:00;1317.91;38.61;9.42;743.58;3.32;4.77;15.84
13.01.2021;11:01:00;1377.10;38.51;9.45;743.57;3.42;4.93;16.88
13.01.2021;11:02:00;1448.14;38.55;9.50;743.54;3.53;5.12;18.04
13.01.2021;11:03:00;1516.67;38.50;9.55;743.51;3.62;5.26;19.03
13.01.2021;11:04:00;1563.71;38.28;9.61;743.49;3.67;5.35;19.65
13.01.2021;11:05:00;1586.04;38.12;9.66;743.48;3.68;5.38;19.83
13.01.2021;11:06:00;1580.21;38.09;9.71;743.47;3.66;5.35;19.60
13.01.2021;11:07:00;1570.69;38.02;9.74;743.47;3.64;5.30;19.28
13.01.2021;11:08:00;1542.81;38.01;9.77;743.48;3.59;5.23;18.77
13.01.2021;11:09:00;1510.83;37.89;9.80;743.49;3.54;5.14;18.19
13.01.2021;11:10:00;1462.63;37.87;9.82;743.50;3.47;5.03;17.47
13.01.2021;11:11:00;1407.04;37.78;9.82;743.51;3.40;4.91;16.71
13.01.2021;11:12:00;1357.08;37.87;9.82;743.50;3.33;4.79;15.97
13.01.2021;11:13:00;1297.49;37.85;9.82;743.48;3.23;4.63;14.96
13.01.2021;11:14:00;1229.22;37.88;9.81;743.47;3.12;4.44;13.84
13.01.2021;11:15:00;1161.99;37.77;9.78;743.45;3.00;4.24;12.73
13.01.2021;11:16:00;1130.94;37.84;9.74;743.44;2.95;4.17;12.32
13.01.2021;11:17:00;1127.08;37.93;9.73;743.44;2.94;4.14;12.17
13.01.2021;11:18:00;1129.92;38.15;9.72;743.43;2.93;4.12;12.08
13.01.2021;11:19:00;1128.98;38.03;9.71;743.43;2.92;4.11;11.99
13.01.2021;11:20:00;1107.57;38.03;9.69;743.43;2.88;4.05;11.65
13.01.2021;11:21:00;1068.45;38.13;9.67;743.44;2.81;3.94;11.08
13.01.2021;11:22:00;1025.19;38.04;9.64;743.45;2.72;3.78;10.28
13.01.2021;11:23:00;988.75;38.10;9.60;743.48;2.64;3.65;9.63
13.01.2021;11:24:00;977.13;38.07;9.57;743.49;2.62;3.61;9.46
13.01.2021;11:25:00;989.06;38.19;9.54;743.50;2.65;3.68;9.74
13.01.2021;11:26:01;1014.77;38.23;9.53;743.50;2.71;3.75;10.15
13.01.2021;11:27:01;1061.85;38.27;9.51;743.50;2.80;3.90;10.92
13.01.2021;11:28:01;1102.83;38.19;9.50;743.49;2.86;4.02;11.51
13.01.2021;11:29:01;1130.16;38.21;9.50;743.50;2.90;4.09;11.85
13.01.2021;11:30:01;1128.36;38.21;9.50;743.49;2.88;4.04;11.64
13.01.2021;11:31:01;1082.90;38.20;9.49;743.49;2.78;3.87;10.76
13.01.2021;11:32:01;1006.32;38.20;9.47;743.49;2.63;3.64;9.59
13.01.2021;11:33:01;948.56;38.27;9.45;743.50;2.53;3.48;8.81
13.01.2021;11:34:01;931.53;38.39;9.44;743.50;2.51;3.42;8.58
13.01.2021;11:35:01;921.68;38.57;9.42;743.51;2.50;3.40;8.49
13.01.2021;11:36:01;920.92;38.64;9.40;743.52;2.51;3.43;8.63
13.01.2021;11:37:01;933.14;38.53;9.39;743.54;2.55;3.49;8.89
13.01.2021;11:38:01;948.46;38.45;9.38;743.53;2.59;3.56;9.21
13.01.2021;11:39:01;968.38;38.39;9.37;743.54;2.62;3.62;9.49
13.01.2021;11:40:01;942.44;38.40;9.36;743.54;2.56;3.51;8.96
13.01.2021;11:41:01;877.05;38.43;9.35;743.53;2.42;3.28;7.92
13.01.2021;11:42:01;808.83;38.47;9.33;743.51;2.27;3.02;6.83
13.01.2021;11:43:01;750.27;38.42;9.30;743.51;2.14;2.82;6.02
13.01.2021;11:44:01;725.99;38.41;9.27;743.52;2.10;2.74;5.74
13.01.2021;11:45:01;742.43;38.47;9.23;743.51;2.15;2.84;6.12
13.01.2021;11:46:01;793.36;38.62;9.21;743.50;2.28;3.06;6.99
13.01.2021;11:47:01;857.00;38.63;9.21;743.49;2.42;3.29;7.97
13.01.2021;11:48:01;901.67;38.60;9.21;743.48;2.51;3.43;8.63
13.01.2021;11:49:01;928.81;38.61;9.21;743.48;2.56;3.51;8.99
13.01.2021;11:50:01;966.24;38.64;9.20;743.46;2.63;3.64;9.58
13.01.2021;11:51:01;1010.78;38.63;9.20;743.43;2.72;3.77;10.26
13.01.2021;11:52:01;1034.69;38.64;9.23;743.42;2.77;3.86;10.70
13.01.2021;11:53:01;1024.27;38.71;9.24;743.39;2.74;3.81;10.43
13.01.2021;11:54:01;973.69;38.76;9.24;743.38;2.62;3.61;9.44
13.01.2021;11:55:01;905.68;38.92;9.23;743.36;2.47;3.36;8.28
13.01.2021;11:56:02;859.90;38.81;9.21;743.35;2.37;3.19;7.55
13.01.2021;11:57:02;827.56;39.04;9.18;743.34;2.29;3.07;7.05
13.01.2021;11:58:02;803.84;39.29;9.21;743.34;2.24;2.99;6.70
13.01.2021;11:59:02;780.53;39.14;9.23;743.33;2.20;2.92;6.43
13.01.2021;12:00:02;765.37;39.22;9.21;743.31;2.18;2.88;6.28
13.01.2021;12:01:02;746.22;39.38;9.19;743.30;2.14;2.81;6.01
13.01.2021;12:02:02;728.88;39.46;9.18;743.27;2.09;2.74;5.74
13.01.2021;12:03:02;715.51;39.64;9.18;743.25;2.06;2.68;5.53
13.01.2021;12:04:02;726.47;39.72;9.19;743.24;2.09;2.73;5.70
13.01.2021;12:05:02;761.02;39.78;9.21;743.22;2.15;2.84;6.10
13.01.2021;12:06:02;777.90;39.89;9.24;743.19;2.18;2.89;6.31
13.01.2021;12:08:20;822.68;40.27;9.33;743.14;2.28;3.04;6.93
13.01.2021;12:09:20;792.77;39.79;9.36;743.11;2.20;2.92;6.43
13.01.2021;12:10:20;736.14;39.65;9.40;743.08;2.07;2.69;5.55
13.01.2021;12:11:20;690.15;39.76;9.42;743.06;1.95;2.46;4.79
13.01.2021;12:12:20;660.69;39.67;9.42;743.05;1.87;2.32;4.33
13.01.2021;12:13:20;647.54;39.70;9.42;743.05;1.84;2.26;4.15
13.01.2021;12:14:20;648.38;39.73;9.46;743.04;1.85;2.29;4.24
13.01.2021;12:15:20;666.86;39.71;9.46;743.03;1.91;2.39;4.56
13.01.2021;12:16:20;698.08;39.60;9.47;743.01;1.99;2.55;5.07
13.01.2021;12:17:20;725.55;39.50;9.49;742.99;2.07;2.69;5.57
13.01.2021;12:18:20;753.21;39.54;9.51;742.99;2.15;2.83;6.08
13.01.2021;12:19:21;783.66;39.36;9.54;742.99;2.22;2.95;6.55
13.01.2021;12:20:21;808.17;39.33;9.57;742.99;2.28;3.04;6.93
13.01.2021;12:21:21;819.84;39.29;9.60;743.01;2.30;3.10;7.13
13.01.2021;12:22:21;821.71;39.26;9.63;743.01;2.30;3.09;7.11
13.01.2021;12:23:21;810.42;39.13;9.66;743.01;2.28;3.03;6.89
13.01.2021;12:24:21;796.68;39.18;9.68;743.00;2.25;3.00;6.74
13.01.2021;12:25:21;782.22;39.10;9.70;742.99;2.22;2.96;6.57
13.01.2021;12:26:21;776.29;39.26;9.72;742.98;2.21;2.92;6.46
13.01.2021;12:27:21;773.89;39.19;9.74;742.94;2.21;2.92;6.46
13.01.2021;12:28:21;779.03;38.90;9.76;742.93;2.23;2.96;6.59
13.01.2021;12:29:21;789.90;38.87;9.78;742.91;2.25;3.00;6.76
13.01.2021;12:30:21;803.32;38.68;9.80;742.90;2.28;3.06;6.98
13.01.2021;12:31:21;811.43;38.83;9.82;742.90;2.30;3.09;7.10
13.01.2021;12:32:21;816.25;38.96;9.84;742.89;2.31;3.10;7.14
13.01.2021;12:33:21;813.31;38.71;9.86;742.90;2.30;3.09;7.10
13.01.2021;12:34:21;800.14;38.53;9.89;742.89;2.27;3.03;6.87
13.01.2021;12:35:21;777.10;38.33;9.90;742.88;2.22;2.95;6.55
13.01.2021;12:36:21;757.18;38.25;9.91;742.86;2.17;2.89;6.28
13.01.2021;12:37:21;746.25;38.31;9.92;742.84;2.14;2.83;6.06
13.01.2021;12:38:21;740.59;38.21;9.94;742.84;2.13;2.80;5.96
13.01.2021;12:39:21;739.97;38.26;9.95;742.83;2.13;2.80;5.95
13.01.2021;12:40:21;754.90;38.25;9.96;742.82;2.16;2.85;6.18
13.01.2021;12:41:21;784.12;37.96;9.97;742.79;2.23;2.97;6.61
13.01.2021;12:42:21;803.53;38.28;10.01;742.76;2.26;3.01;6.81
13.01.2021;12:43:21;790.86;38.16;10.05;742.75;2.22;2.97;6.60
13.01.2021;12:44:21;762.75;38.04;10.05;742.75;2.15;2.84;6.12
13.01.2021;12:45:21;736.21;38.21;10.06;742.74;2.09;2.72;5.69
13.01.2021;12:46:21;715.38;38.19;10.06;742.74;2.04;2.64;5.37
13.01.2021;12:47:21;706.74;38.21;10.06;742.72;2.02;2.60;5.26
13.01.2021;12:48:21;712.60;38.20;10.07;742.69;2.03;2.63;5.35
13.01.2021;12:49:22;727.00;38.20;10.08;742.66;2.06;2.69;5.55
13.01.2021;12:50:22;736.40;38.16;10.08;742.63;2.08;2.70;5.62
13.01.2021;12:51:22;732.81;38.20;10.09;742.61;2.06;2.69;5.55
13.01.2021;12:52:22;717.61;38.14;10.10;742.61;2.02;2.61;5.28
13.01.2021;12:53:22;704.72;38.14;10.12;742.60;1.99;2.56;5.10
13.01.2021;12:54:22;696.82;38.15;10.13;742.57;1.98;2.51;4.96
13.01.2021;12:55:22;694.31;38.15;10.14;742.54;1.97;2.51;4.96
13.01.2021;12:56:22;690.31;38.10;10.15;742.53;1.96;2.50;4.92
13.01.2021;12:57:22;681.21;38.03;10.15;742.51;1.94;2.46;4.78
13.01.2021;12:58:22;667.49;38.17;10.16;742.50;1.91;2.40;4.58
13.01.2021;12:59:22;654.18;37.96;10.17;742.47;1.87;2.32;4.33
13.01.2021;13:00:22;647.67;38.11;10.16;742.46;1.85;2.28;4.22
13.01.2021;13:01:22;655.51;37.95;10.18;742.44;1.87;2.31;4.30
13.01.2021;13:02:22;674.70;37.94;10.17;742.44;1.92;2.41;4.61
13.01.2021;13:03:22;682.07;38.08;10.15;742.43;1.94;2.44;4.73
13.01.2021;13:04:22;678.83;38.18;10.16;742.44;1.93;2.43;4.68
13.01.2021;13:05:22;676.74;38.36;10.17;742.44;1.92;2.41;4.63
13.01.2021;13:06:22;676.36;38.13;10.20;742.44;1.92;2.40;4.61
13.01.2021;13:07:22;670.41;38.07;10.20;742.43;1.91;2.39;4.56
13.01.2021;13:08:22;667.68;38.02;10.18;742.44;1.91;2.40;4.58
13.01.2021;13:09:22;668.22;38.10;10.17;742.44;1.92;2.40;4.61
13.01.2021;13:10:22;652.88;37.96;10.17;742.43;1.88;2.34;4.41
13.01.2021;13:11:22;625.96;38.07;10.16;742.44;1.82;2.22;4.03
13.01.2021;13:12:22;605.73;37.88;10.15;742.44;1.76;2.15;3.78
13.01.2021;13:13:22;589.89;37.89;10.13;742.44;1.72;2.11;3.62
13.01.2021;13:14:22;579.36;38.17;10.10;742.44;1.69;2.10;3.55
13.01.2021;13:15:22;569.27;38.33;10.08;742.42;1.67;2.07;3.46
13.01.2021;13:16:22;564.15;38.67;10.07;742.41;1.65;2.04;3.38
13.01.2021;13:17:23;570.79;38.96;10.08;742.42;1.67;2.10;3.51
13.01.2021;13:18:23;586.32;39.02;10.09;742.41;1.73;2.13;3.67
13.01.2021;13:19:23;607.64;39.22;10.13;742.40;1.79;2.18;3.91
13.01.2021;13:20:23;627.72;39.48;10.18;742.37;1.85;2.28;4.22
13.01.2021;13:21:23;633.65;39.49;10.20;742.34;1.87;2.32;4.34
13.01.2021;13:22:23;616.37;39.50;10.21;742.32;1.83;2.24;4.08
13.01.2021;13:23:23;591.92;39.61;10.19;742.28;1.76;2.14;3.77
13.01.2021;13:24:23;566.58;39.66;10.18;742.26;1.69;2.10;3.54
13.01.2021;13:25:23;555.86;39.75;10.16;742.24;1.66;2.06;3.42
13.01.2021;13:26:23;547.42;39.83;10.15;742.23;1.63;2.01;3.28
13.01.2021;13:27:23;548.22;40.01;10.15;742.23;1.64;2.02;3.31
13.01.2021;13:28:23;555.93;39.98;10.14;742.24;1.66;2.07;3.43
13.01.2021;13:29:23;557.12;40.21;10.14;742.22;1.67;2.08;3.48
13.01.2021;13:30:23;551.32;40.17;10.15;742.21;1.65;2.05;3.40
13.01.2021;13:31:23;557.37;40.06;10.15;742.19;1.68;2.09;3.50
13.01.2021;13:32:23;573.11;40.50;10.15;742.17;1.73;2.12;3.67
13.01.2021;13:33:23;583.78;40.41;10.16;742.16;1.76;2.15;3.77
13.01.2021;13:34:23;586.16;40.29;10.17;742.13;1.76;2.13;3.73
13.01.2021;13:35:23;591.10;40.25;10.18;742.11;1.76;2.13;3.75
13.01.2021;13:36:23;604.76;40.29;10.18;742.09;1.79;2.18;3.90
13.01.2021;13:37:23;621.78;40.37;10.19;742.09;1.83;2.24;4.09
13.01.2021;13:38:23;637.74;40.33;10.20;742.07;1.88;2.33;4.38
13.01.2021;13:39:23;631.24;40.43;10.22;742.08;1.87;2.30;4.30
13.01.2021;13:40:23;617.47;40.28;10.24;742.10;1.83;2.23;4.08
13.01.2021;13:41:23;608.94;40.63;10.25;742.09;1.80;2.20;3.96
13.01.2021;13:42:23;605.57;40.57;10.25;742.08;1.79;2.19;3.92
13.01.2021;13:43:23;592.18;40.35;10.26;742.08;1.76;2.12;3.73
13.01.2021;13:44:23;584.69;40.41;10.25;742.08;1.73;2.13;3.69
13.01.2021;13:45:24;584.14;40.61;10.25;742.09;1.73;2.12;3.68
13.01.2021;13:46:24;570.41;40.40;10.26;742.09;1.70;2.10;3.58
13.01.2021;13:47:24;533.49;40.40;10.23;742.07;1.60;1.97;3.16
13.01.2021;13:48:24;515.58;40.46;10.20;742.05;1.55;1.89;2.93
13.01.2021;13:49:24;513.62;40.45;10.19;742.04;1.55;1.88;2.91
13.01.2021;13:50:24;526.92;40.29;10.19;742.05;1.58;1.94;3.06
13.01.2021;13:51:24;542.63;40.64;10.18;742.06;1.62;1.99;3.22
13.01.2021;13:52:24;537.15;40.45;10.21;742.09;1.60;1.98;3.17
13.01.2021;13:53:24;526.69;40.56;10.26;742.10;1.57;1.92;3.01
13.01.2021;13:54:24;526.82;40.35;10.25;742.11;1.58;1.94;3.06
13.01.2021;13:55:24;528.78;40.26;10.23;742.12;1.59;1.94;3.09
13.01.2021;13:56:24;534.34;40.60;10.22;742.12;1.61;1.99;3.20
13.01.2021;13:57:24;554.19;40.93;10.21;742.10;1.66;2.06;3.43
13.01.2021;13:58:24;581.14;40.65;10.22;742.07;1.73;2.12;3.68
13.01.2021;13:59:24;593.83;41.18;10.24;742.04;1.76;2.14;3.77
13.01.2021;14:00:24;594.18;40.89;10.26;742.01;1.76;2.14;3.77
13.01.2021;14:01:24;582.44;40.45;10.29;742.00;1.72;2.12;3.64
13.01.2021;14:02:24;560.61;40.32;10.30;742.00;1.66;2.07;3.43
13.01.2021;14:03:24;536.26;40.26;10.28;741.99;1.59;1.95;3.10
13.01.2021;14:04:24;516.43;40.33;10.26;741.99;1.54;1.87;2.86
13.01.2021;14:05:24;505.26;40.36;10.24;741.99;1.50;1.80;2.71
13.01.2021;14:06:24;502.43;40.40;10.23;741.97;1.50;1.81;2.71
13.01.2021;14:07:24;507.07;40.38;10.22;741.97;1.52;1.81;2.75
13.01.2021;14:08:24;512.87;40.30;10.22;741.95;1.54;1.87;2.87
13.01.2021;14:09:24;518.61;40.40;10.23;741.93;1.55;1.90;2.95
13.01.2021;14:10:24;517.82;40.54;10.25;741.91;1.55;1.89;2.92
13.01.2021;14:11:24;513.12;40.48;10.26;741.88;1.54;1.87;2.86
13.01.2021;14:12:24;511.78;40.30;10.26;741.85;1.53;1.84;2.81
13.01.2021;14:13:25;511.81;40.55;10.28;741.85;1.53;1.85;2.82
13.01.2021;14:14:25;504.53;40.48;10.31;741.84;1.51;1.80;2.72
13.01.2021;14:15:25;484.59;40.24;10.34;741.84;1.46;1.74;2.55
13.01.2021;14:16:25;462.15;40.31;10.34;741.84;1.40;1.64;2.30
13.01.2021;14:17:25;447.99;40.21;10.35;741.83;1.37;1.59;2.17
13.01.2021;14:18:25;441.94;40.17;10.36;741.82;1.35;1.57;2.12
13.01.2021;14:19:25;439.50;39.85;10.35;741.81;1.35;1.57;2.13
13.01.2021;14:20:25;434.39;40.13;10.31;741.80;1.34;1.53;2.05
13.01.2021;14:21:25;438.13;39.99;10.31;741.79;1.35;1.55;2.08
13.01.2021;14:22:25;439.59;39.97;10.29;741.78;1.35;1.55;2.09
13.01.2021;14:23:25;435.47;39.94;10.26;741.78;1.33;1.52;2.03
13.01.2021;14:24:25;437.35;40.24;10.24;741.79;1.34;1.52;2.04
13.01.2021;14:25:25;442.29;40.33;10.26;741.76;1.36;1.57;2.13
13.01.2021;14:26:25;453.46;40.21;10.28;741.73;1.39;1.61;2.24
13.01.2021;14:27:25;469.49;40.05;10.29;741.70;1.43;1.69;2.42
13.01.2021;14:28:25;493.06;40.05;10.28;741.68;1.49;1.79;2.68
13.01.2021;14:29:25;516.19;40.23;10.27;741.67;1.56;1.90;2.96
13.01.2021;14:30:25;525.86;40.19;10.28;741.65;1.59;1.95;3.11
13.01.2021;14:31:25;523.36;39.91;10.30;741.63;1.58;1.93;3.04
13.01.2021;14:32:25;515.16;39.99;10.29;741.62;1.56;1.89;2.95
13.01.2021;14:33:25;498.76;39.96;10.27;741.62;1.51;1.82;2.75
13.01.2021;14:34:25;484.85;39.99;10.25;741.63;1.48;1.75;2.59
13.01.2021;14:35:25;481.23;40.28;10.23;741.63;1.47;1.75;2.56
13.01.2021;14:36:25;474.38;40.18;10.23;741.63;1.45;1.71;2.48
13.01.2021;14:37:25;463.80;40.91;10.22;741.63;1.42;1.68;2.39
13.01.2021;14:38:25;459.83;42.93;10.29;741.65;1.41;1.66;2.34
13.01.2021;14:39:25;452.68;40.96;10.36;741.64;1.39;1.62;2.25
13.01.2021;14:40:25;442.74;39.00;10.36;741.61;1.37;1.59;2.18
13.01.2021;14:41:25;432.03;38.75;10.27;741.61;1.34;1.52;2.03
13.01.2021;14:42:26;425.95;39.12;10.20;741.61;1.32;1.50;1.98
13.01.2021;14:43:26;427.79;39.32;10.13;741.62;1.33;1.51;2.01
13.01.2021;14:44:26;433.88;39.36;10.07;741.64;1.35;1.54;2.07
13.01.2021;14:45:26;441.68;39.74;10.05;741.64;1.37;1.59;2.18
13.01.2021;14:46:26;444.56;39.53;10.06;741.62;1.38;1.60;2.20
13.01.2021;14:47:26;439.19;39.72;10.02;741.61;1.36;1.57;2.13
13.01.2021;14:48:26;431.33;39.97;10.00;741.62;1.34;1.54;2.06
13.01.2021;14:49:26;421.24;40.00;10.00;741.61;1.31;1.49;1.96
13.01.2021;14:50:26;405.26;40.00;10.00;741.61;1.27;1.40;1.77
13.01.2021;14:51:26;392.94;39.86;10.01;741.62;1.24;1.38;1.70
13.01.2021;14:52:26;391.86;39.96;10.01;741.65;1.25;1.39;1.73
13.01.2021;14:53:26;402.32;40.22;10.01;741.66;1.28;1.43;1.84
13.01.2021;14:54:26;424.07;40.15;10.03;741.66;1.35;1.55;2.09
13.01.2021;14:55:26;460.14;39.87;10.06;741.67;1.45;1.73;2.50
13.01.2021;14:56:26;508.88;40.05;10.06;741.66;1.58;1.92;3.03
13.01.2021;14:57:26;546.47;39.91;10.10;741.67;1.67;2.07;3.46
13.01.2021;14:58:26;569.97;39.77;10.11;741.68;1.73;2.12;3.67
13.01.2021;14:59:26;582.26;39.85;10.10;741.68;1.76;2.14;3.76
13.01.2021;15:00:26;576.33;40.01;10.13;741.68;1.74;2.13;3.70
13.01.2021;15:01:26;547.84;39.60;10.17;741.69;1.66;2.06;3.44
13.01.2021;15:02:26;502.58;39.69;10.16;741.71;1.55;1.88;2.91
13.01.2021;15:03:26;455.55;39.86;10.15;741.69;1.42;1.66;2.36
13.01.2021;15:04:26;421.90;39.62;10.17;741.67;1.33;1.51;2.01
13.01.2021;15:05:26;395.54;39.61;10.13;741.67;1.26;1.40;1.76
13.01.2021;15:06:26;377.46;39.97;10.11;741.68;1.21;1.31;1.59
13.01.2021;15:07:26;357.94;39.95;10.12;741.66;1.14;1.22;1.40
13.01.2021;15:08:26;337.75;39.89;10.12;741.66;1.08;1.10;1.19
13.01.2021;15:09:26;331.74;39.91;10.13;741.66;1.05;1.07;1.12
13.01.2021;15:10:26;335.35;39.71;10.12;741.66;1.06;1.08;1.14
13.01.2021;15:11:27;334.11;39.79;10.09;741.67;1.06;1.07;1.14
13.01.2021;15:12:27;321.07;39.97;10.06;741.67;1.02;1.01;1.04
13.01.2021;15:13:27;311.06;40.14;10.05;741.67;0.99;0.96;0.95
13.01.2021;15:14:27;305.35;40.09;10.03;741.66;0.97;0.92;0.90
13.01.2021;15:15:27;304.08;40.19;10.02;741.65;0.97;0.90;0.87
13.01.2021;15:16:27;303.06;40.27;10.01;741.65;0.97;0.91;0.88
13.01.2021;15:17:27;289.46;40.31;10.01;741.66;0.92;0.84;0.78
13.01.2021;15:18:27;273.52;40.35;10.04;741.65;0.87;0.76;0.66
13.01.2021;15:19:27;259.25;40.24;10.06;741.66;0.83;0.69;0.57
13.01.2021;15:20:27;240.73;40.25;10.05;741.66;0.77;0.59;0.45
13.01.2021;15:21:27;226.93;40.17;10.06;741.68;0.71;0.50;0.35
13.01.2021;15:22:27;218.69;40.20;10.07;741.68;0.68;0.44;0.30
13.01.2021;15:23:27;217.32;40.25;10.09;741.66;0.68;0.42;0.29
13.01.2021;15:24:27;215.60;40.06;10.10;741.65;0.67;0.42;0.28
13.01.2021;15:25:27;211.85;40.00;10.10;741.67;0.65;0.40;0.26
13.01.2021;15:26:27;208.08;40.11;10.09;741.68;0.64;0.39;0.25
13.01.2021;15:27:27;203.53;40.10;10.07;741.65;0.62;0.37;0.23
13.01.2021;15:28:27;198.07;40.14;10.08;741.65;0.61;0.33;0.20
13.01.2021;15:29:27;195.25;39.84;10.06;741.64;0.60;0.31;0.18
13.01.2021;15:30:27;194.94;40.74;10.02;741.64;0.59;0.31;0.18
13.01.2021;15:31:27;195.86;40.73;10.03;741.62;0.60;0.31;0.19
13.01.2021;15:32:27;196.62;40.11;10.04;741.62;0.60;0.32;0.19
13.01.2021;15:33:27;194.85;40.51;10.02;741.59;0.59;0.30;0.18
13.01.2021;15:34:27;190.29;40.19;10.01;741.58;0.58;0.29;0.17
13.01.2021;15:35:27;182.71;40.28;9.98;741.57;0.55;0.24;0.13
13.01.2021;15:36:27;175.03;40.69;9.97;741.56;0.53;0.20;0.10
13.01.2021;15:37:27;168.67;40.22;9.95;741.55;0.51;0.18;0.09
13.01.2021;15:38:27;163.01;40.42;9.95;741.54;0.49;0.12;0.06
13.01.2021;15:39:27;157.98;40.17;9.97;741.53;0.47;0.09;0.04
13.01.2021;15:40:28;154.58;40.41;9.96;741.51;0.46;0.08;0.04
13.01.2021;15:41:28;149.47;40.42;9.94;741.52;0.45;0.05;0.02
13.01.2021;15:42:28;139.83;40.45;9.97;741.51;0.41;0.00;0.00
13.01.2021;15:43:28;130.97;40.33;9.99;741.50;0.38;0.00;0.00
13.01.2021;15:44:28;123.69;40.19;10.01;741.49;0.36;0.00;0.00
13.01.2021;15:45:28;119.82;39.89;9.99;741.50;0.34;0.00;0.00
13.01.2021;15:46:28;119.58;40.10;9.95;741.51;0.34;0.00;0.00
13.01.2021;15:47:28;120.68;40.55;9.93;741.50;0.35;0.00;0.00
13.01.2021;15:48:28;120.49;40.27;9.90;741.49;0.35;0.00;0.00
13.01.2021;15:49:28;119.29;40.20;9.88;741.49;0.35;0.00;0.00
13.01.2021;15:50:28;116.64;40.41;9.85;741.49;0.34;0.00;0.00
13.01.2021;15:51:28;113.76;40.58;9.82;741.50;0.33;0.00;0.00
13.01.2021;15:52:28;111.29;40.46;9.86;741.51;0.32;0.00;0.00
13.01.2021;15:53:28;107.34;40.41;9.89;741.51;0.31;0.00;0.00
13.01.2021;15:54:28;102.14;40.38;9.91;741.50;0.28;0.00;0.00
13.01.2021;15:55:28;96.50;40.42;9.92;741.48;0.26;0.00;0.00
13.01.2021;15:56:28;91.82;40.34;9.94;741.49;0.24;0.00;0.00
13.01.2021;15:57:28;87.74;40.24;9.99;741.48;0.23;0.00;0.00
13.01.2021;15:58:28;84.13;40.11;10.02;741.47;0.22;0.00;0.00
13.01.2021;15:59:28;81.41;39.62;10.02;741.47;0.21;0.00;0.00
13.01.2021;16:00:28;78.37;39.59;10.03;741.44;0.20;0.00;0.00
13.01.2021;16:01:28;74.28;39.66;10.00;741.43;0.18;0.00;0.00
13.01.2021;16:02:28;70.16;39.73;9.97;741.44;0.17;0.00;0.00
13.01.2021;16:03:28;65.76;39.74;9.97;741.45;0.15;0.00;0.00
13.01.2021;16:04:28;61.57;39.75;9.98;741.44;0.13;0.00;0.00
13.01.2021;16:05:28;58.00;39.78;9.98;741.44;0.12;0.00;0.00
13.01.2021;16:06:28;54.56;39.85;9.94;741.43;0.11;0.00;0.00
13.01.2021;16:07:28;51.21;39.96;9.94;741.44;0.10;0.00;0.00
13.01.2021;16:08:28;47.90;39.92;9.92;741.43;0.09;0.00;0.00
13.01.2021;16:09:28;45.54;39.94;9.92;741.43;0.08;0.00;0.00
13.01.2021;16:10:28;43.43;40.22;9.91;741.43;0.07;0.00;0.00
13.01.2021;16:11:28;40.89;39.84;9.87;741.43;0.06;0.00;0.00
13.01.2021;16:12:28;38.79;40.05;9.85;741.43;0.06;0.00;0.00
13.01.2021;16:13:29;37.09;39.97;9.83;741.40;0.05;0.00;0.00
13.01.2021;16:14:29;35.67;40.26;9.81;741.40;0.04;0.00;0.00
13.01.2021;16:15:29;34.57;40.78;9.83;741.40;0.04;0.00;0.00
13.01.2021;16:16:29;33.04;40.33;9.82;741.38;0.04;0.00;0.00
13.01.2021;16:17:29;31.21;40.58;9.85;741.39;0.03;0.00;0.00
13.01.2021;16:18:29;29.21;40.54;9.90;741.38;0.03;0.00;0.00
13.01.2021;16:19:29;27.12;40.32;9.92;741.39;0.02;0.00;0.00
13.01.2021;16:20:29;25.08;40.40;9.89;741.40;0.02;0.00;0.00
13.01.2021;16:21:29;23.50;40.59;9.89;741.40;0.01;0.00;0.00
13.01.2021;16:22:29;22.04;40.53;9.93;741.37;0.01;0.00;0.00
13.01.2021;16:23:29;20.51;40.56;9.97;741.35;0.00;0.00;0.00
13.01.2021;16:24:29;19.22;40.26;9.99;741.35;0.00;0.00;0.00
13.01.2021;16:25:29;17.89;40.11;9.98;741.35;0.00;0.00;0.00
13.01.2021;16:26:29;16.36;40.14;9.96;741.35;0.00;0.00;0.00
13.01.2021;16:27:29;14.87;40.01;9.94;741.36;0.00;0.00;0.00
13.01.2021;16:28:29;13.56;39.88;9.91;741.37;0.00;0.00;0.00
13.01.2021;16:29:29;12.26;40.18;9.86;741.39;0.00;0.00;0.00
13.01.2021;16:30:29;11.33;40.13;9.86;741.41;0.00;0.00;0.00
13.01.2021;16:31:29;10.40;40.08;9.84;741.43;0.00;0.00;0.00
13.01.2021;16:32:29;9.63;40.03;9.82;741.44;0.00;0.00;0.00
13.01.2021;16:33:29;8.94;40.00;9.80;741.45;0.00;0.00;0.00
13.01.2021;16:34:29;8.33;40.22;9.78;741.45;0.00;0.00;0.00
13.01.2021;16:35:29;7.54;40.41;9.79;741.44;0.00;0.00;0.00
13.01.2021;16:36:29;7.39;40.26;9.82;741.44;0.00;0.00;0.00
13.01.2021;16:37:29;6.67;40.04;9.82;741.46;0.00;0.00;0.00
13.01.2021;16:38:29;6.67;40.17;9.80;741.48;0.00;0.00;0.00
13.01.2021;16:39:29;6.08;40.09;9.81;741.49;0.00;0.00;0.00
13.01.2021;16:40:29;5.83;40.07;9.81;741.50;0.00;0.00;0.00
13.01.2021;16:41:29;5.83;39.92;9.81;741.50;0.00;0.00;0.00
13.01.2021;16:42:29;5.83;39.76;9.80;741.50;0.00;0.00;0.00
13.01.2021;16:43:29;5.65;39.98;9.79;741.49;0.00;0.00;0.00
13.01.2021;16:44:29;5.03;39.98;9.79;741.49;0.00;0.00;0.00
13.01.2021;16:45:29;5.00;40.02;9.76;741.49;0.00;0.00;0.00
13.01.2021;16:46:30;5.00;39.80;9.77;741.49;0.00;0.00;0.00
13.01.2021;16:47:30;5.00;39.87;9.72;741.49;0.00;0.00;0.00
13.01.2021;16:48:30;5.00;39.99;9.68;741.50;0.00;0.00;0.00
13.01.2021;16:49:30;5.00;40.24;9.67;741.51;0.00;0.00;0.00
13.01.2021;16:50:30;5.01;40.05;9.73;741.53;0.00;0.00;0.00
13.01.2021;16:51:30;5.00;39.81;9.73;741.51;0.00;0.00;0.00
13.01.2021;16:52:30;5.00;39.95;9.73;741.51;0.00;0.00;0.00
13.01.2021;16:53:30;5.01;40.02;9.76;741.49;0.00;0.00;0.00
13.01.2021;16:54:30;5.00;39.92;9.79;741.47;0.00;0.00;0.00
13.01.2021;16:55:30;5.00;39.88;9.79;741.46;0.00;0.00;0.00
13.01.2021;16:56:30;5.00;39.80;9.80;741.47;0.00;0.00;0.00
13.01.2021;16:57:30;5.00;39.68;9.82;741.46;0.00;0.00;0.00
13.01.2021;16:58:30;5.00;39.66;9.79;741.47;0.00;0.00;0.00
13.01.2021;16:59:30;4.82;40.42;9.80;741.46;0.00;0.00;0.00
13.01.2021;17:00:30;5.00;39.98;9.87;741.47;0.00;0.00;0.00
13.01.2021;17:01:30;4.85;40.12;9.87;741.47;0.00;0.00;0.00
13.01.2021;17:02:30;5.00;39.94;9.91;741.46;0.00;0.00;0.00
13.01.2021;17:03:30;5.00;39.62;9.88;741.44;0.00;0.00;0.00
13.01.2021;17:04:30;5.01;40.01;9.84;741.43;0.00;0.00;0.00
13.01.2021;17:05:30;5.00;40.12;9.82;741.43;0.00;0.00;0.00
13.01.2021;17:06:30;5.00;40.70;9.80;741.42;0.00;0.00;0.00
13.01.2021;17:07:30;5.01;40.77;9.83;741.42;0.00;0.00;0.00
13.01.2021;17:08:30;4.99;40.71;9.80;741.42;0.00;0.00;0.00
13.01.2021;17:09:30;5.00;40.89;9.78;741.42;0.00;0.00;0.00
13.01.2021;17:10:30;5.00;41.08;9.77;741.41;0.00;0.00;0.00
13.01.2021;17:11:30;5.00;41.12;9.78;741.42;0.00;0.00;0.00
13.01.2021;17:12:30;4.97;41.55;9.80;741.43;0.00;0.00;0.00
13.01.2021;17:13:30;5.00;41.23;9.85;741.43;0.00;0.00;0.00
13.01.2021;17:14:30;5.00;41.47;9.90;741.40;0.00;0.00;0.00
13.01.2021;17:15:30;4.97;41.41;9.97;741.38;0.00;0.00;0.00
13.01.2021;17:16:30;4.97;41.18;10.03;741.36;0.00;0.00;0.00
13.01.2021;17:17:30;4.97;41.26;10.07;741.36;0.00;0.00;0.00
13.01.2021;17:18:30;4.75;42.00;10.09;741.34;0.00;0.00;0.00
13.01.2021;17:19:30;4.89;41.84;10.20;741.34;0.00;0.00;0.00
13.01.2021;17:20:30;4.76;41.79;10.22;741.34;0.00;0.00;0.00
13.01.2021;17:21:31;4.85;41.98;10.22;741.33;0.00;0.00;0.00
13.01.2021;17:22:31;4.89;41.96;10.19;741.32;0.00;0.00;0.00
13.01.2021;17:23:31;4.87;42.59;10.16;741.32;0.00;0.00;0.00
13.01.2021;17:24:31;4.81;42.75;10.15;741.33;0.00;0.00;0.00
13.01.2021;17:25:31;4.79;43.32;10.17;741.35;0.00;0.00;0.00
13.01.2021;17:26:31;4.90;43.18;10.21;741.35;0.00;0.00;0.00
13.01.2021;17:27:31;4.82;43.16;10.22;741.35;0.00;0.00;0.00
13.01.2021;17:28:31;4.89;43.11;10.22;741.35;0.00;0.00;0.00
13.01.2021;17:29:31;4.89;43.42;10.20;741.34;0.00;0.00;0.00
13.01.2021;17:30:31;4.88;43.58;10.20;741.33;0.00;0.00;0.00
13.01.2021;17:31:31;4.82;43.95;10.20;741.33;0.00;0.00;0.00
13.01.2021;17:32:31;4.79;44.56;10.24;741.32;0.00;0.00;0.00
13.01.2021;17:33:31;4.83;44.48;10.29;741.31;0.00;0.00;0.00
13.01.2021;17:34:31;4.79;44.84;10.35;741.31;0.00;0.00;0.00
13.01.2021;17:35:31;4.81;44.50;10.40;741.31;0.00;0.00;0.00
13.01.2021;17:36:31;4.83;44.31;10.36;741.31;0.00;0.00;0.00
13.01.2021;17:37:31;4.84;44.32;10.34;741.33;0.00;0.00;0.00
13.01.2021;17:38:31;4.57;44.58;10.31;741.33;0.00;0.00;0.00
13.01.2021;17:39:31;4.78;44.77;10.34;741.33;0.00;0.00;0.00
13.01.2021;17:40:31;4.80;45.09;10.38;741.33;0.00;0.00;0.00
13.01.2021;17:41:31;4.86;45.10;10.43;741.32;0.00;0.00;0.00
13.01.2021;17:42:31;4.90;45.08;10.46;741.31;0.00;0.00;0.00
13.01.2021;17:43:31;4.90;44.94;10.48;741.31;0.00;0.00;0.00
13.01.2021;17:44:31;4.89;45.06;10.46;741.31;0.00;0.00;0.00
13.01.2021;17:45:31;4.94;45.13;10.47;741.30;0.00;0.00;0.00
13.01.2021;17:46:31;4.94;45.26;10.47;741.29;0.00;0.00;0.00
13.01.2021;17:47:31;4.97;45.16;10.48;741.29;0.00;0.00;0.00
13.01.2021;17:48:31;4.86;45.40;10.48;741.29;0.00;0.00;0.00
13.01.2021;17:49:31;4.93;45.39;10.50;741.29;0.00;0.00;0.00
13.01.2021;17:50:31;4.89;45.09;10.50;741.27;0.00;0.00;0.00
13.01.2021;17:51:31;4.92;45.08;10.50;741.26;0.00;0.00;0.00
13.01.2021;17:52:31;4.90;45.35;10.49;741.25;0.00;0.00;0.00
13.01.2021;17:53:31;4.93;45.57;10.55;741.27;0.00;0.00;0.00
13.01.2021;17:54:32;4.84;45.17;10.56;741.27;0.00;0.00;0.00
13.01.2021;17:55:32;4.97;45.29;10.54;741.28;0.00;0.00;0.00
13.01.2021;17:56:32;4.94;45.16;10.54;741.29;0.00;0.00;0.00
13.01.2021;17:57:32;4.89;45.88;10.60;741.28;0.00;0.00;0.00
13.01.2021;17:58:32;4.85;45.53;10.65;741.28;0.00;0.00;0.00
13.01.2021;17:59:32;4.70;45.26;10.63;741.27;0.00;0.00;0.00
13.01.2021;18:00:32;4.89;45.35;10.61;741.26;0.00;0.00;0.00
13.01.2021;18:01:32;4.89;45.18;10.61;741.23;0.00;0.00;0.00
13.01.2021;18:02:32;4.92;44.95;10.62;741.22;0.00;0.00;0.00
13.01.2021;18:03:32;4.90;45.06;10.62;741.20;0.00;0.00;0.00
13.01.2021;18:04:32;4.90;45.25;10.61;741.20;0.00;0.00;0.00
13.01.2021;18:05:32;4.93;45.37;10.65;741.20;0.00;0.00;0.00
13.01.2021;18:06:32;4.86;45.14;10.69;741.20;0.00;0.00;0.00
13.01.2021;18:07:32;4.94;44.99;10.68;741.21;0.00;0.00;0.00
13.01.2021;18:08:32;4.87;44.97;10.68;741.19;0.00;0.00;0.00
13.01.2021;18:09:32;4.97;44.59;10.68;741.19;0.00;0.00;0.00
13.01.2021;18:10:32;4.94;44.77;10.64;741.19;0.00;0.00;0.00
13.01.2021;18:11:32;4.83;45.19;10.64;741.19;0.00;0.00;0.00
13.01.2021;18:12:32;4.89;45.05;10.65;741.19;0.00;0.00;0.00
13.01.2021;18:13:32;5.00;44.96;10.63;741.18;0.00;0.00;0.00
13.01.2021;18:14:32;5.01;44.66;10.60;741.17;0.00;0.00;0.00
13.01.2021;18:15:32;5.00;44.83;10.57;741.18;0.00;0.00;0.00
13.01.2021;18:16:32;5.00;44.68;10.57;741.17;0.00;0.00;0.00
13.01.2021;18:17:32;5.03;45.11;10.57;741.17;0.00;0.00;0.00
13.01.2021;18:18:32;5.00;44.83;10.60;741.18;0.00;0.00;0.00
13.01.2021;18:19:32;5.00;44.62;10.59;741.19;0.00;0.00;0.00
13.01.2021;18:20:32;5.01;45.71;10.58;741.20;0.00;0.00;0.00
13.01.2021;18:21:32;5.00;44.81;10.58;741.20;0.00;0.00;0.00
13.01.2021;18:22:32;5.00;44.84;10.58;741.21;0.00;0.00;0.00
13.01.2021;18:23:32;5.00;44.45;10.58;741.20;0.00;0.00;0.00
13.01.2021;18:24:32;5.00;44.20;10.53;741.22;0.00;0.00;0.00
13.01.2021;18:25:32;5.00;44.33;10.48;741.22;0.00;0.00;0.00
13.01.2021;18:26:33;5.00;44.47;10.44;741.20;0.00;0.00;0.00
13.01.2021;18:27:33;5.00;44.83;10.41;741.20;0.00;0.00;0.00
13.01.2021;18:28:33;5.01;44.94;10.45;741.21;0.00;0.00;0.00
13.01.2021;18:29:33;5.00;44.78;10.48;741.22;0.00;0.00;0.00
13.01.2021;18:30:33;5.00;45.05;10.49;741.22;0.00;0.00;0.00
13.01.2021;18:31:33;5.03;44.64;10.51;741.23;0.00;0.00;0.00
13.01.2021;18:32:33;5.00;44.68;10.51;741.23;0.00;0.00;0.00
13.01.2021;18:33:33;5.00;44.47;10.54;741.24;0.00;0.00;0.00
13.01.2021;18:34:33;5.00;44.31;10.56;741.24;0.00;0.00;0.00
13.01.2021;18:35:33;5.00;44.03;10.52;741.24;0.00;0.00;0.00
13.01.2021;18:36:33;5.00;44.15;10.49;741.24;0.00;0.00;0.00
13.01.2021;18:37:33;5.00;44.15;10.48;741.25;0.00;0.00;0.00
13.01.2021;18:38:33;5.00;44.11;10.48;741.26;0.00;0.00;0.00
13.01.2021;18:39:33;5.00;44.02;10.48;741.26;0.00;0.00;0.00
13.01.2021;18:40:33;5.00;44.25;10.50;741.24;0.00;0.00;0.00
13.01.2021;18:41:33;5.00;44.41;10.50;741.23;0.00;0.00;0.00
13.01.2021;18:42:33;5.01;44.39;10.55;741.22;0.00;0.00;0.00
13.01.2021;18:43:33;5.00;44.19;10.56;741.22;0.00;0.00;0.00
13.01.2021;18:44:33;5.00;43.84;10.54;741.21;0.00;0.00;0.00
13.01.2021;18:45:33;5.03;44.01;10.53;741.21;0.00;0.00;0.00
13.01.2021;18:46:33;5.00;44.29;10.56;741.22;0.00;0.00;0.00
13.01.2021;18:47:33;5.00;43.91;10.61;741.22;0.00;0.00;0.00
13.01.2021;18:48:33;5.01;43.84;10.62;741.21;0.00;0.00;0.00
13.01.2021;18:49:33;5.00;44.01;10.63;741.21;0.00;0.00;0.00
13.01.2021;18:50:33;5.00;43.33;10.63;741.20;0.00;0.00;0.00
13.01.2021;18:51:33;5.00;43.37;10.60;741.19;0.00;0.00;0.00
13.01.2021;18:52:33;5.00;43.45;10.58;741.19;0.00;0.00;0.00
13.01.2021;18:53:33;5.00;43.61;10.58;741.20;0.00;0.00;0.00
13.01.2021;18:54:33;5.00;43.65;10.57;741.19;0.00;0.00;0.00
13.01.2021;18:55:33;5.00;43.58;10.56;741.19;0.00;0.00;0.00
13.01.2021;18:56:33;5.01;43.50;10.56;741.19;0.00;0.00;0.00
13.01.2021;18:57:33;5.00;43.55;10.56;741.19;0.00;0.00;0.00
13.01.2021;18:58:34;5.00;43.56;10.57;741.20;0.00;0.00;0.00
13.01.2021;18:59:34;5.03;43.57;10.57;741.20;0.00;0.00;0.00
13.01.2021;19:00:34;5.00;43.43;10.59;741.20;0.00;0.00;0.00
13.01.2021;19:01:34;5.00;43.37;10.59;741.18;0.00;0.00;0.00
13.01.2021;19:02:34;5.01;43.72;10.60;741.18;0.00;0.00;0.00
13.01.2021;19:03:34;5.00;43.67;10.60;741.17;0.00;0.00;0.00
13.01.2021;19:04:34;5.00;43.61;10.61;741.16;0.00;0.00;0.00
13.01.2021;19:05:34;5.00;43.67;10.62;741.17;0.00;0.00;0.00
13.01.2021;19:06:34;5.00;43.61;10.64;741.17;0.00;0.00;0.00
13.01.2021;19:07:34;5.00;43.43;10.65;741.18;0.00;0.00;0.00
13.01.2021;19:08:34;5.00;43.36;10.66;741.18;0.00;0.00;0.00
13.01.2021;19:09:34;5.00;43.35;10.67;741.19;0.00;0.00;0.00
13.01.2021;19:10:34;5.01;43.66;10.70;741.20;0.00;0.00;0.00
13.01.2021;19:11:34;5.00;42.94;10.72;741.20;0.00;0.00;0.00
13.01.2021;19:12:34;5.00;43.13;10.69;741.20;0.00;0.00;0.00
13.01.2021;19:13:34;5.03;43.03;10.67;741.20;0.00;0.00;0.00
13.01.2021;19:14:34;5.00;43.03;10.66;741.21;0.00;0.00;0.00
13.01.2021;19:15:34;5.00;43.08;10.68;741.19;0.00;0.00;0.00
13.01.2021;19:16:34;5.01;42.93;10.67;741.18;0.00;0.00;0.00
13.01.2021;19:17:34;5.00;43.17;10.67;741.17;0.00;0.00;0.00
13.01.2021;19:18:34;4.93;43.90;10.70;741.16;0.00;0.00;0.00
13.01.2021;19:19:34;5.00;43.70;10.79;741.16;0.00;0.00;0.00
13.01.2021;19:20:34;5.00;43.80;10.87;741.17;0.00;0.00;0.00
13.01.2021;19:21:34;5.00;44.04;10.97;741.16;0.00;0.00;0.00
13.01.2021;19:22:34;5.00;43.76;11.01;741.15;0.00;0.00;0.00
13.01.2021;19:23:34;5.00;43.11;11.04;741.15;0.00;0.00;0.00
13.01.2021;19:24:34;5.01;43.46;11.07;741.15;0.00;0.00;0.00
13.01.2021;19:25:34;5.00;43.49;11.10;741.17;0.00;0.00;0.00
13.01.2021;19:26:34;5.00;43.60;11.15;741.18;0.00;0.00;0.00
13.01.2021;19:27:34;4.97;43.41;11.16;741.18;0.00;0.00;0.00
13.01.2021;19:28:34;5.00;43.29;11.16;741.17;0.00;0.00;0.00
13.01.2021;19:29:34;5.00;43.68;11.15;741.17;0.00;0.00;0.00
13.01.2021;19:30:35;5.01;44.44;11.17;741.18;0.00;0.00;0.00
13.01.2021;19:31:35;5.00;43.64;11.20;741.19;0.00;0.00;0.00
13.01.2021;19:32:35;5.00;43.13;11.21;741.20;0.00;0.00;0.00
13.01.2021;19:33:35;5.00;43.28;11.21;741.19;0.00;0.00;0.00
13.01.2021;19:34:35;5.00;43.48;11.21;741.18;0.00;0.00;0.00
13.01.2021;19:35:35;5.00;43.45;11.22;741.18;0.00;0.00;0.00
13.01.2021;19:36:35;5.00;43.07;11.21;741.18;0.00;0.00;0.00
13.01.2021;19:37:35;5.00;43.30;11.17;741.16;0.00;0.00;0.00
13.01.2021;19:38:35;5.01;43.35;11.15;741.16;0.00;0.00;0.00
13.01.2021;19:39:35;5.00;43.38;11.13;741.16;0.00;0.00;0.00
13.01.2021;19:40:35;5.00;43.92;11.11;741.16;0.00;0.00;0.00
13.01.2021;19:41:35;4.96;44.58;11.12;741.14;0.00;0.00;0.00
13.01.2021;19:42:35;5.00;44.74;11.13;741.12;0.00;0.00;0.00
13.01.2021;19:43:35;4.97;45.08;11.13;741.10;0.00;0.00;0.00
13.01.2021;19:44:35;4.99;43.98;11.15;741.09;0.00;0.00;0.00
13.01.2021;19:45:35;4.76;44.80;11.15;741.07;0.00;0.00;0.00
13.01.2021;19:46:35;3.77;44.43;11.18;741.07;0.00;0.00;0.00
13.01.2021;19:47:35;3.33;44.32;11.18;741.06;0.00;0.00;0.00
13.01.2021;19:48:35;3.33;44.76;11.19;741.05;0.00;0.00;0.00
13.01.2021;19:49:35;3.33;44.26;11.17;741.06;0.00;0.00;0.00
13.01.2021;19:50:35;3.33;44.10;11.13;741.07;0.00;0.00;0.00
13.01.2021;19:51:35;3.33;44.50;11.09;741.06;0.00;0.00;0.00
13.01.2021;19:52:35;3.35;44.66;11.12;741.06;0.00;0.00;0.00
13.01.2021;19:53:35;3.33;43.69;11.07;741.05;0.00;0.00;0.00
13.01.2021;19:54:35;3.33;44.40;11.05;741.06;0.00;0.00;0.00
13.01.2021;19:55:35;3.36;44.11;11.04;741.06;0.00;0.00;0.00
13.01.2021;19:56:35;3.33;44.39;11.02;741.06;0.00;0.00;0.00
13.01.2021;19:57:35;3.33;44.18;11.00;741.06;0.00;0.00;0.00
13.01.2021;19:58:35;3.35;44.51;10.99;741.07;0.00;0.00;0.00
13.01.2021;19:59:35;3.33;45.05;11.02;741.08;0.00;0.00;0.00
13.01.2021;20:00:35;3.33;44.41;11.01;741.09;0.00;0.00;0.00
13.01.2021;20:01:35;3.33;43.09;10.94;741.09;0.00;0.00;0.00
13.01.2021;20:02:36;3.33;43.44;10.87;741.07;0.00;0.00;0.00
13.01.2021;20:03:36;3.33;43.67;10.82;741.07;0.00;0.00;0.00
13.01.2021;20:04:36;3.33;43.43;10.79;741.06;0.00;0.00;0.00
13.01.2021;20:05:36;3.33;43.23;10.74;741.05;0.00;0.00;0.00
13.01.2021;20:06:36;3.35;42.64;10.68;741.05;0.00;0.00;0.00
13.01.2021;20:07:36;3.33;43.03;10.63;741.08;0.00;0.00;0.00
13.01.2021;20:08:36;3.33;43.09;10.58;741.08;0.00;0.00;0.00
13.01.2021;20:09:36;3.36;43.43;10.55;741.07;0.00;0.00;0.00
13.01.2021;20:10:36;3.33;43.60;10.52;741.05;0.00;0.00;0.00
13.01.2021;20:11:36;3.33;44.02;10.50;741.07;0.00;0.00;0.00
13.01.2021;20:12:36;3.35;44.12;10.49;741.07;0.00;0.00;0.00
13.01.2021;20:13:36;3.33;43.85;10.47;741.06;0.00;0.00;0.00
13.01.2021;20:14:36;3.33;44.37;10.43;741.08;0.00;0.00;0.00
13.01.2021;20:15:36;3.33;44.13;10.40;741.08;0.00;0.00;0.00
13.01.2021;20:16:36;3.33;44.40;10.36;741.07;0.00;0.00;0.00
13.01.2021;20:17:36;3.33;44.57;10.32;741.06;0.00;0.00;0.00
13.01.2021;20:18:36;3.33;45.56;10.33;741.05;0.00;0.00;0.00
13.01.2021;20:19:36;3.33;44.90;10.34;741.03;0.00;0.00;0.00
13.01.2021;20:20:36;3.35;44.76;10.28;741.01;0.00;0.00;0.00
13.01.2021;20:21:36;3.33;44.38;10.23;741.01;0.00;0.00;0.00
13.01.2021;20:22:36;3.33;44.39;10.19;741.02;0.00;0.00;0.00
13.01.2021;20:23:36;3.36;44.87;10.16;741.04;0.00;0.00;0.00
13.01.2021;20:24:36;3.33;44.84;10.14;741.04;0.00;0.00;0.00
13.01.2021;20:25:36;3.33;44.28;10.10;741.05;0.00;0.00;0.00
13.01.2021;20:26:36;3.35;45.15;10.06;741.05;0.00;0.00;0.00
13.01.2021;20:27:36;3.33;45.56;10.05;741.05;0.00;0.00;0.00
13.01.2021;20:28:36;3.33;45.06;10.03;741.07;0.00;0.00;0.00
13.01.2021;20:29:36;3.33;44.72;10.01;741.08;0.00;0.00;0.00
13.01.2021;20:30:36;3.33;44.34;9.98;741.08;0.00;0.00;0.00
13.01.2021;20:31:36;3.33;44.75;9.96;741.09;0.00;0.00;0.00
13.01.2021;20:32:36;3.33;44.76;9.96;741.09;0.00;0.00;0.00
13.01.2021;20:33:36;3.33;45.04;9.95;741.10;0.00;0.00;0.00
13.01.2021;20:34:36;3.35;44.79;9.94;741.10;0.00;0.00;0.00
13.01.2021;20:35:37;3.33;44.76;9.94;741.11;0.00;0.00;0.00
13.01.2021;20:36:37;3.33;44.62;9.94;741.11;0.00;0.00;0.00
13.01.2021;20:37:37;3.36;44.42;9.93;741.13;0.00;0.00;0.00
13.01.2021;20:38:37;3.33;43.47;9.93;741.14;0.00;0.00;0.00
13.01.2021;20:39:37;3.33;43.46;9.92;741.13;0.00;0.00;0.00
13.01.2021;20:40:37;3.33;43.50;9.91;741.13;0.00;0.00;0.00
13.01.2021;20:41:37;3.33;43.71;9.90;741.13;0.00;0.00;0.00
13.01.2021;20:42:37;3.33;43.93;9.90;741.12;0.00;0.00;0.00
13.01.2021;20:43:37;3.33;44.22;9.89;741.14;0.00;0.00;0.00
13.01.2021;20:44:37;3.33;44.01;9.88;741.15;0.00;0.00;0.00
13.01.2021;20:45:37;3.33;43.36;9.87;741.16;0.00;0.00;0.00
13.01.2021;20:46:37;3.33;43.25;9.86;741.15;0.00;0.00;0.00
13.01.2021;20:47:37;3.33;43.58;9.85;741.17;0.00;0.00;0.00
13.01.2021;20:48:37;3.35;43.58;9.84;741.18;0.00;0.00;0.00
13.01.2021;20:49:37;3.33;43.66;9.83;741.20;0.00;0.00;0.00
13.01.2021;20:50:37;3.33;43.32;9.82;741.19;0.00;0.00;0.00
13.01.2021;20:51:37;3.35;43.88;9.81;741.19;0.00;0.00;0.00
13.01.2021;20:52:37;3.33;43.30;9.80;741.18;0.00;0.00;0.00
13.01.2021;20:53:37;3.33;43.34;9.79;741.16;0.00;0.00;0.00
13.01.2021;20:54:37;3.33;43.61;9.78;741.17;0.00;0.00;0.00
13.01.2021;20:55:37;3.33;43.58;9.76;741.17;0.00;0.00;0.00
13.01.2021;20:56:37;3.33;43.65;9.74;741.17;0.00;0.00;0.00
13.01.2021;20:57:37;3.33;44.97;9.75;741.18;0.00;0.00;0.00
13.01.2021;20:58:37;3.33;43.67;9.74;741.18;0.00;0.00;0.00
13.01.2021;20:59:37;3.33;43.18;9.72;741.17;0.00;0.00;0.00
13.01.2021;21:00:37;3.33;42.81;9.71;741.15;0.00;0.00;0.00
13.01.2021;21:01:37;3.33;42.89;9.70;741.14;0.00;0.00;0.00
13.01.2021;21:02:37;3.35;42.89;9.69;741.14;0.00;0.00;0.00
13.01.2021;21:03:37;3.33;43.24;9.68;741.15;0.00;0.00;0.00
13.01.2021;21:04:37;3.33;43.12;9.67;741.15;0.00;0.00;0.00
13.01.2021;21:05:37;3.35;43.31;9.65;741.15;0.00;0.00;0.00
13.01.2021;21:06:37;3.33;43.33;9.65;741.16;0.00;0.00;0.00
13.01.2021;21:07:37;3.33;43.55;9.64;741.17;0.00;0.00;0.00
13.01.2021;21:08:37;3.33;43.46;9.64;741.17;0.00;0.00;0.00
13.01.2021;21:09:37;3.33;43.90;9.63;741.16;0.00;0.00;0.00
13.01.2021;21:10:38;3.33;44.60;9.62;741.14;0.00;0.00;0.00
13.01.2021;21:11:38;3.33;44.08;9.64;741.13;0.00;0.00;0.00
13.01.2021;21:12:38;3.33;43.94;9.63;741.11;0.00;0.00;0.00
13.01.2021;21:13:38;3.33;43.46;9.62;741.11;0.00;0.00;0.00
13.01.2021;21:14:38;3.33;43.42;9.62;741.12;0.00;0.00;0.00
13.01.2021;21:15:38;3.33;43.72;9.62;741.10;0.00;0.00;0.00
13.01.2021;21:16:38;3.35;43.47;9.62;741.12;0.00;0.00;0.00
13.01.2021;21:17:38;3.33;43.76;9.62;741.11;0.00;0.00;0.00
13.01.2021;21:18:38;3.33;43.98;9.62;741.10;0.00;0.00;0.00
13.01.2021;21:19:38;3.22;44.09;9.62;741.10;0.00;0.00;0.00
13.01.2021;21:20:38;2.85;43.74;9.61;741.09;0.00;0.00;0.00
13.01.2021;21:21:38;2.92;43.37;9.61;741.09;0.00;0.00;0.00
13.01.2021;21:22:38;3.06;43.26;9.59;741.09;0.00;0.00;0.00
13.01.2021;21:23:38;2.96;42.81;9.60;741.08;0.00;0.00;0.00
13.01.2021;21:24:38;2.92;42.77;9.59;741.08;0.00;0.00;0.00
13.01.2021;21:25:38;3.03;43.02;9.59;741.07;0.00;0.00;0.00
13.01.2021;21:26:38;3.02;43.34;9.58;741.06;0.00;0.00;0.00
13.01.2021;21:27:38;2.96;43.14;9.57;741.06;0.00;0.00;0.00
13.01.2021;21:28:38;2.92;43.55;9.57;741.05;0.00;0.00;0.00
13.01.2021;21:29:38;2.94;43.67;9.56;741.05;0.00;0.00;0.00
13.01.2021;21:30:38;2.93;43.06;9.57;741.06;0.00;0.00;0.00
13.01.2021;21:31:38;2.89;42.80;9.57;741.07;0.00;0.00;0.00
13.01.2021;21:32:38;2.98;42.88;9.57;741.09;0.00;0.00;0.00
13.01.2021;21:33:38;3.06;43.49;9.56;741.12;0.00;0.00;0.00
13.01.2021;21:34:38;3.00;43.77;9.56;741.13;0.00;0.00;0.00
13.01.2021;21:35:38;2.85;43.61;9.56;741.13;0.00;0.00;0.00
13.01.2021;21:36:38;3.03;43.83;9.56;741.11;0.00;0.00;0.00
13.01.2021;21:37:38;2.94;43.99;9.56;741.09;0.00;0.00;0.00
13.01.2021;21:38:38;3.01;43.38;9.56;741.08;0.00;0.00;0.00
13.01.2021;21:39:38;3.07;43.38;9.57;741.09;0.00;0.00;0.00
13.01.2021;21:40:38;3.11;43.58;9.58;741.09;0.00;0.00;0.00
13.01.2021;21:41:38;3.03;43.33;9.58;741.09;0.00;0.00;0.00
13.01.2021;21:42:38;3.10;43.28;9.59;741.11;0.00;0.00;0.00
13.01.2021;21:43:38;2.92;43.09;9.58;741.12;0.00;0.00;0.00
13.01.2021;21:44:38;3.08;42.91;9.58;741.14;0.00;0.00;0.00
13.01.2021;21:45:38;3.04;43.24;9.58;741.13;0.00;0.00;0.00
13.01.2021;21:46:39;3.11;43.20;9.58;741.12;0.00;0.00;0.00
13.01.2021;21:47:39;2.96;43.24;9.58;741.10;0.00;0.00;0.00
13.01.2021;21:48:39;3.08;43.72;9.58;741.07;0.00;0.00;0.00
13.01.2021;21:49:39;3.09;43.41;9.59;741.07;0.00;0.00;0.00
13.01.2021;21:50:39;2.86;43.83;9.60;741.06;0.00;0.00;0.00
13.01.2021;21:51:39;3.06;43.22;9.60;741.05;0.00;0.00;0.00
13.01.2021;21:52:39;3.08;43.76;9.59;741.05;0.00;0.00;0.00
13.01.2021;21:53:39;2.97;43.84;9.60;741.05;0.00;0.00;0.00
13.01.2021;21:54:39;3.01;43.79;9.60;741.06;0.00;0.00;0.00
13.01.2021;21:55:39;3.11;43.57;9.61;741.04;0.00;0.00;0.00
13.01.2021;21:56:39;2.88;43.52;9.60;741.01;0.00;0.00;0.00
13.01.2021;21:57:39;2.99;43.49;9.60;740.99;0.00;0.00;0.00
13.01.2021;21:58:39;3.03;43.44;9.60;740.98;0.00;0.00;0.00
13.01.2021;21:59:39;2.89;43.23;9.62;740.95;0.00;0.00;0.00
13.01.2021;22:00:39;2.95;43.20;9.62;740.93;0.00;0.00;0.00
13.01.2021;22:01:39;2.89;43.31;9.63;740.92;0.00;0.00;0.00
13.01.2021;22:02:39;2.87;42.78;9.62;740.91;0.00;0.00;0.00
13.01.2021;22:03:39;2.95;42.99;9.62;740.91;0.00;0.00;0.00
13.01.2021;22:04:39;2.88;43.14;9.61;740.93;0.00;0.00;0.00
13.01.2021;22:05:39;2.89;42.78;9.60;740.92;0.00;0.00;0.00
13.01.2021;22:06:39;2.95;43.23;9.60;740.93;0.00;0.00;0.00
13.01.2021;22:07:39;3.08;43.09;9.61;740.94;0.00;0.00;0.00
13.01.2021;22:08:39;3.04;43.40;9.61;740.95;0.00;0.00;0.00
13.01.2021;22:09:39;3.06;43.12;9.61;740.95;0.00;0.00;0.00
13.01.2021;22:10:39;3.01;42.79;9.61;740.93;0.00;0.00;0.00
13.01.2021;22:11:39;3.01;42.68;9.61;740.91;0.00;0.00;0.00
13.01.2021;22:12:39;3.04;42.86;9.60;740.88;0.00;0.00;0.00
13.01.2021;22:13:39;2.89;42.51;9.60;740.88;0.00;0.00;0.00
13.01.2021;22:14:39;2.94;42.66;9.59;740.88;0.00;0.00;0.00
13.01.2021;22:15:39;3.04;42.67;9.58;740.88;0.00;0.00;0.00
13.01.2021;22:16:39;3.00;42.47;9.57;740.86;0.00;0.00;0.00
13.01.2021;22:17:39;3.04;42.68;9.57;740.87;0.00;0.00;0.00
13.01.2021;22:18:39;3.06;42.68;9.57;740.87;0.00;0.00;0.00
13.01.2021;22:19:39;2.89;42.82;9.57;740.87;0.00;0.00;0.00
13.01.2021;22:20:39;2.98;42.74;9.56;740.89;0.00;0.00;0.00
13.01.2021;22:21:39;2.99;42.88;9.56;740.91;0.00;0.00;0.00
13.01.2021;22:22:40;2.91;42.45;9.55;740.92;0.00;0.00;0.00
13.01.2021;22:23:40;2.92;43.17;9.55;740.93;0.00;0.00;0.00
13.01.2021;22:24:40;2.94;42.52;9.56;740.93;0.00;0.00;0.00
13.01.2021;22:25:40;2.98;43.19;9.55;740.93;0.00;0.00;0.00
13.01.2021;22:26:40;2.83;42.56;9.56;740.95;0.00;0.00;0.00
13.01.2021;22:27:40;2.90;42.54;9.56;740.97;0.00;0.00;0.00
13.01.2021;22:28:40;2.78;42.69;9.55;741.00;0.00;0.00;0.00
13.01.2021;22:29:40;2.90;42.89;9.55;741.00;0.00;0.00;0.00
13.01.2021;22:30:40;2.86;42.82;9.55;741.00;0.00;0.00;0.00
13.01.2021;22:31:40;2.95;42.85;9.54;741.01;0.00;0.00;0.00
13.01.2021;22:32:40;2.94;43.12;9.53;741.01;0.00;0.00;0.00
13.01.2021;22:33:40;2.92;42.58;9.52;741.00;0.00;0.00;0.00
13.01.2021;22:34:40;2.80;42.12;9.52;741.00;0.00;0.00;0.00
13.01.2021;22:35:40;2.93;42.31;9.52;740.99;0.00;0.00;0.00
13.01.2021;22:36:40;2.82;41.85;9.51;740.99;0.00;0.00;0.00
13.01.2021;22:37:40;2.82;41.88;9.50;741.00;0.00;0.00;0.00
13.01.2021;22:38:40;2.92;41.99;9.49;741.01;0.00;0.00;0.00
13.01.2021;22:39:40;2.87;42.05;9.48;741.01;0.00;0.00;0.00
13.01.2021;22:40:40;2.90;41.71;9.47;741.01;0.00;0.00;0.00
13.01.2021;22:41:40;2.82;42.15;9.46;740.99;0.00;0.00;0.00
13.01.2021;22:42:40;2.84;42.03;9.45;741.00;0.00;0.00;0.00
13.01.2021;22:43:40;2.86;41.69;9.44;741.01;0.00;0.00;0.00
13.01.2021;22:44:40;2.87;41.46;9.43;741.03;0.00;0.00;0.00
13.01.2021;22:45:40;2.75;41.66;9.42;741.04;0.00;0.00;0.00
13.01.2021;22:46:40;2.83;42.00;9.42;741.04;0.00;0.00;0.00
13.01.2021;22:47:40;2.71;41.91;9.42;741.04;0.00;0.00;0.00
13.01.2021;22:48:40;2.71;41.57;9.40;741.04;0.00;0.00;0.00
13.01.2021;22:49:40;2.82;41.42;9.40;741.03;0.00;0.00;0.00
13.01.2021;22:50:40;2.84;41.60;9.39;741.02;0.00;0.00;0.00
13.01.2021;22:51:40;2.89;41.66;9.37;741.01;0.00;0.00;0.00
13.01.2021;22:52:40;2.82;41.63;9.37;740.99;0.00;0.00;0.00
13.01.2021;22:53:40;2.84;42.11;9.37;741.01;0.00;0.00;0.00
13.01.2021;22:54:40;3.04;42.49;9.36;741.01;0.00;0.00;0.00
13.01.2021;22:55:40;2.97;42.15;9.36;741.02;0.00;0.00;0.00
13.01.2021;22:56:40;2.82;41.93;9.35;741.03;0.00;0.00;0.00
13.01.2021;22:57:41;2.94;42.09;9.36;741.04;0.00;0.00;0.00
13.01.2021;22:58:41;2.89;42.58;9.37;741.06;0.00;0.00;0.00
13.01.2021;22:59:41;2.91;42.65;9.37;741.06;0.00;0.00;0.00
13.01.2021;23:00:41;2.81;42.29;9.37;741.05;0.00;0.00;0.00
13.01.2021;23:01:41;2.82;42.39;9.37;741.05;0.00;0.00;0.00
13.01.2021;23:02:41;2.84;42.64;9.38;741.04;0.00;0.00;0.00
13.01.2021;23:03:41;2.82;42.36;9.39;741.04;0.00;0.00;0.00
13.01.2021;23:04:41;2.84;42.74;9.40;741.05;0.00;0.00;0.00
13.01.2021;23:05:41;2.82;42.38;9.40;741.04;0.00;0.00;0.00
13.01.2021;23:06:41;2.72;41.89;9.40;741.03;0.00;0.00;0.00
13.01.2021;23:07:41;2.77;41.61;9.40;741.03;0.00;0.00;0.00
13.01.2021;23:08:41;2.83;41.49;9.39;741.02;0.00;0.00;0.00
13.01.2021;23:09:41;2.79;42.10;9.40;741.03;0.00;0.00;0.00
13.01.2021;23:10:41;2.87;42.34;9.39;741.03;0.00;0.00;0.00
13.01.2021;23:11:41;2.94;42.38;9.40;741.03;0.00;0.00;0.00
13.01.2021;23:12:41;2.92;42.46;9.39;741.02;0.00;0.00;0.00
13.01.2021;23:13:41;2.98;42.21;9.39;741.01;0.00;0.00;0.00
13.01.2021;23:14:41;2.85;42.31;9.39;741.00;0.00;0.00;0.00
13.01.2021;23:15:41;2.92;42.24;9.39;741.00;0.00;0.00;0.00
13.01.2021;23:16:41;2.70;41.91;9.39;740.99;0.00;0.00;0.00
13.01.2021;23:17:41;2.86;41.95;9.41;740.97;0.00;0.00;0.00
13.01.2021;23:18:41;2.85;42.16;9.41;740.94;0.00;0.00;0.00
13.01.2021;23:19:41;2.90;42.20;9.41;740.93;0.00;0.00;0.00
13.01.2021;23:20:41;2.99;42.18;9.41;740.94;0.00;0.00;0.00
13.01.2021;23:21:41;2.90;42.02;9.42;740.94;0.00;0.00;0.00
13.01.2021;23:22:41;2.92;41.73;9.42;740.95;0.00;0.00;0.00
13.01.2021;23:23:41;3.04;42.22;9.43;740.94;0.00;0.00;0.00
13.01.2021;23:24:41;2.85;42.13;9.43;740.95;0.00;0.00;0.00
13.01.2021;23:25:41;2.82;42.20;9.44;740.96;0.00;0.00;0.00
13.01.2021;23:26:41;2.96;42.41;9.44;740.95;0.00;0.00;0.00
13.01.2021;23:27:41;2.88;42.14;9.45;740.94;0.00;0.00;0.00
13.01.2021;23:28:41;2.93;42.01;9.45;740.94;0.00;0.00;0.00
13.01.2021;23:29:41;2.97;41.79;9.46;740.96;0.00;0.00;0.00
13.01.2021;23:30:41;2.92;41.83;9.46;740.96;0.00;0.00;0.00
13.01.2021;23:31:41;3.01;42.35;9.47;740.99;0.00;0.00;0.00
13.01.2021;23:32:41;3.01;42.56;9.48;740.98;0.00;0.00;0.00
13.01.2021;23:33:42;2.94;42.73;9.49;740.96;0.00;0.00;0.00
13.01.2021;23:34:42;2.94;42.54;9.49;740.95;0.00;0.00;0.00
13.01.2021;23:35:42;3.05;42.30;9.50;740.95;0.00;0.00;0.00
13.01.2021;23:36:42;3.04;42.37;9.51;740.95;0.00;0.00;0.00
13.01.2021;23:37:42;2.94;42.50;9.52;740.97;0.00;0.00;0.00
13.01.2021;23:38:42;2.92;42.53;9.52;740.98;0.00;0.00;0.00
13.01.2021;23:39:42;2.87;42.41;9.53;740.99;0.00;0.00;0.00
13.01.2021;23:40:42;2.86;42.34;9.53;740.99;0.00;0.00;0.00
13.01.2021;23:41:42;2.98;42.23;9.53;740.98;0.00;0.00;0.00
13.01.2021;23:42:42;3.00;42.34;9.53;740.96;0.00;0.00;0.00
13.01.2021;23:43:42;2.92;42.13;9.53;740.93;0.00;0.00;0.00
13.01.2021;23:44:42;2.84;41.86;9.53;740.94;0.00;0.00;0.00
13.01.2021;23:45:42;2.96;42.43;9.53;740.95;0.00;0.00;0.00
13.01.2021;23:46:42;2.94;42.20;9.54;740.97;0.00;0.00;0.00
13.01.2021;23:47:42;2.93;42.17;9.54;740.98;0.00;0.00;0.00
13.01.2021;23:48:42;2.89;42.38;9.54;740.98;0.00;0.00;0.00
13.01.2021;23:49:42;2.92;42.36;9.55;740.97;0.00;0.00;0.00
13.01.2021;23:50:42;3.03;42.30;9.56;740.97;0.00;0.00;0.00
13.01.2021;23:51:42;3.03;42.23;9.56;740.97;0.00;0.00;0.00
13.01.2021;23:52:42;2.90;42.12;9.56;740.98;0.00;0.00;0.00
13.01.2021;23:53:42;3.00;42.33;9.58;740.98;0.00;0.00;0.00
13.01.2021;23:54:42;3.06;42.50;9.58;740.97;0.00;0.00;0.00
13.01.2021;23:55:42;3.01;42.35;9.59;740.94;0.00;0.00;0.00
13.01.2021;23:56:42;2.90;42.51;9.61;740.92;0.00;0.00;0.00
13.01.2021;23:57:42;3.01;42.07;9.62;740.91;0.00;0.00;0.00
13.01.2021;23:58:42;2.98;41.93;9.61;740.91;0.00;0.00;0.00
13.01.2021;23:59:42;2.97;42.03;9.61;740.94;0.00;0.00;0.00
