13.12.2020;0:00:37;3.33;39.70;9.46;751.73;0.00;0.00;0.00
13.12.2020;0:01:37;3.33;39.78;9.46;751.72;0.00;0.00;0.00
13.12.2020;0:02:37;3.33;39.70;9.45;751.70;0.00;0.00;0.00
13.12.2020;0:03:37;3.33;39.76;9.44;751.68;0.00;0.00;0.00
13.12.2020;0:04:38;3.33;39.77;9.45;751.69;0.00;0.00;0.00
13.12.2020;0:05:38;3.33;39.76;9.46;751.70;0.00;0.00;0.00
13.12.2020;0:06:38;3.33;39.73;9.46;751.70;0.00;0.00;0.00
13.12.2020;0:07:38;3.35;39.66;9.45;751.67;0.00;0.00;0.00
13.12.2020;0:08:38;3.33;39.69;9.44;751.65;0.00;0.00;0.00
13.12.2020;0:09:38;3.33;39.67;9.43;751.63;0.00;0.00;0.00
13.12.2020;0:10:38;3.36;39.74;9.43;751.63;0.00;0.00;0.00
13.12.2020;0:11:38;3.33;39.81;9.43;751.62;0.00;0.00;0.00
13.12.2020;0:12:38;3.33;39.81;9.43;751.62;0.00;0.00;0.00
13.12.2020;0:13:38;3.33;39.79;9.43;751.64;0.00;0.00;0.00
13.12.2020;0:14:38;3.33;39.79;9.43;751.64;0.00;0.00;0.00
13.12.2020;0:15:38;3.33;39.75;9.44;751.66;0.00;0.00;0.00
13.12.2020;0:16:38;3.33;39.77;9.43;751.67;0.00;0.00;0.00
13.12.2020;0:17:38;3.33;39.78;9.44;751.66;0.00;0.00;0.00
13.12.2020;0:18:38;3.33;39.74;9.44;751.66;0.00;0.00;0.00
13.12.2020;0:19:38;3.33;39.72;9.44;751.66;0.00;0.00;0.00
13.12.2020;0:20:38;3.33;39.71;9.44;751.68;0.00;0.00;0.00
13.12.2020;0:21:38;3.35;39.76;9.44;751.67;0.00;0.00;0.00
13.12.2020;0:22:38;3.33;39.77;9.44;751.68;0.00;0.00;0.00
13.12.2020;0:23:38;3.33;39.72;9.45;751.68;0.00;0.00;0.00
13.12.2020;0:24:38;3.36;39.73;9.44;751.71;0.00;0.00;0.00
13.12.2020;0:25:38;3.33;39.74;9.45;751.72;0.00;0.00;0.00
13.12.2020;0:26:38;3.33;39.72;9.45;751.71;0.00;0.00;0.00
13.12.2020;0:27:38;3.33;39.74;9.46;751.73;0.00;0.00;0.00
13.12.2020;0:28:38;3.33;39.69;9.45;751.73;0.00;0.00;0.00
13.12.2020;0:29:38;3.33;39.71;9.46;751.74;0.00;0.00;0.00
13.12.2020;0:30:38;3.33;39.71;9.46;751.74;0.00;0.00;0.00
13.12.2020;0:31:38;3.33;39.70;9.47;751.73;0.00;0.00;0.00
13.12.2020;0:32:38;3.33;39.69;9.46;751.72;0.00;0.00;0.00
13.12.2020;0:33:38;3.33;39.71;9.46;751.72;0.00;0.00;0.00
13.12.2020;0:34:38;3.33;39.71;9.47;751.72;0.00;0.00;0.00
13.12.2020;0:35:38;3.35;39.69;9.47;751.73;0.00;0.00;0.00
13.12.2020;0:36:38;3.33;39.69;9.48;751.76;0.00;0.00;0.00
13.12.2020;0:37:38;3.33;39.65;9.47;751.75;0.00;0.00;0.00
13.12.2020;0:38:38;3.36;39.65;9.47;751.76;0.00;0.00;0.00
13.12.2020;0:39:38;3.33;39.68;9.47;751.75;0.00;0.00;0.00
13.12.2020;0:40:39;3.33;39.68;9.47;751.75;0.00;0.00;0.00
13.12.2020;0:41:39;3.33;39.67;9.48;751.75;0.00;0.00;0.00
13.12.2020;0:42:39;3.33;39.66;9.48;751.73;0.00;0.00;0.00
13.12.2020;0:43:39;3.33;39.66;9.48;751.72;0.00;0.00;0.00
13.12.2020;0:44:39;3.33;39.65;9.49;751.71;0.00;0.00;0.00
13.12.2020;0:45:39;3.33;39.61;9.49;751.72;0.00;0.00;0.00
13.12.2020;0:46:39;3.33;39.66;9.48;751.73;0.00;0.00;0.00
13.12.2020;0:47:39;3.33;39.66;9.48;751.74;0.00;0.00;0.00
13.12.2020;0:48:39;3.33;39.65;9.48;751.75;0.00;0.00;0.00
13.12.2020;0:49:39;3.35;39.64;9.47;751.75;0.00;0.00;0.00
13.12.2020;0:50:39;3.33;39.64;9.48;751.74;0.00;0.00;0.00
13.12.2020;0:51:39;3.33;39.61;9.47;751.74;0.00;0.00;0.00
13.12.2020;0:52:39;3.36;39.65;9.47;751.75;0.00;0.00;0.00
13.12.2020;0:53:39;3.33;39.65;9.47;751.77;0.00;0.00;0.00
13.12.2020;0:54:39;3.33;39.68;9.47;751.75;0.00;0.00;0.00
13.12.2020;0:55:39;3.33;39.65;9.47;751.75;0.00;0.00;0.00
13.12.2020;0:56:39;3.33;39.68;9.47;751.76;0.00;0.00;0.00
13.12.2020;0:57:39;3.33;39.65;9.47;751.74;0.00;0.00;0.00
13.12.2020;0:58:39;3.33;39.64;9.48;751.71;0.00;0.00;0.00
13.12.2020;0:59:39;3.33;39.64;9.48;751.69;0.00;0.00;0.00
13.12.2020;1:00:39;3.33;39.65;9.48;751.70;0.00;0.00;0.00
13.12.2020;1:01:39;3.33;39.66;9.48;751.70;0.00;0.00;0.00
13.12.2020;1:02:39;3.33;39.63;9.48;751.70;0.00;0.00;0.00
13.12.2020;1:03:39;3.35;39.64;9.48;751.68;0.00;0.00;0.00
13.12.2020;1:04:39;3.33;39.64;9.47;751.68;0.00;0.00;0.00
13.12.2020;1:05:39;3.33;39.62;9.47;751.68;0.00;0.00;0.00
13.12.2020;1:06:39;3.36;39.63;9.47;751.67;0.00;0.00;0.00
13.12.2020;1:07:39;3.33;39.64;9.47;751.68;0.00;0.00;0.00
13.12.2020;1:08:39;3.33;39.63;9.47;751.69;0.00;0.00;0.00
13.12.2020;1:09:39;3.33;39.64;9.47;751.70;0.00;0.00;0.00
13.12.2020;1:10:39;3.33;39.65;9.46;751.69;0.00;0.00;0.00
13.12.2020;1:11:39;3.33;39.66;9.46;751.68;0.00;0.00;0.00
13.12.2020;1:12:39;3.33;39.66;9.46;751.68;0.00;0.00;0.00
13.12.2020;1:13:39;3.33;39.65;9.46;751.68;0.00;0.00;0.00
13.12.2020;1:14:39;3.33;39.65;9.46;751.69;0.00;0.00;0.00
13.12.2020;1:15:39;3.33;39.66;9.45;751.69;0.00;0.00;0.00
13.12.2020;1:16:40;3.33;39.68;9.45;751.68;0.00;0.00;0.00
13.12.2020;1:17:40;3.35;39.67;9.45;751.67;0.00;0.00;0.00
13.12.2020;1:18:40;3.33;39.65;9.45;751.66;0.00;0.00;0.00
13.12.2020;1:19:40;3.33;39.65;9.46;751.66;0.00;0.00;0.00
13.12.2020;1:20:40;3.36;39.64;9.46;751.66;0.00;0.00;0.00
13.12.2020;1:21:40;3.33;39.65;9.45;751.64;0.00;0.00;0.00
13.12.2020;1:22:40;3.33;39.65;9.46;751.63;0.00;0.00;0.00
13.12.2020;1:23:40;3.33;39.64;9.46;751.62;0.00;0.00;0.00
13.12.2020;1:24:40;3.33;39.64;9.47;751.61;0.00;0.00;0.00
13.12.2020;1:25:40;3.33;39.62;9.47;751.61;0.00;0.00;0.00
13.12.2020;1:26:40;3.33;39.63;9.47;751.61;0.00;0.00;0.00
13.12.2020;1:27:40;3.33;39.62;9.48;751.62;0.00;0.00;0.00
13.12.2020;1:28:40;3.33;39.62;9.48;751.62;0.00;0.00;0.00
13.12.2020;1:29:40;3.33;39.61;9.49;751.63;0.00;0.00;0.00
13.12.2020;1:30:40;3.33;39.60;9.49;751.62;0.00;0.00;0.00
13.12.2020;1:31:40;3.35;39.60;9.49;751.61;0.00;0.00;0.00
13.12.2020;1:32:40;3.33;39.60;9.49;751.59;0.00;0.00;0.00
13.12.2020;1:33:40;3.33;39.61;9.49;751.59;0.00;0.00;0.00
13.12.2020;1:34:40;3.35;39.60;9.49;751.59;0.00;0.00;0.00
13.12.2020;1:35:40;3.33;39.59;9.50;751.59;0.00;0.00;0.00
13.12.2020;1:36:40;3.33;39.60;9.49;751.59;0.00;0.00;0.00
13.12.2020;1:37:40;3.33;39.60;9.51;751.59;0.00;0.00;0.00
13.12.2020;1:38:40;3.33;39.58;9.52;751.59;0.00;0.00;0.00
13.12.2020;1:39:40;3.33;39.56;9.52;751.61;0.00;0.00;0.00
13.12.2020;1:40:40;3.33;39.57;9.52;751.62;0.00;0.00;0.00
13.12.2020;1:41:40;3.33;39.54;9.52;751.63;0.00;0.00;0.00
13.12.2020;1:42:40;3.33;39.56;9.52;751.64;0.00;0.00;0.00
13.12.2020;1:43:40;3.33;39.58;9.52;751.63;0.00;0.00;0.00
13.12.2020;1:44:40;3.33;39.56;9.52;751.63;0.00;0.00;0.00
13.12.2020;1:45:40;3.35;39.55;9.52;751.63;0.00;0.00;0.00
13.12.2020;1:46:40;3.33;39.53;9.53;751.63;0.00;0.00;0.00
13.12.2020;1:47:40;3.33;39.52;9.52;751.62;0.00;0.00;0.00
13.12.2020;1:48:40;3.36;39.53;9.52;751.62;0.00;0.00;0.00
13.12.2020;1:49:40;3.33;39.56;9.51;751.63;0.00;0.00;0.00
13.12.2020;1:50:40;3.33;39.58;9.52;751.65;0.00;0.00;0.00
13.12.2020;1:51:40;3.33;39.55;9.51;751.66;0.00;0.00;0.00
13.12.2020;1:52:40;3.33;39.61;9.51;751.66;0.00;0.00;0.00
13.12.2020;1:53:41;3.33;39.58;9.52;751.66;0.00;0.00;0.00
13.12.2020;1:54:41;3.33;39.55;9.53;751.66;0.00;0.00;0.00
13.12.2020;1:55:41;3.33;39.56;9.53;751.68;0.00;0.00;0.00
13.12.2020;1:56:41;3.33;39.55;9.53;751.69;0.00;0.00;0.00
13.12.2020;1:57:41;3.33;39.54;9.53;751.71;0.00;0.00;0.00
13.12.2020;1:58:41;3.33;39.52;9.54;751.72;0.00;0.00;0.00
13.12.2020;1:59:41;3.35;39.51;9.54;751.73;0.00;0.00;0.00
13.12.2020;2:00:41;3.33;39.52;9.55;751.76;0.00;0.00;0.00
13.12.2020;2:01:41;3.33;39.50;9.56;751.77;0.00;0.00;0.00
13.12.2020;2:02:41;3.35;39.48;9.56;751.78;0.00;0.00;0.00
13.12.2020;2:03:41;3.33;39.48;9.56;751.79;0.00;0.00;0.00
13.12.2020;2:04:41;3.33;39.47;9.56;751.79;0.00;0.00;0.00
13.12.2020;2:05:41;3.33;39.47;9.56;751.79;0.00;0.00;0.00
13.12.2020;2:06:41;3.33;39.48;9.56;751.79;0.00;0.00;0.00
13.12.2020;2:07:41;3.33;39.46;9.57;751.80;0.00;0.00;0.00
13.12.2020;2:08:41;3.33;39.46;9.57;751.81;0.00;0.00;0.00
13.12.2020;2:09:41;3.33;39.44;9.57;751.82;0.00;0.00;0.00
13.12.2020;2:10:41;3.33;39.43;9.58;751.82;0.00;0.00;0.00
13.12.2020;2:11:41;3.33;39.43;9.58;751.81;0.00;0.00;0.00
13.12.2020;2:12:41;3.33;39.43;9.57;751.81;0.00;0.00;0.00
13.12.2020;2:13:41;3.35;39.43;9.57;751.83;0.00;0.00;0.00
13.12.2020;2:14:41;3.33;39.44;9.57;751.83;0.00;0.00;0.00
13.12.2020;2:15:41;3.33;39.43;9.58;751.85;0.00;0.00;0.00
13.12.2020;2:16:41;3.36;39.44;9.57;751.85;0.00;0.00;0.00
13.12.2020;2:17:41;3.33;39.45;9.56;751.84;0.00;0.00;0.00
13.12.2020;2:18:41;3.33;39.47;9.56;751.85;0.00;0.00;0.00
13.12.2020;2:19:41;3.33;39.47;9.56;751.86;0.00;0.00;0.00
13.12.2020;2:20:41;3.33;39.47;9.56;751.85;0.00;0.00;0.00
13.12.2020;2:21:41;3.33;39.47;9.56;751.86;0.00;0.00;0.00
13.12.2020;2:22:41;3.33;39.47;9.55;751.87;0.00;0.00;0.00
13.12.2020;2:23:41;3.33;39.50;9.55;751.89;0.00;0.00;0.00
13.12.2020;2:24:41;3.33;39.50;9.55;751.91;0.00;0.00;0.00
13.12.2020;2:25:41;3.33;39.53;9.54;751.90;0.00;0.00;0.00
13.12.2020;2:26:41;3.33;39.52;9.54;751.88;0.00;0.00;0.00
13.12.2020;2:27:41;3.35;39.54;9.54;751.87;0.00;0.00;0.00
13.12.2020;2:28:41;3.33;39.53;9.54;751.89;0.00;0.00;0.00
13.12.2020;2:29:42;3.33;39.53;9.54;751.90;0.00;0.00;0.00
13.12.2020;2:30:42;3.35;39.55;9.53;751.89;0.00;0.00;0.00
13.12.2020;2:31:42;3.33;39.55;9.53;751.89;0.00;0.00;0.00
13.12.2020;2:32:42;3.33;39.54;9.53;751.88;0.00;0.00;0.00
13.12.2020;2:33:42;3.33;39.54;9.54;751.89;0.00;0.00;0.00
13.12.2020;2:34:42;3.33;39.55;9.54;751.88;0.00;0.00;0.00
13.12.2020;2:35:42;3.33;39.54;9.53;751.87;0.00;0.00;0.00
13.12.2020;2:36:42;3.33;39.54;9.54;751.85;0.00;0.00;0.00
13.12.2020;2:37:42;3.33;39.54;9.53;751.84;0.00;0.00;0.00
13.12.2020;2:38:42;3.33;39.55;9.53;751.83;0.00;0.00;0.00
13.12.2020;2:39:42;3.33;39.57;9.52;751.83;0.00;0.00;0.00
13.12.2020;2:40:42;3.33;39.58;9.52;751.84;0.00;0.00;0.00
13.12.2020;2:41:42;3.35;39.59;9.52;751.86;0.00;0.00;0.00
13.12.2020;2:42:42;3.33;39.59;9.52;751.85;0.00;0.00;0.00
13.12.2020;2:43:42;3.33;39.58;9.52;751.85;0.00;0.00;0.00
13.12.2020;2:44:42;3.36;39.58;9.52;751.86;0.00;0.00;0.00
13.12.2020;2:45:42;3.33;39.56;9.53;751.86;0.00;0.00;0.00
13.12.2020;2:46:42;3.33;39.56;9.54;751.85;0.00;0.00;0.00
13.12.2020;2:47:42;3.33;39.56;9.53;751.85;0.00;0.00;0.00
13.12.2020;2:48:42;3.33;39.56;9.53;751.85;0.00;0.00;0.00
13.12.2020;2:49:42;3.33;39.57;9.52;751.85;0.00;0.00;0.00
13.12.2020;2:50:42;3.33;39.59;9.52;751.84;0.00;0.00;0.00
13.12.2020;2:51:42;3.33;39.60;9.53;751.85;0.00;0.00;0.00
13.12.2020;2:52:42;3.33;39.59;9.53;751.82;0.00;0.00;0.00
13.12.2020;2:53:42;3.33;39.60;9.53;751.81;0.00;0.00;0.00
13.12.2020;2:54:42;3.33;39.60;9.53;751.79;0.00;0.00;0.00
13.12.2020;2:55:42;3.35;39.59;9.53;751.78;0.00;0.00;0.00
13.12.2020;2:56:42;3.33;39.59;9.54;751.79;0.00;0.00;0.00
13.12.2020;2:57:42;3.33;39.61;9.54;751.79;0.00;0.00;0.00
13.12.2020;2:58:42;3.36;39.60;9.55;751.79;0.00;0.00;0.00
13.12.2020;2:59:42;3.33;39.59;9.55;751.77;0.00;0.00;0.00
13.12.2020;3:00:42;3.33;39.61;9.55;751.77;0.00;0.00;0.00
13.12.2020;3:01:42;3.33;39.60;9.55;751.76;0.00;0.00;0.00
13.12.2020;3:02:42;3.33;39.59;9.56;751.75;0.00;0.00;0.00
13.12.2020;3:03:42;3.33;39.57;9.57;751.74;0.00;0.00;0.00
13.12.2020;3:04:42;3.33;39.56;9.57;751.71;0.00;0.00;0.00
13.12.2020;3:05:43;3.33;39.57;9.58;751.70;0.00;0.00;0.00
13.12.2020;3:06:43;3.33;39.56;9.58;751.69;0.00;0.00;0.00
13.12.2020;3:07:43;3.33;39.58;9.58;751.68;0.00;0.00;0.00
13.12.2020;3:08:43;3.33;39.57;9.58;751.66;0.00;0.00;0.00
13.12.2020;3:09:43;3.35;39.56;9.59;751.68;0.00;0.00;0.00
13.12.2020;3:10:43;3.33;39.55;9.60;751.68;0.00;0.00;0.00
13.12.2020;3:11:43;3.33;39.56;9.60;751.69;0.00;0.00;0.00
13.12.2020;3:12:43;3.36;39.56;9.61;751.70;0.00;0.00;0.00
13.12.2020;3:13:43;3.33;39.54;9.61;751.70;0.00;0.00;0.00
13.12.2020;3:14:43;3.33;39.54;9.62;751.70;0.00;0.00;0.00
13.12.2020;3:15:43;3.33;39.53;9.62;751.71;0.00;0.00;0.00
13.12.2020;3:16:43;3.33;39.53;9.63;751.71;0.00;0.00;0.00
13.12.2020;3:17:43;3.33;39.53;9.63;751.70;0.00;0.00;0.00
13.12.2020;3:18:43;3.33;39.51;9.63;751.70;0.00;0.00;0.00
13.12.2020;3:19:43;3.33;39.51;9.64;751.68;0.00;0.00;0.00
13.12.2020;3:20:43;3.33;39.51;9.64;751.69;0.00;0.00;0.00
13.12.2020;3:21:43;3.33;39.50;9.65;751.68;0.00;0.00;0.00
13.12.2020;3:22:43;3.33;39.49;9.65;751.67;0.00;0.00;0.00
13.12.2020;3:23:43;3.35;39.50;9.65;751.66;0.00;0.00;0.00
13.12.2020;3:24:43;3.33;39.47;9.66;751.65;0.00;0.00;0.00
13.12.2020;3:25:43;3.33;39.46;9.67;751.64;0.00;0.00;0.00
13.12.2020;3:26:43;3.35;39.45;9.67;751.63;0.00;0.00;0.00
13.12.2020;3:27:43;3.33;39.44;9.67;751.62;0.00;0.00;0.00
13.12.2020;3:28:43;3.33;39.44;9.67;751.62;0.00;0.00;0.00
13.12.2020;3:29:43;3.33;39.46;9.67;751.60;0.00;0.00;0.00
13.12.2020;3:30:43;3.33;39.45;9.67;751.60;0.00;0.00;0.00
13.12.2020;3:31:43;3.33;39.45;9.67;751.59;0.00;0.00;0.00
13.12.2020;3:32:43;3.33;39.44;9.67;751.57;0.00;0.00;0.00
13.12.2020;3:33:43;3.33;39.44;9.67;751.56;0.00;0.00;0.00
13.12.2020;3:34:43;3.33;39.42;9.68;751.56;0.00;0.00;0.00
13.12.2020;3:35:43;3.33;39.43;9.68;751.56;0.00;0.00;0.00
13.12.2020;3:36:43;3.33;39.41;9.68;751.55;0.00;0.00;0.00
13.12.2020;3:37:43;3.35;39.44;9.67;751.54;0.00;0.00;0.00
13.12.2020;3:38:43;3.33;39.44;9.67;751.53;0.00;0.00;0.00
13.12.2020;3:39:43;3.33;39.45;9.67;751.53;0.00;0.00;0.00
13.12.2020;3:40:43;3.36;39.42;9.68;751.54;0.00;0.00;0.00
13.12.2020;3:41:44;3.33;39.43;9.67;751.56;0.00;0.00;0.00
13.12.2020;3:42:44;3.33;39.45;9.67;751.56;0.00;0.00;0.00
13.12.2020;3:43:44;3.33;39.45;9.67;751.57;0.00;0.00;0.00
13.12.2020;3:44:44;3.33;39.45;9.67;751.57;0.00;0.00;0.00
13.12.2020;3:45:44;3.33;39.45;9.68;751.58;0.00;0.00;0.00
13.12.2020;3:46:44;3.33;39.45;9.68;751.57;0.00;0.00;0.00
13.12.2020;3:47:44;3.33;39.45;9.68;751.55;0.00;0.00;0.00
13.12.2020;3:48:44;3.33;39.47;9.67;751.54;0.00;0.00;0.00
13.12.2020;3:49:44;3.33;39.47;9.67;751.54;0.00;0.00;0.00
13.12.2020;3:50:44;3.33;39.47;9.67;751.54;0.00;0.00;0.00
13.12.2020;3:51:44;3.35;39.48;9.68;751.54;0.00;0.00;0.00
13.12.2020;3:52:44;3.33;39.48;9.68;751.55;0.00;0.00;0.00
13.12.2020;3:53:44;3.33;39.46;9.67;751.55;0.00;0.00;0.00
13.12.2020;3:54:44;3.35;39.49;9.67;751.55;0.00;0.00;0.00
13.12.2020;3:55:44;3.33;39.50;9.67;751.53;0.00;0.00;0.00
13.12.2020;3:56:44;3.33;39.50;9.67;751.52;0.00;0.00;0.00
13.12.2020;3:57:44;3.33;39.54;9.66;751.50;0.00;0.00;0.00
13.12.2020;3:58:44;3.33;39.62;9.65;751.47;0.00;0.00;0.00
13.12.2020;3:59:44;3.33;39.62;9.63;751.46;0.00;0.00;0.00
13.12.2020;4:00:44;3.33;39.61;9.64;751.46;0.00;0.00;0.00
13.12.2020;4:01:44;3.33;39.58;9.64;751.46;0.00;0.00;0.00
13.12.2020;4:02:44;3.33;39.61;9.63;751.46;0.00;0.00;0.00
13.12.2020;4:03:44;3.33;39.59;9.64;751.45;0.00;0.00;0.00
13.12.2020;4:04:44;3.33;39.62;9.64;751.45;0.00;0.00;0.00
13.12.2020;4:05:44;3.35;39.61;9.64;751.45;0.00;0.00;0.00
13.12.2020;4:06:44;3.33;39.59;9.64;751.47;0.00;0.00;0.00
13.12.2020;4:07:44;3.33;39.58;9.64;751.48;0.00;0.00;0.00
13.12.2020;4:08:44;3.36;39.58;9.64;751.51;0.00;0.00;0.00
13.12.2020;4:09:44;3.33;39.62;9.64;751.53;0.00;0.00;0.00
13.12.2020;4:10:44;3.33;39.62;9.64;751.55;0.00;0.00;0.00
13.12.2020;4:11:44;3.33;39.62;9.64;751.57;0.00;0.00;0.00
13.12.2020;4:12:44;3.33;39.62;9.65;751.59;0.00;0.00;0.00
13.12.2020;4:13:44;3.33;39.62;9.65;751.61;0.00;0.00;0.00
13.12.2020;4:14:44;3.33;39.64;9.66;751.58;0.00;0.00;0.00
13.12.2020;4:15:44;3.33;39.66;9.66;751.56;0.00;0.00;0.00
13.12.2020;4:16:44;3.33;39.65;9.66;751.56;0.00;0.00;0.00
13.12.2020;4:17:45;3.33;39.65;9.66;751.55;0.00;0.00;0.00
13.12.2020;4:18:45;3.33;39.63;9.67;751.55;0.00;0.00;0.00
13.12.2020;4:19:45;3.35;39.64;9.68;751.54;0.00;0.00;0.00
13.12.2020;4:20:45;3.33;39.64;9.67;751.55;0.00;0.00;0.00
13.12.2020;4:21:45;3.33;39.64;9.68;751.54;0.00;0.00;0.00
13.12.2020;4:22:45;3.35;39.60;9.69;751.53;0.00;0.00;0.00
13.12.2020;4:23:45;3.33;39.61;9.70;751.53;0.00;0.00;0.00
13.12.2020;4:24:45;3.33;39.56;9.71;751.53;0.00;0.00;0.00
13.12.2020;4:25:45;3.33;39.55;9.71;751.54;0.00;0.00;0.00
13.12.2020;4:26:45;3.33;39.54;9.72;751.54;0.00;0.00;0.00
13.12.2020;4:27:45;3.33;39.53;9.73;751.54;0.00;0.00;0.00
13.12.2020;4:28:45;3.33;39.50;9.74;751.55;0.00;0.00;0.00
13.12.2020;4:29:45;3.33;39.49;9.74;751.54;0.00;0.00;0.00
13.12.2020;4:30:45;3.33;39.50;9.75;751.53;0.00;0.00;0.00
13.12.2020;4:31:45;3.33;39.48;9.75;751.52;0.00;0.00;0.00
13.12.2020;4:32:45;3.33;39.50;9.76;751.51;0.00;0.00;0.00
13.12.2020;4:33:45;3.35;39.47;9.76;751.50;0.00;0.00;0.00
13.12.2020;4:34:45;3.33;39.50;9.77;751.50;0.00;0.00;0.00
13.12.2020;4:35:45;3.33;39.52;9.77;751.49;0.00;0.00;0.00
13.12.2020;4:36:45;3.35;39.61;9.75;751.49;0.00;0.00;0.00
13.12.2020;4:37:45;3.33;39.59;9.75;751.50;0.00;0.00;0.00
13.12.2020;4:38:45;3.33;39.54;9.75;751.51;0.00;0.00;0.00
13.12.2020;4:39:45;3.33;39.53;9.76;751.49;0.00;0.00;0.00
13.12.2020;4:40:45;3.33;39.49;9.77;751.50;0.00;0.00;0.00
13.12.2020;4:41:45;3.33;39.51;9.77;751.50;0.00;0.00;0.00
13.12.2020;4:42:45;3.33;39.45;9.77;751.51;0.00;0.00;0.00
13.12.2020;4:43:45;3.33;39.44;9.78;751.54;0.00;0.00;0.00
13.12.2020;4:44:45;3.33;39.43;9.78;751.55;0.00;0.00;0.00
13.12.2020;4:45:45;3.33;39.45;9.78;751.55;0.00;0.00;0.00
13.12.2020;4:46:45;3.33;39.51;9.78;751.51;0.00;0.00;0.00
13.12.2020;4:47:45;3.35;39.54;9.77;751.49;0.00;0.00;0.00
13.12.2020;4:48:45;3.33;39.52;9.77;751.49;0.00;0.00;0.00
13.12.2020;4:49:45;3.33;39.53;9.76;751.49;0.00;0.00;0.00
13.12.2020;4:50:45;3.35;39.50;9.76;751.51;0.00;0.00;0.00
13.12.2020;4:51:45;3.33;39.50;9.78;751.51;0.00;0.00;0.00
13.12.2020;4:52:45;3.33;39.50;9.77;751.49;0.00;0.00;0.00
13.12.2020;4:53:46;3.33;39.48;9.78;751.49;0.00;0.00;0.00
13.12.2020;4:54:46;3.33;39.49;9.78;751.49;0.00;0.00;0.00
13.12.2020;4:55:46;3.33;39.49;9.77;751.50;0.00;0.00;0.00
13.12.2020;4:56:46;3.33;39.48;9.77;751.51;0.00;0.00;0.00
13.12.2020;4:57:46;3.33;39.46;9.78;751.54;0.00;0.00;0.00
13.12.2020;4:58:46;3.33;39.47;9.77;751.55;0.00;0.00;0.00
13.12.2020;4:59:46;3.33;39.49;9.77;751.54;0.00;0.00;0.00
13.12.2020;5:00:46;3.33;39.48;9.78;751.52;0.00;0.00;0.00
13.12.2020;5:01:46;3.35;39.53;9.78;751.53;0.00;0.00;0.00
13.12.2020;5:02:46;3.33;39.48;9.78;751.54;0.00;0.00;0.00
13.12.2020;5:03:46;3.33;39.45;9.79;751.55;0.00;0.00;0.00
13.12.2020;5:04:46;3.36;39.46;9.79;751.55;0.00;0.00;0.00
13.12.2020;5:05:46;3.33;39.48;9.79;751.56;0.00;0.00;0.00
13.12.2020;5:06:46;3.33;39.51;9.79;751.56;0.00;0.00;0.00
13.12.2020;5:07:46;3.33;39.55;9.79;751.56;0.00;0.00;0.00
13.12.2020;5:08:46;3.33;39.49;9.80;751.57;0.00;0.00;0.00
13.12.2020;5:09:46;3.33;39.47;9.81;751.58;0.00;0.00;0.00
13.12.2020;5:10:46;3.33;39.46;9.82;751.58;0.00;0.00;0.00
13.12.2020;5:11:46;3.33;39.47;9.83;751.59;0.00;0.00;0.00
13.12.2020;5:12:46;3.33;39.48;9.83;751.58;0.00;0.00;0.00
13.12.2020;5:13:46;3.33;39.47;9.84;751.59;0.00;0.00;0.00
13.12.2020;5:14:46;3.33;39.43;9.85;751.59;0.00;0.00;0.00
13.12.2020;5:15:46;3.35;39.42;9.86;751.59;0.00;0.00;0.00
13.12.2020;5:16:46;3.33;39.44;9.87;751.60;0.00;0.00;0.00
13.12.2020;5:17:46;3.33;39.41;9.88;751.61;0.00;0.00;0.00
13.12.2020;5:18:46;3.35;39.41;9.88;751.59;0.00;0.00;0.00
13.12.2020;5:19:46;3.33;39.43;9.89;751.58;0.00;0.00;0.00
13.12.2020;5:20:46;3.33;39.41;9.89;751.58;0.00;0.00;0.00
13.12.2020;5:21:46;3.33;39.41;9.91;751.59;0.00;0.00;0.00
13.12.2020;5:22:46;3.33;39.37;9.92;751.59;0.00;0.00;0.00
13.12.2020;5:23:46;3.33;39.37;9.93;751.58;0.00;0.00;0.00
13.12.2020;5:24:46;3.33;39.37;9.94;751.56;0.00;0.00;0.00
13.12.2020;5:25:46;3.33;39.32;9.94;751.55;0.00;0.00;0.00
13.12.2020;5:26:46;3.33;39.30;9.94;751.53;0.00;0.00;0.00
13.12.2020;5:27:46;3.33;39.30;9.95;751.51;0.00;0.00;0.00
13.12.2020;5:28:46;3.33;39.26;9.96;751.53;0.00;0.00;0.00
13.12.2020;5:29:47;3.35;39.27;9.97;751.54;0.00;0.00;0.00
13.12.2020;5:30:47;3.33;39.22;9.98;751.54;0.00;0.00;0.00
13.12.2020;5:31:47;3.33;39.23;9.99;751.54;0.00;0.00;0.00
13.12.2020;5:32:47;3.36;39.25;9.99;751.53;0.00;0.00;0.00
13.12.2020;5:33:47;3.33;39.25;9.99;751.51;0.00;0.00;0.00
13.12.2020;5:34:47;3.33;39.24;9.99;751.50;0.00;0.00;0.00
13.12.2020;5:35:47;3.33;39.24;10.00;751.48;0.00;0.00;0.00
13.12.2020;5:36:47;3.33;39.22;10.00;751.49;0.00;0.00;0.00
13.12.2020;5:37:47;3.33;39.20;10.01;751.46;0.00;0.00;0.00
13.12.2020;5:38:47;3.33;39.28;10.01;751.43;0.00;0.00;0.00
13.12.2020;5:39:47;3.33;39.27;10.01;751.40;0.00;0.00;0.00
13.12.2020;5:40:47;3.33;39.23;10.01;751.39;0.00;0.00;0.00
13.12.2020;5:41:47;3.33;39.26;10.01;751.39;0.00;0.00;0.00
13.12.2020;5:42:47;3.33;39.22;10.01;751.37;0.00;0.00;0.00
13.12.2020;5:43:47;3.35;39.33;10.01;751.34;0.00;0.00;0.00
13.12.2020;5:44:47;3.33;39.33;10.00;751.32;0.00;0.00;0.00
13.12.2020;5:45:47;3.33;39.29;10.00;751.33;0.00;0.00;0.00
13.12.2020;5:46:47;3.36;39.25;10.01;751.34;0.00;0.00;0.00
13.12.2020;5:47:47;3.33;39.29;10.01;751.32;0.00;0.00;0.00
13.12.2020;5:48:47;3.33;39.37;10.01;751.31;0.00;0.00;0.00
13.12.2020;5:49:47;3.35;39.31;10.00;751.30;0.00;0.00;0.00
13.12.2020;5:50:47;3.33;39.29;10.00;751.31;0.00;0.00;0.00
13.12.2020;5:51:47;3.33;39.44;10.00;751.29;0.00;0.00;0.00
13.12.2020;5:52:47;3.33;39.37;9.99;751.28;0.00;0.00;0.00
13.12.2020;5:53:47;3.33;39.46;9.99;751.27;0.00;0.00;0.00
13.12.2020;5:54:47;3.33;39.42;9.99;751.26;0.00;0.00;0.00
13.12.2020;5:55:47;3.33;39.46;9.98;751.26;0.00;0.00;0.00
13.12.2020;5:56:47;3.33;39.35;9.98;751.29;0.00;0.00;0.00
13.12.2020;5:57:47;3.35;39.34;9.99;751.32;0.00;0.00;0.00
13.12.2020;5:58:47;3.33;39.32;9.99;751.34;0.00;0.00;0.00
13.12.2020;5:59:47;3.33;39.29;10.00;751.36;0.00;0.00;0.00
13.12.2020;6:00:47;3.36;39.25;10.01;751.38;0.00;0.00;0.00
13.12.2020;6:01:47;3.33;39.27;10.01;751.39;0.00;0.00;0.00
13.12.2020;6:02:47;3.33;39.27;10.01;751.40;0.00;0.00;0.00
13.12.2020;6:03:48;3.33;39.24;10.02;751.42;0.00;0.00;0.00
13.12.2020;6:04:48;3.33;39.23;10.03;751.45;0.00;0.00;0.00
13.12.2020;6:05:48;3.33;39.22;10.04;751.45;0.00;0.00;0.00
13.12.2020;6:06:48;3.33;39.28;10.05;751.44;0.00;0.00;0.00
13.12.2020;6:07:48;3.33;39.23;10.05;751.43;0.00;0.00;0.00
13.12.2020;6:08:48;3.33;39.22;10.06;751.46;0.00;0.00;0.00
13.12.2020;6:09:48;3.33;39.23;10.07;751.47;0.00;0.00;0.00
13.12.2020;6:10:48;3.33;39.21;10.08;751.49;0.00;0.00;0.00
13.12.2020;6:11:48;3.35;39.18;10.08;751.51;0.00;0.00;0.00
13.12.2020;6:12:48;3.33;39.16;10.09;751.50;0.00;0.00;0.00
13.12.2020;6:13:48;3.33;39.18;10.09;751.52;0.00;0.00;0.00
13.12.2020;6:14:48;3.36;39.17;10.10;751.51;0.00;0.00;0.00
13.12.2020;6:15:48;3.33;39.19;10.12;751.51;0.00;0.00;0.00
13.12.2020;6:16:48;3.33;39.14;10.13;751.50;0.00;0.00;0.00
13.12.2020;6:17:48;3.35;39.11;10.14;751.51;0.00;0.00;0.00
13.12.2020;6:18:48;3.33;39.12;10.14;751.53;0.00;0.00;0.00
13.12.2020;6:19:48;3.33;39.08;10.14;751.53;0.00;0.00;0.00
13.12.2020;6:20:48;3.33;39.08;10.16;751.54;0.00;0.00;0.00
13.12.2020;6:21:48;3.33;39.05;10.17;751.55;0.00;0.00;0.00
13.12.2020;6:22:48;3.33;39.06;10.17;751.55;0.00;0.00;0.00
13.12.2020;6:23:48;3.33;39.09;10.18;751.56;0.00;0.00;0.00
13.12.2020;6:24:48;3.33;39.05;10.18;751.56;0.00;0.00;0.00
13.12.2020;6:25:48;3.35;39.05;10.19;751.56;0.00;0.00;0.00
13.12.2020;6:26:48;3.33;39.02;10.20;751.56;0.00;0.00;0.00
13.12.2020;6:27:48;3.33;39.11;10.19;751.58;0.00;0.00;0.00
13.12.2020;6:28:48;3.36;39.06;10.20;751.58;0.00;0.00;0.00
13.12.2020;6:29:48;3.33;39.01;10.20;751.58;0.00;0.00;0.00
13.12.2020;6:30:48;3.33;39.01;10.20;751.56;0.00;0.00;0.00
13.12.2020;6:31:48;3.35;39.01;10.20;751.55;0.00;0.00;0.00
13.12.2020;6:32:48;3.33;39.07;10.20;751.55;0.00;0.00;0.00
13.12.2020;6:33:48;3.33;39.04;10.21;751.54;0.00;0.00;0.00
13.12.2020;6:34:48;3.33;39.10;10.21;751.53;0.00;0.00;0.00
13.12.2020;6:35:48;3.33;39.02;10.21;751.52;0.00;0.00;0.00
13.12.2020;6:36:48;3.33;39.03;10.22;751.52;0.00;0.00;0.00
13.12.2020;6:37:49;3.33;39.01;10.22;751.51;0.00;0.00;0.00
13.12.2020;6:38:49;3.33;39.00;10.23;751.50;0.00;0.00;0.00
13.12.2020;6:39:49;3.35;38.97;10.22;751.50;0.00;0.00;0.00
13.12.2020;6:40:49;3.33;39.00;10.22;751.50;0.00;0.00;0.00
13.12.2020;6:41:49;3.33;38.98;10.22;751.50;0.00;0.00;0.00
13.12.2020;6:42:49;3.36;39.02;10.23;751.51;0.00;0.00;0.00
13.12.2020;6:43:49;3.33;39.01;10.23;751.51;0.00;0.00;0.00
13.12.2020;6:44:49;3.33;39.01;10.23;751.51;0.00;0.00;0.00
13.12.2020;6:45:49;3.35;39.00;10.23;751.51;0.00;0.00;0.00
13.12.2020;6:46:49;3.33;38.97;10.24;751.51;0.00;0.00;0.00
13.12.2020;6:47:49;3.33;38.98;10.25;751.53;0.00;0.00;0.00
13.12.2020;6:48:49;3.33;38.99;10.25;751.53;0.00;0.00;0.00
13.12.2020;6:49:49;3.33;38.95;10.24;751.53;0.00;0.00;0.00
13.12.2020;6:50:49;3.33;39.03;10.24;751.54;0.00;0.00;0.00
13.12.2020;6:51:49;3.33;39.03;10.24;751.55;0.00;0.00;0.00
13.12.2020;6:52:49;3.33;39.02;10.24;751.54;0.00;0.00;0.00
13.12.2020;6:53:49;3.35;38.96;10.25;751.55;0.00;0.00;0.00
13.12.2020;6:54:49;3.33;38.99;10.26;751.56;0.00;0.00;0.00
13.12.2020;6:55:49;3.33;39.02;10.26;751.56;0.00;0.00;0.00
13.12.2020;6:56:49;3.36;39.03;10.25;751.56;0.00;0.00;0.00
13.12.2020;6:57:49;3.33;39.00;10.26;751.57;0.00;0.00;0.00
13.12.2020;6:58:49;3.33;38.98;10.26;751.57;0.00;0.00;0.00
13.12.2020;6:59:49;3.35;38.96;10.26;751.58;0.00;0.00;0.00
13.12.2020;7:00:49;3.33;38.98;10.26;751.57;0.00;0.00;0.00
13.12.2020;7:01:49;3.33;38.96;10.26;751.56;0.00;0.00;0.00
13.12.2020;7:02:49;3.33;38.98;10.26;751.56;0.00;0.00;0.00
13.12.2020;7:03:49;3.33;39.06;10.26;751.56;0.00;0.00;0.00
13.12.2020;7:04:49;3.33;38.97;10.27;751.57;0.00;0.00;0.00
13.12.2020;7:05:49;3.33;38.96;10.27;751.57;0.00;0.00;0.00
13.12.2020;7:06:49;3.33;38.97;10.27;751.56;0.00;0.00;0.00
13.12.2020;7:07:49;3.35;38.98;10.27;751.57;0.00;0.00;0.00
13.12.2020;7:08:49;3.33;38.95;10.27;751.57;0.00;0.00;0.00
13.12.2020;7:09:49;3.33;38.96;10.28;751.57;0.00;0.00;0.00
13.12.2020;7:10:50;3.36;39.00;10.27;751.58;0.00;0.00;0.00
13.12.2020;7:11:50;3.33;38.98;10.27;751.56;0.00;0.00;0.00
13.12.2020;7:12:50;3.33;39.04;10.27;751.56;0.00;0.00;0.00
13.12.2020;7:13:50;3.35;39.09;10.27;751.57;0.00;0.00;0.00
13.12.2020;7:14:50;3.33;38.98;10.27;751.56;0.00;0.00;0.00
13.12.2020;7:15:50;3.33;39.05;10.27;751.56;0.00;0.00;0.00
13.12.2020;7:16:50;3.33;38.99;10.27;751.55;0.00;0.00;0.00
13.12.2020;7:17:50;3.33;38.98;10.27;751.55;0.00;0.00;0.00
13.12.2020;7:18:50;3.33;38.99;10.27;751.54;0.00;0.00;0.00
13.12.2020;7:19:50;3.33;38.96;10.28;751.54;0.00;0.00;0.00
13.12.2020;7:20:50;3.33;39.02;10.29;751.55;0.00;0.00;0.00
13.12.2020;7:21:50;3.35;39.04;10.30;751.56;0.00;0.00;0.00
13.12.2020;7:22:50;3.33;38.95;10.29;751.57;0.00;0.00;0.00
13.12.2020;7:23:50;3.33;38.97;10.29;751.58;0.00;0.00;0.00
13.12.2020;7:24:50;3.36;38.97;10.29;751.58;0.00;0.00;0.00
13.12.2020;7:25:50;3.33;38.97;10.29;751.58;0.00;0.00;0.00
13.12.2020;7:26:50;3.33;39.00;10.29;751.58;0.00;0.00;0.00
13.12.2020;7:27:50;3.35;38.96;10.29;751.58;0.00;0.00;0.00
13.12.2020;7:28:50;3.33;38.97;10.29;751.58;0.00;0.00;0.00
13.12.2020;7:29:50;3.33;38.95;10.29;751.56;0.00;0.00;0.00
13.12.2020;7:30:50;3.33;38.95;10.28;751.56;0.00;0.00;0.00
13.12.2020;7:31:50;3.33;38.99;10.30;751.55;0.00;0.00;0.00
13.12.2020;7:32:50;3.33;39.00;10.29;751.54;0.00;0.00;0.00
13.12.2020;7:33:50;3.33;38.96;10.29;751.54;0.00;0.00;0.00
13.12.2020;7:34:50;3.39;39.07;10.29;751.53;0.00;0.00;0.00
13.12.2020;7:35:50;4.08;39.01;10.29;751.54;0.00;0.00;0.00
13.12.2020;7:36:50;4.17;39.07;10.28;751.54;0.00;0.00;0.00
13.12.2020;7:37:50;4.17;39.00;10.28;751.54;0.00;0.00;0.00
13.12.2020;7:38:50;4.19;39.02;10.28;751.55;0.00;0.00;0.00
13.12.2020;7:39:50;4.17;39.01;10.28;751.55;0.00;0.00;0.00
13.12.2020;7:40:50;4.17;39.02;10.28;751.54;0.00;0.00;0.00
13.12.2020;7:41:50;4.72;39.01;10.28;751.54;0.00;0.00;0.00
13.12.2020;7:42:50;5.00;39.01;10.28;751.54;0.00;0.00;0.00
13.12.2020;7:43:51;5.55;39.14;10.28;751.54;0.00;0.00;0.00
13.12.2020;7:44:51;5.83;39.13;10.28;751.55;0.00;0.00;0.00
13.12.2020;7:45:51;5.83;39.06;10.29;751.54;0.00;0.00;0.00
13.12.2020;7:46:51;5.83;39.03;10.29;751.55;0.00;0.00;0.00
13.12.2020;7:47:51;5.83;39.07;10.28;751.55;0.00;0.00;0.00
13.12.2020;7:48:51;6.41;39.10;10.28;751.55;0.00;0.00;0.00
13.12.2020;7:49:51;7.15;39.06;10.27;751.54;0.00;0.00;0.00
13.12.2020;7:50:51;7.51;39.10;10.27;751.53;0.00;0.00;0.00
13.12.2020;7:51:51;8.32;39.13;10.26;751.53;0.00;0.00;0.00
13.12.2020;7:52:51;8.90;39.10;10.27;751.53;0.00;0.00;0.00
13.12.2020;7:53:51;9.89;39.07;10.27;751.53;0.00;0.00;0.00
13.12.2020;7:54:51;10.78;39.17;10.27;751.53;0.00;0.00;0.00
13.12.2020;7:55:51;10.85;39.08;10.27;751.53;0.00;0.00;0.00
13.12.2020;7:56:51;11.81;39.14;10.27;751.53;0.00;0.00;0.00
13.12.2020;7:57:51;13.62;39.22;10.27;751.53;0.00;0.00;0.00
13.12.2020;7:58:51;14.19;39.14;10.25;751.54;0.00;0.00;0.00
13.12.2020;7:59:51;16.64;39.22;10.26;751.55;0.00;0.00;0.00
13.12.2020;8:00:51;17.32;39.27;10.25;751.55;0.01;0.00;0.00
13.12.2020;8:01:51;18.57;39.34;10.24;751.55;0.01;0.00;0.00
13.12.2020;8:02:51;20.51;39.27;10.25;751.56;0.02;0.00;0.00
13.12.2020;8:03:51;20.90;39.27;10.25;751.56;0.02;0.00;0.00
13.12.2020;8:04:51;22.40;39.21;10.25;751.56;0.03;0.00;0.00
13.12.2020;8:05:51;22.77;39.28;10.24;751.56;0.03;0.00;0.00
13.12.2020;8:06:51;23.28;39.24;10.24;751.58;0.03;0.00;0.00
13.12.2020;8:07:51;24.86;39.20;10.23;751.57;0.04;0.00;0.00
13.12.2020;8:08:51;26.26;39.30;10.23;751.57;0.04;0.00;0.00
13.12.2020;8:09:51;28.29;39.23;10.23;751.59;0.05;0.00;0.00
13.12.2020;8:10:51;29.81;39.32;10.24;751.59;0.05;0.00;0.00
13.12.2020;8:11:51;30.64;39.25;10.24;751.59;0.06;0.00;0.00
13.12.2020;8:12:51;32.04;39.25;10.23;751.59;0.06;0.00;0.00
13.12.2020;8:13:51;33.43;39.39;10.23;751.58;0.07;0.00;0.00
13.12.2020;8:14:52;33.97;39.55;10.22;751.58;0.07;0.00;0.00
13.12.2020;8:15:52;33.39;39.34;10.22;751.59;0.07;0.00;0.00
13.12.2020;8:16:52;34.29;39.34;10.23;751.60;0.07;0.00;0.00
13.12.2020;8:17:52;36.43;39.28;10.23;751.61;0.08;0.00;0.00
13.12.2020;8:18:52;36.89;39.43;10.23;751.62;0.08;0.00;0.00
13.12.2020;8:19:52;37.36;39.45;10.22;751.63;0.08;0.00;0.00
13.12.2020;8:20:52;37.51;39.31;10.22;751.64;0.08;0.00;0.00
13.12.2020;8:21:52;38.28;39.43;10.22;751.65;0.08;0.00;0.00
13.12.2020;8:22:52;39.51;39.36;10.23;751.65;0.08;0.00;0.00
13.12.2020;8:23:52;39.79;39.42;10.23;751.67;0.08;0.00;0.00
13.12.2020;8:24:52;40.60;39.33;10.24;751.67;0.08;0.00;0.00
13.12.2020;8:25:52;40.81;39.48;10.24;751.66;0.08;0.00;0.00
13.12.2020;8:26:52;41.31;39.33;10.24;751.66;0.08;0.00;0.00
13.12.2020;8:27:52;42.08;39.32;10.24;751.66;0.09;0.00;0.00
13.12.2020;8:28:52;43.84;39.37;10.24;751.66;0.09;0.00;0.00
13.12.2020;8:29:52;42.22;39.63;10.24;751.67;0.08;0.00;0.00
13.12.2020;8:30:52;38.79;39.50;10.25;751.71;0.07;0.00;0.00
13.12.2020;8:31:52;41.04;39.51;10.24;751.71;0.08;0.00;0.00
13.12.2020;8:32:52;43.62;39.51;10.24;751.70;0.09;0.00;0.00
13.12.2020;8:33:52;46.50;39.52;10.23;751.70;0.10;0.00;0.00
13.12.2020;8:34:52;48.74;39.49;10.23;751.69;0.11;0.00;0.00
13.12.2020;8:35:52;50.32;39.47;10.23;751.68;0.11;0.00;0.00
13.12.2020;8:36:52;50.14;39.40;10.24;751.68;0.11;0.00;0.00
13.12.2020;8:37:52;55.36;39.45;10.24;751.66;0.13;0.00;0.00
13.12.2020;8:38:52;57.03;39.42;10.24;751.65;0.13;0.00;0.00
13.12.2020;8:39:52;58.33;39.45;10.25;751.65;0.14;0.00;0.00
13.12.2020;8:40:52;60.35;39.45;10.24;751.63;0.14;0.00;0.00
13.12.2020;8:41:52;63.50;39.62;10.25;751.63;0.15;0.00;0.00
13.12.2020;8:42:52;60.85;39.49;10.25;751.64;0.14;0.00;0.00
13.12.2020;8:43:52;65.54;39.65;10.24;751.63;0.16;0.00;0.00
13.12.2020;8:44:52;65.24;39.45;10.24;751.63;0.16;0.00;0.00
13.12.2020;8:45:53;64.87;39.66;10.24;751.62;0.16;0.00;0.00
13.12.2020;8:46:53;67.60;39.53;10.25;751.63;0.17;0.00;0.00
13.12.2020;8:47:53;72.15;39.49;10.25;751.60;0.18;0.00;0.00
13.12.2020;8:48:53;71.74;39.51;10.25;751.61;0.18;0.00;0.00
13.12.2020;8:49:53;75.10;39.48;10.26;751.61;0.19;0.00;0.00
13.12.2020;8:50:53;83.25;39.47;10.27;751.61;0.22;0.00;0.00
13.12.2020;8:51:53;82.85;39.45;10.26;751.59;0.22;0.00;0.00
13.12.2020;8:52:53;84.79;39.38;10.27;751.60;0.23;0.00;0.00
13.12.2020;8:53:53;91.07;39.39;10.27;751.61;0.25;0.00;0.00
13.12.2020;8:54:53;93.54;39.39;10.28;751.59;0.26;0.00;0.00
13.12.2020;8:55:53;99.81;39.43;10.29;751.60;0.28;0.00;0.00
13.12.2020;8:56:53;105.59;39.43;10.28;751.59;0.30;0.00;0.00
13.12.2020;8:57:53;104.53;39.45;10.29;751.60;0.30;0.00;0.00
13.12.2020;8:58:53;100.37;39.38;10.29;751.61;0.28;0.00;0.00
13.12.2020;8:59:53;101.40;39.40;10.30;751.62;0.29;0.00;0.00
13.12.2020;9:00:53;101.69;39.43;10.30;751.61;0.29;0.00;0.00
13.12.2020;9:01:53;100.61;39.37;10.30;751.60;0.28;0.00;0.00
13.12.2020;9:02:53;101.07;39.36;10.30;751.60;0.28;0.00;0.00
13.12.2020;9:03:53;101.28;39.36;10.31;751.60;0.28;0.00;0.00
13.12.2020;9:04:53;98.77;39.30;10.31;751.62;0.27;0.00;0.00
13.12.2020;9:05:53;105.32;39.30;10.31;751.62;0.30;0.00;0.00
13.12.2020;9:06:53;115.89;39.32;10.31;751.62;0.33;0.00;0.00
13.12.2020;9:07:53;119.36;39.30;10.32;751.62;0.34;0.00;0.00
13.12.2020;9:08:53;110.67;39.34;10.33;751.64;0.31;0.00;0.00
13.12.2020;9:09:53;109.35;39.29;10.34;751.66;0.31;0.00;0.00
13.12.2020;9:10:53;109.87;39.24;10.33;751.66;0.31;0.00;0.00
13.12.2020;9:11:53;111.24;39.20;10.33;751.67;0.31;0.00;0.00
13.12.2020;9:12:53;115.51;39.26;10.34;751.66;0.33;0.00;0.00
13.12.2020;9:13:53;114.68;39.22;10.33;751.65;0.33;0.00;0.00
13.12.2020;9:14:53;118.25;39.21;10.33;751.64;0.34;0.00;0.00
13.12.2020;9:15:54;113.42;39.28;10.34;751.65;0.32;0.00;0.00
13.12.2020;9:16:54;117.93;39.18;10.34;751.66;0.34;0.00;0.00
13.12.2020;9:17:54;118.92;39.16;10.35;751.65;0.34;0.00;0.00
13.12.2020;9:18:54;113.01;39.22;10.35;751.64;0.32;0.00;0.00
13.12.2020;9:19:54;112.67;39.26;10.36;751.64;0.31;0.00;0.00
13.12.2020;9:20:54;108.94;39.29;10.36;751.64;0.30;0.00;0.00
13.12.2020;9:21:54;106.41;39.20;10.35;751.63;0.29;0.00;0.00
13.12.2020;9:22:54;109.07;39.17;10.35;751.61;0.30;0.00;0.00
13.12.2020;9:23:54;111.00;39.19;10.35;751.62;0.30;0.00;0.00
13.12.2020;9:24:54;115.95;39.24;10.35;751.63;0.32;0.00;0.00
13.12.2020;9:25:54;119.25;39.15;10.35;751.62;0.33;0.00;0.00
13.12.2020;9:26:54;119.64;39.32;10.35;751.62;0.33;0.00;0.00
13.12.2020;9:27:54;124.84;39.28;10.35;751.61;0.35;0.00;0.00
13.12.2020;9:28:54;128.44;39.25;10.35;751.61;0.36;0.00;0.00
13.12.2020;9:29:54;123.00;39.22;10.36;751.63;0.34;0.00;0.00
13.12.2020;9:30:54;120.75;39.21;10.36;751.63;0.33;0.00;0.00
13.12.2020;9:31:54;122.90;39.29;10.36;751.63;0.34;0.00;0.00
13.12.2020;9:32:54;124.69;39.19;10.36;751.64;0.34;0.00;0.00
13.12.2020;9:33:54;123.63;39.41;10.36;751.65;0.34;0.00;0.00
13.12.2020;9:34:54;121.31;39.21;10.35;751.67;0.34;0.00;0.00
13.12.2020;9:35:54;120.90;39.22;10.36;751.68;0.33;0.00;0.00
13.12.2020;9:36:54;126.36;39.29;10.37;751.68;0.35;0.00;0.00
13.12.2020;9:37:54;128.78;39.24;10.37;751.69;0.36;0.00;0.00
13.12.2020;9:38:54;131.62;39.19;10.37;751.70;0.37;0.00;0.00
13.12.2020;9:39:54;139.42;39.26;10.37;751.69;0.40;0.00;0.00
13.12.2020;9:40:54;142.93;39.21;10.37;751.69;0.41;0.00;0.00
13.12.2020;9:41:54;150.51;39.24;10.37;751.70;0.43;0.03;0.01
13.12.2020;9:42:54;155.40;39.39;10.38;751.70;0.45;0.05;0.02
13.12.2020;9:43:54;150.03;39.46;10.37;751.71;0.43;0.03;0.01
13.12.2020;9:44:54;159.46;39.35;10.37;751.72;0.46;0.08;0.04
13.12.2020;9:45:55;155.68;39.22;10.38;751.72;0.45;0.07;0.03
13.12.2020;9:46:55;160.20;39.24;10.38;751.73;0.46;0.09;0.04
13.12.2020;9:47:55;160.97;39.27;10.39;751.74;0.47;0.10;0.05
13.12.2020;9:48:55;167.23;39.16;10.39;751.76;0.49;0.12;0.06
13.12.2020;9:49:55;168.43;39.25;10.39;751.77;0.49;0.13;0.07
13.12.2020;9:50:55;168.92;39.22;10.38;751.79;0.49;0.14;0.07
13.12.2020;9:51:55;169.15;39.28;10.38;751.80;0.50;0.15;0.07
13.12.2020;9:52:55;167.65;39.23;10.37;751.80;0.49;0.14;0.07
13.12.2020;9:53:55;172.99;39.23;10.37;751.81;0.51;0.16;0.08
13.12.2020;9:54:55;176.92;39.29;10.38;751.81;0.52;0.19;0.10
13.12.2020;9:55:55;175.74;39.24;10.38;751.82;0.52;0.18;0.10
13.12.2020;9:56:55;172.85;39.37;10.38;751.83;0.51;0.18;0.09
13.12.2020;9:57:55;170.44;39.20;10.38;751.85;0.50;0.15;0.07
13.12.2020;9:58:55;173.59;39.28;10.37;751.87;0.51;0.17;0.09
13.12.2020;9:59:55;169.39;39.24;10.37;751.87;0.49;0.14;0.07
13.12.2020;10:00:55;173.67;39.29;10.37;751.86;0.51;0.18;0.09
13.12.2020;10:01:55;178.99;39.29;10.37;751.86;0.52;0.18;0.10
13.12.2020;10:02:55;174.11;39.27;10.37;751.86;0.51;0.16;0.08
13.12.2020;10:03:55;171.98;39.29;10.36;751.88;0.50;0.15;0.07
13.12.2020;10:04:55;170.96;39.28;10.37;751.88;0.50;0.15;0.08
13.12.2020;10:05:55;170.31;39.25;10.38;751.89;0.49;0.13;0.07
13.12.2020;10:06:55;176.71;39.41;10.38;751.90;0.52;0.19;0.10
13.12.2020;10:07:55;185.12;39.27;10.38;751.90;0.54;0.23;0.12
13.12.2020;10:08:55;178.28;39.29;10.39;751.91;0.52;0.18;0.09
13.12.2020;10:09:55;178.08;39.44;10.39;751.93;0.52;0.18;0.10
13.12.2020;10:10:55;176.12;39.34;10.40;751.93;0.51;0.18;0.09
13.12.2020;10:11:55;183.25;39.28;10.40;751.94;0.53;0.20;0.11
13.12.2020;10:12:55;190.51;39.44;10.41;751.94;0.56;0.25;0.14
13.12.2020;10:13:55;183.03;39.46;10.41;751.94;0.53;0.20;0.11
13.12.2020;10:14:56;189.17;39.46;10.42;751.94;0.55;0.24;0.13
13.12.2020;10:15:56;198.28;39.43;10.42;751.93;0.58;0.29;0.17
13.12.2020;10:16:56;204.11;39.36;10.43;751.91;0.60;0.32;0.19
13.12.2020;10:17:56;215.25;39.45;10.45;751.91;0.64;0.38;0.24
13.12.2020;10:18:56;227.99;39.38;10.47;751.89;0.68;0.44;0.30
13.12.2020;10:19:56;231.08;39.36;10.48;751.88;0.69;0.47;0.32
13.12.2020;10:20:56;234.80;39.25;10.49;751.87;0.70;0.48;0.34
13.12.2020;10:21:56;252.79;39.22;10.50;751.86;0.76;0.56;0.42
13.12.2020;10:22:56;259.21;39.22;10.52;751.86;0.77;0.59;0.46
13.12.2020;10:23:56;260.47;39.22;10.54;751.86;0.78;0.61;0.47
13.12.2020;10:24:56;251.27;39.22;10.54;751.85;0.75;0.55;0.41
13.12.2020;10:25:56;266.64;39.25;10.56;751.86;0.80;0.64;0.51
13.12.2020;10:26:56;272.17;39.43;10.55;751.84;0.81;0.65;0.53
13.12.2020;10:27:56;253.33;39.26;10.55;751.85;0.75;0.55;0.42
13.12.2020;10:28:56;241.21;39.27;10.56;751.85;0.71;0.50;0.35
13.12.2020;10:29:56;235.56;39.28;10.56;751.86;0.69;0.48;0.33
13.12.2020;10:30:56;235.94;39.20;10.57;751.87;0.69;0.47;0.32
13.12.2020;10:31:56;233.58;39.13;10.58;751.86;0.68;0.45;0.31
13.12.2020;10:32:56;234.52;39.17;10.58;751.87;0.69;0.46;0.32
13.12.2020;10:33:56;240.31;39.15;10.59;751.86;0.70;0.48;0.34
13.12.2020;10:34:56;251.44;39.22;10.59;751.86;0.74;0.54;0.40
13.12.2020;10:35:56;259.44;39.18;10.59;751.86;0.76;0.59;0.45
13.12.2020;10:36:56;254.79;39.10;10.60;751.84;0.75;0.56;0.42
13.12.2020;10:37:56;270.04;39.04;10.61;751.84;0.79;0.63;0.50
13.12.2020;10:38:56;271.22;39.19;10.61;751.83;0.80;0.63;0.50
13.12.2020;10:39:56;268.28;39.35;10.61;751.84;0.79;0.61;0.48
13.12.2020;10:40:56;266.10;39.15;10.62;751.84;0.78;0.60;0.47
13.12.2020;10:41:56;261.00;39.05;10.62;751.82;0.77;0.58;0.44
13.12.2020;10:42:56;270.49;39.03;10.64;751.83;0.80;0.63;0.50
13.12.2020;10:43:57;281.36;39.13;10.64;751.82;0.83;0.70;0.58
13.12.2020;10:44:57;284.12;39.01;10.65;751.81;0.84;0.70;0.59
13.12.2020;10:45:57;271.81;39.04;10.65;751.80;0.80;0.64;0.51
13.12.2020;10:46:57;259.69;38.97;10.65;751.81;0.77;0.59;0.46
13.12.2020;10:47:57;272.93;39.15;10.66;751.80;0.81;0.65;0.53
13.12.2020;10:48:57;265.58;39.11;10.65;751.79;0.79;0.62;0.49
13.12.2020;10:49:57;288.35;39.08;10.66;751.77;0.85;0.73;0.62
13.12.2020;10:50:57;310.90;39.11;10.66;751.77;0.92;0.83;0.76
13.12.2020;10:51:57;288.43;39.22;10.65;751.77;0.85;0.72;0.61
13.12.2020;10:52:57;279.68;39.15;10.66;751.76;0.82;0.68;0.56
13.12.2020;10:53:57;267.91;39.04;10.66;751.76;0.79;0.62;0.49
13.12.2020;10:54:57;257.53;39.07;10.66;751.75;0.76;0.57;0.43
13.12.2020;10:55:57;261.68;39.04;10.66;751.75;0.76;0.58;0.44
13.12.2020;10:56:57;239.97;39.09;10.66;751.75;0.70;0.48;0.33
13.12.2020;10:57:57;245.96;39.23;10.66;751.75;0.71;0.50;0.36
13.12.2020;10:58:57;238.15;39.18;10.66;751.74;0.68;0.45;0.31
13.12.2020;10:59:57;225.53;39.18;10.66;751.73;0.65;0.40;0.26
13.12.2020;11:00:57;214.77;39.15;10.67;751.71;0.61;0.34;0.21
13.12.2020;11:01:57;206.90;39.27;10.66;751.71;0.59;0.30;0.17
13.12.2020;11:02:57;200.33;39.15;10.65;751.72;0.56;0.28;0.16
13.12.2020;11:03:57;197.25;39.20;10.66;751.71;0.55;0.26;0.14
13.12.2020;11:04:57;202.65;39.23;10.66;751.71;0.57;0.29;0.16
13.12.2020;11:05:57;190.21;39.23;10.66;751.70;0.53;0.21;0.11
13.12.2020;11:06:57;196.43;39.18;10.67;751.71;0.55;0.25;0.14
13.12.2020;11:07:57;199.99;39.14;10.68;751.71;0.56;0.26;0.15
13.12.2020;11:08:57;207.36;39.29;10.68;751.71;0.59;0.30;0.18
13.12.2020;11:09:57;207.99;39.13;10.69;751.69;0.59;0.31;0.18
13.12.2020;11:10:57;197.88;39.16;10.69;751.68;0.56;0.25;0.14
13.12.2020;11:11:57;201.79;39.18;10.70;751.68;0.57;0.27;0.15
13.12.2020;11:12:58;200.42;39.12;10.71;751.67;0.56;0.26;0.15
13.12.2020;11:13:58;197.78;39.04;10.71;751.66;0.56;0.25;0.14
13.12.2020;11:14:58;210.62;39.34;10.71;751.64;0.60;0.32;0.19
13.12.2020;11:15:58;224.79;39.23;10.71;751.62;0.64;0.39;0.25
13.12.2020;11:16:58;229.53;39.13;10.71;751.60;0.66;0.40;0.26
13.12.2020;11:17:58;242.01;39.10;10.72;751.59;0.70;0.48;0.34
13.12.2020;11:18:58;260.39;39.17;10.73;751.60;0.76;0.57;0.43
13.12.2020;11:19:58;270.18;39.23;10.74;751.58;0.79;0.63;0.49
13.12.2020;11:20:58;304.44;39.11;10.75;751.58;0.90;0.79;0.71
13.12.2020;11:21:58;331.31;39.07;10.75;751.55;0.97;0.92;0.89
13.12.2020;11:22:58;309.56;39.04;10.77;751.55;0.91;0.82;0.74
13.12.2020;11:23:58;319.75;39.03;10.78;751.53;0.94;0.88;0.82
13.12.2020;11:24:58;344.51;39.18;10.79;751.52;1.01;0.99;1.00
13.12.2020;11:25:58;334.18;39.10;10.81;751.52;0.98;0.94;0.92
13.12.2020;11:26:58;358.81;39.01;10.81;751.53;1.06;1.07;1.13
13.12.2020;11:27:58;363.93;39.00;10.82;751.52;1.07;1.07;1.14
13.12.2020;11:28:58;378.49;38.96;10.83;751.52;1.12;1.16;1.29
13.12.2020;11:29:58;364.63;38.86;10.84;751.52;1.08;1.11;1.19
13.12.2020;11:30:58;418.99;39.04;10.86;751.52;1.23;1.36;1.67
13.12.2020;11:31:58;461.86;39.04;10.86;751.51;1.35;1.57;2.12
13.12.2020;11:32:58;439.82;38.97;10.89;751.51;1.29;1.45;1.87
13.12.2020;11:33:58;416.15;38.91;10.89;751.51;1.22;1.34;1.64
13.12.2020;11:34:58;415.92;38.85;10.91;751.51;1.22;1.33;1.62
13.12.2020;11:35:58;425.33;38.90;10.92;751.50;1.24;1.38;1.71
13.12.2020;11:36:58;389.21;38.79;10.94;751.50;1.14;1.21;1.38
13.12.2020;11:37:58;397.46;38.93;10.94;751.48;1.16;1.24;1.44
13.12.2020;11:38:58;346.13;38.85;10.94;751.48;1.01;0.99;1.00
13.12.2020;11:39:58;340.56;38.89;10.94;751.48;0.99;0.96;0.95
13.12.2020;11:40:58;308.21;38.81;10.94;751.47;0.89;0.81;0.72
13.12.2020;11:41:59;320.37;38.98;10.94;751.48;0.93;0.85;0.79
13.12.2020;11:42:59;324.71;38.97;10.94;751.47;0.94;0.87;0.82
13.12.2020;11:43:59;299.28;38.96;10.93;751.47;0.86;0.74;0.64
13.12.2020;11:44:59;267.81;38.96;10.93;751.47;0.77;0.60;0.46
13.12.2020;11:45:59;288.99;39.04;10.93;751.46;0.83;0.68;0.57
13.12.2020;11:46:59;288.86;38.98;10.93;751.46;0.83;0.69;0.57
13.12.2020;11:47:59;286.03;39.01;10.94;751.46;0.83;0.68;0.56
13.12.2020;11:48:59;292.97;38.90;10.95;751.45;0.85;0.72;0.61
13.12.2020;11:49:59;303.57;38.98;10.95;751.44;0.88;0.76;0.67
13.12.2020;11:50:59;301.22;39.12;10.95;751.44;0.87;0.76;0.66
13.12.2020;11:51:59;279.69;38.98;10.94;751.43;0.81;0.66;0.53
13.12.2020;11:52:59;270.11;38.96;10.95;751.42;0.78;0.60;0.47
13.12.2020;11:53:59;274.96;38.99;10.96;751.42;0.79;0.62;0.49
13.12.2020;11:54:59;277.17;38.93;10.95;751.40;0.80;0.63;0.50
13.12.2020;11:55:59;265.40;38.88;10.95;751.39;0.77;0.58;0.44
13.12.2020;11:56:59;286.05;38.99;10.96;751.39;0.83;0.68;0.57
13.12.2020;11:57:59;309.68;38.93;10.96;751.38;0.90;0.80;0.72
13.12.2020;11:58:59;306.98;38.90;10.97;751.37;0.89;0.79;0.70
13.12.2020;11:59:59;293.28;38.92;10.97;751.36;0.85;0.73;0.62
13.12.2020;12:00:59;302.80;38.93;10.98;751.35;0.88;0.78;0.69
13.12.2020;12:01:59;298.04;38.86;10.98;751.36;0.86;0.75;0.64
13.12.2020;12:02:59;305.89;38.93;10.99;751.35;0.89;0.79;0.70
13.12.2020;12:03:59;294.29;38.89;11.00;751.33;0.85;0.73;0.63
13.12.2020;12:04:59;316.31;39.05;10.99;751.32;0.92;0.84;0.78
13.12.2020;12:05:59;302.09;38.92;10.99;751.34;0.88;0.78;0.68
13.12.2020;12:06:59;298.60;38.92;10.99;751.33;0.86;0.75;0.65
13.12.2020;12:07:59;289.29;38.99;11.00;751.32;0.84;0.71;0.59
13.12.2020;12:08:59;290.08;38.91;11.00;751.32;0.84;0.71;0.60
13.12.2020;12:09:59;296.72;38.91;11.00;751.31;0.86;0.74;0.64
13.12.2020;12:11:00;302.53;39.01;11.01;751.30;0.88;0.77;0.68
13.12.2020;12:12:00;309.08;38.88;11.02;751.30;0.90;0.81;0.72
13.12.2020;12:13:00;312.82;39.00;11.03;751.31;0.91;0.82;0.74
13.12.2020;12:14:00;327.01;38.87;11.04;751.31;0.95;0.89;0.85
13.12.2020;12:15:00;335.43;38.93;11.04;751.30;0.98;0.94;0.91
13.12.2020;12:16:00;340.65;38.89;11.05;751.30;0.99;0.96;0.95
13.12.2020;12:17:00;367.28;38.95;11.06;751.31;1.07;1.09;1.17
13.12.2020;12:18:00;358.32;38.88;11.07;751.30;1.04;1.04;1.09
13.12.2020;12:19:00;355.93;38.83;11.08;751.31;1.04;1.04;1.09
13.12.2020;12:20:00;383.17;38.88;11.09;751.29;1.12;1.18;1.31
13.12.2020;12:21:00;406.12;38.88;11.10;751.29;1.18;1.28;1.51
13.12.2020;12:22:00;378.13;38.84;11.12;751.27;1.10;1.14;1.25
13.12.2020;12:23:00;372.30;38.89;11.12;751.26;1.09;1.11;1.21
13.12.2020;12:24:00;394.36;38.92;11.13;751.25;1.15;1.20;1.38
13.12.2020;12:25:00;371.79;38.79;11.15;751.26;1.09;1.12;1.22
13.12.2020;12:26:00;429.03;38.92;11.15;751.24;1.24;1.38;1.72
13.12.2020;12:27:00;415.22;38.85;11.16;751.24;1.21;1.32;1.60
13.12.2020;12:28:00;419.69;38.89;11.17;751.23;1.23;1.34;1.64
13.12.2020;12:29:00;431.79;38.79;11.18;751.21;1.26;1.40;1.76
13.12.2020;12:30:00;422.71;38.72;11.20;751.22;1.24;1.37;1.70
13.12.2020;12:31:00;458.24;38.67;11.22;751.23;1.33;1.53;2.05
13.12.2020;12:32:00;445.83;38.67;11.23;751.24;1.30;1.48;1.92
13.12.2020;12:33:00;459.18;38.70;11.25;751.24;1.34;1.54;2.06
13.12.2020;12:34:00;471.44;38.61;11.26;751.24;1.38;1.60;2.21
13.12.2020;12:35:00;536.37;38.68;11.27;751.26;1.56;1.91;2.98
13.12.2020;12:36:00;547.94;38.74;11.28;751.25;1.59;1.96;3.10
13.12.2020;12:37:00;518.79;38.74;11.29;751.25;1.51;1.82;2.75
13.12.2020;12:38:00;489.47;38.60;11.31;751.23;1.43;1.69;2.43
13.12.2020;12:39:00;493.74;38.51;11.32;751.23;1.44;1.68;2.42
13.12.2020;12:40:01;457.42;38.51;11.33;751.24;1.34;1.54;2.06
13.12.2020;12:41:01;451.25;38.61;11.33;751.24;1.32;1.51;1.99
13.12.2020;12:42:01;425.68;38.47;11.34;751.26;1.25;1.38;1.73
13.12.2020;12:43:01;394.94;38.44;11.34;751.24;1.15;1.22;1.41
13.12.2020;12:44:01;337.08;38.53;11.33;751.23;0.98;0.94;0.93
13.12.2020;12:45:01;324.96;38.50;11.32;751.23;0.94;0.89;0.84
13.12.2020;12:46:01;295.54;38.57;11.30;751.23;0.86;0.74;0.64
13.12.2020;12:47:01;287.18;38.54;11.29;751.23;0.83;0.68;0.56
13.12.2020;12:48:01;299.57;38.60;11.28;751.23;0.86;0.74;0.63
13.12.2020;12:49:01;270.54;38.56;11.27;751.23;0.77;0.59;0.45
13.12.2020;12:50:01;286.31;38.61;11.26;751.24;0.82;0.67;0.55
13.12.2020;12:51:01;270.93;38.56;11.25;751.23;0.77;0.60;0.46
13.12.2020;12:52:01;266.03;38.63;11.24;751.24;0.76;0.57;0.43
13.12.2020;12:53:01;248.04;38.63;11.23;751.25;0.71;0.49;0.35
13.12.2020;12:54:01;249.39;38.62;11.23;751.24;0.71;0.50;0.35
13.12.2020;12:55:01;264.72;38.60;11.24;751.24;0.76;0.58;0.44
13.12.2020;12:56:01;276.18;38.58;11.23;751.24;0.80;0.64;0.51
13.12.2020;12:57:01;287.71;38.62;11.23;751.23;0.84;0.71;0.60
13.12.2020;12:58:01;308.15;38.64;11.23;751.25;0.90;0.82;0.74
13.12.2020;12:59:01;335.99;38.72;11.23;751.25;0.99;0.95;0.94
13.12.2020;13:00:01;321.38;38.76;11.23;751.25;0.95;0.89;0.84
13.12.2020;13:01:01;308.01;38.70;11.22;751.25;0.91;0.83;0.75
13.12.2020;13:02:01;323.63;38.72;11.22;751.23;0.96;0.89;0.85
13.12.2020;13:03:01;317.08;38.76;11.22;751.23;0.93;0.86;0.80
13.12.2020;13:04:01;285.61;38.78;11.22;751.22;0.84;0.70;0.59
13.12.2020;13:05:01;279.72;38.79;11.21;751.23;0.82;0.67;0.55
13.12.2020;13:06:01;302.74;38.80;11.20;751.23;0.89;0.78;0.69
13.12.2020;13:07:01;280.01;38.76;11.20;751.23;0.82;0.68;0.56
13.12.2020;13:08:02;267.03;38.71;11.20;751.23;0.78;0.60;0.46
13.12.2020;13:09:02;282.64;38.80;11.20;751.23;0.82;0.67;0.55
13.12.2020;13:10:02;269.93;38.74;11.21;751.24;0.78;0.61;0.47
13.12.2020;13:11:02;240.11;38.77;11.19;751.24;0.69;0.46;0.31
13.12.2020;13:12:02;237.03;38.84;11.18;751.24;0.68;0.44;0.30
13.12.2020;13:13:02;252.17;38.84;11.18;751.23;0.73;0.52;0.38
13.12.2020;13:14:02;252.57;38.84;11.16;751.22;0.72;0.50;0.36
13.12.2020;13:15:02;255.93;38.89;11.15;751.22;0.73;0.53;0.38
13.12.2020;13:16:02;255.59;38.86;11.15;751.22;0.73;0.53;0.39
13.12.2020;13:17:02;284.46;38.92;11.16;751.21;0.81;0.66;0.54
13.12.2020;13:18:02;271.99;38.97;11.15;751.20;0.78;0.61;0.48
13.12.2020;13:19:02;291.43;38.92;11.14;751.20;0.84;0.72;0.61
13.12.2020;13:20:02;317.53;39.00;11.14;751.20;0.92;0.83;0.76
13.12.2020;13:21:02;295.89;38.99;11.14;751.21;0.86;0.75;0.64
13.12.2020;13:22:02;290.24;38.95;11.15;751.20;0.85;0.73;0.62
13.12.2020;13:23:02;311.94;38.98;11.15;751.19;0.92;0.83;0.77
13.12.2020;13:24:02;329.60;39.02;11.15;751.19;0.97;0.91;0.88
13.12.2020;13:25:02;332.28;38.98;11.16;751.19;0.98;0.94;0.93
13.12.2020;13:26:02;356.43;38.97;11.17;751.19;1.05;1.04;1.10
13.12.2020;13:27:02;369.51;38.97;11.17;751.19;1.08;1.10;1.19
13.12.2020;13:28:02;322.57;38.96;11.17;751.20;0.95;0.90;0.85
13.12.2020;13:29:02;326.47;38.96;11.17;751.21;0.96;0.91;0.88
13.12.2020;13:30:02;353.43;39.12;11.17;751.22;1.04;1.04;1.09
13.12.2020;13:31:02;329.51;38.97;11.17;751.21;0.97;0.92;0.89
13.12.2020;13:32:02;332.11;38.97;11.18;751.20;0.98;0.95;0.93
13.12.2020;13:33:02;316.02;38.92;11.18;751.21;0.93;0.85;0.80
13.12.2020;13:34:02;303.33;38.99;11.19;751.21;0.89;0.80;0.72
13.12.2020;13:35:02;307.68;38.96;11.19;751.21;0.91;0.82;0.75
13.12.2020;13:36:02;311.47;38.97;11.19;751.22;0.92;0.83;0.76
13.12.2020;13:37:03;314.32;39.01;11.19;751.20;0.93;0.85;0.79
13.12.2020;13:38:03;317.39;39.00;11.20;751.20;0.94;0.87;0.82
13.12.2020;13:39:03;319.54;38.94;11.20;751.20;0.95;0.89;0.85
13.12.2020;13:40:03;325.79;39.04;11.20;751.20;0.97;0.93;0.90
13.12.2020;13:41:03;354.22;38.99;11.20;751.21;1.06;1.08;1.14
13.12.2020;13:42:03;373.21;38.91;11.21;751.22;1.12;1.17;1.31
13.12.2020;13:43:03;407.44;39.02;11.21;751.22;1.23;1.36;1.67
13.12.2020;13:44:03;440.90;38.95;11.22;751.21;1.33;1.54;2.05
13.12.2020;13:45:03;474.29;38.96;11.24;751.20;1.44;1.70;2.44
13.12.2020;13:46:03;559.85;38.92;11.27;751.18;1.68;2.10;3.51
13.12.2020;13:47:03;579.21;38.80;11.29;751.17;1.73;2.16;3.74
13.12.2020;13:48:03;604.42;38.75;11.32;751.16;1.80;2.24;4.02
13.12.2020;13:49:03;591.53;38.79;11.34;751.15;1.77;2.21;3.90
13.12.2020;13:50:03;584.21;38.63;11.36;751.14;1.74;2.17;3.77
13.12.2020;13:51:03;561.13;38.73;11.38;751.13;1.69;2.12;3.57
13.12.2020;13:52:03;623.94;38.62;11.38;751.14;1.86;2.35;4.36
13.12.2020;13:53:03;542.14;38.57;11.41;751.12;1.62;1.98;3.21
13.12.2020;13:54:03;495.58;38.50;11.41;751.11;1.51;1.82;2.74
13.12.2020;13:55:03;468.50;38.51;11.41;751.11;1.43;1.68;2.39
13.12.2020;13:56:03;443.74;38.52;11.40;751.12;1.35;1.56;2.11
13.12.2020;13:57:03;402.87;38.55;11.39;751.13;1.23;1.36;1.67
13.12.2020;13:58:03;367.51;38.58;11.39;751.14;1.12;1.18;1.32
13.12.2020;13:59:03;328.46;38.59;11.38;751.16;1.00;0.96;0.96
13.12.2020;14:00:03;291.10;38.56;11.37;751.15;0.88;0.78;0.69
13.12.2020;14:01:03;281.15;38.60;11.36;751.16;0.85;0.74;0.63
13.12.2020;14:02:03;283.50;38.64;11.34;751.16;0.86;0.74;0.64
13.12.2020;14:03:03;246.22;38.68;11.33;751.17;0.75;0.54;0.41
13.12.2020;14:04:03;251.23;38.72;11.31;751.17;0.76;0.57;0.44
13.12.2020;14:05:03;217.93;38.74;11.30;751.17;0.65;0.41;0.27
13.12.2020;14:06:04;212.91;38.76;11.29;751.17;0.64;0.39;0.25
13.12.2020;14:07:04;218.36;38.87;11.29;751.19;0.65;0.40;0.26
13.12.2020;14:08:04;205.71;38.85;11.28;751.21;0.61;0.34;0.21
13.12.2020;14:09:04;205.14;38.92;11.27;751.21;0.61;0.34;0.21
13.12.2020;14:10:04;204.61;38.93;11.27;751.21;0.62;0.35;0.21
13.12.2020;14:11:04;219.77;38.99;11.27;751.22;0.67;0.44;0.29
13.12.2020;14:12:04;221.18;39.08;11.25;751.19;0.67;0.43;0.29
13.12.2020;14:13:04;205.97;38.98;11.25;751.17;0.62;0.36;0.23
13.12.2020;14:14:04;207.73;39.08;11.25;751.17;0.63;0.37;0.23
13.12.2020;14:15:04;190.79;39.01;11.24;751.17;0.57;0.27;0.15
13.12.2020;14:16:04;181.54;39.06;11.25;751.18;0.54;0.23;0.12
13.12.2020;14:17:04;171.00;39.09;11.23;751.18;0.50;0.16;0.08
13.12.2020;14:18:04;169.76;39.05;11.22;751.18;0.50;0.16;0.08
13.12.2020;14:19:04;163.29;39.14;11.22;751.18;0.48;0.11;0.05
13.12.2020;14:20:04;159.88;39.16;11.21;751.18;0.47;0.09;0.04
13.12.2020;14:21:04;184.00;39.12;11.20;751.17;0.54;0.22;0.12
13.12.2020;14:22:04;174.44;39.06;11.20;751.17;0.52;0.19;0.10
13.12.2020;14:23:04;182.13;39.10;11.21;751.17;0.54;0.23;0.12
13.12.2020;14:24:04;168.43;39.07;11.21;751.18;0.50;0.15;0.07
13.12.2020;14:25:04;179.43;39.20;11.20;751.16;0.54;0.21;0.11
13.12.2020;14:26:04;195.95;39.12;11.21;751.16;0.59;0.33;0.19
13.12.2020;14:27:04;203.76;39.12;11.21;751.16;0.62;0.34;0.21
13.12.2020;14:28:04;203.59;39.12;11.21;751.16;0.62;0.36;0.23
13.12.2020;14:29:04;224.67;39.07;11.21;751.16;0.69;0.47;0.32
13.12.2020;14:30:04;226.03;39.06;11.22;751.17;0.70;0.49;0.34
13.12.2020;14:31:04;231.51;39.04;11.22;751.17;0.72;0.51;0.37
13.12.2020;14:32:04;242.35;39.14;11.23;751.17;0.75;0.56;0.42
13.12.2020;14:33:04;226.77;39.03;11.23;751.17;0.71;0.49;0.34
13.12.2020;14:34:05;213.04;39.04;11.23;751.17;0.66;0.41;0.27
13.12.2020;14:35:05;199.52;39.06;11.22;751.16;0.61;0.34;0.21
13.12.2020;14:36:05;179.58;39.06;11.21;751.17;0.54;0.23;0.12
13.12.2020;14:37:05;176.12;39.17;11.20;751.16;0.53;0.21;0.11
13.12.2020;14:38:05;173.36;39.13;11.19;751.15;0.52;0.19;0.10
13.12.2020;14:39:05;164.83;39.11;11.19;751.17;0.49;0.14;0.07
13.12.2020;14:40:05;140.64;39.06;11.18;751.18;0.41;0.01;0.00
13.12.2020;14:41:05;120.29;39.10;11.18;751.19;0.34;0.00;0.00
13.12.2020;14:42:05;120.49;39.11;11.17;751.20;0.35;0.00;0.00
13.12.2020;14:43:05;121.06;39.21;11.16;751.20;0.35;0.00;0.00
13.12.2020;14:44:05;122.50;39.17;11.15;751.17;0.36;0.00;0.00
13.12.2020;14:45:05;139.15;39.19;11.13;751.16;0.41;0.03;0.01
13.12.2020;14:46:05;121.95;39.29;11.13;751.17;0.36;0.00;0.00
13.12.2020;14:47:05;127.26;39.21;11.13;751.16;0.38;0.00;0.00
13.12.2020;14:48:05;121.75;39.25;11.13;751.15;0.36;0.00;0.00
13.12.2020;14:49:05;125.95;39.29;11.12;751.18;0.38;0.00;0.00
13.12.2020;14:50:05;135.72;39.30;11.12;751.18;0.42;0.01;0.00
13.12.2020;14:51:05;138.93;39.23;11.12;751.19;0.43;0.02;0.01
13.12.2020;14:52:05;146.31;39.33;11.11;751.20;0.47;0.11;0.05
13.12.2020;14:53:05;161.42;39.26;11.11;751.20;0.53;0.20;0.11
13.12.2020;14:54:05;162.73;39.24;11.10;751.21;0.53;0.21;0.11
13.12.2020;14:55:05;163.37;39.27;11.10;751.23;0.54;0.23;0.12
13.12.2020;14:56:05;152.50;39.30;11.09;751.25;0.50;0.15;0.08
13.12.2020;14:57:05;142.17;39.25;11.09;751.25;0.47;0.10;0.05
13.12.2020;14:58:05;149.21;39.35;11.09;751.27;0.50;0.16;0.08
13.12.2020;14:59:05;144.69;39.31;11.08;751.28;0.48;0.12;0.06
13.12.2020;15:00:05;132.35;39.32;11.07;751.29;0.43;0.04;0.02
13.12.2020;15:01:05;133.02;39.29;11.07;751.29;0.44;0.04;0.02
13.12.2020;15:02:05;153.82;39.35;11.07;751.28;0.52;0.19;0.10
13.12.2020;15:03:06;172.15;39.33;11.07;751.27;0.58;0.29;0.17
13.12.2020;15:04:06;148.76;39.31;11.07;751.27;0.50;0.13;0.06
13.12.2020;15:05:06;146.68;39.35;11.07;751.28;0.49;0.14;0.07
13.12.2020;15:06:06;141.07;39.36;11.06;751.27;0.47;0.10;0.05
13.12.2020;15:07:06;131.06;39.42;11.06;751.29;0.43;0.02;0.01
13.12.2020;15:08:06;128.64;39.41;11.05;751.31;0.42;0.01;0.00
13.12.2020;15:09:06;120.97;39.37;11.04;751.33;0.39;0.01;0.00
13.12.2020;15:10:06;109.19;39.39;11.04;751.35;0.35;0.00;0.00
13.12.2020;15:11:06;103.36;39.48;11.03;751.36;0.32;0.00;0.00
13.12.2020;15:12:06;99.34;39.46;11.02;751.37;0.31;0.00;0.00
13.12.2020;15:13:06;87.07;39.48;11.01;751.38;0.26;0.00;0.00
13.12.2020;15:14:06;77.25;39.45;11.02;751.41;0.22;0.00;0.00
13.12.2020;15:15:06;70.96;39.52;11.01;751.41;0.20;0.00;0.00
13.12.2020;15:16:06;67.08;39.60;10.99;751.43;0.18;0.00;0.00
13.12.2020;15:17:06;68.04;39.59;10.98;751.43;0.18;0.00;0.00
13.12.2020;15:18:06;63.24;39.62;10.98;751.44;0.16;0.00;0.00
13.12.2020;15:19:06;62.43;39.62;10.97;751.45;0.16;0.00;0.00
13.12.2020;15:20:06;62.92;39.58;10.98;751.44;0.16;0.00;0.00
13.12.2020;15:21:06;52.82;39.70;10.97;751.42;0.12;0.00;0.00
13.12.2020;15:22:06;52.28;39.69;10.95;751.42;0.12;0.00;0.00
13.12.2020;15:23:06;48.19;39.69;10.95;751.41;0.10;0.00;0.00
13.12.2020;15:24:06;48.25;39.71;10.94;751.41;0.10;0.00;0.00
13.12.2020;15:25:06;43.93;39.73;10.94;751.42;0.09;0.00;0.00
13.12.2020;15:26:06;42.67;39.71;10.93;751.42;0.08;0.00;0.00
13.12.2020;15:27:06;41.44;39.69;10.93;751.44;0.08;0.00;0.00
13.12.2020;15:28:06;40.72;39.71;10.93;751.45;0.08;0.00;0.00
13.12.2020;15:29:06;40.56;39.79;10.93;751.46;0.08;0.00;0.00
13.12.2020;15:30:06;40.10;39.91;10.91;751.48;0.08;0.00;0.00
13.12.2020;15:31:06;38.49;39.76;10.92;751.49;0.07;0.00;0.00
13.12.2020;15:32:06;34.99;39.76;10.92;751.49;0.06;0.00;0.00
13.12.2020;15:33:06;35.93;39.74;10.92;751.49;0.07;0.00;0.00
13.12.2020;15:34:07;34.63;39.74;10.92;751.51;0.06;0.00;0.00
13.12.2020;15:35:07;34.85;39.72;10.93;751.51;0.06;0.00;0.00
13.12.2020;15:36:07;32.60;39.77;10.92;751.51;0.06;0.00;0.00
13.12.2020;15:37:07;33.19;39.78;10.91;751.50;0.06;0.00;0.00
13.12.2020;15:38:07;34.19;39.79;10.91;751.49;0.07;0.00;0.00
13.12.2020;15:39:07;34.81;39.81;10.91;751.46;0.07;0.00;0.00
13.12.2020;15:40:07;33.18;39.91;10.91;751.46;0.07;0.00;0.00
13.12.2020;15:41:07;31.79;39.85;10.90;751.46;0.06;0.00;0.00
13.12.2020;15:42:07;32.00;39.95;10.89;751.47;0.06;0.00;0.00
13.12.2020;15:43:07;30.65;39.91;10.88;751.47;0.06;0.00;0.00
13.12.2020;15:44:07;27.32;39.88;10.88;751.48;0.04;0.00;0.00
13.12.2020;15:45:07;25.20;39.82;10.88;751.48;0.04;0.00;0.00
13.12.2020;15:46:07;24.47;39.91;10.87;751.47;0.03;0.00;0.00
13.12.2020;15:47:07;22.58;39.83;10.86;751.47;0.03;0.00;0.00
13.12.2020;15:48:07;21.84;39.82;10.86;751.47;0.03;0.00;0.00
13.12.2020;15:49:07;19.46;39.85;10.86;751.46;0.02;0.00;0.00
13.12.2020;15:50:07;19.01;39.91;10.85;751.46;0.02;0.00;0.00
13.12.2020;15:51:07;18.67;39.91;10.84;751.46;0.02;0.00;0.00
13.12.2020;15:52:07;17.35;39.93;10.83;751.45;0.01;0.00;0.00
13.12.2020;15:53:07;16.24;39.96;10.83;751.45;0.01;0.00;0.00
13.12.2020;15:54:07;15.37;39.92;10.83;751.46;0.00;0.00;0.00
13.12.2020;15:55:07;14.74;39.89;10.83;751.46;0.00;0.00;0.00
13.12.2020;15:56:07;14.06;39.87;10.82;751.45;0.00;0.00;0.00
13.12.2020;15:57:07;12.82;39.96;10.81;751.47;0.00;0.00;0.00
13.12.2020;15:58:07;12.50;39.92;10.81;751.47;0.00;0.00;0.00
13.12.2020;15:59:07;11.58;39.91;10.80;751.48;0.00;0.00;0.00
13.12.2020;16:00:07;10.72;40.02;10.80;751.49;0.00;0.00;0.00
13.12.2020;16:01:07;10.00;39.96;10.80;751.50;0.00;0.00;0.00
13.12.2020;16:02:07;9.27;39.90;10.81;751.52;0.00;0.00;0.00
13.12.2020;16:03:07;8.82;39.90;10.80;751.53;0.00;0.00;0.00
13.12.2020;16:04:07;8.06;39.96;10.79;751.53;0.00;0.00;0.00
13.12.2020;16:05:08;7.50;39.94;10.79;751.54;0.00;0.00;0.00
13.12.2020;16:06:08;7.40;39.92;10.79;751.55;0.00;0.00;0.00
13.12.2020;16:07:08;6.67;39.90;10.79;751.54;0.00;0.00;0.00
13.12.2020;16:08:08;6.67;39.96;10.78;751.55;0.00;0.00;0.00
13.12.2020;16:09:08;5.93;39.92;10.78;751.56;0.00;0.00;0.00
13.12.2020;16:10:08;5.83;39.95;10.78;751.58;0.00;0.00;0.00
13.12.2020;16:11:08;5.08;39.95;10.78;751.59;0.00;0.00;0.00
13.12.2020;16:12:08;5.00;39.94;10.77;751.61;0.00;0.00;0.00
13.12.2020;16:13:08;4.84;39.92;10.77;751.60;0.00;0.00;0.00
13.12.2020;16:14:08;4.17;39.93;10.76;751.61;0.00;0.00;0.00
13.12.2020;16:15:08;4.17;39.96;10.75;751.60;0.00;0.00;0.00
13.12.2020;16:16:08;4.17;39.95;10.76;751.60;0.00;0.00;0.00
13.12.2020;16:17:08;4.18;39.95;10.76;751.61;0.00;0.00;0.00
13.12.2020;16:18:08;4.11;39.95;10.75;751.60;0.00;0.00;0.00
13.12.2020;16:19:08;3.45;39.93;10.75;751.60;0.00;0.00;0.00
13.12.2020;16:20:08;3.36;39.95;10.75;751.61;0.00;0.00;0.00
13.12.2020;16:21:08;3.33;40.02;10.75;751.60;0.00;0.00;0.00
13.12.2020;16:22:08;3.33;39.96;10.75;751.60;0.00;0.00;0.00
13.12.2020;16:23:08;3.35;39.95;10.75;751.61;0.00;0.00;0.00
13.12.2020;16:24:08;3.33;39.99;10.75;751.62;0.00;0.00;0.00
13.12.2020;16:25:08;3.33;39.95;10.75;751.64;0.00;0.00;0.00
13.12.2020;16:26:08;3.33;39.96;10.75;751.62;0.00;0.00;0.00
13.12.2020;16:27:08;3.33;39.96;10.75;751.64;0.00;0.00;0.00
13.12.2020;16:28:08;3.33;39.99;10.75;751.65;0.00;0.00;0.00
13.12.2020;16:29:08;3.33;39.99;10.74;751.66;0.00;0.00;0.00
13.12.2020;16:30:08;3.33;40.09;10.74;751.69;0.00;0.00;0.00
13.12.2020;16:31:08;3.35;40.05;10.73;751.70;0.00;0.00;0.00
13.12.2020;16:32:08;3.33;40.03;10.73;751.69;0.00;0.00;0.00
13.12.2020;16:33:08;3.33;39.99;10.72;751.70;0.00;0.00;0.00
13.12.2020;16:34:08;3.36;40.02;10.73;751.69;0.00;0.00;0.00
13.12.2020;16:35:08;3.33;40.08;10.72;751.70;0.00;0.00;0.00
13.12.2020;16:36:08;3.33;40.05;10.72;751.71;0.00;0.00;0.00
13.12.2020;16:37:09;3.35;40.05;10.72;751.71;0.00;0.00;0.00
13.12.2020;16:38:09;3.33;40.04;10.71;751.71;0.00;0.00;0.00
13.12.2020;16:39:09;3.33;40.02;10.72;751.71;0.00;0.00;0.00
13.12.2020;16:40:09;3.33;40.02;10.72;751.70;0.00;0.00;0.00
13.12.2020;16:41:09;3.33;40.06;10.71;751.71;0.00;0.00;0.00
13.12.2020;16:42:09;3.33;40.09;10.70;751.70;0.00;0.00;0.00
13.12.2020;16:43:09;3.33;40.08;10.70;751.71;0.00;0.00;0.00
13.12.2020;16:44:09;3.33;40.08;10.70;751.70;0.00;0.00;0.00
13.12.2020;16:45:09;3.35;40.08;10.70;751.68;0.00;0.00;0.00
13.12.2020;16:46:09;3.33;40.06;10.69;751.69;0.00;0.00;0.00
13.12.2020;16:47:09;3.33;40.13;10.69;751.68;0.00;0.00;0.00
13.12.2020;16:48:09;3.36;40.12;10.68;751.68;0.00;0.00;0.00
13.12.2020;16:49:09;3.33;40.15;10.68;751.69;0.00;0.00;0.00
13.12.2020;16:50:09;3.33;40.09;10.68;751.70;0.00;0.00;0.00
13.12.2020;16:51:09;3.35;40.10;10.67;751.68;0.00;0.00;0.00
13.12.2020;16:52:09;3.33;40.12;10.67;751.66;0.00;0.00;0.00
13.12.2020;16:53:09;3.33;40.11;10.67;751.65;0.00;0.00;0.00
13.12.2020;16:54:09;3.33;40.19;10.67;751.65;0.00;0.00;0.00
13.12.2020;16:55:09;3.33;40.15;10.65;751.65;0.00;0.00;0.00
13.12.2020;16:56:09;3.33;40.15;10.65;751.66;0.00;0.00;0.00
13.12.2020;16:57:09;3.33;40.17;10.64;751.66;0.00;0.00;0.00
13.12.2020;16:58:09;3.33;40.18;10.63;751.64;0.00;0.00;0.00
13.12.2020;16:59:09;3.35;40.17;10.62;751.64;0.00;0.00;0.00
13.12.2020;17:00:09;3.33;40.22;10.62;751.65;0.00;0.00;0.00
13.12.2020;17:01:09;3.33;40.20;10.61;751.68;0.00;0.00;0.00
13.12.2020;17:02:09;3.36;40.21;10.61;751.72;0.00;0.00;0.00
13.12.2020;17:03:09;3.33;40.19;10.61;751.76;0.00;0.00;0.00
13.12.2020;17:04:09;3.33;40.26;10.60;751.77;0.00;0.00;0.00
13.12.2020;17:05:09;3.35;40.25;10.59;751.78;0.00;0.00;0.00
13.12.2020;17:06:09;3.33;40.32;10.59;751.76;0.00;0.00;0.00
13.12.2020;17:07:09;3.33;40.29;10.58;751.74;0.00;0.00;0.00
13.12.2020;17:08:09;3.33;40.27;10.58;751.74;0.00;0.00;0.00
13.12.2020;17:09:09;3.33;40.31;10.57;751.74;0.00;0.00;0.00
13.12.2020;17:10:10;3.33;40.31;10.57;751.74;0.00;0.00;0.00
13.12.2020;17:11:10;3.33;40.31;10.57;751.74;0.00;0.00;0.00
13.12.2020;17:12:10;3.33;40.42;10.57;751.74;0.00;0.00;0.00
13.12.2020;17:13:10;3.35;40.37;10.56;751.73;0.00;0.00;0.00
13.12.2020;17:14:10;3.33;40.45;10.56;751.74;0.00;0.00;0.00
13.12.2020;17:15:10;3.33;40.38;10.56;751.74;0.00;0.00;0.00
13.12.2020;17:16:10;3.36;40.41;10.55;751.74;0.00;0.00;0.00
13.12.2020;17:17:10;3.33;40.38;10.55;751.75;0.00;0.00;0.00
13.12.2020;17:18:10;3.33;40.38;10.55;751.77;0.00;0.00;0.00
13.12.2020;17:19:10;3.35;40.40;10.54;751.78;0.00;0.00;0.00
13.12.2020;17:20:10;3.33;40.39;10.54;751.80;0.00;0.00;0.00
13.12.2020;17:21:10;3.33;40.39;10.54;751.82;0.00;0.00;0.00
13.12.2020;17:22:10;3.33;40.41;10.54;751.84;0.00;0.00;0.00
13.12.2020;17:23:10;3.33;40.46;10.54;751.84;0.00;0.00;0.00
13.12.2020;17:24:10;3.33;40.42;10.54;751.83;0.00;0.00;0.00
13.12.2020;17:25:10;3.33;40.40;10.55;751.82;0.00;0.00;0.00
13.12.2020;17:26:10;3.33;40.41;10.55;751.80;0.00;0.00;0.00
13.12.2020;17:27:10;3.35;40.43;10.55;751.80;0.00;0.00;0.00
13.12.2020;17:28:10;3.33;40.41;10.56;751.80;0.00;0.00;0.00
13.12.2020;17:29:10;3.33;40.54;10.55;751.78;0.00;0.00;0.00
13.12.2020;17:30:10;3.36;40.47;10.56;751.77;0.00;0.00;0.00
13.12.2020;17:31:10;3.33;40.44;10.56;751.78;0.00;0.00;0.00
13.12.2020;17:32:10;3.33;40.42;10.56;751.79;0.00;0.00;0.00
13.12.2020;17:33:10;3.35;40.43;10.56;751.80;0.00;0.00;0.00
13.12.2020;17:34:10;3.33;40.45;10.57;751.80;0.00;0.00;0.00
13.12.2020;17:35:10;3.33;40.44;10.57;751.81;0.00;0.00;0.00
13.12.2020;17:36:10;3.33;40.45;10.57;751.80;0.00;0.00;0.00
13.12.2020;17:37:10;3.33;40.41;10.57;751.82;0.00;0.00;0.00
13.12.2020;17:38:10;3.33;40.38;10.58;751.84;0.00;0.00;0.00
13.12.2020;17:39:10;3.33;40.37;10.58;751.85;0.00;0.00;0.00
13.12.2020;17:40:10;3.33;40.38;10.58;751.85;0.00;0.00;0.00
13.12.2020;17:41:10;3.35;40.35;10.57;751.86;0.00;0.00;0.00
13.12.2020;17:42:10;3.33;40.39;10.57;751.85;0.00;0.00;0.00
13.12.2020;17:43:11;3.33;40.42;10.57;751.84;0.00;0.00;0.00
13.12.2020;17:44:11;3.36;40.40;10.57;751.83;0.00;0.00;0.00
13.12.2020;17:45:11;3.33;40.36;10.58;751.83;0.00;0.00;0.00
13.12.2020;17:46:11;3.33;40.39;10.58;751.85;0.00;0.00;0.00
13.12.2020;17:47:11;3.35;40.39;10.58;751.85;0.00;0.00;0.00
13.12.2020;17:48:11;3.33;40.40;10.58;751.84;0.00;0.00;0.00
13.12.2020;17:49:11;3.33;40.43;10.58;751.83;0.00;0.00;0.00
13.12.2020;17:50:11;3.33;40.44;10.58;751.82;0.00;0.00;0.00
13.12.2020;17:51:11;3.33;40.41;10.58;751.82;0.00;0.00;0.00
13.12.2020;17:52:11;3.33;40.49;10.58;751.81;0.00;0.00;0.00
13.12.2020;17:53:11;3.33;40.46;10.57;751.83;0.00;0.00;0.00
13.12.2020;17:54:11;3.33;40.42;10.56;751.83;0.00;0.00;0.00
13.12.2020;17:55:11;3.35;40.37;10.57;751.82;0.00;0.00;0.00
13.12.2020;17:56:11;3.33;40.38;10.57;751.81;0.00;0.00;0.00
13.12.2020;17:57:11;3.33;40.37;10.57;751.81;0.00;0.00;0.00
13.12.2020;17:58:11;3.36;40.40;10.57;751.80;0.00;0.00;0.00
13.12.2020;17:59:11;3.33;40.38;10.57;751.81;0.00;0.00;0.00
13.12.2020;18:00:11;3.33;40.37;10.57;751.79;0.00;0.00;0.00
13.12.2020;18:01:11;3.35;40.39;10.57;751.79;0.00;0.00;0.00
13.12.2020;18:02:11;3.33;40.41;10.56;751.79;0.00;0.00;0.00
13.12.2020;18:03:11;3.33;40.39;10.57;751.79;0.00;0.00;0.00
13.12.2020;18:04:11;3.33;40.41;10.56;751.82;0.00;0.00;0.00
13.12.2020;18:05:11;3.33;40.40;10.56;751.84;0.00;0.00;0.00
13.12.2020;18:06:11;3.33;40.46;10.57;751.83;0.00;0.00;0.00
13.12.2020;18:07:11;3.33;40.49;10.56;751.82;0.00;0.00;0.00
13.12.2020;18:08:11;3.33;40.43;10.55;751.82;0.00;0.00;0.00
13.12.2020;18:09:11;3.35;40.48;10.55;751.81;0.00;0.00;0.00
13.12.2020;18:10:11;3.33;40.47;10.55;751.82;0.00;0.00;0.00
13.12.2020;18:11:11;3.33;40.45;10.55;751.82;0.00;0.00;0.00
13.12.2020;18:12:11;3.36;40.49;10.55;751.83;0.00;0.00;0.00
13.12.2020;18:13:11;3.33;40.49;10.55;751.82;0.00;0.00;0.00
13.12.2020;18:14:11;3.33;40.46;10.56;751.83;0.00;0.00;0.00
13.12.2020;18:15:11;3.35;40.54;10.56;751.82;0.00;0.00;0.00
13.12.2020;18:16:12;3.33;40.48;10.56;751.83;0.00;0.00;0.00
13.12.2020;18:17:12;3.33;40.53;10.55;751.82;0.00;0.00;0.00
13.12.2020;18:18:12;3.33;40.60;10.55;751.81;0.00;0.00;0.00
13.12.2020;18:19:12;3.33;40.53;10.55;751.79;0.00;0.00;0.00
13.12.2020;18:20:12;3.33;40.51;10.56;751.78;0.00;0.00;0.00
13.12.2020;18:21:12;3.33;40.49;10.55;751.78;0.00;0.00;0.00
13.12.2020;18:22:12;3.33;40.50;10.55;751.78;0.00;0.00;0.00
13.12.2020;18:23:12;3.35;40.50;10.55;751.77;0.00;0.00;0.00
13.12.2020;18:24:12;3.33;40.50;10.56;751.77;0.00;0.00;0.00
13.12.2020;18:25:12;3.33;40.48;10.57;751.78;0.00;0.00;0.00
13.12.2020;18:26:12;3.36;40.51;10.57;751.78;0.00;0.00;0.00
13.12.2020;18:27:12;3.33;40.52;10.57;751.79;0.00;0.00;0.00
13.12.2020;18:28:12;3.33;40.47;10.57;751.80;0.00;0.00;0.00
13.12.2020;18:29:12;3.35;40.47;10.57;751.81;0.00;0.00;0.00
13.12.2020;18:30:12;3.33;40.47;10.58;751.81;0.00;0.00;0.00
13.12.2020;18:31:12;3.33;40.48;10.58;751.80;0.00;0.00;0.00
13.12.2020;18:32:12;3.33;40.44;10.59;751.81;0.00;0.00;0.00
13.12.2020;18:33:12;3.33;40.47;10.59;751.79;0.00;0.00;0.00
13.12.2020;18:34:12;3.33;40.46;10.58;751.78;0.00;0.00;0.00
13.12.2020;18:35:12;3.33;40.48;10.58;751.77;0.00;0.00;0.00
13.12.2020;18:36:12;3.33;40.49;10.58;751.77;0.00;0.00;0.00
13.12.2020;18:37:12;3.35;40.43;10.59;751.76;0.00;0.00;0.00
13.12.2020;18:38:12;3.33;40.47;10.59;751.77;0.00;0.00;0.00
13.12.2020;18:39:12;3.33;40.49;10.58;751.79;0.00;0.00;0.00
13.12.2020;18:40:12;3.36;40.45;10.58;751.79;0.00;0.00;0.00
13.12.2020;18:41:12;3.33;40.45;10.58;751.79;0.00;0.00;0.00
13.12.2020;18:42:12;3.33;40.46;10.58;751.78;0.00;0.00;0.00
13.12.2020;18:43:12;3.35;40.45;10.58;751.77;0.00;0.00;0.00
13.12.2020;18:44:12;3.33;40.45;10.58;751.77;0.00;0.00;0.00
13.12.2020;18:45:12;3.33;40.43;10.58;751.74;0.00;0.00;0.00
13.12.2020;18:46:12;3.33;40.42;10.58;751.73;0.00;0.00;0.00
13.12.2020;18:47:12;3.33;40.40;10.58;751.73;0.00;0.00;0.00
13.12.2020;18:48:12;3.33;40.49;10.59;751.71;0.00;0.00;0.00
13.12.2020;18:49:13;3.33;40.42;10.58;751.71;0.00;0.00;0.00
13.12.2020;18:50:13;3.33;40.44;10.57;751.74;0.00;0.00;0.00
13.12.2020;18:51:13;3.35;40.45;10.57;751.76;0.00;0.00;0.00
13.12.2020;18:52:13;3.33;40.47;10.58;751.78;0.00;0.00;0.00
13.12.2020;18:53:13;3.33;40.45;10.57;751.79;0.00;0.00;0.00
13.12.2020;18:54:13;3.36;40.49;10.57;751.78;0.00;0.00;0.00
13.12.2020;18:55:13;3.33;40.46;10.56;751.78;0.00;0.00;0.00
13.12.2020;18:56:13;3.33;40.50;10.56;751.78;0.00;0.00;0.00
13.12.2020;18:57:13;3.35;40.47;10.56;751.79;0.00;0.00;0.00
13.12.2020;18:58:13;3.33;40.43;10.57;751.80;0.00;0.00;0.00
13.12.2020;18:59:13;3.33;40.42;10.58;751.81;0.00;0.00;0.00
13.12.2020;19:00:13;3.33;40.42;10.57;751.83;0.00;0.00;0.00
13.12.2020;19:01:13;3.33;40.43;10.57;751.84;0.00;0.00;0.00
13.12.2020;19:02:13;3.33;40.43;10.56;751.83;0.00;0.00;0.00
13.12.2020;19:03:13;3.33;40.46;10.57;751.83;0.00;0.00;0.00
13.12.2020;19:04:13;3.33;40.50;10.57;751.82;0.00;0.00;0.00
13.12.2020;19:05:13;3.35;40.54;10.56;751.79;0.00;0.00;0.00
13.12.2020;19:06:13;3.33;40.49;10.56;751.79;0.00;0.00;0.00
13.12.2020;19:07:13;3.33;40.48;10.56;751.79;0.00;0.00;0.00
13.12.2020;19:08:13;3.36;40.55;10.55;751.80;0.00;0.00;0.00
13.12.2020;19:09:13;3.33;40.47;10.56;751.80;0.00;0.00;0.00
13.12.2020;19:10:13;3.33;40.51;10.56;751.81;0.00;0.00;0.00
13.12.2020;19:11:13;3.35;40.65;10.55;751.81;0.00;0.00;0.00
13.12.2020;19:12:13;3.33;40.53;10.56;751.82;0.00;0.00;0.00
13.12.2020;19:13:13;3.33;40.53;10.56;751.81;0.00;0.00;0.00
13.12.2020;19:14:13;3.33;40.51;10.55;751.80;0.00;0.00;0.00
13.12.2020;19:15:13;3.33;40.53;10.56;751.80;0.00;0.00;0.00
13.12.2020;19:16:13;3.33;40.54;10.55;751.79;0.00;0.00;0.00
13.12.2020;19:17:13;3.33;40.66;10.55;751.79;0.00;0.00;0.00
13.12.2020;19:18:13;3.33;40.61;10.55;751.80;0.00;0.00;0.00
13.12.2020;19:19:13;3.35;40.55;10.54;751.77;0.00;0.00;0.00
13.12.2020;19:20:13;3.33;40.62;10.54;751.77;0.00;0.00;0.00
13.12.2020;19:21:13;3.33;40.61;10.54;751.78;0.00;0.00;0.00
13.12.2020;19:22:14;3.36;40.59;10.55;751.76;0.00;0.00;0.00
13.12.2020;19:23:14;3.33;40.57;10.54;751.75;0.00;0.00;0.00
13.12.2020;19:24:14;3.33;40.56;10.54;751.74;0.00;0.00;0.00
13.12.2020;19:25:14;3.35;40.60;10.54;751.74;0.00;0.00;0.00
13.12.2020;19:26:14;3.33;40.62;10.53;751.73;0.00;0.00;0.00
13.12.2020;19:27:14;3.33;40.56;10.53;751.74;0.00;0.00;0.00
13.12.2020;19:28:14;3.33;40.63;10.54;751.76;0.00;0.00;0.00
13.12.2020;19:29:14;3.33;40.57;10.54;751.78;0.00;0.00;0.00
13.12.2020;19:30:14;3.33;40.55;10.54;751.81;0.00;0.00;0.00
13.12.2020;19:31:14;3.33;40.56;10.55;751.82;0.00;0.00;0.00
13.12.2020;19:32:14;3.33;40.54;10.55;751.83;0.00;0.00;0.00
13.12.2020;19:33:14;3.35;40.51;10.55;751.82;0.00;0.00;0.00
13.12.2020;19:34:14;3.33;40.51;10.56;751.81;0.00;0.00;0.00
13.12.2020;19:35:14;3.33;40.53;10.55;751.82;0.00;0.00;0.00
13.12.2020;19:36:14;3.36;40.52;10.55;751.82;0.00;0.00;0.00
13.12.2020;19:37:14;3.33;40.50;10.55;751.83;0.00;0.00;0.00
13.12.2020;19:38:14;3.33;40.54;10.55;751.81;0.00;0.00;0.00
13.12.2020;19:39:14;3.35;40.56;10.55;751.81;0.00;0.00;0.00
13.12.2020;19:40:14;3.33;40.58;10.55;751.82;0.00;0.00;0.00
13.12.2020;19:41:14;3.33;40.56;10.55;751.84;0.00;0.00;0.00
13.12.2020;19:42:14;3.33;40.55;10.54;751.86;0.00;0.00;0.00
13.12.2020;19:43:14;3.33;40.56;10.54;751.88;0.00;0.00;0.00
13.12.2020;19:44:14;3.33;40.56;10.54;751.89;0.00;0.00;0.00
13.12.2020;19:45:14;3.33;40.63;10.54;751.88;0.00;0.00;0.00
13.12.2020;19:46:14;3.33;40.69;10.53;751.85;0.00;0.00;0.00
13.12.2020;19:47:14;3.35;40.60;10.54;751.84;0.00;0.00;0.00
13.12.2020;19:48:14;3.33;40.54;10.54;751.85;0.00;0.00;0.00
13.12.2020;19:49:14;3.33;40.56;10.54;751.85;0.00;0.00;0.00
13.12.2020;19:50:14;3.36;40.58;10.53;751.85;0.00;0.00;0.00
13.12.2020;19:51:14;3.33;40.64;10.53;751.87;0.00;0.00;0.00
13.12.2020;19:52:14;3.33;40.62;10.53;751.86;0.00;0.00;0.00
13.12.2020;19:53:14;3.35;40.61;10.53;751.87;0.00;0.00;0.00
13.12.2020;19:54:14;3.33;40.59;10.53;751.86;0.00;0.00;0.00
13.12.2020;19:55:15;3.33;40.58;10.53;751.86;0.00;0.00;0.00
13.12.2020;19:56:15;3.33;40.58;10.52;751.84;0.00;0.00;0.00
13.12.2020;19:57:15;3.33;40.74;10.51;751.82;0.00;0.00;0.00
13.12.2020;19:58:15;3.33;40.69;10.49;751.80;0.00;0.00;0.00
13.12.2020;19:59:15;3.33;40.75;10.49;751.78;0.00;0.00;0.00
13.12.2020;20:00:15;3.33;40.68;10.49;751.77;0.00;0.00;0.00
13.12.2020;20:01:15;3.35;40.72;10.48;751.77;0.00;0.00;0.00
13.12.2020;20:02:15;3.33;40.76;10.48;751.78;0.00;0.00;0.00
13.12.2020;20:03:15;3.33;40.73;10.48;751.78;0.00;0.00;0.00
13.12.2020;20:04:15;3.36;40.74;10.47;751.79;0.00;0.00;0.00
13.12.2020;20:05:15;3.33;40.67;10.48;751.82;0.00;0.00;0.00
13.12.2020;20:06:15;3.33;40.65;10.48;751.86;0.00;0.00;0.00
13.12.2020;20:07:15;3.35;40.78;10.47;751.87;0.00;0.00;0.00
13.12.2020;20:08:15;3.33;40.74;10.45;751.88;0.00;0.00;0.00
13.12.2020;20:09:15;3.33;40.73;10.46;751.88;0.00;0.00;0.00
13.12.2020;20:10:15;3.33;40.71;10.46;751.90;0.00;0.00;0.00
13.12.2020;20:11:15;3.33;40.70;10.46;751.90;0.00;0.00;0.00
13.12.2020;20:12:15;3.33;40.70;10.45;751.91;0.00;0.00;0.00
13.12.2020;20:13:15;3.33;40.70;10.45;751.92;0.00;0.00;0.00
13.12.2020;20:14:15;3.33;40.69;10.46;751.95;0.00;0.00;0.00
13.12.2020;20:15:15;3.35;40.71;10.45;751.98;0.00;0.00;0.00
13.12.2020;20:16:15;3.33;40.74;10.45;751.99;0.00;0.00;0.00
13.12.2020;20:17:15;3.33;40.72;10.46;752.01;0.00;0.00;0.00
13.12.2020;20:18:15;3.36;40.69;10.46;752.02;0.00;0.00;0.00
13.12.2020;20:19:15;3.33;40.70;10.46;752.03;0.00;0.00;0.00
13.12.2020;20:20:15;3.33;40.70;10.46;752.03;0.00;0.00;0.00
13.12.2020;20:21:15;3.35;40.72;10.47;752.02;0.00;0.00;0.00
13.12.2020;20:22:15;3.33;40.68;10.47;752.01;0.00;0.00;0.00
13.12.2020;20:23:15;3.33;40.69;10.47;751.99;0.00;0.00;0.00
13.12.2020;20:24:15;3.33;40.70;10.47;751.97;0.00;0.00;0.00
13.12.2020;20:25:15;3.33;40.67;10.47;751.97;0.00;0.00;0.00
13.12.2020;20:26:15;3.33;40.68;10.47;751.96;0.00;0.00;0.00
13.12.2020;20:27:15;3.33;40.64;10.47;751.96;0.00;0.00;0.00
13.12.2020;20:28:16;3.33;40.69;10.47;751.94;0.00;0.00;0.00
13.12.2020;20:29:16;3.35;40.64;10.47;751.94;0.00;0.00;0.00
13.12.2020;20:30:16;3.33;40.73;10.47;751.92;0.00;0.00;0.00
13.12.2020;20:31:16;3.33;40.72;10.47;751.90;0.00;0.00;0.00
13.12.2020;20:32:16;3.36;40.66;10.46;751.90;0.00;0.00;0.00
13.12.2020;20:33:16;3.33;40.72;10.46;751.88;0.00;0.00;0.00
13.12.2020;20:34:16;3.33;40.69;10.45;751.87;0.00;0.00;0.00
13.12.2020;20:35:16;3.35;40.68;10.45;751.87;0.00;0.00;0.00
13.12.2020;20:36:16;3.33;40.70;10.45;751.87;0.00;0.00;0.00
13.12.2020;20:37:16;3.33;40.72;10.44;751.86;0.00;0.00;0.00
13.12.2020;20:38:16;3.33;40.72;10.44;751.85;0.00;0.00;0.00
13.12.2020;20:39:16;3.33;40.69;10.44;751.83;0.00;0.00;0.00
13.12.2020;20:40:16;3.33;40.75;10.43;751.83;0.00;0.00;0.00
13.12.2020;20:41:16;3.33;40.78;10.42;751.82;0.00;0.00;0.00
13.12.2020;20:42:16;3.33;40.84;10.40;751.83;0.00;0.00;0.00
13.12.2020;20:43:16;3.35;40.84;10.39;751.84;0.00;0.00;0.00
13.12.2020;20:44:16;3.33;40.84;10.39;751.84;0.00;0.00;0.00
13.12.2020;20:45:16;3.33;40.94;10.39;751.85;0.00;0.00;0.00
13.12.2020;20:46:16;3.36;40.93;10.38;751.85;0.00;0.00;0.00
13.12.2020;20:47:16;3.33;40.86;10.37;751.86;0.00;0.00;0.00
13.12.2020;20:48:16;3.33;40.89;10.36;751.87;0.00;0.00;0.00
13.12.2020;20:49:16;3.35;40.85;10.37;751.88;0.00;0.00;0.00
13.12.2020;20:50:16;3.33;40.84;10.37;751.90;0.00;0.00;0.00
13.12.2020;20:51:16;3.33;40.84;10.37;751.91;0.00;0.00;0.00
13.12.2020;20:52:16;3.33;40.83;10.37;751.92;0.00;0.00;0.00
13.12.2020;20:53:16;3.33;40.84;10.37;751.92;0.00;0.00;0.00
13.12.2020;20:54:16;3.33;40.85;10.36;751.91;0.00;0.00;0.00
13.12.2020;20:55:16;3.33;40.84;10.36;751.91;0.00;0.00;0.00
13.12.2020;20:56:16;3.33;40.84;10.36;751.90;0.00;0.00;0.00
13.12.2020;20:57:16;3.35;40.86;10.36;751.91;0.00;0.00;0.00
13.12.2020;20:58:16;3.33;40.87;10.35;751.90;0.00;0.00;0.00
13.12.2020;20:59:16;3.33;40.94;10.36;751.89;0.00;0.00;0.00
13.12.2020;21:00:16;3.36;40.84;10.36;751.91;0.00;0.00;0.00
13.12.2020;21:01:17;3.33;40.81;10.35;751.92;0.00;0.00;0.00
13.12.2020;21:02:17;3.33;40.99;10.34;751.93;0.00;0.00;0.00
13.12.2020;21:03:17;3.35;40.89;10.34;751.93;0.00;0.00;0.00
13.12.2020;21:04:17;3.33;40.90;10.33;751.93;0.00;0.00;0.00
13.12.2020;21:05:17;3.33;40.89;10.33;751.94;0.00;0.00;0.00
13.12.2020;21:06:17;3.33;40.89;10.33;751.96;0.00;0.00;0.00
13.12.2020;21:07:17;3.33;40.88;10.33;751.97;0.00;0.00;0.00
13.12.2020;21:08:17;3.33;40.88;10.33;751.98;0.00;0.00;0.00
13.12.2020;21:09:17;3.33;40.91;10.33;752.00;0.00;0.00;0.00
13.12.2020;21:10:17;3.33;40.87;10.33;752.00;0.00;0.00;0.00
13.12.2020;21:11:17;3.35;40.87;10.33;752.00;0.00;0.00;0.00
13.12.2020;21:12:17;3.33;40.87;10.33;752.00;0.00;0.00;0.00
13.12.2020;21:13:17;3.33;40.94;10.33;752.00;0.00;0.00;0.00
13.12.2020;21:14:17;3.36;40.90;10.32;752.00;0.00;0.00;0.00
13.12.2020;21:15:17;3.33;40.93;10.32;752.00;0.00;0.00;0.00
13.12.2020;21:16:17;3.33;40.88;10.32;752.02;0.00;0.00;0.00
13.12.2020;21:17:17;3.35;40.88;10.32;752.04;0.00;0.00;0.00
13.12.2020;21:18:17;3.33;40.88;10.32;752.06;0.00;0.00;0.00
13.12.2020;21:19:17;3.33;40.95;10.31;752.07;0.00;0.00;0.00
13.12.2020;21:20:17;3.33;40.92;10.31;752.08;0.00;0.00;0.00
13.12.2020;21:21:17;3.33;40.92;10.31;752.10;0.00;0.00;0.00
13.12.2020;21:22:17;3.33;40.94;10.32;752.10;0.00;0.00;0.00
13.12.2020;21:23:17;3.33;40.90;10.32;752.08;0.00;0.00;0.00
13.12.2020;21:24:17;3.33;40.92;10.32;752.08;0.00;0.00;0.00
13.12.2020;21:25:17;3.35;40.87;10.33;752.08;0.00;0.00;0.00
13.12.2020;21:26:17;3.33;40.85;10.32;752.09;0.00;0.00;0.00
13.12.2020;21:27:17;3.33;40.83;10.32;752.08;0.00;0.00;0.00
13.12.2020;21:28:17;3.36;40.91;10.32;752.09;0.00;0.00;0.00
13.12.2020;21:29:17;3.33;40.90;10.32;752.08;0.00;0.00;0.00
13.12.2020;21:30:17;3.33;40.88;10.32;752.07;0.00;0.00;0.00
13.12.2020;21:31:17;3.35;40.90;10.32;752.06;0.00;0.00;0.00
13.12.2020;21:32:17;3.33;40.90;10.31;752.04;0.00;0.00;0.00
13.12.2020;21:33:17;3.33;40.86;10.31;752.04;0.00;0.00;0.00
13.12.2020;21:34:18;3.33;40.84;10.31;752.06;0.00;0.00;0.00
13.12.2020;21:35:18;3.33;40.86;10.31;752.08;0.00;0.00;0.00
13.12.2020;21:36:18;3.33;40.87;10.31;752.09;0.00;0.00;0.00
13.12.2020;21:37:18;3.33;40.85;10.32;752.11;0.00;0.00;0.00
13.12.2020;21:38:18;3.33;40.86;10.32;752.12;0.00;0.00;0.00
13.12.2020;21:39:18;3.35;40.83;10.32;752.12;0.00;0.00;0.00
13.12.2020;21:40:18;3.33;40.87;10.31;752.13;0.00;0.00;0.00
13.12.2020;21:41:18;3.33;40.99;10.31;752.13;0.00;0.00;0.00
13.12.2020;21:42:18;3.36;40.88;10.31;752.14;0.00;0.00;0.00
13.12.2020;21:43:18;3.33;40.87;10.31;752.13;0.00;0.00;0.00
13.12.2020;21:44:18;3.33;40.88;10.31;752.13;0.00;0.00;0.00
13.12.2020;21:45:18;3.35;40.86;10.31;752.11;0.00;0.00;0.00
13.12.2020;21:46:18;3.33;40.84;10.31;752.09;0.00;0.00;0.00
13.12.2020;21:47:18;3.33;40.87;10.31;752.08;0.00;0.00;0.00
13.12.2020;21:48:18;3.33;40.88;10.31;752.08;0.00;0.00;0.00
13.12.2020;21:49:18;3.33;40.86;10.31;752.06;0.00;0.00;0.00
13.12.2020;21:50:18;3.33;40.86;10.31;752.06;0.00;0.00;0.00
13.12.2020;21:51:18;3.33;40.88;10.30;752.07;0.00;0.00;0.00
13.12.2020;21:52:18;3.33;40.90;10.30;752.08;0.00;0.00;0.00
13.12.2020;21:53:18;3.35;40.89;10.30;752.07;0.00;0.00;0.00
13.12.2020;21:54:18;3.33;40.85;10.30;752.06;0.00;0.00;0.00
13.12.2020;21:55:18;3.33;40.92;10.30;752.04;0.00;0.00;0.00
13.12.2020;21:56:18;3.36;41.01;10.29;752.04;0.00;0.00;0.00
13.12.2020;21:57:18;3.33;40.94;10.29;752.03;0.00;0.00;0.00
13.12.2020;21:58:18;3.33;40.97;10.29;752.04;0.00;0.00;0.00
13.12.2020;21:59:18;3.35;40.94;10.29;752.03;0.00;0.00;0.00
13.12.2020;22:00:18;3.33;40.92;10.29;752.05;0.00;0.00;0.00
13.12.2020;22:01:18;3.33;40.95;10.29;752.05;0.00;0.00;0.00
13.12.2020;22:02:18;3.33;40.91;10.28;752.04;0.00;0.00;0.00
13.12.2020;22:03:18;3.33;40.96;10.28;752.05;0.00;0.00;0.00
13.12.2020;22:04:18;3.33;40.94;10.27;752.05;0.00;0.00;0.00
13.12.2020;22:05:18;3.33;40.93;10.27;752.05;0.00;0.00;0.00
13.12.2020;22:06:18;3.33;40.96;10.27;752.05;0.00;0.00;0.00
13.12.2020;22:07:19;3.35;40.99;10.26;752.06;0.00;0.00;0.00
13.12.2020;22:08:19;3.33;40.94;10.27;752.07;0.00;0.00;0.00
13.12.2020;22:09:19;3.33;40.92;10.27;752.08;0.00;0.00;0.00
13.12.2020;22:10:19;3.36;40.94;10.25;752.08;0.00;0.00;0.00
13.12.2020;22:11:19;3.33;40.98;10.25;752.08;0.00;0.00;0.00
13.12.2020;22:12:19;3.33;41.02;10.25;752.07;0.00;0.00;0.00
13.12.2020;22:13:19;3.35;40.96;10.25;752.06;0.00;0.00;0.00
13.12.2020;22:14:19;3.33;40.96;10.26;752.06;0.00;0.00;0.00
13.12.2020;22:15:19;3.33;40.96;10.25;752.05;0.00;0.00;0.00
13.12.2020;22:16:19;3.33;40.95;10.25;752.05;0.00;0.00;0.00
13.12.2020;22:17:19;3.33;40.94;10.25;752.05;0.00;0.00;0.00
13.12.2020;22:18:19;3.33;40.96;10.25;752.06;0.00;0.00;0.00
13.12.2020;22:19:19;3.33;40.95;10.24;752.05;0.00;0.00;0.00
13.12.2020;22:20:19;3.33;40.99;10.24;752.05;0.00;0.00;0.00
13.12.2020;22:21:19;3.35;40.98;10.24;752.06;0.00;0.00;0.00
13.12.2020;22:22:19;3.33;40.96;10.24;752.08;0.00;0.00;0.00
13.12.2020;22:23:19;3.33;40.98;10.24;752.08;0.00;0.00;0.00
13.12.2020;22:24:19;3.36;41.00;10.23;752.09;0.00;0.00;0.00
13.12.2020;22:25:19;3.33;40.99;10.23;752.09;0.00;0.00;0.00
13.12.2020;22:26:19;3.33;41.01;10.23;752.09;0.00;0.00;0.00
13.12.2020;22:27:19;3.35;41.01;10.23;752.10;0.00;0.00;0.00
13.12.2020;22:28:19;3.33;41.00;10.23;752.10;0.00;0.00;0.00
13.12.2020;22:29:19;3.33;41.02;10.22;752.10;0.00;0.00;0.00
13.12.2020;22:30:19;3.33;41.04;10.22;752.09;0.00;0.00;0.00
13.12.2020;22:31:19;3.33;41.03;10.22;752.09;0.00;0.00;0.00
13.12.2020;22:32:19;3.33;41.04;10.21;752.07;0.00;0.00;0.00
13.12.2020;22:33:19;3.33;41.04;10.21;752.07;0.00;0.00;0.00
13.12.2020;22:34:19;3.33;41.05;10.21;752.07;0.00;0.00;0.00
13.12.2020;22:35:19;3.35;41.05;10.21;752.07;0.00;0.00;0.00
13.12.2020;22:36:19;3.33;41.01;10.21;752.08;0.00;0.00;0.00
13.12.2020;22:37:19;3.33;41.03;10.21;752.07;0.00;0.00;0.00
13.12.2020;22:38:19;3.36;41.07;10.20;752.06;0.00;0.00;0.00
13.12.2020;22:39:19;3.33;41.05;10.20;752.07;0.00;0.00;0.00
13.12.2020;22:40:20;3.33;41.05;10.19;752.07;0.00;0.00;0.00
13.12.2020;22:41:20;3.35;41.05;10.19;752.08;0.00;0.00;0.00
13.12.2020;22:42:20;3.33;41.10;10.20;752.10;0.00;0.00;0.00
13.12.2020;22:43:20;3.33;41.07;10.19;752.10;0.00;0.00;0.00
13.12.2020;22:44:20;3.33;41.07;10.19;752.12;0.00;0.00;0.00
13.12.2020;22:45:20;3.33;41.06;10.18;752.11;0.00;0.00;0.00
13.12.2020;22:46:20;3.33;41.08;10.18;752.11;0.00;0.00;0.00
13.12.2020;22:47:20;3.33;41.07;10.18;752.12;0.00;0.00;0.00
13.12.2020;22:48:20;3.33;41.07;10.19;752.12;0.00;0.00;0.00
13.12.2020;22:49:20;3.35;41.08;10.18;752.13;0.00;0.00;0.00
13.12.2020;22:50:20;3.33;41.08;10.19;752.12;0.00;0.00;0.00
13.12.2020;22:51:20;3.33;41.08;10.19;752.11;0.00;0.00;0.00
13.12.2020;22:52:20;3.36;41.12;10.19;752.09;0.00;0.00;0.00
13.12.2020;22:53:20;3.33;41.09;10.19;752.08;0.00;0.00;0.00
13.12.2020;22:54:20;3.33;41.07;10.18;752.06;0.00;0.00;0.00
13.12.2020;22:55:20;3.35;41.08;10.18;752.06;0.00;0.00;0.00
13.12.2020;22:56:20;3.33;41.10;10.17;752.04;0.00;0.00;0.00
13.12.2020;22:57:20;3.33;41.15;10.16;752.03;0.00;0.00;0.00
13.12.2020;22:58:20;3.33;41.10;10.16;752.03;0.00;0.00;0.00
13.12.2020;22:59:20;3.33;41.11;10.15;752.03;0.00;0.00;0.00
13.12.2020;23:00:20;3.33;41.11;10.16;752.02;0.00;0.00;0.00
13.12.2020;23:01:20;3.33;41.15;10.15;752.02;0.00;0.00;0.00
13.12.2020;23:02:20;3.33;41.11;10.15;752.03;0.00;0.00;0.00
13.12.2020;23:03:20;3.35;41.11;10.15;752.04;0.00;0.00;0.00
13.12.2020;23:04:20;3.33;41.11;10.15;752.05;0.00;0.00;0.00
13.12.2020;23:05:20;3.33;41.11;10.15;752.06;0.00;0.00;0.00
13.12.2020;23:06:20;3.36;41.10;10.14;752.07;0.00;0.00;0.00
13.12.2020;23:07:20;3.33;41.10;10.15;752.08;0.00;0.00;0.00
13.12.2020;23:08:20;3.33;41.13;10.14;752.06;0.00;0.00;0.00
13.12.2020;23:09:20;3.35;41.19;10.13;752.06;0.00;0.00;0.00
13.12.2020;23:10:20;3.33;41.19;10.13;752.07;0.00;0.00;0.00
13.12.2020;23:11:20;3.33;41.15;10.13;752.07;0.00;0.00;0.00
13.12.2020;23:12:20;3.33;41.18;10.12;752.07;0.00;0.00;0.00
13.12.2020;23:13:21;3.33;41.15;10.12;752.07;0.00;0.00;0.00
13.12.2020;23:14:21;3.33;41.13;10.13;752.07;0.00;0.00;0.00
13.12.2020;23:15:21;3.33;41.15;10.13;752.08;0.00;0.00;0.00
13.12.2020;23:16:21;3.33;41.14;10.13;752.08;0.00;0.00;0.00
13.12.2020;23:17:21;3.35;41.13;10.13;752.08;0.00;0.00;0.00
13.12.2020;23:18:21;3.33;41.17;10.13;752.07;0.00;0.00;0.00
13.12.2020;23:19:21;3.33;41.15;10.13;752.08;0.00;0.00;0.00
13.12.2020;23:20:21;3.36;41.13;10.13;752.07;0.00;0.00;0.00
13.12.2020;23:21:21;3.33;41.10;10.14;752.08;0.00;0.00;0.00
13.12.2020;23:22:21;3.33;41.12;10.14;752.08;0.00;0.00;0.00
13.12.2020;23:23:21;3.35;41.12;10.13;752.07;0.00;0.00;0.00
13.12.2020;23:24:21;3.33;41.12;10.13;752.08;0.00;0.00;0.00
13.12.2020;23:25:21;3.33;41.19;10.13;752.08;0.00;0.00;0.00
13.12.2020;23:26:21;3.33;41.14;10.13;752.08;0.00;0.00;0.00
13.12.2020;23:27:21;3.33;41.20;10.12;752.07;0.00;0.00;0.00
13.12.2020;23:28:21;3.33;41.13;10.12;752.08;0.00;0.00;0.00
13.12.2020;23:29:21;3.33;41.12;10.12;752.08;0.00;0.00;0.00
13.12.2020;23:30:21;3.33;41.14;10.13;752.08;0.00;0.00;0.00
13.12.2020;23:31:21;3.35;41.15;10.13;752.09;0.00;0.00;0.00
13.12.2020;23:32:21;3.33;41.14;10.12;752.09;0.00;0.00;0.00
13.12.2020;23:33:21;3.33;41.11;10.12;752.09;0.00;0.00;0.00
13.12.2020;23:34:21;3.36;41.12;10.12;752.09;0.00;0.00;0.00
13.12.2020;23:35:21;3.33;41.13;10.12;752.08;0.00;0.00;0.00
13.12.2020;23:36:21;3.33;41.12;10.12;752.09;0.00;0.00;0.00
13.12.2020;23:37:21;3.35;41.11;10.12;752.08;0.00;0.00;0.00
13.12.2020;23:38:21;3.33;41.11;10.12;752.07;0.00;0.00;0.00
13.12.2020;23:39:21;3.33;41.11;10.13;752.09;0.00;0.00;0.00
13.12.2020;23:40:21;3.33;41.10;10.13;752.10;0.00;0.00;0.00
13.12.2020;23:41:21;3.33;41.11;10.12;752.11;0.00;0.00;0.00
13.12.2020;23:42:21;3.33;41.10;10.12;752.12;0.00;0.00;0.00
13.12.2020;23:43:21;3.33;41.10;10.12;752.13;0.00;0.00;0.00
13.12.2020;23:44:21;3.33;41.10;10.12;752.14;0.00;0.00;0.00
13.12.2020;23:45:21;3.35;41.09;10.12;752.15;0.00;0.00;0.00
13.12.2020;23:46:22;3.33;41.09;10.12;752.15;0.00;0.00;0.00
13.12.2020;23:47:22;3.33;41.10;10.12;752.15;0.00;0.00;0.00
13.12.2020;23:48:22;3.36;41.11;10.12;752.16;0.00;0.00;0.00
13.12.2020;23:49:22;3.33;41.10;10.12;752.17;0.00;0.00;0.00
13.12.2020;23:50:22;3.33;41.11;10.12;752.17;0.00;0.00;0.00
13.12.2020;23:51:22;3.35;41.12;10.12;752.17;0.00;0.00;0.00
13.12.2020;23:52:22;3.33;41.09;10.12;752.18;0.00;0.00;0.00
13.12.2020;23:53:22;3.33;41.10;10.12;752.17;0.00;0.00;0.00
13.12.2020;23:54:22;3.33;41.08;10.12;752.17;0.00;0.00;0.00
13.12.2020;23:55:22;3.33;41.17;10.12;752.17;0.00;0.00;0.00
13.12.2020;23:56:22;3.33;41.12;10.11;752.16;0.00;0.00;0.00
13.12.2020;23:57:22;3.33;41.15;10.11;752.17;0.00;0.00;0.00
13.12.2020;23:58:22;3.33;41.11;10.10;752.15;0.00;0.00;0.00
13.12.2020;23:59:22;3.35;41.11;10.10;752.15;0.00;0.00;0.00
