14.01.2021;0:00:42;2.92;41.92;9.61;740.96;0.00;0.00;0.00
14.01.2021;0:01:42;2.83;41.95;9.62;740.96;0.00;0.00;0.00
14.01.2021;0:02:42;2.79;41.61;9.62;740.96;0.00;0.00;0.00
14.01.2021;0:03:42;2.84;41.50;9.62;740.97;0.00;0.00;0.00
14.01.2021;0:04:42;2.90;41.42;9.62;740.98;0.00;0.00;0.00
14.01.2021;0:05:42;3.00;41.31;9.62;740.99;0.00;0.00;0.00
14.01.2021;0:06:42;2.91;41.14;9.61;741.00;0.00;0.00;0.00
14.01.2021;0:07:42;3.00;41.06;9.60;741.02;0.00;0.00;0.00
14.01.2021;0:08:42;2.99;41.54;9.59;741.03;0.00;0.00;0.00
14.01.2021;0:09:43;2.87;41.49;9.58;741.04;0.00;0.00;0.00
14.01.2021;0:10:43;2.90;41.80;9.57;741.04;0.00;0.00;0.00
14.01.2021;0:11:43;2.92;41.91;9.56;741.02;0.00;0.00;0.00
14.01.2021;0:12:43;2.92;41.79;9.56;741.01;0.00;0.00;0.00
14.01.2021;0:13:43;2.90;41.84;9.56;741.00;0.00;0.00;0.00
14.01.2021;0:14:43;2.95;41.84;9.56;740.96;0.00;0.00;0.00
14.01.2021;0:15:43;2.94;41.29;9.56;740.95;0.00;0.00;0.00
14.01.2021;0:16:43;3.06;41.54;9.56;740.94;0.00;0.00;0.00
14.01.2021;0:17:43;3.08;41.50;9.55;740.92;0.00;0.00;0.00
14.01.2021;0:18:43;2.99;41.58;9.55;740.91;0.00;0.00;0.00
14.01.2021;0:19:43;3.04;41.79;9.55;740.89;0.00;0.00;0.00
14.01.2021;0:20:43;2.88;41.97;9.55;740.89;0.00;0.00;0.00
14.01.2021;0:21:43;3.10;41.79;9.55;740.91;0.00;0.00;0.00
14.01.2021;0:22:43;2.97;41.95;9.55;740.93;0.00;0.00;0.00
14.01.2021;0:23:43;3.01;41.61;9.55;740.96;0.00;0.00;0.00
14.01.2021;0:24:43;2.97;41.69;9.55;740.96;0.00;0.00;0.00
14.01.2021;0:25:43;2.87;41.72;9.55;740.96;0.00;0.00;0.00
14.01.2021;0:26:43;3.09;41.87;9.55;740.96;0.00;0.00;0.00
14.01.2021;0:27:43;2.99;41.69;9.55;740.99;0.00;0.00;0.00
14.01.2021;0:28:43;3.06;41.80;9.54;740.99;0.00;0.00;0.00
14.01.2021;0:29:43;3.01;42.04;9.54;741.00;0.00;0.00;0.00
14.01.2021;0:30:43;2.94;42.33;9.55;741.01;0.00;0.00;0.00
14.01.2021;0:31:43;2.90;41.85;9.55;741.01;0.00;0.00;0.00
14.01.2021;0:32:43;2.87;41.62;9.56;741.00;0.00;0.00;0.00
14.01.2021;0:33:43;2.97;41.72;9.56;740.97;0.00;0.00;0.00
14.01.2021;0:34:43;3.01;42.14;9.56;740.94;0.00;0.00;0.00
14.01.2021;0:35:43;2.92;42.15;9.56;740.94;0.00;0.00;0.00
14.01.2021;0:36:43;2.93;41.81;9.57;740.95;0.00;0.00;0.00
14.01.2021;0:37:43;2.98;41.92;9.57;740.95;0.00;0.00;0.00
14.01.2021;0:38:43;2.85;41.93;9.57;740.95;0.00;0.00;0.00
14.01.2021;0:39:43;2.94;41.85;9.57;740.97;0.00;0.00;0.00
14.01.2021;0:40:43;2.99;42.00;9.58;740.98;0.00;0.00;0.00
14.01.2021;0:41:43;3.01;42.28;9.58;740.99;0.00;0.00;0.00
14.01.2021;0:42:43;2.84;42.33;9.59;741.01;0.00;0.00;0.00
14.01.2021;0:43:43;2.81;41.97;9.60;741.03;0.00;0.00;0.00
14.01.2021;0:44:44;2.97;41.90;9.60;741.06;0.00;0.00;0.00
14.01.2021;0:45:44;2.85;42.34;9.60;741.07;0.00;0.00;0.00
14.01.2021;0:46:44;2.99;41.99;9.60;741.06;0.00;0.00;0.00
14.01.2021;0:47:44;2.94;41.76;9.60;741.06;0.00;0.00;0.00
14.01.2021;0:48:44;2.88;41.48;9.60;741.06;0.00;0.00;0.00
14.01.2021;0:49:44;2.92;41.37;9.60;741.06;0.00;0.00;0.00
14.01.2021;0:50:44;2.90;41.53;9.59;741.07;0.00;0.00;0.00
14.01.2021;0:51:44;2.95;41.81;9.58;741.06;0.00;0.00;0.00
14.01.2021;0:52:44;2.90;42.01;9.58;741.06;0.00;0.00;0.00
14.01.2021;0:53:44;3.03;41.92;9.58;741.06;0.00;0.00;0.00
14.01.2021;0:54:44;2.95;42.11;9.58;741.05;0.00;0.00;0.00
14.01.2021;0:55:44;2.79;41.99;9.59;741.05;0.00;0.00;0.00
14.01.2021;0:56:44;2.90;41.78;9.58;741.06;0.00;0.00;0.00
14.01.2021;0:57:44;2.87;41.85;9.58;741.06;0.00;0.00;0.00
14.01.2021;0:58:44;2.88;41.61;9.58;741.05;0.00;0.00;0.00
14.01.2021;0:59:44;2.95;41.57;9.58;741.04;0.00;0.00;0.00
14.01.2021;1:00:44;2.87;41.65;9.58;741.02;0.00;0.00;0.00
14.01.2021;1:01:44;2.78;41.73;9.58;741.01;0.00;0.00;0.00
14.01.2021;1:02:44;2.66;41.79;9.58;741.01;0.00;0.00;0.00
14.01.2021;1:03:44;2.68;41.83;9.58;741.01;0.00;0.00;0.00
14.01.2021;1:04:44;2.65;41.68;9.59;741.01;0.00;0.00;0.00
14.01.2021;1:05:44;2.73;41.69;9.58;741.02;0.00;0.00;0.00
14.01.2021;1:06:44;2.79;41.82;9.58;741.03;0.00;0.00;0.00
14.01.2021;1:07:44;2.64;41.95;9.59;741.02;0.00;0.00;0.00
14.01.2021;1:08:44;2.68;41.96;9.59;741.01;0.00;0.00;0.00
14.01.2021;1:09:44;2.61;41.77;9.59;740.99;0.00;0.00;0.00
14.01.2021;1:10:44;2.74;41.48;9.59;741.01;0.00;0.00;0.00
14.01.2021;1:11:44;2.69;41.84;9.58;741.00;0.00;0.00;0.00
14.01.2021;1:12:44;2.72;41.68;9.58;740.97;0.00;0.00;0.00
14.01.2021;1:13:44;2.70;41.59;9.57;740.93;0.00;0.00;0.00
14.01.2021;1:14:44;2.75;41.45;9.58;740.91;0.00;0.00;0.00
14.01.2021;1:15:44;2.68;41.69;9.59;740.90;0.00;0.00;0.00
14.01.2021;1:16:44;2.78;41.64;9.58;740.88;0.00;0.00;0.00
14.01.2021;1:17:44;2.72;41.31;9.58;740.86;0.00;0.00;0.00
14.01.2021;1:18:44;2.69;41.17;9.57;740.85;0.00;0.00;0.00
14.01.2021;1:19:44;2.73;41.24;9.58;740.84;0.00;0.00;0.00
14.01.2021;1:20:45;2.83;41.30;9.57;740.86;0.00;0.00;0.00
14.01.2021;1:21:45;2.71;41.61;9.57;740.87;0.00;0.00;0.00
14.01.2021;1:22:45;2.66;41.65;9.57;740.89;0.00;0.00;0.00
14.01.2021;1:23:45;2.72;41.37;9.56;740.91;0.00;0.00;0.00
14.01.2021;1:24:45;2.82;41.20;9.56;740.93;0.00;0.00;0.00
14.01.2021;1:25:45;2.72;41.79;9.56;740.94;0.00;0.00;0.00
14.01.2021;1:26:45;2.67;41.96;9.56;740.95;0.00;0.00;0.00
14.01.2021;1:27:45;2.73;41.78;9.57;740.95;0.00;0.00;0.00
14.01.2021;1:28:45;2.69;41.95;9.57;740.96;0.00;0.00;0.00
14.01.2021;1:29:45;2.68;41.94;9.58;740.96;0.00;0.00;0.00
14.01.2021;1:30:45;2.66;41.77;9.57;740.96;0.00;0.00;0.00
14.01.2021;1:31:45;2.74;41.54;9.57;740.97;0.00;0.00;0.00
14.01.2021;1:32:45;2.72;41.61;9.58;741.00;0.00;0.00;0.00
14.01.2021;1:33:45;2.68;41.66;9.59;741.02;0.00;0.00;0.00
14.01.2021;1:34:45;2.65;41.90;9.59;741.04;0.00;0.00;0.00
14.01.2021;1:35:45;2.75;42.18;9.59;741.06;0.00;0.00;0.00
14.01.2021;1:36:45;2.58;41.82;9.59;741.05;0.00;0.00;0.00
14.01.2021;1:37:45;2.61;42.00;9.60;741.04;0.00;0.00;0.00
14.01.2021;1:38:45;2.64;41.97;9.61;741.03;0.00;0.00;0.00
14.01.2021;1:39:45;2.76;41.60;9.62;741.01;0.00;0.00;0.00
14.01.2021;1:40:45;2.76;41.62;9.62;741.01;0.00;0.00;0.00
14.01.2021;1:41:45;2.74;41.46;9.62;741.02;0.00;0.00;0.00
14.01.2021;1:42:45;2.76;41.54;9.62;741.03;0.00;0.00;0.00
14.01.2021;1:43:45;2.81;41.69;9.62;741.02;0.00;0.00;0.00
14.01.2021;1:44:45;2.75;41.34;9.63;741.02;0.00;0.00;0.00
14.01.2021;1:45:45;2.81;41.21;9.63;741.01;0.00;0.00;0.00
14.01.2021;1:46:45;2.65;41.62;9.64;741.00;0.00;0.00;0.00
14.01.2021;1:47:45;2.74;41.60;9.64;740.99;0.00;0.00;0.00
14.01.2021;1:48:45;2.71;41.77;9.63;741.01;0.00;0.00;0.00
14.01.2021;1:49:45;2.74;41.47;9.63;741.00;0.00;0.00;0.00
14.01.2021;1:50:45;2.80;41.48;9.63;741.01;0.00;0.00;0.00
14.01.2021;1:51:45;2.78;41.68;9.64;741.02;0.00;0.00;0.00
14.01.2021;1:52:45;2.63;41.52;9.64;741.01;0.00;0.00;0.00
14.01.2021;1:53:45;2.64;41.42;9.63;741.01;0.00;0.00;0.00
14.01.2021;1:54:45;2.65;41.43;9.64;741.01;0.00;0.00;0.00
14.01.2021;1:55:45;2.68;41.42;9.64;741.00;0.00;0.00;0.00
14.01.2021;1:56:46;2.72;41.54;9.64;741.00;0.00;0.00;0.00
14.01.2021;1:57:46;2.69;41.57;9.65;740.99;0.00;0.00;0.00
14.01.2021;1:58:46;2.75;41.60;9.64;740.98;0.00;0.00;0.00
14.01.2021;1:59:46;2.72;41.74;9.65;740.97;0.00;0.00;0.00
14.01.2021;2:00:46;2.72;41.63;9.65;740.96;0.00;0.00;0.00
14.01.2021;2:01:46;2.58;41.54;9.64;740.95;0.00;0.00;0.00
14.01.2021;2:02:46;2.75;41.42;9.64;740.94;0.00;0.00;0.00
14.01.2021;2:03:46;2.67;41.46;9.65;740.93;0.00;0.00;0.00
14.01.2021;2:04:46;2.66;41.66;9.65;740.91;0.00;0.00;0.00
14.01.2021;2:05:46;2.63;41.49;9.66;740.90;0.00;0.00;0.00
14.01.2021;2:06:46;2.66;41.38;9.66;740.86;0.00;0.00;0.00
14.01.2021;2:07:46;2.69;41.40;9.66;740.84;0.00;0.00;0.00
14.01.2021;2:08:46;2.74;41.35;9.66;740.84;0.00;0.00;0.00
14.01.2021;2:09:46;2.63;41.31;9.66;740.84;0.00;0.00;0.00
14.01.2021;2:10:46;2.72;41.37;9.66;740.86;0.00;0.00;0.00
14.01.2021;2:11:46;2.61;41.29;9.66;740.86;0.00;0.00;0.00
14.01.2021;2:12:46;2.68;41.41;9.66;740.86;0.00;0.00;0.00
14.01.2021;2:13:46;2.71;41.43;9.66;740.86;0.00;0.00;0.00
14.01.2021;2:14:46;2.63;41.63;9.66;740.87;0.00;0.00;0.00
14.01.2021;2:15:46;2.60;41.69;9.67;740.88;0.00;0.00;0.00
14.01.2021;2:16:46;2.64;41.77;9.67;740.89;0.00;0.00;0.00
14.01.2021;2:17:46;2.68;41.82;9.66;740.90;0.00;0.00;0.00
14.01.2021;2:18:46;2.68;41.83;9.66;740.88;0.00;0.00;0.00
14.01.2021;2:19:46;2.69;41.73;9.66;740.88;0.00;0.00;0.00
14.01.2021;2:20:46;2.67;41.86;9.66;740.87;0.00;0.00;0.00
14.01.2021;2:21:46;2.67;41.81;9.66;740.86;0.00;0.00;0.00
14.01.2021;2:22:46;2.61;41.74;9.67;740.86;0.00;0.00;0.00
14.01.2021;2:23:46;2.66;41.76;9.67;740.87;0.00;0.00;0.00
14.01.2021;2:24:46;2.61;41.92;9.67;740.87;0.00;0.00;0.00
14.01.2021;2:25:46;2.67;41.69;9.68;740.89;0.00;0.00;0.00
14.01.2021;2:26:46;2.61;41.66;9.68;740.91;0.00;0.00;0.00
14.01.2021;2:27:46;2.74;41.79;9.68;740.90;0.00;0.00;0.00
14.01.2021;2:28:46;2.68;41.56;9.68;740.90;0.00;0.00;0.00
14.01.2021;2:29:46;2.68;41.74;9.68;740.89;0.00;0.00;0.00
14.01.2021;2:30:46;2.58;41.69;9.68;740.89;0.00;0.00;0.00
14.01.2021;2:31:47;2.58;41.64;9.67;740.90;0.00;0.00;0.00
14.01.2021;2:32:47;2.60;41.54;9.67;740.90;0.00;0.00;0.00
14.01.2021;2:33:47;2.64;41.66;9.67;740.90;0.00;0.00;0.00
14.01.2021;2:34:47;2.63;41.54;9.68;740.90;0.00;0.00;0.00
14.01.2021;2:35:47;2.60;41.80;9.68;740.90;0.00;0.00;0.00
14.01.2021;2:36:47;2.65;41.77;9.69;740.89;0.00;0.00;0.00
14.01.2021;2:37:47;2.56;41.51;9.69;740.88;0.00;0.00;0.00
14.01.2021;2:38:47;2.54;41.45;9.69;740.88;0.00;0.00;0.00
14.01.2021;2:39:47;2.60;41.61;9.69;740.87;0.00;0.00;0.00
14.01.2021;2:40:47;2.57;41.78;9.68;740.87;0.00;0.00;0.00
14.01.2021;2:41:47;2.65;41.73;9.69;740.88;0.00;0.00;0.00
14.01.2021;2:42:47;2.65;41.71;9.70;740.88;0.00;0.00;0.00
14.01.2021;2:43:47;2.61;41.60;9.70;740.87;0.00;0.00;0.00
14.01.2021;2:44:47;2.60;41.49;9.70;740.87;0.00;0.00;0.00
14.01.2021;2:45:47;2.65;41.73;9.70;740.86;0.00;0.00;0.00
14.01.2021;2:46:47;2.60;41.73;9.72;740.84;0.00;0.00;0.00
14.01.2021;2:47:47;2.65;41.63;9.72;740.82;0.00;0.00;0.00
14.01.2021;2:48:47;2.54;41.70;9.72;740.82;0.00;0.00;0.00
14.01.2021;2:49:47;2.60;41.73;9.72;740.82;0.00;0.00;0.00
14.01.2021;2:50:47;2.65;41.66;9.72;740.82;0.00;0.00;0.00
14.01.2021;2:51:47;2.53;41.44;9.71;740.83;0.00;0.00;0.00
14.01.2021;2:52:47;2.60;41.67;9.71;740.85;0.00;0.00;0.00
14.01.2021;2:53:47;2.63;41.77;9.71;740.85;0.00;0.00;0.00
14.01.2021;2:54:47;2.58;41.76;9.71;740.88;0.00;0.00;0.00
14.01.2021;2:55:47;2.63;41.85;9.72;740.89;0.00;0.00;0.00
14.01.2021;2:56:47;2.61;41.83;9.73;740.91;0.00;0.00;0.00
14.01.2021;2:57:47;2.56;41.88;9.73;740.92;0.00;0.00;0.00
14.01.2021;2:58:47;2.63;41.69;9.74;740.91;0.00;0.00;0.00
14.01.2021;2:59:47;2.54;41.63;9.74;740.90;0.00;0.00;0.00
14.01.2021;3:00:47;2.56;41.65;9.74;740.90;0.00;0.00;0.00
14.01.2021;3:01:47;2.58;41.68;9.74;740.90;0.00;0.00;0.00
14.01.2021;3:02:47;2.57;41.67;9.74;740.89;0.00;0.00;0.00
14.01.2021;3:03:47;2.57;41.57;9.74;740.88;0.00;0.00;0.00
14.01.2021;3:04:47;2.58;41.68;9.74;740.87;0.00;0.00;0.00
14.01.2021;3:05:47;2.70;41.54;9.75;740.88;0.00;0.00;0.00
14.01.2021;3:06:47;2.65;41.69;9.75;740.91;0.00;0.00;0.00
14.01.2021;3:07:48;2.60;41.83;9.75;740.92;0.00;0.00;0.00
14.01.2021;3:08:48;2.74;41.82;9.75;740.93;0.00;0.00;0.00
14.01.2021;3:09:48;2.65;41.76;9.75;740.93;0.00;0.00;0.00
14.01.2021;3:10:48;2.65;41.76;9.75;740.91;0.00;0.00;0.00
14.01.2021;3:11:48;2.61;41.68;9.76;740.90;0.00;0.00;0.00
14.01.2021;3:12:48;2.62;41.65;9.76;740.87;0.00;0.00;0.00
14.01.2021;3:13:48;2.61;41.72;9.76;740.87;0.00;0.00;0.00
14.01.2021;3:14:48;2.58;41.77;9.76;740.87;0.00;0.00;0.00
14.01.2021;3:15:48;2.64;41.80;9.76;740.87;0.00;0.00;0.00
14.01.2021;3:16:48;2.60;41.80;9.77;740.89;0.00;0.00;0.00
14.01.2021;3:17:48;2.57;41.75;9.77;740.90;0.00;0.00;0.00
14.01.2021;3:18:48;2.64;41.78;9.77;740.90;0.00;0.00;0.00
14.01.2021;3:19:48;2.61;41.67;9.77;740.90;0.00;0.00;0.00
14.01.2021;3:20:48;2.69;41.66;9.77;740.89;0.00;0.00;0.00
14.01.2021;3:21:48;2.63;41.83;9.77;740.89;0.00;0.00;0.00
14.01.2021;3:22:48;2.63;41.72;9.77;740.91;0.00;0.00;0.00
14.01.2021;3:23:48;2.56;41.82;9.77;740.92;0.00;0.00;0.00
14.01.2021;3:24:48;2.58;41.89;9.76;740.92;0.00;0.00;0.00
14.01.2021;3:25:48;2.63;41.90;9.77;740.93;0.00;0.00;0.00
14.01.2021;3:26:48;2.64;42.05;9.76;740.95;0.00;0.00;0.00
14.01.2021;3:27:48;2.57;41.95;9.76;740.94;0.00;0.00;0.00
14.01.2021;3:28:48;2.56;41.96;9.76;740.94;0.00;0.00;0.00
14.01.2021;3:29:48;2.57;41.88;9.76;740.93;0.00;0.00;0.00
14.01.2021;3:30:48;2.54;41.82;9.77;740.93;0.00;0.00;0.00
14.01.2021;3:31:48;2.62;41.94;9.76;740.93;0.00;0.00;0.00
14.01.2021;3:32:48;2.56;41.83;9.76;740.93;0.00;0.00;0.00
14.01.2021;3:33:48;2.53;41.74;9.76;740.92;0.00;0.00;0.00
14.01.2021;3:34:48;2.65;41.71;9.75;740.92;0.00;0.00;0.00
14.01.2021;3:35:48;2.57;41.73;9.75;740.92;0.00;0.00;0.00
14.01.2021;3:36:48;2.57;41.71;9.75;740.92;0.00;0.00;0.00
14.01.2021;3:37:48;2.58;41.67;9.74;740.92;0.00;0.00;0.00
14.01.2021;3:38:48;2.67;41.61;9.74;740.92;0.00;0.00;0.00
14.01.2021;3:39:48;2.58;41.64;9.74;740.93;0.00;0.00;0.00
14.01.2021;3:40:48;2.61;41.55;9.74;740.94;0.00;0.00;0.00
14.01.2021;3:41:48;2.57;41.66;9.73;740.95;0.00;0.00;0.00
14.01.2021;3:42:49;2.57;41.64;9.73;740.96;0.00;0.00;0.00
14.01.2021;3:43:49;2.61;41.56;9.72;740.96;0.00;0.00;0.00
14.01.2021;3:44:49;2.61;41.55;9.72;740.97;0.00;0.00;0.00
14.01.2021;3:45:49;2.58;41.63;9.72;740.97;0.00;0.00;0.00
14.01.2021;3:46:49;2.60;41.73;9.72;740.98;0.00;0.00;0.00
14.01.2021;3:47:49;2.61;41.70;9.71;740.99;0.00;0.00;0.00
14.01.2021;3:48:49;2.63;41.74;9.71;740.98;0.00;0.00;0.00
14.01.2021;3:49:49;2.57;41.71;9.70;740.97;0.00;0.00;0.00
14.01.2021;3:50:49;2.70;41.75;9.70;740.96;0.00;0.00;0.00
14.01.2021;3:51:49;2.65;41.65;9.70;740.96;0.00;0.00;0.00
14.01.2021;3:52:49;2.61;41.74;9.70;740.97;0.00;0.00;0.00
14.01.2021;3:53:49;2.60;41.80;9.70;740.95;0.00;0.00;0.00
14.01.2021;3:54:49;2.58;41.78;9.69;740.97;0.00;0.00;0.00
14.01.2021;3:55:49;2.65;41.82;9.69;740.97;0.00;0.00;0.00
14.01.2021;3:56:49;2.70;41.95;9.69;740.97;0.00;0.00;0.00
14.01.2021;3:57:49;2.60;41.92;9.69;740.96;0.00;0.00;0.00
14.01.2021;3:58:49;2.64;41.76;9.70;740.96;0.00;0.00;0.00
14.01.2021;3:59:49;2.61;41.82;9.70;740.95;0.00;0.00;0.00
14.01.2021;4:00:49;2.54;41.78;9.69;740.94;0.00;0.00;0.00
14.01.2021;4:01:49;2.57;41.71;9.69;740.93;0.00;0.00;0.00
14.01.2021;4:02:49;2.65;41.74;9.69;740.93;0.00;0.00;0.00
14.01.2021;4:03:49;2.61;41.68;9.69;740.93;0.00;0.00;0.00
14.01.2021;4:04:49;2.64;41.69;9.69;740.95;0.00;0.00;0.00
14.01.2021;4:05:49;2.63;41.76;9.69;740.95;0.00;0.00;0.00
14.01.2021;4:06:49;2.64;41.78;9.69;740.96;0.00;0.00;0.00
14.01.2021;4:07:49;2.66;41.79;9.69;740.97;0.00;0.00;0.00
14.01.2021;4:08:49;2.63;41.81;9.69;740.98;0.00;0.00;0.00
14.01.2021;4:09:49;2.57;41.80;9.69;741.00;0.00;0.00;0.00
14.01.2021;4:10:49;2.53;41.85;9.68;741.00;0.00;0.00;0.00
14.01.2021;4:11:49;2.61;41.85;9.68;740.99;0.00;0.00;0.00
14.01.2021;4:12:49;2.60;41.85;9.68;740.99;0.00;0.00;0.00
14.01.2021;4:13:49;2.58;41.84;9.67;740.99;0.00;0.00;0.00
14.01.2021;4:14:49;2.56;41.82;9.67;741.00;0.00;0.00;0.00
14.01.2021;4:15:49;2.58;41.82;9.67;741.01;0.00;0.00;0.00
14.01.2021;4:16:49;2.68;41.93;9.68;741.03;0.00;0.00;0.00
14.01.2021;4:17:49;2.60;41.90;9.67;741.04;0.00;0.00;0.00
14.01.2021;4:18:50;2.61;41.96;9.68;741.05;0.00;0.00;0.00
14.01.2021;4:19:50;2.65;41.86;9.67;741.04;0.00;0.00;0.00
14.01.2021;4:20:50;2.64;41.83;9.67;741.03;0.00;0.00;0.00
14.01.2021;4:21:50;2.61;41.86;9.67;741.03;0.00;0.00;0.00
14.01.2021;4:22:50;2.64;41.88;9.66;741.03;0.00;0.00;0.00
14.01.2021;4:23:50;2.58;41.87;9.65;741.04;0.00;0.00;0.00
14.01.2021;4:24:50;2.56;41.91;9.66;741.03;0.00;0.00;0.00
14.01.2021;4:25:50;2.64;41.82;9.66;741.02;0.00;0.00;0.00
14.01.2021;4:26:50;2.66;41.75;9.66;741.01;0.00;0.00;0.00
14.01.2021;4:27:50;2.58;41.78;9.66;741.02;0.00;0.00;0.00
14.01.2021;4:28:50;2.60;41.70;9.66;741.02;0.00;0.00;0.00
14.01.2021;4:29:50;2.60;41.75;9.66;741.03;0.00;0.00;0.00
14.01.2021;4:30:50;2.65;41.76;9.65;741.03;0.00;0.00;0.00
14.01.2021;4:31:50;2.67;41.75;9.65;741.05;0.00;0.00;0.00
14.01.2021;4:32:50;2.53;41.68;9.64;741.06;0.00;0.00;0.00
14.01.2021;4:33:50;2.69;41.63;9.64;741.08;0.00;0.00;0.00
14.01.2021;4:34:50;2.68;41.69;9.64;741.08;0.00;0.00;0.00
14.01.2021;4:35:50;2.68;41.72;9.63;741.06;0.00;0.00;0.00
14.01.2021;4:36:50;2.72;41.66;9.63;741.04;0.00;0.00;0.00
14.01.2021;4:37:50;2.58;41.58;9.62;741.02;0.00;0.00;0.00
14.01.2021;4:38:50;2.57;41.57;9.62;741.00;0.00;0.00;0.00
14.01.2021;4:39:50;2.51;41.61;9.61;740.99;0.00;0.00;0.00
14.01.2021;4:40:50;2.57;41.60;9.60;740.99;0.00;0.00;0.00
14.01.2021;4:41:50;2.60;41.60;9.60;740.97;0.00;0.00;0.00
14.01.2021;4:42:50;2.56;41.58;9.59;740.95;0.00;0.00;0.00
14.01.2021;4:43:50;2.63;41.51;9.59;740.92;0.00;0.00;0.00
14.01.2021;4:44:50;2.65;41.49;9.60;740.91;0.00;0.00;0.00
14.01.2021;4:45:50;2.64;41.49;9.60;740.90;0.00;0.00;0.00
14.01.2021;4:46:50;2.58;41.53;9.60;740.91;0.00;0.00;0.00
14.01.2021;4:47:50;2.61;41.59;9.60;740.90;0.00;0.00;0.00
14.01.2021;4:48:50;2.58;41.70;9.60;740.90;0.00;0.00;0.00
14.01.2021;4:49:50;2.58;41.65;9.60;740.90;0.00;0.00;0.00
14.01.2021;4:50:50;2.64;41.66;9.60;740.89;0.00;0.00;0.00
14.01.2021;4:51:50;2.58;41.62;9.59;740.89;0.00;0.00;0.00
14.01.2021;4:52:50;2.63;41.71;9.60;740.88;0.00;0.00;0.00
14.01.2021;4:53:50;2.58;41.72;9.60;740.85;0.00;0.00;0.00
14.01.2021;4:54:51;2.60;41.76;9.61;740.85;0.00;0.00;0.00
14.01.2021;4:55:51;2.61;41.72;9.61;740.85;0.00;0.00;0.00
14.01.2021;4:56:51;2.57;41.74;9.62;740.85;0.00;0.00;0.00
14.01.2021;4:57:51;2.60;41.70;9.62;740.85;0.00;0.00;0.00
14.01.2021;4:58:51;2.65;41.73;9.62;740.85;0.00;0.00;0.00
14.01.2021;4:59:51;2.60;41.80;9.62;740.85;0.00;0.00;0.00
14.01.2021;5:00:51;2.63;41.81;9.62;740.86;0.00;0.00;0.00
14.01.2021;5:01:51;2.61;41.86;9.63;740.86;0.00;0.00;0.00
14.01.2021;5:02:51;2.61;41.84;9.63;740.88;0.00;0.00;0.00
14.01.2021;5:03:51;2.60;41.85;9.63;740.87;0.00;0.00;0.00
14.01.2021;5:04:51;2.58;41.87;9.63;740.88;0.00;0.00;0.00
14.01.2021;5:05:51;2.58;41.86;9.63;740.87;0.00;0.00;0.00
14.01.2021;5:06:51;2.56;41.82;9.63;740.87;0.00;0.00;0.00
14.01.2021;5:07:51;2.67;41.82;9.64;740.87;0.00;0.00;0.00
14.01.2021;5:08:51;2.56;41.83;9.64;740.87;0.00;0.00;0.00
14.01.2021;5:09:51;2.58;41.69;9.64;740.87;0.00;0.00;0.00
14.01.2021;5:10:51;2.68;41.68;9.64;740.88;0.00;0.00;0.00
14.01.2021;5:11:51;2.58;41.75;9.64;740.88;0.00;0.00;0.00
14.01.2021;5:12:51;2.74;41.73;9.64;740.89;0.00;0.00;0.00
14.01.2021;5:13:51;2.62;41.73;9.64;740.90;0.00;0.00;0.00
14.01.2021;5:14:51;2.64;41.77;9.63;740.91;0.00;0.00;0.00
14.01.2021;5:15:51;2.63;41.74;9.63;740.92;0.00;0.00;0.00
14.01.2021;5:16:51;2.63;41.84;9.64;740.93;0.00;0.00;0.00
14.01.2021;5:17:51;2.66;41.78;9.64;740.92;0.00;0.00;0.00
14.01.2021;5:18:51;2.67;41.66;9.63;740.92;0.00;0.00;0.00
14.01.2021;5:19:51;2.63;41.75;9.63;740.90;0.00;0.00;0.00
14.01.2021;5:20:51;2.60;41.69;9.63;740.88;0.00;0.00;0.00
14.01.2021;5:21:51;2.63;41.74;9.64;740.86;0.00;0.00;0.00
14.01.2021;5:22:51;2.56;41.68;9.63;740.85;0.00;0.00;0.00
14.01.2021;5:23:51;2.63;41.65;9.63;740.85;0.00;0.00;0.00
14.01.2021;5:24:51;2.60;41.75;9.62;740.85;0.00;0.00;0.00
14.01.2021;5:25:51;2.63;41.81;9.62;740.86;0.00;0.00;0.00
14.01.2021;5:26:51;2.64;41.80;9.62;740.85;0.00;0.00;0.00
14.01.2021;5:27:51;2.57;41.72;9.63;740.85;0.00;0.00;0.00
14.01.2021;5:28:51;2.71;41.82;9.63;740.85;0.00;0.00;0.00
14.01.2021;5:29:52;2.63;41.80;9.64;740.86;0.00;0.00;0.00
14.01.2021;5:30:52;2.58;41.81;9.64;740.85;0.00;0.00;0.00
14.01.2021;5:31:52;2.64;41.75;9.64;740.86;0.00;0.00;0.00
14.01.2021;5:32:52;2.61;41.75;9.63;740.86;0.00;0.00;0.00
14.01.2021;5:33:52;2.56;41.77;9.64;740.87;0.00;0.00;0.00
14.01.2021;5:34:52;2.63;41.75;9.64;740.88;0.00;0.00;0.00
14.01.2021;5:35:52;2.56;41.77;9.64;740.88;0.00;0.00;0.00
14.01.2021;5:36:52;2.63;41.84;9.64;740.90;0.00;0.00;0.00
14.01.2021;5:37:52;2.64;41.79;9.64;740.90;0.00;0.00;0.00
14.01.2021;5:38:52;2.65;41.71;9.63;740.90;0.00;0.00;0.00
14.01.2021;5:39:52;2.66;41.74;9.63;740.89;0.00;0.00;0.00
14.01.2021;5:40:52;2.65;41.74;9.63;740.89;0.00;0.00;0.00
14.01.2021;5:41:52;2.68;41.73;9.64;740.89;0.00;0.00;0.00
14.01.2021;5:42:52;2.66;41.78;9.64;740.91;0.00;0.00;0.00
14.01.2021;5:43:52;2.65;41.71;9.65;740.92;0.00;0.00;0.00
14.01.2021;5:44:52;2.61;41.77;9.64;740.92;0.00;0.00;0.00
14.01.2021;5:45:52;2.64;41.77;9.64;740.92;0.00;0.00;0.00
14.01.2021;5:46:52;2.67;41.78;9.63;740.92;0.00;0.00;0.00
14.01.2021;5:47:52;2.61;41.70;9.64;740.91;0.00;0.00;0.00
14.01.2021;5:48:52;2.61;41.79;9.63;740.92;0.00;0.00;0.00
14.01.2021;5:49:52;2.64;41.84;9.64;740.93;0.00;0.00;0.00
14.01.2021;5:50:52;2.68;41.79;9.64;740.94;0.00;0.00;0.00
14.01.2021;5:51:52;2.68;41.86;9.64;740.94;0.00;0.00;0.00
14.01.2021;5:52:52;2.60;41.88;9.64;740.94;0.00;0.00;0.00
14.01.2021;5:53:52;2.61;41.91;9.64;740.94;0.00;0.00;0.00
14.01.2021;5:54:52;2.68;41.97;9.64;740.94;0.00;0.00;0.00
14.01.2021;5:55:52;2.64;41.98;9.63;740.95;0.00;0.00;0.00
14.01.2021;5:56:52;2.58;42.12;9.63;740.95;0.00;0.00;0.00
14.01.2021;5:57:52;2.61;42.14;9.64;740.97;0.00;0.00;0.00
14.01.2021;5:58:52;2.60;42.14;9.65;740.97;0.00;0.00;0.00
14.01.2021;5:59:52;2.67;42.15;9.65;740.96;0.00;0.00;0.00
14.01.2021;6:00:52;2.68;42.09;9.66;740.97;0.00;0.00;0.00
14.01.2021;6:01:52;2.75;42.01;9.67;740.96;0.00;0.00;0.00
14.01.2021;6:02:52;2.82;41.96;9.67;740.95;0.00;0.00;0.00
14.01.2021;6:03:52;2.71;41.97;9.67;740.95;0.00;0.00;0.00
14.01.2021;6:04:52;2.80;41.92;9.68;740.94;0.00;0.00;0.00
14.01.2021;6:05:53;2.81;41.89;9.67;740.94;0.00;0.00;0.00
14.01.2021;6:06:53;2.74;41.92;9.67;740.93;0.00;0.00;0.00
14.01.2021;6:07:53;2.85;41.90;9.67;740.93;0.00;0.00;0.00
14.01.2021;6:08:53;2.81;41.84;9.67;740.92;0.00;0.00;0.00
14.01.2021;6:09:53;2.81;41.84;9.67;740.92;0.00;0.00;0.00
14.01.2021;6:10:53;2.78;41.76;9.68;740.92;0.00;0.00;0.00
14.01.2021;6:11:53;2.83;41.77;9.69;740.90;0.00;0.00;0.00
14.01.2021;6:12:53;2.69;41.71;9.69;740.89;0.00;0.00;0.00
14.01.2021;6:13:53;2.85;41.73;9.68;740.89;0.00;0.00;0.00
14.01.2021;6:14:53;2.81;41.74;9.68;740.89;0.00;0.00;0.00
14.01.2021;6:15:53;2.79;41.72;9.68;740.90;0.00;0.00;0.00
14.01.2021;6:16:53;2.85;41.83;9.68;740.90;0.00;0.00;0.00
14.01.2021;6:17:53;2.88;41.90;9.67;740.91;0.00;0.00;0.00
14.01.2021;6:18:53;2.78;41.93;9.67;740.92;0.00;0.00;0.00
14.01.2021;6:19:53;2.89;41.98;9.68;740.92;0.00;0.00;0.00
14.01.2021;6:20:53;2.86;41.98;9.68;740.93;0.00;0.00;0.00
14.01.2021;6:21:53;2.84;42.01;9.67;740.92;0.00;0.00;0.00
14.01.2021;6:22:53;2.79;42.04;9.67;740.91;0.00;0.00;0.00
14.01.2021;6:23:53;2.81;42.13;9.68;740.93;0.00;0.00;0.00
14.01.2021;6:24:53;2.80;42.08;9.69;740.92;0.00;0.00;0.00
14.01.2021;6:25:53;2.89;42.09;9.69;740.91;0.00;0.00;0.00
14.01.2021;6:26:53;2.78;42.12;9.69;740.90;0.00;0.00;0.00
14.01.2021;6:27:53;2.82;42.04;9.69;740.90;0.00;0.00;0.00
14.01.2021;6:28:53;2.85;42.17;9.69;740.90;0.00;0.00;0.00
14.01.2021;6:29:53;2.82;42.09;9.70;740.89;0.00;0.00;0.00
14.01.2021;6:30:53;2.75;41.96;9.70;740.89;0.00;0.00;0.00
14.01.2021;6:31:53;2.82;42.09;9.70;740.88;0.00;0.00;0.00
14.01.2021;6:32:53;2.77;41.93;9.71;740.88;0.00;0.00;0.00
14.01.2021;6:33:53;2.76;41.86;9.71;740.89;0.00;0.00;0.00
14.01.2021;6:34:53;2.69;41.81;9.71;740.90;0.00;0.00;0.00
14.01.2021;6:35:53;2.80;41.82;9.70;740.92;0.00;0.00;0.00
14.01.2021;6:36:53;2.83;41.79;9.69;740.93;0.00;0.00;0.00
14.01.2021;6:37:53;2.78;41.77;9.69;740.94;0.00;0.00;0.00
14.01.2021;6:38:53;2.81;41.80;9.70;740.94;0.00;0.00;0.00
14.01.2021;6:39:53;2.85;41.72;9.69;740.94;0.00;0.00;0.00
14.01.2021;6:40:54;2.82;41.77;9.69;740.96;0.00;0.00;0.00
14.01.2021;6:41:54;2.71;41.76;9.68;740.97;0.00;0.00;0.00
14.01.2021;6:42:54;2.81;41.83;9.68;740.96;0.00;0.00;0.00
14.01.2021;6:43:54;2.76;41.79;9.68;740.96;0.00;0.00;0.00
14.01.2021;6:44:54;2.84;41.83;9.68;740.96;0.00;0.00;0.00
14.01.2021;6:45:54;2.78;41.71;9.69;740.96;0.00;0.00;0.00
14.01.2021;6:46:54;2.84;41.74;9.68;740.96;0.00;0.00;0.00
14.01.2021;6:47:54;2.71;41.72;9.67;740.96;0.00;0.00;0.00
14.01.2021;6:48:54;2.82;41.77;9.67;740.95;0.00;0.00;0.00
14.01.2021;6:49:54;2.71;41.77;9.67;740.96;0.00;0.00;0.00
14.01.2021;6:50:54;2.85;41.78;9.67;740.96;0.00;0.00;0.00
14.01.2021;6:51:54;2.76;41.70;9.66;740.96;0.00;0.00;0.00
14.01.2021;6:52:54;2.75;41.71;9.66;740.95;0.00;0.00;0.00
14.01.2021;6:53:54;2.82;41.81;9.66;740.96;0.00;0.00;0.00
14.01.2021;6:54:54;2.74;41.79;9.66;740.96;0.00;0.00;0.00
14.01.2021;6:55:54;2.81;41.77;9.66;740.96;0.00;0.00;0.00
14.01.2021;6:56:54;2.72;41.77;9.67;740.95;0.00;0.00;0.00
14.01.2021;6:57:54;2.76;41.81;9.68;740.96;0.00;0.00;0.00
14.01.2021;6:58:54;2.80;41.74;9.67;740.95;0.00;0.00;0.00
14.01.2021;6:59:54;2.83;41.77;9.67;740.94;0.00;0.00;0.00
14.01.2021;7:00:54;2.82;41.75;9.67;740.92;0.00;0.00;0.00
14.01.2021;7:01:54;2.89;41.75;9.67;740.91;0.00;0.00;0.00
14.01.2021;7:02:54;2.75;41.74;9.67;740.90;0.00;0.00;0.00
14.01.2021;7:03:54;2.91;41.69;9.67;740.89;0.00;0.00;0.00
14.01.2021;7:04:54;2.86;41.75;9.67;740.87;0.00;0.00;0.00
14.01.2021;7:05:54;2.85;41.74;9.68;740.85;0.00;0.00;0.00
14.01.2021;7:06:54;2.87;41.69;9.68;740.85;0.00;0.00;0.00
14.01.2021;7:07:54;2.90;41.78;9.68;740.84;0.00;0.00;0.00
14.01.2021;7:08:54;2.93;41.81;9.68;740.83;0.00;0.00;0.00
14.01.2021;7:09:54;2.90;41.78;9.68;740.83;0.00;0.00;0.00
14.01.2021;7:10:54;3.07;41.80;9.68;740.83;0.00;0.00;0.00
14.01.2021;7:11:54;3.15;41.81;9.68;740.84;0.00;0.00;0.00
14.01.2021;7:12:54;3.21;41.80;9.68;740.85;0.00;0.00;0.00
14.01.2021;7:13:54;3.21;41.80;9.69;740.86;0.00;0.00;0.00
14.01.2021;7:14:54;3.26;41.72;9.69;740.86;0.00;0.00;0.00
14.01.2021;7:15:54;3.29;41.66;9.69;740.87;0.00;0.00;0.00
14.01.2021;7:16:55;3.32;41.68;9.69;740.86;0.00;0.00;0.00
14.01.2021;7:17:55;3.33;41.72;9.70;740.87;0.00;0.00;0.00
14.01.2021;7:18:55;3.35;41.67;9.70;740.87;0.00;0.00;0.00
14.01.2021;7:19:55;3.33;41.70;9.70;740.89;0.00;0.00;0.00
14.01.2021;7:20:55;3.33;41.69;9.70;740.89;0.00;0.00;0.00
14.01.2021;7:21:55;3.35;41.73;9.70;740.88;0.00;0.00;0.00
14.01.2021;7:22:55;3.33;41.69;9.70;740.89;0.00;0.00;0.00
14.01.2021;7:23:55;3.33;41.74;9.70;740.87;0.00;0.00;0.00
14.01.2021;7:24:55;3.33;41.71;9.70;740.87;0.00;0.00;0.00
14.01.2021;7:25:55;3.33;41.67;9.70;740.85;0.00;0.00;0.00
14.01.2021;7:26:55;3.33;41.72;9.70;740.85;0.00;0.00;0.00
14.01.2021;7:27:55;3.33;41.73;9.71;740.86;0.00;0.00;0.00
14.01.2021;7:28:55;3.33;41.72;9.71;740.87;0.00;0.00;0.00
14.01.2021;7:29:55;3.33;41.72;9.72;740.89;0.00;0.00;0.00
14.01.2021;7:30:55;3.33;41.65;9.72;740.90;0.00;0.00;0.00
14.01.2021;7:31:55;3.36;41.57;9.72;740.92;0.00;0.00;0.00
14.01.2021;7:32:55;4.11;41.56;9.71;740.93;0.00;0.00;0.00
14.01.2021;7:33:55;4.17;41.57;9.71;740.93;0.00;0.00;0.00
14.01.2021;7:34:55;4.17;41.57;9.71;740.93;0.00;0.00;0.00
14.01.2021;7:35:55;4.19;41.60;9.71;740.93;0.00;0.00;0.00
14.01.2021;7:36:55;4.19;41.60;9.71;740.94;0.00;0.00;0.00
14.01.2021;7:37:55;4.99;41.57;9.71;740.94;0.00;0.00;0.00
14.01.2021;7:38:55;5.00;41.60;9.71;740.95;0.00;0.00;0.00
14.01.2021;7:39:55;5.53;41.61;9.72;740.95;0.00;0.00;0.00
14.01.2021;7:40:55;5.83;41.59;9.72;740.96;0.00;0.00;0.00
14.01.2021;7:41:55;6.33;41.68;9.72;740.97;0.00;0.00;0.00
14.01.2021;7:42:55;6.67;41.64;9.71;740.97;0.00;0.00;0.00
14.01.2021;7:43:55;7.35;41.66;9.71;740.99;0.00;0.00;0.00
14.01.2021;7:44:55;7.67;41.67;9.71;741.00;0.00;0.00;0.00
14.01.2021;7:45:55;8.33;41.69;9.71;740.99;0.00;0.00;0.00
14.01.2021;7:46:55;8.99;41.68;9.71;741.00;0.00;0.00;0.00
14.01.2021;7:47:55;9.39;41.78;9.70;741.00;0.00;0.00;0.00
14.01.2021;7:48:55;10.00;41.77;9.70;741.01;0.00;0.00;0.00
14.01.2021;7:49:55;10.37;41.74;9.69;741.01;0.00;0.00;0.00
14.01.2021;7:50:55;10.83;41.79;9.69;741.02;0.00;0.00;0.00
14.01.2021;7:51:56;11.51;41.73;9.69;741.02;0.00;0.00;0.00
14.01.2021;7:52:56;12.07;41.72;9.70;741.02;0.00;0.00;0.00
14.01.2021;7:53:56;12.58;41.74;9.70;741.03;0.00;0.00;0.00
14.01.2021;7:54:56;13.33;41.75;9.70;741.04;0.00;0.00;0.00
14.01.2021;7:55:56;13.76;41.74;9.70;741.05;0.00;0.00;0.00
14.01.2021;7:56:56;14.17;41.78;9.70;741.05;0.00;0.00;0.00
14.01.2021;7:57:56;14.82;41.79;9.69;741.05;0.00;0.00;0.00
14.01.2021;7:58:56;15.21;41.75;9.70;741.07;0.00;0.00;0.00
14.01.2021;7:59:56;15.83;41.73;9.71;741.07;0.00;0.00;0.00
14.01.2021;8:00:56;16.11;41.79;9.71;741.08;0.00;0.00;0.00
14.01.2021;8:01:56;16.67;41.73;9.72;741.08;0.00;0.00;0.00
14.01.2021;8:02:56;17.40;41.77;9.72;741.08;0.00;0.00;0.00
14.01.2021;8:03:56;18.24;41.76;9.72;741.08;0.00;0.00;0.00
14.01.2021;8:04:56;19.36;41.76;9.72;741.08;0.00;0.00;0.00
14.01.2021;8:05:56;20.51;41.80;9.73;741.08;0.01;0.00;0.00
14.01.2021;8:06:56;22.08;41.80;9.73;741.09;0.01;0.00;0.00
14.01.2021;8:07:56;23.82;41.86;9.74;741.07;0.02;0.00;0.00
14.01.2021;8:08:56;25.66;41.86;9.75;741.07;0.02;0.00;0.00
14.01.2021;8:09:56;27.67;41.81;9.75;741.04;0.03;0.00;0.00
14.01.2021;8:10:56;29.94;41.77;9.75;741.04;0.03;0.00;0.00
14.01.2021;8:11:56;32.75;41.73;9.76;741.03;0.04;0.00;0.00
14.01.2021;8:12:56;36.19;41.75;9.76;741.02;0.06;0.00;0.00
14.01.2021;8:13:56;40.04;41.70;9.77;741.02;0.07;0.00;0.00
14.01.2021;8:14:56;44.10;41.70;9.76;741.02;0.09;0.00;0.00
14.01.2021;8:15:56;47.83;41.60;9.77;741.01;0.10;0.00;0.00
14.01.2021;8:16:56;51.09;41.69;9.77;741.02;0.12;0.00;0.00
14.01.2021;8:17:56;53.92;41.72;9.78;741.02;0.12;0.00;0.00
14.01.2021;8:18:56;56.46;41.64;9.78;741.02;0.13;0.00;0.00
14.01.2021;8:19:56;59.08;41.69;9.79;741.02;0.15;0.00;0.00
14.01.2021;8:20:56;61.39;41.66;9.79;741.02;0.16;0.00;0.00
14.01.2021;8:21:56;62.93;41.62;9.79;741.02;0.16;0.00;0.00
14.01.2021;8:22:56;63.73;41.67;9.79;741.00;0.16;0.00;0.00
14.01.2021;8:23:56;64.17;41.65;9.80;740.99;0.16;0.00;0.00
14.01.2021;8:24:57;64.92;41.64;9.81;740.99;0.16;0.00;0.00
14.01.2021;8:25:57;66.68;41.64;9.81;740.99;0.16;0.00;0.00
14.01.2021;8:26:57;69.75;41.66;9.81;741.00;0.17;0.00;0.00
14.01.2021;8:27:57;73.32;41.70;9.81;741.00;0.19;0.00;0.00
14.01.2021;8:28:57;76.35;41.71;9.81;741.01;0.20;0.00;0.00
14.01.2021;8:29:57;78.69;41.73;9.81;741.00;0.21;0.00;0.00
14.01.2021;8:30:57;81.21;41.63;9.82;741.00;0.22;0.00;0.00
14.01.2021;8:31:57;85.29;41.62;9.83;740.98;0.23;0.00;0.00
14.01.2021;8:32:57;91.56;41.58;9.83;740.98;0.25;0.00;0.00
14.01.2021;8:33:57;98.93;41.58;9.84;740.97;0.28;0.00;0.00
14.01.2021;8:34:57;107.37;41.54;9.84;740.97;0.30;0.00;0.00
14.01.2021;8:35:57;117.53;41.48;9.85;740.97;0.34;0.00;0.00
14.01.2021;8:36:57;126.78;41.44;9.86;740.98;0.38;0.00;0.00
14.01.2021;8:37:57;130.71;41.49;9.87;740.99;0.39;0.00;0.00
14.01.2021;8:38:57;130.37;41.44;9.87;741.00;0.39;0.00;0.00
14.01.2021;8:39:57;128.67;41.36;9.88;741.01;0.39;0.00;0.00
14.01.2021;8:40:57;128.78;41.44;9.87;741.00;0.40;0.00;0.00
14.01.2021;8:41:57;130.88;41.43;9.88;741.00;0.41;0.00;0.00
14.01.2021;8:42:57;135.42;41.43;9.87;741.00;0.43;0.01;0.00
14.01.2021;8:43:57;142.94;41.43;9.88;741.00;0.46;0.08;0.04
14.01.2021;8:44:57;153.56;41.47;9.88;740.99;0.50;0.16;0.08
14.01.2021;8:45:57;168.18;41.42;9.88;740.98;0.56;0.26;0.14
14.01.2021;8:46:57;187.53;41.43;9.88;740.98;0.64;0.37;0.24
14.01.2021;8:47:57;210.00;41.48;9.88;740.98;0.72;0.50;0.36
14.01.2021;8:48:57;232.47;41.48;9.89;740.99;0.81;0.65;0.52
14.01.2021;8:49:57;252.67;41.40;9.90;741.00;0.88;0.77;0.68
14.01.2021;8:50:57;270.75;41.36;9.91;741.00;0.94;0.87;0.82
14.01.2021;8:51:57;288.14;41.44;9.92;741.01;1.00;0.97;0.96
14.01.2021;8:52:57;306.76;41.48;9.94;741.02;1.06;1.07;1.13
14.01.2021;8:53:57;324.72;41.38;9.97;741.01;1.11;1.15;1.28
14.01.2021;8:54:57;338.08;41.30;9.99;741.01;1.15;1.21;1.38
14.01.2021;8:55:58;342.79;41.28;10.01;741.02;1.15;1.22;1.41
14.01.2021;8:56:58;338.25;41.29;10.03;741.02;1.13;1.20;1.36
14.01.2021;8:57:58;333.33;41.27;10.05;741.02;1.12;1.18;1.32
14.01.2021;8:58:58;336.96;41.31;10.07;741.03;1.13;1.19;1.34
14.01.2021;8:59:58;348.72;41.22;10.08;741.04;1.17;1.24;1.45
14.01.2021;9:00:58;366.40;41.21;10.09;741.06;1.22;1.34;1.64
14.01.2021;9:01:58;389.18;41.14;10.11;741.05;1.29;1.46;1.89
14.01.2021;9:02:58;416.00;41.05;10.13;741.06;1.38;1.60;2.20
14.01.2021;9:03:58;443.95;41.08;10.15;741.05;1.46;1.73;2.53
14.01.2021;9:04:58;468.71;40.98;10.18;741.06;1.54;1.86;2.85
14.01.2021;9:05:58;488.09;40.91;10.21;741.04;1.59;1.95;3.10
14.01.2021;9:06:58;501.33;40.86;10.24;741.05;1.63;2.02;3.28
14.01.2021;9:07:58;508.39;40.78;10.27;741.06;1.65;2.04;3.37
14.01.2021;9:08:58;508.81;40.75;10.27;741.08;1.65;2.06;3.40
14.01.2021;9:09:58;505.58;40.62;10.28;741.09;1.64;2.03;3.32
14.01.2021;9:10:58;497.94;40.62;10.29;741.08;1.61;1.99;3.21
14.01.2021;9:11:58;481.60;40.58;10.29;741.08;1.56;1.90;2.95
14.01.2021;9:12:58;465.22;40.58;10.29;741.10;1.50;1.80;2.70
14.01.2021;9:13:58;456.96;40.65;10.30;741.10;1.47;1.74;2.55
14.01.2021;9:14:58;457.32;40.61;10.30;741.11;1.46;1.73;2.53
14.01.2021;9:15:58;459.87;40.64;10.31;741.10;1.46;1.74;2.54
14.01.2021;9:16:58;462.07;40.62;10.31;741.11;1.47;1.74;2.56
14.01.2021;9:17:58;461.17;40.57;10.31;741.11;1.46;1.74;2.53
14.01.2021;9:18:58;453.76;40.63;10.32;741.11;1.43;1.69;2.42
14.01.2021;9:19:58;441.06;40.58;10.31;741.13;1.39;1.61;2.24
14.01.2021;9:20:58;425.72;40.68;10.32;741.15;1.34;1.55;2.08
14.01.2021;9:21:58;415.13;40.74;10.32;741.14;1.31;1.49;1.95
14.01.2021;9:22:58;412.51;40.69;10.32;741.15;1.30;1.48;1.92
14.01.2021;9:23:58;415.81;40.73;10.32;741.15;1.31;1.49;1.94
14.01.2021;9:24:59;422.04;40.75;10.31;741.16;1.32;1.51;2.00
14.01.2021;9:25:59;428.97;40.77;10.32;741.15;1.34;1.54;2.06
14.01.2021;9:26:59;434.64;40.55;10.31;741.15;1.36;1.57;2.13
14.01.2021;9:27:59;438.87;40.58;10.32;741.16;1.37;1.59;2.17
14.01.2021;9:28:59;441.78;40.57;10.32;741.16;1.37;1.60;2.20
14.01.2021;9:29:59;444.51;40.57;10.32;741.18;1.38;1.60;2.21
14.01.2021;9:30:59;449.79;40.66;10.32;741.20;1.40;1.63;2.28
14.01.2021;9:31:59;462.17;40.58;10.33;741.20;1.44;1.69;2.44
14.01.2021;9:32:59;480.54;40.60;10.35;741.21;1.50;1.79;2.68
14.01.2021;9:33:59;499.79;40.62;10.35;741.20;1.56;1.90;2.95
14.01.2021;9:34:59;514.07;40.60;10.36;741.19;1.60;1.97;3.15
14.01.2021;9:35:59;521.86;40.63;10.37;741.20;1.62;2.00;3.25
14.01.2021;9:36:59;524.31;40.71;10.38;741.19;1.62;2.00;3.25
14.01.2021;9:37:59;528.77;40.56;10.38;741.18;1.63;2.01;3.27
14.01.2021;9:38:59;540.44;40.59;10.39;741.16;1.65;2.05;3.39
14.01.2021;9:39:59;565.24;40.47;10.41;741.15;1.71;2.12;3.62
14.01.2021;9:40:59;596.39;40.55;10.42;741.15;1.79;2.18;3.90
14.01.2021;9:41:59;624.01;40.54;10.44;741.15;1.85;2.27;4.20
14.01.2021;9:42:59;638.74;40.47;10.45;741.16;1.89;2.34;4.42
14.01.2021;9:43:59;643.11;40.47;10.47;741.16;1.90;2.37;4.49
14.01.2021;9:44:59;638.43;40.46;10.48;741.15;1.88;2.33;4.39
14.01.2021;9:45:59;622.68;40.42;10.50;741.16;1.84;2.25;4.13
14.01.2021;9:46:59;597.92;40.40;10.50;741.16;1.76;2.16;3.80
14.01.2021;9:47:59;572.25;40.40;10.50;741.17;1.69;2.09;3.54
14.01.2021;9:48:59;552.46;40.42;10.50;741.17;1.63;2.03;3.32
14.01.2021;9:49:59;526.72;40.35;10.51;741.18;1.56;1.89;2.95
14.01.2021;9:50:59;519.83;40.26;10.51;741.18;1.55;1.88;2.90
14.01.2021;9:51:59;540.55;40.31;10.51;741.18;1.60;1.98;3.16
14.01.2021;9:53:00;549.75;40.35;10.52;741.17;1.61;1.99;3.21
14.01.2021;9:54:00;555.35;40.28;10.52;741.17;1.62;2.01;3.25
14.01.2021;9:55:00;584.90;40.26;10.51;741.17;1.71;2.13;3.65
14.01.2021;9:56:00;629.04;40.31;10.53;741.17;1.84;2.24;4.11
14.01.2021;9:57:00;673.86;40.29;10.56;741.16;1.95;2.47;4.81
14.01.2021;9:58:00;699.72;40.22;10.57;741.16;2.00;2.58;5.16
14.01.2021;9:59:00;697.10;40.25;10.59;741.17;1.99;2.54;5.05
14.01.2021;10:00:00;678.36;40.19;10.61;741.18;1.93;2.43;4.70
14.01.2021;10:01:00;641.93;40.18;10.62;741.19;1.83;2.24;4.10
14.01.2021;10:02:00;597.32;40.13;10.62;741.20;1.71;2.11;3.62
14.01.2021;10:03:00;559.22;40.01;10.61;741.23;1.62;2.00;3.23
14.01.2021;10:04:00;575.00;40.01;10.60;741.24;1.67;2.07;3.45
14.01.2021;10:05:00;638.58;40.04;10.60;741.25;1.84;2.27;4.19
14.01.2021;10:06:00;688.36;40.04;10.60;741.26;1.96;2.49;4.87
14.01.2021;10:07:00;697.81;40.17;10.61;741.25;1.97;2.50;4.92
14.01.2021;10:08:00;680.90;40.09;10.63;741.25;1.90;2.38;4.53
14.01.2021;10:09:00;609.97;40.00;10.63;741.25;1.71;2.11;3.61
14.01.2021;10:10:00;554.40;40.02;10.63;741.24;1.56;1.90;2.97
14.01.2021;10:11:00;513.01;40.06;10.62;741.25;1.46;1.73;2.52
14.01.2021;10:12:00;497.74;40.01;10.59;741.27;1.42;1.68;2.40
14.01.2021;10:13:00;471.42;40.03;10.58;741.29;1.35;1.55;2.08
14.01.2021;10:14:00;424.29;39.96;10.56;741.31;1.22;1.33;1.63
14.01.2021;10:15:00;398.25;40.01;10.51;741.31;1.14;1.22;1.39
14.01.2021;10:16:00;349.69;40.09;10.48;741.32;1.00;0.98;0.98
14.01.2021;10:17:00;320.49;40.14;10.45;741.32;0.92;0.83;0.77
14.01.2021;10:18:00;318.99;40.17;10.41;741.34;0.92;0.84;0.78
14.01.2021;10:19:00;326.14;40.28;10.39;741.35;0.95;0.88;0.84
14.01.2021;10:20:00;361.69;40.47;10.37;741.35;1.06;1.06;1.12
14.01.2021;10:21:01;394.73;40.43;10.35;741.37;1.14;1.20;1.37
14.01.2021;10:22:01;406.46;40.58;10.35;741.37;1.16;1.23;1.43
14.01.2021;10:23:01;404.18;40.62;10.34;741.37;1.14;1.21;1.38
14.01.2021;10:24:01;400.92;40.61;10.32;741.36;1.13;1.19;1.34
14.01.2021;10:25:01;409.08;40.78;10.31;741.36;1.14;1.21;1.38
14.01.2021;10:26:01;411.10;40.76;10.30;741.36;1.14;1.20;1.37
14.01.2021;10:27:01;400.36;40.83;10.29;741.36;1.11;1.15;1.28
14.01.2021;10:28:01;405.63;40.90;10.28;741.36;1.13;1.19;1.35
14.01.2021;10:29:01;437.29;40.95;10.27;741.37;1.22;1.35;1.65
14.01.2021;10:30:01;455.69;41.03;10.27;741.37;1.27;1.42;1.81
14.01.2021;10:31:01;466.12;41.02;10.28;741.39;1.30;1.48;1.93
14.01.2021;10:32:01;479.83;40.93;10.28;741.39;1.34;1.54;2.07
14.01.2021;10:33:01;495.48;41.00;10.28;741.39;1.39;1.62;2.24
14.01.2021;10:34:01;526.99;40.90;10.29;741.40;1.48;1.77;2.61
14.01.2021;10:35:01;556.79;40.90;10.30;741.40;1.56;1.90;2.95
14.01.2021;10:36:01;565.66;40.92;10.32;741.39;1.58;1.93;3.05
14.01.2021;10:37:01;567.64;40.92;10.33;741.39;1.59;1.97;3.13
14.01.2021;10:38:01;551.10;40.87;10.35;741.38;1.56;1.89;2.94
14.01.2021;10:39:01;544.82;40.83;10.35;741.38;1.55;1.87;2.89
14.01.2021;10:40:01;511.92;40.95;10.34;741.39;1.45;1.72;2.49
14.01.2021;10:41:01;475.83;40.90;10.34;741.39;1.35;1.57;2.12
14.01.2021;10:42:01;436.25;40.83;10.34;741.40;1.24;1.37;1.69
14.01.2021;10:43:01;394.77;40.76;10.32;741.40;1.13;1.18;1.33
14.01.2021;10:44:01;382.71;40.83;10.30;741.40;1.10;1.14;1.26
14.01.2021;10:45:01;389.34;40.91;10.29;741.40;1.12;1.19;1.33
14.01.2021;10:46:01;375.03;40.86;10.28;741.39;1.07;1.09;1.17
14.01.2021;10:47:01;375.54;40.98;10.26;741.38;1.08;1.10;1.19
14.01.2021;10:48:01;373.91;40.88;10.26;741.37;1.06;1.08;1.15
14.01.2021;10:49:01;349.83;41.11;10.27;741.36;0.99;0.95;0.94
14.01.2021;10:50:02;336.62;40.98;10.26;741.36;0.96;0.90;0.86
14.01.2021;10:51:02;351.64;40.95;10.25;741.35;1.01;0.99;1.00
14.01.2021;10:52:02;369.03;41.00;10.23;741.35;1.06;1.06;1.13
14.01.2021;10:53:02;377.70;40.96;10.22;741.35;1.08;1.11;1.20
14.01.2021;10:54:02;379.22;41.05;10.21;741.35;1.09;1.11;1.20
14.01.2021;10:55:02;381.53;41.18;10.20;741.35;1.09;1.11;1.21
14.01.2021;10:56:02;387.51;41.15;10.20;741.35;1.11;1.15;1.27
14.01.2021;10:57:02;394.84;41.11;10.19;741.34;1.12;1.17;1.32
14.01.2021;10:58:02;409.39;41.06;10.19;741.33;1.16;1.24;1.44
14.01.2021;10:59:02;432.72;41.17;10.18;741.31;1.23;1.34;1.65
14.01.2021;11:00:02;471.93;41.22;10.19;741.31;1.34;1.54;2.06
14.01.2021;11:01:02;499.24;41.34;10.20;741.31;1.41;1.65;2.33
14.01.2021;11:02:02;511.67;41.17;10.21;741.30;1.45;1.72;2.49
14.01.2021;11:03:02;530.97;41.09;10.22;741.30;1.50;1.79;2.68
14.01.2021;11:04:02;539.35;41.12;10.22;741.30;1.51;1.80;2.72
14.01.2021;11:05:02;529.35;41.06;10.23;741.31;1.48;1.77;2.61
14.01.2021;11:06:02;535.10;41.14;10.22;741.33;1.49;1.79;2.67
14.01.2021;11:07:02;574.29;41.10;10.23;741.32;1.59;1.95;3.12
14.01.2021;11:08:02;628.68;41.07;10.24;741.31;1.74;2.14;3.72
14.01.2021;11:09:02;692.80;41.13;10.27;741.31;1.91;2.39;4.56
14.01.2021;11:10:02;762.11;41.02;10.30;741.31;2.08;2.71;5.65
14.01.2021;11:11:02;815.85;41.21;10.33;741.30;2.21;2.95;6.53
14.01.2021;11:12:02;855.71;41.01;10.36;741.28;2.31;3.10;7.15
14.01.2021;11:13:02;850.15;40.93;10.38;741.26;2.29;3.08;7.05
14.01.2021;11:14:02;838.57;41.02;10.41;741.24;2.27;3.04;6.91
14.01.2021;11:15:02;814.71;40.87;10.42;741.22;2.21;2.94;6.50
14.01.2021;11:16:02;797.57;40.88;10.45;741.22;2.19;2.92;6.39
14.01.2021;11:17:02;828.71;40.77;10.46;741.22;2.27;3.05;6.94
14.01.2021;11:18:03;809.94;40.79;10.47;741.21;2.22;2.96;6.59
14.01.2021;11:19:03;796.00;40.87;10.50;741.22;2.20;2.91;6.39
14.01.2021;11:20:03;790.33;40.78;10.51;741.21;2.18;2.88;6.27
14.01.2021;11:21:03;750.54;40.61;10.52;741.20;2.08;2.72;5.68
14.01.2021;11:22:03;728.88;40.65;10.52;741.21;2.04;2.63;5.36
14.01.2021;11:23:03;709.56;40.58;10.52;741.20;1.99;2.56;5.08
14.01.2021;11:24:03;678.45;40.62;10.52;741.21;1.91;2.38;4.55
14.01.2021;11:25:03;662.42;40.71;10.52;741.22;1.87;2.31;4.31
14.01.2021;11:26:03;664.39;40.67;10.53;741.23;1.87;2.32;4.36
14.01.2021;11:27:03;694.58;40.64;10.53;741.23;1.95;2.47;4.82
14.01.2021;11:28:03;747.75;40.64;10.55;741.22;2.07;2.70;5.60
14.01.2021;11:29:03;793.84;40.51;10.57;741.23;2.18;2.89;6.31
14.01.2021;11:30:03;846.19;40.47;10.59;741.23;2.30;3.09;7.10
14.01.2021;11:31:03;877.54;40.50;10.60;741.23;2.37;3.20;7.58
14.01.2021;11:32:03;849.14;40.50;10.61;741.23;2.29;3.07;7.05
14.01.2021;11:33:03;811.74;40.61;10.62;741.23;2.20;2.93;6.47
14.01.2021;11:34:03;755.65;40.48;10.63;741.24;2.07;2.70;5.60
14.01.2021;11:35:03;711.62;40.48;10.62;741.24;1.97;2.50;4.93
14.01.2021;11:36:03;683.15;40.42;10.61;741.25;1.89;2.36;4.46
14.01.2021;11:37:03;644.71;40.46;10.59;741.26;1.79;2.19;3.93
14.01.2021;11:38:03;621.61;40.55;10.58;741.27;1.73;2.13;3.69
14.01.2021;11:39:03;597.36;40.56;10.57;741.27;1.66;2.06;3.43
14.01.2021;11:40:03;581.17;40.51;10.57;741.27;1.62;2.01;3.26
14.01.2021;11:41:03;574.48;40.55;10.56;741.27;1.60;1.97;3.15
14.01.2021;11:42:03;538.83;40.60;10.55;741.26;1.50;1.79;2.69
14.01.2021;11:43:03;505.65;40.67;10.52;741.26;1.41;1.65;2.33
14.01.2021;11:44:03;502.44;40.72;10.51;741.25;1.40;1.63;2.29
14.01.2021;11:45:03;544.46;40.73;10.50;741.24;1.52;1.82;2.77
14.01.2021;11:46:03;607.77;40.72;10.50;741.23;1.68;2.09;3.51
14.01.2021;11:47:04;655.06;40.78;10.50;741.23;1.80;2.20;3.96
14.01.2021;11:48:04;710.40;40.74;10.51;741.24;1.94;2.44;4.73
14.01.2021;11:49:04;765.11;40.79;10.55;741.23;2.06;2.69;5.54
14.01.2021;11:50:04;792.96;40.72;10.56;741.25;2.11;2.77;5.86
14.01.2021;11:51:04;752.19;40.72;10.55;741.25;2.02;2.60;5.25
14.01.2021;11:52:04;717.35;40.81;10.54;741.24;1.94;2.45;4.76
14.01.2021;11:53:04;699.77;40.98;10.55;741.24;1.92;2.41;4.62
14.01.2021;11:54:04;721.32;41.15;10.57;741.25;1.98;2.52;4.99
14.01.2021;11:55:04;710.44;41.13;10.58;741.25;1.94;2.46;4.77
14.01.2021;11:56:04;664.12;41.09;10.57;741.25;1.83;2.24;4.08
14.01.2021;11:57:04;637.25;40.95;10.55;741.26;1.77;2.13;3.76
14.01.2021;11:58:04;671.19;41.08;10.54;741.25;1.87;2.32;4.34
14.01.2021;11:59:04;685.81;41.12;10.53;741.25;1.90;2.38;4.51
14.01.2021;12:00:04;717.08;41.23;10.53;741.22;1.98;2.53;5.01
14.01.2021;12:01:04;811.67;41.08;10.55;741.20;2.20;2.93;6.45
14.01.2021;12:02:04;897.71;40.96;10.58;741.18;2.38;3.22;7.65
14.01.2021;12:03:04;925.93;40.86;10.61;741.16;2.43;3.31;8.06
14.01.2021;12:04:04;881.32;40.84;10.63;741.15;2.34;3.16;7.39
14.01.2021;12:05:04;859.55;40.88;10.64;741.14;2.30;3.09;7.12
14.01.2021;12:06:04;833.43;41.12;10.65;741.14;2.24;2.99;6.70
14.01.2021;12:07:04;847.10;40.92;10.65;741.14;2.27;3.05;6.92
14.01.2021;12:08:04;861.79;40.86;10.66;741.13;2.29;3.08;7.07
14.01.2021;12:09:04;854.46;40.82;10.67;741.14;2.28;3.06;6.98
14.01.2021;12:10:04;847.67;40.81;10.68;741.15;2.26;3.02;6.82
14.01.2021;12:11:04;844.71;40.75;10.68;741.15;2.25;3.01;6.77
14.01.2021;12:12:04;814.49;40.80;10.69;741.15;2.18;2.89;6.30
14.01.2021;12:13:04;760.90;40.81;10.68;741.13;2.06;2.68;5.53
14.01.2021;12:14:04;730.76;41.01;10.69;741.14;1.99;2.54;5.06
14.01.2021;12:15:05;773.57;40.92;10.70;741.14;2.10;2.75;5.78
14.01.2021;12:16:05;835.78;40.85;10.72;741.13;2.24;2.98;6.67
14.01.2021;12:17:05;874.96;41.12;10.73;741.13;2.32;3.12;7.24
14.01.2021;12:18:05;849.31;41.37;10.73;741.12;2.26;3.03;6.85
14.01.2021;12:19:05;869.65;41.63;10.75;741.12;2.33;3.14;7.32
14.01.2021;12:20:05;899.32;41.72;10.80;741.12;2.39;3.24;7.74
14.01.2021;12:21:05;884.85;41.90;10.82;741.12;2.36;3.19;7.52
14.01.2021;12:22:05;836.99;41.80;10.84;741.13;2.26;3.02;6.82
14.01.2021;12:23:05;775.38;42.01;10.84;741.14;2.11;2.78;5.89
14.01.2021;12:24:05;724.96;41.85;10.84;741.14;2.00;2.58;5.16
14.01.2021;12:25:05;711.14;41.92;10.84;741.13;1.97;2.52;4.96
14.01.2021;12:26:05;674.00;41.82;10.83;741.13;1.87;2.31;4.33
14.01.2021;12:27:05;628.87;41.78;10.81;741.13;1.76;2.15;3.77
14.01.2021;12:28:05;592.17;41.79;10.78;741.12;1.66;2.07;3.44
14.01.2021;12:29:05;575.58;41.79;10.75;741.12;1.62;2.00;3.25
14.01.2021;12:30:05;567.01;41.91;10.74;741.11;1.60;1.98;3.17
14.01.2021;12:31:05;556.75;42.00;10.72;741.10;1.57;1.93;3.03
14.01.2021;12:32:05;548.08;42.21;10.71;741.08;1.55;1.89;2.93
14.01.2021;12:33:05;552.60;42.36;10.71;741.08;1.56;1.91;2.97
14.01.2021;12:34:05;563.47;42.38;10.70;741.08;1.59;1.95;3.09
14.01.2021;12:35:05;583.51;42.59;10.70;741.09;1.64;2.02;3.31
14.01.2021;12:36:05;594.67;42.88;10.69;741.07;1.66;2.07;3.44
14.01.2021;12:37:05;605.71;42.58;10.69;741.06;1.69;2.10;3.56
14.01.2021;12:38:05;607.75;42.53;10.69;741.05;1.70;2.11;3.58
14.01.2021;12:39:05;604.01;42.52;10.69;741.03;1.69;2.11;3.57
14.01.2021;12:40:05;604.87;42.67;10.68;741.02;1.70;2.10;3.56
14.01.2021;12:41:05;596.49;42.62;10.67;741.01;1.67;2.09;3.50
14.01.2021;12:42:06;579.75;42.74;10.67;741.00;1.63;2.02;3.30
14.01.2021;12:43:06;579.14;42.77;10.67;740.99;1.63;2.01;3.29
14.01.2021;12:44:06;582.09;42.85;10.67;740.99;1.64;2.03;3.32
14.01.2021;12:45:06;578.17;42.84;10.68;741.00;1.63;2.00;3.26
14.01.2021;12:46:06;565.47;42.93;10.68;740.99;1.59;1.95;3.11
14.01.2021;12:47:06;552.78;43.01;10.68;740.99;1.55;1.90;2.95
14.01.2021;12:48:06;548.08;43.05;10.67;740.98;1.55;1.90;2.94
14.01.2021;12:49:06;563.16;42.98;10.67;740.97;1.59;1.96;3.13
14.01.2021;12:50:06;580.82;42.99;10.69;740.96;1.64;2.03;3.33
14.01.2021;12:51:06;588.95;43.04;10.71;740.95;1.66;2.05;3.41
14.01.2021;12:52:06;594.97;42.88;10.71;740.95;1.68;2.09;3.51
14.01.2021;12:53:06;608.12;42.93;10.71;740.94;1.71;2.11;3.60
14.01.2021;12:54:06;618.63;43.01;10.72;740.94;1.74;2.13;3.69
14.01.2021;12:55:06;614.58;42.98;10.72;740.93;1.72;2.11;3.63
14.01.2021;12:56:06;597.77;43.06;10.71;740.93;1.68;2.09;3.50
14.01.2021;12:57:06;587.86;43.05;10.72;740.93;1.66;2.05;3.40
14.01.2021;12:58:06;577.47;43.23;10.73;740.92;1.63;2.01;3.27
14.01.2021;12:59:06;559.59;43.16;10.74;740.91;1.58;1.94;3.07
14.01.2021;13:00:06;535.19;43.23;10.73;740.91;1.52;1.84;2.80
14.01.2021;13:01:06;516.27;43.44;10.73;740.92;1.47;1.75;2.57
14.01.2021;13:02:06;490.67;43.28;10.73;740.93;1.40;1.64;2.30
14.01.2021;13:03:06;467.69;43.07;10.73;740.92;1.34;1.53;2.04
14.01.2021;13:04:06;443.76;43.00;10.72;740.92;1.27;1.42;1.80
14.01.2021;13:05:06;422.72;43.03;10.73;740.92;1.21;1.33;1.61
14.01.2021;13:06:06;405.42;43.09;10.72;740.93;1.16;1.23;1.43
14.01.2021;13:07:06;389.43;43.19;10.73;740.94;1.12;1.17;1.30
14.01.2021;13:08:06;376.24;43.41;10.71;740.94;1.08;1.10;1.19
14.01.2021;13:09:06;372.51;43.13;10.71;740.95;1.07;1.09;1.17
14.01.2021;13:10:07;376.69;43.11;10.70;740.95;1.08;1.10;1.20
14.01.2021;13:11:07;386.06;43.23;10.70;740.93;1.11;1.16;1.29
14.01.2021;13:12:07;396.04;43.17;10.71;740.91;1.14;1.20;1.37
14.01.2021;13:13:07;407.26;43.13;10.71;740.89;1.17;1.25;1.46
14.01.2021;13:14:07;424.01;42.95;10.71;740.88;1.22;1.33;1.62
14.01.2021;13:15:07;447.78;42.94;10.70;740.86;1.28;1.45;1.85
14.01.2021;13:16:07;466.62;42.81;10.70;740.84;1.34;1.53;2.05
14.01.2021;13:17:07;473.53;42.73;10.70;740.85;1.36;1.57;2.13
14.01.2021;13:18:07;472.67;42.76;10.69;740.85;1.36;1.57;2.13
14.01.2021;13:19:07;460.36;42.79;10.69;740.85;1.32;1.50;1.99
14.01.2021;13:20:07;444.32;42.90;10.69;740.86;1.28;1.42;1.82
14.01.2021;13:21:07;429.25;43.27;10.76;740.86;1.24;1.36;1.69
14.01.2021;13:22:07;418.99;42.97;10.77;740.85;1.21;1.32;1.59
14.01.2021;13:23:07;412.36;42.97;10.74;740.86;1.19;1.30;1.55
14.01.2021;13:24:07;411.39;42.89;10.73;740.85;1.18;1.29;1.53
14.01.2021;13:25:07;416.21;42.95;10.70;740.84;1.20;1.31;1.57
14.01.2021;13:26:07;421.76;42.97;10.69;740.83;1.22;1.33;1.62
14.01.2021;13:27:07;427.60;43.00;10.68;740.84;1.24;1.37;1.69
14.01.2021;13:28:07;439.53;42.99;10.67;740.83;1.28;1.42;1.82
14.01.2021;13:29:07;452.68;42.89;10.67;740.82;1.31;1.50;1.97
14.01.2021;13:30:07;466.92;42.96;10.67;740.80;1.35;1.57;2.12
14.01.2021;13:31:07;474.88;42.94;10.68;740.79;1.38;1.60;2.20
14.01.2021;13:32:07;489.87;42.69;10.68;740.77;1.42;1.66;2.36
14.01.2021;13:33:07;507.14;42.56;10.69;740.77;1.47;1.74;2.56
14.01.2021;13:34:07;516.94;42.59;10.69;740.77;1.50;1.79;2.68
14.01.2021;13:35:07;510.20;42.76;10.69;740.78;1.48;1.78;2.62
14.01.2021;13:36:07;507.40;42.75;10.70;740.79;1.47;1.75;2.56
14.01.2021;13:37:07;513.28;42.78;10.70;740.80;1.48;1.78;2.64
14.01.2021;13:38:07;512.71;42.67;10.69;740.79;1.48;1.76;2.61
14.01.2021;13:39:08;503.35;42.67;10.70;740.79;1.45;1.71;2.49
14.01.2021;13:40:08;492.51;42.68;10.70;740.78;1.42;1.68;2.38
14.01.2021;13:41:08;498.15;42.57;10.70;740.79;1.43;1.69;2.42
14.01.2021;13:42:08;524.72;42.56;10.70;740.79;1.50;1.80;2.71
14.01.2021;13:43:08;558.39;42.56;10.72;740.80;1.60;1.95;3.12
14.01.2021;13:44:08;585.03;42.57;10.73;740.79;1.67;2.07;3.46
14.01.2021;13:45:08;598.83;42.51;10.73;740.78;1.71;2.11;3.60
14.01.2021;13:46:08;602.47;42.55;10.75;740.78;1.72;2.11;3.62
14.01.2021;13:47:08;601.17;42.47;10.78;740.78;1.72;2.12;3.65
14.01.2021;13:48:08;598.25;42.36;10.79;740.78;1.72;2.11;3.62
14.01.2021;13:49:08;584.45;42.33;10.79;740.78;1.68;2.08;3.50
14.01.2021;13:50:08;556.79;42.36;10.80;740.78;1.60;1.97;3.16
14.01.2021;13:51:08;521.56;42.30;10.80;740.77;1.51;1.82;2.75
14.01.2021;13:52:08;487.01;42.33;10.80;740.77;1.42;1.66;2.36
14.01.2021;13:53:08;457.44;42.30;10.79;740.78;1.33;1.54;2.05
14.01.2021;13:54:08;439.21;42.26;10.78;740.77;1.28;1.44;1.83
14.01.2021;13:55:08;432.78;42.24;10.77;740.78;1.26;1.40;1.76
14.01.2021;13:56:08;435.44;42.31;10.75;740.78;1.26;1.41;1.77
14.01.2021;13:57:08;443.87;42.35;10.76;740.78;1.29;1.43;1.84
14.01.2021;13:58:08;449.89;42.27;10.76;740.78;1.30;1.48;1.93
14.01.2021;13:59:08;451.02;42.23;10.75;740.76;1.31;1.50;1.96
14.01.2021;14:00:08;449.03;42.24;10.75;740.76;1.31;1.49;1.94
14.01.2021;14:01:08;452.01;42.31;10.76;740.77;1.31;1.50;1.97
14.01.2021;14:02:08;456.96;42.28;10.76;740.76;1.32;1.50;1.99
14.01.2021;14:03:08;457.37;42.26;10.77;740.77;1.32;1.51;2.00
14.01.2021;14:04:08;452.09;42.30;10.77;740.76;1.31;1.50;1.97
14.01.2021;14:05:08;436.90;42.23;10.78;740.76;1.28;1.43;1.83
14.01.2021;14:06:08;422.90;42.17;10.78;740.75;1.24;1.37;1.70
14.01.2021;14:07:09;417.17;42.22;10.79;740.75;1.22;1.34;1.64
14.01.2021;14:08:09;407.94;42.12;10.79;740.75;1.20;1.30;1.56
14.01.2021;14:09:09;397.71;42.20;10.77;740.74;1.17;1.25;1.45
14.01.2021;14:10:09;388.47;42.16;10.76;740.75;1.14;1.20;1.36
14.01.2021;14:11:09;383.15;42.11;10.76;740.75;1.12;1.18;1.32
14.01.2021;14:12:09;379.24;42.18;10.76;740.75;1.11;1.16;1.28
14.01.2021;14:13:09;370.35;42.20;10.75;740.76;1.08;1.10;1.19
14.01.2021;14:14:09;358.43;42.19;10.76;740.77;1.05;1.05;1.10
14.01.2021;14:15:09;347.08;42.09;10.75;740.78;1.02;1.00;1.02
14.01.2021;14:16:09;338.26;42.11;10.74;740.78;0.99;0.95;0.94
14.01.2021;14:17:09;333.03;42.14;10.72;740.78;0.98;0.91;0.89
14.01.2021;14:18:09;328.56;42.14;10.71;740.78;0.96;0.91;0.87
14.01.2021;14:19:09;321.26;42.09;10.70;740.78;0.94;0.88;0.83
14.01.2021;14:20:09;312.54;42.05;10.68;740.76;0.92;0.83;0.76
14.01.2021;14:21:09;302.44;42.22;10.66;740.75;0.89;0.79;0.71
14.01.2021;14:22:09;289.83;42.23;10.67;740.75;0.85;0.73;0.62
14.01.2021;14:23:09;277.61;42.20;10.66;740.74;0.82;0.67;0.55
14.01.2021;14:24:09;268.65;42.20;10.65;740.74;0.79;0.61;0.48
14.01.2021;14:25:09;263.25;42.13;10.65;740.75;0.77;0.59;0.46
14.01.2021;14:26:09;257.33;42.17;10.63;740.74;0.76;0.57;0.43
14.01.2021;14:27:09;250.83;42.31;10.61;740.75;0.74;0.52;0.38
14.01.2021;14:28:09;247.49;42.34;10.60;740.76;0.73;0.51;0.37
14.01.2021;14:29:09;249.97;42.29;10.58;740.76;0.74;0.53;0.39
14.01.2021;14:30:09;253.98;42.23;10.58;740.77;0.75;0.57;0.43
14.01.2021;14:31:09;252.39;42.31;10.56;740.77;0.75;0.56;0.41
14.01.2021;14:32:09;244.86;42.34;10.55;740.78;0.73;0.50;0.37
14.01.2021;14:33:09;235.47;42.32;10.55;740.79;0.70;0.48;0.33
14.01.2021;14:34:09;226.35;42.40;10.54;740.80;0.67;0.42;0.28
14.01.2021;14:35:10;222.42;42.36;10.52;740.80;0.66;0.41;0.27
14.01.2021;14:36:10;222.72;42.39;10.51;740.80;0.66;0.41;0.27
14.01.2021;14:37:10;225.19;42.47;10.49;740.80;0.67;0.42;0.28
14.01.2021;14:38:10;226.58;42.49;10.48;740.79;0.67;0.42;0.29
14.01.2021;14:39:10;226.25;42.47;10.48;740.80;0.67;0.42;0.29
14.01.2021;14:40:10;223.40;42.53;10.47;740.81;0.67;0.42;0.28
14.01.2021;14:41:10;218.01;42.59;10.45;740.79;0.65;0.40;0.26
14.01.2021;14:42:10;213.83;42.59;10.44;740.79;0.64;0.39;0.25
14.01.2021;14:43:10;213.54;42.57;10.44;740.78;0.64;0.39;0.25
14.01.2021;14:44:10;214.86;42.65;10.44;740.77;0.65;0.40;0.26
14.01.2021;14:45:10;216.50;42.57;10.44;740.78;0.65;0.41;0.26
14.01.2021;14:46:10;221.46;42.55;10.43;740.78;0.67;0.42;0.28
14.01.2021;14:47:10;229.45;42.54;10.43;740.79;0.70;0.48;0.34
14.01.2021;14:48:10;235.82;42.61;10.43;740.79;0.72;0.51;0.37
14.01.2021;14:49:10;240.21;42.60;10.43;740.80;0.74;0.54;0.40
14.01.2021;14:50:10;244.21;42.62;10.44;740.80;0.76;0.56;0.42
14.01.2021;14:51:10;243.01;42.63;10.45;740.81;0.75;0.57;0.43
14.01.2021;14:52:10;239.38;42.74;10.45;740.81;0.75;0.54;0.40
14.01.2021;14:53:10;234.54;42.58;10.46;740.82;0.73;0.52;0.38
14.01.2021;14:54:10;230.32;42.54;10.47;740.82;0.72;0.50;0.36
14.01.2021;14:55:10;228.69;42.55;10.46;740.82;0.71;0.50;0.36
14.01.2021;14:56:10;226.50;42.56;10.46;740.83;0.70;0.48;0.34
14.01.2021;14:57:10;223.01;42.55;10.46;740.84;0.69;0.47;0.32
14.01.2021;14:58:10;217.99;42.54;10.45;740.84;0.67;0.42;0.28
14.01.2021;14:59:10;211.60;42.49;10.46;740.84;0.65;0.40;0.26
14.01.2021;15:00:10;205.90;42.50;10.45;740.85;0.62;0.35;0.22
14.01.2021;15:01:10;198.14;42.52;10.45;740.85;0.60;0.31;0.18
14.01.2021;15:02:10;192.53;42.50;10.44;740.86;0.58;0.29;0.17
14.01.2021;15:03:10;185.56;42.55;10.43;740.86;0.55;0.24;0.13
14.01.2021;15:04:11;179.14;42.58;10.42;740.87;0.53;0.20;0.10
14.01.2021;15:05:11;176.38;42.54;10.41;740.88;0.52;0.19;0.10
14.01.2021;15:06:11;173.66;42.51;10.40;740.89;0.51;0.17;0.09
14.01.2021;15:07:11;173.87;42.52;10.40;740.89;0.51;0.17;0.09
14.01.2021;15:08:11;171.92;42.61;10.39;740.89;0.51;0.16;0.08
14.01.2021;15:09:11;169.51;42.67;10.38;740.89;0.50;0.16;0.08
14.01.2021;15:10:11;169.19;42.76;10.37;740.89;0.50;0.15;0.08
14.01.2021;15:11:11;171.53;42.70;10.37;740.89;0.52;0.18;0.09
14.01.2021;15:12:11;176.67;42.68;10.36;740.88;0.54;0.21;0.12
14.01.2021;15:13:11;185.06;42.70;10.35;740.88;0.58;0.29;0.17
14.01.2021;15:14:11;194.77;42.74;10.35;740.88;0.62;0.35;0.22
14.01.2021;15:15:11;205.60;42.71;10.35;740.87;0.66;0.41;0.27
14.01.2021;15:16:11;219.70;42.77;10.36;740.86;0.71;0.50;0.35
14.01.2021;15:17:11;237.13;42.75;10.36;740.85;0.77;0.58;0.45
14.01.2021;15:18:11;253.62;42.71;10.37;740.84;0.83;0.69;0.57
14.01.2021;15:19:11;267.96;42.71;10.38;740.85;0.89;0.79;0.71
14.01.2021;15:20:11;276.19;42.63;10.40;740.84;0.92;0.84;0.78
14.01.2021;15:21:11;282.64;42.61;10.40;740.84;0.96;0.90;0.86
14.01.2021;15:22:11;282.94;42.61;10.42;740.84;0.96;0.90;0.86
14.01.2021;15:23:11;274.00;42.58;10.42;740.83;0.93;0.86;0.80
14.01.2021;15:24:11;258.57;42.64;10.42;740.83;0.88;0.77;0.68
14.01.2021;15:25:11;239.01;42.58;10.43;740.82;0.81;0.66;0.53
14.01.2021;15:26:11;226.60;42.59;10.42;740.82;0.77;0.59;0.46
14.01.2021;15:27:11;215.01;42.61;10.42;740.83;0.73;0.52;0.38
14.01.2021;15:28:11;202.37;42.63;10.42;740.84;0.68;0.43;0.29
14.01.2021;15:29:11;189.60;42.63;10.41;740.85;0.63;0.37;0.24
14.01.2021;15:30:11;178.21;42.67;10.39;740.85;0.59;0.30;0.18
14.01.2021;15:31:11;164.58;42.70;10.38;740.86;0.54;0.24;0.13
14.01.2021;15:32:11;150.75;42.73;10.37;740.88;0.49;0.14;0.07
14.01.2021;15:33:12;136.20;42.76;10.36;740.88;0.44;0.03;0.01
14.01.2021;15:34:12;123.11;42.69;10.36;740.87;0.39;0.00;0.00
14.01.2021;15:35:12;115.18;42.83;10.36;740.88;0.36;0.00;0.00
14.01.2021;15:36:12;111.69;42.82;10.35;740.89;0.35;0.00;0.00
14.01.2021;15:37:12;109.38;42.80;10.34;740.89;0.35;0.00;0.00
14.01.2021;15:38:12;107.81;42.74;10.33;740.88;0.34;0.00;0.00
14.01.2021;15:39:12;107.89;42.79;10.34;740.88;0.35;0.00;0.00
14.01.2021;15:40:12;107.92;42.75;10.33;740.89;0.35;0.00;0.00
14.01.2021;15:41:12;110.88;42.77;10.33;740.89;0.36;0.00;0.00
14.01.2021;15:42:12;115.69;42.77;10.33;740.89;0.38;0.00;0.00
14.01.2021;15:43:12;119.49;42.82;10.33;740.89;0.40;0.00;0.00
14.01.2021;15:44:12;118.90;42.77;10.33;740.89;0.40;0.00;0.00
14.01.2021;15:45:12;114.92;42.81;10.32;740.90;0.38;0.00;0.00
14.01.2021;15:46:12;110.44;42.80;10.33;740.91;0.37;0.00;0.00
14.01.2021;15:47:12;107.90;42.84;10.33;740.92;0.36;0.00;0.00
14.01.2021;15:48:12;104.38;42.85;10.33;740.91;0.35;0.00;0.00
14.01.2021;15:49:12;100.92;42.87;10.33;740.90;0.34;0.00;0.00
14.01.2021;15:50:12;98.02;42.82;10.33;740.90;0.33;0.00;0.00
14.01.2021;15:51:12;96.68;42.81;10.33;740.90;0.33;0.00;0.00
14.01.2021;15:52:12;97.17;42.86;10.32;740.91;0.34;0.00;0.00
14.01.2021;15:53:12;97.36;42.90;10.32;740.92;0.34;0.00;0.00
14.01.2021;15:54:12;95.07;42.90;10.32;740.92;0.33;0.00;0.00
14.01.2021;15:55:12;91.68;42.92;10.32;740.92;0.32;0.00;0.00
14.01.2021;15:56:12;88.56;43.01;10.32;740.93;0.31;0.00;0.00
14.01.2021;15:57:12;84.18;42.95;10.32;740.94;0.29;0.00;0.00
14.01.2021;15:58:12;77.66;43.03;10.31;740.95;0.26;0.00;0.00
14.01.2021;15:59:12;70.44;42.92;10.32;740.95;0.23;0.00;0.00
14.01.2021;16:00:12;63.87;42.89;10.31;740.96;0.20;0.00;0.00
14.01.2021;16:01:12;58.39;42.88;10.29;740.97;0.17;0.00;0.00
14.01.2021;16:02:13;53.60;42.89;10.28;740.97;0.15;0.00;0.00
14.01.2021;16:03:13;48.39;42.87;10.28;740.98;0.12;0.00;0.00
14.01.2021;16:04:13;43.69;42.97;10.27;740.98;0.10;0.00;0.00
14.01.2021;16:05:13;40.57;42.96;10.27;741.00;0.08;0.00;0.00
14.01.2021;16:06:13;38.74;42.98;10.27;740.99;0.07;0.00;0.00
14.01.2021;16:07:13;37.13;42.93;10.26;741.00;0.06;0.00;0.00
14.01.2021;16:08:13;35.54;42.93;10.25;741.00;0.05;0.00;0.00
14.01.2021;16:09:13;34.12;42.91;10.24;741.00;0.05;0.00;0.00
14.01.2021;16:10:13;32.81;42.92;10.23;740.99;0.04;0.00;0.00
14.01.2021;16:11:13;30.90;43.01;10.23;740.99;0.03;0.00;0.00
14.01.2021;16:12:13;28.19;43.06;10.24;741.00;0.02;0.00;0.00
14.01.2021;16:13:13;24.99;42.96;10.23;741.00;0.02;0.00;0.00
14.01.2021;16:14:13;22.00;42.94;10.22;741.00;0.01;0.00;0.00
14.01.2021;16:15:13;19.83;42.96;10.22;741.00;0.00;0.00;0.00
14.01.2021;16:16:13;18.24;43.02;10.22;741.01;0.00;0.00;0.00
14.01.2021;16:17:13;16.78;43.00;10.20;741.03;0.00;0.00;0.00
14.01.2021;16:18:13;15.38;42.99;10.20;741.05;0.00;0.00;0.00
14.01.2021;16:19:13;13.86;43.06;10.19;741.06;0.00;0.00;0.00
14.01.2021;16:20:13;12.56;43.08;10.18;741.07;0.00;0.00;0.00
14.01.2021;16:21:13;11.23;43.10;10.17;741.08;0.00;0.00;0.00
14.01.2021;16:22:13;10.26;43.15;10.17;741.06;0.00;0.00;0.00
14.01.2021;16:23:13;9.40;43.21;10.16;741.07;0.00;0.00;0.00
14.01.2021;16:24:13;8.95;43.24;10.17;741.08;0.00;0.00;0.00
14.01.2021;16:25:13;8.35;43.22;10.15;741.08;0.00;0.00;0.00
14.01.2021;16:26:13;8.04;43.19;10.15;741.07;0.00;0.00;0.00
14.01.2021;16:27:13;7.51;43.17;10.14;741.07;0.00;0.00;0.00
14.01.2021;16:28:13;7.50;43.16;10.14;741.07;0.00;0.00;0.00
14.01.2021;16:29:13;7.16;43.10;10.14;741.06;0.00;0.00;0.00
14.01.2021;16:30:13;6.69;43.09;10.14;741.05;0.00;0.00;0.00
14.01.2021;16:31:13;6.39;43.16;10.14;741.05;0.00;0.00;0.00
14.01.2021;16:32:13;5.83;43.22;10.13;741.06;0.00;0.00;0.00
14.01.2021;16:33:13;5.56;43.19;10.13;741.06;0.00;0.00;0.00
14.01.2021;16:34:14;5.00;43.19;10.13;741.06;0.00;0.00;0.00
14.01.2021;16:35:14;5.00;43.11;10.13;741.07;0.00;0.00;0.00
14.01.2021;16:36:14;4.36;43.13;10.12;741.07;0.00;0.00;0.00
14.01.2021;16:37:14;4.17;43.13;10.12;741.07;0.00;0.00;0.00
14.01.2021;16:38:14;4.17;43.16;10.11;741.08;0.00;0.00;0.00
14.01.2021;16:39:14;4.14;43.19;10.11;741.08;0.00;0.00;0.00
14.01.2021;16:40:14;3.47;43.26;10.12;741.08;0.00;0.00;0.00
14.01.2021;16:41:14;3.33;43.16;10.12;741.09;0.00;0.00;0.00
14.01.2021;16:42:14;3.33;43.19;10.12;741.09;0.00;0.00;0.00
14.01.2021;16:43:14;3.33;43.14;10.13;741.09;0.00;0.00;0.00
14.01.2021;16:44:14;3.35;43.15;10.12;741.10;0.00;0.00;0.00
14.01.2021;16:45:14;3.33;43.06;10.12;741.09;0.00;0.00;0.00
14.01.2021;16:46:14;3.33;43.07;10.12;741.08;0.00;0.00;0.00
14.01.2021;16:47:14;3.36;43.04;10.11;741.08;0.00;0.00;0.00
14.01.2021;16:48:14;3.33;43.05;10.10;741.08;0.00;0.00;0.00
14.01.2021;16:49:14;3.33;43.05;10.10;741.09;0.00;0.00;0.00
14.01.2021;16:50:14;3.35;42.95;10.10;741.08;0.00;0.00;0.00
14.01.2021;16:51:14;3.33;42.96;10.08;741.09;0.00;0.00;0.00
14.01.2021;16:52:14;3.33;42.98;10.07;741.09;0.00;0.00;0.00
14.01.2021;16:53:14;3.33;43.00;10.06;741.10;0.00;0.00;0.00
14.01.2021;16:54:14;3.33;43.03;10.06;741.09;0.00;0.00;0.00
14.01.2021;16:55:14;3.33;43.02;10.05;741.09;0.00;0.00;0.00
14.01.2021;16:56:14;3.33;43.07;10.04;741.09;0.00;0.00;0.00
14.01.2021;16:57:14;3.33;43.12;10.05;741.09;0.00;0.00;0.00
14.01.2021;16:58:14;3.35;43.08;10.04;741.09;0.00;0.00;0.00
14.01.2021;16:59:14;3.33;43.03;10.03;741.11;0.00;0.00;0.00
14.01.2021;17:00:14;3.33;43.12;10.02;741.11;0.00;0.00;0.00
14.01.2021;17:01:14;3.36;43.13;10.02;741.11;0.00;0.00;0.00
14.01.2021;17:02:14;3.33;43.03;10.02;741.11;0.00;0.00;0.00
14.01.2021;17:03:14;3.33;43.13;10.01;741.11;0.00;0.00;0.00
14.01.2021;17:04:14;3.35;43.06;10.00;741.11;0.00;0.00;0.00
14.01.2021;17:05:14;3.33;43.12;10.00;741.11;0.00;0.00;0.00
14.01.2021;17:06:14;3.33;42.99;10.00;741.12;0.00;0.00;0.00
14.01.2021;17:07:15;3.33;42.99;9.99;741.13;0.00;0.00;0.00
14.01.2021;17:08:15;3.33;42.93;9.98;741.13;0.00;0.00;0.00
14.01.2021;17:09:15;3.33;42.92;9.97;741.13;0.00;0.00;0.00
14.01.2021;17:10:15;3.33;42.95;9.95;741.13;0.00;0.00;0.00
14.01.2021;17:11:15;3.33;43.06;9.94;741.13;0.00;0.00;0.00
14.01.2021;17:12:15;3.35;43.13;9.92;741.12;0.00;0.00;0.00
14.01.2021;17:13:15;3.33;43.09;9.92;741.13;0.00;0.00;0.00
14.01.2021;17:14:15;3.33;43.15;9.93;741.14;0.00;0.00;0.00
14.01.2021;17:15:15;3.36;43.13;9.91;741.14;0.00;0.00;0.00
14.01.2021;17:16:15;3.33;43.28;9.90;741.15;0.00;0.00;0.00
14.01.2021;17:17:15;3.33;43.25;9.89;741.14;0.00;0.00;0.00
14.01.2021;17:18:15;3.33;43.29;9.88;741.14;0.00;0.00;0.00
14.01.2021;17:19:15;3.33;43.25;9.87;741.13;0.00;0.00;0.00
14.01.2021;17:20:15;3.33;43.32;9.87;741.15;0.00;0.00;0.00
14.01.2021;17:21:15;3.33;43.38;9.87;741.15;0.00;0.00;0.00
14.01.2021;17:22:15;3.33;43.21;9.87;741.15;0.00;0.00;0.00
14.01.2021;17:23:15;3.33;43.22;9.86;741.15;0.00;0.00;0.00
14.01.2021;17:24:15;3.33;43.22;9.86;741.16;0.00;0.00;0.00
14.01.2021;17:25:15;3.33;43.21;9.86;741.16;0.00;0.00;0.00
14.01.2021;17:26:15;3.35;43.21;9.86;741.16;0.00;0.00;0.00
14.01.2021;17:27:15;3.33;43.28;9.85;741.17;0.00;0.00;0.00
14.01.2021;17:28:15;3.33;43.33;9.85;741.18;0.00;0.00;0.00
14.01.2021;17:29:15;3.36;43.33;9.86;741.20;0.00;0.00;0.00
14.01.2021;17:30:15;3.33;43.40;9.84;741.20;0.00;0.00;0.00
14.01.2021;17:31:15;3.33;43.46;9.84;741.21;0.00;0.00;0.00
14.01.2021;17:32:15;3.33;43.36;9.83;741.21;0.00;0.00;0.00
14.01.2021;17:33:15;3.33;43.41;9.83;741.23;0.00;0.00;0.00
14.01.2021;17:34:15;3.33;43.43;9.83;741.23;0.00;0.00;0.00
14.01.2021;17:35:15;3.33;43.36;9.83;741.23;0.00;0.00;0.00
14.01.2021;17:36:15;3.33;43.28;9.83;741.22;0.00;0.00;0.00
14.01.2021;17:37:15;3.33;43.23;9.82;741.23;0.00;0.00;0.00
14.01.2021;17:38:15;3.33;43.19;9.83;741.23;0.00;0.00;0.00
14.01.2021;17:39:15;3.33;43.16;9.82;741.23;0.00;0.00;0.00
14.01.2021;17:40:15;3.35;43.11;9.81;741.24;0.00;0.00;0.00
14.01.2021;17:41:15;3.47;42.90;9.82;741.25;0.00;0.00;0.00
14.01.2021;17:42:16;4.17;42.82;9.80;741.26;0.00;0.00;0.00
14.01.2021;17:43:16;4.36;42.85;9.80;741.26;0.00;0.00;0.00
14.01.2021;17:44:16;5.00;42.82;9.79;741.27;0.00;0.00;0.00
14.01.2021;17:45:16;5.00;42.90;9.76;741.27;0.00;0.00;0.00
14.01.2021;17:46:16;5.01;42.96;9.75;741.28;0.00;0.00;0.00
14.01.2021;17:47:16;5.00;43.19;9.73;741.30;0.00;0.00;0.00
14.01.2021;17:48:16;5.00;43.34;9.72;741.31;0.00;0.00;0.00
14.01.2021;17:49:16;5.00;43.46;9.71;741.31;0.00;0.00;0.00
14.01.2021;17:50:16;5.00;43.52;9.71;741.35;0.00;0.00;0.00
14.01.2021;17:51:16;5.00;43.32;9.72;741.36;0.00;0.00;0.00
14.01.2021;17:52:16;5.00;43.29;9.72;741.38;0.00;0.00;0.00
14.01.2021;17:53:16;5.00;43.20;9.71;741.38;0.00;0.00;0.00
14.01.2021;17:54:16;5.01;43.25;9.71;741.38;0.00;0.00;0.00
14.01.2021;17:55:16;5.00;43.30;9.70;741.37;0.00;0.00;0.00
14.01.2021;17:56:16;5.00;43.26;9.70;741.37;0.00;0.00;0.00
14.01.2021;17:57:16;5.03;43.29;9.70;741.38;0.00;0.00;0.00
14.01.2021;17:58:16;5.00;43.23;9.71;741.37;0.00;0.00;0.00
14.01.2021;17:59:16;5.00;43.19;9.72;741.37;0.00;0.00;0.00
14.01.2021;18:00:16;5.01;43.23;9.72;741.36;0.00;0.00;0.00
14.01.2021;18:01:16;5.00;43.20;9.72;741.36;0.00;0.00;0.00
14.01.2021;18:02:16;5.00;43.25;9.72;741.36;0.00;0.00;0.00
14.01.2021;18:03:16;5.00;43.30;9.73;741.37;0.00;0.00;0.00
14.01.2021;18:04:16;5.00;43.23;9.73;741.37;0.00;0.00;0.00
14.01.2021;18:05:16;5.00;43.16;9.73;741.38;0.00;0.00;0.00
14.01.2021;18:06:16;5.00;43.22;9.74;741.37;0.00;0.00;0.00
14.01.2021;18:07:16;5.00;43.04;9.75;741.37;0.00;0.00;0.00
14.01.2021;18:08:16;5.01;43.01;9.75;741.37;0.00;0.00;0.00
14.01.2021;18:09:16;5.00;42.93;9.77;741.37;0.00;0.00;0.00
14.01.2021;18:10:16;5.00;42.95;9.76;741.37;0.00;0.00;0.00
14.01.2021;18:11:16;5.03;43.00;9.76;741.37;0.00;0.00;0.00
14.01.2021;18:12:16;5.00;43.07;9.75;741.38;0.00;0.00;0.00
14.01.2021;18:13:16;5.00;43.11;9.75;741.37;0.00;0.00;0.00
14.01.2021;18:14:16;5.01;43.10;9.75;741.39;0.00;0.00;0.00
14.01.2021;18:15:16;5.00;43.20;9.75;741.39;0.00;0.00;0.00
14.01.2021;18:16:16;5.00;43.04;9.75;741.39;0.00;0.00;0.00
14.01.2021;18:17:16;5.00;42.95;9.76;741.38;0.00;0.00;0.00
14.01.2021;18:18:17;5.00;43.03;9.76;741.38;0.00;0.00;0.00
14.01.2021;18:19:17;5.00;42.94;9.77;741.39;0.00;0.00;0.00
14.01.2021;18:20:17;5.00;42.94;9.77;741.40;0.00;0.00;0.00
14.01.2021;18:21:17;5.00;43.01;9.77;741.41;0.00;0.00;0.00
14.01.2021;18:22:17;5.01;43.10;9.77;741.41;0.00;0.00;0.00
14.01.2021;18:23:17;5.00;42.92;9.78;741.42;0.00;0.00;0.00
14.01.2021;18:24:17;5.00;42.81;9.79;741.41;0.00;0.00;0.00
14.01.2021;18:25:17;5.03;42.58;9.78;741.40;0.00;0.00;0.00
14.01.2021;18:26:17;5.00;42.64;9.78;741.40;0.00;0.00;0.00
14.01.2021;18:27:17;5.00;42.61;9.77;741.40;0.00;0.00;0.00
14.01.2021;18:28:17;5.01;42.58;9.76;741.41;0.00;0.00;0.00
14.01.2021;18:29:17;5.00;42.61;9.76;741.41;0.00;0.00;0.00
14.01.2021;18:30:17;5.00;42.65;9.77;741.41;0.00;0.00;0.00
14.01.2021;18:31:17;5.00;42.57;9.77;741.41;0.00;0.00;0.00
14.01.2021;18:32:17;5.00;42.57;9.77;741.41;0.00;0.00;0.00
14.01.2021;18:33:17;5.00;42.57;9.76;741.41;0.00;0.00;0.00
14.01.2021;18:34:17;5.00;42.54;9.75;741.42;0.00;0.00;0.00
14.01.2021;18:35:17;5.00;42.64;9.75;741.43;0.00;0.00;0.00
14.01.2021;18:36:17;5.01;42.48;9.74;741.43;0.00;0.00;0.00
14.01.2021;18:37:17;5.00;42.51;9.73;741.43;0.00;0.00;0.00
14.01.2021;18:38:17;5.00;42.55;9.73;741.44;0.00;0.00;0.00
14.01.2021;18:39:17;5.03;42.53;9.72;741.43;0.00;0.00;0.00
14.01.2021;18:40:17;5.00;42.62;9.71;741.45;0.00;0.00;0.00
14.01.2021;18:41:17;5.00;42.69;9.70;741.45;0.00;0.00;0.00
14.01.2021;18:42:17;5.01;42.58;9.70;741.45;0.00;0.00;0.00
14.01.2021;18:43:17;5.00;42.65;9.69;741.46;0.00;0.00;0.00
14.01.2021;18:44:17;5.00;42.62;9.68;741.45;0.00;0.00;0.00
14.01.2021;18:45:17;5.00;42.64;9.68;741.45;0.00;0.00;0.00
14.01.2021;18:46:17;5.00;42.61;9.67;741.45;0.00;0.00;0.00
14.01.2021;18:47:17;5.00;42.61;9.67;741.45;0.00;0.00;0.00
14.01.2021;18:48:17;5.00;42.51;9.66;741.44;0.00;0.00;0.00
14.01.2021;18:49:17;5.00;42.51;9.66;741.44;0.00;0.00;0.00
14.01.2021;18:50:17;5.01;42.58;9.65;741.43;0.00;0.00;0.00
14.01.2021;18:51:17;5.00;42.42;9.64;741.42;0.00;0.00;0.00
14.01.2021;18:52:17;5.00;42.47;9.64;741.43;0.00;0.00;0.00
14.01.2021;18:53:18;5.03;42.63;9.63;741.44;0.00;0.00;0.00
14.01.2021;18:54:18;5.00;42.57;9.62;741.46;0.00;0.00;0.00
14.01.2021;18:55:18;5.00;42.61;9.61;741.47;0.00;0.00;0.00
14.01.2021;18:56:18;5.01;42.61;9.60;741.48;0.00;0.00;0.00
14.01.2021;18:57:18;5.00;42.56;9.59;741.49;0.00;0.00;0.00
14.01.2021;18:58:18;5.00;42.57;9.58;741.51;0.00;0.00;0.00
14.01.2021;18:59:18;5.00;42.49;9.57;741.49;0.00;0.00;0.00
14.01.2021;19:00:18;5.00;42.45;9.57;741.49;0.00;0.00;0.00
14.01.2021;19:01:18;5.00;42.52;9.56;741.48;0.00;0.00;0.00
14.01.2021;19:02:18;5.00;42.40;9.56;741.48;0.00;0.00;0.00
14.01.2021;19:03:18;5.00;42.47;9.55;741.50;0.00;0.00;0.00
14.01.2021;19:04:18;5.01;42.54;9.54;741.50;0.00;0.00;0.00
14.01.2021;19:05:18;5.00;42.50;9.53;741.51;0.00;0.00;0.00
14.01.2021;19:06:18;5.00;42.81;9.54;741.50;0.00;0.00;0.00
14.01.2021;19:07:18;5.03;42.81;9.57;741.51;0.00;0.00;0.00
14.01.2021;19:08:18;5.00;42.73;9.59;741.50;0.00;0.00;0.00
14.01.2021;19:09:18;5.00;42.75;9.59;741.51;0.00;0.00;0.00
14.01.2021;19:10:18;5.01;42.40;9.60;741.51;0.00;0.00;0.00
14.01.2021;19:11:18;5.00;42.46;9.58;741.50;0.00;0.00;0.00
14.01.2021;19:12:18;5.00;42.31;9.55;741.50;0.00;0.00;0.00
14.01.2021;19:13:18;5.00;42.33;9.54;741.51;0.00;0.00;0.00
14.01.2021;19:14:18;5.00;42.51;9.53;741.51;0.00;0.00;0.00
14.01.2021;19:15:18;5.00;42.64;9.53;741.52;0.00;0.00;0.00
14.01.2021;19:16:18;5.00;42.89;9.54;741.52;0.00;0.00;0.00
14.01.2021;19:17:18;5.00;42.80;9.55;741.52;0.00;0.00;0.00
14.01.2021;19:18:18;5.01;42.75;9.54;741.52;0.00;0.00;0.00
14.01.2021;19:19:18;5.00;42.69;9.53;741.51;0.00;0.00;0.00
14.01.2021;19:20:18;5.00;42.87;9.52;741.49;0.00;0.00;0.00
14.01.2021;19:21:18;5.03;42.77;9.51;741.49;0.00;0.00;0.00
14.01.2021;19:22:18;5.00;42.83;9.51;741.50;0.00;0.00;0.00
14.01.2021;19:23:18;5.00;42.77;9.51;741.52;0.00;0.00;0.00
14.01.2021;19:24:18;5.01;43.14;9.51;741.53;0.00;0.00;0.00
14.01.2021;19:25:18;5.00;42.88;9.50;741.54;0.00;0.00;0.00
14.01.2021;19:26:18;5.00;43.03;9.50;741.53;0.00;0.00;0.00
14.01.2021;19:27:18;5.00;43.25;9.50;741.54;0.00;0.00;0.00
14.01.2021;19:28:18;5.00;43.51;9.50;741.53;0.00;0.00;0.00
14.01.2021;19:29:19;5.00;43.60;9.49;741.53;0.00;0.00;0.00
14.01.2021;19:30:19;5.00;43.63;9.49;741.53;0.00;0.00;0.00
14.01.2021;19:31:19;5.00;43.73;9.48;741.51;0.00;0.00;0.00
14.01.2021;19:32:19;5.01;43.95;9.49;741.51;0.00;0.00;0.00
14.01.2021;19:33:19;5.00;43.93;9.49;741.51;0.00;0.00;0.00
14.01.2021;19:34:19;5.00;43.86;9.48;741.53;0.00;0.00;0.00
14.01.2021;19:35:19;5.03;43.82;9.47;741.54;0.00;0.00;0.00
14.01.2021;19:36:19;5.00;43.72;9.46;741.57;0.00;0.00;0.00
14.01.2021;19:37:19;5.00;43.99;9.46;741.58;0.00;0.00;0.00
14.01.2021;19:38:19;5.01;43.71;9.45;741.60;0.00;0.00;0.00
14.01.2021;19:39:19;5.00;43.89;9.44;741.60;0.00;0.00;0.00
14.01.2021;19:40:19;5.00;43.40;9.43;741.60;0.00;0.00;0.00
14.01.2021;19:41:19;5.00;43.49;9.43;741.61;0.00;0.00;0.00
14.01.2021;19:42:19;5.00;43.55;9.42;741.62;0.00;0.00;0.00
14.01.2021;19:43:19;5.00;43.25;9.42;741.63;0.00;0.00;0.00
14.01.2021;19:44:19;5.00;43.33;9.39;741.62;0.00;0.00;0.00
14.01.2021;19:45:19;5.00;43.48;9.39;741.62;0.00;0.00;0.00
14.01.2021;19:46:19;5.01;43.49;9.39;741.63;0.00;0.00;0.00
14.01.2021;19:47:19;5.00;43.53;9.38;741.62;0.00;0.00;0.00
14.01.2021;19:48:19;5.00;43.63;9.36;741.63;0.00;0.00;0.00
14.01.2021;19:49:19;5.03;43.80;9.35;741.64;0.00;0.00;0.00
14.01.2021;19:50:19;5.00;44.02;9.34;741.66;0.00;0.00;0.00
14.01.2021;19:51:19;5.00;43.98;9.33;741.65;0.00;0.00;0.00
14.01.2021;19:52:19;5.01;43.65;9.33;741.65;0.00;0.00;0.00
14.01.2021;19:53:19;5.00;43.76;9.32;741.65;0.00;0.00;0.00
14.01.2021;19:54:19;5.00;43.32;9.32;741.65;0.00;0.00;0.00
14.01.2021;19:55:19;5.00;43.28;9.31;741.66;0.00;0.00;0.00
14.01.2021;19:56:19;5.00;43.09;9.32;741.65;0.00;0.00;0.00
14.01.2021;19:57:19;5.00;43.32;9.32;741.66;0.00;0.00;0.00
14.01.2021;19:58:19;5.00;43.37;9.32;741.67;0.00;0.00;0.00
14.01.2021;19:59:19;5.00;43.17;9.33;741.66;0.00;0.00;0.00
14.01.2021;20:00:19;5.01;43.27;9.34;741.67;0.00;0.00;0.00
14.01.2021;20:01:19;5.00;43.04;9.34;741.67;0.00;0.00;0.00
14.01.2021;20:02:19;5.00;43.12;9.35;741.68;0.00;0.00;0.00
14.01.2021;20:03:19;5.03;43.15;9.35;741.67;0.00;0.00;0.00
14.01.2021;20:04:20;5.00;43.24;9.36;741.68;0.00;0.00;0.00
14.01.2021;20:05:20;5.00;43.28;9.37;741.69;0.00;0.00;0.00
14.01.2021;20:06:20;5.01;43.21;9.38;741.70;0.00;0.00;0.00
14.01.2021;20:07:20;5.00;43.10;9.38;741.71;0.00;0.00;0.00
14.01.2021;20:08:20;5.00;43.17;9.38;741.71;0.00;0.00;0.00
14.01.2021;20:09:20;5.00;43.43;9.38;741.72;0.00;0.00;0.00
14.01.2021;20:10:20;5.00;43.26;9.37;741.70;0.00;0.00;0.00
14.01.2021;20:11:20;5.00;43.47;9.37;741.72;0.00;0.00;0.00
14.01.2021;20:12:20;5.00;43.45;9.37;741.72;0.00;0.00;0.00
14.01.2021;20:13:20;5.00;43.01;9.37;741.73;0.00;0.00;0.00
14.01.2021;20:14:20;5.01;42.63;9.36;741.73;0.00;0.00;0.00
14.01.2021;20:15:20;5.00;42.80;9.35;741.73;0.00;0.00;0.00
14.01.2021;20:16:20;5.00;43.25;9.35;741.73;0.00;0.00;0.00
14.01.2021;20:17:20;5.03;42.75;9.34;741.74;0.00;0.00;0.00
14.01.2021;20:18:20;5.00;42.32;9.32;741.75;0.00;0.00;0.00
14.01.2021;20:19:20;5.00;42.29;9.32;741.75;0.00;0.00;0.00
14.01.2021;20:20:20;5.01;42.62;9.32;741.75;0.00;0.00;0.00
14.01.2021;20:21:20;5.00;42.75;9.32;741.75;0.00;0.00;0.00
14.01.2021;20:22:20;5.00;42.77;9.30;741.75;0.00;0.00;0.00
14.01.2021;20:23:20;5.00;42.90;9.28;741.77;0.00;0.00;0.00
14.01.2021;20:24:20;5.00;42.63;9.27;741.78;0.00;0.00;0.00
14.01.2021;20:25:20;5.00;42.81;9.27;741.78;0.00;0.00;0.00
14.01.2021;20:26:20;5.00;42.68;9.27;741.79;0.00;0.00;0.00
14.01.2021;20:27:20;5.00;42.95;9.25;741.79;0.00;0.00;0.00
14.01.2021;20:28:20;5.01;43.21;9.24;741.80;0.00;0.00;0.00
14.01.2021;20:29:20;5.00;43.18;9.24;741.80;0.00;0.00;0.00
14.01.2021;20:30:20;5.00;42.75;9.23;741.81;0.00;0.00;0.00
14.01.2021;20:31:20;5.03;42.53;9.23;741.79;0.00;0.00;0.00
14.01.2021;20:32:20;5.00;42.75;9.23;741.79;0.00;0.00;0.00
14.01.2021;20:33:20;5.00;42.63;9.24;741.79;0.00;0.00;0.00
14.01.2021;20:34:20;5.01;42.30;9.23;741.78;0.00;0.00;0.00
14.01.2021;20:35:20;3.64;42.57;9.24;741.80;0.00;0.00;0.00
14.01.2021;20:36:20;3.33;42.26;9.22;741.82;0.00;0.00;0.00
14.01.2021;20:37:20;3.33;41.97;9.21;741.84;0.00;0.00;0.00
14.01.2021;20:38:20;3.33;42.02;9.18;741.86;0.00;0.00;0.00
14.01.2021;20:39:20;3.33;42.41;9.16;741.86;0.00;0.00;0.00
14.01.2021;20:40:21;3.33;43.06;9.15;741.86;0.00;0.00;0.00
14.01.2021;20:41:21;3.33;42.79;9.12;741.86;0.00;0.00;0.00
14.01.2021;20:42:21;3.35;42.68;9.12;741.86;0.00;0.00;0.00
14.01.2021;20:43:21;3.33;42.58;9.11;741.87;0.00;0.00;0.00
14.01.2021;20:44:21;3.33;42.33;9.10;741.88;0.00;0.00;0.00
14.01.2021;20:45:21;3.35;42.39;9.09;741.91;0.00;0.00;0.00
14.01.2021;20:46:21;3.33;42.31;9.08;741.91;0.00;0.00;0.00
14.01.2021;20:47:21;3.33;42.44;9.06;741.91;0.00;0.00;0.00
14.01.2021;20:48:21;3.33;42.67;9.05;741.92;0.00;0.00;0.00
14.01.2021;20:49:21;3.33;42.62;9.05;741.91;0.00;0.00;0.00
14.01.2021;20:50:21;3.33;42.83;9.04;741.90;0.00;0.00;0.00
14.01.2021;20:51:21;3.33;43.17;9.04;741.90;0.00;0.00;0.00
14.01.2021;20:52:21;3.33;42.68;9.02;741.92;0.00;0.00;0.00
14.01.2021;20:53:21;3.33;42.73;9.02;741.92;0.00;0.00;0.00
14.01.2021;20:54:21;3.33;42.80;9.01;741.91;0.00;0.00;0.00
14.01.2021;20:55:21;3.33;42.81;9.00;741.92;0.00;0.00;0.00
14.01.2021;20:56:21;3.35;42.89;9.00;741.91;0.00;0.00;0.00
14.01.2021;20:57:21;3.33;42.46;8.99;741.91;0.00;0.00;0.00
14.01.2021;20:58:21;3.33;42.91;8.97;741.91;0.00;0.00;0.00
14.01.2021;20:59:21;3.35;42.50;8.96;741.94;0.00;0.00;0.00
14.01.2021;21:00:21;3.33;42.05;8.94;741.96;0.00;0.00;0.00
14.01.2021;21:01:21;3.33;42.20;8.93;741.97;0.00;0.00;0.00
14.01.2021;21:02:21;3.33;42.17;8.91;741.98;0.00;0.00;0.00
14.01.2021;21:03:21;3.33;42.35;8.90;741.99;0.00;0.00;0.00
14.01.2021;21:04:21;3.33;42.59;8.89;742.01;0.00;0.00;0.00
14.01.2021;21:05:21;3.33;43.05;8.89;742.01;0.00;0.00;0.00
14.01.2021;21:06:21;3.33;42.50;8.86;742.04;0.00;0.00;0.00
14.01.2021;21:07:21;3.33;42.72;8.86;742.03;0.00;0.00;0.00
14.01.2021;21:08:21;3.33;42.44;8.85;742.02;0.00;0.00;0.00
14.01.2021;21:09:21;3.33;42.01;8.83;742.03;0.00;0.00;0.00
14.01.2021;21:10:21;3.35;42.07;8.83;742.03;0.00;0.00;0.00
14.01.2021;21:11:21;3.33;42.13;8.83;742.02;0.00;0.00;0.00
14.01.2021;21:12:21;3.33;42.18;8.82;742.02;0.00;0.00;0.00
14.01.2021;21:13:21;3.36;42.61;8.81;742.02;0.00;0.00;0.00
14.01.2021;21:14:21;3.33;42.49;8.80;742.03;0.00;0.00;0.00
14.01.2021;21:15:21;3.33;42.14;8.79;742.03;0.00;0.00;0.00
14.01.2021;21:16:22;3.33;42.32;8.78;742.04;0.00;0.00;0.00
14.01.2021;21:17:22;3.33;42.36;8.78;742.05;0.00;0.00;0.00
14.01.2021;21:18:22;3.33;42.11;8.78;742.06;0.00;0.00;0.00
14.01.2021;21:19:22;3.33;42.39;8.78;742.08;0.00;0.00;0.00
14.01.2021;21:20:22;3.33;42.45;8.77;742.08;0.00;0.00;0.00
14.01.2021;21:21:22;3.33;42.46;8.76;742.08;0.00;0.00;0.00
14.01.2021;21:22:22;3.33;42.06;8.75;742.10;0.00;0.00;0.00
14.01.2021;21:23:22;3.33;41.90;8.73;742.10;0.00;0.00;0.00
14.01.2021;21:24:22;3.35;41.87;8.72;742.12;0.00;0.00;0.00
14.01.2021;21:25:22;3.33;42.23;8.71;742.14;0.00;0.00;0.00
14.01.2021;21:26:22;3.33;42.02;8.70;742.13;0.00;0.00;0.00
14.01.2021;21:27:22;3.36;41.75;8.67;742.15;0.00;0.00;0.00
14.01.2021;21:28:22;3.33;41.34;8.65;742.15;0.00;0.00;0.00
14.01.2021;21:29:22;3.33;41.53;8.65;742.14;0.00;0.00;0.00
14.01.2021;21:30:22;3.33;41.51;8.64;742.15;0.00;0.00;0.00
14.01.2021;21:31:22;3.33;41.47;8.63;742.14;0.00;0.00;0.00
14.01.2021;21:32:22;3.33;41.43;8.63;742.16;0.00;0.00;0.00
14.01.2021;21:33:22;3.33;41.33;8.60;742.18;0.00;0.00;0.00
14.01.2021;21:34:22;3.33;41.37;8.60;742.21;0.00;0.00;0.00
14.01.2021;21:35:22;3.33;41.85;8.60;742.22;0.00;0.00;0.00
14.01.2021;21:36:22;3.33;41.58;8.60;742.21;0.00;0.00;0.00
14.01.2021;21:37:22;3.33;41.45;8.59;742.20;0.00;0.00;0.00
14.01.2021;21:38:22;3.35;41.55;8.59;742.19;0.00;0.00;0.00
14.01.2021;21:39:22;3.33;42.14;8.59;742.18;0.00;0.00;0.00
14.01.2021;21:40:22;3.33;42.00;8.60;742.18;0.00;0.00;0.00
14.01.2021;21:41:22;3.36;41.41;8.59;742.19;0.00;0.00;0.00
14.01.2021;21:42:22;3.33;41.32;8.58;742.19;0.00;0.00;0.00
14.01.2021;21:43:22;3.33;41.70;8.58;742.19;0.00;0.00;0.00
14.01.2021;21:44:22;3.33;41.86;8.58;742.19;0.00;0.00;0.00
14.01.2021;21:45:22;3.33;42.16;8.58;742.20;0.00;0.00;0.00
14.01.2021;21:46:22;3.33;42.36;8.59;742.21;0.00;0.00;0.00
14.01.2021;21:47:22;3.33;42.39;8.58;742.22;0.00;0.00;0.00
14.01.2021;21:48:22;3.33;41.76;8.58;742.20;0.00;0.00;0.00
14.01.2021;21:49:22;3.33;42.00;8.58;742.19;0.00;0.00;0.00
14.01.2021;21:50:22;3.33;41.94;8.57;742.19;0.00;0.00;0.00
14.01.2021;21:51:22;3.33;42.18;8.59;742.19;0.00;0.00;0.00
14.01.2021;21:52:23;3.35;42.00;8.59;742.19;0.00;0.00;0.00
14.01.2021;21:53:23;3.33;42.03;8.59;742.19;0.00;0.00;0.00
14.01.2021;21:54:23;3.33;42.02;8.60;742.21;0.00;0.00;0.00
14.01.2021;21:55:23;3.36;41.95;8.60;742.22;0.00;0.00;0.00
14.01.2021;21:56:23;3.33;41.88;8.60;742.23;0.00;0.00;0.00
14.01.2021;21:57:23;3.33;41.95;8.61;742.24;0.00;0.00;0.00
14.01.2021;21:58:23;3.33;42.34;8.62;742.24;0.00;0.00;0.00
14.01.2021;21:59:23;3.33;41.73;8.63;742.26;0.00;0.00;0.00
14.01.2021;22:00:23;3.33;41.82;8.64;742.26;0.00;0.00;0.00
14.01.2021;22:01:23;3.33;41.83;8.65;742.25;0.00;0.00;0.00
14.01.2021;22:02:23;3.33;41.84;8.67;742.24;0.00;0.00;0.00
14.01.2021;22:03:23;3.33;41.84;8.67;742.24;0.00;0.00;0.00
14.01.2021;22:04:23;3.33;41.72;8.68;742.24;0.00;0.00;0.00
14.01.2021;22:05:23;3.33;41.76;8.67;742.24;0.00;0.00;0.00
14.01.2021;22:06:23;3.35;41.70;8.68;742.24;0.00;0.00;0.00
14.01.2021;22:07:23;3.33;41.52;8.69;742.25;0.00;0.00;0.00
14.01.2021;22:08:23;3.33;41.53;8.70;742.24;0.00;0.00;0.00
14.01.2021;22:09:23;3.36;41.19;8.69;742.23;0.00;0.00;0.00
14.01.2021;22:10:23;3.33;41.34;8.70;742.23;0.00;0.00;0.00
14.01.2021;22:11:23;3.33;41.36;8.70;742.23;0.00;0.00;0.00
14.01.2021;22:12:23;3.33;41.12;8.70;742.24;0.00;0.00;0.00
14.01.2021;22:13:23;3.33;41.18;8.69;742.23;0.00;0.00;0.00
14.01.2021;22:14:23;3.33;41.02;8.70;742.24;0.00;0.00;0.00
14.01.2021;22:15:23;3.33;41.06;8.70;742.23;0.00;0.00;0.00
14.01.2021;22:16:23;3.33;41.39;8.70;742.23;0.00;0.00;0.00
14.01.2021;22:17:23;3.33;41.27;8.71;742.22;0.00;0.00;0.00
14.01.2021;22:18:23;3.33;41.35;8.71;742.22;0.00;0.00;0.00
14.01.2021;22:19:23;3.33;41.46;8.71;742.22;0.00;0.00;0.00
14.01.2021;22:20:23;3.35;40.91;8.69;742.21;0.00;0.00;0.00
14.01.2021;22:21:23;3.33;40.61;8.68;742.22;0.00;0.00;0.00
14.01.2021;22:22:23;3.33;40.61;8.67;742.24;0.00;0.00;0.00
14.01.2021;22:23:23;3.35;40.53;8.66;742.25;0.00;0.00;0.00
14.01.2021;22:24:23;3.33;40.63;8.65;742.28;0.00;0.00;0.00
14.01.2021;22:25:23;3.33;40.63;8.64;742.28;0.00;0.00;0.00
14.01.2021;22:26:23;3.33;40.65;8.63;742.31;0.00;0.00;0.00
14.01.2021;22:27:23;3.33;40.71;8.63;742.31;0.00;0.00;0.00
14.01.2021;22:28:23;3.33;40.99;8.62;742.33;0.00;0.00;0.00
14.01.2021;22:29:24;3.33;41.12;8.62;742.34;0.00;0.00;0.00
14.01.2021;22:30:24;3.33;40.94;8.61;742.34;0.00;0.00;0.00
14.01.2021;22:31:24;3.33;40.93;8.60;742.34;0.00;0.00;0.00
14.01.2021;22:32:24;3.33;41.03;8.61;742.33;0.00;0.00;0.00
14.01.2021;22:33:24;3.33;40.89;8.60;742.33;0.00;0.00;0.00
14.01.2021;22:34:24;3.35;41.14;8.60;742.32;0.00;0.00;0.00
14.01.2021;22:35:24;3.33;41.15;8.59;742.31;0.00;0.00;0.00
14.01.2021;22:36:24;3.33;41.13;8.60;742.30;0.00;0.00;0.00
14.01.2021;22:37:24;3.36;40.99;8.59;742.30;0.00;0.00;0.00
14.01.2021;22:38:24;3.33;41.11;8.58;742.29;0.00;0.00;0.00
14.01.2021;22:39:24;3.33;41.02;8.57;742.29;0.00;0.00;0.00
14.01.2021;22:40:24;3.33;41.00;8.58;742.29;0.00;0.00;0.00
14.01.2021;22:41:24;3.33;41.09;8.58;742.30;0.00;0.00;0.00
14.01.2021;22:42:24;3.33;41.04;8.58;742.30;0.00;0.00;0.00
14.01.2021;22:43:24;3.33;40.92;8.58;742.31;0.00;0.00;0.00
14.01.2021;22:44:24;3.33;40.94;8.59;742.33;0.00;0.00;0.00
14.01.2021;22:45:24;3.33;41.17;8.59;742.34;0.00;0.00;0.00
14.01.2021;22:46:24;3.33;40.95;8.58;742.34;0.00;0.00;0.00
14.01.2021;22:47:24;3.33;40.88;8.59;742.33;0.00;0.00;0.00
14.01.2021;22:48:24;3.35;40.39;8.59;742.32;0.00;0.00;0.00
14.01.2021;22:49:24;3.33;40.44;8.60;742.33;0.00;0.00;0.00
14.01.2021;22:50:24;3.33;40.45;8.60;742.33;0.00;0.00;0.00
14.01.2021;22:51:24;3.35;40.45;8.59;742.34;0.00;0.00;0.00
14.01.2021;22:52:24;3.33;40.39;8.58;742.33;0.00;0.00;0.00
14.01.2021;22:53:24;3.33;40.22;8.57;742.33;0.00;0.00;0.00
14.01.2021;22:54:24;3.33;40.37;8.57;742.32;0.00;0.00;0.00
14.01.2021;22:55:24;3.33;40.15;8.54;742.32;0.00;0.00;0.00
14.01.2021;22:56:24;3.33;40.17;8.55;742.32;0.00;0.00;0.00
14.01.2021;22:57:24;3.33;40.33;8.54;742.31;0.00;0.00;0.00
14.01.2021;22:58:24;3.33;40.44;8.53;742.31;0.00;0.00;0.00
14.01.2021;22:59:24;3.33;40.34;8.52;742.32;0.00;0.00;0.00
14.01.2021;23:00:24;3.33;40.65;8.50;742.31;0.00;0.00;0.00
14.01.2021;23:01:24;3.33;40.48;8.49;742.31;0.00;0.00;0.00
14.01.2021;23:02:24;3.35;40.51;8.48;742.31;0.00;0.00;0.00
14.01.2021;23:03:24;3.33;40.49;8.48;742.32;0.00;0.00;0.00
14.01.2021;23:04:24;3.33;40.62;8.47;742.32;0.00;0.00;0.00
14.01.2021;23:05:25;3.35;40.69;8.46;742.33;0.00;0.00;0.00
14.01.2021;23:06:25;3.33;40.63;8.46;742.32;0.00;0.00;0.00
14.01.2021;23:07:25;3.33;40.55;8.45;742.32;0.00;0.00;0.00
14.01.2021;23:08:25;3.33;40.57;8.44;742.32;0.00;0.00;0.00
14.01.2021;23:09:25;3.33;40.61;8.44;742.34;0.00;0.00;0.00
14.01.2021;23:10:25;3.33;40.67;8.43;742.36;0.00;0.00;0.00
14.01.2021;23:11:25;3.33;40.66;8.43;742.37;0.00;0.00;0.00
14.01.2021;23:12:25;3.33;40.58;8.44;742.40;0.00;0.00;0.00
14.01.2021;23:13:25;3.33;40.35;8.44;742.39;0.00;0.00;0.00
14.01.2021;23:14:25;3.33;40.30;8.43;742.39;0.00;0.00;0.00
14.01.2021;23:15:25;3.33;40.32;8.43;742.40;0.00;0.00;0.00
14.01.2021;23:16:25;3.35;40.28;8.43;742.40;0.00;0.00;0.00
14.01.2021;23:17:25;3.33;40.16;8.42;742.42;0.00;0.00;0.00
14.01.2021;23:18:25;3.33;40.26;8.42;742.44;0.00;0.00;0.00
14.01.2021;23:19:25;3.36;40.52;8.40;742.45;0.00;0.00;0.00
14.01.2021;23:20:25;3.33;40.60;8.40;742.45;0.00;0.00;0.00
14.01.2021;23:21:25;3.33;40.45;8.39;742.45;0.00;0.00;0.00
14.01.2021;23:22:25;3.33;40.51;8.40;742.45;0.00;0.00;0.00
14.01.2021;23:23:25;3.33;40.55;8.40;742.44;0.00;0.00;0.00
14.01.2021;23:24:25;3.33;40.67;8.41;742.44;0.00;0.00;0.00
14.01.2021;23:25:25;3.33;40.76;8.41;742.44;0.00;0.00;0.00
14.01.2021;23:26:25;3.33;40.53;8.41;742.44;0.00;0.00;0.00
14.01.2021;23:27:25;3.33;40.49;8.41;742.44;0.00;0.00;0.00
14.01.2021;23:28:25;3.33;40.48;8.42;742.44;0.00;0.00;0.00
14.01.2021;23:29:25;3.33;40.52;8.42;742.45;0.00;0.00;0.00
14.01.2021;23:30:25;3.35;40.33;8.42;742.44;0.00;0.00;0.00
14.01.2021;23:31:25;3.33;40.41;8.42;742.42;0.00;0.00;0.00
14.01.2021;23:32:25;3.33;40.29;8.41;742.42;0.00;0.00;0.00
14.01.2021;23:33:25;3.36;40.18;8.42;742.42;0.00;0.00;0.00
14.01.2021;23:34:25;3.33;40.15;8.42;742.40;0.00;0.00;0.00
14.01.2021;23:35:25;3.33;40.28;8.42;742.41;0.00;0.00;0.00
14.01.2021;23:36:25;3.33;40.32;8.43;742.42;0.00;0.00;0.00
14.01.2021;23:37:25;3.33;40.55;8.43;742.43;0.00;0.00;0.00
14.01.2021;23:38:25;3.33;40.27;8.42;742.43;0.00;0.00;0.00
14.01.2021;23:39:25;3.33;40.03;8.40;742.42;0.00;0.00;0.00
14.01.2021;23:40:25;3.33;40.14;8.41;742.41;0.00;0.00;0.00
14.01.2021;23:41:25;3.33;40.09;8.40;742.42;0.00;0.00;0.00
14.01.2021;23:42:26;3.33;40.13;8.41;742.42;0.00;0.00;0.00
14.01.2021;23:43:26;3.33;40.05;8.40;742.42;0.00;0.00;0.00
14.01.2021;23:44:26;3.35;39.85;8.39;742.43;0.00;0.00;0.00
14.01.2021;23:45:26;3.33;39.67;8.38;742.42;0.00;0.00;0.00
14.01.2021;23:46:26;3.33;39.91;8.39;742.41;0.00;0.00;0.00
14.01.2021;23:47:26;3.36;39.97;8.38;742.41;0.00;0.00;0.00
14.01.2021;23:48:26;3.33;40.18;8.37;742.41;0.00;0.00;0.00
14.01.2021;23:49:26;3.33;40.07;8.35;742.42;0.00;0.00;0.00
14.01.2021;23:50:26;3.33;40.46;8.35;742.43;0.00;0.00;0.00
14.01.2021;23:51:26;3.33;40.48;8.35;742.44;0.00;0.00;0.00
14.01.2021;23:52:26;3.33;40.04;8.34;742.44;0.00;0.00;0.00
14.01.2021;23:53:26;3.33;39.91;8.34;742.44;0.00;0.00;0.00
14.01.2021;23:54:26;3.33;40.10;8.34;742.44;0.00;0.00;0.00
14.01.2021;23:55:26;3.33;40.36;8.33;742.44;0.00;0.00;0.00
14.01.2021;23:56:26;3.33;40.28;8.33;742.45;0.00;0.00;0.00
14.01.2021;23:57:26;3.33;40.24;8.33;742.46;0.00;0.00;0.00
14.01.2021;23:58:26;3.35;40.37;8.33;742.46;0.00;0.00;0.00
14.01.2021;23:59:26;3.33;40.45;8.34;742.46;0.00;0.00;0.00
