14.12.2020;0:00:22;3.33;41.12;10.10;752.14;0.00;0.00;0.00
14.12.2020;0:01:22;3.33;41.14;10.10;752.15;0.00;0.00;0.00
14.12.2020;0:02:22;3.36;41.12;10.09;752.16;0.00;0.00;0.00
14.12.2020;0:03:22;3.33;41.13;10.09;752.17;0.00;0.00;0.00
14.12.2020;0:04:22;3.33;41.13;10.09;752.18;0.00;0.00;0.00
14.12.2020;0:05:22;3.35;41.12;10.09;752.18;0.00;0.00;0.00
14.12.2020;0:06:22;3.33;41.11;10.09;752.17;0.00;0.00;0.00
14.12.2020;0:07:22;3.33;41.17;10.09;752.15;0.00;0.00;0.00
14.12.2020;0:08:22;3.33;41.13;10.08;752.15;0.00;0.00;0.00
14.12.2020;0:09:22;3.33;41.16;10.08;752.15;0.00;0.00;0.00
14.12.2020;0:10:22;3.33;41.18;10.08;752.14;0.00;0.00;0.00
14.12.2020;0:11:22;3.33;41.19;10.08;752.14;0.00;0.00;0.00
14.12.2020;0:12:22;3.33;41.16;10.07;752.14;0.00;0.00;0.00
14.12.2020;0:13:22;3.35;41.15;10.08;752.14;0.00;0.00;0.00
14.12.2020;0:14:22;3.33;41.12;10.08;752.14;0.00;0.00;0.00
14.12.2020;0:15:22;3.33;41.13;10.08;752.14;0.00;0.00;0.00
14.12.2020;0:16:22;3.36;41.12;10.08;752.16;0.00;0.00;0.00
14.12.2020;0:17:22;3.33;41.12;10.08;752.17;0.00;0.00;0.00
14.12.2020;0:18:22;3.33;41.12;10.08;752.17;0.00;0.00;0.00
14.12.2020;0:19:22;3.35;41.12;10.07;752.18;0.00;0.00;0.00
14.12.2020;0:20:23;3.33;41.12;10.08;752.17;0.00;0.00;0.00
14.12.2020;0:21:23;3.33;41.12;10.07;752.18;0.00;0.00;0.00
14.12.2020;0:22:23;3.33;41.14;10.07;752.17;0.00;0.00;0.00
14.12.2020;0:23:23;3.33;41.13;10.07;752.17;0.00;0.00;0.00
14.12.2020;0:24:23;3.33;41.15;10.07;752.16;0.00;0.00;0.00
14.12.2020;0:25:23;3.33;41.15;10.07;752.16;0.00;0.00;0.00
14.12.2020;0:26:23;3.33;41.13;10.07;752.16;0.00;0.00;0.00
14.12.2020;0:27:23;3.35;41.12;10.07;752.15;0.00;0.00;0.00
14.12.2020;0:28:23;3.33;41.12;10.07;752.15;0.00;0.00;0.00
14.12.2020;0:29:23;3.33;41.10;10.07;752.15;0.00;0.00;0.00
14.12.2020;0:30:23;3.36;41.12;10.08;752.15;0.00;0.00;0.00
14.12.2020;0:31:23;3.33;41.12;10.07;752.15;0.00;0.00;0.00
14.12.2020;0:32:23;3.33;41.11;10.07;752.15;0.00;0.00;0.00
14.12.2020;0:33:23;3.35;41.11;10.06;752.15;0.00;0.00;0.00
14.12.2020;0:34:23;3.33;41.11;10.06;752.15;0.00;0.00;0.00
14.12.2020;0:35:23;3.33;41.12;10.06;752.15;0.00;0.00;0.00
14.12.2020;0:36:23;3.33;41.11;10.06;752.15;0.00;0.00;0.00
14.12.2020;0:37:23;3.33;41.10;10.07;752.15;0.00;0.00;0.00
14.12.2020;0:38:23;3.33;41.10;10.07;752.15;0.00;0.00;0.00
14.12.2020;0:39:23;3.33;41.09;10.07;752.15;0.00;0.00;0.00
14.12.2020;0:40:23;3.33;41.10;10.06;752.15;0.00;0.00;0.00
14.12.2020;0:41:23;3.35;41.11;10.06;752.13;0.00;0.00;0.00
14.12.2020;0:42:23;3.33;41.11;10.06;752.12;0.00;0.00;0.00
14.12.2020;0:43:23;3.33;41.16;10.06;752.10;0.00;0.00;0.00
14.12.2020;0:44:23;3.36;41.17;10.06;752.10;0.00;0.00;0.00
14.12.2020;0:45:23;3.33;41.15;10.06;752.09;0.00;0.00;0.00
14.12.2020;0:46:23;3.33;41.10;10.07;752.08;0.00;0.00;0.00
14.12.2020;0:47:23;3.35;41.12;10.06;752.07;0.00;0.00;0.00
14.12.2020;0:48:23;3.33;41.11;10.06;752.04;0.00;0.00;0.00
14.12.2020;0:49:23;3.33;41.11;10.06;752.05;0.00;0.00;0.00
14.12.2020;0:50:23;3.33;41.11;10.06;752.07;0.00;0.00;0.00
14.12.2020;0:51:23;3.33;41.11;10.06;752.07;0.00;0.00;0.00
14.12.2020;0:52:23;3.33;41.13;10.05;752.07;0.00;0.00;0.00
14.12.2020;0:53:24;3.33;41.12;10.05;752.08;0.00;0.00;0.00
14.12.2020;0:54:24;3.33;41.10;10.05;752.10;0.00;0.00;0.00
14.12.2020;0:55:24;3.35;41.10;10.06;752.10;0.00;0.00;0.00
14.12.2020;0:56:24;3.33;41.11;10.05;752.11;0.00;0.00;0.00
14.12.2020;0:57:24;3.33;41.10;10.05;752.11;0.00;0.00;0.00
14.12.2020;0:58:24;3.36;41.10;10.05;752.11;0.00;0.00;0.00
14.12.2020;0:59:24;3.33;41.11;10.04;752.11;0.00;0.00;0.00
14.12.2020;1:00:24;3.33;41.12;10.04;752.11;0.00;0.00;0.00
14.12.2020;1:01:24;3.35;41.11;10.05;752.11;0.00;0.00;0.00
14.12.2020;1:02:24;3.33;41.12;10.06;752.11;0.00;0.00;0.00
14.12.2020;1:03:24;3.33;41.13;10.05;752.10;0.00;0.00;0.00
14.12.2020;1:04:24;3.33;41.14;10.04;752.09;0.00;0.00;0.00
14.12.2020;1:05:24;3.33;41.19;10.04;752.07;0.00;0.00;0.00
14.12.2020;1:06:24;3.33;41.16;10.04;752.05;0.00;0.00;0.00
14.12.2020;1:07:24;3.33;41.22;10.03;752.04;0.00;0.00;0.00
14.12.2020;1:08:24;3.33;41.16;10.03;752.06;0.00;0.00;0.00
14.12.2020;1:09:24;3.35;41.15;10.03;752.06;0.00;0.00;0.00
14.12.2020;1:10:24;3.33;41.17;10.03;752.09;0.00;0.00;0.00
14.12.2020;1:11:24;3.33;41.14;10.03;752.10;0.00;0.00;0.00
14.12.2020;1:12:24;3.36;41.16;10.03;752.11;0.00;0.00;0.00
14.12.2020;1:13:24;3.33;41.20;10.03;752.11;0.00;0.00;0.00
14.12.2020;1:14:24;3.33;41.16;10.02;752.12;0.00;0.00;0.00
14.12.2020;1:15:24;3.35;41.19;10.02;752.11;0.00;0.00;0.00
14.12.2020;1:16:24;3.33;41.20;10.02;752.11;0.00;0.00;0.00
14.12.2020;1:17:24;3.33;41.18;10.02;752.10;0.00;0.00;0.00
14.12.2020;1:18:24;3.33;41.17;10.02;752.10;0.00;0.00;0.00
14.12.2020;1:19:24;3.33;41.18;10.02;752.10;0.00;0.00;0.00
14.12.2020;1:20:24;3.33;41.17;10.02;752.09;0.00;0.00;0.00
14.12.2020;1:21:24;3.33;41.17;10.02;752.09;0.00;0.00;0.00
14.12.2020;1:22:24;3.33;41.17;10.01;752.09;0.00;0.00;0.00
14.12.2020;1:23:24;3.35;41.18;10.01;752.09;0.00;0.00;0.00
14.12.2020;1:24:24;3.33;41.17;10.02;752.09;0.00;0.00;0.00
14.12.2020;1:25:24;3.33;41.17;10.01;752.08;0.00;0.00;0.00
14.12.2020;1:26:25;3.36;41.18;10.01;752.08;0.00;0.00;0.00
14.12.2020;1:27:25;3.33;41.17;10.01;752.07;0.00;0.00;0.00
14.12.2020;1:28:25;3.33;41.17;10.02;752.07;0.00;0.00;0.00
14.12.2020;1:29:25;3.35;41.17;10.02;752.08;0.00;0.00;0.00
14.12.2020;1:30:25;3.33;41.16;10.01;752.07;0.00;0.00;0.00
14.12.2020;1:31:25;3.33;41.17;10.01;752.08;0.00;0.00;0.00
14.12.2020;1:32:25;3.33;41.18;10.00;752.09;0.00;0.00;0.00
14.12.2020;1:33:25;3.33;41.18;10.01;752.11;0.00;0.00;0.00
14.12.2020;1:34:25;3.33;41.17;10.01;752.11;0.00;0.00;0.00
14.12.2020;1:35:25;3.33;41.16;10.01;752.12;0.00;0.00;0.00
14.12.2020;1:36:25;3.33;41.14;10.01;752.13;0.00;0.00;0.00
14.12.2020;1:37:25;3.35;41.16;10.01;752.13;0.00;0.00;0.00
14.12.2020;1:38:25;3.33;41.17;10.00;752.13;0.00;0.00;0.00
14.12.2020;1:39:25;3.33;41.16;10.00;752.13;0.00;0.00;0.00
14.12.2020;1:40:25;3.36;41.17;10.01;752.13;0.00;0.00;0.00
14.12.2020;1:41:25;3.33;41.16;10.01;752.13;0.00;0.00;0.00
14.12.2020;1:42:25;3.33;41.18;10.01;752.12;0.00;0.00;0.00
14.12.2020;1:43:25;3.35;41.16;10.02;752.12;0.00;0.00;0.00
14.12.2020;1:44:25;3.33;41.14;10.02;752.11;0.00;0.00;0.00
14.12.2020;1:45:25;3.33;41.15;10.02;752.10;0.00;0.00;0.00
14.12.2020;1:46:25;3.33;41.15;10.02;752.10;0.00;0.00;0.00
14.12.2020;1:47:25;3.33;41.14;10.02;752.09;0.00;0.00;0.00
14.12.2020;1:48:25;3.33;41.12;10.01;752.08;0.00;0.00;0.00
14.12.2020;1:49:25;3.33;41.15;10.01;752.08;0.00;0.00;0.00
14.12.2020;1:50:25;3.33;41.12;10.02;752.07;0.00;0.00;0.00
14.12.2020;1:51:25;3.35;41.12;10.02;752.07;0.00;0.00;0.00
14.12.2020;1:52:25;3.33;41.15;10.01;752.07;0.00;0.00;0.00
14.12.2020;1:53:25;3.33;41.16;10.01;752.07;0.00;0.00;0.00
14.12.2020;1:54:25;3.36;41.23;10.00;752.08;0.00;0.00;0.00
14.12.2020;1:55:25;3.33;41.18;10.00;752.07;0.00;0.00;0.00
14.12.2020;1:56:25;3.33;41.16;10.00;752.08;0.00;0.00;0.00
14.12.2020;1:57:25;3.35;41.15;10.00;752.09;0.00;0.00;0.00
14.12.2020;1:58:25;3.33;41.19;10.00;752.09;0.00;0.00;0.00
14.12.2020;1:59:26;3.33;41.20;9.99;752.09;0.00;0.00;0.00
14.12.2020;2:00:26;3.33;41.18;9.99;752.09;0.00;0.00;0.00
14.12.2020;2:01:26;3.33;41.17;9.99;752.08;0.00;0.00;0.00
14.12.2020;2:02:26;3.33;41.17;9.99;752.09;0.00;0.00;0.00
14.12.2020;2:03:26;3.33;41.18;9.98;752.10;0.00;0.00;0.00
14.12.2020;2:04:26;3.33;41.24;9.98;752.11;0.00;0.00;0.00
14.12.2020;2:05:26;3.35;41.20;9.98;752.11;0.00;0.00;0.00
14.12.2020;2:06:26;3.33;41.19;9.99;752.13;0.00;0.00;0.00
14.12.2020;2:07:26;3.33;41.18;9.99;752.13;0.00;0.00;0.00
14.12.2020;2:08:26;3.36;41.17;9.99;752.13;0.00;0.00;0.00
14.12.2020;2:09:26;3.33;41.20;9.99;752.13;0.00;0.00;0.00
14.12.2020;2:10:26;3.33;41.22;9.98;752.12;0.00;0.00;0.00
14.12.2020;2:11:26;3.33;41.23;9.98;752.13;0.00;0.00;0.00
14.12.2020;2:12:26;3.33;41.21;9.98;752.13;0.00;0.00;0.00
14.12.2020;2:13:26;3.33;41.24;9.97;752.12;0.00;0.00;0.00
14.12.2020;2:14:26;3.33;41.24;9.97;752.12;0.00;0.00;0.00
14.12.2020;2:15:26;3.33;41.27;9.96;752.12;0.00;0.00;0.00
14.12.2020;2:16:26;3.33;41.27;9.96;752.12;0.00;0.00;0.00
14.12.2020;2:17:26;3.33;41.24;9.96;752.13;0.00;0.00;0.00
14.12.2020;2:18:26;3.33;41.22;9.97;752.15;0.00;0.00;0.00
14.12.2020;2:19:26;3.35;41.22;9.97;752.16;0.00;0.00;0.00
14.12.2020;2:20:26;3.33;41.21;9.96;752.17;0.00;0.00;0.00
14.12.2020;2:21:26;3.33;41.27;9.96;752.17;0.00;0.00;0.00
14.12.2020;2:22:26;3.36;41.24;9.97;752.18;0.00;0.00;0.00
14.12.2020;2:23:26;3.33;41.23;9.96;752.18;0.00;0.00;0.00
14.12.2020;2:24:26;3.33;41.24;9.96;752.17;0.00;0.00;0.00
14.12.2020;2:25:26;3.33;41.26;9.96;752.16;0.00;0.00;0.00
14.12.2020;2:26:26;3.33;41.24;9.96;752.16;0.00;0.00;0.00
14.12.2020;2:27:26;3.33;41.26;9.96;752.16;0.00;0.00;0.00
14.12.2020;2:28:26;3.33;41.25;9.95;752.15;0.00;0.00;0.00
14.12.2020;2:29:26;3.33;41.27;9.95;752.15;0.00;0.00;0.00
14.12.2020;2:30:26;3.33;41.23;9.96;752.15;0.00;0.00;0.00
14.12.2020;2:31:26;3.33;41.23;9.96;752.16;0.00;0.00;0.00
14.12.2020;2:32:26;3.33;41.23;9.95;752.17;0.00;0.00;0.00
14.12.2020;2:33:26;3.35;41.25;9.95;752.18;0.00;0.00;0.00
14.12.2020;2:34:26;3.33;41.25;9.95;752.19;0.00;0.00;0.00
14.12.2020;2:35:27;3.33;41.25;9.95;752.18;0.00;0.00;0.00
14.12.2020;2:36:27;3.36;41.27;9.94;752.18;0.00;0.00;0.00
14.12.2020;2:37:27;3.33;41.28;9.94;752.18;0.00;0.00;0.00
14.12.2020;2:38:27;3.33;41.30;9.94;752.18;0.00;0.00;0.00
14.12.2020;2:39:27;3.33;41.28;9.94;752.18;0.00;0.00;0.00
14.12.2020;2:40:27;3.33;41.25;9.95;752.18;0.00;0.00;0.00
14.12.2020;2:41:27;3.33;41.25;9.95;752.18;0.00;0.00;0.00
14.12.2020;2:42:27;3.33;41.26;9.95;752.19;0.00;0.00;0.00
14.12.2020;2:43:27;3.33;41.24;9.95;752.18;0.00;0.00;0.00
14.12.2020;2:44:27;3.33;41.24;9.95;752.18;0.00;0.00;0.00
14.12.2020;2:45:27;3.33;41.22;9.95;752.17;0.00;0.00;0.00
14.12.2020;2:46:27;3.33;41.25;9.95;752.16;0.00;0.00;0.00
14.12.2020;2:47:27;3.35;41.24;9.94;752.16;0.00;0.00;0.00
14.12.2020;2:48:27;3.33;41.25;9.95;752.16;0.00;0.00;0.00
14.12.2020;2:49:27;3.33;41.25;9.95;752.17;0.00;0.00;0.00
14.12.2020;2:50:27;3.36;41.25;9.95;752.18;0.00;0.00;0.00
14.12.2020;2:51:27;3.33;41.28;9.95;752.18;0.00;0.00;0.00
14.12.2020;2:52:27;3.33;41.27;9.95;752.17;0.00;0.00;0.00
14.12.2020;2:53:27;3.33;41.23;9.96;752.18;0.00;0.00;0.00
14.12.2020;2:54:27;3.33;41.21;9.97;752.18;0.00;0.00;0.00
14.12.2020;2:55:27;3.33;41.21;9.96;752.17;0.00;0.00;0.00
14.12.2020;2:56:27;3.33;41.20;9.96;752.16;0.00;0.00;0.00
14.12.2020;2:57:27;3.33;41.20;9.96;752.16;0.00;0.00;0.00
14.12.2020;2:58:27;3.33;41.19;9.96;752.14;0.00;0.00;0.00
14.12.2020;2:59:27;3.33;41.20;9.96;752.14;0.00;0.00;0.00
14.12.2020;3:00:27;3.33;41.21;9.95;752.15;0.00;0.00;0.00
14.12.2020;3:01:27;3.35;41.23;9.95;752.13;0.00;0.00;0.00
14.12.2020;3:02:27;3.33;41.25;9.95;752.13;0.00;0.00;0.00
14.12.2020;3:03:27;3.33;41.23;9.94;752.12;0.00;0.00;0.00
14.12.2020;3:04:27;3.36;41.23;9.94;752.12;0.00;0.00;0.00
14.12.2020;3:05:27;3.33;41.26;9.93;752.13;0.00;0.00;0.00
14.12.2020;3:06:27;3.33;41.23;9.94;752.14;0.00;0.00;0.00
14.12.2020;3:07:27;3.33;41.23;9.95;752.14;0.00;0.00;0.00
14.12.2020;3:08:27;3.33;41.25;9.94;752.14;0.00;0.00;0.00
14.12.2020;3:09:27;3.33;41.26;9.93;752.15;0.00;0.00;0.00
14.12.2020;3:10:27;3.33;41.24;9.94;752.16;0.00;0.00;0.00
14.12.2020;3:11:28;3.33;41.31;9.94;752.16;0.00;0.00;0.00
14.12.2020;3:12:28;3.33;41.24;9.94;752.16;0.00;0.00;0.00
14.12.2020;3:13:28;3.33;41.28;9.94;752.15;0.00;0.00;0.00
14.12.2020;3:14:28;3.33;41.24;9.94;752.14;0.00;0.00;0.00
14.12.2020;3:15:28;3.35;41.28;9.93;752.13;0.00;0.00;0.00
14.12.2020;3:16:28;3.33;41.27;9.94;752.12;0.00;0.00;0.00
14.12.2020;3:17:28;3.33;41.26;9.94;752.12;0.00;0.00;0.00
14.12.2020;3:18:28;3.35;41.25;9.93;752.14;0.00;0.00;0.00
14.12.2020;3:19:28;3.33;41.26;9.93;752.14;0.00;0.00;0.00
14.12.2020;3:20:28;3.33;41.25;9.93;752.13;0.00;0.00;0.00
14.12.2020;3:21:28;3.33;41.24;9.93;752.13;0.00;0.00;0.00
14.12.2020;3:22:28;3.33;41.23;9.93;752.14;0.00;0.00;0.00
14.12.2020;3:23:28;3.33;41.24;9.93;752.15;0.00;0.00;0.00
14.12.2020;3:24:28;3.33;41.26;9.93;752.16;0.00;0.00;0.00
14.12.2020;3:25:28;3.33;41.24;9.93;752.15;0.00;0.00;0.00
14.12.2020;3:26:28;3.33;41.26;9.92;752.16;0.00;0.00;0.00
14.12.2020;3:27:28;3.33;41.27;9.92;752.15;0.00;0.00;0.00
14.12.2020;3:28:28;3.33;41.26;9.92;752.15;0.00;0.00;0.00
14.12.2020;3:29:28;3.35;41.25;9.92;752.14;0.00;0.00;0.00
14.12.2020;3:30:28;3.33;41.26;9.92;752.13;0.00;0.00;0.00
14.12.2020;3:31:28;3.33;41.26;9.92;752.13;0.00;0.00;0.00
14.12.2020;3:32:28;3.35;41.28;9.92;752.11;0.00;0.00;0.00
14.12.2020;3:33:28;3.33;41.28;9.92;752.12;0.00;0.00;0.00
14.12.2020;3:34:28;3.33;41.24;9.92;752.10;0.00;0.00;0.00
14.12.2020;3:35:28;3.33;41.26;9.91;752.11;0.00;0.00;0.00
14.12.2020;3:36:28;3.33;41.26;9.91;752.11;0.00;0.00;0.00
14.12.2020;3:37:28;3.33;41.29;9.91;752.11;0.00;0.00;0.00
14.12.2020;3:38:28;3.33;41.28;9.91;752.10;0.00;0.00;0.00
14.12.2020;3:39:28;3.33;41.26;9.90;752.10;0.00;0.00;0.00
14.12.2020;3:40:28;3.33;41.28;9.91;752.08;0.00;0.00;0.00
14.12.2020;3:41:28;3.33;41.27;9.91;752.08;0.00;0.00;0.00
14.12.2020;3:42:28;3.33;41.27;9.90;752.08;0.00;0.00;0.00
14.12.2020;3:43:28;3.35;41.30;9.89;752.08;0.00;0.00;0.00
14.12.2020;3:44:28;3.33;41.30;9.89;752.08;0.00;0.00;0.00
14.12.2020;3:45:28;3.33;41.36;9.89;752.09;0.00;0.00;0.00
14.12.2020;3:46:28;3.35;41.35;9.88;752.07;0.00;0.00;0.00
14.12.2020;3:47:29;3.33;41.34;9.88;752.08;0.00;0.00;0.00
14.12.2020;3:48:29;3.33;41.31;9.88;752.06;0.00;0.00;0.00
14.12.2020;3:49:29;3.33;41.29;9.88;752.05;0.00;0.00;0.00
14.12.2020;3:50:29;3.33;41.29;9.88;752.06;0.00;0.00;0.00
14.12.2020;3:51:29;3.33;41.31;9.88;752.06;0.00;0.00;0.00
14.12.2020;3:52:29;3.33;41.32;9.87;752.06;0.00;0.00;0.00
14.12.2020;3:53:29;3.33;41.32;9.88;752.06;0.00;0.00;0.00
14.12.2020;3:54:29;3.33;41.32;9.88;752.06;0.00;0.00;0.00
14.12.2020;3:55:29;3.33;41.31;9.87;752.06;0.00;0.00;0.00
14.12.2020;3:56:29;3.33;41.33;9.87;752.06;0.00;0.00;0.00
14.12.2020;3:57:29;3.35;41.36;9.86;752.07;0.00;0.00;0.00
14.12.2020;3:58:29;3.33;41.37;9.86;752.06;0.00;0.00;0.00
14.12.2020;3:59:29;3.33;41.35;9.87;752.06;0.00;0.00;0.00
14.12.2020;4:00:29;3.36;41.35;9.87;752.06;0.00;0.00;0.00
14.12.2020;4:01:29;3.33;41.34;9.87;752.07;0.00;0.00;0.00
14.12.2020;4:02:29;3.33;41.36;9.86;752.07;0.00;0.00;0.00
14.12.2020;4:03:29;3.33;41.37;9.85;752.06;0.00;0.00;0.00
14.12.2020;4:04:29;3.33;41.38;9.85;752.06;0.00;0.00;0.00
14.12.2020;4:05:29;3.33;41.37;9.85;752.06;0.00;0.00;0.00
14.12.2020;4:06:29;3.33;41.37;9.85;752.06;0.00;0.00;0.00
14.12.2020;4:07:29;3.33;41.36;9.86;752.07;0.00;0.00;0.00
14.12.2020;4:08:29;3.33;41.37;9.86;752.06;0.00;0.00;0.00
14.12.2020;4:09:29;3.33;41.36;9.86;752.07;0.00;0.00;0.00
14.12.2020;4:10:29;3.33;41.36;9.86;752.08;0.00;0.00;0.00
14.12.2020;4:11:29;3.35;41.36;9.86;752.08;0.00;0.00;0.00
14.12.2020;4:12:29;3.33;41.36;9.85;752.08;0.00;0.00;0.00
14.12.2020;4:13:29;3.33;41.34;9.86;752.06;0.00;0.00;0.00
14.12.2020;4:14:29;3.36;41.37;9.85;752.06;0.00;0.00;0.00
14.12.2020;4:15:29;3.33;41.38;9.85;752.07;0.00;0.00;0.00
14.12.2020;4:16:29;3.33;41.36;9.85;752.06;0.00;0.00;0.00
14.12.2020;4:17:29;3.33;41.35;9.86;752.07;0.00;0.00;0.00
14.12.2020;4:18:29;3.33;41.34;9.86;752.09;0.00;0.00;0.00
14.12.2020;4:19:29;3.33;41.34;9.86;752.08;0.00;0.00;0.00
14.12.2020;4:20:29;3.33;41.34;9.86;752.10;0.00;0.00;0.00
14.12.2020;4:21:29;3.33;41.33;9.87;752.10;0.00;0.00;0.00
14.12.2020;4:22:29;3.33;41.34;9.86;752.12;0.00;0.00;0.00
14.12.2020;4:23:30;3.33;41.37;9.86;752.11;0.00;0.00;0.00
14.12.2020;4:24:30;3.33;41.34;9.86;752.12;0.00;0.00;0.00
14.12.2020;4:25:30;3.35;41.34;9.86;752.13;0.00;0.00;0.00
14.12.2020;4:26:30;3.33;41.33;9.86;752.13;0.00;0.00;0.00
14.12.2020;4:27:30;3.33;41.33;9.86;752.12;0.00;0.00;0.00
14.12.2020;4:28:30;3.36;41.33;9.86;752.13;0.00;0.00;0.00
14.12.2020;4:29:30;3.33;41.34;9.87;752.13;0.00;0.00;0.00
14.12.2020;4:30:30;3.33;41.32;9.87;752.13;0.00;0.00;0.00
14.12.2020;4:31:30;3.33;41.31;9.88;752.13;0.00;0.00;0.00
14.12.2020;4:32:30;3.33;41.29;9.88;752.12;0.00;0.00;0.00
14.12.2020;4:33:30;3.33;41.30;9.88;752.14;0.00;0.00;0.00
14.12.2020;4:34:30;3.33;41.30;9.87;752.13;0.00;0.00;0.00
14.12.2020;4:35:30;3.33;41.27;9.88;752.13;0.00;0.00;0.00
14.12.2020;4:36:30;3.33;41.29;9.88;752.13;0.00;0.00;0.00
14.12.2020;4:37:30;3.33;41.28;9.88;752.13;0.00;0.00;0.00
14.12.2020;4:38:30;3.33;41.27;9.87;752.13;0.00;0.00;0.00
14.12.2020;4:39:30;3.35;41.29;9.88;752.13;0.00;0.00;0.00
14.12.2020;4:40:30;3.33;41.27;9.88;752.14;0.00;0.00;0.00
14.12.2020;4:41:30;3.33;41.26;9.88;752.13;0.00;0.00;0.00
14.12.2020;4:42:30;3.36;41.27;9.88;752.13;0.00;0.00;0.00
14.12.2020;4:43:30;3.33;41.26;9.88;752.13;0.00;0.00;0.00
14.12.2020;4:44:30;3.33;41.25;9.88;752.13;0.00;0.00;0.00
14.12.2020;4:45:30;3.33;41.27;9.87;752.12;0.00;0.00;0.00
14.12.2020;4:46:30;3.33;41.27;9.87;752.12;0.00;0.00;0.00
14.12.2020;4:47:30;3.33;41.30;9.87;752.10;0.00;0.00;0.00
14.12.2020;4:48:30;3.33;41.29;9.86;752.10;0.00;0.00;0.00
14.12.2020;4:49:30;3.33;41.30;9.87;752.09;0.00;0.00;0.00
14.12.2020;4:50:30;3.33;41.30;9.87;752.08;0.00;0.00;0.00
14.12.2020;4:51:30;3.33;41.30;9.87;752.08;0.00;0.00;0.00
14.12.2020;4:52:30;3.33;41.30;9.86;752.06;0.00;0.00;0.00
14.12.2020;4:53:30;3.35;41.29;9.86;752.07;0.00;0.00;0.00
14.12.2020;4:54:30;3.33;41.31;9.86;752.07;0.00;0.00;0.00
14.12.2020;4:55:30;3.33;41.28;9.86;752.08;0.00;0.00;0.00
14.12.2020;4:56:30;3.36;41.31;9.86;752.09;0.00;0.00;0.00
14.12.2020;4:57:30;3.33;41.30;9.86;752.09;0.00;0.00;0.00
14.12.2020;4:58:30;3.33;41.30;9.86;752.09;0.00;0.00;0.00
14.12.2020;4:59:31;3.33;41.31;9.86;752.10;0.00;0.00;0.00
14.12.2020;5:00:31;3.33;41.32;9.86;752.10;0.00;0.00;0.00
14.12.2020;5:01:31;3.33;41.31;9.85;752.08;0.00;0.00;0.00
14.12.2020;5:02:31;3.33;41.32;9.85;752.08;0.00;0.00;0.00
14.12.2020;5:03:31;3.33;41.31;9.85;752.09;0.00;0.00;0.00
14.12.2020;5:04:31;3.33;41.30;9.85;752.09;0.00;0.00;0.00
14.12.2020;5:05:31;3.33;41.32;9.85;752.08;0.00;0.00;0.00
14.12.2020;5:06:31;3.33;41.32;9.85;752.09;0.00;0.00;0.00
14.12.2020;5:07:31;3.35;41.33;9.85;752.09;0.00;0.00;0.00
14.12.2020;5:08:31;3.33;41.33;9.84;752.09;0.00;0.00;0.00
14.12.2020;5:09:31;3.33;41.32;9.85;752.09;0.00;0.00;0.00
14.12.2020;5:10:31;3.35;41.32;9.85;752.09;0.00;0.00;0.00
14.12.2020;5:11:31;3.33;41.32;9.84;752.08;0.00;0.00;0.00
14.12.2020;5:12:31;3.33;41.33;9.84;752.08;0.00;0.00;0.00
14.12.2020;5:13:31;3.33;41.34;9.84;752.08;0.00;0.00;0.00
14.12.2020;5:14:31;3.33;41.33;9.84;752.07;0.00;0.00;0.00
14.12.2020;5:15:31;3.33;41.31;9.84;752.06;0.00;0.00;0.00
14.12.2020;5:16:31;3.33;41.31;9.85;752.05;0.00;0.00;0.00
14.12.2020;5:17:31;3.33;41.31;9.85;752.05;0.00;0.00;0.00
14.12.2020;5:18:31;3.33;41.31;9.85;752.06;0.00;0.00;0.00
14.12.2020;5:19:31;3.33;41.30;9.85;752.05;0.00;0.00;0.00
14.12.2020;5:20:31;3.33;41.30;9.85;752.05;0.00;0.00;0.00
14.12.2020;5:21:31;3.35;41.29;9.85;752.06;0.00;0.00;0.00
14.12.2020;5:22:31;3.33;41.29;9.85;752.07;0.00;0.00;0.00
14.12.2020;5:23:31;3.33;41.31;9.85;752.07;0.00;0.00;0.00
14.12.2020;5:24:31;3.36;41.31;9.85;752.07;0.00;0.00;0.00
14.12.2020;5:25:31;3.33;41.30;9.85;752.08;0.00;0.00;0.00
14.12.2020;5:26:31;3.33;41.28;9.86;752.08;0.00;0.00;0.00
14.12.2020;5:27:31;3.33;41.30;9.86;752.10;0.00;0.00;0.00
14.12.2020;5:28:31;3.33;41.28;9.86;752.09;0.00;0.00;0.00
14.12.2020;5:29:31;3.33;41.32;9.86;752.08;0.00;0.00;0.00
14.12.2020;5:30:31;3.33;41.27;9.86;752.08;0.00;0.00;0.00
14.12.2020;5:31:31;3.33;41.27;9.86;752.07;0.00;0.00;0.00
14.12.2020;5:32:31;3.33;41.26;9.85;752.06;0.00;0.00;0.00
14.12.2020;5:33:31;3.33;41.28;9.85;752.07;0.00;0.00;0.00
14.12.2020;5:34:31;3.33;41.26;9.85;752.07;0.00;0.00;0.00
14.12.2020;5:35:32;3.35;41.28;9.85;752.08;0.00;0.00;0.00
14.12.2020;5:36:32;3.33;41.28;9.85;752.10;0.00;0.00;0.00
14.12.2020;5:37:32;3.33;41.27;9.85;752.10;0.00;0.00;0.00
14.12.2020;5:38:32;3.36;41.28;9.85;752.10;0.00;0.00;0.00
14.12.2020;5:39:32;3.33;41.27;9.84;752.10;0.00;0.00;0.00
14.12.2020;5:40:32;3.33;41.31;9.84;752.11;0.00;0.00;0.00
14.12.2020;5:41:32;3.33;41.27;9.85;752.10;0.00;0.00;0.00
14.12.2020;5:42:32;3.33;41.28;9.85;752.10;0.00;0.00;0.00
14.12.2020;5:43:32;3.33;41.26;9.86;752.11;0.00;0.00;0.00
14.12.2020;5:44:32;3.33;41.23;9.86;752.10;0.00;0.00;0.00
14.12.2020;5:45:32;3.33;41.23;9.86;752.11;0.00;0.00;0.00
14.12.2020;5:46:32;3.33;41.23;9.86;752.09;0.00;0.00;0.00
14.12.2020;5:47:32;3.33;41.27;9.85;752.09;0.00;0.00;0.00
14.12.2020;5:48:32;3.33;41.27;9.85;752.10;0.00;0.00;0.00
14.12.2020;5:49:32;3.35;41.27;9.85;752.10;0.00;0.00;0.00
14.12.2020;5:50:32;3.33;41.27;9.85;752.11;0.00;0.00;0.00
14.12.2020;5:51:32;3.33;41.27;9.85;752.11;0.00;0.00;0.00
14.12.2020;5:52:32;3.35;41.26;9.85;752.12;0.00;0.00;0.00
14.12.2020;5:53:32;3.33;41.27;9.85;752.12;0.00;0.00;0.00
14.12.2020;5:54:32;3.33;41.28;9.84;752.13;0.00;0.00;0.00
14.12.2020;5:55:32;3.33;41.25;9.85;752.13;0.00;0.00;0.00
14.12.2020;5:56:32;3.33;41.25;9.84;752.14;0.00;0.00;0.00
14.12.2020;5:57:32;3.33;41.27;9.84;752.14;0.00;0.00;0.00
14.12.2020;5:58:32;3.33;41.25;9.84;752.15;0.00;0.00;0.00
14.12.2020;5:59:32;3.33;41.26;9.85;752.14;0.00;0.00;0.00
14.12.2020;6:00:32;3.33;41.27;9.84;752.15;0.00;0.00;0.00
14.12.2020;6:01:32;3.33;41.26;9.84;752.15;0.00;0.00;0.00
14.12.2020;6:02:32;3.33;41.24;9.85;752.14;0.00;0.00;0.00
14.12.2020;6:03:32;3.35;41.26;9.85;752.15;0.00;0.00;0.00
14.12.2020;6:04:32;3.33;41.25;9.85;752.15;0.00;0.00;0.00
14.12.2020;6:05:32;3.33;41.23;9.85;752.15;0.00;0.00;0.00
14.12.2020;6:06:32;3.35;41.22;9.86;752.15;0.00;0.00;0.00
14.12.2020;6:07:32;3.33;41.23;9.85;752.15;0.00;0.00;0.00
14.12.2020;6:08:32;3.33;41.25;9.85;752.15;0.00;0.00;0.00
14.12.2020;6:09:32;3.33;41.26;9.84;752.15;0.00;0.00;0.00
14.12.2020;6:10:32;3.33;41.26;9.84;752.16;0.00;0.00;0.00
14.12.2020;6:11:33;3.33;41.25;9.84;752.17;0.00;0.00;0.00
14.12.2020;6:12:33;3.33;41.29;9.83;752.17;0.00;0.00;0.00
14.12.2020;6:13:33;3.33;41.28;9.83;752.18;0.00;0.00;0.00
14.12.2020;6:14:33;3.33;41.29;9.83;752.19;0.00;0.00;0.00
14.12.2020;6:15:33;3.33;41.29;9.84;752.19;0.00;0.00;0.00
14.12.2020;6:16:33;3.33;41.26;9.84;752.18;0.00;0.00;0.00
14.12.2020;6:17:33;3.35;41.27;9.84;752.17;0.00;0.00;0.00
14.12.2020;6:18:33;3.33;41.26;9.84;752.17;0.00;0.00;0.00
14.12.2020;6:19:33;3.33;41.29;9.83;752.16;0.00;0.00;0.00
14.12.2020;6:20:33;3.36;41.30;9.82;752.15;0.00;0.00;0.00
14.12.2020;6:21:33;3.33;41.34;9.82;752.13;0.00;0.00;0.00
14.12.2020;6:22:33;3.33;41.32;9.81;752.13;0.00;0.00;0.00
14.12.2020;6:23:33;3.33;41.35;9.80;752.13;0.00;0.00;0.00
14.12.2020;6:24:33;3.33;41.32;9.81;752.14;0.00;0.00;0.00
14.12.2020;6:25:33;3.33;41.36;9.81;752.14;0.00;0.00;0.00
14.12.2020;6:26:33;3.33;41.33;9.81;752.15;0.00;0.00;0.00
14.12.2020;6:27:33;3.33;41.34;9.80;752.15;0.00;0.00;0.00
14.12.2020;6:28:33;3.33;41.36;9.79;752.16;0.00;0.00;0.00
14.12.2020;6:29:33;3.33;41.34;9.79;752.19;0.00;0.00;0.00
14.12.2020;6:30:33;3.33;41.37;9.79;752.18;0.00;0.00;0.00
14.12.2020;6:31:33;3.35;41.38;9.78;752.19;0.00;0.00;0.00
14.12.2020;6:32:33;3.33;41.39;9.78;752.19;0.00;0.00;0.00
14.12.2020;6:33:33;3.33;41.40;9.78;752.21;0.00;0.00;0.00
14.12.2020;6:34:33;3.35;41.41;9.77;752.22;0.00;0.00;0.00
14.12.2020;6:35:33;3.33;41.41;9.78;752.22;0.00;0.00;0.00
14.12.2020;6:36:33;3.33;41.38;9.78;752.24;0.00;0.00;0.00
14.12.2020;6:37:33;3.33;41.37;9.79;752.25;0.00;0.00;0.00
14.12.2020;6:38:33;3.33;41.37;9.78;752.26;0.00;0.00;0.00
14.12.2020;6:39:33;3.33;41.37;9.78;752.27;0.00;0.00;0.00
14.12.2020;6:40:33;3.33;41.36;9.78;752.28;0.00;0.00;0.00
14.12.2020;6:41:33;3.33;41.37;9.79;752.29;0.00;0.00;0.00
14.12.2020;6:42:33;3.33;41.40;9.78;752.31;0.00;0.00;0.00
14.12.2020;6:43:33;3.33;41.38;9.78;752.33;0.00;0.00;0.00
14.12.2020;6:44:33;3.33;41.36;9.78;752.34;0.00;0.00;0.00
14.12.2020;6:45:33;3.35;41.37;9.79;752.34;0.00;0.00;0.00
14.12.2020;6:46:33;3.33;41.36;9.79;752.34;0.00;0.00;0.00
14.12.2020;6:47:34;3.33;41.36;9.78;752.33;0.00;0.00;0.00
14.12.2020;6:48:34;3.35;41.36;9.78;752.33;0.00;0.00;0.00
14.12.2020;6:49:34;3.33;41.35;9.79;752.34;0.00;0.00;0.00
14.12.2020;6:50:34;3.33;41.34;9.79;752.33;0.00;0.00;0.00
14.12.2020;6:51:34;3.33;41.34;9.79;752.33;0.00;0.00;0.00
14.12.2020;6:52:34;3.33;41.35;9.79;752.33;0.00;0.00;0.00
14.12.2020;6:53:34;3.33;41.34;9.79;752.33;0.00;0.00;0.00
14.12.2020;6:54:34;3.33;41.34;9.78;752.33;0.00;0.00;0.00
14.12.2020;6:55:34;3.33;41.37;9.78;752.33;0.00;0.00;0.00
14.12.2020;6:56:34;3.33;41.37;9.78;752.32;0.00;0.00;0.00
14.12.2020;6:57:34;3.33;41.37;9.78;752.32;0.00;0.00;0.00
14.12.2020;6:58:34;3.33;41.35;9.78;752.33;0.00;0.00;0.00
14.12.2020;6:59:34;3.35;41.35;9.78;752.33;0.00;0.00;0.00
14.12.2020;7:00:34;3.33;41.33;9.79;752.34;0.00;0.00;0.00
14.12.2020;7:01:34;3.33;41.31;9.79;752.35;0.00;0.00;0.00
14.12.2020;7:02:34;3.36;41.37;9.78;752.36;0.00;0.00;0.00
14.12.2020;7:03:34;3.33;41.34;9.78;752.36;0.00;0.00;0.00
14.12.2020;7:04:34;3.33;41.33;9.78;752.38;0.00;0.00;0.00
14.12.2020;7:05:34;3.33;41.35;9.78;752.39;0.00;0.00;0.00
14.12.2020;7:06:34;3.33;41.37;9.77;752.40;0.00;0.00;0.00
14.12.2020;7:07:34;3.33;41.35;9.78;752.42;0.00;0.00;0.00
14.12.2020;7:08:34;3.33;41.35;9.78;752.43;0.00;0.00;0.00
14.12.2020;7:09:34;3.33;41.34;9.78;752.44;0.00;0.00;0.00
14.12.2020;7:10:34;3.33;41.36;9.78;752.45;0.00;0.00;0.00
14.12.2020;7:11:34;3.33;41.37;9.78;752.47;0.00;0.00;0.00
14.12.2020;7:12:34;3.33;41.38;9.77;752.48;0.00;0.00;0.00
14.12.2020;7:13:34;3.35;41.36;9.77;752.48;0.00;0.00;0.00
14.12.2020;7:14:34;3.33;41.36;9.77;752.50;0.00;0.00;0.00
14.12.2020;7:15:34;3.33;41.34;9.77;752.51;0.00;0.00;0.00
14.12.2020;7:16:34;3.36;41.37;9.77;752.51;0.00;0.00;0.00
14.12.2020;7:17:34;3.33;41.36;9.77;752.54;0.00;0.00;0.00
14.12.2020;7:18:34;3.33;41.37;9.76;752.56;0.00;0.00;0.00
14.12.2020;7:19:34;3.33;41.39;9.76;752.55;0.00;0.00;0.00
14.12.2020;7:20:34;3.33;41.40;9.77;752.56;0.00;0.00;0.00
14.12.2020;7:21:34;3.33;41.39;9.76;752.57;0.00;0.00;0.00
14.12.2020;7:22:34;3.33;41.41;9.76;752.56;0.00;0.00;0.00
14.12.2020;7:23:35;3.33;41.46;9.76;752.56;0.00;0.00;0.00
14.12.2020;7:24:35;3.33;41.49;9.75;752.55;0.00;0.00;0.00
14.12.2020;7:25:35;3.33;41.56;9.75;752.55;0.00;0.00;0.00
14.12.2020;7:26:35;3.33;41.59;9.74;752.55;0.00;0.00;0.00
14.12.2020;7:27:35;3.35;41.65;9.74;752.54;0.00;0.00;0.00
14.12.2020;7:28:35;3.33;41.64;9.74;752.54;0.00;0.00;0.00
14.12.2020;7:29:35;3.33;41.63;9.75;752.54;0.00;0.00;0.00
14.12.2020;7:30:35;3.36;41.66;9.76;752.54;0.00;0.00;0.00
14.12.2020;7:31:35;3.33;41.62;9.78;752.55;0.00;0.00;0.00
14.12.2020;7:32:35;3.49;41.63;9.79;752.55;0.00;0.00;0.00
14.12.2020;7:33:35;4.00;41.63;9.79;752.57;0.00;0.00;0.00
14.12.2020;7:34:35;3.85;41.66;9.80;752.57;0.00;0.00;0.00
14.12.2020;7:35:35;4.12;41.64;9.81;752.59;0.00;0.00;0.00
14.12.2020;7:36:35;4.17;41.65;9.82;752.60;0.00;0.00;0.00
14.12.2020;7:37:35;4.17;41.65;9.83;752.59;0.00;0.00;0.00
14.12.2020;7:38:35;4.17;41.61;9.85;752.60;0.00;0.00;0.00
14.12.2020;7:39:35;4.36;41.60;9.87;752.60;0.00;0.00;0.00
14.12.2020;7:40:35;5.00;41.60;9.88;752.60;0.00;0.00;0.00
14.12.2020;7:41:35;5.01;41.58;9.89;752.59;0.00;0.00;0.00
14.12.2020;7:42:35;5.31;41.59;9.90;752.58;0.00;0.00;0.00
14.12.2020;7:43:35;5.83;41.54;9.91;752.59;0.00;0.00;0.00
14.12.2020;7:44:35;6.51;41.55;9.92;752.59;0.00;0.00;0.00
14.12.2020;7:45:35;6.93;41.57;9.92;752.60;0.00;0.00;0.00
14.12.2020;7:46:35;7.29;41.57;9.93;752.59;0.00;0.00;0.00
14.12.2020;7:47:35;6.68;41.57;9.94;752.60;0.00;0.00;0.00
14.12.2020;7:48:35;7.53;41.54;9.95;752.61;0.00;0.00;0.00
14.12.2020;7:49:35;8.33;41.54;9.97;752.63;0.00;0.00;0.00
14.12.2020;7:50:35;9.29;41.51;9.98;752.64;0.00;0.00;0.00
14.12.2020;7:51:35;10.00;41.51;9.98;752.64;0.00;0.00;0.00
14.12.2020;7:52:35;9.25;41.51;9.99;752.67;0.00;0.00;0.00
14.12.2020;7:53:35;9.24;41.47;10.01;752.70;0.00;0.00;0.00
14.12.2020;7:54:35;11.02;41.47;10.02;752.72;0.00;0.00;0.00
14.12.2020;7:55:35;11.68;41.45;10.03;752.75;0.00;0.00;0.00
14.12.2020;7:56:35;11.47;41.43;10.04;752.76;0.00;0.00;0.00
14.12.2020;7:57:35;11.12;41.41;10.06;752.77;0.00;0.00;0.00
14.12.2020;7:58:36;12.51;41.37;10.08;752.77;0.00;0.00;0.00
14.12.2020;7:59:36;14.33;41.32;10.09;752.77;0.00;0.00;0.00
14.12.2020;8:00:36;15.83;41.32;10.10;752.77;0.00;0.00;0.00
14.12.2020;8:01:36;16.07;41.29;10.13;752.77;0.00;0.00;0.00
14.12.2020;8:02:36;16.81;41.25;10.14;752.78;0.00;0.00;0.00
14.12.2020;8:03:36;18.38;41.23;10.14;752.76;0.00;0.00;0.00
14.12.2020;8:04:36;19.40;41.23;10.15;752.77;0.00;0.00;0.00
14.12.2020;8:05:36;19.27;41.19;10.17;752.79;0.00;0.00;0.00
14.12.2020;8:06:36;21.62;41.18;10.18;752.78;0.01;0.00;0.00
14.12.2020;8:07:36;22.54;41.17;10.19;752.78;0.01;0.00;0.00
14.12.2020;8:08:36;25.97;41.15;10.20;752.78;0.03;0.00;0.00
14.12.2020;8:09:36;26.65;41.11;10.21;752.78;0.03;0.00;0.00
14.12.2020;8:10:36;28.64;41.12;10.21;752.79;0.04;0.00;0.00
14.12.2020;8:11:36;27.77;41.10;10.22;752.80;0.04;0.00;0.00
14.12.2020;8:12:36;30.51;41.10;10.23;752.81;0.05;0.00;0.00
14.12.2020;8:13:36;31.97;41.07;10.25;752.82;0.05;0.00;0.00
14.12.2020;8:14:36;34.65;41.04;10.26;752.84;0.06;0.00;0.00
14.12.2020;8:15:36;37.06;41.03;10.27;752.85;0.07;0.00;0.00
14.12.2020;8:16:36;38.33;41.04;10.28;752.86;0.08;0.00;0.00
14.12.2020;8:17:36;38.86;40.98;10.30;752.88;0.08;0.00;0.00
14.12.2020;8:18:36;41.11;40.99;10.31;752.89;0.09;0.00;0.00
14.12.2020;8:19:36;44.14;40.95;10.32;752.90;0.10;0.00;0.00
14.12.2020;8:20:36;46.03;40.92;10.34;752.91;0.11;0.00;0.00
14.12.2020;8:21:36;47.99;40.90;10.35;752.91;0.11;0.00;0.00
14.12.2020;8:22:36;48.67;40.91;10.36;752.92;0.12;0.00;0.00
14.12.2020;8:23:36;48.93;40.85;10.38;752.92;0.12;0.00;0.00
14.12.2020;8:24:36;49.96;40.81;10.40;752.92;0.12;0.00;0.00
14.12.2020;8:25:36;53.02;40.79;10.41;752.92;0.13;0.00;0.00
14.12.2020;8:26:36;55.31;40.76;10.42;752.93;0.14;0.00;0.00
14.12.2020;8:27:36;59.28;40.74;10.43;752.94;0.16;0.00;0.00
14.12.2020;8:28:36;61.68;40.74;10.43;752.95;0.16;0.00;0.00
14.12.2020;8:29:37;61.25;40.75;10.45;752.94;0.16;0.00;0.00
14.12.2020;8:30:37;63.56;40.68;10.46;752.95;0.17;0.00;0.00
14.12.2020;8:31:37;67.26;40.65;10.47;752.97;0.18;0.00;0.00
14.12.2020;8:32:37;67.56;40.66;10.49;752.99;0.18;0.00;0.00
14.12.2020;8:33:37;65.49;40.62;10.50;753.00;0.18;0.00;0.00
14.12.2020;8:34:37;67.95;40.61;10.49;753.00;0.19;0.00;0.00
14.12.2020;8:35:37;73.60;40.65;10.50;753.00;0.21;0.00;0.00
14.12.2020;8:36:37;80.27;40.64;10.50;753.01;0.23;0.00;0.00
14.12.2020;8:37:37;82.35;40.63;10.50;752.99;0.24;0.00;0.00
14.12.2020;8:38:37;84.82;40.61;10.51;752.99;0.25;0.00;0.00
14.12.2020;8:39:37;90.40;40.62;10.51;752.99;0.27;0.00;0.00
14.12.2020;8:40:37;94.03;40.60;10.52;753.00;0.28;0.00;0.00
14.12.2020;8:41:37;96.74;40.60;10.53;753.00;0.29;0.00;0.00
14.12.2020;8:42:37;102.63;40.56;10.53;753.00;0.32;0.00;0.00
14.12.2020;8:43:37;107.74;40.50;10.55;753.00;0.33;0.00;0.00
14.12.2020;8:44:37;108.40;40.47;10.56;753.00;0.33;0.00;0.00
14.12.2020;8:45:37;110.75;40.48;10.56;753.00;0.34;0.00;0.00
14.12.2020;8:46:37;115.22;40.48;10.56;752.99;0.36;0.00;0.00
14.12.2020;8:47:37;123.12;40.50;10.56;752.98;0.39;0.00;0.00
14.12.2020;8:48:37;129.94;40.48;10.57;752.98;0.41;0.00;0.00
14.12.2020;8:49:37;129.43;40.47;10.56;752.95;0.41;0.00;0.00
14.12.2020;8:50:37;141.41;40.50;10.56;752.93;0.45;0.06;0.03
14.12.2020;8:51:37;156.39;40.47;10.57;752.91;0.51;0.16;0.08
14.12.2020;8:52:37;168.53;40.46;10.58;752.89;0.55;0.23;0.12
14.12.2020;8:53:37;176.72;40.43;10.58;752.87;0.57;0.28;0.16
14.12.2020;8:54:37;188.06;40.44;10.59;752.87;0.62;0.35;0.21
14.12.2020;8:55:37;204.99;40.46;10.58;752.85;0.67;0.44;0.30
14.12.2020;8:56:37;202.86;40.47;10.57;752.84;0.67;0.42;0.28
14.12.2020;8:57:37;210.79;40.52;10.57;752.84;0.70;0.47;0.33
14.12.2020;8:58:37;211.65;40.50;10.57;752.86;0.69;0.48;0.33
14.12.2020;8:59:38;210.96;40.52;10.57;752.86;0.69;0.48;0.33
14.12.2020;9:00:38;207.47;40.51;10.59;752.88;0.68;0.44;0.30
14.12.2020;9:01:38;208.33;40.50;10.59;752.87;0.68;0.45;0.31
14.12.2020;9:02:38;210.55;40.52;10.58;752.88;0.69;0.46;0.32
14.12.2020;9:03:38;199.31;40.50;10.58;752.88;0.65;0.39;0.25
14.12.2020;9:04:38;217.39;40.51;10.59;752.89;0.71;0.50;0.35
14.12.2020;9:05:38;234.60;40.53;10.59;752.89;0.77;0.58;0.45
14.12.2020;9:06:38;230.04;40.54;10.61;752.89;0.74;0.55;0.41
14.12.2020;9:07:38;225.49;40.51;10.62;752.88;0.73;0.53;0.38
14.12.2020;9:08:38;217.01;40.47;10.62;752.89;0.70;0.48;0.34
14.12.2020;9:09:38;220.22;40.50;10.62;752.88;0.72;0.50;0.36
14.12.2020;9:10:38;216.53;40.48;10.62;752.87;0.70;0.49;0.34
14.12.2020;9:11:38;209.85;40.51;10.62;752.87;0.68;0.44;0.30
14.12.2020;9:12:38;233.62;40.57;10.62;752.86;0.76;0.57;0.44
14.12.2020;9:13:38;234.96;40.57;10.62;752.86;0.76;0.58;0.44
14.12.2020;9:14:38;226.91;40.55;10.62;752.85;0.73;0.53;0.38
14.12.2020;9:15:38;223.24;40.57;10.63;752.85;0.72;0.50;0.36
14.12.2020;9:16:38;241.38;40.53;10.64;752.85;0.78;0.61;0.48
14.12.2020;9:17:38;258.57;40.56;10.64;752.86;0.84;0.70;0.58
14.12.2020;9:18:38;261.04;40.54;10.65;752.87;0.84;0.70;0.59
14.12.2020;9:19:38;261.07;40.54;10.67;752.88;0.84;0.72;0.60
14.12.2020;9:20:38;251.19;40.48;10.69;752.88;0.80;0.64;0.52
14.12.2020;9:21:38;226.44;40.49;10.70;752.90;0.72;0.51;0.37
14.12.2020;9:22:38;233.83;40.50;10.71;752.90;0.75;0.55;0.41
14.12.2020;9:23:38;244.49;40.44;10.72;752.91;0.77;0.59;0.45
14.12.2020;9:24:38;221.23;40.42;10.73;752.92;0.69;0.45;0.31
14.12.2020;9:25:38;217.39;40.37;10.74;752.91;0.68;0.44;0.30
14.12.2020;9:26:38;255.14;40.40;10.74;752.91;0.81;0.65;0.52
14.12.2020;9:27:38;264.17;40.41;10.74;752.91;0.82;0.67;0.55
14.12.2020;9:28:39;239.54;40.41;10.75;752.92;0.74;0.55;0.41
14.12.2020;9:29:39;238.16;40.39;10.76;752.92;0.76;0.57;0.43
14.12.2020;9:30:39;297.46;40.37;10.77;752.94;0.94;0.88;0.83
14.12.2020;9:31:39;300.01;40.30;10.78;752.95;0.95;0.88;0.83
14.12.2020;9:32:39;276.57;40.30;10.79;752.95;0.87;0.75;0.66
14.12.2020;9:33:39;258.76;40.32;10.79;752.97;0.82;0.68;0.56
14.12.2020;9:34:39;283.02;40.29;10.79;752.97;0.90;0.81;0.73
14.12.2020;9:35:39;287.51;40.30;10.81;752.99;0.90;0.79;0.71
14.12.2020;9:36:39;267.94;40.24;10.82;753.01;0.84;0.71;0.60
14.12.2020;9:37:39;299.85;40.24;10.82;753.02;0.95;0.88;0.84
14.12.2020;9:38:39;306.72;40.24;10.83;753.04;0.95;0.89;0.85
14.12.2020;9:39:39;259.89;40.21;10.83;753.06;0.81;0.64;0.52
14.12.2020;9:40:39;263.81;40.22;10.83;753.08;0.83;0.68;0.56
14.12.2020;9:41:39;294.32;40.19;10.84;753.09;0.92;0.83;0.76
14.12.2020;9:42:39;288.14;40.23;10.84;753.11;0.89;0.79;0.71
14.12.2020;9:43:39;276.38;40.22;10.85;753.12;0.85;0.73;0.62
14.12.2020;9:44:39;286.17;40.21;10.85;753.14;0.89;0.79;0.70
14.12.2020;9:45:39;294.63;40.18;10.86;753.15;0.92;0.83;0.76
14.12.2020;9:46:39;303.95;40.21;10.87;753.16;0.94;0.89;0.84
14.12.2020;9:47:39;299.29;40.20;10.88;753.17;0.92;0.84;0.78
14.12.2020;9:48:39;283.22;40.17;10.89;753.18;0.88;0.78;0.68
14.12.2020;9:49:39;313.97;40.15;10.90;753.19;0.99;0.95;0.93
14.12.2020;9:50:39;354.70;40.17;10.91;753.19;1.11;1.17;1.30
14.12.2020;9:51:39;361.83;40.10;10.93;753.19;1.12;1.19;1.33
14.12.2020;9:52:39;375.46;40.11;10.93;753.19;1.17;1.26;1.48
14.12.2020;9:53:39;372.51;40.10;10.95;753.19;1.15;1.23;1.41
14.12.2020;9:54:39;361.49;40.10;10.96;753.18;1.12;1.18;1.32
14.12.2020;9:55:39;377.40;40.05;10.97;753.19;1.16;1.24;1.44
14.12.2020;9:56:39;358.86;40.06;10.98;753.21;1.10;1.13;1.25
14.12.2020;9:57:40;347.92;40.06;10.99;753.21;1.07;1.08;1.16
14.12.2020;9:58:40;340.01;40.04;11.00;753.22;1.04;1.03;1.07
14.12.2020;9:59:40;328.67;40.03;11.00;753.23;1.01;0.99;1.00
14.12.2020;10:00:40;329.25;40.05;10.99;753.23;1.00;0.99;0.99
14.12.2020;10:01:40;337.31;40.05;11.00;753.24;1.03;1.01;1.03
14.12.2020;10:02:40;341.78;40.05;11.01;753.26;1.03;1.02;1.05
14.12.2020;10:03:40;318.75;40.06;11.01;753.28;0.95;0.89;0.85
14.12.2020;10:04:40;286.39;40.02;11.02;753.30;0.85;0.72;0.61
14.12.2020;10:05:40;259.36;40.00;11.03;753.31;0.77;0.60;0.46
14.12.2020;10:06:40;253.25;40.01;11.03;753.32;0.76;0.59;0.45
14.12.2020;10:07:40;264.14;40.05;11.02;753.33;0.79;0.62;0.49
14.12.2020;10:08:40;264.94;40.03;11.02;753.34;0.80;0.63;0.50
14.12.2020;10:09:40;267.25;40.02;11.03;753.35;0.81;0.66;0.53
14.12.2020;10:10:40;276.21;40.00;11.02;753.34;0.84;0.70;0.59
14.12.2020;10:11:40;272.94;40.05;11.02;753.35;0.83;0.69;0.57
14.12.2020;10:12:40;282.81;40.03;11.02;753.35;0.87;0.75;0.65
14.12.2020;10:13:40;304.36;40.02;11.03;753.35;0.93;0.86;0.80
14.12.2020;10:14:40;310.78;40.00;11.04;753.34;0.95;0.89;0.85
14.12.2020;10:15:40;329.14;39.99;11.04;753.34;1.02;1.00;1.02
14.12.2020;10:16:40;364.65;40.01;11.05;753.32;1.13;1.17;1.32
14.12.2020;10:17:40;395.23;39.99;11.06;753.31;1.21;1.34;1.62
14.12.2020;10:18:40;412.99;39.93;11.08;753.28;1.25;1.40;1.74
14.12.2020;10:19:40;418.49;39.94;11.08;753.27;1.26;1.40;1.76
14.12.2020;10:20:40;405.01;39.93;11.09;753.24;1.23;1.36;1.67
14.12.2020;10:21:40;433.00;39.93;11.10;753.23;1.32;1.51;2.00
14.12.2020;10:22:40;486.30;39.83;11.13;753.22;1.47;1.75;2.57
14.12.2020;10:23:40;526.31;39.79;11.15;753.20;1.57;1.94;3.04
14.12.2020;10:24:40;556.53;39.78;11.17;753.19;1.65;2.05;3.39
14.12.2020;10:25:40;571.94;39.72;11.19;753.16;1.68;2.11;3.54
14.12.2020;10:26:41;554.04;39.67;11.21;753.16;1.61;1.99;3.21
14.12.2020;10:27:41;504.66;39.66;11.21;753.16;1.47;1.76;2.60
14.12.2020;10:28:41;473.35;39.69;11.21;753.16;1.39;1.62;2.26
14.12.2020;10:29:41;454.46;39.64;11.22;753.16;1.33;1.55;2.06
14.12.2020;10:30:41;435.83;39.62;11.23;753.17;1.28;1.43;1.84
14.12.2020;10:31:41;432.09;39.61;11.23;753.17;1.28;1.43;1.83
14.12.2020;10:32:41;436.99;39.64;11.21;753.17;1.29;1.46;1.88
14.12.2020;10:33:41;450.04;39.64;11.22;753.16;1.33;1.53;2.04
14.12.2020;10:34:41;463.06;39.62;11.21;753.15;1.36;1.59;2.18
14.12.2020;10:35:41;476.08;39.62;11.22;753.14;1.40;1.64;2.31
14.12.2020;10:36:41;490.34;39.59;11.23;753.14;1.45;1.71;2.48
14.12.2020;10:37:41;507.06;39.57;11.24;753.13;1.50;1.81;2.71
14.12.2020;10:38:41;530.56;39.58;11.24;753.11;1.57;1.92;3.02
14.12.2020;10:39:41;576.34;39.58;11.25;753.09;1.70;2.14;3.64
14.12.2020;10:40:41;586.24;39.57;11.27;753.07;1.74;2.18;3.79
14.12.2020;10:41:41;639.87;39.53;11.29;753.04;1.90;2.38;4.54
14.12.2020;10:42:41;751.24;39.55;11.30;753.03;2.20;2.92;6.42
14.12.2020;10:43:41;841.00;39.50;11.33;753.03;2.39;3.24;7.73
14.12.2020;10:44:41;886.55;39.48;11.36;753.02;2.48;3.40;8.43
14.12.2020;10:45:41;916.96;39.41;11.40;753.02;2.55;3.50;8.92
14.12.2020;10:46:41;922.61;39.31;11.44;753.04;2.55;3.49;8.91
14.12.2020;10:47:41;885.68;39.27;11.47;753.06;2.46;3.36;8.28
14.12.2020;10:48:41;832.53;39.24;11.49;753.09;2.34;3.16;7.41
14.12.2020;10:49:41;774.35;39.21;11.50;753.09;2.21;2.94;6.50
14.12.2020;10:50:41;722.08;39.13;11.51;753.09;2.08;2.72;5.67
14.12.2020;10:51:41;671.92;39.16;11.50;753.10;1.94;2.44;4.74
14.12.2020;10:52:41;626.13;39.16;11.49;753.09;1.80;2.24;4.05
14.12.2020;10:53:41;598.46;39.20;11.48;753.09;1.71;2.15;3.68
14.12.2020;10:54:42;583.47;39.21;11.48;753.09;1.65;2.06;3.40
14.12.2020;10:55:42;581.33;39.19;11.48;753.09;1.64;2.03;3.32
14.12.2020;10:56:42;580.81;39.19;11.48;753.08;1.63;2.02;3.30
14.12.2020;10:57:42;578.43;39.25;11.48;753.07;1.63;2.01;3.27
14.12.2020;10:58:42;559.72;39.21;11.49;753.07;1.58;1.94;3.06
14.12.2020;10:59:42;528.25;39.17;11.50;753.06;1.51;1.81;2.73
14.12.2020;11:00:42;506.33;39.18;11.49;753.06;1.46;1.73;2.52
14.12.2020;11:01:42;510.14;39.22;11.48;753.04;1.48;1.77;2.61
14.12.2020;11:02:42;535.19;39.24;11.48;753.02;1.55;1.88;2.92
14.12.2020;11:03:42;551.37;39.20;11.49;753.03;1.59;1.97;3.14
14.12.2020;11:04:42;555.00;39.23;11.48;753.00;1.61;1.99;3.20
14.12.2020;11:05:42;558.15;39.26;11.48;753.00;1.62;2.00;3.25
14.12.2020;11:06:42;563.29;39.29;11.47;752.99;1.64;2.03;3.34
14.12.2020;11:07:42;567.58;39.30;11.47;752.98;1.66;2.07;3.44
14.12.2020;11:08:42;577.90;39.29;11.48;752.97;1.69;2.10;3.54
14.12.2020;11:09:42;576.89;39.30;11.48;752.97;1.69;2.11;3.56
14.12.2020;11:10:42;584.34;39.27;11.48;752.96;1.70;2.13;3.62
14.12.2020;11:11:42;568.19;39.33;11.47;752.97;1.66;2.06;3.43
14.12.2020;11:12:42;550.24;39.30;11.47;752.97;1.61;1.99;3.21
14.12.2020;11:13:42;532.08;39.32;11.47;752.96;1.57;1.91;2.99
14.12.2020;11:14:42;534.86;39.37;11.45;752.96;1.57;1.93;3.03
14.12.2020;11:15:42;552.22;39.38;11.46;752.95;1.62;2.01;3.26
14.12.2020;11:16:42;564.67;39.35;11.47;752.95;1.65;2.05;3.39
14.12.2020;11:17:42;553.18;39.36;11.45;752.93;1.63;2.01;3.27
14.12.2020;11:18:42;554.62;39.37;11.46;752.92;1.63;2.02;3.29
14.12.2020;11:19:42;529.53;39.35;11.47;752.91;1.56;1.91;2.97
14.12.2020;11:20:42;511.41;39.33;11.45;752.90;1.51;1.81;2.74
14.12.2020;11:21:42;503.94;39.39;11.44;752.91;1.50;1.79;2.68
14.12.2020;11:22:43;510.97;39.39;11.44;752.90;1.52;1.84;2.81
14.12.2020;11:23:43;531.54;39.46;11.44;752.88;1.57;1.91;2.99
14.12.2020;11:24:43;524.62;39.37;11.46;752.87;1.54;1.89;2.91
14.12.2020;11:25:43;513.02;39.40;11.46;752.87;1.52;1.82;2.75
14.12.2020;11:26:43;493.89;39.42;11.46;752.86;1.46;1.74;2.54
14.12.2020;11:27:43;462.91;39.37;11.46;752.85;1.38;1.61;2.22
14.12.2020;11:28:43;456.25;39.43;11.45;752.84;1.36;1.58;2.15
14.12.2020;11:29:43;492.34;39.40;11.45;752.84;1.47;1.75;2.57
14.12.2020;11:30:43;521.85;39.41;11.44;752.84;1.54;1.88;2.90
14.12.2020;11:31:43;500.39;39.41;11.45;752.84;1.47;1.75;2.56
14.12.2020;11:32:43;457.30;39.46;11.44;752.85;1.35;1.55;2.08
14.12.2020;11:33:43;439.76;39.44;11.44;752.86;1.30;1.46;1.89
14.12.2020;11:34:43;407.74;39.44;11.44;752.87;1.21;1.32;1.59
14.12.2020;11:35:43;370.38;39.51;11.41;752.89;1.10;1.14;1.26
14.12.2020;11:36:43;338.94;39.56;11.39;752.90;1.01;0.99;1.00
14.12.2020;11:37:43;316.94;39.61;11.38;752.92;0.95;0.89;0.84
14.12.2020;11:38:43;297.64;39.62;11.36;752.92;0.89;0.79;0.70
14.12.2020;11:39:43;297.58;39.65;11.35;752.94;0.90;0.81;0.73
14.12.2020;11:40:43;319.86;39.66;11.35;752.93;0.97;0.93;0.91
14.12.2020;11:41:43;343.87;39.67;11.36;752.93;1.04;1.03;1.07
14.12.2020;11:42:43;336.71;39.67;11.36;752.92;1.00;0.98;0.98
14.12.2020;11:43:43;305.28;39.68;11.35;752.91;0.91;0.83;0.76
14.12.2020;11:44:43;314.11;39.66;11.35;752.91;0.95;0.89;0.85
14.12.2020;11:45:43;333.29;39.74;11.33;752.89;1.01;0.98;0.99
14.12.2020;11:46:43;341.06;39.74;11.34;752.90;1.03;1.01;1.04
14.12.2020;11:47:43;332.25;39.76;11.35;752.91;1.00;0.97;0.97
14.12.2020;11:48:43;326.68;39.70;11.36;752.92;0.98;0.94;0.92
14.12.2020;11:49:43;315.14;39.68;11.35;752.94;0.95;0.88;0.83
14.12.2020;11:50:43;308.43;39.76;11.33;752.96;0.93;0.84;0.78
14.12.2020;11:51:44;295.14;39.79;11.32;752.98;0.89;0.78;0.69
14.12.2020;11:52:44;288.31;39.79;11.32;752.99;0.87;0.77;0.67
14.12.2020;11:53:44;287.29;39.80;11.32;753.01;0.86;0.74;0.64
14.12.2020;11:54:44;285.25;39.81;11.32;753.03;0.86;0.73;0.63
14.12.2020;11:55:44;276.42;39.84;11.32;753.04;0.83;0.69;0.57
14.12.2020;11:56:44;262.54;39.83;11.32;753.06;0.79;0.62;0.49
14.12.2020;11:57:44;253.67;39.87;11.31;753.07;0.76;0.58;0.44
14.12.2020;11:58:44;248.88;39.84;11.31;753.10;0.75;0.56;0.42
14.12.2020;11:59:44;238.50;39.88;11.30;753.10;0.71;0.50;0.36
14.12.2020;12:00:44;231.88;39.88;11.31;753.11;0.69;0.47;0.33
14.12.2020;12:01:44;232.58;39.88;11.31;753.13;0.70;0.48;0.34
14.12.2020;12:02:44;239.19;39.85;11.31;753.15;0.72;0.50;0.36
14.12.2020;12:03:44;243.19;39.88;11.31;753.17;0.73;0.53;0.39
14.12.2020;12:04:44;251.89;39.87;11.33;753.18;0.76;0.58;0.44
14.12.2020;12:05:44;257.70;39.91;11.33;753.20;0.77;0.60;0.46
14.12.2020;12:06:44;258.18;39.93;11.32;753.20;0.78;0.60;0.46
14.12.2020;12:07:44;255.63;39.92;11.33;753.21;0.76;0.58;0.44
14.12.2020;12:08:44;250.32;39.92;11.34;753.20;0.75;0.54;0.40
14.12.2020;12:09:44;255.92;39.84;11.35;753.19;0.76;0.59;0.45
14.12.2020;12:10:44;265.58;39.83;11.36;753.18;0.80;0.63;0.50
14.12.2020;12:11:44;275.50;39.89;11.35;753.17;0.83;0.69;0.57
14.12.2020;12:12:44;285.60;39.88;11.35;753.15;0.86;0.74;0.64
14.12.2020;12:13:44;299.24;39.87;11.35;753.16;0.91;0.82;0.74
14.12.2020;12:14:44;313.12;39.84;11.36;753.16;0.95;0.89;0.85
14.12.2020;12:15:44;322.15;39.85;11.37;753.17;0.98;0.93;0.90
14.12.2020;12:16:44;337.00;39.86;11.38;753.15;1.02;1.00;1.02
14.12.2020;12:17:44;360.30;39.83;11.39;753.15;1.09;1.12;1.21
14.12.2020;12:18:44;384.87;39.83;11.41;753.13;1.16;1.24;1.43
14.12.2020;12:19:44;401.07;39.81;11.41;753.13;1.20;1.31;1.58
14.12.2020;12:20:45;401.91;39.82;11.41;753.14;1.21;1.31;1.58
14.12.2020;12:21:45;388.90;39.82;11.41;753.12;1.18;1.27;1.50
14.12.2020;12:22:45;395.21;39.80;11.42;753.13;1.20;1.30;1.56
14.12.2020;12:23:45;413.85;39.80;11.43;753.13;1.25;1.38;1.72
14.12.2020;12:24:45;430.78;39.79;11.42;753.13;1.29;1.45;1.86
14.12.2020;12:25:45;432.99;39.81;11.44;753.12;1.29;1.45;1.86
14.12.2020;12:26:45;419.42;39.78;11.45;753.11;1.25;1.38;1.72
14.12.2020;12:27:45;398.59;39.74;11.46;753.12;1.19;1.29;1.53
14.12.2020;12:28:45;382.57;39.72;11.46;753.11;1.15;1.22;1.39
14.12.2020;12:29:45;380.49;39.74;11.45;753.11;1.15;1.21;1.39
14.12.2020;12:30:45;381.78;39.76;11.45;753.12;1.15;1.22;1.40
14.12.2020;12:31:45;390.21;39.77;11.45;753.11;1.18;1.28;1.51
14.12.2020;12:32:45;415.48;39.78;11.45;753.10;1.26;1.40;1.77
14.12.2020;12:33:45;456.78;39.75;11.46;753.09;1.38;1.62;2.24
14.12.2020;12:34:45;501.36;39.75;11.48;753.10;1.51;1.82;2.74
14.12.2020;12:35:45;537.79;39.77;11.49;753.09;1.61;1.99;3.19
14.12.2020;12:36:45;560.47;39.70;11.52;753.08;1.67;2.08;3.47
14.12.2020;12:37:45;569.45;39.68;11.52;753.06;1.69;2.12;3.59
14.12.2020;12:38:45;581.75;39.69;11.53;753.05;1.73;2.17;3.74
14.12.2020;12:39:45;586.02;39.63;11.55;753.03;1.74;2.20;3.82
14.12.2020;12:40:45;587.04;39.61;11.56;753.04;1.74;2.19;3.82
14.12.2020;12:41:45;585.01;39.59;11.57;753.05;1.73;2.19;3.80
14.12.2020;12:42:45;580.32;39.64;11.57;753.06;1.72;2.17;3.74
14.12.2020;12:43:45;577.57;39.60;11.57;753.08;1.72;2.18;3.75
14.12.2020;12:44:45;586.58;39.60;11.58;753.09;1.75;2.20;3.85
14.12.2020;12:45:45;612.10;39.56;11.59;753.08;1.82;2.27;4.13
14.12.2020;12:46:45;632.74;39.56;11.60;753.06;1.88;2.32;4.36
14.12.2020;12:47:45;626.60;39.55;11.62;753.06;1.86;2.29;4.27
14.12.2020;12:48:46;589.49;39.52;11.64;753.05;1.75;2.19;3.84
14.12.2020;12:49:46;541.71;39.44;11.66;753.04;1.61;1.99;3.21
14.12.2020;12:50:46;498.00;39.44;11.66;753.05;1.48;1.76;2.60
14.12.2020;12:51:46;464.97;39.39;11.65;753.05;1.37;1.59;2.19
14.12.2020;12:52:46;452.24;39.47;11.62;753.05;1.33;1.53;2.04
14.12.2020;12:53:46;449.79;39.47;11.62;753.05;1.32;1.51;2.00
14.12.2020;12:54:46;447.51;39.55;11.61;753.03;1.31;1.50;1.97
14.12.2020;12:55:46;443.78;39.49;11.62;753.03;1.30;1.48;1.92
14.12.2020;12:56:46;427.56;39.51;11.61;753.03;1.25;1.39;1.73
14.12.2020;12:57:46;403.65;39.57;11.60;753.01;1.18;1.27;1.50
14.12.2020;12:58:46;382.47;39.52;11.61;753.01;1.13;1.19;1.34
14.12.2020;12:59:46;400.74;39.55;11.60;753.01;1.19;1.28;1.52
14.12.2020;13:00:46;433.21;39.59;11.58;752.99;1.28;1.44;1.83
14.12.2020;13:01:46;449.51;39.62;11.57;752.98;1.32;1.50;1.98
14.12.2020;13:02:46;450.25;39.60;11.59;752.98;1.32;1.50;1.97
14.12.2020;13:03:46;432.97;39.63;11.58;752.99;1.27;1.41;1.79
14.12.2020;13:04:46;410.89;39.64;11.57;752.99;1.21;1.31;1.58
14.12.2020;13:05:46;391.94;39.67;11.55;753.00;1.16;1.23;1.42
14.12.2020;13:06:46;382.56;39.68;11.54;753.03;1.13;1.20;1.36
14.12.2020;13:07:46;386.11;39.76;11.55;753.04;1.15;1.22;1.40
14.12.2020;13:08:46;398.53;39.65;11.58;753.05;1.19;1.28;1.52
14.12.2020;13:09:46;409.68;39.67;11.56;753.05;1.22;1.34;1.64
14.12.2020;13:10:46;416.02;39.74;11.55;753.07;1.24;1.38;1.71
14.12.2020;13:11:46;423.36;39.70;11.56;753.07;1.27;1.42;1.80
14.12.2020;13:12:46;433.22;39.71;11.58;753.08;1.30;1.48;1.92
14.12.2020;13:13:46;442.74;39.70;11.58;753.09;1.33;1.52;2.03
14.12.2020;13:14:46;453.99;39.71;11.58;753.09;1.37;1.60;2.19
14.12.2020;13:15:46;468.50;39.69;11.59;753.10;1.42;1.67;2.38
14.12.2020;13:16:46;485.71;39.68;11.59;753.09;1.48;1.77;2.62
14.12.2020;13:17:47;502.91;39.64;11.61;753.07;1.53;1.86;2.85
14.12.2020;13:18:47;508.88;39.60;11.63;753.06;1.55;1.89;2.93
14.12.2020;13:19:47;506.58;39.64;11.63;753.05;1.54;1.89;2.91
14.12.2020;13:20:47;496.50;39.56;11.65;753.05;1.52;1.82;2.77
14.12.2020;13:21:47;486.07;39.55;11.65;753.05;1.49;1.80;2.68
14.12.2020;13:22:47;476.69;39.55;11.65;753.04;1.46;1.74;2.55
14.12.2020;13:23:47;470.99;39.58;11.65;753.04;1.44;1.71;2.46
14.12.2020;13:24:47;472.81;39.57;11.65;753.04;1.45;1.72;2.49
14.12.2020;13:25:47;478.84;39.55;11.67;753.04;1.47;1.75;2.57
14.12.2020;13:26:47;481.04;39.56;11.67;753.04;1.47;1.76;2.59
14.12.2020;13:27:47;473.46;39.56;11.67;753.04;1.45;1.71;2.48
14.12.2020;13:28:47;457.64;39.58;11.66;753.05;1.40;1.63;2.29
14.12.2020;13:29:47;438.40;39.54;11.68;753.06;1.34;1.55;2.07
14.12.2020;13:30:47;419.57;39.53;11.67;753.06;1.28;1.45;1.86
14.12.2020;13:31:47;402.97;39.55;11.67;753.07;1.23;1.37;1.68
14.12.2020;13:32:47;389.36;39.60;11.67;753.07;1.19;1.29;1.54
14.12.2020;13:33:47;378.64;39.56;11.67;753.06;1.15;1.23;1.42
14.12.2020;13:34:47;370.37;39.58;11.66;753.04;1.13;1.19;1.34
14.12.2020;13:35:47;364.82;39.61;11.66;753.04;1.11;1.15;1.27
14.12.2020;13:36:47;362.22;39.61;11.65;753.03;1.10;1.13;1.24
14.12.2020;13:37:47;359.82;39.67;11.63;753.04;1.09;1.11;1.21
14.12.2020;13:38:47;353.96;39.65;11.64;753.04;1.07;1.08;1.15
14.12.2020;13:39:47;342.87;39.67;11.63;753.06;1.03;1.02;1.06
14.12.2020;13:40:47;325.68;39.71;11.62;753.07;0.98;0.94;0.92
14.12.2020;13:41:47;309.08;39.74;11.61;753.10;0.93;0.85;0.78
14.12.2020;13:42:47;298.00;39.72;11.60;753.11;0.89;0.80;0.71
14.12.2020;13:43:47;298.31;39.79;11.60;753.11;0.90;0.80;0.72
14.12.2020;13:44:47;309.31;39.84;11.62;753.11;0.93;0.86;0.80
14.12.2020;13:45:48;320.78;39.85;11.67;753.10;0.97;0.91;0.88
14.12.2020;13:46:48;327.22;39.73;11.72;753.10;0.99;0.97;0.96
14.12.2020;13:47:48;332.83;39.63;11.78;753.11;1.02;1.01;1.03
14.12.2020;13:48:48;351.14;39.51;11.82;753.11;1.09;1.11;1.21
14.12.2020;13:49:48;370.92;39.36;11.87;753.13;1.16;1.24;1.44
14.12.2020;13:50:48;386.71;39.29;11.92;753.11;1.21;1.35;1.64
14.12.2020;13:51:48;392.39;39.24;11.97;753.13;1.24;1.37;1.70
14.12.2020;13:52:48;387.43;39.14;12.01;753.14;1.22;1.34;1.63
14.12.2020;13:53:48;380.07;39.07;12.03;753.15;1.20;1.31;1.57
14.12.2020;13:54:48;372.81;38.98;12.07;753.16;1.19;1.29;1.53
14.12.2020;13:55:48;366.31;38.88;12.09;753.17;1.17;1.27;1.49
14.12.2020;13:56:48;361.19;38.82;12.13;753.19;1.16;1.24;1.44
14.12.2020;13:57:48;357.60;38.73;12.17;753.21;1.15;1.23;1.42
14.12.2020;13:58:48;345.45;38.74;12.16;753.22;1.12;1.17;1.31
14.12.2020;13:59:48;325.25;38.72;12.22;753.25;1.05;1.07;1.12
14.12.2020;14:00:48;305.19;38.55;12.24;753.25;0.99;0.94;0.92
14.12.2020;14:01:48;292.60;38.55;12.23;753.26;0.94;0.89;0.84
14.12.2020;14:02:48;283.10;38.50;12.26;753.27;0.91;0.81;0.74
14.12.2020;14:03:48;275.45;38.55;12.27;753.27;0.88;0.79;0.69
14.12.2020;14:04:48;270.18;38.43;12.27;753.28;0.86;0.76;0.65
14.12.2020;14:05:48;263.70;38.43;12.28;753.27;0.84;0.72;0.60
14.12.2020;14:06:48;253.61;38.36;12.32;753.27;0.80;0.64;0.51
14.12.2020;14:07:48;242.01;38.33;12.32;753.26;0.76;0.58;0.44
14.12.2020;14:08:48;231.03;38.30;12.30;753.26;0.71;0.49;0.35
14.12.2020;14:09:48;221.74;38.35;12.28;753.24;0.68;0.43;0.29
14.12.2020;14:10:48;214.89;38.43;12.24;753.24;0.65;0.41;0.27
14.12.2020;14:11:48;207.32;38.48;12.22;753.22;0.62;0.36;0.23
14.12.2020;14:12:48;199.26;38.45;12.23;753.22;0.60;0.31;0.18
14.12.2020;14:13:49;192.44;38.45;12.22;753.22;0.57;0.28;0.16
14.12.2020;14:14:49;188.94;38.49;12.22;753.22;0.56;0.26;0.14
14.12.2020;14:15:49;186.31;38.43;12.20;753.22;0.55;0.23;0.13
14.12.2020;14:16:49;180.17;38.53;12.19;753.22;0.53;0.20;0.10
14.12.2020;14:17:49;173.90;38.55;12.17;753.22;0.50;0.17;0.09
14.12.2020;14:18:49;168.18;38.62;12.17;753.23;0.49;0.12;0.06
14.12.2020;14:19:49;162.92;38.59;12.15;753.22;0.47;0.10;0.05
14.12.2020;14:20:49;158.53;38.66;12.14;753.21;0.46;0.07;0.03
14.12.2020;14:21:49;157.12;38.67;12.11;753.20;0.45;0.07;0.03
14.12.2020;14:22:49;161.23;38.70;12.11;753.20;0.47;0.10;0.05
14.12.2020;14:23:49;164.63;38.76;12.09;753.18;0.48;0.11;0.05
14.12.2020;14:24:49;165.46;38.80;12.09;753.19;0.48;0.11;0.05
14.12.2020;14:25:49;168.55;38.75;12.12;753.19;0.49;0.13;0.07
14.12.2020;14:26:49;167.78;38.75;12.12;753.18;0.49;0.13;0.07
14.12.2020;14:27:49;162.73;38.76;12.13;753.19;0.47;0.10;0.05
14.12.2020;14:28:49;162.18;38.71;12.12;753.20;0.47;0.10;0.05
14.12.2020;14:29:49;160.58;38.74;12.12;753.20;0.47;0.09;0.04
14.12.2020;14:30:49;158.83;38.76;12.10;753.20;0.46;0.09;0.04
14.12.2020;14:31:49;161.06;38.75;12.12;753.21;0.47;0.10;0.05
14.12.2020;14:32:49;164.21;38.73;12.11;753.21;0.48;0.12;0.06
14.12.2020;14:33:49;165.85;38.83;12.07;753.21;0.48;0.12;0.06
14.12.2020;14:34:49;158.16;38.84;12.05;753.23;0.46;0.09;0.04
14.12.2020;14:35:49;151.71;38.84;12.06;753.24;0.44;0.03;0.01
14.12.2020;14:36:49;151.10;38.91;12.05;753.25;0.44;0.03;0.01
14.12.2020;14:37:49;149.87;38.89;12.05;753.26;0.43;0.02;0.01
14.12.2020;14:38:49;146.51;38.78;12.06;753.27;0.42;0.00;0.00
14.12.2020;14:39:49;144.99;38.89;12.04;753.28;0.42;0.00;0.00
14.12.2020;14:40:49;142.84;38.91;12.03;753.30;0.41;0.00;0.00
14.12.2020;14:41:49;140.53;38.97;12.02;753.31;0.41;0.00;0.00
14.12.2020;14:42:50;141.67;39.01;12.03;753.31;0.41;0.00;0.00
14.12.2020;14:43:50;143.50;39.00;12.02;753.33;0.42;0.01;0.00
14.12.2020;14:44:50;142.49;39.01;12.02;753.33;0.42;0.00;0.00
14.12.2020;14:45:50;139.97;38.96;12.04;753.33;0.41;0.00;0.00
14.12.2020;14:46:50;146.12;38.92;12.03;753.34;0.43;0.02;0.01
14.12.2020;14:47:50;147.93;38.93;12.03;753.35;0.44;0.05;0.02
14.12.2020;14:48:50;143.53;38.96;12.02;753.36;0.43;0.02;0.01
14.12.2020;14:49:50;138.92;39.01;12.01;753.37;0.42;0.00;0.00
14.12.2020;14:50:50;146.43;39.06;12.01;753.38;0.45;0.07;0.03
14.12.2020;14:51:50;152.43;39.07;12.02;753.39;0.47;0.10;0.05
14.12.2020;14:52:50;155.72;39.01;12.04;753.39;0.48;0.12;0.06
14.12.2020;14:53:50;162.80;39.00;12.02;753.39;0.51;0.18;0.09
14.12.2020;14:54:50;171.07;39.11;12.01;753.39;0.55;0.23;0.13
14.12.2020;14:55:50;177.90;39.12;12.02;753.40;0.57;0.29;0.17
14.12.2020;14:56:50;176.90;39.06;12.03;753.40;0.57;0.29;0.16
14.12.2020;14:57:50;172.33;39.11;12.03;753.41;0.56;0.26;0.14
14.12.2020;14:58:50;169.42;39.12;12.04;753.40;0.55;0.22;0.12
14.12.2020;14:59:50;166.90;39.09;12.04;753.40;0.54;0.21;0.11
14.12.2020;15:00:50;163.06;39.03;12.03;753.39;0.53;0.20;0.11
14.12.2020;15:01:50;160.44;39.12;12.01;753.39;0.52;0.20;0.10
14.12.2020;15:02:50;149.00;39.14;12.01;753.40;0.48;0.11;0.05
14.12.2020;15:03:50;141.96;39.10;12.03;753.39;0.45;0.06;0.03
14.12.2020;15:04:50;139.99;39.08;12.02;753.40;0.44;0.03;0.01
14.12.2020;15:05:50;140.08;39.15;12.02;753.40;0.44;0.03;0.01
14.12.2020;15:06:50;133.58;39.09;12.02;753.41;0.41;0.00;0.00
14.12.2020;15:07:50;122.78;39.14;12.01;753.42;0.37;0.00;0.00
14.12.2020;15:08:50;114.29;39.12;12.00;753.43;0.34;0.00;0.00
14.12.2020;15:09:50;108.21;39.19;11.99;753.43;0.31;0.00;0.00
14.12.2020;15:10:51;106.61;39.17;11.98;753.43;0.31;0.00;0.00
14.12.2020;15:11:51;105.89;39.21;11.97;753.43;0.30;0.00;0.00
14.12.2020;15:12:51;100.40;39.22;11.99;753.43;0.28;0.00;0.00
14.12.2020;15:13:51;101.17;39.23;11.97;753.43;0.28;0.00;0.00
14.12.2020;15:14:51;107.39;39.28;11.96;753.41;0.30;0.00;0.00
14.12.2020;15:15:51;104.92;39.33;11.96;753.39;0.30;0.00;0.00
14.12.2020;15:16:51;105.32;39.28;11.99;753.38;0.30;0.00;0.00
14.12.2020;15:17:51;100.45;39.24;11.99;753.36;0.28;0.00;0.00
14.12.2020;15:18:51;89.22;39.23;11.97;753.37;0.24;0.00;0.00
14.12.2020;15:19:51;84.22;39.31;11.96;753.36;0.22;0.00;0.00
14.12.2020;15:20:51;85.03;39.33;11.93;753.36;0.23;0.00;0.00
14.12.2020;15:21:51;86.51;39.40;11.91;753.35;0.24;0.00;0.00
14.12.2020;15:22:51;89.01;39.44;11.90;753.35;0.25;0.00;0.00
14.12.2020;15:23:51;89.60;39.52;11.88;753.35;0.25;0.00;0.00
14.12.2020;15:24:51;90.82;39.53;11.88;753.35;0.26;0.00;0.00
14.12.2020;15:25:51;89.29;39.54;11.89;753.34;0.25;0.00;0.00
14.12.2020;15:26:51;87.58;39.48;11.89;753.34;0.25;0.00;0.00
14.12.2020;15:27:51;82.65;39.56;11.88;753.34;0.23;0.00;0.00
14.12.2020;15:28:51;76.41;39.59;11.88;753.34;0.21;0.00;0.00
14.12.2020;15:29:51;73.00;39.55;11.89;753.35;0.19;0.00;0.00
14.12.2020;15:30:51;69.32;39.52;11.90;753.36;0.18;0.00;0.00
14.12.2020;15:31:51;65.11;39.57;11.90;753.35;0.17;0.00;0.00
14.12.2020;15:32:51;66.32;39.58;11.89;753.35;0.17;0.00;0.00
14.12.2020;15:33:51;65.93;39.59;11.88;753.36;0.17;0.00;0.00
14.12.2020;15:34:51;63.90;39.65;11.87;753.36;0.16;0.00;0.00
14.12.2020;15:35:51;61.24;39.70;11.84;753.36;0.15;0.00;0.00
14.12.2020;15:36:51;60.25;39.76;11.83;753.36;0.15;0.00;0.00
14.12.2020;15:37:51;53.31;39.73;11.84;753.37;0.12;0.00;0.00
14.12.2020;15:38:51;45.93;39.77;11.83;753.39;0.10;0.00;0.00
14.12.2020;15:39:52;39.10;39.76;11.84;753.41;0.08;0.00;0.00
14.12.2020;15:40:52;35.85;39.72;11.86;753.41;0.06;0.00;0.00
14.12.2020;15:41:52;33.08;39.67;11.83;753.42;0.06;0.00;0.00
14.12.2020;15:42:52;31.67;39.72;11.83;753.43;0.05;0.00;0.00
14.12.2020;15:43:52;32.26;39.84;11.82;753.43;0.05;0.00;0.00
14.12.2020;15:44:52;32.40;39.81;11.80;753.43;0.06;0.00;0.00
14.12.2020;15:45:52;30.95;39.79;11.80;753.42;0.05;0.00;0.00
14.12.2020;15:46:52;28.56;39.82;11.78;753.43;0.04;0.00;0.00
14.12.2020;15:47:52;26.82;39.89;11.77;753.43;0.04;0.00;0.00
14.12.2020;15:48:52;24.28;39.95;11.77;753.44;0.03;0.00;0.00
14.12.2020;15:49:52;23.33;39.92;11.76;753.44;0.02;0.00;0.00
14.12.2020;15:50:52;22.64;39.92;11.74;753.45;0.02;0.00;0.00
14.12.2020;15:51:52;21.76;39.97;11.71;753.45;0.02;0.00;0.00
14.12.2020;15:52:52;21.17;40.07;11.70;753.46;0.01;0.00;0.00
14.12.2020;15:53:52;19.69;40.05;11.70;753.47;0.01;0.00;0.00
14.12.2020;15:54:52;18.32;40.09;11.71;753.48;0.00;0.00;0.00
14.12.2020;15:55:52;17.15;40.10;11.71;753.48;0.00;0.00;0.00
14.12.2020;15:56:52;15.81;40.07;11.71;753.47;0.00;0.00;0.00
14.12.2020;15:57:52;14.42;40.07;11.70;753.48;0.00;0.00;0.00
14.12.2020;15:58:52;14.17;40.16;11.70;753.48;0.00;0.00;0.00
14.12.2020;15:59:52;13.36;40.20;11.69;753.49;0.00;0.00;0.00
14.12.2020;16:00:52;12.35;40.23;11.68;753.50;0.00;0.00;0.00
14.12.2020;16:01:52;11.31;40.22;11.68;753.51;0.00;0.00;0.00
14.12.2020;16:02:52;10.50;40.16;11.67;753.52;0.00;0.00;0.00
14.12.2020;16:03:52;10.00;40.26;11.66;753.52;0.00;0.00;0.00
14.12.2020;16:04:52;9.25;40.25;11.66;753.53;0.00;0.00;0.00
14.12.2020;16:05:52;9.18;40.26;11.66;753.53;0.00;0.00;0.00
14.12.2020;16:06:52;8.35;40.27;11.66;753.54;0.00;0.00;0.00
14.12.2020;16:07:52;8.33;40.27;11.69;753.55;0.00;0.00;0.00
14.12.2020;16:08:52;7.76;40.28;11.70;753.54;0.00;0.00;0.00
14.12.2020;16:09:52;7.29;40.16;11.68;753.56;0.00;0.00;0.00
14.12.2020;16:10:53;6.30;40.29;11.62;753.59;0.00;0.00;0.00
14.12.2020;16:11:53;5.85;40.41;11.56;753.61;0.00;0.00;0.00
14.12.2020;16:12:53;5.83;40.53;11.52;753.61;0.00;0.00;0.00
14.12.2020;16:13:53;5.08;40.62;11.48;753.62;0.00;0.00;0.00
14.12.2020;16:14:53;5.00;40.70;11.45;753.62;0.00;0.00;0.00
14.12.2020;16:15:53;4.77;40.77;11.44;753.62;0.00;0.00;0.00
14.12.2020;16:16:53;4.17;40.82;11.42;753.62;0.00;0.00;0.00
14.12.2020;16:17:53;4.17;40.89;11.39;753.62;0.00;0.00;0.00
14.12.2020;16:18:53;4.17;40.96;11.38;753.62;0.00;0.00;0.00
14.12.2020;16:19:53;4.18;41.06;11.36;753.61;0.00;0.00;0.00
14.12.2020;16:20:53;4.15;41.05;11.35;753.62;0.00;0.00;0.00
14.12.2020;16:21:53;3.52;41.12;11.34;753.61;0.00;0.00;0.00
14.12.2020;16:22:53;3.37;41.11;11.34;753.62;0.00;0.00;0.00
14.12.2020;16:23:53;3.33;41.17;11.32;753.60;0.00;0.00;0.00
14.12.2020;16:24:53;3.33;41.18;11.31;753.61;0.00;0.00;0.00
14.12.2020;16:25:53;3.35;41.19;11.31;753.61;0.00;0.00;0.00
14.12.2020;16:26:53;3.33;41.25;11.30;753.62;0.00;0.00;0.00
14.12.2020;16:27:53;3.33;41.30;11.28;753.63;0.00;0.00;0.00
14.12.2020;16:28:53;3.33;41.36;11.27;753.63;0.00;0.00;0.00
14.12.2020;16:29:53;3.33;41.34;11.27;753.64;0.00;0.00;0.00
14.12.2020;16:30:53;3.33;41.35;11.27;753.65;0.00;0.00;0.00
14.12.2020;16:31:53;3.33;41.37;11.27;753.66;0.00;0.00;0.00
14.12.2020;16:32:53;3.33;41.42;11.27;753.66;0.00;0.00;0.00
14.12.2020;16:33:53;3.35;41.39;11.28;753.66;0.00;0.00;0.00
14.12.2020;16:34:53;3.33;41.36;11.28;753.67;0.00;0.00;0.00
14.12.2020;16:35:53;3.33;41.37;11.27;753.68;0.00;0.00;0.00
14.12.2020;16:36:53;3.36;41.41;11.27;753.70;0.00;0.00;0.00
14.12.2020;16:37:53;3.33;41.40;11.28;753.73;0.00;0.00;0.00
14.12.2020;16:38:53;3.33;41.40;11.27;753.76;0.00;0.00;0.00
14.12.2020;16:39:53;3.35;41.41;11.27;753.78;0.00;0.00;0.00
14.12.2020;16:40:53;3.33;41.42;11.28;753.80;0.00;0.00;0.00
14.12.2020;16:41:53;3.33;41.39;11.29;753.80;0.00;0.00;0.00
14.12.2020;16:42:54;3.33;41.38;11.29;753.80;0.00;0.00;0.00
14.12.2020;16:43:54;3.33;41.42;11.28;753.81;0.00;0.00;0.00
14.12.2020;16:44:54;3.33;41.44;11.29;753.81;0.00;0.00;0.00
14.12.2020;16:45:54;3.33;41.45;11.28;753.82;0.00;0.00;0.00
14.12.2020;16:46:54;3.33;41.42;11.29;753.83;0.00;0.00;0.00
14.12.2020;16:47:54;3.35;41.43;11.30;753.82;0.00;0.00;0.00
14.12.2020;16:48:54;3.33;41.41;11.30;753.82;0.00;0.00;0.00
14.12.2020;16:49:54;3.33;41.39;11.30;753.82;0.00;0.00;0.00
14.12.2020;16:50:54;3.36;41.41;11.32;753.81;0.00;0.00;0.00
14.12.2020;16:51:54;3.33;41.35;11.34;753.80;0.00;0.00;0.00
14.12.2020;16:52:54;3.33;41.35;11.34;753.82;0.00;0.00;0.00
14.12.2020;16:53:54;3.35;41.39;11.32;753.81;0.00;0.00;0.00
14.12.2020;16:54:54;3.33;41.42;11.32;753.79;0.00;0.00;0.00
14.12.2020;16:55:54;3.33;41.43;11.33;753.78;0.00;0.00;0.00
14.12.2020;16:56:54;3.33;41.42;11.33;753.76;0.00;0.00;0.00
14.12.2020;16:57:54;3.33;41.40;11.33;753.74;0.00;0.00;0.00
14.12.2020;16:58:54;3.33;41.42;11.33;753.72;0.00;0.00;0.00
14.12.2020;16:59:54;3.33;41.41;11.33;753.71;0.00;0.00;0.00
14.12.2020;17:00:54;3.33;41.40;11.33;753.72;0.00;0.00;0.00
14.12.2020;17:01:54;3.35;41.41;11.34;753.72;0.00;0.00;0.00
14.12.2020;17:02:54;3.33;41.42;11.34;753.72;0.00;0.00;0.00
14.12.2020;17:03:54;3.33;41.40;11.34;753.73;0.00;0.00;0.00
14.12.2020;17:04:54;3.36;41.42;11.34;753.73;0.00;0.00;0.00
14.12.2020;17:05:54;3.33;41.41;11.34;753.73;0.00;0.00;0.00
14.12.2020;17:06:54;3.33;41.41;11.35;753.75;0.00;0.00;0.00
14.12.2020;17:07:54;3.35;41.40;11.36;753.76;0.00;0.00;0.00
14.12.2020;17:08:54;3.33;41.36;11.36;753.78;0.00;0.00;0.00
14.12.2020;17:09:54;3.33;41.39;11.37;753.80;0.00;0.00;0.00
14.12.2020;17:10:54;3.33;41.37;11.38;753.81;0.00;0.00;0.00
14.12.2020;17:11:54;3.33;41.39;11.38;753.83;0.00;0.00;0.00
14.12.2020;17:12:54;3.33;41.37;11.39;753.84;0.00;0.00;0.00
14.12.2020;17:13:54;3.33;41.34;11.39;753.85;0.00;0.00;0.00
14.12.2020;17:14:54;3.33;41.35;11.39;753.86;0.00;0.00;0.00
14.12.2020;17:15:55;3.35;41.32;11.41;753.88;0.00;0.00;0.00
14.12.2020;17:16:55;3.33;41.33;11.41;753.88;0.00;0.00;0.00
14.12.2020;17:17:55;3.33;41.32;11.40;753.88;0.00;0.00;0.00
14.12.2020;17:18:55;3.36;41.34;11.41;753.89;0.00;0.00;0.00
14.12.2020;17:19:55;3.33;41.36;11.42;753.90;0.00;0.00;0.00
14.12.2020;17:20:55;3.33;41.29;11.43;753.89;0.00;0.00;0.00
14.12.2020;17:21:55;3.35;41.30;11.44;753.90;0.00;0.00;0.00
14.12.2020;17:22:55;3.33;41.26;11.45;753.89;0.00;0.00;0.00
14.12.2020;17:23:55;3.33;41.24;11.45;753.88;0.00;0.00;0.00
14.12.2020;17:24:55;3.33;41.26;11.44;753.88;0.00;0.00;0.00
14.12.2020;17:25:55;3.33;41.27;11.45;753.89;0.00;0.00;0.00
14.12.2020;17:26:55;3.33;41.24;11.46;753.91;0.00;0.00;0.00
14.12.2020;17:27:55;3.33;41.29;11.45;753.93;0.00;0.00;0.00
14.12.2020;17:28:55;3.33;41.26;11.47;753.95;0.00;0.00;0.00
14.12.2020;17:29:55;3.35;41.31;11.45;753.95;0.00;0.00;0.00
14.12.2020;17:30:55;3.33;41.32;11.45;753.97;0.00;0.00;0.00
14.12.2020;17:31:55;3.33;41.27;11.47;753.97;0.00;0.00;0.00
14.12.2020;17:32:55;3.36;41.31;11.46;753.98;0.00;0.00;0.00
14.12.2020;17:33:55;3.33;41.31;11.45;753.97;0.00;0.00;0.00
14.12.2020;17:34:55;3.33;41.33;11.45;753.97;0.00;0.00;0.00
14.12.2020;17:35:55;3.35;41.32;11.46;753.97;0.00;0.00;0.00
14.12.2020;17:36:55;3.33;41.32;11.47;753.98;0.00;0.00;0.00
14.12.2020;17:37:55;3.33;41.33;11.47;753.96;0.00;0.00;0.00
14.12.2020;17:38:55;3.33;41.30;11.47;753.96;0.00;0.00;0.00
14.12.2020;17:39:55;3.33;41.34;11.47;753.97;0.00;0.00;0.00
14.12.2020;17:40:55;3.33;41.33;11.46;753.98;0.00;0.00;0.00
14.12.2020;17:41:55;3.33;41.37;11.45;754.01;0.00;0.00;0.00
14.12.2020;17:42:55;3.33;41.38;11.45;754.02;0.00;0.00;0.00
14.12.2020;17:43:55;3.35;41.41;11.44;754.03;0.00;0.00;0.00
14.12.2020;17:44:55;3.33;41.41;11.44;754.03;0.00;0.00;0.00
14.12.2020;17:45:55;3.33;41.41;11.43;754.05;0.00;0.00;0.00
14.12.2020;17:46:55;3.36;41.45;11.43;754.05;0.00;0.00;0.00
14.12.2020;17:47:56;3.33;41.47;11.42;754.04;0.00;0.00;0.00
14.12.2020;17:48:56;3.33;41.50;11.41;754.06;0.00;0.00;0.00
14.12.2020;17:49:56;3.35;41.50;11.41;754.07;0.00;0.00;0.00
14.12.2020;17:50:56;3.33;41.53;11.40;754.07;0.00;0.00;0.00
14.12.2020;17:51:56;3.33;41.54;11.40;754.07;0.00;0.00;0.00
14.12.2020;17:52:56;3.33;41.55;11.40;754.06;0.00;0.00;0.00
14.12.2020;17:53:56;3.33;41.57;11.39;754.05;0.00;0.00;0.00
14.12.2020;17:54:56;3.33;41.57;11.39;754.04;0.00;0.00;0.00
14.12.2020;17:55:56;3.33;41.57;11.39;754.03;0.00;0.00;0.00
14.12.2020;17:56:56;3.33;41.57;11.39;754.01;0.00;0.00;0.00
14.12.2020;17:57:56;3.35;41.57;11.39;754.00;0.00;0.00;0.00
14.12.2020;17:58:56;3.33;41.59;11.38;754.00;0.00;0.00;0.00
14.12.2020;17:59:56;3.33;41.61;11.38;754.00;0.00;0.00;0.00
14.12.2020;18:00:56;3.36;41.59;11.38;754.01;0.00;0.00;0.00
14.12.2020;18:01:56;3.33;41.60;11.38;754.01;0.00;0.00;0.00
14.12.2020;18:02:56;3.33;41.59;11.39;754.02;0.00;0.00;0.00
14.12.2020;18:03:56;3.35;41.56;11.40;754.02;0.00;0.00;0.00
14.12.2020;18:04:56;3.33;41.55;11.40;754.01;0.00;0.00;0.00
14.12.2020;18:05:56;3.33;41.58;11.39;754.02;0.00;0.00;0.00
14.12.2020;18:06:56;3.33;41.57;11.39;754.03;0.00;0.00;0.00
14.12.2020;18:07:56;3.33;41.57;11.40;754.02;0.00;0.00;0.00
14.12.2020;18:08:56;3.33;41.60;11.40;754.02;0.00;0.00;0.00
14.12.2020;18:09:56;3.33;41.57;11.41;754.02;0.00;0.00;0.00
14.12.2020;18:10:56;3.33;41.60;11.40;754.01;0.00;0.00;0.00
14.12.2020;18:11:56;3.35;41.61;11.40;754.01;0.00;0.00;0.00
14.12.2020;18:12:56;3.33;41.62;11.39;754.00;0.00;0.00;0.00
14.12.2020;18:13:56;3.33;41.59;11.39;754.01;0.00;0.00;0.00
14.12.2020;18:14:56;3.36;41.62;11.39;754.02;0.00;0.00;0.00
14.12.2020;18:15:56;3.33;41.60;11.40;754.04;0.00;0.00;0.00
14.12.2020;18:16:56;3.33;41.59;11.40;754.05;0.00;0.00;0.00
14.12.2020;18:17:56;3.35;41.59;11.39;754.09;0.00;0.00;0.00
14.12.2020;18:18:56;3.33;41.65;11.38;754.11;0.00;0.00;0.00
14.12.2020;18:19:57;3.33;41.64;11.37;754.15;0.00;0.00;0.00
14.12.2020;18:20:57;3.33;41.66;11.38;754.16;0.00;0.00;0.00
14.12.2020;18:21:57;3.33;41.66;11.39;754.17;0.00;0.00;0.00
14.12.2020;18:22:57;3.33;41.62;11.39;754.17;0.00;0.00;0.00
14.12.2020;18:23:57;3.33;41.63;11.39;754.16;0.00;0.00;0.00
14.12.2020;18:24:57;3.33;41.62;11.39;754.14;0.00;0.00;0.00
14.12.2020;18:25:57;3.35;41.60;11.40;754.11;0.00;0.00;0.00
14.12.2020;18:26:57;3.33;41.63;11.40;754.09;0.00;0.00;0.00
14.12.2020;18:27:57;3.33;41.60;11.41;754.09;0.00;0.00;0.00
14.12.2020;18:28:57;3.36;41.54;11.41;754.10;0.00;0.00;0.00
14.12.2020;18:29:57;3.33;41.55;11.41;754.12;0.00;0.00;0.00
14.12.2020;18:30:57;3.33;41.59;11.41;754.16;0.00;0.00;0.00
14.12.2020;18:31:57;3.35;41.60;11.42;754.18;0.00;0.00;0.00
14.12.2020;18:32:57;3.33;41.57;11.43;754.19;0.00;0.00;0.00
14.12.2020;18:33:57;3.33;41.51;11.44;754.20;0.00;0.00;0.00
14.12.2020;18:34:57;3.33;41.54;11.43;754.20;0.00;0.00;0.00
14.12.2020;18:35:57;3.33;41.53;11.44;754.19;0.00;0.00;0.00
14.12.2020;18:36:57;3.33;41.53;11.44;754.17;0.00;0.00;0.00
14.12.2020;18:37:57;3.33;41.54;11.44;754.16;0.00;0.00;0.00
14.12.2020;18:38:57;3.33;41.52;11.44;754.18;0.00;0.00;0.00
14.12.2020;18:39:57;3.35;41.55;11.44;754.20;0.00;0.00;0.00
14.12.2020;18:40:57;3.33;41.53;11.44;754.21;0.00;0.00;0.00
14.12.2020;18:41:57;3.33;41.55;11.45;754.23;0.00;0.00;0.00
14.12.2020;18:42:57;3.36;41.52;11.44;754.24;0.00;0.00;0.00
14.12.2020;18:43:57;3.33;41.53;11.43;754.25;0.00;0.00;0.00
14.12.2020;18:44:57;3.33;41.59;11.42;754.25;0.00;0.00;0.00
14.12.2020;18:45:57;3.35;41.59;11.42;754.24;0.00;0.00;0.00
14.12.2020;18:46:57;3.33;41.57;11.43;754.24;0.00;0.00;0.00
14.12.2020;18:47:57;3.33;41.54;11.43;754.24;0.00;0.00;0.00
14.12.2020;18:48:57;3.33;41.52;11.43;754.23;0.00;0.00;0.00
14.12.2020;18:49:57;3.33;41.54;11.44;754.22;0.00;0.00;0.00
14.12.2020;18:50:57;3.33;41.57;11.44;754.23;0.00;0.00;0.00
14.12.2020;18:51:57;3.33;41.54;11.44;754.23;0.00;0.00;0.00
14.12.2020;18:52:58;3.33;41.52;11.44;754.24;0.00;0.00;0.00
14.12.2020;18:53:58;3.35;41.55;11.43;754.27;0.00;0.00;0.00
14.12.2020;18:54:58;3.33;41.55;11.43;754.30;0.00;0.00;0.00
14.12.2020;18:55:58;3.33;41.56;11.43;754.33;0.00;0.00;0.00
14.12.2020;18:56:58;3.36;41.58;11.44;754.34;0.00;0.00;0.00
14.12.2020;18:57:58;3.33;41.54;11.45;754.33;0.00;0.00;0.00
14.12.2020;18:58:58;3.33;41.55;11.46;754.33;0.00;0.00;0.00
14.12.2020;18:59:58;3.35;41.51;11.47;754.33;0.00;0.00;0.00
14.12.2020;19:00:58;3.33;41.49;11.46;754.31;0.00;0.00;0.00
14.12.2020;19:01:58;3.33;41.52;11.46;754.31;0.00;0.00;0.00
14.12.2020;19:02:58;3.33;41.51;11.47;754.31;0.00;0.00;0.00
14.12.2020;19:03:58;3.33;41.45;11.49;754.33;0.00;0.00;0.00
14.12.2020;19:04:58;3.33;41.44;11.48;754.34;0.00;0.00;0.00
14.12.2020;19:05:58;3.33;41.46;11.48;754.36;0.00;0.00;0.00
14.12.2020;19:06:58;3.33;41.49;11.49;754.36;0.00;0.00;0.00
14.12.2020;19:07:58;3.35;41.44;11.50;754.38;0.00;0.00;0.00
14.12.2020;19:08:58;3.33;41.43;11.50;754.40;0.00;0.00;0.00
14.12.2020;19:09:58;3.33;41.42;11.50;754.41;0.00;0.00;0.00
14.12.2020;19:10:58;3.36;41.43;11.50;754.42;0.00;0.00;0.00
14.12.2020;19:11:58;3.33;41.45;11.49;754.42;0.00;0.00;0.00
14.12.2020;19:12:58;3.33;41.44;11.50;754.44;0.00;0.00;0.00
14.12.2020;19:13:58;3.35;41.46;11.50;754.45;0.00;0.00;0.00
14.12.2020;19:14:58;3.33;41.44;11.51;754.46;0.00;0.00;0.00
14.12.2020;19:15:58;3.33;41.40;11.52;754.48;0.00;0.00;0.00
14.12.2020;19:16:58;3.33;41.38;11.52;754.49;0.00;0.00;0.00
14.12.2020;19:17:58;3.33;41.39;11.53;754.49;0.00;0.00;0.00
14.12.2020;19:18:58;3.33;41.39;11.53;754.48;0.00;0.00;0.00
14.12.2020;19:19:58;3.33;41.41;11.53;754.46;0.00;0.00;0.00
14.12.2020;19:20:58;3.33;41.37;11.54;754.43;0.00;0.00;0.00
14.12.2020;19:21:58;3.35;41.34;11.54;754.41;0.00;0.00;0.00
14.12.2020;19:22:58;3.33;41.36;11.54;754.40;0.00;0.00;0.00
14.12.2020;19:23:58;3.33;41.34;11.57;754.39;0.00;0.00;0.00
14.12.2020;19:24:59;3.36;41.30;11.58;754.39;0.00;0.00;0.00
14.12.2020;19:25:59;3.33;41.30;11.58;754.39;0.00;0.00;0.00
14.12.2020;19:26:59;3.33;41.29;11.58;754.40;0.00;0.00;0.00
14.12.2020;19:27:59;3.35;41.31;11.58;754.41;0.00;0.00;0.00
14.12.2020;19:28:59;3.33;41.27;11.58;754.42;0.00;0.00;0.00
14.12.2020;19:29:59;3.33;41.26;11.58;754.43;0.00;0.00;0.00
14.12.2020;19:30:59;3.33;41.29;11.58;754.43;0.00;0.00;0.00
14.12.2020;19:31:59;3.33;41.30;11.58;754.43;0.00;0.00;0.00
14.12.2020;19:32:59;3.33;41.33;11.57;754.42;0.00;0.00;0.00
14.12.2020;19:33:59;3.33;41.33;11.58;754.42;0.00;0.00;0.00
14.12.2020;19:34:59;3.33;41.33;11.58;754.42;0.00;0.00;0.00
14.12.2020;19:35:59;3.35;41.30;11.58;754.42;0.00;0.00;0.00
14.12.2020;19:36:59;3.33;41.32;11.58;754.42;0.00;0.00;0.00
14.12.2020;19:37:59;3.33;41.33;11.59;754.43;0.00;0.00;0.00
14.12.2020;19:38:59;3.36;41.31;11.59;754.45;0.00;0.00;0.00
14.12.2020;19:39:59;3.33;41.32;11.59;754.46;0.00;0.00;0.00
14.12.2020;19:40:59;3.33;41.34;11.58;754.47;0.00;0.00;0.00
14.12.2020;19:41:59;3.35;41.35;11.58;754.48;0.00;0.00;0.00
14.12.2020;19:42:59;3.33;41.35;11.59;754.49;0.00;0.00;0.00
14.12.2020;19:43:59;3.33;41.34;11.59;754.50;0.00;0.00;0.00
14.12.2020;19:44:59;3.33;41.33;11.60;754.51;0.00;0.00;0.00
14.12.2020;19:45:59;3.33;41.34;11.60;754.52;0.00;0.00;0.00
14.12.2020;19:46:59;3.33;41.32;11.61;754.53;0.00;0.00;0.00
14.12.2020;19:47:59;3.33;41.31;11.61;754.54;0.00;0.00;0.00
14.12.2020;19:48:59;3.33;41.31;11.62;754.55;0.00;0.00;0.00
14.12.2020;19:49:59;3.35;41.31;11.62;754.56;0.00;0.00;0.00
14.12.2020;19:50:59;3.33;41.28;11.64;754.57;0.00;0.00;0.00
14.12.2020;19:51:59;3.33;41.29;11.64;754.59;0.00;0.00;0.00
14.12.2020;19:52:59;3.36;41.28;11.65;754.60;0.00;0.00;0.00
14.12.2020;19:53:59;3.33;41.24;11.66;754.61;0.00;0.00;0.00
14.12.2020;19:54:59;3.33;41.22;11.67;754.61;0.00;0.00;0.00
14.12.2020;19:55:59;3.35;41.23;11.67;754.61;0.00;0.00;0.00
14.12.2020;19:57:00;3.33;41.20;11.68;754.61;0.00;0.00;0.00
14.12.2020;19:58:00;3.33;41.20;11.68;754.62;0.00;0.00;0.00
14.12.2020;19:59:00;3.33;41.20;11.69;754.61;0.00;0.00;0.00
14.12.2020;20:00:00;3.33;41.18;11.70;754.60;0.00;0.00;0.00
14.12.2020;20:01:00;3.33;41.15;11.70;754.60;0.00;0.00;0.00
14.12.2020;20:02:00;3.33;41.15;11.71;754.60;0.00;0.00;0.00
14.12.2020;20:03:00;3.33;41.14;11.71;754.59;0.00;0.00;0.00
14.12.2020;20:04:00;3.35;41.15;11.72;754.59;0.00;0.00;0.00
14.12.2020;20:05:00;3.33;41.12;11.73;754.58;0.00;0.00;0.00
14.12.2020;20:06:00;3.33;41.13;11.73;754.59;0.00;0.00;0.00
14.12.2020;20:07:00;3.36;41.14;11.74;754.60;0.00;0.00;0.00
14.12.2020;20:08:00;3.33;41.14;11.74;754.62;0.00;0.00;0.00
14.12.2020;20:09:00;3.33;41.12;11.75;754.64;0.00;0.00;0.00
14.12.2020;20:10:00;3.35;41.16;11.76;754.67;0.00;0.00;0.00
14.12.2020;20:11:00;3.33;41.09;11.78;754.69;0.00;0.00;0.00
14.12.2020;20:12:00;3.33;41.03;11.79;754.69;0.00;0.00;0.00
14.12.2020;20:13:00;3.33;41.05;11.79;754.69;0.00;0.00;0.00
14.12.2020;20:14:00;3.33;41.05;11.79;754.68;0.00;0.00;0.00
14.12.2020;20:15:00;3.33;41.07;11.79;754.68;0.00;0.00;0.00
14.12.2020;20:16:00;3.33;41.14;11.83;754.67;0.00;0.00;0.00
14.12.2020;20:17:00;3.33;41.02;11.88;754.66;0.00;0.00;0.00
14.12.2020;20:18:00;3.35;40.96;11.94;754.63;0.00;0.00;0.00
14.12.2020;20:19:00;3.33;40.87;11.99;754.61;0.00;0.00;0.00
14.12.2020;20:20:00;3.33;40.67;12.01;754.59;0.00;0.00;0.00
14.12.2020;20:21:00;3.36;40.63;12.05;754.57;0.00;0.00;0.00
14.12.2020;20:22:00;3.33;40.51;12.08;754.55;0.00;0.00;0.00
14.12.2020;20:23:00;3.33;40.42;12.09;754.55;0.00;0.00;0.00
14.12.2020;20:24:00;3.35;40.40;12.09;754.54;0.00;0.00;0.00
14.12.2020;20:25:00;3.33;40.48;12.10;754.55;0.00;0.00;0.00
14.12.2020;20:26:00;3.33;40.36;12.14;754.57;0.00;0.00;0.00
14.12.2020;20:27:00;3.33;40.36;12.15;754.58;0.00;0.00;0.00
14.12.2020;20:28:00;3.33;40.35;12.16;754.58;0.00;0.00;0.00
14.12.2020;20:29:01;3.33;40.35;12.20;754.58;0.00;0.00;0.00
14.12.2020;20:30:01;3.33;40.23;12.22;754.55;0.00;0.00;0.00
14.12.2020;20:31:01;3.33;40.18;12.25;754.52;0.00;0.00;0.00
14.12.2020;20:32:01;3.35;40.09;12.27;754.50;0.00;0.00;0.00
14.12.2020;20:33:01;3.33;40.08;12.27;754.48;0.00;0.00;0.00
14.12.2020;20:34:01;3.33;40.07;12.27;754.48;0.00;0.00;0.00
14.12.2020;20:35:01;3.36;40.08;12.27;754.47;0.00;0.00;0.00
14.12.2020;20:36:01;3.33;40.06;12.27;754.47;0.00;0.00;0.00
14.12.2020;20:37:01;3.33;40.09;12.29;754.45;0.00;0.00;0.00
14.12.2020;20:38:01;3.35;39.99;12.28;754.44;0.00;0.00;0.00
14.12.2020;20:39:01;3.33;40.04;12.23;754.44;0.00;0.00;0.00
14.12.2020;20:40:01;3.33;40.12;12.20;754.44;0.00;0.00;0.00
14.12.2020;20:41:01;3.33;40.17;12.16;754.43;0.00;0.00;0.00
14.12.2020;20:42:01;3.33;40.27;12.12;754.44;0.00;0.00;0.00
14.12.2020;20:43:01;3.33;40.39;12.09;754.43;0.00;0.00;0.00
14.12.2020;20:44:01;3.33;40.44;12.07;754.43;0.00;0.00;0.00
14.12.2020;20:45:01;3.33;40.44;12.06;754.41;0.00;0.00;0.00
14.12.2020;20:46:01;3.35;40.49;12.04;754.44;0.00;0.00;0.00
14.12.2020;20:47:01;3.33;40.56;12.01;754.45;0.00;0.00;0.00
14.12.2020;20:48:01;3.33;40.60;12.00;754.45;0.00;0.00;0.00
14.12.2020;20:49:01;3.36;40.64;11.99;754.45;0.00;0.00;0.00
14.12.2020;20:50:01;3.33;40.66;11.99;754.44;0.00;0.00;0.00
14.12.2020;20:51:01;3.33;40.69;11.98;754.43;0.00;0.00;0.00
14.12.2020;20:52:01;3.35;40.69;11.98;754.44;0.00;0.00;0.00
14.12.2020;20:53:01;3.33;40.70;11.98;754.46;0.00;0.00;0.00
14.12.2020;20:54:01;3.33;40.73;11.96;754.47;0.00;0.00;0.00
14.12.2020;20:55:01;3.33;40.77;11.95;754.49;0.00;0.00;0.00
14.12.2020;20:56:01;3.33;40.80;11.95;754.52;0.00;0.00;0.00
14.12.2020;20:57:01;3.33;40.81;11.94;754.54;0.00;0.00;0.00
14.12.2020;20:58:01;3.33;40.81;11.95;754.56;0.00;0.00;0.00
14.12.2020;20:59:01;3.33;40.86;11.94;754.58;0.00;0.00;0.00
14.12.2020;21:00:01;3.35;40.91;11.99;754.59;0.00;0.00;0.00
14.12.2020;21:01:02;3.33;40.85;12.04;754.58;0.00;0.00;0.00
14.12.2020;21:02:02;3.33;40.69;12.09;754.57;0.00;0.00;0.00
14.12.2020;21:03:02;3.36;40.55;12.13;754.56;0.00;0.00;0.00
14.12.2020;21:04:02;3.33;40.47;12.16;754.55;0.00;0.00;0.00
14.12.2020;21:05:02;3.33;40.47;12.18;754.55;0.00;0.00;0.00
14.12.2020;21:06:02;3.35;40.44;12.22;754.56;0.00;0.00;0.00
14.12.2020;21:07:02;3.33;40.32;12.24;754.55;0.00;0.00;0.00
14.12.2020;21:08:02;3.33;40.30;12.26;754.55;0.00;0.00;0.00
14.12.2020;21:09:02;3.33;40.24;12.29;754.54;0.00;0.00;0.00
14.12.2020;21:10:02;3.33;40.14;12.32;754.53;0.00;0.00;0.00
14.12.2020;21:11:02;3.33;40.05;12.33;754.52;0.00;0.00;0.00
14.12.2020;21:12:02;3.33;40.03;12.33;754.50;0.00;0.00;0.00
14.12.2020;21:13:02;3.33;40.02;12.34;754.49;0.00;0.00;0.00
14.12.2020;21:14:02;3.35;40.08;12.37;754.46;0.00;0.00;0.00
14.12.2020;21:15:02;3.33;39.97;12.39;754.45;0.00;0.00;0.00
14.12.2020;21:16:02;3.33;39.90;12.42;754.44;0.00;0.00;0.00
14.12.2020;21:17:02;3.36;39.88;12.43;754.43;0.00;0.00;0.00
14.12.2020;21:18:02;3.33;39.91;12.44;754.42;0.00;0.00;0.00
14.12.2020;21:19:02;3.33;39.84;12.46;754.42;0.00;0.00;0.00
14.12.2020;21:20:02;3.35;39.77;12.45;754.41;0.00;0.00;0.00
14.12.2020;21:21:02;3.33;39.75;12.44;754.42;0.00;0.00;0.00
14.12.2020;21:22:02;3.33;39.80;12.42;754.42;0.00;0.00;0.00
14.12.2020;21:23:02;3.33;39.81;12.42;754.43;0.00;0.00;0.00
14.12.2020;21:24:02;3.33;39.81;12.42;754.44;0.00;0.00;0.00
14.12.2020;21:25:02;3.33;39.83;12.44;754.45;0.00;0.00;0.00
14.12.2020;21:26:02;3.33;39.82;12.44;754.45;0.00;0.00;0.00
14.12.2020;21:27:02;3.33;39.86;12.46;754.45;0.00;0.00;0.00
14.12.2020;21:28:02;3.35;39.76;12.48;754.45;0.00;0.00;0.00
14.12.2020;21:29:02;3.33;39.77;12.47;754.44;0.00;0.00;0.00
14.12.2020;21:30:02;3.33;39.73;12.50;754.45;0.00;0.00;0.00
14.12.2020;21:31:02;3.36;39.67;12.51;754.44;0.00;0.00;0.00
14.12.2020;21:32:03;3.33;39.56;12.52;754.45;0.00;0.00;0.00
14.12.2020;21:33:03;3.33;39.63;12.52;754.45;0.00;0.00;0.00
14.12.2020;21:34:03;3.35;39.67;12.52;754.44;0.00;0.00;0.00
14.12.2020;21:35:03;3.33;39.64;12.50;754.44;0.00;0.00;0.00
14.12.2020;21:36:03;3.33;39.71;12.50;754.43;0.00;0.00;0.00
14.12.2020;21:37:03;3.33;39.64;12.50;754.43;0.00;0.00;0.00
14.12.2020;21:38:03;3.33;39.69;12.52;754.45;0.00;0.00;0.00
14.12.2020;21:39:03;3.33;39.57;12.53;754.46;0.00;0.00;0.00
14.12.2020;21:40:03;3.33;39.64;12.51;754.47;0.00;0.00;0.00
14.12.2020;21:41:03;3.33;39.67;12.52;754.49;0.00;0.00;0.00
14.12.2020;21:42:03;3.35;39.64;12.49;754.52;0.00;0.00;0.00
14.12.2020;21:43:03;3.33;39.74;12.42;754.53;0.00;0.00;0.00
14.12.2020;21:44:03;3.33;39.84;12.37;754.53;0.00;0.00;0.00
14.12.2020;21:45:03;3.36;39.96;12.33;754.54;0.00;0.00;0.00
14.12.2020;21:46:03;3.33;40.04;12.28;754.54;0.00;0.00;0.00
14.12.2020;21:47:03;3.33;40.17;12.25;754.55;0.00;0.00;0.00
14.12.2020;21:48:03;3.35;40.27;12.22;754.55;0.00;0.00;0.00
14.12.2020;21:49:03;3.33;40.30;12.20;754.56;0.00;0.00;0.00
14.12.2020;21:50:03;3.33;40.38;12.17;754.56;0.00;0.00;0.00
14.12.2020;21:51:03;3.33;40.40;12.16;754.56;0.00;0.00;0.00
14.12.2020;21:52:03;3.33;40.41;12.14;754.57;0.00;0.00;0.00
14.12.2020;21:53:03;3.33;40.40;12.14;754.57;0.00;0.00;0.00
14.12.2020;21:54:03;3.33;40.51;12.11;754.59;0.00;0.00;0.00
14.12.2020;21:55:03;3.33;40.58;12.08;754.60;0.00;0.00;0.00
14.12.2020;21:56:03;3.35;40.62;12.07;754.61;0.00;0.00;0.00
14.12.2020;21:57:03;3.33;40.67;12.05;754.61;0.00;0.00;0.00
14.12.2020;21:58:03;3.33;40.71;12.05;754.60;0.00;0.00;0.00
14.12.2020;21:59:03;3.36;40.72;12.05;754.60;0.00;0.00;0.00
14.12.2020;22:00:03;3.33;40.71;12.04;754.60;0.00;0.00;0.00
14.12.2020;22:01:03;3.33;40.74;12.04;754.59;0.00;0.00;0.00
14.12.2020;22:02:03;3.35;40.73;12.03;754.58;0.00;0.00;0.00
14.12.2020;22:03:03;3.33;40.77;12.03;754.57;0.00;0.00;0.00
14.12.2020;22:04:04;3.33;40.76;12.03;754.57;0.00;0.00;0.00
14.12.2020;22:05:04;3.33;40.78;12.02;754.57;0.00;0.00;0.00
14.12.2020;22:06:04;3.33;40.81;12.01;754.56;0.00;0.00;0.00
14.12.2020;22:07:04;3.33;40.82;12.01;754.56;0.00;0.00;0.00
14.12.2020;22:08:04;3.33;40.84;12.01;754.55;0.00;0.00;0.00
14.12.2020;22:09:04;3.33;40.82;12.01;754.55;0.00;0.00;0.00
14.12.2020;22:10:04;3.35;40.82;12.01;754.56;0.00;0.00;0.00
14.12.2020;22:11:04;3.33;40.86;12.00;754.57;0.00;0.00;0.00
14.12.2020;22:12:04;3.33;40.93;11.99;754.59;0.00;0.00;0.00
14.12.2020;22:13:04;3.36;40.90;11.98;754.59;0.00;0.00;0.00
14.12.2020;22:14:04;3.33;40.91;11.98;754.58;0.00;0.00;0.00
14.12.2020;22:15:04;3.33;40.97;11.95;754.59;0.00;0.00;0.00
14.12.2020;22:16:04;3.35;41.00;11.94;754.60;0.00;0.00;0.00
14.12.2020;22:17:04;3.33;41.04;11.94;754.60;0.00;0.00;0.00
14.12.2020;22:18:04;3.33;41.03;11.94;754.60;0.00;0.00;0.00
14.12.2020;22:19:04;3.33;41.00;11.94;754.59;0.00;0.00;0.00
14.12.2020;22:20:04;3.33;41.03;11.93;754.58;0.00;0.00;0.00
14.12.2020;22:21:04;3.33;41.06;11.93;754.59;0.00;0.00;0.00
14.12.2020;22:22:04;3.33;41.05;11.94;754.60;0.00;0.00;0.00
14.12.2020;22:23:04;3.33;41.06;11.94;754.61;0.00;0.00;0.00
14.12.2020;22:24:04;3.35;41.07;11.94;754.62;0.00;0.00;0.00
14.12.2020;22:25:04;3.33;41.05;11.94;754.63;0.00;0.00;0.00
14.12.2020;22:26:04;3.33;41.05;11.94;754.64;0.00;0.00;0.00
14.12.2020;22:27:04;3.36;41.07;11.93;754.66;0.00;0.00;0.00
14.12.2020;22:28:04;3.33;41.09;11.92;754.67;0.00;0.00;0.00
14.12.2020;22:29:04;3.33;41.14;11.91;754.68;0.00;0.00;0.00
14.12.2020;22:30:04;3.35;41.12;11.91;754.68;0.00;0.00;0.00
14.12.2020;22:31:04;3.33;41.13;11.91;754.69;0.00;0.00;0.00
14.12.2020;22:32:04;3.33;41.14;11.90;754.69;0.00;0.00;0.00
14.12.2020;22:33:04;3.33;41.16;11.90;754.70;0.00;0.00;0.00
14.12.2020;22:34:04;3.33;41.14;11.90;754.71;0.00;0.00;0.00
14.12.2020;22:35:04;3.33;41.16;11.89;754.73;0.00;0.00;0.00
14.12.2020;22:36:05;3.33;41.19;11.88;754.74;0.00;0.00;0.00
14.12.2020;22:37:05;3.33;41.22;11.87;754.74;0.00;0.00;0.00
14.12.2020;22:38:05;3.35;41.22;11.86;754.76;0.00;0.00;0.00
14.12.2020;22:39:05;3.33;41.25;11.86;754.78;0.00;0.00;0.00
14.12.2020;22:40:05;3.33;41.21;11.86;754.79;0.00;0.00;0.00
14.12.2020;22:41:05;3.36;41.24;11.85;754.80;0.00;0.00;0.00
14.12.2020;22:42:05;3.33;41.25;11.85;754.81;0.00;0.00;0.00
14.12.2020;22:43:05;3.33;41.28;11.85;754.81;0.00;0.00;0.00
14.12.2020;22:44:05;3.35;41.26;11.85;754.81;0.00;0.00;0.00
14.12.2020;22:45:05;3.33;41.27;11.84;754.79;0.00;0.00;0.00
14.12.2020;22:46:05;3.33;41.27;11.84;754.76;0.00;0.00;0.00
14.12.2020;22:47:05;3.33;41.30;11.83;754.76;0.00;0.00;0.00
14.12.2020;22:48:05;3.33;41.31;11.83;754.76;0.00;0.00;0.00
14.12.2020;22:49:05;3.33;41.32;11.83;754.77;0.00;0.00;0.00
14.12.2020;22:50:05;3.33;41.31;11.83;754.76;0.00;0.00;0.00
14.12.2020;22:51:05;3.33;41.32;11.82;754.77;0.00;0.00;0.00
14.12.2020;22:52:05;3.35;41.37;11.82;754.77;0.00;0.00;0.00
14.12.2020;22:53:05;3.33;41.35;11.81;754.78;0.00;0.00;0.00
14.12.2020;22:54:05;3.33;41.34;11.81;754.79;0.00;0.00;0.00
14.12.2020;22:55:05;3.36;41.38;11.80;754.80;0.00;0.00;0.00
14.12.2020;22:56:05;3.33;41.40;11.81;754.82;0.00;0.00;0.00
14.12.2020;22:57:05;3.33;41.41;11.80;754.82;0.00;0.00;0.00
14.12.2020;22:58:05;3.35;41.41;11.80;754.83;0.00;0.00;0.00
14.12.2020;22:59:05;3.33;41.39;11.79;754.84;0.00;0.00;0.00
14.12.2020;23:00:05;3.33;41.39;11.79;754.83;0.00;0.00;0.00
14.12.2020;23:01:05;3.33;41.40;11.78;754.84;0.00;0.00;0.00
14.12.2020;23:02:05;3.33;41.43;11.77;754.86;0.00;0.00;0.00
14.12.2020;23:03:05;3.33;41.41;11.78;754.86;0.00;0.00;0.00
14.12.2020;23:04:05;3.33;41.42;11.78;754.86;0.00;0.00;0.00
14.12.2020;23:05:05;3.33;41.43;11.76;754.87;0.00;0.00;0.00
14.12.2020;23:06:05;3.35;41.43;11.75;754.87;0.00;0.00;0.00
14.12.2020;23:07:05;3.33;41.45;11.75;754.88;0.00;0.00;0.00
14.12.2020;23:08:06;3.33;41.48;11.74;754.89;0.00;0.00;0.00
14.12.2020;23:09:06;3.36;41.50;11.73;754.89;0.00;0.00;0.00
14.12.2020;23:10:06;3.33;41.51;11.72;754.89;0.00;0.00;0.00
14.12.2020;23:11:06;3.33;41.53;11.71;754.89;0.00;0.00;0.00
14.12.2020;23:12:06;3.35;41.52;11.71;754.90;0.00;0.00;0.00
14.12.2020;23:13:06;3.33;41.54;11.71;754.89;0.00;0.00;0.00
14.12.2020;23:14:06;3.33;41.51;11.71;754.89;0.00;0.00;0.00
14.12.2020;23:15:06;3.33;41.54;11.70;754.89;0.00;0.00;0.00
14.12.2020;23:16:06;3.33;41.54;11.70;754.90;0.00;0.00;0.00
14.12.2020;23:17:06;3.33;41.55;11.70;754.92;0.00;0.00;0.00
14.12.2020;23:18:06;3.33;41.56;11.69;754.93;0.00;0.00;0.00
14.12.2020;23:19:06;3.33;41.53;11.69;754.94;0.00;0.00;0.00
14.12.2020;23:20:06;3.35;41.55;11.69;754.96;0.00;0.00;0.00
14.12.2020;23:21:06;3.33;41.57;11.69;754.98;0.00;0.00;0.00
14.12.2020;23:22:06;3.33;41.56;11.68;754.99;0.00;0.00;0.00
14.12.2020;23:23:06;3.36;41.59;11.69;754.99;0.00;0.00;0.00
14.12.2020;23:24:06;3.33;41.53;11.70;754.98;0.00;0.00;0.00
14.12.2020;23:25:06;3.33;41.53;11.69;754.98;0.00;0.00;0.00
14.12.2020;23:26:06;3.35;41.53;11.68;755.00;0.00;0.00;0.00
14.12.2020;23:27:06;3.33;41.55;11.68;755.00;0.00;0.00;0.00
14.12.2020;23:28:06;3.33;41.56;11.67;755.02;0.00;0.00;0.00
14.12.2020;23:29:06;3.33;41.57;11.67;755.02;0.00;0.00;0.00
14.12.2020;23:30:06;3.33;41.54;11.67;755.03;0.00;0.00;0.00
14.12.2020;23:31:06;3.33;41.54;11.67;755.04;0.00;0.00;0.00
14.12.2020;23:32:06;3.33;41.57;11.66;755.04;0.00;0.00;0.00
14.12.2020;23:33:06;3.33;41.61;11.66;755.04;0.00;0.00;0.00
14.12.2020;23:34:06;3.35;41.60;11.65;755.03;0.00;0.00;0.00
14.12.2020;23:35:06;3.33;41.59;11.64;755.03;0.00;0.00;0.00
14.12.2020;23:36:06;3.33;41.59;11.65;755.03;0.00;0.00;0.00
14.12.2020;23:37:06;3.36;41.58;11.65;755.03;0.00;0.00;0.00
14.12.2020;23:38:06;3.33;41.58;11.66;755.03;0.00;0.00;0.00
14.12.2020;23:39:06;3.33;41.57;11.65;755.02;0.00;0.00;0.00
14.12.2020;23:40:07;3.35;41.61;11.64;755.02;0.00;0.00;0.00
14.12.2020;23:41:07;3.33;41.58;11.65;755.02;0.00;0.00;0.00
14.12.2020;23:42:07;3.33;41.55;11.65;755.02;0.00;0.00;0.00
14.12.2020;23:43:07;3.33;41.55;11.65;755.03;0.00;0.00;0.00
14.12.2020;23:44:07;3.33;41.56;11.65;755.03;0.00;0.00;0.00
14.12.2020;23:45:07;3.33;41.56;11.63;755.03;0.00;0.00;0.00
14.12.2020;23:46:07;3.33;41.57;11.63;755.04;0.00;0.00;0.00
14.12.2020;23:47:07;3.33;41.58;11.63;755.05;0.00;0.00;0.00
14.12.2020;23:48:07;3.35;41.57;11.63;755.06;0.00;0.00;0.00
14.12.2020;23:49:07;3.33;41.58;11.63;755.06;0.00;0.00;0.00
14.12.2020;23:50:07;3.33;41.58;11.63;755.06;0.00;0.00;0.00
14.12.2020;23:51:07;3.36;41.56;11.64;755.06;0.00;0.00;0.00
14.12.2020;23:52:07;3.33;41.53;11.64;755.06;0.00;0.00;0.00
14.12.2020;23:53:07;3.33;41.54;11.63;755.07;0.00;0.00;0.00
14.12.2020;23:54:07;3.35;41.55;11.63;755.07;0.00;0.00;0.00
14.12.2020;23:55:07;3.33;41.53;11.64;755.08;0.00;0.00;0.00
14.12.2020;23:56:07;3.33;41.59;11.61;755.07;0.00;0.00;0.00
14.12.2020;23:57:07;3.33;41.57;11.61;755.07;0.00;0.00;0.00
14.12.2020;23:58:07;3.33;41.55;11.62;755.06;0.00;0.00;0.00
14.12.2020;23:59:07;3.33;41.59;11.61;755.06;0.00;0.00;0.00
