15.01.2021;0:00:26;3.33;40.19;8.34;742.45;0.00;0.00;0.00
15.01.2021;0:01:26;3.36;39.82;8.33;742.47;0.00;0.00;0.00
15.01.2021;0:02:26;3.33;39.93;8.34;742.45;0.00;0.00;0.00
15.01.2021;0:03:26;3.33;39.67;8.33;742.46;0.00;0.00;0.00
15.01.2021;0:04:26;3.33;39.72;8.34;742.45;0.00;0.00;0.00
15.01.2021;0:05:26;3.33;39.76;8.33;742.43;0.00;0.00;0.00
15.01.2021;0:06:26;3.33;39.74;8.32;742.44;0.00;0.00;0.00
15.01.2021;0:07:26;3.33;39.60;8.32;742.44;0.00;0.00;0.00
15.01.2021;0:08:26;3.33;39.56;8.30;742.45;0.00;0.00;0.00
15.01.2021;0:09:26;3.33;39.53;8.30;742.45;0.00;0.00;0.00
15.01.2021;0:10:26;3.33;39.59;8.29;742.46;0.00;0.00;0.00
15.01.2021;0:11:26;3.33;39.61;8.29;742.46;0.00;0.00;0.00
15.01.2021;0:12:26;3.35;39.65;8.29;742.45;0.00;0.00;0.00
15.01.2021;0:13:26;3.33;39.36;8.26;742.44;0.00;0.00;0.00
15.01.2021;0:14:26;3.33;39.58;8.26;742.43;0.00;0.00;0.00
15.01.2021;0:15:26;3.35;39.40;8.25;742.43;0.00;0.00;0.00
15.01.2021;0:16:26;3.33;39.45;8.25;742.43;0.00;0.00;0.00
15.01.2021;0:17:26;3.33;39.45;8.25;742.43;0.00;0.00;0.00
15.01.2021;0:18:27;3.33;39.51;8.26;742.43;0.00;0.00;0.00
15.01.2021;0:19:27;3.33;39.70;8.26;742.45;0.00;0.00;0.00
15.01.2021;0:20:27;3.33;39.91;8.25;742.45;0.00;0.00;0.00
15.01.2021;0:21:27;3.33;39.86;8.26;742.45;0.00;0.00;0.00
15.01.2021;0:22:27;3.33;39.69;8.25;742.47;0.00;0.00;0.00
15.01.2021;0:23:27;3.33;39.85;8.26;742.48;0.00;0.00;0.00
15.01.2021;0:24:27;3.33;39.63;8.24;742.49;0.00;0.00;0.00
15.01.2021;0:25:27;3.33;39.63;8.25;742.50;0.00;0.00;0.00
15.01.2021;0:26:27;3.35;39.90;8.25;742.52;0.00;0.00;0.00
15.01.2021;0:27:27;3.33;39.66;8.23;742.52;0.00;0.00;0.00
15.01.2021;0:28:27;3.33;39.61;8.24;742.52;0.00;0.00;0.00
15.01.2021;0:29:27;3.36;39.49;8.23;742.52;0.00;0.00;0.00
15.01.2021;0:30:27;3.33;39.47;8.23;742.51;0.00;0.00;0.00
15.01.2021;0:31:27;3.33;39.48;8.22;742.51;0.00;0.00;0.00
15.01.2021;0:32:27;3.33;39.17;8.19;742.50;0.00;0.00;0.00
15.01.2021;0:33:27;3.33;39.42;8.19;742.49;0.00;0.00;0.00
15.01.2021;0:34:27;3.33;39.64;8.20;742.47;0.00;0.00;0.00
15.01.2021;0:35:27;3.33;39.58;8.18;742.47;0.00;0.00;0.00
15.01.2021;0:36:27;3.33;39.30;8.17;742.48;0.00;0.00;0.00
15.01.2021;0:37:27;3.33;39.53;8.18;742.48;0.00;0.00;0.00
15.01.2021;0:38:27;3.33;39.42;8.18;742.48;0.00;0.00;0.00
15.01.2021;0:39:27;3.33;39.41;8.18;742.47;0.00;0.00;0.00
15.01.2021;0:40:27;3.35;39.54;8.18;742.48;0.00;0.00;0.00
15.01.2021;0:41:27;3.33;39.74;8.19;742.49;0.00;0.00;0.00
15.01.2021;0:42:27;3.33;39.97;8.19;742.49;0.00;0.00;0.00
15.01.2021;0:43:27;3.36;39.97;8.19;742.51;0.00;0.00;0.00
15.01.2021;0:44:27;3.33;40.11;8.21;742.53;0.00;0.00;0.00
15.01.2021;0:45:27;3.33;39.98;8.22;742.53;0.00;0.00;0.00
15.01.2021;0:46:27;3.33;40.01;8.22;742.54;0.00;0.00;0.00
15.01.2021;0:47:27;3.33;40.11;8.23;742.53;0.00;0.00;0.00
15.01.2021;0:48:27;3.33;40.14;8.25;742.54;0.00;0.00;0.00
15.01.2021;0:49:27;3.33;40.14;8.27;742.54;0.00;0.00;0.00
15.01.2021;0:50:27;3.33;40.17;8.29;742.55;0.00;0.00;0.00
15.01.2021;0:51:27;3.33;39.98;8.31;742.56;0.00;0.00;0.00
15.01.2021;0:52:27;3.33;39.86;8.31;742.56;0.00;0.00;0.00
15.01.2021;0:53:27;3.33;39.80;8.32;742.56;0.00;0.00;0.00
15.01.2021;0:54:27;3.35;39.78;8.32;742.56;0.00;0.00;0.00
15.01.2021;0:55:28;3.33;39.68;8.32;742.56;0.00;0.00;0.00
15.01.2021;0:56:28;3.33;39.91;8.32;742.58;0.00;0.00;0.00
15.01.2021;0:57:28;3.36;40.45;8.33;742.60;0.00;0.00;0.00
15.01.2021;0:58:28;3.33;40.00;8.34;742.60;0.00;0.00;0.00
15.01.2021;0:59:28;3.33;39.95;8.34;742.60;0.00;0.00;0.00
15.01.2021;1:00:28;3.33;39.99;8.34;742.61;0.00;0.00;0.00
15.01.2021;1:01:28;3.33;39.97;8.33;742.63;0.00;0.00;0.00
15.01.2021;1:02:28;3.33;40.02;8.34;742.65;0.00;0.00;0.00
15.01.2021;1:03:28;3.33;39.80;8.33;742.65;0.00;0.00;0.00
15.01.2021;1:04:28;3.33;39.48;8.32;742.65;0.00;0.00;0.00
15.01.2021;1:05:28;3.33;39.67;8.32;742.67;0.00;0.00;0.00
15.01.2021;1:06:28;3.33;39.72;8.32;742.67;0.00;0.00;0.00
15.01.2021;1:07:28;3.33;39.72;8.32;742.68;0.00;0.00;0.00
15.01.2021;1:08:28;3.35;39.74;8.32;742.68;0.00;0.00;0.00
15.01.2021;1:09:28;3.33;39.64;8.33;742.69;0.00;0.00;0.00
15.01.2021;1:10:28;3.33;39.53;8.33;742.70;0.00;0.00;0.00
15.01.2021;1:11:28;3.35;39.51;8.32;742.71;0.00;0.00;0.00
15.01.2021;1:12:28;3.33;39.70;8.34;742.71;0.00;0.00;0.00
15.01.2021;1:13:28;3.33;39.49;8.34;742.71;0.00;0.00;0.00
15.01.2021;1:14:28;3.33;39.38;8.33;742.71;0.00;0.00;0.00
15.01.2021;1:15:28;3.33;39.37;8.32;742.71;0.00;0.00;0.00
15.01.2021;1:16:28;3.33;39.49;8.34;742.71;0.00;0.00;0.00
15.01.2021;1:17:28;3.33;39.86;8.35;742.70;0.00;0.00;0.00
15.01.2021;1:18:28;3.33;39.76;8.34;742.69;0.00;0.00;0.00
15.01.2021;1:19:28;3.33;39.41;8.33;742.69;0.00;0.00;0.00
15.01.2021;1:20:28;3.33;39.47;8.34;742.67;0.00;0.00;0.00
15.01.2021;1:21:28;3.33;39.21;8.33;742.67;0.00;0.00;0.00
15.01.2021;1:22:28;3.35;39.11;8.32;742.66;0.00;0.00;0.00
15.01.2021;1:23:28;3.33;39.18;8.32;742.66;0.00;0.00;0.00
15.01.2021;1:24:28;3.33;39.34;8.33;742.67;0.00;0.00;0.00
15.01.2021;1:25:28;3.35;39.16;8.32;742.69;0.00;0.00;0.00
15.01.2021;1:26:28;3.33;39.11;8.31;742.70;0.00;0.00;0.00
15.01.2021;1:27:28;3.33;39.21;8.32;742.70;0.00;0.00;0.00
15.01.2021;1:28:28;3.33;39.42;8.31;742.70;0.00;0.00;0.00
15.01.2021;1:29:28;3.33;39.14;8.29;742.69;0.00;0.00;0.00
15.01.2021;1:30:28;3.33;39.10;8.28;742.69;0.00;0.00;0.00
15.01.2021;1:31:28;3.33;39.06;8.28;742.69;0.00;0.00;0.00
15.01.2021;1:32:29;3.33;39.29;8.29;742.70;0.00;0.00;0.00
15.01.2021;1:33:29;3.33;39.27;8.27;742.69;0.00;0.00;0.00
15.01.2021;1:34:29;3.33;39.27;8.27;742.69;0.00;0.00;0.00
15.01.2021;1:35:29;3.33;39.10;8.26;742.68;0.00;0.00;0.00
15.01.2021;1:36:29;3.35;39.21;8.24;742.68;0.00;0.00;0.00
15.01.2021;1:37:29;3.33;39.46;8.25;742.69;0.00;0.00;0.00
15.01.2021;1:38:29;3.33;39.30;8.25;742.71;0.00;0.00;0.00
15.01.2021;1:39:29;3.35;39.10;8.23;742.71;0.00;0.00;0.00
15.01.2021;1:40:29;3.33;39.02;8.22;742.72;0.00;0.00;0.00
15.01.2021;1:41:29;3.33;39.07;8.22;742.74;0.00;0.00;0.00
15.01.2021;1:42:29;3.33;39.07;8.21;742.75;0.00;0.00;0.00
15.01.2021;1:43:29;3.33;39.03;8.19;742.77;0.00;0.00;0.00
15.01.2021;1:44:29;3.33;39.50;8.19;742.79;0.00;0.00;0.00
15.01.2021;1:45:29;3.33;39.60;8.20;742.80;0.00;0.00;0.00
15.01.2021;1:46:29;3.33;39.43;8.17;742.80;0.00;0.00;0.00
15.01.2021;1:47:29;3.33;39.09;8.16;742.82;0.00;0.00;0.00
15.01.2021;1:48:29;3.33;39.18;8.16;742.83;0.00;0.00;0.00
15.01.2021;1:49:29;3.33;39.29;8.18;742.85;0.00;0.00;0.00
15.01.2021;1:50:29;3.35;39.52;8.18;742.85;0.00;0.00;0.00
15.01.2021;1:51:29;3.33;39.53;8.17;742.86;0.00;0.00;0.00
15.01.2021;1:52:29;3.33;39.50;8.17;742.86;0.00;0.00;0.00
15.01.2021;1:53:29;3.35;39.61;8.17;742.85;0.00;0.00;0.00
15.01.2021;1:54:29;3.33;39.34;8.16;742.86;0.00;0.00;0.00
15.01.2021;1:55:29;3.33;39.33;8.16;742.86;0.00;0.00;0.00
15.01.2021;1:56:29;3.33;39.25;8.16;742.86;0.00;0.00;0.00
15.01.2021;1:57:29;3.33;39.44;8.17;742.87;0.00;0.00;0.00
15.01.2021;1:58:29;3.33;39.72;8.17;742.88;0.00;0.00;0.00
15.01.2021;1:59:29;3.33;39.37;8.17;742.91;0.00;0.00;0.00
15.01.2021;2:00:29;3.33;39.29;8.18;742.93;0.00;0.00;0.00
15.01.2021;2:01:29;3.33;39.33;8.19;742.95;0.00;0.00;0.00
15.01.2021;2:02:29;3.33;39.54;8.18;742.96;0.00;0.00;0.00
15.01.2021;2:03:29;3.33;39.55;8.18;742.97;0.00;0.00;0.00
15.01.2021;2:04:29;3.35;39.33;8.17;742.99;0.00;0.00;0.00
15.01.2021;2:05:29;3.33;39.32;8.18;743.00;0.00;0.00;0.00
15.01.2021;2:06:29;3.33;39.34;8.18;743.01;0.00;0.00;0.00
15.01.2021;2:07:29;3.35;39.56;8.18;743.00;0.00;0.00;0.00
15.01.2021;2:08:30;3.33;39.03;8.15;743.01;0.00;0.00;0.00
15.01.2021;2:09:30;3.33;39.13;8.14;743.03;0.00;0.00;0.00
15.01.2021;2:10:30;3.33;39.54;8.15;743.02;0.00;0.00;0.00
15.01.2021;2:11:30;3.33;39.51;8.15;743.04;0.00;0.00;0.00
15.01.2021;2:12:30;3.33;39.48;8.15;743.05;0.00;0.00;0.00
15.01.2021;2:13:30;3.33;39.31;8.17;743.07;0.00;0.00;0.00
15.01.2021;2:14:30;3.33;39.23;8.15;743.07;0.00;0.00;0.00
15.01.2021;2:15:30;3.33;39.38;8.15;743.08;0.00;0.00;0.00
15.01.2021;2:16:30;3.33;39.56;8.16;743.08;0.00;0.00;0.00
15.01.2021;2:17:30;3.33;39.65;8.17;743.06;0.00;0.00;0.00
15.01.2021;2:18:30;3.35;39.59;8.17;743.06;0.00;0.00;0.00
15.01.2021;2:19:30;3.33;39.57;8.17;743.06;0.00;0.00;0.00
15.01.2021;2:20:30;3.33;39.28;8.18;743.07;0.00;0.00;0.00
15.01.2021;2:21:30;3.35;39.37;8.18;743.07;0.00;0.00;0.00
15.01.2021;2:22:30;3.33;39.46;8.19;743.08;0.00;0.00;0.00
15.01.2021;2:23:30;3.33;39.34;8.19;743.07;0.00;0.00;0.00
15.01.2021;2:24:30;3.33;39.54;8.21;743.04;0.00;0.00;0.00
15.01.2021;2:25:30;3.33;39.44;8.20;743.03;0.00;0.00;0.00
15.01.2021;2:26:30;3.33;39.42;8.20;743.02;0.00;0.00;0.00
15.01.2021;2:27:30;3.33;39.70;8.21;743.03;0.00;0.00;0.00
15.01.2021;2:28:30;3.33;39.62;8.22;743.03;0.00;0.00;0.00
15.01.2021;2:29:30;3.33;39.08;8.20;743.03;0.00;0.00;0.00
15.01.2021;2:30:30;3.33;38.92;8.20;743.03;0.00;0.00;0.00
15.01.2021;2:31:30;3.33;39.16;8.22;743.02;0.00;0.00;0.00
15.01.2021;2:32:30;3.35;39.43;8.23;743.02;0.00;0.00;0.00
15.01.2021;2:33:30;3.33;39.73;8.22;743.03;0.00;0.00;0.00
15.01.2021;2:34:30;3.33;39.61;8.22;743.03;0.00;0.00;0.00
15.01.2021;2:35:30;3.35;39.43;8.23;743.04;0.00;0.00;0.00
15.01.2021;2:36:30;3.33;39.18;8.22;743.05;0.00;0.00;0.00
15.01.2021;2:37:30;3.33;39.26;8.23;743.06;0.00;0.00;0.00
15.01.2021;2:38:30;3.33;39.13;8.23;743.07;0.00;0.00;0.00
15.01.2021;2:39:30;3.33;39.00;8.23;743.07;0.00;0.00;0.00
15.01.2021;2:40:30;3.33;39.23;8.24;743.07;0.00;0.00;0.00
15.01.2021;2:41:30;3.33;39.27;8.24;743.08;0.00;0.00;0.00
15.01.2021;2:42:30;3.33;39.00;8.24;743.09;0.00;0.00;0.00
15.01.2021;2:43:30;3.33;38.99;8.23;743.10;0.00;0.00;0.00
15.01.2021;2:44:30;3.33;39.06;8.22;743.11;0.00;0.00;0.00
15.01.2021;2:45:31;3.33;39.16;8.22;743.11;0.00;0.00;0.00
15.01.2021;2:46:31;3.35;39.16;8.22;743.11;0.00;0.00;0.00
15.01.2021;2:47:31;3.33;39.16;8.22;743.10;0.00;0.00;0.00
15.01.2021;2:48:31;3.33;39.17;8.22;743.09;0.00;0.00;0.00
15.01.2021;2:49:31;3.35;39.08;8.21;743.08;0.00;0.00;0.00
15.01.2021;2:50:31;3.33;39.34;8.21;743.09;0.00;0.00;0.00
15.01.2021;2:51:31;3.33;39.21;8.22;743.11;0.00;0.00;0.00
15.01.2021;2:52:31;3.33;39.00;8.21;743.13;0.00;0.00;0.00
15.01.2021;2:53:31;3.33;38.96;8.20;743.12;0.00;0.00;0.00
15.01.2021;2:54:31;3.33;38.86;8.19;743.13;0.00;0.00;0.00
15.01.2021;2:55:31;3.33;38.93;8.21;743.15;0.00;0.00;0.00
15.01.2021;2:56:31;3.33;38.91;8.20;743.14;0.00;0.00;0.00
15.01.2021;2:57:31;3.33;38.95;8.19;743.16;0.00;0.00;0.00
15.01.2021;2:58:31;3.33;39.12;8.18;743.14;0.00;0.00;0.00
15.01.2021;2:59:31;3.33;38.89;8.17;743.15;0.00;0.00;0.00
15.01.2021;3:00:31;3.35;38.94;8.18;743.15;0.00;0.00;0.00
15.01.2021;3:01:31;3.33;39.09;8.17;743.15;0.00;0.00;0.00
15.01.2021;3:02:31;3.33;39.09;8.16;743.13;0.00;0.00;0.00
15.01.2021;3:03:31;3.35;39.26;8.17;743.14;0.00;0.00;0.00
15.01.2021;3:04:31;3.33;39.12;8.17;743.13;0.00;0.00;0.00
15.01.2021;3:05:31;3.33;39.30;8.17;743.13;0.00;0.00;0.00
15.01.2021;3:06:31;3.33;39.21;8.17;743.14;0.00;0.00;0.00
15.01.2021;3:07:31;3.33;39.04;8.17;743.14;0.00;0.00;0.00
15.01.2021;3:08:31;3.33;38.95;8.18;743.13;0.00;0.00;0.00
15.01.2021;3:09:31;3.33;39.12;8.18;743.13;0.00;0.00;0.00
15.01.2021;3:10:31;3.33;38.96;8.18;743.14;0.00;0.00;0.00
15.01.2021;3:11:31;3.33;38.73;8.19;743.16;0.00;0.00;0.00
15.01.2021;3:12:31;3.33;38.70;8.19;743.16;0.00;0.00;0.00
15.01.2021;3:13:31;3.33;39.06;8.19;743.16;0.00;0.00;0.00
15.01.2021;3:14:31;3.35;39.20;8.19;743.17;0.00;0.00;0.00
15.01.2021;3:15:31;3.33;39.03;8.17;743.18;0.00;0.00;0.00
15.01.2021;3:16:31;3.33;38.81;8.17;743.20;0.00;0.00;0.00
15.01.2021;3:17:31;3.35;38.95;8.18;743.21;0.00;0.00;0.00
15.01.2021;3:18:31;3.33;38.86;8.16;743.22;0.00;0.00;0.00
15.01.2021;3:19:31;3.33;39.18;8.17;743.23;0.00;0.00;0.00
15.01.2021;3:20:31;3.33;39.17;8.17;743.22;0.00;0.00;0.00
15.01.2021;3:21:31;3.33;39.14;8.18;743.22;0.00;0.00;0.00
15.01.2021;3:22:32;3.33;39.32;8.18;743.22;0.00;0.00;0.00
15.01.2021;3:23:32;3.33;39.22;8.19;743.22;0.00;0.00;0.00
15.01.2021;3:24:32;3.33;39.19;8.19;743.21;0.00;0.00;0.00
15.01.2021;3:25:32;3.33;39.07;8.19;743.21;0.00;0.00;0.00
15.01.2021;3:26:32;3.33;39.07;8.22;743.20;0.00;0.00;0.00
15.01.2021;3:27:32;3.33;38.90;8.22;743.21;0.00;0.00;0.00
15.01.2021;3:28:32;3.35;38.65;8.20;743.20;0.00;0.00;0.00
15.01.2021;3:29:32;3.33;38.50;8.19;743.20;0.00;0.00;0.00
15.01.2021;3:30:32;3.33;38.73;8.19;743.19;0.00;0.00;0.00
15.01.2021;3:31:32;3.35;38.63;8.19;743.20;0.00;0.00;0.00
15.01.2021;3:32:32;3.33;38.71;8.18;743.22;0.00;0.00;0.00
15.01.2021;3:33:32;3.33;38.67;8.16;743.23;0.00;0.00;0.00
15.01.2021;3:34:32;3.33;38.58;8.16;743.25;0.00;0.00;0.00
15.01.2021;3:35:32;3.33;38.56;8.16;743.25;0.00;0.00;0.00
15.01.2021;3:36:32;3.33;38.66;8.15;743.25;0.00;0.00;0.00
15.01.2021;3:37:32;3.33;38.91;8.15;743.24;0.00;0.00;0.00
15.01.2021;3:38:32;3.33;38.92;8.14;743.24;0.00;0.00;0.00
15.01.2021;3:39:32;3.33;38.80;8.13;743.24;0.00;0.00;0.00
15.01.2021;3:40:32;3.33;38.84;8.12;743.24;0.00;0.00;0.00
15.01.2021;3:41:32;3.33;39.15;8.14;743.25;0.00;0.00;0.00
15.01.2021;3:42:32;3.35;39.17;8.14;743.25;0.00;0.00;0.00
15.01.2021;3:43:32;3.33;39.01;8.14;743.26;0.00;0.00;0.00
15.01.2021;3:44:32;3.33;38.91;8.13;743.28;0.00;0.00;0.00
15.01.2021;3:45:32;3.35;38.83;8.14;743.30;0.00;0.00;0.00
15.01.2021;3:46:32;3.33;38.67;8.13;743.32;0.00;0.00;0.00
15.01.2021;3:47:32;3.33;38.59;8.14;743.33;0.00;0.00;0.00
15.01.2021;3:48:32;3.33;38.74;8.14;743.33;0.00;0.00;0.00
15.01.2021;3:49:32;3.33;38.50;8.13;743.33;0.00;0.00;0.00
15.01.2021;3:50:32;3.33;38.67;8.12;743.32;0.00;0.00;0.00
15.01.2021;3:51:32;3.33;38.69;8.12;743.32;0.00;0.00;0.00
15.01.2021;3:52:32;3.33;38.77;8.11;743.32;0.00;0.00;0.00
15.01.2021;3:53:32;3.33;38.68;8.10;743.32;0.00;0.00;0.00
15.01.2021;3:54:32;3.33;38.48;8.10;743.33;0.00;0.00;0.00
15.01.2021;3:55:32;3.33;38.48;8.10;743.32;0.00;0.00;0.00
15.01.2021;3:56:32;3.35;38.59;8.09;743.31;0.00;0.00;0.00
15.01.2021;3:57:32;3.33;38.63;8.09;743.32;0.00;0.00;0.00
15.01.2021;3:58:32;3.33;38.84;8.09;743.33;0.00;0.00;0.00
15.01.2021;3:59:33;3.35;38.74;8.08;743.32;0.00;0.00;0.00
15.01.2021;4:00:33;3.33;38.93;8.08;743.30;0.00;0.00;0.00
15.01.2021;4:01:33;3.33;38.82;8.07;743.30;0.00;0.00;0.00
15.01.2021;4:02:33;3.33;38.67;8.06;743.30;0.00;0.00;0.00
15.01.2021;4:03:33;3.33;38.64;8.04;743.31;0.00;0.00;0.00
15.01.2021;4:04:33;3.33;38.72;8.06;743.31;0.00;0.00;0.00
15.01.2021;4:05:33;3.33;38.69;8.05;743.32;0.00;0.00;0.00
15.01.2021;4:06:33;3.33;38.78;8.05;743.31;0.00;0.00;0.00
15.01.2021;4:07:33;3.33;38.80;8.05;743.31;0.00;0.00;0.00
15.01.2021;4:08:33;3.33;38.86;8.04;743.31;0.00;0.00;0.00
15.01.2021;4:09:33;3.33;38.93;8.04;743.34;0.00;0.00;0.00
15.01.2021;4:10:33;3.35;38.82;8.03;743.35;0.00;0.00;0.00
15.01.2021;4:11:33;3.33;38.88;8.03;743.36;0.00;0.00;0.00
15.01.2021;4:12:33;3.33;39.24;8.03;743.37;0.00;0.00;0.00
15.01.2021;4:13:33;3.35;39.05;8.03;743.38;0.00;0.00;0.00
15.01.2021;4:14:33;3.33;39.03;8.03;743.39;0.00;0.00;0.00
15.01.2021;4:15:33;3.33;39.22;8.04;743.40;0.00;0.00;0.00
15.01.2021;4:16:33;3.33;38.98;8.03;743.41;0.00;0.00;0.00
15.01.2021;4:17:33;3.33;38.94;8.04;743.41;0.00;0.00;0.00
15.01.2021;4:18:33;3.33;38.83;8.03;743.42;0.00;0.00;0.00
15.01.2021;4:19:33;3.33;38.91;8.03;743.42;0.00;0.00;0.00
15.01.2021;4:20:33;3.33;38.90;8.02;743.44;0.00;0.00;0.00
15.01.2021;4:21:33;3.33;38.93;8.02;743.44;0.00;0.00;0.00
15.01.2021;4:22:33;3.33;38.88;8.03;743.44;0.00;0.00;0.00
15.01.2021;4:23:33;3.33;38.60;8.01;743.46;0.00;0.00;0.00
15.01.2021;4:24:33;3.35;38.59;8.02;743.47;0.00;0.00;0.00
15.01.2021;4:25:33;3.33;38.89;8.03;743.47;0.00;0.00;0.00
15.01.2021;4:26:33;3.33;38.91;8.02;743.47;0.00;0.00;0.00
15.01.2021;4:27:33;3.35;38.90;8.01;743.47;0.00;0.00;0.00
15.01.2021;4:28:33;3.33;38.84;8.01;743.47;0.00;0.00;0.00
15.01.2021;4:29:33;3.33;38.86;8.01;743.46;0.00;0.00;0.00
15.01.2021;4:30:33;3.33;38.87;8.01;743.45;0.00;0.00;0.00
15.01.2021;4:31:33;3.33;38.96;8.01;743.46;0.00;0.00;0.00
15.01.2021;4:32:33;3.33;39.15;8.01;743.48;0.00;0.00;0.00
15.01.2021;4:33:33;3.33;39.10;8.02;743.49;0.00;0.00;0.00
15.01.2021;4:34:33;3.33;39.04;8.02;743.49;0.00;0.00;0.00
15.01.2021;4:35:33;3.33;39.03;8.01;743.49;0.00;0.00;0.00
15.01.2021;4:36:34;3.33;39.01;8.02;743.49;0.00;0.00;0.00
15.01.2021;4:37:34;3.33;38.69;8.02;743.49;0.00;0.00;0.00
15.01.2021;4:38:34;3.35;38.95;8.03;743.48;0.00;0.00;0.00
15.01.2021;4:39:34;3.33;39.08;8.04;743.49;0.00;0.00;0.00
15.01.2021;4:40:34;3.33;39.14;8.04;743.49;0.00;0.00;0.00
15.01.2021;4:41:34;3.35;38.95;8.03;743.50;0.00;0.00;0.00
15.01.2021;4:42:34;3.33;38.84;8.03;743.51;0.00;0.00;0.00
15.01.2021;4:43:34;3.33;38.87;8.03;743.51;0.00;0.00;0.00
15.01.2021;4:44:34;3.33;38.96;8.04;743.51;0.00;0.00;0.00
15.01.2021;4:45:34;3.33;38.97;8.05;743.51;0.00;0.00;0.00
15.01.2021;4:46:34;3.33;39.00;8.05;743.52;0.00;0.00;0.00
15.01.2021;4:47:34;3.33;38.88;8.04;743.51;0.00;0.00;0.00
15.01.2021;4:48:34;3.33;38.79;8.04;743.51;0.00;0.00;0.00
15.01.2021;4:49:34;3.33;38.59;8.05;743.51;0.00;0.00;0.00
15.01.2021;4:50:34;3.33;38.45;8.05;743.52;0.00;0.00;0.00
15.01.2021;4:51:34;3.33;38.64;8.04;743.52;0.00;0.00;0.00
15.01.2021;4:52:34;3.35;38.38;8.02;743.52;0.00;0.00;0.00
15.01.2021;4:53:34;3.33;38.25;8.01;743.55;0.00;0.00;0.00
15.01.2021;4:54:34;3.33;38.38;8.00;743.55;0.00;0.00;0.00
15.01.2021;4:55:34;3.35;38.65;8.00;743.55;0.00;0.00;0.00
15.01.2021;4:56:34;3.33;38.76;8.00;743.56;0.00;0.00;0.00
15.01.2021;4:57:34;3.33;38.59;7.99;743.57;0.00;0.00;0.00
15.01.2021;4:58:34;3.33;38.55;7.99;743.58;0.00;0.00;0.00
15.01.2021;4:59:34;3.33;38.30;7.98;743.58;0.00;0.00;0.00
15.01.2021;5:00:34;3.33;38.26;7.97;743.57;0.00;0.00;0.00
15.01.2021;5:01:34;3.33;38.32;7.96;743.58;0.00;0.00;0.00
15.01.2021;5:02:34;3.33;38.54;7.96;743.58;0.00;0.00;0.00
15.01.2021;5:03:34;3.33;38.49;7.94;743.58;0.00;0.00;0.00
15.01.2021;5:04:34;3.33;38.49;7.94;743.60;0.00;0.00;0.00
15.01.2021;5:05:34;3.33;38.67;7.94;743.61;0.00;0.00;0.00
15.01.2021;5:06:34;3.35;38.85;7.94;743.61;0.00;0.00;0.00
15.01.2021;5:07:34;3.33;38.76;7.94;743.62;0.00;0.00;0.00
15.01.2021;5:08:34;3.33;38.54;7.93;743.62;0.00;0.00;0.00
15.01.2021;5:09:34;3.35;38.40;7.92;743.62;0.00;0.00;0.00
15.01.2021;5:10:34;3.33;38.36;7.93;743.63;0.00;0.00;0.00
15.01.2021;5:11:34;3.33;38.09;7.90;743.65;0.00;0.00;0.00
15.01.2021;5:12:34;3.33;38.26;7.88;743.67;0.00;0.00;0.00
15.01.2021;5:13:35;3.33;38.06;7.87;743.68;0.00;0.00;0.00
15.01.2021;5:14:35;3.33;37.86;7.83;743.69;0.00;0.00;0.00
15.01.2021;5:15:35;3.33;37.41;7.78;743.70;0.00;0.00;0.00
15.01.2021;5:16:35;3.33;37.60;7.75;743.71;0.00;0.00;0.00
15.01.2021;5:17:35;3.33;37.82;7.74;743.70;0.00;0.00;0.00
15.01.2021;5:18:35;3.33;37.88;7.73;743.70;0.00;0.00;0.00
15.01.2021;5:19:35;3.33;37.48;7.67;743.72;0.00;0.00;0.00
15.01.2021;5:20:35;3.35;37.40;7.61;743.74;0.00;0.00;0.00
15.01.2021;5:21:35;3.33;37.67;7.58;743.75;0.00;0.00;0.00
15.01.2021;5:22:35;3.33;37.89;7.59;743.75;0.00;0.00;0.00
15.01.2021;5:23:35;3.35;37.69;7.55;743.75;0.00;0.00;0.00
15.01.2021;5:24:35;3.33;37.66;7.50;743.76;0.00;0.00;0.00
15.01.2021;5:25:35;3.33;37.82;7.49;743.77;0.00;0.00;0.00
15.01.2021;5:26:35;3.33;37.87;7.47;743.79;0.00;0.00;0.00
15.01.2021;5:27:35;3.33;38.19;7.47;743.79;0.00;0.00;0.00
15.01.2021;5:28:35;3.33;38.21;7.46;743.80;0.00;0.00;0.00
15.01.2021;5:29:35;3.33;38.17;7.44;743.82;0.00;0.00;0.00
15.01.2021;5:30:35;3.33;38.00;7.42;743.82;0.00;0.00;0.00
15.01.2021;5:31:35;3.33;37.85;7.38;743.83;0.00;0.00;0.00
15.01.2021;5:32:35;3.33;38.14;7.39;743.82;0.00;0.00;0.00
15.01.2021;5:33:35;3.33;37.96;7.35;743.82;0.00;0.00;0.00
15.01.2021;5:34:35;3.35;38.29;7.37;743.79;0.00;0.00;0.00
15.01.2021;5:35:35;3.33;38.24;7.37;743.79;0.00;0.00;0.00
15.01.2021;5:36:35;3.33;38.24;7.37;743.78;0.00;0.00;0.00
15.01.2021;5:37:35;3.35;38.34;7.37;743.79;0.00;0.00;0.00
15.01.2021;5:38:35;3.33;38.16;7.36;743.81;0.00;0.00;0.00
15.01.2021;5:39:35;3.33;38.36;7.36;743.83;0.00;0.00;0.00
15.01.2021;5:40:35;3.33;38.54;7.37;743.83;0.00;0.00;0.00
15.01.2021;5:41:35;3.33;38.34;7.35;743.85;0.00;0.00;0.00
15.01.2021;5:42:35;3.33;38.38;7.36;743.86;0.00;0.00;0.00
15.01.2021;5:43:35;3.33;38.35;7.38;743.86;0.00;0.00;0.00
15.01.2021;5:44:35;3.33;38.54;7.39;743.86;0.00;0.00;0.00
15.01.2021;5:45:35;3.33;38.38;7.40;743.86;0.00;0.00;0.00
15.01.2021;5:46:35;3.33;38.41;7.40;743.88;0.00;0.00;0.00
15.01.2021;5:47:35;3.33;38.24;7.39;743.90;0.00;0.00;0.00
15.01.2021;5:48:35;3.35;38.65;7.39;743.91;0.00;0.00;0.00
15.01.2021;5:49:35;3.33;38.11;7.38;743.93;0.00;0.00;0.00
15.01.2021;5:50:35;3.33;37.51;7.34;743.94;0.00;0.00;0.00
15.01.2021;5:51:36;3.35;37.92;7.34;743.94;0.00;0.00;0.00
15.01.2021;5:52:36;3.33;37.86;7.33;743.95;0.00;0.00;0.00
15.01.2021;5:53:36;3.33;37.85;7.31;743.96;0.00;0.00;0.00
15.01.2021;5:54:36;3.33;38.07;7.32;743.96;0.00;0.00;0.00
15.01.2021;5:55:36;3.33;37.97;7.31;743.96;0.00;0.00;0.00
15.01.2021;5:56:36;3.33;37.98;7.30;743.96;0.00;0.00;0.00
15.01.2021;5:57:36;3.33;37.91;7.29;743.96;0.00;0.00;0.00
15.01.2021;5:58:36;3.33;37.85;7.29;743.95;0.00;0.00;0.00
15.01.2021;5:59:36;3.33;37.70;7.25;743.95;0.00;0.00;0.00
15.01.2021;6:00:36;3.33;37.95;7.26;743.94;0.00;0.00;0.00
15.01.2021;6:01:36;3.33;38.15;7.26;743.96;0.00;0.00;0.00
15.01.2021;6:02:36;3.35;37.98;7.24;743.96;0.00;0.00;0.00
15.01.2021;6:03:36;3.33;37.80;7.24;743.96;0.00;0.00;0.00
15.01.2021;6:04:36;3.33;37.86;7.23;743.97;0.00;0.00;0.00
15.01.2021;6:05:36;3.35;37.69;7.21;743.96;0.00;0.00;0.00
15.01.2021;6:06:36;3.33;37.90;7.22;743.96;0.00;0.00;0.00
15.01.2021;6:07:36;3.33;37.73;7.19;743.95;0.00;0.00;0.00
15.01.2021;6:08:36;3.33;37.71;7.18;743.96;0.00;0.00;0.00
15.01.2021;6:09:36;3.33;37.79;7.17;743.97;0.00;0.00;0.00
15.01.2021;6:10:36;3.33;38.29;7.18;743.98;0.00;0.00;0.00
15.01.2021;6:11:36;3.33;37.85;7.16;743.99;0.00;0.00;0.00
15.01.2021;6:12:36;3.33;37.74;7.15;743.99;0.00;0.00;0.00
15.01.2021;6:13:36;3.33;37.56;7.13;744.02;0.00;0.00;0.00
15.01.2021;6:14:36;3.33;37.64;7.13;744.01;0.00;0.00;0.00
15.01.2021;6:15:36;3.33;37.82;7.16;744.01;0.00;0.00;0.00
15.01.2021;6:16:36;3.35;37.70;7.15;744.02;0.00;0.00;0.00
15.01.2021;6:17:36;3.33;37.73;7.13;744.02;0.00;0.00;0.00
15.01.2021;6:18:36;3.33;37.62;7.14;744.02;0.00;0.00;0.00
15.01.2021;6:19:36;3.35;37.37;7.12;744.02;0.00;0.00;0.00
15.01.2021;6:20:36;3.33;37.51;7.10;744.04;0.00;0.00;0.00
15.01.2021;6:21:36;3.33;37.50;7.10;744.05;0.00;0.00;0.00
15.01.2021;6:22:36;3.33;37.63;7.10;744.07;0.00;0.00;0.00
15.01.2021;6:23:36;3.33;37.75;7.11;744.07;0.00;0.00;0.00
15.01.2021;6:24:36;3.33;38.02;7.12;744.05;0.00;0.00;0.00
15.01.2021;6:25:36;3.33;37.66;7.08;744.06;0.00;0.00;0.00
15.01.2021;6:26:36;3.33;37.77;7.08;744.04;0.00;0.00;0.00
15.01.2021;6:27:36;3.33;37.65;7.08;744.02;0.00;0.00;0.00
15.01.2021;6:28:37;3.33;37.27;7.05;744.02;0.00;0.00;0.00
15.01.2021;6:29:37;3.33;37.48;7.06;744.02;0.00;0.00;0.00
15.01.2021;6:30:37;3.35;37.33;7.04;744.03;0.00;0.00;0.00
15.01.2021;6:31:37;3.33;37.20;6.99;744.04;0.00;0.00;0.00
15.01.2021;6:32:37;3.33;37.34;6.98;744.04;0.00;0.00;0.00
15.01.2021;6:33:37;3.35;37.53;7.01;744.06;0.00;0.00;0.00
15.01.2021;6:34:37;3.33;37.36;6.99;744.06;0.00;0.00;0.00
15.01.2021;6:35:37;3.33;37.38;6.97;744.08;0.00;0.00;0.00
15.01.2021;6:36:37;3.33;37.51;6.98;744.09;0.00;0.00;0.00
15.01.2021;6:37:37;3.33;37.45;6.96;744.11;0.00;0.00;0.00
15.01.2021;6:38:37;3.33;37.27;6.91;744.11;0.00;0.00;0.00
15.01.2021;6:39:37;3.33;37.55;6.93;744.11;0.00;0.00;0.00
15.01.2021;6:40:37;3.33;37.51;6.91;744.12;0.00;0.00;0.00
15.01.2021;6:41:37;3.33;37.98;6.94;744.12;0.00;0.00;0.00
15.01.2021;6:42:37;3.33;37.82;6.94;744.13;0.00;0.00;0.00
15.01.2021;6:43:37;3.33;38.00;6.94;744.15;0.00;0.00;0.00
15.01.2021;6:44:37;3.35;37.83;6.93;744.16;0.00;0.00;0.00
15.01.2021;6:45:37;3.33;37.66;6.91;744.18;0.00;0.00;0.00
15.01.2021;6:46:37;3.33;37.90;6.94;744.20;0.00;0.00;0.00
15.01.2021;6:47:37;3.35;37.85;6.93;744.22;0.00;0.00;0.00
15.01.2021;6:48:37;3.33;37.62;6.91;744.23;0.00;0.00;0.00
15.01.2021;6:49:37;3.33;37.58;6.92;744.24;0.00;0.00;0.00
15.01.2021;6:50:37;3.33;37.56;6.91;744.24;0.00;0.00;0.00
15.01.2021;6:51:37;3.33;37.72;6.93;744.25;0.00;0.00;0.00
15.01.2021;6:52:37;3.33;37.40;6.91;744.27;0.00;0.00;0.00
15.01.2021;6:53:37;3.33;37.58;6.91;744.26;0.00;0.00;0.00
15.01.2021;6:54:37;3.33;37.25;6.89;744.26;0.00;0.00;0.00
15.01.2021;6:55:37;3.33;37.42;6.88;744.26;0.00;0.00;0.00
15.01.2021;6:56:37;3.33;37.32;6.90;744.25;0.00;0.00;0.00
15.01.2021;6:57:37;3.33;37.16;6.88;744.26;0.00;0.00;0.00
15.01.2021;6:58:37;3.35;37.34;6.89;744.28;0.00;0.00;0.00
15.01.2021;6:59:37;3.33;37.30;6.89;744.28;0.00;0.00;0.00
15.01.2021;7:00:37;3.33;37.47;6.89;744.30;0.00;0.00;0.00
15.01.2021;7:01:37;3.35;37.33;6.90;744.32;0.00;0.00;0.00
15.01.2021;7:02:37;3.33;37.15;6.89;744.33;0.00;0.00;0.00
15.01.2021;7:03:37;3.33;37.23;6.89;744.36;0.00;0.00;0.00
15.01.2021;7:04:37;3.33;37.25;6.89;744.38;0.00;0.00;0.00
15.01.2021;7:05:37;3.33;37.27;6.85;744.39;0.00;0.00;0.00
15.01.2021;7:06:38;3.33;37.01;6.82;744.40;0.00;0.00;0.00
15.01.2021;7:07:38;3.33;36.89;6.80;744.41;0.00;0.00;0.00
15.01.2021;7:08:38;3.33;36.98;6.77;744.41;0.00;0.00;0.00
15.01.2021;7:09:38;3.33;37.20;6.79;744.41;0.00;0.00;0.00
15.01.2021;7:10:38;3.33;37.20;6.81;744.41;0.00;0.00;0.00
15.01.2021;7:11:38;3.33;37.36;6.82;744.41;0.00;0.00;0.00
15.01.2021;7:12:38;3.35;37.33;6.82;744.40;0.00;0.00;0.00
15.01.2021;7:13:38;3.33;37.03;6.78;744.41;0.00;0.00;0.00
15.01.2021;7:14:38;3.33;36.67;6.75;744.39;0.00;0.00;0.00
15.01.2021;7:15:38;3.36;36.96;6.77;744.40;0.00;0.00;0.00
15.01.2021;7:16:38;3.33;36.63;6.71;744.41;0.00;0.00;0.00
15.01.2021;7:17:38;3.33;36.63;6.71;744.42;0.00;0.00;0.00
15.01.2021;7:18:38;3.35;37.11;6.73;744.42;0.00;0.00;0.00
15.01.2021;7:19:38;3.33;37.38;6.72;744.43;0.00;0.00;0.00
15.01.2021;7:20:38;3.33;36.67;6.67;744.45;0.00;0.00;0.00
15.01.2021;7:21:38;3.33;36.63;6.64;744.46;0.00;0.00;0.00
15.01.2021;7:22:38;3.33;36.60;6.61;744.46;0.00;0.00;0.00
15.01.2021;7:23:38;3.78;36.82;6.64;744.48;0.00;0.00;0.00
15.01.2021;7:24:38;4.17;36.70;6.62;744.48;0.00;0.00;0.00
15.01.2021;7:25:38;4.17;36.70;6.60;744.49;0.00;0.00;0.00
15.01.2021;7:26:38;4.18;36.56;6.57;744.50;0.00;0.00;0.00
15.01.2021;7:27:38;4.17;36.51;6.52;744.52;0.00;0.00;0.00
15.01.2021;7:28:38;4.34;36.68;6.51;744.53;0.00;0.00;0.00
15.01.2021;7:29:38;5.01;36.88;6.54;744.55;0.00;0.00;0.00
15.01.2021;7:30:38;5.00;36.76;6.52;744.56;0.00;0.00;0.00
15.01.2021;7:31:38;5.06;36.57;6.50;744.59;0.00;0.00;0.00
15.01.2021;7:32:38;5.83;36.66;6.49;744.60;0.00;0.00;0.00
15.01.2021;7:33:38;6.07;37.20;6.48;744.61;0.00;0.00;0.00
15.01.2021;7:34:38;6.67;36.89;6.51;744.64;0.00;0.00;0.00
15.01.2021;7:35:38;7.36;36.32;6.46;744.64;0.00;0.00;0.00
15.01.2021;7:36:38;8.08;36.48;6.45;744.66;0.00;0.00;0.00
15.01.2021;7:37:38;8.92;37.13;6.46;744.67;0.00;0.00;0.00
15.01.2021;7:38:38;9.87;36.93;6.45;744.69;0.00;0.00;0.00
15.01.2021;7:39:38;11.06;36.99;6.45;744.67;0.00;0.00;0.00
15.01.2021;7:40:38;12.15;37.26;6.46;744.67;0.00;0.00;0.00
15.01.2021;7:41:38;13.46;37.11;6.45;744.67;0.00;0.00;0.00
15.01.2021;7:42:38;14.76;37.29;6.46;744.68;0.00;0.00;0.00
15.01.2021;7:43:38;16.35;36.97;6.44;744.69;0.01;0.00;0.00
15.01.2021;7:44:39;17.92;36.83;6.43;744.67;0.01;0.00;0.00
15.01.2021;7:45:39;19.52;36.98;6.45;744.68;0.02;0.00;0.00
15.01.2021;7:46:39;21.35;37.30;6.49;744.69;0.02;0.00;0.00
15.01.2021;7:47:39;23.17;37.14;6.49;744.70;0.03;0.00;0.00
15.01.2021;7:48:39;25.07;37.21;6.50;744.71;0.03;0.00;0.00
15.01.2021;7:49:39;27.08;37.31;6.51;744.71;0.04;0.00;0.00
15.01.2021;7:50:39;29.39;37.39;6.52;744.70;0.04;0.00;0.00
15.01.2021;7:51:39;31.97;36.92;6.50;744.71;0.05;0.00;0.00
15.01.2021;7:52:39;34.56;36.87;6.50;744.71;0.06;0.00;0.00
15.01.2021;7:53:39;37.08;36.79;6.50;744.70;0.06;0.00;0.00
15.01.2021;7:54:39;40.33;36.95;6.50;744.71;0.07;0.00;0.00
15.01.2021;7:55:39;43.25;36.97;6.51;744.71;0.08;0.00;0.00
15.01.2021;7:56:39;46.12;36.98;6.52;744.70;0.09;0.00;0.00
15.01.2021;7:57:39;48.90;36.87;6.50;744.69;0.09;0.00;0.00
15.01.2021;7:58:39;51.87;36.68;6.51;744.69;0.10;0.00;0.00
15.01.2021;7:59:39;55.13;36.61;6.51;744.69;0.11;0.00;0.00
15.01.2021;8:00:39;58.47;36.71;6.50;744.70;0.12;0.00;0.00
15.01.2021;8:01:39;62.01;36.67;6.54;744.69;0.13;0.00;0.00
15.01.2021;8:02:39;65.17;36.46;6.51;744.70;0.14;0.00;0.00
15.01.2021;8:03:39;68.67;36.59;6.52;744.70;0.15;0.00;0.00
15.01.2021;8:04:39;73.31;36.54;6.48;744.72;0.16;0.00;0.00
15.01.2021;8:05:39;78.40;36.88;6.50;744.72;0.18;0.00;0.00
15.01.2021;8:06:39;83.65;36.94;6.51;744.73;0.20;0.00;0.00
15.01.2021;8:07:39;90.04;36.74;6.50;744.73;0.22;0.00;0.00
15.01.2021;8:08:39;96.76;37.14;6.52;744.74;0.24;0.00;0.00
15.01.2021;8:09:39;104.78;36.83;6.50;744.76;0.27;0.00;0.00
15.01.2021;8:10:39;112.71;36.75;6.48;744.76;0.30;0.00;0.00
15.01.2021;8:11:39;118.90;37.04;6.52;744.77;0.32;0.00;0.00
15.01.2021;8:12:39;125.99;36.75;6.51;744.78;0.35;0.00;0.00
15.01.2021;8:13:39;132.81;36.76;6.52;744.79;0.37;0.00;0.00
15.01.2021;8:14:39;140.03;36.24;6.50;744.80;0.40;0.00;0.00
15.01.2021;8:15:39;147.75;36.55;6.51;744.82;0.43;0.01;0.01
15.01.2021;8:16:39;155.71;36.55;6.53;744.83;0.46;0.08;0.04
15.01.2021;8:17:39;163.86;36.53;6.52;744.83;0.49;0.14;0.07
15.01.2021;8:18:40;172.23;36.46;6.55;744.84;0.52;0.19;0.10
15.01.2021;8:19:40;181.44;36.41;6.54;744.85;0.56;0.25;0.14
15.01.2021;8:20:40;192.01;36.50;6.54;744.88;0.60;0.31;0.18
15.01.2021;8:21:40;201.10;36.41;6.53;744.88;0.63;0.37;0.23
15.01.2021;8:22:40;208.50;36.55;6.56;744.88;0.66;0.40;0.26
15.01.2021;8:23:40;212.08;36.43;6.57;744.87;0.67;0.42;0.28
15.01.2021;8:24:40;219.67;36.41;6.58;744.87;0.70;0.46;0.32
15.01.2021;8:25:40;229.38;36.31;6.58;744.86;0.73;0.50;0.37
15.01.2021;8:26:40;241.57;36.38;6.60;744.87;0.77;0.59;0.45
15.01.2021;8:27:40;254.03;36.33;6.61;744.90;0.81;0.64;0.51
15.01.2021;8:28:40;260.90;36.22;6.62;744.92;0.83;0.69;0.57
15.01.2021;8:29:40;268.07;36.05;6.60;744.92;0.85;0.71;0.61
15.01.2021;8:30:40;279.22;35.90;6.59;744.93;0.88;0.78;0.69
15.01.2021;8:31:40;292.57;35.85;6.61;744.94;0.93;0.84;0.78
15.01.2021;8:32:40;307.23;35.70;6.60;744.96;0.98;0.93;0.91
15.01.2021;8:33:40;320.81;35.87;6.60;744.97;1.02;1.00;1.03
15.01.2021;8:34:40;334.35;35.62;6.58;745.00;1.07;1.08;1.15
15.01.2021;8:35:40;347.71;35.72;6.57;744.99;1.11;1.14;1.26
15.01.2021;8:36:40;362.19;35.68;6.57;745.00;1.15;1.22;1.41
15.01.2021;8:37:40;375.49;35.59;6.57;744.99;1.19;1.29;1.54
15.01.2021;8:38:40;385.97;35.46;6.57;745.01;1.22;1.34;1.64
15.01.2021;8:39:40;396.92;35.45;6.55;745.03;1.25;1.39;1.74
15.01.2021;8:40:40;410.06;35.61;6.59;745.05;1.29;1.44;1.86
15.01.2021;8:41:40;425.43;35.65;6.61;745.07;1.33;1.52;2.03
15.01.2021;8:42:40;439.75;35.57;6.59;745.06;1.37;1.60;2.19
15.01.2021;8:43:40;454.31;35.55;6.59;745.08;1.42;1.66;2.36
15.01.2021;8:44:40;469.14;35.52;6.61;745.08;1.46;1.72;2.52
15.01.2021;8:45:40;486.74;35.34;6.60;745.09;1.51;1.81;2.73
15.01.2021;8:46:40;506.14;35.39;6.63;745.11;1.57;1.90;2.98
15.01.2021;8:47:40;523.33;34.75;6.59;745.10;1.62;1.98;3.20
15.01.2021;8:48:40;540.72;34.82;6.55;745.11;1.66;2.05;3.41
15.01.2021;8:49:40;557.08;34.82;6.52;745.09;1.71;2.10;3.59
15.01.2021;8:50:41;571.21;34.87;6.49;745.10;1.74;2.12;3.69
15.01.2021;8:51:41;582.90;34.94;6.48;745.09;1.77;2.13;3.78
15.01.2021;8:52:41;596.12;34.84;6.47;745.10;1.80;2.17;3.90
15.01.2021;8:53:41;610.92;34.81;6.46;745.13;1.83;2.23;4.07
15.01.2021;8:54:41;623.67;34.85;6.44;745.16;1.86;2.28;4.24
15.01.2021;8:55:41;636.76;34.77;6.44;745.17;1.89;2.33;4.40
15.01.2021;8:56:41;650.25;34.83;6.42;745.17;1.92;2.39;4.58
15.01.2021;8:57:41;662.68;35.18;6.45;745.19;1.95;2.46;4.78
15.01.2021;8:58:41;676.79;35.20;6.48;745.20;1.98;2.52;4.97
15.01.2021;8:59:41;691.58;35.37;6.49;745.21;2.02;2.59;5.21
15.01.2021;9:00:41;709.97;35.09;6.47;745.23;2.06;2.68;5.52
15.01.2021;9:01:41;728.22;35.20;6.49;745.23;2.11;2.75;5.79
15.01.2021;9:02:41;746.24;35.26;6.54;745.24;2.15;2.83;6.09
15.01.2021;9:03:41;762.79;35.06;6.51;745.23;2.19;2.89;6.32
15.01.2021;9:04:41;777.19;35.08;6.53;745.23;2.22;2.94;6.52
15.01.2021;9:05:41;789.72;34.77;6.54;745.22;2.25;2.99;6.71
15.01.2021;9:06:41;800.66;34.58;6.55;745.22;2.27;3.01;6.83
15.01.2021;9:07:41;817.71;34.69;6.58;745.24;2.31;3.11;7.19
15.01.2021;9:08:41;826.37;34.84;6.59;745.23;2.33;3.11;7.23
15.01.2021;9:09:41;838.08;34.68;6.57;745.24;2.35;3.16;7.42
15.01.2021;9:10:41;854.03;34.84;6.59;745.25;2.39;3.22;7.69
15.01.2021;9:11:41;867.53;34.91;6.62;745.27;2.42;3.28;7.92
15.01.2021;9:12:41;878.19;34.84;6.63;745.29;2.43;3.30;8.02
15.01.2021;9:13:41;886.96;34.50;6.62;745.30;2.45;3.31;8.12
15.01.2021;9:14:41;897.04;34.57;6.64;745.32;2.48;3.36;8.32
15.01.2021;9:15:41;903.01;34.69;6.68;745.33;2.49;3.39;8.44
15.01.2021;9:16:41;905.45;34.82;6.71;745.33;2.49;3.40;8.47
15.01.2021;9:17:41;906.72;34.66;6.69;745.33;2.49;3.39;8.44
15.01.2021;9:18:41;915.04;34.58;6.70;745.32;2.50;3.41;8.52
15.01.2021;9:19:41;924.19;35.05;6.75;745.32;2.51;3.43;8.62
15.01.2021;9:20:41;929.63;34.98;6.76;745.33;2.51;3.42;8.58
15.01.2021;9:21:41;934.24;34.72;6.76;745.36;2.52;3.43;8.63
15.01.2021;9:22:42;942.42;34.32;6.74;745.38;2.53;3.46;8.75
15.01.2021;9:23:42;954.58;34.39;6.77;745.40;2.55;3.51;8.96
15.01.2021;9:24:42;968.85;34.08;6.75;745.43;2.58;3.54;9.13
15.01.2021;9:25:42;982.61;34.26;6.79;745.44;2.61;3.59;9.39
15.01.2021;9:26:42;995.21;33.87;6.77;745.47;2.63;3.63;9.56
15.01.2021;9:27:42;1014.54;34.13;6.78;745.48;2.66;3.68;9.79
15.01.2021;9:28:42;1026.58;34.10;6.77;745.49;2.69;3.71;9.97
15.01.2021;9:29:42;1040.00;34.15;6.79;745.50;2.71;3.76;10.20
15.01.2021;9:30:42;1047.10;33.86;6.77;745.51;2.73;3.78;10.31
15.01.2021;9:31:42;1067.54;34.06;6.80;745.51;2.77;3.85;10.65
15.01.2021;9:32:42;1095.73;33.64;6.78;745.51;2.82;3.93;11.09
15.01.2021;9:33:42;1116.21;33.62;6.77;745.50;2.86;4.01;11.45
15.01.2021;9:34:42;1149.51;33.58;6.76;745.51;2.92;4.10;11.95
15.01.2021;9:35:42;1182.25;33.79;6.77;745.54;2.98;4.20;12.50
15.01.2021;9:36:42;1212.76;33.62;6.77;745.54;3.03;4.29;13.02
15.01.2021;9:37:42;1241.36;34.00;6.78;745.55;3.08;4.37;13.49
15.01.2021;9:38:42;1261.96;33.66;6.79;745.56;3.12;4.43;13.81
15.01.2021;9:39:42;1284.21;33.47;6.81;745.58;3.16;4.49;14.16
15.01.2021;9:40:42;1311.86;33.57;6.82;745.59;3.21;4.56;14.63
15.01.2021;9:41:42;1336.18;33.58;6.84;745.60;3.25;4.63;15.02
15.01.2021;9:42:42;1357.47;33.40;6.83;745.60;3.28;4.69;15.41
15.01.2021;9:43:42;1392.43;33.53;6.86;745.60;3.34;4.80;16.06
15.01.2021;9:44:42;1408.37;33.16;6.85;745.61;3.37;4.84;16.29
15.01.2021;9:45:42;1419.58;33.02;6.86;745.61;3.39;4.89;16.57
15.01.2021;9:46:42;1416.07;33.19;6.86;745.61;3.39;4.88;16.54
15.01.2021;9:47:42;1405.82;32.85;6.84;745.62;3.36;4.82;16.18
15.01.2021;9:48:42;1407.67;32.83;6.83;745.65;3.36;4.82;16.18
15.01.2021;9:49:42;1405.79;32.91;6.82;745.66;3.35;4.81;16.10
15.01.2021;9:50:42;1401.85;32.99;6.82;745.67;3.34;4.80;16.04
15.01.2021;9:51:43;1395.49;32.90;6.78;745.69;3.33;4.77;15.88
15.01.2021;9:52:43;1386.69;32.96;6.76;745.70;3.30;4.73;15.61
15.01.2021;9:53:43;1380.49;32.90;6.75;745.71;3.29;4.70;15.47
15.01.2021;9:54:43;1371.54;32.91;6.74;745.71;3.27;4.67;15.25
15.01.2021;9:55:43;1368.44;33.12;6.75;745.73;3.26;4.66;15.19
15.01.2021;9:56:43;1372.86;33.18;6.76;745.73;3.26;4.68;15.27
15.01.2021;9:57:43;1384.24;33.25;6.76;745.74;3.27;4.69;15.35
15.01.2021;9:58:43;1387.57;33.35;6.78;745.74;3.27;4.69;15.36
15.01.2021;9:59:43;1390.51;33.28;6.78;745.76;3.29;4.70;15.46
15.01.2021;10:00:43;1399.60;33.34;6.82;745.78;3.30;4.74;15.65
15.01.2021;10:01:43;1375.76;33.24;6.83;745.79;3.26;4.65;15.15
15.01.2021;10:02:43;1395.78;33.28;6.84;745.81;3.29;4.70;15.45
15.01.2021;10:03:43;1380.08;33.39;6.87;745.80;3.25;4.64;15.06
15.01.2021;10:04:43;1371.77;33.39;6.88;745.81;3.22;4.59;14.77
15.01.2021;10:05:43;1372.46;33.27;6.91;745.81;3.21;4.60;14.78
15.01.2021;10:06:43;1378.47;33.34;6.94;745.82;3.23;4.61;14.88
15.01.2021;10:07:43;1415.40;33.21;6.95;745.83;3.30;4.72;15.58
15.01.2021;10:08:43;1462.26;33.08;6.97;745.85;3.37;4.84;16.32
15.01.2021;10:09:43;1439.73;32.97;6.97;745.85;3.32;4.76;15.83
15.01.2021;10:10:43;1464.93;33.12;7.01;745.87;3.36;4.83;16.26
15.01.2021;10:11:43;1496.20;33.09;7.04;745.89;3.41;4.90;16.69
15.01.2021;10:12:43;1493.71;32.90;7.01;745.91;3.40;4.90;16.67
15.01.2021;10:13:43;1538.61;33.53;7.08;745.91;3.48;5.02;17.48
15.01.2021;10:14:43;1562.58;33.43;7.11;745.91;3.51;5.08;17.85
15.01.2021;10:15:43;1601.43;33.27;7.17;745.93;3.56;5.17;18.42
15.01.2021;10:16:43;1620.79;33.02;7.19;745.94;3.57;5.19;18.54
15.01.2021;10:17:43;1635.43;33.13;7.23;745.96;3.60;5.22;18.82
15.01.2021;10:18:43;1701.04;32.95;7.25;745.98;3.68;5.37;19.77
15.01.2021;10:19:44;1726.17;32.87;7.27;745.98;3.71;5.40;20.02
15.01.2021;10:20:44;1762.96;33.04;7.31;745.99;3.74;5.46;20.45
15.01.2021;10:21:44;1776.77;33.17;7.38;745.99;3.75;5.49;20.61
15.01.2021;10:22:44;1801.97;33.01;7.41;745.99;3.78;5.53;20.91
15.01.2021;10:23:44;1878.11;33.09;7.44;745.99;3.86;5.65;21.81
15.01.2021;10:24:44;1902.64;32.85;7.47;745.97;3.88;5.69;22.11
15.01.2021;10:25:44;1906.22;32.76;7.49;745.98;3.89;5.70;22.17
15.01.2021;10:26:44;1921.06;32.77;7.56;745.99;3.90;5.71;22.27
15.01.2021;10:27:44;1949.93;32.44;7.55;745.99;3.93;5.77;22.66
15.01.2021;10:28:44;1958.90;32.25;7.57;745.99;3.94;5.76;22.68
15.01.2021;10:29:44;1931.03;31.91;7.57;745.98;3.89;5.70;22.20
15.01.2021;10:30:44;1939.18;31.99;7.57;745.98;3.90;5.72;22.33
15.01.2021;10:31:44;1932.23;32.25;7.60;745.99;3.89;5.70;22.21
15.01.2021;10:32:44;1938.72;32.03;7.58;746.01;3.90;5.71;22.30
15.01.2021;10:33:44;1947.32;32.21;7.60;746.01;3.91;5.73;22.36
15.01.2021;10:34:44;1951.79;32.00;7.60;746.02;3.90;5.72;22.33
15.01.2021;10:35:44;1954.10;31.63;7.58;746.02;3.91;5.72;22.38
15.01.2021;10:36:44;1944.05;31.66;7.56;746.02;3.91;5.72;22.32
15.01.2021;10:37:44;1933.71;31.47;7.53;746.04;3.89;5.70;22.17
15.01.2021;10:38:44;1922.39;31.39;7.49;746.03;3.87;5.67;21.98
15.01.2021;10:39:44;1863.47;31.46;7.46;746.02;3.81;5.57;21.23
15.01.2021;10:40:44;1831.16;31.45;7.42;746.03;3.77;5.50;20.76
15.01.2021;10:41:44;1820.60;31.62;7.42;746.03;3.75;5.48;20.58
15.01.2021;10:42:44;1798.22;31.57;7.38;746.02;3.74;5.44;20.34
15.01.2021;10:43:44;1795.23;31.49;7.34;746.03;3.74;5.45;20.37
15.01.2021;10:44:44;1811.82;31.65;7.32;746.02;3.75;5.47;20.52
15.01.2021;10:45:44;1805.83;31.58;7.27;746.03;3.74;5.44;20.39
15.01.2021;10:46:44;1815.39;31.45;7.23;746.04;3.76;5.48;20.59
15.01.2021;10:47:45;1833.51;31.61;7.22;746.04;3.78;5.51;20.84
15.01.2021;10:48:45;1847.44;31.72;7.19;746.03;3.80;5.55;21.08
15.01.2021;10:49:45;1874.31;31.75;7.17;746.03;3.82;5.59;21.37
15.01.2021;10:50:45;1865.58;32.01;7.19;746.02;3.82;5.57;21.24
15.01.2021;10:51:45;1873.38;31.92;7.17;746.02;3.82;5.58;21.31
15.01.2021;10:52:45;1929.21;32.00;7.21;746.03;3.88;5.68;22.04
15.01.2021;10:53:45;1967.71;31.72;7.19;746.04;3.92;5.74;22.46
15.01.2021;10:54:45;1969.39;31.97;7.22;746.05;3.91;5.72;22.36
15.01.2021;10:55:45;1947.26;31.95;7.23;746.06;3.88;5.69;22.06
15.01.2021;10:56:45;2012.08;32.28;7.27;746.08;3.95;5.78;22.82
15.01.2021;10:57:45;2069.20;32.41;7.30;746.10;4.00;5.87;23.45
15.01.2021;10:58:45;2105.87;32.39;7.33;746.11;4.02;5.91;23.79
15.01.2021;10:59:45;2150.65;32.33;7.36;746.10;4.06;5.97;24.22
15.01.2021;11:00:45;2203.62;32.01;7.38;746.11;4.10;6.03;24.72
15.01.2021;11:01:45;2346.24;31.97;7.45;746.11;4.22;6.22;26.24
15.01.2021;11:02:45;2446.47;31.82;7.50;746.10;4.29;6.35;27.23
15.01.2021;11:03:45;2531.31;32.07;7.57;746.10;4.35;6.45;28.04
15.01.2021;11:04:45;2522.89;31.82;7.60;746.09;4.33;6.42;27.79
15.01.2021;11:05:45;2444.42;31.87;7.67;746.09;4.26;6.31;26.89
15.01.2021;11:06:45;2577.69;31.58;7.70;746.09;4.35;6.47;28.16
15.01.2021;11:07:45;2692.56;31.49;7.76;746.06;4.43;6.59;29.20
15.01.2021;11:08:45;2771.40;31.37;7.84;746.06;4.48;6.68;29.92
15.01.2021;11:09:45;2713.57;31.32;7.90;746.06;4.44;6.59;29.24
15.01.2021;11:10:45;2660.82;31.19;7.93;746.07;4.41;6.55;28.86
15.01.2021;11:11:45;2750.00;31.11;7.96;746.09;4.47;6.65;29.71
15.01.2021;11:12:45;2893.09;31.09;8.04;746.09;4.55;6.79;30.93
15.01.2021;11:13:45;2867.39;30.98;8.08;746.10;4.54;6.77;30.74
15.01.2021;11:14:45;2698.77;31.02;8.12;746.10;4.44;6.59;29.30
15.01.2021;11:15:46;2599.47;30.97;8.14;746.09;4.38;6.49;28.45
15.01.2021;11:16:46;2747.50;30.84;8.14;746.10;4.47;6.66;29.79
15.01.2021;11:17:46;2766.77;30.81;8.21;746.11;4.47;6.66;29.78
15.01.2021;11:18:46;2780.46;30.64;8.19;746.10;4.47;6.66;29.77
15.01.2021;11:19:46;3001.45;30.71;8.30;746.10;4.61;6.88;31.67
15.01.2021;11:20:46;3030.00;30.58;8.36;746.10;4.63;6.92;32.07
15.01.2021;11:21:46;3014.39;30.44;8.42;746.11;4.62;6.91;31.93
15.01.2021;11:22:46;3073.97;30.19;8.43;746.10;4.66;6.98;32.50
15.01.2021;11:23:46;3047.43;30.22;8.48;746.09;4.65;6.96;32.35
15.01.2021;11:24:46;3002.56;30.07;8.52;746.12;4.62;6.92;31.96
15.01.2021;11:25:46;3080.71;30.00;8.54;746.11;4.65;6.98;32.42
15.01.2021;11:26:46;3169.85;29.81;8.57;746.12;4.69;7.03;32.96
15.01.2021;11:27:46;2962.08;29.82;8.58;746.12;4.58;6.85;31.37
15.01.2021;11:28:46;2962.63;29.83;8.60;746.14;4.56;6.82;31.12
15.01.2021;11:29:46;3087.23;29.76;8.61;746.15;4.64;6.94;32.20
15.01.2021;11:30:46;2831.03;29.79;8.64;746.14;4.50;6.70;30.11
15.01.2021;11:31:46;2716.58;29.62;8.57;746.16;4.41;6.57;29.02
15.01.2021;11:32:46;2803.43;29.64;8.56;746.19;4.48;6.68;29.89
15.01.2021;11:33:46;2795.07;29.63;8.57;746.21;4.48;6.67;29.84
15.01.2021;11:34:46;2879.65;29.64;8.57;746.23;4.52;6.74;30.45
15.01.2021;11:35:46;2959.06;29.41;8.55;746.24;4.57;6.81;31.14
15.01.2021;11:36:46;2890.85;29.47;8.58;746.26;4.53;6.75;30.58
15.01.2021;11:37:46;2915.74;29.23;8.52;746.27;4.55;6.79;30.88
15.01.2021;11:38:46;2980.72;29.34;8.53;746.25;4.57;6.82;31.20
15.01.2021;11:39:46;2987.88;29.47;8.56;746.24;4.57;6.83;31.24
15.01.2021;11:40:46;3017.99;29.35;8.54;746.24;4.59;6.85;31.42
15.01.2021;11:41:46;2940.72;29.42;8.55;746.21;4.55;6.79;30.88
15.01.2021;11:42:47;2875.14;29.32;8.53;746.20;4.51;6.71;30.23
15.01.2021;11:43:47;2801.01;29.35;8.53;746.20;4.46;6.65;29.67
15.01.2021;11:44:47;2761.45;29.34;8.53;746.19;4.45;6.62;29.46
15.01.2021;11:45:47;2603.71;29.42;8.50;746.18;4.33;6.43;27.89
15.01.2021;11:46:47;2492.89;29.59;8.49;746.18;4.26;6.32;26.91
15.01.2021;11:47:47;2425.00;29.69;8.42;746.19;4.22;6.24;26.32
15.01.2021;11:48:47;2387.01;29.87;8.42;746.18;4.21;6.23;26.20
15.01.2021;11:49:47;2401.10;29.66;8.38;746.19;4.25;6.29;26.75
15.01.2021;11:50:47;2335.99;30.41;8.47;746.19;4.20;6.22;26.14
15.01.2021;11:51:47;2228.15;30.52;8.54;746.20;4.08;6.02;24.53
15.01.2021;11:52:47;2248.39;30.25;8.53;746.20;4.12;6.08;25.02
15.01.2021;11:53:47;2200.85;30.31;8.52;746.21;4.06;5.97;24.25
15.01.2021;11:54:47;2123.65;30.20;8.47;746.22;3.97;5.83;23.13
15.01.2021;11:55:47;2123.56;30.45;8.45;746.22;3.97;5.83;23.13
15.01.2021;11:56:47;2038.53;30.77;8.48;746.22;3.87;5.68;21.99
15.01.2021;11:57:47;2041.40;30.81;8.48;746.22;3.88;5.68;22.01
15.01.2021;11:58:47;2107.78;31.06;8.51;746.23;3.95;5.81;22.97
15.01.2021;11:59:47;2175.64;30.91;8.55;746.23;4.02;5.91;23.75
15.01.2021;12:00:47;2180.68;30.93;8.59;746.23;4.02;5.93;23.85
15.01.2021;12:01:47;2070.66;30.55;8.56;746.24;3.91;5.74;22.45
15.01.2021;12:02:47;2088.99;30.84;8.60;746.23;3.94;5.80;22.87
15.01.2021;12:03:47;2126.27;30.88;8.62;746.24;3.99;5.89;23.53
15.01.2021;12:04:47;2098.39;31.41;8.65;746.26;3.98;5.84;23.24
15.01.2021;12:05:47;2062.67;31.22;8.65;746.26;3.93;5.79;22.75
15.01.2021;12:06:47;2133.42;31.06;8.68;746.26;4.00;5.89;23.55
15.01.2021;12:07:47;2208.93;30.81;8.71;746.27;4.07;6.00;24.41
15.01.2021;12:08:47;2331.29;30.65;8.73;746.27;4.17;6.16;25.71
15.01.2021;12:09:48;2339.96;30.47;8.77;746.27;4.18;6.18;25.83
15.01.2021;12:10:48;2165.27;30.57;8.79;746.25;4.02;5.92;23.82
15.01.2021;12:11:48;2114.75;30.58;8.77;746.24;3.97;5.84;23.18
15.01.2021;12:12:48;2123.85;30.24;8.75;746.24;3.97;5.85;23.23
15.01.2021;12:13:48;2093.93;30.29;8.75;746.24;3.94;5.79;22.80
15.01.2021;12:14:48;2086.24;30.25;8.73;746.23;3.93;5.77;22.64
15.01.2021;12:15:48;2077.54;30.11;8.71;746.22;3.93;5.78;22.69
15.01.2021;12:16:48;2050.71;30.26;8.67;746.21;3.91;5.72;22.39
15.01.2021;12:17:48;2047.57;30.50;8.66;746.21;3.92;5.75;22.51
15.01.2021;12:18:48;1962.32;30.71;8.66;746.21;3.82;5.59;21.35
15.01.2021;12:19:48;1951.18;30.55;8.63;746.22;3.81;5.55;21.14
15.01.2021;12:20:48;1945.75;30.63;8.63;746.22;3.81;5.58;21.29
15.01.2021;12:21:48;1920.50;30.76;8.63;746.22;3.77;5.50;20.73
15.01.2021;12:22:48;1809.92;30.91;8.63;746.23;3.66;5.34;19.57
15.01.2021;12:23:48;1681.39;30.48;8.57;746.24;3.50;5.07;17.78
15.01.2021;12:24:48;1682.47;30.17;8.49;746.23;3.49;5.05;17.60
15.01.2021;12:25:48;1804.69;30.33;8.45;746.26;3.63;5.28;19.19
15.01.2021;12:26:48;1860.13;30.80;8.46;746.28;3.70;5.39;19.94
15.01.2021;12:27:48;1924.10;30.83;8.45;746.29;3.78;5.53;20.93
15.01.2021;12:28:48;2044.94;30.88;8.49;746.27;3.93;5.77;22.67
15.01.2021;12:29:48;2124.25;30.61;8.50;746.27;3.98;5.85;23.29
15.01.2021;12:30:48;2284.03;30.79;8.55;746.25;4.15;6.13;25.45
15.01.2021;12:31:48;2234.60;30.38;8.57;746.24;4.08;6.02;24.60
15.01.2021;12:32:48;2159.65;30.59;8.60;746.22;4.00;5.89;23.57
15.01.2021;12:33:48;2185.87;30.60;8.58;746.21;4.05;5.96;24.13
15.01.2021;12:34:48;2130.74;30.66;8.61;746.19;3.99;5.88;23.45
15.01.2021;12:35:48;2077.57;30.66;8.63;746.18;3.92;5.75;22.56
15.01.2021;12:36:49;2048.96;30.77;8.64;746.18;3.91;5.74;22.44
15.01.2021;12:37:49;2001.19;31.06;8.64;746.19;3.86;5.65;21.84
15.01.2021;12:38:49;2015.10;31.44;8.65;746.20;3.88;5.69;22.09
15.01.2021;12:39:49;2062.44;31.60;8.67;746.21;3.93;5.78;22.74
15.01.2021;12:40:49;1948.97;31.46;8.71;746.22;3.81;5.58;21.28
15.01.2021;12:41:49;1908.28;31.82;8.70;746.22;3.76;5.50;20.69
15.01.2021;12:42:49;1956.26;31.72;8.70;746.23;3.82;5.59;21.40
15.01.2021;12:43:49;1845.19;31.74;8.72;746.22;3.69;5.37;19.81
15.01.2021;12:44:49;1813.15;31.62;8.75;746.21;3.65;5.30;19.33
15.01.2021;12:45:49;1826.47;31.57;8.76;746.21;3.68;5.37;19.76
15.01.2021;12:46:49;1856.37;31.65;8.81;746.21;3.72;5.43;20.21
15.01.2021;12:47:49;1979.44;31.19;8.82;746.21;3.87;5.67;21.92
15.01.2021;12:48:49;2107.81;31.19;8.85;746.21;4.01;5.90;23.63
15.01.2021;12:49:49;2062.85;31.30;8.95;746.22;3.95;5.81;22.90
15.01.2021;12:50:49;2042.03;31.06;8.99;746.22;3.91;5.73;22.40
15.01.2021;12:51:49;2044.82;30.98;9.00;746.23;3.91;5.73;22.42
15.01.2021;12:52:49;2089.68;30.94;8.99;746.23;3.96;5.82;23.05
15.01.2021;12:53:49;2150.47;30.82;8.98;746.22;4.02;5.91;23.75
15.01.2021;12:54:49;2207.67;31.18;9.06;746.21;4.08;6.01;24.54
15.01.2021;12:55:49;2110.36;30.90;9.16;746.22;4.00;5.88;23.51
15.01.2021;12:56:49;2052.37;30.84;9.22;746.22;3.94;5.78;22.79
15.01.2021;12:57:49;2044.32;30.78;9.24;746.22;3.94;5.80;22.86
15.01.2021;12:58:49;2088.33;30.83;9.22;746.23;3.96;5.82;23.05
15.01.2021;12:59:49;2161.17;30.76;9.28;746.21;4.03;5.94;23.91
15.01.2021;13:00:49;2241.19;30.58;9.28;746.23;4.11;6.06;24.90
15.01.2021;13:01:49;2347.12;30.35;9.26;746.25;4.21;6.24;26.30
15.01.2021;13:02:49;2256.42;30.54;9.28;746.26;4.14;6.11;25.26
15.01.2021;13:03:50;1965.39;30.64;9.33;746.25;3.84;5.62;21.58
15.01.2021;13:04:50;1704.32;30.69;9.32;746.25;3.51;5.09;17.84
15.01.2021;13:05:50;1555.92;30.64;9.31;746.26;3.27;4.69;15.35
15.01.2021;13:06:50;1457.92;30.43;9.25;746.26;3.12;4.44;13.84
15.01.2021;13:07:50;1355.11;30.61;9.14;746.25;2.93;4.13;12.08
15.01.2021;13:08:50;1270.58;30.92;9.06;746.26;2.73;3.78;10.32
15.01.2021;13:09:50;1206.45;31.39;9.14;746.24;2.57;3.53;9.07
15.01.2021;13:10:50;1181.96;31.09;9.07;746.23;2.50;3.43;8.58
15.01.2021;13:11:50;1188.73;31.25;8.96;746.25;2.51;3.44;8.64
15.01.2021;13:12:50;1221.92;31.99;8.96;746.24;2.59;3.56;9.23
15.01.2021;13:13:50;1232.09;31.97;8.93;746.24;2.59;3.56;9.23
15.01.2021;13:14:50;1225.54;31.84;8.90;746.25;2.57;3.53;9.09
15.01.2021;13:15:50;1236.78;32.15;8.83;746.27;2.58;3.55;9.17
15.01.2021;13:16:50;1268.22;32.19;8.81;746.28;2.64;3.65;9.66
15.01.2021;13:17:50;1281.67;32.32;8.77;746.29;2.66;3.69;9.84
15.01.2021;13:18:50;1294.36;32.49;8.76;746.30;2.69;3.73;10.04
15.01.2021;13:19:50;1289.65;32.51;8.73;746.31;2.70;3.74;10.09
15.01.2021;13:20:50;1307.78;32.12;8.71;746.31;2.74;3.80;10.40
15.01.2021;13:21:50;1396.26;32.44;8.71;746.30;2.93;4.12;12.08
15.01.2021;13:22:50;1540.88;32.97;8.70;746.30;3.24;4.62;14.98
15.01.2021;13:23:50;1620.38;33.47;8.75;746.30;3.39;4.89;16.61
15.01.2021;13:24:50;1697.51;33.79;8.78;746.30;3.52;5.10;17.98
15.01.2021;13:25:50;1763.12;33.98;8.84;746.29;3.62;5.26;19.04
15.01.2021;13:26:50;1857.26;33.94;8.90;746.28;3.75;5.48;20.57
15.01.2021;13:27:50;1910.26;34.14;8.95;746.27;3.82;5.59;21.36
15.01.2021;13:28:51;1925.99;34.23;9.01;746.27;3.84;5.62;21.57
15.01.2021;13:29:51;1895.93;33.91;9.04;746.26;3.79;5.53;20.94
15.01.2021;13:30:50;1929.76;33.70;9.08;746.23;3.83;5.61;21.52
15.01.2021;13:31:51;1924.44;34.11;9.13;746.23;3.84;5.62;21.58
15.01.2021;13:32:51;1878.64;33.89;9.18;746.23;3.77;5.50;20.75
15.01.2021;13:33:51;1812.44;33.43;9.18;746.23;3.68;5.37;19.77
15.01.2021;13:34:51;1744.32;33.62;9.15;746.23;3.55;5.17;18.35
15.01.2021;13:35:51;1738.07;34.46;9.19;746.22;3.52;5.11;17.96
15.01.2021;13:36:51;1738.07;34.61;9.18;746.21;3.51;5.09;17.85
15.01.2021;13:37:51;1757.65;35.16;9.20;746.23;3.55;5.16;18.31
15.01.2021;13:38:51;1753.39;36.11;9.23;746.22;3.56;5.16;18.35
15.01.2021;13:39:51;1736.75;36.06;9.23;746.22;3.53;5.12;18.07
15.01.2021;13:40:51;1735.41;36.43;9.25;746.23;3.53;5.12;18.08
15.01.2021;13:41:51;1743.75;36.63;9.29;746.23;3.56;5.16;18.36
15.01.2021;13:42:51;1709.42;36.96;9.32;746.24;3.50;5.07;17.75
15.01.2021;13:43:51;1694.65;37.21;9.34;746.24;3.45;4.99;17.23
15.01.2021;13:44:51;1753.01;37.30;9.34;746.24;3.62;5.27;19.10
15.01.2021;13:45:51;1726.36;37.07;9.34;746.23;3.61;5.25;18.93
15.01.2021;13:46:51;1706.72;37.24;9.36;746.23;3.58;5.19;18.57
15.01.2021;13:47:51;1712.64;36.95;9.36;746.23;3.58;5.21;18.64
15.01.2021;13:48:51;1729.97;37.60;9.41;746.22;3.60;5.23;18.86
15.01.2021;13:49:51;1807.07;37.76;9.43;746.20;3.74;5.46;20.41
15.01.2021;13:50:51;1880.72;38.48;9.50;746.20;3.83;5.61;21.47
15.01.2021;13:51:51;1900.82;38.62;9.55;746.19;3.80;5.56;21.10
15.01.2021;13:52:51;1948.71;38.43;9.62;746.19;3.85;5.64;21.69
15.01.2021;13:53:51;2007.47;38.42;9.67;746.18;3.94;5.79;22.85
15.01.2021;13:54:51;2024.96;38.42;9.73;746.18;3.96;5.82;23.04
15.01.2021;13:55:51;2058.12;39.03;9.79;746.18;3.99;5.87;23.40
15.01.2021;13:56:51;2010.69;38.64;9.83;746.18;3.95;5.82;23.00
15.01.2021;13:57:51;1821.23;38.37;9.86;746.17;3.74;5.47;20.43
15.01.2021;13:58:52;1681.92;39.01;9.86;746.16;3.54;5.14;18.19
15.01.2021;13:59:52;1643.06;39.01;9.84;746.16;3.50;5.07;17.72
15.01.2021;14:00:52;1759.07;39.45;9.84;746.15;3.69;5.38;19.85
15.01.2021;14:01:52;1833.17;39.18;9.87;746.15;3.77;5.51;20.76
15.01.2021;14:02:52;1781.84;39.65;9.91;746.17;3.68;5.37;19.78
15.01.2021;14:03:52;1714.19;39.42;9.91;746.17;3.60;5.23;18.82
15.01.2021;14:04:52;1671.61;39.48;9.91;746.16;3.54;5.14;18.20
15.01.2021;14:05:52;1684.83;39.39;9.92;746.13;3.56;5.18;18.46
15.01.2021;14:06:52;1731.43;39.04;9.93;746.16;3.63;5.30;19.21
15.01.2021;14:07:52;1716.72;39.34;9.94;746.14;3.61;5.25;18.98
15.01.2021;14:08:52;1704.72;39.42;9.96;746.13;3.60;5.23;18.81
15.01.2021;14:09:52;1702.78;38.73;9.93;746.13;3.59;5.22;18.73
15.01.2021;14:10:52;1657.17;39.17;9.92;746.12;3.53;5.12;18.04
15.01.2021;14:11:52;1685.35;38.94;9.90;746.13;3.57;5.19;18.53
15.01.2021;14:12:52;1727.13;39.22;9.91;746.13;3.64;5.31;19.34
15.01.2021;14:13:52;1741.06;39.19;9.91;746.14;3.69;5.38;19.85
15.01.2021;14:14:52;1774.28;39.35;9.92;746.15;3.80;5.57;21.16
15.01.2021;14:15:52;1771.72;39.29;9.94;746.16;3.85;5.64;21.69
15.01.2021;14:16:52;1738.19;39.48;9.96;746.17;3.83;5.61;21.44
15.01.2021;14:17:52;1681.03;39.40;9.98;746.16;3.75;5.49;20.62
15.01.2021;14:18:52;1574.17;39.33;10.03;746.17;3.62;5.26;19.01
15.01.2021;14:19:52;1455.13;40.03;10.07;746.18;3.47;5.02;17.40
15.01.2021;14:20:52;1322.47;38.92;10.03;746.20;3.29;4.74;15.61
15.01.2021;14:21:52;1187.82;38.95;10.02;746.20;3.09;4.38;13.53
15.01.2021;14:22:52;1076.60;39.56;10.06;746.20;2.89;4.06;11.73
15.01.2021;14:23:52;990.07;39.30;10.03;746.21;2.71;3.77;10.24
15.01.2021;14:24:53;906.75;38.98;9.99;746.21;2.53;3.47;8.80
15.01.2021;14:25:53;846.54;39.30;9.98;746.20;2.38;3.21;7.65
15.01.2021;14:26:53;845.06;38.77;9.98;746.20;2.37;3.20;7.59
15.01.2021;14:27:53;888.36;38.71;9.94;746.20;2.48;3.38;8.40
15.01.2021;14:28:53;948.00;38.78;9.92;746.20;2.63;3.63;9.56
15.01.2021;14:29:53;1022.70;38.97;9.95;746.19;2.81;3.92;10.99
15.01.2021;14:30:53;1108.15;38.57;9.94;746.18;3.00;4.25;12.75
15.01.2021;14:31:53;1142.27;38.48;9.95;746.19;3.09;4.39;13.55
15.01.2021;14:32:53;1188.24;38.61;9.97;746.19;3.17;4.52;14.35
15.01.2021;14:33:53;1299.36;38.26;9.99;746.20;3.36;4.84;16.25
15.01.2021;14:34:53;1355.00;38.31;10.04;746.20;3.43;4.96;17.01
15.01.2021;14:35:53;1292.26;38.22;10.08;746.22;3.26;4.68;15.28
15.01.2021;14:36:53;1120.96;37.76;10.06;746.22;2.83;3.97;11.25
15.01.2021;14:37:53;1043.04;38.04;10.01;746.22;2.53;3.47;8.78
15.01.2021;14:38:53;1045.08;38.05;10.00;746.22;2.49;3.39;8.42
15.01.2021;14:39:53;979.83;38.10;9.95;746.23;2.28;3.07;6.99
15.01.2021;14:40:53;971.88;38.34;9.92;746.23;2.24;2.99;6.69
15.01.2021;14:41:53;967.78;38.55;9.90;746.23;2.23;2.98;6.66
15.01.2021;14:42:53;954.83;38.46;9.88;746.25;2.19;2.90;6.35
15.01.2021;14:43:53;942.01;38.94;9.89;746.25;2.18;2.87;6.26
15.01.2021;14:44:53;970.88;38.62;9.86;746.25;2.27;3.04;6.88
15.01.2021;14:45:53;963.35;38.42;9.85;746.24;2.24;2.99;6.72
15.01.2021;14:46:53;987.32;38.33;9.83;746.26;2.33;3.13;7.31
15.01.2021;14:47:53;1040.14;38.64;9.81;746.27;2.51;3.45;8.67
15.01.2021;14:48:53;1075.25;38.53;9.80;746.26;2.65;3.67;9.72
15.01.2021;14:49:53;1080.46;38.33;9.78;746.26;2.68;3.70;9.92
15.01.2021;14:50:53;1093.67;38.02;9.76;746.25;2.72;3.77;10.24
15.01.2021;14:51:53;1183.81;37.71;9.75;746.25;2.95;4.16;12.27
15.01.2021;14:52:54;1325.83;37.50;9.75;746.26;3.30;4.74;15.62
15.01.2021;14:53:54;1437.74;38.58;9.79;746.27;3.55;5.16;18.31
15.01.2021;14:54:54;1505.97;38.98;9.84;746.26;3.69;5.40;19.94
15.01.2021;14:55:54;1539.75;38.01;9.86;746.26;3.77;5.51;20.74
15.01.2021;14:56:54;1537.46;37.66;9.88;746.27;3.78;5.52;20.86
15.01.2021;14:57:54;1517.47;37.39;9.89;746.27;3.77;5.50;20.73
15.01.2021;14:58:54;1524.41;37.41;9.91;746.27;3.78;5.54;20.95
15.01.2021;14:59:54;1540.75;37.44;9.94;746.27;3.84;5.62;21.56
15.01.2021;15:00:54;1529.69;37.23;9.96;746.24;3.86;5.66;21.84
15.01.2021;15:01:54;1503.65;37.51;9.96;746.24;3.85;5.65;21.75
15.01.2021;15:02:54;1469.42;37.57;9.96;746.24;3.80;5.55;21.10
15.01.2021;15:03:54;1478.77;36.86;9.96;746.25;3.81;5.59;21.32
15.01.2021;15:04:54;1494.78;36.97;10.01;746.23;3.83;5.61;21.48
15.01.2021;15:05:54;1500.49;37.02;10.04;746.25;3.84;5.63;21.65
15.01.2021;15:06:54;1471.28;37.08;10.03;746.25;3.79;5.55;21.07
15.01.2021;15:07:54;1452.71;36.33;10.02;746.24;3.77;5.50;20.73
15.01.2021;15:08:54;1431.19;36.20;10.05;746.24;3.75;5.48;20.53
15.01.2021;15:09:54;1423.10;36.12;10.05;746.24;3.77;5.50;20.72
15.01.2021;15:10:54;1392.71;36.14;10.03;746.23;3.76;5.50;20.68
15.01.2021;15:11:54;1218.94;36.20;10.04;746.22;3.46;5.00;17.33
15.01.2021;15:12:54;1092.53;36.01;10.00;746.23;3.20;4.58;14.68
15.01.2021;15:13:54;972.40;36.25;9.98;746.23;2.87;4.03;11.59
15.01.2021;15:14:54;853.17;35.98;9.90;746.23;2.45;3.34;8.20
15.01.2021;15:15:54;767.27;36.30;9.83;746.24;2.13;2.81;5.98
15.01.2021;15:16:54;742.36;36.59;9.79;746.24;2.02;2.61;5.27
15.01.2021;15:17:54;741.82;36.61;9.72;746.24;2.02;2.60;5.24
15.01.2021;15:18:54;749.63;36.44;9.66;746.26;2.03;2.61;5.30
15.01.2021;15:19:55;745.86;36.67;9.64;746.26;2.02;2.61;5.28
15.01.2021;15:20:55;700.47;36.46;9.60;746.27;1.87;2.33;4.36
15.01.2021;15:21:55;670.22;36.71;9.56;746.26;1.79;2.18;3.90
15.01.2021;15:22:55;646.81;36.93;9.55;746.26;1.76;2.14;3.75
15.01.2021;15:23:55;607.57;36.72;9.52;746.27;1.64;2.03;3.33
15.01.2021;15:24:55;573.50;36.82;9.47;746.28;1.54;1.85;2.85
15.01.2021;15:25:55;544.33;36.56;9.43;746.29;1.46;1.73;2.52
15.01.2021;15:26:55;519.15;36.59;9.41;746.31;1.37;1.59;2.18
15.01.2021;15:27:55;494.01;36.91;9.37;746.34;1.29;1.45;1.88
15.01.2021;15:28:55;478.33;36.89;9.34;746.37;1.24;1.36;1.68
15.01.2021;15:29:55;467.95;36.96;9.33;746.39;1.20;1.30;1.55
15.01.2021;15:30:55;468.26;36.78;9.30;746.40;1.18;1.29;1.52
15.01.2021;15:31:55;483.54;36.63;9.29;746.42;1.22;1.32;1.61
15.01.2021;15:32:55;501.95;36.40;9.25;746.44;1.27;1.42;1.80
15.01.2021;15:33:55;510.82;36.43;9.21;746.46;1.29;1.43;1.84
15.01.2021;15:34:55;512.44;37.03;9.22;746.44;1.27;1.42;1.80
15.01.2021;15:35:55;503.58;36.59;9.21;746.47;1.23;1.34;1.64
15.01.2021;15:36:55;493.42;36.51;9.18;746.45;1.18;1.28;1.52
15.01.2021;15:37:55;489.15;36.74;9.14;746.46;1.16;1.23;1.43
15.01.2021;15:38:55;490.93;36.88;9.13;746.47;1.18;1.27;1.50
15.01.2021;15:39:55;492.39;37.03;9.13;746.47;1.21;1.32;1.60
15.01.2021;15:40:55;489.83;36.96;9.16;746.48;1.20;1.30;1.57
15.01.2021;15:41:55;483.33;36.99;9.10;746.48;1.20;1.30;1.56
15.01.2021;15:42:55;474.83;37.21;9.08;746.47;1.18;1.28;1.51
15.01.2021;15:43:55;467.56;37.26;9.06;746.47;1.18;1.27;1.49
15.01.2021;15:44:55;459.18;37.12;9.06;746.48;1.17;1.26;1.48
15.01.2021;15:45:55;450.31;37.15;9.04;746.49;1.19;1.29;1.53
15.01.2021;15:46:55;434.94;37.33;9.02;746.50;1.15;1.22;1.40
15.01.2021;15:47:55;415.89;37.51;9.03;746.48;1.08;1.11;1.20
15.01.2021;15:48:55;398.05;37.40;9.04;746.47;1.03;1.01;1.04
15.01.2021;15:49:55;384.63;37.14;9.02;746.47;1.00;0.98;0.98
15.01.2021;15:50:55;374.78;36.52;9.05;746.47;1.00;0.97;0.97
15.01.2021;15:51:56;366.79;36.58;8.98;746.49;1.01;0.99;1.00
15.01.2021;15:52:56;360.21;36.92;8.95;746.50;1.03;1.01;1.05
15.01.2021;15:53:56;347.09;36.90;8.94;746.49;1.02;0.99;1.01
15.01.2021;15:54:56;330.92;36.79;8.94;746.50;0.97;0.91;0.88
15.01.2021;15:55:56;319.00;36.86;8.91;746.51;0.96;0.90;0.86
15.01.2021;15:56:56;310.58;36.96;8.89;746.51;0.97;0.91;0.88
15.01.2021;15:57:56;306.18;36.85;8.88;746.53;1.02;0.99;1.01
15.01.2021;15:58:56;301.05;36.10;8.86;746.56;1.06;1.07;1.14
15.01.2021;15:59:56;293.31;36.23;8.85;746.57;1.08;1.11;1.20
15.01.2021;16:00:56;287.12;36.19;8.79;746.57;1.14;1.19;1.36
15.01.2021;16:01:56;273.13;35.93;8.76;746.58;1.06;1.07;1.13
15.01.2021;16:02:56;260.14;36.15;8.74;746.60;0.96;0.89;0.86
15.01.2021;16:03:56;247.68;36.28;8.68;746.62;0.91;0.81;0.73
15.01.2021;16:04:56;238.04;36.83;8.65;746.63;0.89;0.79;0.70
15.01.2021;16:05:56;229.35;37.31;8.63;746.64;0.86;0.73;0.63
15.01.2021;16:06:56;218.89;37.36;8.63;746.65;0.83;0.68;0.56
15.01.2021;16:07:56;207.68;37.23;8.61;746.66;0.78;0.61;0.48
15.01.2021;16:08:56;198.36;37.55;8.58;746.68;0.75;0.55;0.42
15.01.2021;16:09:56;187.26;37.64;8.57;746.69;0.70;0.46;0.32
15.01.2021;16:10:56;177.25;37.72;8.61;746.70;0.65;0.40;0.26
15.01.2021;16:11:56;165.25;38.60;8.64;746.70;0.59;0.30;0.18
15.01.2021;16:12:56;155.42;38.77;8.68;746.71;0.56;0.25;0.14
15.01.2021;16:13:56;148.35;38.11;8.68;746.72;0.54;0.22;0.12
15.01.2021;16:14:56;138.58;37.58;8.68;746.75;0.49;0.13;0.06
15.01.2021;16:15:56;129.60;37.59;8.65;746.76;0.45;0.07;0.03
15.01.2021;16:16:56;123.13;38.09;8.66;746.74;0.43;0.02;0.01
15.01.2021;16:17:56;115.81;37.25;8.66;746.77;0.41;0.00;0.00
15.01.2021;16:18:56;108.67;37.87;8.67;746.78;0.39;0.00;0.00
15.01.2021;16:19:56;100.89;37.13;8.67;746.77;0.37;0.00;0.00
15.01.2021;16:20:56;93.53;36.92;8.67;746.78;0.34;0.00;0.00
15.01.2021;16:21:56;86.11;36.90;8.63;746.77;0.31;0.00;0.00
15.01.2021;16:22:56;78.18;36.87;8.62;746.76;0.27;0.00;0.00
15.01.2021;16:23:57;71.77;37.14;8.60;746.76;0.25;0.00;0.00
15.01.2021;16:24:57;65.57;37.41;8.58;746.76;0.22;0.00;0.00
15.01.2021;16:25:57;60.18;37.47;8.56;746.75;0.20;0.00;0.00
15.01.2021;16:26:57;55.14;37.64;8.56;746.76;0.18;0.00;0.00
15.01.2021;16:27:57;50.21;37.69;8.57;746.77;0.16;0.00;0.00
15.01.2021;16:28:57;46.46;37.40;8.56;746.75;0.14;0.00;0.00
15.01.2021;16:29:57;42.22;37.27;8.58;746.75;0.12;0.00;0.00
15.01.2021;16:30:57;38.58;37.05;8.58;746.76;0.10;0.00;0.00
15.01.2021;16:31:57;34.93;37.17;8.54;746.76;0.09;0.00;0.00
15.01.2021;16:32:57;31.74;37.30;8.54;746.76;0.07;0.00;0.00
15.01.2021;16:33:57;28.69;37.24;8.52;746.77;0.06;0.00;0.00
15.01.2021;16:34:57;25.86;37.65;8.51;746.78;0.05;0.00;0.00
15.01.2021;16:35:57;23.26;37.55;8.49;746.78;0.04;0.00;0.00
15.01.2021;16:36:57;20.83;37.72;8.50;746.78;0.03;0.00;0.00
15.01.2021;16:37:57;18.67;37.81;8.51;746.80;0.02;0.00;0.00
15.01.2021;16:38:57;16.76;37.83;8.53;746.80;0.02;0.00;0.00
15.01.2021;16:39:57;15.13;37.97;8.54;746.81;0.01;0.00;0.00
15.01.2021;16:40:57;13.74;37.81;8.54;746.81;0.00;0.00;0.00
15.01.2021;16:41:57;12.58;37.50;8.53;746.81;0.00;0.00;0.00
15.01.2021;16:42:57;11.44;37.47;8.53;746.79;0.00;0.00;0.00
15.01.2021;16:43:57;10.51;37.49;8.49;746.80;0.00;0.00;0.00
15.01.2021;16:44:57;9.57;37.85;8.47;746.80;0.00;0.00;0.00
15.01.2021;16:45:57;8.86;39.12;8.49;746.80;0.00;0.00;0.00
15.01.2021;16:46:57;8.33;38.74;8.50;746.80;0.00;0.00;0.00
15.01.2021;16:47:57;7.67;38.16;8.51;746.81;0.00;0.00;0.00
15.01.2021;16:48:57;7.50;38.23;8.51;746.84;0.00;0.00;0.00
15.01.2021;16:49:57;6.81;38.35;8.53;746.86;0.00;0.00;0.00
15.01.2021;16:50:57;6.67;38.31;8.54;746.87;0.00;0.00;0.00
15.01.2021;16:51:57;6.43;37.97;8.55;746.87;0.00;0.00;0.00
15.01.2021;16:52:57;5.86;37.75;8.58;746.89;0.00;0.00;0.00
15.01.2021;16:53:57;5.83;37.91;8.57;746.92;0.00;0.00;0.00
15.01.2021;16:54:57;5.83;38.21;8.56;746.94;0.00;0.00;0.00
15.01.2021;16:55:57;5.83;38.11;8.54;746.95;0.00;0.00;0.00
15.01.2021;16:56:57;5.51;38.33;8.55;746.95;0.00;0.00;0.00
15.01.2021;16:57:57;5.00;38.47;8.54;746.95;0.00;0.00;0.00
15.01.2021;16:58:57;5.00;38.48;8.53;746.96;0.00;0.00;0.00
15.01.2021;16:59:58;5.00;38.70;8.54;746.95;0.00;0.00;0.00
15.01.2021;17:00:58;5.00;38.39;8.56;746.94;0.00;0.00;0.00
15.01.2021;17:01:58;5.00;38.49;8.57;746.95;0.00;0.00;0.00
15.01.2021;17:02:58;5.00;38.61;8.59;746.94;0.00;0.00;0.00
15.01.2021;17:03:58;5.01;38.52;8.61;746.94;0.00;0.00;0.00
15.01.2021;17:04:58;5.00;38.48;8.62;746.93;0.00;0.00;0.00
15.01.2021;17:05:58;5.00;38.61;8.62;746.93;0.00;0.00;0.00
15.01.2021;17:06:58;5.03;38.63;8.66;746.95;0.00;0.00;0.00
15.01.2021;17:07:58;5.00;38.44;8.69;746.94;0.00;0.00;0.00
15.01.2021;17:08:58;5.00;38.52;8.69;746.93;0.00;0.00;0.00
15.01.2021;17:09:58;5.00;38.39;8.70;746.92;0.00;0.00;0.00
15.01.2021;17:10:58;5.00;38.53;8.72;746.91;0.00;0.00;0.00
15.01.2021;17:11:58;5.00;38.54;8.76;746.91;0.00;0.00;0.00
15.01.2021;17:12:58;5.00;38.46;8.78;746.91;0.00;0.00;0.00
15.01.2021;17:13:58;5.00;38.49;8.80;746.92;0.00;0.00;0.00
15.01.2021;17:14:58;5.00;38.39;8.84;746.91;0.00;0.00;0.00
15.01.2021;17:15:58;5.00;39.13;8.89;746.90;0.00;0.00;0.00
15.01.2021;17:16:58;5.00;38.74;8.91;746.89;0.00;0.00;0.00
15.01.2021;17:17:58;5.01;38.54;8.90;746.89;0.00;0.00;0.00
15.01.2021;17:18:58;5.00;38.12;8.93;746.88;0.00;0.00;0.00
15.01.2021;17:19:58;5.00;38.16;8.95;746.87;0.00;0.00;0.00
15.01.2021;17:20:58;5.03;37.93;8.97;746.89;0.00;0.00;0.00
15.01.2021;17:21:58;5.00;37.67;8.97;746.89;0.00;0.00;0.00
15.01.2021;17:22:58;5.00;38.60;9.01;746.89;0.00;0.00;0.00
15.01.2021;17:23:58;5.00;37.45;9.03;746.89;0.00;0.00;0.00
15.01.2021;17:24:58;5.00;37.40;9.02;746.88;0.00;0.00;0.00
15.01.2021;17:25:58;5.00;37.49;8.98;746.87;0.00;0.00;0.00
15.01.2021;17:26:58;5.00;37.55;8.97;746.89;0.00;0.00;0.00
15.01.2021;17:27:58;5.00;37.63;8.97;746.91;0.00;0.00;0.00
15.01.2021;17:28:58;5.00;37.10;8.98;746.90;0.00;0.00;0.00
15.01.2021;17:29:58;5.00;36.76;8.94;746.91;0.00;0.00;0.00
15.01.2021;17:30:58;5.00;36.77;8.90;746.95;0.00;0.00;0.00
15.01.2021;17:31:58;5.01;36.63;8.88;746.93;0.00;0.00;0.00
15.01.2021;17:32:58;5.00;36.38;8.85;746.94;0.00;0.00;0.00
15.01.2021;17:33:58;5.00;36.38;8.80;746.94;0.00;0.00;0.00
15.01.2021;17:34:58;5.03;36.70;8.77;746.94;0.00;0.00;0.00
15.01.2021;17:35:59;5.00;37.02;8.75;746.95;0.00;0.00;0.00
15.01.2021;17:36:59;5.00;37.01;8.71;746.96;0.00;0.00;0.00
15.01.2021;17:37:59;5.00;36.71;8.68;746.98;0.00;0.00;0.00
15.01.2021;17:38:59;5.00;37.27;8.64;747.01;0.00;0.00;0.00
15.01.2021;17:39:59;5.00;38.43;8.61;747.01;0.00;0.00;0.00
15.01.2021;17:40:59;5.00;38.36;8.58;747.04;0.00;0.00;0.00
15.01.2021;17:41:59;5.00;38.42;8.55;747.06;0.00;0.00;0.00
15.01.2021;17:42:59;5.00;38.65;8.56;747.07;0.00;0.00;0.00
15.01.2021;17:43:59;5.00;39.18;8.57;747.07;0.00;0.00;0.00
15.01.2021;17:44:59;5.00;38.89;8.56;747.07;0.00;0.00;0.00
15.01.2021;17:45:59;5.01;38.43;8.57;747.08;0.00;0.00;0.00
15.01.2021;17:46:59;5.00;38.48;8.58;747.07;0.00;0.00;0.00
15.01.2021;17:47:59;5.00;38.33;8.59;747.07;0.00;0.00;0.00
15.01.2021;17:48:59;5.01;38.54;8.57;747.08;0.00;0.00;0.00
15.01.2021;17:49:59;5.00;38.76;8.54;747.09;0.00;0.00;0.00
15.01.2021;17:50:59;5.00;38.78;8.53;747.08;0.00;0.00;0.00
15.01.2021;17:51:59;5.00;38.30;8.54;747.09;0.00;0.00;0.00
15.01.2021;17:52:59;5.00;38.53;8.57;747.08;0.00;0.00;0.00
15.01.2021;17:53:59;5.00;38.50;8.58;747.09;0.00;0.00;0.00
15.01.2021;17:54:59;5.00;39.07;8.59;747.11;0.00;0.00;0.00
15.01.2021;17:55:59;5.00;38.69;8.58;747.13;0.00;0.00;0.00
15.01.2021;17:56:59;5.00;38.53;8.55;747.15;0.00;0.00;0.00
15.01.2021;17:57:59;5.00;38.66;8.52;747.17;0.00;0.00;0.00
15.01.2021;17:58:59;5.00;38.43;8.50;747.18;0.00;0.00;0.00
15.01.2021;17:59:59;5.01;39.94;8.52;747.19;0.00;0.00;0.00
15.01.2021;18:00:59;5.00;38.77;8.53;747.20;0.00;0.00;0.00
15.01.2021;18:01:59;5.00;38.93;8.54;747.20;0.00;0.00;0.00
15.01.2021;18:02:59;5.01;38.77;8.54;747.21;0.00;0.00;0.00
15.01.2021;18:03:59;5.00;38.75;8.55;747.21;0.00;0.00;0.00
15.01.2021;18:04:59;5.00;38.46;8.55;747.22;0.00;0.00;0.00
15.01.2021;18:05:59;5.00;38.59;8.53;747.20;0.00;0.00;0.00
15.01.2021;18:06:59;5.00;38.78;8.54;747.20;0.00;0.00;0.00
15.01.2021;18:07:59;5.00;39.38;8.55;747.21;0.00;0.00;0.00
15.01.2021;18:08:59;5.00;38.40;8.55;747.21;0.00;0.00;0.00
15.01.2021;18:09:59;5.00;38.32;8.53;747.24;0.00;0.00;0.00
15.01.2021;18:10:59;5.00;38.90;8.52;747.25;0.00;0.00;0.00
15.01.2021;18:11:59;5.00;38.61;8.51;747.28;0.00;0.00;0.00
15.01.2021;18:13:00;5.00;38.54;8.47;747.29;0.00;0.00;0.00
15.01.2021;18:14:00;5.01;38.60;8.46;747.30;0.00;0.00;0.00
15.01.2021;18:15:00;5.00;38.77;8.47;747.31;0.00;0.00;0.00
15.01.2021;18:16:00;5.00;38.75;8.46;747.32;0.00;0.00;0.00
15.01.2021;18:17:00;5.01;38.84;8.46;747.33;0.00;0.00;0.00
15.01.2021;18:18:00;5.00;39.03;8.44;747.35;0.00;0.00;0.00
15.01.2021;18:19:00;5.00;38.53;8.48;747.36;0.00;0.00;0.00
15.01.2021;18:20:00;5.00;38.72;8.49;747.36;0.00;0.00;0.00
15.01.2021;18:21:00;5.00;38.42;8.49;747.35;0.00;0.00;0.00
15.01.2021;18:22:00;5.00;38.46;8.48;747.34;0.00;0.00;0.00
15.01.2021;18:23:00;5.00;38.61;8.49;747.34;0.00;0.00;0.00
15.01.2021;18:24:00;5.00;38.81;8.48;747.33;0.00;0.00;0.00
15.01.2021;18:25:00;5.00;38.75;8.46;747.33;0.00;0.00;0.00
15.01.2021;18:26:00;5.00;40.35;8.52;747.33;0.00;0.00;0.00
15.01.2021;18:27:00;5.00;38.57;8.54;747.33;0.00;0.00;0.00
15.01.2021;18:28:00;5.01;38.14;8.50;747.31;0.00;0.00;0.00
15.01.2021;18:29:00;5.00;38.51;8.42;747.31;0.00;0.00;0.00
15.01.2021;18:30:00;5.00;38.40;8.35;747.29;0.00;0.00;0.00
15.01.2021;18:31:00;5.01;38.72;8.35;747.29;0.00;0.00;0.00
15.01.2021;18:32:00;5.00;38.07;8.36;747.27;0.00;0.00;0.00
15.01.2021;18:33:00;5.00;39.02;8.35;747.29;0.00;0.00;0.00
15.01.2021;18:34:00;5.00;37.23;8.32;747.29;0.00;0.00;0.00
15.01.2021;18:35:00;5.00;37.24;8.23;747.32;0.00;0.00;0.00
15.01.2021;18:36:00;2.73;37.57;8.16;747.31;0.00;0.00;0.00
15.01.2021;18:37:00;2.56;37.39;8.09;747.30;0.00;0.00;0.00
15.01.2021;18:38:00;2.53;37.98;8.02;747.29;0.00;0.00;0.00
15.01.2021;18:39:00;2.54;38.23;7.97;747.28;0.00;0.00;0.00
15.01.2021;18:40:00;2.50;39.00;7.91;747.30;0.00;0.00;0.00
15.01.2021;18:41:00;2.56;38.46;7.86;747.30;0.00;0.00;0.00
15.01.2021;18:42:00;2.60;38.29;7.81;747.30;0.00;0.00;0.00
15.01.2021;18:43:00;2.54;37.98;7.79;747.31;0.00;0.00;0.00
15.01.2021;18:44:00;2.50;38.20;7.75;747.31;0.00;0.00;0.00
15.01.2021;18:45:00;2.57;38.30;7.68;747.34;0.00;0.00;0.00
15.01.2021;18:46:00;2.51;39.10;7.62;747.34;0.00;0.00;0.00
15.01.2021;18:47:00;2.51;39.09;7.57;747.35;0.00;0.00;0.00
15.01.2021;18:48:00;2.53;39.13;7.53;747.36;0.00;0.00;0.00
15.01.2021;18:49:00;2.51;38.35;7.51;747.38;0.00;0.00;0.00
15.01.2021;18:50:01;2.51;38.09;7.48;747.38;0.00;0.00;0.00
15.01.2021;18:51:01;2.50;38.17;7.44;747.38;0.00;0.00;0.00
15.01.2021;18:52:01;2.50;38.51;7.39;747.39;0.00;0.00;0.00
15.01.2021;18:53:01;2.51;38.21;7.35;747.41;0.00;0.00;0.00
15.01.2021;18:54:01;2.50;38.10;7.31;747.39;0.00;0.00;0.00
15.01.2021;18:55:01;2.51;37.70;7.28;747.39;0.00;0.00;0.00
15.01.2021;18:56:01;2.54;38.06;7.24;747.39;0.00;0.00;0.00
15.01.2021;18:57:01;2.50;37.82;7.21;747.37;0.00;0.00;0.00
15.01.2021;18:58:01;2.56;38.16;7.18;747.37;0.00;0.00;0.00
15.01.2021;18:59:01;2.53;37.88;7.14;747.37;0.00;0.00;0.00
15.01.2021;19:00:01;2.50;37.57;7.13;747.39;0.00;0.00;0.00
15.01.2021;19:01:01;2.53;37.88;7.09;747.42;0.00;0.00;0.00
15.01.2021;19:02:01;2.51;37.88;7.04;747.43;0.00;0.00;0.00
15.01.2021;19:03:01;2.51;37.93;7.01;747.42;0.00;0.00;0.00
15.01.2021;19:04:01;2.51;37.41;6.99;747.45;0.00;0.00;0.00
15.01.2021;19:05:01;2.50;37.81;6.95;747.46;0.00;0.00;0.00
15.01.2021;19:06:01;2.50;38.52;6.90;747.46;0.00;0.00;0.00
15.01.2021;19:07:01;2.51;38.26;6.86;747.50;0.00;0.00;0.00
15.01.2021;19:08:01;2.54;38.43;6.84;747.50;0.00;0.00;0.00
15.01.2021;19:09:01;2.53;38.44;6.82;747.49;0.00;0.00;0.00
15.01.2021;19:10:01;2.54;38.68;6.77;747.50;0.00;0.00;0.00
15.01.2021;19:11:01;2.56;38.85;6.76;747.49;0.00;0.00;0.00
15.01.2021;19:12:01;2.53;38.31;6.77;747.51;0.00;0.00;0.00
15.01.2021;19:13:01;2.53;38.03;6.76;747.50;0.00;0.00;0.00
15.01.2021;19:14:01;2.53;38.08;6.76;747.50;0.00;0.00;0.00
15.01.2021;19:15:01;2.53;38.04;6.73;747.51;0.00;0.00;0.00
15.01.2021;19:16:01;2.54;38.30;6.71;747.53;0.00;0.00;0.00
15.01.2021;19:17:01;2.51;38.32;6.68;747.54;0.00;0.00;0.00
15.01.2021;19:18:01;2.53;38.49;6.66;747.54;0.00;0.00;0.00
15.01.2021;19:19:01;2.53;38.62;6.66;747.55;0.00;0.00;0.00
15.01.2021;19:20:01;2.58;37.98;6.67;747.54;0.00;0.00;0.00
15.01.2021;19:21:01;2.54;38.35;6.65;747.54;0.00;0.00;0.00
15.01.2021;19:22:01;2.51;38.10;6.63;747.55;0.00;0.00;0.00
15.01.2021;19:23:01;2.53;38.26;6.61;747.58;0.00;0.00;0.00
15.01.2021;19:24:01;2.53;38.18;6.61;747.59;0.00;0.00;0.00
15.01.2021;19:25:01;2.50;39.04;6.60;747.59;0.00;0.00;0.00
15.01.2021;19:26:01;2.50;38.95;6.60;747.58;0.00;0.00;0.00
15.01.2021;19:27:02;2.57;38.32;6.59;747.59;0.00;0.00;0.00
15.01.2021;19:28:02;2.51;38.52;6.57;747.60;0.00;0.00;0.00
15.01.2021;19:29:02;2.50;38.25;6.58;747.61;0.00;0.00;0.00
15.01.2021;19:30:02;2.51;38.38;6.57;747.59;0.00;0.00;0.00
15.01.2021;19:31:02;2.50;38.35;6.55;747.60;0.00;0.00;0.00
15.01.2021;19:32:02;2.50;38.25;6.55;747.60;0.00;0.00;0.00
15.01.2021;19:33:02;2.50;38.45;6.52;747.58;0.00;0.00;0.00
15.01.2021;19:34:02;2.50;38.40;6.52;747.59;0.00;0.00;0.00
15.01.2021;19:35:02;2.50;38.65;6.51;747.56;0.00;0.00;0.00
15.01.2021;19:36:02;2.50;38.30;6.52;747.57;0.00;0.00;0.00
15.01.2021;19:37:02;2.50;38.17;6.52;747.58;0.00;0.00;0.00
15.01.2021;19:38:02;2.53;38.04;6.51;747.58;0.00;0.00;0.00
15.01.2021;19:39:02;2.50;38.33;6.50;747.60;0.00;0.00;0.00
15.01.2021;19:40:02;2.50;38.29;6.49;747.59;0.00;0.00;0.00
15.01.2021;19:41:02;2.53;38.14;6.49;747.60;0.00;0.00;0.00
15.01.2021;19:42:02;2.50;38.12;6.50;747.60;0.00;0.00;0.00
15.01.2021;19:43:02;2.50;38.20;6.50;747.60;0.00;0.00;0.00
15.01.2021;19:44:02;2.51;37.97;6.50;747.58;0.00;0.00;0.00
15.01.2021;19:45:02;2.50;37.79;6.51;747.57;0.00;0.00;0.00
15.01.2021;19:46:02;2.50;37.90;6.49;747.55;0.00;0.00;0.00
15.01.2021;19:47:02;2.50;37.82;6.48;747.54;0.00;0.00;0.00
15.01.2021;19:48:02;2.50;37.71;6.46;747.53;0.00;0.00;0.00
15.01.2021;19:49:02;2.50;37.92;6.45;747.53;0.00;0.00;0.00
15.01.2021;19:50:02;2.50;38.20;6.43;747.53;0.00;0.00;0.00
15.01.2021;19:51:02;2.50;38.14;6.43;747.53;0.00;0.00;0.00
15.01.2021;19:52:02;2.53;38.28;6.41;747.54;0.00;0.00;0.00
15.01.2021;19:53:02;2.50;38.08;6.41;747.55;0.00;0.00;0.00
15.01.2021;19:54:02;2.50;38.00;6.40;747.54;0.00;0.00;0.00
15.01.2021;19:55:02;2.53;38.06;6.40;747.54;0.00;0.00;0.00
15.01.2021;19:56:02;2.50;37.89;6.40;747.56;0.00;0.00;0.00
15.01.2021;19:57:02;2.50;37.89;6.38;747.56;0.00;0.00;0.00
15.01.2021;19:58:02;2.51;37.87;6.37;747.56;0.00;0.00;0.00
15.01.2021;19:59:02;2.50;38.08;6.36;747.54;0.00;0.00;0.00
15.01.2021;20:00:02;2.50;38.04;6.35;747.53;0.00;0.00;0.00
15.01.2021;20:01:02;2.50;38.55;6.36;747.53;0.00;0.00;0.00
15.01.2021;20:02:02;2.50;38.41;6.38;747.52;0.00;0.00;0.00
15.01.2021;20:03:02;2.50;38.06;6.37;747.52;0.00;0.00;0.00
15.01.2021;20:04:02;2.50;38.53;6.36;747.49;0.00;0.00;0.00
15.01.2021;20:05:02;2.50;38.29;6.38;747.47;0.00;0.00;0.00
15.01.2021;20:06:03;2.53;37.92;6.37;747.48;0.00;0.00;0.00
15.01.2021;20:07:03;2.50;37.91;6.37;747.51;0.00;0.00;0.00
15.01.2021;20:08:03;2.50;38.30;6.35;747.53;0.00;0.00;0.00
15.01.2021;20:09:03;2.53;37.92;6.35;747.54;0.00;0.00;0.00
15.01.2021;20:10:03;2.50;38.05;6.35;747.54;0.00;0.00;0.00
15.01.2021;20:11:03;2.50;37.98;6.33;747.53;0.00;0.00;0.00
15.01.2021;20:12:03;2.51;37.80;6.33;747.54;0.00;0.00;0.00
15.01.2021;20:13:03;2.50;38.55;6.30;747.54;0.00;0.00;0.00
15.01.2021;20:14:03;2.50;37.74;6.31;747.54;0.00;0.00;0.00
15.01.2021;20:15:03;2.50;37.46;6.31;747.55;0.00;0.00;0.00
15.01.2021;20:16:03;2.50;37.40;6.31;747.53;0.00;0.00;0.00
15.01.2021;20:17:03;2.50;37.55;6.33;747.51;0.00;0.00;0.00
15.01.2021;20:18:03;2.50;37.63;6.28;747.52;0.00;0.00;0.00
15.01.2021;20:19:03;2.50;37.62;6.29;747.53;0.00;0.00;0.00
15.01.2021;20:20:03;2.53;37.31;6.29;747.56;0.00;0.00;0.00
15.01.2021;20:21:03;2.50;37.16;6.29;747.55;0.00;0.00;0.00
15.01.2021;20:22:03;2.50;37.49;6.28;747.53;0.00;0.00;0.00
15.01.2021;20:23:03;2.53;37.81;6.24;747.52;0.00;0.00;0.00
15.01.2021;20:24:03;2.50;37.54;6.23;747.51;0.00;0.00;0.00
15.01.2021;20:25:03;2.50;37.79;6.23;747.52;0.00;0.00;0.00
15.01.2021;20:26:03;2.51;37.48;6.23;747.53;0.00;0.00;0.00
15.01.2021;20:27:03;2.50;37.53;6.26;747.55;0.00;0.00;0.00
15.01.2021;20:28:03;2.50;37.96;6.24;747.53;0.00;0.00;0.00
15.01.2021;20:29:03;2.50;37.97;6.23;747.55;0.00;0.00;0.00
15.01.2021;20:30:03;2.50;38.28;6.22;747.57;0.00;0.00;0.00
15.01.2021;20:31:03;2.50;38.29;6.23;747.59;0.00;0.00;0.00
15.01.2021;20:32:03;2.51;38.01;6.24;747.60;0.00;0.00;0.00
15.01.2021;20:33:03;2.50;37.76;6.25;747.59;0.00;0.00;0.00
15.01.2021;20:34:03;2.53;37.80;6.26;747.60;0.00;0.00;0.00
15.01.2021;20:35:03;2.50;37.63;6.28;747.59;0.00;0.00;0.00
15.01.2021;20:36:03;2.50;37.66;6.28;747.60;0.00;0.00;0.00
15.01.2021;20:37:03;2.53;37.55;6.28;747.60;0.00;0.00;0.00
15.01.2021;20:38:03;2.50;37.82;6.26;747.60;0.00;0.00;0.00
15.01.2021;20:39:03;2.50;37.67;6.25;747.60;0.00;0.00;0.00
15.01.2021;20:40:03;2.53;37.40;6.28;747.60;0.00;0.00;0.00
15.01.2021;20:41:03;2.50;37.30;6.28;747.58;0.00;0.00;0.00
15.01.2021;20:42:03;2.50;38.35;6.28;747.58;0.00;0.00;0.00
15.01.2021;20:43:03;2.50;37.70;6.27;747.59;0.00;0.00;0.00
15.01.2021;20:44:03;2.50;37.48;6.26;747.59;0.00;0.00;0.00
15.01.2021;20:45:04;2.50;37.52;6.26;747.57;0.00;0.00;0.00
15.01.2021;20:46:04;2.50;37.54;6.28;747.57;0.00;0.00;0.00
15.01.2021;20:47:04;2.50;37.76;6.28;747.57;0.00;0.00;0.00
15.01.2021;20:48:04;2.53;38.43;6.29;747.56;0.00;0.00;0.00
15.01.2021;20:49:04;2.50;38.10;6.29;747.57;0.00;0.00;0.00
15.01.2021;20:50:04;2.50;37.80;6.29;747.59;0.00;0.00;0.00
15.01.2021;20:51:04;2.53;37.65;6.32;747.59;0.00;0.00;0.00
15.01.2021;20:52:04;2.50;37.49;6.35;747.60;0.00;0.00;0.00
15.01.2021;20:53:04;2.50;37.25;6.34;747.60;0.00;0.00;0.00
15.01.2021;20:54:04;2.51;37.14;6.35;747.61;0.00;0.00;0.00
15.01.2021;20:55:04;2.50;37.32;6.34;747.60;0.00;0.00;0.00
15.01.2021;20:56:04;2.51;37.26;6.34;747.60;0.00;0.00;0.00
15.01.2021;20:57:04;2.51;37.29;6.35;747.60;0.00;0.00;0.00
15.01.2021;20:58:04;2.50;37.23;6.34;747.59;0.00;0.00;0.00
15.01.2021;20:59:04;2.50;37.14;6.34;747.60;0.00;0.00;0.00
15.01.2021;21:00:04;2.51;37.49;6.37;747.60;0.00;0.00;0.00
15.01.2021;21:01:04;2.50;37.25;6.38;747.59;0.00;0.00;0.00
15.01.2021;21:02:04;2.53;37.21;6.39;747.59;0.00;0.00;0.00
15.01.2021;21:03:04;2.50;37.38;6.38;747.57;0.00;0.00;0.00
15.01.2021;21:04:04;2.50;36.88;6.39;747.56;0.00;0.00;0.00
15.01.2021;21:05:04;2.53;36.97;6.39;747.58;0.00;0.00;0.00
15.01.2021;21:06:04;2.51;37.18;6.38;747.58;0.00;0.00;0.00
15.01.2021;21:07:04;2.51;37.03;6.38;747.58;0.00;0.00;0.00
15.01.2021;21:08:04;2.51;36.99;6.40;747.59;0.00;0.00;0.00
15.01.2021;21:09:04;2.50;36.95;6.39;747.59;0.00;0.00;0.00
15.01.2021;21:10:04;2.51;37.34;6.39;747.60;0.00;0.00;0.00
15.01.2021;21:11:04;2.54;37.05;6.40;747.62;0.00;0.00;0.00
15.01.2021;21:12:04;2.56;37.07;6.39;747.62;0.00;0.00;0.00
15.01.2021;21:13:04;2.54;36.97;6.40;747.63;0.00;0.00;0.00
15.01.2021;21:14:04;2.57;37.07;6.39;747.64;0.00;0.00;0.00
15.01.2021;21:15:04;2.58;37.20;6.40;747.64;0.00;0.00;0.00
15.01.2021;21:16:04;2.74;37.07;6.42;747.63;0.00;0.00;0.00
15.01.2021;21:17:04;2.69;37.09;6.43;747.63;0.00;0.00;0.00
15.01.2021;21:18:04;2.74;36.97;6.45;747.63;0.00;0.00;0.00
15.01.2021;21:19:04;2.71;37.02;6.47;747.62;0.00;0.00;0.00
15.01.2021;21:20:04;2.74;36.88;6.47;747.61;0.00;0.00;0.00
15.01.2021;21:21:04;2.68;36.87;6.48;747.64;0.00;0.00;0.00
15.01.2021;21:22:04;2.63;36.63;6.49;747.64;0.00;0.00;0.00
15.01.2021;21:23:04;2.65;36.61;6.49;747.65;0.00;0.00;0.00
15.01.2021;21:24:05;2.80;36.65;6.49;747.67;0.00;0.00;0.00
15.01.2021;21:25:05;2.68;36.70;6.49;747.67;0.00;0.00;0.00
15.01.2021;21:26:05;2.81;36.88;6.51;747.66;0.00;0.00;0.00
15.01.2021;21:27:05;2.74;36.88;6.51;747.65;0.00;0.00;0.00
15.01.2021;21:28:05;2.72;36.90;6.51;747.63;0.00;0.00;0.00
15.01.2021;21:29:05;2.71;36.87;6.53;747.64;0.00;0.00;0.00
15.01.2021;21:30:05;2.78;36.68;6.52;747.63;0.00;0.00;0.00
15.01.2021;21:31:05;2.81;36.76;6.51;747.64;0.00;0.00;0.00
15.01.2021;21:32:05;2.82;36.67;6.52;747.63;0.00;0.00;0.00
15.01.2021;21:33:05;2.85;36.60;6.53;747.61;0.00;0.00;0.00
15.01.2021;21:34:05;2.74;36.79;6.55;747.60;0.00;0.00;0.00
15.01.2021;21:35:05;2.68;36.86;6.54;747.58;0.00;0.00;0.00
15.01.2021;21:36:05;2.79;36.86;6.55;747.56;0.00;0.00;0.00
15.01.2021;21:37:05;2.65;36.98;6.56;747.56;0.00;0.00;0.00
15.01.2021;21:38:05;2.68;36.54;6.58;747.55;0.00;0.00;0.00
15.01.2021;21:39:05;2.78;36.54;6.58;747.55;0.00;0.00;0.00
15.01.2021;21:40:05;2.80;36.62;6.59;747.54;0.00;0.00;0.00
15.01.2021;21:41:05;2.78;36.96;6.61;747.54;0.00;0.00;0.00
15.01.2021;21:42:05;2.65;36.90;6.62;747.54;0.00;0.00;0.00
15.01.2021;21:43:05;2.77;36.75;6.63;747.55;0.00;0.00;0.00
15.01.2021;21:44:05;2.79;36.82;6.63;747.55;0.00;0.00;0.00
15.01.2021;21:45:05;2.75;36.75;6.65;747.57;0.00;0.00;0.00
15.01.2021;21:46:05;2.67;36.81;6.66;747.57;0.00;0.00;0.00
15.01.2021;21:47:05;2.81;36.50;6.68;747.59;0.00;0.00;0.00
15.01.2021;21:48:05;2.74;36.69;6.70;747.58;0.00;0.00;0.00
15.01.2021;21:49:05;2.77;36.62;6.69;747.57;0.00;0.00;0.00
15.01.2021;21:50:05;2.81;36.64;6.69;747.56;0.00;0.00;0.00
15.01.2021;21:51:05;2.96;36.37;6.71;747.55;0.00;0.00;0.00
15.01.2021;21:52:05;2.91;36.25;6.71;747.54;0.00;0.00;0.00
15.01.2021;21:53:05;2.92;36.57;6.71;747.54;0.00;0.00;0.00
15.01.2021;21:54:05;2.81;36.60;6.72;747.55;0.00;0.00;0.00
15.01.2021;21:55:05;2.75;36.32;6.74;747.55;0.00;0.00;0.00
15.01.2021;21:56:05;2.75;36.33;6.75;747.56;0.00;0.00;0.00
15.01.2021;21:57:05;2.92;36.56;6.75;747.55;0.00;0.00;0.00
15.01.2021;21:58:05;3.00;36.41;6.75;747.56;0.00;0.00;0.00
15.01.2021;21:59:05;2.97;36.23;6.78;747.56;0.00;0.00;0.00
15.01.2021;22:00:05;3.08;36.06;6.80;747.58;0.00;0.00;0.00
15.01.2021;22:01:05;2.87;36.00;6.81;747.57;0.00;0.00;0.00
15.01.2021;22:02:06;2.72;36.16;6.81;747.56;0.00;0.00;0.00
15.01.2021;22:03:06;2.64;36.20;6.81;747.56;0.00;0.00;0.00
15.01.2021;22:04:06;2.75;36.50;6.81;747.56;0.00;0.00;0.00
15.01.2021;22:05:06;2.63;36.10;6.83;747.57;0.00;0.00;0.00
15.01.2021;22:06:06;2.63;36.02;6.81;747.55;0.00;0.00;0.00
15.01.2021;22:07:06;2.64;35.86;6.81;747.54;0.00;0.00;0.00
15.01.2021;22:08:06;2.53;36.15;6.81;747.53;0.00;0.00;0.00
15.01.2021;22:09:06;2.60;36.38;6.80;747.52;0.00;0.00;0.00
15.01.2021;22:10:06;2.61;36.09;6.80;747.53;0.00;0.00;0.00
15.01.2021;22:11:06;2.56;36.20;6.81;747.54;0.00;0.00;0.00
15.01.2021;22:12:06;2.69;35.94;6.81;747.53;0.00;0.00;0.00
15.01.2021;22:13:06;2.63;36.17;6.80;747.54;0.00;0.00;0.00
15.01.2021;22:14:06;2.77;36.22;6.78;747.55;0.00;0.00;0.00
15.01.2021;22:15:06;2.79;36.14;6.78;747.56;0.00;0.00;0.00
15.01.2021;22:16:06;2.71;36.22;6.79;747.57;0.00;0.00;0.00
15.01.2021;22:17:06;2.80;36.11;6.79;747.58;0.00;0.00;0.00
15.01.2021;22:18:06;2.61;36.04;6.79;747.58;0.00;0.00;0.00
15.01.2021;22:19:06;2.72;36.18;6.79;747.58;0.00;0.00;0.00
15.01.2021;22:20:06;2.68;36.03;6.80;747.57;0.00;0.00;0.00
15.01.2021;22:21:06;2.67;35.68;6.81;747.55;0.00;0.00;0.00
15.01.2021;22:22:06;2.63;35.97;6.81;747.54;0.00;0.00;0.00
15.01.2021;22:23:06;2.56;36.01;6.79;747.52;0.00;0.00;0.00
15.01.2021;22:24:06;2.57;35.43;6.80;747.50;0.00;0.00;0.00
15.01.2021;22:25:06;2.50;35.43;6.81;747.51;0.00;0.00;0.00
15.01.2021;22:26:06;2.60;35.64;6.80;747.52;0.00;0.00;0.00
15.01.2021;22:27:06;2.64;35.82;6.77;747.53;0.00;0.00;0.00
15.01.2021;22:28:06;2.57;35.83;6.75;747.54;0.00;0.00;0.00
15.01.2021;22:29:06;2.57;36.05;6.72;747.54;0.00;0.00;0.00
15.01.2021;22:30:06;2.58;35.85;6.72;747.55;0.00;0.00;0.00
15.01.2021;22:31:06;2.57;35.64;6.73;747.57;0.00;0.00;0.00
15.01.2021;22:32:06;2.63;35.71;6.71;747.56;0.00;0.00;0.00
15.01.2021;22:33:06;2.56;35.63;6.71;747.56;0.00;0.00;0.00
15.01.2021;22:34:06;2.56;35.39;6.72;747.53;0.00;0.00;0.00
15.01.2021;22:35:06;2.53;35.47;6.70;747.51;0.00;0.00;0.00
15.01.2021;22:36:06;2.54;35.81;6.69;747.50;0.00;0.00;0.00
15.01.2021;22:37:06;2.53;36.15;6.67;747.48;0.00;0.00;0.00
15.01.2021;22:38:06;2.53;36.03;6.66;747.48;0.00;0.00;0.00
15.01.2021;22:39:06;2.50;35.80;6.65;747.49;0.00;0.00;0.00
15.01.2021;22:40:07;2.60;36.00;6.63;747.50;0.00;0.00;0.00
15.01.2021;22:41:07;2.53;35.98;6.61;747.50;0.00;0.00;0.00
15.01.2021;22:42:07;2.57;35.96;6.61;747.52;0.00;0.00;0.00
15.01.2021;22:43:07;2.57;35.81;6.61;747.54;0.00;0.00;0.00
15.01.2021;22:44:07;2.53;35.62;6.63;747.55;0.00;0.00;0.00
15.01.2021;22:45:07;2.54;35.85;6.63;747.55;0.00;0.00;0.00
15.01.2021;22:46:07;2.51;35.88;6.62;747.54;0.00;0.00;0.00
15.01.2021;22:47:07;2.53;35.92;6.62;747.52;0.00;0.00;0.00
15.01.2021;22:48:07;2.50;35.98;6.63;747.51;0.00;0.00;0.00
15.01.2021;22:49:07;2.53;36.06;6.62;747.50;0.00;0.00;0.00
15.01.2021;22:50:07;2.51;36.07;6.62;747.47;0.00;0.00;0.00
15.01.2021;22:51:07;2.54;36.04;6.63;747.47;0.00;0.00;0.00
15.01.2021;22:52:07;2.56;36.07;6.63;747.47;0.00;0.00;0.00
15.01.2021;22:53:07;2.51;35.99;6.64;747.47;0.00;0.00;0.00
15.01.2021;22:54:07;2.57;36.04;6.63;747.49;0.00;0.00;0.00
15.01.2021;22:55:07;2.54;35.85;6.64;747.51;0.00;0.00;0.00
15.01.2021;22:56:07;2.53;35.46;6.65;747.51;0.00;0.00;0.00
15.01.2021;22:57:07;2.61;35.97;6.65;747.52;0.00;0.00;0.00
15.01.2021;22:58:07;2.53;35.90;6.65;747.52;0.00;0.00;0.00
15.01.2021;22:59:07;2.53;35.92;6.66;747.50;0.00;0.00;0.00
15.01.2021;23:00:07;2.54;36.74;6.68;747.50;0.00;0.00;0.00
15.01.2021;23:01:07;2.54;35.83;6.68;747.49;0.00;0.00;0.00
15.01.2021;23:02:07;2.51;35.68;6.68;747.48;0.00;0.00;0.00
15.01.2021;23:03:07;2.56;35.45;6.69;747.47;0.00;0.00;0.00
15.01.2021;23:04:07;2.53;35.32;6.68;747.48;0.00;0.00;0.00
15.01.2021;23:05:07;2.51;35.43;6.66;747.49;0.00;0.00;0.00
15.01.2021;23:06:07;2.60;35.32;6.66;747.50;0.00;0.00;0.00
15.01.2021;23:07:07;2.50;35.41;6.65;747.51;0.00;0.00;0.00
15.01.2021;23:08:07;2.54;35.76;6.61;747.52;0.00;0.00;0.00
15.01.2021;23:09:07;2.54;35.51;6.63;747.53;0.00;0.00;0.00
15.01.2021;23:10:07;2.53;36.21;6.64;747.53;0.00;0.00;0.00
15.01.2021;23:11:07;2.58;35.98;6.63;747.51;0.00;0.00;0.00
15.01.2021;23:12:07;2.53;35.65;6.63;747.51;0.00;0.00;0.00
15.01.2021;23:13:07;2.60;35.39;6.63;747.52;0.00;0.00;0.00
15.01.2021;23:14:07;2.54;35.43;6.61;747.51;0.00;0.00;0.00
15.01.2021;23:15:07;2.53;35.89;6.60;747.48;0.00;0.00;0.00
15.01.2021;23:16:07;2.56;35.46;6.59;747.47;0.00;0.00;0.00
15.01.2021;23:17:07;2.53;35.52;6.59;747.45;0.00;0.00;0.00
15.01.2021;23:18:07;2.50;35.99;6.58;747.43;0.00;0.00;0.00
15.01.2021;23:19:08;2.53;35.81;6.57;747.42;0.00;0.00;0.00
15.01.2021;23:20:08;2.50;35.81;6.56;747.41;0.00;0.00;0.00
15.01.2021;23:21:08;2.53;35.75;6.57;747.39;0.00;0.00;0.00
15.01.2021;23:22:08;2.56;35.86;6.57;747.38;0.00;0.00;0.00
15.01.2021;23:23:08;2.54;36.14;6.55;747.38;0.00;0.00;0.00
15.01.2021;23:24:08;2.53;35.87;6.55;747.37;0.00;0.00;0.00
15.01.2021;23:25:08;2.57;35.72;6.55;747.37;0.00;0.00;0.00
15.01.2021;23:26:08;2.54;35.58;6.56;747.39;0.00;0.00;0.00
15.01.2021;23:27:08;2.56;35.60;6.58;747.40;0.00;0.00;0.00
15.01.2021;23:28:08;2.63;35.64;6.57;747.41;0.00;0.00;0.00
15.01.2021;23:29:08;2.56;35.74;6.57;747.41;0.00;0.00;0.00
15.01.2021;23:30:08;2.51;35.69;6.57;747.42;0.00;0.00;0.00
15.01.2021;23:31:08;2.57;35.62;6.55;747.42;0.00;0.00;0.00
15.01.2021;23:32:08;2.56;35.74;6.53;747.40;0.00;0.00;0.00
15.01.2021;23:33:08;2.51;35.58;6.54;747.37;0.00;0.00;0.00
15.01.2021;23:34:08;2.53;35.72;6.54;747.39;0.00;0.00;0.00
15.01.2021;23:35:08;2.53;35.90;6.55;747.38;0.00;0.00;0.00
15.01.2021;23:36:08;2.53;35.64;6.56;747.36;0.00;0.00;0.00
15.01.2021;23:37:08;2.54;35.64;6.56;747.35;0.00;0.00;0.00
15.01.2021;23:38:08;2.53;35.67;6.56;747.34;0.00;0.00;0.00
15.01.2021;23:39:08;2.54;35.83;6.56;747.34;0.00;0.00;0.00
15.01.2021;23:40:08;2.51;35.66;6.57;747.36;0.00;0.00;0.00
15.01.2021;23:41:08;2.53;35.50;6.60;747.36;0.00;0.00;0.00
15.01.2021;23:42:08;2.56;35.34;6.61;747.37;0.00;0.00;0.00
15.01.2021;23:43:08;2.51;35.53;6.59;747.38;0.00;0.00;0.00
15.01.2021;23:44:08;2.56;35.36;6.59;747.39;0.00;0.00;0.00
15.01.2021;23:45:08;2.57;35.31;6.60;747.40;0.00;0.00;0.00
15.01.2021;23:46:08;2.61;36.10;6.61;747.40;0.00;0.00;0.00
15.01.2021;23:47:08;2.74;35.76;6.60;747.41;0.00;0.00;0.00
15.01.2021;23:48:08;2.68;35.38;6.61;747.42;0.00;0.00;0.00
15.01.2021;23:49:08;2.60;35.38;6.62;747.45;0.00;0.00;0.00
15.01.2021;23:50:08;2.68;35.99;6.61;747.46;0.00;0.00;0.00
15.01.2021;23:51:08;2.78;35.63;6.61;747.46;0.00;0.00;0.00
15.01.2021;23:52:08;2.80;35.46;6.62;747.47;0.00;0.00;0.00
15.01.2021;23:53:08;2.82;35.52;6.62;747.46;0.00;0.00;0.00
15.01.2021;23:54:08;3.01;35.55;6.63;747.45;0.00;0.00;0.00
15.01.2021;23:55:08;2.98;35.80;6.65;747.44;0.00;0.00;0.00
15.01.2021;23:56:08;3.01;35.55;6.66;747.44;0.00;0.00;0.00
15.01.2021;23:57:09;3.00;35.79;6.67;747.45;0.00;0.00;0.00
15.01.2021;23:58:09;2.75;35.55;6.68;747.45;0.00;0.00;0.00
15.01.2021;23:59:09;2.69;35.45;6.69;747.43;0.00;0.00;0.00
