16.01.2021;0:00:09;2.70;35.37;6.69;747.43;0.00;0.00;0.00
16.01.2021;0:01:09;2.67;35.32;6.69;747.41;0.00;0.00;0.00
16.01.2021;0:02:09;2.79;35.50;6.70;747.41;0.00;0.00;0.00
16.01.2021;0:03:09;2.78;35.45;6.71;747.43;0.00;0.00;0.00
16.01.2021;0:04:09;2.74;35.52;6.71;747.43;0.00;0.00;0.00
16.01.2021;0:05:09;2.81;35.33;6.73;747.43;0.00;0.00;0.00
16.01.2021;0:06:09;2.81;35.23;6.74;747.44;0.00;0.00;0.00
16.01.2021;0:07:09;2.89;35.47;6.74;747.46;0.00;0.00;0.00
16.01.2021;0:08:09;2.85;35.37;6.75;747.47;0.00;0.00;0.00
16.01.2021;0:09:09;2.82;35.04;6.75;747.47;0.00;0.00;0.00
16.01.2021;0:10:09;2.96;35.12;6.76;747.47;0.00;0.00;0.00
16.01.2021;0:11:09;2.90;35.07;6.77;747.46;0.00;0.00;0.00
16.01.2021;0:12:09;3.02;34.93;6.78;747.46;0.00;0.00;0.00
16.01.2021;0:13:09;3.03;35.19;6.79;747.45;0.00;0.00;0.00
16.01.2021;0:14:09;3.08;35.37;6.79;747.46;0.00;0.00;0.00
16.01.2021;0:15:09;3.17;35.13;6.79;747.46;0.00;0.00;0.00
16.01.2021;0:16:09;3.18;35.36;6.79;747.47;0.00;0.00;0.00
16.01.2021;0:17:09;3.19;35.36;6.79;747.48;0.00;0.00;0.00
16.01.2021;0:18:09;3.22;35.11;6.81;747.47;0.00;0.00;0.00
16.01.2021;0:19:09;3.29;34.97;6.83;747.47;0.00;0.00;0.00
16.01.2021;0:20:09;3.26;34.92;6.84;747.47;0.00;0.00;0.00
16.01.2021;0:21:09;3.28;34.94;6.85;747.48;0.00;0.00;0.00
16.01.2021;0:22:09;3.28;35.03;6.86;747.47;0.00;0.00;0.00
16.01.2021;0:23:09;3.29;35.10;6.85;747.46;0.00;0.00;0.00
16.01.2021;0:24:09;3.32;34.95;6.85;747.45;0.00;0.00;0.00
16.01.2021;0:25:09;3.26;34.94;6.84;747.45;0.00;0.00;0.00
16.01.2021;0:26:09;3.31;34.91;6.83;747.45;0.00;0.00;0.00
16.01.2021;0:27:09;3.33;34.96;6.84;747.45;0.00;0.00;0.00
16.01.2021;0:28:09;3.33;34.92;6.84;747.47;0.00;0.00;0.00
16.01.2021;0:29:09;3.33;34.95;6.84;747.48;0.00;0.00;0.00
16.01.2021;0:30:09;3.33;34.86;6.85;747.46;0.00;0.00;0.00
16.01.2021;0:31:09;3.32;34.83;6.86;747.46;0.00;0.00;0.00
16.01.2021;0:32:09;3.35;34.72;6.86;747.46;0.00;0.00;0.00
16.01.2021;0:33:09;3.32;34.64;6.86;747.46;0.00;0.00;0.00
16.01.2021;0:34:09;3.31;34.94;6.87;747.45;0.00;0.00;0.00
16.01.2021;0:35:09;3.35;34.83;6.85;747.44;0.00;0.00;0.00
16.01.2021;0:36:10;3.33;34.48;6.85;747.43;0.00;0.00;0.00
16.01.2021;0:37:10;3.32;35.23;6.86;747.43;0.00;0.00;0.00
16.01.2021;0:38:10;3.33;35.03;6.85;747.44;0.00;0.00;0.00
16.01.2021;0:39:10;3.31;34.83;6.86;747.45;0.00;0.00;0.00
16.01.2021;0:40:10;3.33;34.73;6.85;747.45;0.00;0.00;0.00
16.01.2021;0:41:10;3.33;34.99;6.86;747.46;0.00;0.00;0.00
16.01.2021;0:42:10;3.32;34.93;6.85;747.46;0.00;0.00;0.00
16.01.2021;0:43:10;3.32;34.97;6.85;747.47;0.00;0.00;0.00
16.01.2021;0:44:10;3.33;35.10;6.86;747.47;0.00;0.00;0.00
16.01.2021;0:45:10;3.33;35.09;6.86;747.45;0.00;0.00;0.00
16.01.2021;0:46:10;3.35;34.55;6.88;747.43;0.00;0.00;0.00
16.01.2021;0:47:10;3.33;34.54;6.89;747.42;0.00;0.00;0.00
16.01.2021;0:48:10;3.33;34.47;6.88;747.40;0.00;0.00;0.00
16.01.2021;0:49:10;3.35;34.71;6.87;747.38;0.00;0.00;0.00
16.01.2021;0:50:10;3.32;35.15;6.87;747.39;0.00;0.00;0.00
16.01.2021;0:51:10;3.33;34.72;6.87;747.39;0.00;0.00;0.00
16.01.2021;0:52:10;3.31;34.87;6.87;747.39;0.00;0.00;0.00
16.01.2021;0:53:10;3.33;34.80;6.86;747.39;0.00;0.00;0.00
16.01.2021;0:54:10;3.32;34.69;6.85;747.39;0.00;0.00;0.00
16.01.2021;0:55:10;3.28;34.57;6.87;747.41;0.00;0.00;0.00
16.01.2021;0:56:10;3.31;34.61;6.88;747.41;0.00;0.00;0.00
16.01.2021;0:57:10;3.29;34.65;6.88;747.43;0.00;0.00;0.00
16.01.2021;0:58:10;3.33;34.62;6.88;747.45;0.00;0.00;0.00
16.01.2021;0:59:10;3.32;34.48;6.90;747.45;0.00;0.00;0.00
16.01.2021;1:00:10;3.22;34.47;6.90;747.43;0.00;0.00;0.00
16.01.2021;1:01:10;2.81;34.66;6.88;747.43;0.00;0.00;0.00
16.01.2021;1:02:10;2.63;34.80;6.85;747.46;0.00;0.00;0.00
16.01.2021;1:03:10;2.63;34.90;6.85;747.47;0.00;0.00;0.00
16.01.2021;1:04:10;2.56;34.92;6.87;747.47;0.00;0.00;0.00
16.01.2021;1:05:10;2.54;34.93;6.87;747.49;0.00;0.00;0.00
16.01.2021;1:06:10;2.53;35.18;6.87;747.51;0.00;0.00;0.00
16.01.2021;1:07:10;2.50;34.80;6.89;747.52;0.00;0.00;0.00
16.01.2021;1:08:10;2.57;34.94;6.90;747.52;0.00;0.00;0.00
16.01.2021;1:09:10;2.54;34.64;6.92;747.50;0.00;0.00;0.00
16.01.2021;1:10:10;2.53;34.58;6.91;747.51;0.00;0.00;0.00
16.01.2021;1:11:10;2.57;34.60;6.92;747.51;0.00;0.00;0.00
16.01.2021;1:12:10;2.50;34.70;6.91;747.52;0.00;0.00;0.00
16.01.2021;1:13:11;2.54;34.50;6.89;747.51;0.00;0.00;0.00
16.01.2021;1:14:11;2.61;35.00;6.91;747.52;0.00;0.00;0.00
16.01.2021;1:15:11;2.64;36.01;6.94;747.51;0.00;0.00;0.00
16.01.2021;1:16:11;2.60;34.96;6.92;747.51;0.00;0.00;0.00
16.01.2021;1:17:11;2.65;34.85;6.89;747.50;0.00;0.00;0.00
16.01.2021;1:18:11;2.71;34.79;6.87;747.50;0.00;0.00;0.00
16.01.2021;1:19:11;2.64;34.83;6.87;747.50;0.00;0.00;0.00
16.01.2021;1:20:11;2.86;34.54;6.87;747.48;0.00;0.00;0.00
16.01.2021;1:21:11;2.82;35.23;6.85;747.48;0.00;0.00;0.00
16.01.2021;1:22:11;2.78;34.88;6.86;747.48;0.00;0.00;0.00
16.01.2021;1:23:11;2.67;34.31;6.85;747.47;0.00;0.00;0.00
16.01.2021;1:24:11;2.80;34.24;6.83;747.47;0.00;0.00;0.00
16.01.2021;1:25:11;2.72;34.15;6.82;747.47;0.00;0.00;0.00
16.01.2021;1:26:11;2.81;34.19;6.81;747.48;0.00;0.00;0.00
16.01.2021;1:27:11;2.70;34.21;6.80;747.48;0.00;0.00;0.00
16.01.2021;1:28:11;2.71;34.47;6.77;747.48;0.00;0.00;0.00
16.01.2021;1:29:11;2.74;34.64;6.74;747.48;0.00;0.00;0.00
16.01.2021;1:30:11;2.70;34.57;6.72;747.48;0.00;0.00;0.00
16.01.2021;1:31:11;2.78;34.68;6.73;747.49;0.00;0.00;0.00
16.01.2021;1:32:11;2.72;34.27;6.72;747.48;0.00;0.00;0.00
16.01.2021;1:33:11;2.90;34.25;6.74;747.50;0.00;0.00;0.00
16.01.2021;1:34:11;2.81;34.37;6.73;747.50;0.00;0.00;0.00
16.01.2021;1:35:11;2.87;34.61;6.73;747.50;0.00;0.00;0.00
16.01.2021;1:36:11;2.78;35.16;6.72;747.51;0.00;0.00;0.00
16.01.2021;1:37:11;2.83;34.73;6.70;747.51;0.00;0.00;0.00
16.01.2021;1:38:11;2.97;34.59;6.72;747.51;0.00;0.00;0.00
16.01.2021;1:39:11;2.81;34.55;6.73;747.50;0.00;0.00;0.00
16.01.2021;1:40:11;2.93;34.91;6.74;747.50;0.00;0.00;0.00
16.01.2021;1:41:11;2.85;34.72;6.73;747.50;0.00;0.00;0.00
16.01.2021;1:42:11;2.89;34.95;6.72;747.51;0.00;0.00;0.00
16.01.2021;1:43:11;2.86;34.95;6.72;747.52;0.00;0.00;0.00
16.01.2021;1:44:11;2.87;34.94;6.73;747.53;0.00;0.00;0.00
16.01.2021;1:45:11;2.81;35.01;6.73;747.53;0.00;0.00;0.00
16.01.2021;1:46:11;2.89;34.95;6.74;747.56;0.00;0.00;0.00
16.01.2021;1:47:11;2.74;34.92;6.75;747.56;0.00;0.00;0.00
16.01.2021;1:48:11;2.83;34.75;6.78;747.56;0.00;0.00;0.00
16.01.2021;1:49:11;2.75;34.84;6.79;747.57;0.00;0.00;0.00
16.01.2021;1:50:11;2.74;34.63;6.81;747.57;0.00;0.00;0.00
16.01.2021;1:51:11;2.79;34.66;6.83;747.55;0.00;0.00;0.00
16.01.2021;1:52:12;2.64;34.44;6.84;747.54;0.00;0.00;0.00
16.01.2021;1:53:12;2.74;34.29;6.86;747.51;0.00;0.00;0.00
16.01.2021;1:54:12;2.64;34.25;6.88;747.48;0.00;0.00;0.00
16.01.2021;1:55:12;2.67;34.23;6.89;747.47;0.00;0.00;0.00
16.01.2021;1:56:12;2.67;34.57;6.87;747.46;0.00;0.00;0.00
16.01.2021;1:57:12;2.54;34.54;6.86;747.43;0.00;0.00;0.00
16.01.2021;1:58:12;2.66;34.50;6.87;747.43;0.00;0.00;0.00
16.01.2021;1:59:12;2.68;34.40;6.88;747.43;0.00;0.00;0.00
16.01.2021;2:00:12;2.60;34.81;6.88;747.43;0.00;0.00;0.00
16.01.2021;2:01:12;2.64;34.84;6.87;747.43;0.00;0.00;0.00
16.01.2021;2:02:12;2.68;34.49;6.88;747.42;0.00;0.00;0.00
16.01.2021;2:03:12;2.68;34.72;6.90;747.42;0.00;0.00;0.00
16.01.2021;2:04:12;2.68;34.61;6.91;747.43;0.00;0.00;0.00
16.01.2021;2:05:12;2.71;34.83;6.91;747.44;0.00;0.00;0.00
16.01.2021;2:06:12;2.68;34.60;6.92;747.44;0.00;0.00;0.00
16.01.2021;2:07:12;2.71;34.59;6.93;747.44;0.00;0.00;0.00
16.01.2021;2:08:12;2.65;34.76;6.94;747.41;0.00;0.00;0.00
16.01.2021;2:09:12;2.66;34.69;6.95;747.39;0.00;0.00;0.00
16.01.2021;2:10:12;2.74;34.68;6.95;747.40;0.00;0.00;0.00
16.01.2021;2:11:12;2.79;34.77;6.96;747.40;0.00;0.00;0.00
16.01.2021;2:12:12;2.87;34.45;6.98;747.41;0.00;0.00;0.00
16.01.2021;2:13:12;2.89;34.54;7.00;747.43;0.00;0.00;0.00
16.01.2021;2:14:12;2.81;34.29;7.00;747.43;0.00;0.00;0.00
16.01.2021;2:15:12;2.84;34.31;7.02;747.41;0.00;0.00;0.00
16.01.2021;2:16:12;2.81;34.30;7.03;747.39;0.00;0.00;0.00
16.01.2021;2:17:12;2.78;34.46;7.03;747.40;0.00;0.00;0.00
16.01.2021;2:18:12;2.71;34.51;7.03;747.40;0.00;0.00;0.00
16.01.2021;2:19:12;2.78;34.22;7.04;747.41;0.00;0.00;0.00
16.01.2021;2:20:12;2.77;33.84;7.07;747.44;0.00;0.00;0.00
16.01.2021;2:21:12;2.79;33.85;7.08;747.45;0.00;0.00;0.00
16.01.2021;2:22:12;2.81;33.90;7.09;747.43;0.00;0.00;0.00
16.01.2021;2:23:12;2.87;34.18;7.09;747.41;0.00;0.00;0.00
16.01.2021;2:24:12;2.83;34.47;7.10;747.42;0.00;0.00;0.00
16.01.2021;2:25:12;2.79;34.29;7.07;747.42;0.00;0.00;0.00
16.01.2021;2:26:12;2.75;34.21;7.07;747.43;0.00;0.00;0.00
16.01.2021;2:27:12;2.82;34.14;7.07;747.43;0.00;0.00;0.00
16.01.2021;2:28:12;2.79;34.10;7.06;747.43;0.00;0.00;0.00
16.01.2021;2:29:12;2.85;34.20;7.05;747.44;0.00;0.00;0.00
16.01.2021;2:30:13;2.74;34.09;7.05;747.45;0.00;0.00;0.00
16.01.2021;2:31:13;2.76;34.04;7.06;747.43;0.00;0.00;0.00
16.01.2021;2:32:13;2.85;34.12;7.06;747.44;0.00;0.00;0.00
16.01.2021;2:33:13;2.82;33.88;7.07;747.47;0.00;0.00;0.00
16.01.2021;2:34:13;2.78;33.75;7.06;747.47;0.00;0.00;0.00
16.01.2021;2:35:13;2.76;33.80;7.06;747.48;0.00;0.00;0.00
16.01.2021;2:36:13;2.82;33.61;7.06;747.49;0.00;0.00;0.00
16.01.2021;2:37:13;2.75;33.57;7.04;747.52;0.00;0.00;0.00
16.01.2021;2:38:13;2.71;33.51;7.02;747.53;0.00;0.00;0.00
16.01.2021;2:39:13;2.82;33.53;7.01;747.53;0.00;0.00;0.00
16.01.2021;2:40:13;2.84;33.49;6.99;747.54;0.00;0.00;0.00
16.01.2021;2:41:13;2.79;33.56;6.96;747.55;0.00;0.00;0.00
16.01.2021;2:42:13;2.74;33.62;6.96;747.54;0.00;0.00;0.00
16.01.2021;2:43:13;2.80;33.62;6.95;747.54;0.00;0.00;0.00
16.01.2021;2:44:13;2.72;33.45;6.93;747.54;0.00;0.00;0.00
16.01.2021;2:45:13;2.78;33.57;6.93;747.53;0.00;0.00;0.00
16.01.2021;2:46:13;2.74;33.50;6.91;747.53;0.00;0.00;0.00
16.01.2021;2:47:13;2.69;33.57;6.90;747.51;0.00;0.00;0.00
16.01.2021;2:48:13;2.66;33.54;6.88;747.49;0.00;0.00;0.00
16.01.2021;2:49:13;2.68;33.49;6.85;747.49;0.00;0.00;0.00
16.01.2021;2:50:13;2.57;33.45;6.82;747.49;0.00;0.00;0.00
16.01.2021;2:51:13;2.58;33.54;6.80;747.47;0.00;0.00;0.00
16.01.2021;2:52:13;2.58;33.56;6.79;747.44;0.00;0.00;0.00
16.01.2021;2:53:13;2.50;33.74;6.78;747.44;0.00;0.00;0.00
16.01.2021;2:54:13;2.51;33.67;6.75;747.45;0.00;0.00;0.00
16.01.2021;2:55:13;2.53;33.77;6.72;747.44;0.00;0.00;0.00
16.01.2021;2:56:13;2.50;33.71;6.70;747.44;0.00;0.00;0.00
16.01.2021;2:57:13;2.50;33.87;6.68;747.46;0.00;0.00;0.00
16.01.2021;2:58:13;2.51;33.94;6.67;747.45;0.00;0.00;0.00
16.01.2021;2:59:13;2.50;34.00;6.66;747.44;0.00;0.00;0.00
16.01.2021;3:00:13;2.50;34.07;6.63;747.44;0.00;0.00;0.00
16.01.2021;3:01:13;2.51;34.15;6.62;747.46;0.00;0.00;0.00
16.01.2021;3:02:13;2.50;34.18;6.62;747.47;0.00;0.00;0.00
16.01.2021;3:03:13;2.50;34.18;6.60;747.48;0.00;0.00;0.00
16.01.2021;3:04:13;2.51;34.13;6.59;747.49;0.00;0.00;0.00
16.01.2021;3:05:13;2.50;33.99;6.57;747.52;0.00;0.00;0.00
16.01.2021;3:06:13;2.53;33.99;6.55;747.53;0.00;0.00;0.00
16.01.2021;3:07:13;2.50;34.01;6.54;747.53;0.00;0.00;0.00
16.01.2021;3:08:14;2.50;33.89;6.52;747.53;0.00;0.00;0.00
16.01.2021;3:09:14;2.53;33.93;6.50;747.53;0.00;0.00;0.00
16.01.2021;3:10:14;2.50;33.93;6.47;747.52;0.00;0.00;0.00
16.01.2021;3:11:14;2.50;33.96;6.46;747.50;0.00;0.00;0.00
16.01.2021;3:12:14;2.51;33.87;6.44;747.50;0.00;0.00;0.00
16.01.2021;3:13:14;2.50;33.83;6.43;747.50;0.00;0.00;0.00
16.01.2021;3:14:14;2.50;33.68;6.42;747.52;0.00;0.00;0.00
16.01.2021;3:15:14;2.50;33.82;6.40;747.53;0.00;0.00;0.00
16.01.2021;3:16:14;2.50;33.66;6.37;747.56;0.00;0.00;0.00
16.01.2021;3:17:14;2.50;33.57;6.36;747.60;0.00;0.00;0.00
16.01.2021;3:18:14;2.50;33.58;6.34;747.65;0.00;0.00;0.00
16.01.2021;3:19:14;2.50;33.52;6.33;747.66;0.00;0.00;0.00
16.01.2021;3:20:14;2.54;33.43;6.29;747.64;0.00;0.00;0.00
16.01.2021;3:21:14;2.50;33.40;6.26;747.61;0.00;0.00;0.00
16.01.2021;3:22:14;2.50;33.60;6.22;747.64;0.00;0.00;0.00
16.01.2021;3:23:14;2.53;33.62;6.20;747.66;0.00;0.00;0.00
16.01.2021;3:24:14;2.50;33.75;6.15;747.64;0.00;0.00;0.00
16.01.2021;3:25:14;2.50;33.95;6.13;747.61;0.00;0.00;0.00
16.01.2021;3:26:14;2.51;34.04;6.11;747.60;0.00;0.00;0.00
16.01.2021;3:27:14;2.50;33.95;6.10;747.59;0.00;0.00;0.00
16.01.2021;3:28:14;2.50;34.24;6.07;747.57;0.00;0.00;0.00
16.01.2021;3:29:14;2.50;34.22;6.04;747.57;0.00;0.00;0.00
16.01.2021;3:30:14;2.50;33.95;6.05;747.57;0.00;0.00;0.00
16.01.2021;3:31:14;2.50;34.04;6.05;747.56;0.00;0.00;0.00
16.01.2021;3:32:14;2.50;34.22;6.03;747.55;0.00;0.00;0.00
16.01.2021;3:33:14;2.50;33.98;6.02;747.54;0.00;0.00;0.00
16.01.2021;3:34:14;2.53;33.86;6.02;747.56;0.00;0.00;0.00
16.01.2021;3:35:14;2.50;33.97;6.01;747.59;0.00;0.00;0.00
16.01.2021;3:36:14;2.50;34.03;5.99;747.61;0.00;0.00;0.00
16.01.2021;3:37:14;2.53;34.05;5.98;747.61;0.00;0.00;0.00
16.01.2021;3:38:14;2.50;34.10;5.97;747.60;0.00;0.00;0.00
16.01.2021;3:39:14;2.50;34.14;5.95;747.61;0.00;0.00;0.00
16.01.2021;3:40:14;2.51;34.12;5.96;747.60;0.00;0.00;0.00
16.01.2021;3:41:14;2.51;33.84;5.98;747.61;0.00;0.00;0.00
16.01.2021;3:42:14;2.50;33.57;6.01;747.62;0.00;0.00;0.00
16.01.2021;3:43:14;2.50;33.44;6.00;747.59;0.00;0.00;0.00
16.01.2021;3:44:14;2.51;33.51;5.99;747.58;0.00;0.00;0.00
16.01.2021;3:45:14;2.50;33.54;5.95;747.59;0.00;0.00;0.00
16.01.2021;3:46:14;2.50;33.57;5.91;747.58;0.00;0.00;0.00
16.01.2021;3:47:15;2.51;33.77;5.89;747.59;0.00;0.00;0.00
16.01.2021;3:48:15;2.54;33.98;5.87;747.59;0.00;0.00;0.00
16.01.2021;3:49:15;2.54;33.94;5.85;747.60;0.00;0.00;0.00
16.01.2021;3:50:15;2.50;33.89;5.85;747.60;0.00;0.00;0.00
16.01.2021;3:51:15;2.56;34.01;5.86;747.62;0.00;0.00;0.00
16.01.2021;3:52:15;2.50;34.02;5.86;747.60;0.00;0.00;0.00
16.01.2021;3:53:15;2.56;33.95;5.86;747.60;0.00;0.00;0.00
16.01.2021;3:54:15;2.54;34.10;5.86;747.59;0.00;0.00;0.00
16.01.2021;3:55:15;2.53;33.90;5.88;747.60;0.00;0.00;0.00
16.01.2021;3:56:15;2.54;33.76;5.90;747.61;0.00;0.00;0.00
16.01.2021;3:57:15;2.53;33.71;5.88;747.60;0.00;0.00;0.00
16.01.2021;3:58:15;2.53;33.60;5.88;747.60;0.00;0.00;0.00
16.01.2021;3:59:15;2.53;33.84;5.87;747.60;0.00;0.00;0.00
16.01.2021;4:00:15;2.50;33.68;5.87;747.61;0.00;0.00;0.00
16.01.2021;4:01:15;2.53;33.72;5.89;747.60;0.00;0.00;0.00
16.01.2021;4:02:15;2.54;34.02;5.88;747.60;0.00;0.00;0.00
16.01.2021;4:03:15;2.51;34.06;5.87;747.60;0.00;0.00;0.00
16.01.2021;4:04:15;2.51;34.01;5.87;747.60;0.00;0.00;0.00
16.01.2021;4:05:15;2.58;33.89;5.89;747.62;0.00;0.00;0.00
16.01.2021;4:06:15;2.51;33.80;5.91;747.62;0.00;0.00;0.00
16.01.2021;4:07:15;2.51;33.86;5.93;747.62;0.00;0.00;0.00
16.01.2021;4:08:15;2.57;33.59;5.95;747.63;0.00;0.00;0.00
16.01.2021;4:09:15;2.53;33.57;5.94;747.64;0.00;0.00;0.00
16.01.2021;4:10:15;2.51;33.50;5.94;747.67;0.00;0.00;0.00
16.01.2021;4:11:15;2.53;33.29;5.95;747.70;0.00;0.00;0.00
16.01.2021;4:12:15;2.51;33.42;5.98;747.70;0.00;0.00;0.00
16.01.2021;4:13:15;2.53;33.47;5.97;747.71;0.00;0.00;0.00
16.01.2021;4:14:15;2.51;33.60;5.95;747.72;0.00;0.00;0.00
16.01.2021;4:15:15;2.53;33.70;5.95;747.71;0.00;0.00;0.00
16.01.2021;4:16:15;2.53;33.57;5.95;747.68;0.00;0.00;0.00
16.01.2021;4:17:15;2.50;33.59;5.95;747.68;0.00;0.00;0.00
16.01.2021;4:18:15;2.50;33.31;5.96;747.68;0.00;0.00;0.00
16.01.2021;4:19:15;2.53;32.88;5.98;747.70;0.00;0.00;0.00
16.01.2021;4:20:15;2.51;32.74;5.98;747.71;0.00;0.00;0.00
16.01.2021;4:21:15;2.50;32.59;5.99;747.73;0.00;0.00;0.00
16.01.2021;4:22:15;2.51;32.77;5.96;747.76;0.00;0.00;0.00
16.01.2021;4:23:15;2.50;32.72;5.92;747.76;0.00;0.00;0.00
16.01.2021;4:24:15;2.50;32.96;5.91;747.76;0.00;0.00;0.00
16.01.2021;4:25:15;2.50;33.17;5.85;747.75;0.00;0.00;0.00
16.01.2021;4:26:16;2.50;33.06;5.84;747.74;0.00;0.00;0.00
16.01.2021;4:27:16;2.50;32.98;5.83;747.76;0.00;0.00;0.00
16.01.2021;4:28:16;2.50;32.96;5.82;747.77;0.00;0.00;0.00
16.01.2021;4:29:16;2.50;33.08;5.79;747.77;0.00;0.00;0.00
16.01.2021;4:30:16;2.53;33.26;5.75;747.79;0.00;0.00;0.00
16.01.2021;4:31:16;2.50;33.20;5.72;747.81;0.00;0.00;0.00
16.01.2021;4:32:16;2.50;33.20;5.70;747.82;0.00;0.00;0.00
16.01.2021;4:33:16;2.53;33.12;5.68;747.82;0.00;0.00;0.00
16.01.2021;4:34:16;2.50;33.32;5.67;747.80;0.00;0.00;0.00
16.01.2021;4:35:16;2.50;33.20;5.66;747.79;0.00;0.00;0.00
16.01.2021;4:36:16;2.51;33.18;5.66;747.79;0.00;0.00;0.00
16.01.2021;4:37:16;2.50;33.20;5.62;747.81;0.00;0.00;0.00
16.01.2021;4:38:16;2.50;33.23;5.61;747.81;0.00;0.00;0.00
16.01.2021;4:39:16;2.50;33.39;5.58;747.80;0.00;0.00;0.00
16.01.2021;4:40:16;2.50;33.33;5.56;747.79;0.00;0.00;0.00
16.01.2021;4:41:16;2.50;33.18;5.56;747.79;0.00;0.00;0.00
16.01.2021;4:42:16;2.50;33.15;5.54;747.77;0.00;0.00;0.00
16.01.2021;4:43:16;2.50;33.06;5.53;747.75;0.00;0.00;0.00
16.01.2021;4:44:16;2.53;33.10;5.50;747.75;0.00;0.00;0.00
16.01.2021;4:45:16;2.50;33.06;5.46;747.75;0.00;0.00;0.00
16.01.2021;4:46:16;2.50;33.11;5.45;747.77;0.00;0.00;0.00
16.01.2021;4:47:16;2.53;33.13;5.43;747.76;0.00;0.00;0.00
16.01.2021;4:48:16;2.50;33.22;5.40;747.79;0.00;0.00;0.00
16.01.2021;4:49:16;2.50;32.93;5.41;747.80;0.00;0.00;0.00
16.01.2021;4:50:16;2.51;32.77;5.41;747.81;0.00;0.00;0.00
16.01.2021;4:51:16;2.50;32.86;5.38;747.82;0.00;0.00;0.00
16.01.2021;4:52:16;2.50;33.00;5.33;747.82;0.00;0.00;0.00
16.01.2021;4:53:16;2.50;32.93;5.29;747.83;0.00;0.00;0.00
16.01.2021;4:54:16;2.50;32.94;5.29;747.83;0.00;0.00;0.00
16.01.2021;4:55:16;2.50;32.51;5.28;747.82;0.00;0.00;0.00
16.01.2021;4:56:16;2.50;32.10;5.31;747.80;0.00;0.00;0.00
16.01.2021;4:57:16;2.50;32.26;5.28;747.79;0.00;0.00;0.00
16.01.2021;4:58:16;2.53;32.58;5.22;747.82;0.00;0.00;0.00
16.01.2021;4:59:16;2.50;32.70;5.14;747.83;0.00;0.00;0.00
16.01.2021;5:00:16;2.50;32.73;5.13;747.85;0.00;0.00;0.00
16.01.2021;5:01:16;2.53;32.78;5.09;747.86;0.00;0.00;0.00
16.01.2021;5:02:16;2.50;32.95;5.07;747.88;0.00;0.00;0.00
16.01.2021;5:03:16;2.50;32.84;5.05;747.87;0.00;0.00;0.00
16.01.2021;5:04:16;2.51;32.83;5.03;747.88;0.00;0.00;0.00
16.01.2021;5:05:16;2.50;33.13;4.99;747.88;0.00;0.00;0.00
16.01.2021;5:06:17;2.50;33.20;4.96;747.89;0.00;0.00;0.00
16.01.2021;5:07:17;2.50;33.18;4.94;747.86;0.00;0.00;0.00
16.01.2021;5:08:17;2.50;33.11;4.94;747.84;0.00;0.00;0.00
16.01.2021;5:09:17;2.50;33.19;4.95;747.83;0.00;0.00;0.00
16.01.2021;5:10:17;2.50;33.13;4.98;747.83;0.00;0.00;0.00
16.01.2021;5:11:17;2.50;33.16;4.95;747.80;0.00;0.00;0.00
16.01.2021;5:12:17;2.53;33.28;4.92;747.80;0.00;0.00;0.00
16.01.2021;5:13:17;2.50;33.39;4.89;747.81;0.00;0.00;0.00
16.01.2021;5:14:17;2.50;33.34;4.89;747.82;0.00;0.00;0.00
16.01.2021;5:15:17;2.53;33.08;4.91;747.84;0.00;0.00;0.00
16.01.2021;5:16:17;2.50;33.08;4.92;747.87;0.00;0.00;0.00
16.01.2021;5:17:17;2.50;33.20;4.91;747.87;0.00;0.00;0.00
16.01.2021;5:18:17;2.51;33.19;4.90;747.87;0.00;0.00;0.00
16.01.2021;5:19:17;2.50;33.16;4.89;747.91;0.00;0.00;0.00
16.01.2021;5:20:17;2.50;32.97;4.92;747.91;0.00;0.00;0.00
16.01.2021;5:21:17;2.50;32.99;4.91;747.91;0.00;0.00;0.00
16.01.2021;5:22:17;2.50;33.00;4.90;747.92;0.00;0.00;0.00
16.01.2021;5:23:17;2.50;33.02;4.89;747.92;0.00;0.00;0.00
16.01.2021;5:24:17;2.50;33.34;4.87;747.93;0.00;0.00;0.00
16.01.2021;5:25:17;2.50;33.24;4.86;747.92;0.00;0.00;0.00
16.01.2021;5:26:17;2.53;33.13;4.87;747.92;0.00;0.00;0.00
16.01.2021;5:27:17;2.50;33.05;4.88;747.93;0.00;0.00;0.00
16.01.2021;5:28:17;2.50;34.24;4.87;747.95;0.00;0.00;0.00
16.01.2021;5:29:17;2.53;33.41;4.89;747.95;0.00;0.00;0.00
16.01.2021;5:30:17;2.50;32.87;4.91;747.94;0.00;0.00;0.00
16.01.2021;5:31:17;2.50;32.84;4.90;747.96;0.00;0.00;0.00
16.01.2021;5:32:17;2.51;32.92;4.87;747.94;0.00;0.00;0.00
16.01.2021;5:33:17;2.50;32.70;4.88;747.93;0.00;0.00;0.00
16.01.2021;5:34:17;2.50;32.69;4.86;747.94;0.00;0.00;0.00
16.01.2021;5:35:17;2.50;32.64;4.85;747.92;0.00;0.00;0.00
16.01.2021;5:36:17;2.50;32.37;4.87;747.93;0.00;0.00;0.00
16.01.2021;5:37:17;2.50;33.43;4.85;747.93;0.00;0.00;0.00
16.01.2021;5:38:17;2.50;32.53;4.85;747.92;0.00;0.00;0.00
16.01.2021;5:39:17;2.50;32.25;4.84;747.91;0.00;0.00;0.00
16.01.2021;5:40:17;2.53;32.50;4.82;747.90;0.00;0.00;0.00
16.01.2021;5:41:17;2.50;32.88;4.77;747.89;0.00;0.00;0.00
16.01.2021;5:42:17;2.50;32.43;4.79;747.90;0.00;0.00;0.00
16.01.2021;5:43:17;2.53;32.42;4.75;747.90;0.00;0.00;0.00
16.01.2021;5:44:17;2.50;32.28;4.72;747.90;0.00;0.00;0.00
16.01.2021;5:45:17;2.50;32.01;4.74;747.90;0.00;0.00;0.00
16.01.2021;5:46:18;2.51;32.30;4.72;747.91;0.00;0.00;0.00
16.01.2021;5:47:18;2.50;32.47;4.66;747.91;0.00;0.00;0.00
16.01.2021;5:48:18;2.50;32.46;4.63;747.93;0.00;0.00;0.00
16.01.2021;5:49:18;2.50;32.55;4.60;747.93;0.00;0.00;0.00
16.01.2021;5:50:18;2.50;32.56;4.56;747.92;0.00;0.00;0.00
16.01.2021;5:51:18;2.50;32.93;4.51;747.95;0.00;0.00;0.00
16.01.2021;5:52:18;2.50;33.03;4.47;747.95;0.00;0.00;0.00
16.01.2021;5:53:18;2.50;33.09;4.49;747.94;0.00;0.00;0.00
16.01.2021;5:54:18;2.53;33.02;4.49;747.96;0.00;0.00;0.00
16.01.2021;5:55:18;2.50;33.03;4.51;747.95;0.00;0.00;0.00
16.01.2021;5:56:18;2.50;32.61;4.53;747.96;0.00;0.00;0.00
16.01.2021;5:57:18;2.53;32.78;4.52;747.96;0.00;0.00;0.00
16.01.2021;5:58:18;2.50;32.63;4.52;747.99;0.00;0.00;0.00
16.01.2021;5:59:18;2.50;32.54;4.52;747.98;0.00;0.00;0.00
16.01.2021;6:00:18;2.51;32.61;4.52;747.98;0.00;0.00;0.00
16.01.2021;6:01:18;2.50;32.55;4.50;748.00;0.00;0.00;0.00
16.01.2021;6:02:18;2.50;32.60;4.48;748.01;0.00;0.00;0.00
16.01.2021;6:03:18;2.51;32.80;4.46;748.03;0.00;0.00;0.00
16.01.2021;6:04:18;2.50;32.91;4.39;748.05;0.00;0.00;0.00
16.01.2021;6:05:18;2.50;33.12;4.37;748.06;0.00;0.00;0.00
16.01.2021;6:06:18;2.50;33.15;4.36;748.08;0.00;0.00;0.00
16.01.2021;6:07:18;2.50;33.51;4.38;748.10;0.00;0.00;0.00
16.01.2021;6:08:18;2.53;32.92;4.42;748.12;0.00;0.00;0.00
16.01.2021;6:09:18;2.50;32.80;4.45;748.13;0.00;0.00;0.00
16.01.2021;6:10:18;2.50;32.92;4.46;748.13;0.00;0.00;0.00
16.01.2021;6:11:18;2.53;32.70;4.47;748.14;0.00;0.00;0.00
16.01.2021;6:12:18;2.50;33.03;4.44;748.18;0.00;0.00;0.00
16.01.2021;6:13:18;2.50;32.56;4.45;748.19;0.00;0.00;0.00
16.01.2021;6:14:18;2.51;32.44;4.40;748.17;0.00;0.00;0.00
16.01.2021;6:15:18;2.50;32.61;4.39;748.16;0.00;0.00;0.00
16.01.2021;6:16:18;2.50;32.42;4.38;748.15;0.00;0.00;0.00
16.01.2021;6:17:18;2.50;32.79;4.37;748.12;0.00;0.00;0.00
16.01.2021;6:18:18;2.50;32.67;4.34;748.10;0.00;0.00;0.00
16.01.2021;6:19:18;2.50;32.60;4.28;748.12;0.00;0.00;0.00
16.01.2021;6:20:18;2.50;32.40;4.28;748.16;0.00;0.00;0.00
16.01.2021;6:21:18;2.50;32.57;4.24;748.18;0.00;0.00;0.00
16.01.2021;6:22:18;2.53;32.57;4.21;748.17;0.00;0.00;0.00
16.01.2021;6:23:18;2.50;32.23;4.22;748.15;0.00;0.00;0.00
16.01.2021;6:24:18;2.50;32.37;4.22;748.16;0.00;0.00;0.00
16.01.2021;6:25:18;2.53;32.41;4.16;748.19;0.00;0.00;0.00
16.01.2021;6:26:19;2.50;32.85;4.14;748.23;0.00;0.00;0.00
16.01.2021;6:27:19;2.50;32.68;4.12;748.24;0.00;0.00;0.00
16.01.2021;6:28:19;2.51;32.50;4.11;748.24;0.00;0.00;0.00
16.01.2021;6:29:19;2.50;32.87;4.07;748.24;0.00;0.00;0.00
16.01.2021;6:30:19;2.50;33.08;4.05;748.25;0.00;0.00;0.00
16.01.2021;6:31:19;2.50;32.86;4.04;748.25;0.00;0.00;0.00
16.01.2021;6:32:19;2.50;32.82;4.02;748.26;0.00;0.00;0.00
16.01.2021;6:33:19;2.50;32.85;3.99;748.26;0.00;0.00;0.00
16.01.2021;6:34:19;2.50;32.93;3.97;748.27;0.00;0.00;0.00
16.01.2021;6:35:19;2.50;32.90;3.96;748.26;0.00;0.00;0.00
16.01.2021;6:36:19;2.53;32.76;3.98;748.26;0.00;0.00;0.00
16.01.2021;6:37:19;2.50;32.80;3.98;748.26;0.00;0.00;0.00
16.01.2021;6:38:19;2.50;33.13;3.96;748.24;0.00;0.00;0.00
16.01.2021;6:39:19;2.53;32.61;3.99;748.24;0.00;0.00;0.00
16.01.2021;6:40:19;2.50;32.40;4.01;748.25;0.00;0.00;0.00
16.01.2021;6:41:19;2.50;32.45;4.00;748.26;0.00;0.00;0.00
16.01.2021;6:42:19;2.51;32.40;3.97;748.25;0.00;0.00;0.00
16.01.2021;6:43:19;2.50;31.95;3.98;748.27;0.00;0.00;0.00
16.01.2021;6:44:19;2.50;31.85;3.97;748.26;0.00;0.00;0.00
16.01.2021;6:45:19;2.50;31.59;3.97;748.26;0.00;0.00;0.00
16.01.2021;6:46:19;2.50;31.53;3.95;748.28;0.00;0.00;0.00
16.01.2021;6:47:19;2.50;31.60;3.91;748.29;0.00;0.00;0.00
16.01.2021;6:48:19;2.50;32.05;3.83;748.31;0.00;0.00;0.00
16.01.2021;6:49:19;2.50;31.88;3.79;748.34;0.00;0.00;0.00
16.01.2021;6:50:19;2.53;31.96;3.79;748.35;0.00;0.00;0.00
16.01.2021;6:51:19;2.50;32.09;3.76;748.33;0.00;0.00;0.00
16.01.2021;6:52:19;2.50;32.02;3.73;748.31;0.00;0.00;0.00
16.01.2021;6:53:19;2.53;32.01;3.73;748.33;0.00;0.00;0.00
16.01.2021;6:54:19;2.50;32.04;3.69;748.38;0.00;0.00;0.00
16.01.2021;6:55:19;2.50;32.31;3.64;748.41;0.00;0.00;0.00
16.01.2021;6:56:19;2.53;32.62;3.59;748.45;0.00;0.00;0.00
16.01.2021;6:57:19;2.50;32.54;3.60;748.46;0.00;0.00;0.00
16.01.2021;6:58:19;2.51;32.48;3.60;748.48;0.00;0.00;0.00
16.01.2021;6:59:19;2.51;32.76;3.57;748.49;0.00;0.00;0.00
16.01.2021;7:00:19;2.51;32.78;3.56;748.49;0.00;0.00;0.00
16.01.2021;7:01:19;2.61;32.77;3.57;748.47;0.00;0.00;0.00
16.01.2021;7:02:19;2.56;32.71;3.58;748.47;0.00;0.00;0.00
16.01.2021;7:03:19;2.68;32.64;3.60;748.47;0.00;0.00;0.00
16.01.2021;7:04:19;2.63;32.40;3.64;748.48;0.00;0.00;0.00
16.01.2021;7:05:19;2.76;33.00;3.65;748.48;0.00;0.00;0.00
16.01.2021;7:06:19;2.95;32.32;3.68;748.51;0.00;0.00;0.00
16.01.2021;7:07:20;3.15;32.31;3.66;748.53;0.00;0.00;0.00
16.01.2021;7:08:20;3.26;32.68;3.63;748.55;0.00;0.00;0.00
16.01.2021;7:09:20;3.33;32.63;3.62;748.57;0.00;0.00;0.00
16.01.2021;7:10:20;3.33;32.50;3.63;748.58;0.00;0.00;0.00
16.01.2021;7:11:20;3.33;32.30;3.66;748.57;0.00;0.00;0.00
16.01.2021;7:12:20;3.33;32.42;3.67;748.56;0.00;0.00;0.00
16.01.2021;7:13:20;3.33;32.15;3.68;748.56;0.00;0.00;0.00
16.01.2021;7:14:20;3.33;31.97;3.73;748.57;0.00;0.00;0.00
16.01.2021;7:15:20;3.33;31.92;3.72;748.57;0.00;0.00;0.00
16.01.2021;7:16:20;3.33;32.11;3.69;748.57;0.00;0.00;0.00
16.01.2021;7:17:20;3.33;31.66;3.74;748.58;0.00;0.00;0.00
16.01.2021;7:18:20;3.35;31.78;3.72;748.59;0.00;0.00;0.00
16.01.2021;7:19:20;3.33;31.89;3.66;748.61;0.00;0.00;0.00
16.01.2021;7:20:20;3.38;32.49;3.64;748.62;0.00;0.00;0.00
16.01.2021;7:21:20;4.17;32.19;3.65;748.62;0.00;0.00;0.00
16.01.2021;7:22:20;4.17;32.06;3.63;748.61;0.00;0.00;0.00
16.01.2021;7:23:20;4.17;32.06;3.63;748.62;0.00;0.00;0.00
16.01.2021;7:24:20;4.42;31.83;3.65;748.62;0.00;0.00;0.00
16.01.2021;7:25:20;5.00;31.81;3.65;748.61;0.00;0.00;0.00
16.01.2021;7:26:20;5.00;31.87;3.63;748.61;0.00;0.00;0.00
16.01.2021;7:27:20;5.71;31.76;3.62;748.62;0.00;0.00;0.00
16.01.2021;7:28:20;5.95;31.75;3.64;748.63;0.00;0.00;0.00
16.01.2021;7:29:20;6.67;31.56;3.67;748.65;0.00;0.00;0.00
16.01.2021;7:30:20;7.25;31.59;3.63;748.66;0.00;0.00;0.00
16.01.2021;7:31:20;7.97;31.58;3.59;748.68;0.00;0.00;0.00
16.01.2021;7:32:20;8.75;31.83;3.56;748.71;0.00;0.00;0.00
16.01.2021;7:33:20;9.74;31.76;3.53;748.73;0.00;0.00;0.00
16.01.2021;7:34:20;11.00;31.71;3.51;748.72;0.00;0.00;0.00
16.01.2021;7:35:20;12.10;31.92;3.45;748.76;0.01;0.00;0.00
16.01.2021;7:36:20;13.76;32.02;3.45;748.78;0.01;0.00;0.00
16.01.2021;7:37:20;15.30;31.95;3.45;748.78;0.02;0.00;0.00
16.01.2021;7:38:20;17.22;32.01;3.46;748.75;0.03;0.00;0.00
16.01.2021;7:39:20;19.32;32.02;3.46;748.73;0.03;0.00;0.00
16.01.2021;7:40:20;21.96;32.18;3.44;748.73;0.05;0.00;0.00
16.01.2021;7:41:20;25.15;32.05;3.45;748.72;0.06;0.00;0.00
16.01.2021;7:42:20;28.31;32.08;3.44;748.73;0.07;0.00;0.00
16.01.2021;7:43:20;30.87;32.03;3.45;748.73;0.08;0.00;0.00
16.01.2021;7:44:20;34.00;32.17;3.42;748.73;0.09;0.00;0.00
16.01.2021;7:45:20;38.26;32.27;3.45;748.74;0.11;0.00;0.00
16.01.2021;7:46:20;42.35;32.16;3.47;748.73;0.12;0.00;0.00
16.01.2021;7:47:21;47.10;31.93;3.49;748.72;0.14;0.00;0.00
16.01.2021;7:48:21;53.52;32.02;3.50;748.70;0.16;0.00;0.00
16.01.2021;7:49:21;59.32;31.96;3.51;748.70;0.17;0.00;0.00
16.01.2021;7:50:21;64.69;31.63;3.54;748.69;0.18;0.00;0.00
16.01.2021;7:51:21;70.85;31.72;3.54;748.69;0.20;0.00;0.00
16.01.2021;7:52:21;77.63;31.58;3.56;748.67;0.22;0.00;0.00
16.01.2021;7:53:21;85.03;31.52;3.57;748.69;0.24;0.00;0.00
16.01.2021;7:54:21;91.78;31.20;3.59;748.68;0.26;0.00;0.00
16.01.2021;7:55:21;100.21;31.01;3.58;748.69;0.28;0.00;0.00
16.01.2021;7:56:21;108.47;31.07;3.53;748.70;0.30;0.00;0.00
16.01.2021;7:57:21;116.40;30.92;3.51;748.70;0.32;0.00;0.00
16.01.2021;7:58:21;124.46;30.67;3.51;748.71;0.34;0.00;0.00
16.01.2021;7:59:21;132.75;30.68;3.44;748.71;0.37;0.00;0.00
16.01.2021;8:00:21;140.96;31.12;3.37;748.73;0.39;0.00;0.00
16.01.2021;8:01:21;148.99;31.09;3.33;748.73;0.41;0.00;0.00
16.01.2021;8:02:21;157.63;31.22;3.32;748.73;0.44;0.04;0.02
16.01.2021;8:03:21;167.18;31.23;3.28;748.73;0.47;0.10;0.05
16.01.2021;8:04:21;176.51;31.32;3.29;748.76;0.50;0.16;0.08
16.01.2021;8:05:21;185.63;31.54;3.23;748.78;0.53;0.20;0.11
16.01.2021;8:06:21;195.53;31.60;3.16;748.82;0.56;0.25;0.14
16.01.2021;8:07:21;207.10;31.97;3.10;748.84;0.61;0.33;0.20
16.01.2021;8:08:21;219.75;31.83;3.12;748.85;0.66;0.40;0.26
16.01.2021;8:09:21;229.80;31.86;3.19;748.87;0.69;0.45;0.31
16.01.2021;8:10:21;246.61;31.71;3.23;748.89;0.77;0.58;0.44
16.01.2021;8:11:21;257.53;31.69;3.26;748.90;0.75;0.55;0.42
16.01.2021;8:12:21;266.34;31.34;3.32;748.91;0.76;0.58;0.44
16.01.2021;8:13:21;278.87;31.37;3.33;748.94;0.78;0.60;0.47
16.01.2021;8:14:21;289.80;31.19;3.33;748.94;0.79;0.62;0.49
16.01.2021;8:15:21;301.35;31.28;3.35;748.95;0.82;0.65;0.54
16.01.2021;8:16:21;314.53;31.30;3.30;748.96;0.85;0.72;0.62
16.01.2021;8:17:21;329.03;31.30;3.32;748.98;0.90;0.80;0.72
16.01.2021;8:18:21;339.79;31.11;3.33;749.01;0.91;0.81;0.74
16.01.2021;8:19:21;350.13;30.77;3.34;749.00;0.93;0.85;0.79
16.01.2021;8:20:21;360.46;30.43;3.38;749.01;0.95;0.88;0.84
16.01.2021;8:21:21;372.73;30.18;3.35;749.02;0.98;0.93;0.91
16.01.2021;8:22:22;387.42;29.91;3.33;749.02;1.04;1.02;1.06
16.01.2021;8:23:22;399.87;30.15;3.27;749.02;1.06;1.06;1.13
16.01.2021;8:24:22;412.30;30.10;3.22;749.02;1.08;1.10;1.19
16.01.2021;8:25:22;423.40;30.35;3.17;749.04;1.09;1.11;1.21
16.01.2021;8:26:22;434.35;30.39;3.11;749.03;1.10;1.13;1.24
16.01.2021;8:27:22;445.10;30.50;3.12;749.04;1.11;1.14;1.26
16.01.2021;8:28:22;456.67;30.63;3.09;749.05;1.14;1.20;1.37
16.01.2021;8:29:22;468.74;30.93;3.06;749.03;1.16;1.22;1.41
16.01.2021;8:30:22;481.86;30.95;3.01;749.04;1.19;1.28;1.53
16.01.2021;8:31:22;494.62;30.35;3.07;749.05;1.22;1.33;1.63
16.01.2021;8:32:22;505.93;30.20;3.07;749.07;1.24;1.35;1.68
16.01.2021;8:33:22;519.21;30.43;3.03;749.08;1.28;1.41;1.80
16.01.2021;8:34:22;531.97;30.19;3.03;749.12;1.31;1.48;1.94
16.01.2021;8:35:22;544.43;30.29;2.99;749.14;1.34;1.51;2.03
16.01.2021;8:36:22;553.43;30.13;2.96;749.18;1.34;1.52;2.04
16.01.2021;8:37:22;566.18;30.18;2.98;749.20;1.37;1.57;2.14
16.01.2021;8:38:22;578.33;30.69;2.93;749.22;1.40;1.61;2.25
16.01.2021;8:39:22;591.53;30.69;2.91;749.23;1.43;1.68;2.41
16.01.2021;8:40:22;603.06;30.75;2.89;749.25;1.45;1.71;2.48
16.01.2021;8:41:22;613.85;30.76;2.90;749.26;1.48;1.76;2.59
16.01.2021;8:42:22;623.76;30.98;2.88;749.25;1.49;1.78;2.66
16.01.2021;8:43:22;635.07;30.49;2.91;749.25;1.51;1.80;2.72
16.01.2021;8:44:22;645.88;30.62;2.92;749.27;1.53;1.83;2.80
16.01.2021;8:45:22;655.71;30.65;2.92;749.27;1.55;1.87;2.89
16.01.2021;8:46:22;665.88;30.66;2.94;749.29;1.57;1.90;2.97
16.01.2021;8:47:22;676.19;30.68;2.95;749.28;1.59;1.92;3.04
16.01.2021;8:48:22;686.14;30.68;2.96;749.28;1.60;1.96;3.13
16.01.2021;8:49:22;695.43;30.28;3.04;749.27;1.61;1.99;3.21
16.01.2021;8:50:22;703.36;30.02;3.07;749.28;1.63;2.00;3.25
16.01.2021;8:51:22;713.97;30.00;3.09;749.31;1.65;2.01;3.30
16.01.2021;8:52:22;723.87;30.30;3.07;749.36;1.67;2.05;3.42
16.01.2021;8:53:22;734.04;30.10;3.05;749.36;1.68;2.08;3.51
16.01.2021;8:54:22;744.51;30.21;3.02;749.39;1.70;2.09;3.57
16.01.2021;8:55:22;754.20;30.37;2.97;749.38;1.72;2.11;3.63
16.01.2021;8:56:22;763.54;30.24;3.02;749.38;1.74;2.11;3.67
16.01.2021;8:57:22;773.11;30.23;3.02;749.40;1.75;2.11;3.71
16.01.2021;8:58:23;782.18;30.19;3.02;749.41;1.77;2.13;3.77
16.01.2021;8:59:23;790.87;30.20;3.04;749.41;1.79;2.15;3.85
16.01.2021;9:00:23;798.94;30.18;3.06;749.42;1.80;2.17;3.92
16.01.2021;9:01:23;807.99;30.07;3.05;749.40;1.82;2.20;4.02
16.01.2021;9:02:23;815.79;30.62;3.05;749.40;1.84;2.22;4.08
16.01.2021;9:03:23;823.06;30.33;3.10;749.40;1.85;2.25;4.15
16.01.2021;9:04:23;829.83;29.97;3.13;749.40;1.86;2.28;4.25
16.01.2021;9:05:23;837.82;29.77;3.17;749.41;1.88;2.30;4.31
16.01.2021;9:06:23;848.25;30.03;3.12;749.45;1.90;2.35;4.46
16.01.2021;9:07:23;856.47;30.15;3.10;749.49;1.91;2.39;4.58
16.01.2021;9:08:23;863.76;30.51;3.11;749.51;1.93;2.40;4.65
16.01.2021;9:09:23;871.05;30.10;3.09;749.53;1.94;2.41;4.68
16.01.2021;9:10:23;880.51;30.29;3.15;749.53;1.96;2.46;4.82
16.01.2021;9:11:23;889.42;30.30;3.15;749.52;1.98;2.50;4.95
16.01.2021;9:12:23;897.20;30.10;3.15;749.54;1.99;2.53;5.04
16.01.2021;9:13:23;905.62;30.14;3.16;749.54;2.01;2.55;5.12
16.01.2021;9:14:23;914.46;30.30;3.14;749.55;2.03;2.59;5.24
16.01.2021;9:15:23;922.87;30.04;3.18;749.55;2.04;2.60;5.31
16.01.2021;9:16:23;929.39;29.83;3.24;749.55;2.05;2.63;5.40
16.01.2021;9:17:23;937.26;30.00;3.26;749.53;2.07;2.68;5.54
16.01.2021;9:18:23;944.39;30.01;3.26;749.55;2.08;2.70;5.63
16.01.2021;9:19:23;951.27;30.08;3.25;749.58;2.10;2.70;5.66
16.01.2021;9:20:23;958.61;29.97;3.25;749.61;2.11;2.75;5.80
16.01.2021;9:21:23;965.48;29.91;3.26;749.59;2.13;2.77;5.88
16.01.2021;9:22:23;973.74;29.86;3.29;749.60;2.15;2.81;6.03
16.01.2021;9:23:23;979.44;29.85;3.29;749.62;2.16;2.82;6.08
16.01.2021;9:24:23;986.85;29.81;3.33;749.62;2.17;2.85;6.19
16.01.2021;9:25:23;997.25;29.96;3.31;749.61;2.20;2.90;6.38
16.01.2021;9:26:23;1005.66;29.94;3.32;749.60;2.22;2.92;6.48
16.01.2021;9:27:23;1014.61;29.73;3.36;749.61;2.24;2.96;6.63
16.01.2021;9:28:23;1024.66;29.75;3.38;749.62;2.27;3.01;6.82
16.01.2021;9:29:23;1031.78;29.91;3.36;749.62;2.28;3.02;6.88
16.01.2021;9:30:23;1038.46;29.79;3.39;749.62;2.29;3.05;6.98
16.01.2021;9:31:23;1044.03;29.81;3.38;749.63;2.30;3.08;7.09
16.01.2021;9:32:23;1053.03;29.76;3.38;749.65;2.32;3.10;7.21
16.01.2021;9:33:24;1063.39;29.86;3.41;749.66;2.34;3.12;7.32
16.01.2021;9:34:24;1072.49;29.53;3.47;749.67;2.37;3.17;7.51
16.01.2021;9:35:24;1080.24;29.57;3.46;749.68;2.39;3.20;7.65
16.01.2021;9:36:24;1086.02;29.53;3.48;749.68;2.40;3.22;7.74
16.01.2021;9:37:24;1087.74;29.69;3.47;749.67;2.41;3.25;7.82
16.01.2021;9:38:24;1089.27;29.93;3.43;749.67;2.40;3.22;7.73
16.01.2021;9:39:24;1096.53;29.80;3.44;749.66;2.41;3.27;7.88
16.01.2021;9:40:24;1104.44;29.87;3.45;749.65;2.43;3.28;7.96
16.01.2021;9:41:24;1116.06;29.79;3.46;749.64;2.45;3.31;8.10
16.01.2021;9:42:24;1130.01;29.61;3.51;749.64;2.50;3.38;8.43
16.01.2021;9:43:24;1136.43;29.54;3.55;749.66;2.49;3.38;8.41
16.01.2021;9:44:24;1150.76;29.44;3.57;749.68;2.52;3.43;8.64
16.01.2021;9:45:24;1167.71;29.49;3.57;749.70;2.56;3.49;8.94
16.01.2021;9:46:24;1170.31;29.58;3.59;749.70;2.57;3.51;9.03
16.01.2021;9:47:24;1172.42;29.28;3.62;749.72;2.58;3.52;9.06
16.01.2021;9:48:24;1178.33;29.25;3.62;749.72;2.59;3.55;9.21
16.01.2021;9:49:24;1181.75;29.24;3.61;749.73;2.60;3.56;9.26
16.01.2021;9:50:24;1181.13;29.40;3.58;749.72;2.59;3.54;9.19
16.01.2021;9:51:24;1190.85;29.30;3.60;749.73;2.61;3.58;9.34
16.01.2021;9:52:24;1199.00;29.12;3.66;749.74;2.63;3.60;9.45
16.01.2021;9:53:24;1210.07;29.06;3.71;749.77;2.67;3.68;9.84
16.01.2021;9:54:24;1196.24;28.90;3.73;749.77;2.58;3.53;9.12
16.01.2021;9:55:24;1239.66;28.88;3.73;749.78;2.73;3.76;10.27
16.01.2021;9:56:24;1273.97;29.41;3.67;749.78;2.83;3.93;11.12
16.01.2021;9:57:24;1271.53;29.30;3.64;749.79;2.82;3.91;11.00
16.01.2021;9:58:24;1266.28;29.15;3.65;749.80;2.80;3.89;10.90
16.01.2021;9:59:24;1259.96;29.32;3.63;749.81;2.77;3.84;10.64
16.01.2021;10:00:24;1257.58;29.46;3.62;749.81;2.75;3.79;10.41
16.01.2021;10:01:24;1258.82;29.39;3.63;749.80;2.74;3.79;10.40
16.01.2021;10:02:24;1252.50;29.25;3.67;749.81;2.72;3.76;10.23
16.01.2021;10:03:24;1252.56;29.17;3.69;749.80;2.72;3.74;10.18
16.01.2021;10:04:24;1254.90;29.07;3.76;749.78;2.72;3.75;10.21
16.01.2021;10:05:25;1261.77;28.98;3.75;749.77;2.74;3.79;10.38
16.01.2021;10:06:25;1262.32;29.07;3.76;749.76;2.74;3.79;10.37
16.01.2021;10:07:25;1262.84;29.12;3.77;749.77;2.74;3.78;10.36
16.01.2021;10:08:25;1273.18;29.26;3.76;749.79;2.75;3.81;10.49
16.01.2021;10:09:25;1293.93;28.97;3.78;749.80;2.80;3.88;10.87
16.01.2021;10:10:25;1322.92;29.16;3.76;749.83;2.87;4.00;11.46
16.01.2021;10:11:25;1324.46;29.11;3.77;749.82;2.88;4.02;11.57
16.01.2021;10:12:25;1328.38;29.29;3.78;749.83;2.91;4.08;11.85
16.01.2021;10:13:25;1357.96;29.19;3.81;749.83;2.98;4.18;12.45
16.01.2021;10:14:25;1407.25;29.06;3.83;749.85;3.08;4.35;13.40
16.01.2021;10:15:25;1468.58;29.16;3.85;749.83;3.22;4.58;14.77
16.01.2021;10:16:25;1486.44;29.11;3.90;749.83;3.24;4.62;14.97
16.01.2021;10:17:25;1518.08;29.00;3.95;749.81;3.32;4.76;15.81
16.01.2021;10:18:25;1500.81;28.98;3.99;749.80;3.31;4.73;15.69
16.01.2021;10:19:25;1503.32;29.14;4.01;749.79;3.31;4.73;15.66
16.01.2021;10:20:25;1435.97;28.91;4.04;749.79;3.10;4.38;13.59
16.01.2021;10:21:25;1553.72;28.89;4.05;749.79;3.39;4.86;16.47
16.01.2021;10:22:25;1613.97;28.81;4.08;749.79;3.53;5.09;17.97
16.01.2021;10:23:25;1602.75;28.58;4.14;749.79;3.52;5.06;17.81
16.01.2021;10:24:25;1604.18;28.46;4.17;749.80;3.53;5.10;18.03
16.01.2021;10:25:25;1599.89;28.71;4.17;749.81;3.53;5.08;17.90
16.01.2021;10:26:25;1643.14;28.51;4.18;749.80;3.58;5.18;18.54
16.01.2021;10:27:25;1661.78;28.59;4.18;749.80;3.64;5.28;19.23
16.01.2021;10:28:25;1656.40;28.79;4.18;749.79;3.64;5.28;19.25
16.01.2021;10:29:25;1626.26;29.17;4.21;749.79;3.61;5.22;18.84
16.01.2021;10:30:25;1594.40;28.74;4.21;749.80;3.51;5.07;17.83
16.01.2021;10:31:25;1525.71;28.79;4.18;749.82;3.28;4.68;15.36
16.01.2021;10:32:25;1587.68;28.73;4.19;749.83;3.49;5.02;17.53
16.01.2021;10:33:25;1503.22;28.97;4.20;749.82;3.29;4.70;15.49
16.01.2021;10:34:26;1500.03;28.88;4.17;749.82;3.24;4.63;15.00
16.01.2021;10:35:26;1550.74;28.71;4.18;749.83;3.43;4.92;16.90
16.01.2021;10:36:26;1534.24;28.70;4.19;749.83;3.41;4.89;16.65
16.01.2021;10:37:26;1490.97;28.79;4.20;749.83;3.27;4.66;15.24
16.01.2021;10:38:26;1454.26;28.50;4.21;749.82;3.14;4.44;13.94
16.01.2021;10:39:26;1525.37;28.58;4.20;749.82;3.36;4.81;16.18
16.01.2021;10:40:26;1500.86;28.62;4.20;749.82;3.29;4.71;15.49
16.01.2021;10:41:26;1521.79;28.62;4.20;749.80;3.32;4.75;15.79
16.01.2021;10:42:26;1511.60;28.58;4.20;749.80;3.30;4.71;15.54
16.01.2021;10:43:26;1496.84;28.75;4.19;749.81;3.27;4.67;15.31
16.01.2021;10:44:26;1478.82;28.69;4.19;749.80;3.22;4.59;14.76
16.01.2021;10:45:26;1457.15;28.84;4.19;749.79;3.17;4.50;14.24
16.01.2021;10:46:26;1403.29;29.19;4.17;749.78;3.01;4.25;12.80
16.01.2021;10:47:26;1379.69;28.59;4.20;749.78;2.91;4.08;11.87
16.01.2021;10:48:26;1462.22;28.53;4.22;749.77;3.16;4.48;14.14
16.01.2021;10:49:26;1465.72;28.53;4.19;749.76;3.16;4.49;14.18
16.01.2021;10:50:26;1475.58;28.31;4.21;749.76;3.17;4.51;14.30
16.01.2021;10:51:26;1415.72;28.18;4.22;749.74;2.99;4.21;12.57
16.01.2021;10:52:26;1349.22;28.15;4.18;749.75;2.78;3.85;10.71
16.01.2021;10:53:26;1349.04;28.33;4.09;749.75;2.77;3.84;10.64
16.01.2021;10:54:26;1381.88;28.46;4.05;749.76;2.86;3.99;11.38
16.01.2021;10:55:26;1445.08;28.43;4.07;749.78;3.06;4.32;13.24
16.01.2021;10:56:26;1535.90;28.16;4.10;749.79;3.19;4.54;14.48
16.01.2021;10:57:26;1630.68;28.12;4.17;749.81;3.49;5.03;17.57
16.01.2021;10:58:26;1590.68;28.15;4.14;749.83;3.40;4.86;16.50
16.01.2021;10:59:26;1495.13;28.14;4.12;749.86;3.16;4.48;14.13
16.01.2021;11:00:26;1593.47;28.05;4.13;749.86;3.41;4.90;16.74
16.01.2021;11:01:26;1608.47;28.16;4.14;749.89;3.44;4.95;17.02
16.01.2021;11:02:26;1566.69;28.46;4.08;749.89;3.31;4.73;15.66
16.01.2021;11:03:26;1612.12;28.55;4.03;749.90;3.36;4.81;16.16
16.01.2021;11:04:26;1714.15;28.56;4.03;749.89;3.54;5.11;18.08
16.01.2021;11:05:27;1862.13;28.58;4.06;749.89;3.82;5.57;21.27
16.01.2021;11:06:27;1850.33;28.78;4.10;749.88;3.83;5.58;21.37
16.01.2021;11:07:27;1754.65;28.48;4.13;749.85;3.66;5.30;19.37
16.01.2021;11:08:27;1774.24;28.18;4.17;749.82;3.63;5.26;19.08
16.01.2021;11:09:27;1941.46;28.14;4.24;749.81;3.83;5.58;21.40
16.01.2021;11:10:27;2147.25;28.10;4.32;749.79;4.17;6.15;25.66
16.01.2021;11:11:27;2086.17;28.16;4.34;749.77;4.09;6.01;24.59
16.01.2021;11:12:27;1907.10;28.29;4.35;749.77;3.88;5.65;21.91
16.01.2021;11:13:27;1913.55;28.19;4.38;749.76;3.90;5.70;22.21
16.01.2021;11:14:27;1902.14;28.19;4.42;749.78;3.87;5.66;21.93
16.01.2021;11:15:27;1904.56;28.48;4.44;749.79;3.88;5.65;21.94
16.01.2021;11:16:27;1867.71;28.15;4.47;749.79;3.84;5.60;21.50
16.01.2021;11:17:27;1837.60;27.77;4.54;749.78;3.78;5.48;20.71
16.01.2021;11:18:27;1835.19;28.08;4.54;749.77;3.78;5.49;20.73
16.01.2021;11:19:27;1680.42;28.19;4.54;749.77;3.47;4.99;17.30
16.01.2021;11:20:27;1773.79;27.87;4.56;749.78;3.71;5.37;19.91
16.01.2021;11:21:27;1655.56;27.85;4.59;749.80;3.47;4.99;17.29
16.01.2021;11:22:27;1653.74;27.59;4.55;749.79;3.41;4.90;16.70
16.01.2021;11:23:27;1725.18;27.69;4.56;749.80;3.60;5.21;18.73
16.01.2021;11:24:27;1596.90;27.75;4.52;749.81;3.30;4.71;15.57
16.01.2021;11:25:27;1699.24;27.83;4.47;749.80;3.54;5.11;18.12
16.01.2021;11:26:27;1672.35;27.92;4.48;749.80;3.55;5.12;18.14
16.01.2021;11:27:27;1625.76;27.89;4.46;749.78;3.38;4.84;16.38
16.01.2021;11:28:27;1695.21;28.18;4.47;749.78;3.52;5.08;17.92
16.01.2021;11:29:27;1772.61;27.96;4.48;749.76;3.74;5.43;20.34
16.01.2021;11:30:27;1657.33;28.18;4.49;749.75;3.45;4.96;17.15
16.01.2021;11:31:27;1745.90;28.11;4.51;749.75;3.63;5.25;19.05
16.01.2021;11:32:27;1797.73;27.99;4.55;749.75;3.72;5.41;20.11
16.01.2021;11:33:27;1735.81;27.90;4.57;749.76;3.59;5.18;18.58
16.01.2021;11:34:28;1782.44;27.71;4.56;749.75;3.67;5.32;19.51
16.01.2021;11:35:28;1789.88;27.59;4.59;749.76;3.66;5.30;19.42
16.01.2021;11:36:28;1921.50;27.56;4.61;749.77;3.90;5.69;22.18
16.01.2021;11:37:28;1864.59;27.67;4.61;749.79;3.78;5.51;20.83
16.01.2021;11:38:28;1891.08;27.68;4.60;749.79;3.84;5.60;21.51
16.01.2021;11:39:28;1860.08;27.50;4.61;749.78;3.81;5.54;21.09
16.01.2021;11:40:28;1874.93;27.41;4.66;749.78;3.83;5.58;21.36
16.01.2021;11:41:28;1863.74;27.56;4.63;749.78;3.79;5.51;20.84
16.01.2021;11:42:28;1937.06;27.76;4.65;749.78;3.92;5.72;22.44
16.01.2021;11:43:28;1956.62;27.80;4.66;749.76;3.94;5.77;22.76
16.01.2021;11:44:28;2024.25;28.00;4.69;749.76;4.00;5.86;23.41
16.01.2021;11:45:28;2113.47;27.63;4.74;749.76;4.13;6.07;25.03
16.01.2021;11:46:28;2050.01;27.42;4.77;749.76;4.07;5.96;24.25
16.01.2021;11:47:28;1933.02;27.36;4.75;749.77;3.89;5.68;22.12
16.01.2021;11:48:28;1919.24;27.35;4.74;749.78;3.88;5.66;21.96
16.01.2021;11:49:28;1988.35;28.48;4.77;749.80;3.99;5.85;23.37
16.01.2021;11:50:28;1928.38;28.47;4.87;749.79;3.93;5.75;22.58
16.01.2021;11:51:28;1883.09;27.42;4.85;749.83;3.88;5.66;21.95
16.01.2021;11:52:28;1898.61;27.22;4.85;749.84;3.89;5.69;22.15
16.01.2021;11:53:28;1865.61;27.22;4.83;749.84;3.81;5.55;21.13
16.01.2021;11:54:28;1890.16;27.73;4.81;749.83;3.78;5.50;20.79
16.01.2021;11:55:28;2077.44;27.35;4.82;749.80;4.07;5.96;24.28
16.01.2021;11:56:28;2107.08;27.24;4.85;749.79;4.10;6.02;24.67
16.01.2021;11:57:28;2145.65;27.18;4.90;749.77;4.15;6.10;25.33
16.01.2021;11:58:28;2107.64;27.14;4.90;749.76;4.12;6.04;24.87
16.01.2021;11:59:28;2076.67;27.24;4.89;749.76;4.09;6.00;24.53
16.01.2021;12:00:28;2051.86;27.48;4.88;749.75;4.05;5.93;23.99
16.01.2021;12:01:28;2033.62;28.00;4.88;749.73;4.01;5.88;23.56
16.01.2021;12:02:28;2045.65;27.42;4.90;749.73;4.02;5.90;23.71
16.01.2021;12:03:28;2022.57;27.48;4.92;749.71;3.99;5.84;23.30
16.01.2021;12:04:29;2062.37;27.38;4.93;749.69;4.04;5.94;24.01
16.01.2021;12:05:29;2024.44;27.34;4.94;749.69;4.02;5.90;23.77
16.01.2021;12:06:29;1995.86;27.10;4.93;749.67;3.98;5.82;23.18
16.01.2021;12:07:29;1990.71;27.03;4.96;749.69;3.94;5.78;22.78
16.01.2021;12:08:29;2055.99;27.08;4.96;749.70;4.02;5.88;23.63
16.01.2021;12:09:29;2069.46;27.07;4.97;749.70;4.04;5.91;23.87
16.01.2021;12:10:29;1938.17;27.09;4.95;749.69;3.88;5.66;21.95
16.01.2021;12:11:29;1732.22;27.23;4.87;749.70;3.52;5.08;17.89
16.01.2021;12:12:29;1871.71;27.43;4.84;749.70;3.77;5.49;20.72
16.01.2021;12:13:29;1767.53;27.30;4.86;749.71;3.59;5.19;18.65
16.01.2021;12:14:29;1693.10;27.37;4.81;749.72;3.48;5.01;17.43
16.01.2021;12:15:29;1592.78;27.28;4.75;749.74;3.29;4.70;15.49
16.01.2021;12:16:29;1561.50;27.69;4.70;749.74;3.25;4.62;15.00
16.01.2021;12:17:29;1489.17;28.03;4.63;749.72;3.08;4.34;13.34
16.01.2021;12:18:29;1651.26;27.88;4.61;749.70;3.46;4.98;17.21
16.01.2021;12:19:29;1708.67;27.63;4.64;749.71;3.63;5.25;19.05
16.01.2021;12:20:29;1698.39;27.81;4.65;749.69;3.62;5.25;19.03
16.01.2021;12:21:29;1683.36;28.34;4.65;749.70;3.57;5.16;18.45
16.01.2021;12:22:29;1714.79;27.92;4.67;749.71;3.66;5.31;19.42
16.01.2021;12:23:29;1567.08;27.83;4.67;749.70;3.30;4.71;15.51
16.01.2021;12:24:29;1598.31;27.97;4.63;749.71;3.34;4.77;15.93
16.01.2021;12:25:29;1551.72;27.80;4.66;749.72;3.25;4.63;15.04
16.01.2021;12:26:29;1673.39;27.66;4.69;749.74;3.54;5.11;18.08
16.01.2021;12:27:29;1689.12;27.53;4.71;749.74;3.59;5.19;18.62
16.01.2021;12:28:29;1704.19;27.62;4.74;749.74;3.63;5.26;19.11
16.01.2021;12:29:29;1621.01;27.53;4.74;749.73;3.46;4.98;17.26
16.01.2021;12:30:29;1672.90;27.81;4.74;749.72;3.57;5.16;18.42
16.01.2021;12:31:29;1573.83;27.45;4.74;749.69;3.36;4.82;16.18
16.01.2021;12:32:29;1621.99;27.25;4.74;749.66;3.49;5.04;17.61
16.01.2021;12:33:30;1547.77;27.66;4.72;749.65;3.33;4.75;15.83
16.01.2021;12:34:30;1584.99;27.22;4.71;749.61;3.42;4.91;16.82
16.01.2021;12:35:30;1606.84;27.40;4.70;749.60;3.49;5.02;17.49
16.01.2021;12:36:30;1586.15;27.44;4.68;749.59;3.46;4.97;17.18
16.01.2021;12:37:30;1602.21;27.41;4.66;749.58;3.46;4.98;17.22
16.01.2021;12:38:30;1692.60;27.16;4.66;749.59;3.59;5.18;18.62
16.01.2021;12:39:30;1714.99;27.38;4.67;749.60;3.63;5.26;19.10
16.01.2021;12:40:30;1698.12;27.47;4.68;749.62;3.58;5.17;18.52
16.01.2021;12:41:30;1781.53;27.54;4.70;749.62;3.71;5.37;19.94
16.01.2021;12:42:30;1838.93;27.59;4.72;749.62;3.79;5.51;20.88
16.01.2021;12:43:30;1869.31;27.68;4.73;749.60;3.83;5.59;21.42
16.01.2021;12:44:30;1816.19;27.45;4.75;749.58;3.77;5.47;20.63
16.01.2021;12:45:30;1745.55;27.25;4.79;749.57;3.69;5.37;19.85
16.01.2021;12:46:30;1713.49;27.12;4.80;749.58;3.63;5.26;19.12
16.01.2021;12:47:30;1764.96;27.12;4.79;749.58;3.66;5.31;19.43
16.01.2021;12:48:30;1824.60;27.28;4.77;749.59;3.74;5.43;20.32
16.01.2021;12:49:30;1854.00;27.51;4.76;749.60;3.78;5.49;20.78
16.01.2021;12:50:30;1918.33;27.53;4.79;749.62;3.88;5.66;21.99
16.01.2021;12:51:30;1902.36;27.23;4.81;749.62;3.88;5.66;21.93
16.01.2021;12:52:30;1812.20;27.18;4.86;749.60;3.76;5.44;20.44
16.01.2021;12:53:30;1747.99;27.16;4.87;749.61;3.66;5.30;19.40
16.01.2021;12:54:30;1714.57;26.84;4.88;749.59;3.62;5.23;18.94
16.01.2021;12:55:30;1709.27;26.77;4.87;749.60;3.60;5.20;18.70
16.01.2021;12:56:30;1729.25;26.88;4.85;749.58;3.63;5.26;19.09
16.01.2021;12:57:30;1703.83;26.86;4.82;749.57;3.60;5.20;18.70
16.01.2021;12:58:30;1694.89;26.74;4.81;749.57;3.59;5.19;18.59
16.01.2021;12:59:30;1669.70;27.52;4.79;749.55;3.48;5.02;17.50
16.01.2021;13:00:30;1714.87;26.95;4.75;749.53;3.61;5.24;18.94
16.01.2021;13:01:30;1673.89;26.70;4.76;749.54;3.56;5.14;18.29
16.01.2021;13:02:30;1648.21;26.65;4.76;749.54;3.52;5.07;17.83
16.01.2021;13:03:31;1638.44;26.73;4.74;749.56;3.51;5.06;17.73
16.01.2021;13:04:31;1593.14;26.84;4.69;749.56;3.41;4.89;16.71
16.01.2021;13:05:31;1614.33;27.13;4.63;749.59;3.49;5.02;17.53
16.01.2021;13:06:31;1605.04;27.12;4.57;749.60;3.46;4.97;17.18
16.01.2021;13:07:31;1568.25;26.85;4.58;749.61;3.40;4.88;16.58
16.01.2021;13:08:31;1535.78;27.22;4.55;749.63;3.32;4.73;15.70
16.01.2021;13:09:31;1527.44;27.21;4.51;749.63;3.31;4.73;15.63
16.01.2021;13:10:31;1497.29;27.33;4.48;749.62;3.24;4.61;14.94
16.01.2021;13:11:31;1503.42;27.31;4.45;749.62;3.25;4.63;15.02
16.01.2021;13:12:31;1518.76;27.66;4.45;749.61;3.29;4.69;15.43
16.01.2021;13:13:31;1525.28;27.57;4.47;749.61;3.30;4.70;15.50
16.01.2021;13:14:31;1492.34;27.26;4.46;749.60;3.21;4.57;14.68
16.01.2021;13:15:31;1432.50;27.36;4.40;749.60;3.04;4.28;13.00
16.01.2021;13:16:31;1454.08;27.43;4.37;749.60;3.10;4.38;13.58
16.01.2021;13:17:31;1435.11;27.47;4.36;749.59;3.07;4.33;13.30
16.01.2021;13:18:31;1446.13;27.49;4.36;749.59;3.09;4.36;13.49
16.01.2021;13:19:31;1478.76;27.68;4.35;749.59;3.22;4.58;14.75
16.01.2021;13:20:31;1479.19;27.61;4.34;749.58;3.21;4.59;14.73
16.01.2021;13:21:31;1480.95;27.41;4.38;749.58;3.21;4.57;14.69
16.01.2021;13:22:31;1481.56;27.52;4.36;749.58;3.21;4.58;14.71
16.01.2021;13:23:31;1438.56;27.51;4.34;749.57;3.08;4.36;13.41
16.01.2021;13:24:31;1347.84;27.56;4.28;749.56;2.79;3.86;10.76
16.01.2021;13:25:31;1430.15;28.07;4.28;749.58;3.06;4.31;13.20
16.01.2021;13:26:31;1361.77;28.21;4.30;749.58;2.83;3.93;11.14
16.01.2021;13:27:31;1404.31;27.74;4.31;749.59;2.94;4.13;12.15
16.01.2021;13:28:31;1450.72;27.78;4.29;749.59;3.06;4.33;13.26
16.01.2021;13:29:31;1532.88;27.78;4.32;749.59;3.33;4.75;15.80
16.01.2021;13:30:31;1423.90;27.67;4.31;749.59;3.04;4.28;13.01
16.01.2021;13:31:31;1355.97;27.60;4.32;749.58;2.85;3.96;11.28
16.01.2021;13:32:32;1367.19;27.62;4.31;749.59;2.91;4.07;11.82
16.01.2021;13:33:32;1405.93;27.52;4.35;749.60;3.00;4.21;12.64
16.01.2021;13:34:32;1376.15;27.98;4.35;749.60;2.92;4.08;11.91
16.01.2021;13:35:32;1359.93;27.81;4.29;749.60;2.88;4.02;11.56
16.01.2021;13:36:32;1327.68;27.70;4.24;749.60;2.80;3.88;10.89
16.01.2021;13:37:32;1316.25;28.08;4.19;749.60;2.77;3.83;10.61
16.01.2021;13:38:32;1332.63;28.25;4.17;749.59;2.82;3.91;11.01
16.01.2021;13:39:32;1336.61;28.17;4.18;749.59;2.83;3.92;11.08
16.01.2021;13:40:32;1351.87;28.03;4.20;749.58;2.86;3.98;11.39
16.01.2021;13:41:32;1419.60;28.05;4.21;749.57;3.07;4.32;13.23
16.01.2021;13:42:32;1499.39;27.94;4.23;749.56;3.34;4.77;15.92
16.01.2021;13:43:32;1413.08;27.85;4.28;749.56;3.10;4.37;13.56
16.01.2021;13:44:32;1412.14;27.91;4.27;749.56;3.10;4.39;13.62
16.01.2021;13:45:32;1423.08;27.72;4.33;749.56;3.10;4.38;13.56
16.01.2021;13:46:32;1479.45;27.61;4.36;749.56;3.24;4.62;14.98
16.01.2021;13:47:32;1514.99;27.73;4.39;749.57;3.36;4.81;16.16
16.01.2021;13:48:32;1477.20;27.75;4.36;749.56;3.27;4.67;15.26
16.01.2021;13:49:32;1487.25;27.71;4.35;749.55;3.21;4.57;14.67
16.01.2021;13:50:32;1733.05;27.60;4.39;749.55;3.72;5.39;20.02
16.01.2021;13:51:32;1781.93;27.42;4.49;749.55;3.76;5.45;20.49
16.01.2021;13:52:32;1707.25;27.31;4.54;749.53;3.64;5.27;19.20
16.01.2021;13:53:32;1610.58;27.41;4.52;749.52;3.48;5.01;17.42
16.01.2021;13:54:32;1590.58;27.43;4.51;749.48;3.45;4.96;17.14
16.01.2021;13:55:32;1680.62;27.41;4.52;749.46;3.64;5.26;19.17
16.01.2021;13:56:32;1808.61;27.41;4.56;749.47;3.86;5.62;21.68
16.01.2021;13:57:32;1842.89;27.39;4.60;749.45;3.88;5.65;21.90
16.01.2021;13:58:32;1862.68;27.51;4.66;749.44;3.90;5.69;22.17
16.01.2021;13:59:32;1924.74;27.31;4.69;749.45;3.96;5.80;22.96
16.01.2021;14:00:32;1941.02;27.00;4.79;749.44;3.97;5.81;23.07
16.01.2021;14:01:32;1889.61;26.93;4.84;749.43;3.91;5.71;22.33
16.01.2021;14:02:33;1894.81;26.70;4.89;749.42;3.93;5.73;22.51
16.01.2021;14:03:33;1912.18;26.67;4.91;749.43;3.96;5.79;22.91
16.01.2021;14:04:33;1892.31;26.87;4.93;749.42;3.93;5.75;22.56
16.01.2021;14:05:33;1890.30;27.31;4.93;749.42;3.92;5.73;22.43
16.01.2021;14:06:33;1860.86;26.87;4.94;749.41;3.91;5.71;22.29
16.01.2021;14:07:33;1844.65;26.75;4.93;749.41;3.90;5.69;22.23
16.01.2021;14:08:33;1774.29;26.95;4.92;749.41;3.81;5.55;21.16
16.01.2021;14:09:33;1783.68;26.85;4.92;749.40;3.81;5.55;21.14
16.01.2021;14:10:33;1725.51;26.82;4.90;749.39;3.71;5.39;20.00
16.01.2021;14:11:33;1624.72;26.85;4.91;749.40;3.53;5.09;17.97
16.01.2021;14:12:33;1592.25;26.98;4.88;749.40;3.47;4.99;17.34
16.01.2021;14:13:33;1508.57;26.91;4.84;749.39;3.35;4.79;16.03
16.01.2021;14:14:33;1425.74;26.82;4.83;749.39;3.19;4.53;14.46
16.01.2021;14:15:33;1380.08;27.12;4.81;749.40;3.12;4.42;13.78
16.01.2021;14:16:33;1328.83;27.44;4.77;749.40;3.01;4.26;12.84
16.01.2021;14:17:33;1294.44;27.42;4.69;749.41;2.95;4.14;12.20
16.01.2021;14:18:33;1257.74;27.17;4.64;749.43;2.87;4.01;11.52
16.01.2021;14:19:33;1213.07;27.25;4.61;749.46;2.78;3.85;10.72
16.01.2021;14:20:33;1181.17;27.39;4.61;749.46;2.73;3.77;10.28
16.01.2021;14:21:33;1163.04;27.30;4.59;749.47;2.68;3.69;9.91
16.01.2021;14:22:33;1165.47;27.46;4.55;749.47;2.69;3.71;9.96
16.01.2021;14:23:33;1189.53;27.42;4.52;749.48;2.74;3.79;10.37
16.01.2021;14:24:33;1207.29;27.33;4.53;749.49;2.77;3.85;10.67
16.01.2021;14:25:33;1217.31;27.47;4.50;749.51;2.80;3.89;10.90
16.01.2021;14:26:33;1229.14;27.37;4.50;749.53;2.84;3.94;11.19
16.01.2021;14:27:33;1250.17;27.35;4.50;749.52;2.91;4.07;11.84
16.01.2021;14:28:33;1240.72;27.38;4.48;749.53;2.90;4.07;11.81
16.01.2021;14:29:33;1226.60;27.47;4.46;749.53;2.88;4.01;11.53
16.01.2021;14:30:33;1211.10;27.66;4.45;749.52;2.84;3.95;11.22
16.01.2021;14:31:33;1214.12;27.76;4.42;749.50;2.85;3.96;11.26
16.01.2021;14:32:34;1231.86;27.97;4.44;749.52;2.89;4.03;11.63
16.01.2021;14:33:34;1229.67;27.68;4.44;749.53;2.87;4.01;11.51
16.01.2021;14:34:34;1209.59;27.56;4.44;749.54;2.83;3.93;11.12
16.01.2021;14:35:34;1181.29;27.68;4.43;749.54;2.77;3.84;10.64
16.01.2021;14:36:34;1155.24;28.01;4.41;749.54;2.72;3.75;10.18
16.01.2021;14:37:34;1129.94;27.98;4.40;749.55;2.65;3.66;9.71
16.01.2021;14:38:34;1116.18;28.19;4.41;749.54;2.63;3.61;9.47
16.01.2021;14:39:34;1107.70;28.23;4.44;749.57;2.61;3.58;9.37
16.01.2021;14:40:34;1101.13;28.01;4.46;749.57;2.61;3.57;9.30
16.01.2021;14:41:34;1078.66;27.90;4.47;749.57;2.55;3.46;8.82
16.01.2021;14:42:34;1061.54;27.57;4.46;749.61;2.49;3.38;8.44
16.01.2021;14:43:34;1050.33;27.65;4.43;749.63;2.46;3.33;8.21
16.01.2021;14:44:34;1012.23;27.53;4.43;749.64;2.26;2.99;6.77
16.01.2021;14:45:34;981.93;27.59;4.41;749.64;2.12;2.77;5.88
16.01.2021;14:46:34;986.12;27.48;4.41;749.65;2.13;2.79;5.95
16.01.2021;14:47:34;987.39;27.57;4.36;749.65;2.16;2.85;6.16
16.01.2021;14:48:34;979.57;28.29;4.32;749.65;2.14;2.79;5.98
16.01.2021;14:49:34;955.34;27.76;4.31;749.68;2.04;2.62;5.34
16.01.2021;14:50:34;950.93;27.99;4.26;749.68;2.03;2.61;5.28
16.01.2021;14:51:34;954.87;27.89;4.23;749.70;2.05;2.65;5.43
16.01.2021;14:52:34;969.19;28.23;4.20;749.72;2.13;2.79;5.94
16.01.2021;14:53:34;983.09;28.21;4.20;749.71;2.23;2.95;6.57
16.01.2021;14:54:34;1006.78;28.17;4.20;749.71;2.34;3.12;7.30
16.01.2021;14:55:34;1015.61;27.99;4.22;749.71;2.31;3.07;7.09
16.01.2021;14:56:34;1078.79;28.07;4.23;749.70;2.50;3.40;8.52
16.01.2021;14:57:34;1090.19;28.10;4.24;749.72;2.67;3.68;9.83
16.01.2021;14:58:34;1066.88;28.03;4.26;749.73;2.62;3.60;9.43
16.01.2021;14:59:34;1037.07;27.98;4.27;749.74;2.52;3.43;8.65
16.01.2021;15:00:34;1012.50;27.88;4.29;749.73;2.40;3.24;7.79
16.01.2021;15:01:34;1001.19;27.94;4.30;749.71;2.44;3.30;8.06
16.01.2021;15:02:34;1020.67;27.82;4.28;749.71;2.54;3.46;8.78
16.01.2021;15:03:34;1013.73;27.78;4.30;749.70;2.53;3.43;8.68
16.01.2021;15:04:35;958.94;27.86;4.29;749.70;2.30;3.06;7.05
16.01.2021;15:05:35;953.40;27.93;4.25;749.70;2.28;3.03;6.90
16.01.2021;15:06:35;967.38;27.95;4.25;749.70;2.43;3.27;7.94
16.01.2021;15:07:35;902.69;28.18;4.22;749.70;2.12;2.77;5.87
16.01.2021;15:08:35;902.19;28.20;4.19;749.71;2.19;2.88;6.32
16.01.2021;15:09:35;888.53;28.12;4.18;749.72;2.16;2.83;6.11
16.01.2021;15:10:35;886.17;28.27;4.18;749.73;2.16;2.83;6.11
16.01.2021;15:11:35;916.75;28.31;4.20;749.73;2.33;3.11;7.24
16.01.2021;15:12:35;960.22;28.21;4.22;749.72;2.50;3.39;8.48
16.01.2021;15:13:35;972.75;28.09;4.24;749.69;2.57;3.51;9.02
16.01.2021;15:14:35;948.60;28.10;4.26;749.68;2.50;3.39;8.47
16.01.2021;15:15:35;942.51;28.13;4.28;749.68;2.50;3.39;8.46
16.01.2021;15:16:35;879.42;28.30;4.26;749.67;2.31;3.08;7.09
16.01.2021;15:17:35;831.53;28.28;4.26;749.66;2.16;2.84;6.14
16.01.2021;15:18:35;810.60;28.44;4.26;749.67;2.11;2.74;5.77
16.01.2021;15:19:35;799.89;28.35;4.27;749.66;2.07;2.68;5.56
16.01.2021;15:20:35;790.13;28.27;4.28;749.69;2.05;2.65;5.43
16.01.2021;15:21:35;775.97;28.26;4.27;749.72;2.01;2.58;5.18
16.01.2021;15:22:35;761.61;28.31;4.28;749.73;1.97;2.49;4.90
16.01.2021;15:23:35;745.71;28.24;4.28;749.75;1.89;2.33;4.41
16.01.2021;15:24:35;740.07;28.16;4.28;749.76;1.92;2.39;4.59
16.01.2021;15:25:35;728.21;28.25;4.30;749.76;1.90;2.36;4.48
16.01.2021;15:26:35;717.71;28.14;4.29;749.76;1.88;2.31;4.34
16.01.2021;15:27:35;711.65;28.14;4.27;749.79;1.88;2.31;4.35
16.01.2021;15:28:35;702.62;28.12;4.24;749.80;1.86;2.28;4.24
16.01.2021;15:29:35;689.70;28.11;4.25;749.82;1.82;2.21;4.01
16.01.2021;15:30:35;678.74;28.02;4.27;749.83;1.79;2.16;3.87
16.01.2021;15:31:35;667.68;27.86;4.27;749.85;1.77;2.14;3.79
16.01.2021;15:32:35;656.20;27.82;4.27;749.86;1.75;2.12;3.70
16.01.2021;15:33:35;644.36;27.98;4.24;749.87;1.73;2.11;3.65
16.01.2021;15:34:35;632.78;28.08;4.21;749.87;1.71;2.09;3.58
16.01.2021;15:35:35;622.07;28.32;4.17;749.89;1.68;2.09;3.52
16.01.2021;15:36:35;610.40;28.50;4.12;749.91;1.65;2.04;3.37
16.01.2021;15:37:35;603.67;28.54;4.10;749.92;1.66;2.03;3.37
16.01.2021;15:38:35;594.76;28.55;4.10;749.94;1.66;2.04;3.37
16.01.2021;15:39:36;586.84;28.50;4.10;749.95;1.66;2.05;3.40
16.01.2021;15:40:36;576.93;28.35;4.11;749.97;1.65;2.03;3.36
16.01.2021;15:41:36;566.40;28.35;4.10;749.98;1.63;2.00;3.27
16.01.2021;15:42:36;553.21;28.47;4.10;749.99;1.59;1.96;3.12
16.01.2021;15:43:36;538.03;28.48;4.10;750.00;1.55;1.87;2.90
16.01.2021;15:44:36;524.72;28.33;4.09;749.99;1.53;1.83;2.81
16.01.2021;15:45:36;508.86;28.26;4.09;749.99;1.49;1.77;2.65
16.01.2021;15:46:36;495.18;28.35;4.06;749.98;1.45;1.70;2.46
16.01.2021;15:47:36;481.89;28.47;4.03;749.97;1.42;1.65;2.34
16.01.2021;15:48:36;469.79;28.47;4.01;749.97;1.39;1.60;2.22
16.01.2021;15:49:36;458.62;28.41;4.00;749.98;1.36;1.59;2.16
16.01.2021;15:50:36;448.31;28.54;3.97;749.99;1.35;1.54;2.08
16.01.2021;15:51:36;437.88;28.62;3.97;750.00;1.33;1.50;1.99
16.01.2021;15:52:36;426.19;28.60;3.96;750.01;1.30;1.47;1.91
16.01.2021;15:53:36;413.87;28.72;3.94;750.01;1.27;1.41;1.79
16.01.2021;15:54:36;401.08;28.76;3.94;750.01;1.23;1.36;1.67
16.01.2021;15:55:36;386.22;28.79;3.93;750.00;1.19;1.28;1.52
16.01.2021;15:56:36;371.14;28.72;3.94;750.01;1.14;1.19;1.36
16.01.2021;15:57:36;357.50;28.58;3.95;750.02;1.10;1.13;1.25
16.01.2021;15:58:36;344.49;28.65;3.93;750.04;1.05;1.03;1.07
16.01.2021;15:59:36;332.56;28.65;3.92;750.05;1.02;0.99;1.02
16.01.2021;16:00:36;319.50;28.57;3.93;750.05;0.99;0.93;0.92
16.01.2021;16:01:36;307.09;28.57;3.91;750.05;0.96;0.89;0.86
16.01.2021;16:02:36;294.49;28.84;3.88;750.06;0.93;0.84;0.78
16.01.2021;16:03:36;281.96;28.84;3.88;750.06;0.89;0.78;0.69
16.01.2021;16:04:36;270.06;28.97;3.86;750.05;0.85;0.71;0.61
16.01.2021;16:05:36;258.70;28.89;3.86;750.05;0.82;0.66;0.54
16.01.2021;16:06:36;247.74;28.86;3.86;750.05;0.79;0.61;0.49
16.01.2021;16:07:36;236.96;28.83;3.86;750.06;0.77;0.58;0.44
16.01.2021;16:08:36;225.44;28.73;3.89;750.07;0.73;0.52;0.38
16.01.2021;16:09:36;214.26;28.77;3.87;750.07;0.69;0.46;0.32
16.01.2021;16:10:36;203.36;28.91;3.84;750.09;0.66;0.40;0.27
16.01.2021;16:11:36;192.85;29.05;3.82;750.09;0.64;0.38;0.24
16.01.2021;16:12:36;182.74;28.98;3.80;750.08;0.59;0.31;0.18
16.01.2021;16:13:36;173.15;29.09;3.79;750.08;0.55;0.24;0.13
16.01.2021;16:14:37;163.43;29.03;3.78;750.09;0.52;0.19;0.10
16.01.2021;16:15:37;153.87;28.93;3.79;750.08;0.49;0.12;0.06
16.01.2021;16:16:37;144.75;28.97;3.77;750.07;0.45;0.05;0.02
16.01.2021;16:17:37;135.44;29.02;3.73;750.06;0.42;0.00;0.00
16.01.2021;16:18:37;126.47;28.99;3.73;750.04;0.39;0.00;0.00
16.01.2021;16:19:37;118.11;29.07;3.72;750.05;0.36;0.00;0.00
16.01.2021;16:20:37;110.18;29.04;3.72;750.04;0.33;0.00;0.00
16.01.2021;16:21:37;102.31;29.25;3.69;750.05;0.31;0.00;0.00
16.01.2021;16:22:37;94.83;29.10;3.66;750.05;0.29;0.00;0.00
16.01.2021;16:23:37;87.61;29.39;3.63;750.05;0.26;0.00;0.00
16.01.2021;16:24:37;80.72;29.80;3.62;750.04;0.24;0.00;0.00
16.01.2021;16:25:37;74.04;29.44;3.62;750.02;0.22;0.00;0.00
16.01.2021;16:26:37;67.74;29.52;3.60;750.02;0.20;0.00;0.00
16.01.2021;16:27:37;61.85;29.41;3.61;750.01;0.18;0.00;0.00
16.01.2021;16:28:37;56.29;29.41;3.59;750.01;0.16;0.00;0.00
16.01.2021;16:29:37;50.88;29.47;3.59;750.01;0.15;0.00;0.00
16.01.2021;16:30:37;46.10;29.40;3.62;750.00;0.13;0.00;0.00
16.01.2021;16:31:37;41.60;29.31;3.61;750.00;0.12;0.00;0.00
16.01.2021;16:32:37;37.51;29.39;3.60;750.02;0.10;0.00;0.00
16.01.2021;16:33:37;33.74;29.52;3.58;750.04;0.09;0.00;0.00
16.01.2021;16:34:37;30.20;29.62;3.57;750.04;0.08;0.00;0.00
16.01.2021;16:35:37;27.00;29.48;3.56;750.05;0.07;0.00;0.00
16.01.2021;16:36:37;24.07;29.49;3.58;750.03;0.06;0.00;0.00
16.01.2021;16:37:37;21.44;29.37;3.58;750.04;0.05;0.00;0.00
16.01.2021;16:38:37;19.14;29.49;3.57;750.04;0.04;0.00;0.00
16.01.2021;16:39:37;16.92;29.54;3.57;750.04;0.03;0.00;0.00
16.01.2021;16:40:37;15.06;29.46;3.57;750.05;0.02;0.00;0.00
16.01.2021;16:41:37;13.40;29.46;3.57;750.05;0.01;0.00;0.00
16.01.2021;16:42:37;12.01;29.52;3.56;750.06;0.01;0.00;0.00
16.01.2021;16:43:37;10.64;29.60;3.53;750.05;0.00;0.00;0.00
16.01.2021;16:44:37;9.60;29.68;3.52;750.06;0.00;0.00;0.00
16.01.2021;16:45:37;8.58;29.61;3.53;750.06;0.00;0.00;0.00
16.01.2021;16:46:37;7.74;29.64;3.53;750.06;0.00;0.00;0.00
16.01.2021;16:47:37;6.99;29.65;3.52;750.06;0.00;0.00;0.00
16.01.2021;16:48:37;6.43;29.64;3.53;750.07;0.00;0.00;0.00
16.01.2021;16:49:37;5.83;29.65;3.52;750.07;0.00;0.00;0.00
16.01.2021;16:50:37;5.26;29.64;3.53;750.08;0.00;0.00;0.00
16.01.2021;16:51:37;5.00;29.84;3.52;750.07;0.00;0.00;0.00
16.01.2021;16:52:37;4.68;29.76;3.54;750.08;0.00;0.00;0.00
16.01.2021;16:53:38;4.17;29.76;3.55;750.08;0.00;0.00;0.00
16.01.2021;16:54:38;4.17;29.68;3.57;750.08;0.00;0.00;0.00
16.01.2021;16:55:38;4.18;29.69;3.56;750.10;0.00;0.00;0.00
16.01.2021;16:56:38;3.64;29.66;3.57;750.10;0.00;0.00;0.00
16.01.2021;16:57:38;3.33;29.70;3.58;750.10;0.00;0.00;0.00
16.01.2021;16:58:38;3.35;29.65;3.58;750.11;0.00;0.00;0.00
16.01.2021;16:59:38;3.33;29.62;3.58;750.10;0.00;0.00;0.00
16.01.2021;17:00:38;3.33;29.61;3.57;750.09;0.00;0.00;0.00
16.01.2021;17:01:38;3.33;29.58;3.56;750.08;0.00;0.00;0.00
16.01.2021;17:02:38;3.33;29.71;3.55;750.06;0.00;0.00;0.00
16.01.2021;17:03:38;3.33;29.58;3.57;750.05;0.00;0.00;0.00
16.01.2021;17:04:38;3.33;29.56;3.59;750.03;0.00;0.00;0.00
16.01.2021;17:05:38;3.33;29.65;3.60;750.01;0.00;0.00;0.00
16.01.2021;17:06:38;3.35;29.62;3.59;750.01;0.00;0.00;0.00
16.01.2021;17:07:38;3.33;29.58;3.59;750.04;0.00;0.00;0.00
16.01.2021;17:08:38;3.33;29.63;3.59;750.05;0.00;0.00;0.00
16.01.2021;17:09:38;3.35;29.68;3.59;750.05;0.00;0.00;0.00
16.01.2021;17:10:38;3.33;29.74;3.59;750.08;0.00;0.00;0.00
16.01.2021;17:11:38;3.33;29.68;3.59;750.09;0.00;0.00;0.00
16.01.2021;17:12:38;3.33;29.66;3.58;750.11;0.00;0.00;0.00
16.01.2021;17:13:38;3.33;29.67;3.58;750.13;0.00;0.00;0.00
16.01.2021;17:14:38;3.33;29.62;3.58;750.13;0.00;0.00;0.00
16.01.2021;17:15:38;3.31;29.64;3.59;750.13;0.00;0.00;0.00
16.01.2021;17:16:38;3.33;29.63;3.59;750.14;0.00;0.00;0.00
16.01.2021;17:17:38;3.28;29.62;3.58;750.11;0.00;0.00;0.00
16.01.2021;17:18:38;3.32;29.58;3.58;750.12;0.00;0.00;0.00
16.01.2021;17:19:38;3.31;29.73;3.57;750.10;0.00;0.00;0.00
16.01.2021;17:20:38;3.33;29.69;3.59;750.10;0.00;0.00;0.00
16.01.2021;17:21:38;3.31;29.59;3.59;750.12;0.00;0.00;0.00
16.01.2021;17:22:38;3.28;29.64;3.59;750.14;0.00;0.00;0.00
16.01.2021;17:23:38;3.32;29.71;3.58;750.15;0.00;0.00;0.00
16.01.2021;17:24:38;3.29;29.77;3.57;750.18;0.00;0.00;0.00
16.01.2021;17:25:38;3.26;29.72;3.57;750.19;0.00;0.00;0.00
16.01.2021;17:26:38;3.29;29.68;3.58;750.20;0.00;0.00;0.00
16.01.2021;17:27:38;3.29;29.70;3.57;750.21;0.00;0.00;0.00
16.01.2021;17:28:38;3.25;29.68;3.58;750.21;0.00;0.00;0.00
16.01.2021;17:29:38;3.32;29.67;3.57;750.21;0.00;0.00;0.00
16.01.2021;17:30:38;3.25;29.73;3.57;750.20;0.00;0.00;0.00
16.01.2021;17:31:38;3.22;29.68;3.58;750.19;0.00;0.00;0.00
16.01.2021;17:32:38;3.31;29.62;3.59;750.20;0.00;0.00;0.00
16.01.2021;17:33:38;3.28;29.61;3.58;750.21;0.00;0.00;0.00
16.01.2021;17:34:38;3.25;29.69;3.57;750.23;0.00;0.00;0.00
16.01.2021;17:35:39;3.28;29.73;3.57;750.23;0.00;0.00;0.00
16.01.2021;17:36:39;3.29;29.65;3.57;750.23;0.00;0.00;0.00
16.01.2021;17:37:39;3.24;29.72;3.57;750.24;0.00;0.00;0.00
16.01.2021;17:38:39;3.26;29.68;3.58;750.23;0.00;0.00;0.00
16.01.2021;17:39:39;3.28;29.69;3.58;750.23;0.00;0.00;0.00
16.01.2021;17:40:39;3.28;29.69;3.57;750.22;0.00;0.00;0.00
16.01.2021;17:41:39;3.21;29.65;3.57;750.22;0.00;0.00;0.00
16.01.2021;17:42:39;3.32;29.69;3.58;750.22;0.00;0.00;0.00
16.01.2021;17:43:39;3.29;29.62;3.57;750.24;0.00;0.00;0.00
16.01.2021;17:44:39;3.23;29.61;3.57;750.24;0.00;0.00;0.00
16.01.2021;17:45:39;3.29;29.69;3.57;750.25;0.00;0.00;0.00
16.01.2021;17:46:39;3.31;29.67;3.57;750.25;0.00;0.00;0.00
16.01.2021;17:47:39;3.28;29.75;3.56;750.25;0.00;0.00;0.00
16.01.2021;17:48:39;3.26;29.75;3.57;750.23;0.00;0.00;0.00
16.01.2021;17:49:39;3.31;29.66;3.56;750.24;0.00;0.00;0.00
16.01.2021;17:50:39;3.22;29.72;3.56;750.24;0.00;0.00;0.00
16.01.2021;17:51:39;3.28;29.79;3.56;750.26;0.00;0.00;0.00
16.01.2021;17:52:39;3.25;29.79;3.56;750.27;0.00;0.00;0.00
16.01.2021;17:53:39;3.25;29.79;3.57;750.28;0.00;0.00;0.00
16.01.2021;17:54:39;3.25;29.72;3.58;750.28;0.00;0.00;0.00
16.01.2021;17:55:39;3.29;29.69;3.58;750.28;0.00;0.00;0.00
16.01.2021;17:56:39;3.25;29.74;3.58;750.30;0.00;0.00;0.00
16.01.2021;17:57:39;3.28;29.73;3.58;750.29;0.00;0.00;0.00
16.01.2021;17:58:39;3.23;29.74;3.59;750.29;0.00;0.00;0.00
16.01.2021;17:59:39;3.25;29.77;3.60;750.29;0.00;0.00;0.00
16.01.2021;18:00:39;3.03;29.71;3.60;750.28;0.00;0.00;0.00
16.01.2021;18:01:39;2.51;29.70;3.59;750.28;0.00;0.00;0.00
16.01.2021;18:02:39;2.54;29.69;3.58;750.29;0.00;0.00;0.00
16.01.2021;18:03:39;2.50;29.63;3.57;750.29;0.00;0.00;0.00
16.01.2021;18:04:39;2.50;29.77;3.57;750.31;0.00;0.00;0.00
16.01.2021;18:05:39;2.53;29.78;3.57;750.32;0.00;0.00;0.00
16.01.2021;18:06:39;2.50;29.78;3.58;750.34;0.00;0.00;0.00
16.01.2021;18:07:39;2.50;29.75;3.58;750.34;0.00;0.00;0.00
16.01.2021;18:08:39;2.51;29.73;3.57;750.35;0.00;0.00;0.00
16.01.2021;18:09:39;2.50;29.72;3.57;750.35;0.00;0.00;0.00
16.01.2021;18:10:39;2.50;29.70;3.57;750.37;0.00;0.00;0.00
16.01.2021;18:11:39;2.50;29.73;3.56;750.38;0.00;0.00;0.00
16.01.2021;18:12:39;2.50;29.57;3.56;750.40;0.00;0.00;0.00
16.01.2021;18:13:39;2.50;29.65;3.55;750.43;0.00;0.00;0.00
16.01.2021;18:14:39;2.50;29.68;3.54;750.44;0.00;0.00;0.00
16.01.2021;18:15:39;2.50;29.65;3.54;750.46;0.00;0.00;0.00
16.01.2021;18:16:39;2.53;29.72;3.53;750.46;0.00;0.00;0.00
16.01.2021;18:17:40;2.50;29.79;3.53;750.47;0.00;0.00;0.00
16.01.2021;18:18:40;2.50;29.77;3.53;750.45;0.00;0.00;0.00
16.01.2021;18:19:40;2.53;29.80;3.52;750.45;0.00;0.00;0.00
16.01.2021;18:20:40;2.50;29.82;3.54;750.44;0.00;0.00;0.00
16.01.2021;18:21:40;2.50;29.81;3.55;750.44;0.00;0.00;0.00
16.01.2021;18:22:40;2.53;29.69;3.55;750.44;0.00;0.00;0.00
16.01.2021;18:23:40;2.50;29.82;3.55;750.46;0.00;0.00;0.00
16.01.2021;18:24:40;2.50;29.76;3.55;750.47;0.00;0.00;0.00
16.01.2021;18:25:40;2.50;29.79;3.56;750.47;0.00;0.00;0.00
16.01.2021;18:26:40;2.50;29.72;3.56;750.47;0.00;0.00;0.00
16.01.2021;18:27:40;2.50;29.72;3.56;750.46;0.00;0.00;0.00
16.01.2021;18:28:40;2.50;29.68;3.55;750.46;0.00;0.00;0.00
16.01.2021;18:29:40;2.51;29.75;3.55;750.45;0.00;0.00;0.00
16.01.2021;18:30:40;2.53;29.76;3.55;750.45;0.00;0.00;0.00
16.01.2021;18:31:40;2.51;29.76;3.54;750.46;0.00;0.00;0.00
16.01.2021;18:32:40;2.50;29.73;3.53;750.47;0.00;0.00;0.00
16.01.2021;18:33:40;2.53;29.87;3.55;750.48;0.00;0.00;0.00
16.01.2021;18:34:40;2.50;29.81;3.54;750.50;0.00;0.00;0.00
16.01.2021;18:35:40;2.50;29.78;3.54;750.51;0.00;0.00;0.00
16.01.2021;18:36:40;2.51;29.75;3.53;750.54;0.00;0.00;0.00
16.01.2021;18:37:40;2.50;29.83;3.52;750.55;0.00;0.00;0.00
16.01.2021;18:38:40;2.53;29.86;3.52;750.56;0.00;0.00;0.00
16.01.2021;18:39:40;2.51;29.81;3.52;750.57;0.00;0.00;0.00
16.01.2021;18:40:40;2.53;29.87;3.51;750.58;0.00;0.00;0.00
16.01.2021;18:41:40;2.61;29.84;3.51;750.59;0.00;0.00;0.00
16.01.2021;18:42:40;2.54;29.78;3.52;750.59;0.00;0.00;0.00
16.01.2021;18:43:40;2.50;29.75;3.52;750.60;0.00;0.00;0.00
16.01.2021;18:44:40;2.54;29.80;3.52;750.62;0.00;0.00;0.00
16.01.2021;18:45:40;2.53;29.88;3.53;750.61;0.00;0.00;0.00
16.01.2021;18:46:40;2.53;29.81;3.53;750.61;0.00;0.00;0.00
16.01.2021;18:47:40;2.53;29.86;3.53;750.62;0.00;0.00;0.00
16.01.2021;18:48:40;2.56;29.85;3.55;750.61;0.00;0.00;0.00
16.01.2021;18:49:40;2.53;29.74;3.57;750.61;0.00;0.00;0.00
16.01.2021;18:50:40;2.56;29.73;3.57;750.62;0.00;0.00;0.00
16.01.2021;18:51:40;2.50;29.70;3.57;750.62;0.00;0.00;0.00
16.01.2021;18:52:40;2.50;29.71;3.57;750.62;0.00;0.00;0.00
16.01.2021;18:53:40;2.50;29.75;3.56;750.63;0.00;0.00;0.00
16.01.2021;18:54:40;2.53;29.76;3.57;750.62;0.00;0.00;0.00
16.01.2021;18:55:40;2.53;29.77;3.57;750.65;0.00;0.00;0.00
16.01.2021;18:56:40;2.50;29.80;3.56;750.67;0.00;0.00;0.00
16.01.2021;18:57:40;2.50;29.78;3.56;750.71;0.00;0.00;0.00
16.01.2021;18:58:41;2.53;29.87;3.56;750.72;0.00;0.00;0.00
16.01.2021;18:59:41;2.50;29.79;3.59;750.71;0.00;0.00;0.00
16.01.2021;19:00:41;2.50;29.80;3.59;750.72;0.00;0.00;0.00
16.01.2021;19:01:41;2.53;29.70;3.58;750.73;0.00;0.00;0.00
16.01.2021;19:02:41;2.51;29.77;3.58;750.74;0.00;0.00;0.00
16.01.2021;19:03:41;2.50;29.73;3.59;750.74;0.00;0.00;0.00
16.01.2021;19:04:41;2.51;29.77;3.58;750.74;0.00;0.00;0.00
16.01.2021;19:05:41;2.51;29.76;3.59;750.74;0.00;0.00;0.00
16.01.2021;19:06:41;2.50;29.75;3.60;750.74;0.00;0.00;0.00
16.01.2021;19:07:41;2.51;29.72;3.62;750.73;0.00;0.00;0.00
16.01.2021;19:08:41;2.50;29.72;3.61;750.74;0.00;0.00;0.00
16.01.2021;19:09:41;2.51;29.68;3.61;750.73;0.00;0.00;0.00
16.01.2021;19:10:41;2.51;29.69;3.61;750.75;0.00;0.00;0.00
16.01.2021;19:11:41;2.50;29.75;3.60;750.75;0.00;0.00;0.00
16.01.2021;19:12:41;2.53;29.72;3.60;750.76;0.00;0.00;0.00
16.01.2021;19:13:41;2.50;29.79;3.61;750.77;0.00;0.00;0.00
16.01.2021;19:14:41;2.50;29.73;3.61;750.78;0.00;0.00;0.00
16.01.2021;19:15:41;2.53;29.67;3.59;750.78;0.00;0.00;0.00
16.01.2021;19:16:41;2.50;29.74;3.59;750.78;0.00;0.00;0.00
16.01.2021;19:17:41;2.51;29.78;3.59;750.76;0.00;0.00;0.00
16.01.2021;19:18:41;2.53;29.69;3.59;750.75;0.00;0.00;0.00
16.01.2021;19:19:41;2.50;29.71;3.58;750.75;0.00;0.00;0.00
16.01.2021;19:20:41;2.50;29.67;3.57;750.73;0.00;0.00;0.00
16.01.2021;19:21:41;2.51;29.67;3.56;750.72;0.00;0.00;0.00
16.01.2021;19:22:41;2.50;29.74;3.56;750.73;0.00;0.00;0.00
16.01.2021;19:23:41;2.51;29.76;3.56;750.73;0.00;0.00;0.00
16.01.2021;19:24:41;2.51;29.78;3.56;750.73;0.00;0.00;0.00
16.01.2021;19:25:41;2.50;29.87;3.55;750.74;0.00;0.00;0.00
16.01.2021;19:26:41;2.53;29.73;3.55;750.74;0.00;0.00;0.00
16.01.2021;19:27:41;2.50;29.70;3.55;750.75;0.00;0.00;0.00
16.01.2021;19:28:41;2.50;29.68;3.55;750.75;0.00;0.00;0.00
16.01.2021;19:29:41;2.53;29.77;3.53;750.75;0.00;0.00;0.00
16.01.2021;19:30:41;2.51;29.71;3.52;750.73;0.00;0.00;0.00
16.01.2021;19:31:41;2.50;29.72;3.52;750.73;0.00;0.00;0.00
16.01.2021;19:32:41;2.51;29.74;3.51;750.73;0.00;0.00;0.00
16.01.2021;19:33:41;2.50;29.80;3.50;750.73;0.00;0.00;0.00
16.01.2021;19:34:41;2.50;29.76;3.48;750.73;0.00;0.00;0.00
16.01.2021;19:35:41;2.50;29.79;3.47;750.73;0.00;0.00;0.00
16.01.2021;19:36:41;2.50;29.73;3.45;750.73;0.00;0.00;0.00
16.01.2021;19:37:41;2.50;29.83;3.42;750.71;0.00;0.00;0.00
16.01.2021;19:38:41;2.50;29.86;3.41;750.70;0.00;0.00;0.00
16.01.2021;19:39:41;2.50;29.89;3.41;750.69;0.00;0.00;0.00
16.01.2021;19:40:42;2.53;29.92;3.41;750.69;0.00;0.00;0.00
16.01.2021;19:41:42;2.50;29.90;3.43;750.69;0.00;0.00;0.00
16.01.2021;19:42:42;2.50;29.86;3.43;750.70;0.00;0.00;0.00
16.01.2021;19:43:42;2.53;29.94;3.41;750.71;0.00;0.00;0.00
16.01.2021;19:44:42;2.50;29.88;3.41;750.71;0.00;0.00;0.00
16.01.2021;19:45:42;2.50;29.85;3.38;750.72;0.00;0.00;0.00
16.01.2021;19:46:42;2.51;29.91;3.37;750.73;0.00;0.00;0.00
16.01.2021;19:47:42;2.50;29.86;3.37;750.73;0.00;0.00;0.00
16.01.2021;19:48:42;2.50;29.78;3.36;750.73;0.00;0.00;0.00
16.01.2021;19:49:42;2.50;29.84;3.35;750.73;0.00;0.00;0.00
16.01.2021;19:50:42;2.50;29.77;3.34;750.73;0.00;0.00;0.00
16.01.2021;19:51:42;2.50;29.87;3.32;750.73;0.00;0.00;0.00
16.01.2021;19:52:42;2.50;29.88;3.30;750.74;0.00;0.00;0.00
16.01.2021;19:53:42;2.50;29.90;3.28;750.74;0.00;0.00;0.00
16.01.2021;19:54:42;2.53;29.98;3.27;750.75;0.00;0.00;0.00
16.01.2021;19:55:42;2.50;29.95;3.27;750.76;0.00;0.00;0.00
16.01.2021;19:56:42;2.50;29.98;3.25;750.75;0.00;0.00;0.00
16.01.2021;19:57:42;2.53;29.99;3.25;750.76;0.00;0.00;0.00
16.01.2021;19:58:42;2.50;30.00;3.23;750.78;0.00;0.00;0.00
16.01.2021;19:59:42;2.50;29.97;3.23;750.78;0.00;0.00;0.00
16.01.2021;20:00:42;2.51;30.08;3.21;750.78;0.00;0.00;0.00
16.01.2021;20:01:42;2.50;30.02;3.23;750.78;0.00;0.00;0.00
16.01.2021;20:02:42;2.50;29.93;3.23;750.77;0.00;0.00;0.00
16.01.2021;20:03:42;2.50;29.93;3.21;750.76;0.00;0.00;0.00
16.01.2021;20:04:42;2.50;30.04;3.19;750.75;0.00;0.00;0.00
16.01.2021;20:05:42;2.50;29.97;3.20;750.74;0.00;0.00;0.00
16.01.2021;20:06:42;2.51;29.97;3.19;750.74;0.00;0.00;0.00
16.01.2021;20:07:42;2.50;30.02;3.19;750.73;0.00;0.00;0.00
16.01.2021;20:08:42;2.53;29.98;3.18;750.73;0.00;0.00;0.00
16.01.2021;20:09:42;2.50;30.07;3.17;750.73;0.00;0.00;0.00
16.01.2021;20:10:42;2.50;30.10;3.19;750.73;0.00;0.00;0.00
16.01.2021;20:11:42;2.53;30.14;3.19;750.73;0.00;0.00;0.00
16.01.2021;20:12:42;2.50;30.14;3.19;750.73;0.00;0.00;0.00
16.01.2021;20:13:42;2.50;30.05;3.18;750.71;0.00;0.00;0.00
16.01.2021;20:14:42;2.51;30.08;3.18;750.70;0.00;0.00;0.00
16.01.2021;20:15:42;2.50;30.06;3.17;750.71;0.00;0.00;0.00
16.01.2021;20:16:42;2.50;30.02;3.19;750.71;0.00;0.00;0.00
16.01.2021;20:17:42;2.50;30.02;3.19;750.73;0.00;0.00;0.00
16.01.2021;20:18:42;2.50;30.00;3.20;750.74;0.00;0.00;0.00
16.01.2021;20:19:42;2.50;29.91;3.18;750.74;0.00;0.00;0.00
16.01.2021;20:20:42;2.50;29.96;3.16;750.75;0.00;0.00;0.00
16.01.2021;20:21:42;2.50;29.98;3.17;750.74;0.00;0.00;0.00
16.01.2021;20:22:43;2.53;30.06;3.17;750.73;0.00;0.00;0.00
16.01.2021;20:23:43;2.50;30.01;3.18;750.72;0.00;0.00;0.00
16.01.2021;20:24:43;2.50;29.97;3.17;750.71;0.00;0.00;0.00
16.01.2021;20:25:43;2.53;30.02;3.15;750.70;0.00;0.00;0.00
16.01.2021;20:26:43;2.50;29.97;3.15;750.69;0.00;0.00;0.00
16.01.2021;20:27:43;2.50;29.96;3.14;750.68;0.00;0.00;0.00
16.01.2021;20:28:43;2.51;29.96;3.13;750.68;0.00;0.00;0.00
16.01.2021;20:29:43;2.50;30.01;3.11;750.68;0.00;0.00;0.00
16.01.2021;20:30:43;2.50;30.02;3.10;750.66;0.00;0.00;0.00
16.01.2021;20:31:43;2.50;30.05;3.11;750.66;0.00;0.00;0.00
16.01.2021;20:32:43;2.50;30.07;3.12;750.66;0.00;0.00;0.00
16.01.2021;20:33:43;2.50;30.06;3.11;750.66;0.00;0.00;0.00
16.01.2021;20:34:43;2.50;30.10;3.11;750.67;0.00;0.00;0.00
16.01.2021;20:35:43;2.50;30.04;3.11;750.66;0.00;0.00;0.00
16.01.2021;20:36:43;2.53;30.08;3.12;750.68;0.00;0.00;0.00
16.01.2021;20:37:43;2.50;30.07;3.12;750.69;0.00;0.00;0.00
16.01.2021;20:38:43;2.50;30.01;3.12;750.69;0.00;0.00;0.00
16.01.2021;20:39:43;2.53;30.02;3.11;750.69;0.00;0.00;0.00
16.01.2021;20:40:43;2.50;30.00;3.12;750.70;0.00;0.00;0.00
16.01.2021;20:41:43;2.50;30.08;3.11;750.70;0.00;0.00;0.00
16.01.2021;20:42:43;2.51;30.07;3.10;750.71;0.00;0.00;0.00
16.01.2021;20:43:43;2.50;30.06;3.10;750.72;0.00;0.00;0.00
16.01.2021;20:44:43;2.50;30.00;3.10;750.73;0.00;0.00;0.00
16.01.2021;20:45:43;2.50;30.05;3.08;750.75;0.00;0.00;0.00
16.01.2021;20:46:43;2.50;30.02;3.07;750.75;0.00;0.00;0.00
16.01.2021;20:47:43;2.50;30.02;3.06;750.75;0.00;0.00;0.00
16.01.2021;20:48:43;2.50;30.05;3.05;750.73;0.00;0.00;0.00
16.01.2021;20:49:43;2.50;30.06;3.05;750.70;0.00;0.00;0.00
16.01.2021;20:50:43;2.53;30.06;3.04;750.70;0.00;0.00;0.00
16.01.2021;20:51:43;2.50;30.10;3.03;750.69;0.00;0.00;0.00
16.01.2021;20:52:43;2.50;30.21;3.01;750.70;0.00;0.00;0.00
16.01.2021;20:53:43;2.53;30.14;3.02;750.72;0.00;0.00;0.00
16.01.2021;20:54:43;2.50;30.09;3.02;750.74;0.00;0.00;0.00
16.01.2021;20:55:43;2.50;30.13;3.00;750.75;0.00;0.00;0.00
16.01.2021;20:56:43;2.51;30.20;3.02;750.75;0.00;0.00;0.00
16.01.2021;20:57:43;2.50;30.16;3.03;750.74;0.00;0.00;0.00
16.01.2021;20:58:43;2.50;30.11;3.00;750.73;0.00;0.00;0.00
16.01.2021;20:59:43;2.50;30.14;2.99;750.73;0.00;0.00;0.00
16.01.2021;21:00:43;2.50;30.13;2.98;750.72;0.00;0.00;0.00
16.01.2021;21:01:43;2.50;30.14;2.98;750.72;0.00;0.00;0.00
16.01.2021;21:02:43;2.50;30.12;2.97;750.70;0.00;0.00;0.00
16.01.2021;21:03:43;2.50;30.17;2.97;750.70;0.00;0.00;0.00
16.01.2021;21:04:44;2.53;30.12;2.97;750.70;0.00;0.00;0.00
16.01.2021;21:05:44;2.50;30.11;2.95;750.70;0.00;0.00;0.00
16.01.2021;21:06:44;2.50;30.09;2.93;750.69;0.00;0.00;0.00
16.01.2021;21:07:44;2.53;30.15;2.92;750.70;0.00;0.00;0.00
16.01.2021;21:08:44;2.50;30.24;2.92;750.71;0.00;0.00;0.00
16.01.2021;21:09:44;2.50;30.26;2.92;750.71;0.00;0.00;0.00
16.01.2021;21:10:44;2.51;30.20;2.93;750.71;0.00;0.00;0.00
16.01.2021;21:11:44;2.50;30.18;2.93;750.71;0.00;0.00;0.00
16.01.2021;21:12:44;2.50;30.13;2.94;750.72;0.00;0.00;0.00
16.01.2021;21:13:44;2.50;30.07;2.94;750.73;0.00;0.00;0.00
16.01.2021;21:14:44;2.50;30.10;2.92;750.74;0.00;0.00;0.00
16.01.2021;21:15:44;2.50;30.16;2.90;750.76;0.00;0.00;0.00
16.01.2021;21:16:44;2.50;30.22;2.90;750.76;0.00;0.00;0.00
16.01.2021;21:17:44;2.50;30.19;2.91;750.74;0.00;0.00;0.00
16.01.2021;21:18:44;2.54;30.17;2.91;750.74;0.00;0.00;0.00
16.01.2021;21:19:44;2.50;30.16;2.90;750.73;0.00;0.00;0.00
16.01.2021;21:20:44;2.50;30.13;2.90;750.73;0.00;0.00;0.00
16.01.2021;21:21:44;2.54;30.20;2.89;750.72;0.00;0.00;0.00
16.01.2021;21:22:44;2.50;30.15;2.87;750.73;0.00;0.00;0.00
16.01.2021;21:23:44;2.50;30.12;2.87;750.73;0.00;0.00;0.00
16.01.2021;21:24:44;2.51;30.17;2.85;750.74;0.00;0.00;0.00
16.01.2021;21:25:44;2.50;30.25;2.85;750.76;0.00;0.00;0.00
16.01.2021;21:26:44;2.50;30.20;2.85;750.77;0.00;0.00;0.00
16.01.2021;21:27:44;2.50;30.16;2.85;750.78;0.00;0.00;0.00
16.01.2021;21:28:44;2.50;30.17;2.84;750.79;0.00;0.00;0.00
16.01.2021;21:29:44;2.50;30.13;2.83;750.79;0.00;0.00;0.00
16.01.2021;21:30:44;2.50;30.15;2.82;750.78;0.00;0.00;0.00
16.01.2021;21:31:44;2.50;30.21;2.81;750.79;0.00;0.00;0.00
16.01.2021;21:32:44;2.53;30.20;2.81;750.80;0.00;0.00;0.00
16.01.2021;21:33:44;2.50;30.15;2.80;750.80;0.00;0.00;0.00
16.01.2021;21:34:44;2.50;30.19;2.78;750.80;0.00;0.00;0.00
16.01.2021;21:35:44;2.53;30.30;2.78;750.80;0.00;0.00;0.00
16.01.2021;21:36:44;2.50;30.37;2.79;750.79;0.00;0.00;0.00
16.01.2021;21:37:44;2.50;30.26;2.80;750.77;0.00;0.00;0.00
16.01.2021;21:38:44;2.51;30.22;2.80;750.75;0.00;0.00;0.00
16.01.2021;21:39:44;2.50;30.21;2.80;750.74;0.00;0.00;0.00
16.01.2021;21:40:44;2.50;30.17;2.80;750.75;0.00;0.00;0.00
16.01.2021;21:41:44;2.50;30.20;2.80;750.77;0.00;0.00;0.00
16.01.2021;21:42:44;2.50;30.17;2.81;750.79;0.00;0.00;0.00
16.01.2021;21:43:44;2.50;30.24;2.80;750.81;0.00;0.00;0.00
16.01.2021;21:44:44;2.50;30.25;2.80;750.83;0.00;0.00;0.00
16.01.2021;21:45:44;2.50;30.21;2.78;750.85;0.00;0.00;0.00
16.01.2021;21:46:45;2.53;30.21;2.78;750.87;0.00;0.00;0.00
16.01.2021;21:47:45;2.50;30.21;2.79;750.87;0.00;0.00;0.00
16.01.2021;21:48:45;2.50;30.24;2.80;750.88;0.00;0.00;0.00
16.01.2021;21:49:45;2.53;30.31;2.81;750.87;0.00;0.00;0.00
16.01.2021;21:50:45;2.50;30.22;2.83;750.86;0.00;0.00;0.00
16.01.2021;21:51:45;2.50;30.23;2.82;750.84;0.00;0.00;0.00
16.01.2021;21:52:45;2.51;30.28;2.83;750.85;0.00;0.00;0.00
16.01.2021;21:53:45;2.50;30.14;2.83;750.85;0.00;0.00;0.00
16.01.2021;21:54:45;2.50;30.12;2.81;750.86;0.00;0.00;0.00
16.01.2021;21:55:45;2.50;30.14;2.79;750.85;0.00;0.00;0.00
16.01.2021;21:56:45;2.50;30.18;2.78;750.84;0.00;0.00;0.00
16.01.2021;21:57:45;2.50;30.18;2.77;750.82;0.00;0.00;0.00
16.01.2021;21:58:45;2.50;30.30;2.77;750.81;0.00;0.00;0.00
16.01.2021;21:59:45;2.50;30.24;2.77;750.79;0.00;0.00;0.00
16.01.2021;22:00:45;2.53;30.28;2.77;750.79;0.00;0.00;0.00
16.01.2021;22:01:45;2.50;30.25;2.77;750.79;0.00;0.00;0.00
16.01.2021;22:02:45;2.50;30.25;2.77;750.81;0.00;0.00;0.00
16.01.2021;22:03:45;2.53;30.27;2.78;750.84;0.00;0.00;0.00
16.01.2021;22:04:45;2.50;30.28;2.78;750.85;0.00;0.00;0.00
16.01.2021;22:05:45;2.50;30.22;2.78;750.87;0.00;0.00;0.00
16.01.2021;22:06:45;2.51;30.21;2.78;750.89;0.00;0.00;0.00
16.01.2021;22:07:45;2.50;30.23;2.78;750.89;0.00;0.00;0.00
16.01.2021;22:08:45;2.50;30.22;2.77;750.90;0.00;0.00;0.00
16.01.2021;22:09:45;2.50;30.28;2.78;750.90;0.00;0.00;0.00
16.01.2021;22:10:45;2.50;30.17;2.80;750.91;0.00;0.00;0.00
16.01.2021;22:11:45;2.50;30.16;2.79;750.91;0.00;0.00;0.00
16.01.2021;22:12:45;2.50;30.17;2.81;750.92;0.00;0.00;0.00
16.01.2021;22:13:45;2.50;30.18;2.80;750.94;0.00;0.00;0.00
16.01.2021;22:14:45;2.53;30.21;2.80;750.95;0.00;0.00;0.00
16.01.2021;22:15:45;2.50;30.19;2.83;750.96;0.00;0.00;0.00
16.01.2021;22:16:45;2.50;30.08;2.82;750.97;0.00;0.00;0.00
16.01.2021;22:17:45;2.53;30.06;2.82;750.96;0.00;0.00;0.00
16.01.2021;22:18:45;2.50;30.15;2.82;750.95;0.00;0.00;0.00
16.01.2021;22:19:45;2.50;30.19;2.83;750.94;0.00;0.00;0.00
16.01.2021;22:20:45;2.51;30.23;2.85;750.94;0.00;0.00;0.00
16.01.2021;22:21:45;2.50;30.15;2.85;750.92;0.00;0.00;0.00
16.01.2021;22:22:45;2.50;30.09;2.84;750.92;0.00;0.00;0.00
16.01.2021;22:23:45;2.50;30.08;2.84;750.92;0.00;0.00;0.00
16.01.2021;22:24:45;2.50;30.19;2.83;750.93;0.00;0.00;0.00
16.01.2021;22:25:45;2.50;30.10;2.85;750.93;0.00;0.00;0.00
16.01.2021;22:26:45;2.50;30.06;2.85;750.93;0.00;0.00;0.00
16.01.2021;22:27:45;2.50;30.05;2.85;750.93;0.00;0.00;0.00
16.01.2021;22:28:46;2.53;30.02;2.84;750.93;0.00;0.00;0.00
16.01.2021;22:29:46;2.50;30.08;2.85;750.93;0.00;0.00;0.00
16.01.2021;22:30:46;2.50;30.10;2.86;750.93;0.00;0.00;0.00
16.01.2021;22:31:46;2.53;30.04;2.86;750.91;0.00;0.00;0.00
16.01.2021;22:32:46;2.50;29.99;2.86;750.91;0.00;0.00;0.00
16.01.2021;22:33:46;2.50;30.05;2.87;750.90;0.00;0.00;0.00
16.01.2021;22:34:46;2.51;30.07;2.87;750.91;0.00;0.00;0.00
16.01.2021;22:35:46;2.50;30.16;2.87;750.91;0.00;0.00;0.00
16.01.2021;22:36:46;2.50;30.14;2.88;750.92;0.00;0.00;0.00
16.01.2021;22:37:46;2.50;30.06;2.87;750.92;0.00;0.00;0.00
16.01.2021;22:38:46;2.50;30.09;2.86;750.92;0.00;0.00;0.00
16.01.2021;22:39:46;2.50;30.13;2.88;750.93;0.00;0.00;0.00
16.01.2021;22:40:46;2.50;30.14;2.87;750.94;0.00;0.00;0.00
16.01.2021;22:41:46;2.50;30.06;2.85;750.93;0.00;0.00;0.00
16.01.2021;22:42:46;2.53;30.09;2.85;750.92;0.00;0.00;0.00
16.01.2021;22:43:46;2.50;30.09;2.85;750.93;0.00;0.00;0.00
16.01.2021;22:44:46;2.50;30.06;2.85;750.92;0.00;0.00;0.00
16.01.2021;22:45:46;2.53;30.09;2.85;750.92;0.00;0.00;0.00
16.01.2021;22:46:46;2.50;30.10;2.86;750.92;0.00;0.00;0.00
16.01.2021;22:47:46;2.50;30.06;2.86;750.94;0.00;0.00;0.00
16.01.2021;22:48:46;2.51;30.01;2.85;750.93;0.00;0.00;0.00
16.01.2021;22:49:46;2.50;30.05;2.85;750.91;0.00;0.00;0.00
16.01.2021;22:50:46;2.50;29.98;2.85;750.90;0.00;0.00;0.00
16.01.2021;22:51:46;2.50;30.04;2.85;750.90;0.00;0.00;0.00
16.01.2021;22:52:46;2.50;30.00;2.85;750.90;0.00;0.00;0.00
16.01.2021;22:53:46;2.50;29.97;2.84;750.90;0.00;0.00;0.00
16.01.2021;22:54:46;2.50;30.07;2.83;750.90;0.00;0.00;0.00
16.01.2021;22:55:46;2.50;30.11;2.85;750.91;0.00;0.00;0.00
16.01.2021;22:56:46;2.53;30.12;2.85;750.92;0.00;0.00;0.00
16.01.2021;22:57:46;2.50;30.09;2.85;750.92;0.00;0.00;0.00
16.01.2021;22:58:46;2.50;30.00;2.84;750.92;0.00;0.00;0.00
16.01.2021;22:59:46;2.53;30.05;2.81;750.90;0.00;0.00;0.00
16.01.2021;23:00:46;2.50;30.10;2.81;750.89;0.00;0.00;0.00
16.01.2021;23:01:46;2.50;30.04;2.82;750.86;0.00;0.00;0.00
16.01.2021;23:02:46;2.51;30.06;2.83;750.82;0.00;0.00;0.00
16.01.2021;23:03:46;2.50;29.99;2.83;750.80;0.00;0.00;0.00
16.01.2021;23:04:46;2.50;29.97;2.83;750.80;0.00;0.00;0.00
16.01.2021;23:05:46;2.50;29.99;2.82;750.81;0.00;0.00;0.00
16.01.2021;23:06:46;2.50;30.00;2.82;750.82;0.00;0.00;0.00
16.01.2021;23:07:46;2.50;30.04;2.81;750.84;0.00;0.00;0.00
16.01.2021;23:08:46;2.50;29.98;2.80;750.85;0.00;0.00;0.00
16.01.2021;23:09:46;2.50;29.99;2.79;750.85;0.00;0.00;0.00
16.01.2021;23:10:46;2.53;29.95;2.78;750.84;0.00;0.00;0.00
16.01.2021;23:11:47;2.50;30.01;2.76;750.82;0.00;0.00;0.00
16.01.2021;23:12:47;2.50;30.03;2.76;750.81;0.00;0.00;0.00
16.01.2021;23:13:47;2.53;30.00;2.77;750.79;0.00;0.00;0.00
16.01.2021;23:14:47;2.50;30.08;2.77;750.78;0.00;0.00;0.00
16.01.2021;23:15:47;2.50;30.03;2.77;750.78;0.00;0.00;0.00
16.01.2021;23:16:47;2.51;30.01;2.76;750.78;0.00;0.00;0.00
16.01.2021;23:17:47;2.50;30.01;2.75;750.79;0.00;0.00;0.00
16.01.2021;23:18:47;2.50;30.02;2.74;750.79;0.00;0.00;0.00
16.01.2021;23:19:47;2.50;29.97;2.73;750.78;0.00;0.00;0.00
16.01.2021;23:20:47;2.50;30.05;2.71;750.78;0.00;0.00;0.00
16.01.2021;23:21:47;2.50;30.00;2.72;750.77;0.00;0.00;0.00
16.01.2021;23:22:47;2.50;30.05;2.72;750.76;0.00;0.00;0.00
16.01.2021;23:23:47;2.50;30.07;2.72;750.76;0.00;0.00;0.00
16.01.2021;23:24:47;2.53;30.03;2.71;750.77;0.00;0.00;0.00
16.01.2021;23:25:47;2.50;30.05;2.70;750.79;0.00;0.00;0.00
16.01.2021;23:26:47;2.50;30.04;2.69;750.81;0.00;0.00;0.00
16.01.2021;23:27:47;2.53;30.06;2.68;750.80;0.00;0.00;0.00
16.01.2021;23:28:47;2.50;30.06;2.66;750.81;0.00;0.00;0.00
16.01.2021;23:29:47;2.50;30.20;2.65;750.82;0.00;0.00;0.00
16.01.2021;23:30:47;2.51;30.19;2.67;750.83;0.00;0.00;0.00
16.01.2021;23:31:47;2.50;30.13;2.66;750.86;0.00;0.00;0.00
16.01.2021;23:32:47;2.50;30.16;2.64;750.85;0.00;0.00;0.00
16.01.2021;23:33:47;2.50;30.14;2.63;750.84;0.00;0.00;0.00
16.01.2021;23:34:47;2.50;30.16;2.64;750.84;0.00;0.00;0.00
16.01.2021;23:35:47;2.50;30.20;2.65;750.84;0.00;0.00;0.00
16.01.2021;23:36:47;2.50;30.13;2.65;750.86;0.00;0.00;0.00
16.01.2021;23:37:47;2.50;30.07;2.66;750.88;0.00;0.00;0.00
16.01.2021;23:38:47;2.53;30.10;2.64;750.90;0.00;0.00;0.00
16.01.2021;23:39:47;2.50;30.13;2.63;750.90;0.00;0.00;0.00
16.01.2021;23:40:47;2.50;30.17;2.64;750.90;0.00;0.00;0.00
16.01.2021;23:41:47;2.53;30.10;2.64;750.89;0.00;0.00;0.00
16.01.2021;23:42:47;2.50;30.16;2.63;750.89;0.00;0.00;0.00
16.01.2021;23:43:47;2.50;30.14;2.65;750.89;0.00;0.00;0.00
16.01.2021;23:44:47;2.51;30.15;2.65;750.88;0.00;0.00;0.00
16.01.2021;23:45:47;2.50;30.05;2.65;750.87;0.00;0.00;0.00
16.01.2021;23:46:47;2.50;30.07;2.64;750.87;0.00;0.00;0.00
16.01.2021;23:47:47;2.50;29.99;2.64;750.86;0.00;0.00;0.00
16.01.2021;23:48:47;2.50;30.12;2.63;750.86;0.00;0.00;0.00
16.01.2021;23:49:47;2.50;30.01;2.63;750.87;0.00;0.00;0.00
16.01.2021;23:50:47;2.50;30.04;2.61;750.85;0.00;0.00;0.00
16.01.2021;23:51:47;2.50;30.09;2.61;750.85;0.00;0.00;0.00
16.01.2021;23:52:47;2.53;30.03;2.61;750.86;0.00;0.00;0.00
16.01.2021;23:53:48;2.50;30.11;2.62;750.85;0.00;0.00;0.00
16.01.2021;23:54:48;2.50;30.03;2.63;750.84;0.00;0.00;0.00
16.01.2021;23:55:48;2.53;30.03;2.62;750.82;0.00;0.00;0.00
16.01.2021;23:56:48;2.50;30.05;2.62;750.81;0.00;0.00;0.00
16.01.2021;23:57:48;2.50;30.17;2.63;750.81;0.00;0.00;0.00
16.01.2021;23:58:48;2.51;30.09;2.63;750.83;0.00;0.00;0.00
16.01.2021;23:59:48;2.50;30.13;2.62;750.85;0.00;0.00;0.00
