16.12.2020;0:00:54;3.36;43.22;11.47;759.06;0.00;0.00;0.00
16.12.2020;0:01:54;3.33;43.23;11.46;759.06;0.00;0.00;0.00
16.12.2020;0:02:54;3.33;43.23;11.46;759.06;0.00;0.00;0.00
16.12.2020;0:03:54;3.35;43.25;11.45;759.06;0.00;0.00;0.00
16.12.2020;0:04:55;3.33;43.26;11.45;759.06;0.00;0.00;0.00
16.12.2020;0:05:55;3.33;43.27;11.45;759.06;0.00;0.00;0.00
16.12.2020;0:06:55;3.33;43.27;11.45;759.05;0.00;0.00;0.00
16.12.2020;0:07:55;3.33;43.28;11.45;759.04;0.00;0.00;0.00
16.12.2020;0:08:55;3.33;43.25;11.45;759.04;0.00;0.00;0.00
16.12.2020;0:09:55;3.33;43.24;11.44;759.03;0.00;0.00;0.00
16.12.2020;0:10:55;3.33;43.25;11.44;759.03;0.00;0.00;0.00
16.12.2020;0:11:55;3.35;43.26;11.45;759.05;0.00;0.00;0.00
16.12.2020;0:12:55;3.33;43.25;11.45;759.05;0.00;0.00;0.00
16.12.2020;0:13:55;3.33;43.24;11.44;759.06;0.00;0.00;0.00
16.12.2020;0:14:55;3.36;43.24;11.44;759.06;0.00;0.00;0.00
16.12.2020;0:15:55;3.33;43.25;11.45;759.08;0.00;0.00;0.00
16.12.2020;0:16:55;3.33;43.23;11.45;759.09;0.00;0.00;0.00
16.12.2020;0:17:55;3.35;43.23;11.45;759.09;0.00;0.00;0.00
16.12.2020;0:18:55;3.33;43.22;11.45;759.08;0.00;0.00;0.00
16.12.2020;0:19:55;3.33;43.21;11.46;759.08;0.00;0.00;0.00
16.12.2020;0:20:55;3.33;43.23;11.45;759.07;0.00;0.00;0.00
16.12.2020;0:21:55;3.33;43.20;11.45;759.06;0.00;0.00;0.00
16.12.2020;0:22:55;3.33;43.18;11.47;759.07;0.00;0.00;0.00
16.12.2020;0:23:55;3.33;43.16;11.46;759.07;0.00;0.00;0.00
16.12.2020;0:24:55;3.33;43.16;11.46;759.08;0.00;0.00;0.00
16.12.2020;0:25:55;3.35;43.19;11.45;759.07;0.00;0.00;0.00
16.12.2020;0:26:55;3.33;43.20;11.45;759.08;0.00;0.00;0.00
16.12.2020;0:27:55;3.33;43.17;11.46;759.07;0.00;0.00;0.00
16.12.2020;0:28:55;3.36;43.16;11.46;759.08;0.00;0.00;0.00
16.12.2020;0:29:55;3.33;43.17;11.46;759.09;0.00;0.00;0.00
16.12.2020;0:30:55;3.33;43.16;11.45;759.10;0.00;0.00;0.00
16.12.2020;0:31:55;3.35;43.17;11.45;759.10;0.00;0.00;0.00
16.12.2020;0:32:55;3.33;43.15;11.45;759.11;0.00;0.00;0.00
16.12.2020;0:33:55;3.33;43.13;11.46;759.11;0.00;0.00;0.00
16.12.2020;0:34:55;3.33;43.13;11.46;759.11;0.00;0.00;0.00
16.12.2020;0:35:55;3.33;43.15;11.46;759.11;0.00;0.00;0.00
16.12.2020;0:36:56;3.33;43.15;11.45;759.12;0.00;0.00;0.00
16.12.2020;0:37:56;3.33;43.16;11.45;759.13;0.00;0.00;0.00
16.12.2020;0:38:56;3.33;43.14;11.45;759.13;0.00;0.00;0.00
16.12.2020;0:39:56;3.35;43.14;11.46;759.13;0.00;0.00;0.00
16.12.2020;0:40:56;3.33;43.08;11.46;759.14;0.00;0.00;0.00
16.12.2020;0:41:56;3.33;43.10;11.46;759.15;0.00;0.00;0.00
16.12.2020;0:42:56;3.36;43.10;11.44;759.14;0.00;0.00;0.00
16.12.2020;0:43:56;3.33;43.11;11.44;759.14;0.00;0.00;0.00
16.12.2020;0:44:56;3.33;43.11;11.44;759.14;0.00;0.00;0.00
16.12.2020;0:45:56;3.35;43.11;11.44;759.13;0.00;0.00;0.00
16.12.2020;0:46:56;3.33;43.13;11.43;759.13;0.00;0.00;0.00
16.12.2020;0:47:56;3.33;43.14;11.43;759.11;0.00;0.00;0.00
16.12.2020;0:48:56;3.33;43.16;11.42;759.12;0.00;0.00;0.00
16.12.2020;0:49:56;3.33;43.13;11.43;759.13;0.00;0.00;0.00
16.12.2020;0:50:56;3.33;43.13;11.42;759.15;0.00;0.00;0.00
16.12.2020;0:51:56;3.33;43.14;11.41;759.16;0.00;0.00;0.00
16.12.2020;0:52:56;3.33;43.18;11.41;759.17;0.00;0.00;0.00
16.12.2020;0:53:56;3.35;43.15;11.41;759.17;0.00;0.00;0.00
16.12.2020;0:54:56;3.33;43.17;11.41;759.16;0.00;0.00;0.00
16.12.2020;0:55:56;3.33;43.16;11.41;759.16;0.00;0.00;0.00
16.12.2020;0:56:56;3.36;43.15;11.40;759.16;0.00;0.00;0.00
16.12.2020;0:57:56;3.33;43.15;11.40;759.15;0.00;0.00;0.00
16.12.2020;0:58:56;3.33;43.13;11.40;759.15;0.00;0.00;0.00
16.12.2020;0:59:56;3.35;43.15;11.41;759.14;0.00;0.00;0.00
16.12.2020;1:00:56;3.33;43.12;11.41;759.14;0.00;0.00;0.00
16.12.2020;1:01:56;3.33;43.11;11.40;759.14;0.00;0.00;0.00
16.12.2020;1:02:56;3.33;43.11;11.40;759.12;0.00;0.00;0.00
16.12.2020;1:03:56;3.33;43.12;11.40;759.12;0.00;0.00;0.00
16.12.2020;1:04:56;3.33;43.11;11.40;759.12;0.00;0.00;0.00
16.12.2020;1:05:56;3.33;43.12;11.40;759.11;0.00;0.00;0.00
16.12.2020;1:06:56;3.33;43.12;11.41;759.12;0.00;0.00;0.00
16.12.2020;1:07:56;3.35;43.11;11.40;759.11;0.00;0.00;0.00
16.12.2020;1:08:57;3.33;43.09;11.41;759.13;0.00;0.00;0.00
16.12.2020;1:09:57;3.33;43.09;11.40;759.13;0.00;0.00;0.00
16.12.2020;1:10:57;3.36;43.09;11.40;759.13;0.00;0.00;0.00
16.12.2020;1:11:57;3.33;43.11;11.39;759.14;0.00;0.00;0.00
16.12.2020;1:12:57;3.33;43.11;11.39;759.15;0.00;0.00;0.00
16.12.2020;1:13:57;3.35;43.12;11.39;759.16;0.00;0.00;0.00
16.12.2020;1:14:57;3.33;43.10;11.39;759.17;0.00;0.00;0.00
16.12.2020;1:15:57;3.33;43.10;11.39;759.18;0.00;0.00;0.00
16.12.2020;1:16:57;3.33;43.10;11.39;759.18;0.00;0.00;0.00
16.12.2020;1:17:57;3.33;43.11;11.39;759.18;0.00;0.00;0.00
16.12.2020;1:18:57;3.33;43.09;11.39;759.18;0.00;0.00;0.00
16.12.2020;1:19:57;3.33;43.09;11.39;759.18;0.00;0.00;0.00
16.12.2020;1:20:57;3.33;43.09;11.39;759.19;0.00;0.00;0.00
16.12.2020;1:21:57;3.35;43.09;11.40;759.19;0.00;0.00;0.00
16.12.2020;1:22:57;3.33;43.07;11.40;759.19;0.00;0.00;0.00
16.12.2020;1:23:57;3.33;43.05;11.40;759.18;0.00;0.00;0.00
16.12.2020;1:24:57;3.36;43.06;11.40;759.19;0.00;0.00;0.00
16.12.2020;1:25:57;3.33;43.05;11.39;759.19;0.00;0.00;0.00
16.12.2020;1:26:57;3.33;43.06;11.39;759.18;0.00;0.00;0.00
16.12.2020;1:27:57;3.35;43.06;11.39;759.17;0.00;0.00;0.00
16.12.2020;1:28:57;3.33;43.07;11.39;759.18;0.00;0.00;0.00
16.12.2020;1:29:57;3.33;43.06;11.39;759.18;0.00;0.00;0.00
16.12.2020;1:30:57;3.33;43.07;11.38;759.17;0.00;0.00;0.00
16.12.2020;1:31:57;3.33;43.08;11.37;759.17;0.00;0.00;0.00
16.12.2020;1:32:57;3.33;43.08;11.37;759.18;0.00;0.00;0.00
16.12.2020;1:33:57;3.33;43.08;11.37;759.19;0.00;0.00;0.00
16.12.2020;1:34:57;3.33;43.08;11.36;759.20;0.00;0.00;0.00
16.12.2020;1:35:57;3.35;43.10;11.36;759.20;0.00;0.00;0.00
16.12.2020;1:36:57;3.33;43.09;11.35;759.22;0.00;0.00;0.00
16.12.2020;1:37:57;3.33;43.07;11.36;759.24;0.00;0.00;0.00
16.12.2020;1:38:57;3.36;43.09;11.36;759.25;0.00;0.00;0.00
16.12.2020;1:39:57;3.33;43.10;11.35;759.25;0.00;0.00;0.00
16.12.2020;1:40:58;3.33;43.11;11.35;759.26;0.00;0.00;0.00
16.12.2020;1:41:58;3.35;43.12;11.34;759.26;0.00;0.00;0.00
16.12.2020;1:42:58;3.33;43.13;11.33;759.27;0.00;0.00;0.00
16.12.2020;1:43:58;3.33;43.14;11.33;759.29;0.00;0.00;0.00
16.12.2020;1:44:58;3.33;43.15;11.33;759.30;0.00;0.00;0.00
16.12.2020;1:45:58;3.33;43.17;11.32;759.31;0.00;0.00;0.00
16.12.2020;1:46:58;3.33;43.17;11.32;759.33;0.00;0.00;0.00
16.12.2020;1:47:58;3.33;43.17;11.32;759.33;0.00;0.00;0.00
16.12.2020;1:48:58;3.33;43.17;11.31;759.34;0.00;0.00;0.00
16.12.2020;1:49:58;3.35;43.18;11.31;759.35;0.00;0.00;0.00
16.12.2020;1:50:58;3.33;43.17;11.31;759.36;0.00;0.00;0.00
16.12.2020;1:51:58;3.33;43.16;11.31;759.36;0.00;0.00;0.00
16.12.2020;1:52:58;3.36;43.16;11.30;759.38;0.00;0.00;0.00
16.12.2020;1:53:58;3.33;43.17;11.29;759.39;0.00;0.00;0.00
16.12.2020;1:54:58;3.33;43.17;11.29;759.39;0.00;0.00;0.00
16.12.2020;1:55:58;3.35;43.18;11.29;759.41;0.00;0.00;0.00
16.12.2020;1:56:58;3.33;43.21;11.28;759.41;0.00;0.00;0.00
16.12.2020;1:57:58;3.33;43.22;11.27;759.41;0.00;0.00;0.00
16.12.2020;1:58:58;3.33;43.23;11.27;759.42;0.00;0.00;0.00
16.12.2020;1:59:58;3.33;43.23;11.27;759.43;0.00;0.00;0.00
16.12.2020;2:00:58;3.33;43.25;11.26;759.43;0.00;0.00;0.00
16.12.2020;2:01:58;3.33;43.24;11.26;759.43;0.00;0.00;0.00
16.12.2020;2:02:58;3.33;43.25;11.26;759.44;0.00;0.00;0.00
16.12.2020;2:03:58;3.35;43.23;11.27;759.46;0.00;0.00;0.00
16.12.2020;2:04:58;3.33;43.23;11.26;759.47;0.00;0.00;0.00
16.12.2020;2:05:58;3.33;43.24;11.25;759.48;0.00;0.00;0.00
16.12.2020;2:06:58;3.36;43.27;11.25;759.48;0.00;0.00;0.00
16.12.2020;2:07:58;3.33;43.26;11.24;759.49;0.00;0.00;0.00
16.12.2020;2:08:58;3.33;43.25;11.24;759.49;0.00;0.00;0.00
16.12.2020;2:09:58;3.35;43.27;11.23;759.49;0.00;0.00;0.00
16.12.2020;2:10:58;3.33;43.28;11.23;759.50;0.00;0.00;0.00
16.12.2020;2:11:58;3.33;43.27;11.23;759.49;0.00;0.00;0.00
16.12.2020;2:12:59;3.33;43.27;11.23;759.49;0.00;0.00;0.00
16.12.2020;2:13:59;3.33;43.27;11.23;759.50;0.00;0.00;0.00
16.12.2020;2:14:59;3.33;43.28;11.23;759.50;0.00;0.00;0.00
16.12.2020;2:15:59;3.33;43.29;11.22;759.50;0.00;0.00;0.00
16.12.2020;2:16:59;3.33;43.29;11.22;759.51;0.00;0.00;0.00
16.12.2020;2:17:59;3.35;43.29;11.23;759.50;0.00;0.00;0.00
16.12.2020;2:18:59;3.33;43.29;11.23;759.51;0.00;0.00;0.00
16.12.2020;2:19:59;3.33;43.27;11.23;759.51;0.00;0.00;0.00
16.12.2020;2:20:59;3.36;43.27;11.23;759.50;0.00;0.00;0.00
16.12.2020;2:21:59;3.33;43.30;11.22;759.50;0.00;0.00;0.00
16.12.2020;2:22:59;3.33;43.28;11.22;759.50;0.00;0.00;0.00
16.12.2020;2:23:59;3.35;43.28;11.23;759.49;0.00;0.00;0.00
16.12.2020;2:24:59;3.33;43.26;11.23;759.49;0.00;0.00;0.00
16.12.2020;2:25:59;3.33;43.27;11.22;759.49;0.00;0.00;0.00
16.12.2020;2:26:59;3.33;43.29;11.22;759.49;0.00;0.00;0.00
16.12.2020;2:27:59;3.33;43.29;11.21;759.49;0.00;0.00;0.00
16.12.2020;2:28:59;3.33;43.30;11.20;759.48;0.00;0.00;0.00
16.12.2020;2:29:59;3.33;43.30;11.20;759.48;0.00;0.00;0.00
16.12.2020;2:30:59;3.33;43.29;11.21;759.49;0.00;0.00;0.00
16.12.2020;2:31:59;3.35;43.27;11.21;759.49;0.00;0.00;0.00
16.12.2020;2:32:59;3.33;43.29;11.20;759.50;0.00;0.00;0.00
16.12.2020;2:33:59;3.33;43.31;11.20;759.49;0.00;0.00;0.00
16.12.2020;2:34:59;3.36;43.29;11.19;759.48;0.00;0.00;0.00
16.12.2020;2:35:59;3.33;43.28;11.19;759.46;0.00;0.00;0.00
16.12.2020;2:36:59;3.33;43.30;11.19;759.45;0.00;0.00;0.00
16.12.2020;2:37:59;3.35;43.31;11.18;759.45;0.00;0.00;0.00
16.12.2020;2:38:59;3.33;43.31;11.18;759.46;0.00;0.00;0.00
16.12.2020;2:39:59;3.33;43.32;11.19;759.48;0.00;0.00;0.00
16.12.2020;2:40:59;3.33;43.28;11.20;759.48;0.00;0.00;0.00
16.12.2020;2:41:59;3.33;43.28;11.20;759.48;0.00;0.00;0.00
16.12.2020;2:42:59;3.33;43.30;11.20;759.48;0.00;0.00;0.00
16.12.2020;2:43:59;3.33;43.30;11.19;759.47;0.00;0.00;0.00
16.12.2020;2:44:59;3.33;43.32;11.18;759.46;0.00;0.00;0.00
16.12.2020;2:46:00;3.35;43.31;11.18;759.46;0.00;0.00;0.00
16.12.2020;2:47:00;3.33;43.30;11.18;759.46;0.00;0.00;0.00
16.12.2020;2:48:00;3.33;43.30;11.19;759.44;0.00;0.00;0.00
16.12.2020;2:49:00;3.36;43.28;11.19;759.43;0.00;0.00;0.00
16.12.2020;2:50:00;3.33;43.27;11.19;759.43;0.00;0.00;0.00
16.12.2020;2:51:00;3.33;43.26;11.18;759.42;0.00;0.00;0.00
16.12.2020;2:52:00;3.35;43.28;11.17;759.43;0.00;0.00;0.00
16.12.2020;2:53:00;3.33;43.30;11.17;759.44;0.00;0.00;0.00
16.12.2020;2:54:00;3.33;43.32;11.16;759.44;0.00;0.00;0.00
16.12.2020;2:55:00;3.33;43.34;11.16;759.44;0.00;0.00;0.00
16.12.2020;2:56:00;3.33;43.35;11.15;759.43;0.00;0.00;0.00
16.12.2020;2:57:00;3.33;43.35;11.15;759.44;0.00;0.00;0.00
16.12.2020;2:58:00;3.33;43.35;11.15;759.43;0.00;0.00;0.00
16.12.2020;2:59:00;3.33;43.34;11.15;759.42;0.00;0.00;0.00
16.12.2020;3:00:00;3.35;43.33;11.15;759.42;0.00;0.00;0.00
16.12.2020;3:01:00;3.33;43.34;11.15;759.42;0.00;0.00;0.00
16.12.2020;3:02:00;3.33;43.34;11.15;759.42;0.00;0.00;0.00
16.12.2020;3:03:00;3.36;43.36;11.14;759.42;0.00;0.00;0.00
16.12.2020;3:04:00;3.33;43.36;11.14;759.42;0.00;0.00;0.00
16.12.2020;3:05:00;3.33;43.35;11.15;759.41;0.00;0.00;0.00
16.12.2020;3:06:00;3.35;43.34;11.15;759.39;0.00;0.00;0.00
16.12.2020;3:07:00;3.33;43.33;11.15;759.40;0.00;0.00;0.00
16.12.2020;3:08:00;3.33;43.33;11.15;759.39;0.00;0.00;0.00
16.12.2020;3:09:00;3.33;43.33;11.15;759.39;0.00;0.00;0.00
16.12.2020;3:10:00;3.33;43.33;11.15;759.37;0.00;0.00;0.00
16.12.2020;3:11:00;3.33;43.33;11.15;759.37;0.00;0.00;0.00
16.12.2020;3:12:00;3.33;43.32;11.15;759.36;0.00;0.00;0.00
16.12.2020;3:13:00;3.33;43.30;11.16;759.35;0.00;0.00;0.00
16.12.2020;3:14:00;3.35;43.29;11.15;759.34;0.00;0.00;0.00
16.12.2020;3:15:00;3.33;43.29;11.15;759.34;0.00;0.00;0.00
16.12.2020;3:16:00;3.33;43.31;11.15;759.35;0.00;0.00;0.00
16.12.2020;3:17:00;3.36;43.30;11.15;759.34;0.00;0.00;0.00
16.12.2020;3:18:01;3.33;43.30;11.14;759.34;0.00;0.00;0.00
16.12.2020;3:19:01;3.33;43.30;11.15;759.33;0.00;0.00;0.00
16.12.2020;3:20:01;3.35;43.30;11.15;759.32;0.00;0.00;0.00
16.12.2020;3:21:01;3.33;43.30;11.14;759.33;0.00;0.00;0.00
16.12.2020;3:22:01;3.33;43.29;11.14;759.32;0.00;0.00;0.00
16.12.2020;3:23:01;3.33;43.28;11.14;759.32;0.00;0.00;0.00
16.12.2020;3:24:01;3.33;43.32;11.13;759.31;0.00;0.00;0.00
16.12.2020;3:25:01;3.33;43.33;11.12;759.31;0.00;0.00;0.00
16.12.2020;3:26:01;3.33;43.35;11.12;759.30;0.00;0.00;0.00
16.12.2020;3:27:01;3.33;43.34;11.11;759.30;0.00;0.00;0.00
16.12.2020;3:28:01;3.35;43.34;11.10;759.29;0.00;0.00;0.00
16.12.2020;3:29:01;3.33;43.37;11.10;759.29;0.00;0.00;0.00
16.12.2020;3:30:01;3.33;43.39;11.09;759.28;0.00;0.00;0.00
16.12.2020;3:31:01;3.36;43.38;11.09;759.28;0.00;0.00;0.00
16.12.2020;3:32:01;3.33;43.40;11.08;759.28;0.00;0.00;0.00
16.12.2020;3:33:01;3.33;43.41;11.08;759.27;0.00;0.00;0.00
16.12.2020;3:34:01;3.35;43.39;11.08;759.27;0.00;0.00;0.00
16.12.2020;3:35:01;3.33;43.38;11.09;759.26;0.00;0.00;0.00
16.12.2020;3:36:01;3.33;43.37;11.09;759.26;0.00;0.00;0.00
16.12.2020;3:37:01;3.33;43.37;11.09;759.26;0.00;0.00;0.00
16.12.2020;3:38:01;3.33;43.37;11.09;759.24;0.00;0.00;0.00
16.12.2020;3:39:01;3.33;43.38;11.09;759.23;0.00;0.00;0.00
16.12.2020;3:40:01;3.33;43.37;11.10;759.21;0.00;0.00;0.00
16.12.2020;3:41:01;3.33;43.37;11.09;759.21;0.00;0.00;0.00
16.12.2020;3:42:01;3.35;43.35;11.09;759.20;0.00;0.00;0.00
16.12.2020;3:43:01;3.33;43.37;11.09;759.19;0.00;0.00;0.00
16.12.2020;3:44:01;3.33;43.37;11.09;759.18;0.00;0.00;0.00
16.12.2020;3:45:01;3.36;43.36;11.08;759.17;0.00;0.00;0.00
16.12.2020;3:46:01;3.33;43.36;11.08;759.17;0.00;0.00;0.00
16.12.2020;3:47:01;3.33;43.36;11.08;759.15;0.00;0.00;0.00
16.12.2020;3:48:01;3.35;43.36;11.08;759.14;0.00;0.00;0.00
16.12.2020;3:49:01;3.33;43.36;11.08;759.14;0.00;0.00;0.00
16.12.2020;3:50:02;3.33;43.37;11.08;759.12;0.00;0.00;0.00
16.12.2020;3:51:02;3.33;43.36;11.07;759.12;0.00;0.00;0.00
16.12.2020;3:52:02;3.33;43.38;11.07;759.11;0.00;0.00;0.00
16.12.2020;3:53:02;3.33;43.39;11.06;759.10;0.00;0.00;0.00
16.12.2020;3:54:02;3.33;43.38;11.06;759.09;0.00;0.00;0.00
16.12.2020;3:55:02;3.33;43.38;11.06;759.08;0.00;0.00;0.00
16.12.2020;3:56:02;3.35;43.39;11.06;759.09;0.00;0.00;0.00
16.12.2020;3:57:02;3.33;43.40;11.05;759.09;0.00;0.00;0.00
16.12.2020;3:58:02;3.33;43.42;11.05;759.10;0.00;0.00;0.00
16.12.2020;3:59:02;3.36;43.41;11.04;759.10;0.00;0.00;0.00
16.12.2020;4:00:02;3.33;43.42;11.04;759.11;0.00;0.00;0.00
16.12.2020;4:01:02;3.33;43.41;11.04;759.11;0.00;0.00;0.00
16.12.2020;4:02:02;3.35;43.42;11.04;759.12;0.00;0.00;0.00
16.12.2020;4:03:02;3.33;43.42;11.04;759.10;0.00;0.00;0.00
16.12.2020;4:04:02;3.33;43.41;11.04;759.11;0.00;0.00;0.00
16.12.2020;4:05:02;3.33;43.41;11.04;759.11;0.00;0.00;0.00
16.12.2020;4:06:02;3.33;43.41;11.04;759.08;0.00;0.00;0.00
16.12.2020;4:07:02;3.33;43.42;11.03;759.06;0.00;0.00;0.00
16.12.2020;4:08:02;3.33;43.39;11.03;759.05;0.00;0.00;0.00
16.12.2020;4:09:02;3.33;43.40;11.04;759.05;0.00;0.00;0.00
16.12.2020;4:10:02;3.35;43.40;11.04;759.06;0.00;0.00;0.00
16.12.2020;4:11:02;3.33;43.41;11.04;759.06;0.00;0.00;0.00
16.12.2020;4:12:02;3.33;43.42;11.03;759.07;0.00;0.00;0.00
16.12.2020;4:13:02;3.36;43.44;11.02;759.09;0.00;0.00;0.00
16.12.2020;4:14:02;3.33;43.44;11.02;759.10;0.00;0.00;0.00
16.12.2020;4:15:02;3.33;43.44;11.01;759.10;0.00;0.00;0.00
16.12.2020;4:16:02;3.35;43.44;11.01;759.11;0.00;0.00;0.00
16.12.2020;4:17:02;3.33;43.45;11.01;759.11;0.00;0.00;0.00
16.12.2020;4:18:02;3.33;43.46;11.00;759.10;0.00;0.00;0.00
16.12.2020;4:19:02;3.33;43.46;11.00;759.09;0.00;0.00;0.00
16.12.2020;4:20:02;3.33;43.46;11.00;759.07;0.00;0.00;0.00
16.12.2020;4:21:02;3.33;43.47;11.00;759.06;0.00;0.00;0.00
16.12.2020;4:22:02;3.33;43.46;11.00;759.05;0.00;0.00;0.00
16.12.2020;4:23:03;3.33;43.48;10.99;759.05;0.00;0.00;0.00
16.12.2020;4:24:03;3.35;43.50;10.99;759.04;0.00;0.00;0.00
16.12.2020;4:25:03;3.33;43.50;10.98;759.04;0.00;0.00;0.00
16.12.2020;4:26:03;3.33;43.50;10.98;759.04;0.00;0.00;0.00
16.12.2020;4:27:03;3.36;43.49;10.99;759.04;0.00;0.00;0.00
16.12.2020;4:28:03;3.33;43.48;10.99;759.04;0.00;0.00;0.00
16.12.2020;4:29:03;3.33;43.47;10.99;759.03;0.00;0.00;0.00
16.12.2020;4:30:03;3.35;43.47;10.99;759.04;0.00;0.00;0.00
16.12.2020;4:31:03;3.33;43.47;10.98;759.04;0.00;0.00;0.00
16.12.2020;4:32:03;3.33;43.46;10.99;759.04;0.00;0.00;0.00
16.12.2020;4:33:03;3.33;43.46;10.99;759.04;0.00;0.00;0.00
16.12.2020;4:34:03;3.33;43.46;11.00;759.05;0.00;0.00;0.00
16.12.2020;4:35:03;3.33;43.46;10.99;759.05;0.00;0.00;0.00
16.12.2020;4:36:03;3.33;43.45;10.99;759.05;0.00;0.00;0.00
16.12.2020;4:37:03;3.33;43.44;10.99;759.04;0.00;0.00;0.00
16.12.2020;4:38:03;3.35;43.43;11.00;759.04;0.00;0.00;0.00
16.12.2020;4:39:03;3.33;43.42;11.01;759.04;0.00;0.00;0.00
16.12.2020;4:40:03;3.33;43.41;11.01;759.04;0.00;0.00;0.00
16.12.2020;4:41:03;3.36;43.41;11.00;759.04;0.00;0.00;0.00
16.12.2020;4:42:03;3.33;43.42;11.00;759.04;0.00;0.00;0.00
16.12.2020;4:43:03;3.33;43.40;11.01;759.04;0.00;0.00;0.00
16.12.2020;4:44:03;3.35;43.39;11.01;759.05;0.00;0.00;0.00
16.12.2020;4:45:03;3.33;43.38;11.01;759.05;0.00;0.00;0.00
16.12.2020;4:46:03;3.33;43.39;11.01;759.03;0.00;0.00;0.00
16.12.2020;4:47:03;3.33;43.38;11.01;759.03;0.00;0.00;0.00
16.12.2020;4:48:03;3.33;43.40;11.01;759.02;0.00;0.00;0.00
16.12.2020;4:49:03;3.33;43.39;11.01;759.02;0.00;0.00;0.00
16.12.2020;4:50:03;3.33;43.38;11.00;759.02;0.00;0.00;0.00
16.12.2020;4:51:03;3.33;43.39;11.01;759.02;0.00;0.00;0.00
16.12.2020;4:52:03;3.35;43.37;11.01;759.01;0.00;0.00;0.00
16.12.2020;4:53:03;3.33;43.36;11.01;759.01;0.00;0.00;0.00
16.12.2020;4:54:03;3.33;43.34;11.01;759.01;0.00;0.00;0.00
16.12.2020;4:55:04;3.36;43.34;11.01;759.01;0.00;0.00;0.00
16.12.2020;4:56:04;3.33;43.33;11.01;759.01;0.00;0.00;0.00
16.12.2020;4:57:04;3.33;43.32;11.00;759.02;0.00;0.00;0.00
16.12.2020;4:58:04;3.35;43.34;11.00;759.03;0.00;0.00;0.00
16.12.2020;4:59:04;3.33;43.36;10.99;759.02;0.00;0.00;0.00
16.12.2020;5:00:04;3.33;43.37;10.99;759.02;0.00;0.00;0.00
16.12.2020;5:01:04;3.33;43.37;10.99;759.03;0.00;0.00;0.00
16.12.2020;5:02:04;3.33;43.37;10.98;759.03;0.00;0.00;0.00
16.12.2020;5:03:04;3.33;43.37;10.99;759.02;0.00;0.00;0.00
16.12.2020;5:04:04;3.33;43.37;11.00;759.02;0.00;0.00;0.00
16.12.2020;5:05:04;3.33;43.34;11.00;759.02;0.00;0.00;0.00
16.12.2020;5:06:04;3.35;43.36;10.99;759.03;0.00;0.00;0.00
16.12.2020;5:07:04;3.33;43.36;10.99;759.01;0.00;0.00;0.00
16.12.2020;5:08:04;3.33;43.36;10.99;759.00;0.00;0.00;0.00
16.12.2020;5:09:04;3.36;43.36;10.98;758.99;0.00;0.00;0.00
16.12.2020;5:10:04;3.33;43.36;10.98;758.98;0.00;0.00;0.00
16.12.2020;5:11:04;3.33;43.37;10.98;758.98;0.00;0.00;0.00
16.12.2020;5:12:04;3.35;43.37;10.97;758.98;0.00;0.00;0.00
16.12.2020;5:13:04;3.33;43.37;10.97;758.97;0.00;0.00;0.00
16.12.2020;5:14:04;3.33;43.37;10.98;758.98;0.00;0.00;0.00
16.12.2020;5:15:04;3.33;43.37;10.97;758.99;0.00;0.00;0.00
16.12.2020;5:16:04;3.33;43.36;10.98;759.00;0.00;0.00;0.00
16.12.2020;5:17:04;3.33;43.38;10.97;759.01;0.00;0.00;0.00
16.12.2020;5:18:04;3.33;43.36;10.97;759.01;0.00;0.00;0.00
16.12.2020;5:19:04;3.33;43.36;10.97;759.01;0.00;0.00;0.00
16.12.2020;5:20:04;3.35;43.35;10.97;759.00;0.00;0.00;0.00
16.12.2020;5:21:04;3.33;43.35;10.98;758.99;0.00;0.00;0.00
16.12.2020;5:22:04;3.33;43.35;10.98;758.98;0.00;0.00;0.00
16.12.2020;5:23:04;3.36;43.34;10.98;758.98;0.00;0.00;0.00
16.12.2020;5:24:04;3.33;43.36;10.97;758.99;0.00;0.00;0.00
16.12.2020;5:25:04;3.33;43.37;10.96;758.98;0.00;0.00;0.00
16.12.2020;5:26:04;3.35;43.35;10.96;758.99;0.00;0.00;0.00
16.12.2020;5:27:05;3.33;43.35;10.96;759.00;0.00;0.00;0.00
16.12.2020;5:28:05;3.33;43.36;10.96;759.00;0.00;0.00;0.00
16.12.2020;5:29:05;3.33;43.36;10.96;759.00;0.00;0.00;0.00
16.12.2020;5:30:05;3.33;43.37;10.96;758.99;0.00;0.00;0.00
16.12.2020;5:31:05;3.33;43.37;10.95;758.99;0.00;0.00;0.00
16.12.2020;5:32:05;3.33;43.37;10.96;759.00;0.00;0.00;0.00
16.12.2020;5:33:05;3.33;43.36;10.96;759.00;0.00;0.00;0.00
16.12.2020;5:34:05;3.35;43.36;10.96;758.99;0.00;0.00;0.00
16.12.2020;5:35:05;3.33;43.35;10.96;758.99;0.00;0.00;0.00
16.12.2020;5:36:05;3.33;43.36;10.95;758.98;0.00;0.00;0.00
16.12.2020;5:37:05;3.36;43.37;10.94;758.96;0.00;0.00;0.00
16.12.2020;5:38:05;3.33;43.36;10.94;758.98;0.00;0.00;0.00
16.12.2020;5:39:05;3.33;43.36;10.94;758.98;0.00;0.00;0.00
16.12.2020;5:40:05;3.35;43.37;10.94;758.98;0.00;0.00;0.00
16.12.2020;5:41:05;3.33;43.36;10.94;758.99;0.00;0.00;0.00
16.12.2020;5:42:05;3.33;43.37;10.94;759.00;0.00;0.00;0.00
16.12.2020;5:43:05;3.33;43.38;10.93;759.00;0.00;0.00;0.00
16.12.2020;5:44:05;3.33;43.37;10.93;759.02;0.00;0.00;0.00
16.12.2020;5:45:05;3.33;43.39;10.92;759.02;0.00;0.00;0.00
16.12.2020;5:46:05;3.33;43.40;10.93;759.03;0.00;0.00;0.00
16.12.2020;5:47:05;3.33;43.39;10.93;759.03;0.00;0.00;0.00
16.12.2020;5:48:05;3.35;43.39;10.92;759.04;0.00;0.00;0.00
16.12.2020;5:49:05;3.33;43.41;10.91;759.04;0.00;0.00;0.00
16.12.2020;5:50:05;3.33;43.40;10.91;759.06;0.00;0.00;0.00
16.12.2020;5:51:05;3.36;43.39;10.91;759.05;0.00;0.00;0.00
16.12.2020;5:52:05;3.33;43.40;10.91;759.06;0.00;0.00;0.00
16.12.2020;5:53:05;3.33;43.39;10.91;759.07;0.00;0.00;0.00
16.12.2020;5:54:05;3.35;43.40;10.90;759.06;0.00;0.00;0.00
16.12.2020;5:55:05;3.33;43.42;10.90;759.05;0.00;0.00;0.00
16.12.2020;5:56:05;3.33;43.42;10.90;759.05;0.00;0.00;0.00
16.12.2020;5:57:05;3.33;43.43;10.90;759.07;0.00;0.00;0.00
16.12.2020;5:58:05;3.33;43.41;10.90;759.07;0.00;0.00;0.00
16.12.2020;5:59:05;3.33;43.40;10.90;759.08;0.00;0.00;0.00
16.12.2020;6:00:06;3.33;43.41;10.90;759.08;0.00;0.00;0.00
16.12.2020;6:01:06;3.33;43.41;10.90;759.09;0.00;0.00;0.00
16.12.2020;6:02:06;3.35;43.40;10.90;759.10;0.00;0.00;0.00
16.12.2020;6:03:06;3.33;43.43;10.90;759.10;0.00;0.00;0.00
16.12.2020;6:04:06;3.33;43.41;10.89;759.10;0.00;0.00;0.00
16.12.2020;6:05:06;3.36;43.41;10.89;759.10;0.00;0.00;0.00
16.12.2020;6:06:06;3.33;43.41;10.89;759.11;0.00;0.00;0.00
16.12.2020;6:07:06;3.33;43.40;10.89;759.11;0.00;0.00;0.00
16.12.2020;6:08:06;3.35;43.42;10.88;759.10;0.00;0.00;0.00
16.12.2020;6:09:06;3.33;43.42;10.87;759.09;0.00;0.00;0.00
16.12.2020;6:10:06;3.33;43.43;10.87;759.11;0.00;0.00;0.00
16.12.2020;6:11:06;3.33;43.45;10.88;759.13;0.00;0.00;0.00
16.12.2020;6:12:06;3.33;43.42;10.88;759.13;0.00;0.00;0.00
16.12.2020;6:13:06;3.33;43.41;10.88;759.13;0.00;0.00;0.00
16.12.2020;6:14:06;3.33;43.41;10.88;759.13;0.00;0.00;0.00
16.12.2020;6:15:06;3.33;43.42;10.88;759.14;0.00;0.00;0.00
16.12.2020;6:16:06;3.35;43.41;10.88;759.13;0.00;0.00;0.00
16.12.2020;6:17:06;3.33;43.41;10.87;759.12;0.00;0.00;0.00
16.12.2020;6:18:06;3.33;43.44;10.87;759.13;0.00;0.00;0.00
16.12.2020;6:19:06;3.36;43.41;10.86;759.13;0.00;0.00;0.00
16.12.2020;6:20:06;3.33;43.42;10.87;759.14;0.00;0.00;0.00
16.12.2020;6:21:06;3.33;43.41;10.87;759.13;0.00;0.00;0.00
16.12.2020;6:22:06;3.35;43.41;10.87;759.15;0.00;0.00;0.00
16.12.2020;6:23:06;3.33;43.43;10.87;759.14;0.00;0.00;0.00
16.12.2020;6:24:06;3.33;43.42;10.87;759.14;0.00;0.00;0.00
16.12.2020;6:25:06;3.33;43.43;10.87;759.14;0.00;0.00;0.00
16.12.2020;6:26:06;3.33;43.45;10.86;759.15;0.00;0.00;0.00
16.12.2020;6:27:06;3.33;43.44;10.85;759.16;0.00;0.00;0.00
16.12.2020;6:28:06;3.33;43.45;10.85;759.17;0.00;0.00;0.00
16.12.2020;6:29:06;3.33;43.44;10.86;759.17;0.00;0.00;0.00
16.12.2020;6:30:06;3.35;43.45;10.86;759.19;0.00;0.00;0.00
16.12.2020;6:31:06;3.33;43.43;10.86;759.19;0.00;0.00;0.00
16.12.2020;6:32:07;3.33;43.44;10.85;759.20;0.00;0.00;0.00
16.12.2020;6:33:07;3.36;43.45;10.85;759.19;0.00;0.00;0.00
16.12.2020;6:34:07;3.33;43.44;10.85;759.18;0.00;0.00;0.00
16.12.2020;6:35:07;3.33;43.44;10.85;759.18;0.00;0.00;0.00
16.12.2020;6:36:07;3.35;43.44;10.85;759.18;0.00;0.00;0.00
16.12.2020;6:37:07;3.33;43.44;10.85;759.18;0.00;0.00;0.00
16.12.2020;6:38:07;3.33;43.43;10.85;759.18;0.00;0.00;0.00
16.12.2020;6:39:07;3.33;43.43;10.85;759.18;0.00;0.00;0.00
16.12.2020;6:40:07;3.33;43.43;10.84;759.19;0.00;0.00;0.00
16.12.2020;6:41:07;3.33;43.43;10.84;759.19;0.00;0.00;0.00
16.12.2020;6:42:07;3.33;43.46;10.84;759.19;0.00;0.00;0.00
16.12.2020;6:43:07;3.33;43.44;10.83;759.18;0.00;0.00;0.00
16.12.2020;6:44:07;3.35;43.45;10.83;759.19;0.00;0.00;0.00
16.12.2020;6:45:07;3.33;43.46;10.83;759.18;0.00;0.00;0.00
16.12.2020;6:46:07;3.33;43.48;10.81;759.19;0.00;0.00;0.00
16.12.2020;6:47:07;3.36;43.50;10.81;759.21;0.00;0.00;0.00
16.12.2020;6:48:07;3.33;43.48;10.81;759.21;0.00;0.00;0.00
16.12.2020;6:49:07;3.33;43.48;10.81;759.22;0.00;0.00;0.00
16.12.2020;6:50:07;3.35;43.48;10.81;759.23;0.00;0.00;0.00
16.12.2020;6:51:07;3.33;43.48;10.82;759.24;0.00;0.00;0.00
16.12.2020;6:52:07;3.33;43.47;10.82;759.24;0.00;0.00;0.00
16.12.2020;6:53:07;3.33;43.49;10.81;759.25;0.00;0.00;0.00
16.12.2020;6:54:07;3.33;43.48;10.80;759.26;0.00;0.00;0.00
16.12.2020;6:55:07;3.33;43.50;10.80;759.26;0.00;0.00;0.00
16.12.2020;6:56:07;3.33;43.50;10.80;759.27;0.00;0.00;0.00
16.12.2020;6:57:07;3.33;43.51;10.80;759.26;0.00;0.00;0.00
16.12.2020;6:58:07;3.35;43.50;10.80;759.28;0.00;0.00;0.00
16.12.2020;6:59:07;3.33;43.47;10.81;759.29;0.00;0.00;0.00
16.12.2020;7:00:07;3.33;43.47;10.81;759.29;0.00;0.00;0.00
16.12.2020;7:01:07;3.36;43.49;10.80;759.29;0.00;0.00;0.00
16.12.2020;7:02:07;3.33;43.49;10.80;759.30;0.00;0.00;0.00
16.12.2020;7:03:07;3.33;43.49;10.79;759.31;0.00;0.00;0.00
16.12.2020;7:04:07;3.35;43.48;10.79;759.32;0.00;0.00;0.00
16.12.2020;7:05:08;3.33;43.50;10.79;759.32;0.00;0.00;0.00
16.12.2020;7:06:08;3.33;43.50;10.79;759.32;0.00;0.00;0.00
16.12.2020;7:07:08;3.33;43.50;10.79;759.32;0.00;0.00;0.00
16.12.2020;7:08:08;3.33;43.52;10.78;759.31;0.00;0.00;0.00
16.12.2020;7:09:08;3.33;43.50;10.78;759.31;0.00;0.00;0.00
16.12.2020;7:10:08;3.33;43.50;10.78;759.32;0.00;0.00;0.00
16.12.2020;7:11:08;3.33;43.49;10.78;759.33;0.00;0.00;0.00
16.12.2020;7:12:08;3.35;43.50;10.77;759.34;0.00;0.00;0.00
16.12.2020;7:13:08;3.33;43.51;10.77;759.34;0.00;0.00;0.00
16.12.2020;7:14:08;3.33;43.52;10.77;759.34;0.00;0.00;0.00
16.12.2020;7:15:08;3.36;43.51;10.78;759.36;0.00;0.00;0.00
16.12.2020;7:16:08;3.33;43.49;10.78;759.37;0.00;0.00;0.00
16.12.2020;7:17:08;3.33;43.51;10.78;759.36;0.00;0.00;0.00
16.12.2020;7:18:08;3.35;43.50;10.77;759.35;0.00;0.00;0.00
16.12.2020;7:19:08;3.33;43.52;10.76;759.33;0.00;0.00;0.00
16.12.2020;7:20:08;3.33;43.52;10.76;759.34;0.00;0.00;0.00
16.12.2020;7:21:08;3.33;43.51;10.77;759.33;0.00;0.00;0.00
16.12.2020;7:22:08;3.33;43.50;10.76;759.32;0.00;0.00;0.00
16.12.2020;7:23:08;3.33;43.53;10.75;759.30;0.00;0.00;0.00
16.12.2020;7:24:08;3.33;43.56;10.75;759.29;0.00;0.00;0.00
16.12.2020;7:25:08;3.33;43.56;10.75;759.29;0.00;0.00;0.00
16.12.2020;7:26:08;3.35;43.57;10.75;759.28;0.00;0.00;0.00
16.12.2020;7:27:08;3.33;43.57;10.75;759.28;0.00;0.00;0.00
16.12.2020;7:28:08;3.33;43.58;10.75;759.28;0.00;0.00;0.00
16.12.2020;7:29:08;3.36;43.59;10.75;759.29;0.00;0.00;0.00
16.12.2020;7:30:08;3.58;43.59;10.74;759.29;0.00;0.00;0.00
16.12.2020;7:31:08;4.15;43.62;10.74;759.29;0.00;0.00;0.00
16.12.2020;7:32:08;4.18;43.64;10.74;759.30;0.00;0.00;0.00
16.12.2020;7:33:08;4.17;43.62;10.75;759.28;0.00;0.00;0.00
16.12.2020;7:34:08;4.17;43.62;10.75;759.26;0.00;0.00;0.00
16.12.2020;7:35:08;4.97;43.62;10.75;759.23;0.00;0.00;0.00
16.12.2020;7:36:08;5.00;43.61;10.75;759.22;0.00;0.00;0.00
16.12.2020;7:37:08;5.42;43.62;10.76;759.20;0.00;0.00;0.00
16.12.2020;7:38:09;5.83;43.62;10.76;759.20;0.00;0.00;0.00
16.12.2020;7:39:09;6.34;43.64;10.76;759.19;0.00;0.00;0.00
16.12.2020;7:40:09;6.85;43.64;10.77;759.20;0.00;0.00;0.00
16.12.2020;7:41:09;7.50;43.60;10.78;759.18;0.00;0.00;0.00
16.12.2020;7:42:09;8.25;43.59;10.78;759.17;0.00;0.00;0.00
16.12.2020;7:43:09;8.78;43.59;10.79;759.18;0.00;0.00;0.00
16.12.2020;7:44:09;9.26;43.57;10.80;759.19;0.00;0.00;0.00
16.12.2020;7:45:09;10.00;43.54;10.81;759.19;0.00;0.00;0.00
16.12.2020;7:46:09;10.67;43.53;10.80;759.18;0.00;0.00;0.00
16.12.2020;7:47:09;11.65;43.52;10.81;759.19;0.00;0.00;0.00
16.12.2020;7:48:09;12.64;43.52;10.82;759.21;0.00;0.00;0.00
16.12.2020;7:49:09;13.57;43.51;10.83;759.22;0.00;0.00;0.00
16.12.2020;7:50:09;14.68;43.49;10.83;759.22;0.00;0.00;0.00
16.12.2020;7:51:09;15.83;43.50;10.83;759.21;0.00;0.00;0.00
16.12.2020;7:52:09;17.58;43.49;10.83;759.19;0.01;0.00;0.00
16.12.2020;7:53:09;19.27;43.47;10.84;759.19;0.01;0.00;0.00
16.12.2020;7:54:09;21.04;43.46;10.84;759.17;0.02;0.00;0.00
16.12.2020;7:55:09;22.68;43.46;10.83;759.16;0.02;0.00;0.00
16.12.2020;7:56:09;23.81;43.45;10.84;759.18;0.02;0.00;0.00
16.12.2020;7:57:09;24.36;43.43;10.85;759.21;0.02;0.00;0.00
16.12.2020;7:58:09;25.65;43.42;10.85;759.21;0.03;0.00;0.00
16.12.2020;7:59:09;27.20;43.42;10.85;759.22;0.03;0.00;0.00
16.12.2020;8:00:09;28.96;43.40;10.85;759.22;0.04;0.00;0.00
16.12.2020;8:01:09;30.50;43.40;10.85;759.21;0.04;0.00;0.00
16.12.2020;8:02:09;31.92;43.40;10.85;759.21;0.05;0.00;0.00
16.12.2020;8:03:09;34.12;43.39;10.86;759.20;0.05;0.00;0.00
16.12.2020;8:04:09;36.43;43.38;10.86;759.21;0.06;0.00;0.00
16.12.2020;8:05:09;37.93;43.37;10.87;759.21;0.06;0.00;0.00
16.12.2020;8:06:09;39.19;43.34;10.87;759.20;0.07;0.00;0.00
16.12.2020;8:07:09;40.72;43.35;10.87;759.20;0.08;0.00;0.00
16.12.2020;8:08:10;42.29;43.34;10.88;759.21;0.09;0.00;0.00
16.12.2020;8:09:10;44.10;43.31;10.88;759.22;0.09;0.00;0.00
16.12.2020;8:10:10;46.02;43.33;10.88;759.22;0.09;0.00;0.00
16.12.2020;8:11:10;48.90;43.30;10.88;759.22;0.10;0.00;0.00
16.12.2020;8:12:10;51.50;43.29;10.87;759.21;0.11;0.00;0.00
16.12.2020;8:13:10;53.63;43.29;10.88;759.23;0.12;0.00;0.00
16.12.2020;8:14:10;55.18;43.28;10.88;759.25;0.13;0.00;0.00
16.12.2020;8:15:10;55.67;43.29;10.88;759.28;0.13;0.00;0.00
16.12.2020;8:16:10;54.99;43.29;10.88;759.30;0.13;0.00;0.00
16.12.2020;8:17:10;56.67;43.27;10.88;759.31;0.13;0.00;0.00
16.12.2020;8:18:10;58.59;43.25;10.88;759.32;0.14;0.00;0.00
16.12.2020;8:19:10;60.11;43.23;10.89;759.35;0.14;0.00;0.00
16.12.2020;8:20:10;61.22;43.25;10.89;759.37;0.14;0.00;0.00
16.12.2020;8:21:10;64.76;43.26;10.88;759.37;0.15;0.00;0.00
16.12.2020;8:22:10;68.36;43.25;10.89;759.37;0.16;0.00;0.00
16.12.2020;8:23:10;71.56;43.23;10.90;759.39;0.18;0.00;0.00
16.12.2020;8:24:10;73.19;43.25;10.90;759.38;0.19;0.00;0.00
16.12.2020;8:25:10;75.35;43.25;10.89;759.38;0.19;0.00;0.00
16.12.2020;8:26:10;78.68;43.24;10.89;759.37;0.20;0.00;0.00
16.12.2020;8:27:10;80.81;43.25;10.88;759.37;0.21;0.00;0.00
16.12.2020;8:28:10;80.56;43.24;10.89;759.37;0.21;0.00;0.00
16.12.2020;8:29:10;82.82;43.25;10.89;759.37;0.23;0.00;0.00
16.12.2020;8:30:10;87.39;43.25;10.89;759.38;0.24;0.00;0.00
16.12.2020;8:31:10;90.92;43.24;10.90;759.37;0.25;0.00;0.00
16.12.2020;8:32:10;92.81;43.24;10.89;759.36;0.25;0.00;0.00
16.12.2020;8:33:10;93.95;43.22;10.89;759.36;0.25;0.00;0.00
16.12.2020;8:34:10;95.00;43.23;10.90;759.36;0.25;0.00;0.00
16.12.2020;8:35:10;95.61;43.24;10.89;759.36;0.25;0.00;0.00
16.12.2020;8:36:10;100.57;43.25;10.90;759.38;0.28;0.00;0.00
16.12.2020;8:37:10;104.19;43.23;10.89;759.38;0.30;0.00;0.00
16.12.2020;8:38:11;104.41;43.26;10.89;759.38;0.29;0.00;0.00
16.12.2020;8:39:11;104.00;43.26;10.90;759.41;0.29;0.00;0.00
16.12.2020;8:40:11;106.61;43.27;10.90;759.43;0.30;0.00;0.00
16.12.2020;8:41:11;111.05;43.28;10.91;759.43;0.32;0.00;0.00
16.12.2020;8:42:11;116.90;43.28;10.92;759.45;0.34;0.00;0.00
16.12.2020;8:43:11;119.64;43.27;10.93;759.45;0.35;0.00;0.00
16.12.2020;8:44:11;120.00;43.27;10.94;759.46;0.33;0.00;0.00
16.12.2020;8:45:11;118.04;43.29;10.94;759.46;0.32;0.00;0.00
16.12.2020;8:46:11;114.87;43.30;10.94;759.47;0.31;0.00;0.00
16.12.2020;8:47:11;115.48;43.31;10.95;759.48;0.31;0.00;0.00
16.12.2020;8:48:11;122.79;43.31;10.96;759.47;0.34;0.00;0.00
16.12.2020;8:49:11;131.17;43.29;10.96;759.46;0.38;0.00;0.00
16.12.2020;8:50:11;136.27;43.30;10.98;759.47;0.40;0.00;0.00
16.12.2020;8:51:11;141.68;43.26;11.00;759.46;0.41;0.00;0.00
16.12.2020;8:52:11;146.44;43.25;11.02;759.45;0.43;0.02;0.01
16.12.2020;8:53:11;149.60;43.23;11.03;759.45;0.45;0.06;0.03
16.12.2020;8:54:11;152.06;43.21;11.03;759.45;0.45;0.07;0.03
16.12.2020;8:55:11;154.14;43.19;11.04;759.44;0.46;0.08;0.04
16.12.2020;8:56:11;153.94;43.20;11.05;759.45;0.46;0.09;0.04
16.12.2020;8:57:11;156.86;43.20;11.06;759.47;0.47;0.10;0.05
16.12.2020;8:58:11;166.08;43.20;11.07;759.47;0.51;0.16;0.08
16.12.2020;8:59:11;171.31;43.19;11.08;759.48;0.52;0.19;0.10
16.12.2020;9:00:11;170.92;43.19;11.09;759.49;0.52;0.19;0.10
16.12.2020;9:01:11;177.26;43.19;11.11;759.50;0.55;0.24;0.13
16.12.2020;9:02:11;182.70;43.12;11.13;759.51;0.56;0.27;0.15
16.12.2020;9:03:11;185.39;43.10;11.14;759.52;0.57;0.28;0.16
16.12.2020;9:04:11;187.37;43.10;11.15;759.52;0.57;0.28;0.16
16.12.2020;9:05:11;187.64;43.09;11.17;759.53;0.57;0.27;0.16
16.12.2020;9:06:11;187.54;43.07;11.18;759.53;0.56;0.28;0.16
16.12.2020;9:07:12;193.18;43.08;11.19;759.52;0.58;0.29;0.17
16.12.2020;9:08:12;203.96;43.02;11.21;759.52;0.62;0.36;0.22
16.12.2020;9:09:12;213.35;42.99;11.22;759.53;0.66;0.41;0.27
16.12.2020;9:10:12;218.92;42.96;11.25;759.55;0.68;0.43;0.29
16.12.2020;9:11:12;222.42;42.91;11.27;759.57;0.69;0.46;0.32
16.12.2020;9:12:12;223.76;42.84;11.29;759.58;0.69;0.48;0.33
16.12.2020;9:13:12;226.04;42.83;11.30;759.58;0.70;0.48;0.33
16.12.2020;9:14:12;227.46;42.79;11.32;759.58;0.70;0.49;0.35
16.12.2020;9:15:12;232.51;42.78;11.33;759.58;0.72;0.51;0.37
16.12.2020;9:16:12;240.49;42.75;11.35;759.57;0.75;0.57;0.43
16.12.2020;9:17:12;244.97;42.71;11.37;759.57;0.76;0.59;0.45
16.12.2020;9:18:12;250.26;42.63;11.38;759.56;0.78;0.60;0.47
16.12.2020;9:19:12;255.41;42.62;11.40;759.57;0.80;0.62;0.49
16.12.2020;9:20:12;260.07;42.58;11.41;759.56;0.80;0.63;0.51
16.12.2020;9:21:12;263.53;42.57;11.42;759.54;0.81;0.65;0.52
16.12.2020;9:22:12;270.62;42.55;11.45;759.55;0.83;0.69;0.58
16.12.2020;9:23:12;279.63;42.50;11.47;759.55;0.86;0.73;0.63
16.12.2020;9:24:12;289.59;42.46;11.48;759.54;0.89;0.81;0.72
16.12.2020;9:25:12;298.54;42.41;11.49;759.53;0.92;0.84;0.78
16.12.2020;9:26:12;309.17;42.38;11.51;759.52;0.96;0.91;0.87
16.12.2020;9:27:12;320.28;42.35;11.52;759.52;1.00;0.98;0.98
16.12.2020;9:28:12;332.03;42.36;11.53;759.50;1.05;1.05;1.10
16.12.2020;9:29:12;343.71;42.33;11.55;759.50;1.09;1.12;1.22
16.12.2020;9:30:12;355.29;42.28;11.57;759.48;1.12;1.19;1.34
16.12.2020;9:31:12;372.05;42.22;11.60;759.47;1.17;1.27;1.49
16.12.2020;9:32:12;397.92;42.20;11.62;759.45;1.26;1.41;1.78
16.12.2020;9:33:12;446.38;42.11;11.65;759.43;1.41;1.66;2.35
16.12.2020;9:34:12;482.36;42.07;11.68;759.44;1.52;1.85;2.81
16.12.2020;9:35:12;509.96;42.00;11.70;759.45;1.60;1.98;3.17
16.12.2020;9:36:13;539.18;41.94;11.73;759.45;1.69;2.11;3.56
16.12.2020;9:37:13;562.21;41.86;11.77;759.45;1.76;2.21;3.88
16.12.2020;9:38:13;610.96;41.82;11.80;759.43;1.90;2.37;4.51
16.12.2020;9:39:13;664.87;41.77;11.84;759.42;2.06;2.66;5.48
16.12.2020;9:40:13;695.89;41.68;11.88;759.43;2.13;2.80;5.96
16.12.2020;9:41:13;713.90;41.58;11.92;759.41;2.17;2.89;6.25
16.12.2020;9:42:13;721.37;41.53;11.95;759.42;2.19;2.90;6.35
16.12.2020;9:43:13;724.07;41.45;11.98;759.43;2.20;2.92;6.41
16.12.2020;9:44:13;720.08;41.41;12.01;759.43;2.20;2.91;6.41
16.12.2020;9:45:13;647.08;41.33;12.04;759.45;2.00;2.56;5.10
16.12.2020;9:46:13;549.93;41.31;12.04;759.44;1.68;2.09;3.51
16.12.2020;9:47:13;531.96;41.26;12.03;759.45;1.60;1.99;3.18
16.12.2020;9:48:13;539.65;41.29;12.02;759.46;1.62;2.00;3.24
16.12.2020;9:49:13;558.86;41.24;12.04;759.46;1.67;2.09;3.50
16.12.2020;9:50:13;559.03;41.21;12.05;759.45;1.67;2.10;3.52
16.12.2020;9:51:13;544.89;41.20;12.05;759.45;1.64;2.03;3.32
16.12.2020;9:52:13;528.43;41.22;12.05;759.46;1.59;1.97;3.14
16.12.2020;9:53:13;519.44;41.18;12.06;759.45;1.56;1.91;2.99
16.12.2020;9:54:13;521.57;41.18;12.05;759.45;1.57;1.91;2.99
16.12.2020;9:55:13;536.69;41.18;12.06;759.46;1.61;1.99;3.20
16.12.2020;9:56:13;545.57;41.16;12.07;759.47;1.64;2.04;3.33
16.12.2020;9:57:13;561.31;41.17;12.07;759.48;1.68;2.10;3.53
16.12.2020;9:58:13;568.60;41.17;12.07;759.49;1.70;2.13;3.61
16.12.2020;9:59:13;567.13;41.18;12.10;759.51;1.70;2.12;3.61
16.12.2020;10:00:13;573.47;41.13;12.13;759.53;1.71;2.16;3.70
16.12.2020;10:01:13;580.15;41.08;12.14;759.54;1.73;2.18;3.76
16.12.2020;10:02:13;598.08;41.07;12.15;759.53;1.77;2.21;3.91
16.12.2020;10:03:14;621.92;41.05;12.16;759.52;1.83;2.26;4.14
16.12.2020;10:04:14;638.63;41.01;12.18;759.52;1.88;2.31;4.34
16.12.2020;10:05:14;651.85;40.97;12.21;759.53;1.91;2.39;4.56
16.12.2020;10:06:14;660.17;40.95;12.22;759.52;1.93;2.41;4.66
16.12.2020;10:07:14;665.64;40.91;12.24;759.53;1.95;2.45;4.77
16.12.2020;10:08:14;667.12;40.87;12.24;759.52;1.95;2.47;4.81
16.12.2020;10:09:14;677.83;40.87;12.26;759.52;1.98;2.50;4.95
16.12.2020;10:10:14;682.49;40.84;12.27;759.51;1.98;2.51;4.98
16.12.2020;10:11:14;680.40;40.81;12.28;759.51;1.98;2.51;4.96
16.12.2020;10:12:14;675.03;40.81;12.30;759.48;1.96;2.48;4.87
16.12.2020;10:13:14;664.53;40.74;12.32;759.48;1.93;2.42;4.67
16.12.2020;10:14:14;658.32;40.73;12.32;759.49;1.92;2.39;4.59
16.12.2020;10:15:14;660.35;40.70;12.33;759.49;1.92;2.41;4.63
16.12.2020;10:16:14;667.25;40.65;12.33;759.49;1.94;2.43;4.71
16.12.2020;10:17:14;680.55;40.65;12.34;759.48;1.96;2.48;4.88
16.12.2020;10:18:14;679.04;40.64;12.35;759.46;1.96;2.48;4.86
16.12.2020;10:19:14;665.96;40.68;12.35;759.45;1.92;2.41;4.64
16.12.2020;10:20:14;657.14;40.63;12.38;759.43;1.90;2.36;4.48
16.12.2020;10:21:14;654.26;40.57;12.40;759.45;1.89;2.33;4.41
16.12.2020;10:22:14;644.18;40.57;12.40;759.45;1.87;2.30;4.29
16.12.2020;10:23:14;633.50;40.77;12.41;759.47;1.84;2.28;4.19
16.12.2020;10:24:14;619.96;40.82;12.47;759.48;1.80;2.23;4.02
16.12.2020;10:25:14;612.07;41.12;12.58;759.49;1.78;2.21;3.95
16.12.2020;10:26:14;612.90;41.16;12.76;759.48;1.78;2.22;3.94
16.12.2020;10:27:14;617.63;40.65;12.97;759.44;1.79;2.23;3.98
16.12.2020;10:28:14;607.76;40.17;13.17;759.43;1.76;2.21;3.88
16.12.2020;10:29:14;599.77;39.80;13.30;759.40;1.73;2.19;3.81
16.12.2020;10:30:14;591.04;39.58;13.47;759.38;1.71;2.15;3.68
16.12.2020;10:31:15;573.49;39.34;13.61;759.37;1.66;2.08;3.47
16.12.2020;10:32:15;551.75;38.97;13.73;759.37;1.60;1.99;3.19
16.12.2020;10:33:15;539.86;38.79;13.83;759.40;1.57;1.92;3.01
16.12.2020;10:34:15;534.05;38.64;13.91;759.40;1.55;1.89;2.92
16.12.2020;10:35:15;540.63;38.51;14.02;759.39;1.56;1.91;2.99
16.12.2020;10:36:15;554.11;38.37;14.10;759.40;1.60;1.98;3.17
16.12.2020;10:37:15;555.31;38.16;14.17;759.41;1.60;1.99;3.18
16.12.2020;10:38:15;547.92;38.17;14.23;759.41;1.58;1.94;3.06
16.12.2020;10:39:15;543.62;37.92;14.32;759.42;1.56;1.91;2.98
16.12.2020;10:40:15;550.65;37.80;14.40;759.42;1.58;1.95;3.08
16.12.2020;10:41:15;570.17;37.63;14.51;759.40;1.63;2.03;3.31
16.12.2020;10:42:15;585.58;37.38;14.58;759.39;1.67;2.09;3.50
16.12.2020;10:43:15;599.08;37.31;14.63;759.39;1.71;2.15;3.68
16.12.2020;10:44:15;616.84;37.22;14.69;759.39;1.76;2.22;3.89
16.12.2020;10:45:15;624.69;37.12;14.73;759.39;1.78;2.22;3.95
16.12.2020;10:46:15;635.75;37.09;14.77;759.41;1.80;2.26;4.08
16.12.2020;10:47:15;640.75;37.04;14.77;759.42;1.83;2.28;4.18
16.12.2020;10:48:15;671.14;36.97;14.76;759.43;1.91;2.39;4.57
16.12.2020;10:49:15;727.99;37.12;14.82;759.42;2.08;2.72;5.65
16.12.2020;10:50:15;670.65;36.89;14.93;759.39;1.95;2.47;4.82
16.12.2020;10:51:15;629.60;36.73;14.99;759.39;1.82;2.27;4.14
16.12.2020;10:52:15;616.46;36.57;15.04;759.39;1.78;2.24;3.99
16.12.2020;10:53:15;607.12;36.52;15.04;759.39;1.75;2.20;3.86
16.12.2020;10:54:15;610.56;36.47;15.02;759.39;1.75;2.21;3.87
16.12.2020;10:55:15;646.35;36.52;14.97;759.36;1.84;2.29;4.22
16.12.2020;10:56:15;711.75;36.68;14.95;759.35;2.01;2.58;5.20
16.12.2020;10:57:16;785.07;36.71;14.97;759.34;2.20;2.93;6.43
16.12.2020;10:58:16;889.28;36.70;15.04;759.34;2.46;3.35;8.24
16.12.2020;10:59:16;966.57;36.56;15.09;759.34;2.65;3.68;9.76
16.12.2020;11:00:16;1000.12;36.51;15.16;759.32;2.71;3.77;10.22
16.12.2020;11:01:16;918.87;36.41;15.22;759.31;2.51;3.45;8.68
16.12.2020;11:02:16;865.78;36.26;15.24;759.30;2.39;3.24;7.75
16.12.2020;11:03:16;810.88;36.32;15.26;759.30;2.27;3.05;6.92
16.12.2020;11:04:16;734.33;36.23;15.30;759.31;2.10;2.75;5.76
16.12.2020;11:05:16;699.99;36.19;15.32;759.33;1.99;2.54;5.06
16.12.2020;11:06:16;713.44;36.16;15.38;759.33;2.02;2.60;5.25
16.12.2020;11:07:16;716.17;36.05;15.42;759.32;2.01;2.59;5.21
16.12.2020;11:08:16;727.56;36.03;15.42;759.31;2.05;2.66;5.46
16.12.2020;11:09:16;723.22;36.04;15.44;759.32;2.05;2.66;5.46
16.12.2020;11:10:16;704.22;36.04;15.45;759.31;2.01;2.59;5.20
16.12.2020;11:11:16;719.86;35.99;15.48;759.29;2.05;2.66;5.46
16.12.2020;11:12:16;755.04;35.93;15.52;759.29;2.14;2.81;6.01
16.12.2020;11:13:16;742.23;35.88;15.57;759.27;2.09;2.74;5.75
16.12.2020;11:14:16;720.01;35.73;15.63;759.26;2.03;2.63;5.35
16.12.2020;11:15:16;695.21;35.60;15.62;759.24;1.97;2.51;4.94
16.12.2020;11:16:16;725.67;35.69;15.59;759.23;2.05;2.66;5.44
16.12.2020;11:17:16;714.29;35.68;15.57;759.23;2.01;2.58;5.20
16.12.2020;11:18:16;698.93;35.73;15.56;759.24;1.98;2.51;4.97
16.12.2020;11:19:16;694.35;35.71;15.51;759.25;1.97;2.50;4.91
16.12.2020;11:20:16;681.43;35.95;15.47;759.26;1.94;2.43;4.71
16.12.2020;11:21:16;669.25;35.99;15.43;759.27;1.91;2.38;4.56
16.12.2020;11:22:16;652.44;36.25;15.42;759.28;1.86;2.30;4.28
16.12.2020;11:23:17;647.08;36.23;15.47;759.28;1.84;2.29;4.21
16.12.2020;11:24:17;632.61;36.09;15.53;759.28;1.81;2.27;4.11
16.12.2020;11:25:17;633.63;35.99;15.56;759.29;1.83;2.28;4.16
16.12.2020;11:26:17;634.26;35.93;15.60;759.29;1.84;2.29;4.20
16.12.2020;11:27:17;630.44;35.76;15.61;759.29;1.84;2.28;4.19
16.12.2020;11:28:17;622.51;35.79;15.64;759.30;1.82;2.27;4.13
16.12.2020;11:29:17;570.38;35.70;15.64;759.31;1.67;2.09;3.48
16.12.2020;11:30:17;549.62;35.74;15.62;759.32;1.60;1.98;3.16
16.12.2020;11:31:17;530.26;35.82;15.63;759.31;1.55;1.90;2.94
16.12.2020;11:32:17;543.22;35.77;15.62;759.30;1.60;1.97;3.14
16.12.2020;11:33:17;587.93;35.81;15.62;759.28;1.72;2.17;3.72
16.12.2020;11:34:17;583.19;35.85;15.60;759.27;1.70;2.14;3.63
16.12.2020;11:35:17;564.25;35.80;15.59;759.28;1.64;2.05;3.36
16.12.2020;11:36:17;528.60;35.84;15.56;759.28;1.52;1.85;2.82
16.12.2020;11:37:17;487.56;35.97;15.51;759.30;1.41;1.67;2.36
16.12.2020;11:38:17;484.56;36.06;15.49;759.31;1.42;1.67;2.37
16.12.2020;11:39:17;523.46;36.12;15.48;759.31;1.52;1.85;2.81
16.12.2020;11:40:17;560.81;36.09;15.50;759.30;1.61;2.00;3.23
16.12.2020;11:41:17;552.69;36.17;15.50;759.31;1.60;1.98;3.16
16.12.2020;11:42:17;508.19;36.20;15.51;759.30;1.47;1.75;2.58
16.12.2020;11:43:17;485.60;36.13;15.49;759.28;1.40;1.64;2.30
16.12.2020;11:44:17;459.14;36.24;15.49;759.27;1.33;1.53;2.03
16.12.2020;11:45:17;457.17;36.22;15.49;759.26;1.32;1.52;2.02
16.12.2020;11:46:17;482.33;36.24;15.50;759.25;1.40;1.63;2.28
16.12.2020;11:47:17;511.02;36.24;15.49;759.24;1.49;1.80;2.68
16.12.2020;11:48:17;557.21;36.32;15.49;759.24;1.63;2.03;3.31
16.12.2020;11:49:18;565.49;36.32;15.51;759.21;1.65;2.08;3.44
16.12.2020;11:50:18;558.24;36.29;15.54;759.20;1.63;2.03;3.33
16.12.2020;11:51:18;574.34;36.17;15.57;759.19;1.68;2.11;3.54
16.12.2020;11:52:18;570.69;36.19;15.57;759.16;1.67;2.08;3.48
16.12.2020;11:53:18;558.15;36.16;15.59;759.16;1.63;2.02;3.30
16.12.2020;11:54:18;536.29;36.09;15.61;759.15;1.57;1.94;3.05
16.12.2020;11:55:18;543.88;36.13;15.60;759.15;1.59;1.97;3.14
16.12.2020;11:56:18;575.89;36.08;15.58;759.13;1.67;2.09;3.50
16.12.2020;11:57:18;566.82;35.96;15.53;759.13;1.64;2.04;3.34
16.12.2020;11:58:18;577.51;36.26;15.49;759.13;1.66;2.08;3.47
16.12.2020;11:59:18;529.29;36.26;15.45;759.13;1.54;1.88;2.88
16.12.2020;12:00:18;485.39;36.36;15.37;759.13;1.42;1.68;2.40
16.12.2020;12:01:18;480.52;36.60;15.31;759.12;1.43;1.69;2.41
16.12.2020;12:02:18;525.07;37.09;15.20;759.13;1.56;1.90;2.97
16.12.2020;12:03:18;489.96;37.33;15.20;759.13;1.43;1.69;2.42
16.12.2020;12:04:18;440.04;37.40;15.16;759.12;1.29;1.47;1.90
16.12.2020;12:05:18;413.97;37.84;15.09;759.11;1.21;1.32;1.60
16.12.2020;12:06:18;404.44;37.89;15.15;759.09;1.18;1.29;1.52
16.12.2020;12:07:18;383.86;37.93;15.18;759.07;1.13;1.20;1.35
16.12.2020;12:08:18;354.48;37.96;15.20;759.07;1.04;1.05;1.09
16.12.2020;12:09:18;354.94;37.83;15.16;759.06;1.04;1.05;1.09
16.12.2020;12:10:18;382.85;38.02;15.05;759.06;1.12;1.18;1.32
16.12.2020;12:11:18;397.34;38.21;15.03;759.04;1.16;1.24;1.44
16.12.2020;12:12:18;398.19;38.25;15.04;759.04;1.16;1.24;1.45
16.12.2020;12:13:18;409.94;38.27;15.00;759.03;1.20;1.31;1.57
16.12.2020;12:14:18;414.35;38.30;14.97;759.03;1.22;1.34;1.63
16.12.2020;12:15:18;431.84;38.48;14.98;759.03;1.27;1.43;1.82
16.12.2020;12:16:19;435.33;38.48;14.93;759.01;1.29;1.46;1.88
16.12.2020;12:17:19;456.19;38.59;14.87;759.02;1.36;1.59;2.16
16.12.2020;12:18:19;468.01;38.68;14.85;759.02;1.40;1.65;2.32
16.12.2020;12:19:19;475.72;38.76;14.83;759.04;1.43;1.69;2.43
16.12.2020;12:20:19;484.04;39.04;14.89;759.04;1.45;1.72;2.49
16.12.2020;12:21:19;482.00;38.89;14.94;759.05;1.43;1.69;2.42
16.12.2020;12:22:19;467.32;38.81;14.96;759.04;1.37;1.60;2.19
16.12.2020;12:23:19;436.96;38.84;15.03;759.04;1.28;1.45;1.86
16.12.2020;12:24:19;417.89;38.72;15.11;759.04;1.23;1.37;1.69
16.12.2020;12:25:19;417.37;38.39;15.14;759.04;1.23;1.37;1.68
16.12.2020;12:26:19;423.08;38.23;15.11;759.04;1.25;1.40;1.75
16.12.2020;12:27:19;435.72;38.34;15.09;759.03;1.29;1.46;1.89
16.12.2020;12:28:19;436.60;38.37;15.08;759.02;1.31;1.49;1.95
16.12.2020;12:29:19;456.78;38.45;15.03;759.02;1.37;1.58;2.17
16.12.2020;12:30:19;504.01;38.56;15.01;759.00;1.50;1.80;2.69
16.12.2020;12:31:19;527.61;38.69;15.02;758.99;1.56;1.92;2.99
16.12.2020;12:32:19;549.51;38.63;15.01;758.97;1.62;2.02;3.28
16.12.2020;12:33:19;557.44;38.78;15.04;758.97;1.63;2.03;3.31
16.12.2020;12:34:19;583.29;38.68;15.10;758.96;1.70;2.14;3.63
16.12.2020;12:35:19;607.87;38.64;15.15;758.96;1.77;2.22;3.93
16.12.2020;12:36:19;625.57;38.47;15.17;758.91;1.82;2.28;4.15
16.12.2020;12:37:19;644.55;38.42;15.18;758.90;1.88;2.34;4.40
16.12.2020;12:38:19;665.42;38.49;15.18;758.92;1.95;2.46;4.79
16.12.2020;12:39:19;691.29;38.43;15.21;758.93;2.02;2.60;5.26
16.12.2020;12:40:19;695.37;38.49;15.22;758.90;2.03;2.61;5.29
16.12.2020;12:41:19;673.72;38.40;15.23;758.90;1.97;2.50;4.93
16.12.2020;12:42:20;663.60;38.44;15.27;758.90;1.94;2.45;4.77
16.12.2020;12:43:20;658.29;38.42;15.30;758.88;1.93;2.41;4.65
16.12.2020;12:44:20;642.61;38.31;15.34;758.89;1.88;2.33;4.38
16.12.2020;12:45:20;632.57;38.25;15.38;758.90;1.85;2.29;4.25
16.12.2020;12:46:20;630.60;38.17;15.38;758.93;1.85;2.30;4.24
16.12.2020;12:47:20;623.53;38.16;15.40;758.93;1.83;2.29;4.19
16.12.2020;12:48:20;635.22;38.10;15.36;758.93;1.85;2.30;4.25
16.12.2020;12:49:20;592.32;38.20;15.37;758.94;1.73;2.17;3.75
16.12.2020;12:50:20;572.36;38.18;15.37;758.93;1.68;2.10;3.51
16.12.2020;12:51:20;551.21;38.09;15.38;758.92;1.61;2.00;3.23
16.12.2020;12:52:20;546.71;38.09;15.37;758.91;1.60;1.98;3.17
16.12.2020;12:53:20;547.97;38.07;15.38;758.90;1.60;1.99;3.20
16.12.2020;12:54:20;556.51;38.08;15.38;758.89;1.62;2.01;3.26
16.12.2020;12:55:20;566.47;38.12;15.33;758.88;1.65;2.07;3.41
16.12.2020;12:56:20;575.93;38.14;15.29;758.89;1.67;2.10;3.51
16.12.2020;12:57:20;583.33;38.28;15.21;758.90;1.69;2.11;3.56
16.12.2020;12:58:20;582.26;38.51;15.17;758.90;1.69;2.12;3.59
16.12.2020;12:59:20;602.47;38.64;15.21;758.89;1.75;2.21;3.87
16.12.2020;13:00:20;618.89;38.53;15.23;758.88;1.79;2.27;4.07
16.12.2020;13:01:20;645.54;38.53;15.32;758.87;1.86;2.31;4.30
16.12.2020;13:02:20;635.86;38.23;15.39;758.85;1.84;2.28;4.19
16.12.2020;13:03:20;600.50;38.09;15.38;758.85;1.75;2.20;3.85
16.12.2020;13:04:20;564.89;38.18;15.36;758.85;1.64;2.05;3.37
16.12.2020;13:05:20;552.21;38.19;15.40;758.85;1.60;1.99;3.18
16.12.2020;13:06:20;559.96;38.10;15.40;758.84;1.62;2.01;3.26
16.12.2020;13:07:20;547.38;38.00;15.40;758.84;1.59;1.96;3.11
16.12.2020;13:08:21;517.83;38.14;15.34;758.85;1.50;1.82;2.74
16.12.2020;13:09:21;516.94;38.28;15.27;758.85;1.49;1.79;2.68
16.12.2020;13:10:21;504.92;38.36;15.21;758.87;1.46;1.74;2.53
16.12.2020;13:11:21;517.81;38.51;15.11;758.87;1.50;1.81;2.71
16.12.2020;13:12:21;533.47;38.69;15.01;758.86;1.54;1.89;2.91
16.12.2020;13:13:21;540.55;38.98;14.95;758.86;1.56;1.92;3.00
16.12.2020;13:14:21;539.39;39.13;14.93;758.85;1.56;1.92;3.00
16.12.2020;13:15:21;537.65;39.30;15.00;758.83;1.56;1.90;2.96
16.12.2020;13:16:21;531.57;39.03;15.07;758.82;1.54;1.88;2.90
16.12.2020;13:17:21;510.86;38.91;15.09;758.81;1.48;1.78;2.64
16.12.2020;13:18:21;474.66;38.89;15.18;758.80;1.38;1.62;2.25
16.12.2020;13:19:21;455.85;38.65;15.13;758.80;1.34;1.56;2.09
16.12.2020;13:20:21;439.82;38.81;15.11;758.80;1.30;1.47;1.90
16.12.2020;13:21:21;429.25;38.80;15.04;758.81;1.27;1.42;1.80
16.12.2020;13:22:21;401.18;39.04;15.01;758.81;1.19;1.28;1.52
16.12.2020;13:23:21;375.38;39.07;15.05;758.81;1.11;1.16;1.29
16.12.2020;13:24:21;360.88;39.04;15.11;758.82;1.06;1.08;1.15
16.12.2020;13:25:21;350.97;38.90;15.16;758.80;1.03;1.02;1.05
16.12.2020;13:26:21;330.72;38.81;15.21;758.77;0.97;0.91;0.88
16.12.2020;13:27:21;319.97;38.58;15.25;758.76;0.93;0.87;0.81
16.12.2020;13:28:21;311.38;38.53;15.29;758.76;0.91;0.82;0.75
16.12.2020;13:29:21;294.37;38.42;15.32;758.77;0.86;0.74;0.64
16.12.2020;13:30:21;283.91;38.33;15.27;758.77;0.83;0.70;0.58
16.12.2020;13:31:21;305.29;38.44;15.22;758.76;0.91;0.83;0.75
16.12.2020;13:32:21;319.89;38.44;15.20;758.75;0.95;0.90;0.85
16.12.2020;13:33:21;315.52;38.63;15.20;758.74;0.93;0.86;0.81
16.12.2020;13:34:22;297.76;38.60;15.15;758.75;0.88;0.78;0.69
16.12.2020;13:35:22;301.06;38.78;15.11;758.75;0.89;0.79;0.71
16.12.2020;13:36:22;298.17;38.81;15.11;758.74;0.88;0.79;0.70
16.12.2020;13:37:22;292.63;38.90;15.10;758.73;0.87;0.77;0.67
16.12.2020;13:38:22;300.46;38.87;15.08;758.73;0.89;0.80;0.71
16.12.2020;13:39:22;292.83;38.99;15.10;758.72;0.87;0.76;0.66
16.12.2020;13:40:22;292.23;38.89;15.13;758.70;0.87;0.76;0.65
16.12.2020;13:41:22;292.47;38.86;15.12;758.71;0.87;0.77;0.67
16.12.2020;13:42:22;290.11;38.95;15.06;758.71;0.86;0.75;0.64
16.12.2020;13:43:22;293.39;38.96;15.04;758.72;0.86;0.75;0.64
16.12.2020;13:44:22;292.94;38.96;15.01;758.71;0.86;0.75;0.64
16.12.2020;13:45:22;275.78;38.94;14.94;758.72;0.81;0.66;0.53
16.12.2020;13:46:22;290.86;39.15;14.90;758.73;0.85;0.73;0.62
16.12.2020;13:47:22;274.17;39.25;14.90;758.73;0.80;0.64;0.51
16.12.2020;13:48:22;263.72;39.10;14.90;758.72;0.78;0.60;0.47
16.12.2020;13:49:22;261.45;39.02;14.88;758.71;0.77;0.59;0.46
16.12.2020;13:50:22;273.71;39.06;14.89;758.72;0.81;0.66;0.54
16.12.2020;13:51:22;283.89;39.12;14.86;758.73;0.85;0.72;0.61
16.12.2020;13:52:22;278.53;39.12;14.86;758.74;0.83;0.69;0.58
16.12.2020;13:53:22;268.78;39.16;14.81;758.75;0.80;0.66;0.53
16.12.2020;13:54:22;264.86;39.20;14.77;758.74;0.79;0.62;0.49
16.12.2020;13:55:22;270.87;39.22;14.72;758.74;0.81;0.67;0.55
16.12.2020;13:56:22;276.18;39.31;14.69;758.72;0.83;0.70;0.58
16.12.2020;13:57:22;272.13;39.42;14.64;758.72;0.82;0.69;0.56
16.12.2020;13:58:22;270.31;39.49;14.62;758.71;0.82;0.67;0.54
16.12.2020;13:59:22;284.93;39.51;14.59;758.71;0.86;0.75;0.65
16.12.2020;14:00:22;293.04;39.48;14.56;758.72;0.89;0.78;0.69
16.12.2020;14:01:23;287.56;39.51;14.54;758.73;0.87;0.77;0.67
16.12.2020;14:02:23;291.54;39.70;14.49;758.72;0.88;0.79;0.70
16.12.2020;14:03:23;288.54;39.76;14.44;758.72;0.87;0.77;0.67
16.12.2020;14:04:23;284.58;39.77;14.44;758.73;0.87;0.75;0.65
16.12.2020;14:05:23;282.22;39.91;14.41;758.72;0.86;0.75;0.64
16.12.2020;14:06:23;279.56;39.98;14.39;758.72;0.85;0.72;0.61
16.12.2020;14:07:23;272.29;40.02;14.35;758.72;0.83;0.69;0.57
16.12.2020;14:08:23;264.36;40.13;14.32;758.73;0.80;0.65;0.52
16.12.2020;14:09:23;268.47;40.22;14.30;758.73;0.82;0.68;0.56
16.12.2020;14:10:23;270.56;40.08;14.31;758.74;0.83;0.69;0.57
16.12.2020;14:11:23;273.42;40.08;14.29;758.75;0.84;0.70;0.59
16.12.2020;14:12:23;277.44;40.06;14.26;758.73;0.85;0.73;0.62
16.12.2020;14:13:23;272.56;40.19;14.24;758.73;0.83;0.70;0.58
16.12.2020;14:14:23;273.13;40.30;14.21;758.72;0.84;0.71;0.60
16.12.2020;14:15:23;272.79;40.25;14.21;758.73;0.84;0.71;0.60
16.12.2020;14:16:23;286.82;40.21;14.18;758.72;0.89;0.79;0.70
16.12.2020;14:17:23;292.75;40.32;14.14;758.72;0.91;0.82;0.75
16.12.2020;14:18:23;294.39;40.52;14.10;758.72;0.92;0.84;0.77
16.12.2020;14:19:23;293.97;40.57;14.04;758.72;0.92;0.83;0.77
16.12.2020;14:20:23;296.71;40.59;14.03;758.71;0.93;0.85;0.80
16.12.2020;14:21:23;298.49;40.67;14.03;758.72;0.93;0.86;0.81
16.12.2020;14:22:23;302.42;40.67;14.02;758.72;0.94;0.88;0.83
16.12.2020;14:23:23;295.90;40.72;14.03;758.71;0.92;0.84;0.78
16.12.2020;14:24:23;308.83;40.66;14.03;758.69;0.97;0.92;0.89
16.12.2020;14:25:23;313.62;40.65;14.02;758.67;0.99;0.96;0.95
16.12.2020;14:26:23;324.78;40.73;14.00;758.66;1.03;1.02;1.05
16.12.2020;14:27:23;320.56;40.70;14.00;758.65;1.02;1.00;1.02
16.12.2020;14:28:23;309.29;40.72;14.01;758.66;0.98;0.95;0.93
16.12.2020;14:29:24;296.53;40.73;14.01;758.66;0.94;0.88;0.83
16.12.2020;14:30:24;297.34;40.66;14.00;758.66;0.95;0.89;0.84
16.12.2020;14:31:24;317.37;40.62;14.01;758.66;1.01;0.99;1.00
16.12.2020;14:32:24;324.53;40.68;13.97;758.65;1.03;1.02;1.06
16.12.2020;14:33:24;320.06;40.83;13.95;758.66;1.01;0.99;1.01
16.12.2020;14:34:24;298.36;40.73;13.96;758.65;0.94;0.87;0.81
16.12.2020;14:35:24;284.90;40.85;13.95;758.66;0.89;0.80;0.71
16.12.2020;14:36:24;279.18;40.80;13.98;758.67;0.87;0.77;0.68
16.12.2020;14:37:24;267.82;40.68;13.96;758.68;0.84;0.71;0.60
16.12.2020;14:38:24;256.04;40.66;13.91;758.69;0.81;0.65;0.53
16.12.2020;14:39:24;244.50;40.84;13.88;758.70;0.77;0.59;0.45
16.12.2020;14:40:24;234.76;40.85;13.88;758.70;0.74;0.53;0.39
16.12.2020;14:41:24;239.14;40.93;13.86;758.70;0.75;0.57;0.43
16.12.2020;14:42:24;260.42;40.94;13.85;758.71;0.83;0.70;0.58
16.12.2020;14:43:24;271.54;40.98;13.88;758.71;0.87;0.76;0.66
16.12.2020;14:44:24;287.89;40.84;13.90;758.71;0.91;0.82;0.75
16.12.2020;14:45:24;298.64;40.82;13.88;758.71;0.94;0.88;0.83
16.12.2020;14:46:24;264.62;40.83;13.84;758.73;0.84;0.71;0.60
16.12.2020;14:47:24;241.41;40.91;13.85;758.74;0.76;0.58;0.44
16.12.2020;14:48:24;221.15;40.87;13.83;758.74;0.69;0.46;0.32
16.12.2020;14:49:24;203.16;40.97;13.82;758.75;0.63;0.36;0.23
16.12.2020;14:50:24;195.69;40.95;13.79;758.76;0.60;0.31;0.19
16.12.2020;14:51:24;186.97;40.96;13.76;758.79;0.56;0.28;0.16
16.12.2020;14:52:24;177.75;41.04;13.74;758.80;0.53;0.20;0.11
16.12.2020;14:53:24;174.69;41.19;13.72;758.82;0.53;0.20;0.10
16.12.2020;14:54:24;174.14;41.17;13.73;758.82;0.53;0.19;0.10
16.12.2020;14:55:24;170.00;41.15;13.69;758.80;0.51;0.19;0.10
16.12.2020;14:56:25;165.78;41.14;13.68;758.78;0.50;0.16;0.08
16.12.2020;14:57:25;166.13;41.19;13.63;758.78;0.50;0.16;0.08
16.12.2020;14:58:25;159.89;41.33;13.61;758.79;0.48;0.12;0.06
16.12.2020;14:59:25;154.68;41.33;13.59;758.80;0.46;0.09;0.04
16.12.2020;15:00:25;144.61;41.33;13.57;758.81;0.43;0.02;0.01
16.12.2020;15:01:25;143.22;41.42;13.54;758.80;0.43;0.02;0.01
16.12.2020;15:02:25;139.41;41.47;13.51;758.82;0.42;0.00;0.00
16.12.2020;15:03:25;131.43;41.52;13.51;758.83;0.39;0.00;0.00
16.12.2020;15:04:25;129.15;41.50;13.49;758.84;0.38;0.00;0.00
16.12.2020;15:05:25;124.66;41.53;13.47;758.83;0.37;0.00;0.00
16.12.2020;15:06:25;119.92;41.56;13.48;758.84;0.35;0.00;0.00
16.12.2020;15:07:25;112.71;41.61;13.45;758.84;0.33;0.00;0.00
16.12.2020;15:08:25;110.54;41.67;13.45;758.84;0.32;0.00;0.00
16.12.2020;15:09:25;111.29;41.64;13.47;758.83;0.33;0.00;0.00
16.12.2020;15:10:25;107.56;41.57;13.46;758.84;0.31;0.00;0.00
16.12.2020;15:11:25;104.90;41.60;13.43;758.84;0.30;0.00;0.00
16.12.2020;15:12:25;98.62;41.69;13.40;758.84;0.28;0.00;0.00
16.12.2020;15:13:25;93.91;41.73;13.39;758.84;0.26;0.00;0.00
16.12.2020;15:14:25;87.97;41.76;13.37;758.84;0.24;0.00;0.00
16.12.2020;15:15:25;82.72;41.72;13.37;758.83;0.22;0.00;0.00
16.12.2020;15:16:25;78.62;41.78;13.36;758.83;0.21;0.00;0.00
16.12.2020;15:17:25;74.88;41.76;13.34;758.85;0.19;0.00;0.00
16.12.2020;15:18:25;71.07;41.85;13.32;758.85;0.18;0.00;0.00
16.12.2020;15:19:25;68.70;41.90;13.32;758.86;0.17;0.00;0.00
16.12.2020;15:20:25;66.92;41.89;13.32;758.86;0.16;0.00;0.00
16.12.2020;15:21:25;64.10;41.90;13.30;758.87;0.15;0.00;0.00
16.12.2020;15:22:25;60.76;41.87;13.32;758.87;0.14;0.00;0.00
16.12.2020;15:23:25;60.13;41.92;13.30;758.89;0.14;0.00;0.00
16.12.2020;15:24:26;63.67;41.90;13.27;758.90;0.15;0.00;0.00
16.12.2020;15:25:26;67.51;42.03;13.25;758.91;0.17;0.00;0.00
16.12.2020;15:26:26;73.15;42.05;13.26;758.92;0.20;0.00;0.00
16.12.2020;15:27:26;75.86;42.05;13.27;758.93;0.22;0.00;0.00
16.12.2020;15:28:26;69.19;41.94;13.26;758.92;0.20;0.00;0.00
16.12.2020;15:29:26;63.07;41.95;13.24;758.92;0.18;0.00;0.00
16.12.2020;15:30:26;59.63;42.01;13.24;758.91;0.16;0.00;0.00
16.12.2020;15:31:26;56.36;42.01;13.21;758.92;0.14;0.00;0.00
16.12.2020;15:32:26;51.56;42.09;13.21;758.91;0.12;0.00;0.00
16.12.2020;15:33:26;47.33;42.11;13.20;758.91;0.10;0.00;0.00
16.12.2020;15:34:26;44.74;42.08;13.19;758.90;0.09;0.00;0.00
16.12.2020;15:35:26;41.03;42.15;13.17;758.88;0.07;0.00;0.00
16.12.2020;15:36:26;40.28;42.18;13.15;758.87;0.07;0.00;0.00
16.12.2020;15:37:26;43.06;42.19;13.10;758.87;0.08;0.00;0.00
16.12.2020;15:38:26;41.21;42.36;13.03;758.86;0.07;0.00;0.00
16.12.2020;15:39:26;35.92;42.53;12.97;758.86;0.05;0.00;0.00
16.12.2020;15:40:26;34.75;42.64;12.91;758.87;0.05;0.00;0.00
16.12.2020;15:41:26;33.23;42.77;12.87;758.87;0.05;0.00;0.00
16.12.2020;15:42:26;32.35;42.88;12.83;758.86;0.04;0.00;0.00
16.12.2020;15:43:26;31.67;42.99;12.79;758.87;0.04;0.00;0.00
16.12.2020;15:44:26;30.78;43.02;12.76;758.87;0.04;0.00;0.00
16.12.2020;15:45:26;30.22;43.10;12.73;758.86;0.04;0.00;0.00
16.12.2020;15:46:26;30.38;43.16;12.71;758.87;0.04;0.00;0.00
16.12.2020;15:47:26;30.45;43.22;12.69;758.86;0.04;0.00;0.00
16.12.2020;15:48:26;28.36;43.27;12.66;758.84;0.03;0.00;0.00
16.12.2020;15:49:26;26.32;43.31;12.64;758.84;0.03;0.00;0.00
16.12.2020;15:50:26;24.45;43.35;12.63;758.83;0.02;0.00;0.00
16.12.2020;15:51:26;23.74;43.38;12.63;758.84;0.02;0.00;0.00
16.12.2020;15:52:26;22.00;43.41;12.62;758.83;0.01;0.00;0.00
16.12.2020;15:53:27;21.54;43.43;12.61;758.84;0.01;0.00;0.00
16.12.2020;15:54:27;20.58;43.46;12.59;758.85;0.00;0.00;0.00
16.12.2020;15:55:27;19.38;43.48;12.58;758.86;0.00;0.00;0.00
16.12.2020;15:56:27;19.53;43.53;12.57;758.85;0.00;0.00;0.00
16.12.2020;15:57:27;16.64;43.54;12.55;758.85;0.00;0.00;0.00
16.12.2020;15:58:27;15.83;43.58;12.54;758.84;0.00;0.00;0.00
16.12.2020;15:59:27;15.33;43.62;12.53;758.83;0.00;0.00;0.00
16.12.2020;16:00:27;13.69;43.65;12.52;758.82;0.00;0.00;0.00
16.12.2020;16:01:27;13.33;43.70;12.52;758.82;0.00;0.00;0.00
16.12.2020;16:02:27;12.22;43.65;12.51;758.82;0.00;0.00;0.00
16.12.2020;16:03:27;10.78;43.67;12.50;758.84;0.00;0.00;0.00
16.12.2020;16:04:27;9.92;43.71;12.50;758.85;0.00;0.00;0.00
16.12.2020;16:05:27;9.19;43.66;12.50;758.84;0.00;0.00;0.00
16.12.2020;16:06:27;8.50;43.70;12.49;758.85;0.00;0.00;0.00
16.12.2020;16:07:27;8.19;43.69;12.48;758.85;0.00;0.00;0.00
16.12.2020;16:08:27;7.53;43.71;12.48;758.87;0.00;0.00;0.00
16.12.2020;16:09:27;7.46;43.74;12.48;758.86;0.00;0.00;0.00
16.12.2020;16:10:27;6.68;43.74;12.48;758.87;0.00;0.00;0.00
16.12.2020;16:11:27;6.31;43.74;12.48;758.87;0.00;0.00;0.00
16.12.2020;16:12:27;5.83;43.72;12.48;758.88;0.00;0.00;0.00
16.12.2020;16:13:27;5.51;43.70;12.49;758.89;0.00;0.00;0.00
16.12.2020;16:14:27;5.00;43.74;12.48;758.89;0.00;0.00;0.00
16.12.2020;16:15:27;5.00;43.72;12.48;758.86;0.00;0.00;0.00
16.12.2020;16:16:27;5.01;43.74;12.48;758.87;0.00;0.00;0.00
16.12.2020;16:17:27;4.44;43.73;12.48;758.86;0.00;0.00;0.00
16.12.2020;16:18:27;4.17;43.70;12.48;758.85;0.00;0.00;0.00
16.12.2020;16:19:27;4.19;43.71;12.48;758.85;0.00;0.00;0.00
16.12.2020;16:20:27;4.17;43.71;12.48;758.84;0.00;0.00;0.00
16.12.2020;16:21:27;4.17;43.65;12.48;758.84;0.00;0.00;0.00
16.12.2020;16:22:27;4.14;43.68;12.48;758.83;0.00;0.00;0.00
16.12.2020;16:23:28;3.50;43.68;12.49;758.84;0.00;0.00;0.00
16.12.2020;16:24:28;3.33;43.67;12.49;758.82;0.00;0.00;0.00
16.12.2020;16:25:28;3.33;43.68;12.48;758.82;0.00;0.00;0.00
16.12.2020;16:26:28;3.33;43.69;12.49;758.81;0.00;0.00;0.00
16.12.2020;16:27:28;3.33;43.67;12.49;758.80;0.00;0.00;0.00
16.12.2020;16:28:28;3.33;43.65;12.50;758.80;0.00;0.00;0.00
16.12.2020;16:29:28;3.33;43.66;12.50;758.81;0.00;0.00;0.00
16.12.2020;16:30:28;3.35;43.58;12.51;758.83;0.00;0.00;0.00
16.12.2020;16:31:28;3.33;43.63;12.50;758.83;0.00;0.00;0.00
16.12.2020;16:32:28;3.33;43.64;12.51;758.82;0.00;0.00;0.00
16.12.2020;16:33:28;3.36;43.60;12.50;758.82;0.00;0.00;0.00
16.12.2020;16:34:28;3.33;43.61;12.50;758.81;0.00;0.00;0.00
16.12.2020;16:35:28;3.33;43.59;12.49;758.81;0.00;0.00;0.00
16.12.2020;16:36:28;3.35;43.60;12.50;758.80;0.00;0.00;0.00
16.12.2020;16:37:28;3.33;43.59;12.50;758.80;0.00;0.00;0.00
16.12.2020;16:38:28;3.33;43.60;12.49;758.79;0.00;0.00;0.00
16.12.2020;16:39:28;3.33;43.59;12.49;758.78;0.00;0.00;0.00
16.12.2020;16:40:28;3.33;43.62;12.48;758.77;0.00;0.00;0.00
16.12.2020;16:41:28;3.33;43.62;12.49;758.77;0.00;0.00;0.00
16.12.2020;16:42:28;3.33;43.61;12.48;758.77;0.00;0.00;0.00
16.12.2020;16:43:28;3.33;43.60;12.48;758.75;0.00;0.00;0.00
16.12.2020;16:44:28;3.35;43.64;12.47;758.75;0.00;0.00;0.00
16.12.2020;16:45:28;3.33;43.65;12.46;758.74;0.00;0.00;0.00
16.12.2020;16:46:28;3.33;43.67;12.46;758.74;0.00;0.00;0.00
16.12.2020;16:47:28;3.36;43.68;12.45;758.73;0.00;0.00;0.00
16.12.2020;16:48:28;3.33;43.68;12.45;758.73;0.00;0.00;0.00
16.12.2020;16:49:28;3.33;43.66;12.45;758.75;0.00;0.00;0.00
16.12.2020;16:50:28;3.35;43.67;12.45;758.74;0.00;0.00;0.00
16.12.2020;16:51:28;3.33;43.68;12.44;758.74;0.00;0.00;0.00
16.12.2020;16:52:28;3.33;43.64;12.44;758.72;0.00;0.00;0.00
16.12.2020;16:53:28;3.33;43.66;12.44;758.74;0.00;0.00;0.00
16.12.2020;16:54:28;3.33;43.67;12.44;758.74;0.00;0.00;0.00
16.12.2020;16:55:29;3.33;43.74;12.44;758.75;0.00;0.00;0.00
16.12.2020;16:56:29;3.33;43.71;12.46;758.75;0.00;0.00;0.00
16.12.2020;16:57:29;3.33;43.69;12.46;758.73;0.00;0.00;0.00
16.12.2020;16:58:29;3.35;43.65;12.46;758.72;0.00;0.00;0.00
16.12.2020;16:59:29;3.33;43.66;12.46;758.73;0.00;0.00;0.00
16.12.2020;17:00:29;3.33;43.63;12.46;758.73;0.00;0.00;0.00
16.12.2020;17:01:29;3.36;43.63;12.46;758.72;0.00;0.00;0.00
16.12.2020;17:02:29;3.33;43.63;12.45;758.72;0.00;0.00;0.00
16.12.2020;17:03:29;3.33;43.63;12.45;758.72;0.00;0.00;0.00
16.12.2020;17:04:29;3.35;43.66;12.45;758.74;0.00;0.00;0.00
16.12.2020;17:05:29;3.33;43.62;12.46;758.73;0.00;0.00;0.00
16.12.2020;17:06:29;3.33;43.65;12.45;758.73;0.00;0.00;0.00
16.12.2020;17:07:29;3.33;43.63;12.45;758.72;0.00;0.00;0.00
16.12.2020;17:08:29;3.33;43.63;12.46;758.75;0.00;0.00;0.00
16.12.2020;17:09:29;3.33;43.60;12.46;758.75;0.00;0.00;0.00
16.12.2020;17:10:29;3.33;43.62;12.46;758.75;0.00;0.00;0.00
16.12.2020;17:11:29;3.33;43.65;12.45;758.75;0.00;0.00;0.00
16.12.2020;17:12:29;3.35;43.65;12.46;758.73;0.00;0.00;0.00
16.12.2020;17:13:29;3.33;43.59;12.47;758.72;0.00;0.00;0.00
16.12.2020;17:14:29;3.33;43.61;12.47;758.73;0.00;0.00;0.00
16.12.2020;17:15:29;3.36;43.57;12.47;758.73;0.00;0.00;0.00
16.12.2020;17:16:29;3.33;43.58;12.47;758.75;0.00;0.00;0.00
16.12.2020;17:17:29;3.33;43.58;12.46;758.75;0.00;0.00;0.00
16.12.2020;17:18:29;3.35;43.60;12.46;758.75;0.00;0.00;0.00
16.12.2020;17:19:29;3.33;43.58;12.47;758.74;0.00;0.00;0.00
16.12.2020;17:20:29;3.33;43.60;12.46;758.74;0.00;0.00;0.00
16.12.2020;17:21:29;3.33;43.56;12.47;758.73;0.00;0.00;0.00
16.12.2020;17:22:29;3.33;43.55;12.46;758.72;0.00;0.00;0.00
16.12.2020;17:23:29;3.33;43.56;12.47;758.71;0.00;0.00;0.00
16.12.2020;17:24:29;3.33;43.56;12.46;758.71;0.00;0.00;0.00
16.12.2020;17:25:29;3.33;43.56;12.47;758.72;0.00;0.00;0.00
16.12.2020;17:26:29;3.35;43.53;12.47;758.71;0.00;0.00;0.00
16.12.2020;17:27:30;3.33;43.56;12.46;758.70;0.00;0.00;0.00
16.12.2020;17:28:30;3.33;43.59;12.46;758.68;0.00;0.00;0.00
16.12.2020;17:29:30;3.36;43.59;12.46;758.67;0.00;0.00;0.00
16.12.2020;17:30:30;3.33;43.62;12.46;758.66;0.00;0.00;0.00
16.12.2020;17:31:30;3.33;43.60;12.45;758.66;0.00;0.00;0.00
16.12.2020;17:32:30;3.35;43.59;12.46;758.67;0.00;0.00;0.00
16.12.2020;17:33:30;3.33;43.56;12.46;758.68;0.00;0.00;0.00
16.12.2020;17:34:30;3.33;43.57;12.47;758.68;0.00;0.00;0.00
16.12.2020;17:35:30;3.33;43.59;12.47;758.69;0.00;0.00;0.00
16.12.2020;17:36:30;3.33;43.56;12.47;758.69;0.00;0.00;0.00
16.12.2020;17:37:30;3.33;43.57;12.46;758.69;0.00;0.00;0.00
16.12.2020;17:38:30;3.33;43.60;12.46;758.68;0.00;0.00;0.00
16.12.2020;17:39:30;3.33;43.58;12.46;758.68;0.00;0.00;0.00
16.12.2020;17:40:30;3.35;43.59;12.46;758.65;0.00;0.00;0.00
16.12.2020;17:41:30;3.33;43.57;12.47;758.65;0.00;0.00;0.00
16.12.2020;17:42:30;3.33;43.56;12.47;758.63;0.00;0.00;0.00
16.12.2020;17:43:30;3.36;43.56;12.46;758.61;0.00;0.00;0.00
16.12.2020;17:44:30;3.33;43.57;12.46;758.62;0.00;0.00;0.00
16.12.2020;17:45:30;3.33;43.57;12.46;758.62;0.00;0.00;0.00
16.12.2020;17:46:30;3.35;43.55;12.46;758.62;0.00;0.00;0.00
16.12.2020;17:47:30;3.33;43.54;12.46;758.62;0.00;0.00;0.00
16.12.2020;17:48:30;3.33;43.53;12.45;758.63;0.00;0.00;0.00
16.12.2020;17:49:30;3.33;43.53;12.45;758.64;0.00;0.00;0.00
16.12.2020;17:50:30;3.33;43.53;12.45;758.64;0.00;0.00;0.00
16.12.2020;17:51:30;3.33;43.55;12.44;758.64;0.00;0.00;0.00
16.12.2020;17:52:30;3.33;43.56;12.44;758.63;0.00;0.00;0.00
16.12.2020;17:53:30;3.33;43.52;12.43;758.64;0.00;0.00;0.00
16.12.2020;17:54:30;3.35;43.51;12.43;758.64;0.00;0.00;0.00
16.12.2020;17:55:30;3.33;43.54;12.43;758.64;0.00;0.00;0.00
16.12.2020;17:56:30;3.33;43.51;12.43;758.64;0.00;0.00;0.00
16.12.2020;17:57:30;3.36;43.53;12.42;758.63;0.00;0.00;0.00
16.12.2020;17:58:31;3.33;43.51;12.41;758.62;0.00;0.00;0.00
16.12.2020;17:59:31;3.33;43.50;12.39;758.60;0.00;0.00;0.00
16.12.2020;18:00:31;3.35;43.55;12.37;758.61;0.00;0.00;0.00
16.12.2020;18:01:31;3.33;43.55;12.36;758.62;0.00;0.00;0.00
16.12.2020;18:02:31;3.33;43.58;12.35;758.62;0.00;0.00;0.00
16.12.2020;18:03:31;3.33;43.60;12.34;758.61;0.00;0.00;0.00
16.12.2020;18:04:31;3.33;43.64;12.32;758.60;0.00;0.00;0.00
16.12.2020;18:05:31;3.33;43.64;12.32;758.60;0.00;0.00;0.00
16.12.2020;18:06:31;3.33;43.66;12.32;758.60;0.00;0.00;0.00
16.12.2020;18:07:31;3.33;43.64;12.31;758.61;0.00;0.00;0.00
16.12.2020;18:08:31;3.35;43.69;12.30;758.63;0.00;0.00;0.00
16.12.2020;18:09:31;3.33;43.69;12.28;758.63;0.00;0.00;0.00
16.12.2020;18:10:31;3.33;43.74;12.27;758.64;0.00;0.00;0.00
16.12.2020;18:11:31;3.36;43.78;12.27;758.66;0.00;0.00;0.00
16.12.2020;18:12:31;3.33;43.79;12.27;758.68;0.00;0.00;0.00
16.12.2020;18:13:31;3.33;43.77;12.27;758.69;0.00;0.00;0.00
16.12.2020;18:14:31;3.35;43.74;12.26;758.68;0.00;0.00;0.00
16.12.2020;18:15:31;3.33;43.74;12.25;758.70;0.00;0.00;0.00
16.12.2020;18:16:31;3.33;43.79;12.24;758.72;0.00;0.00;0.00
16.12.2020;18:17:31;3.33;43.79;12.25;758.76;0.00;0.00;0.00
16.12.2020;18:18:31;3.33;43.82;12.24;758.79;0.00;0.00;0.00
16.12.2020;18:19:31;3.33;43.84;12.22;758.80;0.00;0.00;0.00
16.12.2020;18:20:31;3.33;43.82;12.22;758.81;0.00;0.00;0.00
16.12.2020;18:21:31;3.33;43.89;12.20;758.80;0.00;0.00;0.00
16.12.2020;18:22:31;3.35;43.89;12.20;758.80;0.00;0.00;0.00
16.12.2020;18:23:31;3.33;43.88;12.21;758.81;0.00;0.00;0.00
16.12.2020;18:24:31;3.33;43.82;12.21;758.80;0.00;0.00;0.00
16.12.2020;18:25:31;3.36;43.86;12.20;758.79;0.00;0.00;0.00
16.12.2020;18:26:31;3.33;43.89;12.21;758.81;0.00;0.00;0.00
16.12.2020;18:27:31;3.33;43.86;12.22;758.81;0.00;0.00;0.00
16.12.2020;18:28:31;3.35;43.83;12.21;758.82;0.00;0.00;0.00
16.12.2020;18:29:32;3.33;43.80;12.20;758.81;0.00;0.00;0.00
16.12.2020;18:30:32;3.33;43.81;12.20;758.81;0.00;0.00;0.00
16.12.2020;18:31:32;3.33;43.82;12.20;758.82;0.00;0.00;0.00
16.12.2020;18:32:32;3.33;43.83;12.19;758.83;0.00;0.00;0.00
16.12.2020;18:33:32;3.33;43.83;12.18;758.83;0.00;0.00;0.00
16.12.2020;18:34:32;3.33;43.84;12.18;758.84;0.00;0.00;0.00
16.12.2020;18:35:32;3.33;43.85;12.17;758.82;0.00;0.00;0.00
16.12.2020;18:36:32;3.35;43.86;12.17;758.82;0.00;0.00;0.00
16.12.2020;18:37:32;3.33;43.81;12.16;758.83;0.00;0.00;0.00
16.12.2020;18:38:32;3.33;43.85;12.16;758.83;0.00;0.00;0.00
16.12.2020;18:39:32;3.36;43.80;12.17;758.85;0.00;0.00;0.00
16.12.2020;18:40:32;3.33;43.83;12.16;758.86;0.00;0.00;0.00
16.12.2020;18:41:32;3.33;43.85;12.14;758.89;0.00;0.00;0.00
16.12.2020;18:42:32;3.35;43.86;12.14;758.90;0.00;0.00;0.00
16.12.2020;18:43:32;3.33;43.76;12.13;758.91;0.00;0.00;0.00
16.12.2020;18:44:32;3.33;43.87;12.12;758.91;0.00;0.00;0.00
16.12.2020;18:45:32;3.33;43.93;12.11;758.91;0.00;0.00;0.00
16.12.2020;18:46:32;3.33;43.91;12.10;758.91;0.00;0.00;0.00
16.12.2020;18:47:32;3.33;43.92;12.09;758.90;0.00;0.00;0.00
16.12.2020;18:48:32;3.33;43.98;12.08;758.90;0.00;0.00;0.00
16.12.2020;18:49:32;3.33;44.00;12.09;758.88;0.00;0.00;0.00
16.12.2020;18:50:32;3.35;43.99;12.09;758.87;0.00;0.00;0.00
16.12.2020;18:51:32;3.33;44.00;12.09;758.90;0.00;0.00;0.00
16.12.2020;18:52:32;3.33;44.03;12.08;758.89;0.00;0.00;0.00
16.12.2020;18:53:32;3.36;44.03;12.07;758.89;0.00;0.00;0.00
16.12.2020;18:54:32;3.33;44.05;12.07;758.89;0.00;0.00;0.00
16.12.2020;18:55:32;3.33;44.07;12.07;758.87;0.00;0.00;0.00
16.12.2020;18:56:32;3.35;44.06;12.06;758.86;0.00;0.00;0.00
16.12.2020;18:57:32;3.33;44.06;12.06;758.85;0.00;0.00;0.00
16.12.2020;18:58:32;3.33;44.05;12.05;758.85;0.00;0.00;0.00
16.12.2020;18:59:32;3.33;44.10;12.05;758.84;0.00;0.00;0.00
16.12.2020;19:00:32;3.33;44.10;12.05;758.81;0.00;0.00;0.00
16.12.2020;19:01:33;3.33;44.06;12.05;758.79;0.00;0.00;0.00
16.12.2020;19:02:33;3.33;44.06;12.05;758.80;0.00;0.00;0.00
16.12.2020;19:03:33;3.33;44.06;12.04;758.82;0.00;0.00;0.00
16.12.2020;19:04:33;3.35;44.08;12.04;758.83;0.00;0.00;0.00
16.12.2020;19:05:33;3.33;44.05;12.04;758.83;0.00;0.00;0.00
16.12.2020;19:06:33;3.33;44.06;12.04;758.84;0.00;0.00;0.00
16.12.2020;19:07:33;3.36;44.07;12.03;758.83;0.00;0.00;0.00
16.12.2020;19:08:33;3.33;44.10;12.02;758.84;0.00;0.00;0.00
16.12.2020;19:09:33;3.33;44.10;12.03;758.83;0.00;0.00;0.00
16.12.2020;19:10:33;3.35;44.11;12.02;758.83;0.00;0.00;0.00
16.12.2020;19:11:33;3.33;44.11;12.02;758.81;0.00;0.00;0.00
16.12.2020;19:12:33;3.33;44.07;12.02;758.81;0.00;0.00;0.00
16.12.2020;19:13:33;3.33;44.04;12.02;758.81;0.00;0.00;0.00
16.12.2020;19:14:33;3.33;44.07;12.01;758.82;0.00;0.00;0.00
16.12.2020;19:15:33;3.33;44.08;12.00;758.83;0.00;0.00;0.00
16.12.2020;19:16:33;3.33;44.08;12.00;758.82;0.00;0.00;0.00
16.12.2020;19:17:33;3.33;44.09;12.00;758.82;0.00;0.00;0.00
16.12.2020;19:18:33;3.35;44.08;12.01;758.83;0.00;0.00;0.00
16.12.2020;19:19:33;3.33;44.05;12.01;758.82;0.00;0.00;0.00
16.12.2020;19:20:33;3.33;44.08;12.00;758.79;0.00;0.00;0.00
16.12.2020;19:21:33;3.36;44.10;12.00;758.79;0.00;0.00;0.00
16.12.2020;19:22:33;3.33;44.09;12.00;758.79;0.00;0.00;0.00
16.12.2020;19:23:33;3.33;44.11;11.99;758.80;0.00;0.00;0.00
16.12.2020;19:24:33;3.35;44.14;11.98;758.78;0.00;0.00;0.00
16.12.2020;19:25:33;3.33;44.13;11.98;758.78;0.00;0.00;0.00
16.12.2020;19:26:33;3.33;44.07;11.98;758.74;0.00;0.00;0.00
16.12.2020;19:27:33;3.33;44.13;11.99;758.74;0.00;0.00;0.00
16.12.2020;19:28:33;3.33;44.13;11.99;758.73;0.00;0.00;0.00
16.12.2020;19:29:33;3.33;44.11;11.99;758.71;0.00;0.00;0.00
16.12.2020;19:30:33;3.33;44.13;11.98;758.69;0.00;0.00;0.00
16.12.2020;19:31:33;3.33;44.13;11.97;758.68;0.00;0.00;0.00
16.12.2020;19:32:33;3.35;44.11;11.97;758.68;0.00;0.00;0.00
16.12.2020;19:33:34;3.33;44.04;11.97;758.68;0.00;0.00;0.00
16.12.2020;19:34:34;3.33;44.16;11.98;758.68;0.00;0.00;0.00
16.12.2020;19:35:34;3.36;44.15;11.97;758.67;0.00;0.00;0.00
16.12.2020;19:36:34;3.33;44.14;11.98;758.66;0.00;0.00;0.00
16.12.2020;19:37:34;3.33;44.09;11.98;758.66;0.00;0.00;0.00
16.12.2020;19:38:34;3.35;44.12;11.98;758.67;0.00;0.00;0.00
16.12.2020;19:39:34;3.33;44.12;11.98;758.66;0.00;0.00;0.00
16.12.2020;19:40:34;3.33;44.12;11.98;758.64;0.00;0.00;0.00
16.12.2020;19:41:34;3.33;44.10;11.98;758.63;0.00;0.00;0.00
16.12.2020;19:42:34;3.33;44.08;11.99;758.64;0.00;0.00;0.00
16.12.2020;19:43:34;3.33;44.07;11.98;758.64;0.00;0.00;0.00
16.12.2020;19:44:34;3.33;44.09;11.99;758.64;0.00;0.00;0.00
16.12.2020;19:45:34;3.33;44.06;11.99;758.62;0.00;0.00;0.00
16.12.2020;19:46:34;3.35;44.05;12.00;758.62;0.00;0.00;0.00
16.12.2020;19:47:34;3.33;43.97;12.00;758.60;0.00;0.00;0.00
16.12.2020;19:48:34;3.33;44.00;12.00;758.60;0.00;0.00;0.00
16.12.2020;19:49:34;3.36;44.01;12.00;758.61;0.00;0.00;0.00
16.12.2020;19:50:34;3.33;43.97;12.01;758.61;0.00;0.00;0.00
16.12.2020;19:51:34;3.33;43.97;12.00;758.62;0.00;0.00;0.00
16.12.2020;19:52:34;3.35;43.96;12.00;758.62;0.00;0.00;0.00
16.12.2020;19:53:34;3.33;43.98;12.00;758.63;0.00;0.00;0.00
16.12.2020;19:54:34;3.33;43.93;12.00;758.63;0.00;0.00;0.00
16.12.2020;19:55:34;3.33;43.96;11.99;758.61;0.00;0.00;0.00
16.12.2020;19:56:34;3.33;43.98;11.99;758.60;0.00;0.00;0.00
16.12.2020;19:57:34;3.33;43.96;12.00;758.58;0.00;0.00;0.00
16.12.2020;19:58:34;3.33;43.96;12.00;758.56;0.00;0.00;0.00
16.12.2020;19:59:34;3.33;43.95;11.99;758.55;0.00;0.00;0.00
16.12.2020;20:00:34;3.35;43.95;11.99;758.53;0.00;0.00;0.00
16.12.2020;20:01:34;3.33;43.95;11.98;758.50;0.00;0.00;0.00
16.12.2020;20:02:34;3.33;44.01;11.97;758.47;0.00;0.00;0.00
16.12.2020;20:03:34;3.36;44.02;11.97;758.46;0.00;0.00;0.00
16.12.2020;20:04:34;3.33;44.03;11.96;758.46;0.00;0.00;0.00
16.12.2020;20:05:35;3.33;44.03;11.96;758.45;0.00;0.00;0.00
16.12.2020;20:06:35;3.35;44.09;11.95;758.45;0.00;0.00;0.00
16.12.2020;20:07:35;3.33;44.10;11.96;758.46;0.00;0.00;0.00
16.12.2020;20:08:35;3.33;44.05;11.96;758.49;0.00;0.00;0.00
16.12.2020;20:09:35;3.33;44.03;11.96;758.52;0.00;0.00;0.00
16.12.2020;20:10:35;3.33;44.06;11.96;758.54;0.00;0.00;0.00
16.12.2020;20:11:35;3.33;44.05;11.97;758.53;0.00;0.00;0.00
16.12.2020;20:12:35;3.33;44.04;11.96;758.52;0.00;0.00;0.00
16.12.2020;20:13:35;3.33;44.05;11.97;758.54;0.00;0.00;0.00
16.12.2020;20:14:35;3.35;44.04;11.97;758.54;0.00;0.00;0.00
16.12.2020;20:15:35;3.33;44.06;11.97;758.53;0.00;0.00;0.00
16.12.2020;20:16:35;3.33;44.02;11.97;758.53;0.00;0.00;0.00
16.12.2020;20:17:35;3.36;44.03;11.97;758.54;0.00;0.00;0.00
16.12.2020;20:18:35;3.33;44.04;11.97;758.55;0.00;0.00;0.00
16.12.2020;20:19:35;3.33;44.06;11.98;758.55;0.00;0.00;0.00
16.12.2020;20:20:35;3.35;44.06;11.98;758.55;0.00;0.00;0.00
16.12.2020;20:21:35;3.33;44.05;11.98;758.56;0.00;0.00;0.00
16.12.2020;20:22:35;3.33;44.00;11.99;758.55;0.00;0.00;0.00
16.12.2020;20:23:35;3.33;43.97;12.00;758.54;0.00;0.00;0.00
16.12.2020;20:24:35;3.33;43.95;11.99;758.55;0.00;0.00;0.00
16.12.2020;20:25:35;3.33;43.97;12.00;758.57;0.00;0.00;0.00
16.12.2020;20:26:35;3.33;43.98;12.00;758.59;0.00;0.00;0.00
16.12.2020;20:27:35;3.33;43.98;12.00;758.59;0.00;0.00;0.00
16.12.2020;20:28:35;3.35;43.93;12.01;758.61;0.00;0.00;0.00
16.12.2020;20:29:35;3.33;43.91;12.01;758.62;0.00;0.00;0.00
16.12.2020;20:30:35;3.33;43.93;12.01;758.63;0.00;0.00;0.00
16.12.2020;20:31:35;3.36;43.92;12.01;758.63;0.00;0.00;0.00
16.12.2020;20:32:35;3.33;43.89;12.01;758.63;0.00;0.00;0.00
16.12.2020;20:33:35;3.33;43.90;12.01;758.64;0.00;0.00;0.00
16.12.2020;20:34:35;3.35;43.89;12.02;758.64;0.00;0.00;0.00
16.12.2020;20:35:35;3.33;43.88;12.02;758.67;0.00;0.00;0.00
16.12.2020;20:36:36;3.33;43.85;12.02;758.69;0.00;0.00;0.00
16.12.2020;20:37:36;3.33;43.85;12.02;758.70;0.00;0.00;0.00
16.12.2020;20:38:36;3.33;43.87;12.02;758.70;0.00;0.00;0.00
16.12.2020;20:39:36;3.33;43.88;12.03;758.70;0.00;0.00;0.00
16.12.2020;20:40:36;3.33;43.84;12.04;758.69;0.00;0.00;0.00
16.12.2020;20:41:36;3.33;43.81;12.04;758.68;0.00;0.00;0.00
16.12.2020;20:42:36;3.35;43.81;12.04;758.67;0.00;0.00;0.00
16.12.2020;20:43:36;3.33;43.83;12.03;758.66;0.00;0.00;0.00
16.12.2020;20:44:36;3.33;43.83;12.04;758.65;0.00;0.00;0.00
16.12.2020;20:45:36;3.36;43.79;12.04;758.65;0.00;0.00;0.00
16.12.2020;20:46:36;3.33;43.80;12.03;758.64;0.00;0.00;0.00
16.12.2020;20:47:36;3.33;43.81;12.04;758.63;0.00;0.00;0.00
16.12.2020;20:48:36;3.35;43.79;12.04;758.64;0.00;0.00;0.00
16.12.2020;20:49:36;3.33;43.81;12.04;758.64;0.00;0.00;0.00
16.12.2020;20:50:36;3.33;43.77;12.06;758.68;0.00;0.00;0.00
16.12.2020;20:51:36;3.33;43.75;12.06;758.68;0.00;0.00;0.00
16.12.2020;20:52:36;3.33;43.76;12.05;758.70;0.00;0.00;0.00
16.12.2020;20:53:36;3.33;43.77;12.05;758.71;0.00;0.00;0.00
16.12.2020;20:54:36;3.33;43.67;12.04;758.68;0.00;0.00;0.00
16.12.2020;20:55:36;3.33;43.78;12.04;758.66;0.00;0.00;0.00
16.12.2020;20:56:36;3.35;43.80;12.05;758.64;0.00;0.00;0.00
16.12.2020;20:57:36;3.33;43.62;12.06;758.62;0.00;0.00;0.00
16.12.2020;20:58:36;3.33;43.70;12.06;758.62;0.00;0.00;0.00
16.12.2020;20:59:36;3.36;43.69;12.06;758.64;0.00;0.00;0.00
16.12.2020;21:00:36;3.33;43.67;12.05;758.64;0.00;0.00;0.00
16.12.2020;21:01:36;3.33;43.74;12.06;758.65;0.00;0.00;0.00
16.12.2020;21:02:36;3.35;43.63;12.05;758.66;0.00;0.00;0.00
16.12.2020;21:03:36;3.33;43.63;12.04;758.67;0.00;0.00;0.00
16.12.2020;21:04:36;3.33;43.63;12.04;758.68;0.00;0.00;0.00
16.12.2020;21:05:36;3.33;43.76;12.03;758.69;0.00;0.00;0.00
16.12.2020;21:06:36;3.33;43.79;12.04;758.70;0.00;0.00;0.00
16.12.2020;21:07:36;3.33;43.73;12.03;758.70;0.00;0.00;0.00
16.12.2020;21:08:37;3.33;43.73;12.03;758.70;0.00;0.00;0.00
16.12.2020;21:09:37;3.33;43.74;12.03;758.69;0.00;0.00;0.00
16.12.2020;21:10:37;3.35;43.73;12.02;758.70;0.00;0.00;0.00
16.12.2020;21:11:37;3.33;43.65;12.01;758.72;0.00;0.00;0.00
16.12.2020;21:12:37;3.33;43.49;12.00;758.76;0.00;0.00;0.00
16.12.2020;21:13:37;3.36;43.66;12.00;758.77;0.00;0.00;0.00
16.12.2020;21:14:37;3.33;43.79;12.00;758.77;0.00;0.00;0.00
16.12.2020;21:15:37;3.33;43.70;12.00;758.75;0.00;0.00;0.00
16.12.2020;21:16:37;3.35;43.62;12.00;758.75;0.00;0.00;0.00
16.12.2020;21:17:37;3.33;43.72;11.99;758.75;0.00;0.00;0.00
16.12.2020;21:18:37;3.33;43.48;11.98;758.77;0.00;0.00;0.00
16.12.2020;21:19:37;3.33;43.66;11.96;758.76;0.00;0.00;0.00
16.12.2020;21:20:37;3.33;43.79;11.96;758.76;0.00;0.00;0.00
16.12.2020;21:21:37;3.33;43.88;11.96;758.75;0.00;0.00;0.00
16.12.2020;21:22:37;3.33;43.89;11.96;758.76;0.00;0.00;0.00
16.12.2020;21:23:37;3.33;43.92;11.97;758.77;0.00;0.00;0.00
16.12.2020;21:24:37;3.35;43.92;11.98;758.78;0.00;0.00;0.00
16.12.2020;21:25:37;3.33;43.89;11.98;758.79;0.00;0.00;0.00
16.12.2020;21:26:37;3.33;43.87;11.98;758.78;0.00;0.00;0.00
16.12.2020;21:27:37;3.36;43.91;11.97;758.75;0.00;0.00;0.00
16.12.2020;21:28:37;3.33;43.90;11.98;758.75;0.00;0.00;0.00
16.12.2020;21:29:37;3.33;43.82;11.98;758.77;0.00;0.00;0.00
16.12.2020;21:30:37;3.35;43.85;11.98;758.80;0.00;0.00;0.00
16.12.2020;21:31:37;3.33;43.87;11.97;758.82;0.00;0.00;0.00
16.12.2020;21:32:37;3.33;43.89;11.97;758.83;0.00;0.00;0.00
16.12.2020;21:33:37;3.33;43.85;11.97;758.85;0.00;0.00;0.00
16.12.2020;21:34:37;3.33;43.82;11.97;758.85;0.00;0.00;0.00
16.12.2020;21:35:37;3.33;43.79;11.96;758.87;0.00;0.00;0.00
16.12.2020;21:36:37;3.33;43.84;11.97;758.91;0.00;0.00;0.00
16.12.2020;21:37:37;3.33;43.87;11.98;758.92;0.00;0.00;0.00
16.12.2020;21:38:37;3.35;43.78;11.98;758.90;0.00;0.00;0.00
16.12.2020;21:39:37;3.33;43.82;11.98;758.90;0.00;0.00;0.00
16.12.2020;21:40:38;3.33;43.87;11.98;758.90;0.00;0.00;0.00
16.12.2020;21:41:38;3.36;43.88;11.98;758.91;0.00;0.00;0.00
16.12.2020;21:42:38;3.33;43.86;11.98;758.93;0.00;0.00;0.00
16.12.2020;21:43:38;3.33;43.78;11.99;758.93;0.00;0.00;0.00
16.12.2020;21:44:38;3.35;43.83;11.97;758.94;0.00;0.00;0.00
16.12.2020;21:45:38;3.33;43.73;11.97;758.94;0.00;0.00;0.00
16.12.2020;21:46:38;3.33;43.57;11.97;758.95;0.00;0.00;0.00
16.12.2020;21:47:38;3.33;43.75;11.96;758.96;0.00;0.00;0.00
16.12.2020;21:48:38;3.33;43.77;11.95;758.98;0.00;0.00;0.00
16.12.2020;21:49:38;3.33;43.48;11.94;758.96;0.00;0.00;0.00
16.12.2020;21:50:38;3.33;43.86;11.93;758.98;0.00;0.00;0.00
16.12.2020;21:51:38;3.33;43.92;11.94;758.97;0.00;0.00;0.00
16.12.2020;21:52:38;3.35;43.56;11.93;758.96;0.00;0.00;0.00
16.12.2020;21:53:38;3.33;43.77;11.93;758.96;0.00;0.00;0.00
16.12.2020;21:54:38;3.33;43.63;11.93;758.97;0.00;0.00;0.00
16.12.2020;21:55:38;3.36;43.81;11.92;758.97;0.00;0.00;0.00
16.12.2020;21:56:38;3.33;43.87;11.92;758.99;0.00;0.00;0.00
16.12.2020;21:57:38;3.33;43.84;11.92;759.02;0.00;0.00;0.00
16.12.2020;21:58:38;3.35;43.82;11.92;759.04;0.00;0.00;0.00
16.12.2020;21:59:38;3.33;43.87;11.92;759.04;0.00;0.00;0.00
16.12.2020;22:00:38;3.33;43.79;11.92;759.05;0.00;0.00;0.00
16.12.2020;22:01:38;3.33;43.89;11.92;759.05;0.00;0.00;0.00
16.12.2020;22:02:38;3.33;43.79;11.92;759.06;0.00;0.00;0.00
16.12.2020;22:03:38;3.33;43.79;11.92;759.07;0.00;0.00;0.00
16.12.2020;22:04:38;3.33;43.65;11.90;759.05;0.00;0.00;0.00
16.12.2020;22:05:38;3.33;43.81;11.91;759.05;0.00;0.00;0.00
16.12.2020;22:06:38;3.35;43.65;11.91;759.04;0.00;0.00;0.00
16.12.2020;22:07:38;3.33;43.83;11.91;759.05;0.00;0.00;0.00
16.12.2020;22:08:38;3.33;43.92;11.92;759.04;0.00;0.00;0.00
16.12.2020;22:09:38;3.36;43.92;11.92;759.05;0.00;0.00;0.00
16.12.2020;22:10:38;3.33;43.81;11.92;759.04;0.00;0.00;0.00
16.12.2020;22:11:38;3.33;43.90;11.92;759.04;0.00;0.00;0.00
16.12.2020;22:12:39;3.35;43.89;11.93;759.03;0.00;0.00;0.00
16.12.2020;22:13:39;3.33;43.76;11.93;759.04;0.00;0.00;0.00
16.12.2020;22:14:39;3.33;43.81;11.93;759.04;0.00;0.00;0.00
16.12.2020;22:15:39;3.33;43.72;11.93;759.03;0.00;0.00;0.00
16.12.2020;22:16:39;3.33;43.79;11.93;759.02;0.00;0.00;0.00
16.12.2020;22:17:39;3.33;43.81;11.93;759.03;0.00;0.00;0.00
16.12.2020;22:18:39;3.33;43.84;11.94;759.02;0.00;0.00;0.00
16.12.2020;22:19:39;3.33;43.80;11.94;759.03;0.00;0.00;0.00
16.12.2020;22:20:39;3.35;43.80;11.95;759.03;0.00;0.00;0.00
16.12.2020;22:21:39;3.33;43.76;11.96;758.99;0.00;0.00;0.00
16.12.2020;22:22:39;3.33;43.74;11.96;758.97;0.00;0.00;0.00
16.12.2020;22:23:39;3.36;43.74;11.96;758.96;0.00;0.00;0.00
16.12.2020;22:24:39;3.33;43.73;11.96;758.94;0.00;0.00;0.00
16.12.2020;22:25:39;3.33;43.69;11.96;758.92;0.00;0.00;0.00
16.12.2020;22:26:39;3.35;43.70;11.97;758.91;0.00;0.00;0.00
16.12.2020;22:27:39;3.33;43.69;11.97;758.88;0.00;0.00;0.00
16.12.2020;22:28:39;3.33;43.66;11.97;758.86;0.00;0.00;0.00
16.12.2020;22:29:39;3.33;43.67;11.97;758.87;0.00;0.00;0.00
16.12.2020;22:30:39;3.33;43.67;11.97;758.87;0.00;0.00;0.00
16.12.2020;22:31:39;3.33;43.64;11.97;758.87;0.00;0.00;0.00
16.12.2020;22:32:39;3.33;43.67;11.97;758.87;0.00;0.00;0.00
16.12.2020;22:33:39;3.33;43.69;11.97;758.88;0.00;0.00;0.00
16.12.2020;22:34:39;3.35;43.69;11.97;758.90;0.00;0.00;0.00
16.12.2020;22:35:39;3.33;43.70;11.97;758.92;0.00;0.00;0.00
16.12.2020;22:36:39;3.33;43.65;11.98;758.91;0.00;0.00;0.00
16.12.2020;22:37:39;3.36;43.61;11.98;758.91;0.00;0.00;0.00
16.12.2020;22:38:39;3.33;43.65;11.98;758.92;0.00;0.00;0.00
16.12.2020;22:39:39;3.33;43.67;11.98;758.93;0.00;0.00;0.00
16.12.2020;22:40:39;3.35;43.65;11.98;758.94;0.00;0.00;0.00
16.12.2020;22:41:39;3.33;43.64;11.98;758.91;0.00;0.00;0.00
16.12.2020;22:42:39;3.33;43.65;12.00;758.90;0.00;0.00;0.00
16.12.2020;22:43:39;3.33;43.61;12.00;758.90;0.00;0.00;0.00
16.12.2020;22:44:40;3.33;43.56;12.00;758.91;0.00;0.00;0.00
16.12.2020;22:45:40;3.33;43.58;12.00;758.94;0.00;0.00;0.00
16.12.2020;22:46:40;3.33;43.60;12.00;758.95;0.00;0.00;0.00
16.12.2020;22:47:40;3.33;43.59;12.00;758.96;0.00;0.00;0.00
16.12.2020;22:48:40;3.35;43.57;12.01;758.97;0.00;0.00;0.00
16.12.2020;22:49:40;3.33;43.54;12.02;758.97;0.00;0.00;0.00
16.12.2020;22:50:40;3.33;43.54;12.01;758.97;0.00;0.00;0.00
16.12.2020;22:51:40;3.36;43.54;12.01;758.97;0.00;0.00;0.00
16.12.2020;22:52:40;3.33;43.55;12.01;758.96;0.00;0.00;0.00
16.12.2020;22:53:40;3.33;43.55;12.02;758.96;0.00;0.00;0.00
16.12.2020;22:54:40;3.35;43.51;12.03;758.99;0.00;0.00;0.00
16.12.2020;22:55:40;3.33;43.49;12.04;759.01;0.00;0.00;0.00
16.12.2020;22:56:40;3.33;43.47;12.04;759.03;0.00;0.00;0.00
16.12.2020;22:57:40;3.33;43.48;12.04;759.04;0.00;0.00;0.00
16.12.2020;22:58:40;3.33;43.43;12.05;759.06;0.00;0.00;0.00
16.12.2020;22:59:40;3.33;43.41;12.05;759.06;0.00;0.00;0.00
16.12.2020;23:00:40;3.33;43.40;12.05;759.08;0.00;0.00;0.00
16.12.2020;23:01:40;3.33;43.39;12.05;759.10;0.00;0.00;0.00
16.12.2020;23:02:40;3.35;43.40;12.05;759.09;0.00;0.00;0.00
16.12.2020;23:03:40;3.33;43.37;12.06;759.11;0.00;0.00;0.00
16.12.2020;23:04:40;3.33;43.36;12.08;759.10;0.00;0.00;0.00
16.12.2020;23:05:40;3.36;43.30;12.08;759.09;0.00;0.00;0.00
16.12.2020;23:06:40;3.33;43.32;12.07;759.08;0.00;0.00;0.00
16.12.2020;23:07:40;3.33;43.34;12.07;759.09;0.00;0.00;0.00
16.12.2020;23:08:40;3.35;43.33;12.08;759.10;0.00;0.00;0.00
16.12.2020;23:09:40;3.33;43.31;12.08;759.11;0.00;0.00;0.00
16.12.2020;23:10:40;3.33;43.31;12.08;759.11;0.00;0.00;0.00
16.12.2020;23:11:40;3.33;43.29;12.07;759.10;0.00;0.00;0.00
16.12.2020;23:12:40;3.33;43.29;12.08;759.09;0.00;0.00;0.00
16.12.2020;23:13:40;3.33;43.28;12.08;759.08;0.00;0.00;0.00
16.12.2020;23:14:40;3.33;43.28;12.08;759.07;0.00;0.00;0.00
16.12.2020;23:15:40;3.33;43.26;12.09;759.07;0.00;0.00;0.00
16.12.2020;23:16:41;3.35;43.26;12.09;759.07;0.00;0.00;0.00
16.12.2020;23:17:41;3.33;43.25;12.09;759.07;0.00;0.00;0.00
16.12.2020;23:18:41;3.33;43.23;12.08;759.07;0.00;0.00;0.00
16.12.2020;23:19:41;3.36;43.27;12.08;759.07;0.00;0.00;0.00
16.12.2020;23:20:41;3.33;43.28;12.08;759.06;0.00;0.00;0.00
16.12.2020;23:21:41;3.33;43.28;12.08;759.07;0.00;0.00;0.00
16.12.2020;23:22:41;3.35;43.29;12.08;759.07;0.00;0.00;0.00
16.12.2020;23:23:41;3.33;43.29;12.08;759.07;0.00;0.00;0.00
16.12.2020;23:24:41;3.33;43.29;12.09;759.08;0.00;0.00;0.00
16.12.2020;23:25:41;3.33;43.27;12.09;759.07;0.00;0.00;0.00
16.12.2020;23:26:41;3.33;43.29;12.09;759.08;0.00;0.00;0.00
16.12.2020;23:27:41;3.33;43.25;12.09;759.08;0.00;0.00;0.00
16.12.2020;23:28:41;3.33;43.26;12.10;759.10;0.00;0.00;0.00
16.12.2020;23:29:41;3.33;43.27;12.10;759.11;0.00;0.00;0.00
16.12.2020;23:30:41;3.35;43.27;12.10;759.10;0.00;0.00;0.00
16.12.2020;23:31:41;3.33;43.25;12.10;759.09;0.00;0.00;0.00
16.12.2020;23:32:41;3.33;43.24;12.10;759.08;0.00;0.00;0.00
16.12.2020;23:33:41;3.36;43.27;12.10;759.09;0.00;0.00;0.00
16.12.2020;23:34:41;3.33;43.26;12.11;759.08;0.00;0.00;0.00
16.12.2020;23:35:41;3.33;43.26;12.11;759.08;0.00;0.00;0.00
16.12.2020;23:36:41;3.35;43.24;12.11;759.09;0.00;0.00;0.00
16.12.2020;23:37:41;3.33;43.24;12.11;759.07;0.00;0.00;0.00
16.12.2020;23:38:41;3.33;43.24;12.11;759.07;0.00;0.00;0.00
16.12.2020;23:39:41;3.33;43.21;12.12;759.07;0.00;0.00;0.00
16.12.2020;23:40:41;3.33;43.21;12.11;759.06;0.00;0.00;0.00
16.12.2020;23:41:41;3.33;43.21;12.11;759.04;0.00;0.00;0.00
16.12.2020;23:42:41;3.33;43.19;12.12;759.02;0.00;0.00;0.00
16.12.2020;23:43:41;3.33;43.20;12.12;759.01;0.00;0.00;0.00
16.12.2020;23:44:41;3.35;43.21;12.12;759.00;0.00;0.00;0.00
16.12.2020;23:45:41;3.33;43.20;12.12;758.99;0.00;0.00;0.00
16.12.2020;23:46:41;3.33;43.17;12.13;758.98;0.00;0.00;0.00
16.12.2020;23:47:42;3.36;43.16;12.13;758.98;0.00;0.00;0.00
16.12.2020;23:48:42;3.33;43.16;12.12;758.98;0.00;0.00;0.00
16.12.2020;23:49:42;3.33;43.15;12.12;758.99;0.00;0.00;0.00
16.12.2020;23:50:42;3.35;43.14;12.13;758.99;0.00;0.00;0.00
16.12.2020;23:51:42;3.33;43.12;12.13;758.99;0.00;0.00;0.00
16.12.2020;23:52:42;3.33;43.12;12.13;759.00;0.00;0.00;0.00
16.12.2020;23:53:42;3.33;43.13;12.13;759.00;0.00;0.00;0.00
16.12.2020;23:54:42;3.33;43.12;12.13;758.99;0.00;0.00;0.00
16.12.2020;23:55:42;3.33;43.11;12.13;759.01;0.00;0.00;0.00
16.12.2020;23:56:42;3.33;43.14;12.13;759.02;0.00;0.00;0.00
16.12.2020;23:57:42;3.33;43.13;12.12;759.06;0.00;0.00;0.00
16.12.2020;23:58:42;3.35;43.15;12.12;759.11;0.00;0.00;0.00
16.12.2020;23:59:42;3.33;43.14;12.13;759.12;0.00;0.00;0.00
