16.11.2020;15:31:21;59.72;58.85;12.27;759.18;0.04;0.00;0.00
16.11.2020;15:32:21;59.58;59.11;12.29;759.19;0.04;0.00;0.00
16.11.2020;15:33:21;59.42;57.94;12.25;759.21;0.04;0.00;0.00
16.11.2020;15:34:21;58.32;57.86;12.22;759.22;0.04;0.00;0.00
16.11.2020;15:35:21;57.65;57.61;12.24;759.23;0.04;0.00;0.00
16.11.2020;15:36:21;58.98;57.85;12.25;759.24;0.04;0.00;0.00
16.11.2020;15:37:21;57.93;57.25;12.20;759.27;0.04;0.00;0.00
16.11.2020;15:38:21;51.61;58.23;12.15;759.27;0.03;0.00;0.00
16.11.2020;15:39:21;52.71;58.81;12.14;759.26;0.03;0.00;0.00
16.11.2020;15:40:21;50.60;59.21;12.18;759.26;0.03;0.00;0.00
16.11.2020;15:41:21;49.66;58.21;12.18;759.26;0.03;0.00;0.00
16.11.2020;15:42:21;44.65;57.97;12.15;759.26;0.02;0.00;0.00
16.11.2020;15:43:21;39.17;58.03;12.09;759.26;0.01;0.00;0.00
16.11.2020;15:44:21;38.22;60.32;12.03;759.26;0.01;0.00;0.00
16.11.2020;15:45:22;36.39;59.21;12.04;759.27;0.01;0.00;0.00
16.11.2020;15:46:22;35.99;57.52;12.03;759.29;0.01;0.00;0.00
16.11.2020;15:47:22;33.57;59.41;12.02;759.29;0.01;0.00;0.00
16.11.2020;15:48:22;34.67;57.93;12.03;759.30;0.01;0.00;0.00
16.11.2020;15:49:22;33.03;58.34;11.89;759.32;0.00;0.00;0.00
16.11.2020;15:50:22;30.24;59.08;11.90;759.33;0.00;0.00;0.00
16.11.2020;15:51:22;27.85;59.06;11.93;759.34;0.00;0.00;0.00
16.11.2020;15:52:22;29.96;59.66;11.82;759.36;0.00;0.00;0.00
16.11.2020;15:53:22;31.38;58.19;11.74;759.37;0.00;0.00;0.00
16.11.2020;15:54:22;28.85;59.27;11.67;759.40;0.00;0.00;0.00
16.11.2020;15:55:22;26.36;59.33;11.70;759.40;0.00;0.00;0.00
16.11.2020;15:56:22;22.61;60.71;11.75;759.39;0.00;0.00;0.00
16.11.2020;15:57:22;20.60;60.40;11.81;759.38;0.00;0.00;0.00
16.11.2020;15:58:22;20.01;59.98;11.83;759.38;0.00;0.00;0.00
16.11.2020;15:59:22;20.64;60.51;11.89;759.37;0.00;0.00;0.00
16.11.2020;16:00:22;19.17;60.70;11.99;759.36;0.00;0.00;0.00
16.11.2020;16:01:22;18.43;60.46;12.07;759.35;0.00;0.00;0.00
16.11.2020;16:02:22;18.35;60.44;12.18;759.34;0.00;0.00;0.00
16.11.2020;16:03:22;18.75;60.13;12.28;759.35;0.00;0.00;0.00
16.11.2020;16:04:22;17.40;59.75;12.32;759.34;0.00;0.00;0.00
16.11.2020;16:05:22;17.33;59.70;12.32;759.34;0.00;0.00;0.00
16.11.2020;16:06:22;17.06;59.97;12.38;759.33;0.00;0.00;0.00
16.11.2020;16:07:22;15.93;59.31;12.41;759.33;0.00;0.00;0.00
16.11.2020;16:08:22;15.74;58.53;12.43;759.34;0.00;0.00;0.00
16.11.2020;16:09:22;16.53;58.78;12.43;759.34;0.00;0.00;0.00
16.11.2020;16:10:22;15.54;58.96;12.43;759.34;0.00;0.00;0.00
16.11.2020;16:11:22;15.11;58.40;12.43;759.34;0.00;0.00;0.00
16.11.2020;16:12:22;13.43;59.06;12.44;759.33;0.00;0.00;0.00
16.11.2020;16:13:23;12.67;58.70;12.46;759.34;0.00;0.00;0.00
16.11.2020;16:14:23;11.97;58.80;12.47;759.36;0.00;0.00;0.00
16.11.2020;16:15:23;11.67;59.04;12.46;759.37;0.00;0.00;0.00
16.11.2020;16:16:23;11.25;58.72;12.45;759.37;0.00;0.00;0.00
16.11.2020;16:17:23;10.14;58.59;12.43;759.36;0.00;0.00;0.00
16.11.2020;16:18:23;9.15;58.74;12.44;759.36;0.00;0.00;0.00
16.11.2020;16:19:23;8.61;58.93;12.45;759.37;0.00;0.00;0.00
16.11.2020;16:20:23;8.35;58.36;12.40;759.36;0.00;0.00;0.00
16.11.2020;16:21:23;7.58;58.57;12.38;759.36;0.00;0.00;0.00
16.11.2020;16:22:23;7.50;59.01;12.37;759.39;0.00;0.00;0.00
16.11.2020;16:23:23;6.91;59.04;12.36;759.37;0.00;0.00;0.00
16.11.2020;16:24:23;6.68;58.87;12.37;759.38;0.00;0.00;0.00
16.11.2020;16:25:23;6.67;58.94;12.33;759.40;0.00;0.00;0.00
16.11.2020;16:26:23;6.34;59.12;12.30;759.40;0.00;0.00;0.00
16.11.2020;16:27:23;5.86;59.25;12.32;759.40;0.00;0.00;0.00
16.11.2020;16:28:23;5.83;59.27;12.32;759.40;0.00;0.00;0.00
16.11.2020;16:29:23;5.83;59.44;12.31;759.41;0.00;0.00;0.00
16.11.2020;16:30:23;5.86;59.33;12.31;759.40;0.00;0.00;0.00
16.11.2020;16:31:23;5.81;58.91;12.30;759.40;0.00;0.00;0.00
16.11.2020;16:32:23;5.23;58.72;12.28;759.39;0.00;0.00;0.00
16.11.2020;16:33:23;5.01;58.66;12.25;759.39;0.00;0.00;0.00
16.11.2020;16:34:23;5.00;59.26;12.23;759.39;0.00;0.00;0.00
16.11.2020;16:35:23;5.00;58.97;12.22;759.39;0.00;0.00;0.00
16.11.2020;16:36:23;5.00;58.33;12.22;759.39;0.00;0.00;0.00
16.11.2020;16:37:23;5.00;58.38;12.21;759.41;0.00;0.00;0.00
16.11.2020;16:38:23;5.00;58.58;12.24;759.42;0.00;0.00;0.00
16.11.2020;16:39:23;5.00;58.41;12.27;759.43;0.00;0.00;0.00
16.11.2020;16:40:23;5.00;57.97;12.29;759.43;0.00;0.00;0.00
16.11.2020;16:41:23;5.01;58.21;12.30;759.44;0.00;0.00;0.00
16.11.2020;16:42:23;4.94;58.35;12.34;759.45;0.00;0.00;0.00
16.11.2020;16:43:23;4.68;58.44;12.37;759.45;0.00;0.00;0.00
16.11.2020;16:44:24;4.35;58.13;12.40;759.46;0.00;0.00;0.00
16.11.2020;16:45:24;4.29;58.46;12.42;759.48;0.00;0.00;0.00
16.11.2020;16:46:24;4.24;58.61;12.44;759.50;0.00;0.00;0.00
16.11.2020;16:47:24;4.19;58.11;12.45;759.51;0.00;0.00;0.00
16.11.2020;16:48:24;4.19;58.17;12.43;759.53;0.00;0.00;0.00
16.11.2020;16:49:24;4.19;58.55;12.44;759.53;0.00;0.00;0.00
16.11.2020;16:50:24;4.18;58.37;12.43;759.55;0.00;0.00;0.00
16.11.2020;16:51:24;4.17;58.46;12.43;759.57;0.00;0.00;0.00
16.11.2020;16:52:24;4.17;58.17;12.41;759.58;0.00;0.00;0.00
16.11.2020;16:53:24;4.17;58.22;12.43;759.59;0.00;0.00;0.00
16.11.2020;16:54:24;4.17;58.35;12.44;759.59;0.00;0.00;0.00
16.11.2020;16:55:24;4.19;57.47;12.43;759.59;0.00;0.00;0.00
16.11.2020;16:56:24;4.17;58.11;12.43;759.59;0.00;0.00;0.00
16.11.2020;16:57:24;4.17;58.65;12.43;759.59;0.00;0.00;0.00
16.11.2020;16:58:24;4.19;58.50;12.44;759.59;0.00;0.00;0.00
16.11.2020;16:59:24;4.17;58.50;12.44;759.60;0.00;0.00;0.00
16.11.2020;17:00:24;4.17;58.64;12.43;759.60;0.00;0.00;0.00
16.11.2020;17:01:24;4.18;58.54;12.39;759.59;0.00;0.00;0.00
16.11.2020;17:02:24;4.17;58.91;12.39;759.60;0.00;0.00;0.00
16.11.2020;17:03:24;4.17;58.78;12.40;759.60;0.00;0.00;0.00
16.11.2020;17:04:24;4.17;58.91;12.42;759.61;0.00;0.00;0.00
16.11.2020;17:05:24;4.17;58.86;12.44;759.62;0.00;0.00;0.00
16.11.2020;17:06:24;4.18;58.87;12.43;759.62;0.00;0.00;0.00
16.11.2020;17:07:24;4.17;58.73;12.41;759.62;0.00;0.00;0.00
16.11.2020;17:08:24;4.17;58.43;12.39;759.62;0.00;0.00;0.00
16.11.2020;17:09:24;4.19;58.65;12.42;759.64;0.00;0.00;0.00
16.11.2020;17:10:24;4.17;58.18;12.39;759.62;0.00;0.00;0.00
16.11.2020;17:11:24;4.17;58.72;12.36;759.62;0.00;0.00;0.00
16.11.2020;17:12:24;4.21;58.59;12.35;759.62;0.00;0.00;0.00
16.11.2020;17:13:24;4.17;58.85;12.32;759.63;0.00;0.00;0.00
16.11.2020;17:14:25;4.17;59.04;12.36;759.63;0.00;0.00;0.00
16.11.2020;17:15:25;4.18;58.60;12.35;759.64;0.00;0.00;0.00
16.11.2020;17:16:25;4.17;59.05;12.35;759.65;0.00;0.00;0.00
16.11.2020;17:17:25;4.17;59.42;12.37;759.64;0.00;0.00;0.00
16.11.2020;17:18:25;4.17;59.26;12.43;759.65;0.00;0.00;0.00
16.11.2020;17:19:25;4.17;58.82;12.45;759.65;0.00;0.00;0.00
16.11.2020;17:20:25;4.18;58.98;12.49;759.66;0.00;0.00;0.00
16.11.2020;17:21:25;4.19;58.96;12.51;759.67;0.00;0.00;0.00
16.11.2020;17:22:25;4.22;58.89;12.52;759.69;0.00;0.00;0.00
16.11.2020;17:23:25;4.28;58.42;12.49;759.71;0.00;0.00;0.00
16.11.2020;17:24:25;4.18;58.63;12.47;759.72;0.00;0.00;0.00
16.11.2020;17:25:25;4.17;58.23;12.45;759.73;0.00;0.00;0.00
16.11.2020;17:26:25;4.21;58.77;12.44;759.75;0.00;0.00;0.00
16.11.2020;17:27:25;4.18;58.51;12.43;759.76;0.00;0.00;0.00
16.11.2020;17:28:25;4.21;58.66;12.43;759.75;0.00;0.00;0.00
16.11.2020;17:29:25;4.19;58.94;12.38;759.75;0.00;0.00;0.00
16.11.2020;17:30:25;4.17;58.62;12.36;759.75;0.00;0.00;0.00
16.11.2020;17:31:25;4.17;58.64;12.37;759.74;0.00;0.00;0.00
16.11.2020;17:32:25;4.17;59.14;12.38;759.76;0.00;0.00;0.00
16.11.2020;17:33:25;4.19;58.95;12.38;759.77;0.00;0.00;0.00
16.11.2020;17:34:25;4.17;59.30;12.37;759.78;0.00;0.00;0.00
16.11.2020;17:35:25;4.17;59.30;12.36;759.79;0.00;0.00;0.00
16.11.2020;17:36:25;4.17;58.95;12.35;759.81;0.00;0.00;0.00
16.11.2020;17:37:25;4.19;58.63;12.36;759.82;0.00;0.00;0.00
16.11.2020;17:38:25;4.17;59.24;12.36;759.83;0.00;0.00;0.00
16.11.2020;17:39:25;4.17;58.63;12.35;759.85;0.00;0.00;0.00
16.11.2020;17:40:25;4.21;59.09;12.37;759.87;0.00;0.00;0.00
16.11.2020;17:41:25;4.18;59.31;12.40;759.87;0.00;0.00;0.00
16.11.2020;17:42:25;4.17;59.21;12.41;759.87;0.00;0.00;0.00
16.11.2020;17:43:25;4.18;59.33;12.43;759.89;0.00;0.00;0.00
16.11.2020;17:44:25;4.17;59.05;12.44;759.89;0.00;0.00;0.00
16.11.2020;17:45:26;4.17;58.90;12.43;759.90;0.00;0.00;0.00
16.11.2020;17:46:26;4.17;59.13;12.47;759.89;0.00;0.00;0.00
16.11.2020;17:47:26;4.18;59.43;12.52;759.90;0.00;0.00;0.00
16.11.2020;17:48:26;4.18;58.85;12.55;759.91;0.00;0.00;0.00
16.11.2020;17:49:26;4.18;59.05;12.57;759.91;0.00;0.00;0.00
16.11.2020;17:50:26;4.17;59.05;12.59;759.91;0.00;0.00;0.00
16.11.2020;17:51:26;4.21;58.97;12.61;759.91;0.00;0.00;0.00
16.11.2020;17:52:26;4.18;58.87;12.66;759.90;0.00;0.00;0.00
16.11.2020;17:53:26;4.17;58.51;12.67;759.90;0.00;0.00;0.00
16.11.2020;17:54:26;4.19;58.80;12.68;759.90;0.00;0.00;0.00
16.11.2020;17:55:26;4.17;58.13;12.70;759.89;0.00;0.00;0.00
16.11.2020;17:56:26;4.19;58.66;12.69;759.89;0.00;0.00;0.00
16.11.2020;17:57:26;4.19;58.18;12.72;759.87;0.00;0.00;0.00
16.11.2020;17:58:26;4.19;58.55;12.76;759.85;0.00;0.00;0.00
16.11.2020;17:59:26;4.17;58.32;12.76;759.85;0.00;0.00;0.00
16.11.2020;18:00:26;4.19;57.78;12.74;759.85;0.00;0.00;0.00
16.11.2020;18:01:26;4.18;57.23;12.73;759.86;0.00;0.00;0.00
16.11.2020;18:02:26;4.17;56.75;12.68;759.86;0.00;0.00;0.00
16.11.2020;18:03:26;4.17;56.83;12.55;759.87;0.00;0.00;0.00
16.11.2020;18:04:26;4.17;57.21;12.45;759.89;0.00;0.00;0.00
16.11.2020;18:05:26;3.56;57.46;12.41;759.89;0.00;0.00;0.00
16.11.2020;18:06:26;3.17;56.66;12.38;759.89;0.00;0.00;0.00
16.11.2020;18:07:26;3.21;57.14;12.36;759.91;0.00;0.00;0.00
16.11.2020;18:08:26;3.25;57.61;12.35;759.92;0.00;0.00;0.00
16.11.2020;18:09:26;3.29;57.82;12.37;759.91;0.00;0.00;0.00
16.11.2020;18:10:26;3.25;57.47;12.39;759.91;0.00;0.00;0.00
16.11.2020;18:11:26;3.25;57.54;12.38;759.90;0.00;0.00;0.00
16.11.2020;18:12:26;3.28;57.49;12.37;759.90;0.00;0.00;0.00
16.11.2020;18:13:26;3.31;57.63;12.39;759.89;0.00;0.00;0.00
16.11.2020;18:14:26;3.26;57.67;12.37;759.90;0.00;0.00;0.00
16.11.2020;18:15:27;3.26;57.92;12.38;759.91;0.00;0.00;0.00
16.11.2020;18:16:27;3.29;57.84;12.38;759.89;0.00;0.00;0.00
16.11.2020;18:17:27;3.32;57.26;12.35;759.90;0.00;0.00;0.00
16.11.2020;18:18:27;3.32;57.03;12.33;759.91;0.00;0.00;0.00
16.11.2020;18:19:27;3.29;57.36;12.31;759.92;0.00;0.00;0.00
16.11.2020;18:20:27;3.28;57.79;12.29;759.92;0.00;0.00;0.00
16.11.2020;18:21:27;3.29;58.00;12.26;759.93;0.00;0.00;0.00
16.11.2020;18:22:27;3.32;57.87;12.28;759.92;0.00;0.00;0.00
16.11.2020;18:23:27;3.32;57.96;12.24;759.93;0.00;0.00;0.00
16.11.2020;18:24:27;3.31;58.13;12.21;759.93;0.00;0.00;0.00
16.11.2020;18:25:27;3.29;57.92;12.17;759.95;0.00;0.00;0.00
16.11.2020;18:26:27;3.33;58.14;12.16;759.96;0.00;0.00;0.00
16.11.2020;18:27:27;3.28;57.74;12.12;759.96;0.00;0.00;0.00
16.11.2020;18:28:27;3.31;58.35;12.07;759.96;0.00;0.00;0.00
16.11.2020;18:29:27;3.28;58.36;12.02;759.96;0.00;0.00;0.00
16.11.2020;18:30:27;3.26;58.82;12.01;759.95;0.00;0.00;0.00
16.11.2020;18:31:27;3.28;59.03;12.03;759.96;0.00;0.00;0.00
16.11.2020;18:32:27;3.28;58.69;12.06;759.95;0.00;0.00;0.00
16.11.2020;18:33:27;3.29;58.49;12.06;759.95;0.00;0.00;0.00
16.11.2020;18:34:27;3.31;58.64;12.04;759.96;0.00;0.00;0.00
16.11.2020;18:35:27;3.29;58.81;11.99;759.97;0.00;0.00;0.00
16.11.2020;18:36:27;3.31;58.60;11.95;759.97;0.00;0.00;0.00
16.11.2020;18:37:27;3.28;58.34;11.88;759.98;0.00;0.00;0.00
16.11.2020;18:38:27;3.28;59.15;11.80;759.97;0.00;0.00;0.00
16.11.2020;18:39:27;3.31;59.35;11.75;759.97;0.00;0.00;0.00
16.11.2020;18:40:27;3.33;59.86;11.70;759.99;0.00;0.00;0.00
16.11.2020;18:41:27;3.32;59.69;11.65;759.99;0.00;0.00;0.00
16.11.2020;18:42:27;3.31;60.01;11.60;760.01;0.00;0.00;0.00
16.11.2020;18:43:27;3.33;60.29;11.59;760.02;0.00;0.00;0.00
16.11.2020;18:44:27;3.31;60.05;11.55;760.02;0.00;0.00;0.00
16.11.2020;18:45:28;3.33;60.17;11.53;760.03;0.00;0.00;0.00
16.11.2020;18:46:28;3.32;60.43;11.50;760.00;0.00;0.00;0.00
16.11.2020;18:47:28;3.33;60.58;11.46;760.01;0.00;0.00;0.00
16.11.2020;18:48:28;3.32;60.66;11.44;760.01;0.00;0.00;0.00
16.11.2020;18:49:28;3.33;60.56;11.43;760.02;0.00;0.00;0.00
16.11.2020;18:50:28;3.36;60.63;11.41;760.02;0.00;0.00;0.00
16.11.2020;18:51:28;3.33;60.72;11.41;760.02;0.00;0.00;0.00
16.11.2020;18:52:28;3.33;60.47;11.38;760.03;0.00;0.00;0.00
16.11.2020;18:53:28;3.32;60.77;11.37;760.02;0.00;0.00;0.00
16.11.2020;18:54:28;3.32;60.15;11.35;760.04;0.00;0.00;0.00
16.11.2020;18:55:28;3.33;60.00;11.31;760.03;0.00;0.00;0.00
16.11.2020;18:56:28;3.32;60.86;11.30;760.04;0.00;0.00;0.00
16.11.2020;18:57:28;3.32;60.42;11.29;760.05;0.00;0.00;0.00
16.11.2020;18:58:28;3.32;60.98;11.29;760.06;0.00;0.00;0.00
16.11.2020;18:59:28;3.33;60.98;11.29;760.07;0.00;0.00;0.00
16.11.2020;19:00:28;3.33;60.50;11.28;760.06;0.00;0.00;0.00
16.11.2020;19:01:28;3.35;60.78;11.26;760.07;0.00;0.00;0.00
16.11.2020;19:02:28;3.33;61.19;11.25;760.08;0.00;0.00;0.00
16.11.2020;19:03:28;3.33;61.26;11.24;760.07;0.00;0.00;0.00
16.11.2020;19:04:28;3.36;60.16;11.22;760.09;0.00;0.00;0.00
16.11.2020;19:05:28;3.33;61.00;11.22;760.09;0.00;0.00;0.00
16.11.2020;19:06:28;3.33;60.20;11.20;760.09;0.00;0.00;0.00
16.11.2020;19:07:28;3.35;61.26;11.21;760.08;0.00;0.00;0.00
16.11.2020;19:08:28;3.33;61.64;11.20;760.10;0.00;0.00;0.00
16.11.2020;19:09:28;3.33;61.81;11.21;760.11;0.00;0.00;0.00
16.11.2020;19:10:28;3.33;61.47;11.21;760.10;0.00;0.00;0.00
16.11.2020;19:11:28;3.33;61.71;11.20;760.10;0.00;0.00;0.00
16.11.2020;19:12:28;3.33;61.30;11.19;760.09;0.00;0.00;0.00
16.11.2020;19:13:28;3.33;61.40;11.17;760.09;0.00;0.00;0.00
16.11.2020;19:14:28;3.33;61.77;11.16;760.08;0.00;0.00;0.00
16.11.2020;19:15:28;3.35;60.76;11.13;760.07;0.00;0.00;0.00
16.11.2020;19:16:28;3.33;61.20;11.13;760.06;0.00;0.00;0.00
16.11.2020;19:17:29;3.33;61.76;11.13;760.07;0.00;0.00;0.00
16.11.2020;19:18:29;3.35;61.41;11.14;760.07;0.00;0.00;0.00
16.11.2020;19:19:29;3.33;60.96;11.12;760.08;0.00;0.00;0.00
16.11.2020;19:20:29;3.33;61.42;11.11;760.09;0.00;0.00;0.00
16.11.2020;19:21:29;3.35;60.95;11.11;760.11;0.00;0.00;0.00
16.11.2020;19:22:29;3.33;61.29;11.09;760.10;0.00;0.00;0.00
16.11.2020;19:23:29;3.33;61.81;11.10;760.10;0.00;0.00;0.00
16.11.2020;19:24:29;3.33;61.85;11.10;760.13;0.00;0.00;0.00
16.11.2020;19:25:29;3.32;61.48;11.10;760.13;0.00;0.00;0.00
16.11.2020;19:26:29;3.33;61.99;11.11;760.13;0.00;0.00;0.00
16.11.2020;19:27:29;3.33;61.85;11.12;760.13;0.00;0.00;0.00
16.11.2020;19:28:29;3.33;61.72;11.13;760.13;0.00;0.00;0.00
16.11.2020;19:29:29;3.35;61.60;11.14;760.13;0.00;0.00;0.00
16.11.2020;19:30:29;3.33;61.59;11.14;760.14;0.00;0.00;0.00
16.11.2020;19:31:29;3.33;61.56;11.14;760.15;0.00;0.00;0.00
16.11.2020;19:32:29;3.35;60.90;11.13;760.15;0.00;0.00;0.00
16.11.2020;19:33:29;3.33;60.98;11.12;760.15;0.00;0.00;0.00
16.11.2020;19:34:29;3.33;61.87;11.14;760.17;0.00;0.00;0.00
16.11.2020;19:35:29;3.35;61.54;11.14;760.17;0.00;0.00;0.00
16.11.2020;19:36:29;3.33;61.42;11.13;760.15;0.00;0.00;0.00
16.11.2020;19:37:29;3.33;61.23;11.13;760.13;0.00;0.00;0.00
16.11.2020;19:38:29;3.33;61.26;11.12;760.11;0.00;0.00;0.00
16.11.2020;19:39:29;3.33;61.52;11.12;760.10;0.00;0.00;0.00
16.11.2020;19:40:29;3.31;60.29;11.08;760.09;0.00;0.00;0.00
16.11.2020;19:41:29;3.33;61.00;11.07;760.10;0.00;0.00;0.00
16.11.2020;19:42:29;3.33;61.23;11.07;760.12;0.00;0.00;0.00
16.11.2020;19:43:29;3.35;61.42;11.07;760.12;0.00;0.00;0.00
16.11.2020;19:44:29;3.33;61.62;11.08;760.11;0.00;0.00;0.00
16.11.2020;19:45:29;3.33;61.91;11.10;760.10;0.00;0.00;0.00
16.11.2020;19:46:29;3.36;61.88;11.09;760.10;0.00;0.00;0.00
16.11.2020;19:47:30;3.32;61.19;11.08;760.10;0.00;0.00;0.00
16.11.2020;19:48:30;3.33;61.78;11.08;760.13;0.00;0.00;0.00
16.11.2020;19:49:30;3.35;61.77;11.09;760.12;0.00;0.00;0.00
16.11.2020;19:50:30;3.33;61.51;11.09;760.15;0.00;0.00;0.00
16.11.2020;19:51:30;3.33;61.50;11.08;760.16;0.00;0.00;0.00
16.11.2020;19:52:30;3.33;61.44;11.08;760.16;0.00;0.00;0.00
16.11.2020;19:53:30;3.33;61.66;11.08;760.17;0.00;0.00;0.00
16.11.2020;19:54:30;3.33;61.39;11.09;760.18;0.00;0.00;0.00
16.11.2020;19:55:30;3.33;61.39;11.09;760.18;0.00;0.00;0.00
16.11.2020;19:56:30;3.33;61.73;11.09;760.19;0.00;0.00;0.00
16.11.2020;19:57:30;3.35;61.57;11.09;760.21;0.00;0.00;0.00
16.11.2020;19:58:30;3.33;61.54;11.08;760.23;0.00;0.00;0.00
16.11.2020;19:59:30;3.33;61.48;11.09;760.23;0.00;0.00;0.00
16.11.2020;20:00:30;3.36;61.71;11.09;760.24;0.00;0.00;0.00
16.11.2020;20:01:30;3.33;61.60;11.10;760.24;0.00;0.00;0.00
16.11.2020;20:02:30;3.33;61.73;11.11;760.23;0.00;0.00;0.00
16.11.2020;20:03:30;3.35;61.78;11.10;760.24;0.00;0.00;0.00
16.11.2020;20:04:30;3.33;61.44;11.10;760.23;0.00;0.00;0.00
16.11.2020;20:05:30;3.33;61.51;11.10;760.24;0.00;0.00;0.00
16.11.2020;20:06:30;3.33;61.62;11.11;760.26;0.00;0.00;0.00
16.11.2020;20:07:30;3.33;61.68;11.11;760.25;0.00;0.00;0.00
16.11.2020;20:08:30;3.33;61.48;11.11;760.26;0.00;0.00;0.00
16.11.2020;20:09:30;3.33;61.76;11.10;760.24;0.00;0.00;0.00
16.11.2020;20:10:30;3.33;61.12;11.10;760.23;0.00;0.00;0.00
16.11.2020;20:11:30;3.35;61.50;11.09;760.22;0.00;0.00;0.00
16.11.2020;20:12:30;3.33;60.40;11.06;760.23;0.00;0.00;0.00
16.11.2020;20:13:30;3.33;61.34;11.07;760.23;0.00;0.00;0.00
16.11.2020;20:14:30;3.36;60.17;11.07;760.24;0.00;0.00;0.00
16.11.2020;20:15:30;3.33;61.04;11.07;760.24;0.00;0.00;0.00
16.11.2020;20:16:30;3.33;60.39;11.07;760.25;0.00;0.00;0.00
16.11.2020;20:17:30;3.35;61.21;11.07;760.25;0.00;0.00;0.00
16.11.2020;20:18:31;3.33;60.10;11.06;760.24;0.00;0.00;0.00
16.11.2020;20:19:31;3.33;61.30;11.07;760.24;0.00;0.00;0.00
16.11.2020;20:20:31;3.33;61.16;11.06;760.23;0.00;0.00;0.00
16.11.2020;20:21:31;3.33;61.59;11.05;760.25;0.00;0.00;0.00
16.11.2020;20:22:31;3.33;60.82;11.05;760.26;0.00;0.00;0.00
16.11.2020;20:23:31;3.33;61.48;11.06;760.28;0.00;0.00;0.00
16.11.2020;20:24:31;3.33;61.16;11.06;760.30;0.00;0.00;0.00
16.11.2020;20:25:31;3.35;61.09;11.05;760.31;0.00;0.00;0.00
16.11.2020;20:26:31;3.33;61.58;11.06;760.34;0.00;0.00;0.00
16.11.2020;20:27:31;3.33;61.57;11.08;760.35;0.00;0.00;0.00
16.11.2020;20:28:31;3.36;60.91;11.07;760.34;0.00;0.00;0.00
16.11.2020;20:29:31;3.33;61.24;11.08;760.35;0.00;0.00;0.00
16.11.2020;20:30:31;3.33;61.52;11.10;760.36;0.00;0.00;0.00
16.11.2020;20:31:31;3.35;61.02;11.09;760.36;0.00;0.00;0.00
16.11.2020;20:32:31;3.33;61.41;11.09;760.36;0.00;0.00;0.00
16.11.2020;20:33:31;3.33;61.19;11.08;760.36;0.00;0.00;0.00
16.11.2020;20:34:31;3.33;61.35;11.09;760.37;0.00;0.00;0.00
16.11.2020;20:35:31;3.32;60.56;11.10;760.38;0.00;0.00;0.00
16.11.2020;20:36:31;3.33;59.84;11.07;760.36;0.00;0.00;0.00
16.11.2020;20:37:31;3.33;60.40;11.06;760.38;0.00;0.00;0.00
16.11.2020;20:38:31;3.33;60.61;11.05;760.38;0.00;0.00;0.00
16.11.2020;20:39:31;3.35;60.86;11.05;760.37;0.00;0.00;0.00
16.11.2020;20:40:31;3.33;60.67;11.05;760.38;0.00;0.00;0.00
16.11.2020;20:41:31;3.33;61.12;11.05;760.40;0.00;0.00;0.00
16.11.2020;20:42:31;3.36;60.50;11.04;760.41;0.00;0.00;0.00
16.11.2020;20:43:31;3.33;60.31;11.03;760.41;0.00;0.00;0.00
16.11.2020;20:44:31;3.33;60.15;11.01;760.43;0.00;0.00;0.00
16.11.2020;20:45:31;3.35;60.70;11.01;760.45;0.00;0.00;0.00
16.11.2020;20:46:31;3.33;60.86;11.01;760.46;0.00;0.00;0.00
16.11.2020;20:47:31;3.33;61.45;11.01;760.46;0.00;0.00;0.00
16.11.2020;20:48:31;3.33;61.48;11.02;760.47;0.00;0.00;0.00
16.11.2020;20:49:31;3.33;61.37;11.02;760.48;0.00;0.00;0.00
16.11.2020;20:50:32;3.32;61.45;11.02;760.50;0.00;0.00;0.00
16.11.2020;20:51:32;3.33;60.87;11.02;760.50;0.00;0.00;0.00
16.11.2020;20:52:32;3.33;60.74;11.01;760.51;0.00;0.00;0.00
16.11.2020;20:53:32;3.35;61.13;11.00;760.50;0.00;0.00;0.00
16.11.2020;20:54:32;3.33;60.80;11.00;760.50;0.00;0.00;0.00
16.11.2020;20:55:32;3.33;60.55;10.99;760.50;0.00;0.00;0.00
16.11.2020;20:56:32;3.36;60.37;10.98;760.50;0.00;0.00;0.00
16.11.2020;20:57:32;3.33;60.05;10.97;760.49;0.00;0.00;0.00
16.11.2020;20:58:32;3.33;60.31;10.96;760.50;0.00;0.00;0.00
16.11.2020;20:59:32;3.33;59.90;10.95;760.50;0.00;0.00;0.00
16.11.2020;21:00:32;3.33;60.59;10.95;760.52;0.00;0.00;0.00
16.11.2020;21:01:32;3.33;60.55;10.94;760.54;0.00;0.00;0.00
16.11.2020;21:02:32;3.33;60.61;10.94;760.55;0.00;0.00;0.00
16.11.2020;21:03:32;3.33;61.15;10.94;760.56;0.00;0.00;0.00
16.11.2020;21:04:32;3.33;61.18;10.94;760.55;0.00;0.00;0.00
16.11.2020;21:05:32;3.33;61.21;10.95;760.55;0.00;0.00;0.00
16.11.2020;21:06:32;3.33;60.08;10.92;760.54;0.00;0.00;0.00
16.11.2020;21:07:32;3.35;61.11;10.91;760.54;0.00;0.00;0.00
16.11.2020;21:08:32;3.33;61.00;10.90;760.56;0.00;0.00;0.00
16.11.2020;21:09:32;3.33;61.40;10.91;760.57;0.00;0.00;0.00
16.11.2020;21:10:32;3.36;61.06;10.91;760.57;0.00;0.00;0.00
16.11.2020;21:11:32;3.33;60.68;10.90;760.58;0.00;0.00;0.00
16.11.2020;21:12:32;3.33;61.02;10.89;760.58;0.00;0.00;0.00
16.11.2020;21:13:32;3.35;60.88;10.89;760.58;0.00;0.00;0.00
16.11.2020;21:14:32;3.33;60.98;10.87;760.59;0.00;0.00;0.00
16.11.2020;21:15:32;3.33;61.06;10.87;760.59;0.00;0.00;0.00
16.11.2020;21:16:32;3.33;59.97;10.85;760.60;0.00;0.00;0.00
16.11.2020;21:17:32;3.33;60.96;10.85;760.60;0.00;0.00;0.00
16.11.2020;21:18:32;3.33;61.36;10.86;760.63;0.00;0.00;0.00
16.11.2020;21:19:32;3.33;61.52;10.87;760.63;0.00;0.00;0.00
16.11.2020;21:20:32;3.33;61.05;10.87;760.63;0.00;0.00;0.00
16.11.2020;21:21:33;3.35;60.91;10.86;760.63;0.00;0.00;0.00
16.11.2020;21:22:33;3.32;61.07;10.85;760.63;0.00;0.00;0.00
16.11.2020;21:23:33;3.33;61.61;10.86;760.64;0.00;0.00;0.00
16.11.2020;21:24:33;3.36;61.20;10.85;760.65;0.00;0.00;0.00
16.11.2020;21:25:33;3.33;61.01;10.84;760.66;0.00;0.00;0.00
16.11.2020;21:26:33;3.33;60.55;10.82;760.68;0.00;0.00;0.00
16.11.2020;21:27:33;3.35;61.48;10.82;760.68;0.00;0.00;0.00
16.11.2020;21:28:33;3.33;61.33;10.82;760.66;0.00;0.00;0.00
16.11.2020;21:29:33;3.33;61.01;10.81;760.67;0.00;0.00;0.00
16.11.2020;21:30:33;3.31;60.90;10.79;760.65;0.00;0.00;0.00
16.11.2020;21:31:33;3.33;60.49;10.79;760.66;0.00;0.00;0.00
16.11.2020;21:32:33;3.33;60.21;10.77;760.67;0.00;0.00;0.00
16.11.2020;21:33:33;3.33;61.34;10.79;760.68;0.00;0.00;0.00
16.11.2020;21:34:33;3.33;61.36;10.79;760.70;0.00;0.00;0.00
16.11.2020;21:35:33;3.35;61.04;10.79;760.71;0.00;0.00;0.00
16.11.2020;21:36:33;3.33;60.99;10.79;760.72;0.00;0.00;0.00
16.11.2020;21:37:33;3.32;61.16;10.79;760.73;0.00;0.00;0.00
16.11.2020;21:38:33;3.33;61.02;10.79;760.73;0.00;0.00;0.00
16.11.2020;21:39:33;3.33;61.25;10.78;760.74;0.00;0.00;0.00
16.11.2020;21:40:33;3.33;61.23;10.77;760.75;0.00;0.00;0.00
16.11.2020;21:41:33;3.33;60.58;10.77;760.76;0.00;0.00;0.00
16.11.2020;21:42:33;3.33;61.08;10.75;760.78;0.00;0.00;0.00
16.11.2020;21:43:33;3.33;60.71;10.75;760.78;0.00;0.00;0.00
16.11.2020;21:44:33;3.33;61.36;10.76;760.80;0.00;0.00;0.00
16.11.2020;21:45:33;3.32;60.67;10.75;760.80;0.00;0.00;0.00
16.11.2020;21:46:33;3.33;60.57;10.74;760.79;0.00;0.00;0.00
16.11.2020;21:47:33;3.33;61.15;10.73;760.79;0.00;0.00;0.00
16.11.2020;21:48:33;3.33;61.83;10.74;760.78;0.00;0.00;0.00
16.11.2020;21:49:33;3.35;61.76;10.75;760.79;0.00;0.00;0.00
16.11.2020;21:50:33;3.33;61.25;10.74;760.79;0.00;0.00;0.00
16.11.2020;21:51:33;3.32;61.73;10.75;760.82;0.00;0.00;0.00
16.11.2020;21:52:34;3.35;60.72;10.75;760.84;0.00;0.00;0.00
16.11.2020;21:53:34;3.33;61.65;10.73;760.89;0.00;0.00;0.00
16.11.2020;21:54:34;3.33;60.94;10.73;760.88;0.00;0.00;0.00
16.11.2020;21:55:34;3.33;60.80;10.72;760.90;0.00;0.00;0.00
16.11.2020;21:56:34;3.33;61.58;10.73;760.91;0.00;0.00;0.00
16.11.2020;21:57:34;3.33;61.73;10.74;760.91;0.00;0.00;0.00
16.11.2020;21:58:34;3.33;61.13;10.75;760.91;0.00;0.00;0.00
16.11.2020;21:59:34;3.33;61.42;10.75;760.93;0.00;0.00;0.00
16.11.2020;22:00:34;3.33;61.11;10.75;760.93;0.00;0.00;0.00
16.11.2020;22:01:34;3.33;61.26;10.75;760.90;0.00;0.00;0.00
16.11.2020;22:02:34;3.32;61.15;10.75;760.90;0.00;0.00;0.00
16.11.2020;22:03:34;3.35;59.56;10.73;760.89;0.00;0.00;0.00
16.11.2020;22:04:34;3.33;60.82;10.72;760.89;0.00;0.00;0.00
16.11.2020;22:05:34;3.32;60.98;10.72;760.90;0.00;0.00;0.00
16.11.2020;22:06:34;3.36;60.74;10.70;760.93;0.00;0.00;0.00
16.11.2020;22:07:34;3.33;61.02;10.70;760.96;0.00;0.00;0.00
16.11.2020;22:08:34;3.33;61.28;10.71;760.98;0.00;0.00;0.00
16.11.2020;22:09:34;3.35;61.40;10.71;760.99;0.00;0.00;0.00
16.11.2020;22:10:34;3.33;60.96;10.71;760.99;0.00;0.00;0.00
16.11.2020;22:11:34;3.33;60.87;10.71;760.99;0.00;0.00;0.00
16.11.2020;22:12:34;3.33;61.38;10.70;760.99;0.00;0.00;0.00
16.11.2020;22:13:34;3.33;61.23;10.70;760.98;0.00;0.00;0.00
16.11.2020;22:14:34;3.33;60.85;10.69;760.98;0.00;0.00;0.00
16.11.2020;22:15:34;3.33;61.08;10.68;760.99;0.00;0.00;0.00
16.11.2020;22:16:34;3.33;60.56;10.68;761.01;0.00;0.00;0.00
16.11.2020;22:17:34;3.35;59.75;10.64;761.00;0.00;0.00;0.00
16.11.2020;22:18:34;3.33;60.74;10.63;761.01;0.00;0.00;0.00
16.11.2020;22:19:34;3.33;61.74;10.64;761.02;0.00;0.00;0.00
16.11.2020;22:20:34;3.36;61.60;10.65;761.01;0.00;0.00;0.00
16.11.2020;22:21:34;3.33;61.01;10.65;761.00;0.00;0.00;0.00
16.11.2020;22:22:34;3.33;61.38;10.63;761.01;0.00;0.00;0.00
16.11.2020;22:23:35;3.35;61.61;10.63;761.02;0.00;0.00;0.00
16.11.2020;22:24:35;3.33;61.77;10.64;761.04;0.00;0.00;0.00
16.11.2020;22:25:35;3.33;61.37;10.64;761.07;0.00;0.00;0.00
16.11.2020;22:26:35;3.33;61.64;10.64;761.06;0.00;0.00;0.00
16.11.2020;22:27:35;3.33;61.77;10.64;761.06;0.00;0.00;0.00
16.11.2020;22:28:35;3.33;61.99;10.66;761.04;0.00;0.00;0.00
16.11.2020;22:29:35;3.33;61.69;10.66;761.02;0.00;0.00;0.00
16.11.2020;22:30:35;3.33;61.59;10.66;761.00;0.00;0.00;0.00
16.11.2020;22:31:35;3.35;61.39;10.67;760.98;0.00;0.00;0.00
16.11.2020;22:32:35;3.33;61.56;10.66;760.99;0.00;0.00;0.00
16.11.2020;22:33:35;3.33;61.62;10.66;761.00;0.00;0.00;0.00
16.11.2020;22:34:35;3.36;60.38;10.64;761.02;0.00;0.00;0.00
16.11.2020;22:35:35;3.33;61.60;10.65;761.05;0.00;0.00;0.00
16.11.2020;22:36:35;3.33;61.50;10.65;761.06;0.00;0.00;0.00
16.11.2020;22:37:35;3.33;61.24;10.63;761.07;0.00;0.00;0.00
16.11.2020;22:38:35;3.33;60.82;10.63;761.07;0.00;0.00;0.00
16.11.2020;22:39:35;3.33;59.72;10.60;761.05;0.00;0.00;0.00
16.11.2020;22:40:35;3.32;61.44;10.61;761.06;0.00;0.00;0.00
16.11.2020;22:41:35;3.33;60.30;10.59;761.06;0.00;0.00;0.00
16.11.2020;22:42:35;3.33;61.13;10.58;761.07;0.00;0.00;0.00
16.11.2020;22:43:35;3.33;60.69;10.57;761.07;0.00;0.00;0.00
16.11.2020;22:44:35;3.33;60.57;10.58;761.07;0.00;0.00;0.00
16.11.2020;22:45:35;3.35;61.19;10.57;761.07;0.00;0.00;0.00
16.11.2020;22:46:35;3.33;61.78;10.58;761.06;0.00;0.00;0.00
16.11.2020;22:47:35;3.33;61.47;10.57;761.06;0.00;0.00;0.00
16.11.2020;22:48:35;3.36;61.59;10.57;761.05;0.00;0.00;0.00
16.11.2020;22:49:35;3.33;61.91;10.57;761.05;0.00;0.00;0.00
16.11.2020;22:50:35;3.33;62.02;10.58;761.06;0.00;0.00;0.00
16.11.2020;22:51:35;3.35;61.06;10.56;761.06;0.00;0.00;0.00
16.11.2020;22:52:35;3.33;61.94;10.56;761.07;0.00;0.00;0.00
16.11.2020;22:53:35;3.33;61.91;10.57;761.07;0.00;0.00;0.00
16.11.2020;22:54:35;3.33;60.95;10.56;761.07;0.00;0.00;0.00
16.11.2020;22:55:36;3.33;61.86;10.55;761.07;0.00;0.00;0.00
16.11.2020;22:56:36;3.33;61.98;10.56;761.09;0.00;0.00;0.00
16.11.2020;22:57:36;3.33;61.73;10.58;761.08;0.00;0.00;0.00
16.11.2020;22:58:36;3.33;61.33;10.56;761.09;0.00;0.00;0.00
16.11.2020;22:59:36;3.35;60.71;10.56;761.09;0.00;0.00;0.00
16.11.2020;23:00:36;3.33;61.65;10.56;761.11;0.00;0.00;0.00
16.11.2020;23:01:36;3.33;61.76;10.56;761.11;0.00;0.00;0.00
16.11.2020;23:02:36;3.36;61.27;10.56;761.10;0.00;0.00;0.00
16.11.2020;23:03:36;3.33;61.79;10.56;761.10;0.00;0.00;0.00
16.11.2020;23:04:36;3.33;60.95;10.56;761.10;0.00;0.00;0.00
16.11.2020;23:05:36;3.35;61.47;10.56;761.11;0.00;0.00;0.00
16.11.2020;23:06:36;3.33;61.46;10.57;761.12;0.00;0.00;0.00
16.11.2020;23:07:36;3.33;61.53;10.56;761.12;0.00;0.00;0.00
16.11.2020;23:08:36;3.33;60.96;10.55;761.13;0.00;0.00;0.00
16.11.2020;23:09:36;3.33;61.58;10.56;761.15;0.00;0.00;0.00
16.11.2020;23:10:36;3.33;61.69;10.57;761.15;0.00;0.00;0.00
16.11.2020;23:11:36;3.33;60.33;10.56;761.16;0.00;0.00;0.00
16.11.2020;23:12:36;3.33;61.34;10.54;761.18;0.00;0.00;0.00
16.11.2020;23:13:36;3.35;60.30;10.53;761.19;0.00;0.00;0.00
16.11.2020;23:14:36;3.33;60.41;10.51;761.20;0.00;0.00;0.00
16.11.2020;23:15:36;3.33;60.82;10.50;761.20;0.00;0.00;0.00
16.11.2020;23:16:36;3.36;61.52;10.51;761.20;0.00;0.00;0.00
16.11.2020;23:17:36;3.33;59.95;10.49;761.19;0.00;0.00;0.00
16.11.2020;23:18:36;3.33;60.47;10.48;761.20;0.00;0.00;0.00
16.11.2020;23:19:36;3.35;60.10;10.46;761.19;0.00;0.00;0.00
16.11.2020;23:20:36;3.32;60.05;10.43;761.21;0.00;0.00;0.00
16.11.2020;23:21:36;3.33;60.04;10.42;761.24;0.00;0.00;0.00
16.11.2020;23:22:36;3.33;60.53;10.41;761.26;0.00;0.00;0.00
16.11.2020;23:23:36;3.33;61.58;10.42;761.26;0.00;0.00;0.00
16.11.2020;23:24:36;3.33;61.17;10.42;761.26;0.00;0.00;0.00
16.11.2020;23:25:36;3.33;60.33;10.41;761.25;0.00;0.00;0.00
16.11.2020;23:26:37;3.33;61.36;10.41;761.28;0.00;0.00;0.00
16.11.2020;23:27:37;3.35;61.95;10.42;761.31;0.00;0.00;0.00
16.11.2020;23:28:37;3.33;60.92;10.41;761.31;0.00;0.00;0.00
16.11.2020;23:29:37;3.33;61.80;10.40;761.33;0.00;0.00;0.00
16.11.2020;23:30:37;3.36;60.48;10.39;761.36;0.00;0.00;0.00
16.11.2020;23:31:37;3.33;61.25;10.39;761.37;0.00;0.00;0.00
16.11.2020;23:32:37;3.33;60.30;10.38;761.38;0.00;0.00;0.00
16.11.2020;23:33:37;3.35;61.21;10.38;761.40;0.00;0.00;0.00
16.11.2020;23:34:37;3.33;61.44;10.38;761.41;0.00;0.00;0.00
16.11.2020;23:35:37;3.33;61.27;10.39;761.40;0.00;0.00;0.00
16.11.2020;23:36:37;3.33;61.17;10.38;761.39;0.00;0.00;0.00
16.11.2020;23:37:37;3.33;61.97;10.38;761.40;0.00;0.00;0.00
16.11.2020;23:38:37;3.33;61.82;10.40;761.40;0.00;0.00;0.00
16.11.2020;23:39:37;3.33;60.04;10.38;761.39;0.00;0.00;0.00
16.11.2020;23:40:37;3.33;60.35;10.37;761.41;0.00;0.00;0.00
16.11.2020;23:41:37;3.35;60.89;10.36;761.43;0.00;0.00;0.00
16.11.2020;23:42:37;3.33;61.59;10.38;761.46;0.00;0.00;0.00
16.11.2020;23:43:37;3.33;61.17;10.38;761.47;0.00;0.00;0.00
16.11.2020;23:44:37;3.36;61.89;10.39;761.49;0.00;0.00;0.00
16.11.2020;23:45:37;3.33;61.44;10.38;761.50;0.00;0.00;0.00
16.11.2020;23:46:37;3.33;61.71;10.38;761.51;0.00;0.00;0.00
16.11.2020;23:47:37;3.35;61.69;10.38;761.51;0.00;0.00;0.00
16.11.2020;23:48:37;3.33;61.46;10.38;761.50;0.00;0.00;0.00
16.11.2020;23:49:37;3.33;61.85;10.38;761.50;0.00;0.00;0.00
16.11.2020;23:50:37;3.33;60.96;10.37;761.48;0.00;0.00;0.00
16.11.2020;23:51:37;3.33;61.40;10.37;761.48;0.00;0.00;0.00
16.11.2020;23:52:37;3.33;61.01;10.37;761.48;0.00;0.00;0.00
16.11.2020;23:53:37;3.33;60.50;10.37;761.48;0.00;0.00;0.00
16.11.2020;23:54:37;3.33;60.74;10.37;761.48;0.00;0.00;0.00
16.11.2020;23:55:37;3.35;61.43;10.37;761.49;0.00;0.00;0.00
16.11.2020;23:56:37;3.33;60.39;10.38;761.48;0.00;0.00;0.00
16.11.2020;23:57:38;3.33;60.56;10.37;761.46;0.00;0.00;0.00
16.11.2020;23:58:38;3.36;60.22;10.33;761.47;0.00;0.00;0.00
16.11.2020;23:59:38;3.33;60.25;10.33;761.48;0.00;0.00;0.00
