17.01.2021;0:00:48;2.50;30.12;2.62;750.87;0.00;0.00;0.00
17.01.2021;0:01:48;2.50;30.05;2.61;750.86;0.00;0.00;0.00
17.01.2021;0:02:48;2.50;30.09;2.60;750.86;0.00;0.00;0.00
17.01.2021;0:03:48;2.50;30.08;2.61;750.86;0.00;0.00;0.00
17.01.2021;0:04:48;2.50;30.07;2.60;750.87;0.00;0.00;0.00
17.01.2021;0:05:48;2.50;30.09;2.60;750.86;0.00;0.00;0.00
17.01.2021;0:06:48;2.54;30.08;2.60;750.85;0.00;0.00;0.00
17.01.2021;0:07:48;2.50;30.11;2.61;750.83;0.00;0.00;0.00
17.01.2021;0:08:48;2.50;30.09;2.61;750.83;0.00;0.00;0.00
17.01.2021;0:09:48;2.53;30.08;2.62;750.84;0.00;0.00;0.00
17.01.2021;0:10:48;2.50;30.07;2.61;750.84;0.00;0.00;0.00
17.01.2021;0:11:48;2.50;30.02;2.62;750.86;0.00;0.00;0.00
17.01.2021;0:12:48;2.51;30.03;2.61;750.86;0.00;0.00;0.00
17.01.2021;0:13:48;2.50;30.04;2.61;750.87;0.00;0.00;0.00
17.01.2021;0:14:48;2.50;30.03;2.61;750.88;0.00;0.00;0.00
17.01.2021;0:15:48;2.50;30.03;2.60;750.89;0.00;0.00;0.00
17.01.2021;0:16:48;2.50;30.06;2.62;750.89;0.00;0.00;0.00
17.01.2021;0:17:48;2.50;30.04;2.62;750.90;0.00;0.00;0.00
17.01.2021;0:18:48;2.50;30.04;2.61;750.90;0.00;0.00;0.00
17.01.2021;0:19:48;2.50;29.99;2.60;750.89;0.00;0.00;0.00
17.01.2021;0:20:48;2.53;30.08;2.61;750.89;0.00;0.00;0.00
17.01.2021;0:21:48;2.50;30.04;2.61;750.90;0.00;0.00;0.00
17.01.2021;0:22:48;2.50;30.01;2.61;750.90;0.00;0.00;0.00
17.01.2021;0:23:48;2.53;29.99;2.60;750.89;0.00;0.00;0.00
17.01.2021;0:24:48;2.50;30.05;2.59;750.86;0.00;0.00;0.00
17.01.2021;0:25:48;2.50;30.07;2.61;750.84;0.00;0.00;0.00
17.01.2021;0:26:48;2.51;30.01;2.63;750.82;0.00;0.00;0.00
17.01.2021;0:27:48;2.50;30.00;2.63;750.79;0.00;0.00;0.00
17.01.2021;0:28:48;2.50;30.00;2.63;750.80;0.00;0.00;0.00
17.01.2021;0:29:48;2.50;29.98;2.63;750.80;0.00;0.00;0.00
17.01.2021;0:30:48;2.51;30.04;2.62;750.80;0.00;0.00;0.00
17.01.2021;0:31:48;2.50;30.02;2.63;750.83;0.00;0.00;0.00
17.01.2021;0:32:48;2.50;30.00;2.63;750.84;0.00;0.00;0.00
17.01.2021;0:33:48;2.50;29.94;2.61;750.85;0.00;0.00;0.00
17.01.2021;0:34:48;2.53;29.92;2.60;750.85;0.00;0.00;0.00
17.01.2021;0:35:48;2.50;29.96;2.61;750.85;0.00;0.00;0.00
17.01.2021;0:36:49;2.50;29.95;2.62;750.82;0.00;0.00;0.00
17.01.2021;0:37:49;2.53;29.95;2.62;750.81;0.00;0.00;0.00
17.01.2021;0:38:49;2.50;29.90;2.61;750.80;0.00;0.00;0.00
17.01.2021;0:39:49;2.50;29.91;2.62;750.81;0.00;0.00;0.00
17.01.2021;0:40:49;2.51;29.95;2.60;750.83;0.00;0.00;0.00
17.01.2021;0:41:49;2.50;29.91;2.60;750.86;0.00;0.00;0.00
17.01.2021;0:42:49;2.50;29.94;2.59;750.87;0.00;0.00;0.00
17.01.2021;0:43:49;2.50;30.04;2.60;750.87;0.00;0.00;0.00
17.01.2021;0:44:49;2.50;29.97;2.60;750.86;0.00;0.00;0.00
17.01.2021;0:45:49;2.50;29.97;2.61;750.85;0.00;0.00;0.00
17.01.2021;0:46:49;2.50;29.99;2.61;750.83;0.00;0.00;0.00
17.01.2021;0:47:49;2.50;29.96;2.61;750.80;0.00;0.00;0.00
17.01.2021;0:48:49;2.53;29.90;2.60;750.77;0.00;0.00;0.00
17.01.2021;0:49:49;2.50;29.94;2.60;750.75;0.00;0.00;0.00
17.01.2021;0:50:49;2.50;29.92;2.60;750.76;0.00;0.00;0.00
17.01.2021;0:51:49;2.53;29.88;2.59;750.77;0.00;0.00;0.00
17.01.2021;0:52:49;2.50;29.88;2.58;750.77;0.00;0.00;0.00
17.01.2021;0:53:49;2.50;29.98;2.57;750.77;0.00;0.00;0.00
17.01.2021;0:54:49;2.51;29.92;2.58;750.77;0.00;0.00;0.00
17.01.2021;0:55:49;2.50;29.96;2.59;750.77;0.00;0.00;0.00
17.01.2021;0:56:49;2.50;29.94;2.58;750.76;0.00;0.00;0.00
17.01.2021;0:57:49;2.50;29.96;2.57;750.74;0.00;0.00;0.00
17.01.2021;0:58:49;2.50;29.91;2.57;750.71;0.00;0.00;0.00
17.01.2021;0:59:49;2.50;29.90;2.57;750.69;0.00;0.00;0.00
17.01.2021;1:00:49;2.50;29.94;2.57;750.69;0.00;0.00;0.00
17.01.2021;1:01:49;2.50;29.98;2.58;750.68;0.00;0.00;0.00
17.01.2021;1:02:49;2.53;29.92;2.60;750.69;0.00;0.00;0.00
17.01.2021;1:03:49;2.50;29.85;2.59;750.70;0.00;0.00;0.00
17.01.2021;1:04:49;2.50;29.91;2.57;750.71;0.00;0.00;0.00
17.01.2021;1:05:49;2.53;29.93;2.57;750.70;0.00;0.00;0.00
17.01.2021;1:06:49;2.50;29.90;2.57;750.68;0.00;0.00;0.00
17.01.2021;1:07:49;2.50;29.91;2.57;750.67;0.00;0.00;0.00
17.01.2021;1:08:49;2.51;29.86;2.58;750.65;0.00;0.00;0.00
17.01.2021;1:09:49;2.50;29.89;2.58;750.66;0.00;0.00;0.00
17.01.2021;1:10:49;2.50;29.85;2.58;750.67;0.00;0.00;0.00
17.01.2021;1:11:49;2.50;29.86;2.59;750.68;0.00;0.00;0.00
17.01.2021;1:12:49;2.50;29.81;2.59;750.68;0.00;0.00;0.00
17.01.2021;1:13:49;2.50;29.86;2.58;750.68;0.00;0.00;0.00
17.01.2021;1:14:49;2.50;29.84;2.57;750.67;0.00;0.00;0.00
17.01.2021;1:15:49;2.50;29.77;2.56;750.66;0.00;0.00;0.00
17.01.2021;1:16:49;2.53;29.88;2.55;750.64;0.00;0.00;0.00
17.01.2021;1:17:49;2.50;29.87;2.56;750.62;0.00;0.00;0.00
17.01.2021;1:18:50;2.50;29.85;2.57;750.60;0.00;0.00;0.00
17.01.2021;1:19:50;2.53;29.79;2.56;750.59;0.00;0.00;0.00
17.01.2021;1:20:50;2.50;29.80;2.53;750.59;0.00;0.00;0.00
17.01.2021;1:21:50;2.50;29.82;2.52;750.59;0.00;0.00;0.00
17.01.2021;1:22:50;2.51;29.87;2.52;750.61;0.00;0.00;0.00
17.01.2021;1:23:50;2.50;29.91;2.52;750.61;0.00;0.00;0.00
17.01.2021;1:24:50;2.50;29.89;2.52;750.63;0.00;0.00;0.00
17.01.2021;1:25:50;2.50;29.84;2.51;750.64;0.00;0.00;0.00
17.01.2021;1:26:50;2.50;29.88;2.50;750.64;0.00;0.00;0.00
17.01.2021;1:27:50;2.50;29.90;2.50;750.63;0.00;0.00;0.00
17.01.2021;1:28:50;2.50;29.90;2.49;750.60;0.00;0.00;0.00
17.01.2021;1:29:50;2.50;29.90;2.49;750.56;0.00;0.00;0.00
17.01.2021;1:30:50;2.53;29.84;2.47;750.54;0.00;0.00;0.00
17.01.2021;1:31:50;2.50;29.88;2.47;750.54;0.00;0.00;0.00
17.01.2021;1:32:50;2.50;29.90;2.48;750.53;0.00;0.00;0.00
17.01.2021;1:33:50;2.53;29.93;2.49;750.51;0.00;0.00;0.00
17.01.2021;1:34:50;2.50;29.87;2.48;750.50;0.00;0.00;0.00
17.01.2021;1:35:50;2.50;29.96;2.48;750.49;0.00;0.00;0.00
17.01.2021;1:36:50;2.51;29.93;2.48;750.50;0.00;0.00;0.00
17.01.2021;1:37:50;2.50;30.01;2.48;750.50;0.00;0.00;0.00
17.01.2021;1:38:50;2.50;29.95;2.49;750.49;0.00;0.00;0.00
17.01.2021;1:39:50;2.50;29.95;2.49;750.49;0.00;0.00;0.00
17.01.2021;1:40:50;2.50;29.85;2.49;750.47;0.00;0.00;0.00
17.01.2021;1:41:50;2.50;29.91;2.49;750.48;0.00;0.00;0.00
17.01.2021;1:42:50;2.50;29.89;2.49;750.49;0.00;0.00;0.00
17.01.2021;1:43:50;2.50;29.90;2.47;750.50;0.00;0.00;0.00
17.01.2021;1:44:50;2.53;29.88;2.46;750.52;0.00;0.00;0.00
17.01.2021;1:45:50;2.50;29.93;2.46;750.53;0.00;0.00;0.00
17.01.2021;1:46:50;2.50;29.87;2.47;750.54;0.00;0.00;0.00
17.01.2021;1:47:50;2.53;29.88;2.47;750.54;0.00;0.00;0.00
17.01.2021;1:48:50;2.50;29.86;2.46;750.53;0.00;0.00;0.00
17.01.2021;1:49:50;2.50;29.96;2.47;750.51;0.00;0.00;0.00
17.01.2021;1:50:50;2.51;29.93;2.46;750.50;0.00;0.00;0.00
17.01.2021;1:51:50;2.50;29.86;2.46;750.50;0.00;0.00;0.00
17.01.2021;1:52:50;2.50;29.82;2.45;750.50;0.00;0.00;0.00
17.01.2021;1:53:50;2.50;29.83;2.46;750.50;0.00;0.00;0.00
17.01.2021;1:54:50;2.50;29.85;2.46;750.50;0.00;0.00;0.00
17.01.2021;1:55:50;2.50;29.86;2.47;750.50;0.00;0.00;0.00
17.01.2021;1:56:50;2.50;29.74;2.47;750.51;0.00;0.00;0.00
17.01.2021;1:57:50;2.50;29.77;2.45;750.51;0.00;0.00;0.00
17.01.2021;1:58:50;2.53;29.85;2.42;750.49;0.00;0.00;0.00
17.01.2021;1:59:50;2.50;29.88;2.42;750.49;0.00;0.00;0.00
17.01.2021;2:00:50;2.50;29.83;2.43;750.48;0.00;0.00;0.00
17.01.2021;2:01:51;2.53;29.77;2.41;750.47;0.00;0.00;0.00
17.01.2021;2:02:51;2.50;29.77;2.40;750.47;0.00;0.00;0.00
17.01.2021;2:03:51;2.50;29.76;2.41;750.47;0.00;0.00;0.00
17.01.2021;2:04:51;2.51;29.79;2.42;750.46;0.00;0.00;0.00
17.01.2021;2:05:51;2.50;29.82;2.42;750.46;0.00;0.00;0.00
17.01.2021;2:06:51;2.50;29.75;2.42;750.46;0.00;0.00;0.00
17.01.2021;2:07:51;2.50;29.78;2.41;750.46;0.00;0.00;0.00
17.01.2021;2:08:51;2.50;29.78;2.40;750.46;0.00;0.00;0.00
17.01.2021;2:09:51;2.50;29.84;2.39;750.46;0.00;0.00;0.00
17.01.2021;2:10:51;2.50;29.81;2.38;750.46;0.00;0.00;0.00
17.01.2021;2:11:51;2.50;29.83;2.36;750.46;0.00;0.00;0.00
17.01.2021;2:12:51;2.53;29.80;2.38;750.46;0.00;0.00;0.00
17.01.2021;2:13:51;2.50;29.76;2.36;750.45;0.00;0.00;0.00
17.01.2021;2:14:51;2.50;29.83;2.34;750.46;0.00;0.00;0.00
17.01.2021;2:15:51;2.53;29.77;2.35;750.46;0.00;0.00;0.00
17.01.2021;2:16:51;2.50;29.76;2.34;750.47;0.00;0.00;0.00
17.01.2021;2:17:51;2.50;29.77;2.33;750.48;0.00;0.00;0.00
17.01.2021;2:18:51;2.51;29.77;2.32;750.47;0.00;0.00;0.00
17.01.2021;2:19:51;2.50;29.85;2.31;750.46;0.00;0.00;0.00
17.01.2021;2:20:51;2.50;29.91;2.30;750.45;0.00;0.00;0.00
17.01.2021;2:21:51;2.50;29.84;2.30;750.44;0.00;0.00;0.00
17.01.2021;2:22:51;2.50;29.90;2.28;750.45;0.00;0.00;0.00
17.01.2021;2:23:51;2.50;29.88;2.28;750.45;0.00;0.00;0.00
17.01.2021;2:24:51;2.50;29.80;2.28;750.47;0.00;0.00;0.00
17.01.2021;2:25:51;2.50;29.85;2.26;750.47;0.00;0.00;0.00
17.01.2021;2:26:51;2.53;29.90;2.25;750.49;0.00;0.00;0.00
17.01.2021;2:27:51;2.50;29.96;2.26;750.48;0.00;0.00;0.00
17.01.2021;2:28:51;2.50;29.93;2.27;750.49;0.00;0.00;0.00
17.01.2021;2:29:51;2.53;29.93;2.29;750.49;0.00;0.00;0.00
17.01.2021;2:30:51;2.50;29.92;2.30;750.51;0.00;0.00;0.00
17.01.2021;2:31:51;2.50;29.85;2.30;750.50;0.00;0.00;0.00
17.01.2021;2:32:51;2.51;29.85;2.29;750.51;0.00;0.00;0.00
17.01.2021;2:33:51;2.50;29.76;2.28;750.52;0.00;0.00;0.00
17.01.2021;2:34:51;2.50;29.75;2.26;750.53;0.00;0.00;0.00
17.01.2021;2:35:51;2.50;29.76;2.26;750.52;0.00;0.00;0.00
17.01.2021;2:36:51;2.50;29.83;2.25;750.51;0.00;0.00;0.00
17.01.2021;2:37:51;2.50;29.84;2.25;750.52;0.00;0.00;0.00
17.01.2021;2:38:51;2.50;29.80;2.26;750.51;0.00;0.00;0.00
17.01.2021;2:39:51;2.50;29.79;2.24;750.51;0.00;0.00;0.00
17.01.2021;2:40:51;2.53;29.81;2.23;750.51;0.00;0.00;0.00
17.01.2021;2:41:51;2.50;29.82;2.23;750.51;0.00;0.00;0.00
17.01.2021;2:42:51;2.50;29.77;2.23;750.50;0.00;0.00;0.00
17.01.2021;2:43:51;2.53;29.78;2.22;750.51;0.00;0.00;0.00
17.01.2021;2:44:52;2.50;29.83;2.23;750.53;0.00;0.00;0.00
17.01.2021;2:45:52;2.50;29.79;2.23;750.56;0.00;0.00;0.00
17.01.2021;2:46:52;2.51;29.89;2.23;750.57;0.00;0.00;0.00
17.01.2021;2:47:52;2.50;29.81;2.23;750.57;0.00;0.00;0.00
17.01.2021;2:48:52;2.50;29.81;2.22;750.58;0.00;0.00;0.00
17.01.2021;2:49:52;2.50;29.86;2.21;750.58;0.00;0.00;0.00
17.01.2021;2:50:52;2.50;29.88;2.21;750.59;0.00;0.00;0.00
17.01.2021;2:51:52;2.50;29.91;2.20;750.60;0.00;0.00;0.00
17.01.2021;2:52:52;2.50;29.92;2.21;750.60;0.00;0.00;0.00
17.01.2021;2:53:52;2.50;29.89;2.21;750.60;0.00;0.00;0.00
17.01.2021;2:54:52;2.53;29.85;2.20;750.61;0.00;0.00;0.00
17.01.2021;2:55:52;2.50;29.93;2.21;750.61;0.00;0.00;0.00
17.01.2021;2:56:52;2.50;29.88;2.21;750.62;0.00;0.00;0.00
17.01.2021;2:57:52;2.53;29.87;2.20;750.61;0.00;0.00;0.00
17.01.2021;2:58:52;2.50;29.90;2.20;750.59;0.00;0.00;0.00
17.01.2021;2:59:52;2.50;29.89;2.20;750.58;0.00;0.00;0.00
17.01.2021;3:00:52;2.51;29.90;2.20;750.59;0.00;0.00;0.00
17.01.2021;3:01:52;2.50;29.90;2.19;750.59;0.00;0.00;0.00
17.01.2021;3:02:52;2.50;29.91;2.19;750.60;0.00;0.00;0.00
17.01.2021;3:03:52;2.50;29.88;2.18;750.62;0.00;0.00;0.00
17.01.2021;3:04:52;2.50;29.92;2.17;750.62;0.00;0.00;0.00
17.01.2021;3:05:52;2.50;29.98;2.18;750.61;0.00;0.00;0.00
17.01.2021;3:06:52;2.50;29.96;2.18;750.60;0.00;0.00;0.00
17.01.2021;3:07:52;2.50;29.92;2.17;750.60;0.00;0.00;0.00
17.01.2021;3:08:52;2.53;30.05;2.17;750.61;0.00;0.00;0.00
17.01.2021;3:09:52;2.50;29.97;2.18;750.62;0.00;0.00;0.00
17.01.2021;3:10:52;2.50;29.88;2.18;750.61;0.00;0.00;0.00
17.01.2021;3:11:52;2.53;29.89;2.18;750.62;0.00;0.00;0.00
17.01.2021;3:12:52;2.50;29.88;2.19;750.64;0.00;0.00;0.00
17.01.2021;3:13:52;2.50;29.91;2.19;750.68;0.00;0.00;0.00
17.01.2021;3:14:52;2.51;29.91;2.18;750.70;0.00;0.00;0.00
17.01.2021;3:15:52;2.50;29.92;2.19;750.71;0.00;0.00;0.00
17.01.2021;3:16:52;2.50;29.90;2.20;750.72;0.00;0.00;0.00
17.01.2021;3:17:52;2.50;29.95;2.19;750.70;0.00;0.00;0.00
17.01.2021;3:18:52;2.50;29.94;2.21;750.69;0.00;0.00;0.00
17.01.2021;3:19:52;2.50;29.90;2.23;750.66;0.00;0.00;0.00
17.01.2021;3:20:52;2.50;29.83;2.22;750.63;0.00;0.00;0.00
17.01.2021;3:21:52;2.50;29.89;2.21;750.62;0.00;0.00;0.00
17.01.2021;3:22:52;2.53;29.87;2.21;750.61;0.00;0.00;0.00
17.01.2021;3:23:52;2.50;29.89;2.21;750.60;0.00;0.00;0.00
17.01.2021;3:24:52;2.50;29.87;2.21;750.60;0.00;0.00;0.00
17.01.2021;3:25:52;2.53;29.89;2.21;750.61;0.00;0.00;0.00
17.01.2021;3:26:52;2.50;29.86;2.21;750.60;0.00;0.00;0.00
17.01.2021;3:27:53;2.50;29.86;2.20;750.61;0.00;0.00;0.00
17.01.2021;3:28:53;2.51;29.89;2.20;750.62;0.00;0.00;0.00
17.01.2021;3:29:53;2.50;29.85;2.19;750.62;0.00;0.00;0.00
17.01.2021;3:30:53;2.50;29.87;2.19;750.65;0.00;0.00;0.00
17.01.2021;3:31:53;2.50;29.94;2.19;750.64;0.00;0.00;0.00
17.01.2021;3:32:53;2.50;29.86;2.19;750.61;0.00;0.00;0.00
17.01.2021;3:33:53;2.50;29.94;2.19;750.61;0.00;0.00;0.00
17.01.2021;3:34:53;2.50;29.88;2.20;750.61;0.00;0.00;0.00
17.01.2021;3:35:53;2.50;29.90;2.19;750.60;0.00;0.00;0.00
17.01.2021;3:36:53;2.53;29.88;2.19;750.60;0.00;0.00;0.00
17.01.2021;3:37:53;2.50;29.90;2.19;750.60;0.00;0.00;0.00
17.01.2021;3:38:53;2.50;29.94;2.19;750.59;0.00;0.00;0.00
17.01.2021;3:39:53;2.53;29.93;2.19;750.58;0.00;0.00;0.00
17.01.2021;3:40:53;2.50;29.83;2.19;750.58;0.00;0.00;0.00
17.01.2021;3:41:53;2.50;29.91;2.19;750.59;0.00;0.00;0.00
17.01.2021;3:42:53;2.51;29.88;2.20;750.56;0.00;0.00;0.00
17.01.2021;3:43:53;2.50;29.84;2.19;750.54;0.00;0.00;0.00
17.01.2021;3:44:53;2.50;29.85;2.19;750.53;0.00;0.00;0.00
17.01.2021;3:45:53;2.50;29.84;2.20;750.53;0.00;0.00;0.00
17.01.2021;3:46:53;2.50;29.86;2.19;750.55;0.00;0.00;0.00
17.01.2021;3:47:53;2.50;29.85;2.19;750.56;0.00;0.00;0.00
17.01.2021;3:48:53;2.50;29.85;2.19;750.55;0.00;0.00;0.00
17.01.2021;3:49:53;2.50;29.85;2.19;750.54;0.00;0.00;0.00
17.01.2021;3:50:53;2.53;29.82;2.18;750.54;0.00;0.00;0.00
17.01.2021;3:51:53;2.50;29.83;2.18;750.53;0.00;0.00;0.00
17.01.2021;3:52:53;2.50;29.86;2.18;750.53;0.00;0.00;0.00
17.01.2021;3:53:53;2.53;29.84;2.18;750.53;0.00;0.00;0.00
17.01.2021;3:54:53;2.50;29.90;2.18;750.53;0.00;0.00;0.00
17.01.2021;3:55:53;2.50;29.83;2.17;750.52;0.00;0.00;0.00
17.01.2021;3:56:53;2.51;29.88;2.17;750.52;0.00;0.00;0.00
17.01.2021;3:57:53;2.50;29.84;2.17;750.50;0.00;0.00;0.00
17.01.2021;3:58:53;2.50;29.81;2.17;750.50;0.00;0.00;0.00
17.01.2021;3:59:53;2.50;29.76;2.17;750.49;0.00;0.00;0.00
17.01.2021;4:00:53;2.50;29.80;2.17;750.50;0.00;0.00;0.00
17.01.2021;4:01:53;2.50;29.82;2.19;750.49;0.00;0.00;0.00
17.01.2021;4:02:53;2.50;29.69;2.18;750.48;0.00;0.00;0.00
17.01.2021;4:03:53;2.50;29.74;2.16;750.48;0.00;0.00;0.00
17.01.2021;4:04:53;2.53;29.79;2.17;750.47;0.00;0.00;0.00
17.01.2021;4:05:53;2.50;29.71;2.17;750.47;0.00;0.00;0.00
17.01.2021;4:06:53;2.50;29.75;2.15;750.47;0.00;0.00;0.00
17.01.2021;4:07:53;2.53;29.69;2.15;750.50;0.00;0.00;0.00
17.01.2021;4:08:53;2.50;29.76;2.14;750.51;0.00;0.00;0.00
17.01.2021;4:09:53;2.50;29.78;2.13;750.51;0.00;0.00;0.00
17.01.2021;4:10:54;2.51;29.76;2.12;750.51;0.00;0.00;0.00
17.01.2021;4:11:54;2.50;29.79;2.11;750.50;0.00;0.00;0.00
17.01.2021;4:12:54;2.50;29.76;2.11;750.50;0.00;0.00;0.00
17.01.2021;4:13:54;2.50;29.71;2.09;750.48;0.00;0.00;0.00
17.01.2021;4:14:54;2.50;29.84;2.09;750.46;0.00;0.00;0.00
17.01.2021;4:15:54;2.50;29.78;2.10;750.44;0.00;0.00;0.00
17.01.2021;4:16:54;2.50;29.80;2.08;750.45;0.00;0.00;0.00
17.01.2021;4:17:54;2.50;29.83;2.09;750.45;0.00;0.00;0.00
17.01.2021;4:18:54;2.53;29.76;2.09;750.45;0.00;0.00;0.00
17.01.2021;4:19:54;2.50;29.81;2.09;750.46;0.00;0.00;0.00
17.01.2021;4:20:54;2.50;29.83;2.10;750.46;0.00;0.00;0.00
17.01.2021;4:21:54;2.53;29.73;2.10;750.46;0.00;0.00;0.00
17.01.2021;4:22:54;2.50;29.72;2.09;750.47;0.00;0.00;0.00
17.01.2021;4:23:54;2.50;29.73;2.06;750.51;0.00;0.00;0.00
17.01.2021;4:24:54;2.51;29.77;2.06;750.54;0.00;0.00;0.00
17.01.2021;4:25:54;2.50;29.81;2.05;750.56;0.00;0.00;0.00
17.01.2021;4:26:54;2.50;29.89;2.05;750.58;0.00;0.00;0.00
17.01.2021;4:27:54;2.50;29.91;2.04;750.58;0.00;0.00;0.00
17.01.2021;4:28:54;2.50;29.88;2.04;750.58;0.00;0.00;0.00
17.01.2021;4:29:54;2.50;29.87;2.04;750.58;0.00;0.00;0.00
17.01.2021;4:30:54;2.50;29.82;2.02;750.58;0.00;0.00;0.00
17.01.2021;4:31:54;2.50;29.81;2.02;750.59;0.00;0.00;0.00
17.01.2021;4:32:54;2.53;29.86;2.01;750.60;0.00;0.00;0.00
17.01.2021;4:33:54;2.50;29.86;2.02;750.60;0.00;0.00;0.00
17.01.2021;4:34:54;2.50;29.86;2.02;750.60;0.00;0.00;0.00
17.01.2021;4:35:54;2.53;29.84;2.03;750.59;0.00;0.00;0.00
17.01.2021;4:36:54;2.50;29.81;2.02;750.57;0.00;0.00;0.00
17.01.2021;4:37:54;2.50;29.83;2.00;750.57;0.00;0.00;0.00
17.01.2021;4:38:54;2.51;29.92;1.99;750.57;0.00;0.00;0.00
17.01.2021;4:39:54;2.50;29.86;1.99;750.58;0.00;0.00;0.00
17.01.2021;4:40:54;2.50;29.88;1.98;750.58;0.00;0.00;0.00
17.01.2021;4:41:54;2.50;29.90;1.97;750.59;0.00;0.00;0.00
17.01.2021;4:42:54;2.50;29.87;1.96;750.59;0.00;0.00;0.00
17.01.2021;4:43:54;2.50;29.90;1.96;750.59;0.00;0.00;0.00
17.01.2021;4:44:54;2.50;29.87;1.95;750.59;0.00;0.00;0.00
17.01.2021;4:45:54;2.50;29.97;1.96;750.57;0.00;0.00;0.00
17.01.2021;4:46:54;2.53;29.89;1.96;750.56;0.00;0.00;0.00
17.01.2021;4:47:54;2.50;29.89;1.96;750.56;0.00;0.00;0.00
17.01.2021;4:48:54;2.50;29.91;1.95;750.55;0.00;0.00;0.00
17.01.2021;4:49:54;2.53;29.93;1.95;750.54;0.00;0.00;0.00
17.01.2021;4:50:54;2.53;29.99;1.94;750.52;0.00;0.00;0.00
17.01.2021;4:51:54;2.50;29.96;1.94;750.52;0.00;0.00;0.00
17.01.2021;4:52:54;2.51;29.96;1.94;750.52;0.00;0.00;0.00
17.01.2021;4:53:55;2.50;29.93;1.94;750.51;0.00;0.00;0.00
17.01.2021;4:54:55;2.50;29.92;1.92;750.52;0.00;0.00;0.00
17.01.2021;4:55:55;2.50;29.91;1.93;750.51;0.00;0.00;0.00
17.01.2021;4:56:55;2.50;29.90;1.91;750.50;0.00;0.00;0.00
17.01.2021;4:57:55;2.50;29.95;1.89;750.48;0.00;0.00;0.00
17.01.2021;4:58:55;2.50;29.97;1.89;750.47;0.00;0.00;0.00
17.01.2021;4:59:55;2.50;30.04;1.87;750.46;0.00;0.00;0.00
17.01.2021;5:00:55;2.53;30.08;1.87;750.44;0.00;0.00;0.00
17.01.2021;5:01:55;2.50;30.08;1.86;750.43;0.00;0.00;0.00
17.01.2021;5:02:55;2.51;30.11;1.87;750.43;0.00;0.00;0.00
17.01.2021;5:03:55;2.53;30.14;1.88;750.44;0.00;0.00;0.00
17.01.2021;5:04:55;2.50;30.11;1.88;750.44;0.00;0.00;0.00
17.01.2021;5:05:55;2.50;30.10;1.87;750.42;0.00;0.00;0.00
17.01.2021;5:06:55;2.51;30.09;1.86;750.43;0.00;0.00;0.00
17.01.2021;5:07:55;2.50;30.14;1.86;750.43;0.00;0.00;0.00
17.01.2021;5:08:55;2.50;30.11;1.86;750.43;0.00;0.00;0.00
17.01.2021;5:09:55;2.50;30.09;1.85;750.44;0.00;0.00;0.00
17.01.2021;5:10:55;2.50;30.11;1.84;750.44;0.00;0.00;0.00
17.01.2021;5:11:55;2.50;30.13;1.84;750.42;0.00;0.00;0.00
17.01.2021;5:12:55;2.50;30.16;1.85;750.42;0.00;0.00;0.00
17.01.2021;5:13:55;2.50;30.15;1.86;750.42;0.00;0.00;0.00
17.01.2021;5:14:55;2.53;30.08;1.86;750.41;0.00;0.00;0.00
17.01.2021;5:15:55;2.50;30.14;1.85;750.42;0.00;0.00;0.00
17.01.2021;5:16:55;2.50;30.18;1.86;750.44;0.00;0.00;0.00
17.01.2021;5:17:55;2.54;30.11;1.85;750.45;0.00;0.00;0.00
17.01.2021;5:18:55;2.53;30.19;1.84;750.45;0.00;0.00;0.00
17.01.2021;5:19:55;2.50;30.17;1.83;750.44;0.00;0.00;0.00
17.01.2021;5:20:55;2.51;30.19;1.82;750.43;0.00;0.00;0.00
17.01.2021;5:21:55;2.50;30.22;1.81;750.41;0.00;0.00;0.00
17.01.2021;5:22:55;2.50;30.19;1.80;750.40;0.00;0.00;0.00
17.01.2021;5:23:55;2.50;30.17;1.80;750.41;0.00;0.00;0.00
17.01.2021;5:24:55;2.50;30.15;1.81;750.41;0.00;0.00;0.00
17.01.2021;5:25:55;2.50;30.16;1.80;750.40;0.00;0.00;0.00
17.01.2021;5:26:55;2.50;30.21;1.81;750.42;0.00;0.00;0.00
17.01.2021;5:27:55;2.50;30.18;1.82;750.43;0.00;0.00;0.00
17.01.2021;5:28:55;2.53;30.14;1.82;750.44;0.00;0.00;0.00
17.01.2021;5:29:55;2.50;30.24;1.81;750.46;0.00;0.00;0.00
17.01.2021;5:30:55;2.50;30.17;1.80;750.46;0.00;0.00;0.00
17.01.2021;5:31:55;2.53;30.27;1.80;750.46;0.00;0.00;0.00
17.01.2021;5:32:55;2.50;30.22;1.81;750.44;0.00;0.00;0.00
17.01.2021;5:33:55;2.50;30.13;1.80;750.41;0.00;0.00;0.00
17.01.2021;5:34:55;2.51;30.20;1.81;750.41;0.00;0.00;0.00
17.01.2021;5:35:55;2.50;30.19;1.82;750.40;0.00;0.00;0.00
17.01.2021;5:36:56;2.50;30.11;1.82;750.39;0.00;0.00;0.00
17.01.2021;5:37:56;2.50;30.16;1.80;750.38;0.00;0.00;0.00
17.01.2021;5:38:56;2.50;30.16;1.80;750.38;0.00;0.00;0.00
17.01.2021;5:39:56;2.50;30.16;1.79;750.36;0.00;0.00;0.00
17.01.2021;5:40:56;2.50;30.13;1.80;750.36;0.00;0.00;0.00
17.01.2021;5:41:56;2.50;30.09;1.79;750.35;0.00;0.00;0.00
17.01.2021;5:42:56;2.53;30.14;1.80;750.35;0.00;0.00;0.00
17.01.2021;5:43:56;2.50;30.09;1.80;750.33;0.00;0.00;0.00
17.01.2021;5:44:56;2.50;30.05;1.80;750.33;0.00;0.00;0.00
17.01.2021;5:45:56;2.53;30.08;1.78;750.32;0.00;0.00;0.00
17.01.2021;5:46:56;2.50;30.11;1.79;750.31;0.00;0.00;0.00
17.01.2021;5:47:56;2.50;30.11;1.79;750.30;0.00;0.00;0.00
17.01.2021;5:48:56;2.51;30.10;1.80;750.30;0.00;0.00;0.00
17.01.2021;5:49:56;2.50;30.09;1.80;750.28;0.00;0.00;0.00
17.01.2021;5:50:56;2.50;30.14;1.82;750.27;0.00;0.00;0.00
17.01.2021;5:51:56;2.50;30.04;1.83;750.26;0.00;0.00;0.00
17.01.2021;5:52:56;2.50;30.04;1.82;750.26;0.00;0.00;0.00
17.01.2021;5:53:56;2.50;30.04;1.82;750.24;0.00;0.00;0.00
17.01.2021;5:54:56;2.50;30.02;1.82;750.24;0.00;0.00;0.00
17.01.2021;5:55:56;2.50;30.06;1.82;750.25;0.00;0.00;0.00
17.01.2021;5:56:56;2.53;30.05;1.83;750.24;0.00;0.00;0.00
17.01.2021;5:57:56;2.50;30.05;1.83;750.23;0.00;0.00;0.00
17.01.2021;5:58:56;2.50;30.07;1.82;750.24;0.00;0.00;0.00
17.01.2021;5:59:56;2.53;30.03;1.82;750.25;0.00;0.00;0.00
17.01.2021;6:00:56;2.50;30.10;1.81;750.24;0.00;0.00;0.00
17.01.2021;6:01:56;2.50;30.08;1.83;750.23;0.00;0.00;0.00
17.01.2021;6:02:56;2.51;30.01;1.81;750.23;0.00;0.00;0.00
17.01.2021;6:03:56;2.50;30.05;1.81;750.23;0.00;0.00;0.00
17.01.2021;6:04:56;2.50;30.09;1.83;750.23;0.00;0.00;0.00
17.01.2021;6:05:56;2.50;29.95;1.82;750.23;0.00;0.00;0.00
17.01.2021;6:06:56;2.51;29.96;1.82;750.25;0.00;0.00;0.00
17.01.2021;6:07:56;2.50;29.97;1.82;750.24;0.00;0.00;0.00
17.01.2021;6:08:56;2.50;30.01;1.83;750.24;0.00;0.00;0.00
17.01.2021;6:09:56;2.50;30.02;1.84;750.24;0.00;0.00;0.00
17.01.2021;6:10:56;2.53;29.94;1.84;750.25;0.00;0.00;0.00
17.01.2021;6:11:56;2.51;30.02;1.85;750.25;0.00;0.00;0.00
17.01.2021;6:12:56;2.50;30.01;1.86;750.27;0.00;0.00;0.00
17.01.2021;6:13:56;2.53;29.97;1.88;750.27;0.00;0.00;0.00
17.01.2021;6:14:56;2.50;29.93;1.87;750.27;0.00;0.00;0.00
17.01.2021;6:15:56;2.51;29.98;1.87;750.28;0.00;0.00;0.00
17.01.2021;6:16:56;2.51;29.99;1.87;750.28;0.00;0.00;0.00
17.01.2021;6:17:56;2.51;29.99;1.86;750.28;0.00;0.00;0.00
17.01.2021;6:18:56;2.51;30.04;1.86;750.28;0.00;0.00;0.00
17.01.2021;6:19:56;2.50;29.99;1.86;750.28;0.00;0.00;0.00
17.01.2021;6:20:57;2.50;29.99;1.87;750.26;0.00;0.00;0.00
17.01.2021;6:21:57;2.50;29.99;1.87;750.25;0.00;0.00;0.00
17.01.2021;6:22:57;2.50;29.96;1.88;750.25;0.00;0.00;0.00
17.01.2021;6:23:57;2.51;29.90;1.87;750.27;0.00;0.00;0.00
17.01.2021;6:24:57;2.53;29.91;1.87;750.29;0.00;0.00;0.00
17.01.2021;6:25:57;2.50;29.95;1.86;750.32;0.00;0.00;0.00
17.01.2021;6:26:57;2.50;30.03;1.86;750.33;0.00;0.00;0.00
17.01.2021;6:27:57;2.53;29.99;1.85;750.34;0.00;0.00;0.00
17.01.2021;6:28:57;2.50;29.96;1.85;750.34;0.00;0.00;0.00
17.01.2021;6:29:57;2.50;29.98;1.84;750.34;0.00;0.00;0.00
17.01.2021;6:30:57;2.51;29.99;1.84;750.35;0.00;0.00;0.00
17.01.2021;6:31:57;2.51;30.02;1.85;750.34;0.00;0.00;0.00
17.01.2021;6:32:57;2.50;29.97;1.87;750.33;0.00;0.00;0.00
17.01.2021;6:33:57;2.50;29.95;1.87;750.33;0.00;0.00;0.00
17.01.2021;6:34:57;2.50;29.93;1.87;750.33;0.00;0.00;0.00
17.01.2021;6:35:57;2.51;29.91;1.88;750.32;0.00;0.00;0.00
17.01.2021;6:36:57;2.50;29.94;1.88;750.32;0.00;0.00;0.00
17.01.2021;6:37:57;2.50;29.82;1.89;750.33;0.00;0.00;0.00
17.01.2021;6:38:57;2.53;29.87;1.89;750.33;0.00;0.00;0.00
17.01.2021;6:39:57;2.50;29.86;1.90;750.34;0.00;0.00;0.00
17.01.2021;6:40:57;2.50;29.82;1.92;750.34;0.00;0.00;0.00
17.01.2021;6:41:57;2.53;29.76;1.91;750.35;0.00;0.00;0.00
17.01.2021;6:42:57;2.50;29.77;1.91;750.36;0.00;0.00;0.00
17.01.2021;6:43:57;2.51;29.73;1.91;750.36;0.00;0.00;0.00
17.01.2021;6:44:57;2.51;29.79;1.92;750.35;0.00;0.00;0.00
17.01.2021;6:45:57;2.50;29.81;1.91;750.35;0.00;0.00;0.00
17.01.2021;6:46:57;2.50;29.81;1.92;750.33;0.00;0.00;0.00
17.01.2021;6:47:57;2.50;29.80;1.91;750.33;0.00;0.00;0.00
17.01.2021;6:48:57;2.50;29.81;1.92;750.33;0.00;0.00;0.00
17.01.2021;6:49:57;2.50;29.71;1.91;750.33;0.00;0.00;0.00
17.01.2021;6:50:57;2.50;29.79;1.91;750.33;0.00;0.00;0.00
17.01.2021;6:51:57;2.50;29.76;1.92;750.32;0.00;0.00;0.00
17.01.2021;6:52:57;2.54;29.76;1.91;750.29;0.00;0.00;0.00
17.01.2021;6:53:57;2.53;29.82;1.92;750.28;0.00;0.00;0.00
17.01.2021;6:54:57;2.50;29.78;1.94;750.27;0.00;0.00;0.00
17.01.2021;6:55:57;2.53;29.80;1.95;750.28;0.00;0.00;0.00
17.01.2021;6:56:57;2.51;29.78;1.95;750.29;0.00;0.00;0.00
17.01.2021;6:57:57;2.54;29.64;1.93;750.29;0.00;0.00;0.00
17.01.2021;6:58:57;2.51;29.75;1.92;750.31;0.00;0.00;0.00
17.01.2021;6:59:57;2.53;29.65;1.92;750.31;0.00;0.00;0.00
17.01.2021;7:00:57;2.50;29.70;1.90;750.33;0.00;0.00;0.00
17.01.2021;7:01:57;2.56;29.74;1.90;750.32;0.00;0.00;0.00
17.01.2021;7:02:57;2.64;29.68;1.91;750.32;0.00;0.00;0.00
17.01.2021;7:03:58;2.54;29.68;1.90;750.33;0.00;0.00;0.00
17.01.2021;7:04:58;2.62;29.65;1.89;750.33;0.00;0.00;0.00
17.01.2021;7:05:58;2.88;29.69;1.90;750.33;0.00;0.00;0.00
17.01.2021;7:06:58;2.96;29.59;1.89;750.33;0.00;0.00;0.00
17.01.2021;7:07:58;3.22;29.67;1.89;750.33;0.00;0.00;0.00
17.01.2021;7:08:58;3.28;29.64;1.89;750.33;0.00;0.00;0.00
17.01.2021;7:09:58;3.35;29.65;1.90;750.33;0.00;0.00;0.00
17.01.2021;7:10:58;3.33;29.65;1.90;750.32;0.00;0.00;0.00
17.01.2021;7:11:58;3.33;29.68;1.90;750.31;0.00;0.00;0.00
17.01.2021;7:12:58;3.33;29.67;1.91;750.31;0.00;0.00;0.00
17.01.2021;7:13:58;3.33;29.69;1.91;750.29;0.00;0.00;0.00
17.01.2021;7:14:58;3.33;29.66;1.91;750.29;0.00;0.00;0.00
17.01.2021;7:15:58;3.33;29.67;1.91;750.27;0.00;0.00;0.00
17.01.2021;7:16:58;3.33;29.63;1.92;750.27;0.00;0.00;0.00
17.01.2021;7:17:58;3.33;29.61;1.90;750.27;0.00;0.00;0.00
17.01.2021;7:18:58;3.33;29.66;1.92;750.27;0.00;0.00;0.00
17.01.2021;7:19:58;3.33;29.59;1.92;750.26;0.00;0.00;0.00
17.01.2021;7:20:58;3.83;29.66;1.92;750.26;0.00;0.00;0.00
17.01.2021;7:21:58;4.17;29.63;1.91;750.26;0.00;0.00;0.00
17.01.2021;7:22:58;4.17;29.64;1.89;750.25;0.00;0.00;0.00
17.01.2021;7:23:58;4.19;29.64;1.88;750.26;0.00;0.00;0.00
17.01.2021;7:24:58;4.88;29.67;1.89;750.26;0.00;0.00;0.00
17.01.2021;7:25:58;5.00;29.65;1.89;750.28;0.00;0.00;0.00
17.01.2021;7:26:58;5.53;29.61;1.89;750.30;0.00;0.00;0.00
17.01.2021;7:27:58;5.92;29.63;1.88;750.29;0.00;0.00;0.00
17.01.2021;7:28:58;6.67;29.64;1.88;750.30;0.00;0.00;0.00
17.01.2021;7:29:58;7.33;29.69;1.88;750.32;0.00;0.00;0.00
17.01.2021;7:30:58;8.16;29.62;1.87;750.33;0.00;0.00;0.00
17.01.2021;7:31:58;9.19;29.65;1.87;750.34;0.00;0.00;0.00
17.01.2021;7:32:58;10.39;29.60;1.86;750.37;0.00;0.00;0.00
17.01.2021;7:33:58;11.74;29.89;1.88;750.38;0.00;0.00;0.00
17.01.2021;7:34:58;13.32;29.71;1.89;750.38;0.00;0.00;0.00
17.01.2021;7:35:58;15.06;29.65;1.91;750.38;0.01;0.00;0.00
17.01.2021;7:36:58;17.10;29.60;1.91;750.36;0.02;0.00;0.00
17.01.2021;7:37:58;19.39;29.61;1.90;750.35;0.03;0.00;0.00
17.01.2021;7:38:58;21.99;29.58;1.90;750.35;0.05;0.00;0.00
17.01.2021;7:39:58;24.84;29.57;1.89;750.36;0.06;0.00;0.00
17.01.2021;7:40:58;27.99;29.56;1.89;750.37;0.08;0.00;0.00
17.01.2021;7:41:58;31.46;29.58;1.91;750.38;0.10;0.00;0.00
17.01.2021;7:42:58;35.13;29.50;1.90;750.38;0.11;0.00;0.00
17.01.2021;7:43:58;39.21;29.52;1.90;750.37;0.13;0.00;0.00
17.01.2021;7:44:58;43.56;29.57;1.89;750.37;0.14;0.00;0.00
17.01.2021;7:45:59;48.19;29.60;1.90;750.39;0.16;0.00;0.00
17.01.2021;7:46:59;53.36;29.67;1.90;750.38;0.17;0.00;0.00
17.01.2021;7:47:59;58.83;29.60;1.91;750.40;0.19;0.00;0.00
17.01.2021;7:48:59;64.47;29.60;1.92;750.40;0.21;0.00;0.00
17.01.2021;7:49:59;70.47;29.59;1.94;750.43;0.23;0.00;0.00
17.01.2021;7:50:59;76.81;29.64;1.93;750.43;0.25;0.00;0.00
17.01.2021;7:51:59;83.51;29.56;1.93;750.43;0.27;0.00;0.00
17.01.2021;7:52:59;90.47;29.57;1.93;750.44;0.29;0.00;0.00
17.01.2021;7:53:59;97.73;29.55;1.94;750.43;0.31;0.00;0.00
17.01.2021;7:54:59;105.50;29.51;1.94;750.45;0.33;0.00;0.00
17.01.2021;7:55:59;113.68;29.53;1.95;750.45;0.35;0.00;0.00
17.01.2021;7:56:59;122.01;29.48;1.95;750.44;0.38;0.00;0.00
17.01.2021;7:57:59;130.75;29.56;1.95;750.45;0.40;0.00;0.00
17.01.2021;7:58:59;139.52;29.57;1.96;750.46;0.43;0.00;0.00
17.01.2021;7:59:59;148.71;29.45;1.97;750.47;0.45;0.05;0.02
17.01.2021;8:00:59;158.39;29.41;1.97;750.45;0.48;0.11;0.05
17.01.2021;8:01:59;168.25;29.46;1.97;750.45;0.50;0.16;0.08
17.01.2021;8:02:59;178.26;29.47;1.98;750.45;0.53;0.20;0.11
17.01.2021;8:03:59;188.67;29.39;1.98;750.45;0.56;0.25;0.14
17.01.2021;8:04:59;199.40;29.43;2.00;750.43;0.59;0.30;0.17
17.01.2021;8:05:59;210.29;29.36;2.02;750.42;0.62;0.33;0.21
17.01.2021;8:06:59;221.43;29.31;2.02;750.42;0.64;0.39;0.25
17.01.2021;8:07:59;232.42;29.32;2.02;750.42;0.67;0.42;0.28
17.01.2021;8:08:59;243.64;29.30;2.03;750.43;0.71;0.48;0.34
17.01.2021;8:09:59;254.62;29.28;2.03;750.45;0.73;0.51;0.37
17.01.2021;8:10:59;265.86;29.29;2.03;750.48;0.76;0.58;0.44
17.01.2021;8:11:59;277.46;29.32;2.04;750.48;0.79;0.61;0.49
17.01.2021;8:12:59;289.22;29.24;2.04;750.48;0.82;0.67;0.55
17.01.2021;8:13:59;300.89;29.28;2.04;750.48;0.85;0.70;0.60
17.01.2021;8:14:59;312.35;29.32;2.06;750.47;0.88;0.75;0.66
17.01.2021;8:15:59;324.31;29.27;2.07;750.48;0.91;0.80;0.73
17.01.2021;8:16:59;336.01;29.21;2.08;750.49;0.94;0.84;0.79
17.01.2021;8:17:59;347.58;29.17;2.07;750.51;0.96;0.90;0.87
17.01.2021;8:18:59;359.22;29.23;2.07;750.52;0.99;0.94;0.93
17.01.2021;8:19:59;371.00;29.19;2.07;750.53;1.02;0.99;1.02
17.01.2021;8:20:59;383.35;29.21;2.07;750.52;1.05;1.04;1.10
17.01.2021;8:22:00;395.74;29.19;2.08;750.53;1.08;1.10;1.19
17.01.2021;8:23:00;407.46;29.16;2.08;750.54;1.11;1.13;1.25
17.01.2021;8:24:00;418.88;29.25;2.09;750.52;1.13;1.19;1.34
17.01.2021;8:25:00;430.96;29.21;2.10;750.53;1.16;1.21;1.40
17.01.2021;8:26:00;443.40;29.22;2.10;750.55;1.18;1.26;1.49
17.01.2021;8:27:00;454.87;29.23;2.11;750.58;1.21;1.30;1.57
17.01.2021;8:28:00;466.64;29.19;2.13;750.61;1.23;1.35;1.66
17.01.2021;8:29:00;478.96;29.13;2.13;750.64;1.26;1.39;1.75
17.01.2021;8:30:00;490.94;29.13;2.12;750.66;1.29;1.44;1.86
17.01.2021;8:31:00;503.40;29.14;2.13;750.66;1.32;1.49;1.98
17.01.2021;8:32:00;514.68;29.16;2.12;750.66;1.35;1.53;2.06
17.01.2021;8:33:00;526.07;29.10;2.12;750.65;1.37;1.58;2.17
17.01.2021;8:34:00;537.32;29.13;2.12;750.65;1.39;1.60;2.23
17.01.2021;8:35:00;549.15;29.10;2.15;750.64;1.42;1.65;2.35
17.01.2021;8:36:00;561.82;29.11;2.18;750.62;1.45;1.71;2.48
17.01.2021;8:37:00;573.21;29.04;2.19;750.62;1.48;1.75;2.59
17.01.2021;8:38:00;582.39;29.03;2.21;750.64;1.48;1.76;2.62
17.01.2021;8:39:00;593.61;29.02;2.22;750.64;1.50;1.78;2.67
17.01.2021;8:40:00;605.25;28.96;2.23;750.68;1.52;1.81;2.75
17.01.2021;8:41:00;617.14;29.00;2.24;750.69;1.54;1.86;2.87
17.01.2021;8:42:00;628.68;29.00;2.26;750.68;1.57;1.91;3.00
17.01.2021;8:43:00;638.76;29.07;2.26;750.68;1.59;1.93;3.06
17.01.2021;8:44:00;649.44;29.00;2.28;750.68;1.61;1.97;3.18
17.01.2021;8:45:00;660.69;29.01;2.28;750.69;1.64;2.02;3.30
17.01.2021;8:46:00;672.18;28.95;2.29;750.70;1.66;2.04;3.39
17.01.2021;8:47:00;684.18;28.92;2.29;750.71;1.69;2.09;3.54
17.01.2021;8:48:00;695.65;28.94;2.31;750.71;1.72;2.10;3.61
17.01.2021;8:49:00;706.88;29.00;2.33;750.72;1.74;2.11;3.67
17.01.2021;8:50:00;717.75;28.95;2.35;750.71;1.76;2.12;3.73
17.01.2021;8:51:00;728.99;28.95;2.37;750.71;1.79;2.15;3.84
17.01.2021;8:52:00;739.59;28.90;2.37;750.68;1.80;2.18;3.94
17.01.2021;8:53:00;749.29;28.89;2.39;750.68;1.82;2.21;4.03
17.01.2021;8:54:00;759.07;28.89;2.40;750.67;1.84;2.23;4.10
17.01.2021;8:55:00;768.73;28.82;2.42;750.69;1.86;2.27;4.23
17.01.2021;8:56:00;779.61;28.83;2.44;750.69;1.88;2.31;4.33
17.01.2021;8:57:00;790.16;28.86;2.46;750.68;1.90;2.36;4.49
17.01.2021;8:58:01;800.74;28.81;2.48;750.67;1.92;2.39;4.60
17.01.2021;8:59:01;810.83;28.90;2.49;750.66;1.95;2.44;4.75
17.01.2021;9:00:01;820.74;28.80;2.52;750.65;1.97;2.48;4.89
17.01.2021;9:01:01;830.22;28.74;2.54;750.64;1.99;2.52;5.00
17.01.2021;9:02:01;839.86;28.76;2.56;750.64;2.00;2.55;5.10
17.01.2021;9:03:01;849.79;28.73;2.57;750.64;2.02;2.58;5.22
17.01.2021;9:04:01;860.73;28.74;2.59;750.64;2.04;2.62;5.35
17.01.2021;9:05:01;871.74;28.69;2.61;750.65;2.07;2.68;5.54
17.01.2021;9:06:01;882.50;28.63;2.63;750.66;2.09;2.70;5.65
17.01.2021;9:07:01;893.73;28.64;2.65;750.66;2.12;2.75;5.83
17.01.2021;9:08:01;904.21;28.61;2.68;750.65;2.14;2.79;5.97
17.01.2021;9:09:01;913.39;28.62;2.70;750.65;2.16;2.83;6.09
17.01.2021;9:10:01;921.49;28.47;2.72;750.65;2.17;2.85;6.19
17.01.2021;9:11:01;929.73;28.47;2.72;750.66;2.18;2.87;6.27
17.01.2021;9:12:01;936.90;28.49;2.73;750.66;2.20;2.89;6.36
17.01.2021;9:13:01;947.75;28.47;2.76;750.65;2.22;2.92;6.50
17.01.2021;9:14:01;956.48;28.41;2.78;750.63;2.24;2.96;6.63
17.01.2021;9:15:01;967.14;28.79;2.79;750.61;2.26;3.00;6.79
17.01.2021;9:16:01;975.83;28.59;2.82;750.60;2.28;3.01;6.86
17.01.2021;9:17:01;984.18;28.48;2.84;750.58;2.29;3.06;7.01
17.01.2021;9:18:01;994.07;28.33;2.85;750.59;2.31;3.09;7.14
17.01.2021;9:19:01;1004.46;28.27;2.85;750.58;2.33;3.11;7.27
17.01.2021;9:20:01;1012.24;28.26;2.85;750.57;2.34;3.11;7.29
17.01.2021;9:21:01;1021.55;28.28;2.86;750.56;2.36;3.17;7.49
17.01.2021;9:22:01;1033.08;28.30;2.87;750.56;2.39;3.20;7.66
17.01.2021;9:23:01;1043.76;28.27;2.88;750.58;2.41;3.25;7.84
17.01.2021;9:24:01;1051.51;28.25;2.88;750.60;2.42;3.27;7.91
17.01.2021;9:25:01;1060.22;28.16;2.89;750.61;2.44;3.30;8.04
17.01.2021;9:26:01;1072.27;28.23;2.89;750.62;2.47;3.34;8.23
17.01.2021;9:27:01;1083.64;28.24;2.90;750.61;2.49;3.38;8.40
17.01.2021;9:28:01;1095.40;28.24;2.90;750.61;2.52;3.42;8.60
17.01.2021;9:29:01;1107.67;28.27;2.92;750.60;2.55;3.47;8.83
17.01.2021;9:30:01;1116.78;28.21;2.93;750.58;2.57;3.50;8.99
17.01.2021;9:31:01;1126.50;28.26;2.94;750.57;2.58;3.51;9.06
17.01.2021;9:32:01;1135.90;28.21;2.94;750.55;2.60;3.54;9.20
17.01.2021;9:33:01;1147.51;28.21;2.96;750.54;2.62;3.59;9.42
17.01.2021;9:34:02;1157.82;28.23;2.97;750.53;2.64;3.61;9.51
17.01.2021;9:35:02;1167.44;28.18;2.99;750.55;2.66;3.64;9.68
17.01.2021;9:36:02;1180.29;28.23;3.01;750.56;2.68;3.70;9.92
17.01.2021;9:37:02;1190.19;28.12;3.03;750.56;2.70;3.70;10.00
17.01.2021;9:38:02;1198.35;28.12;3.05;750.57;2.71;3.72;10.08
17.01.2021;9:39:02;1210.53;28.07;3.06;750.56;2.73;3.77;10.29
17.01.2021;9:40:02;1221.75;28.03;3.08;750.55;2.75;3.80;10.46
17.01.2021;9:41:02;1230.01;28.03;3.09;750.56;2.77;3.81;10.56
17.01.2021;9:42:02;1242.93;28.00;3.11;750.57;2.79;3.87;10.80
17.01.2021;9:43:02;1255.00;27.95;3.11;750.56;2.81;3.90;10.97
17.01.2021;9:44:02;1265.13;28.02;3.13;750.55;2.83;3.93;11.12
17.01.2021;9:45:02;1271.79;27.98;3.14;750.56;2.84;3.94;11.21
17.01.2021;9:46:02;1277.94;27.95;3.15;750.54;2.86;3.97;11.35
17.01.2021;9:47:02;1287.65;27.98;3.18;750.53;2.88;4.01;11.52
17.01.2021;9:48:02;1296.71;27.93;3.19;750.52;2.89;4.03;11.66
17.01.2021;9:49:02;1307.85;28.00;3.19;750.52;2.91;4.07;11.84
17.01.2021;9:50:02;1320.97;28.09;3.20;750.52;2.94;4.11;12.07
17.01.2021;9:51:02;1331.46;28.13;3.21;750.52;2.96;4.14;12.25
17.01.2021;9:52:02;1347.30;28.07;3.23;750.52;2.99;4.20;12.56
17.01.2021;9:53:02;1366.35;28.14;3.26;750.53;3.03;4.27;12.93
17.01.2021;9:54:02;1361.29;28.01;3.29;750.54;3.01;4.24;12.80
17.01.2021;9:55:02;1368.33;27.94;3.31;750.54;3.02;4.24;12.78
17.01.2021;9:56:02;1384.74;27.94;3.34;750.55;3.05;4.31;13.16
17.01.2021;9:57:02;1396.85;27.95;3.35;750.55;3.07;4.34;13.34
17.01.2021;9:58:02;1407.71;27.83;3.36;750.54;3.09;4.36;13.47
17.01.2021;9:59:02;1407.64;27.76;3.38;750.56;3.08;4.35;13.43
17.01.2021;10:00:02;1416.16;27.71;3.40;750.57;3.10;4.38;13.57
17.01.2021;10:01:02;1424.47;27.69;3.40;750.58;3.11;4.40;13.69
17.01.2021;10:02:02;1431.24;27.63;3.41;750.57;3.12;4.40;13.73
17.01.2021;10:03:02;1436.26;27.66;3.41;750.56;3.13;4.42;13.83
17.01.2021;10:04:03;1439.46;27.63;3.43;750.55;3.14;4.42;13.86
17.01.2021;10:05:03;1444.96;27.61;3.44;750.55;3.15;4.46;14.07
17.01.2021;10:06:03;1447.62;27.59;3.45;750.55;3.15;4.45;14.04
17.01.2021;10:07:03;1455.64;27.58;3.46;750.55;3.17;4.48;14.20
17.01.2021;10:08:03;1461.47;27.50;3.47;750.56;3.17;4.49;14.23
17.01.2021;10:09:03;1466.68;27.46;3.48;750.54;3.18;4.50;14.30
17.01.2021;10:10:03;1476.26;27.53;3.47;750.54;3.20;4.53;14.47
17.01.2021;10:11:03;1484.03;27.50;3.50;750.54;3.20;4.54;14.55
17.01.2021;10:12:03;1493.04;27.51;3.50;750.56;3.22;4.57;14.71
17.01.2021;10:13:03;1504.89;27.51;3.50;750.57;3.23;4.60;14.86
17.01.2021;10:14:03;1511.89;27.49;3.51;750.59;3.24;4.61;14.93
17.01.2021;10:15:03;1520.21;27.53;3.52;750.60;3.26;4.63;15.06
17.01.2021;10:16:03;1529.85;27.50;3.53;750.61;3.27;4.65;15.18
17.01.2021;10:17:03;1536.05;27.43;3.55;750.60;3.28;4.66;15.29
17.01.2021;10:18:03;1544.94;27.40;3.56;750.58;3.29;4.69;15.42
17.01.2021;10:19:03;1550.28;27.41;3.58;750.57;3.30;4.70;15.49
17.01.2021;10:20:03;1551.19;27.36;3.58;750.57;3.30;4.70;15.50
17.01.2021;10:21:03;1550.03;27.33;3.58;750.58;3.29;4.69;15.46
17.01.2021;10:22:03;1555.40;27.35;3.58;750.57;3.30;4.71;15.56
17.01.2021;10:23:03;1566.69;27.40;3.60;750.57;3.32;4.73;15.71
17.01.2021;10:24:03;1572.85;27.36;3.61;750.57;3.33;4.76;15.85
17.01.2021;10:25:03;1571.65;27.36;3.63;750.58;3.32;4.73;15.71
17.01.2021;10:26:03;1573.59;27.32;3.63;750.56;3.33;4.74;15.75
17.01.2021;10:27:03;1566.60;27.35;3.63;750.56;3.31;4.71;15.59
17.01.2021;10:28:03;1563.75;27.24;3.62;750.56;3.30;4.70;15.53
17.01.2021;10:29:03;1569.35;27.17;3.63;750.55;3.31;4.71;15.59
17.01.2021;10:30:03;1570.35;27.25;3.62;750.53;3.31;4.72;15.64
17.01.2021;10:31:03;1565.81;27.29;3.61;750.52;3.30;4.70;15.53
17.01.2021;10:32:03;1561.19;27.34;3.60;750.51;3.30;4.70;15.48
17.01.2021;10:33:03;1554.79;27.26;3.60;750.50;3.28;4.68;15.38
17.01.2021;10:34:03;1549.69;27.24;3.60;750.50;3.27;4.66;15.25
17.01.2021;10:35:04;1546.74;27.24;3.60;750.49;3.27;4.67;15.28
17.01.2021;10:36:04;1534.63;27.22;3.60;750.50;3.24;4.59;14.87
17.01.2021;10:37:04;1543.26;27.30;3.60;750.51;3.28;4.67;15.31
17.01.2021;10:38:04;1542.06;27.36;3.60;750.52;3.27;4.66;15.25
17.01.2021;10:39:04;1542.98;27.39;3.60;750.52;3.27;4.66;15.24
17.01.2021;10:40:04;1538.49;27.29;3.61;750.51;3.26;4.63;15.10
17.01.2021;10:41:04;1539.05;27.24;3.62;750.51;3.27;4.65;15.18
17.01.2021;10:42:04;1545.21;27.37;3.61;750.49;3.28;4.67;15.32
17.01.2021;10:43:04;1553.84;27.29;3.61;750.49;3.29;4.70;15.48
17.01.2021;10:44:04;1556.79;27.32;3.60;750.50;3.30;4.70;15.50
17.01.2021;10:45:04;1561.14;27.33;3.62;750.52;3.31;4.72;15.64
17.01.2021;10:46:04;1574.89;27.44;3.62;750.51;3.34;4.77;15.93
17.01.2021;10:47:04;1567.71;27.39;3.62;750.51;3.32;4.73;15.71
17.01.2021;10:48:04;1566.74;27.30;3.63;750.52;3.32;4.72;15.67
17.01.2021;10:49:04;1530.58;27.34;3.65;750.52;3.22;4.57;14.69
17.01.2021;10:50:04;1459.54;27.37;3.64;750.53;2.96;4.13;12.21
17.01.2021;10:51:04;1564.77;27.35;3.65;750.52;3.30;4.71;15.55
17.01.2021;10:52:04;1572.99;27.31;3.67;750.52;3.33;4.76;15.83
17.01.2021;10:53:04;1567.20;27.19;3.70;750.53;3.31;4.70;15.55
17.01.2021;10:54:04;1578.44;27.25;3.70;750.51;3.34;4.78;15.97
17.01.2021;10:55:04;1548.06;27.20;3.70;750.51;3.24;4.61;14.92
17.01.2021;10:56:04;1547.64;27.15;3.70;750.51;3.23;4.58;14.76
17.01.2021;10:57:04;1564.83;27.09;3.72;750.51;3.31;4.72;15.63
17.01.2021;10:58:04;1579.42;27.05;3.71;750.51;3.34;4.76;15.89
17.01.2021;10:59:04;1581.69;27.13;3.71;750.51;3.34;4.78;15.97
17.01.2021;11:00:04;1552.20;27.14;3.71;750.49;3.25;4.62;15.01
17.01.2021;11:01:04;1492.94;27.15;3.66;750.46;3.02;4.25;12.87
17.01.2021;11:02:04;1601.89;27.16;3.65;750.46;3.39;4.85;16.45
17.01.2021;11:03:04;1594.89;27.16;3.67;750.46;3.38;4.82;16.30
17.01.2021;11:04:04;1597.67;27.11;3.67;750.45;3.38;4.83;16.35
17.01.2021;11:05:04;1599.15;27.19;3.67;750.45;3.38;4.85;16.40
17.01.2021;11:06:05;1601.81;27.28;3.66;750.45;3.39;4.86;16.47
17.01.2021;11:07:05;1597.28;27.30;3.68;750.44;3.38;4.85;16.42
17.01.2021;11:08:05;1606.67;27.36;3.67;750.43;3.40;4.86;16.52
17.01.2021;11:09:05;1619.83;27.37;3.67;750.43;3.43;4.91;16.83
17.01.2021;11:10:05;1626.51;27.35;3.67;750.42;3.45;4.94;17.03
17.01.2021;11:11:05;1634.74;27.29;3.68;750.41;3.46;4.97;17.24
17.01.2021;11:12:05;1613.69;27.20;3.69;750.41;3.42;4.90;16.75
17.01.2021;11:13:05;1629.73;27.32;3.69;750.42;3.46;4.96;17.20
17.01.2021;11:14:05;1625.93;27.39;3.69;750.42;3.46;4.96;17.16
17.01.2021;11:15:05;1624.18;27.37;3.71;750.43;3.46;4.96;17.14
17.01.2021;11:16:05;1634.26;27.35;3.72;750.43;3.47;4.99;17.31
17.01.2021;11:17:05;1641.41;27.29;3.73;750.45;3.48;5.00;17.42
17.01.2021;11:18:05;1643.42;27.25;3.75;750.49;3.49;5.00;17.44
17.01.2021;11:19:05;1648.15;27.26;3.77;750.51;3.50;5.03;17.57
17.01.2021;11:20:05;1651.81;27.16;3.79;750.52;3.50;5.03;17.61
17.01.2021;11:21:05;1641.13;27.16;3.80;750.52;3.47;4.99;17.31
17.01.2021;11:22:05;1650.79;27.18;3.81;750.52;3.51;5.05;17.71
17.01.2021;11:23:05;1648.86;27.15;3.82;750.52;3.51;5.04;17.65
17.01.2021;11:24:05;1640.44;27.19;3.83;750.52;3.48;5.00;17.40
17.01.2021;11:25:05;1644.83;27.23;3.85;750.50;3.51;5.05;17.73
17.01.2021;11:26:05;1646.24;27.06;3.87;750.51;3.51;5.04;17.70
17.01.2021;11:27:05;1667.19;27.19;3.88;750.50;3.55;5.12;18.20
17.01.2021;11:28:05;1670.42;27.24;3.90;750.50;3.56;5.13;18.23
17.01.2021;11:29:05;1688.06;27.38;3.91;750.48;3.59;5.19;18.63
17.01.2021;11:30:05;1705.69;27.25;3.93;750.48;3.63;5.24;19.01
17.01.2021;11:31:05;1717.49;27.07;3.94;750.47;3.65;5.28;19.25
17.01.2021;11:32:05;1746.00;27.00;3.98;750.45;3.71;5.37;19.92
17.01.2021;11:33:05;1761.64;26.89;4.02;750.43;3.75;5.44;20.38
17.01.2021;11:34:05;1756.40;26.90;4.02;750.42;3.74;5.42;20.23
17.01.2021;11:35:05;1770.65;26.81;4.03;750.41;3.75;5.43;20.34
17.01.2021;11:36:06;1777.36;26.88;4.05;750.39;3.75;5.44;20.42
17.01.2021;11:37:06;1767.84;26.82;4.04;750.38;3.73;5.40;20.14
17.01.2021;11:38:06;1779.83;26.78;4.04;750.37;3.77;5.48;20.67
17.01.2021;11:39:06;1771.36;26.74;4.06;750.37;3.74;5.41;20.23
17.01.2021;11:40:06;1756.64;26.81;4.07;750.36;3.75;5.42;20.30
17.01.2021;11:41:06;1624.08;26.77;4.08;750.35;3.48;5.01;17.44
17.01.2021;11:42:06;1533.53;26.72;4.06;750.33;3.22;4.58;14.74
17.01.2021;11:43:06;1672.92;26.76;4.03;750.32;3.55;5.11;18.12
17.01.2021;11:44:06;1734.34;26.83;4.05;750.34;3.73;5.39;20.10
17.01.2021;11:45:06;1622.90;26.83;4.04;750.34;3.44;4.93;16.93
17.01.2021;11:46:06;1630.03;26.91;4.01;750.35;3.42;4.90;16.78
17.01.2021;11:47:06;1720.48;27.12;4.02;750.34;3.65;5.27;19.21
17.01.2021;11:48:06;1704.67;27.09;4.04;750.33;3.62;5.23;18.95
17.01.2021;11:49:06;1754.38;27.04;4.07;750.32;3.71;5.39;19.99
17.01.2021;11:50:06;1744.60;27.02;4.09;750.30;3.69;5.33;19.68
17.01.2021;11:51:06;1661.09;26.96;4.09;750.30;3.45;4.97;17.17
17.01.2021;11:52:06;1751.60;26.83;4.11;750.30;3.68;5.33;19.59
17.01.2021;11:53:06;1784.14;26.77;4.15;750.29;3.73;5.40;20.13
17.01.2021;11:54:06;1790.25;26.79;4.19;750.29;3.75;5.44;20.42
17.01.2021;11:55:06;1748.21;26.92;4.19;750.28;3.66;5.30;19.38
17.01.2021;11:56:06;1798.19;27.06;4.20;750.27;3.76;5.46;20.54
17.01.2021;11:57:06;1846.87;26.82;4.21;750.27;3.83;5.56;21.25
17.01.2021;11:58:06;1896.83;26.81;4.24;750.27;3.92;5.72;22.40
17.01.2021;11:59:06;1905.85;26.78;4.29;750.26;3.88;5.65;21.90
17.01.2021;12:00:06;1942.96;26.62;4.30;750.26;3.89;5.67;22.05
17.01.2021;12:01:06;2040.47;26.57;4.34;750.24;4.07;5.97;24.34
17.01.2021;12:02:06;1929.74;26.53;4.37;750.25;3.88;5.65;21.96
17.01.2021;12:03:06;1996.68;26.56;4.37;750.26;3.98;5.82;23.18
17.01.2021;12:04:06;2057.87;26.57;4.41;750.27;4.07;5.97;24.31
17.01.2021;12:05:06;2083.89;26.52;4.44;750.27;4.05;5.92;23.99
17.01.2021;12:06:06;2257.23;26.36;4.49;750.28;4.24;6.25;26.48
17.01.2021;12:07:07;2418.60;26.22;4.57;750.26;4.41;6.52;28.78
17.01.2021;12:08:07;2397.58;26.09;4.63;750.23;4.39;6.48;28.45
17.01.2021;12:09:07;2393.87;26.09;4.68;750.22;4.37;6.47;28.26
17.01.2021;12:10:07;2438.38;26.19;4.72;750.22;4.39;6.48;28.47
17.01.2021;12:11:07;2588.90;26.22;4.76;750.22;4.50;6.68;30.04
17.01.2021;12:12:07;2706.85;26.05;4.84;750.20;4.57;6.78;30.97
17.01.2021;12:13:07;2840.85;25.89;4.92;750.18;4.63;6.89;31.88
17.01.2021;12:14:07;2903.63;25.77;5.01;750.17;4.65;6.93;32.23
17.01.2021;12:15:07;2962.18;25.90;5.08;750.16;4.70;7.01;32.95
17.01.2021;12:16:07;2908.76;25.76;5.16;750.15;4.67;6.99;32.62
17.01.2021;12:17:07;2880.03;25.72;5.22;750.15;4.67;6.97;32.55
17.01.2021;12:18:07;2916.09;25.90;5.29;750.16;4.69;7.00;32.84
17.01.2021;12:19:07;2927.78;25.65;5.36;750.15;4.69;6.99;32.76
17.01.2021;12:20:07;2904.37;25.48;5.42;750.13;4.68;6.98;32.66
17.01.2021;12:21:07;2842.15;25.48;5.47;750.11;4.65;6.95;32.32
17.01.2021;12:22:07;2707.85;25.26;5.50;750.11;4.57;6.81;31.15
17.01.2021;12:23:07;2571.40;25.22;5.51;750.11;4.49;6.67;29.96
17.01.2021;12:24:07;2509.28;25.38;5.52;750.11;4.44;6.58;29.23
17.01.2021;12:25:07;2441.30;25.24;5.50;750.10;4.37;6.47;28.28
17.01.2021;12:26:07;2371.31;25.22;5.48;750.10;4.29;6.34;27.18
17.01.2021;12:27:07;2369.19;25.31;5.48;750.08;4.27;6.30;26.89
17.01.2021;12:28:07;2311.89;25.23;5.47;750.08;4.19;6.18;25.92
17.01.2021;12:29:07;2211.53;25.16;5.44;750.07;4.07;5.99;24.41
17.01.2021;12:30:07;2230.40;25.23;5.42;750.06;4.13;6.07;25.07
17.01.2021;12:31:07;2291.24;25.39;5.40;750.05;4.19;6.18;25.85
17.01.2021;12:32:07;2340.22;25.31;5.39;750.06;4.23;6.25;26.47
17.01.2021;12:33:07;2386.69;25.21;5.42;750.06;4.31;6.37;27.47
17.01.2021;12:34:07;2299.15;25.21;5.44;750.06;4.23;6.24;26.38
17.01.2021;12:35:07;2194.58;25.19;5.43;750.06;4.10;6.03;24.74
17.01.2021;12:36:08;2121.49;25.36;5.41;750.08;4.03;5.91;23.80
17.01.2021;12:37:08;2072.36;25.58;5.39;750.05;4.01;5.88;23.57
17.01.2021;12:38:08;2045.73;25.47;5.38;750.04;3.99;5.84;23.31
17.01.2021;12:39:08;2062.39;25.36;5.37;750.03;4.00;5.86;23.44
17.01.2021;12:40:08;2038.98;25.21;5.36;750.03;3.98;5.85;23.28
17.01.2021;12:41:08;1954.50;25.19;5.34;750.03;3.89;5.68;22.09
17.01.2021;12:42:08;1911.40;25.20;5.30;750.03;3.81;5.56;21.19
17.01.2021;12:43:08;1981.85;25.21;5.29;750.04;3.91;5.71;22.30
17.01.2021;12:44:08;2066.96;25.10;5.27;750.04;4.00;5.87;23.46
17.01.2021;12:45:08;2130.00;24.95;5.28;750.06;4.07;5.99;24.38
17.01.2021;12:46:08;2107.00;25.00;5.29;750.06;4.05;5.95;24.11
17.01.2021;12:47:08;2047.99;25.07;5.27;750.07;3.99;5.86;23.39
17.01.2021;12:48:08;2032.85;25.11;5.24;750.06;3.98;5.82;23.20
17.01.2021;12:49:08;2018.28;25.09;5.20;750.05;3.97;5.82;23.13
17.01.2021;12:50:08;2039.05;25.07;5.19;750.06;4.00;5.87;23.50
17.01.2021;12:51:08;2077.64;25.13;5.17;750.07;4.04;5.93;23.98
17.01.2021;12:52:08;2094.75;25.21;5.17;750.06;4.06;5.97;24.26
17.01.2021;12:53:08;2096.99;25.09;5.16;750.05;4.07;5.97;24.28
17.01.2021;12:54:08;2113.47;25.01;5.13;750.07;4.08;6.00;24.51
17.01.2021;12:55:08;2133.25;25.17;5.13;750.06;4.11;6.03;24.75
17.01.2021;12:56:08;2175.60;25.26;5.13;750.07;4.13;6.09;25.15
17.01.2021;12:57:08;2229.10;25.14;5.12;750.08;4.18;6.16;25.74
17.01.2021;12:58:08;2230.65;25.06;5.15;750.08;4.19;6.18;25.88
17.01.2021;12:59:08;2202.90;25.05;5.15;750.08;4.17;6.14;25.63
17.01.2021;13:00:08;2171.14;25.05;5.14;750.08;4.15;6.11;25.35
17.01.2021;13:01:08;2108.56;25.06;5.13;750.08;4.10;6.03;24.74
17.01.2021;13:02:08;2024.24;25.12;5.10;750.09;4.01;5.89;23.62
17.01.2021;13:03:08;1990.51;25.10;5.06;750.09;3.95;5.79;22.84
17.01.2021;13:04:08;2082.75;25.04;5.05;750.09;4.05;5.93;23.99
17.01.2021;13:05:08;2119.36;25.09;5.06;750.08;4.10;6.05;24.81
17.01.2021;13:06:09;2013.25;25.13;5.06;750.05;4.01;5.88;23.58
17.01.2021;13:07:09;1863.66;25.15;5.01;750.04;3.84;5.61;21.52
17.01.2021;13:08:09;1716.35;25.22;4.94;750.03;3.62;5.24;18.93
17.01.2021;13:09:09;1612.95;25.40;4.87;750.02;3.43;4.92;16.88
17.01.2021;13:10:09;1529.82;25.53;4.79;750.01;3.21;4.57;14.68
17.01.2021;13:11:09;1468.46;25.57;4.72;750.03;3.05;4.32;13.18
17.01.2021;13:12:09;1493.86;25.65;4.66;750.02;3.16;4.49;14.18
17.01.2021;13:13:09;1574.78;25.76;4.65;750.02;3.42;4.91;16.77
17.01.2021;13:14:09;1594.19;25.83;4.63;750.03;3.45;4.95;17.07
17.01.2021;13:15:09;1624.40;25.83;4.61;750.01;3.51;5.07;17.78
17.01.2021;13:16:09;1630.78;25.82;4.61;750.01;3.51;5.06;17.75
17.01.2021;13:17:09;1633.17;25.87;4.60;750.00;3.51;5.07;17.80
17.01.2021;13:18:09;1646.21;25.91;4.59;749.99;3.55;5.13;18.21
17.01.2021;13:19:09;1644.96;25.98;4.60;749.99;3.55;5.12;18.14
17.01.2021;13:20:09;1639.68;26.06;4.59;749.99;3.53;5.10;18.03
17.01.2021;13:21:09;1661.24;25.98;4.59;749.99;3.57;5.17;18.47
17.01.2021;13:22:09;1671.85;26.10;4.60;749.99;3.59;5.20;18.66
17.01.2021;13:23:09;1682.43;25.96;4.59;749.98;3.60;5.20;18.69
17.01.2021;13:24:09;1694.00;25.92;4.61;749.98;3.62;5.23;18.90
17.01.2021;13:25:09;1684.58;25.91;4.62;749.97;3.59;5.19;18.61
17.01.2021;13:26:09;1668.69;25.91;4.61;749.97;3.56;5.13;18.25
17.01.2021;13:27:09;1649.49;25.94;4.62;749.97;3.51;5.07;17.77
17.01.2021;13:28:09;1654.75;26.03;4.62;749.98;3.52;5.09;17.93
17.01.2021;13:29:09;1663.76;26.17;4.63;749.97;3.54;5.11;18.09
17.01.2021;13:30:09;1668.36;26.19;4.64;749.98;3.55;5.12;18.20
17.01.2021;13:31:09;1664.45;26.27;4.65;749.99;3.55;5.12;18.14
17.01.2021;13:32:09;1662.15;26.26;4.65;749.98;3.55;5.12;18.15
17.01.2021;13:33:09;1674.07;27.43;4.72;749.98;3.57;5.15;18.38
17.01.2021;13:34:09;1673.51;27.30;4.81;749.96;3.57;5.16;18.39
17.01.2021;13:35:09;1670.00;26.71;4.83;749.94;3.56;5.15;18.36
17.01.2021;13:36:10;1666.17;26.26;4.84;749.94;3.56;5.15;18.35
17.01.2021;13:37:10;1663.82;26.05;4.84;749.92;3.56;5.16;18.37
17.01.2021;13:38:10;1670.68;25.98;4.83;749.91;3.57;5.17;18.45
17.01.2021;13:39:10;1681.99;25.87;4.83;749.92;3.59;5.20;18.68
17.01.2021;13:40:10;1694.68;25.80;4.84;749.93;3.62;5.24;18.97
17.01.2021;13:41:10;1686.88;25.79;4.85;749.93;3.62;5.22;18.88
17.01.2021;13:42:10;1696.81;25.82;4.84;749.93;3.63;5.26;19.07
17.01.2021;13:43:10;1721.29;25.67;4.85;749.93;3.68;5.35;19.67
17.01.2021;13:44:10;1736.82;25.75;4.86;749.92;3.71;5.40;20.03
17.01.2021;13:45:10;1782.56;25.76;4.88;749.93;3.78;5.49;20.74
17.01.2021;13:46:10;1841.26;25.77;4.89;749.92;3.87;5.65;21.86
17.01.2021;13:47:10;1853.32;25.77;4.90;749.90;3.90;5.69;22.16
17.01.2021;13:48:10;1847.60;25.62;4.89;749.89;3.89;5.69;22.17
17.01.2021;13:49:10;1847.28;25.59;4.91;749.88;3.89;5.69;22.14
17.01.2021;13:50:10;1861.72;25.61;4.92;749.87;3.91;5.71;22.30
17.01.2021;13:51:10;1856.19;25.68;4.93;749.87;3.91;5.71;22.29
17.01.2021;13:52:10;1850.68;25.76;4.92;749.89;3.90;5.69;22.20
17.01.2021;13:53:10;1743.60;25.80;4.91;749.90;3.67;5.33;19.58
17.01.2021;13:54:10;1711.54;25.75;4.89;749.90;3.62;5.26;19.03
17.01.2021;13:55:10;1703.71;26.01;4.87;749.90;3.60;5.21;18.77
17.01.2021;13:56:10;1718.94;25.95;4.86;749.90;3.63;5.26;19.09
17.01.2021;13:57:10;1722.88;25.86;4.85;749.88;3.65;5.28;19.27
17.01.2021;13:58:10;1699.96;25.90;4.84;749.89;3.62;5.25;18.99
17.01.2021;13:59:10;1660.89;26.17;4.82;749.89;3.57;5.17;18.48
17.01.2021;14:00:10;1627.53;26.04;4.81;749.91;3.56;5.14;18.29
17.01.2021;14:01:10;1550.43;26.10;4.79;749.92;3.39;4.86;16.47
17.01.2021;14:02:10;1545.42;26.16;4.76;749.94;3.37;4.82;16.22
17.01.2021;14:03:10;1554.49;26.10;4.75;749.96;3.38;4.85;16.41
17.01.2021;14:04:10;1620.22;26.10;4.74;749.96;3.50;5.04;17.65
17.01.2021;14:05:10;1694.86;26.18;4.75;749.99;3.70;5.37;19.83
17.01.2021;14:06:11;1675.01;26.08;4.76;749.99;3.63;5.26;19.12
17.01.2021;14:07:11;1716.75;26.01;4.79;750.00;3.77;5.48;20.62
17.01.2021;14:08:11;1702.64;26.00;4.81;749.99;3.68;5.35;19.71
17.01.2021;14:09:11;1748.40;26.00;4.82;749.99;3.75;5.45;20.43
17.01.2021;14:10:11;1790.96;26.14;4.84;749.99;3.83;5.59;21.44
17.01.2021;14:11:11;1776.42;26.08;4.86;749.98;3.77;5.48;20.65
17.01.2021;14:12:11;1790.86;26.17;4.89;749.99;3.85;5.62;21.63
17.01.2021;14:13:11;1796.11;26.37;4.92;749.99;3.86;5.64;21.77
17.01.2021;14:14:11;1825.72;26.31;4.95;750.00;3.90;5.70;22.22
17.01.2021;14:15:11;1813.29;26.12;4.97;750.01;3.85;5.62;21.63
17.01.2021;14:16:11;1858.19;26.09;5.00;750.02;3.95;5.77;22.79
17.01.2021;14:17:11;1870.52;26.05;5.05;750.01;3.99;5.83;23.23
17.01.2021;14:18:11;1855.25;26.14;5.09;750.00;3.96;5.80;22.98
17.01.2021;14:19:11;1858.51;26.25;5.13;750.00;3.96;5.79;22.94
17.01.2021;14:20:11;1861.37;25.94;5.16;750.00;3.98;5.83;23.19
17.01.2021;14:21:11;1841.00;25.90;5.18;750.00;3.92;5.73;22.48
17.01.2021;14:22:11;1848.36;25.97;5.21;749.99;3.97;5.81;23.04
17.01.2021;14:23:11;1791.56;26.51;5.26;750.00;3.86;5.64;21.78
17.01.2021;14:24:11;1760.23;26.24;5.30;750.01;3.81;5.55;21.14
17.01.2021;14:25:11;1741.51;25.88;5.32;750.01;3.83;5.59;21.45
17.01.2021;14:26:11;1683.17;25.95;5.32;750.02;3.70;5.37;19.85
17.01.2021;14:27:11;1647.42;25.86;5.30;750.02;3.62;5.25;19.00
17.01.2021;14:28:11;1613.26;25.78;5.29;750.00;3.57;5.15;18.38
17.01.2021;14:29:11;1586.78;25.75;5.28;750.02;3.54;5.12;18.13
17.01.2021;14:30:11;1542.94;25.77;5.28;750.02;3.49;5.03;17.54
17.01.2021;14:31:11;1502.92;25.76;5.28;750.03;3.46;4.98;17.25
17.01.2021;14:32:11;1445.28;25.75;5.26;750.04;3.35;4.81;16.13
17.01.2021;14:33:11;1428.67;25.91;5.23;750.03;3.40;4.88;16.57
17.01.2021;14:34:11;1399.25;25.93;5.22;750.05;3.38;4.85;16.38
17.01.2021;14:35:12;1376.93;25.87;5.21;750.05;3.33;4.78;15.94
17.01.2021;14:36:12;1344.57;25.78;5.19;750.04;3.20;4.55;14.57
17.01.2021;14:37:12;1336.60;25.77;5.16;750.05;3.20;4.55;14.56
17.01.2021;14:38:12;1295.79;25.75;5.13;750.05;3.09;4.37;13.49
17.01.2021;14:39:12;1286.78;25.81;5.10;750.07;3.07;4.32;13.24
17.01.2021;14:40:12;1287.22;25.82;5.08;750.08;3.10;4.39;13.61
17.01.2021;14:41:12;1239.76;25.91;5.05;750.08;2.96;4.15;12.27
17.01.2021;14:42:12;1203.26;26.08;5.02;750.09;2.86;3.99;11.40
17.01.2021;14:43:12;1191.76;26.09;4.98;750.10;2.85;3.98;11.34
17.01.2021;14:44:12;1199.29;26.15;4.94;750.08;2.88;4.03;11.63
17.01.2021;14:45:12;1215.50;26.31;4.93;750.09;2.96;4.15;12.30
17.01.2021;14:46:12;1223.22;26.14;4.92;750.09;3.01;4.24;12.79
17.01.2021;14:47:12;1219.31;26.09;4.90;750.09;3.02;4.27;12.89
17.01.2021;14:48:12;1198.78;26.16;4.89;750.10;2.98;4.19;12.47
17.01.2021;14:49:12;1201.05;26.32;4.88;750.11;2.98;4.19;12.51
17.01.2021;14:50:12;1218.14;26.52;4.86;750.11;3.04;4.27;12.96
17.01.2021;14:51:12;1243.91;26.44;4.86;750.12;3.12;4.43;13.85
17.01.2021;14:52:12;1238.39;26.34;4.86;750.13;3.14;4.45;13.99
17.01.2021;14:53:12;1217.39;26.29;4.85;750.13;3.11;4.40;13.66
17.01.2021;14:54:12;1189.10;26.29;4.83;750.14;3.03;4.28;12.98
17.01.2021;14:55:12;1172.13;26.30;4.83;750.15;3.00;4.22;12.68
17.01.2021;14:56:12;1165.59;26.29;4.84;750.14;3.02;4.26;12.85
17.01.2021;14:57:12;1156.92;26.38;4.83;750.15;3.02;4.24;12.81
17.01.2021;14:58:12;1141.47;26.38;4.83;750.15;3.00;4.22;12.67
17.01.2021;14:59:12;1108.42;26.34;4.85;750.15;2.95;4.13;12.17
17.01.2021;15:00:12;1065.79;26.34;4.83;750.14;2.86;3.98;11.36
17.01.2021;15:01:12;1038.59;26.29;4.82;750.14;2.80;3.90;10.91
17.01.2021;15:02:12;1041.36;26.42;4.80;750.14;2.82;3.93;11.09
17.01.2021;15:03:12;1042.78;26.49;4.80;750.16;2.86;4.00;11.45
17.01.2021;15:04:12;1026.00;26.64;4.79;750.16;2.83;3.93;11.15
17.01.2021;15:05:13;1014.31;26.54;4.79;750.17;2.82;3.90;10.99
17.01.2021;15:06:13;1012.22;26.48;4.79;750.18;2.82;3.91;11.05
17.01.2021;15:07:13;1001.74;26.62;4.79;750.18;2.81;3.89;10.92
17.01.2021;15:08:13;972.19;26.66;4.79;750.19;2.72;3.75;10.19
17.01.2021;15:09:13;948.78;26.67;4.79;750.19;2.64;3.65;9.64
17.01.2021;15:10:13;922.36;26.58;4.77;750.19;2.58;3.51;9.07
17.01.2021;15:11:13;886.53;26.55;4.77;750.20;2.48;3.37;8.37
17.01.2021;15:12:13;846.53;26.54;4.76;750.18;2.36;3.16;7.44
17.01.2021;15:13:13;820.40;26.60;4.75;750.17;2.28;3.03;6.89
17.01.2021;15:14:13;815.03;26.57;4.73;750.16;2.28;3.02;6.86
17.01.2021;15:15:13;826.36;26.67;4.71;750.16;2.33;3.12;7.27
17.01.2021;15:16:13;820.14;26.70;4.71;750.15;2.32;3.11;7.22
17.01.2021;15:17:13;795.61;26.72;4.70;750.16;2.24;2.97;6.67
17.01.2021;15:18:13;769.05;26.70;4.69;750.18;2.17;2.84;6.16
17.01.2021;15:19:13;746.06;26.67;4.67;750.18;2.12;2.76;5.84
17.01.2021;15:20:13;727.91;26.67;4.67;750.19;2.08;2.70;5.62
17.01.2021;15:21:13;703.96;26.69;4.66;750.19;2.03;2.61;5.28
17.01.2021;15:22:13;681.10;26.74;4.64;750.21;1.97;2.50;4.94
17.01.2021;15:23:13;668.49;26.82;4.62;750.21;1.95;2.47;4.82
17.01.2021;15:24:13;658.00;26.80;4.62;750.21;1.94;2.42;4.70
17.01.2021;15:25:13;647.23;26.78;4.61;750.22;1.91;2.37;4.54
17.01.2021;15:26:13;636.19;26.84;4.61;750.20;1.87;2.30;4.31
17.01.2021;15:27:13;626.92;26.88;4.59;750.20;1.85;2.25;4.17
17.01.2021;15:28:13;616.67;27.00;4.58;750.20;1.82;2.21;4.03
17.01.2021;15:29:13;607.12;27.03;4.57;750.21;1.81;2.18;3.94
17.01.2021;15:30:13;598.30;26.98;4.56;750.20;1.79;2.16;3.86
17.01.2021;15:31:13;587.99;26.94;4.54;750.20;1.75;2.13;3.73
17.01.2021;15:32:13;580.11;26.99;4.53;750.19;1.73;2.11;3.65
17.01.2021;15:33:13;576.28;27.00;4.53;750.17;1.72;2.10;3.62
17.01.2021;15:34:13;575.85;26.99;4.53;750.14;1.75;2.13;3.73
17.01.2021;15:35:13;572.77;27.15;4.52;750.12;1.77;2.14;3.77
17.01.2021;15:36:13;565.86;27.07;4.51;750.11;1.74;2.12;3.70
17.01.2021;15:37:13;562.08;27.14;4.50;750.11;1.73;2.12;3.68
17.01.2021;15:38:13;560.00;27.08;4.50;750.10;1.73;2.11;3.65
17.01.2021;15:39:14;556.53;27.11;4.50;750.11;1.74;2.12;3.68
17.01.2021;15:40:14;552.83;27.07;4.50;750.12;1.76;2.13;3.74
17.01.2021;15:41:14;546.32;27.05;4.50;750.14;1.77;2.14;3.79
17.01.2021;15:42:14;537.68;27.09;4.51;750.15;1.77;2.14;3.78
17.01.2021;15:43:14;526.57;27.06;4.50;750.15;1.75;2.12;3.72
17.01.2021;15:44:14;515.95;27.23;4.49;750.13;1.74;2.12;3.70
17.01.2021;15:45:14;507.24;27.15;4.49;750.12;1.73;2.12;3.67
17.01.2021;15:46:14;497.01;27.00;4.50;750.10;1.71;2.11;3.61
17.01.2021;15:47:14;484.36;26.99;4.51;750.07;1.68;2.07;3.48
17.01.2021;15:48:14;470.13;27.08;4.51;750.06;1.62;1.99;3.22
17.01.2021;15:49:14;454.99;27.12;4.50;750.05;1.56;1.87;2.92
17.01.2021;15:50:14;442.93;26.99;4.48;750.06;1.52;1.81;2.76
17.01.2021;15:51:14;430.83;26.98;4.47;750.05;1.49;1.77;2.64
17.01.2021;15:52:14;418.15;26.96;4.46;750.05;1.45;1.70;2.47
17.01.2021;15:53:14;406.58;26.97;4.44;750.04;1.41;1.64;2.31
17.01.2021;15:54:14;395.34;27.06;4.42;750.05;1.37;1.58;2.17
17.01.2021;15:55:14;382.81;27.18;4.41;750.06;1.34;1.53;2.05
17.01.2021;15:56:14;368.06;27.22;4.40;750.06;1.30;1.46;1.89
17.01.2021;15:57:14;352.63;27.22;4.37;750.06;1.24;1.36;1.68
17.01.2021;15:58:14;337.74;27.21;4.36;750.05;1.18;1.26;1.49
17.01.2021;15:59:14;323.81;27.25;4.35;750.06;1.13;1.19;1.35
17.01.2021;16:00:14;309.86;27.42;4.33;750.05;1.08;1.10;1.19
17.01.2021;16:01:14;296.50;27.31;4.29;750.06;1.03;1.01;1.04
17.01.2021;16:02:14;283.82;27.32;4.27;750.08;0.98;0.94;0.92
17.01.2021;16:03:14;271.13;27.37;4.26;750.10;0.92;0.83;0.77
17.01.2021;16:04:14;257.21;27.38;4.24;750.10;0.85;0.71;0.60
17.01.2021;16:05:14;241.83;27.40;4.22;750.10;0.76;0.56;0.43
17.01.2021;16:06:14;225.89;27.48;4.20;750.10;0.67;0.43;0.28
17.01.2021;16:07:14;211.08;27.45;4.19;750.10;0.59;0.31;0.18
17.01.2021;16:08:14;198.32;27.35;4.18;750.11;0.54;0.21;0.12
17.01.2021;16:09:14;187.24;27.42;4.16;750.11;0.51;0.16;0.08
17.01.2021;16:10:14;177.46;27.48;4.14;750.10;0.49;0.12;0.06
17.01.2021;16:11:14;168.77;27.55;4.11;750.10;0.48;0.11;0.05
17.01.2021;16:12:14;159.33;27.59;4.09;750.13;0.45;0.06;0.03
17.01.2021;16:13:14;148.77;27.62;4.05;750.14;0.41;0.00;0.00
17.01.2021;16:14:14;138.07;27.63;4.02;750.14;0.36;0.00;0.00
17.01.2021;16:15:15;128.01;27.62;3.99;750.17;0.33;0.00;0.00
17.01.2021;16:16:15;118.91;27.69;3.97;750.19;0.30;0.00;0.00
17.01.2021;16:17:15;110.68;27.76;3.96;750.19;0.28;0.00;0.00
17.01.2021;16:18:15;102.72;27.76;3.94;750.19;0.26;0.00;0.00
17.01.2021;16:19:15;95.76;27.81;3.91;750.18;0.24;0.00;0.00
17.01.2021;16:20:15;89.40;27.81;3.90;750.18;0.22;0.00;0.00
17.01.2021;16:21:15;83.44;27.85;3.90;750.18;0.20;0.00;0.00
17.01.2021;16:22:15;77.97;27.88;3.87;750.18;0.19;0.00;0.00
17.01.2021;16:23:15;72.79;27.94;3.84;750.18;0.17;0.00;0.00
17.01.2021;16:24:15;67.78;27.97;3.83;750.18;0.16;0.00;0.00
17.01.2021;16:25:15;62.85;27.98;3.83;750.19;0.15;0.00;0.00
17.01.2021;16:26:15;58.08;27.96;3.83;750.20;0.13;0.00;0.00
17.01.2021;16:27:15;53.52;27.91;3.82;750.22;0.12;0.00;0.00
17.01.2021;16:28:15;49.18;27.95;3.80;750.25;0.11;0.00;0.00
17.01.2021;16:29:15;45.03;27.95;3.78;750.28;0.09;0.00;0.00
17.01.2021;16:30:15;41.14;27.99;3.76;750.29;0.08;0.00;0.00
17.01.2021;16:31:15;37.47;28.09;3.74;750.30;0.07;0.00;0.00
17.01.2021;16:32:15;33.99;28.07;3.72;750.30;0.06;0.00;0.00
17.01.2021;16:33:15;30.88;28.08;3.71;750.28;0.05;0.00;0.00
17.01.2021;16:34:15;27.93;28.05;3.69;750.27;0.04;0.00;0.00
17.01.2021;16:35:15;25.15;28.14;3.67;750.26;0.03;0.00;0.00
17.01.2021;16:36:15;22.58;28.19;3.63;750.25;0.02;0.00;0.00
17.01.2021;16:37:15;20.25;28.26;3.61;750.25;0.02;0.00;0.00
17.01.2021;16:38:15;18.18;28.24;3.61;750.26;0.01;0.00;0.00
17.01.2021;16:39:15;16.24;28.31;3.59;750.27;0.00;0.00;0.00
17.01.2021;16:40:15;14.47;28.37;3.57;750.27;0.00;0.00;0.00
17.01.2021;16:41:15;12.91;28.41;3.54;750.26;0.00;0.00;0.00
17.01.2021;16:42:15;11.54;28.40;3.52;750.28;0.00;0.00;0.00
17.01.2021;16:43:15;10.36;28.47;3.49;750.28;0.00;0.00;0.00
17.01.2021;16:44:15;9.32;28.44;3.47;750.28;0.00;0.00;0.00
17.01.2021;16:45:15;8.35;28.51;3.46;750.28;0.00;0.00;0.00
17.01.2021;16:46:15;7.50;28.54;3.44;750.30;0.00;0.00;0.00
17.01.2021;16:47:15;6.74;28.57;3.42;750.27;0.00;0.00;0.00
17.01.2021;16:48:15;6.25;28.62;3.40;750.27;0.00;0.00;0.00
17.01.2021;16:49:15;5.83;28.63;3.38;750.26;0.00;0.00;0.00
17.01.2021;16:50:15;5.13;28.69;3.37;750.26;0.00;0.00;0.00
17.01.2021;16:51:15;5.00;28.68;3.37;750.26;0.00;0.00;0.00
17.01.2021;16:52:15;4.69;28.63;3.36;750.26;0.00;0.00;0.00
17.01.2021;16:53:15;4.17;28.69;3.34;750.26;0.00;0.00;0.00
17.01.2021;16:54:15;4.17;28.70;3.33;750.27;0.00;0.00;0.00
17.01.2021;16:55:16;4.17;28.73;3.31;750.28;0.00;0.00;0.00
17.01.2021;16:56:16;3.78;28.80;3.29;750.30;0.00;0.00;0.00
17.01.2021;16:57:16;3.33;28.86;3.28;750.32;0.00;0.00;0.00
17.01.2021;16:58:16;3.33;28.88;3.27;750.32;0.00;0.00;0.00
17.01.2021;16:59:16;3.36;28.81;3.26;750.31;0.00;0.00;0.00
17.01.2021;17:00:16;3.33;28.82;3.25;750.32;0.00;0.00;0.00
17.01.2021;17:01:16;3.33;28.88;3.23;750.31;0.00;0.00;0.00
17.01.2021;17:02:16;3.33;28.93;3.23;750.30;0.00;0.00;0.00
17.01.2021;17:03:16;3.33;28.91;3.23;750.29;0.00;0.00;0.00
17.01.2021;17:04:16;3.33;28.90;3.23;750.30;0.00;0.00;0.00
17.01.2021;17:05:16;3.33;28.95;3.23;750.31;0.00;0.00;0.00
17.01.2021;17:06:16;3.33;28.92;3.21;750.30;0.00;0.00;0.00
17.01.2021;17:07:16;3.33;28.97;3.21;750.31;0.00;0.00;0.00
17.01.2021;17:08:16;3.24;29.05;3.21;750.32;0.00;0.00;0.00
17.01.2021;17:09:16;3.04;29.05;3.20;750.32;0.00;0.00;0.00
17.01.2021;17:10:16;2.82;29.15;3.19;750.32;0.00;0.00;0.00
17.01.2021;17:11:16;2.67;29.01;3.20;750.35;0.00;0.00;0.00
17.01.2021;17:12:16;2.54;29.08;3.20;750.37;0.00;0.00;0.00
17.01.2021;17:13:16;2.57;29.07;3.19;750.39;0.00;0.00;0.00
17.01.2021;17:14:16;2.51;29.10;3.19;750.40;0.00;0.00;0.00
17.01.2021;17:15:16;2.50;28.98;3.21;750.40;0.00;0.00;0.00
17.01.2021;17:16:16;2.51;29.01;3.21;750.41;0.00;0.00;0.00
17.01.2021;17:17:16;2.51;28.98;3.22;750.42;0.00;0.00;0.00
17.01.2021;17:18:16;2.50;29.05;3.21;750.42;0.00;0.00;0.00
17.01.2021;17:19:16;2.50;29.07;3.21;750.43;0.00;0.00;0.00
17.01.2021;17:20:16;2.50;29.33;3.21;750.44;0.00;0.00;0.00
17.01.2021;17:21:16;2.50;29.19;3.20;750.45;0.00;0.00;0.00
17.01.2021;17:22:16;2.50;29.18;3.21;750.46;0.00;0.00;0.00
17.01.2021;17:23:16;2.50;29.12;3.20;750.46;0.00;0.00;0.00
17.01.2021;17:24:16;2.53;29.15;3.20;750.46;0.00;0.00;0.00
17.01.2021;17:25:16;2.50;29.09;3.20;750.45;0.00;0.00;0.00
17.01.2021;17:26:16;2.50;29.13;3.20;750.45;0.00;0.00;0.00
17.01.2021;17:27:16;2.53;29.08;3.21;750.45;0.00;0.00;0.00
17.01.2021;17:28:16;2.50;29.12;3.20;750.44;0.00;0.00;0.00
17.01.2021;17:29:16;2.50;29.13;3.20;750.42;0.00;0.00;0.00
17.01.2021;17:30:16;2.51;29.11;3.20;750.41;0.00;0.00;0.00
17.01.2021;17:31:16;2.50;29.12;3.20;750.41;0.00;0.00;0.00
17.01.2021;17:32:16;2.50;29.14;3.20;750.41;0.00;0.00;0.00
17.01.2021;17:33:16;2.50;29.28;3.19;750.42;0.00;0.00;0.00
17.01.2021;17:34:16;2.50;29.24;3.19;750.41;0.00;0.00;0.00
17.01.2021;17:35:16;2.50;29.13;3.21;750.41;0.00;0.00;0.00
17.01.2021;17:36:16;2.50;29.10;3.21;750.40;0.00;0.00;0.00
17.01.2021;17:37:17;2.50;29.14;3.20;750.40;0.00;0.00;0.00
17.01.2021;17:38:17;2.53;29.20;3.21;750.39;0.00;0.00;0.00
17.01.2021;17:39:17;2.50;29.21;3.22;750.38;0.00;0.00;0.00
17.01.2021;17:40:17;2.50;29.13;3.21;750.38;0.00;0.00;0.00
17.01.2021;17:41:17;2.53;29.13;3.22;750.39;0.00;0.00;0.00
17.01.2021;17:42:17;2.50;29.07;3.21;750.38;0.00;0.00;0.00
17.01.2021;17:43:17;2.50;29.12;3.21;750.37;0.00;0.00;0.00
17.01.2021;17:44:17;2.51;29.17;3.22;750.37;0.00;0.00;0.00
17.01.2021;17:45:17;2.50;29.13;3.22;750.36;0.00;0.00;0.00
17.01.2021;17:46:17;2.50;29.07;3.23;750.35;0.00;0.00;0.00
17.01.2021;17:47:17;2.50;29.08;3.23;750.36;0.00;0.00;0.00
17.01.2021;17:48:17;2.50;29.04;3.24;750.37;0.00;0.00;0.00
17.01.2021;17:49:17;2.50;29.00;3.24;750.37;0.00;0.00;0.00
17.01.2021;17:50:17;2.50;29.00;3.25;750.38;0.00;0.00;0.00
17.01.2021;17:51:17;2.50;28.96;3.24;750.38;0.00;0.00;0.00
17.01.2021;17:52:17;2.53;29.02;3.23;750.37;0.00;0.00;0.00
17.01.2021;17:53:17;2.50;29.03;3.23;750.37;0.00;0.00;0.00
17.01.2021;17:54:17;2.50;29.01;3.23;750.38;0.00;0.00;0.00
17.01.2021;17:55:17;2.53;29.04;3.24;750.38;0.00;0.00;0.00
17.01.2021;17:56:17;2.50;29.04;3.25;750.38;0.00;0.00;0.00
17.01.2021;17:57:17;2.50;29.04;3.25;750.38;0.00;0.00;0.00
17.01.2021;17:58:17;2.51;28.94;3.23;750.36;0.00;0.00;0.00
17.01.2021;17:59:17;2.50;29.01;3.22;750.36;0.00;0.00;0.00
17.01.2021;18:00:17;2.50;29.05;3.22;750.37;0.00;0.00;0.00
17.01.2021;18:01:17;2.50;28.99;3.22;750.38;0.00;0.00;0.00
17.01.2021;18:02:17;2.50;28.97;3.23;750.39;0.00;0.00;0.00
17.01.2021;18:03:17;2.50;29.02;3.23;750.37;0.00;0.00;0.00
17.01.2021;18:04:17;2.50;28.95;3.24;750.38;0.00;0.00;0.00
17.01.2021;18:05:17;2.50;28.96;3.23;750.36;0.00;0.00;0.00
17.01.2021;18:06:17;2.53;29.01;3.24;750.36;0.00;0.00;0.00
17.01.2021;18:07:17;2.50;28.95;3.24;750.35;0.00;0.00;0.00
17.01.2021;18:08:17;2.50;28.89;3.25;750.34;0.00;0.00;0.00
17.01.2021;18:09:17;2.53;28.97;3.24;750.34;0.00;0.00;0.00
17.01.2021;18:10:17;2.50;28.92;3.24;750.34;0.00;0.00;0.00
17.01.2021;18:11:17;2.50;28.89;3.23;750.34;0.00;0.00;0.00
17.01.2021;18:12:17;2.51;28.92;3.23;750.35;0.00;0.00;0.00
17.01.2021;18:13:17;2.50;28.91;3.24;750.36;0.00;0.00;0.00
17.01.2021;18:14:17;2.50;28.92;3.24;750.37;0.00;0.00;0.00
17.01.2021;18:15:17;2.50;28.86;3.23;750.36;0.00;0.00;0.00
17.01.2021;18:16:17;2.50;28.87;3.21;750.36;0.00;0.00;0.00
17.01.2021;18:17:17;2.50;28.90;3.18;750.35;0.00;0.00;0.00
17.01.2021;18:18:17;2.50;28.90;3.18;750.34;0.00;0.00;0.00
17.01.2021;18:19:18;2.50;28.89;3.18;750.35;0.00;0.00;0.00
17.01.2021;18:20:18;2.53;28.99;3.16;750.35;0.00;0.00;0.00
17.01.2021;18:21:18;2.50;28.95;3.14;750.35;0.00;0.00;0.00
17.01.2021;18:22:18;2.50;28.87;3.14;750.35;0.00;0.00;0.00
17.01.2021;18:23:18;2.53;28.90;3.13;750.35;0.00;0.00;0.00
17.01.2021;18:24:18;2.50;28.95;3.12;750.35;0.00;0.00;0.00
17.01.2021;18:25:18;2.50;28.88;3.12;750.35;0.00;0.00;0.00
17.01.2021;18:26:18;2.51;28.76;3.10;750.35;0.00;0.00;0.00
17.01.2021;18:27:18;2.50;28.75;3.09;750.35;0.00;0.00;0.00
17.01.2021;18:28:18;2.50;28.61;3.11;750.34;0.00;0.00;0.00
17.01.2021;18:29:18;2.50;28.45;3.11;750.33;0.00;0.00;0.00
17.01.2021;18:30:18;2.50;28.48;3.08;750.32;0.00;0.00;0.00
17.01.2021;18:31:18;2.50;28.47;3.05;750.31;0.00;0.00;0.00
17.01.2021;18:32:18;2.50;28.54;3.01;750.32;0.00;0.00;0.00
17.01.2021;18:33:18;2.50;28.60;2.97;750.32;0.00;0.00;0.00
17.01.2021;18:34:18;2.53;28.67;2.96;750.32;0.00;0.00;0.00
17.01.2021;18:35:18;2.50;28.69;2.94;750.32;0.00;0.00;0.00
17.01.2021;18:36:18;2.50;28.67;2.91;750.33;0.00;0.00;0.00
17.01.2021;18:37:18;2.53;28.58;2.91;750.32;0.00;0.00;0.00
17.01.2021;18:38:18;2.50;28.43;2.91;750.32;0.00;0.00;0.00
17.01.2021;18:39:18;2.50;28.46;2.90;750.31;0.00;0.00;0.00
17.01.2021;18:40:18;2.51;28.37;2.88;750.31;0.00;0.00;0.00
17.01.2021;18:41:18;2.50;28.31;2.88;750.30;0.00;0.00;0.00
17.01.2021;18:42:18;2.50;28.44;2.82;750.31;0.00;0.00;0.00
17.01.2021;18:43:18;2.50;28.54;2.75;750.31;0.00;0.00;0.00
17.01.2021;18:44:18;2.50;28.58;2.71;750.31;0.00;0.00;0.00
17.01.2021;18:45:18;2.50;28.64;2.69;750.33;0.00;0.00;0.00
17.01.2021;18:46:18;2.50;28.67;2.66;750.33;0.00;0.00;0.00
17.01.2021;18:47:18;2.50;28.70;2.63;750.33;0.00;0.00;0.00
17.01.2021;18:48:18;2.53;28.77;2.59;750.35;0.00;0.00;0.00
17.01.2021;18:49:18;2.50;28.78;2.58;750.36;0.00;0.00;0.00
17.01.2021;18:50:18;2.50;28.89;2.55;750.37;0.00;0.00;0.00
17.01.2021;18:51:18;2.53;28.83;2.55;750.38;0.00;0.00;0.00
17.01.2021;18:52:18;2.50;28.91;2.53;750.37;0.00;0.00;0.00
17.01.2021;18:53:18;2.50;29.03;2.51;750.37;0.00;0.00;0.00
17.01.2021;18:54:18;2.51;29.01;2.51;750.37;0.00;0.00;0.00
17.01.2021;18:55:18;2.50;29.06;2.51;750.37;0.00;0.00;0.00
17.01.2021;18:56:18;2.50;29.06;2.50;750.38;0.00;0.00;0.00
17.01.2021;18:57:18;2.50;28.86;2.52;750.37;0.00;0.00;0.00
17.01.2021;18:58:18;2.50;28.98;2.50;750.38;0.00;0.00;0.00
17.01.2021;18:59:18;2.50;29.05;2.48;750.38;0.00;0.00;0.00
17.01.2021;19:00:18;2.50;29.09;2.47;750.40;0.00;0.00;0.00
17.01.2021;19:01:18;2.50;29.12;2.46;750.41;0.00;0.00;0.00
17.01.2021;19:02:19;2.53;29.19;2.46;750.43;0.00;0.00;0.00
17.01.2021;19:03:19;2.50;29.12;2.47;750.43;0.00;0.00;0.00
17.01.2021;19:04:19;2.50;29.13;2.47;750.44;0.00;0.00;0.00
17.01.2021;19:05:19;2.53;29.12;2.49;750.45;0.00;0.00;0.00
17.01.2021;19:06:19;2.50;29.08;2.49;750.47;0.00;0.00;0.00
17.01.2021;19:07:19;2.50;29.03;2.49;750.48;0.00;0.00;0.00
17.01.2021;19:08:19;2.51;28.95;2.51;750.48;0.00;0.00;0.00
17.01.2021;19:09:19;2.50;29.07;2.50;750.47;0.00;0.00;0.00
17.01.2021;19:10:19;2.50;29.05;2.49;750.49;0.00;0.00;0.00
17.01.2021;19:11:19;2.50;29.07;2.48;750.49;0.00;0.00;0.00
17.01.2021;19:12:19;2.50;29.16;2.48;750.50;0.00;0.00;0.00
17.01.2021;19:13:19;2.50;29.13;2.49;750.51;0.00;0.00;0.00
17.01.2021;19:14:19;2.50;29.11;2.49;750.52;0.00;0.00;0.00
17.01.2021;19:15:19;2.50;29.10;2.51;750.54;0.00;0.00;0.00
17.01.2021;19:16:19;2.53;29.17;2.51;750.57;0.00;0.00;0.00
17.01.2021;19:17:19;2.50;29.19;2.52;750.58;0.00;0.00;0.00
17.01.2021;19:18:19;2.50;29.14;2.53;750.58;0.00;0.00;0.00
17.01.2021;19:19:19;2.53;29.13;2.52;750.60;0.00;0.00;0.00
17.01.2021;19:20:19;2.50;29.20;2.52;750.58;0.00;0.00;0.00
17.01.2021;19:21:19;2.50;29.21;2.51;750.58;0.00;0.00;0.00
17.01.2021;19:22:19;2.51;29.22;2.51;750.59;0.00;0.00;0.00
17.01.2021;19:23:19;2.50;29.17;2.52;750.61;0.00;0.00;0.00
17.01.2021;19:24:19;2.50;29.08;2.55;750.63;0.00;0.00;0.00
17.01.2021;19:25:19;2.50;29.04;2.55;750.65;0.00;0.00;0.00
17.01.2021;19:26:19;2.50;29.04;2.56;750.66;0.00;0.00;0.00
17.01.2021;19:27:19;2.50;29.02;2.56;750.67;0.00;0.00;0.00
17.01.2021;19:28:19;2.50;28.92;2.58;750.68;0.00;0.00;0.00
17.01.2021;19:29:19;2.50;28.82;2.59;750.68;0.00;0.00;0.00
17.01.2021;19:30:19;2.53;28.83;2.58;750.66;0.00;0.00;0.00
17.01.2021;19:31:19;2.50;28.83;2.57;750.65;0.00;0.00;0.00
17.01.2021;19:32:19;2.50;28.88;2.58;750.64;0.00;0.00;0.00
17.01.2021;19:33:19;2.53;28.81;2.58;750.64;0.00;0.00;0.00
17.01.2021;19:34:19;2.50;28.83;2.57;750.63;0.00;0.00;0.00
17.01.2021;19:35:19;2.50;28.77;2.56;750.64;0.00;0.00;0.00
17.01.2021;19:36:19;2.51;28.77;2.57;750.64;0.00;0.00;0.00
17.01.2021;19:37:19;2.50;28.79;2.56;750.65;0.00;0.00;0.00
17.01.2021;19:38:19;2.50;28.78;2.56;750.66;0.00;0.00;0.00
17.01.2021;19:39:19;2.50;28.83;2.54;750.67;0.00;0.00;0.00
17.01.2021;19:40:19;2.50;28.90;2.51;750.68;0.00;0.00;0.00
17.01.2021;19:41:19;2.50;28.90;2.49;750.70;0.00;0.00;0.00
17.01.2021;19:42:19;2.50;28.93;2.48;750.71;0.00;0.00;0.00
17.01.2021;19:43:19;2.50;28.91;2.50;750.70;0.00;0.00;0.00
17.01.2021;19:44:20;2.53;28.87;2.51;750.70;0.00;0.00;0.00
17.01.2021;19:45:20;2.50;28.88;2.51;750.71;0.00;0.00;0.00
17.01.2021;19:46:20;2.50;28.91;2.49;750.70;0.00;0.00;0.00
17.01.2021;19:47:20;2.53;28.87;2.50;750.69;0.00;0.00;0.00
17.01.2021;19:48:20;2.50;28.78;2.53;750.69;0.00;0.00;0.00
17.01.2021;19:49:20;2.50;28.72;2.53;750.69;0.00;0.00;0.00
17.01.2021;19:50:20;2.51;28.62;2.55;750.68;0.00;0.00;0.00
17.01.2021;19:51:20;2.50;28.58;2.55;750.68;0.00;0.00;0.00
17.01.2021;19:52:20;2.50;28.57;2.52;750.69;0.00;0.00;0.00
17.01.2021;19:53:20;2.50;28.61;2.47;750.70;0.00;0.00;0.00
17.01.2021;19:54:20;2.50;28.69;2.43;750.70;0.00;0.00;0.00
17.01.2021;19:55:20;2.50;28.70;2.40;750.71;0.00;0.00;0.00
17.01.2021;19:56:20;2.50;28.73;2.38;750.71;0.00;0.00;0.00
17.01.2021;19:57:20;2.50;28.80;2.37;750.71;0.00;0.00;0.00
17.01.2021;19:58:20;2.53;28.76;2.34;750.72;0.00;0.00;0.00
17.01.2021;19:59:20;2.50;28.74;2.33;750.71;0.00;0.00;0.00
17.01.2021;20:00:20;2.50;28.75;2.32;750.71;0.00;0.00;0.00
17.01.2021;20:01:20;2.53;28.82;2.30;750.71;0.00;0.00;0.00
17.01.2021;20:02:20;2.50;28.81;2.27;750.72;0.00;0.00;0.00
17.01.2021;20:03:20;2.50;28.84;2.27;750.72;0.00;0.00;0.00
17.01.2021;20:04:20;2.51;28.85;2.28;750.72;0.00;0.00;0.00
17.01.2021;20:05:20;2.50;28.80;2.27;750.72;0.00;0.00;0.00
17.01.2021;20:06:20;2.50;28.87;2.24;750.74;0.00;0.00;0.00
17.01.2021;20:07:20;2.50;28.88;2.22;750.75;0.00;0.00;0.00
17.01.2021;20:08:20;2.50;28.86;2.21;750.75;0.00;0.00;0.00
17.01.2021;20:09:20;2.50;28.86;2.20;750.75;0.00;0.00;0.00
17.01.2021;20:10:20;2.50;28.82;2.20;750.74;0.00;0.00;0.00
17.01.2021;20:11:20;2.50;28.86;2.18;750.73;0.00;0.00;0.00
17.01.2021;20:12:20;2.53;28.83;2.19;750.73;0.00;0.00;0.00
17.01.2021;20:13:20;2.50;28.88;2.15;750.71;0.00;0.00;0.00
17.01.2021;20:14:20;2.50;28.96;2.14;750.71;0.00;0.00;0.00
17.01.2021;20:15:20;2.53;29.03;2.10;750.71;0.00;0.00;0.00
17.01.2021;20:16:20;2.50;29.11;2.09;750.69;0.00;0.00;0.00
17.01.2021;20:17:20;2.50;29.00;2.11;750.68;0.00;0.00;0.00
17.01.2021;20:18:20;2.51;29.01;2.10;750.68;0.00;0.00;0.00
17.01.2021;20:19:20;2.50;28.97;2.10;750.68;0.00;0.00;0.00
17.01.2021;20:20:20;2.50;28.99;2.08;750.68;0.00;0.00;0.00
17.01.2021;20:21:20;2.50;29.00;2.06;750.68;0.00;0.00;0.00
17.01.2021;20:22:20;2.50;29.01;2.06;750.69;0.00;0.00;0.00
17.01.2021;20:23:20;2.50;29.05;2.06;750.69;0.00;0.00;0.00
17.01.2021;20:24:20;2.50;29.05;2.05;750.71;0.00;0.00;0.00
17.01.2021;20:25:20;2.50;29.09;2.04;750.71;0.00;0.00;0.00
17.01.2021;20:26:20;2.53;29.08;2.03;750.74;0.00;0.00;0.00
17.01.2021;20:27:20;2.50;29.12;2.03;750.77;0.00;0.00;0.00
17.01.2021;20:28:21;2.50;29.04;2.06;750.79;0.00;0.00;0.00
17.01.2021;20:29:21;2.53;28.91;2.09;750.81;0.00;0.00;0.00
17.01.2021;20:30:21;2.50;28.86;2.08;750.83;0.00;0.00;0.00
17.01.2021;20:31:21;2.50;28.80;2.10;750.84;0.00;0.00;0.00
17.01.2021;20:32:21;2.51;28.80;2.09;750.85;0.00;0.00;0.00
17.01.2021;20:33:21;2.50;28.86;2.05;750.87;0.00;0.00;0.00
17.01.2021;20:34:21;2.50;28.96;2.02;750.89;0.00;0.00;0.00
17.01.2021;20:35:21;2.50;29.00;2.00;750.92;0.00;0.00;0.00
17.01.2021;20:36:21;2.50;29.06;2.00;750.92;0.00;0.00;0.00
17.01.2021;20:37:21;2.50;28.98;2.02;750.94;0.00;0.00;0.00
17.01.2021;20:38:21;2.50;29.12;2.00;750.95;0.00;0.00;0.00
17.01.2021;20:39:21;2.50;29.11;2.01;750.98;0.00;0.00;0.00
17.01.2021;20:40:21;2.53;29.12;2.01;750.98;0.00;0.00;0.00
17.01.2021;20:41:21;2.50;29.12;2.02;750.99;0.00;0.00;0.00
17.01.2021;20:42:21;2.50;29.08;2.01;751.00;0.00;0.00;0.00
17.01.2021;20:43:21;2.53;29.07;2.02;751.02;0.00;0.00;0.00
17.01.2021;20:44:21;2.50;29.04;2.01;751.03;0.00;0.00;0.00
17.01.2021;20:45:21;2.50;29.08;2.00;751.05;0.00;0.00;0.00
17.01.2021;20:46:21;2.51;29.15;1.99;751.07;0.00;0.00;0.00
17.01.2021;20:47:21;2.50;29.22;2.00;751.08;0.00;0.00;0.00
17.01.2021;20:48:21;2.50;29.23;2.01;751.09;0.00;0.00;0.00
17.01.2021;20:49:21;2.50;29.19;2.01;751.11;0.00;0.00;0.00
17.01.2021;20:50:21;2.50;29.18;2.03;751.10;0.00;0.00;0.00
17.01.2021;20:51:21;2.50;29.19;2.04;751.11;0.00;0.00;0.00
17.01.2021;20:52:21;2.50;29.21;2.03;751.11;0.00;0.00;0.00
17.01.2021;20:53:21;2.50;29.18;2.05;751.11;0.00;0.00;0.00
17.01.2021;20:54:21;2.53;29.14;2.05;751.11;0.00;0.00;0.00
17.01.2021;20:55:21;2.50;29.17;2.07;751.11;0.00;0.00;0.00
17.01.2021;20:56:21;2.50;29.14;2.08;751.14;0.00;0.00;0.00
17.01.2021;20:57:21;2.53;29.15;2.10;751.12;0.00;0.00;0.00
17.01.2021;20:58:21;2.50;29.08;2.10;751.13;0.00;0.00;0.00
17.01.2021;20:59:21;2.50;29.20;2.10;751.16;0.00;0.00;0.00
17.01.2021;21:00:21;2.51;29.17;2.11;751.16;0.00;0.00;0.00
17.01.2021;21:01:21;2.51;29.15;2.13;751.17;0.00;0.00;0.00
17.01.2021;21:02:21;2.51;29.15;2.13;751.18;0.00;0.00;0.00
17.01.2021;21:03:21;2.51;29.19;2.14;751.19;0.00;0.00;0.00
17.01.2021;21:04:21;2.50;29.10;2.16;751.20;0.00;0.00;0.00
17.01.2021;21:05:21;2.51;29.17;2.16;751.22;0.00;0.00;0.00
17.01.2021;21:06:21;2.53;29.13;2.18;751.22;0.00;0.00;0.00
17.01.2021;21:07:21;2.58;29.17;2.18;751.22;0.00;0.00;0.00
17.01.2021;21:08:21;2.60;29.30;2.20;751.23;0.00;0.00;0.00
17.01.2021;21:09:21;2.57;29.17;2.23;751.22;0.00;0.00;0.00
17.01.2021;21:10:22;2.63;29.09;2.25;751.23;0.00;0.00;0.00
17.01.2021;21:11:22;2.57;29.08;2.27;751.23;0.00;0.00;0.00
17.01.2021;21:12:22;2.61;29.14;2.28;751.23;0.00;0.00;0.00
17.01.2021;21:13:22;2.61;29.06;2.32;751.24;0.00;0.00;0.00
17.01.2021;21:14:22;2.56;29.01;2.34;751.25;0.00;0.00;0.00
17.01.2021;21:15:22;2.63;28.91;2.37;751.25;0.00;0.00;0.00
17.01.2021;21:16:22;2.71;28.88;2.40;751.26;0.00;0.00;0.00
17.01.2021;21:17:22;2.63;28.87;2.41;751.25;0.00;0.00;0.00
17.01.2021;21:18:22;2.71;28.89;2.41;751.26;0.00;0.00;0.00
17.01.2021;21:19:22;2.69;28.86;2.43;751.26;0.00;0.00;0.00
17.01.2021;21:20:22;2.79;28.85;2.43;751.26;0.00;0.00;0.00
17.01.2021;21:21:22;2.82;28.84;2.44;751.28;0.00;0.00;0.00
17.01.2021;21:22:22;2.88;28.75;2.46;751.30;0.00;0.00;0.00
17.01.2021;21:23:22;2.69;28.73;2.48;751.32;0.00;0.00;0.00
17.01.2021;21:24:22;2.84;28.76;2.49;751.32;0.00;0.00;0.00
17.01.2021;21:25:22;2.90;28.71;2.51;751.33;0.00;0.00;0.00
17.01.2021;21:26:22;2.92;28.70;2.52;751.34;0.00;0.00;0.00
17.01.2021;21:27:22;2.91;28.71;2.53;751.37;0.00;0.00;0.00
17.01.2021;21:28:22;2.87;28.74;2.55;751.37;0.00;0.00;0.00
17.01.2021;21:29:22;2.88;28.69;2.56;751.38;0.00;0.00;0.00
17.01.2021;21:30:22;2.97;28.64;2.56;751.38;0.00;0.00;0.00
17.01.2021;21:31:22;2.83;28.65;2.55;751.37;0.00;0.00;0.00
17.01.2021;21:32:22;2.95;28.67;2.55;751.35;0.00;0.00;0.00
17.01.2021;21:33:22;2.96;28.72;2.54;751.34;0.00;0.00;0.00
17.01.2021;21:34:22;3.00;28.72;2.54;751.35;0.00;0.00;0.00
17.01.2021;21:35:22;2.92;28.73;2.55;751.35;0.00;0.00;0.00
17.01.2021;21:36:22;3.00;28.68;2.56;751.35;0.00;0.00;0.00
17.01.2021;21:37:22;2.85;28.76;2.55;751.35;0.00;0.00;0.00
17.01.2021;21:38:22;2.88;28.77;2.54;751.35;0.00;0.00;0.00
17.01.2021;21:39:22;3.00;28.67;2.54;751.33;0.00;0.00;0.00
17.01.2021;21:40:22;2.85;28.72;2.54;751.32;0.00;0.00;0.00
17.01.2021;21:41:22;2.99;28.76;2.54;751.33;0.00;0.00;0.00
17.01.2021;21:42:22;2.97;28.74;2.52;751.33;0.00;0.00;0.00
17.01.2021;21:43:22;3.08;29.20;2.52;751.35;0.00;0.00;0.00
17.01.2021;21:44:22;3.04;28.82;2.54;751.36;0.00;0.00;0.00
17.01.2021;21:45:22;3.01;28.81;2.54;751.36;0.00;0.00;0.00
17.01.2021;21:46:22;2.98;28.76;2.55;751.35;0.00;0.00;0.00
17.01.2021;21:47:22;3.04;28.76;2.55;751.33;0.00;0.00;0.00
17.01.2021;21:48:22;3.01;28.76;2.53;751.33;0.00;0.00;0.00
17.01.2021;21:49:22;2.97;28.72;2.54;751.33;0.00;0.00;0.00
17.01.2021;21:50:22;2.86;28.70;2.54;751.33;0.00;0.00;0.00
17.01.2021;21:51:22;2.85;28.71;2.54;751.33;0.00;0.00;0.00
17.01.2021;21:52:22;2.92;28.70;2.56;751.34;0.00;0.00;0.00
17.01.2021;21:53:22;2.96;28.68;2.56;751.34;0.00;0.00;0.00
17.01.2021;21:54:23;2.85;28.73;2.56;751.34;0.00;0.00;0.00
17.01.2021;21:55:23;2.91;28.70;2.58;751.34;0.00;0.00;0.00
17.01.2021;21:56:23;2.96;28.67;2.59;751.36;0.00;0.00;0.00
17.01.2021;21:57:23;2.85;28.69;2.61;751.36;0.00;0.00;0.00
17.01.2021;21:58:23;2.84;28.64;2.63;751.37;0.00;0.00;0.00
17.01.2021;21:59:23;2.82;28.65;2.65;751.37;0.00;0.00;0.00
17.01.2021;22:00:23;2.77;28.64;2.66;751.38;0.00;0.00;0.00
17.01.2021;22:01:23;2.93;28.71;2.64;751.38;0.00;0.00;0.00
17.01.2021;22:02:23;2.92;28.70;2.63;751.37;0.00;0.00;0.00
17.01.2021;22:03:23;3.01;28.66;2.63;751.38;0.00;0.00;0.00
17.01.2021;22:04:23;2.97;28.74;2.63;751.40;0.00;0.00;0.00
17.01.2021;22:05:23;3.01;28.71;2.65;751.41;0.00;0.00;0.00
17.01.2021;22:06:23;3.09;28.80;2.64;751.41;0.00;0.00;0.00
17.01.2021;22:07:23;3.04;28.79;2.64;751.39;0.00;0.00;0.00
17.01.2021;22:08:23;3.04;28.73;2.67;751.40;0.00;0.00;0.00
17.01.2021;22:09:23;2.99;28.74;2.68;751.41;0.00;0.00;0.00
17.01.2021;22:10:23;3.03;28.72;2.67;751.41;0.00;0.00;0.00
17.01.2021;22:11:23;2.99;28.77;2.67;751.42;0.00;0.00;0.00
17.01.2021;22:12:23;3.08;28.76;2.68;751.42;0.00;0.00;0.00
17.01.2021;22:13:23;3.06;28.75;2.69;751.43;0.00;0.00;0.00
17.01.2021;22:14:23;3.08;28.66;2.71;751.43;0.00;0.00;0.00
17.01.2021;22:15:23;3.07;28.60;2.71;751.46;0.00;0.00;0.00
17.01.2021;22:16:23;2.99;28.63;2.70;751.46;0.00;0.00;0.00
17.01.2021;22:17:23;3.01;28.58;2.70;751.46;0.00;0.00;0.00
17.01.2021;22:18:23;3.01;28.55;2.68;751.46;0.00;0.00;0.00
17.01.2021;22:19:23;2.97;28.55;2.67;751.45;0.00;0.00;0.00
17.01.2021;22:20:23;2.98;28.48;2.66;751.45;0.00;0.00;0.00
17.01.2021;22:21:23;3.15;28.53;2.62;751.44;0.00;0.00;0.00
17.01.2021;22:22:23;3.14;28.60;2.61;751.45;0.00;0.00;0.00
17.01.2021;22:23:23;3.18;28.61;2.59;751.47;0.00;0.00;0.00
17.01.2021;22:24:23;3.06;28.67;2.58;751.48;0.00;0.00;0.00
17.01.2021;22:25:23;3.01;28.63;2.57;751.47;0.00;0.00;0.00
17.01.2021;22:26:23;3.11;28.59;2.55;751.47;0.00;0.00;0.00
17.01.2021;22:27:23;2.99;28.63;2.53;751.45;0.00;0.00;0.00
17.01.2021;22:28:23;3.02;28.66;2.51;751.44;0.00;0.00;0.00
17.01.2021;22:29:23;3.01;28.72;2.49;751.44;0.00;0.00;0.00
17.01.2021;22:30:23;2.93;28.67;2.48;751.44;0.00;0.00;0.00
17.01.2021;22:31:23;2.99;28.66;2.46;751.46;0.00;0.00;0.00
17.01.2021;22:32:23;2.96;28.76;2.44;751.47;0.00;0.00;0.00
17.01.2021;22:33:23;2.79;28.80;2.41;751.46;0.00;0.00;0.00
17.01.2021;22:34:23;2.92;28.87;2.39;751.47;0.00;0.00;0.00
17.01.2021;22:35:23;2.94;28.86;2.40;751.48;0.00;0.00;0.00
17.01.2021;22:36:24;2.90;28.91;2.39;751.48;0.00;0.00;0.00
17.01.2021;22:37:24;2.90;28.89;2.38;751.49;0.00;0.00;0.00
17.01.2021;22:38:24;2.87;28.89;2.37;751.51;0.00;0.00;0.00
17.01.2021;22:39:24;2.97;28.92;2.35;751.54;0.00;0.00;0.00
17.01.2021;22:40:24;2.92;28.91;2.37;751.55;0.00;0.00;0.00
17.01.2021;22:41:24;2.87;28.86;2.36;751.55;0.00;0.00;0.00
17.01.2021;22:42:24;2.88;28.84;2.36;751.57;0.00;0.00;0.00
17.01.2021;22:43:24;2.89;28.74;2.36;751.58;0.00;0.00;0.00
17.01.2021;22:44:24;2.96;28.73;2.34;751.59;0.00;0.00;0.00
17.01.2021;22:45:24;2.91;28.81;2.33;751.59;0.00;0.00;0.00
17.01.2021;22:46:24;2.90;28.76;2.32;751.58;0.00;0.00;0.00
17.01.2021;22:47:24;2.74;28.74;2.32;751.58;0.00;0.00;0.00
17.01.2021;22:48:24;2.75;28.77;2.29;751.57;0.00;0.00;0.00
17.01.2021;22:49:24;2.83;28.84;2.27;751.59;0.00;0.00;0.00
17.01.2021;22:50:24;2.75;28.86;2.25;751.60;0.00;0.00;0.00
17.01.2021;22:51:24;2.75;28.92;2.23;751.62;0.00;0.00;0.00
17.01.2021;22:52:24;2.83;28.97;2.22;751.63;0.00;0.00;0.00
17.01.2021;22:53:24;2.86;28.93;2.22;751.63;0.00;0.00;0.00
17.01.2021;22:54:24;2.91;28.97;2.20;751.63;0.00;0.00;0.00
17.01.2021;22:55:24;2.93;28.96;2.20;751.62;0.00;0.00;0.00
17.01.2021;22:56:24;2.88;28.94;2.20;751.63;0.00;0.00;0.00
17.01.2021;22:57:24;2.83;28.99;2.19;751.63;0.00;0.00;0.00
17.01.2021;22:58:24;2.97;29.06;2.18;751.64;0.00;0.00;0.00
17.01.2021;22:59:24;2.81;29.07;2.18;751.66;0.00;0.00;0.00
17.01.2021;23:00:24;2.92;29.05;2.18;751.66;0.00;0.00;0.00
17.01.2021;23:01:24;2.83;29.06;2.20;751.66;0.00;0.00;0.00
17.01.2021;23:02:24;2.82;29.06;2.21;751.65;0.00;0.00;0.00
17.01.2021;23:03:24;2.89;29.06;2.20;751.66;0.00;0.00;0.00
17.01.2021;23:04:24;2.97;28.94;2.21;751.67;0.00;0.00;0.00
17.01.2021;23:05:24;2.92;28.99;2.20;751.69;0.00;0.00;0.00
17.01.2021;23:06:24;2.92;28.99;2.20;751.71;0.00;0.00;0.00
17.01.2021;23:07:24;2.94;28.99;2.19;751.71;0.00;0.00;0.00
17.01.2021;23:08:24;2.94;29.03;2.20;751.71;0.00;0.00;0.00
17.01.2021;23:09:24;2.89;29.02;2.18;751.70;0.00;0.00;0.00
17.01.2021;23:10:24;2.98;29.01;2.19;751.69;0.00;0.00;0.00
17.01.2021;23:11:24;2.92;29.06;2.17;751.69;0.00;0.00;0.00
17.01.2021;23:12:24;3.00;29.10;2.17;751.70;0.00;0.00;0.00
17.01.2021;23:13:24;2.98;29.15;2.18;751.70;0.00;0.00;0.00
17.01.2021;23:14:24;2.87;29.12;2.18;751.69;0.00;0.00;0.00
17.01.2021;23:15:24;2.81;29.13;2.18;751.69;0.00;0.00;0.00
17.01.2021;23:16:24;2.78;29.12;2.20;751.66;0.00;0.00;0.00
17.01.2021;23:17:24;2.71;29.10;2.21;751.63;0.00;0.00;0.00
17.01.2021;23:18:24;2.75;29.12;2.23;751.61;0.00;0.00;0.00
17.01.2021;23:19:25;2.68;29.06;2.23;751.59;0.00;0.00;0.00
17.01.2021;23:20:25;2.58;29.02;2.25;751.60;0.00;0.00;0.00
17.01.2021;23:21:25;2.63;28.89;2.24;751.62;0.00;0.00;0.00
17.01.2021;23:22:25;2.67;28.93;2.23;751.65;0.00;0.00;0.00
17.01.2021;23:23:25;2.72;28.93;2.23;751.67;0.00;0.00;0.00
17.01.2021;23:24:25;2.80;28.95;2.23;751.69;0.00;0.00;0.00
17.01.2021;23:25:25;2.72;28.98;2.24;751.69;0.00;0.00;0.00
17.01.2021;23:26:25;2.75;28.96;2.25;751.69;0.00;0.00;0.00
17.01.2021;23:27:25;2.85;28.85;2.27;751.67;0.00;0.00;0.00
17.01.2021;23:28:25;2.76;28.82;2.29;751.66;0.00;0.00;0.00
17.01.2021;23:29:25;2.64;28.87;2.28;751.66;0.00;0.00;0.00
17.01.2021;23:30:25;2.68;28.85;2.26;751.65;0.00;0.00;0.00
17.01.2021;23:31:25;2.67;28.89;2.25;751.65;0.00;0.00;0.00
17.01.2021;23:32:25;2.68;28.86;2.26;751.65;0.00;0.00;0.00
17.01.2021;23:33:25;2.67;28.96;2.26;751.64;0.00;0.00;0.00
17.01.2021;23:34:25;2.61;28.90;2.28;751.63;0.00;0.00;0.00
17.01.2021;23:35:25;2.68;28.84;2.29;751.63;0.00;0.00;0.00
17.01.2021;23:36:25;2.73;28.82;2.28;751.63;0.00;0.00;0.00
17.01.2021;23:37:25;2.74;28.85;2.27;751.62;0.00;0.00;0.00
17.01.2021;23:38:25;2.73;28.86;2.27;751.65;0.00;0.00;0.00
17.01.2021;23:39:25;2.76;28.93;2.26;751.64;0.00;0.00;0.00
17.01.2021;23:40:25;2.76;28.92;2.26;751.64;0.00;0.00;0.00
17.01.2021;23:41:25;2.81;28.90;2.26;751.61;0.00;0.00;0.00
17.01.2021;23:42:25;2.78;28.92;2.27;751.58;0.00;0.00;0.00
17.01.2021;23:43:25;2.64;28.90;2.28;751.55;0.00;0.00;0.00
17.01.2021;23:44:25;2.71;29.00;2.28;751.54;0.00;0.00;0.00
17.01.2021;23:45:25;2.72;28.90;2.30;751.53;0.00;0.00;0.00
17.01.2021;23:46:25;2.74;28.87;2.30;751.52;0.00;0.00;0.00
17.01.2021;23:47:25;2.87;28.88;2.29;751.52;0.00;0.00;0.00
17.01.2021;23:48:25;2.82;28.94;2.30;751.52;0.00;0.00;0.00
17.01.2021;23:49:25;2.72;28.99;2.30;751.50;0.00;0.00;0.00
17.01.2021;23:50:25;2.73;28.94;2.30;751.47;0.00;0.00;0.00
17.01.2021;23:51:25;2.76;28.90;2.30;751.44;0.00;0.00;0.00
17.01.2021;23:52:25;2.77;28.91;2.30;751.40;0.00;0.00;0.00
17.01.2021;23:53:25;2.75;28.93;2.33;751.39;0.00;0.00;0.00
17.01.2021;23:54:25;2.75;28.80;2.35;751.38;0.00;0.00;0.00
17.01.2021;23:55:25;2.97;28.78;2.36;751.39;0.00;0.00;0.00
17.01.2021;23:56:25;2.78;28.77;2.36;751.39;0.00;0.00;0.00
17.01.2021;23:57:25;3.00;28.80;2.35;751.39;0.00;0.00;0.00
17.01.2021;23:58:25;2.95;28.76;2.34;751.39;0.00;0.00;0.00
17.01.2021;23:59:25;2.99;28.86;2.34;751.39;0.00;0.00;0.00
