17.12.2020;0:00:42;3.33;43.15;12.13;759.14;0.00;0.00;0.00
17.12.2020;0:01:42;3.36;43.16;12.13;759.17;0.00;0.00;0.00
17.12.2020;0:02:42;3.33;43.17;12.13;759.18;0.00;0.00;0.00
17.12.2020;0:03:42;3.33;43.17;12.13;759.18;0.00;0.00;0.00
17.12.2020;0:04:42;3.35;43.17;12.13;759.19;0.00;0.00;0.00
17.12.2020;0:05:42;3.33;43.16;12.13;759.19;0.00;0.00;0.00
17.12.2020;0:06:42;3.33;43.16;12.13;759.20;0.00;0.00;0.00
17.12.2020;0:07:42;3.33;43.15;12.13;759.21;0.00;0.00;0.00
17.12.2020;0:08:42;3.33;43.15;12.13;759.22;0.00;0.00;0.00
17.12.2020;0:09:42;3.33;43.14;12.13;759.24;0.00;0.00;0.00
17.12.2020;0:10:42;3.33;43.16;12.13;759.26;0.00;0.00;0.00
17.12.2020;0:11:42;3.33;43.16;12.13;759.26;0.00;0.00;0.00
17.12.2020;0:12:42;3.35;43.14;12.13;759.27;0.00;0.00;0.00
17.12.2020;0:13:42;3.33;43.14;12.13;759.28;0.00;0.00;0.00
17.12.2020;0:14:42;3.33;43.14;12.13;759.28;0.00;0.00;0.00
17.12.2020;0:15:42;3.36;43.15;12.13;759.28;0.00;0.00;0.00
17.12.2020;0:16:42;3.33;43.13;12.13;759.28;0.00;0.00;0.00
17.12.2020;0:17:42;3.33;43.13;12.13;759.29;0.00;0.00;0.00
17.12.2020;0:18:42;3.35;43.12;12.13;759.29;0.00;0.00;0.00
17.12.2020;0:19:43;3.33;43.14;12.13;759.29;0.00;0.00;0.00
17.12.2020;0:20:43;3.33;43.13;12.12;759.29;0.00;0.00;0.00
17.12.2020;0:21:43;3.33;43.13;12.13;759.28;0.00;0.00;0.00
17.12.2020;0:22:43;3.33;43.11;12.13;759.29;0.00;0.00;0.00
17.12.2020;0:23:43;3.33;43.12;12.12;759.27;0.00;0.00;0.00
17.12.2020;0:24:43;3.33;43.14;12.12;759.25;0.00;0.00;0.00
17.12.2020;0:25:43;3.33;43.15;12.12;759.24;0.00;0.00;0.00
17.12.2020;0:26:43;3.35;43.11;12.11;759.23;0.00;0.00;0.00
17.12.2020;0:27:43;3.33;43.14;12.12;759.24;0.00;0.00;0.00
17.12.2020;0:28:43;3.33;43.16;12.12;759.23;0.00;0.00;0.00
17.12.2020;0:29:43;3.36;43.15;12.12;759.22;0.00;0.00;0.00
17.12.2020;0:30:43;3.33;43.18;12.12;759.22;0.00;0.00;0.00
17.12.2020;0:31:43;3.33;43.12;12.13;759.22;0.00;0.00;0.00
17.12.2020;0:32:43;3.35;43.11;12.12;759.22;0.00;0.00;0.00
17.12.2020;0:33:43;3.33;43.14;12.12;759.23;0.00;0.00;0.00
17.12.2020;0:34:43;3.33;43.14;12.12;759.24;0.00;0.00;0.00
17.12.2020;0:35:43;3.33;43.17;12.12;759.24;0.00;0.00;0.00
17.12.2020;0:36:43;3.33;43.18;12.12;759.24;0.00;0.00;0.00
17.12.2020;0:37:43;3.33;43.20;12.11;759.24;0.00;0.00;0.00
17.12.2020;0:38:43;3.33;43.19;12.12;759.23;0.00;0.00;0.00
17.12.2020;0:39:43;3.33;43.19;12.12;759.22;0.00;0.00;0.00
17.12.2020;0:40:43;3.35;43.22;12.12;759.21;0.00;0.00;0.00
17.12.2020;0:41:43;3.33;43.20;12.13;759.21;0.00;0.00;0.00
17.12.2020;0:42:43;3.33;43.19;12.14;759.23;0.00;0.00;0.00
17.12.2020;0:43:43;3.36;43.19;12.13;759.22;0.00;0.00;0.00
17.12.2020;0:44:43;3.33;43.21;12.14;759.20;0.00;0.00;0.00
17.12.2020;0:45:43;3.33;43.21;12.14;759.19;0.00;0.00;0.00
17.12.2020;0:46:43;3.35;43.19;12.15;759.18;0.00;0.00;0.00
17.12.2020;0:47:43;3.33;43.18;12.15;759.17;0.00;0.00;0.00
17.12.2020;0:48:43;3.33;43.20;12.15;759.17;0.00;0.00;0.00
17.12.2020;0:49:43;3.33;43.18;12.16;759.17;0.00;0.00;0.00
17.12.2020;0:50:43;3.33;43.19;12.16;759.18;0.00;0.00;0.00
17.12.2020;0:51:44;3.33;43.16;12.17;759.18;0.00;0.00;0.00
17.12.2020;0:52:44;3.33;43.15;12.18;759.18;0.00;0.00;0.00
17.12.2020;0:53:44;3.33;43.12;12.18;759.16;0.00;0.00;0.00
17.12.2020;0:54:44;3.35;43.10;12.19;759.14;0.00;0.00;0.00
17.12.2020;0:55:44;3.33;43.11;12.19;759.13;0.00;0.00;0.00
17.12.2020;0:56:44;3.33;43.07;12.20;759.14;0.00;0.00;0.00
17.12.2020;0:57:44;3.36;43.08;12.20;759.14;0.00;0.00;0.00
17.12.2020;0:58:44;3.33;43.06;12.21;759.15;0.00;0.00;0.00
17.12.2020;0:59:44;3.33;43.06;12.21;759.14;0.00;0.00;0.00
17.12.2020;1:00:44;3.35;43.03;12.21;759.14;0.00;0.00;0.00
17.12.2020;1:01:44;3.33;43.02;12.22;759.13;0.00;0.00;0.00
17.12.2020;1:02:44;3.33;43.03;12.22;759.13;0.00;0.00;0.00
17.12.2020;1:03:44;3.33;43.01;12.23;759.10;0.00;0.00;0.00
17.12.2020;1:04:44;3.33;42.98;12.23;759.10;0.00;0.00;0.00
17.12.2020;1:05:44;3.33;42.95;12.23;759.09;0.00;0.00;0.00
17.12.2020;1:06:44;3.33;42.96;12.23;759.08;0.00;0.00;0.00
17.12.2020;1:07:44;3.33;42.98;12.22;759.07;0.00;0.00;0.00
17.12.2020;1:08:44;3.35;42.98;12.22;759.07;0.00;0.00;0.00
17.12.2020;1:09:44;3.33;42.98;12.22;759.06;0.00;0.00;0.00
17.12.2020;1:10:44;3.33;42.98;12.22;759.08;0.00;0.00;0.00
17.12.2020;1:11:44;3.36;42.98;12.22;759.07;0.00;0.00;0.00
17.12.2020;1:12:44;3.33;42.98;12.22;759.08;0.00;0.00;0.00
17.12.2020;1:13:44;3.33;43.00;12.22;759.08;0.00;0.00;0.00
17.12.2020;1:14:44;3.35;43.02;12.22;759.09;0.00;0.00;0.00
17.12.2020;1:15:44;3.33;42.98;12.23;759.10;0.00;0.00;0.00
17.12.2020;1:16:44;3.33;42.97;12.23;759.11;0.00;0.00;0.00
17.12.2020;1:17:44;3.33;42.98;12.24;759.13;0.00;0.00;0.00
17.12.2020;1:18:44;3.33;42.96;12.24;759.15;0.00;0.00;0.00
17.12.2020;1:19:44;3.33;42.96;12.24;759.16;0.00;0.00;0.00
17.12.2020;1:20:44;3.33;42.95;12.24;759.16;0.00;0.00;0.00
17.12.2020;1:21:44;3.33;42.94;12.24;759.18;0.00;0.00;0.00
17.12.2020;1:22:45;3.35;42.94;12.24;759.18;0.00;0.00;0.00
17.12.2020;1:23:45;3.33;42.93;12.24;759.17;0.00;0.00;0.00
17.12.2020;1:24:45;3.33;42.96;12.24;759.17;0.00;0.00;0.00
17.12.2020;1:25:45;3.36;42.97;12.24;759.16;0.00;0.00;0.00
17.12.2020;1:26:45;3.33;42.97;12.24;759.16;0.00;0.00;0.00
17.12.2020;1:27:45;3.33;42.98;12.24;759.16;0.00;0.00;0.00
17.12.2020;1:28:45;3.35;42.95;12.25;759.14;0.00;0.00;0.00
17.12.2020;1:29:45;3.33;42.94;12.24;759.13;0.00;0.00;0.00
17.12.2020;1:30:45;3.33;42.97;12.24;759.13;0.00;0.00;0.00
17.12.2020;1:31:45;3.33;42.96;12.24;759.13;0.00;0.00;0.00
17.12.2020;1:32:45;3.33;42.97;12.24;759.12;0.00;0.00;0.00
17.12.2020;1:33:45;3.33;42.96;12.24;759.12;0.00;0.00;0.00
17.12.2020;1:34:45;3.33;42.97;12.25;759.11;0.00;0.00;0.00
17.12.2020;1:35:45;3.33;42.96;12.25;759.11;0.00;0.00;0.00
17.12.2020;1:36:45;3.35;42.97;12.25;759.10;0.00;0.00;0.00
17.12.2020;1:37:45;3.33;42.97;12.26;759.09;0.00;0.00;0.00
17.12.2020;1:38:45;3.33;42.93;12.27;759.09;0.00;0.00;0.00
17.12.2020;1:39:45;3.36;42.92;12.27;759.07;0.00;0.00;0.00
17.12.2020;1:40:45;3.33;42.92;12.27;759.06;0.00;0.00;0.00
17.12.2020;1:41:45;3.33;42.90;12.27;759.04;0.00;0.00;0.00
17.12.2020;1:42:45;3.35;42.91;12.27;759.04;0.00;0.00;0.00
17.12.2020;1:43:45;3.33;42.92;12.27;759.05;0.00;0.00;0.00
17.12.2020;1:44:45;3.33;42.92;12.27;759.04;0.00;0.00;0.00
17.12.2020;1:45:45;3.33;42.88;12.28;759.04;0.00;0.00;0.00
17.12.2020;1:46:45;3.33;42.86;12.28;759.03;0.00;0.00;0.00
17.12.2020;1:47:45;3.33;42.85;12.27;759.03;0.00;0.00;0.00
17.12.2020;1:48:45;3.33;42.89;12.27;759.03;0.00;0.00;0.00
17.12.2020;1:49:45;3.33;42.89;12.27;759.03;0.00;0.00;0.00
17.12.2020;1:50:45;3.35;42.87;12.27;759.03;0.00;0.00;0.00
17.12.2020;1:51:45;3.33;42.87;12.26;759.03;0.00;0.00;0.00
17.12.2020;1:52:45;3.33;42.91;12.26;759.02;0.00;0.00;0.00
17.12.2020;1:53:45;3.36;42.88;12.26;759.03;0.00;0.00;0.00
17.12.2020;1:54:46;3.33;42.89;12.27;759.03;0.00;0.00;0.00
17.12.2020;1:55:46;3.33;42.85;12.27;759.03;0.00;0.00;0.00
17.12.2020;1:56:46;3.35;42.85;12.27;759.02;0.00;0.00;0.00
17.12.2020;1:57:46;3.33;42.90;12.26;759.00;0.00;0.00;0.00
17.12.2020;1:58:46;3.33;42.88;12.25;758.99;0.00;0.00;0.00
17.12.2020;1:59:46;3.33;42.92;12.25;758.97;0.00;0.00;0.00
17.12.2020;2:00:46;3.33;42.91;12.24;758.97;0.00;0.00;0.00
17.12.2020;2:01:46;3.33;42.92;12.24;758.96;0.00;0.00;0.00
17.12.2020;2:02:46;3.33;42.91;12.25;758.96;0.00;0.00;0.00
17.12.2020;2:03:46;3.33;42.93;12.25;758.94;0.00;0.00;0.00
17.12.2020;2:04:46;3.35;42.93;12.24;758.94;0.00;0.00;0.00
17.12.2020;2:05:46;3.33;42.94;12.24;758.96;0.00;0.00;0.00
17.12.2020;2:06:46;3.33;42.95;12.24;758.95;0.00;0.00;0.00
17.12.2020;2:07:46;3.36;42.96;12.24;758.96;0.00;0.00;0.00
17.12.2020;2:08:46;3.33;42.95;12.24;758.96;0.00;0.00;0.00
17.12.2020;2:09:46;3.33;42.96;12.24;758.97;0.00;0.00;0.00
17.12.2020;2:10:46;3.35;42.99;12.24;758.96;0.00;0.00;0.00
17.12.2020;2:11:46;3.33;43.00;12.24;758.96;0.00;0.00;0.00
17.12.2020;2:12:46;3.33;43.01;12.25;758.96;0.00;0.00;0.00
17.12.2020;2:13:46;3.33;42.99;12.25;758.97;0.00;0.00;0.00
17.12.2020;2:14:46;3.33;42.99;12.26;758.98;0.00;0.00;0.00
17.12.2020;2:15:46;3.33;42.98;12.27;758.98;0.00;0.00;0.00
17.12.2020;2:16:46;3.33;42.95;12.27;758.98;0.00;0.00;0.00
17.12.2020;2:17:46;3.33;42.96;12.28;758.97;0.00;0.00;0.00
17.12.2020;2:18:46;3.35;42.93;12.27;758.98;0.00;0.00;0.00
17.12.2020;2:19:46;3.33;42.96;12.27;758.98;0.00;0.00;0.00
17.12.2020;2:20:46;3.33;42.95;12.27;758.98;0.00;0.00;0.00
17.12.2020;2:21:46;3.36;42.94;12.27;758.99;0.00;0.00;0.00
17.12.2020;2:22:46;3.33;42.93;12.28;759.00;0.00;0.00;0.00
17.12.2020;2:23:46;3.33;42.92;12.28;758.99;0.00;0.00;0.00
17.12.2020;2:24:46;3.35;42.91;12.28;758.98;0.00;0.00;0.00
17.12.2020;2:25:46;3.33;42.91;12.29;758.98;0.00;0.00;0.00
17.12.2020;2:26:47;3.33;42.90;12.29;758.99;0.00;0.00;0.00
17.12.2020;2:27:47;3.33;42.90;12.28;758.99;0.00;0.00;0.00
17.12.2020;2:28:47;3.33;42.90;12.29;759.00;0.00;0.00;0.00
17.12.2020;2:29:47;3.33;42.90;12.29;759.01;0.00;0.00;0.00
17.12.2020;2:30:47;3.33;42.87;12.29;759.02;0.00;0.00;0.00
17.12.2020;2:31:47;3.33;42.86;12.30;759.02;0.00;0.00;0.00
17.12.2020;2:32:47;3.35;42.85;12.29;759.03;0.00;0.00;0.00
17.12.2020;2:33:47;3.33;42.85;12.28;759.04;0.00;0.00;0.00
17.12.2020;2:34:47;3.33;42.87;12.28;759.03;0.00;0.00;0.00
17.12.2020;2:35:47;3.36;42.87;12.27;759.03;0.00;0.00;0.00
17.12.2020;2:36:47;3.33;42.87;12.26;759.03;0.00;0.00;0.00
17.12.2020;2:37:47;3.33;42.86;12.26;759.02;0.00;0.00;0.00
17.12.2020;2:38:47;3.35;42.87;12.25;759.01;0.00;0.00;0.00
17.12.2020;2:39:47;3.33;42.90;12.25;759.01;0.00;0.00;0.00
17.12.2020;2:40:47;3.33;42.91;12.24;759.00;0.00;0.00;0.00
17.12.2020;2:41:47;3.33;42.90;12.24;758.99;0.00;0.00;0.00
17.12.2020;2:42:47;3.33;42.91;12.24;758.99;0.00;0.00;0.00
17.12.2020;2:43:47;3.33;42.89;12.23;758.99;0.00;0.00;0.00
17.12.2020;2:44:47;3.33;42.89;12.23;758.99;0.00;0.00;0.00
17.12.2020;2:45:47;3.33;42.93;12.21;758.99;0.00;0.00;0.00
17.12.2020;2:46:47;3.35;42.95;12.21;759.00;0.00;0.00;0.00
17.12.2020;2:47:47;3.33;42.94;12.20;759.01;0.00;0.00;0.00
17.12.2020;2:48:47;3.33;42.98;12.20;759.00;0.00;0.00;0.00
17.12.2020;2:49:47;3.36;42.98;12.19;759.01;0.00;0.00;0.00
17.12.2020;2:50:47;3.33;42.99;12.19;759.01;0.00;0.00;0.00
17.12.2020;2:51:47;3.33;43.02;12.19;759.02;0.00;0.00;0.00
17.12.2020;2:52:47;3.35;43.03;12.18;759.01;0.00;0.00;0.00
17.12.2020;2:53:47;3.33;43.04;12.18;759.00;0.00;0.00;0.00
17.12.2020;2:54:47;3.33;43.08;12.18;759.00;0.00;0.00;0.00
17.12.2020;2:55:47;3.33;43.07;12.18;759.01;0.00;0.00;0.00
17.12.2020;2:56:47;3.33;43.08;12.17;759.01;0.00;0.00;0.00
17.12.2020;2:57:47;3.33;43.09;12.17;759.01;0.00;0.00;0.00
17.12.2020;2:58:48;3.33;43.08;12.17;759.01;0.00;0.00;0.00
17.12.2020;2:59:48;3.33;43.06;12.18;759.00;0.00;0.00;0.00
17.12.2020;3:00:48;3.35;43.07;12.17;759.00;0.00;0.00;0.00
17.12.2020;3:01:48;3.33;43.11;12.18;759.00;0.00;0.00;0.00
17.12.2020;3:02:48;3.33;43.08;12.18;758.99;0.00;0.00;0.00
17.12.2020;3:03:48;3.36;43.08;12.18;758.99;0.00;0.00;0.00
17.12.2020;3:04:48;3.33;43.09;12.18;758.98;0.00;0.00;0.00
17.12.2020;3:05:48;3.33;43.05;12.19;758.97;0.00;0.00;0.00
17.12.2020;3:06:48;3.35;43.06;12.18;758.96;0.00;0.00;0.00
17.12.2020;3:07:48;3.33;43.05;12.19;758.96;0.00;0.00;0.00
17.12.2020;3:08:48;3.33;43.05;12.19;758.93;0.00;0.00;0.00
17.12.2020;3:09:48;3.33;43.05;12.18;758.90;0.00;0.00;0.00
17.12.2020;3:10:48;3.33;43.06;12.18;758.87;0.00;0.00;0.00
17.12.2020;3:11:48;3.33;43.06;12.19;758.86;0.00;0.00;0.00
17.12.2020;3:12:48;3.33;43.06;12.19;758.85;0.00;0.00;0.00
17.12.2020;3:13:48;3.33;43.04;12.19;758.83;0.00;0.00;0.00
17.12.2020;3:14:48;3.35;43.02;12.20;758.82;0.00;0.00;0.00
17.12.2020;3:15:48;3.33;43.00;12.20;758.81;0.00;0.00;0.00
17.12.2020;3:16:48;3.33;42.99;12.20;758.79;0.00;0.00;0.00
17.12.2020;3:17:48;3.36;43.01;12.20;758.81;0.00;0.00;0.00
17.12.2020;3:18:48;3.33;43.00;12.20;758.81;0.00;0.00;0.00
17.12.2020;3:19:48;3.33;43.01;12.20;758.81;0.00;0.00;0.00
17.12.2020;3:20:48;3.35;42.99;12.20;758.80;0.00;0.00;0.00
17.12.2020;3:21:48;3.33;43.01;12.20;758.80;0.00;0.00;0.00
17.12.2020;3:22:48;3.33;43.02;12.20;758.80;0.00;0.00;0.00
17.12.2020;3:23:48;3.33;42.99;12.20;758.79;0.00;0.00;0.00
17.12.2020;3:24:48;3.33;43.01;12.21;758.79;0.00;0.00;0.00
17.12.2020;3:25:48;3.33;42.97;12.21;758.78;0.00;0.00;0.00
17.12.2020;3:26:48;3.33;42.97;12.20;758.78;0.00;0.00;0.00
17.12.2020;3:27:48;3.33;42.96;12.21;758.78;0.00;0.00;0.00
17.12.2020;3:28:48;3.35;42.94;12.21;758.77;0.00;0.00;0.00
17.12.2020;3:29:49;3.33;42.95;12.20;758.77;0.00;0.00;0.00
17.12.2020;3:30:49;3.33;42.96;12.20;758.76;0.00;0.00;0.00
17.12.2020;3:31:49;3.36;42.98;12.19;758.75;0.00;0.00;0.00
17.12.2020;3:32:49;3.33;42.97;12.19;758.75;0.00;0.00;0.00
17.12.2020;3:33:49;3.33;42.97;12.19;758.75;0.00;0.00;0.00
17.12.2020;3:34:49;3.35;42.98;12.18;758.74;0.00;0.00;0.00
17.12.2020;3:35:49;3.33;43.00;12.17;758.74;0.00;0.00;0.00
17.12.2020;3:36:49;3.33;42.99;12.17;758.74;0.00;0.00;0.00
17.12.2020;3:37:49;3.33;43.01;12.17;758.73;0.00;0.00;0.00
17.12.2020;3:38:49;3.33;43.00;12.16;758.72;0.00;0.00;0.00
17.12.2020;3:39:49;3.33;43.02;12.16;758.71;0.00;0.00;0.00
17.12.2020;3:40:49;3.33;43.02;12.16;758.68;0.00;0.00;0.00
17.12.2020;3:41:49;3.33;43.00;12.16;758.68;0.00;0.00;0.00
17.12.2020;3:42:49;3.35;43.00;12.16;758.68;0.00;0.00;0.00
17.12.2020;3:43:49;3.33;43.00;12.15;758.68;0.00;0.00;0.00
17.12.2020;3:44:49;3.33;43.02;12.15;758.70;0.00;0.00;0.00
17.12.2020;3:45:49;3.36;43.05;12.14;758.71;0.00;0.00;0.00
17.12.2020;3:46:49;3.33;43.06;12.14;758.73;0.00;0.00;0.00
17.12.2020;3:47:49;3.33;43.06;12.14;758.74;0.00;0.00;0.00
17.12.2020;3:48:49;3.35;43.07;12.14;758.75;0.00;0.00;0.00
17.12.2020;3:49:49;3.33;43.06;12.14;758.76;0.00;0.00;0.00
17.12.2020;3:50:49;3.33;43.08;12.14;758.78;0.00;0.00;0.00
17.12.2020;3:51:49;3.33;43.06;12.14;758.79;0.00;0.00;0.00
17.12.2020;3:52:49;3.33;43.07;12.14;758.80;0.00;0.00;0.00
17.12.2020;3:53:49;3.33;43.07;12.13;758.81;0.00;0.00;0.00
17.12.2020;3:54:49;3.33;43.09;12.14;758.81;0.00;0.00;0.00
17.12.2020;3:55:49;3.33;43.10;12.14;758.81;0.00;0.00;0.00
17.12.2020;3:56:49;3.35;43.09;12.14;758.82;0.00;0.00;0.00
17.12.2020;3:57:49;3.33;43.07;12.14;758.82;0.00;0.00;0.00
17.12.2020;3:58:49;3.33;43.08;12.13;758.83;0.00;0.00;0.00
17.12.2020;3:59:49;3.36;43.09;12.12;758.82;0.00;0.00;0.00
17.12.2020;4:00:49;3.33;43.09;12.12;758.83;0.00;0.00;0.00
17.12.2020;4:01:50;3.33;43.09;12.12;758.84;0.00;0.00;0.00
17.12.2020;4:02:50;3.35;43.11;12.11;758.86;0.00;0.00;0.00
17.12.2020;4:03:50;3.33;43.10;12.10;758.88;0.00;0.00;0.00
17.12.2020;4:04:50;3.33;43.12;12.10;758.89;0.00;0.00;0.00
17.12.2020;4:05:50;3.33;43.14;12.10;758.90;0.00;0.00;0.00
17.12.2020;4:06:50;3.33;43.15;12.10;758.89;0.00;0.00;0.00
17.12.2020;4:07:50;3.33;43.11;12.11;758.90;0.00;0.00;0.00
17.12.2020;4:08:50;3.33;43.10;12.11;758.92;0.00;0.00;0.00
17.12.2020;4:09:50;3.33;43.11;12.10;758.92;0.00;0.00;0.00
17.12.2020;4:10:50;3.35;43.11;12.11;758.93;0.00;0.00;0.00
17.12.2020;4:11:50;3.33;43.11;12.11;758.92;0.00;0.00;0.00
17.12.2020;4:12:50;3.33;43.08;12.11;758.90;0.00;0.00;0.00
17.12.2020;4:13:50;3.36;43.09;12.11;758.87;0.00;0.00;0.00
17.12.2020;4:14:50;3.33;43.08;12.11;758.84;0.00;0.00;0.00
17.12.2020;4:15:50;3.33;43.08;12.11;758.82;0.00;0.00;0.00
17.12.2020;4:16:50;3.35;43.10;12.11;758.79;0.00;0.00;0.00
17.12.2020;4:17:50;3.33;43.09;12.11;758.77;0.00;0.00;0.00
17.12.2020;4:18:50;3.33;43.10;12.11;758.77;0.00;0.00;0.00
17.12.2020;4:19:50;3.33;43.08;12.11;758.75;0.00;0.00;0.00
17.12.2020;4:20:50;3.33;43.06;12.11;758.74;0.00;0.00;0.00
17.12.2020;4:21:50;3.33;43.09;12.10;758.74;0.00;0.00;0.00
17.12.2020;4:22:50;3.33;43.09;12.09;758.74;0.00;0.00;0.00
17.12.2020;4:23:50;3.33;43.08;12.09;758.75;0.00;0.00;0.00
17.12.2020;4:24:50;3.35;43.06;12.09;758.74;0.00;0.00;0.00
17.12.2020;4:25:50;3.33;43.07;12.08;758.73;0.00;0.00;0.00
17.12.2020;4:26:50;3.33;43.10;12.08;758.73;0.00;0.00;0.00
17.12.2020;4:27:50;3.36;43.12;12.07;758.73;0.00;0.00;0.00
17.12.2020;4:28:50;3.33;43.13;12.06;758.73;0.00;0.00;0.00
17.12.2020;4:29:50;3.33;43.13;12.06;758.74;0.00;0.00;0.00
17.12.2020;4:30:50;3.35;43.11;12.06;758.76;0.00;0.00;0.00
17.12.2020;4:31:50;3.33;43.15;12.06;758.77;0.00;0.00;0.00
17.12.2020;4:32:50;3.33;43.14;12.06;758.80;0.00;0.00;0.00
17.12.2020;4:33:51;3.33;43.16;12.05;758.81;0.00;0.00;0.00
17.12.2020;4:34:51;3.33;43.14;12.05;758.82;0.00;0.00;0.00
17.12.2020;4:35:51;3.33;43.15;12.05;758.82;0.00;0.00;0.00
17.12.2020;4:36:51;3.33;43.16;12.04;758.82;0.00;0.00;0.00
17.12.2020;4:37:51;3.33;43.16;12.04;758.83;0.00;0.00;0.00
17.12.2020;4:38:51;3.35;43.19;12.03;758.83;0.00;0.00;0.00
17.12.2020;4:39:51;3.33;43.17;12.03;758.83;0.00;0.00;0.00
17.12.2020;4:40:51;3.33;43.15;12.03;758.84;0.00;0.00;0.00
17.12.2020;4:41:51;3.36;43.16;12.03;758.85;0.00;0.00;0.00
17.12.2020;4:42:51;3.33;43.19;12.02;758.85;0.00;0.00;0.00
17.12.2020;4:43:51;3.33;43.20;12.02;758.86;0.00;0.00;0.00
17.12.2020;4:44:51;3.35;43.20;12.01;758.86;0.00;0.00;0.00
17.12.2020;4:45:51;3.33;43.21;12.01;758.87;0.00;0.00;0.00
17.12.2020;4:46:51;3.33;43.19;12.02;758.88;0.00;0.00;0.00
17.12.2020;4:47:51;3.33;43.18;12.02;758.88;0.00;0.00;0.00
17.12.2020;4:48:51;3.33;43.19;12.02;758.88;0.00;0.00;0.00
17.12.2020;4:49:51;3.33;43.20;12.02;758.89;0.00;0.00;0.00
17.12.2020;4:50:51;3.33;43.18;12.01;758.89;0.00;0.00;0.00
17.12.2020;4:51:51;3.33;43.15;12.01;758.91;0.00;0.00;0.00
17.12.2020;4:52:51;3.35;43.17;12.01;758.91;0.00;0.00;0.00
17.12.2020;4:53:51;3.33;43.18;12.00;758.91;0.00;0.00;0.00
17.12.2020;4:54:51;3.33;43.18;12.00;758.92;0.00;0.00;0.00
17.12.2020;4:55:51;3.36;43.17;12.00;758.93;0.00;0.00;0.00
17.12.2020;4:56:51;3.33;43.16;12.00;758.95;0.00;0.00;0.00
17.12.2020;4:57:51;3.33;43.16;12.00;758.96;0.00;0.00;0.00
17.12.2020;4:58:51;3.35;43.15;12.00;758.97;0.00;0.00;0.00
17.12.2020;4:59:51;3.33;43.18;11.99;758.97;0.00;0.00;0.00
17.12.2020;5:00:51;3.33;43.19;11.98;758.98;0.00;0.00;0.00
17.12.2020;5:01:51;3.33;43.15;11.99;758.97;0.00;0.00;0.00
17.12.2020;5:02:51;3.33;43.18;11.98;758.96;0.00;0.00;0.00
17.12.2020;5:03:51;3.33;43.20;11.98;758.97;0.00;0.00;0.00
17.12.2020;5:04:52;3.33;43.18;11.98;758.95;0.00;0.00;0.00
17.12.2020;5:05:52;3.33;43.18;11.99;758.96;0.00;0.00;0.00
17.12.2020;5:06:52;3.35;43.17;11.99;758.96;0.00;0.00;0.00
17.12.2020;5:07:52;3.33;43.18;11.98;758.96;0.00;0.00;0.00
17.12.2020;5:08:52;3.33;43.16;11.98;758.95;0.00;0.00;0.00
17.12.2020;5:09:52;3.36;43.18;11.98;758.96;0.00;0.00;0.00
17.12.2020;5:10:52;3.33;43.18;11.98;758.97;0.00;0.00;0.00
17.12.2020;5:11:52;3.33;43.18;11.98;758.98;0.00;0.00;0.00
17.12.2020;5:12:52;3.35;43.16;11.98;759.00;0.00;0.00;0.00
17.12.2020;5:13:52;3.33;43.15;11.99;759.00;0.00;0.00;0.00
17.12.2020;5:14:52;3.33;43.15;11.99;758.99;0.00;0.00;0.00
17.12.2020;5:15:52;3.33;43.14;11.99;758.99;0.00;0.00;0.00
17.12.2020;5:16:52;3.33;43.15;11.98;758.98;0.00;0.00;0.00
17.12.2020;5:17:52;3.33;43.17;11.97;758.97;0.00;0.00;0.00
17.12.2020;5:18:52;3.33;43.17;11.98;758.97;0.00;0.00;0.00
17.12.2020;5:19:52;3.33;43.17;11.97;758.97;0.00;0.00;0.00
17.12.2020;5:20:52;3.35;43.14;11.97;758.96;0.00;0.00;0.00
17.12.2020;5:21:52;3.33;43.16;11.97;758.97;0.00;0.00;0.00
17.12.2020;5:22:52;3.33;43.17;11.96;758.98;0.00;0.00;0.00
17.12.2020;5:23:52;3.36;43.18;11.95;758.99;0.00;0.00;0.00
17.12.2020;5:24:52;3.33;43.19;11.95;759.01;0.00;0.00;0.00
17.12.2020;5:25:52;3.33;43.18;11.96;759.01;0.00;0.00;0.00
17.12.2020;5:26:52;3.35;43.18;11.96;759.01;0.00;0.00;0.00
17.12.2020;5:27:52;3.33;43.14;11.95;759.03;0.00;0.00;0.00
17.12.2020;5:28:52;3.33;43.18;11.95;759.04;0.00;0.00;0.00
17.12.2020;5:29:52;3.33;43.19;11.95;759.04;0.00;0.00;0.00
17.12.2020;5:30:52;3.33;43.19;11.94;759.06;0.00;0.00;0.00
17.12.2020;5:31:52;3.33;43.20;11.94;759.07;0.00;0.00;0.00
17.12.2020;5:32:52;3.33;43.18;11.94;759.10;0.00;0.00;0.00
17.12.2020;5:33:52;3.33;43.16;11.95;759.12;0.00;0.00;0.00
17.12.2020;5:34:52;3.35;43.17;11.95;759.13;0.00;0.00;0.00
17.12.2020;5:35:52;3.33;43.19;11.94;759.13;0.00;0.00;0.00
17.12.2020;5:36:53;3.33;43.22;11.93;759.15;0.00;0.00;0.00
17.12.2020;5:37:53;3.36;43.22;11.93;759.15;0.00;0.00;0.00
17.12.2020;5:38:53;3.33;43.22;11.93;759.18;0.00;0.00;0.00
17.12.2020;5:39:53;3.33;43.21;11.93;759.18;0.00;0.00;0.00
17.12.2020;5:40:53;3.35;43.21;11.93;759.20;0.00;0.00;0.00
17.12.2020;5:41:53;3.33;43.21;11.94;759.20;0.00;0.00;0.00
17.12.2020;5:42:53;3.33;43.20;11.94;759.21;0.00;0.00;0.00
17.12.2020;5:43:53;3.33;43.21;11.93;759.21;0.00;0.00;0.00
17.12.2020;5:44:53;3.33;43.22;11.93;759.22;0.00;0.00;0.00
17.12.2020;5:45:53;3.33;43.20;11.93;759.22;0.00;0.00;0.00
17.12.2020;5:46:53;3.33;43.19;11.93;759.23;0.00;0.00;0.00
17.12.2020;5:47:53;3.33;43.19;11.92;759.22;0.00;0.00;0.00
17.12.2020;5:48:53;3.35;43.19;11.92;759.23;0.00;0.00;0.00
17.12.2020;5:49:53;3.33;43.20;11.92;759.24;0.00;0.00;0.00
17.12.2020;5:50:53;3.33;43.20;11.92;759.24;0.00;0.00;0.00
17.12.2020;5:51:53;3.36;43.19;11.92;759.24;0.00;0.00;0.00
17.12.2020;5:52:53;3.33;43.18;11.93;759.25;0.00;0.00;0.00
17.12.2020;5:53:53;3.33;43.21;11.93;759.24;0.00;0.00;0.00
17.12.2020;5:54:53;3.35;43.17;11.93;759.24;0.00;0.00;0.00
17.12.2020;5:55:53;3.33;43.16;11.93;759.24;0.00;0.00;0.00
17.12.2020;5:56:53;3.33;43.17;11.93;759.24;0.00;0.00;0.00
17.12.2020;5:57:53;3.33;43.16;11.93;759.25;0.00;0.00;0.00
17.12.2020;5:58:53;3.33;43.15;11.93;759.24;0.00;0.00;0.00
17.12.2020;5:59:53;3.33;43.14;11.93;759.23;0.00;0.00;0.00
17.12.2020;6:00:53;3.33;43.14;11.93;759.22;0.00;0.00;0.00
17.12.2020;6:01:53;3.33;43.16;11.92;759.20;0.00;0.00;0.00
17.12.2020;6:02:53;3.35;43.16;11.92;759.20;0.00;0.00;0.00
17.12.2020;6:03:53;3.33;43.14;11.92;759.21;0.00;0.00;0.00
17.12.2020;6:04:53;3.33;43.16;11.92;759.23;0.00;0.00;0.00
17.12.2020;6:05:53;3.36;43.18;11.91;759.25;0.00;0.00;0.00
17.12.2020;6:06:53;3.33;43.16;11.91;759.26;0.00;0.00;0.00
17.12.2020;6:07:53;3.33;43.13;11.92;759.27;0.00;0.00;0.00
17.12.2020;6:08:54;3.35;43.16;11.92;759.27;0.00;0.00;0.00
17.12.2020;6:09:54;3.33;43.14;11.92;759.28;0.00;0.00;0.00
17.12.2020;6:10:54;3.33;43.13;11.91;759.27;0.00;0.00;0.00
17.12.2020;6:11:54;3.33;43.14;11.91;759.25;0.00;0.00;0.00
17.12.2020;6:12:54;3.33;43.12;11.91;759.24;0.00;0.00;0.00
17.12.2020;6:13:54;3.33;43.12;11.91;759.24;0.00;0.00;0.00
17.12.2020;6:14:54;3.33;43.13;11.91;759.25;0.00;0.00;0.00
17.12.2020;6:15:54;3.33;43.13;11.90;759.26;0.00;0.00;0.00
17.12.2020;6:16:54;3.35;43.11;11.90;759.27;0.00;0.00;0.00
17.12.2020;6:17:54;3.33;43.13;11.90;759.27;0.00;0.00;0.00
17.12.2020;6:18:54;3.33;43.16;11.88;759.27;0.00;0.00;0.00
17.12.2020;6:19:54;3.36;43.17;11.88;759.26;0.00;0.00;0.00
17.12.2020;6:20:54;3.33;43.16;11.88;759.26;0.00;0.00;0.00
17.12.2020;6:21:54;3.33;43.17;11.88;759.25;0.00;0.00;0.00
17.12.2020;6:22:54;3.35;43.17;11.87;759.26;0.00;0.00;0.00
17.12.2020;6:23:54;3.33;43.17;11.87;759.27;0.00;0.00;0.00
17.12.2020;6:24:54;3.33;43.16;11.88;759.26;0.00;0.00;0.00
17.12.2020;6:25:54;3.33;43.16;11.87;759.25;0.00;0.00;0.00
17.12.2020;6:26:54;3.33;43.17;11.87;759.26;0.00;0.00;0.00
17.12.2020;6:27:54;3.33;43.16;11.87;759.26;0.00;0.00;0.00
17.12.2020;6:28:54;3.33;43.17;11.86;759.27;0.00;0.00;0.00
17.12.2020;6:29:54;3.33;43.14;11.86;759.28;0.00;0.00;0.00
17.12.2020;6:30:54;3.35;43.14;11.87;759.29;0.00;0.00;0.00
17.12.2020;6:31:54;3.33;43.14;11.86;759.31;0.00;0.00;0.00
17.12.2020;6:32:54;3.33;43.16;11.86;759.31;0.00;0.00;0.00
17.12.2020;6:33:54;3.36;43.16;11.86;759.31;0.00;0.00;0.00
17.12.2020;6:34:54;3.33;43.15;11.86;759.32;0.00;0.00;0.00
17.12.2020;6:35:54;3.33;43.16;11.85;759.31;0.00;0.00;0.00
17.12.2020;6:36:54;3.35;43.17;11.85;759.31;0.00;0.00;0.00
17.12.2020;6:37:54;3.33;43.16;11.85;759.29;0.00;0.00;0.00
17.12.2020;6:38:54;3.33;43.16;11.86;759.28;0.00;0.00;0.00
17.12.2020;6:39:54;3.33;43.15;11.85;759.29;0.00;0.00;0.00
17.12.2020;6:40:55;3.33;43.16;11.85;759.28;0.00;0.00;0.00
17.12.2020;6:41:55;3.33;43.14;11.85;759.27;0.00;0.00;0.00
17.12.2020;6:42:55;3.33;43.14;11.85;759.26;0.00;0.00;0.00
17.12.2020;6:43:55;3.33;43.14;11.84;759.28;0.00;0.00;0.00
17.12.2020;6:44:55;3.35;43.15;11.83;759.27;0.00;0.00;0.00
17.12.2020;6:45:55;3.33;43.16;11.82;759.28;0.00;0.00;0.00
17.12.2020;6:46:55;3.33;43.19;11.82;759.29;0.00;0.00;0.00
17.12.2020;6:47:55;3.36;43.17;11.83;759.28;0.00;0.00;0.00
17.12.2020;6:48:55;3.33;43.17;11.82;759.28;0.00;0.00;0.00
17.12.2020;6:49:55;3.33;43.16;11.83;759.28;0.00;0.00;0.00
17.12.2020;6:50:55;3.35;43.16;11.83;759.28;0.00;0.00;0.00
17.12.2020;6:51:55;3.33;43.13;11.84;759.28;0.00;0.00;0.00
17.12.2020;6:52:55;3.33;43.14;11.83;759.28;0.00;0.00;0.00
17.12.2020;6:53:55;3.33;43.17;11.83;759.26;0.00;0.00;0.00
17.12.2020;6:54:55;3.33;43.15;11.82;759.26;0.00;0.00;0.00
17.12.2020;6:55:55;3.33;43.15;11.82;759.25;0.00;0.00;0.00
17.12.2020;6:56:55;3.33;43.17;11.81;759.24;0.00;0.00;0.00
17.12.2020;6:57:55;3.33;43.18;11.81;759.24;0.00;0.00;0.00
17.12.2020;6:58:55;3.35;43.14;11.81;759.24;0.00;0.00;0.00
17.12.2020;6:59:55;3.33;43.16;11.81;759.25;0.00;0.00;0.00
17.12.2020;7:00:55;3.33;43.17;11.80;759.26;0.00;0.00;0.00
17.12.2020;7:01:55;3.36;43.16;11.81;759.26;0.00;0.00;0.00
17.12.2020;7:02:55;3.33;43.15;11.81;759.25;0.00;0.00;0.00
17.12.2020;7:03:55;3.33;43.16;11.80;759.25;0.00;0.00;0.00
17.12.2020;7:04:55;3.35;43.16;11.80;759.25;0.00;0.00;0.00
17.12.2020;7:05:55;3.33;43.16;11.80;759.26;0.00;0.00;0.00
17.12.2020;7:06:55;3.33;43.16;11.80;759.26;0.00;0.00;0.00
17.12.2020;7:07:55;3.33;43.16;11.80;759.25;0.00;0.00;0.00
17.12.2020;7:08:55;3.33;43.14;11.81;759.24;0.00;0.00;0.00
17.12.2020;7:09:55;3.33;43.12;11.81;759.25;0.00;0.00;0.00
17.12.2020;7:10:55;3.33;43.12;11.81;759.24;0.00;0.00;0.00
17.12.2020;7:11:55;3.33;43.15;11.80;759.24;0.00;0.00;0.00
17.12.2020;7:12:56;3.35;43.16;11.80;759.25;0.00;0.00;0.00
17.12.2020;7:13:56;3.33;43.19;11.79;759.25;0.00;0.00;0.00
17.12.2020;7:14:56;3.33;43.19;11.79;759.26;0.00;0.00;0.00
17.12.2020;7:15:56;3.36;43.19;11.79;759.26;0.00;0.00;0.00
17.12.2020;7:16:56;3.33;43.18;11.79;759.26;0.00;0.00;0.00
17.12.2020;7:17:56;3.33;43.17;11.79;759.25;0.00;0.00;0.00
17.12.2020;7:18:56;3.35;43.14;11.79;759.25;0.00;0.00;0.00
17.12.2020;7:19:56;3.33;43.14;11.80;759.27;0.00;0.00;0.00
17.12.2020;7:20:56;3.33;43.13;11.79;759.27;0.00;0.00;0.00
17.12.2020;7:21:56;3.33;43.13;11.79;759.28;0.00;0.00;0.00
17.12.2020;7:22:56;3.33;43.16;11.80;759.28;0.00;0.00;0.00
17.12.2020;7:23:56;3.33;43.14;11.79;759.30;0.00;0.00;0.00
17.12.2020;7:24:56;3.33;43.15;11.80;759.31;0.00;0.00;0.00
17.12.2020;7:25:56;3.33;43.11;11.80;759.33;0.00;0.00;0.00
17.12.2020;7:26:56;3.35;43.08;11.81;759.33;0.00;0.00;0.00
17.12.2020;7:27:56;3.33;43.10;11.81;759.33;0.00;0.00;0.00
17.12.2020;7:28:56;3.33;43.11;11.80;759.32;0.00;0.00;0.00
17.12.2020;7:29:56;3.36;43.12;11.80;759.33;0.00;0.00;0.00
17.12.2020;7:30:56;3.33;43.13;11.79;759.34;0.00;0.00;0.00
17.12.2020;7:31:56;3.33;43.13;11.79;759.35;0.00;0.00;0.00
17.12.2020;7:32:56;3.35;43.11;11.80;759.36;0.00;0.00;0.00
17.12.2020;7:33:56;3.50;43.11;11.80;759.36;0.00;0.00;0.00
17.12.2020;7:34:56;4.10;43.12;11.79;759.38;0.00;0.00;0.00
17.12.2020;7:35:56;4.17;43.12;11.79;759.39;0.00;0.00;0.00
17.12.2020;7:36:56;4.17;43.12;11.79;759.41;0.00;0.00;0.00
17.12.2020;7:37:56;4.17;43.11;11.78;759.42;0.00;0.00;0.00
17.12.2020;7:38:56;4.67;43.14;11.78;759.42;0.00;0.00;0.00
17.12.2020;7:39:56;5.00;43.13;11.78;759.41;0.00;0.00;0.00
17.12.2020;7:40:56;5.01;43.15;11.77;759.41;0.00;0.00;0.00
17.12.2020;7:41:56;5.33;43.16;11.76;759.42;0.00;0.00;0.00
17.12.2020;7:42:56;5.83;43.18;11.76;759.44;0.00;0.00;0.00
17.12.2020;7:43:56;5.86;43.17;11.75;759.45;0.00;0.00;0.00
17.12.2020;7:44:57;6.60;43.19;11.75;759.47;0.00;0.00;0.00
17.12.2020;7:45:57;6.67;43.18;11.75;759.47;0.00;0.00;0.00
17.12.2020;7:46:57;7.29;43.15;11.76;759.48;0.00;0.00;0.00
17.12.2020;7:47:57;7.50;43.14;11.76;759.50;0.00;0.00;0.00
17.12.2020;7:48:57;7.63;43.16;11.76;759.52;0.00;0.00;0.00
17.12.2020;7:49:57;8.33;43.16;11.76;759.54;0.00;0.00;0.00
17.12.2020;7:50:57;8.36;43.16;11.76;759.55;0.00;0.00;0.00
17.12.2020;7:51:57;9.07;43.16;11.76;759.55;0.00;0.00;0.00
17.12.2020;7:52:57;9.17;43.15;11.76;759.56;0.00;0.00;0.00
17.12.2020;7:53:57;9.28;43.15;11.76;759.57;0.00;0.00;0.00
17.12.2020;7:54:57;10.01;43.13;11.76;759.57;0.00;0.00;0.00
17.12.2020;7:55:57;10.51;43.13;11.77;759.58;0.00;0.00;0.00
17.12.2020;7:56:57;11.06;43.13;11.76;759.58;0.00;0.00;0.00
17.12.2020;7:57:57;11.86;43.12;11.75;759.57;0.00;0.00;0.00
17.12.2020;7:58:57;12.58;43.13;11.75;759.57;0.00;0.00;0.00
17.12.2020;7:59:57;13.53;43.13;11.76;759.57;0.00;0.00;0.00
17.12.2020;8:00:57;14.33;43.13;11.76;759.58;0.00;0.00;0.00
17.12.2020;8:01:57;15.18;43.14;11.75;759.58;0.00;0.00;0.00
17.12.2020;8:02:57;16.19;43.14;11.75;759.58;0.00;0.00;0.00
17.12.2020;8:03:57;16.97;43.14;11.76;759.59;0.00;0.00;0.00
17.12.2020;8:04:57;17.88;43.12;11.76;759.58;0.00;0.00;0.00
17.12.2020;8:05:57;19.01;43.14;11.76;759.59;0.00;0.00;0.00
17.12.2020;8:06:57;19.50;43.12;11.76;759.58;0.00;0.00;0.00
17.12.2020;8:07:57;20.42;43.13;11.76;759.59;0.00;0.00;0.00
17.12.2020;8:08:57;20.85;43.12;11.76;759.60;0.00;0.00;0.00
17.12.2020;8:09:57;21.33;43.11;11.75;759.60;0.00;0.00;0.00
17.12.2020;8:10:57;22.20;43.12;11.75;759.62;0.01;0.00;0.00
17.12.2020;8:11:57;24.71;43.12;11.75;759.63;0.01;0.00;0.00
17.12.2020;8:12:57;28.04;43.12;11.76;759.64;0.02;0.00;0.00
17.12.2020;8:13:57;29.51;43.11;11.76;759.64;0.03;0.00;0.00
17.12.2020;8:14:58;30.69;43.10;11.76;759.64;0.03;0.00;0.00
17.12.2020;8:15:58;32.21;43.10;11.76;759.66;0.03;0.00;0.00
17.12.2020;8:16:58;33.63;43.12;11.75;759.66;0.04;0.00;0.00
17.12.2020;8:17:58;36.00;43.11;11.75;759.67;0.05;0.00;0.00
17.12.2020;8:18:58;36.67;43.10;11.76;759.68;0.05;0.00;0.00
17.12.2020;8:19:58;36.68;43.07;11.77;759.70;0.05;0.00;0.00
17.12.2020;8:20:58;37.46;43.07;11.76;759.70;0.05;0.00;0.00
17.12.2020;8:21:58;36.85;43.07;11.76;759.72;0.06;0.00;0.00
17.12.2020;8:22:58;35.86;43.08;11.76;759.73;0.05;0.00;0.00
17.12.2020;8:23:58;36.93;43.10;11.75;759.73;0.05;0.00;0.00
17.12.2020;8:24:58;38.62;43.07;11.76;759.73;0.06;0.00;0.00
17.12.2020;8:25:58;42.13;43.06;11.76;759.73;0.06;0.00;0.00
17.12.2020;8:26:58;46.28;43.06;11.77;759.73;0.08;0.00;0.00
17.12.2020;8:27:58;49.60;43.06;11.76;759.73;0.09;0.00;0.00
17.12.2020;8:28:58;51.96;43.07;11.76;759.72;0.09;0.00;0.00
17.12.2020;8:29:58;53.82;43.05;11.77;759.72;0.10;0.00;0.00
17.12.2020;8:30:58;55.99;43.05;11.77;759.72;0.11;0.00;0.00
17.12.2020;8:31:58;59.10;43.06;11.77;759.70;0.12;0.00;0.00
17.12.2020;8:32:58;63.26;43.05;11.78;759.70;0.14;0.00;0.00
17.12.2020;8:33:58;67.33;43.06;11.77;759.70;0.16;0.00;0.00
17.12.2020;8:34:58;65.01;43.07;11.77;759.70;0.15;0.00;0.00
17.12.2020;8:35:58;67.16;43.08;11.78;759.72;0.15;0.00;0.00
17.12.2020;8:36:58;71.29;43.05;11.78;759.72;0.17;0.00;0.00
17.12.2020;8:37:58;73.49;43.05;11.79;759.70;0.17;0.00;0.00
17.12.2020;8:38:58;80.37;43.07;11.79;759.70;0.20;0.00;0.00
17.12.2020;8:39:58;81.86;43.09;11.78;759.71;0.21;0.00;0.00
17.12.2020;8:40:58;83.07;43.12;11.78;759.70;0.21;0.00;0.00
17.12.2020;8:41:58;87.99;43.14;11.79;759.69;0.23;0.00;0.00
17.12.2020;8:42:58;88.97;43.14;11.80;759.68;0.23;0.00;0.00
17.12.2020;8:43:58;87.10;43.13;11.80;759.69;0.23;0.00;0.00
17.12.2020;8:44:58;86.72;43.15;11.81;759.69;0.23;0.00;0.00
17.12.2020;8:45:59;84.79;43.10;11.83;759.69;0.22;0.00;0.00
17.12.2020;8:46:59;86.86;43.09;11.85;759.71;0.23;0.00;0.00
17.12.2020;8:47:59;85.67;43.09;11.86;759.75;0.22;0.00;0.00
17.12.2020;8:48:59;87.10;43.06;11.87;759.75;0.21;0.00;0.00
17.12.2020;8:49:59;95.20;43.03;11.88;759.75;0.24;0.00;0.00
17.12.2020;8:50:59;102.47;43.02;11.89;759.76;0.28;0.00;0.00
17.12.2020;8:51:59;103.81;42.98;11.90;759.75;0.28;0.00;0.00
17.12.2020;8:52:59;102.27;42.97;11.91;759.76;0.27;0.00;0.00
17.12.2020;8:53:59;100.32;42.94;11.92;759.77;0.27;0.00;0.00
17.12.2020;8:54:59;95.29;42.93;11.93;759.78;0.25;0.00;0.00
17.12.2020;8:55:59;96.62;42.89;11.95;759.79;0.25;0.00;0.00
17.12.2020;8:56:59;107.21;42.87;11.96;759.80;0.29;0.00;0.00
17.12.2020;8:57:59;114.21;42.84;11.96;759.81;0.32;0.00;0.00
17.12.2020;8:58:59;119.77;42.83;11.97;759.80;0.34;0.00;0.00
17.12.2020;8:59:59;125.13;42.80;11.99;759.82;0.36;0.00;0.00
17.12.2020;9:00:59;123.86;42.77;12.00;759.82;0.35;0.00;0.00
17.12.2020;9:01:59;122.43;42.75;12.01;759.83;0.34;0.00;0.00
17.12.2020;9:02:59;129.31;42.71;12.02;759.82;0.37;0.00;0.00
17.12.2020;9:03:59;135.64;42.67;12.03;759.81;0.39;0.00;0.00
17.12.2020;9:04:59;139.57;42.65;12.03;759.82;0.40;0.00;0.00
17.12.2020;9:05:59;142.72;42.64;12.04;759.81;0.41;0.00;0.00
17.12.2020;9:06:59;146.17;42.63;12.05;759.81;0.43;0.01;0.00
17.12.2020;9:07:59;143.93;42.59;12.06;759.83;0.42;0.00;0.00
17.12.2020;9:08:59;140.44;42.57;12.06;759.82;0.40;0.00;0.00
17.12.2020;9:09:59;138.67;42.55;12.07;759.83;0.39;0.00;0.00
17.12.2020;9:10:59;142.43;42.55;12.07;759.83;0.41;-0.00;-0.00
17.12.2020;9:11:59;144.69;42.55;12.08;759.84;0.42;0.00;0.00
17.12.2020;9:12:59;146.02;42.54;12.08;759.85;0.43;0.01;0.00
17.12.2020;9:14:00;141.78;42.52;12.09;759.86;0.42;0.00;0.00
17.12.2020;9:15:00;137.12;42.54;12.08;759.88;0.40;-0.00;-0.00
17.12.2020;9:16:00;135.82;42.56;12.07;759.89;0.40;0.00;0.00
17.12.2020;9:17:00;134.33;42.58;12.07;759.91;0.39;0.00;0.00
17.12.2020;9:18:00;131.71;42.58;12.08;759.93;0.38;0.00;0.00
17.12.2020;9:19:00;132.97;42.58;12.09;759.93;0.38;0.00;0.00
17.12.2020;9:20:00;132.18;42.58;12.09;759.96;0.38;0.00;0.00
17.12.2020;9:21:00;138.70;42.55;12.10;759.97;0.40;0.00;0.00
17.12.2020;9:22:00;146.28;42.54;12.10;759.96;0.43;0.01;0.00
17.12.2020;9:23:00;144.57;42.54;12.11;759.98;0.43;0.01;0.00
17.12.2020;9:24:00;142.58;42.52;12.11;759.99;0.42;0.00;0.00
17.12.2020;9:25:00;141.15;42.52;12.12;759.99;0.41;0.00;0.00
17.12.2020;9:26:00;137.56;42.51;12.12;760.00;0.40;0.00;0.00
17.12.2020;9:27:00;137.06;42.50;12.12;760.01;0.40;0.00;0.00
17.12.2020;9:28:00;126.79;42.50;12.12;760.01;0.35;0.00;0.00
17.12.2020;9:29:00;124.19;42.48;12.13;760.02;0.34;0.00;0.00
17.12.2020;9:30:00;125.47;42.47;12.13;760.04;0.34;0.00;0.00
17.12.2020;9:31:00;127.08;42.44;12.13;760.05;0.34;0.00;0.00
17.12.2020;9:32:00;130.58;42.44;12.12;760.07;0.36;0.00;0.00
17.12.2020;9:33:00;130.71;42.46;12.11;760.09;0.36;0.00;0.00
17.12.2020;9:34:00;141.15;42.52;12.10;760.09;0.40;0.00;0.00
17.12.2020;9:35:00;155.56;42.54;12.10;760.08;0.45;0.06;0.03
17.12.2020;9:36:00;164.31;42.49;12.11;760.09;0.48;0.10;0.05
17.12.2020;9:37:00;169.35;42.47;12.13;760.09;0.50;0.14;0.07
17.12.2020;9:38:00;171.41;42.43;12.13;760.11;0.51;0.18;0.09
17.12.2020;9:39:00;172.49;42.41;12.12;760.12;0.51;0.17;0.09
17.12.2020;9:40:00;174.63;42.43;12.12;760.12;0.52;0.19;0.10
17.12.2020;9:41:00;174.07;42.44;12.11;760.13;0.51;0.18;0.09
17.12.2020;9:42:01;172.19;42.48;12.11;760.14;0.50;0.16;0.08
17.12.2020;9:43:01;177.19;42.48;12.12;760.14;0.52;0.18;0.10
17.12.2020;9:44:01;177.86;42.47;12.12;760.14;0.52;0.19;0.10
17.12.2020;9:45:01;176.62;42.43;12.12;760.15;0.52;0.18;0.09
17.12.2020;9:46:01;178.43;42.42;12.12;760.15;0.52;0.20;0.10
17.12.2020;9:47:01;180.17;42.37;12.10;760.15;0.53;0.21;0.11
17.12.2020;9:48:01;183.63;42.49;12.09;760.15;0.54;0.22;0.12
17.12.2020;9:49:01;184.21;42.46;12.09;760.15;0.55;0.23;0.12
17.12.2020;9:50:01;184.27;42.48;12.09;760.15;0.54;0.23;0.13
17.12.2020;9:51:01;185.64;42.51;12.09;760.15;0.55;0.24;0.13
17.12.2020;9:52:01;185.03;42.51;12.09;760.15;0.55;0.24;0.13
17.12.2020;9:53:01;181.74;42.47;12.09;760.15;0.54;0.21;0.12
17.12.2020;9:54:01;183.16;42.50;12.10;760.14;0.54;0.22;0.12
17.12.2020;9:55:01;189.87;42.50;12.09;760.14;0.56;0.25;0.14
17.12.2020;9:56:01;196.60;42.47;12.09;760.13;0.58;0.30;0.17
17.12.2020;9:57:01;203.49;42.49;12.09;760.13;0.60;0.32;0.19
17.12.2020;9:58:01;204.76;42.49;12.08;760.14;0.61;0.34;0.21
17.12.2020;9:59:01;204.31;42.45;12.06;760.13;0.61;0.34;0.21
17.12.2020;10:00:01;204.58;42.51;12.06;760.14;0.61;0.34;0.21
17.12.2020;10:01:01;202.99;42.61;12.06;760.14;0.60;0.32;0.19
17.12.2020;10:02:01;204.96;42.62;12.07;760.13;0.60;0.32;0.20
17.12.2020;10:03:01;210.78;42.58;12.09;760.12;0.62;0.38;0.24
17.12.2020;10:04:01;214.00;42.54;12.09;760.11;0.63;0.39;0.25
17.12.2020;10:05:01;220.14;42.53;12.08;760.10;0.65;0.40;0.26
17.12.2020;10:06:01;225.20;42.61;12.08;760.10;0.67;0.42;0.28
17.12.2020;10:07:01;227.47;42.60;12.10;760.10;0.68;0.44;0.30
17.12.2020;10:08:01;225.10;42.59;12.11;760.09;0.67;0.43;0.29
17.12.2020;10:09:01;223.35;42.60;12.13;760.10;0.66;0.41;0.27
17.12.2020;10:10:01;228.22;42.46;12.15;760.10;0.68;0.43;0.29
17.12.2020;10:11:02;229.35;42.46;12.15;760.11;0.69;0.47;0.32
17.12.2020;10:12:02;222.47;42.46;12.15;760.10;0.67;0.42;0.28
17.12.2020;10:13:02;218.14;42.52;12.16;760.08;0.65;0.39;0.26
17.12.2020;10:14:02;214.60;42.52;12.17;760.09;0.64;0.39;0.25
17.12.2020;10:15:02;210.87;42.50;12.18;760.08;0.62;0.37;0.23
17.12.2020;10:16:02;210.81;42.43;12.20;760.08;0.62;0.37;0.23
17.12.2020;10:17:02;211.38;42.40;12.21;760.11;0.62;0.35;0.22
17.12.2020;10:18:02;213.12;42.36;12.22;760.12;0.63;0.39;0.24
17.12.2020;10:19:02;218.64;42.36;12.23;760.13;0.65;0.39;0.25
17.12.2020;10:20:02;226.94;42.31;12.25;760.14;0.67;0.43;0.29
17.12.2020;10:21:02;234.17;42.26;12.27;760.15;0.69;0.47;0.33
17.12.2020;10:22:02;243.01;42.23;12.29;760.16;0.71;0.49;0.35
17.12.2020;10:23:02;263.87;42.20;12.30;760.15;0.78;0.60;0.46
17.12.2020;10:24:02;284.12;42.15;12.32;760.15;0.85;0.72;0.61
17.12.2020;10:25:02;287.78;42.10;12.33;760.14;0.87;0.75;0.65
17.12.2020;10:26:02;283.55;42.06;12.34;760.14;0.85;0.72;0.62
17.12.2020;10:27:02;289.46;42.10;12.35;760.11;0.87;0.76;0.66
17.12.2020;10:28:02;294.80;42.10;12.36;760.11;0.89;0.79;0.71
17.12.2020;10:29:02;299.17;42.08;12.37;760.10;0.91;0.81;0.74
17.12.2020;10:30:02;298.26;42.03;12.39;760.09;0.91;0.82;0.74
17.12.2020;10:31:02;295.75;42.02;12.40;760.10;0.90;0.80;0.72
17.12.2020;10:32:02;296.19;41.97;12.42;760.11;0.90;0.80;0.72
17.12.2020;10:33:02;293.23;41.98;12.42;760.11;0.90;0.80;0.72
17.12.2020;10:34:02;286.99;41.95;12.43;760.12;0.88;0.78;0.69
17.12.2020;10:35:02;278.19;41.94;12.44;760.13;0.85;0.73;0.62
17.12.2020;10:36:02;267.58;41.90;12.45;760.15;0.82;0.66;0.54
17.12.2020;10:37:02;262.86;41.89;12.46;760.17;0.79;0.62;0.49
17.12.2020;10:38:02;262.12;41.88;12.46;760.16;0.79;0.61;0.48
17.12.2020;10:39:03;261.07;41.88;12.47;760.17;0.78;0.60;0.47
17.12.2020;10:40:03;262.77;41.85;12.48;760.17;0.78;0.61;0.47
17.12.2020;10:41:03;265.58;41.83;12.49;760.16;0.79;0.61;0.48
17.12.2020;10:42:03;267.06;41.81;12.50;760.16;0.79;0.62;0.49
17.12.2020;10:43:03;270.33;41.80;12.51;760.16;0.80;0.64;0.51
17.12.2020;10:44:03;274.65;41.79;12.51;760.16;0.81;0.66;0.53
17.12.2020;10:45:03;280.75;41.76;12.52;760.17;0.83;0.69;0.57
17.12.2020;10:46:03;291.49;41.71;12.54;760.16;0.86;0.74;0.64
17.12.2020;10:47:03;299.96;41.66;12.54;760.17;0.89;0.79;0.71
17.12.2020;10:48:03;301.19;41.66;12.55;760.16;0.90;0.80;0.72
17.12.2020;10:49:03;301.43;41.65;12.55;760.18;0.90;0.80;0.72
17.12.2020;10:50:03;304.01;41.65;12.55;760.19;0.90;0.81;0.73
17.12.2020;10:51:03;310.11;41.63;12.56;760.19;0.92;0.84;0.77
17.12.2020;10:52:03;311.82;41.61;12.56;760.21;0.93;0.86;0.80
17.12.2020;10:53:03;308.82;41.60;12.56;760.20;0.92;0.84;0.77
17.12.2020;10:54:03;306.50;41.63;12.56;760.21;0.91;0.82;0.74
17.12.2020;10:55:03;308.68;41.63;12.56;760.21;0.92;0.83;0.77
17.12.2020;10:56:03;312.69;41.58;12.57;760.22;0.93;0.87;0.81
17.12.2020;10:57:03;311.17;41.56;12.57;760.22;0.93;0.85;0.79
17.12.2020;10:58:03;303.88;41.59;12.56;760.24;0.91;0.81;0.73
17.12.2020;10:59:03;301.41;41.64;12.56;760.24;0.89;0.80;0.71
17.12.2020;11:00:03;305.90;41.63;12.56;760.23;0.90;0.80;0.72
17.12.2020;11:01:03;315.61;41.63;12.55;760.23;0.93;0.86;0.80
17.12.2020;11:02:03;325.83;41.64;12.57;760.22;0.96;0.91;0.87
17.12.2020;11:03:03;331.53;41.65;12.58;760.21;0.98;0.94;0.93
17.12.2020;11:04:03;334.83;41.62;12.59;760.22;1.00;0.96;0.96
17.12.2020;11:05:03;329.42;41.60;12.59;760.23;0.98;0.94;0.93
17.12.2020;11:06:03;323.98;41.62;12.58;760.24;0.96;0.91;0.88
17.12.2020;11:07:04;319.92;41.64;12.59;760.24;0.95;0.89;0.84
17.12.2020;11:08:04;315.61;41.61;12.60;760.24;0.93;0.86;0.81
17.12.2020;11:09:04;308.90;41.61;12.60;760.25;0.91;0.82;0.74
17.12.2020;11:10:04;307.81;41.63;12.60;760.25;0.90;0.81;0.73
17.12.2020;11:11:04;310.11;41.65;12.60;760.27;0.91;0.82;0.74
17.12.2020;11:12:04;311.79;41.63;12.61;760.27;0.92;0.83;0.76
17.12.2020;11:13:04;312.86;41.63;12.61;760.28;0.92;0.84;0.77
17.12.2020;11:14:04;316.71;41.64;12.62;760.28;0.94;0.87;0.82
17.12.2020;11:15:04;317.74;41.63;12.63;760.29;0.94;0.88;0.83
17.12.2020;11:16:04;315.83;41.57;12.64;760.29;0.93;0.86;0.81
17.12.2020;11:17:04;316.54;41.56;12.64;760.29;0.93;0.87;0.81
17.12.2020;11:18:04;319.93;41.55;12.64;760.28;0.94;0.88;0.83
17.12.2020;11:19:04;327.04;41.54;12.64;760.28;0.96;0.90;0.87
17.12.2020;11:20:04;334.35;41.54;12.64;760.27;0.99;0.95;0.93
17.12.2020;11:21:04;340.85;41.55;12.64;760.27;1.01;0.99;1.00
17.12.2020;11:22:04;343.87;41.56;12.65;760.27;1.02;1.00;1.02
17.12.2020;11:23:04;345.48;41.53;12.66;760.26;1.02;1.00;1.03
17.12.2020;11:24:04;344.78;41.49;12.66;760.25;1.02;1.00;1.01
17.12.2020;11:25:04;345.11;41.41;12.64;760.24;1.01;1.00;1.01
17.12.2020;11:26:04;348.86;41.56;12.63;760.24;1.03;1.02;1.05
17.12.2020;11:27:04;344.75;41.61;12.64;760.25;1.03;1.01;1.04
17.12.2020;11:28:04;336.10;41.63;12.65;760.25;1.01;0.98;0.99
17.12.2020;11:29:04;328.90;41.63;12.65;760.24;0.99;0.95;0.93
17.12.2020;11:30:04;327.12;41.61;12.66;760.25;0.98;0.94;0.92
17.12.2020;11:31:04;320.72;41.60;12.66;760.25;0.97;0.91;0.88
17.12.2020;11:32:04;307.54;41.58;12.67;760.26;0.92;0.85;0.78
17.12.2020;11:33:04;299.25;41.58;12.68;760.24;0.89;0.79;0.71
17.12.2020;11:34:05;302.22;41.59;12.68;760.23;0.90;0.81;0.73
17.12.2020;11:35:05;306.57;41.59;12.69;760.22;0.92;0.83;0.76
17.12.2020;11:36:05;303.68;41.56;12.70;760.22;0.91;0.82;0.75
17.12.2020;11:37:05;294.96;41.56;12.70;760.22;0.89;0.79;0.70
17.12.2020;11:38:05;286.98;41.56;12.71;760.24;0.86;0.73;0.63
17.12.2020;11:39:05;279.57;41.54;12.72;760.23;0.84;0.71;0.59
17.12.2020;11:40:05;273.19;41.54;12.72;760.23;0.82;0.67;0.55
17.12.2020;11:41:05;278.33;41.53;12.73;760.23;0.83;0.70;0.58
17.12.2020;11:42:05;281.75;41.50;12.73;760.23;0.85;0.71;0.60
17.12.2020;11:43:05;280.69;41.48;12.75;760.23;0.85;0.71;0.60
17.12.2020;11:44:05;272.32;41.45;12.76;760.23;0.82;0.67;0.55
17.12.2020;11:45:05;268.59;41.43;12.77;760.24;0.81;0.64;0.51
17.12.2020;11:46:05;269.15;41.41;12.78;760.23;0.81;0.66;0.53
17.12.2020;11:47:05;266.55;41.40;12.78;760.23;0.80;0.63;0.50
17.12.2020;11:48:05;259.76;41.37;12.78;760.23;0.78;0.60;0.46
17.12.2020;11:49:05;253.85;41.35;12.79;760.22;0.76;0.58;0.44
17.12.2020;11:50:05;251.68;41.36;12.79;760.22;0.75;0.56;0.42
17.12.2020;11:51:05;248.36;41.38;12.80;760.22;0.74;0.54;0.40
17.12.2020;11:52:05;241.93;41.33;12.82;760.22;0.72;0.51;0.37
17.12.2020;11:53:05;241.85;41.30;12.82;760.23;0.72;0.50;0.36
17.12.2020;11:54:05;242.43;41.29;12.81;760.24;0.72;0.51;0.37
17.12.2020;11:55:05;239.04;41.30;12.80;760.24;0.71;0.49;0.35
17.12.2020;11:56:05;240.90;41.32;12.80;760.24;0.71;0.50;0.36
17.12.2020;11:57:05;249.21;41.32;12.80;760.24;0.73;0.52;0.38
17.12.2020;11:58:05;266.35;41.30;12.80;760.24;0.78;0.61;0.48
17.12.2020;11:59:05;283.71;41.34;12.79;760.23;0.84;0.71;0.60
17.12.2020;12:00:05;291.13;41.33;12.80;760.23;0.87;0.76;0.66
17.12.2020;12:01:05;291.40;41.30;12.82;760.23;0.87;0.76;0.67
17.12.2020;12:02:06;287.37;41.29;12.82;760.23;0.86;0.74;0.64
17.12.2020;12:03:06;284.75;41.32;12.81;760.23;0.85;0.72;0.61
17.12.2020;12:04:06;286.82;41.31;12.81;760.22;0.85;0.74;0.63
17.12.2020;12:05:06;294.65;41.34;12.80;760.22;0.88;0.78;0.69
17.12.2020;12:06:06;301.41;41.37;12.81;760.20;0.90;0.81;0.72
17.12.2020;12:07:06;301.00;41.38;12.81;760.21;0.89;0.80;0.72
17.12.2020;12:08:06;298.39;41.38;12.81;760.22;0.88;0.79;0.70
17.12.2020;12:09:06;307.47;41.41;12.81;760.22;0.91;0.83;0.75
17.12.2020;12:10:06;316.50;41.38;12.82;760.20;0.94;0.89;0.83
17.12.2020;12:11:06;322.34;41.35;12.83;760.20;0.95;0.89;0.85
17.12.2020;12:12:06;333.60;41.36;12.83;760.19;0.99;0.96;0.95
17.12.2020;12:13:06;340.89;41.39;12.83;760.18;1.01;1.00;1.01
17.12.2020;12:14:06;346.09;41.38;12.84;760.19;1.03;1.01;1.04
17.12.2020;12:15:06;352.01;41.37;12.84;760.18;1.05;1.04;1.09
17.12.2020;12:16:06;361.21;41.37;12.84;760.16;1.07;1.09;1.17
17.12.2020;12:17:06;374.72;41.34;12.84;760.16;1.11;1.17;1.30
17.12.2020;12:18:06;378.85;41.35;12.84;760.16;1.12;1.18;1.33
17.12.2020;12:19:06;371.81;41.35;12.85;760.16;1.10;1.14;1.25
17.12.2020;12:20:06;379.08;41.34;12.85;760.14;1.11;1.17;1.31
17.12.2020;12:21:06;405.07;41.32;12.86;760.14;1.20;1.30;1.55
17.12.2020;12:22:06;427.33;41.33;12.87;760.12;1.27;1.42;1.81
17.12.2020;12:23:06;430.55;41.26;12.88;760.13;1.30;1.48;1.92
17.12.2020;12:24:06;413.15;41.24;12.87;760.13;1.25;1.39;1.73
17.12.2020;12:25:06;387.61;41.31;12.87;760.12;1.17;1.26;1.47
17.12.2020;12:26:06;371.47;41.31;12.88;760.13;1.11;1.16;1.29
17.12.2020;12:27:06;365.96;41.30;12.88;760.15;1.09;1.12;1.23
17.12.2020;12:28:06;366.43;41.33;12.88;760.15;1.09;1.13;1.23
17.12.2020;12:29:06;368.49;41.26;12.89;760.15;1.11;1.15;1.28
17.12.2020;12:30:07;362.71;41.25;12.89;760.15;1.10;1.13;1.24
17.12.2020;12:31:07;351.09;41.24;12.90;760.15;1.06;1.08;1.15
17.12.2020;12:32:07;339.71;41.23;12.90;760.16;1.03;1.01;1.03
17.12.2020;12:33:07;334.73;41.27;12.90;760.16;1.00;0.99;0.99
17.12.2020;12:34:07;336.19;41.29;12.90;760.17;1.01;1.00;1.00
17.12.2020;12:35:07;336.36;41.26;12.91;760.16;1.01;0.99;1.00
17.12.2020;12:36:07;337.54;41.26;12.92;760.16;1.01;0.99;1.00
17.12.2020;12:37:07;342.67;41.24;12.93;760.17;1.02;1.01;1.03
17.12.2020;12:38:07;346.40;41.24;12.93;760.16;1.04;1.03;1.06
17.12.2020;12:39:07;363.17;41.24;12.95;760.16;1.09;1.12;1.22
17.12.2020;12:40:07;371.14;41.21;12.96;760.15;1.11;1.16;1.30
17.12.2020;12:41:07;374.87;41.21;12.97;760.13;1.12;1.19;1.34
17.12.2020;12:42:07;371.37;41.20;12.99;760.12;1.11;1.17;1.30
17.12.2020;12:43:07;365.34;41.17;13.00;760.12;1.09;1.13;1.23
17.12.2020;12:44:07;363.47;41.17;13.00;760.11;1.09;1.11;1.21
17.12.2020;12:45:07;365.96;41.17;13.02;760.10;1.09;1.12;1.23
17.12.2020;12:46:07;366.57;41.12;13.04;760.09;1.10;1.14;1.25
17.12.2020;12:47:07;359.65;41.09;13.05;760.10;1.07;1.09;1.17
17.12.2020;12:48:07;352.54;41.10;13.04;760.10;1.04;1.04;1.09
17.12.2020;12:49:07;355.72;41.09;13.05;760.11;1.05;1.05;1.10
17.12.2020;12:50:07;360.13;41.05;13.08;760.14;1.06;1.09;1.15
17.12.2020;12:51:07;358.08;41.04;13.08;760.13;1.06;1.08;1.14
17.12.2020;12:52:07;353.90;41.03;13.09;760.14;1.05;1.06;1.11
17.12.2020;12:53:07;350.57;41.03;13.10;760.15;1.04;1.03;1.08
17.12.2020;12:54:07;345.99;41.03;13.10;760.16;1.03;1.01;1.04
17.12.2020;12:55:07;347.57;40.99;13.12;760.17;1.04;1.03;1.07
17.12.2020;12:56:07;353.99;41.01;13.13;760.18;1.06;1.07;1.13
17.12.2020;12:57:07;357.06;40.94;13.14;760.18;1.06;1.08;1.14
17.12.2020;12:58:08;358.99;40.94;13.15;760.19;1.06;1.09;1.15
17.12.2020;12:59:08;368.71;40.94;13.15;760.18;1.08;1.11;1.21
17.12.2020;13:00:08;389.04;40.91;13.17;760.16;1.14;1.21;1.38
17.12.2020;13:01:08;410.87;40.89;13.19;760.17;1.20;1.31;1.57
17.12.2020;13:02:08;429.00;40.84;13.20;760.17;1.25;1.38;1.73
17.12.2020;13:03:08;447.03;40.85;13.20;760.17;1.30;1.48;1.92
17.12.2020;13:04:08;455.11;40.80;13.22;760.17;1.32;1.51;2.00
17.12.2020;13:05:08;453.22;40.78;13.24;760.18;1.31;1.50;1.96
17.12.2020;13:06:08;461.01;40.76;13.25;760.17;1.33;1.52;2.02
17.12.2020;13:07:08;470.18;40.73;13.26;760.17;1.36;1.59;2.17
17.12.2020;13:08:08;467.78;40.70;13.27;760.17;1.37;1.60;2.19
17.12.2020;13:09:08;455.48;40.71;13.27;760.16;1.35;1.55;2.08
17.12.2020;13:10:08;445.18;40.67;13.28;760.17;1.32;1.51;1.99
17.12.2020;13:11:08;437.63;40.65;13.28;760.18;1.30;1.47;1.91
17.12.2020;13:12:08;405.63;40.64;13.30;760.19;1.20;1.31;1.56
17.12.2020;13:13:08;353.88;40.62;13.29;760.21;1.02;1.01;1.03
17.12.2020;13:14:08;338.70;40.62;13.29;760.20;0.97;0.92;0.89
17.12.2020;13:15:08;347.25;40.64;13.28;760.19;0.99;0.97;0.96
17.12.2020;13:16:08;362.91;40.66;13.28;760.19;1.05;1.06;1.11
17.12.2020;13:17:08;380.63;40.66;13.29;760.19;1.12;1.16;1.30
17.12.2020;13:18:08;398.35;40.66;13.29;760.19;1.18;1.29;1.53
17.12.2020;13:19:08;400.79;40.64;13.30;760.19;1.19;1.31;1.56
17.12.2020;13:20:08;402.31;40.60;13.30;760.19;1.20;1.30;1.56
17.12.2020;13:21:08;416.69;40.60;13.31;760.19;1.24;1.37;1.69
17.12.2020;13:22:08;442.53;40.60;13.32;760.20;1.32;1.50;1.97
17.12.2020;13:23:08;457.12;40.60;13.33;760.21;1.36;1.59;2.16
17.12.2020;13:24:08;458.06;40.57;13.34;760.21;1.36;1.58;2.14
17.12.2020;13:25:09;467.14;40.55;13.35;760.20;1.38;1.60;2.21
17.12.2020;13:26:09;484.76;40.54;13.35;760.20;1.43;1.69;2.42
17.12.2020;13:27:09;513.08;40.53;13.36;760.21;1.51;1.84;2.79
17.12.2020;13:28:09;531.31;40.50;13.38;760.21;1.57;1.92;3.00
17.12.2020;13:29:09;539.22;40.48;13.40;760.21;1.60;1.98;3.15
17.12.2020;13:30:09;553.89;40.45;13.42;760.22;1.64;2.04;3.36
17.12.2020;13:31:09;570.41;40.38;13.44;760.22;1.69;2.11;3.57
17.12.2020;13:32:09;579.22;40.34;13.46;760.22;1.72;2.17;3.74
17.12.2020;13:33:09;578.12;40.33;13.46;760.20;1.72;2.16;3.71
17.12.2020;13:34:09;580.46;40.30;13.47;760.22;1.72;2.17;3.73
17.12.2020;13:35:09;580.79;40.31;13.47;760.21;1.72;2.18;3.75
17.12.2020;13:36:09;571.64;40.29;13.47;760.22;1.70;2.14;3.65
17.12.2020;13:37:09;552.54;40.21;13.49;760.22;1.66;2.08;3.45
17.12.2020;13:38:09;535.11;40.22;13.49;760.23;1.61;2.00;3.23
17.12.2020;13:39:09;523.96;40.23;13.49;760.23;1.59;1.96;3.12
17.12.2020;13:40:09;511.65;40.24;13.48;760.24;1.56;1.90;2.96
17.12.2020;13:41:09;502.60;40.25;13.47;760.24;1.53;1.86;2.84
17.12.2020;13:42:09;500.10;40.25;13.47;760.24;1.52;1.86;2.84
17.12.2020;13:43:09;504.97;40.27;13.46;760.24;1.54;1.88;2.90
17.12.2020;13:44:09;513.07;40.25;13.47;760.23;1.57;1.93;3.03
17.12.2020;13:45:09;518.36;40.25;13.47;760.22;1.59;1.97;3.14
17.12.2020;13:46:09;514.25;40.26;13.47;760.23;1.59;1.96;3.12
17.12.2020;13:47:09;505.65;40.26;13.46;760.22;1.57;1.93;3.02
17.12.2020;13:48:09;493.57;40.28;13.46;760.22;1.53;1.86;2.85
17.12.2020;13:49:09;479.08;40.27;13.46;760.22;1.49;1.78;2.65
17.12.2020;13:50:09;465.31;40.32;13.44;760.21;1.44;1.72;2.48
17.12.2020;13:51:09;452.74;40.35;13.45;760.21;1.41;1.66;2.33
17.12.2020;13:52:09;439.36;40.26;13.46;760.21;1.37;1.59;2.18
17.12.2020;13:53:10;423.82;40.31;13.45;760.22;1.32;1.52;2.02
17.12.2020;13:54:10;405.35;40.34;13.43;760.23;1.27;1.42;1.80
17.12.2020;13:55:10;392.26;40.35;13.42;760.23;1.23;1.36;1.66
17.12.2020;13:56:10;382.31;40.40;13.41;760.23;1.20;1.31;1.56
17.12.2020;13:57:10;376.47;40.41;13.40;760.22;1.18;1.28;1.51
17.12.2020;13:58:10;370.07;40.44;13.39;760.22;1.16;1.23;1.43
17.12.2020;13:59:10;356.47;40.48;13.37;760.23;1.12;1.17;1.31
17.12.2020;14:00:10;342.71;40.50;13.37;760.23;1.07;1.08;1.16
17.12.2020;14:01:10;330.82;40.52;13.35;760.24;1.03;1.02;1.06
17.12.2020;14:02:10;320.73;40.57;13.34;760.25;1.00;0.97;0.97
17.12.2020;14:03:10;312.89;40.57;13.33;760.25;0.97;0.92;0.89
17.12.2020;14:04:10;305.90;40.61;13.32;760.27;0.95;0.88;0.84
17.12.2020;14:05:10;300.18;40.64;13.30;760.28;0.93;0.86;0.80
17.12.2020;14:06:10;295.88;40.66;13.29;760.28;0.92;0.83;0.76
17.12.2020;14:07:10;290.47;40.69;13.28;760.29;0.90;0.81;0.73
17.12.2020;14:08:10;286.88;40.71;13.28;760.30;0.89;0.80;0.71
17.12.2020;14:09:10;283.16;40.75;13.27;760.31;0.88;0.78;0.68
17.12.2020;14:10:10;278.89;40.74;13.26;760.31;0.87;0.76;0.66
17.12.2020;14:11:10;274.00;40.77;13.26;760.32;0.85;0.72;0.62
17.12.2020;14:12:10;266.93;40.76;13.25;760.33;0.83;0.69;0.57
17.12.2020;14:13:10;260.10;40.78;13.24;760.33;0.81;0.66;0.53
17.12.2020;14:14:10;253.76;40.81;13.23;760.34;0.79;0.61;0.48
17.12.2020;14:15:10;249.14;40.84;13.22;760.34;0.77;0.60;0.46
17.12.2020;14:16:10;248.73;40.83;13.22;760.34;0.77;0.59;0.45
17.12.2020;14:17:10;252.24;40.83;13.21;760.33;0.78;0.60;0.47
17.12.2020;14:18:10;256.40;40.88;13.20;760.33;0.80;0.63;0.50
17.12.2020;14:19:10;256.10;40.90;13.20;760.33;0.80;0.63;0.50
17.12.2020;14:20:11;251.00;40.90;13.20;760.35;0.78;0.61;0.48
17.12.2020;14:21:11;240.42;40.94;13.19;760.36;0.75;0.55;0.41
17.12.2020;14:22:11;227.71;40.91;13.19;760.39;0.70;0.49;0.34
17.12.2020;14:23:11;220.72;40.93;13.18;760.40;0.68;0.44;0.30
17.12.2020;14:24:11;221.25;40.94;13.17;760.41;0.68;0.45;0.31
17.12.2020;14:25:11;224.85;40.95;13.16;760.40;0.69;0.47;0.32
17.12.2020;14:26:11;225.72;40.97;13.15;760.40;0.70;0.48;0.34
17.12.2020;14:27:11;221.72;41.00;13.14;760.40;0.69;0.46;0.32
17.12.2020;14:28:11;216.58;41.03;13.12;760.41;0.67;0.43;0.28
17.12.2020;14:29:11;211.99;41.09;13.11;760.42;0.65;0.39;0.26
17.12.2020;14:30:11;211.36;41.11;13.11;760.41;0.65;0.40;0.26
17.12.2020;14:31:11;213.84;41.12;13.10;760.41;0.66;0.41;0.27
17.12.2020;14:32:11;215.46;41.12;13.10;760.40;0.67;0.43;0.29
17.12.2020;14:33:11;213.02;41.12;13.09;760.40;0.66;0.42;0.28
17.12.2020;14:34:11;207.38;41.16;13.08;760.39;0.64;0.40;0.26
17.12.2020;14:35:11;200.38;41.20;13.07;760.40;0.62;0.36;0.22
17.12.2020;14:36:11;195.76;41.18;13.07;760.39;0.60;0.32;0.20
17.12.2020;14:37:11;194.42;41.19;13.06;760.40;0.60;0.32;0.19
17.12.2020;14:38:11;194.21;41.21;13.05;760.39;0.60;0.32;0.19
17.12.2020;14:39:11;194.72;41.21;13.05;760.40;0.61;0.33;0.20
17.12.2020;14:40:11;194.56;41.24;13.04;760.41;0.61;0.33;0.20
17.12.2020;14:41:11;193.04;41.26;13.03;760.42;0.60;0.32;0.19
17.12.2020;14:42:11;190.25;41.28;13.02;760.42;0.59;0.30;0.18
17.12.2020;14:43:11;186.54;41.28;13.01;760.41;0.58;0.29;0.17
17.12.2020;14:44:11;182.51;41.26;13.01;760.42;0.56;0.28;0.16
17.12.2020;14:45:11;177.58;41.32;13.01;760.42;0.55;0.24;0.13
17.12.2020;14:46:11;172.50;41.30;13.00;760.42;0.53;0.20;0.11
17.12.2020;14:47:11;167.80;41.34;12.99;760.41;0.51;0.18;0.09
17.12.2020;14:48:12;163.14;41.34;12.99;760.40;0.50;0.14;0.07
17.12.2020;14:49:12;158.32;41.36;12.99;760.41;0.48;0.12;0.06
17.12.2020;14:50:12;153.69;41.37;12.99;760.42;0.47;0.10;0.05
17.12.2020;14:51:12;148.99;41.37;12.97;760.43;0.45;0.08;0.04
17.12.2020;14:52:12;144.36;41.40;12.95;760.44;0.44;0.04;0.02
17.12.2020;14:53:12;141.64;41.41;12.94;760.44;0.43;0.01;0.00
17.12.2020;14:54:12;140.43;41.47;12.93;760.45;0.42;0.00;0.00
17.12.2020;14:55:12;140.37;41.47;12.92;760.45;0.42;0.00;0.00
17.12.2020;14:56:12;139.60;41.52;12.92;760.45;0.41;-0.00;-0.00
17.12.2020;14:57:12;137.14;41.50;12.92;760.44;0.40;0.00;0.00
17.12.2020;14:58:12;134.01;41.51;12.91;760.43;0.39;-0.00;-0.00
17.12.2020;14:59:12;130.39;41.54;12.90;760.42;0.38;0.00;0.00
17.12.2020;15:00:12;125.87;41.58;12.88;760.43;0.36;0.00;0.00
17.12.2020;15:01:12;122.81;41.58;12.87;760.44;0.34;0.00;0.00
17.12.2020;15:02:12;118.65;41.60;12.87;760.43;0.32;0.00;0.00
17.12.2020;15:03:12;115.00;41.60;12.86;760.44;0.31;0.00;0.00
17.12.2020;15:04:12;114.12;41.64;12.85;760.45;0.30;0.00;0.00
17.12.2020;15:05:12;112.33;41.65;12.84;760.45;0.29;0.00;0.00
17.12.2020;15:06:12;111.21;41.67;12.83;760.46;0.28;0.00;0.00
17.12.2020;15:07:12;111.68;41.69;12.82;760.44;0.29;0.00;0.00
17.12.2020;15:08:12;110.85;41.74;12.81;760.43;0.28;0.00;0.00
17.12.2020;15:09:12;106.26;41.75;12.81;760.41;0.27;0.00;0.00
17.12.2020;15:10:12;97.24;41.77;12.80;760.42;0.23;0.00;0.00
17.12.2020;15:11:12;84.50;41.80;12.79;760.43;0.19;0.00;0.00
17.12.2020;15:12:12;75.85;41.80;12.78;760.43;0.16;0.00;0.00
17.12.2020;15:13:12;72.25;41.83;12.77;760.45;0.14;0.00;0.00
17.12.2020;15:14:12;69.00;41.84;12.75;760.45;0.13;0.00;0.00
17.12.2020;15:15:12;67.57;41.88;12.73;760.45;0.13;0.00;0.00
17.12.2020;15:16:13;66.71;41.95;12.72;760.46;0.13;0.00;0.00
17.12.2020;15:17:13;66.15;41.97;12.72;760.47;0.12;0.00;0.00
17.12.2020;15:18:13;64.83;41.96;12.72;760.47;0.12;0.00;0.00
17.12.2020;15:19:13;62.38;42.01;12.71;760.47;0.11;0.00;0.00
17.12.2020;15:20:13;60.97;42.03;12.70;760.48;0.10;0.00;0.00
17.12.2020;15:21:13;60.06;42.05;12.68;760.50;0.10;0.00;0.00
17.12.2020;15:22:13;59.29;42.09;12.68;760.50;0.09;0.00;0.00
17.12.2020;15:23:13;57.36;42.10;12.68;760.50;0.09;0.00;0.00
17.12.2020;15:24:13;54.81;42.10;12.67;760.51;0.08;0.00;0.00
17.12.2020;15:25:13;52.32;42.14;12.67;760.52;0.07;0.00;0.00
17.12.2020;15:26:13;49.99;42.14;12.67;760.52;0.07;0.00;0.00
17.12.2020;15:27:13;48.38;42.14;12.67;760.53;0.06;0.00;0.00
17.12.2020;15:28:13;47.29;42.15;12.66;760.54;0.06;0.00;0.00
17.12.2020;15:29:13;46.67;42.16;12.65;760.55;0.06;0.00;0.00
17.12.2020;15:30:13;46.33;42.15;12.64;760.55;0.06;0.00;0.00
17.12.2020;15:31:13;45.83;42.21;12.64;760.56;0.06;0.00;0.00
17.12.2020;15:32:13;45.69;42.20;12.63;760.55;0.06;0.00;0.00
17.12.2020;15:33:13;44.93;42.21;12.63;760.55;0.06;0.00;0.00
17.12.2020;15:34:13;44.12;42.23;12.63;760.56;0.06;0.00;0.00
17.12.2020;15:35:13;43.12;42.24;12.62;760.55;0.06;0.00;0.00
17.12.2020;15:36:13;42.00;42.26;12.62;760.57;0.06;0.00;0.00
17.12.2020;15:37:13;40.93;42.29;12.61;760.57;0.06;0.00;0.00
17.12.2020;15:38:13;40.00;42.30;12.61;760.58;0.07;0.00;0.00
17.12.2020;15:39:13;38.57;42.32;12.60;760.59;0.06;0.00;0.00
17.12.2020;15:40:13;36.79;42.34;12.60;760.59;0.05;0.00;0.00
17.12.2020;15:41:13;35.08;42.39;12.59;760.58;0.05;0.00;0.00
17.12.2020;15:42:13;32.99;42.39;12.58;760.58;0.04;0.00;0.00
17.12.2020;15:43:13;30.83;42.43;12.58;760.58;0.03;0.00;0.00
17.12.2020;15:44:13;28.82;42.49;12.57;760.59;0.02;0.00;0.00
17.12.2020;15:45:14;27.12;42.50;12.57;760.60;0.02;0.00;0.00
17.12.2020;15:46:14;25.73;42.51;12.57;760.61;0.01;0.00;0.00
17.12.2020;15:47:14;24.51;42.52;12.56;760.61;0.01;0.00;0.00
17.12.2020;15:48:14;23.32;42.52;12.56;760.60;0.01;0.00;0.00
17.12.2020;15:49:14;22.29;42.54;12.56;760.60;0.00;0.00;0.00
17.12.2020;15:50:14;21.38;42.54;12.56;760.59;0.00;0.00;0.00
17.12.2020;15:51:14;20.54;42.54;12.56;760.60;0.00;0.00;0.00
17.12.2020;15:52:14;19.70;42.55;12.56;760.59;0.00;0.00;0.00
17.12.2020;15:53:14;18.85;42.57;12.56;760.59;0.00;0.00;0.00
17.12.2020;15:54:14;17.91;42.56;12.56;760.59;0.00;0.00;0.00
17.12.2020;15:55:14;17.01;42.54;12.57;760.58;0.00;0.00;0.00
17.12.2020;15:56:14;16.25;42.52;12.58;760.57;0.00;0.00;0.00
17.12.2020;15:57:14;15.45;42.50;12.58;760.57;0.00;0.00;0.00
17.12.2020;15:58:14;14.61;42.50;12.58;760.56;0.00;0.00;0.00
17.12.2020;15:59:14;13.69;42.49;12.58;760.56;0.00;0.00;0.00
17.12.2020;16:00:14;12.97;42.48;12.58;760.56;0.00;0.00;0.00
17.12.2020;16:01:14;12.44;42.47;12.58;760.56;0.00;0.00;0.00
17.12.2020;16:02:14;11.67;42.47;12.57;760.56;0.00;0.00;0.00
17.12.2020;16:03:14;10.99;42.48;12.56;760.56;0.00;0.00;0.00
17.12.2020;16:04:14;10.35;42.50;12.55;760.57;0.00;0.00;0.00
17.12.2020;16:05:14;9.71;42.51;12.55;760.56;0.00;0.00;0.00
17.12.2020;16:06:14;9.17;42.52;12.55;760.55;0.00;0.00;0.00
17.12.2020;16:07:14;8.58;42.51;12.55;760.56;0.00;0.00;0.00
17.12.2020;16:08:14;8.33;42.50;12.56;760.55;0.00;0.00;0.00
17.12.2020;16:09:14;7.93;42.54;12.55;760.55;0.00;0.00;0.00
17.12.2020;16:10:14;7.50;42.49;12.57;760.56;0.00;0.00;0.00
17.12.2020;16:11:14;7.34;42.46;12.57;760.56;0.00;0.00;0.00
17.12.2020;16:12:14;6.69;42.47;12.56;760.56;0.00;0.00;0.00
17.12.2020;16:13:14;6.40;42.50;12.55;760.57;0.00;0.00;0.00
17.12.2020;16:14:14;5.83;42.51;12.55;760.58;0.00;0.00;0.00
17.12.2020;16:15:14;5.76;42.48;12.55;760.58;0.00;0.00;0.00
17.12.2020;16:16:15;5.00;42.48;12.54;760.58;0.00;0.00;0.00
17.12.2020;16:17:15;5.00;42.50;12.54;760.58;0.00;0.00;0.00
17.12.2020;16:18:15;5.01;42.49;12.55;760.58;0.00;0.00;0.00
17.12.2020;16:19:15;4.57;42.50;12.55;760.58;0.00;0.00;0.00
17.12.2020;16:20:15;4.17;42.49;12.54;760.57;0.00;0.00;0.00
17.12.2020;16:21:15;4.17;42.47;12.54;760.58;0.00;0.00;0.00
17.12.2020;16:22:15;4.17;42.49;12.54;760.58;0.00;0.00;0.00
17.12.2020;16:23:15;4.17;42.50;12.53;760.58;0.00;0.00;0.00
17.12.2020;16:24:15;3.69;42.52;12.52;760.60;0.00;0.00;0.00
17.12.2020;16:25:15;3.33;42.57;12.52;760.61;0.00;0.00;0.00
17.12.2020;16:26:15;3.35;42.56;12.52;760.61;0.00;0.00;0.00
17.12.2020;16:27:15;3.33;42.55;12.51;760.61;0.00;0.00;0.00
17.12.2020;16:28:15;3.33;42.58;12.50;760.60;0.00;0.00;0.00
17.12.2020;16:29:15;3.36;42.59;12.50;760.61;0.00;0.00;0.00
17.12.2020;16:30:15;3.33;42.58;12.50;760.61;0.00;0.00;0.00
17.12.2020;16:31:15;3.33;42.58;12.50;760.62;0.00;0.00;0.00
17.12.2020;16:32:15;3.35;42.60;12.49;760.62;0.00;0.00;0.00
17.12.2020;16:33:15;3.33;42.62;12.49;760.62;0.00;0.00;0.00
17.12.2020;16:34:15;3.33;42.62;12.48;760.62;0.00;0.00;0.00
17.12.2020;16:35:15;3.33;42.66;12.49;760.62;0.00;0.00;0.00
17.12.2020;16:36:15;3.33;42.65;12.48;760.62;0.00;0.00;0.00
17.12.2020;16:37:15;3.33;42.67;12.48;760.61;0.00;0.00;0.00
17.12.2020;16:38:15;3.33;42.66;12.48;760.63;0.00;0.00;0.00
17.12.2020;16:39:15;3.33;42.69;12.48;760.63;0.00;0.00;0.00
17.12.2020;16:40:15;3.35;42.69;12.48;760.63;0.00;0.00;0.00
17.12.2020;16:41:15;3.33;42.68;12.48;760.63;0.00;0.00;0.00
17.12.2020;16:42:15;3.33;42.68;12.47;760.62;0.00;0.00;0.00
17.12.2020;16:43:15;3.36;42.71;12.46;760.62;0.00;0.00;0.00
17.12.2020;16:44:15;3.33;42.71;12.46;760.62;0.00;0.00;0.00
17.12.2020;16:45:15;3.33;42.76;12.46;760.62;0.00;0.00;0.00
17.12.2020;16:46:15;3.35;42.74;12.47;760.62;0.00;0.00;0.00
17.12.2020;16:47:16;3.33;42.74;12.47;760.61;0.00;0.00;0.00
17.12.2020;16:48:16;3.33;42.70;12.48;760.60;0.00;0.00;0.00
17.12.2020;16:49:16;3.33;42.70;12.48;760.60;0.00;0.00;0.00
17.12.2020;16:50:16;3.33;42.69;12.48;760.60;0.00;0.00;0.00
17.12.2020;16:51:16;3.33;42.70;12.49;760.60;0.00;0.00;0.00
17.12.2020;16:52:16;3.33;42.69;12.50;760.61;0.00;0.00;0.00
17.12.2020;16:53:16;3.33;42.69;12.49;760.61;0.00;0.00;0.00
17.12.2020;16:54:16;3.35;42.72;12.49;760.61;0.00;0.00;0.00
17.12.2020;16:55:16;3.33;42.69;12.49;760.62;0.00;0.00;0.00
17.12.2020;16:56:16;3.33;42.67;12.48;760.62;0.00;0.00;0.00
17.12.2020;16:57:16;3.36;42.69;12.48;760.62;0.00;0.00;0.00
17.12.2020;16:58:16;3.33;42.71;12.47;760.63;0.00;0.00;0.00
17.12.2020;16:59:16;3.33;42.71;12.47;760.61;0.00;0.00;0.00
17.12.2020;17:00:16;3.35;42.71;12.48;760.61;0.00;0.00;0.00
17.12.2020;17:01:16;3.33;42.70;12.47;760.61;0.00;0.00;0.00
17.12.2020;17:02:16;3.33;42.70;12.47;760.60;0.00;0.00;0.00
17.12.2020;17:03:16;3.33;42.71;12.48;760.59;0.00;0.00;0.00
17.12.2020;17:04:16;3.33;42.71;12.47;760.59;0.00;0.00;0.00
17.12.2020;17:05:16;3.33;42.72;12.48;760.60;0.00;0.00;0.00
17.12.2020;17:06:16;3.33;42.71;12.48;760.60;0.00;0.00;0.00
17.12.2020;17:07:16;3.33;42.73;12.48;760.61;0.00;0.00;0.00
17.12.2020;17:08:16;3.35;42.73;12.48;760.62;0.00;0.00;0.00
17.12.2020;17:09:16;3.33;42.72;12.48;760.62;0.00;0.00;0.00
17.12.2020;17:10:16;3.33;42.69;12.48;760.62;0.00;0.00;0.00
17.12.2020;17:11:16;3.36;42.66;12.49;760.63;0.00;0.00;0.00
17.12.2020;17:12:16;3.33;42.69;12.48;760.62;0.00;0.00;0.00
17.12.2020;17:13:16;3.33;42.72;12.48;760.63;0.00;0.00;0.00
17.12.2020;17:14:16;3.35;42.70;12.47;760.64;0.00;0.00;0.00
17.12.2020;17:15:16;3.33;42.70;12.47;760.62;0.00;0.00;0.00
17.12.2020;17:16:16;3.33;42.71;12.47;760.64;0.00;0.00;0.00
17.12.2020;17:17:16;3.33;42.70;12.47;760.64;0.00;0.00;0.00
17.12.2020;17:18:17;3.33;42.68;12.47;760.64;0.00;0.00;0.00
17.12.2020;17:19:17;3.33;42.70;12.47;760.64;0.00;0.00;0.00
17.12.2020;17:20:17;3.33;42.69;12.47;760.65;0.00;0.00;0.00
17.12.2020;17:21:17;3.33;42.75;12.46;760.65;0.00;0.00;0.00
17.12.2020;17:22:17;3.35;42.76;12.45;760.67;0.00;0.00;0.00
17.12.2020;17:23:17;3.33;42.78;12.46;760.68;0.00;0.00;0.00
17.12.2020;17:24:17;3.33;42.78;12.46;760.69;0.00;0.00;0.00
17.12.2020;17:25:17;3.36;42.78;12.46;760.70;0.00;0.00;0.00
17.12.2020;17:26:17;3.33;42.79;12.46;760.70;0.00;0.00;0.00
17.12.2020;17:27:17;3.33;42.82;12.46;760.70;0.00;0.00;0.00
17.12.2020;17:28:17;3.35;42.81;12.47;760.70;0.00;0.00;0.00
17.12.2020;17:29:17;3.33;42.81;12.47;760.71;0.00;0.00;0.00
17.12.2020;17:30:17;3.33;42.81;12.47;760.71;0.00;0.00;0.00
17.12.2020;17:31:17;3.33;42.80;12.47;760.72;0.00;0.00;0.00
17.12.2020;17:32:17;3.33;42.82;12.47;760.73;0.00;0.00;0.00
17.12.2020;17:33:17;3.33;42.84;12.47;760.74;0.00;0.00;0.00
17.12.2020;17:34:17;3.33;42.85;12.48;760.74;0.00;0.00;0.00
17.12.2020;17:35:17;3.33;42.82;12.48;760.73;0.00;0.00;0.00
17.12.2020;17:36:17;3.35;42.85;12.48;760.73;0.00;0.00;0.00
17.12.2020;17:37:17;3.33;42.86;12.48;760.73;0.00;0.00;0.00
17.12.2020;17:38:17;3.33;42.87;12.49;760.73;0.00;0.00;0.00
17.12.2020;17:39:17;3.36;42.85;12.49;760.72;0.00;0.00;0.00
17.12.2020;17:40:17;3.33;42.85;12.49;760.73;0.00;0.00;0.00
17.12.2020;17:41:17;3.33;42.84;12.50;760.74;0.00;0.00;0.00
17.12.2020;17:42:17;3.35;42.84;12.50;760.75;0.00;0.00;0.00
17.12.2020;17:43:17;3.33;42.83;12.51;760.75;0.00;0.00;0.00
17.12.2020;17:44:17;3.33;42.86;12.51;760.74;0.00;0.00;0.00
17.12.2020;17:45:17;3.33;42.81;12.52;760.75;0.00;0.00;0.00
17.12.2020;17:46:17;3.33;42.79;12.52;760.75;0.00;0.00;0.00
17.12.2020;17:47:17;3.33;42.78;12.52;760.74;0.00;0.00;0.00
17.12.2020;17:48:17;3.33;42.81;12.52;760.75;0.00;0.00;0.00
17.12.2020;17:49:17;3.33;42.82;12.52;760.77;0.00;0.00;0.00
17.12.2020;17:50:18;3.35;42.78;12.53;760.76;0.00;0.00;0.00
17.12.2020;17:51:18;3.33;42.79;12.53;760.76;0.00;0.00;0.00
17.12.2020;17:52:18;3.33;42.78;12.53;760.75;0.00;0.00;0.00
17.12.2020;17:53:18;3.36;42.77;12.54;760.74;0.00;0.00;0.00
17.12.2020;17:54:18;3.33;42.75;12.54;760.74;0.00;0.00;0.00
17.12.2020;17:55:18;3.33;42.77;12.53;760.74;0.00;0.00;0.00
17.12.2020;17:56:18;3.35;42.78;12.53;760.73;0.00;0.00;0.00
17.12.2020;17:57:18;3.33;42.78;12.53;760.73;0.00;0.00;0.00
17.12.2020;17:58:18;3.33;42.76;12.54;760.73;0.00;0.00;0.00
17.12.2020;17:59:18;3.33;42.79;12.54;760.73;0.00;0.00;0.00
17.12.2020;18:00:18;3.33;42.74;12.55;760.72;0.00;0.00;0.00
17.12.2020;18:01:18;3.33;42.72;12.55;760.71;0.00;0.00;0.00
17.12.2020;18:02:18;3.33;42.74;12.54;760.71;0.00;0.00;0.00
17.12.2020;18:03:18;3.33;42.76;12.54;760.69;0.00;0.00;0.00
17.12.2020;18:04:18;3.35;42.75;12.54;760.69;0.00;0.00;0.00
17.12.2020;18:05:18;3.33;42.78;12.55;760.69;0.00;0.00;0.00
17.12.2020;18:06:18;3.33;42.78;12.55;760.70;0.00;0.00;0.00
17.12.2020;18:07:18;3.36;42.78;12.55;760.69;0.00;0.00;0.00
17.12.2020;18:08:18;3.33;42.77;12.55;760.68;0.00;0.00;0.00
17.12.2020;18:09:18;3.33;42.81;12.55;760.69;0.00;0.00;0.00
17.12.2020;18:10:18;3.35;42.79;12.56;760.69;0.00;0.00;0.00
17.12.2020;18:11:18;3.33;42.79;12.56;760.68;0.00;0.00;0.00
17.12.2020;18:12:18;3.33;42.80;12.55;760.68;0.00;0.00;0.00
17.12.2020;18:13:18;3.33;42.79;12.56;760.69;0.00;0.00;0.00
17.12.2020;18:14:18;3.33;42.80;12.56;760.69;0.00;0.00;0.00
17.12.2020;18:15:18;3.33;42.82;12.56;760.70;0.00;0.00;0.00
17.12.2020;18:16:18;3.33;42.82;12.56;760.71;0.00;0.00;0.00
17.12.2020;18:17:18;3.33;42.81;12.56;760.71;0.00;0.00;0.00
17.12.2020;18:18:18;3.35;42.80;12.57;760.72;0.00;0.00;0.00
17.12.2020;18:19:18;3.33;42.81;12.56;760.72;0.00;0.00;0.00
17.12.2020;18:20:18;3.33;42.82;12.56;760.73;0.00;0.00;0.00
17.12.2020;18:21:18;3.36;42.83;12.57;760.75;0.00;0.00;0.00
17.12.2020;18:22:19;3.33;42.82;12.57;760.76;0.00;0.00;0.00
17.12.2020;18:23:19;3.33;42.81;12.56;760.76;0.00;0.00;0.00
17.12.2020;18:24:19;3.35;42.83;12.56;760.75;0.00;0.00;0.00
17.12.2020;18:25:19;3.33;42.85;12.56;760.75;0.00;0.00;0.00
17.12.2020;18:26:19;3.33;42.82;12.56;760.74;0.00;0.00;0.00
17.12.2020;18:27:19;3.33;42.80;12.57;760.73;0.00;0.00;0.00
17.12.2020;18:28:19;3.33;42.82;12.57;760.72;0.00;0.00;0.00
17.12.2020;18:29:19;3.33;42.82;12.56;760.73;0.00;0.00;0.00
17.12.2020;18:30:19;3.33;42.82;12.57;760.75;0.00;0.00;0.00
17.12.2020;18:31:19;3.33;42.83;12.58;760.76;0.00;0.00;0.00
17.12.2020;18:32:19;3.35;42.81;12.58;760.77;0.00;0.00;0.00
17.12.2020;18:33:19;3.33;42.80;12.59;760.77;0.00;0.00;0.00
17.12.2020;18:34:19;3.33;42.76;12.59;760.78;0.00;0.00;0.00
17.12.2020;18:35:19;3.36;42.77;12.59;760.77;0.00;0.00;0.00
17.12.2020;18:36:19;3.33;42.79;12.59;760.76;0.00;0.00;0.00
17.12.2020;18:37:19;3.33;42.78;12.60;760.77;0.00;0.00;0.00
17.12.2020;18:38:19;3.35;42.80;12.60;760.76;0.00;0.00;0.00
17.12.2020;18:39:19;3.33;42.79;12.61;760.76;0.00;0.00;0.00
17.12.2020;18:40:19;3.33;42.77;12.61;760.76;0.00;0.00;0.00
17.12.2020;18:41:19;3.33;42.76;12.61;760.76;0.00;0.00;0.00
17.12.2020;18:42:19;3.33;42.79;12.61;760.76;0.00;0.00;0.00
17.12.2020;18:43:19;3.33;42.81;12.60;760.75;0.00;0.00;0.00
17.12.2020;18:44:19;3.33;42.83;12.60;760.75;0.00;0.00;0.00
17.12.2020;18:45:19;3.33;42.86;12.60;760.74;0.00;0.00;0.00
17.12.2020;18:46:19;3.35;42.84;12.61;760.74;0.00;0.00;0.00
17.12.2020;18:47:19;3.33;42.84;12.61;760.74;0.00;0.00;0.00
17.12.2020;18:48:19;3.33;42.85;12.61;760.74;0.00;0.00;0.00
17.12.2020;18:49:19;3.36;42.85;12.61;760.75;0.00;0.00;0.00
17.12.2020;18:50:19;3.33;42.85;12.61;760.76;0.00;0.00;0.00
17.12.2020;18:51:19;3.33;42.85;12.62;760.75;0.00;0.00;0.00
17.12.2020;18:52:19;3.35;42.84;12.63;760.76;0.00;0.00;0.00
17.12.2020;18:53:20;3.33;42.80;12.64;760.77;0.00;0.00;0.00
17.12.2020;18:54:20;3.33;42.81;12.64;760.78;0.00;0.00;0.00
17.12.2020;18:55:20;3.33;42.80;12.64;760.78;0.00;0.00;0.00
17.12.2020;18:56:20;3.33;42.76;12.65;760.80;0.00;0.00;0.00
17.12.2020;18:57:20;3.33;42.77;12.65;760.79;0.00;0.00;0.00
17.12.2020;18:58:20;3.33;42.78;12.64;760.80;0.00;0.00;0.00
17.12.2020;18:59:20;3.33;42.75;12.65;760.80;0.00;0.00;0.00
17.12.2020;19:00:20;3.35;42.75;12.65;760.81;0.00;0.00;0.00
17.12.2020;19:01:20;3.33;42.77;12.65;760.81;0.00;0.00;0.00
17.12.2020;19:02:20;3.33;42.76;12.65;760.82;0.00;0.00;0.00
17.12.2020;19:03:20;3.36;42.76;12.66;760.83;0.00;0.00;0.00
17.12.2020;19:04:20;3.33;42.73;12.66;760.84;0.00;0.00;0.00
17.12.2020;19:05:20;3.33;42.74;12.65;760.85;0.00;0.00;0.00
17.12.2020;19:06:20;3.35;42.78;12.65;760.85;0.00;0.00;0.00
17.12.2020;19:07:20;3.33;42.75;12.65;760.87;0.00;0.00;0.00
17.12.2020;19:08:20;3.33;42.76;12.66;760.86;0.00;0.00;0.00
17.12.2020;19:09:20;3.33;42.73;12.66;760.86;0.00;0.00;0.00
17.12.2020;19:10:20;3.33;42.71;12.67;760.85;0.00;0.00;0.00
17.12.2020;19:11:20;3.33;42.70;12.66;760.86;0.00;0.00;0.00
17.12.2020;19:12:20;3.33;42.73;12.66;760.86;0.00;0.00;0.00
17.12.2020;19:13:20;3.33;42.73;12.66;760.86;0.00;0.00;0.00
17.12.2020;19:14:20;3.35;42.74;12.65;760.85;0.00;0.00;0.00
17.12.2020;19:15:20;3.33;42.77;12.65;760.85;0.00;0.00;0.00
17.12.2020;19:16:20;3.33;42.76;12.65;760.86;0.00;0.00;0.00
17.12.2020;19:17:20;3.36;42.77;12.65;760.87;0.00;0.00;0.00
17.12.2020;19:18:20;3.33;42.79;12.64;760.87;0.00;0.00;0.00
17.12.2020;19:19:20;3.33;42.79;12.65;760.86;0.00;0.00;0.00
17.12.2020;19:20:20;3.35;42.78;12.66;760.87;0.00;0.00;0.00
17.12.2020;19:21:20;3.33;42.79;12.66;760.89;0.00;0.00;0.00
17.12.2020;19:22:20;3.33;42.78;12.66;760.88;0.00;0.00;0.00
17.12.2020;19:23:20;3.33;42.79;12.66;760.89;0.00;0.00;0.00
17.12.2020;19:24:21;3.33;42.80;12.66;760.91;0.00;0.00;0.00
17.12.2020;19:25:21;3.33;42.81;12.66;760.91;0.00;0.00;0.00
17.12.2020;19:26:21;3.33;42.82;12.66;760.91;0.00;0.00;0.00
17.12.2020;19:27:21;3.33;42.83;12.66;760.92;0.00;0.00;0.00
17.12.2020;19:28:21;3.35;42.84;12.66;760.91;0.00;0.00;0.00
17.12.2020;19:29:21;3.33;42.83;12.67;760.91;0.00;0.00;0.00
17.12.2020;19:30:21;3.33;42.84;12.67;760.91;0.00;0.00;0.00
17.12.2020;19:31:21;3.36;42.84;12.67;760.92;0.00;0.00;0.00
17.12.2020;19:32:21;3.33;42.82;12.67;760.92;0.00;0.00;0.00
17.12.2020;19:33:21;3.33;42.84;12.68;760.93;0.00;0.00;0.00
17.12.2020;19:34:21;3.35;42.82;12.68;760.93;0.00;0.00;0.00
17.12.2020;19:35:21;3.33;42.81;12.68;760.93;0.00;0.00;0.00
17.12.2020;19:36:21;3.33;42.83;12.68;760.94;0.00;0.00;0.00
17.12.2020;19:37:21;3.33;42.83;12.69;760.95;0.00;0.00;0.00
17.12.2020;19:38:21;3.33;42.80;12.70;760.95;0.00;0.00;0.00
17.12.2020;19:39:21;3.33;42.81;12.69;760.94;0.00;0.00;0.00
17.12.2020;19:40:21;3.33;42.81;12.70;760.93;0.00;0.00;0.00
17.12.2020;19:41:21;3.33;42.82;12.71;760.93;0.00;0.00;0.00
17.12.2020;19:42:21;3.35;42.83;12.71;760.95;0.00;0.00;0.00
17.12.2020;19:43:21;3.33;42.83;12.72;760.95;0.00;0.00;0.00
17.12.2020;19:44:21;3.33;42.79;12.73;760.95;0.00;0.00;0.00
17.12.2020;19:45:21;3.36;42.81;12.73;760.96;0.00;0.00;0.00
17.12.2020;19:46:21;3.33;42.78;12.73;760.97;0.00;0.00;0.00
17.12.2020;19:47:21;3.33;42.77;12.75;760.99;0.00;0.00;0.00
17.12.2020;19:48:21;3.35;42.74;12.76;761.01;0.00;0.00;0.00
17.12.2020;19:49:21;3.33;42.73;12.75;761.02;0.00;0.00;0.00
17.12.2020;19:50:21;3.33;42.77;12.74;761.02;0.00;0.00;0.00
17.12.2020;19:51:21;3.33;42.76;12.74;761.03;0.00;0.00;0.00
17.12.2020;19:52:21;3.33;42.76;12.75;761.03;0.00;0.00;0.00
17.12.2020;19:53:21;3.33;42.76;12.77;761.03;0.00;0.00;0.00
17.12.2020;19:54:21;3.33;42.75;12.77;761.04;0.00;0.00;0.00
17.12.2020;19:55:21;3.33;42.78;12.76;761.04;0.00;0.00;0.00
17.12.2020;19:56:22;3.35;42.76;12.77;761.04;0.00;0.00;0.00
17.12.2020;19:57:22;3.33;42.76;12.76;761.03;0.00;0.00;0.00
17.12.2020;19:58:22;3.33;42.77;12.76;761.03;0.00;0.00;0.00
17.12.2020;19:59:22;3.36;42.78;12.77;761.03;0.00;0.00;0.00
17.12.2020;20:00:22;3.33;42.76;12.78;761.03;0.00;0.00;0.00
17.12.2020;20:01:22;3.33;42.72;12.79;761.03;0.00;0.00;0.00
17.12.2020;20:02:22;3.35;42.74;12.79;761.04;0.00;0.00;0.00
17.12.2020;20:03:22;3.33;42.75;12.78;761.03;0.00;0.00;0.00
17.12.2020;20:04:22;3.33;42.75;12.79;761.02;0.00;0.00;0.00
17.12.2020;20:05:22;3.33;42.76;12.80;761.02;0.00;0.00;0.00
17.12.2020;20:06:22;3.33;42.77;12.80;761.02;0.00;0.00;0.00
17.12.2020;20:07:22;3.33;42.75;12.81;761.02;0.00;0.00;0.00
17.12.2020;20:08:22;3.33;42.74;12.81;761.02;0.00;0.00;0.00
17.12.2020;20:09:22;3.33;42.73;12.81;761.03;0.00;0.00;0.00
17.12.2020;20:10:22;3.35;42.74;12.81;761.03;0.00;0.00;0.00
17.12.2020;20:11:22;3.33;42.72;12.82;761.04;0.00;0.00;0.00
17.12.2020;20:12:22;3.33;42.72;12.82;761.04;0.00;0.00;0.00
17.12.2020;20:13:22;3.36;42.70;12.82;761.05;0.00;0.00;0.00
17.12.2020;20:14:22;3.33;42.70;12.83;761.06;0.00;0.00;0.00
17.12.2020;20:15:22;3.33;42.71;12.83;761.07;0.00;0.00;0.00
17.12.2020;20:16:22;3.35;42.71;12.84;761.07;0.00;0.00;0.00
17.12.2020;20:17:22;3.33;42.71;12.84;761.08;0.00;0.00;0.00
17.12.2020;20:18:22;3.33;42.68;12.84;761.07;0.00;0.00;0.00
17.12.2020;20:19:22;3.33;42.70;12.84;761.08;0.00;0.00;0.00
17.12.2020;20:20:22;3.33;42.71;12.85;761.09;0.00;0.00;0.00
17.12.2020;20:21:22;3.33;42.69;12.85;761.09;0.00;0.00;0.00
17.12.2020;20:22:22;3.33;42.72;12.85;761.08;0.00;0.00;0.00
17.12.2020;20:23:22;3.33;42.74;12.86;761.08;0.00;0.00;0.00
17.12.2020;20:24:22;3.35;42.72;12.86;761.06;0.00;0.00;0.00
17.12.2020;20:25:22;3.33;42.70;12.87;761.06;0.00;0.00;0.00
17.12.2020;20:26:22;3.33;42.69;12.87;761.06;0.00;0.00;0.00
17.12.2020;20:27:23;3.36;42.69;12.88;761.05;0.00;0.00;0.00
17.12.2020;20:28:23;3.33;42.65;12.89;761.04;0.00;0.00;0.00
17.12.2020;20:29:23;3.33;42.62;12.90;761.03;0.00;0.00;0.00
17.12.2020;20:30:23;3.35;42.65;12.90;761.03;0.00;0.00;0.00
17.12.2020;20:31:23;3.33;42.64;12.90;761.03;0.00;0.00;0.00
17.12.2020;20:32:23;3.33;42.65;12.89;761.02;0.00;0.00;0.00
17.12.2020;20:33:23;3.33;42.68;12.89;761.01;0.00;0.00;0.00
17.12.2020;20:34:23;3.33;42.68;12.89;761.01;0.00;0.00;0.00
17.12.2020;20:35:23;3.33;42.67;12.89;760.99;0.00;0.00;0.00
17.12.2020;20:36:23;3.33;42.68;12.89;760.99;0.00;0.00;0.00
17.12.2020;20:37:23;3.33;42.69;12.90;761.00;0.00;0.00;0.00
17.12.2020;20:38:23;3.35;42.67;12.90;761.00;0.00;0.00;0.00
17.12.2020;20:39:23;3.33;42.68;12.90;761.00;0.00;0.00;0.00
17.12.2020;20:40:23;3.33;42.67;12.90;761.02;0.00;0.00;0.00
17.12.2020;20:41:23;3.36;42.71;12.89;761.02;0.00;0.00;0.00
17.12.2020;20:42:23;3.33;42.68;12.90;761.03;0.00;0.00;0.00
17.12.2020;20:43:23;3.33;42.68;12.90;761.03;0.00;0.00;0.00
17.12.2020;20:44:23;3.35;42.68;12.89;761.03;0.00;0.00;0.00
17.12.2020;20:45:23;3.33;42.70;12.90;761.05;0.00;0.00;0.00
17.12.2020;20:46:23;3.33;42.67;12.91;761.04;0.00;0.00;0.00
17.12.2020;20:47:23;3.33;42.66;12.92;761.02;0.00;0.00;0.00
17.12.2020;20:48:23;3.33;42.67;12.91;761.02;0.00;0.00;0.00
17.12.2020;20:49:23;3.33;42.66;12.92;761.02;0.00;0.00;0.00
17.12.2020;20:50:23;3.33;42.64;12.93;761.01;0.00;0.00;0.00
17.12.2020;20:51:23;3.33;42.65;12.92;761.03;0.00;0.00;0.00
17.12.2020;20:52:23;3.35;42.67;12.92;761.02;0.00;0.00;0.00
17.12.2020;20:53:23;3.33;42.69;12.91;761.02;0.00;0.00;0.00
17.12.2020;20:54:23;3.33;42.67;12.92;761.03;0.00;0.00;0.00
17.12.2020;20:55:23;3.36;42.69;12.93;761.02;0.00;0.00;0.00
17.12.2020;20:56:23;3.33;42.66;12.93;761.01;0.00;0.00;0.00
17.12.2020;20:57:23;3.33;42.64;12.94;761.03;0.00;0.00;0.00
17.12.2020;20:58:24;3.35;42.65;12.94;761.03;0.00;0.00;0.00
17.12.2020;20:59:24;3.33;42.65;12.94;761.04;0.00;0.00;0.00
17.12.2020;21:00:24;3.33;42.66;12.94;761.04;0.00;0.00;0.00
17.12.2020;21:01:24;3.33;42.65;12.94;761.03;0.00;0.00;0.00
17.12.2020;21:02:24;3.33;42.64;12.95;761.03;0.00;0.00;0.00
17.12.2020;21:03:24;3.33;42.64;12.95;761.03;0.00;0.00;0.00
17.12.2020;21:04:24;3.33;42.64;12.95;761.01;0.00;0.00;0.00
17.12.2020;21:05:24;3.33;42.65;12.95;761.01;0.00;0.00;0.00
17.12.2020;21:06:24;3.35;42.65;12.95;761.01;0.00;0.00;0.00
17.12.2020;21:07:24;3.33;42.62;12.95;761.00;0.00;0.00;0.00
17.12.2020;21:08:24;3.33;42.65;12.95;761.01;0.00;0.00;0.00
17.12.2020;21:09:24;3.36;42.66;12.95;761.01;0.00;0.00;0.00
17.12.2020;21:10:24;3.33;42.66;12.95;761.00;0.00;0.00;0.00
17.12.2020;21:11:24;3.33;42.67;12.95;761.00;0.00;0.00;0.00
17.12.2020;21:12:24;3.35;42.70;12.95;761.01;0.00;0.00;0.00
17.12.2020;21:13:24;3.33;42.69;12.96;761.00;0.00;0.00;0.00
17.12.2020;21:14:24;3.33;42.66;12.96;761.00;0.00;0.00;0.00
17.12.2020;21:15:24;3.33;42.68;12.96;761.01;0.00;0.00;0.00
17.12.2020;21:16:24;3.33;42.68;12.95;761.00;0.00;0.00;0.00
17.12.2020;21:17:24;3.33;42.68;12.96;760.98;0.00;0.00;0.00
17.12.2020;21:18:24;3.33;42.67;12.96;760.97;0.00;0.00;0.00
17.12.2020;21:19:24;3.33;42.64;12.96;760.96;0.00;0.00;0.00
17.12.2020;21:20:24;3.35;42.70;12.95;760.96;0.00;0.00;0.00
17.12.2020;21:21:24;3.33;42.72;12.95;760.96;0.00;0.00;0.00
17.12.2020;21:22:24;3.33;42.69;12.96;760.95;0.00;0.00;0.00
17.12.2020;21:23:24;3.36;42.69;12.96;760.95;0.00;0.00;0.00
17.12.2020;21:24:24;3.33;42.68;12.96;760.96;0.00;0.00;0.00
17.12.2020;21:25:24;3.33;42.71;12.95;760.95;0.00;0.00;0.00
17.12.2020;21:26:24;3.35;42.71;12.95;760.96;0.00;0.00;0.00
17.12.2020;21:27:24;3.33;42.72;12.95;760.96;0.00;0.00;0.00
17.12.2020;21:28:24;3.33;42.69;12.96;760.96;0.00;0.00;0.00
17.12.2020;21:29:25;3.33;42.69;12.95;760.97;0.00;0.00;0.00
17.12.2020;21:30:25;3.33;42.73;12.96;760.97;0.00;0.00;0.00
17.12.2020;21:31:25;3.33;42.71;12.96;760.96;0.00;0.00;0.00
17.12.2020;21:32:25;3.33;42.69;12.96;760.95;0.00;0.00;0.00
17.12.2020;21:33:25;3.33;42.67;12.96;760.94;0.00;0.00;0.00
17.12.2020;21:34:25;3.35;42.70;12.96;760.95;0.00;0.00;0.00
17.12.2020;21:35:25;3.33;42.71;12.97;760.94;0.00;0.00;0.00
17.12.2020;21:36:25;3.33;42.69;12.96;760.95;0.00;0.00;0.00
17.12.2020;21:37:25;3.36;42.71;12.96;760.97;0.00;0.00;0.00
17.12.2020;21:38:25;3.33;42.73;12.96;760.97;0.00;0.00;0.00
17.12.2020;21:39:25;3.33;42.73;12.96;760.98;0.00;0.00;0.00
17.12.2020;21:40:25;3.35;42.75;12.96;760.99;0.00;0.00;0.00
17.12.2020;21:41:25;3.33;42.75;12.96;761.00;0.00;0.00;0.00
17.12.2020;21:42:25;3.33;42.74;12.96;761.01;0.00;0.00;0.00
17.12.2020;21:43:25;3.33;42.73;12.97;761.02;0.00;0.00;0.00
17.12.2020;21:44:25;3.33;42.73;12.97;761.02;0.00;0.00;0.00
17.12.2020;21:45:25;3.33;42.77;12.97;761.02;0.00;0.00;0.00
17.12.2020;21:46:25;3.33;42.71;12.98;761.02;0.00;0.00;0.00
17.12.2020;21:47:25;3.33;42.71;12.98;761.02;0.00;0.00;0.00
17.12.2020;21:48:25;3.35;42.70;12.98;761.02;0.00;0.00;0.00
17.12.2020;21:49:25;3.33;42.72;12.98;761.02;0.00;0.00;0.00
17.12.2020;21:50:25;3.33;42.69;13.00;761.02;0.00;0.00;0.00
17.12.2020;21:51:25;3.36;42.70;12.99;761.03;0.00;0.00;0.00
17.12.2020;21:52:25;3.33;42.71;12.99;761.04;0.00;0.00;0.00
17.12.2020;21:53:25;3.33;42.70;12.99;761.05;0.00;0.00;0.00
17.12.2020;21:54:25;3.35;42.68;13.00;761.04;0.00;0.00;0.00
17.12.2020;21:55:25;3.33;42.66;13.00;761.05;0.00;0.00;0.00
17.12.2020;21:56:25;3.33;42.68;13.00;761.05;0.00;0.00;0.00
17.12.2020;21:57:25;3.33;42.68;13.01;761.04;0.00;0.00;0.00
17.12.2020;21:58:25;3.33;42.68;13.01;761.04;0.00;0.00;0.00
17.12.2020;21:59:25;3.33;42.68;13.01;761.05;0.00;0.00;0.00
17.12.2020;22:00:26;3.33;42.69;13.01;761.03;0.00;0.00;0.00
17.12.2020;22:01:26;3.33;42.71;13.01;761.03;0.00;0.00;0.00
17.12.2020;22:02:26;3.35;42.70;13.01;761.02;0.00;0.00;0.00
17.12.2020;22:03:26;3.33;42.69;13.01;761.03;0.00;0.00;0.00
17.12.2020;22:04:26;3.33;42.71;13.01;761.05;0.00;0.00;0.00
17.12.2020;22:05:26;3.36;42.71;13.01;761.06;0.00;0.00;0.00
17.12.2020;22:06:26;3.33;42.71;13.01;761.06;0.00;0.00;0.00
17.12.2020;22:07:26;3.33;42.72;13.01;761.07;0.00;0.00;0.00
17.12.2020;22:08:26;3.35;42.73;13.01;761.08;0.00;0.00;0.00
17.12.2020;22:09:26;3.33;42.75;13.02;761.08;0.00;0.00;0.00
17.12.2020;22:10:26;3.33;42.71;13.02;761.08;0.00;0.00;0.00
17.12.2020;22:11:26;3.33;42.71;13.02;761.07;0.00;0.00;0.00
17.12.2020;22:12:26;3.33;42.70;13.02;761.07;0.00;0.00;0.00
17.12.2020;22:13:26;3.33;42.68;13.03;761.07;0.00;0.00;0.00
17.12.2020;22:14:26;3.33;42.70;13.02;761.07;0.00;0.00;0.00
17.12.2020;22:15:26;3.33;42.69;13.02;761.08;0.00;0.00;0.00
17.12.2020;22:16:26;3.35;42.71;13.02;761.09;0.00;0.00;0.00
17.12.2020;22:17:26;3.33;42.69;13.03;761.09;0.00;0.00;0.00
17.12.2020;22:18:26;3.33;42.68;13.04;761.09;0.00;0.00;0.00
17.12.2020;22:19:26;3.36;42.67;13.05;761.09;0.00;0.00;0.00
17.12.2020;22:20:26;3.33;42.65;13.05;761.10;0.00;0.00;0.00
17.12.2020;22:21:26;3.33;42.64;13.05;761.10;0.00;0.00;0.00
17.12.2020;22:22:26;3.35;42.67;13.04;761.10;0.00;0.00;0.00
17.12.2020;22:23:26;3.33;42.67;13.05;761.10;0.00;0.00;0.00
17.12.2020;22:24:26;3.33;42.66;13.05;761.11;0.00;0.00;0.00
17.12.2020;22:25:26;3.33;42.64;13.06;761.11;0.00;0.00;0.00
17.12.2020;22:26:26;3.33;42.65;13.06;761.11;0.00;0.00;0.00
17.12.2020;22:27:26;3.33;42.67;13.06;761.11;0.00;0.00;0.00
17.12.2020;22:28:26;3.33;42.68;13.07;761.11;0.00;0.00;0.00
17.12.2020;22:29:26;3.33;42.68;13.06;761.12;0.00;0.00;0.00
17.12.2020;22:30:26;3.35;42.67;13.07;761.12;0.00;0.00;0.00
17.12.2020;22:31:27;3.33;42.65;13.07;761.12;0.00;0.00;0.00
17.12.2020;22:32:27;3.33;42.65;13.07;761.12;0.00;0.00;0.00
17.12.2020;22:33:27;3.36;42.66;13.08;761.13;0.00;0.00;0.00
17.12.2020;22:34:27;3.33;42.65;13.08;761.13;0.00;0.00;0.00
17.12.2020;22:35:27;3.33;42.64;13.08;761.13;0.00;0.00;0.00
17.12.2020;22:36:27;3.35;42.63;13.08;761.14;0.00;0.00;0.00
17.12.2020;22:37:27;3.33;42.62;13.07;761.13;0.00;0.00;0.00
17.12.2020;22:38:27;3.33;42.66;13.07;761.14;0.00;0.00;0.00
17.12.2020;22:39:27;3.33;42.64;13.07;761.14;0.00;0.00;0.00
17.12.2020;22:40:27;3.33;42.68;13.06;761.15;0.00;0.00;0.00
17.12.2020;22:41:27;3.33;42.70;13.06;761.14;0.00;0.00;0.00
17.12.2020;22:42:27;3.33;42.71;13.07;761.13;0.00;0.00;0.00
17.12.2020;22:43:27;3.33;42.68;13.08;761.13;0.00;0.00;0.00
17.12.2020;22:44:27;3.35;42.70;13.08;761.13;0.00;0.00;0.00
17.12.2020;22:45:27;3.33;42.69;13.08;761.11;0.00;0.00;0.00
17.12.2020;22:46:27;3.33;42.65;13.09;761.11;0.00;0.00;0.00
17.12.2020;22:47:27;3.36;42.66;13.09;761.11;0.00;0.00;0.00
17.12.2020;22:48:27;3.33;42.65;13.09;761.12;0.00;0.00;0.00
17.12.2020;22:49:27;3.33;42.66;13.09;761.12;0.00;0.00;0.00
17.12.2020;22:50:27;3.35;42.66;13.09;761.12;0.00;0.00;0.00
17.12.2020;22:51:27;3.33;42.67;13.09;761.11;0.00;0.00;0.00
17.12.2020;22:52:27;3.33;42.65;13.09;761.11;0.00;0.00;0.00
17.12.2020;22:53:27;3.33;42.66;13.09;761.11;0.00;0.00;0.00
17.12.2020;22:54:27;3.33;42.63;13.10;761.10;0.00;0.00;0.00
17.12.2020;22:55:27;3.33;42.63;13.09;761.12;0.00;0.00;0.00
17.12.2020;22:56:27;3.33;42.66;13.09;761.12;0.00;0.00;0.00
17.12.2020;22:57:27;3.33;42.65;13.10;761.10;0.00;0.00;0.00
17.12.2020;22:58:27;3.35;42.64;13.10;761.11;0.00;0.00;0.00
17.12.2020;22:59:27;3.33;42.64;13.10;761.12;0.00;0.00;0.00
17.12.2020;23:00:27;3.33;42.62;13.11;761.12;0.00;0.00;0.00
17.12.2020;23:01:27;3.36;42.67;13.10;761.11;0.00;0.00;0.00
17.12.2020;23:02:28;3.33;42.66;13.11;761.12;0.00;0.00;0.00
17.12.2020;23:03:28;3.33;42.63;13.11;761.12;0.00;0.00;0.00
17.12.2020;23:04:28;3.35;42.62;13.11;761.12;0.00;0.00;0.00
17.12.2020;23:05:28;3.33;42.63;13.11;761.10;0.00;0.00;0.00
17.12.2020;23:06:28;3.33;42.64;13.11;761.12;0.00;0.00;0.00
17.12.2020;23:07:28;3.33;42.63;13.11;761.12;0.00;0.00;0.00
17.12.2020;23:08:28;3.33;42.64;13.10;761.10;0.00;0.00;0.00
17.12.2020;23:09:28;3.33;42.63;13.11;761.11;0.00;0.00;0.00
17.12.2020;23:10:28;3.33;42.64;13.11;761.11;0.00;0.00;0.00
17.12.2020;23:11:28;3.33;42.64;13.12;761.11;0.00;0.00;0.00
17.12.2020;23:12:28;3.35;42.63;13.12;761.11;0.00;0.00;0.00
17.12.2020;23:13:28;3.33;42.62;13.12;761.12;0.00;0.00;0.00
17.12.2020;23:14:28;3.33;42.63;13.12;761.12;0.00;0.00;0.00
17.12.2020;23:15:28;3.36;42.64;13.12;761.13;0.00;0.00;0.00
17.12.2020;23:16:28;3.33;42.65;13.11;761.12;0.00;0.00;0.00
17.12.2020;23:17:28;3.33;42.66;13.12;761.12;0.00;0.00;0.00
17.12.2020;23:18:28;3.35;42.63;13.13;761.11;0.00;0.00;0.00
17.12.2020;23:19:28;3.33;42.62;13.13;761.11;0.00;0.00;0.00
17.12.2020;23:20:28;3.33;42.62;13.12;761.11;0.00;0.00;0.00
17.12.2020;23:21:28;3.33;42.62;13.13;761.10;0.00;0.00;0.00
17.12.2020;23:22:28;3.33;42.63;13.12;761.09;0.00;0.00;0.00
17.12.2020;23:23:28;3.33;42.64;13.11;761.10;0.00;0.00;0.00
17.12.2020;23:24:28;3.33;42.68;13.11;761.10;0.00;0.00;0.00
17.12.2020;23:25:28;3.33;42.68;13.12;761.10;0.00;0.00;0.00
17.12.2020;23:26:28;3.35;42.65;13.12;761.08;0.00;0.00;0.00
17.12.2020;23:27:28;3.33;42.65;13.12;761.09;0.00;0.00;0.00
17.12.2020;23:28:28;3.33;42.67;13.11;761.08;0.00;0.00;0.00
17.12.2020;23:29:28;3.36;42.68;13.11;761.09;0.00;0.00;0.00
17.12.2020;23:30:28;3.33;42.66;13.12;761.10;0.00;0.00;0.00
17.12.2020;23:31:28;3.33;42.66;13.12;761.09;0.00;0.00;0.00
17.12.2020;23:32:28;3.35;42.67;13.12;761.08;0.00;0.00;0.00
17.12.2020;23:33:29;3.33;42.68;13.13;761.08;0.00;0.00;0.00
17.12.2020;23:34:29;3.33;42.66;13.13;761.08;0.00;0.00;0.00
17.12.2020;23:35:29;3.33;42.67;13.12;761.08;0.00;0.00;0.00
17.12.2020;23:36:29;3.33;42.66;13.13;761.07;0.00;0.00;0.00
17.12.2020;23:37:29;3.33;42.68;13.13;761.08;0.00;0.00;0.00
17.12.2020;23:38:29;3.33;42.66;13.14;761.09;0.00;0.00;0.00
17.12.2020;23:39:29;3.33;42.66;13.13;761.09;0.00;0.00;0.00
17.12.2020;23:40:29;3.35;42.68;13.12;761.10;0.00;0.00;0.00
17.12.2020;23:41:29;3.33;42.69;13.12;761.09;0.00;0.00;0.00
17.12.2020;23:42:29;3.33;42.68;13.12;761.08;0.00;0.00;0.00
17.12.2020;23:43:29;3.36;42.67;13.12;761.08;0.00;0.00;0.00
17.12.2020;23:44:29;3.33;42.71;13.11;761.09;0.00;0.00;0.00
17.12.2020;23:45:29;3.33;42.73;13.12;761.09;0.00;0.00;0.00
17.12.2020;23:46:29;3.35;42.69;13.13;761.09;0.00;0.00;0.00
17.12.2020;23:47:29;3.33;42.70;13.12;761.10;0.00;0.00;0.00
17.12.2020;23:48:29;3.33;42.72;13.12;761.10;0.00;0.00;0.00
17.12.2020;23:49:29;3.33;42.69;13.12;761.10;0.00;0.00;0.00
17.12.2020;23:50:29;3.33;42.68;13.13;761.10;0.00;0.00;0.00
17.12.2020;23:51:29;3.33;42.70;13.12;761.10;0.00;0.00;0.00
17.12.2020;23:52:29;3.33;42.70;13.12;761.09;0.00;0.00;0.00
17.12.2020;23:53:29;3.33;42.69;13.12;761.09;0.00;0.00;0.00
17.12.2020;23:54:29;3.35;42.70;13.12;761.10;0.00;0.00;0.00
17.12.2020;23:55:29;3.33;42.72;13.12;761.10;0.00;0.00;0.00
17.12.2020;23:56:29;3.33;42.70;13.13;761.11;0.00;0.00;0.00
17.12.2020;23:57:29;3.36;42.69;13.13;761.12;0.00;0.00;0.00
17.12.2020;23:58:29;3.33;42.73;13.12;761.11;0.00;0.00;0.00
17.12.2020;23:59:29;3.33;42.72;13.12;761.10;0.00;0.00;0.00
