17.11.2020;0:00:38;3.33;60.11;10.32;761.49;0.00;0.00;0.00
17.11.2020;0:01:38;3.35;59.91;10.30;761.51;0.00;0.00;0.00
17.11.2020;0:02:38;3.33;60.82;10.30;761.54;0.00;0.00;0.00
17.11.2020;0:03:38;3.33;61.42;10.31;761.56;0.00;0.00;0.00
17.11.2020;0:04:38;3.33;61.21;10.30;761.56;0.00;0.00;0.00
17.11.2020;0:05:38;3.33;60.71;10.30;761.54;0.00;0.00;0.00
17.11.2020;0:06:38;3.33;61.10;10.30;761.54;0.00;0.00;0.00
17.11.2020;0:07:38;3.33;61.43;10.30;761.53;0.00;0.00;0.00
17.11.2020;0:08:38;3.33;61.00;10.28;761.55;0.00;0.00;0.00
17.11.2020;0:09:38;3.35;60.71;10.27;761.54;0.00;0.00;0.00
17.11.2020;0:10:38;3.33;59.94;10.25;761.53;0.00;0.00;0.00
17.11.2020;0:11:38;3.33;60.55;10.24;761.55;0.00;0.00;0.00
17.11.2020;0:12:38;3.36;61.28;10.25;761.54;0.00;0.00;0.00
17.11.2020;0:13:38;3.33;60.39;10.25;761.56;0.00;0.00;0.00
17.11.2020;0:14:38;3.33;61.29;10.24;761.56;0.00;0.00;0.00
17.11.2020;0:15:38;3.35;60.82;10.23;761.56;0.00;0.00;0.00
17.11.2020;0:16:38;3.33;61.18;10.23;761.57;0.00;0.00;0.00
17.11.2020;0:17:38;3.33;60.36;10.22;761.56;0.00;0.00;0.00
17.11.2020;0:18:38;3.33;60.85;10.22;761.58;0.00;0.00;0.00
17.11.2020;0:19:38;3.33;60.32;10.20;761.59;0.00;0.00;0.00
17.11.2020;0:20:38;3.33;61.65;10.19;761.61;0.00;0.00;0.00
17.11.2020;0:21:38;3.33;62.00;10.20;761.62;0.00;0.00;0.00
17.11.2020;0:22:38;3.33;61.73;10.20;761.64;0.00;0.00;0.00
17.11.2020;0:23:38;3.35;61.42;10.19;761.66;0.00;0.00;0.00
17.11.2020;0:24:38;3.33;61.30;10.19;761.67;0.00;0.00;0.00
17.11.2020;0:25:38;3.33;61.18;10.18;761.68;0.00;0.00;0.00
17.11.2020;0:26:38;3.36;60.52;10.16;761.69;0.00;0.00;0.00
17.11.2020;0:27:38;3.33;60.88;10.17;761.69;0.00;0.00;0.00
17.11.2020;0:28:38;3.33;61.25;10.16;761.68;0.00;0.00;0.00
17.11.2020;0:29:39;3.35;60.74;10.14;761.68;0.00;0.00;0.00
17.11.2020;0:30:39;3.33;59.97;10.12;761.69;0.00;0.00;0.00
17.11.2020;0:31:39;3.33;61.13;10.13;761.71;0.00;0.00;0.00
17.11.2020;0:32:39;3.33;59.73;10.10;761.73;0.00;0.00;0.00
17.11.2020;0:33:39;3.33;60.80;10.08;761.73;0.00;0.00;0.00
17.11.2020;0:34:39;3.33;61.87;10.10;761.75;0.00;0.00;0.00
17.11.2020;0:35:39;3.33;60.57;10.10;761.75;0.00;0.00;0.00
17.11.2020;0:36:39;3.33;61.10;10.11;761.75;0.00;0.00;0.00
17.11.2020;0:37:39;3.35;61.58;10.11;761.75;0.00;0.00;0.00
17.11.2020;0:38:39;3.33;60.45;10.09;761.75;0.00;0.00;0.00
17.11.2020;0:39:39;3.33;60.44;10.08;761.76;0.00;0.00;0.00
17.11.2020;0:40:39;3.36;60.82;10.06;761.77;0.00;0.00;0.00
17.11.2020;0:41:39;3.33;61.38;10.07;761.78;0.00;0.00;0.00
17.11.2020;0:42:39;3.33;61.84;10.07;761.78;0.00;0.00;0.00
17.11.2020;0:43:39;3.35;61.91;10.07;761.78;0.00;0.00;0.00
17.11.2020;0:44:39;3.33;61.35;10.08;761.76;0.00;0.00;0.00
17.11.2020;0:45:39;3.33;60.83;10.07;761.75;0.00;0.00;0.00
17.11.2020;0:46:39;3.33;60.61;10.07;761.74;0.00;0.00;0.00
17.11.2020;0:47:39;3.33;59.93;10.04;761.73;0.00;0.00;0.00
17.11.2020;0:48:39;3.33;60.93;10.04;761.72;0.00;0.00;0.00
17.11.2020;0:49:39;3.33;61.82;10.05;761.72;0.00;0.00;0.00
17.11.2020;0:50:39;3.33;61.51;10.05;761.71;0.00;0.00;0.00
17.11.2020;0:51:39;3.35;60.94;10.05;761.70;0.00;0.00;0.00
17.11.2020;0:52:39;3.33;60.87;10.05;761.71;0.00;0.00;0.00
17.11.2020;0:53:39;3.33;60.91;10.05;761.73;0.00;0.00;0.00
17.11.2020;0:54:39;3.36;61.39;10.05;761.74;0.00;0.00;0.00
17.11.2020;0:55:39;3.33;61.41;10.05;761.77;0.00;0.00;0.00
17.11.2020;0:56:39;3.33;61.39;10.05;761.79;0.00;0.00;0.00
17.11.2020;0:57:39;3.35;60.93;10.04;761.79;0.00;0.00;0.00
17.11.2020;0:58:39;3.33;60.43;10.02;761.79;0.00;0.00;0.00
17.11.2020;0:59:39;3.33;60.86;10.02;761.80;0.00;0.00;0.00
17.11.2020;1:00:39;3.33;61.64;10.02;761.80;0.00;0.00;0.00
17.11.2020;1:01:40;3.33;60.92;10.02;761.79;0.00;0.00;0.00
17.11.2020;1:02:40;3.33;60.48;10.01;761.78;0.00;0.00;0.00
17.11.2020;1:03:40;3.33;60.50;10.00;761.77;0.00;0.00;0.00
17.11.2020;1:04:40;3.33;60.97;10.00;761.74;0.00;0.00;0.00
17.11.2020;1:05:40;3.35;61.04;10.01;761.73;0.00;0.00;0.00
17.11.2020;1:06:40;3.33;61.06;10.01;761.72;0.00;0.00;0.00
17.11.2020;1:07:40;3.33;60.57;10.00;761.72;0.00;0.00;0.00
17.11.2020;1:08:40;3.36;60.36;10.00;761.72;0.00;0.00;0.00
17.11.2020;1:09:40;3.33;61.33;9.99;761.74;0.00;0.00;0.00
17.11.2020;1:10:40;3.33;60.66;9.97;761.75;0.00;0.00;0.00
17.11.2020;1:11:40;3.33;60.20;9.96;761.75;0.00;0.00;0.00
17.11.2020;1:12:40;3.33;60.83;9.96;761.74;0.00;0.00;0.00
17.11.2020;1:13:40;3.33;59.97;9.95;761.75;0.00;0.00;0.00
17.11.2020;1:14:40;3.33;60.05;9.93;761.76;0.00;0.00;0.00
17.11.2020;1:15:40;3.33;61.04;9.92;761.75;0.00;0.00;0.00
17.11.2020;1:16:40;3.33;59.71;9.91;761.76;0.00;0.00;0.00
17.11.2020;1:17:40;3.33;60.20;9.87;761.76;0.00;0.00;0.00
17.11.2020;1:18:40;3.33;61.09;9.87;761.77;0.00;0.00;0.00
17.11.2020;1:19:40;3.35;60.74;9.89;761.77;0.00;0.00;0.00
17.11.2020;1:20:40;3.33;60.85;9.87;761.77;0.00;0.00;0.00
17.11.2020;1:21:40;3.33;60.57;9.87;761.76;0.00;0.00;0.00
17.11.2020;1:22:40;3.35;60.08;9.86;761.77;0.00;0.00;0.00
17.11.2020;1:23:40;3.33;61.72;9.85;761.77;0.00;0.00;0.00
17.11.2020;1:24:40;3.33;60.19;9.83;761.77;0.00;0.00;0.00
17.11.2020;1:25:40;3.33;60.96;9.80;761.77;0.00;0.00;0.00
17.11.2020;1:26:40;3.33;60.43;9.80;761.78;0.00;0.00;0.00
17.11.2020;1:27:40;3.33;60.69;9.80;761.78;0.00;0.00;0.00
17.11.2020;1:28:40;3.33;61.37;9.80;761.78;0.00;0.00;0.00
17.11.2020;1:29:40;3.33;61.52;9.81;761.80;0.00;0.00;0.00
17.11.2020;1:30:40;3.33;61.67;9.81;761.82;0.00;0.00;0.00
17.11.2020;1:31:40;3.33;60.70;9.81;761.83;0.00;0.00;0.00
17.11.2020;1:32:40;3.33;60.28;9.78;761.85;0.00;0.00;0.00
17.11.2020;1:33:40;3.35;61.29;9.78;761.86;0.00;0.00;0.00
17.11.2020;1:34:40;3.33;60.34;9.78;761.87;0.00;0.00;0.00
17.11.2020;1:35:41;3.33;61.54;9.79;761.88;0.00;0.00;0.00
17.11.2020;1:36:41;3.35;60.54;9.78;761.89;0.00;0.00;0.00
17.11.2020;1:37:41;3.33;60.94;9.79;761.91;0.00;0.00;0.00
17.11.2020;1:38:41;3.33;60.85;9.79;761.90;0.00;0.00;0.00
17.11.2020;1:39:41;3.33;61.38;9.78;761.91;0.00;0.00;0.00
17.11.2020;1:40:41;3.33;61.80;9.79;761.91;0.00;0.00;0.00
17.11.2020;1:41:41;3.33;61.31;9.79;761.91;0.00;0.00;0.00
17.11.2020;1:42:41;3.33;61.67;9.79;761.91;0.00;0.00;0.00
17.11.2020;1:43:41;3.33;61.56;9.79;761.92;0.00;0.00;0.00
17.11.2020;1:44:41;3.33;61.85;9.79;761.93;0.00;0.00;0.00
17.11.2020;1:45:41;3.33;61.73;9.78;761.93;0.00;0.00;0.00
17.11.2020;1:46:41;3.33;61.81;9.80;761.94;0.00;0.00;0.00
17.11.2020;1:47:41;3.35;61.35;9.80;761.94;0.00;0.00;0.00
17.11.2020;1:48:41;3.33;61.49;9.80;761.93;0.00;0.00;0.00
17.11.2020;1:49:41;3.33;61.67;9.82;761.93;0.00;0.00;0.00
17.11.2020;1:50:41;3.35;61.00;9.80;761.93;0.00;0.00;0.00
17.11.2020;1:51:41;3.33;61.76;9.80;761.93;0.00;0.00;0.00
17.11.2020;1:52:41;3.33;61.85;9.81;761.95;0.00;0.00;0.00
17.11.2020;1:53:41;3.33;61.55;9.82;761.98;0.00;0.00;0.00
17.11.2020;1:54:41;3.33;61.19;9.82;761.99;0.00;0.00;0.00
17.11.2020;1:55:41;3.33;60.17;9.81;762.00;0.00;0.00;0.00
17.11.2020;1:56:41;3.33;59.61;9.78;762.00;0.00;0.00;0.00
17.11.2020;1:57:41;3.33;61.15;9.79;762.00;0.00;0.00;0.00
17.11.2020;1:58:41;3.33;59.87;9.77;762.01;0.00;0.00;0.00
17.11.2020;1:59:41;3.33;60.93;9.75;762.02;0.00;0.00;0.00
17.11.2020;2:00:41;3.33;60.22;9.75;762.02;0.00;0.00;0.00
17.11.2020;2:01:41;3.35;60.92;9.76;762.01;0.00;0.00;0.00
17.11.2020;2:02:41;3.33;60.84;9.79;762.00;0.00;0.00;0.00
17.11.2020;2:03:41;3.33;60.30;9.76;761.99;0.00;0.00;0.00
17.11.2020;2:04:41;3.35;60.19;9.74;761.98;0.00;0.00;0.00
17.11.2020;2:05:41;3.33;60.75;9.73;761.99;0.00;0.00;0.00
17.11.2020;2:06:41;3.33;61.37;9.72;761.98;0.00;0.00;0.00
17.11.2020;2:07:41;3.33;60.95;9.72;761.98;0.00;0.00;0.00
17.11.2020;2:08:41;3.33;61.21;9.71;761.99;0.00;0.00;0.00
17.11.2020;2:09:42;3.33;61.24;9.73;761.97;0.00;0.00;0.00
17.11.2020;2:10:42;3.33;61.21;9.72;761.97;0.00;0.00;0.00
17.11.2020;2:11:42;3.33;61.40;9.74;761.97;0.00;0.00;0.00
17.11.2020;2:12:42;3.33;61.36;9.73;761.96;0.00;0.00;0.00
17.11.2020;2:13:42;3.33;60.20;9.70;761.95;0.00;0.00;0.00
17.11.2020;2:14:42;3.33;61.42;9.70;761.95;0.00;0.00;0.00
17.11.2020;2:15:42;3.35;61.02;9.71;761.95;0.00;0.00;0.00
17.11.2020;2:16:42;3.33;61.29;9.71;761.95;0.00;0.00;0.00
17.11.2020;2:17:42;3.33;61.39;9.70;761.95;0.00;0.00;0.00
17.11.2020;2:18:42;3.35;61.08;9.70;761.96;0.00;0.00;0.00
17.11.2020;2:19:42;3.33;60.72;9.71;761.99;0.00;0.00;0.00
17.11.2020;2:20:42;3.33;61.07;9.71;762.00;0.00;0.00;0.00
17.11.2020;2:21:42;3.33;61.03;9.70;761.99;0.00;0.00;0.00
17.11.2020;2:22:42;3.33;61.05;9.69;761.99;0.00;0.00;0.00
17.11.2020;2:23:42;3.33;60.45;9.68;761.99;0.00;0.00;0.00
17.11.2020;2:24:42;3.33;60.64;9.66;761.99;0.00;0.00;0.00
17.11.2020;2:25:42;3.33;60.34;9.65;761.99;0.00;0.00;0.00
17.11.2020;2:26:42;3.33;60.93;9.65;761.98;0.00;0.00;0.00
17.11.2020;2:27:42;3.33;60.85;9.66;761.97;0.00;0.00;0.00
17.11.2020;2:28:42;3.33;60.98;9.67;761.95;0.00;0.00;0.00
17.11.2020;2:29:42;3.35;60.98;9.66;761.95;0.00;0.00;0.00
17.11.2020;2:30:42;3.33;60.45;9.65;761.94;0.00;0.00;0.00
17.11.2020;2:31:42;3.33;60.71;9.63;761.95;0.00;0.00;0.00
17.11.2020;2:32:42;3.35;60.87;9.63;761.95;0.00;0.00;0.00
17.11.2020;2:33:42;3.33;60.91;9.62;761.98;0.00;0.00;0.00
17.11.2020;2:34:42;3.33;60.26;9.62;761.98;0.00;0.00;0.00
17.11.2020;2:35:42;3.33;59.33;9.60;761.97;0.00;0.00;0.00
17.11.2020;2:36:42;3.33;60.42;9.61;761.97;0.00;0.00;0.00
17.11.2020;2:37:42;3.33;60.53;9.61;761.98;0.00;0.00;0.00
17.11.2020;2:38:42;3.33;60.26;9.61;762.00;0.00;0.00;0.00
17.11.2020;2:39:42;3.33;60.42;9.60;762.02;0.00;0.00;0.00
17.11.2020;2:40:42;3.33;60.76;9.60;762.04;0.00;0.00;0.00
17.11.2020;2:41:42;3.33;60.46;9.59;762.03;0.00;0.00;0.00
17.11.2020;2:42:42;3.33;60.70;9.60;762.04;0.00;0.00;0.00
17.11.2020;2:43:43;3.35;61.00;9.61;762.04;0.00;0.00;0.00
17.11.2020;2:44:43;3.33;61.18;9.61;762.04;0.00;0.00;0.00
17.11.2020;2:45:43;3.33;60.97;9.62;762.06;0.00;0.00;0.00
17.11.2020;2:46:43;3.35;61.05;9.63;762.08;0.00;0.00;0.00
17.11.2020;2:47:43;3.33;59.98;9.61;762.08;0.00;0.00;0.00
17.11.2020;2:48:43;3.33;61.13;9.60;762.07;0.00;0.00;0.00
17.11.2020;2:49:43;3.33;60.97;9.59;762.08;0.00;0.00;0.00
17.11.2020;2:50:43;3.33;61.03;9.59;762.09;0.00;0.00;0.00
17.11.2020;2:51:43;3.33;60.77;9.58;762.09;0.00;0.00;0.00
17.11.2020;2:52:43;3.33;60.61;9.58;762.12;0.00;0.00;0.00
17.11.2020;2:53:43;3.33;60.54;9.59;762.14;0.00;0.00;0.00
17.11.2020;2:54:43;3.33;60.15;9.59;762.12;0.00;0.00;0.00
17.11.2020;2:55:43;3.33;60.58;9.59;762.12;0.00;0.00;0.00
17.11.2020;2:56:43;3.33;60.86;9.59;762.11;0.00;0.00;0.00
17.11.2020;2:57:43;3.35;60.33;9.59;762.11;0.00;0.00;0.00
17.11.2020;2:58:43;3.33;60.31;9.58;762.13;0.00;0.00;0.00
17.11.2020;2:59:43;3.33;60.00;9.58;762.12;0.00;0.00;0.00
17.11.2020;3:00:43;3.35;59.80;9.58;762.11;0.00;0.00;0.00
17.11.2020;3:01:43;3.33;60.29;9.58;762.12;0.00;0.00;0.00
17.11.2020;3:02:43;3.33;60.46;9.58;762.12;0.00;0.00;0.00
17.11.2020;3:03:43;3.33;60.65;9.58;762.13;0.00;0.00;0.00
17.11.2020;3:04:43;3.33;60.98;9.58;762.14;0.00;0.00;0.00
17.11.2020;3:05:43;3.33;60.97;9.60;762.16;0.00;0.00;0.00
17.11.2020;3:06:43;3.33;60.49;9.60;762.17;0.00;0.00;0.00
17.11.2020;3:07:43;3.33;60.66;9.60;762.17;0.00;0.00;0.00
17.11.2020;3:08:43;3.33;59.89;9.58;762.17;0.00;0.00;0.00
17.11.2020;3:09:43;3.33;60.23;9.57;762.17;0.00;0.00;0.00
17.11.2020;3:10:43;3.33;59.99;9.56;762.18;0.00;0.00;0.00
17.11.2020;3:11:43;3.35;60.58;9.56;762.17;0.00;0.00;0.00
17.11.2020;3:12:43;3.33;60.79;9.57;762.17;0.00;0.00;0.00
17.11.2020;3:13:43;3.33;60.64;9.59;762.15;0.00;0.00;0.00
17.11.2020;3:14:43;3.35;60.48;9.59;762.13;0.00;0.00;0.00
17.11.2020;3:15:43;3.33;60.41;9.58;762.11;0.00;0.00;0.00
17.11.2020;3:16:43;3.33;60.80;9.58;762.10;0.00;0.00;0.00
17.11.2020;3:17:44;3.33;60.99;9.58;762.09;0.00;0.00;0.00
17.11.2020;3:18:44;3.33;60.39;9.59;762.09;0.00;0.00;0.00
17.11.2020;3:19:44;3.33;60.18;9.58;762.07;0.00;0.00;0.00
17.11.2020;3:20:44;3.33;60.38;9.58;762.07;0.00;0.00;0.00
17.11.2020;3:21:44;3.33;60.72;9.57;762.07;0.00;0.00;0.00
17.11.2020;3:22:44;3.33;59.71;9.56;762.09;0.00;0.00;0.00
17.11.2020;3:23:44;3.33;59.45;9.54;762.09;0.00;0.00;0.00
17.11.2020;3:24:44;3.33;59.63;9.54;762.09;0.00;0.00;0.00
17.11.2020;3:25:44;3.35;60.08;9.55;762.07;0.00;0.00;0.00
17.11.2020;3:26:44;3.33;60.31;9.56;762.06;0.00;0.00;0.00
17.11.2020;3:27:44;3.33;59.81;9.55;762.04;0.00;0.00;0.00
17.11.2020;3:28:44;3.35;59.74;9.54;762.04;0.00;0.00;0.00
17.11.2020;3:29:44;3.33;59.34;9.53;762.05;0.00;0.00;0.00
17.11.2020;3:30:44;3.33;60.14;9.54;762.05;0.00;0.00;0.00
17.11.2020;3:31:44;3.33;60.04;9.54;762.02;0.00;0.00;0.00
17.11.2020;3:32:44;3.33;60.25;9.55;762.01;0.00;0.00;0.00
17.11.2020;3:33:44;3.33;60.16;9.54;761.99;0.00;0.00;0.00
17.11.2020;3:34:44;3.33;60.12;9.55;761.97;0.00;0.00;0.00
17.11.2020;3:35:44;3.33;60.47;9.54;761.97;0.00;0.00;0.00
17.11.2020;3:36:44;3.33;59.75;9.53;761.98;0.00;0.00;0.00
17.11.2020;3:37:44;3.33;59.69;9.51;761.99;0.00;0.00;0.00
17.11.2020;3:38:44;3.33;60.13;9.51;761.99;0.00;0.00;0.00
17.11.2020;3:39:44;3.35;60.44;9.52;761.99;0.00;0.00;0.00
17.11.2020;3:40:44;3.33;60.41;9.52;761.99;0.00;0.00;0.00
17.11.2020;3:41:44;3.33;59.94;9.51;762.00;0.00;0.00;0.00
17.11.2020;3:42:44;3.35;60.54;9.52;762.00;0.00;0.00;0.00
17.11.2020;3:43:44;3.33;60.62;9.53;762.00;0.00;0.00;0.00
17.11.2020;3:44:44;3.33;59.29;9.51;762.01;0.00;0.00;0.00
17.11.2020;3:45:44;3.33;60.14;9.51;762.01;0.00;0.00;0.00
17.11.2020;3:46:44;3.33;59.75;9.51;762.01;0.00;0.00;0.00
17.11.2020;3:47:44;3.33;59.04;9.51;762.01;0.00;0.00;0.00
17.11.2020;3:48:44;3.33;60.06;9.53;762.02;0.00;0.00;0.00
17.11.2020;3:49:44;3.33;59.93;9.53;762.05;0.00;0.00;0.00
17.11.2020;3:50:44;3.33;60.32;9.53;762.05;0.00;0.00;0.00
17.11.2020;3:51:45;3.33;59.63;9.53;762.05;0.00;0.00;0.00
17.11.2020;3:52:45;3.33;59.31;9.51;762.02;0.00;0.00;0.00
17.11.2020;3:53:45;3.35;60.06;9.52;762.02;0.00;0.00;0.00
17.11.2020;3:54:45;3.33;59.43;9.50;762.02;0.00;0.00;0.00
17.11.2020;3:55:45;3.33;58.73;9.48;762.03;0.00;0.00;0.00
17.11.2020;3:56:45;3.35;58.79;9.48;762.04;0.00;0.00;0.00
17.11.2020;3:57:45;3.33;58.94;9.49;762.05;0.00;0.00;0.00
17.11.2020;3:58:45;3.33;59.77;9.49;762.05;0.00;0.00;0.00
17.11.2020;3:59:45;3.33;60.16;9.49;762.03;0.00;0.00;0.00
17.11.2020;4:00:45;3.33;60.01;9.48;762.02;0.00;0.00;0.00
17.11.2020;4:01:45;3.33;60.42;9.50;762.02;0.00;0.00;0.00
17.11.2020;4:02:45;3.33;59.32;9.49;762.03;0.00;0.00;0.00
17.11.2020;4:03:45;3.33;60.12;9.49;762.04;0.00;0.00;0.00
17.11.2020;4:04:45;3.33;60.39;9.50;762.05;0.00;0.00;0.00
17.11.2020;4:05:45;3.33;59.09;9.49;762.03;0.00;0.00;0.00
17.11.2020;4:06:45;3.33;59.16;9.49;762.03;0.00;0.00;0.00
17.11.2020;4:07:45;3.35;59.42;9.48;762.02;0.00;0.00;0.00
17.11.2020;4:08:45;3.33;60.04;9.48;762.02;0.00;0.00;0.00
17.11.2020;4:09:45;3.33;59.77;9.49;762.02;0.00;0.00;0.00
17.11.2020;4:10:45;3.35;59.36;9.49;762.05;0.00;0.00;0.00
17.11.2020;4:11:45;3.33;59.75;9.49;762.07;0.00;0.00;0.00
17.11.2020;4:12:45;3.33;59.62;9.50;762.07;0.00;0.00;0.00
17.11.2020;4:13:45;3.33;59.48;9.49;762.07;0.00;0.00;0.00
17.11.2020;4:14:45;3.33;59.83;9.49;762.06;0.00;0.00;0.00
17.11.2020;4:15:45;3.33;59.44;9.49;762.07;0.00;0.00;0.00
17.11.2020;4:16:45;3.33;59.94;9.50;762.08;0.00;0.00;0.00
17.11.2020;4:17:45;3.33;59.80;9.51;762.09;0.00;0.00;0.00
17.11.2020;4:18:45;3.33;60.33;9.53;762.10;0.00;0.00;0.00
17.11.2020;4:19:45;3.33;59.80;9.53;762.10;0.00;0.00;0.00
17.11.2020;4:20:45;3.33;58.72;9.53;762.10;0.00;0.00;0.00
17.11.2020;4:21:45;3.35;59.23;9.52;762.11;0.00;0.00;0.00
17.11.2020;4:22:45;3.33;59.91;9.53;762.13;0.00;0.00;0.00
17.11.2020;4:23:45;3.33;58.83;9.53;762.16;0.00;0.00;0.00
17.11.2020;4:24:45;3.35;58.59;9.50;762.16;0.00;0.00;0.00
17.11.2020;4:25:45;3.33;59.77;9.51;762.17;0.00;0.00;0.00
17.11.2020;4:26:46;3.33;58.38;9.51;762.16;0.00;0.00;0.00
17.11.2020;4:27:46;3.33;58.75;9.52;762.15;0.00;0.00;0.00
17.11.2020;4:28:46;3.33;59.06;9.51;762.14;0.00;0.00;0.00
17.11.2020;4:29:46;3.33;59.35;9.50;762.13;0.00;0.00;0.00
17.11.2020;4:30:46;3.33;58.71;9.50;762.13;0.00;0.00;0.00
17.11.2020;4:31:46;3.33;59.36;9.51;762.14;0.00;0.00;0.00
17.11.2020;4:32:46;3.33;59.08;9.53;762.15;0.00;0.00;0.00
17.11.2020;4:33:46;3.33;59.75;9.53;762.17;0.00;0.00;0.00
17.11.2020;4:34:46;3.33;59.38;9.53;762.18;0.00;0.00;0.00
17.11.2020;4:35:46;3.35;59.89;9.53;762.18;0.00;0.00;0.00
17.11.2020;4:36:46;3.33;59.41;9.54;762.18;0.00;0.00;0.00
17.11.2020;4:37:46;3.33;59.26;9.54;762.18;0.00;0.00;0.00
17.11.2020;4:38:46;3.35;58.48;9.54;762.19;0.00;0.00;0.00
17.11.2020;4:39:46;3.33;58.62;9.53;762.18;0.00;0.00;0.00
17.11.2020;4:40:46;3.33;59.64;9.54;762.18;0.00;0.00;0.00
17.11.2020;4:41:46;3.33;59.25;9.53;762.17;0.00;0.00;0.00
17.11.2020;4:42:46;3.33;58.82;9.52;762.17;0.00;0.00;0.00
17.11.2020;4:43:46;3.33;58.97;9.51;762.16;0.00;0.00;0.00
17.11.2020;4:44:46;3.33;59.58;9.51;762.17;0.00;0.00;0.00
17.11.2020;4:45:46;3.33;58.83;9.52;762.17;0.00;0.00;0.00
17.11.2020;4:46:46;3.33;58.81;9.51;762.16;0.00;0.00;0.00
17.11.2020;4:47:46;3.33;59.87;9.54;762.18;0.00;0.00;0.00
17.11.2020;4:48:46;3.33;59.65;9.54;762.18;0.00;0.00;0.00
17.11.2020;4:49:46;3.35;58.92;9.54;762.17;0.00;0.00;0.00
17.11.2020;4:50:46;3.33;58.97;9.54;762.17;0.00;0.00;0.00
17.11.2020;4:51:46;3.33;58.90;9.53;762.17;0.00;0.00;0.00
17.11.2020;4:52:46;3.35;59.66;9.55;762.18;0.00;0.00;0.00
17.11.2020;4:53:46;3.33;58.22;9.55;762.20;0.00;0.00;0.00
17.11.2020;4:54:46;3.33;59.33;9.55;762.21;0.00;0.00;0.00
17.11.2020;4:55:46;3.33;59.47;9.56;762.21;0.00;0.00;0.00
17.11.2020;4:56:46;3.33;57.97;9.55;762.21;0.00;0.00;0.00
17.11.2020;4:57:46;3.33;59.12;9.54;762.20;0.00;0.00;0.00
17.11.2020;4:58:46;3.33;58.75;9.55;762.20;0.00;0.00;0.00
17.11.2020;4:59:46;3.33;59.08;9.54;762.20;0.00;0.00;0.00
17.11.2020;5:00:46;3.33;59.77;9.54;762.21;0.00;0.00;0.00
17.11.2020;5:01:47;3.33;58.91;9.54;762.21;0.00;0.00;0.00
17.11.2020;5:02:47;3.33;59.51;9.56;762.20;0.00;0.00;0.00
17.11.2020;5:03:47;3.35;59.51;9.56;762.20;0.00;0.00;0.00
17.11.2020;5:04:47;3.33;59.44;9.56;762.18;0.00;0.00;0.00
17.11.2020;5:05:47;3.33;59.71;9.57;762.19;0.00;0.00;0.00
17.11.2020;5:06:47;3.35;58.93;9.57;762.18;0.00;0.00;0.00
17.11.2020;5:07:47;3.33;59.12;9.56;762.18;0.00;0.00;0.00
17.11.2020;5:08:47;3.33;59.03;9.56;762.19;0.00;0.00;0.00
17.11.2020;5:09:47;3.33;58.02;9.55;762.17;0.00;0.00;0.00
17.11.2020;5:10:47;3.33;58.26;9.55;762.17;0.00;0.00;0.00
17.11.2020;5:11:47;3.33;58.72;9.55;762.16;0.00;0.00;0.00
17.11.2020;5:12:47;3.33;59.30;9.55;762.18;0.00;0.00;0.00
17.11.2020;5:13:47;3.33;58.71;9.55;762.18;0.00;0.00;0.00
17.11.2020;5:14:47;3.33;59.38;9.58;762.19;0.00;0.00;0.00
17.11.2020;5:15:47;3.33;58.64;9.57;762.18;0.00;0.00;0.00
17.11.2020;5:16:47;3.33;58.15;9.56;762.17;0.00;0.00;0.00
17.11.2020;5:17:47;3.35;57.73;9.54;762.15;0.00;0.00;0.00
17.11.2020;5:18:47;3.33;58.54;9.54;762.13;0.00;0.00;0.00
17.11.2020;5:19:47;3.33;58.97;9.55;762.14;0.00;0.00;0.00
17.11.2020;5:20:47;3.35;58.98;9.53;762.12;0.00;0.00;0.00
17.11.2020;5:21:47;3.33;59.17;9.54;762.14;0.00;0.00;0.00
17.11.2020;5:22:47;3.33;59.09;9.53;762.15;0.00;0.00;0.00
17.11.2020;5:23:47;3.33;59.50;9.53;762.15;0.00;0.00;0.00
17.11.2020;5:24:47;3.33;58.57;9.52;762.15;0.00;0.00;0.00
17.11.2020;5:25:47;3.33;58.86;9.52;762.17;0.00;0.00;0.00
17.11.2020;5:26:47;3.33;58.41;9.52;762.20;0.00;0.00;0.00
17.11.2020;5:27:47;3.33;59.03;9.52;762.21;0.00;0.00;0.00
17.11.2020;5:28:47;3.33;59.03;9.52;762.22;0.00;0.00;0.00
17.11.2020;5:29:47;3.33;58.82;9.53;762.22;0.00;0.00;0.00
17.11.2020;5:30:47;3.33;58.61;9.52;762.22;0.00;0.00;0.00
17.11.2020;5:31:47;3.35;59.20;9.53;762.22;0.00;0.00;0.00
17.11.2020;5:32:47;3.33;58.65;9.54;762.22;0.00;0.00;0.00
17.11.2020;5:33:47;3.33;59.28;9.54;762.21;0.00;0.00;0.00
17.11.2020;5:34:47;3.35;59.42;9.55;762.22;0.00;0.00;0.00
17.11.2020;5:35:48;3.33;59.02;9.56;762.21;0.00;0.00;0.00
17.11.2020;5:36:48;3.33;59.38;9.56;762.21;0.00;0.00;0.00
17.11.2020;5:37:48;3.33;57.68;9.54;762.21;0.00;0.00;0.00
17.11.2020;5:38:48;3.33;57.99;9.53;762.20;0.00;0.00;0.00
17.11.2020;5:39:48;3.33;58.12;9.52;762.19;0.00;0.00;0.00
17.11.2020;5:40:48;3.33;58.77;9.53;762.18;0.00;0.00;0.00
17.11.2020;5:41:48;3.33;58.63;9.52;762.18;0.00;0.00;0.00
17.11.2020;5:42:48;3.33;58.91;9.53;762.16;0.00;0.00;0.00
17.11.2020;5:43:48;3.33;57.69;9.52;762.14;0.00;0.00;0.00
17.11.2020;5:44:48;3.33;58.59;9.51;762.12;0.00;0.00;0.00
17.11.2020;5:45:48;3.35;58.49;9.51;762.12;0.00;0.00;0.00
17.11.2020;5:46:48;3.33;58.95;9.51;762.10;0.00;0.00;0.00
17.11.2020;5:47:48;3.33;58.96;9.52;762.08;0.00;0.00;0.00
17.11.2020;5:48:48;3.35;59.43;9.54;762.06;0.00;0.00;0.00
17.11.2020;5:49:48;3.33;59.76;9.54;762.04;0.00;0.00;0.00
17.11.2020;5:50:48;3.33;57.32;9.52;762.03;0.00;0.00;0.00
17.11.2020;5:51:48;3.33;58.38;9.49;762.01;0.00;0.00;0.00
17.11.2020;5:52:48;3.33;58.08;9.48;761.99;0.00;0.00;0.00
17.11.2020;5:53:48;3.33;58.80;9.49;761.98;0.00;0.00;0.00
17.11.2020;5:54:48;3.33;58.70;9.49;761.96;0.00;0.00;0.00
17.11.2020;5:55:48;3.33;58.58;9.49;761.96;0.00;0.00;0.00
17.11.2020;5:56:48;3.33;58.21;9.50;761.99;0.00;0.00;0.00
17.11.2020;5:57:48;3.33;58.52;9.50;762.00;0.00;0.00;0.00
17.11.2020;5:58:48;3.33;58.81;9.49;762.01;0.00;0.00;0.00
17.11.2020;5:59:48;3.35;58.82;9.49;762.02;0.00;0.00;0.00
17.11.2020;6:00:48;3.33;59.19;9.49;762.02;0.00;0.00;0.00
17.11.2020;6:01:48;3.33;59.00;9.50;762.03;0.00;0.00;0.00
17.11.2020;6:02:48;3.35;58.06;9.49;762.02;0.00;0.00;0.00
17.11.2020;6:03:48;3.33;58.61;9.48;762.04;0.00;0.00;0.00
17.11.2020;6:04:48;3.33;59.01;9.47;762.06;0.00;0.00;0.00
17.11.2020;6:05:48;3.33;58.46;9.46;762.08;0.00;0.00;0.00
17.11.2020;6:06:48;3.33;58.72;9.46;762.10;0.00;0.00;0.00
17.11.2020;6:07:48;3.33;57.90;9.45;762.09;0.00;0.00;0.00
17.11.2020;6:08:48;3.33;58.91;9.44;762.09;0.00;0.00;0.00
17.11.2020;6:09:48;3.33;58.57;9.43;762.07;0.00;0.00;0.00
17.11.2020;6:10:49;3.33;59.26;9.43;762.08;0.00;0.00;0.00
17.11.2020;6:11:49;3.33;58.01;9.44;762.08;0.00;0.00;0.00
17.11.2020;6:12:49;3.33;59.25;9.44;762.08;0.00;0.00;0.00
17.11.2020;6:13:49;3.35;57.98;9.44;762.08;0.00;0.00;0.00
17.11.2020;6:14:49;3.33;59.32;9.43;762.10;0.00;0.00;0.00
17.11.2020;6:15:49;3.33;58.05;9.43;762.11;0.00;0.00;0.00
17.11.2020;6:16:49;3.35;58.81;9.42;762.13;0.00;0.00;0.00
17.11.2020;6:17:49;3.33;58.71;9.42;762.15;0.00;0.00;0.00
17.11.2020;6:18:49;3.33;57.92;9.41;762.16;0.00;0.00;0.00
17.11.2020;6:19:49;3.33;58.48;9.41;762.15;0.00;0.00;0.00
17.11.2020;6:20:49;3.33;58.46;9.41;762.15;0.00;0.00;0.00
17.11.2020;6:21:49;3.33;58.89;9.41;762.14;0.00;0.00;0.00
17.11.2020;6:22:49;3.33;59.18;9.42;762.15;0.00;0.00;0.00
17.11.2020;6:23:49;3.33;58.29;9.42;762.15;0.00;0.00;0.00
17.11.2020;6:24:49;3.33;58.05;9.41;762.16;0.00;0.00;0.00
17.11.2020;6:25:49;3.33;58.40;9.42;762.18;0.00;0.00;0.00
17.11.2020;6:26:49;3.33;59.21;9.43;762.18;0.00;0.00;0.00
17.11.2020;6:27:49;3.35;59.40;9.45;762.20;0.00;0.00;0.00
17.11.2020;6:28:49;3.33;58.63;9.44;762.21;0.00;0.00;0.00
17.11.2020;6:29:49;3.33;58.21;9.44;762.23;0.00;0.00;0.00
17.11.2020;6:30:49;3.35;58.32;9.44;762.24;0.00;0.00;0.00
17.11.2020;6:31:49;3.33;59.08;9.46;762.26;0.00;0.00;0.00
17.11.2020;6:32:49;3.33;58.89;9.46;762.26;0.00;0.00;0.00
17.11.2020;6:33:49;3.33;59.24;9.47;762.27;0.00;0.00;0.00
17.11.2020;6:34:49;3.33;59.56;9.49;762.27;0.00;0.00;0.00
17.11.2020;6:35:49;3.33;59.04;9.51;762.28;0.00;0.00;0.00
17.11.2020;6:36:49;3.33;58.97;9.51;762.29;0.00;0.00;0.00
17.11.2020;6:37:49;3.33;57.85;9.49;762.30;0.00;0.00;0.00
17.11.2020;6:38:49;3.33;58.95;9.49;762.30;0.00;0.00;0.00
17.11.2020;6:39:49;3.33;58.61;9.51;762.32;0.00;0.00;0.00
17.11.2020;6:40:49;3.33;58.76;9.52;762.33;0.00;0.00;0.00
17.11.2020;6:41:49;3.35;58.94;9.53;762.34;0.00;0.00;0.00
17.11.2020;6:42:49;3.33;58.44;9.54;762.36;0.00;0.00;0.00
17.11.2020;6:43:49;3.33;58.75;9.55;762.37;0.00;0.00;0.00
17.11.2020;6:44:50;3.35;58.31;9.55;762.38;0.00;0.00;0.00
17.11.2020;6:45:50;3.33;57.80;9.56;762.38;0.00;0.00;0.00
17.11.2020;6:46:50;3.33;57.97;9.56;762.40;0.00;0.00;0.00
17.11.2020;6:47:50;3.33;57.82;9.57;762.41;0.00;0.00;0.00
17.11.2020;6:48:50;3.33;57.71;9.56;762.42;0.00;0.00;0.00
17.11.2020;6:49:50;3.33;58.74;9.55;762.43;0.00;0.00;0.00
17.11.2020;6:50:50;3.33;59.01;9.56;762.43;0.00;0.00;0.00
17.11.2020;6:51:50;3.33;58.10;9.56;762.44;0.00;0.00;0.00
17.11.2020;6:52:50;3.33;58.38;9.57;762.45;0.00;0.00;0.00
17.11.2020;6:53:50;3.33;58.33;9.58;762.46;0.00;0.00;0.00
17.11.2020;6:54:50;3.33;57.97;9.58;762.47;0.00;0.00;0.00
17.11.2020;6:55:50;3.35;57.97;9.57;762.48;0.00;0.00;0.00
17.11.2020;6:56:50;3.33;58.32;9.57;762.48;0.00;0.00;0.00
17.11.2020;6:57:50;3.33;58.61;9.58;762.51;0.00;0.00;0.00
17.11.2020;6:58:50;3.79;57.41;9.57;762.52;0.00;0.00;0.00
17.11.2020;6:59:50;4.17;58.02;9.58;762.54;0.00;0.00;0.00
17.11.2020;7:00:50;4.17;57.59;9.57;762.55;0.00;0.00;0.00
17.11.2020;7:01:50;4.17;57.96;9.58;762.55;0.00;0.00;0.00
17.11.2020;7:02:50;4.17;57.51;9.57;762.57;0.00;0.00;0.00
17.11.2020;7:03:50;4.94;57.70;9.57;762.57;0.00;0.00;0.00
17.11.2020;7:04:50;5.00;58.25;9.58;762.55;0.00;0.00;0.00
17.11.2020;7:05:50;5.01;57.99;9.58;762.54;0.00;0.00;0.00
17.11.2020;7:06:50;5.74;57.70;9.57;762.56;0.00;0.00;0.00
17.11.2020;7:07:50;5.92;58.54;9.57;762.56;0.00;0.00;0.00
17.11.2020;7:08:50;6.67;57.70;9.57;762.56;0.00;0.00;0.00
17.11.2020;7:09:50;6.68;58.46;9.56;762.59;0.00;0.00;0.00
17.11.2020;7:10:50;7.47;58.87;9.58;762.61;0.00;0.00;0.00
17.11.2020;7:11:50;8.19;58.10;9.59;762.63;0.00;0.00;0.00
17.11.2020;7:12:50;8.79;58.72;9.59;762.62;0.00;0.00;0.00
17.11.2020;7:13:50;9.57;58.12;9.58;762.63;0.00;0.00;0.00
17.11.2020;7:14:50;10.61;58.15;9.60;762.64;0.00;0.00;0.00
17.11.2020;7:15:50;11.63;58.38;9.61;762.64;0.00;0.00;0.00
17.11.2020;7:16:50;12.36;58.14;9.61;762.65;0.00;0.00;0.00
17.11.2020;7:17:50;12.99;58.59;9.62;762.67;0.00;0.00;0.00
17.11.2020;7:18:51;14.18;57.76;9.62;762.70;0.00;0.00;0.00
17.11.2020;7:19:51;15.35;58.20;9.60;762.71;0.00;0.00;0.00
17.11.2020;7:20:51;15.83;58.10;9.59;762.73;0.00;0.00;0.00
17.11.2020;7:21:51;16.35;58.62;9.59;762.76;0.00;0.00;0.00
17.11.2020;7:22:51;18.05;58.60;9.59;762.77;0.00;0.00;0.00
17.11.2020;7:23:51;18.35;58.73;9.60;762.79;0.00;0.00;0.00
17.11.2020;7:24:51;19.43;58.39;9.61;762.80;0.00;0.00;0.00
17.11.2020;7:25:51;23.09;58.18;9.62;762.81;0.00;0.00;0.00
17.11.2020;7:26:51;25.17;58.43;9.62;762.81;0.00;0.00;0.00
17.11.2020;7:27:51;27.82;57.87;9.62;762.81;0.01;0.00;0.00
17.11.2020;7:28:51;30.72;58.15;9.63;762.80;0.02;0.00;0.00
17.11.2020;7:29:51;33.61;58.29;9.64;762.82;0.02;0.00;0.00
17.11.2020;7:30:51;35.25;58.63;9.66;762.82;0.03;0.00;0.00
17.11.2020;7:31:51;39.10;57.43;9.66;762.80;0.03;0.00;0.00
17.11.2020;7:32:51;42.67;57.88;9.67;762.79;0.04;0.00;0.00
17.11.2020;7:33:51;46.57;57.86;9.67;762.77;0.05;0.00;0.00
17.11.2020;7:34:51;49.60;58.19;9.69;762.77;0.05;0.00;0.00
17.11.2020;7:35:51;54.33;58.42;9.69;762.77;0.06;0.00;0.00
17.11.2020;7:36:51;58.62;58.32;9.69;762.75;0.07;0.00;0.00
17.11.2020;7:37:51;63.32;57.92;9.71;762.75;0.08;0.00;0.00
17.11.2020;7:38:51;67.39;57.89;9.71;762.74;0.09;0.00;0.00
17.11.2020;7:39:51;73.53;57.53;9.70;762.75;0.10;0.00;0.00
17.11.2020;7:40:51;77.46;58.01;9.70;762.75;0.11;0.00;0.00
17.11.2020;7:41:51;80.88;57.04;9.70;762.76;0.11;0.00;0.00
17.11.2020;7:42:51;85.18;58.10;9.71;762.78;0.12;0.00;0.00
17.11.2020;7:43:51;90.00;58.39;9.73;762.79;0.13;0.02;1.88
17.11.2020;7:44:51;93.11;57.47;9.73;762.79;0.14;0.04;7.20
17.11.2020;7:45:51;98.58;57.64;9.73;762.78;0.14;0.09;14.35
17.11.2020;7:46:51;105.26;57.65;9.74;762.76;0.15;0.13;24.79
17.11.2020;7:47:51;109.58;57.19;9.75;762.76;0.16;0.17;29.69
17.11.2020;7:48:51;118.58;57.70;9.77;762.73;0.17;0.22;44.40
17.11.2020;7:49:52;126.06;57.57;9.77;762.71;0.18;0.28;59.04
17.11.2020;7:50:52;134.46;56.72;9.77;762.69;0.20;0.36;82.61
17.11.2020;7:51:52;140.64;57.57;9.77;762.68;0.21;0.41;102.54
17.11.2020;7:52:52;142.32;57.33;9.78;762.68;0.21;0.40;102.21
17.11.2020;7:53:52;134.93;57.87;9.79;762.68;0.19;0.33;80.16
17.11.2020;7:54:52;137.50;57.13;9.79;762.68;0.19;0.32;70.63
17.11.2020;7:55:52;137.60;57.60;9.80;762.69;0.19;0.30;70.19
17.11.2020;7:56:52;137.42;57.51;9.81;762.71;0.18;0.28;63.87
17.11.2020;7:57:52;137.44;57.34;9.80;762.71;0.18;0.27;56.15
17.11.2020;7:58:52;140.74;57.37;9.79;762.70;0.18;0.29;64.13
17.11.2020;7:59:52;142.57;57.06;9.79;762.71;0.18;0.28;59.46
17.11.2020;8:00:52;151.11;56.78;9.80;762.72;0.20;0.36;84.66
17.11.2020;8:01:52;155.03;57.19;9.80;762.73;0.20;0.39;94.75
17.11.2020;8:02:52;159.18;56.91;9.79;762.74;0.21;0.41;105.54
17.11.2020;8:03:52;163.53;57.90;9.80;762.75;0.22;0.43;115.81
17.11.2020;8:04:52;157.63;56.69;9.80;762.75;0.20;0.38;91.71
17.11.2020;8:05:52;157.88;56.74;9.80;762.78;0.20;0.37;87.98
17.11.2020;8:06:52;163.95;57.44;9.80;762.78;0.21;0.40;98.26
17.11.2020;8:07:52;169.94;56.65;9.80;762.79;0.22;0.46;118.65
17.11.2020;8:08:52;183.51;57.02;9.80;762.79;0.24;0.57;165.61
17.11.2020;8:09:52;192.42;57.22;9.80;762.80;0.26;0.65;196.65
17.11.2020;8:10:52;191.43;56.78;9.80;762.81;0.26;0.63;200.87
17.11.2020;8:11:52;191.41;57.41;9.80;762.81;0.26;0.63;193.48
17.11.2020;8:12:52;191.01;56.91;9.82;762.81;0.25;0.61;190.89
17.11.2020;8:13:52;193.04;56.73;9.82;762.82;0.26;0.61;189.40
17.11.2020;8:14:52;200.40;56.66;9.82;762.81;0.27;0.69;215.50
17.11.2020;8:15:52;203.13;57.57;9.82;762.82;0.27;0.71;233.88
17.11.2020;8:16:53;201.21;57.53;9.83;762.81;0.27;0.68;220.03
17.11.2020;8:17:53;197.42;57.71;9.83;762.83;0.26;0.65;209.87
17.11.2020;8:18:53;190.03;57.58;9.84;762.85;0.24;0.58;174.50
17.11.2020;8:19:53;175.72;57.55;9.84;762.85;0.22;0.45;126.03
17.11.2020;8:20:53;169.49;57.49;9.85;762.85;0.21;0.40;102.23
17.11.2020;8:21:53;164.42;57.13;9.84;762.85;0.20;0.34;83.41
17.11.2020;8:22:53;160.53;57.12;9.84;762.86;0.19;0.31;73.23
17.11.2020;8:23:53;160.97;57.05;9.84;762.86;0.19;0.31;67.53
17.11.2020;8:24:53;166.57;56.87;9.86;762.86;0.19;0.34;81.07
17.11.2020;8:25:53;169.22;57.01;9.86;762.85;0.20;0.35;84.51
17.11.2020;8:26:53;168.16;55.92;9.86;762.85;0.20;0.35;81.68
17.11.2020;8:27:53;169.72;56.82;9.85;762.84;0.20;0.37;89.80
17.11.2020;8:28:53;172.09;57.59;9.86;762.84;0.20;0.39;92.89
17.11.2020;8:29:53;173.50;57.59;9.87;762.85;0.20;0.39;98.88
17.11.2020;8:30:53;175.43;57.66;9.89;762.85;0.20;0.39;95.80
17.11.2020;8:31:53;176.62;57.44;9.89;762.86;0.20;0.39;92.40
17.11.2020;8:32:53;176.25;57.56;9.90;762.86;0.20;0.38;91.20
17.11.2020;8:33:53;184.75;57.04;9.91;762.87;0.21;0.42;102.53
17.11.2020;8:34:53;193.71;56.90;9.91;762.88;0.23;0.50;137.60
17.11.2020;8:35:53;201.23;57.30;9.92;762.89;0.24;0.56;154.22
17.11.2020;8:36:53;203.10;56.58;9.92;762.91;0.25;0.59;176.61
17.11.2020;8:37:53;209.81;57.19;9.92;762.92;0.25;0.61;189.49
17.11.2020;8:38:53;210.72;57.13;9.93;762.92;0.25;0.61;183.13
17.11.2020;8:39:53;209.18;56.83;9.93;762.93;0.25;0.60;184.26
17.11.2020;8:40:53;214.18;56.61;9.95;762.94;0.26;0.63;194.04
17.11.2020;8:41:53;223.51;56.46;9.94;762.94;0.27;0.71;229.19
17.11.2020;8:42:53;234.93;56.77;9.95;762.93;0.29;0.78;274.05
17.11.2020;8:43:54;234.97;55.91;9.94;762.93;0.29;0.79;270.38
17.11.2020;8:44:54;237.26;56.89;9.95;762.94;0.29;0.80;280.83
17.11.2020;8:45:54;240.55;56.93;9.96;762.93;0.29;0.81;279.47
17.11.2020;8:46:54;242.32;57.15;9.97;762.95;0.29;0.81;292.81
17.11.2020;8:47:54;245.75;57.17;9.98;762.95;0.30;0.83;302.36
17.11.2020;8:48:54;253.32;56.68;9.97;762.97;0.31;0.89;326.18
17.11.2020;8:49:54;255.85;57.02;9.97;762.96;0.31;0.90;346.87
17.11.2020;8:50:54;256.45;57.28;9.99;762.97;0.31;0.92;339.28
17.11.2020;8:51:54;263.36;56.90;10.00;762.98;0.32;0.96;381.53
17.11.2020;8:52:54;266.54;57.22;10.01;762.99;0.33;0.98;380.21
17.11.2020;8:53:54;269.21;56.67;10.02;762.98;0.33;0.99;401.13
17.11.2020;8:54:54;279.47;56.53;10.02;762.99;0.34;1.06;442.39
17.11.2020;8:55:54;285.69;56.86;10.02;762.99;0.35;1.09;453.94
17.11.2020;8:56:54;295.68;57.10;10.02;762.98;0.37;1.19;523.59
17.11.2020;8:57:54;315.35;56.23;10.03;762.97;0.40;1.31;611.15
17.11.2020;8:58:54;326.28;56.11;10.02;762.97;0.41;1.39;693.99
17.11.2020;8:59:54;323.29;56.69;10.04;762.98;0.41;1.37;687.66
17.11.2020;9:00:54;329.10;56.67;10.05;762.99;0.42;1.41;692.23
17.11.2020;9:01:54;335.93;56.36;10.07;762.98;0.42;1.45;755.30
17.11.2020;9:02:54;343.19;55.72;10.07;762.98;0.44;1.51;765.74
17.11.2020;9:03:54;363.57;56.24;10.07;762.98;0.46;1.63;922.00
17.11.2020;9:04:54;368.47;56.39;10.08;762.99;0.47;1.67;959.25
17.11.2020;9:05:54;373.63;56.21;10.09;762.99;0.48;1.72;967.19
17.11.2020;9:06:54;386.39;56.15;10.09;762.99;0.50;1.80;1091.65
17.11.2020;9:07:54;395.97;55.41;10.09;763.00;0.51;1.85;1126.66
17.11.2020;9:08:55;389.17;55.91;10.10;763.00;0.50;1.81;1109.60
17.11.2020;9:09:55;393.93;55.90;10.11;762.99;0.51;1.84;1138.84
17.11.2020;9:10:55;402.19;56.27;10.12;762.99;0.52;1.89;1164.11
17.11.2020;9:11:55;400.01;56.04;10.13;763.00;0.51;1.87;1190.26
17.11.2020;9:12:55;394.97;56.06;10.13;762.99;0.51;1.84;1096.09
17.11.2020;9:13:55;406.51;56.32;10.12;763.00;0.52;1.91;1222.31
17.11.2020;9:14:55;400.03;55.90;10.12;762.99;0.51;1.86;1177.43
17.11.2020;9:15:55;385.83;56.51;10.13;762.99;0.49;1.75;1031.32
17.11.2020;9:16:55;384.13;54.91;10.12;762.98;0.49;1.75;1037.60
17.11.2020;9:17:55;387.74;55.76;10.12;762.99;0.49;1.76;1031.71
17.11.2020;9:18:55;381.64;55.96;10.14;762.99;0.48;1.71;1011.34
17.11.2020;9:19:55;377.92;55.49;10.14;762.99;0.47;1.68;948.57
17.11.2020;9:20:55;367.99;55.85;10.14;763.00;0.46;1.61;912.42
17.11.2020;9:21:55;368.65;56.17;10.15;763.01;0.46;1.60;905.69
17.11.2020;9:22:55;365.69;55.76;10.15;763.01;0.45;1.59;859.61
17.11.2020;9:23:55;364.39;55.99;10.14;763.03;0.45;1.57;860.70
17.11.2020;9:24:55;366.05;55.97;10.14;763.02;0.45;1.57;835.61
17.11.2020;9:25:55;378.85;55.69;10.15;763.03;0.47;1.66;944.30
17.11.2020;9:26:55;393.01;55.95;10.17;763.05;0.49;1.77;1053.38
17.11.2020;9:27:55;418.91;55.36;10.18;763.04;0.53;1.94;1197.72
17.11.2020;9:28:55;413.25;54.75;10.16;763.03;0.52;1.88;1212.39
17.11.2020;9:29:55;403.19;55.61;10.16;763.06;0.51;1.83;1092.61
17.11.2020;9:30:55;394.93;56.32;10.18;763.08;0.50;1.79;1092.21
17.11.2020;9:31:55;400.21;56.21;10.19;763.07;0.50;1.82;1128.37
17.11.2020;9:32:56;398.35;55.52;10.19;763.08;0.50;1.79;1062.72
17.11.2020;9:33:56;384.01;56.05;10.20;763.11;0.48;1.71;1017.60
17.11.2020;9:34:56;376.86;55.01;10.18;763.10;0.47;1.67;932.68
17.11.2020;9:35:56;366.10;56.01;10.19;763.12;0.45;1.58;902.00
17.11.2020;9:36:56;347.53;56.24;10.19;763.15;0.43;1.46;781.85
17.11.2020;9:37:56;331.24;55.31;10.18;763.17;0.40;1.35;654.18
17.11.2020;9:38:56;330.78;55.21;10.18;763.17;0.40;1.34;663.53
17.11.2020;9:39:56;329.62;56.02;10.17;763.20;0.40;1.32;633.30
17.11.2020;9:40:56;330.07;55.75;10.18;763.20;0.40;1.33;646.48
17.11.2020;9:41:56;338.29;56.01;10.17;763.21;0.41;1.38;689.33
17.11.2020;9:42:56;356.88;55.86;10.17;763.20;0.43;1.49;769.87
17.11.2020;9:43:56;356.87;56.02;10.17;763.17;0.43;1.49;789.78
17.11.2020;9:44:56;368.14;56.25;10.18;763.15;0.45;1.57;828.76
17.11.2020;9:45:56;372.86;56.25;10.18;763.16;0.45;1.59;889.75
17.11.2020;9:46:56;370.47;56.23;10.19;763.16;0.45;1.59;848.54
17.11.2020;9:47:56;378.58;56.20;10.20;763.16;0.46;1.62;915.38
17.11.2020;9:48:56;380.72;55.71;10.21;763.18;0.46;1.62;917.15
17.11.2020;9:49:56;383.22;54.96;10.20;763.17;0.47;1.64;901.21
17.11.2020;9:50:56;405.40;56.18;10.20;763.18;0.50;1.80;1074.47
17.11.2020;9:51:56;415.64;55.92;10.22;763.20;0.51;1.86;1127.32
17.11.2020;9:52:56;416.54;55.43;10.23;763.21;0.51;1.86;1159.68
17.11.2020;9:53:56;423.13;55.87;10.24;763.22;0.52;1.92;1212.63
17.11.2020;9:54:56;428.87;54.96;10.25;763.23;0.53;1.95;1245.52
17.11.2020;9:55:56;419.21;55.92;10.26;763.24;0.51;1.89;1198.97
17.11.2020;9:56:57;406.99;56.06;10.28;763.27;0.50;1.79;1081.14
17.11.2020;9:57:57;397.68;55.80;10.27;763.31;0.49;1.74;1051.89
17.11.2020;9:58:57;392.40;56.12;10.28;763.35;0.48;1.70;996.88
17.11.2020;9:59:57;390.64;56.16;10.29;763.37;0.47;1.67;952.37
17.11.2020;10:00:57;376.54;55.56;10.29;763.38;0.45;1.59;893.54
17.11.2020;10:01:57;385.28;55.24;10.31;763.40;0.47;1.67;902.62
17.11.2020;10:02:57;413.24;55.25;10.31;763.41;0.50;1.84;1120.18
17.11.2020;10:03:57;436.07;56.03;10.32;763.42;0.53;1.98;1289.75
17.11.2020;10:04:57;455.32;55.49;10.34;763.42;0.56;2.11;1389.49
17.11.2020;10:05:57;477.54;55.35;10.36;763.42;0.59;2.24;1602.76
17.11.2020;10:06:57;501.44;55.81;10.38;763.42;0.62;2.39;1739.52
17.11.2020;10:07:57;523.74;55.66;10.40;763.42;0.65;2.52;2020.78
17.11.2020;10:08:57;527.01;55.25;10.41;763.44;0.66;2.57;2062.35
17.11.2020;10:09:57;537.51;55.77;10.43;763.48;0.67;2.66;2147.06
17.11.2020;10:10:57;526.82;55.76;10.46;763.50;0.66;2.58;2088.60
17.11.2020;10:11:57;536.50;55.59;10.47;763.51;0.67;2.63;2071.74
17.11.2020;10:12:57;556.46;55.74;10.49;763.50;0.70;2.78;2353.08
17.11.2020;10:13:57;578.35;55.68;10.51;763.48;0.73;2.93;2603.89
17.11.2020;10:14:57;594.51;55.60;10.53;763.47;0.75;3.02;2701.49
17.11.2020;10:15:57;601.04;55.17;10.55;763.46;0.76;3.09;2902.84
17.11.2020;10:16:57;587.56;54.81;10.55;763.44;0.74;2.98;2693.88
17.11.2020;10:17:57;544.29;55.43;10.56;763.45;0.69;2.71;2345.62
17.11.2020;10:18:57;508.84;55.39;10.58;763.42;0.64;2.47;1888.78
17.11.2020;10:19:58;496.40;55.53;10.58;763.42;0.62;2.37;1802.75
17.11.2020;10:20:58;498.32;55.45;10.59;763.39;0.62;2.37;1805.25
17.11.2020;10:21:58;491.61;54.93;10.58;763.38;0.60;2.30;1662.15
17.11.2020;10:22:58;483.31;54.78;10.57;763.35;0.59;2.24;1657.06
17.11.2020;10:23:58;465.21;54.99;10.58;763.33;0.57;2.14;1423.87
17.11.2020;10:24:58;464.24;55.38;10.59;763.32;0.56;2.11;1463.30
17.11.2020;10:25:58;460.89;55.45;10.59;763.31;0.55;2.07;1413.58
17.11.2020;10:26:58;455.90;54.91;10.59;763.32;0.55;2.03;1336.88
17.11.2020;10:27:58;446.36;55.10;10.60;763.34;0.54;1.99;1315.38
17.11.2020;10:28:58;457.64;55.03;10.61;763.35;0.55;2.06;1346.95
17.11.2020;10:29:58;450.28;54.71;10.61;763.36;0.54;2.00;1336.40
17.11.2020;10:30:58;432.82;55.33;10.59;763.39;0.52;1.89;1204.46
17.11.2020;10:31:58;430.44;54.81;10.60;763.40;0.51;1.88;1152.75
17.11.2020;10:32:58;419.10;55.13;10.61;763.42;0.50;1.80;1113.49
17.11.2020;10:33:58;411.07;54.56;10.62;763.45;0.49;1.76;1033.59
17.11.2020;10:34:58;406.13;54.75;10.62;763.47;0.48;1.73;1027.02
17.11.2020;10:35:58;415.79;55.14;10.62;763.48;0.50;1.80;1092.95
17.11.2020;10:36:58;436.37;54.61;10.61;763.47;0.53;1.93;1184.07
17.11.2020;10:37:58;485.12;55.12;10.62;763.46;0.59;2.25;1557.14
17.11.2020;10:38:58;578.36;54.17;10.63;763.43;0.72;2.86;2319.31
17.11.2020;10:39:58;657.72;54.51;10.65;763.38;0.82;3.37;3332.25
17.11.2020;10:40:58;691.56;54.95;10.68;763.33;0.87;3.60;3825.81
17.11.2020;10:41:58;730.79;54.93;10.70;763.30;0.92;3.83;4124.99
17.11.2020;10:42:58;764.03;54.35;10.73;763.25;0.96;4.03;4724.45
17.11.2020;10:43:59;787.60;54.07;10.75;763.23;0.99;4.17;4884.79
17.11.2020;10:44:59;819.54;54.17;10.77;763.20;1.04;4.39;5512.48
17.11.2020;10:45:59;841.22;54.48;10.78;763.19;1.06;4.53;5916.01
17.11.2020;10:46:59;834.15;54.57;10.82;763.20;1.06;4.48;5659.04
17.11.2020;10:47:59;803.08;54.67;10.84;763.20;1.02;4.31;5443.78
17.11.2020;10:48:59;774.11;54.38;10.85;763.23;0.98;4.11;4839.39
17.11.2020;10:49:59;723.86;54.51;10.85;763.23;0.91;3.77;4293.46
17.11.2020;10:50:59;674.99;54.10;10.86;763.23;0.84;3.46;3637.77
17.11.2020;10:51:59;680.24;53.85;10.85;763.23;0.85;3.49;3533.08
17.11.2020;10:52:59;648.31;54.35;10.85;763.22;0.80;3.26;3256.86
17.11.2020;10:53:59;617.39;54.43;10.85;763.23;0.76;3.09;2812.46
17.11.2020;10:54:59;613.85;54.33;10.84;763.25;0.76;3.06;2891.11
17.11.2020;10:55:59;580.92;53.99;10.84;763.28;0.71;2.84;2469.71
17.11.2020;10:56:59;551.61;53.99;10.84;763.30;0.68;2.68;2240.27
17.11.2020;10:57:59;549.43;54.43;10.84;763.35;0.68;2.67;2249.97
17.11.2020;10:58:59;523.25;54.69;10.84;763.38;0.64;2.51;1960.48
17.11.2020;10:59:59;476.97;53.40;10.82;763.39;0.59;2.22;1643.17
17.11.2020;11:00:59;432.20;54.33;10.80;763.41;0.52;1.93;1250.70
17.11.2020;11:01:59;397.67;54.65;10.80;763.43;0.47;1.66;975.52
17.11.2020;11:02:59;401.08;54.69;10.79;763.42;0.47;1.66;952.54
17.11.2020;11:03:59;417.84;54.69;10.79;763.43;0.49;1.78;1032.13
17.11.2020;11:04:59;431.81;54.76;10.79;763.44;0.51;1.89;1190.47
17.11.2020;11:05:59;418.43;54.11;10.80;763.45;0.50;1.80;1083.79
17.11.2020;11:07:00;408.78;54.30;10.79;763.47;0.49;1.76;1041.86
17.11.2020;11:08:00;418.28;54.38;10.78;763.49;0.50;1.80;1115.91
17.11.2020;11:09:00;407.82;54.27;10.78;763.52;0.49;1.76;1012.88
17.11.2020;11:10:00;410.56;54.31;10.78;763.53;0.49;1.79;1081.14
17.11.2020;11:11:00;408.74;53.98;10.78;763.52;0.49;1.77;1030.40
17.11.2020;11:12:00;407.67;54.21;10.78;763.52;0.49;1.75;1046.10
17.11.2020;11:13:00;421.19;54.72;10.78;763.53;0.51;1.85;1136.58
17.11.2020;11:14:00;443.36;54.34;10.79;763.50;0.53;1.99;1241.00
17.11.2020;11:15:00;467.04;54.68;10.79;763.48;0.57;2.12;1454.56
17.11.2020;11:16:00;489.24;54.81;10.80;763.48;0.60;2.27;1592.26
17.11.2020;11:17:00;510.78;54.44;10.82;763.48;0.63;2.42;1837.24
17.11.2020;11:18:00;539.54;53.93;10.83;763.48;0.66;2.60;2104.06
17.11.2020;11:19:00;543.38;53.99;10.82;763.48;0.67;2.62;2080.39
17.11.2020;11:20:00;545.69;53.62;10.82;763.49;0.67;2.64;2180.92
17.11.2020;11:21:00;556.02;54.45;10.82;763.49;0.69;2.71;2189.80
17.11.2020;11:22:00;577.67;54.47;10.83;763.48;0.71;2.85;2466.99
17.11.2020;11:23:00;586.93;54.48;10.85;763.48;0.72;2.90;2586.39
17.11.2020;11:24:00;590.59;54.53;10.86;763.45;0.73;2.92;2516.51
17.11.2020;11:25:00;600.46;54.21;10.88;763.43;0.74;2.99;2729.51
17.11.2020;11:26:00;592.18;53.64;10.87;763.43;0.73;2.92;2558.20
17.11.2020;11:27:00;574.11;54.10;10.88;763.43;0.71;2.81;2467.88
17.11.2020;11:28:00;556.79;54.15;10.88;763.42;0.68;2.69;2288.22
17.11.2020;11:29:00;531.27;53.56;10.88;763.43;0.65;2.52;1976.07
17.11.2020;11:30:01;497.35;53.98;10.87;763.45;0.61;2.31;1754.30
17.11.2020;11:31:01;463.91;53.82;10.86;763.47;0.56;2.11;1455.97
17.11.2020;11:32:01;409.79;53.68;10.84;763.49;0.49;1.74;1093.26
17.11.2020;11:33:01;364.53;54.49;10.84;763.52;0.42;1.45;752.54
17.11.2020;11:34:01;350.19;54.52;10.81;763.52;0.40;1.35;664.56
17.11.2020;11:35:01;361.76;53.84;10.80;763.53;0.42;1.41;717.90
17.11.2020;11:36:01;379.83;54.63;10.79;763.52;0.44;1.53;792.85
17.11.2020;11:37:01;397.19;54.33;10.78;763.51;0.47;1.65;929.07
17.11.2020;11:38:01;408.42;54.25;10.77;763.50;0.48;1.73;986.79
17.11.2020;11:39:01;417.17;54.61;10.78;763.50;0.50;1.79;1089.01
17.11.2020;11:40:01;420.21;54.64;10.79;763.49;0.50;1.80;1103.67
17.11.2020;11:41:01;420.37;54.75;10.80;763.50;0.50;1.81;1063.98
17.11.2020;11:42:01;437.63;54.12;10.80;763.47;0.52;1.91;1210.61
17.11.2020;11:43:01;462.82;54.64;10.81;763.47;0.56;2.09;1354.16
17.11.2020;11:44:01;497.86;54.27;10.82;763.46;0.60;2.30;1669.85
17.11.2020;11:45:01;536.21;54.36;10.82;763.45;0.65;2.55;2014.17
17.11.2020;11:46:01;571.02;54.36;10.83;763.44;0.70;2.78;2279.87
17.11.2020;11:47:01;604.15;54.56;10.87;763.44;0.75;3.00;2711.91
17.11.2020;11:48:01;632.82;54.50;10.89;763.42;0.78;3.18;2951.69
17.11.2020;11:49:01;642.79;54.38;10.91;763.41;0.80;3.26;3194.96
17.11.2020;11:50:01;633.97;54.38;10.92;763.41;0.79;3.19;3114.26
17.11.2020;11:51:01;611.96;53.63;10.95;763.39;0.76;3.06;2775.03
17.11.2020;11:52:01;598.43;53.36;10.95;763.38;0.74;2.97;2721.42
17.11.2020;11:53:01;595.23;53.58;10.95;763.38;0.74;2.95;2565.12
17.11.2020;11:54:02;597.47;53.36;10.95;763.36;0.74;2.96;2713.28
17.11.2020;11:55:02;580.65;53.98;10.97;763.34;0.71;2.84;2494.03
17.11.2020;11:56:02;575.38;53.98;10.98;763.33;0.71;2.80;2361.41
17.11.2020;11:57:02;571.67;52.85;10.98;763.31;0.70;2.79;2389.04
17.11.2020;11:58:02;580.44;53.65;10.98;763.30;0.71;2.82;2382.42
17.11.2020;11:59:02;575.56;53.13;10.98;763.29;0.70;2.80;2418.01
17.11.2020;12:00:02;578.81;52.94;10.98;763.29;0.71;2.80;2430.88
17.11.2020;12:01:02;583.12;53.58;10.98;763.30;0.71;2.84;2389.34
17.11.2020;12:02:02;612.44;53.14;10.97;763.32;0.75;3.03;2756.42
17.11.2020;12:03:02;630.69;52.14;10.96;763.35;0.78;3.14;2885.00
17.11.2020;12:04:02;648.64;53.47;10.96;763.36;0.81;3.30;3240.07
17.11.2020;12:05:02;644.59;52.81;10.98;763.39;0.80;3.24;3134.94
17.11.2020;12:06:02;599.21;52.57;10.98;763.41;0.74;2.95;2749.74
17.11.2020;12:07:02;539.42;53.01;10.97;763.42;0.66;2.56;2127.89
17.11.2020;12:08:02;511.27;53.36;10.96;763.44;0.62;2.39;1781.25
17.11.2020;12:09:02;498.71;52.75;10.95;763.43;0.60;2.29;1696.61
17.11.2020;12:10:02;496.38;52.88;10.92;763.42;0.60;2.27;1600.54
17.11.2020;12:11:02;524.04;52.95;10.93;763.42;0.64;2.46;1878.64
17.11.2020;12:12:02;555.00;52.96;10.93;763.39;0.68;2.66;2191.51
17.11.2020;12:13:02;569.03;53.54;10.94;763.38;0.70;2.75;2302.53
17.11.2020;12:14:02;548.29;53.58;10.95;763.37;0.67;2.63;2172.18
17.11.2020;12:15:02;539.42;53.61;10.96;763.37;0.66;2.57;2056.69
17.11.2020;12:16:02;495.08;53.71;10.96;763.38;0.60;2.28;1716.48
17.11.2020;12:17:03;457.50;53.50;10.95;763.41;0.55;2.05;1410.74
17.11.2020;12:18:03;438.63;52.97;10.93;763.44;0.53;1.94;1214.32
17.11.2020;12:19:03;435.12;53.74;10.93;763.45;0.52;1.91;1226.27
17.11.2020;12:20:03;423.93;53.53;10.93;763.45;0.50;1.83;1112.32
17.11.2020;12:21:03;409.17;53.47;10.92;763.45;0.48;1.73;1040.99
17.11.2020;12:22:03;398.78;53.24;10.92;763.46;0.47;1.66;959.82
17.11.2020;12:23:03;405.20;53.69;10.92;763.46;0.48;1.71;955.91
17.11.2020;12:24:03;411.14;53.59;10.93;763.47;0.49;1.76;1048.85
17.11.2020;12:25:03;422.44;54.00;10.93;763.48;0.50;1.83;1080.63
17.11.2020;12:26:03;431.68;53.83;10.93;763.49;0.52;1.89;1201.12
17.11.2020;12:27:03;428.85;53.25;10.91;763.50;0.51;1.88;1187.28
17.11.2020;12:28:03;427.49;53.63;10.91;763.50;0.51;1.88;1143.14
17.11.2020;12:29:03;438.08;53.89;10.91;763.50;0.53;1.94;1251.52
17.11.2020;12:30:03;444.07;53.32;10.91;763.48;0.53;1.99;1264.13
17.11.2020;12:31:03;460.94;53.88;10.92;763.46;0.56;2.09;1414.70
17.11.2020;12:32:03;467.47;53.86;10.94;763.45;0.57;2.12;1484.40
17.11.2020;12:33:03;463.62;53.80;10.95;763.44;0.57;2.13;1428.36
17.11.2020;12:34:03;470.56;53.50;10.95;763.43;0.57;2.17;1550.11
17.11.2020;12:35:03;443.22;53.55;10.95;763.44;0.54;1.98;1294.64
17.11.2020;12:36:03;415.96;53.94;10.95;763.45;0.50;1.83;1141.64
17.11.2020;12:37:03;402.77;53.96;10.95;763.47;0.49;1.73;1005.58
17.11.2020;12:38:03;399.19;53.52;10.95;763.47;0.48;1.71;1013.00
17.11.2020;12:39:03;396.43;53.62;10.94;763.49;0.47;1.68;988.20
17.11.2020;12:40:04;391.68;53.74;10.94;763.48;0.47;1.66;924.06
17.11.2020;12:41:04;400.28;52.62;10.92;763.48;0.48;1.71;999.14
17.11.2020;12:42:04;415.20;53.24;10.90;763.47;0.50;1.79;1044.27
17.11.2020;12:43:04;436.11;53.14;10.91;763.44;0.53;1.95;1234.15
17.11.2020;12:44:04;460.28;53.66;10.92;763.42;0.56;2.10;1413.82
17.11.2020;12:45:04;487.51;53.25;10.93;763.41;0.60;2.28;1594.78
17.11.2020;12:46:04;508.47;53.40;10.94;763.40;0.62;2.41;1846.79
17.11.2020;12:47:04;500.75;53.53;10.96;763.40;0.61;2.34;1735.57
17.11.2020;12:48:04;468.72;53.76;10.96;763.40;0.57;2.15;1537.81
17.11.2020;12:49:04;444.63;53.58;10.98;763.39;0.54;2.00;1341.20
17.11.2020;12:50:04;418.09;53.19;10.97;763.41;0.50;1.83;1112.98
17.11.2020;12:51:04;396.75;53.63;10.96;763.43;0.47;1.68;989.37
17.11.2020;12:52:04;392.53;53.64;10.96;763.43;0.47;1.66;925.15
17.11.2020;12:53:04;398.75;53.36;10.95;763.44;0.48;1.70;988.93
17.11.2020;12:54:04;407.22;53.65;10.95;763.41;0.49;1.74;1033.71
17.11.2020;12:55:04;418.22;53.84;10.96;763.41;0.50;1.82;1082.36
17.11.2020;12:56:04;425.82;53.18;10.96;763.39;0.51;1.88;1185.61
17.11.2020;12:57:04;423.64;53.47;10.97;763.38;0.51;1.87;1133.76
17.11.2020;12:58:04;424.19;53.67;10.97;763.38;0.51;1.89;1191.33
17.11.2020;12:59:04;421.46;53.81;10.98;763.38;0.51;1.86;1167.17
17.11.2020;13:00:04;419.96;53.73;10.99;763.39;0.51;1.85;1126.94
17.11.2020;13:01:04;414.93;53.73;11.00;763.39;0.50;1.81;1115.42
17.11.2020;13:02:04;413.02;53.66;10.98;763.38;0.50;1.79;1070.56
17.11.2020;13:03:04;395.15;53.44;10.98;763.38;0.47;1.67;994.08
17.11.2020;13:04:05;376.31;53.53;10.99;763.38;0.45;1.56;873.78
17.11.2020;13:05:05;356.61;53.42;10.98;763.39;0.42;1.43;733.16
17.11.2020;13:06:05;332.19;53.51;10.96;763.40;0.39;1.27;623.30
17.11.2020;13:07:05;316.69;53.37;10.94;763.42;0.37;1.17;523.53
17.11.2020;13:08:05;303.21;53.14;10.94;763.43;0.35;1.09;477.25
17.11.2020;13:09:05;294.32;53.52;10.94;763.44;0.34;1.04;421.07
17.11.2020;13:10:05;292.54;52.66;10.93;763.45;0.34;1.01;417.21
17.11.2020;13:11:05;300.79;53.88;10.92;763.44;0.35;1.09;464.29
17.11.2020;13:12:05;309.14;53.70;10.92;763.46;0.36;1.14;482.39
17.11.2020;13:13:05;316.40;53.30;10.91;763.46;0.37;1.19;536.76
17.11.2020;13:14:05;331.26;53.82;10.89;763.44;0.39;1.28;584.78
17.11.2020;13:15:05;348.61;53.80;10.90;763.43;0.41;1.40;703.30
17.11.2020;13:16:05;358.94;53.95;10.91;763.44;0.43;1.46;763.73
17.11.2020;13:17:05;357.02;54.01;10.92;763.43;0.42;1.45;730.78
17.11.2020;13:18:05;356.46;54.03;10.92;763.45;0.42;1.46;761.60
17.11.2020;13:19:05;348.15;53.77;10.91;763.46;0.41;1.39;689.99
17.11.2020;13:20:05;339.83;53.74;10.91;763.47;0.40;1.34;665.43
17.11.2020;13:21:05;337.04;53.84;10.90;763.47;0.40;1.32;645.66
17.11.2020;13:22:05;347.51;53.86;10.90;763.47;0.41;1.39;678.68
17.11.2020;13:23:05;359.57;53.91;10.91;763.47;0.43;1.48;772.84
17.11.2020;13:24:05;366.40;53.73;10.92;763.48;0.44;1.51;781.96
17.11.2020;13:25:05;370.86;53.25;10.92;763.46;0.44;1.55;843.35
17.11.2020;13:26:05;370.53;53.76;10.91;763.47;0.44;1.54;845.21
17.11.2020;13:27:05;361.36;53.65;10.91;763.49;0.43;1.50;773.79
17.11.2020;13:28:06;358.82;53.88;10.91;763.49;0.43;1.47;776.12
17.11.2020;13:29:06;359.17;52.96;10.90;763.49;0.43;1.45;743.52
17.11.2020;13:30:06;353.06;53.71;10.89;763.51;0.42;1.42;734.37
17.11.2020;13:31:06;356.85;53.99;10.91;763.52;0.43;1.47;736.42
17.11.2020;13:32:06;366.36;54.05;10.92;763.52;0.44;1.51;815.29
17.11.2020;13:33:06;362.37;53.98;10.92;763.51;0.43;1.48;792.07
17.11.2020;13:34:06;355.59;53.72;10.91;763.51;0.42;1.45;730.12
17.11.2020;13:35:06;363.07;53.85;10.91;763.50;0.44;1.50;797.63
17.11.2020;13:36:06;371.47;53.91;10.93;763.49;0.45;1.57;832.10
17.11.2020;13:37:06;383.88;53.66;10.95;763.47;0.46;1.63;920.29
17.11.2020;13:38:06;393.29;53.82;10.95;763.47;0.47;1.69;982.91
17.11.2020;13:39:06;402.33;53.46;10.94;763.47;0.49;1.76;1020.13
17.11.2020;13:40:06;410.13;53.69;10.94;763.45;0.50;1.80;1100.73
17.11.2020;13:41:06;417.94;53.81;10.95;763.45;0.51;1.86;1124.01
17.11.2020;13:42:06;424.79;53.53;10.94;763.44;0.52;1.91;1212.52
17.11.2020;13:43:06;430.67;53.66;10.96;763.43;0.53;1.95;1262.46
17.11.2020;13:44:06;429.46;53.74;10.97;763.42;0.53;1.94;1212.59
17.11.2020;13:45:06;431.18;53.77;10.97;763.43;0.53;1.97;1281.75
17.11.2020;13:46:06;429.55;53.41;10.97;763.44;0.53;1.97;1235.53
17.11.2020;13:47:06;428.26;53.74;10.97;763.45;0.53;1.95;1268.98
17.11.2020;13:48:06;422.96;53.75;10.97;763.46;0.52;1.90;1221.96
17.11.2020;13:49:06;415.07;53.80;10.98;763.46;0.51;1.85;1132.94
17.11.2020;13:50:06;406.31;53.72;10.99;763.47;0.50;1.80;1100.02
17.11.2020;13:51:06;403.57;53.82;10.99;763.47;0.50;1.80;1063.54
17.11.2020;13:52:07;408.93;53.72;11.02;763.46;0.50;1.82;1129.44
17.11.2020;13:53:07;405.06;53.53;11.03;763.45;0.50;1.80;1106.12
17.11.2020;13:54:07;396.19;53.61;11.02;763.43;0.49;1.74;1012.70
17.11.2020;13:55:07;396.18;53.49;11.02;763.43;0.49;1.77;1063.69
17.11.2020;13:56:07;399.49;53.40;11.03;763.40;0.49;1.78;1044.00
17.11.2020;13:57:07;405.01;53.27;11.02;763.39;0.50;1.82;1109.81
17.11.2020;13:58:07;415.87;53.08;11.03;763.37;0.51;1.88;1187.42
17.11.2020;13:59:07;408.67;53.37;11.03;763.35;0.50;1.82;1096.47
17.11.2020;14:00:07;408.29;53.25;11.05;763.35;0.50;1.82;1136.71
17.11.2020;14:01:07;397.19;53.55;11.05;763.33;0.49;1.76;1034.45
17.11.2020;14:02:07;377.99;53.35;11.05;763.34;0.46;1.62;943.61
17.11.2020;14:03:07;358.05;53.35;11.06;763.33;0.44;1.51;799.03
17.11.2020;14:04:07;348.86;53.34;11.06;763.34;0.43;1.46;763.62
17.11.2020;14:05:07;330.63;53.44;11.05;763.37;0.40;1.33;678.62
17.11.2020;14:06:07;298.22;53.50;11.05;763.38;0.36;1.12;480.68
17.11.2020;14:07:07;285.25;53.52;11.06;763.40;0.34;1.02;431.89
17.11.2020;14:08:07;263.66;53.56;11.06;763.42;0.31;0.89;326.43
17.11.2020;14:09:07;261.81;53.30;11.05;763.42;0.30;0.86;330.57
17.11.2020;14:10:07;240.71;53.27;11.04;763.43;0.28;0.73;249.87
17.11.2020;14:11:07;239.68;53.60;11.03;763.45;0.28;0.72;235.78
17.11.2020;14:12:07;244.72;53.61;11.04;763.44;0.28;0.76;262.89
17.11.2020;14:13:07;245.37;53.28;11.04;763.43;0.28;0.76;251.57
17.11.2020;14:14:07;243.72;53.64;11.03;763.42;0.28;0.74;255.83
17.11.2020;14:15:07;248.86;53.76;11.04;763.41;0.29;0.79;273.30
17.11.2020;14:16:08;267.97;53.77;11.03;763.39;0.32;0.92;332.97
17.11.2020;14:17:08;283.31;53.79;11.04;763.37;0.33;1.01;410.56
17.11.2020;14:18:08;289.05;53.68;11.04;763.37;0.34;1.04;422.95
17.11.2020;14:19:08;301.63;53.69;11.06;763.36;0.36;1.15;498.56
17.11.2020;14:20:08;316.86;53.15;11.06;763.35;0.38;1.24;572.63
17.11.2020;14:21:08;321.19;52.65;11.05;763.35;0.39;1.28;591.91
17.11.2020;14:22:08;317.96;53.11;11.05;763.35;0.38;1.25;597.54
17.11.2020;14:23:08;309.21;52.95;11.04;763.37;0.37;1.20;532.09
17.11.2020;14:24:08;303.18;53.42;11.05;763.35;0.36;1.16;521.61
17.11.2020;14:25:08;301.03;52.97;11.05;763.36;0.36;1.14;493.13
17.11.2020;14:26:08;302.32;53.47;11.05;763.35;0.37;1.17;517.69
17.11.2020;14:27:08;318.97;53.62;11.06;763.35;0.39;1.27;603.16
17.11.2020;14:28:08;314.45;53.29;11.06;763.34;0.38;1.22;556.20
17.11.2020;14:29:08;306.24;53.56;11.06;763.33;0.37;1.19;544.04
17.11.2020;14:30:08;303.86;53.57;11.07;763.33;0.37;1.17;511.30
17.11.2020;14:31:08;287.83;53.61;11.08;763.34;0.34;1.05;459.11
17.11.2020;14:32:08;256.68;53.54;11.08;763.34;0.30;0.84;321.90
17.11.2020;14:33:08;232.23;53.47;11.07;763.34;0.27;0.70;227.03
17.11.2020;14:34:08;220.06;53.53;11.06;763.35;0.25;0.61;190.76
17.11.2020;14:35:08;209.79;53.61;11.05;763.36;0.24;0.55;154.24
17.11.2020;14:36:08;208.28;53.53;11.04;763.36;0.23;0.53;154.08
17.11.2020;14:37:08;196.38;53.33;11.04;763.36;0.22;0.45;124.44
17.11.2020;14:38:08;201.36;53.32;11.04;763.33;0.23;0.48;126.98
17.11.2020;14:39:08;205.28;53.63;11.04;763.32;0.23;0.50;141.88
17.11.2020;14:40:09;206.44;53.60;11.03;763.30;0.23;0.51;140.54
17.11.2020;14:41:09;209.63;53.67;11.03;763.30;0.24;0.55;156.53
17.11.2020;14:42:09;215.89;53.12;11.02;763.30;0.24;0.57;172.46
17.11.2020;14:43:09;205.97;53.64;11.01;763.28;0.23;0.51;141.91
17.11.2020;14:44:09;208.92;53.41;11.02;763.30;0.24;0.54;156.90
17.11.2020;14:45:09;213.28;53.64;11.02;763.28;0.24;0.57;163.14
17.11.2020;14:46:09;212.03;53.51;11.02;763.29;0.24;0.56;167.29
17.11.2020;14:47:09;209.22;53.16;11.02;763.28;0.24;0.55;159.58
17.11.2020;14:48:09;210.32;53.40;11.02;763.29;0.24;0.55;155.31
17.11.2020;14:49:09;202.78;53.69;11.02;763.31;0.23;0.50;142.75
17.11.2020;14:50:09;203.62;53.29;11.02;763.31;0.23;0.51;140.42
17.11.2020;14:51:09;200.71;53.73;11.01;763.32;0.23;0.50;141.35
17.11.2020;14:52:09;195.79;53.53;10.99;763.34;0.22;0.47;127.08
17.11.2020;14:53:09;195.19;53.56;10.99;763.35;0.22;0.48;128.82
17.11.2020;14:54:09;192.04;53.63;11.00;763.36;0.22;0.45;123.77
17.11.2020;14:55:09;184.28;53.30;10.99;763.37;0.21;0.39;98.08
17.11.2020;14:56:09;181.01;53.21;10.99;763.38;0.20;0.39;97.09
17.11.2020;14:57:09;183.08;53.47;10.98;763.39;0.20;0.40;96.97
17.11.2020;14:58:09;174.35;53.74;10.97;763.39;0.19;0.34;84.47
17.11.2020;14:59:09;167.06;53.67;10.96;763.40;0.18;0.30;66.88
17.11.2020;15:00:09;163.23;53.91;10.96;763.41;0.18;0.28;61.13
17.11.2020;15:01:09;158.75;53.99;10.96;763.41;0.17;0.24;53.24
17.11.2020;15:02:09;153.08;53.93;10.96;763.41;0.17;0.20;40.96
17.11.2020;15:03:09;151.86;53.78;10.95;763.40;0.17;0.20;40.66
17.11.2020;15:04:09;149.18;53.60;10.95;763.41;0.16;0.18;37.02
17.11.2020;15:05:10;147.58;53.83;10.94;763.42;0.16;0.17;30.88
17.11.2020;15:06:10;146.28;53.67;10.93;763.43;0.16;0.17;34.26
17.11.2020;15:07:10;141.17;53.51;10.93;763.43;0.15;0.12;24.56
17.11.2020;15:08:10;131.56;53.25;10.92;763.44;0.14;0.07;11.95
17.11.2020;15:09:10;126.51;53.66;10.91;763.46;0.13;0.01;2.29
17.11.2020;15:10:10;124.58;53.99;10.91;763.46;0.13;0.00;0.74
17.11.2020;15:11:10;119.99;53.94;10.91;763.46;0.12;0.00;0.00
17.11.2020;15:12:10;116.86;54.05;10.89;763.46;0.12;0.00;0.00
17.11.2020;15:13:10;118.79;54.04;10.89;763.45;0.12;0.00;0.00
17.11.2020;15:14:10;117.86;53.84;10.88;763.45;0.12;0.00;0.00
17.11.2020;15:15:10;117.67;54.04;10.88;763.45;0.12;0.00;0.00
17.11.2020;15:16:10;113.76;53.99;10.88;763.46;0.11;0.00;0.00
17.11.2020;15:17:10;109.31;53.91;10.87;763.46;0.11;0.00;0.00
17.11.2020;15:18:10;106.05;53.97;10.88;763.47;0.10;0.00;0.00
17.11.2020;15:19:10;103.43;53.66;10.88;763.47;0.10;0.00;0.00
17.11.2020;15:20:10;98.15;54.17;10.87;763.47;0.09;0.00;0.00
17.11.2020;15:21:10;98.95;54.29;10.87;763.47;0.09;0.00;0.00
17.11.2020;15:22:10;97.87;53.90;10.87;763.47;0.09;0.00;0.00
17.11.2020;15:23:10;92.14;53.77;10.86;763.47;0.08;0.00;0.00
17.11.2020;15:24:10;90.82;53.69;10.86;763.47;0.08;0.00;0.00
17.11.2020;15:25:10;88.15;54.08;10.86;763.47;0.08;0.00;0.00
17.11.2020;15:26:10;84.71;53.79;10.86;763.48;0.07;0.00;0.00
17.11.2020;15:27:10;86.13;52.91;10.85;763.47;0.07;0.00;0.00
17.11.2020;15:28:10;84.14;54.06;10.84;763.48;0.07;0.00;0.00
17.11.2020;15:29:10;79.19;53.76;10.84;763.48;0.07;0.00;0.00
17.11.2020;15:30:10;78.18;53.77;10.84;763.48;0.06;0.00;0.00
17.11.2020;15:31:10;72.21;53.84;10.83;763.49;0.06;0.00;0.00
17.11.2020;15:32:10;70.52;53.62;10.83;763.50;0.06;0.00;0.00
17.11.2020;15:33:11;74.56;53.85;10.82;763.50;0.06;0.00;0.00
17.11.2020;15:34:11;77.96;53.29;10.81;763.49;0.07;0.00;0.00
17.11.2020;15:35:11;78.66;53.82;10.80;763.48;0.07;0.00;0.00
17.11.2020;15:36:11;79.75;53.86;10.79;763.47;0.07;0.00;0.00
17.11.2020;15:37:11;78.93;54.28;10.79;763.47;0.07;0.00;0.00
17.11.2020;15:38:11;78.40;54.17;10.79;763.47;0.07;0.00;0.00
17.11.2020;15:39:11;75.38;54.08;10.79;763.46;0.07;0.00;0.00
17.11.2020;15:40:11;77.51;54.39;10.80;763.46;0.07;0.00;0.00
17.11.2020;15:41:11;74.11;54.27;10.79;763.45;0.06;0.00;0.00
17.11.2020;15:42:11;65.94;53.38;10.78;763.46;0.05;0.00;0.00
17.11.2020;15:43:11;62.82;53.96;10.76;763.46;0.05;0.00;0.00
17.11.2020;15:44:11;58.17;54.35;10.76;763.48;0.04;0.00;0.00
17.11.2020;15:45:11;53.54;53.40;10.76;763.49;0.03;0.00;0.00
17.11.2020;15:46:11;48.23;54.06;10.75;763.51;0.03;0.00;0.00
17.11.2020;15:47:11;41.18;54.17;10.75;763.53;0.02;0.00;0.00
17.11.2020;15:48:11;41.07;54.38;10.76;763.55;0.02;0.00;0.00
17.11.2020;15:49:11;41.31;54.41;10.75;763.55;0.02;0.00;0.00
17.11.2020;15:50:11;42.29;54.05;10.75;763.56;0.02;0.00;0.00
17.11.2020;15:51:11;42.74;54.40;10.75;763.55;0.02;0.00;0.00
17.11.2020;15:52:11;39.58;54.45;10.76;763.55;0.02;0.00;0.00
17.11.2020;15:53:11;38.93;54.44;10.76;763.56;0.02;0.00;0.00
17.11.2020;15:54:11;36.79;54.23;10.75;763.56;0.01;0.00;0.00
17.11.2020;15:55:11;37.94;54.55;10.76;763.55;0.01;0.00;0.00
17.11.2020;15:56:11;33.72;53.94;10.75;763.55;0.01;0.00;0.00
17.11.2020;15:57:11;35.44;54.28;10.75;763.56;0.01;0.00;0.00
17.11.2020;15:58:11;32.51;54.46;10.75;763.55;0.01;0.00;0.00
17.11.2020;15:59:11;30.01;54.35;10.75;763.54;0.00;0.00;0.00
17.11.2020;16:00:11;28.55;54.34;10.75;763.55;0.00;0.00;0.00
17.11.2020;16:01:11;27.12;54.07;10.75;763.55;0.00;0.00;0.00
17.11.2020;16:02:11;24.24;54.19;10.75;763.56;0.00;0.00;0.00
17.11.2020;16:03:12;22.67;54.62;10.74;763.57;0.00;0.00;0.00
17.11.2020;16:04:12;21.36;54.33;10.74;763.57;0.00;0.00;0.00
17.11.2020;16:05:12;20.04;54.31;10.74;763.57;0.00;0.00;0.00
17.11.2020;16:06:12;18.26;53.98;10.74;763.57;0.00;0.00;0.00
17.11.2020;16:07:12;17.19;54.55;10.73;763.57;0.00;0.00;0.00
17.11.2020;16:08:12;15.50;54.67;10.74;763.57;0.00;0.00;0.00
17.11.2020;16:09:12;16.77;54.65;10.75;763.57;0.00;0.00;0.00
17.11.2020;16:10:12;15.32;54.52;10.74;763.57;0.00;0.00;0.00
17.11.2020;16:11:12;14.17;54.55;10.74;763.57;0.00;0.00;0.00
17.11.2020;16:12:12;14.15;54.63;10.75;763.56;0.00;0.00;0.00
17.11.2020;16:13:12;13.49;54.42;10.76;763.56;0.00;0.00;0.00
17.11.2020;16:14:12;11.89;54.24;10.75;763.56;0.00;0.00;0.00
17.11.2020;16:15:12;10.89;54.43;10.76;763.56;0.00;0.00;0.00
17.11.2020;16:16:12;11.24;54.07;10.77;763.56;0.00;0.00;0.00
17.11.2020;16:17:12;10.07;54.35;10.76;763.57;0.00;0.00;0.00
17.11.2020;16:18:12;9.19;54.36;10.77;763.57;0.00;0.00;0.00
17.11.2020;16:19:12;8.97;54.22;10.77;763.57;0.00;0.00;0.00
17.11.2020;16:20:12;8.97;54.48;10.78;763.57;0.00;0.00;0.00
17.11.2020;16:21:12;7.92;54.12;10.77;763.57;0.00;0.00;0.00
17.11.2020;16:22:12;7.81;54.12;10.78;763.58;0.00;0.00;0.00
17.11.2020;16:23:12;7.51;54.54;10.78;763.59;0.00;0.00;0.00
17.11.2020;16:24:12;6.69;54.56;10.79;763.59;0.00;0.00;0.00
17.11.2020;16:25:12;5.89;54.59;10.80;763.60;0.00;0.00;0.00
17.11.2020;16:26:12;5.83;54.35;10.80;763.59;0.00;0.00;0.00
17.11.2020;16:27:12;5.25;54.39;10.80;763.58;0.00;0.00;0.00
17.11.2020;16:28:12;5.00;54.48;10.82;763.60;0.00;0.00;0.00
17.11.2020;16:29:12;5.00;54.56;10.82;763.60;0.00;0.00;0.00
17.11.2020;16:30:12;4.21;54.54;10.81;763.60;0.00;0.00;0.00
17.11.2020;16:31:12;4.17;54.14;10.82;763.60;0.00;0.00;0.00
17.11.2020;16:32:12;4.18;53.82;10.82;763.60;0.00;0.00;0.00
17.11.2020;16:33:12;3.64;54.16;10.81;763.63;0.00;0.00;0.00
17.11.2020;16:34:13;3.33;53.85;10.81;763.64;0.00;0.00;0.00
17.11.2020;16:35:13;3.35;54.10;10.79;763.65;0.00;0.00;0.00
17.11.2020;16:36:13;3.33;54.32;10.80;763.65;0.00;0.00;0.00
17.11.2020;16:37:13;3.33;54.34;10.81;763.68;0.00;0.00;0.00
17.11.2020;16:38:13;3.33;54.48;10.82;763.67;0.00;0.00;0.00
17.11.2020;16:39:13;3.33;54.26;10.81;763.66;0.00;0.00;0.00
17.11.2020;16:40:13;3.33;54.28;10.80;763.67;0.00;0.00;0.00
17.11.2020;16:41:13;3.33;54.30;10.81;763.66;0.00;0.00;0.00
17.11.2020;16:42:13;3.33;54.03;10.81;763.65;0.00;0.00;0.00
17.11.2020;16:43:13;3.35;54.12;10.80;763.66;0.00;0.00;0.00
17.11.2020;16:44:13;3.33;54.17;10.80;763.67;0.00;0.00;0.00
17.11.2020;16:45:13;3.33;54.32;10.81;763.66;0.00;0.00;0.00
17.11.2020;16:46:13;3.36;54.47;10.81;763.66;0.00;0.00;0.00
17.11.2020;16:47:13;3.33;54.34;10.81;763.66;0.00;0.00;0.00
17.11.2020;16:48:13;3.33;54.17;10.81;763.66;0.00;0.00;0.00
17.11.2020;16:49:13;3.35;54.16;10.81;763.65;0.00;0.00;0.00
17.11.2020;16:50:13;3.33;54.36;10.81;763.66;0.00;0.00;0.00
17.11.2020;16:51:13;3.33;54.33;10.81;763.68;0.00;0.00;0.00
17.11.2020;16:52:13;3.33;54.31;10.82;763.68;0.00;0.00;0.00
17.11.2020;16:53:13;3.33;54.21;10.82;763.68;0.00;0.00;0.00
17.11.2020;16:54:13;3.33;54.23;10.81;763.68;0.00;0.00;0.00
17.11.2020;16:55:13;3.33;54.31;10.82;763.69;0.00;0.00;0.00
17.11.2020;16:56:13;3.33;54.43;10.82;763.71;0.00;0.00;0.00
17.11.2020;16:57:13;3.35;54.59;10.82;763.72;0.00;0.00;0.00
17.11.2020;16:58:13;3.33;53.77;10.82;763.73;0.00;0.00;0.00
17.11.2020;16:59:13;3.33;54.17;10.82;763.74;0.00;0.00;0.00
17.11.2020;17:00:13;3.36;54.17;10.82;763.74;0.00;0.00;0.00
17.11.2020;17:01:13;3.33;54.32;10.81;763.73;0.00;0.00;0.00
17.11.2020;17:02:13;3.33;54.13;10.81;763.72;0.00;0.00;0.00
17.11.2020;17:03:13;3.35;54.23;10.81;763.72;0.00;0.00;0.00
17.11.2020;17:04:13;3.33;54.58;10.82;763.72;0.00;0.00;0.00
17.11.2020;17:05:13;3.33;54.15;10.82;763.70;0.00;0.00;0.00
17.11.2020;17:06:14;3.33;54.12;10.82;763.69;0.00;0.00;0.00
17.11.2020;17:07:14;3.33;54.16;10.81;763.69;0.00;0.00;0.00
17.11.2020;17:08:14;3.33;53.84;10.82;763.70;0.00;0.00;0.00
17.11.2020;17:09:14;3.33;54.49;10.83;763.70;0.00;0.00;0.00
17.11.2020;17:10:14;3.33;54.35;10.83;763.70;0.00;0.00;0.00
17.11.2020;17:11:14;3.35;54.12;10.83;763.72;0.00;0.00;0.00
17.11.2020;17:12:14;3.33;54.07;10.82;763.72;0.00;0.00;0.00
17.11.2020;17:13:14;3.33;53.96;10.82;763.71;0.00;0.00;0.00
17.11.2020;17:14:14;3.36;54.06;10.82;763.71;0.00;0.00;0.00
17.11.2020;17:15:14;3.33;53.98;10.82;763.72;0.00;0.00;0.00
17.11.2020;17:16:14;3.33;54.63;10.82;763.73;0.00;0.00;0.00
17.11.2020;17:17:14;3.35;54.37;10.82;763.73;0.00;0.00;0.00
17.11.2020;17:18:14;3.33;54.31;10.82;763.73;0.00;0.00;0.00
17.11.2020;17:19:14;3.33;54.44;10.82;763.73;0.00;0.00;0.00
17.11.2020;17:20:14;3.33;54.53;10.83;763.73;0.00;0.00;0.00
17.11.2020;17:21:14;3.33;54.04;10.83;763.73;0.00;0.00;0.00
17.11.2020;17:22:14;3.33;54.29;10.84;763.71;0.00;0.00;0.00
17.11.2020;17:23:14;3.33;54.27;10.84;763.70;0.00;0.00;0.00
17.11.2020;17:24:14;3.33;54.14;10.83;763.70;0.00;0.00;0.00
17.11.2020;17:25:14;3.35;54.14;10.84;763.70;0.00;0.00;0.00
17.11.2020;17:26:14;3.33;54.48;10.83;763.70;0.00;0.00;0.00
17.11.2020;17:27:14;3.33;54.41;10.83;763.71;0.00;0.00;0.00
17.11.2020;17:28:14;3.36;54.36;10.83;763.72;0.00;0.00;0.00
17.11.2020;17:29:14;3.33;54.35;10.82;763.72;0.00;0.00;0.00
17.11.2020;17:30:14;3.33;54.50;10.82;763.73;0.00;0.00;0.00
17.11.2020;17:31:14;3.35;54.28;10.82;763.73;0.00;0.00;0.00
17.11.2020;17:32:14;3.33;54.39;10.82;763.74;0.00;0.00;0.00
17.11.2020;17:33:14;3.33;54.06;10.82;763.73;0.00;0.00;0.00
17.11.2020;17:34:14;3.33;54.65;10.83;763.74;0.00;0.00;0.00
17.11.2020;17:35:14;3.33;54.41;10.84;763.75;0.00;0.00;0.00
17.11.2020;17:36:14;3.33;54.16;10.84;763.76;0.00;0.00;0.00
17.11.2020;17:37:15;3.33;53.95;10.85;763.77;0.00;0.00;0.00
17.11.2020;17:38:15;3.33;54.33;10.85;763.78;0.00;0.00;0.00
17.11.2020;17:39:15;3.35;54.37;10.85;763.78;0.00;0.00;0.00
17.11.2020;17:40:15;3.33;54.27;10.85;763.78;0.00;0.00;0.00
17.11.2020;17:41:15;3.33;54.32;10.85;763.79;0.00;0.00;0.00
17.11.2020;17:42:15;3.36;54.34;10.86;763.80;0.00;0.00;0.00
17.11.2020;17:43:15;3.33;54.54;10.86;763.80;0.00;0.00;0.00
17.11.2020;17:44:15;3.33;54.44;10.87;763.80;0.00;0.00;0.00
17.11.2020;17:45:15;3.35;54.17;10.87;763.81;0.00;0.00;0.00
17.11.2020;17:46:15;3.33;54.47;10.87;763.81;0.00;0.00;0.00
17.11.2020;17:47:15;3.33;54.24;10.87;763.81;0.00;0.00;0.00
17.11.2020;17:48:15;3.33;54.42;10.87;763.80;0.00;0.00;0.00
17.11.2020;17:49:15;3.33;54.59;10.87;763.80;0.00;0.00;0.00
17.11.2020;17:50:15;3.33;54.45;10.88;763.79;0.00;0.00;0.00
17.11.2020;17:51:15;3.33;54.48;10.89;763.78;0.00;0.00;0.00
17.11.2020;17:52:15;3.33;54.38;10.89;763.78;0.00;0.00;0.00
17.11.2020;17:53:15;3.35;54.47;10.89;763.80;0.00;0.00;0.00
17.11.2020;17:54:15;3.33;54.49;10.89;763.81;0.00;0.00;0.00
17.11.2020;17:55:15;3.33;54.58;10.89;763.80;0.00;0.00;0.00
17.11.2020;17:56:15;3.36;54.06;10.89;763.81;0.00;0.00;0.00
17.11.2020;17:57:15;3.33;54.49;10.89;763.81;0.00;0.00;0.00
17.11.2020;17:58:15;3.33;54.44;10.90;763.82;0.00;0.00;0.00
17.11.2020;17:59:15;3.35;54.45;10.90;763.82;0.00;0.00;0.00
17.11.2020;18:00:15;3.33;54.40;10.90;763.82;0.00;0.00;0.00
17.11.2020;18:01:15;3.33;54.05;10.88;763.81;0.00;0.00;0.00
17.11.2020;18:02:15;3.33;54.42;10.89;763.83;0.00;0.00;0.00
17.11.2020;18:03:15;3.33;54.46;10.90;763.83;0.00;0.00;0.00
17.11.2020;18:04:15;3.33;54.34;10.90;763.84;0.00;0.00;0.00
17.11.2020;18:05:15;3.33;54.49;10.90;763.84;0.00;0.00;0.00
17.11.2020;18:06:15;3.33;54.40;10.90;763.84;0.00;0.00;0.00
17.11.2020;18:07:15;3.35;54.51;10.91;763.85;0.00;0.00;0.00
17.11.2020;18:08:16;3.33;54.05;10.90;763.84;0.00;0.00;0.00
17.11.2020;18:09:16;3.33;54.06;10.90;763.84;0.00;0.00;0.00
17.11.2020;18:10:16;3.36;54.42;10.91;763.87;0.00;0.00;0.00
17.11.2020;18:11:16;3.33;54.14;10.91;763.87;0.00;0.00;0.00
17.11.2020;18:12:16;3.33;54.33;10.91;763.88;0.00;0.00;0.00
17.11.2020;18:13:16;3.35;54.20;10.92;763.89;0.00;0.00;0.00
17.11.2020;18:14:16;3.33;54.32;10.92;763.90;0.00;0.00;0.00
17.11.2020;18:15:16;3.33;54.48;10.92;763.91;0.00;0.00;0.00
17.11.2020;18:16:16;3.33;54.50;10.92;763.90;0.00;0.00;0.00
17.11.2020;18:17:16;3.33;54.48;10.93;763.90;0.00;0.00;0.00
17.11.2020;18:18:16;3.33;54.42;10.93;763.89;0.00;0.00;0.00
17.11.2020;18:19:16;3.33;54.08;10.93;763.90;0.00;0.00;0.00
17.11.2020;18:20:16;3.33;54.39;10.94;763.90;0.00;0.00;0.00
17.11.2020;18:21:16;3.35;54.51;10.94;763.91;0.00;0.00;0.00
17.11.2020;18:22:16;3.33;54.28;10.94;763.92;0.00;0.00;0.00
17.11.2020;18:23:16;3.33;54.26;10.95;763.92;0.00;0.00;0.00
17.11.2020;18:24:16;3.36;54.43;10.95;763.91;0.00;0.00;0.00
17.11.2020;18:25:16;3.33;54.19;10.96;763.91;0.00;0.00;0.00
17.11.2020;18:26:16;3.33;54.27;10.97;763.91;0.00;0.00;0.00
17.11.2020;18:27:16;3.35;54.22;10.97;763.90;0.00;0.00;0.00
17.11.2020;18:28:16;3.33;53.91;10.97;763.89;0.00;0.00;0.00
17.11.2020;18:29:16;3.33;54.17;10.97;763.89;0.00;0.00;0.00
17.11.2020;18:30:16;3.33;54.23;10.97;763.89;0.00;0.00;0.00
17.11.2020;18:31:16;3.33;54.22;10.96;763.89;0.00;0.00;0.00
17.11.2020;18:32:16;3.33;54.18;10.96;763.89;0.00;0.00;0.00
17.11.2020;18:33:16;3.33;54.15;10.95;763.90;0.00;0.00;0.00
17.11.2020;18:34:16;3.33;54.16;10.95;763.91;0.00;0.00;0.00
17.11.2020;18:35:16;3.35;54.51;10.95;763.92;0.00;0.00;0.00
17.11.2020;18:36:16;3.33;54.48;10.94;763.92;0.00;0.00;0.00
17.11.2020;18:37:16;3.33;53.98;10.94;763.93;0.00;0.00;0.00
17.11.2020;18:38:16;3.36;53.82;10.93;763.95;0.00;0.00;0.00
17.11.2020;18:39:16;3.33;54.36;10.95;763.97;0.00;0.00;0.00
17.11.2020;18:40:17;3.33;54.53;10.95;763.97;0.00;0.00;0.00
17.11.2020;18:41:17;3.35;54.53;10.95;763.97;0.00;0.00;0.00
17.11.2020;18:42:17;3.33;54.26;10.95;763.99;0.00;0.00;0.00
17.11.2020;18:43:17;3.33;54.56;10.95;764.00;0.00;0.00;0.00
17.11.2020;18:44:17;3.33;54.46;10.96;764.00;0.00;0.00;0.00
17.11.2020;18:45:17;3.33;54.46;10.95;764.01;0.00;0.00;0.00
17.11.2020;18:46:17;3.33;54.62;10.96;764.01;0.00;0.00;0.00
17.11.2020;18:47:17;3.33;54.47;10.96;764.01;0.00;0.00;0.00
17.11.2020;18:48:17;3.33;54.51;10.96;764.01;0.00;0.00;0.00
17.11.2020;18:49:17;3.35;54.47;10.98;764.02;0.00;0.00;0.00
17.11.2020;18:50:17;3.33;54.41;10.97;764.00;0.00;0.00;0.00
17.11.2020;18:51:17;3.33;54.17;10.97;764.00;0.00;0.00;0.00
17.11.2020;18:52:17;3.36;54.44;10.97;764.00;0.00;0.00;0.00
17.11.2020;18:53:17;3.33;54.47;10.96;764.00;0.00;0.00;0.00
17.11.2020;18:54:17;3.33;54.65;10.97;764.00;0.00;0.00;0.00
17.11.2020;18:55:17;3.35;54.30;10.97;764.01;0.00;0.00;0.00
17.11.2020;18:56:17;3.33;54.34;10.97;764.00;0.00;0.00;0.00
17.11.2020;18:57:17;3.33;54.42;10.98;764.00;0.00;0.00;0.00
17.11.2020;18:58:17;3.33;54.22;10.99;764.00;0.00;0.00;0.00
17.11.2020;18:59:17;3.33;54.20;10.98;763.99;0.00;0.00;0.00
17.11.2020;19:00:17;3.33;54.41;10.99;763.98;0.00;0.00;0.00
17.11.2020;19:01:17;3.33;54.49;11.00;763.99;0.00;0.00;0.00
17.11.2020;19:02:17;3.33;54.48;10.99;763.99;0.00;0.00;0.00
17.11.2020;19:03:17;3.35;54.52;10.99;764.00;0.00;0.00;0.00
17.11.2020;19:04:17;3.33;54.51;11.00;763.99;0.00;0.00;0.00
17.11.2020;19:05:17;3.33;54.50;11.00;763.98;0.00;0.00;0.00
17.11.2020;19:06:17;3.36;54.33;11.00;763.97;0.00;0.00;0.00
17.11.2020;19:07:17;3.33;54.40;10.99;763.98;0.00;0.00;0.00
17.11.2020;19:08:17;3.33;53.99;11.00;763.97;0.00;0.00;0.00
17.11.2020;19:09:17;3.35;54.43;11.00;763.98;0.00;0.00;0.00
17.11.2020;19:10:17;3.33;54.34;11.00;763.99;0.00;0.00;0.00
17.11.2020;19:11:18;3.33;54.35;11.00;764.00;0.00;0.00;0.00
17.11.2020;19:12:18;3.33;54.10;11.01;764.01;0.00;0.00;0.00
17.11.2020;19:13:18;3.33;54.31;11.01;764.01;0.00;0.00;0.00
17.11.2020;19:14:18;3.33;54.21;11.01;764.02;0.00;0.00;0.00
17.11.2020;19:15:18;3.33;54.14;11.00;764.02;0.00;0.00;0.00
17.11.2020;19:16:18;3.33;54.34;11.01;764.02;0.00;0.00;0.00
17.11.2020;19:17:18;3.35;54.05;11.00;764.01;0.00;0.00;0.00
17.11.2020;19:18:18;3.33;54.13;11.00;764.01;0.00;0.00;0.00
17.11.2020;19:19:18;3.33;54.37;10.99;764.01;0.00;0.00;0.00
17.11.2020;19:20:18;3.36;54.42;10.99;764.00;0.00;0.00;0.00
17.11.2020;19:21:18;3.33;54.31;10.99;764.01;0.00;0.00;0.00
17.11.2020;19:22:18;3.33;54.21;10.99;764.00;0.00;0.00;0.00
17.11.2020;19:23:18;3.35;54.45;10.99;764.00;0.00;0.00;0.00
17.11.2020;19:24:18;3.33;54.39;11.01;763.99;0.00;0.00;0.00
17.11.2020;19:25:18;3.33;54.40;11.01;763.98;0.00;0.00;0.00
17.11.2020;19:26:18;3.33;54.21;11.01;763.98;0.00;0.00;0.00
17.11.2020;19:27:18;3.33;54.16;11.00;763.98;0.00;0.00;0.00
17.11.2020;19:28:18;3.33;54.46;11.00;763.99;0.00;0.00;0.00
17.11.2020;19:29:18;3.33;54.49;10.99;763.99;0.00;0.00;0.00
17.11.2020;19:30:18;3.33;54.24;10.99;763.99;0.00;0.00;0.00
17.11.2020;19:31:18;3.35;54.54;10.99;764.00;0.00;0.00;0.00
17.11.2020;19:32:18;3.33;54.48;10.99;764.00;0.00;0.00;0.00
17.11.2020;19:33:18;3.33;54.15;10.99;764.01;0.00;0.00;0.00
17.11.2020;19:34:18;3.36;54.32;10.99;764.01;0.00;0.00;0.00
17.11.2020;19:35:18;3.33;54.31;10.99;764.01;0.00;0.00;0.00
17.11.2020;19:36:18;3.33;54.19;10.98;764.02;0.00;0.00;0.00
17.11.2020;19:37:18;3.35;54.45;10.99;764.02;0.00;0.00;0.00
17.11.2020;19:38:18;3.33;54.19;11.00;764.01;0.00;0.00;0.00
17.11.2020;19:39:18;3.33;54.32;11.01;764.02;0.00;0.00;0.00
17.11.2020;19:40:18;3.33;54.49;11.01;764.02;0.00;0.00;0.00
17.11.2020;19:41:18;3.33;54.29;11.01;764.01;0.00;0.00;0.00
17.11.2020;19:42:18;3.33;54.40;11.00;764.01;0.00;0.00;0.00
17.11.2020;19:43:19;3.33;54.28;11.00;764.03;0.00;0.00;0.00
17.11.2020;19:44:19;3.33;54.16;10.99;764.02;0.00;0.00;0.00
17.11.2020;19:45:19;3.35;54.45;11.00;764.03;0.00;0.00;0.00
17.11.2020;19:46:19;3.33;54.27;11.02;764.03;0.00;0.00;0.00
17.11.2020;19:47:19;3.33;54.32;11.01;764.03;0.00;0.00;0.00
17.11.2020;19:48:19;3.36;54.46;11.02;764.04;0.00;0.00;0.00
17.11.2020;19:49:19;3.33;54.18;11.03;764.04;0.00;0.00;0.00
17.11.2020;19:50:19;3.33;54.26;11.03;764.04;0.00;0.00;0.00
17.11.2020;19:51:19;3.35;54.14;11.04;764.04;0.00;0.00;0.00
17.11.2020;19:52:19;3.33;54.29;11.04;764.04;0.00;0.00;0.00
17.11.2020;19:53:19;3.33;54.41;11.04;764.04;0.00;0.00;0.00
17.11.2020;19:54:19;3.33;54.31;11.04;764.05;0.00;0.00;0.00
17.11.2020;19:55:19;3.33;54.31;11.05;764.06;0.00;0.00;0.00
17.11.2020;19:56:19;3.33;53.87;11.06;764.08;0.00;0.00;0.00
17.11.2020;19:57:19;3.33;54.09;11.06;764.08;0.00;0.00;0.00
17.11.2020;19:58:19;3.33;53.57;11.04;764.10;0.00;0.00;0.00
17.11.2020;19:59:19;3.35;54.20;11.04;764.11;0.00;0.00;0.00
17.11.2020;20:00:19;3.33;54.24;11.04;764.12;0.00;0.00;0.00
17.11.2020;20:01:19;3.33;53.85;11.04;764.11;0.00;0.00;0.00
17.11.2020;20:02:19;3.36;53.94;11.04;764.10;0.00;0.00;0.00
17.11.2020;20:03:19;3.33;54.13;11.04;764.11;0.00;0.00;0.00
17.11.2020;20:04:19;3.33;53.98;11.05;764.10;0.00;0.00;0.00
17.11.2020;20:05:19;3.35;54.14;11.05;764.10;0.00;0.00;0.00
17.11.2020;20:06:19;3.33;54.19;11.06;764.10;0.00;0.00;0.00
17.11.2020;20:07:19;3.33;54.16;11.07;764.10;0.00;0.00;0.00
17.11.2020;20:08:19;3.33;54.01;11.07;764.08;0.00;0.00;0.00
17.11.2020;20:09:19;3.33;53.79;11.06;764.09;0.00;0.00;0.00
17.11.2020;20:10:19;3.33;54.04;11.06;764.09;0.00;0.00;0.00
17.11.2020;20:11:19;3.33;53.95;11.06;764.09;0.00;0.00;0.00
17.11.2020;20:12:19;3.33;54.18;11.06;764.09;0.00;0.00;0.00
17.11.2020;20:13:19;3.35;54.27;11.07;764.09;0.00;0.00;0.00
17.11.2020;20:14:20;3.33;54.28;11.08;764.11;0.00;0.00;0.00
17.11.2020;20:15:20;3.33;53.99;11.08;764.12;0.00;0.00;0.00
17.11.2020;20:16:20;3.36;54.15;11.08;764.13;0.00;0.00;0.00
17.11.2020;20:17:20;3.33;54.28;11.08;764.13;0.00;0.00;0.00
17.11.2020;20:18:20;3.33;54.17;11.08;764.14;0.00;0.00;0.00
17.11.2020;20:19:20;3.35;54.08;11.08;764.14;0.00;0.00;0.00
17.11.2020;20:20:20;3.33;54.08;11.09;764.15;0.00;0.00;0.00
17.11.2020;20:21:20;3.33;54.25;11.09;764.16;0.00;0.00;0.00
17.11.2020;20:22:20;3.33;53.85;11.09;764.16;0.00;0.00;0.00
17.11.2020;20:23:20;3.33;54.22;11.10;764.17;0.00;0.00;0.00
17.11.2020;20:24:20;3.33;54.11;11.10;764.17;0.00;0.00;0.00
17.11.2020;20:25:20;3.33;53.77;11.10;764.17;0.00;0.00;0.00
17.11.2020;20:26:20;3.33;53.98;11.10;764.18;0.00;0.00;0.00
17.11.2020;20:27:20;3.35;53.99;11.11;764.19;0.00;0.00;0.00
17.11.2020;20:28:20;3.33;54.12;11.11;764.19;0.00;0.00;0.00
17.11.2020;20:29:20;3.33;54.20;11.12;764.20;0.00;0.00;0.00
17.11.2020;20:30:20;3.36;53.79;11.12;764.18;0.00;0.00;0.00
17.11.2020;20:31:20;3.33;54.03;11.12;764.19;0.00;0.00;0.00
17.11.2020;20:32:20;3.33;54.13;11.11;764.18;0.00;0.00;0.00
17.11.2020;20:33:20;3.35;54.14;11.11;764.19;0.00;0.00;0.00
17.11.2020;20:34:20;3.33;54.03;11.09;764.20;0.00;0.00;0.00
17.11.2020;20:35:20;3.33;54.01;11.08;764.20;0.00;0.00;0.00
17.11.2020;20:36:20;3.33;54.03;11.08;764.20;0.00;0.00;0.00
17.11.2020;20:37:20;3.33;53.98;11.08;764.21;0.00;0.00;0.00
17.11.2020;20:38:20;3.33;54.14;11.08;764.21;0.00;0.00;0.00
17.11.2020;20:39:20;3.33;54.22;11.09;764.20;0.00;0.00;0.00
17.11.2020;20:40:20;3.33;54.16;11.09;764.20;0.00;0.00;0.00
17.11.2020;20:41:20;3.35;53.94;11.08;764.19;0.00;0.00;0.00
17.11.2020;20:42:20;3.33;54.26;11.09;764.19;0.00;0.00;0.00
17.11.2020;20:43:20;3.33;54.29;11.11;764.21;0.00;0.00;0.00
17.11.2020;20:44:20;3.36;54.13;11.11;764.21;0.00;0.00;0.00
17.11.2020;20:45:21;3.33;54.12;11.11;764.21;0.00;0.00;0.00
17.11.2020;20:46:21;3.33;54.05;11.11;764.23;0.00;0.00;0.00
17.11.2020;20:47:21;3.35;54.04;11.12;764.24;0.00;0.00;0.00
17.11.2020;20:48:21;3.33;54.19;11.12;764.25;0.00;0.00;0.00
17.11.2020;20:49:21;3.33;54.20;11.12;764.25;0.00;0.00;0.00
17.11.2020;20:50:21;3.33;54.09;11.12;764.26;0.00;0.00;0.00
17.11.2020;20:51:21;3.33;53.95;11.12;764.26;0.00;0.00;0.00
17.11.2020;20:52:21;3.33;54.12;11.12;764.27;0.00;0.00;0.00
17.11.2020;20:53:21;3.33;54.03;11.13;764.27;0.00;0.00;0.00
17.11.2020;20:54:21;3.33;54.14;11.13;764.28;0.00;0.00;0.00
17.11.2020;20:55:21;3.35;54.20;11.13;764.30;0.00;0.00;0.00
17.11.2020;20:56:21;3.33;54.14;11.13;764.31;0.00;0.00;0.00
17.11.2020;20:57:21;3.33;53.96;11.14;764.31;0.00;0.00;0.00
17.11.2020;20:58:21;3.36;53.92;11.15;764.31;0.00;0.00;0.00
17.11.2020;20:59:21;3.33;53.92;11.16;764.32;0.00;0.00;0.00
17.11.2020;21:00:21;3.33;54.04;11.16;764.32;0.00;0.00;0.00
17.11.2020;21:01:21;3.35;53.96;11.16;764.31;0.00;0.00;0.00
17.11.2020;21:02:21;3.33;53.87;11.16;764.32;0.00;0.00;0.00
17.11.2020;21:03:21;3.33;54.05;11.16;764.32;0.00;0.00;0.00
17.11.2020;21:04:21;3.33;53.97;11.16;764.32;0.00;0.00;0.00
17.11.2020;21:05:21;3.33;53.92;11.16;764.32;0.00;0.00;0.00
17.11.2020;21:06:21;3.33;54.03;11.16;764.33;0.00;0.00;0.00
17.11.2020;21:07:21;3.33;53.96;11.16;764.32;0.00;0.00;0.00
17.11.2020;21:08:21;3.33;53.92;11.16;764.31;0.00;0.00;0.00
17.11.2020;21:09:21;3.35;53.81;11.17;764.32;0.00;0.00;0.00
17.11.2020;21:10:21;3.33;53.91;11.17;764.32;0.00;0.00;0.00
17.11.2020;21:11:21;3.33;54.06;11.17;764.32;0.00;0.00;0.00
17.11.2020;21:12:21;3.36;54.04;11.18;764.32;0.00;0.00;0.00
17.11.2020;21:13:21;3.33;53.74;11.18;764.32;0.00;0.00;0.00
17.11.2020;21:14:21;3.33;54.04;11.19;764.33;0.00;0.00;0.00
17.11.2020;21:15:21;3.35;53.98;11.18;764.33;0.00;0.00;0.00
17.11.2020;21:16:21;3.33;53.71;11.18;764.33;0.00;0.00;0.00
17.11.2020;21:17:22;3.33;54.00;11.17;764.34;0.00;0.00;0.00
17.11.2020;21:18:22;3.33;53.83;11.17;764.33;0.00;0.00;0.00
17.11.2020;21:19:22;3.33;53.77;11.18;764.33;0.00;0.00;0.00
17.11.2020;21:20:22;3.33;53.99;11.18;764.33;0.00;0.00;0.00
17.11.2020;21:21:22;3.33;53.93;11.16;764.35;0.00;0.00;0.00
17.11.2020;21:22:22;3.33;53.94;11.16;764.35;0.00;0.00;0.00
17.11.2020;21:23:22;3.35;53.51;11.16;764.35;0.00;0.00;0.00
17.11.2020;21:24:22;3.33;53.80;11.17;764.36;0.00;0.00;0.00
17.11.2020;21:25:22;3.33;53.83;11.17;764.35;0.00;0.00;0.00
17.11.2020;21:26:22;3.36;53.85;11.17;764.36;0.00;0.00;0.00
17.11.2020;21:27:22;3.33;53.90;11.18;764.36;0.00;0.00;0.00
17.11.2020;21:28:22;3.33;53.66;11.18;764.37;0.00;0.00;0.00
17.11.2020;21:29:22;3.35;53.89;11.18;764.38;0.00;0.00;0.00
17.11.2020;21:30:22;3.33;53.84;11.17;764.39;0.00;0.00;0.00
17.11.2020;21:31:22;3.33;53.75;11.17;764.41;0.00;0.00;0.00
17.11.2020;21:32:22;3.33;53.93;11.17;764.41;0.00;0.00;0.00
17.11.2020;21:33:22;3.33;54.06;11.17;764.42;0.00;0.00;0.00
17.11.2020;21:34:22;3.33;53.92;11.17;764.42;0.00;0.00;0.00
17.11.2020;21:35:22;3.33;54.02;11.17;764.42;0.00;0.00;0.00
17.11.2020;21:36:22;3.33;53.87;11.17;764.42;0.00;0.00;0.00
17.11.2020;21:37:22;3.35;54.13;11.17;764.44;0.00;0.00;0.00
17.11.2020;21:38:22;3.33;54.10;11.18;764.44;0.00;0.00;0.00
17.11.2020;21:39:22;3.33;53.77;11.18;764.43;0.00;0.00;0.00
17.11.2020;21:40:22;3.36;53.96;11.17;764.42;0.00;0.00;0.00
17.11.2020;21:41:22;3.33;53.89;11.17;764.43;0.00;0.00;0.00
17.11.2020;21:42:22;3.33;54.09;11.18;764.42;0.00;0.00;0.00
17.11.2020;21:43:22;3.35;53.72;11.18;764.42;0.00;0.00;0.00
17.11.2020;21:44:22;3.33;54.13;11.18;764.42;0.00;0.00;0.00
17.11.2020;21:45:22;3.33;54.01;11.18;764.41;0.00;0.00;0.00
17.11.2020;21:46:22;3.33;54.02;11.19;764.42;0.00;0.00;0.00
17.11.2020;21:47:22;3.33;53.97;11.20;764.40;0.00;0.00;0.00
17.11.2020;21:48:23;3.33;53.97;11.21;764.41;0.00;0.00;0.00
17.11.2020;21:49:23;3.33;53.94;11.20;764.41;0.00;0.00;0.00
17.11.2020;21:50:23;3.33;53.95;11.20;764.42;0.00;0.00;0.00
17.11.2020;21:51:23;3.35;54.04;11.20;764.43;0.00;0.00;0.00
17.11.2020;21:52:23;3.33;54.01;11.21;764.41;0.00;0.00;0.00
17.11.2020;21:53:23;3.33;54.03;11.21;764.42;0.00;0.00;0.00
17.11.2020;21:54:23;3.36;54.07;11.22;764.42;0.00;0.00;0.00
17.11.2020;21:55:23;3.33;54.07;11.22;764.43;0.00;0.00;0.00
17.11.2020;21:56:23;3.33;54.11;11.22;764.42;0.00;0.00;0.00
17.11.2020;21:57:23;3.35;53.85;11.23;764.41;0.00;0.00;0.00
17.11.2020;21:58:23;3.33;54.05;11.23;764.42;0.00;0.00;0.00
17.11.2020;21:59:23;3.33;54.02;11.22;764.43;0.00;0.00;0.00
17.11.2020;22:00:23;3.33;53.96;11.22;764.42;0.00;0.00;0.00
17.11.2020;22:01:23;3.33;53.69;11.23;764.42;0.00;0.00;0.00
17.11.2020;22:02:23;3.33;53.93;11.23;764.44;0.00;0.00;0.00
17.11.2020;22:03:23;3.33;54.00;11.23;764.43;0.00;0.00;0.00
17.11.2020;22:04:23;3.33;53.97;11.23;764.44;0.00;0.00;0.00
17.11.2020;22:05:23;3.35;53.80;11.22;764.44;0.00;0.00;0.00
17.11.2020;22:06:23;3.33;53.83;11.22;764.44;0.00;0.00;0.00
17.11.2020;22:07:23;3.33;53.95;11.22;764.45;0.00;0.00;0.00
17.11.2020;22:08:23;3.36;53.79;11.22;764.45;0.00;0.00;0.00
17.11.2020;22:09:23;3.33;53.88;11.23;764.46;0.00;0.00;0.00
17.11.2020;22:10:23;3.33;54.02;11.22;764.45;0.00;0.00;0.00
17.11.2020;22:11:23;3.35;54.13;11.22;764.47;0.00;0.00;0.00
17.11.2020;22:12:23;3.33;54.04;11.22;764.46;0.00;0.00;0.00
17.11.2020;22:13:23;3.33;54.07;11.22;764.48;0.00;0.00;0.00
17.11.2020;22:14:23;3.33;54.06;11.23;764.49;0.00;0.00;0.00
17.11.2020;22:15:23;3.33;53.95;11.24;764.50;0.00;0.00;0.00
17.11.2020;22:16:23;3.33;53.97;11.24;764.50;0.00;0.00;0.00
17.11.2020;22:17:23;3.33;54.07;11.24;764.49;0.00;0.00;0.00
17.11.2020;22:18:23;3.33;54.05;11.23;764.49;0.00;0.00;0.00
17.11.2020;22:19:24;3.35;53.97;11.24;764.49;0.00;0.00;0.00
17.11.2020;22:20:24;3.33;53.94;11.25;764.48;0.00;0.00;0.00
17.11.2020;22:21:24;3.33;53.87;11.25;764.47;0.00;0.00;0.00
17.11.2020;22:22:24;3.36;53.77;11.26;764.48;0.00;0.00;0.00
17.11.2020;22:23:24;3.33;53.79;11.26;764.50;0.00;0.00;0.00
17.11.2020;22:24:24;3.33;53.88;11.27;764.50;0.00;0.00;0.00
17.11.2020;22:25:24;3.35;53.95;11.26;764.51;0.00;0.00;0.00
17.11.2020;22:26:24;3.33;53.83;11.26;764.51;0.00;0.00;0.00
17.11.2020;22:27:24;3.33;53.64;11.26;764.52;0.00;0.00;0.00
17.11.2020;22:28:24;3.33;53.80;11.27;764.53;0.00;0.00;0.00
17.11.2020;22:29:24;3.33;53.69;11.26;764.52;0.00;0.00;0.00
17.11.2020;22:30:24;3.33;53.96;11.27;764.52;0.00;0.00;0.00
17.11.2020;22:31:24;3.33;53.93;11.27;764.50;0.00;0.00;0.00
17.11.2020;22:32:24;3.33;53.87;11.26;764.49;0.00;0.00;0.00
17.11.2020;22:33:24;3.35;53.90;11.27;764.47;0.00;0.00;0.00
17.11.2020;22:34:24;3.33;53.66;11.27;764.45;0.00;0.00;0.00
17.11.2020;22:35:24;3.33;53.88;11.28;764.45;0.00;0.00;0.00
17.11.2020;22:36:24;3.36;53.22;11.28;764.45;0.00;0.00;0.00
17.11.2020;22:37:24;3.33;53.73;11.28;764.45;0.00;0.00;0.00
17.11.2020;22:38:24;3.33;53.87;11.28;764.46;0.00;0.00;0.00
17.11.2020;22:39:24;3.35;53.61;11.28;764.47;0.00;0.00;0.00
17.11.2020;22:40:24;3.33;53.54;11.29;764.48;0.00;0.00;0.00
17.11.2020;22:41:24;3.33;53.70;11.28;764.48;0.00;0.00;0.00
17.11.2020;22:42:24;3.33;53.83;11.29;764.49;0.00;0.00;0.00
17.11.2020;22:43:24;3.33;53.69;11.29;764.48;0.00;0.00;0.00
17.11.2020;22:44:24;3.33;53.86;11.29;764.47;0.00;0.00;0.00
17.11.2020;22:45:24;3.33;53.73;11.29;764.47;0.00;0.00;0.00
17.11.2020;22:46:24;3.33;53.83;11.29;764.47;0.00;0.00;0.00
17.11.2020;22:47:24;3.35;53.82;11.29;764.46;0.00;0.00;0.00
17.11.2020;22:48:24;3.33;53.83;11.29;764.48;0.00;0.00;0.00
17.11.2020;22:49:24;3.33;53.39;11.29;764.49;0.00;0.00;0.00
17.11.2020;22:50:25;3.36;53.70;11.28;764.51;0.00;0.00;0.00
17.11.2020;22:51:25;3.33;53.53;11.28;764.52;0.00;0.00;0.00
17.11.2020;22:52:25;3.33;53.66;11.29;764.52;0.00;0.00;0.00
17.11.2020;22:53:25;3.35;53.83;11.29;764.53;0.00;0.00;0.00
17.11.2020;22:54:25;3.33;53.82;11.29;764.54;0.00;0.00;0.00
17.11.2020;22:55:25;3.33;53.55;11.29;764.53;0.00;0.00;0.00
17.11.2020;22:56:25;3.33;53.81;11.30;764.53;0.00;0.00;0.00
17.11.2020;22:57:25;3.33;53.80;11.30;764.53;0.00;0.00;0.00
17.11.2020;22:58:25;3.33;53.67;11.30;764.53;0.00;0.00;0.00
17.11.2020;22:59:25;3.33;53.79;11.30;764.54;0.00;0.00;0.00
17.11.2020;23:00:25;3.33;53.72;11.30;764.53;0.00;0.00;0.00
17.11.2020;23:01:25;3.35;53.78;11.30;764.54;0.00;0.00;0.00
17.11.2020;23:02:25;3.33;53.78;11.30;764.54;0.00;0.00;0.00
17.11.2020;23:03:25;3.33;53.57;11.30;764.53;0.00;0.00;0.00
17.11.2020;23:04:25;3.36;53.66;11.29;764.53;0.00;0.00;0.00
17.11.2020;23:05:25;3.33;53.84;11.29;764.54;0.00;0.00;0.00
17.11.2020;23:06:25;3.33;53.89;11.29;764.54;0.00;0.00;0.00
17.11.2020;23:07:25;3.35;53.80;11.29;764.55;0.00;0.00;0.00
17.11.2020;23:08:25;3.33;53.74;11.30;764.55;0.00;0.00;0.00
17.11.2020;23:09:25;3.33;53.61;11.30;764.55;0.00;0.00;0.00
17.11.2020;23:10:25;3.33;53.59;11.30;764.55;0.00;0.00;0.00
17.11.2020;23:11:25;3.33;53.71;11.30;764.56;0.00;0.00;0.00
17.11.2020;23:12:25;3.33;53.77;11.30;764.56;0.00;0.00;0.00
17.11.2020;23:13:25;3.33;53.73;11.30;764.58;0.00;0.00;0.00
17.11.2020;23:14:25;3.33;53.72;11.31;764.57;0.00;0.00;0.00
17.11.2020;23:15:25;3.35;53.70;11.31;764.57;0.00;0.00;0.00
17.11.2020;23:16:25;3.33;53.59;11.32;764.57;0.00;0.00;0.00
17.11.2020;23:17:25;3.33;53.63;11.32;764.56;0.00;0.00;0.00
17.11.2020;23:18:25;3.36;53.72;11.31;764.56;0.00;0.00;0.00
17.11.2020;23:19:25;3.33;53.75;11.32;764.56;0.00;0.00;0.00
17.11.2020;23:20:25;3.33;53.69;11.32;764.57;0.00;0.00;0.00
17.11.2020;23:21:25;3.35;53.75;11.32;764.57;0.00;0.00;0.00
17.11.2020;23:22:26;3.33;53.72;11.33;764.59;0.00;0.00;0.00
17.11.2020;23:23:26;3.33;53.49;11.33;764.58;0.00;0.00;0.00
17.11.2020;23:24:26;3.33;53.53;11.33;764.60;0.00;0.00;0.00
17.11.2020;23:25:26;3.33;53.42;11.33;764.61;0.00;0.00;0.00
17.11.2020;23:26:26;3.33;53.66;11.34;764.61;0.00;0.00;0.00
17.11.2020;23:27:26;3.33;53.74;11.34;764.61;0.00;0.00;0.00
17.11.2020;23:28:26;3.33;53.77;11.34;764.62;0.00;0.00;0.00
17.11.2020;23:29:26;3.35;53.78;11.33;764.63;0.00;0.00;0.00
17.11.2020;23:30:26;3.33;53.56;11.32;764.63;0.00;0.00;0.00
17.11.2020;23:31:26;3.33;53.76;11.32;764.64;0.00;0.00;0.00
17.11.2020;23:32:26;3.36;53.51;11.32;764.64;0.00;0.00;0.00
17.11.2020;23:33:26;3.33;53.70;11.31;764.63;0.00;0.00;0.00
17.11.2020;23:34:26;3.33;53.76;11.32;764.64;0.00;0.00;0.00
17.11.2020;23:35:26;3.35;53.81;11.32;764.65;0.00;0.00;0.00
17.11.2020;23:36:26;3.33;53.71;11.31;764.62;0.00;0.00;0.00
17.11.2020;23:37:26;3.33;53.84;11.31;764.62;0.00;0.00;0.00
17.11.2020;23:38:26;3.33;53.89;11.31;764.61;0.00;0.00;0.00
17.11.2020;23:39:26;3.33;53.78;11.32;764.61;0.00;0.00;0.00
17.11.2020;23:40:26;3.33;53.73;11.33;764.61;0.00;0.00;0.00
17.11.2020;23:41:26;3.33;53.69;11.32;764.59;0.00;0.00;0.00
17.11.2020;23:42:26;3.33;53.75;11.33;764.61;0.00;0.00;0.00
17.11.2020;23:43:26;3.35;53.75;11.34;764.61;0.00;0.00;0.00
17.11.2020;23:44:26;3.33;53.71;11.34;764.60;0.00;0.00;0.00
17.11.2020;23:45:26;3.33;53.41;11.34;764.61;0.00;0.00;0.00
17.11.2020;23:46:26;3.36;53.54;11.34;764.62;0.00;0.00;0.00
17.11.2020;23:47:26;3.33;53.68;11.36;764.61;0.00;0.00;0.00
17.11.2020;23:48:26;3.33;53.66;11.37;764.61;0.00;0.00;0.00
17.11.2020;23:49:26;3.35;53.67;11.38;764.61;0.00;0.00;0.00
17.11.2020;23:50:26;3.33;53.56;11.37;764.60;0.00;0.00;0.00
17.11.2020;23:51:26;3.33;53.61;11.37;764.61;0.00;0.00;0.00
17.11.2020;23:52:26;3.33;53.58;11.36;764.60;0.00;0.00;0.00
17.11.2020;23:53:27;3.33;53.67;11.37;764.61;0.00;0.00;0.00
17.11.2020;23:54:27;3.33;53.66;11.36;764.60;0.00;0.00;0.00
17.11.2020;23:55:27;3.33;53.36;11.36;764.60;0.00;0.00;0.00
17.11.2020;23:56:27;3.33;53.65;11.37;764.62;0.00;0.00;0.00
17.11.2020;23:57:27;3.35;53.48;11.37;764.63;0.00;0.00;0.00
17.11.2020;23:58:27;3.33;53.52;11.37;764.64;0.00;0.00;0.00
17.11.2020;23:59:27;3.33;53.65;11.37;764.65;0.00;0.00;0.00
