18.01.2021;0:00:25;2.90;28.85;2.35;751.39;0.00;0.00;0.00
18.01.2021;0:01:25;2.91;28.84;2.34;751.39;0.00;0.00;0.00
18.01.2021;0:02:25;3.01;28.84;2.34;751.39;0.00;0.00;0.00
18.01.2021;0:03:26;2.96;28.77;2.38;751.38;0.00;0.00;0.00
18.01.2021;0:04:26;2.91;28.74;2.40;751.36;0.00;0.00;0.00
18.01.2021;0:05:26;2.89;28.67;2.42;751.35;0.00;0.00;0.00
18.01.2021;0:06:26;2.85;28.55;2.45;751.36;0.00;0.00;0.00
18.01.2021;0:07:26;2.79;28.52;2.44;751.37;0.00;0.00;0.00
18.01.2021;0:08:26;2.76;28.55;2.43;751.37;0.00;0.00;0.00
18.01.2021;0:09:26;2.77;28.59;2.43;751.37;0.00;0.00;0.00
18.01.2021;0:10:26;2.83;28.53;2.42;751.36;0.00;0.00;0.00
18.01.2021;0:11:26;2.85;28.54;2.42;751.34;0.00;0.00;0.00
18.01.2021;0:12:26;2.77;28.53;2.42;751.31;0.00;0.00;0.00
18.01.2021;0:13:26;2.72;28.46;2.42;751.30;0.00;0.00;0.00
18.01.2021;0:14:26;2.58;28.43;2.43;751.29;0.00;0.00;0.00
18.01.2021;0:15:26;2.66;28.37;2.44;751.27;0.00;0.00;0.00
18.01.2021;0:16:26;2.75;28.34;2.44;751.26;0.00;0.00;0.00
18.01.2021;0:17:26;2.79;28.37;2.43;751.26;0.00;0.00;0.00
18.01.2021;0:18:26;2.71;28.33;2.42;751.26;0.00;0.00;0.00
18.01.2021;0:19:26;2.74;28.40;2.42;751.26;0.00;0.00;0.00
18.01.2021;0:20:26;2.70;28.39;2.43;751.26;0.00;0.00;0.00
18.01.2021;0:21:26;2.82;28.34;2.42;751.26;0.00;0.00;0.00
18.01.2021;0:22:26;2.64;28.41;2.39;751.24;0.00;0.00;0.00
18.01.2021;0:23:26;2.68;28.46;2.38;751.24;0.00;0.00;0.00
18.01.2021;0:24:26;2.76;28.46;2.36;751.24;0.00;0.00;0.00
18.01.2021;0:25:26;2.69;28.50;2.36;751.24;0.00;0.00;0.00
18.01.2021;0:26:26;2.71;28.53;2.34;751.24;0.00;0.00;0.00
18.01.2021;0:27:26;2.82;28.45;2.36;751.25;0.00;0.00;0.00
18.01.2021;0:28:26;2.86;28.44;2.38;751.25;0.00;0.00;0.00
18.01.2021;0:29:26;2.74;28.40;2.39;751.27;0.00;0.00;0.00
18.01.2021;0:30:26;2.76;28.36;2.40;751.27;0.00;0.00;0.00
18.01.2021;0:31:26;2.81;28.37;2.39;751.27;0.00;0.00;0.00
18.01.2021;0:32:26;2.75;28.42;2.37;751.27;0.00;0.00;0.00
18.01.2021;0:33:26;2.74;28.48;2.35;751.27;0.00;0.00;0.00
18.01.2021;0:34:26;2.78;28.48;2.34;751.27;0.00;0.00;0.00
18.01.2021;0:35:26;2.69;28.52;2.34;751.26;0.00;0.00;0.00
18.01.2021;0:36:26;2.79;28.56;2.35;751.27;0.00;0.00;0.00
18.01.2021;0:37:26;2.77;28.60;2.34;751.27;0.00;0.00;0.00
18.01.2021;0:38:26;2.85;28.61;2.33;751.27;0.00;0.00;0.00
18.01.2021;0:39:26;2.74;28.52;2.37;751.29;0.00;0.00;0.00
18.01.2021;0:40:26;2.78;28.44;2.42;751.28;0.00;0.00;0.00
18.01.2021;0:41:26;2.82;28.31;2.42;751.28;0.00;0.00;0.00
18.01.2021;0:42:26;2.69;28.28;2.44;751.28;0.00;0.00;0.00
18.01.2021;0:43:26;2.75;28.26;2.44;751.28;0.00;0.00;0.00
18.01.2021;0:44:26;2.83;28.24;2.43;751.28;0.00;0.00;0.00
18.01.2021;0:45:27;2.89;28.23;2.40;751.27;0.00;0.00;0.00
18.01.2021;0:46:27;2.82;28.21;2.40;751.28;0.00;0.00;0.00
18.01.2021;0:47:27;2.85;28.22;2.41;751.26;0.00;0.00;0.00
18.01.2021;0:48:27;2.75;28.23;2.42;751.26;0.00;0.00;0.00
18.01.2021;0:49:27;2.79;28.18;2.42;751.27;0.00;0.00;0.00
18.01.2021;0:50:27;2.81;28.14;2.42;751.29;0.00;0.00;0.00
18.01.2021;0:51:27;2.94;28.19;2.42;751.30;0.00;0.00;0.00
18.01.2021;0:52:27;2.96;28.15;2.40;751.31;0.00;0.00;0.00
18.01.2021;0:53:27;2.89;28.17;2.38;751.33;0.00;0.00;0.00
18.01.2021;0:54:27;2.84;28.24;2.36;751.34;0.00;0.00;0.00
18.01.2021;0:55:27;2.89;28.20;2.37;751.34;0.00;0.00;0.00
18.01.2021;0:56:27;2.93;28.18;2.36;751.34;0.00;0.00;0.00
18.01.2021;0:57:27;2.81;28.13;2.39;751.33;0.00;0.00;0.00
18.01.2021;0:58:27;2.83;28.10;2.39;751.31;0.00;0.00;0.00
18.01.2021;0:59:27;2.76;28.12;2.38;751.29;0.00;0.00;0.00
18.01.2021;1:00:27;2.61;28.12;2.37;751.29;0.00;0.00;0.00
18.01.2021;1:01:27;2.54;28.13;2.35;751.29;0.00;0.00;0.00
18.01.2021;1:02:27;2.54;28.12;2.34;751.30;0.00;0.00;0.00
18.01.2021;1:03:27;2.53;28.16;2.33;751.31;0.00;0.00;0.00
18.01.2021;1:04:27;2.56;28.19;2.33;751.33;0.00;0.00;0.00
18.01.2021;1:05:27;2.50;28.23;2.32;751.33;0.00;0.00;0.00
18.01.2021;1:06:27;2.57;28.30;2.32;751.34;0.00;0.00;0.00
18.01.2021;1:07:27;2.51;28.28;2.33;751.34;0.00;0.00;0.00
18.01.2021;1:08:27;2.51;28.22;2.34;751.33;0.00;0.00;0.00
18.01.2021;1:09:27;2.53;28.27;2.32;751.34;0.00;0.00;0.00
18.01.2021;1:10:27;2.51;28.33;2.32;751.34;0.00;0.00;0.00
18.01.2021;1:11:27;2.51;28.35;2.33;751.34;0.00;0.00;0.00
18.01.2021;1:12:27;2.54;28.36;2.35;751.34;0.00;0.00;0.00
18.01.2021;1:13:27;2.51;28.34;2.36;751.33;0.00;0.00;0.00
18.01.2021;1:14:27;2.51;28.36;2.35;751.32;0.00;0.00;0.00
18.01.2021;1:15:27;2.51;28.37;2.38;751.31;0.00;0.00;0.00
18.01.2021;1:16:27;2.53;28.39;2.40;751.30;0.00;0.00;0.00
18.01.2021;1:17:27;2.50;28.38;2.40;751.32;0.00;0.00;0.00
18.01.2021;1:18:27;2.50;28.46;2.39;751.32;0.00;0.00;0.00
18.01.2021;1:19:27;2.53;28.53;2.40;751.31;0.00;0.00;0.00
18.01.2021;1:20:27;2.54;28.47;2.42;751.30;0.00;0.00;0.00
18.01.2021;1:21:27;2.50;28.41;2.45;751.30;0.00;0.00;0.00
18.01.2021;1:22:27;2.50;28.30;2.47;751.30;0.00;0.00;0.00
18.01.2021;1:23:27;2.54;28.27;2.49;751.31;0.00;0.00;0.00
18.01.2021;1:24:27;2.50;28.32;2.50;751.33;0.00;0.00;0.00
18.01.2021;1:25:27;2.50;28.28;2.52;751.35;0.00;0.00;0.00
18.01.2021;1:26:27;2.54;28.21;2.52;751.37;0.00;0.00;0.00
18.01.2021;1:27:27;2.50;28.21;2.54;751.37;0.00;0.00;0.00
18.01.2021;1:28:27;2.51;28.18;2.55;751.37;0.00;0.00;0.00
18.01.2021;1:29:28;2.51;28.21;2.55;751.37;0.00;0.00;0.00
18.01.2021;1:30:28;2.50;28.23;2.54;751.38;0.00;0.00;0.00
18.01.2021;1:31:28;2.50;28.34;2.53;751.35;0.00;0.00;0.00
18.01.2021;1:32:28;2.50;28.33;2.53;751.34;0.00;0.00;0.00
18.01.2021;1:33:28;2.50;28.34;2.53;751.32;0.00;0.00;0.00
18.01.2021;1:34:28;2.53;28.30;2.56;751.30;0.00;0.00;0.00
18.01.2021;1:35:28;2.50;28.29;2.57;751.30;0.00;0.00;0.00
18.01.2021;1:36:28;2.51;28.23;2.60;751.30;0.00;0.00;0.00
18.01.2021;1:37:28;2.53;28.24;2.61;751.30;0.00;0.00;0.00
18.01.2021;1:38:28;2.50;28.29;2.60;751.31;0.00;0.00;0.00
18.01.2021;1:39:28;2.50;28.25;2.60;751.32;0.00;0.00;0.00
18.01.2021;1:40:28;2.51;28.22;2.62;751.33;0.00;0.00;0.00
18.01.2021;1:41:28;2.51;28.08;2.64;751.31;0.00;0.00;0.00
18.01.2021;1:42:28;2.50;28.08;2.64;751.32;0.00;0.00;0.00
18.01.2021;1:43:28;2.50;28.04;2.64;751.32;0.00;0.00;0.00
18.01.2021;1:44:28;2.50;28.09;2.63;751.32;0.00;0.00;0.00
18.01.2021;1:45:28;2.50;28.12;2.64;751.33;0.00;0.00;0.00
18.01.2021;1:46:28;2.50;28.11;2.64;751.33;0.00;0.00;0.00
18.01.2021;1:47:28;2.50;28.04;2.64;751.32;0.00;0.00;0.00
18.01.2021;1:48:28;2.53;28.11;2.62;751.33;0.00;0.00;0.00
18.01.2021;1:49:28;2.50;28.13;2.60;751.34;0.00;0.00;0.00
18.01.2021;1:50:28;2.50;28.14;2.60;751.35;0.00;0.00;0.00
18.01.2021;1:51:28;2.53;28.21;2.59;751.36;0.00;0.00;0.00
18.01.2021;1:52:28;2.50;28.15;2.60;751.37;0.00;0.00;0.00
18.01.2021;1:53:28;2.50;28.22;2.60;751.38;0.00;0.00;0.00
18.01.2021;1:54:28;2.51;28.22;2.60;751.38;0.00;0.00;0.00
18.01.2021;1:55:28;2.50;28.21;2.61;751.39;0.00;0.00;0.00
18.01.2021;1:56:28;2.50;28.18;2.60;751.41;0.00;0.00;0.00
18.01.2021;1:57:28;2.50;28.26;2.60;751.43;0.00;0.00;0.00
18.01.2021;1:58:28;2.50;28.22;2.58;751.45;0.00;0.00;0.00
18.01.2021;1:59:28;2.50;28.37;2.58;751.44;0.00;0.00;0.00
18.01.2021;2:00:28;2.50;28.31;2.58;751.44;0.00;0.00;0.00
18.01.2021;2:01:28;2.50;28.33;2.59;751.44;0.00;0.00;0.00
18.01.2021;2:02:28;2.53;28.26;2.60;751.43;0.00;0.00;0.00
18.01.2021;2:03:28;2.50;28.29;2.60;751.45;0.00;0.00;0.00
18.01.2021;2:04:28;2.50;28.45;2.59;751.46;0.00;0.00;0.00
18.01.2021;2:05:28;2.53;28.32;2.60;751.47;0.00;0.00;0.00
18.01.2021;2:06:28;2.50;28.35;2.59;751.49;0.00;0.00;0.00
18.01.2021;2:07:28;2.50;28.35;2.58;751.51;0.00;0.00;0.00
18.01.2021;2:08:28;2.51;28.31;2.57;751.51;0.00;0.00;0.00
18.01.2021;2:09:28;2.50;28.28;2.56;751.52;0.00;0.00;0.00
18.01.2021;2:10:28;2.50;28.33;2.56;751.52;0.00;0.00;0.00
18.01.2021;2:11:29;2.50;28.34;2.56;751.52;0.00;0.00;0.00
18.01.2021;2:12:29;2.50;28.30;2.56;751.53;0.00;0.00;0.00
18.01.2021;2:13:29;2.50;28.26;2.57;751.54;0.00;0.00;0.00
18.01.2021;2:14:29;2.51;28.37;2.57;751.56;0.00;0.00;0.00
18.01.2021;2:15:29;2.50;28.30;2.56;751.55;0.00;0.00;0.00
18.01.2021;2:16:29;2.53;28.28;2.54;751.55;0.00;0.00;0.00
18.01.2021;2:17:29;2.50;28.33;2.52;751.54;0.00;0.00;0.00
18.01.2021;2:18:29;2.50;28.39;2.52;751.53;0.00;0.00;0.00
18.01.2021;2:19:29;2.53;28.37;2.52;751.53;0.00;0.00;0.00
18.01.2021;2:20:29;2.50;28.39;2.53;751.53;0.00;0.00;0.00
18.01.2021;2:21:29;2.51;28.34;2.53;751.52;0.00;0.00;0.00
18.01.2021;2:22:29;2.51;28.28;2.53;751.54;0.00;0.00;0.00
18.01.2021;2:23:29;2.50;28.16;2.55;751.55;0.00;0.00;0.00
18.01.2021;2:24:29;2.50;28.10;2.55;751.55;0.00;0.00;0.00
18.01.2021;2:25:29;2.50;28.13;2.55;751.56;0.00;0.00;0.00
18.01.2021;2:26:29;2.51;28.12;2.53;751.57;0.00;0.00;0.00
18.01.2021;2:27:29;2.50;28.21;2.54;751.57;0.00;0.00;0.00
18.01.2021;2:28:29;2.50;28.25;2.52;751.57;0.00;0.00;0.00
18.01.2021;2:29:29;2.50;28.27;2.51;751.57;0.00;0.00;0.00
18.01.2021;2:30:29;2.53;28.28;2.51;751.57;0.00;0.00;0.00
18.01.2021;2:31:29;2.50;28.33;2.50;751.57;0.00;0.00;0.00
18.01.2021;2:32:29;2.50;28.35;2.52;751.56;0.00;0.00;0.00
18.01.2021;2:33:29;2.53;28.29;2.51;751.55;0.00;0.00;0.00
18.01.2021;2:34:29;2.50;28.20;2.52;751.56;0.00;0.00;0.00
18.01.2021;2:35:29;2.50;28.12;2.51;751.57;0.00;0.00;0.00
18.01.2021;2:36:29;2.51;28.08;2.51;751.59;0.00;0.00;0.00
18.01.2021;2:37:29;2.50;28.02;2.50;751.61;0.00;0.00;0.00
18.01.2021;2:38:29;2.50;28.12;2.48;751.62;0.00;0.00;0.00
18.01.2021;2:39:29;2.50;28.09;2.48;751.61;0.00;0.00;0.00
18.01.2021;2:40:29;2.50;28.07;2.47;751.61;0.00;0.00;0.00
18.01.2021;2:41:29;2.50;28.08;2.46;751.60;0.00;0.00;0.00
18.01.2021;2:42:29;2.50;28.11;2.46;751.59;0.00;0.00;0.00
18.01.2021;2:43:29;2.50;28.13;2.45;751.58;0.00;0.00;0.00
18.01.2021;2:44:29;2.53;28.19;2.43;751.57;0.00;0.00;0.00
18.01.2021;2:45:29;2.50;28.16;2.43;751.58;0.00;0.00;0.00
18.01.2021;2:46:29;2.50;28.14;2.41;751.58;0.00;0.00;0.00
18.01.2021;2:47:29;2.53;28.18;2.41;751.57;0.00;0.00;0.00
18.01.2021;2:48:29;2.50;28.15;2.40;751.58;0.00;0.00;0.00
18.01.2021;2:49:29;2.50;28.19;2.38;751.58;0.00;0.00;0.00
18.01.2021;2:50:29;2.51;28.31;2.37;751.57;0.00;0.00;0.00
18.01.2021;2:51:29;2.50;28.38;2.34;751.57;0.00;0.00;0.00
18.01.2021;2:52:29;2.50;28.40;2.34;751.57;0.00;0.00;0.00
18.01.2021;2:53:29;2.50;28.40;2.33;751.56;0.00;0.00;0.00
18.01.2021;2:54:29;2.50;28.40;2.35;751.55;0.00;0.00;0.00
18.01.2021;2:55:30;2.50;28.33;2.37;751.54;0.00;0.00;0.00
18.01.2021;2:56:30;2.50;28.31;2.38;751.53;0.00;0.00;0.00
18.01.2021;2:57:30;2.50;28.35;2.39;751.52;0.00;0.00;0.00
18.01.2021;2:58:30;2.53;28.24;2.40;751.53;0.00;0.00;0.00
18.01.2021;2:59:30;2.50;28.25;2.39;751.53;0.00;0.00;0.00
18.01.2021;3:00:30;2.50;28.24;2.38;751.53;0.00;0.00;0.00
18.01.2021;3:01:30;2.53;28.31;2.36;751.55;0.00;0.00;0.00
18.01.2021;3:02:30;2.50;28.31;2.36;751.55;0.00;0.00;0.00
18.01.2021;3:03:30;2.50;28.31;2.35;751.57;0.00;0.00;0.00
18.01.2021;3:04:30;2.51;28.37;2.33;751.56;0.00;0.00;0.00
18.01.2021;3:05:30;2.50;28.39;2.32;751.55;0.00;0.00;0.00
18.01.2021;3:06:30;2.50;28.32;2.34;751.53;0.00;0.00;0.00
18.01.2021;3:07:30;2.50;28.28;2.34;751.52;0.00;0.00;0.00
18.01.2021;3:08:30;2.50;28.30;2.35;751.52;0.00;0.00;0.00
18.01.2021;3:09:30;2.50;28.30;2.34;751.50;0.00;0.00;0.00
18.01.2021;3:10:30;2.50;28.33;2.34;751.50;0.00;0.00;0.00
18.01.2021;3:11:30;2.50;28.29;2.35;751.51;0.00;0.00;0.00
18.01.2021;3:12:30;2.53;28.24;2.36;751.51;0.00;0.00;0.00
18.01.2021;3:13:30;2.50;28.17;2.36;751.51;0.00;0.00;0.00
18.01.2021;3:14:30;2.50;28.14;2.35;751.52;0.00;0.00;0.00
18.01.2021;3:15:30;2.53;28.11;2.34;751.53;0.00;0.00;0.00
18.01.2021;3:16:30;2.50;28.17;2.33;751.55;0.00;0.00;0.00
18.01.2021;3:17:30;2.50;28.22;2.32;751.55;0.00;0.00;0.00
18.01.2021;3:18:30;2.51;28.20;2.31;751.55;0.00;0.00;0.00
18.01.2021;3:19:30;2.50;28.15;2.31;751.56;0.00;0.00;0.00
18.01.2021;3:20:30;2.50;28.08;2.32;751.56;0.00;0.00;0.00
18.01.2021;3:21:30;2.50;28.06;2.31;751.57;0.00;0.00;0.00
18.01.2021;3:22:30;2.50;28.04;2.29;751.59;0.00;0.00;0.00
18.01.2021;3:23:30;2.50;28.03;2.28;751.61;0.00;0.00;0.00
18.01.2021;3:24:30;2.50;28.09;2.25;751.62;0.00;0.00;0.00
18.01.2021;3:25:30;2.50;28.22;2.21;751.61;0.00;0.00;0.00
18.01.2021;3:26:30;2.53;28.16;2.21;751.60;0.00;0.00;0.00
18.01.2021;3:27:30;2.50;28.19;2.19;751.60;0.00;0.00;0.00
18.01.2021;3:28:30;2.50;28.16;2.15;751.60;0.00;0.00;0.00
18.01.2021;3:29:30;2.53;28.18;2.13;751.60;0.00;0.00;0.00
18.01.2021;3:30:30;2.50;28.24;2.12;751.59;0.00;0.00;0.00
18.01.2021;3:31:30;2.50;28.15;2.11;751.59;0.00;0.00;0.00
18.01.2021;3:32:30;2.51;28.22;2.09;751.59;0.00;0.00;0.00
18.01.2021;3:33:30;2.50;28.27;2.07;751.58;0.00;0.00;0.00
18.01.2021;3:34:30;2.50;28.24;2.05;751.58;0.00;0.00;0.00
18.01.2021;3:35:30;2.50;28.20;2.03;751.57;0.00;0.00;0.00
18.01.2021;3:36:30;2.50;28.19;2.01;751.57;0.00;0.00;0.00
18.01.2021;3:37:31;2.50;28.20;1.98;751.56;0.00;0.00;0.00
18.01.2021;3:38:31;2.50;28.23;1.95;751.56;0.00;0.00;0.00
18.01.2021;3:39:31;2.50;28.34;1.93;751.55;0.00;0.00;0.00
18.01.2021;3:40:31;2.53;28.38;1.92;751.55;0.00;0.00;0.00
18.01.2021;3:41:31;2.50;28.36;1.91;751.55;0.00;0.00;0.00
18.01.2021;3:42:31;2.50;28.32;1.92;751.57;0.00;0.00;0.00
18.01.2021;3:43:31;2.53;28.28;1.91;751.57;0.00;0.00;0.00
18.01.2021;3:44:31;2.50;28.29;1.90;751.58;0.00;0.00;0.00
18.01.2021;3:45:31;2.50;28.25;1.90;751.59;0.00;0.00;0.00
18.01.2021;3:46:31;2.51;28.27;1.87;751.57;0.00;0.00;0.00
18.01.2021;3:47:31;2.50;28.27;1.85;751.55;0.00;0.00;0.00
18.01.2021;3:48:31;2.50;28.26;1.85;751.54;0.00;0.00;0.00
18.01.2021;3:49:31;2.50;28.33;1.83;751.53;0.00;0.00;0.00
18.01.2021;3:50:31;2.50;28.38;1.81;751.52;0.00;0.00;0.00
18.01.2021;3:51:31;2.50;28.43;1.79;751.49;0.00;0.00;0.00
18.01.2021;3:52:31;2.50;28.46;1.78;751.48;0.00;0.00;0.00
18.01.2021;3:53:31;2.50;28.45;1.76;751.48;0.00;0.00;0.00
18.01.2021;3:54:31;2.53;28.41;1.75;751.49;0.00;0.00;0.00
18.01.2021;3:55:31;2.50;28.39;1.77;751.48;0.00;0.00;0.00
18.01.2021;3:56:31;2.50;28.40;1.77;751.48;0.00;0.00;0.00
18.01.2021;3:57:31;2.53;28.41;1.79;751.48;0.00;0.00;0.00
18.01.2021;3:58:31;2.50;28.47;1.79;751.47;0.00;0.00;0.00
18.01.2021;3:59:31;2.50;28.51;1.78;751.46;0.00;0.00;0.00
18.01.2021;4:00:31;2.51;28.52;1.77;751.46;0.00;0.00;0.00
18.01.2021;4:01:31;2.50;28.47;1.76;751.45;0.00;0.00;0.00
18.01.2021;4:02:31;2.50;28.47;1.79;751.45;0.00;0.00;0.00
18.01.2021;4:03:31;2.50;28.45;1.77;751.46;0.00;0.00;0.00
18.01.2021;4:04:31;2.50;28.51;1.75;751.46;0.00;0.00;0.00
18.01.2021;4:05:31;2.50;28.51;1.75;751.45;0.00;0.00;0.00
18.01.2021;4:06:31;2.50;28.47;1.74;751.45;0.00;0.00;0.00
18.01.2021;4:07:31;2.50;28.55;1.72;751.48;0.00;0.00;0.00
18.01.2021;4:08:31;2.53;28.65;1.69;751.49;0.00;0.00;0.00
18.01.2021;4:09:31;2.50;28.69;1.69;751.51;0.00;0.00;0.00
18.01.2021;4:10:31;2.50;28.74;1.67;751.52;0.00;0.00;0.00
18.01.2021;4:11:31;2.53;28.72;1.68;751.51;0.00;0.00;0.00
18.01.2021;4:12:31;2.50;28.66;1.71;751.50;0.00;0.00;0.00
18.01.2021;4:13:31;2.50;28.68;1.69;751.49;0.00;0.00;0.00
18.01.2021;4:14:31;2.51;28.71;1.70;751.48;0.00;0.00;0.00
18.01.2021;4:15:31;2.50;28.74;1.70;751.46;0.00;0.00;0.00
18.01.2021;4:16:31;2.50;28.71;1.70;751.45;0.00;0.00;0.00
18.01.2021;4:17:31;2.50;28.75;1.70;751.47;0.00;0.00;0.00
18.01.2021;4:18:31;2.50;28.73;1.73;751.47;0.00;0.00;0.00
18.01.2021;4:19:31;2.50;28.75;1.72;751.48;0.00;0.00;0.00
18.01.2021;4:20:31;2.50;28.71;1.70;751.49;0.00;0.00;0.00
18.01.2021;4:21:32;2.50;28.67;1.74;751.52;0.00;0.00;0.00
18.01.2021;4:22:32;2.53;28.58;1.74;751.53;0.00;0.00;0.00
18.01.2021;4:23:32;2.50;28.57;1.75;751.55;0.00;0.00;0.00
18.01.2021;4:24:32;2.50;28.64;1.74;751.55;0.00;0.00;0.00
18.01.2021;4:25:32;2.53;28.60;1.72;751.55;0.00;0.00;0.00
18.01.2021;4:26:32;2.50;28.63;1.69;751.53;0.00;0.00;0.00
18.01.2021;4:27:32;2.50;28.57;1.69;751.49;0.00;0.00;0.00
18.01.2021;4:28:32;2.51;28.55;1.69;751.47;0.00;0.00;0.00
18.01.2021;4:29:32;2.50;28.53;1.68;751.45;0.00;0.00;0.00
18.01.2021;4:30:32;2.50;28.52;1.67;751.46;0.00;0.00;0.00
18.01.2021;4:31:32;2.50;28.62;1.64;751.46;0.00;0.00;0.00
18.01.2021;4:32:32;2.50;28.67;1.63;751.48;0.00;0.00;0.00
18.01.2021;4:33:32;2.50;28.71;1.62;751.49;0.00;0.00;0.00
18.01.2021;4:34:32;2.50;28.73;1.63;751.52;0.00;0.00;0.00
18.01.2021;4:35:32;2.50;28.65;1.63;751.54;0.00;0.00;0.00
18.01.2021;4:36:32;2.53;28.69;1.62;751.56;0.00;0.00;0.00
18.01.2021;4:37:32;2.50;28.72;1.60;751.58;0.00;0.00;0.00
18.01.2021;4:38:32;2.50;28.78;1.58;751.58;0.00;0.00;0.00
18.01.2021;4:39:32;2.53;28.85;1.57;751.58;0.00;0.00;0.00
18.01.2021;4:40:32;2.50;28.92;1.56;751.58;0.00;0.00;0.00
18.01.2021;4:41:32;2.50;28.99;1.56;751.60;0.00;0.00;0.00
18.01.2021;4:42:32;2.51;28.90;1.56;751.59;0.00;0.00;0.00
18.01.2021;4:43:32;2.50;28.90;1.57;751.59;0.00;0.00;0.00
18.01.2021;4:44:32;2.50;28.90;1.57;751.58;0.00;0.00;0.00
18.01.2021;4:45:32;2.50;28.90;1.57;751.56;0.00;0.00;0.00
18.01.2021;4:46:32;2.50;28.92;1.60;751.56;0.00;0.00;0.00
18.01.2021;4:47:32;2.50;28.81;1.63;751.56;0.00;0.00;0.00
18.01.2021;4:48:32;2.50;28.80;1.63;751.54;0.00;0.00;0.00
18.01.2021;4:49:32;2.50;28.80;1.63;751.54;0.00;0.00;0.00
18.01.2021;4:50:32;2.53;28.83;1.61;751.53;0.00;0.00;0.00
18.01.2021;4:51:32;2.50;28.86;1.62;751.55;0.00;0.00;0.00
18.01.2021;4:52:32;2.50;28.81;1.63;751.54;0.00;0.00;0.00
18.01.2021;4:53:32;2.53;28.78;1.63;751.56;0.00;0.00;0.00
18.01.2021;4:54:32;2.50;28.82;1.63;751.58;0.00;0.00;0.00
18.01.2021;4:55:32;2.50;28.99;1.63;751.59;0.00;0.00;0.00
18.01.2021;4:56:32;2.51;28.88;1.63;751.60;0.00;0.00;0.00
18.01.2021;4:57:32;2.50;28.82;1.63;751.59;0.00;0.00;0.00
18.01.2021;4:58:32;2.50;28.76;1.63;751.60;0.00;0.00;0.00
18.01.2021;4:59:32;2.50;28.77;1.62;751.62;0.00;0.00;0.00
18.01.2021;5:00:32;2.50;28.82;1.60;751.64;0.00;0.00;0.00
18.01.2021;5:01:32;2.50;28.85;1.59;751.65;0.00;0.00;0.00
18.01.2021;5:02:32;2.50;28.86;1.59;751.66;0.00;0.00;0.00
18.01.2021;5:03:32;2.50;28.96;1.58;751.66;0.00;0.00;0.00
18.01.2021;5:04:32;2.53;28.92;1.59;751.66;0.00;0.00;0.00
18.01.2021;5:05:33;2.50;28.93;1.61;751.66;0.00;0.00;0.00
18.01.2021;5:06:33;2.50;28.92;1.61;751.67;0.00;0.00;0.00
18.01.2021;5:07:33;2.53;28.87;1.62;751.67;0.00;0.00;0.00
18.01.2021;5:08:33;2.50;28.82;1.62;751.65;0.00;0.00;0.00
18.01.2021;5:09:33;2.50;28.86;1.61;751.63;0.00;0.00;0.00
18.01.2021;5:10:33;2.51;28.90;1.61;751.61;0.00;0.00;0.00
18.01.2021;5:11:33;2.50;28.85;1.63;751.60;0.00;0.00;0.00
18.01.2021;5:12:33;2.50;28.78;1.63;751.62;0.00;0.00;0.00
18.01.2021;5:13:33;2.50;28.80;1.63;751.63;0.00;0.00;0.00
18.01.2021;5:14:33;2.50;28.78;1.61;751.63;0.00;0.00;0.00
18.01.2021;5:15:33;2.50;28.87;1.60;751.64;0.00;0.00;0.00
18.01.2021;5:16:33;2.50;28.89;1.60;751.66;0.00;0.00;0.00
18.01.2021;5:17:33;2.50;28.92;1.59;751.67;0.00;0.00;0.00
18.01.2021;5:18:33;2.53;28.90;1.60;751.67;0.00;0.00;0.00
18.01.2021;5:19:33;2.50;28.84;1.63;751.67;0.00;0.00;0.00
18.01.2021;5:20:33;2.50;28.88;1.62;751.68;0.00;0.00;0.00
18.01.2021;5:21:33;2.53;28.89;1.62;751.68;0.00;0.00;0.00
18.01.2021;5:22:33;2.50;28.84;1.62;751.68;0.00;0.00;0.00
18.01.2021;5:23:33;2.50;28.82;1.63;751.67;0.00;0.00;0.00
18.01.2021;5:24:33;2.51;28.78;1.63;751.68;0.00;0.00;0.00
18.01.2021;5:25:33;2.50;28.80;1.63;751.68;0.00;0.00;0.00
18.01.2021;5:26:33;2.50;28.86;1.64;751.68;0.00;0.00;0.00
18.01.2021;5:27:33;2.50;28.80;1.64;751.68;0.00;0.00;0.00
18.01.2021;5:28:33;2.50;28.81;1.64;751.67;0.00;0.00;0.00
18.01.2021;5:29:33;2.50;28.79;1.63;751.66;0.00;0.00;0.00
18.01.2021;5:30:33;2.50;28.81;1.63;751.67;0.00;0.00;0.00
18.01.2021;5:31:33;2.50;28.81;1.62;751.69;0.00;0.00;0.00
18.01.2021;5:32:33;2.53;28.80;1.63;751.69;0.00;0.00;0.00
18.01.2021;5:33:33;2.50;28.75;1.62;751.70;0.00;0.00;0.00
18.01.2021;5:34:33;2.50;28.79;1.63;751.71;0.00;0.00;0.00
18.01.2021;5:35:33;2.53;28.78;1.61;751.72;0.00;0.00;0.00
18.01.2021;5:36:33;2.50;28.68;1.62;751.73;0.00;0.00;0.00
18.01.2021;5:37:33;2.50;28.74;1.62;751.74;0.00;0.00;0.00
18.01.2021;5:38:33;2.51;28.73;1.61;751.75;0.00;0.00;0.00
18.01.2021;5:39:33;2.50;28.75;1.60;751.75;0.00;0.00;0.00
18.01.2021;5:40:33;2.50;28.74;1.62;751.75;0.00;0.00;0.00
18.01.2021;5:41:33;2.50;28.71;1.61;751.74;0.00;0.00;0.00
18.01.2021;5:42:33;2.50;28.72;1.61;751.74;0.00;0.00;0.00
18.01.2021;5:43:33;2.50;28.71;1.62;751.73;0.00;0.00;0.00
18.01.2021;5:44:33;2.50;28.89;1.60;751.73;0.00;0.00;0.00
18.01.2021;5:45:33;2.50;28.81;1.59;751.74;0.00;0.00;0.00
18.01.2021;5:46:33;2.53;28.82;1.59;751.74;0.00;0.00;0.00
18.01.2021;5:47:33;2.50;28.80;1.58;751.74;0.00;0.00;0.00
18.01.2021;5:48:33;2.50;28.82;1.56;751.73;0.00;0.00;0.00
18.01.2021;5:49:34;2.53;28.85;1.56;751.72;0.00;0.00;0.00
18.01.2021;5:50:34;2.50;28.81;1.56;751.71;0.00;0.00;0.00
18.01.2021;5:51:34;2.50;28.78;1.56;751.69;0.00;0.00;0.00
18.01.2021;5:52:34;2.51;28.76;1.57;751.69;0.00;0.00;0.00
18.01.2021;5:53:34;2.50;28.79;1.57;751.69;0.00;0.00;0.00
18.01.2021;5:54:34;2.50;28.77;1.58;751.69;0.00;0.00;0.00
18.01.2021;5:55:34;2.50;28.78;1.56;751.71;0.00;0.00;0.00
18.01.2021;5:56:34;2.50;28.82;1.57;751.73;0.00;0.00;0.00
18.01.2021;5:57:34;2.50;28.83;1.58;751.73;0.00;0.00;0.00
18.01.2021;5:58:34;2.50;28.80;1.59;751.74;0.00;0.00;0.00
18.01.2021;5:59:34;2.50;28.78;1.59;751.74;0.00;0.00;0.00
18.01.2021;6:00:34;2.53;28.77;1.59;751.73;0.00;0.00;0.00
18.01.2021;6:01:34;2.50;28.77;1.59;751.72;0.00;0.00;0.00
18.01.2021;6:02:34;2.50;28.72;1.61;751.70;0.00;0.00;0.00
18.01.2021;6:03:34;2.53;28.66;1.62;751.69;0.00;0.00;0.00
18.01.2021;6:04:34;2.50;28.66;1.60;751.68;0.00;0.00;0.00
18.01.2021;6:05:34;2.50;28.71;1.60;751.69;0.00;0.00;0.00
18.01.2021;6:06:34;2.51;28.66;1.59;751.69;0.00;0.00;0.00
18.01.2021;6:07:34;2.50;28.65;1.59;751.69;0.00;0.00;0.00
18.01.2021;6:08:34;2.50;28.76;1.58;751.69;0.00;0.00;0.00
18.01.2021;6:09:34;2.50;28.72;1.59;751.67;0.00;0.00;0.00
18.01.2021;6:10:34;2.50;28.67;1.57;751.66;0.00;0.00;0.00
18.01.2021;6:11:34;2.50;28.75;1.56;751.65;0.00;0.00;0.00
18.01.2021;6:12:34;2.50;28.78;1.56;751.65;0.00;0.00;0.00
18.01.2021;6:13:34;2.50;28.75;1.57;751.66;0.00;0.00;0.00
18.01.2021;6:14:34;2.53;28.77;1.57;751.67;0.00;0.00;0.00
18.01.2021;6:15:34;2.50;28.77;1.56;751.66;0.00;0.00;0.00
18.01.2021;6:16:34;2.50;28.76;1.53;751.66;0.00;0.00;0.00
18.01.2021;6:17:34;2.53;28.78;1.52;751.65;0.00;0.00;0.00
18.01.2021;6:18:34;2.50;28.80;1.52;751.64;0.00;0.00;0.00
18.01.2021;6:19:34;2.50;28.79;1.52;751.64;0.00;0.00;0.00
18.01.2021;6:20:34;2.51;28.80;1.54;751.63;0.00;0.00;0.00
18.01.2021;6:21:34;2.50;28.75;1.55;751.62;0.00;0.00;0.00
18.01.2021;6:22:34;2.50;28.76;1.53;751.63;0.00;0.00;0.00
18.01.2021;6:23:34;2.50;28.83;1.54;751.64;0.00;0.00;0.00
18.01.2021;6:24:34;2.50;28.79;1.55;751.67;0.00;0.00;0.00
18.01.2021;6:25:34;2.50;29.03;1.53;751.69;0.00;0.00;0.00
18.01.2021;6:26:34;2.50;28.79;1.54;751.71;0.00;0.00;0.00
18.01.2021;6:27:34;2.50;28.83;1.53;751.71;0.00;0.00;0.00
18.01.2021;6:28:34;2.53;29.11;1.53;751.74;0.00;0.00;0.00
18.01.2021;6:29:34;2.50;28.97;1.54;751.74;0.00;0.00;0.00
18.01.2021;6:30:34;2.50;28.81;1.54;751.75;0.00;0.00;0.00
18.01.2021;6:31:34;2.53;28.85;1.54;751.75;0.00;0.00;0.00
18.01.2021;6:32:35;2.50;28.81;1.54;751.73;0.00;0.00;0.00
18.01.2021;6:33:35;2.50;28.82;1.56;751.71;0.00;0.00;0.00
18.01.2021;6:34:35;2.51;28.74;1.57;751.71;0.00;0.00;0.00
18.01.2021;6:35:35;2.50;28.69;1.57;751.71;0.00;0.00;0.00
18.01.2021;6:36:35;2.50;28.74;1.55;751.72;0.00;0.00;0.00
18.01.2021;6:37:35;2.50;28.79;1.53;751.72;0.00;0.00;0.00
18.01.2021;6:38:35;2.50;28.76;1.53;751.73;0.00;0.00;0.00
18.01.2021;6:39:35;2.50;28.73;1.54;751.73;0.00;0.00;0.00
18.01.2021;6:40:35;2.50;28.72;1.54;751.74;0.00;0.00;0.00
18.01.2021;6:41:35;2.50;28.72;1.53;751.74;0.00;0.00;0.00
18.01.2021;6:42:35;2.53;28.73;1.52;751.74;0.00;0.00;0.00
18.01.2021;6:43:35;2.50;28.79;1.52;751.74;0.00;0.00;0.00
18.01.2021;6:44:35;2.50;28.84;1.51;751.74;0.00;0.00;0.00
18.01.2021;6:45:35;2.53;28.82;1.50;751.74;0.00;0.00;0.00
18.01.2021;6:46:35;2.50;28.81;1.51;751.74;0.00;0.00;0.00
18.01.2021;6:47:35;2.50;28.85;1.52;751.76;0.00;0.00;0.00
18.01.2021;6:48:35;2.51;28.85;1.52;751.77;0.00;0.00;0.00
18.01.2021;6:49:35;2.50;28.80;1.50;751.79;0.00;0.00;0.00
18.01.2021;6:50:35;2.50;28.83;1.49;751.80;0.00;0.00;0.00
18.01.2021;6:51:35;2.50;28.90;1.49;751.80;0.00;0.00;0.00
18.01.2021;6:52:35;2.50;28.93;1.50;751.80;0.00;0.00;0.00
18.01.2021;6:53:35;2.50;28.92;1.51;751.82;0.00;0.00;0.00
18.01.2021;6:54:35;2.50;29.01;1.51;751.83;0.00;0.00;0.00
18.01.2021;6:55:35;2.50;28.91;1.52;751.83;0.00;0.00;0.00
18.01.2021;6:56:35;2.53;28.98;1.53;751.83;0.00;0.00;0.00
18.01.2021;6:57:35;2.50;28.85;1.54;751.82;0.00;0.00;0.00
18.01.2021;6:58:35;2.50;28.80;1.54;751.82;0.00;0.00;0.00
18.01.2021;6:59:35;2.53;28.85;1.53;751.83;0.00;0.00;0.00
18.01.2021;7:00:35;2.50;28.83;1.53;751.84;0.00;0.00;0.00
18.01.2021;7:01:35;2.50;28.78;1.55;751.84;0.00;0.00;0.00
18.01.2021;7:02:35;2.51;28.78;1.56;751.82;0.00;0.00;0.00
18.01.2021;7:03:35;2.50;28.82;1.56;751.81;0.00;0.00;0.00
18.01.2021;7:04:35;2.50;28.77;1.56;751.81;0.00;0.00;0.00
18.01.2021;7:05:35;2.53;28.80;1.56;751.81;0.00;0.00;0.00
18.01.2021;7:06:35;2.50;28.81;1.55;751.84;0.00;0.00;0.00
18.01.2021;7:07:35;2.65;28.78;1.55;751.86;0.00;0.00;0.00
18.01.2021;7:08:35;3.03;28.78;1.54;751.88;0.00;0.00;0.00
18.01.2021;7:09:35;3.21;28.80;1.54;751.88;0.00;0.00;0.00
18.01.2021;7:10:35;3.35;28.75;1.55;751.88;0.00;0.00;0.00
18.01.2021;7:11:35;3.33;28.78;1.54;751.89;0.00;0.00;0.00
18.01.2021;7:12:35;3.33;28.79;1.54;751.90;0.00;0.00;0.00
18.01.2021;7:13:35;3.35;28.77;1.54;751.92;0.00;0.00;0.00
18.01.2021;7:14:35;3.33;28.88;1.53;751.94;0.00;0.00;0.00
18.01.2021;7:15:35;3.33;28.84;1.54;751.95;0.00;0.00;0.00
18.01.2021;7:16:36;3.33;28.82;1.55;751.96;0.00;0.00;0.00
18.01.2021;7:17:36;3.33;28.77;1.56;751.97;0.00;0.00;0.00
18.01.2021;7:18:36;3.33;28.72;1.56;751.98;0.00;0.00;0.00
18.01.2021;7:19:36;3.42;28.67;1.56;752.00;0.00;0.00;0.00
18.01.2021;7:20:36;4.14;28.73;1.55;752.01;0.00;0.00;0.00
18.01.2021;7:21:36;4.17;28.67;1.53;752.02;0.00;0.00;0.00
18.01.2021;7:22:36;4.17;28.79;1.51;752.03;0.00;0.00;0.00
18.01.2021;7:23:36;4.45;28.81;1.50;752.03;0.00;0.00;0.00
18.01.2021;7:24:36;5.01;28.76;1.51;752.04;0.00;0.00;0.00
18.01.2021;7:25:36;5.03;28.72;1.52;752.06;0.00;0.00;0.00
18.01.2021;7:26:36;5.82;28.75;1.52;752.07;0.00;0.00;0.00
18.01.2021;7:27:36;6.08;28.71;1.53;752.08;0.00;0.00;0.00
18.01.2021;7:28:36;6.67;28.66;1.52;752.10;0.00;0.00;0.00
18.01.2021;7:29:36;7.43;28.65;1.52;752.10;0.00;0.00;0.00
18.01.2021;7:30:36;8.22;28.68;1.49;752.10;0.00;0.00;0.00
18.01.2021;7:31:36;9.18;28.74;1.51;752.10;0.00;0.00;0.00
18.01.2021;7:32:36;10.31;28.69;1.50;752.10;0.00;0.00;0.00
18.01.2021;7:33:36;11.49;28.66;1.50;752.09;0.00;0.00;0.00
18.01.2021;7:34:36;12.97;28.73;1.49;752.09;0.00;0.00;0.00
18.01.2021;7:35:36;14.61;28.74;1.50;752.11;0.01;0.00;0.00
18.01.2021;7:36:36;16.51;28.63;1.52;752.13;0.01;0.00;0.00
18.01.2021;7:37:36;18.53;28.68;1.52;752.14;0.02;0.00;0.00
18.01.2021;7:38:36;20.89;28.68;1.53;752.16;0.03;0.00;0.00
18.01.2021;7:39:36;23.42;28.70;1.51;752.18;0.04;0.00;0.00
18.01.2021;7:40:36;26.06;28.69;1.51;752.19;0.05;0.00;0.00
18.01.2021;7:41:36;28.99;28.64;1.52;752.18;0.06;0.00;0.00
18.01.2021;7:42:36;32.07;28.62;1.52;752.18;0.07;0.00;0.00
18.01.2021;7:43:36;35.42;28.62;1.53;752.18;0.08;0.00;0.00
18.01.2021;7:44:36;39.15;28.59;1.52;752.19;0.10;0.00;0.00
18.01.2021;7:45:36;43.44;28.67;1.52;752.17;0.11;0.00;0.00
18.01.2021;7:46:36;47.95;28.59;1.53;752.16;0.13;0.00;0.00
18.01.2021;7:47:36;52.75;28.58;1.54;752.15;0.15;0.00;0.00
18.01.2021;7:48:36;57.95;28.59;1.55;752.15;0.17;0.00;0.00
18.01.2021;7:49:36;63.21;28.60;1.55;752.16;0.19;0.00;0.00
18.01.2021;7:50:36;68.72;28.51;1.56;752.17;0.20;0.00;0.00
18.01.2021;7:51:36;74.22;28.57;1.55;752.20;0.22;0.00;0.00
18.01.2021;7:52:36;80.24;28.58;1.54;752.25;0.24;0.00;0.00
18.01.2021;7:53:36;86.53;28.55;1.54;752.28;0.26;0.00;0.00
18.01.2021;7:54:36;93.08;28.58;1.54;752.30;0.28;0.00;0.00
18.01.2021;7:55:36;99.87;28.61;1.54;752.33;0.31;0.00;0.00
18.01.2021;7:56:36;107.53;28.58;1.54;752.34;0.35;0.00;0.00
18.01.2021;7:57:37;115.21;28.48;1.55;752.34;0.39;0.00;0.00
18.01.2021;7:58:37;123.26;28.56;1.54;752.33;0.44;0.04;0.02
18.01.2021;7:59:37;132.20;28.53;1.55;752.34;0.49;0.14;0.07
18.01.2021;8:00:37;141.74;28.56;1.56;752.34;0.54;0.21;0.11
18.01.2021;8:01:37;151.12;28.51;1.58;752.34;0.59;0.29;0.17
18.01.2021;8:02:37;160.13;28.49;1.58;752.35;0.63;0.38;0.24
18.01.2021;8:03:37;169.25;28.43;1.61;752.34;0.67;0.42;0.29
18.01.2021;8:04:37;178.49;28.39;1.62;752.36;0.71;0.49;0.35
18.01.2021;8:05:37;188.90;28.39;1.63;752.36;0.75;0.53;0.40
18.01.2021;8:06:37;199.22;28.41;1.64;752.37;0.78;0.59;0.46
18.01.2021;8:07:37;208.74;28.43;1.65;752.38;0.81;0.63;0.51
18.01.2021;8:08:37;218.75;28.43;1.67;752.39;0.84;0.70;0.58
18.01.2021;8:09:37;228.49;28.36;1.68;752.39;0.87;0.73;0.63
18.01.2021;8:10:37;239.10;28.27;1.69;752.38;0.89;0.79;0.70
18.01.2021;8:11:37;250.64;28.29;1.71;752.40;0.93;0.84;0.78
18.01.2021;8:12:37;262.54;28.29;1.74;752.40;0.98;0.93;0.90
18.01.2021;8:13:37;275.36;28.25;1.76;752.40;1.03;1.00;1.03
18.01.2021;8:14:37;288.70;28.22;1.78;752.40;1.08;1.09;1.17
18.01.2021;8:15:37;301.19;28.23;1.80;752.40;1.11;1.14;1.27
18.01.2021;8:16:37;313.64;28.19;1.82;752.39;1.15;1.20;1.39
18.01.2021;8:17:37;325.15;28.16;1.84;752.39;1.19;1.27;1.51
18.01.2021;8:18:37;337.87;28.10;1.87;752.39;1.22;1.33;1.62
18.01.2021;8:19:37;352.16;28.08;1.88;752.39;1.26;1.39;1.75
18.01.2021;8:20:37;365.97;28.15;1.88;752.37;1.30;1.45;1.89
18.01.2021;8:21:37;380.34;28.11;1.90;752.37;1.34;1.51;2.02
18.01.2021;8:22:37;393.44;28.11;1.93;752.35;1.36;1.56;2.12
18.01.2021;8:23:37;407.10;28.03;1.96;752.35;1.39;1.60;2.22
18.01.2021;8:24:37;421.29;28.01;1.97;752.33;1.43;1.66;2.38
18.01.2021;8:25:37;435.67;27.97;1.99;752.34;1.47;1.72;2.53
18.01.2021;8:26:37;451.55;27.95;2.02;752.35;1.53;1.82;2.78
18.01.2021;8:27:37;467.11;27.94;2.03;752.36;1.58;1.90;3.00
18.01.2021;8:28:37;483.52;28.01;2.04;752.36;1.62;1.98;3.21
18.01.2021;8:29:37;496.51;27.88;2.08;752.37;1.65;2.02;3.32
18.01.2021;8:30:37;504.60;27.80;2.08;752.36;1.65;2.01;3.32
18.01.2021;8:31:37;511.98;27.94;2.09;752.36;1.65;2.02;3.32
18.01.2021;8:32:37;520.25;27.83;2.11;752.35;1.65;2.01;3.32
18.01.2021;8:33:38;531.40;27.77;2.12;752.36;1.67;2.04;3.41
18.01.2021;8:34:38;542.78;27.76;2.12;752.38;1.69;2.08;3.52
18.01.2021;8:35:38;556.72;27.82;2.12;752.40;1.73;2.10;3.63
18.01.2021;8:36:38;570.89;27.79;2.11;752.40;1.76;2.12;3.73
18.01.2021;8:37:38;582.85;27.79;2.13;752.42;1.78;2.15;3.82
18.01.2021;8:38:38;595.71;27.86;2.13;752.42;1.81;2.18;3.95
18.01.2021;8:39:38;606.43;27.87;2.16;752.41;1.83;2.20;4.03
18.01.2021;8:40:38;618.86;27.81;2.18;752.42;1.85;2.26;4.19
18.01.2021;8:41:38;631.42;27.73;2.18;752.43;1.88;2.31;4.33
18.01.2021;8:42:38;648.31;27.74;2.18;752.44;1.92;2.40;4.61
18.01.2021;8:43:38;665.85;27.74;2.20;752.44;1.97;2.49;4.90
18.01.2021;8:44:38;677.89;27.70;2.23;752.42;1.99;2.51;5.00
18.01.2021;8:45:38;686.82;27.74;2.24;752.42;2.00;2.55;5.10
18.01.2021;8:46:38;696.13;27.69;2.26;752.44;2.01;2.57;5.18
18.01.2021;8:47:38;706.82;27.61;2.27;752.45;2.03;2.60;5.28
18.01.2021;8:48:38;717.60;27.64;2.27;752.47;2.05;2.64;5.42
18.01.2021;8:49:38;726.01;27.59;2.28;752.49;2.07;2.68;5.54
18.01.2021;8:50:38;731.89;27.73;2.28;752.50;2.07;2.69;5.57
18.01.2021;8:51:38;737.17;27.72;2.30;752.51;2.07;2.68;5.56
18.01.2021;8:52:38;739.08;27.61;2.34;752.50;2.06;2.66;5.47
18.01.2021;8:53:38;743.04;27.55;2.37;752.50;2.06;2.66;5.47
18.01.2021;8:54:38;750.86;27.60;2.37;752.51;2.07;2.69;5.57
18.01.2021;8:55:38;760.06;27.61;2.37;752.51;2.09;2.70;5.64
18.01.2021;8:56:38;773.90;27.68;2.39;752.54;2.13;2.77;5.90
18.01.2021;8:57:38;791.33;27.58;2.42;752.54;2.17;2.85;6.19
18.01.2021;8:58:38;805.33;27.56;2.42;752.57;2.20;2.90;6.39
18.01.2021;8:59:38;818.81;27.43;2.45;752.59;2.24;2.95;6.61
18.01.2021;9:00:38;828.54;27.38;2.47;752.58;2.26;3.00;6.78
18.01.2021;9:01:38;834.50;27.36;2.47;752.57;2.26;3.00;6.79
18.01.2021;9:02:38;846.37;27.34;2.49;752.57;2.29;3.05;6.99
18.01.2021;9:03:38;857.54;27.26;2.49;752.56;2.31;3.09;7.14
18.01.2021;9:04:38;867.73;27.26;2.48;752.58;2.33;3.11;7.24
18.01.2021;9:05:38;877.89;27.23;2.50;752.56;2.35;3.14;7.39
18.01.2021;9:06:38;891.32;27.26;2.52;752.55;2.38;3.19;7.59
18.01.2021;9:07:38;901.38;27.19;2.52;752.57;2.40;3.21;7.70
18.01.2021;9:08:38;911.11;27.18;2.53;752.58;2.41;3.24;7.81
18.01.2021;9:09:38;927.08;27.22;2.53;752.59;2.45;3.30;8.09
18.01.2021;9:10:39;940.60;27.23;2.55;752.60;2.48;3.35;8.29
18.01.2021;9:11:39;950.08;27.17;2.55;752.62;2.49;3.37;8.39
18.01.2021;9:12:39;957.22;27.19;2.57;752.62;2.50;3.38;8.46
18.01.2021;9:13:39;963.22;27.20;2.58;752.62;2.51;3.39;8.50
18.01.2021;9:14:39;966.65;27.19;2.60;752.61;2.50;3.40;8.52
18.01.2021;9:15:39;975.94;27.08;2.63;752.60;2.52;3.41;8.60
18.01.2021;9:16:39;990.20;27.06;2.65;752.62;2.55;3.48;8.89
18.01.2021;9:17:39;1002.56;27.21;2.63;752.63;2.58;3.51;9.04
18.01.2021;9:18:39;1019.93;27.06;2.65;752.64;2.61;3.58;9.34
18.01.2021;9:19:39;1040.06;27.06;2.68;752.65;2.66;3.65;9.70
18.01.2021;9:20:39;1045.24;27.18;2.68;752.65;2.65;3.63;9.61
18.01.2021;9:21:39;1053.38;27.25;2.68;752.64;2.65;3.64;9.66
18.01.2021;9:22:39;1064.61;27.05;2.70;752.64;2.68;3.69;9.89
18.01.2021;9:23:39;1068.26;27.05;2.73;752.63;2.68;3.69;9.90
18.01.2021;9:24:39;1074.40;27.01;2.75;752.64;2.69;3.70;9.93
18.01.2021;9:25:39;1084.72;26.98;2.76;752.65;2.71;3.72;10.08
18.01.2021;9:26:39;1100.58;26.92;2.77;752.65;2.74;3.78;10.38
18.01.2021;9:27:39;1116.65;26.98;2.77;752.66;2.77;3.83;10.63
18.01.2021;9:28:39;1119.75;27.01;2.77;752.66;2.76;3.80;10.49
18.01.2021;9:29:39;1126.07;26.96;2.79;752.65;2.76;3.80;10.50
18.01.2021;9:30:39;1133.25;26.92;2.82;752.65;2.77;3.83;10.63
18.01.2021;9:31:39;1139.10;26.85;2.83;752.64;2.78;3.84;10.65
18.01.2021;9:32:39;1153.08;26.81;2.85;752.64;2.81;3.89;10.93
18.01.2021;9:33:39;1170.90;26.84;2.85;752.64;2.84;3.96;11.24
18.01.2021;9:34:39;1187.79;26.77;2.87;752.64;2.87;4.00;11.48
18.01.2021;9:35:39;1191.64;26.71;2.88;752.64;2.87;4.00;11.47
18.01.2021;9:36:39;1200.21;26.75;2.89;752.63;2.89;4.02;11.59
18.01.2021;9:37:39;1211.28;26.77;2.89;752.64;2.90;4.06;11.79
18.01.2021;9:38:39;1222.98;26.76;2.91;752.63;2.93;4.10;12.00
18.01.2021;9:39:39;1227.13;26.75;2.91;752.62;2.94;4.11;12.07
18.01.2021;9:40:39;1225.75;26.68;2.91;752.62;2.91;4.08;11.91
18.01.2021;9:41:39;1231.14;26.66;2.91;752.61;2.93;4.10;12.00
18.01.2021;9:42:40;1231.51;26.71;2.92;752.62;2.92;4.08;11.90
18.01.2021;9:43:40;1258.30;26.72;2.93;752.62;2.99;4.19;12.55
18.01.2021;9:44:40;1254.85;26.66;2.94;752.63;2.96;4.16;12.31
18.01.2021;9:45:40;1245.20;26.67;2.95;752.63;2.94;4.10;12.04
18.01.2021;9:46:40;1240.43;26.67;2.94;752.63;2.93;4.09;11.98
18.01.2021;9:47:40;1223.08;26.64;2.95;752.64;2.86;3.97;11.34
18.01.2021;9:48:40;1224.68;26.60;2.95;752.63;2.86;3.99;11.43
18.01.2021;9:49:40;1220.46;26.57;2.93;752.63;2.84;3.96;11.26
18.01.2021;9:50:40;1232.03;26.54;2.94;752.64;2.88;4.00;11.53
18.01.2021;9:51:40;1237.89;26.51;2.94;752.65;2.89;4.03;11.64
18.01.2021;9:52:40;1242.42;26.64;2.93;752.67;2.90;4.05;11.73
18.01.2021;9:53:40;1251.51;26.63;2.94;752.68;2.91;4.07;11.84
18.01.2021;9:54:40;1267.14;26.74;2.93;752.72;2.95;4.12;12.13
18.01.2021;9:55:40;1258.49;26.76;2.92;752.74;2.90;4.03;11.69
18.01.2021;9:56:40;1253.69;26.70;2.92;752.75;2.87;4.00;11.46
18.01.2021;9:57:40;1298.43;26.68;2.94;752.75;3.01;4.23;12.74
18.01.2021;9:58:40;1304.94;26.69;2.94;752.74;3.02;4.25;12.84
18.01.2021;9:59:40;1302.60;26.63;2.95;752.75;3.01;4.22;12.69
18.01.2021;10:00:40;1305.34;26.59;2.98;752.76;3.01;4.23;12.74
18.01.2021;10:01:40;1292.08;26.60;3.00;752.77;2.98;4.19;12.51
18.01.2021;10:02:40;1305.96;26.49;3.02;752.77;3.04;4.28;13.00
18.01.2021;10:03:40;1357.63;26.48;3.03;752.79;3.17;4.49;14.24
18.01.2021;10:04:40;1399.56;26.52;3.04;752.80;3.25;4.63;15.05
18.01.2021;10:05:40;1444.18;26.49;3.05;752.81;3.34;4.77;15.95
18.01.2021;10:06:40;1461.83;26.49;3.07;752.82;3.37;4.81;16.19
18.01.2021;10:07:40;1465.92;26.49;3.07;752.83;3.36;4.81;16.17
18.01.2021;10:08:40;1487.74;26.45;3.09;752.84;3.42;4.89;16.72
18.01.2021;10:09:40;1502.92;26.46;3.12;752.86;3.44;4.94;17.02
18.01.2021;10:10:40;1515.69;26.39;3.13;752.87;3.46;4.99;17.27
18.01.2021;10:11:40;1538.01;26.42;3.16;752.87;3.50;5.05;17.68
18.01.2021;10:12:40;1549.53;26.44;3.17;752.88;3.52;5.07;17.84
18.01.2021;10:13:41;1541.46;26.45;3.18;752.88;3.49;5.02;17.50
18.01.2021;10:14:41;1523.21;26.40;3.19;752.88;3.46;4.97;17.17
18.01.2021;10:15:41;1520.08;26.36;3.21;752.86;3.41;4.89;16.67
18.01.2021;10:16:41;1522.37;26.37;3.21;752.85;3.45;4.96;17.10
18.01.2021;10:17:41;1543.52;26.37;3.22;752.84;3.46;4.97;17.17
18.01.2021;10:18:41;1565.90;26.28;3.24;752.83;3.48;5.02;17.47
18.01.2021;10:19:41;1582.97;26.14;3.26;752.82;3.53;5.09;17.98
18.01.2021;10:20:41;1587.14;26.08;3.30;752.82;3.53;5.08;17.90
18.01.2021;10:21:41;1616.18;26.06;3.29;752.82;3.58;5.15;18.42
18.01.2021;10:22:41;1600.69;25.96;3.31;752.82;3.56;5.14;18.32
18.01.2021;10:23:41;1583.12;26.01;3.31;752.82;3.50;5.04;17.65
18.01.2021;10:24:41;1577.56;26.25;3.30;752.83;3.46;4.98;17.25
18.01.2021;10:25:41;1607.75;26.09;3.31;752.83;3.51;5.06;17.77
18.01.2021;10:26:41;1634.93;26.08;3.30;752.84;3.53;5.10;18.01
18.01.2021;10:27:41;1692.02;26.06;3.31;752.84;3.64;5.26;19.14
18.01.2021;10:28:41;1741.58;26.05;3.33;752.84;3.71;5.39;20.03
18.01.2021;10:29:41;1800.75;26.07;3.35;752.84;3.82;5.55;21.20
18.01.2021;10:30:41;1768.17;26.02;3.38;752.85;3.73;5.42;20.25
18.01.2021;10:31:41;1766.16;26.12;3.40;752.86;3.72;5.41;20.11
18.01.2021;10:32:41;1762.89;26.19;3.41;752.85;3.71;5.39;20.01
18.01.2021;10:33:41;1775.22;26.10;3.41;752.87;3.77;5.48;20.68
18.01.2021;10:34:41;1741.69;26.03;3.44;752.87;3.66;5.31;19.47
18.01.2021;10:35:41;1800.83;25.94;3.45;752.86;3.77;5.48;20.68
18.01.2021;10:36:41;1808.31;25.98;3.49;752.87;3.80;5.52;20.95
18.01.2021;10:37:41;1720.86;25.91;3.51;752.87;3.62;5.24;18.96
18.01.2021;10:38:41;1761.75;25.84;3.51;752.87;3.71;5.37;19.91
18.01.2021;10:39:41;1747.40;25.71;3.52;752.86;3.70;5.36;19.82
18.01.2021;10:40:41;1705.86;25.67;3.51;752.84;3.63;5.26;19.08
18.01.2021;10:41:41;1659.31;25.66;3.50;752.81;3.53;5.09;17.94
18.01.2021;10:42:41;1684.79;25.60;3.49;752.81;3.59;5.19;18.61
18.01.2021;10:43:41;1671.74;25.60;3.48;752.79;3.57;5.16;18.44
18.01.2021;10:44:42;1610.79;25.60;3.48;752.78;3.43;4.92;16.89
18.01.2021;10:45:42;1602.22;25.48;3.46;752.78;3.39;4.85;16.44
18.01.2021;10:46:42;1641.78;25.44;3.44;752.78;3.50;5.04;17.67
18.01.2021;10:47:42;1589.68;25.54;3.40;752.78;3.37;4.84;16.31
18.01.2021;10:48:42;1593.05;25.57;3.37;752.78;3.39;4.87;16.50
18.01.2021;10:49:42;1619.04;25.65;3.36;752.77;3.44;4.94;16.96
18.01.2021;10:50:42;1640.99;25.64;3.35;752.77;3.50;5.04;17.64
18.01.2021;10:51:42;1601.51;25.63;3.33;752.77;3.40;4.88;16.59
18.01.2021;10:52:42;1622.31;25.70;3.32;752.77;3.44;4.95;17.04
18.01.2021;10:53:42;1655.48;25.74;3.28;752.78;3.52;5.08;17.89
18.01.2021;10:54:42;1649.78;25.74;3.28;752.76;3.50;5.05;17.69
18.01.2021;10:55:42;1639.63;25.91;3.28;752.76;3.49;5.01;17.46
18.01.2021;10:56:42;1646.14;25.86;3.28;752.75;3.50;5.03;17.58
18.01.2021;10:57:42;1651.06;25.86;3.29;752.71;3.50;5.05;17.67
18.01.2021;10:58:42;1632.32;25.85;3.30;752.70;3.47;4.97;17.24
18.01.2021;10:59:42;1614.65;25.84;3.27;752.69;3.43;4.93;16.93
18.01.2021;11:00:42;1633.87;25.87;3.30;752.69;3.46;4.97;17.21
18.01.2021;11:01:42;1654.76;25.97;3.29;752.70;3.48;5.01;17.46
18.01.2021;11:02:42;1659.31;25.97;3.28;752.70;3.47;4.98;17.26
18.01.2021;11:03:42;1711.14;25.92;3.29;752.71;3.56;5.14;18.30
18.01.2021;11:04:42;1770.40;25.88;3.31;752.70;3.66;5.31;19.41
18.01.2021;11:05:42;1789.32;25.96;3.35;752.68;3.68;5.34;19.67
18.01.2021;11:06:42;1804.63;25.95;3.35;752.68;3.70;5.38;19.93
18.01.2021;11:07:42;1780.06;25.97;3.36;752.67;3.67;5.32;19.54
18.01.2021;11:08:42;1736.85;26.00;3.36;752.67;3.62;5.24;18.93
18.01.2021;11:09:42;1713.74;25.92;3.37;752.67;3.59;5.20;18.69
18.01.2021;11:10:42;1699.19;25.88;3.39;752.69;3.58;5.19;18.59
18.01.2021;11:11:42;1678.33;25.86;3.41;752.68;3.55;5.11;18.14
18.01.2021;11:12:42;1646.51;26.04;3.42;752.67;3.49;5.01;17.50
18.01.2021;11:13:42;1625.95;25.98;3.41;752.66;3.45;4.95;17.04
18.01.2021;11:14:43;1625.72;25.94;3.41;752.63;3.44;4.93;16.95
18.01.2021;11:15:43;1658.84;25.82;3.42;752.63;3.50;5.05;17.69
18.01.2021;11:16:43;1654.74;25.80;3.44;752.64;3.50;5.03;17.58
18.01.2021;11:17:43;1645.51;25.88;3.43;752.66;3.48;5.01;17.44
18.01.2021;11:18:43;1629.51;25.88;3.43;752.66;3.44;4.94;17.01
18.01.2021;11:19:43;1611.38;25.95;3.43;752.66;3.38;4.85;16.42
18.01.2021;11:20:43;1598.43;26.01;3.42;752.65;3.34;4.79;16.01
18.01.2021;11:21:43;1616.58;26.06;3.40;752.65;3.40;4.88;16.61
18.01.2021;11:22:43;1630.10;26.03;3.41;752.62;3.44;4.94;17.00
18.01.2021;11:23:43;1610.60;25.97;3.42;752.61;3.40;4.87;16.55
18.01.2021;11:24:43;1564.21;25.95;3.43;752.60;3.28;4.69;15.40
18.01.2021;11:25:43;1523.43;25.92;3.42;752.59;3.18;4.51;14.36
18.01.2021;11:26:43;1510.26;25.93;3.41;752.57;3.13;4.43;13.90
18.01.2021;11:27:43;1529.04;26.04;3.39;752.54;3.18;4.52;14.39
18.01.2021;11:28:43;1540.49;25.93;3.38;752.53;3.22;4.58;14.72
18.01.2021;11:29:43;1535.42;25.88;3.40;752.52;3.19;4.52;14.39
18.01.2021;11:30:43;1547.53;25.95;3.40;752.51;3.21;4.55;14.61
18.01.2021;11:31:43;1555.00;25.95;3.39;752.50;3.22;4.59;14.79
18.01.2021;11:32:43;1541.67;25.95;3.37;752.48;3.18;4.51;14.35
18.01.2021;11:33:43;1526.22;26.01;3.37;752.49;3.13;4.42;13.84
18.01.2021;11:34:43;1537.96;26.02;3.37;752.50;3.17;4.50;14.27
18.01.2021;11:35:43;1553.43;25.99;3.36;752.52;3.22;4.59;14.78
18.01.2021;11:36:43;1550.64;25.91;3.38;752.52;3.22;4.60;14.80
18.01.2021;11:37:43;1543.40;25.87;3.37;752.51;3.20;4.56;14.60
18.01.2021;11:38:43;1553.42;25.92;3.36;752.50;3.22;4.58;14.74
18.01.2021;11:39:43;1585.17;25.86;3.36;752.50;3.30;4.71;15.56
18.01.2021;11:40:43;1604.61;25.95;3.38;752.48;3.35;4.79;16.05
18.01.2021;11:41:43;1609.89;25.93;3.37;752.45;3.36;4.80;16.12
18.01.2021;11:42:43;1613.16;26.05;3.36;752.44;3.37;4.82;16.23
18.01.2021;11:43:43;1617.68;26.16;3.37;752.42;3.38;4.84;16.36
18.01.2021;11:44:43;1628.79;26.02;3.38;752.42;3.41;4.88;16.63
18.01.2021;11:45:44;1634.78;25.89;3.37;752.40;3.41;4.90;16.74
18.01.2021;11:46:44;1632.87;25.85;3.38;752.40;3.41;4.89;16.70
18.01.2021;11:47:44;1631.31;25.83;3.41;752.40;3.41;4.90;16.70
18.01.2021;11:48:44;1644.47;25.92;3.42;752.40;3.44;4.94;16.99
18.01.2021;11:49:44;1647.49;25.88;3.42;752.39;3.44;4.94;16.98
18.01.2021;11:50:44;1645.96;25.86;3.42;752.40;3.43;4.92;16.90
18.01.2021;11:51:44;1649.31;25.87;3.42;752.40;3.44;4.94;17.01
18.01.2021;11:52:44;1665.13;25.87;3.45;752.40;3.46;4.98;17.25
18.01.2021;11:53:44;1683.12;25.88;3.46;752.41;3.50;5.03;17.58
18.01.2021;11:54:44;1689.97;25.85;3.47;752.41;3.51;5.06;17.75
18.01.2021;11:55:44;1717.14;25.81;3.50;752.41;3.55;5.13;18.24
18.01.2021;11:56:44;1738.36;25.78;3.51;752.42;3.58;5.18;18.57
18.01.2021;11:57:44;1762.03;25.71;3.54;752.43;3.61;5.22;18.87
18.01.2021;11:58:44;1787.81;25.64;3.57;752.43;3.65;5.28;19.26
18.01.2021;11:59:44;1818.31;25.75;3.59;752.41;3.68;5.33;19.63
18.01.2021;12:00:44;1849.28;25.90;3.61;752.40;3.72;5.40;20.07
18.01.2021;12:01:44;1880.20;25.67;3.63;752.41;3.75;5.43;20.36
18.01.2021;12:02:44;1908.79;25.63;3.66;752.40;3.78;5.50;20.80
18.01.2021;12:03:44;1929.62;25.51;3.69;752.40;3.80;5.52;20.97
18.01.2021;12:04:44;1947.02;25.48;3.72;752.38;3.82;5.56;21.24
18.01.2021;12:05:44;1960.79;25.47;3.73;752.36;3.83;5.58;21.38
18.01.2021;12:06:44;1969.05;25.38;3.75;752.37;3.84;5.59;21.44
18.01.2021;12:07:44;1968.53;25.31;3.78;752.37;3.83;5.58;21.38
18.01.2021;12:08:44;1972.65;25.23;3.81;752.38;3.83;5.59;21.44
18.01.2021;12:09:44;1974.72;25.21;3.84;752.38;3.84;5.59;21.47
18.01.2021;12:10:44;1968.90;25.13;3.84;752.37;3.83;5.58;21.37
18.01.2021;12:11:44;1956.92;25.12;3.85;752.38;3.81;5.54;21.11
18.01.2021;12:12:44;1942.15;25.12;3.84;752.39;3.79;5.50;20.86
18.01.2021;12:13:44;1932.81;25.28;3.84;752.39;3.78;5.50;20.81
18.01.2021;12:14:44;1922.54;25.39;3.84;752.39;3.77;5.49;20.72
18.01.2021;12:15:44;1896.78;25.31;3.85;752.39;3.74;5.43;20.29
18.01.2021;12:16:45;1854.46;25.29;3.86;752.39;3.66;5.32;19.49
18.01.2021;12:17:45;1843.72;25.27;3.86;752.38;3.67;5.32;19.52
18.01.2021;12:18:45;1838.97;25.31;3.84;752.36;3.68;5.35;19.72
18.01.2021;12:19:45;1815.93;25.29;3.83;752.35;3.66;5.30;19.37
18.01.2021;12:20:45;1789.03;25.26;3.83;752.35;3.61;5.23;18.89
18.01.2021;12:21:45;1779.17;25.18;3.85;752.35;3.60;5.20;18.72
18.01.2021;12:22:45;1781.64;25.26;3.84;752.35;3.62;5.23;18.94
18.01.2021;12:23:45;1766.07;25.32;3.83;752.34;3.59;5.19;18.60
18.01.2021;12:24:45;1762.78;25.25;3.83;752.35;3.58;5.19;18.57
18.01.2021;12:25:45;1770.21;25.25;3.83;752.35;3.61;5.21;18.79
18.01.2021;12:26:45;1769.18;25.66;3.84;752.36;3.61;5.21;18.84
18.01.2021;12:27:45;1772.72;25.41;3.84;752.37;3.63;5.25;19.06
18.01.2021;12:28:45;1766.89;25.58;3.84;752.37;3.62;5.23;18.92
18.01.2021;12:29:45;1773.15;25.38;3.84;752.37;3.63;5.26;19.11
18.01.2021;12:30:45;1770.85;25.34;3.85;752.35;3.63;5.25;19.04
18.01.2021;12:31:45;1784.21;25.28;3.85;752.34;3.65;5.28;19.25
18.01.2021;12:32:45;1792.44;25.20;3.86;752.34;3.65;5.29;19.33
18.01.2021;12:33:45;1805.31;25.24;3.86;752.35;3.67;5.32;19.54
18.01.2021;12:34:45;1815.67;25.28;3.89;752.36;3.69;5.36;19.77
18.01.2021;12:35:45;1813.83;25.24;3.89;752.36;3.69;5.37;19.83
18.01.2021;12:36:45;1820.32;25.20;3.91;752.34;3.71;5.39;20.01
18.01.2021;12:37:45;1821.67;25.20;3.91;752.32;3.72;5.40;20.13
18.01.2021;12:38:45;1810.64;25.25;3.93;752.30;3.72;5.40;20.09
18.01.2021;12:39:45;1790.03;25.38;3.93;752.29;3.69;5.36;19.80
18.01.2021;12:40:45;1786.58;25.13;3.95;752.28;3.70;5.38;19.90
18.01.2021;12:41:45;1766.74;25.11;3.96;752.28;3.66;5.31;19.43
18.01.2021;12:42:45;1752.50;25.16;3.93;752.28;3.63;5.25;19.05
18.01.2021;12:43:45;1754.12;25.30;3.93;752.29;3.63;5.26;19.13
18.01.2021;12:44:45;1748.63;25.47;3.94;752.31;3.62;5.22;18.88
18.01.2021;12:45:45;1758.56;25.44;3.93;752.30;3.64;5.29;19.27
18.01.2021;12:46:46;1763.21;25.35;3.95;752.31;3.68;5.32;19.57
18.01.2021;12:47:46;1725.48;25.39;3.95;752.31;3.63;5.25;19.03
18.01.2021;12:48:46;1672.46;25.38;3.95;752.30;3.52;5.08;17.85
18.01.2021;12:49:46;1663.68;25.32;3.95;752.30;3.49;5.01;17.49
18.01.2021;12:50:46;1675.83;25.32;3.95;752.30;3.51;5.05;17.72
18.01.2021;12:51:46;1691.26;25.50;3.92;752.31;3.54;5.10;18.02
18.01.2021;12:52:46;1702.56;25.36;3.93;752.31;3.55;5.12;18.19
18.01.2021;12:53:46;1710.71;25.30;3.93;752.32;3.55;5.11;18.12
18.01.2021;12:54:46;1732.25;25.23;3.93;752.33;3.56;5.14;18.33
18.01.2021;12:55:46;1767.05;25.23;3.95;752.32;3.63;5.26;19.08
18.01.2021;12:56:46;1800.57;25.20;3.97;752.32;3.69;5.36;19.81
18.01.2021;12:57:46;1834.84;25.27;3.97;752.32;3.75;5.45;20.44
18.01.2021;12:58:46;1856.29;25.39;3.98;752.32;3.78;5.49;20.75
18.01.2021;12:59:46;1881.39;25.36;4.00;752.32;3.80;5.52;21.02
18.01.2021;13:00:46;1893.50;25.27;4.01;752.32;3.81;5.54;21.12
18.01.2021;13:01:46;1898.63;25.25;4.03;752.30;3.80;5.52;20.99
18.01.2021;13:02:46;1935.45;25.30;4.05;752.29;3.85;5.60;21.58
18.01.2021;13:03:46;1986.39;25.22;4.06;752.28;3.93;5.74;22.53
18.01.2021;13:04:46;2022.20;25.22;4.08;752.27;3.96;5.80;23.00
18.01.2021;13:05:46;2039.53;25.26;4.11;752.27;3.98;5.82;23.17
18.01.2021;13:06:46;2059.32;25.24;4.14;752.28;4.02;5.88;23.63
18.01.2021;13:07:46;2076.84;25.26;4.17;752.27;4.04;5.92;23.92
18.01.2021;13:08:46;2083.06;25.16;4.20;752.27;4.05;5.92;23.98
18.01.2021;13:09:46;2100.75;25.17;4.24;752.28;4.08;5.99;24.41
18.01.2021;13:10:46;2143.07;25.30;4.27;752.27;4.15;6.10;25.29
18.01.2021;13:11:46;2146.29;25.31;4.32;752.26;4.15;6.11;25.36
18.01.2021;13:12:46;2102.80;25.17;4.35;752.25;4.08;5.99;24.43
18.01.2021;13:13:46;2090.60;25.07;4.38;752.26;4.08;5.99;24.43
18.01.2021;13:14:46;2067.30;24.99;4.40;752.26;4.05;5.94;24.04
18.01.2021;13:15:46;2052.71;25.07;4.42;752.25;4.06;5.95;24.14
18.01.2021;13:16:47;2032.79;24.93;4.43;752.24;4.03;5.90;23.82
18.01.2021;13:17:47;2049.07;24.79;4.45;752.24;4.07;5.97;24.29
18.01.2021;13:18:47;2070.06;24.86;4.48;752.23;4.09;6.00;24.52
18.01.2021;13:19:47;2102.03;24.79;4.51;752.21;4.10;6.02;24.68
18.01.2021;13:20:47;2174.28;24.79;4.54;752.21;4.17;6.14;25.63
18.01.2021;13:21:47;2245.30;24.88;4.56;752.21;4.25;6.26;26.58
18.01.2021;13:22:47;2301.03;24.91;4.61;752.22;4.30;6.35;27.34
18.01.2021;13:23:47;2307.68;24.90;4.66;752.23;4.31;6.37;27.44
18.01.2021;13:24:47;2308.56;24.69;4.70;752.23;4.31;6.37;27.48
18.01.2021;13:25:47;2245.15;24.68;4.73;752.22;4.26;6.27;26.70
18.01.2021;13:26:47;2126.21;24.69;4.73;752.22;4.14;6.08;25.15
18.01.2021;13:27:47;2094.82;24.58;4.73;752.22;4.11;6.03;24.75
18.01.2021;13:28:47;2110.28;24.54;4.75;752.21;4.12;6.06;24.98
18.01.2021;13:29:47;2118.70;24.50;4.75;752.20;4.13;6.09;25.17
18.01.2021;13:30:47;2138.69;24.41;4.76;752.22;4.15;6.10;25.34
18.01.2021;13:31:47;2216.47;24.37;4.78;752.22;4.23;6.23;26.31
18.01.2021;13:32:47;2314.25;24.34;4.82;752.20;4.31;6.36;27.43
18.01.2021;13:33:47;2363.46;24.26;4.84;752.21;4.35;6.43;28.02
18.01.2021;13:34:47;2359.73;24.27;4.86;752.22;4.35;6.44;28.02
18.01.2021;13:35:47;2334.19;24.48;4.86;752.22;4.34;6.40;27.75
18.01.2021;13:36:47;2315.37;24.86;4.89;752.23;4.32;6.39;27.65
18.01.2021;13:37:47;2301.72;25.21;4.91;752.24;4.32;6.38;27.56
18.01.2021;13:38:47;2299.08;25.47;4.93;752.22;4.32;6.39;27.60
18.01.2021;13:39:47;2302.81;25.95;4.99;752.21;4.32;6.39;27.61
18.01.2021;13:40:47;2284.64;25.61;5.03;752.22;4.31;6.36;27.41
18.01.2021;13:41:47;2211.31;25.53;5.03;752.22;4.25;6.27;26.66
18.01.2021;13:42:47;2145.42;26.26;5.05;752.21;4.19;6.17;25.86
18.01.2021;13:43:47;2061.89;26.91;5.04;752.20;4.11;6.05;24.85
18.01.2021;13:44:47;1978.49;28.19;5.03;752.22;4.02;5.88;23.61
18.01.2021;13:45:47;1953.64;28.22;5.04;752.22;3.98;5.83;23.21
18.01.2021;13:46:48;1946.77;28.52;5.04;752.21;3.97;5.81;23.09
18.01.2021;13:47:48;1956.14;28.80;5.05;752.22;3.99;5.85;23.35
18.01.2021;13:48:48;1969.21;28.62;5.05;752.22;4.01;5.88;23.61
18.01.2021;13:49:48;1967.24;28.75;5.07;752.22;4.02;5.90;23.70
18.01.2021;13:50:48;1943.63;28.65;5.07;752.22;4.00;5.87;23.51
18.01.2021;13:51:48;1913.18;29.02;5.08;752.21;3.98;5.81;23.11
18.01.2021;13:52:48;1887.11;29.14;5.09;752.20;3.96;5.79;22.94
18.01.2021;13:53:48;1839.35;28.72;5.07;752.22;3.92;5.71;22.38
18.01.2021;13:54:48;1781.63;28.77;5.06;752.24;3.86;5.63;21.75
18.01.2021;13:55:48;1705.28;28.76;5.04;752.24;3.78;5.49;20.73
18.01.2021;13:56:48;1630.11;28.69;5.03;752.25;3.68;5.35;19.69
18.01.2021;13:57:48;1578.57;29.07;5.01;752.24;3.62;5.24;18.95
18.01.2021;13:58:48;1554.00;29.90;5.00;752.25;3.59;5.20;18.64
18.01.2021;13:59:48;1550.32;30.06;4.99;752.26;3.59;5.19;18.60
18.01.2021;14:00:48;1555.56;30.07;4.97;752.27;3.59;5.20;18.69
18.01.2021;14:01:48;1566.71;29.97;4.98;752.28;3.61;5.22;18.85
18.01.2021;14:02:48;1581.12;29.82;4.96;752.30;3.64;5.28;19.22
18.01.2021;14:03:48;1601.98;30.10;4.96;752.30;3.67;5.34;19.61
18.01.2021;14:04:48;1608.47;30.47;4.97;752.32;3.68;5.35;19.70
18.01.2021;14:05:48;1583.22;30.57;4.96;752.33;3.65;5.29;19.32
18.01.2021;14:06:48;1555.40;30.69;4.96;752.34;3.61;5.22;18.85
18.01.2021;14:07:48;1548.69;30.54;4.96;752.34;3.60;5.20;18.69
18.01.2021;14:08:48;1557.10;30.71;4.95;752.32;3.60;5.21;18.78
18.01.2021;14:09:48;1580.56;30.73;4.94;752.32;3.63;5.25;19.07
18.01.2021;14:10:48;1608.60;30.78;4.95;752.30;3.66;5.32;19.47
18.01.2021;14:11:48;1628.78;30.81;4.95;752.28;3.69;5.36;19.77
18.01.2021;14:12:48;1634.27;31.13;4.96;752.30;3.69;5.37;19.85
18.01.2021;14:13:48;1630.00;30.87;4.97;752.30;3.69;5.37;19.82
18.01.2021;14:14:48;1620.33;30.93;4.96;752.29;3.67;5.33;19.58
18.01.2021;14:15:48;1619.77;31.09;4.97;752.29;3.66;5.32;19.49
18.01.2021;14:16:49;1629.17;31.10;4.95;752.28;3.68;5.33;19.59
18.01.2021;14:17:49;1646.19;31.12;4.97;752.29;3.70;5.39;19.97
18.01.2021;14:18:49;1654.25;31.01;4.98;752.32;3.72;5.40;20.08
18.01.2021;14:19:49;1640.14;31.05;4.98;752.33;3.70;5.38;19.90
18.01.2021;14:20:49;1621.10;31.19;4.97;752.33;3.68;5.35;19.65
18.01.2021;14:21:49;1607.35;31.68;4.98;752.35;3.66;5.31;19.45
18.01.2021;14:22:49;1608.11;31.39;4.97;752.36;3.67;5.31;19.48
18.01.2021;14:23:49;1627.14;31.19;4.96;752.36;3.69;5.37;19.81
18.01.2021;14:24:49;1664.72;31.18;4.97;752.36;3.75;5.45;20.42
18.01.2021;14:25:49;1701.05;31.25;4.96;752.35;3.80;5.54;21.06
18.01.2021;14:26:49;1736.40;31.29;4.96;752.34;3.85;5.62;21.65
18.01.2021;14:27:49;1754.08;31.06;4.95;752.32;3.88;5.67;22.02
18.01.2021;14:28:49;1741.90;30.93;4.96;752.31;3.87;5.63;21.75
18.01.2021;14:29:49;1743.47;30.98;4.93;752.30;3.87;5.64;21.84
18.01.2021;14:30:49;1740.86;31.70;4.91;752.30;3.87;5.65;21.87
18.01.2021;14:31:49;1730.25;32.16;4.92;752.30;3.86;5.63;21.76
18.01.2021;14:32:49;1731.96;31.68;4.91;752.30;3.88;5.65;21.92
18.01.2021;14:33:49;1724.99;31.71;4.90;752.31;3.88;5.66;21.93
18.01.2021;14:34:49;1684.63;31.63;4.90;752.31;3.83;5.58;21.39
18.01.2021;14:35:49;1612.94;31.86;4.90;752.31;3.74;5.43;20.30
18.01.2021;14:36:49;1535.43;32.07;4.90;752.29;3.63;5.26;19.06
18.01.2021;14:37:49;1463.02;31.80;4.87;752.30;3.51;5.06;17.73
18.01.2021;14:38:49;1411.93;31.92;4.84;752.32;3.42;4.91;16.80
18.01.2021;14:39:49;1381.21;31.82;4.82;752.31;3.37;4.83;16.29
18.01.2021;14:40:49;1364.47;31.92;4.78;752.34;3.35;4.80;16.09
18.01.2021;14:41:49;1355.17;32.04;4.76;752.34;3.35;4.80;16.07
18.01.2021;14:42:49;1360.83;32.36;4.76;752.34;3.37;4.83;16.26
18.01.2021;14:43:49;1365.26;32.14;4.75;752.35;3.39;4.86;16.47
18.01.2021;14:44:49;1344.84;32.03;4.75;752.35;3.36;4.81;16.17
18.01.2021;14:45:49;1320.76;32.03;4.72;752.35;3.34;4.79;15.96
18.01.2021;14:46:50;1298.83;31.82;4.70;752.38;3.32;4.75;15.76
18.01.2021;14:47:50;1262.97;31.90;4.69;752.40;3.27;4.65;15.19
18.01.2021;14:48:50;1207.60;31.84;4.67;752.43;3.15;4.47;14.11
18.01.2021;14:49:50;1166.24;31.97;4.64;752.43;3.06;4.33;13.22
18.01.2021;14:50:50;1137.69;32.03;4.61;752.45;2.99;4.21;12.61
18.01.2021;14:51:50;1126.55;32.16;4.60;752.45;2.97;4.18;12.42
18.01.2021;14:52:50;1125.75;32.05;4.57;752.45;2.97;4.19;12.44
18.01.2021;14:53:50;1126.19;32.02;4.54;752.47;2.98;4.19;12.49
18.01.2021;14:54:50;1127.64;32.00;4.54;752.48;2.99;4.21;12.58
18.01.2021;14:55:50;1124.83;31.86;4.53;752.49;3.00;4.20;12.62
18.01.2021;14:56:50;1123.76;32.19;4.52;752.50;3.01;4.24;12.77
18.01.2021;14:57:50;1126.51;32.04;4.52;752.52;3.04;4.29;13.05
18.01.2021;14:58:50;1124.76;32.08;4.51;752.54;3.07;4.34;13.31
18.01.2021;14:59:50;1112.22;31.90;4.50;752.54;3.06;4.32;13.24
18.01.2021;15:00:50;1084.47;31.60;4.50;752.55;3.02;4.25;12.84
18.01.2021;15:01:50;1031.81;31.48;4.47;752.56;2.91;4.07;11.83
18.01.2021;15:02:50;960.53;31.42;4.44;752.55;2.73;3.78;10.33
18.01.2021;15:03:50;900.04;31.56;4.41;752.55;2.58;3.53;9.12
18.01.2021;15:04:50;858.01;31.40;4.36;752.52;2.48;3.35;8.30
18.01.2021;15:05:50;826.39;31.38;4.33;752.53;2.40;3.23;7.75
18.01.2021;15:06:50;790.16;31.10;4.28;752.54;2.31;3.09;7.16
18.01.2021;15:07:50;754.03;31.03;4.26;752.55;2.22;2.94;6.53
18.01.2021;15:08:50;719.29;30.89;4.24;752.56;2.13;2.80;5.97
18.01.2021;15:09:50;677.74;30.91;4.19;752.57;2.03;2.60;5.28
18.01.2021;15:10:50;636.28;31.04;4.15;752.59;1.92;2.40;4.59
18.01.2021;15:11:50;606.10;30.99;4.11;752.59;1.84;2.23;4.10
18.01.2021;15:12:50;586.06;30.97;4.07;752.60;1.78;2.15;3.83
18.01.2021;15:13:50;567.43;30.85;4.04;752.59;1.73;2.11;3.64
18.01.2021;15:14:50;547.81;30.90;4.00;752.58;1.67;2.06;3.44
18.01.2021;15:15:50;528.12;31.29;3.97;752.56;1.62;1.97;3.19
18.01.2021;15:16:50;511.26;31.57;3.94;752.56;1.57;1.90;2.97
18.01.2021;15:17:50;499.97;31.65;3.90;752.57;1.53;1.84;2.81
18.01.2021;15:18:51;491.23;32.00;3.87;752.57;1.51;1.80;2.72
18.01.2021;15:19:51;479.83;32.01;3.86;752.57;1.48;1.75;2.58
18.01.2021;15:20:51;464.89;31.98;3.85;752.56;1.43;1.68;2.41
18.01.2021;15:21:51;448.40;32.05;3.83;752.57;1.39;1.60;2.22
18.01.2021;15:22:51;436.33;31.91;3.82;752.56;1.35;1.56;2.11
18.01.2021;15:23:51;434.83;31.94;3.82;752.55;1.35;1.55;2.09
18.01.2021;15:24:51;439.26;31.96;3.80;752.54;1.37;1.58;2.16
18.01.2021;15:25:51;445.92;31.99;3.79;752.54;1.39;1.60;2.22
18.01.2021;15:26:51;454.26;31.84;3.78;752.55;1.42;1.67;2.37
18.01.2021;15:27:51;456.77;31.72;3.76;752.56;1.44;1.68;2.41
18.01.2021;15:28:51;452.04;31.66;3.75;752.56;1.43;1.67;2.38
18.01.2021;15:29:51;446.06;31.78;3.76;752.59;1.41;1.63;2.31
18.01.2021;15:30:51;438.69;31.68;3.75;752.59;1.39;1.61;2.24
18.01.2021;15:31:51;424.29;31.45;3.74;752.60;1.36;1.57;2.13
18.01.2021;15:32:51;401.12;31.52;3.73;752.64;1.29;1.44;1.85
18.01.2021;15:33:51;377.96;31.57;3.71;752.66;1.21;1.32;1.60
18.01.2021;15:34:51;359.78;31.28;3.70;752.68;1.16;1.22;1.41
18.01.2021;15:35:51;345.96;31.55;3.70;752.69;1.11;1.16;1.30
18.01.2021;15:36:51;340.32;31.40;3.67;752.69;1.10;1.11;1.22
18.01.2021;15:37:51;343.11;31.27;3.65;752.70;1.11;1.14;1.26
18.01.2021;15:38:51;349.21;31.24;3.64;752.69;1.13;1.19;1.35
18.01.2021;15:39:51;356.13;31.29;3.64;752.69;1.17;1.22;1.43
18.01.2021;15:40:51;361.28;31.34;3.63;752.70;1.20;1.30;1.55
18.01.2021;15:41:51;356.94;31.26;3.62;752.71;1.20;1.30;1.56
18.01.2021;15:42:51;344.18;31.31;3.61;752.72;1.17;1.24;1.45
18.01.2021;15:43:51;331.37;31.22;3.61;752.73;1.13;1.18;1.33
18.01.2021;15:44:51;322.36;31.24;3.62;752.73;1.10;1.14;1.26
18.01.2021;15:45:51;312.56;31.10;3.60;752.73;1.08;1.09;1.17
18.01.2021;15:46:51;301.46;31.07;3.59;752.74;1.05;1.02;1.07
18.01.2021;15:47:51;292.91;31.13;3.58;752.74;1.03;1.00;1.03
18.01.2021;15:48:51;290.07;31.26;3.58;752.76;1.03;1.00;1.03
18.01.2021;15:49:51;288.98;31.15;3.58;752.76;1.04;1.01;1.05
18.01.2021;15:50:51;285.33;30.95;3.57;752.77;1.03;1.01;1.05
18.01.2021;15:51:51;279.76;31.04;3.57;752.79;1.02;1.00;1.02
18.01.2021;15:52:51;279.22;31.20;3.57;752.78;1.03;1.01;1.04
18.01.2021;15:53:51;281.03;32.39;3.58;752.78;1.05;1.04;1.09
18.01.2021;15:54:52;282.71;33.09;3.58;752.77;1.07;1.08;1.16
18.01.2021;15:55:52;281.79;33.16;3.60;752.77;1.09;1.10;1.20
18.01.2021;15:56:52;281.53;33.25;3.62;752.77;1.10;1.11;1.22
18.01.2021;15:57:52;279.71;33.32;3.65;752.77;1.10;1.13;1.24
18.01.2021;15:58:52;276.57;33.11;3.66;752.78;1.10;1.13;1.25
18.01.2021;15:59:52;269.69;33.02;3.66;752.78;1.09;1.11;1.21
18.01.2021;16:00:52;260.89;33.18;3.66;752.78;1.07;1.07;1.14
18.01.2021;16:01:52;257.02;33.06;3.67;752.79;1.07;1.07;1.15
18.01.2021;16:02:52;253.68;33.12;3.68;752.79;1.09;1.10;1.20
18.01.2021;16:03:52;247.18;33.31;3.67;752.79;1.09;1.11;1.21
18.01.2021;16:04:52;238.01;33.20;3.66;752.80;1.07;1.08;1.15
18.01.2021;16:05:52;227.79;33.32;3.64;752.80;1.03;1.02;1.05
18.01.2021;16:06:52;219.93;33.52;3.63;752.79;1.00;0.96;0.96
18.01.2021;16:07:52;214.51;33.64;3.61;752.79;0.99;0.94;0.93
18.01.2021;16:08:52;207.34;33.70;3.61;752.78;0.97;0.90;0.87
18.01.2021;16:09:52;196.56;33.43;3.61;752.79;0.93;0.83;0.78
18.01.2021;16:10:52;182.79;33.45;3.60;752.79;0.88;0.76;0.66
18.01.2021;16:11:52;172.64;33.39;3.60;752.82;0.83;0.68;0.56
18.01.2021;16:12:52;163.01;33.25;3.58;752.83;0.78;0.60;0.47
18.01.2021;16:13:52;150.93;33.32;3.57;752.83;0.72;0.51;0.37
18.01.2021;16:14:52;140.89;33.70;3.57;752.82;0.67;0.41;0.28
18.01.2021;16:15:52;133.05;33.77;3.55;752.84;0.63;0.36;0.23
18.01.2021;16:16:52;125.37;33.40;3.51;752.84;0.58;0.29;0.17
18.01.2021;16:17:52;117.83;33.37;3.50;752.83;0.54;0.21;0.11
18.01.2021;16:18:52;111.45;33.34;3.47;752.82;0.50;0.14;0.07
18.01.2021;16:19:52;105.67;34.15;3.45;752.82;0.47;0.10;0.05
18.01.2021;16:20:52;101.09;33.65;3.43;752.82;0.45;0.07;0.03
18.01.2021;16:21:52;96.68;33.78;3.41;752.82;0.43;0.01;0.00
18.01.2021;16:22:52;91.24;33.75;3.39;752.82;0.41;-0.00;-0.00
18.01.2021;16:23:52;85.79;33.60;3.38;752.82;0.40;-0.00;-0.00
18.01.2021;16:24:52;80.18;33.50;3.38;752.81;0.39;0.00;0.00
18.01.2021;16:25:52;73.68;33.40;3.36;752.84;0.37;0.00;0.00
18.01.2021;16:26:52;67.25;33.14;3.35;752.84;0.34;0.00;0.00
18.01.2021;16:27:52;60.86;33.08;3.32;752.85;0.31;0.00;0.00
18.01.2021;16:28:52;55.63;33.04;3.30;752.85;0.29;0.00;0.00
18.01.2021;16:29:52;50.86;33.27;3.30;752.86;0.27;0.00;0.00
18.01.2021;16:30:52;47.07;33.43;3.28;752.87;0.26;0.00;0.00
18.01.2021;16:31:53;43.50;33.46;3.24;752.88;0.25;0.00;0.00
18.01.2021;16:32:53;40.08;33.41;3.23;752.92;0.23;0.00;0.00
18.01.2021;16:33:53;36.13;33.72;3.23;752.94;0.21;0.00;0.00
18.01.2021;16:34:53;32.06;33.59;3.23;752.95;0.18;0.00;0.00
18.01.2021;16:35:53;28.42;33.80;3.23;752.97;0.15;0.00;0.00
18.01.2021;16:36:53;25.33;33.59;3.21;752.98;0.12;0.00;0.00
18.01.2021;16:37:53;22.82;33.48;3.23;752.99;0.09;0.00;0.00
18.01.2021;16:38:53;20.96;33.34;3.23;752.99;0.07;0.00;0.00
18.01.2021;16:39:53;19.46;33.34;3.22;752.99;0.06;0.00;0.00
18.01.2021;16:40:53;17.94;33.44;3.20;752.99;0.04;0.00;0.00
18.01.2021;16:41:53;16.57;33.41;3.19;753.00;0.03;0.00;0.00
18.01.2021;16:42:53;15.31;33.47;3.18;752.99;0.02;0.00;0.00
18.01.2021;16:43:53;13.98;33.51;3.17;752.99;0.01;0.00;0.00
18.01.2021;16:44:53;12.96;33.60;3.15;752.98;0.00;0.00;0.00
18.01.2021;16:45:53;11.98;33.79;3.15;752.98;0.00;0.00;0.00
18.01.2021;16:46:53;11.08;33.75;3.16;752.99;0.00;0.00;0.00
18.01.2021;16:47:53;10.25;33.59;3.18;753.01;0.00;0.00;0.00
18.01.2021;16:48:53;9.56;33.23;3.20;753.01;0.00;0.00;0.00
18.01.2021;16:49:53;9.00;32.84;3.20;753.02;0.00;0.00;0.00
18.01.2021;16:50:53;8.33;32.79;3.18;753.03;0.00;0.00;0.00
18.01.2021;16:51:53;7.73;32.93;3.16;753.03;0.00;0.00;0.00
18.01.2021;16:52:53;7.53;32.90;3.15;753.05;0.00;0.00;0.00
18.01.2021;16:53:53;6.85;33.06;3.15;753.05;0.00;0.00;0.00
18.01.2021;16:54:53;6.67;33.57;3.16;753.07;0.00;0.00;0.00
18.01.2021;16:55:53;6.61;33.46;3.16;753.09;0.00;0.00;0.00
18.01.2021;16:56:53;5.85;33.44;3.17;753.10;0.00;0.00;0.00
18.01.2021;16:57:53;5.83;33.50;3.17;753.10;0.00;0.00;0.00
18.01.2021;16:58:53;5.83;33.70;3.16;753.10;0.00;0.00;0.00
18.01.2021;16:59:53;5.83;33.71;3.16;753.09;0.00;0.00;0.00
18.01.2021;17:00:53;5.65;33.58;3.17;753.11;0.00;0.00;0.00
18.01.2021;17:01:53;5.06;33.50;3.19;753.14;0.00;0.00;0.00
18.01.2021;17:02:53;5.00;33.39;3.20;753.13;0.00;0.00;0.00
18.01.2021;17:03:53;5.01;33.43;3.20;753.12;0.00;0.00;0.00
18.01.2021;17:04:53;5.00;33.36;3.21;753.11;0.00;0.00;0.00
18.01.2021;17:05:53;5.00;33.15;3.22;753.11;0.00;0.00;0.00
18.01.2021;17:06:53;5.03;33.22;3.21;753.12;0.00;0.00;0.00
18.01.2021;17:07:53;5.00;33.59;3.20;753.13;0.00;0.00;0.00
18.01.2021;17:08:53;5.00;33.40;3.21;753.14;0.00;0.00;0.00
18.01.2021;17:09:53;5.00;33.76;3.21;753.14;0.00;0.00;0.00
18.01.2021;17:10:53;5.00;33.60;3.20;753.15;0.00;0.00;0.00
18.01.2021;17:11:54;5.00;33.53;3.21;753.15;0.00;0.00;0.00
18.01.2021;17:12:54;5.00;33.53;3.20;753.15;0.00;0.00;0.00
18.01.2021;17:13:54;5.00;33.49;3.21;753.15;0.00;0.00;0.00
18.01.2021;17:14:54;5.00;33.42;3.23;753.14;0.00;0.00;0.00
18.01.2021;17:15:54;5.00;33.33;3.24;753.14;0.00;0.00;0.00
18.01.2021;17:16:54;5.00;33.19;3.23;753.14;0.00;0.00;0.00
18.01.2021;17:17:54;5.01;33.12;3.23;753.14;0.00;0.00;0.00
18.01.2021;17:18:54;5.00;33.04;3.24;753.14;0.00;0.00;0.00
18.01.2021;17:19:54;5.00;33.08;3.24;753.14;0.00;0.00;0.00
18.01.2021;17:20:54;5.01;33.04;3.23;753.15;0.00;0.00;0.00
18.01.2021;17:21:54;5.00;33.09;3.22;753.15;0.00;0.00;0.00
18.01.2021;17:22:54;5.00;33.10;3.21;753.13;0.00;0.00;0.00
18.01.2021;17:23:54;5.00;32.98;3.22;753.11;0.00;0.00;0.00
18.01.2021;17:24:54;5.00;33.07;3.23;753.10;0.00;0.00;0.00
18.01.2021;17:25:54;5.00;32.89;3.24;753.07;0.00;0.00;0.00
18.01.2021;17:26:54;5.00;32.87;3.24;753.07;0.00;0.00;0.00
18.01.2021;17:27:54;5.00;32.83;3.24;753.07;0.00;0.00;0.00
18.01.2021;17:28:54;5.00;32.76;3.24;753.07;0.00;0.00;0.00
18.01.2021;17:29:54;5.00;32.67;3.23;753.06;0.00;0.00;0.00
18.01.2021;17:30:54;5.00;32.62;3.22;753.06;0.00;0.00;0.00
18.01.2021;17:31:54;5.01;32.45;3.23;753.07;0.00;0.00;0.00
18.01.2021;17:32:54;5.00;32.36;3.22;753.06;0.00;0.00;0.00
18.01.2021;17:33:54;5.00;32.05;3.21;753.08;0.00;0.00;0.00
18.01.2021;17:34:54;5.01;31.89;3.18;753.07;0.00;0.00;0.00
18.01.2021;17:35:54;5.00;31.71;3.17;753.07;0.00;0.00;0.00
18.01.2021;17:36:54;5.00;31.83;3.14;753.08;0.00;0.00;0.00
18.01.2021;17:37:54;5.00;32.16;3.13;753.07;0.00;0.00;0.00
18.01.2021;17:38:54;5.00;32.12;3.10;753.09;0.00;0.00;0.00
18.01.2021;17:39:54;5.00;32.15;3.09;753.09;0.00;0.00;0.00
18.01.2021;17:40:54;5.00;32.00;3.10;753.09;0.00;0.00;0.00
18.01.2021;17:41:54;5.00;31.85;3.11;753.10;0.00;0.00;0.00
18.01.2021;17:42:54;5.00;32.09;3.09;753.11;0.00;0.00;0.00
18.01.2021;17:43:54;5.00;32.15;3.07;753.10;0.00;0.00;0.00
18.01.2021;17:44:54;5.00;32.17;3.04;753.10;0.00;0.00;0.00
18.01.2021;17:45:54;5.01;32.09;3.03;753.09;0.00;0.00;0.00
18.01.2021;17:46:54;5.00;32.12;3.02;753.10;0.00;0.00;0.00
18.01.2021;17:47:54;5.00;31.97;3.03;753.12;0.00;0.00;0.00
18.01.2021;17:48:54;5.01;31.93;3.04;753.10;0.00;0.00;0.00
18.01.2021;17:49:54;5.00;31.83;3.05;753.09;0.00;0.00;0.00
18.01.2021;17:50:54;5.00;31.91;3.05;753.10;0.00;0.00;0.00
18.01.2021;17:51:54;5.00;32.02;3.01;753.10;0.00;0.00;0.00
18.01.2021;17:52:54;5.00;31.92;3.01;753.09;0.00;0.00;0.00
18.01.2021;17:53:54;5.00;31.84;3.02;753.10;0.00;0.00;0.00
18.01.2021;17:54:55;5.00;31.76;3.02;753.10;0.00;0.00;0.00
18.01.2021;17:55:55;5.00;31.64;3.01;753.11;0.00;0.00;0.00
18.01.2021;17:56:55;5.00;31.75;3.00;753.11;0.00;0.00;0.00
18.01.2021;17:57:55;5.00;31.77;2.98;753.11;0.00;0.00;0.00
18.01.2021;17:58:55;5.00;31.84;2.96;753.10;0.00;0.00;0.00
18.01.2021;17:59:55;5.01;31.81;2.95;753.11;0.00;0.00;0.00
18.01.2021;18:00:55;5.00;31.81;2.95;753.10;0.00;0.00;0.00
18.01.2021;18:01:55;5.00;32.04;2.92;753.11;0.00;0.00;0.00
18.01.2021;18:02:55;5.01;32.07;2.93;753.11;0.00;0.00;0.00
18.01.2021;18:03:55;5.00;32.05;2.93;753.09;0.00;0.00;0.00
18.01.2021;18:04:55;5.00;31.76;2.95;753.08;0.00;0.00;0.00
18.01.2021;18:05:55;5.00;31.79;2.93;753.08;0.00;0.00;0.00
18.01.2021;18:06:55;5.00;31.95;2.92;753.10;0.00;0.00;0.00
18.01.2021;18:07:55;5.00;31.99;2.89;753.11;0.00;0.00;0.00
18.01.2021;18:08:55;5.00;31.94;2.88;753.12;0.00;0.00;0.00
18.01.2021;18:09:55;5.00;32.09;2.89;753.13;0.00;0.00;0.00
18.01.2021;18:10:55;5.00;31.95;2.89;753.12;0.00;0.00;0.00
18.01.2021;18:11:55;5.00;31.92;2.91;753.12;0.00;0.00;0.00
18.01.2021;18:12:55;5.00;31.67;2.93;753.12;0.00;0.00;0.00
18.01.2021;18:13:55;5.01;31.65;2.92;753.12;0.00;0.00;0.00
18.01.2021;18:14:55;5.00;31.67;2.91;753.12;0.00;0.00;0.00
18.01.2021;18:15:55;5.00;31.81;2.88;753.14;0.00;0.00;0.00
18.01.2021;18:16:55;5.01;31.85;2.88;753.14;0.00;0.00;0.00
18.01.2021;18:17:55;5.00;31.79;2.88;753.14;0.00;0.00;0.00
18.01.2021;18:18:55;5.00;31.68;2.90;753.14;0.00;0.00;0.00
18.01.2021;18:19:55;5.00;31.69;2.89;753.12;0.00;0.00;0.00
18.01.2021;18:20:55;5.00;31.60;2.88;753.11;0.00;0.00;0.00
18.01.2021;18:21:55;5.00;31.55;2.86;753.09;0.00;0.00;0.00
18.01.2021;18:22:55;5.00;31.42;2.88;753.09;0.00;0.00;0.00
18.01.2021;18:23:55;5.00;31.39;2.88;753.08;0.00;0.00;0.00
18.01.2021;18:24:55;5.00;31.17;2.88;753.10;0.00;0.00;0.00
18.01.2021;18:25:55;5.00;31.12;2.86;753.11;0.00;0.00;0.00
18.01.2021;18:26:55;5.00;31.38;2.84;753.13;0.00;0.00;0.00
18.01.2021;18:27:55;5.01;31.63;2.82;753.15;0.00;0.00;0.00
18.01.2021;18:28:55;5.00;31.67;2.81;753.14;0.00;0.00;0.00
18.01.2021;18:29:55;5.00;31.55;2.81;753.16;0.00;0.00;0.00
18.01.2021;18:30:55;5.01;31.50;2.80;753.16;0.00;0.00;0.00
18.01.2021;18:31:55;5.00;31.43;2.80;753.15;0.00;0.00;0.00
18.01.2021;18:32:55;5.00;31.29;2.81;753.16;0.00;0.00;0.00
18.01.2021;18:33:55;5.00;31.23;2.83;753.16;0.00;0.00;0.00
18.01.2021;18:34:55;5.00;31.17;2.80;753.16;0.00;0.00;0.00
18.01.2021;18:35:55;5.00;31.20;2.78;753.17;0.00;0.00;0.00
18.01.2021;18:36:56;5.00;31.27;2.76;753.17;0.00;0.00;0.00
18.01.2021;18:37:56;5.00;31.29;2.74;753.19;0.00;0.00;0.00
18.01.2021;18:38:56;5.00;31.24;2.73;753.18;0.00;0.00;0.00
18.01.2021;18:39:56;5.00;31.27;2.72;753.20;0.00;0.00;0.00
18.01.2021;18:40:56;5.00;31.06;2.75;753.20;0.00;0.00;0.00
18.01.2021;18:41:56;5.01;31.00;2.71;753.20;0.00;0.00;0.00
18.01.2021;18:42:56;5.00;31.00;2.70;753.20;0.00;0.00;0.00
18.01.2021;18:43:56;5.00;30.99;2.70;753.21;0.00;0.00;0.00
18.01.2021;18:44:56;5.01;31.11;2.68;753.21;0.00;0.00;0.00
18.01.2021;18:45:56;5.00;31.23;2.66;753.22;0.00;0.00;0.00
18.01.2021;18:46:56;5.00;31.34;2.62;753.23;0.00;0.00;0.00
18.01.2021;18:47:56;5.00;31.01;2.63;753.24;0.00;0.00;0.00
18.01.2021;18:48:56;5.00;31.08;2.61;753.25;0.00;0.00;0.00
18.01.2021;18:49:56;5.00;31.32;2.59;753.24;0.00;0.00;0.00
18.01.2021;18:50:56;5.00;31.22;2.57;753.26;0.00;0.00;0.00
18.01.2021;18:51:56;5.00;31.14;2.57;753.27;0.00;0.00;0.00
18.01.2021;18:52:56;5.00;31.17;2.57;753.28;0.00;0.00;0.00
18.01.2021;18:53:56;5.00;31.24;2.54;753.27;0.00;0.00;0.00
18.01.2021;18:54:56;5.00;31.17;2.52;753.28;0.00;0.00;0.00
18.01.2021;18:55:56;5.01;30.97;2.54;753.28;0.00;0.00;0.00
18.01.2021;18:56:56;5.00;31.06;2.53;753.29;0.00;0.00;0.00
18.01.2021;18:57:56;5.00;31.21;2.48;753.30;0.00;0.00;0.00
18.01.2021;18:58:56;5.01;31.15;2.47;753.30;0.00;0.00;0.00
18.01.2021;18:59:56;5.00;31.36;2.46;753.31;0.00;0.00;0.00
18.01.2021;19:00:56;5.00;31.46;2.46;753.33;0.00;0.00;0.00
18.01.2021;19:01:56;5.00;31.57;2.46;753.35;0.00;0.00;0.00
18.01.2021;19:02:56;5.00;31.64;2.45;753.38;0.00;0.00;0.00
18.01.2021;19:03:56;5.00;31.52;2.47;753.40;0.00;0.00;0.00
18.01.2021;19:04:56;5.00;31.46;2.49;753.41;0.00;0.00;0.00
18.01.2021;19:05:56;3.60;31.55;2.52;753.41;0.00;0.00;0.00
18.01.2021;19:06:56;3.29;31.62;2.54;753.41;0.00;0.00;0.00
18.01.2021;19:07:56;3.29;31.71;2.52;753.41;0.00;0.00;0.00
18.01.2021;19:08:56;3.25;31.49;2.53;753.41;0.00;0.00;0.00
18.01.2021;19:09:56;3.29;31.60;2.53;753.41;0.00;0.00;0.00
18.01.2021;19:10:56;3.24;31.50;2.55;753.40;0.00;0.00;0.00
18.01.2021;19:11:56;3.01;31.20;2.59;753.40;0.00;0.00;0.00
18.01.2021;19:12:56;2.57;31.15;2.58;753.40;0.00;0.00;0.00
18.01.2021;19:13:56;2.54;31.13;2.57;753.40;0.00;0.00;0.00
18.01.2021;19:14:56;2.66;31.11;2.56;753.41;0.00;0.00;0.00
18.01.2021;19:15:56;2.71;31.07;2.56;753.42;0.00;0.00;0.00
18.01.2021;19:16:56;2.57;31.15;2.54;753.43;0.00;0.00;0.00
18.01.2021;19:17:56;2.60;31.09;2.54;753.45;0.00;0.00;0.00
18.01.2021;19:18:56;2.60;31.01;2.55;753.45;0.00;0.00;0.00
18.01.2021;19:19:57;2.53;30.85;2.57;753.45;0.00;0.00;0.00
18.01.2021;19:20:57;2.57;30.79;2.56;753.45;0.00;0.00;0.00
18.01.2021;19:21:57;2.54;30.81;2.55;753.45;0.00;0.00;0.00
18.01.2021;19:22:57;2.56;30.80;2.54;753.45;0.00;0.00;0.00
18.01.2021;19:23:57;2.57;30.70;2.57;753.46;0.00;0.00;0.00
18.01.2021;19:24:57;2.57;30.73;2.55;753.46;0.00;0.00;0.00
18.01.2021;19:25:57;2.54;30.81;2.53;753.46;0.00;0.00;0.00
18.01.2021;19:26:57;2.57;30.84;2.51;753.48;0.00;0.00;0.00
18.01.2021;19:27:57;2.56;30.73;2.51;753.47;0.00;0.00;0.00
18.01.2021;19:28:57;2.51;30.58;2.50;753.47;0.00;0.00;0.00
18.01.2021;19:29:57;2.51;30.61;2.50;753.45;0.00;0.00;0.00
18.01.2021;19:30:57;2.56;30.50;2.50;753.45;0.00;0.00;0.00
18.01.2021;19:31:57;2.53;30.52;2.49;753.45;0.00;0.00;0.00
18.01.2021;19:32:57;2.50;30.49;2.48;753.47;0.00;0.00;0.00
18.01.2021;19:33:57;2.51;30.59;2.46;753.46;0.00;0.00;0.00
18.01.2021;19:34:57;2.50;30.50;2.44;753.48;0.00;0.00;0.00
18.01.2021;19:35:57;2.50;30.44;2.44;753.46;0.00;0.00;0.00
18.01.2021;19:36:57;2.53;30.58;2.41;753.45;0.00;0.00;0.00
18.01.2021;19:37:57;2.53;30.48;2.43;753.45;0.00;0.00;0.00
18.01.2021;19:38:57;2.50;30.31;2.44;753.44;0.00;0.00;0.00
18.01.2021;19:39:57;2.50;30.30;2.42;753.44;0.00;0.00;0.00
18.01.2021;19:40:57;2.53;30.38;2.40;753.43;0.00;0.00;0.00
18.01.2021;19:41:57;2.50;30.29;2.39;753.43;0.00;0.00;0.00
18.01.2021;19:42:57;2.50;30.29;2.38;753.43;0.00;0.00;0.00
18.01.2021;19:43:57;2.51;30.21;2.37;753.44;0.00;0.00;0.00
18.01.2021;19:44:57;2.50;30.39;2.33;753.45;0.00;0.00;0.00
18.01.2021;19:45:57;2.50;30.39;2.30;753.46;0.00;0.00;0.00
18.01.2021;19:46:57;2.50;30.44;2.29;753.45;0.00;0.00;0.00
18.01.2021;19:47:57;2.50;30.52;2.26;753.45;0.00;0.00;0.00
18.01.2021;19:48:57;2.50;30.67;2.24;753.44;0.00;0.00;0.00
18.01.2021;19:49:57;2.50;30.55;2.23;753.44;0.00;0.00;0.00
18.01.2021;19:50:57;2.50;30.25;2.25;753.44;0.00;0.00;0.00
18.01.2021;19:51:57;2.53;30.04;2.30;753.44;0.00;0.00;0.00
18.01.2021;19:52:57;2.50;29.93;2.31;753.45;0.00;0.00;0.00
18.01.2021;19:53:57;2.50;29.99;2.29;753.43;0.00;0.00;0.00
18.01.2021;19:54:57;2.53;30.00;2.26;753.43;0.00;0.00;0.00
18.01.2021;19:55:57;2.50;29.98;2.24;753.42;0.00;0.00;0.00
18.01.2021;19:56:57;2.50;30.05;2.21;753.42;0.00;0.00;0.00
18.01.2021;19:57:57;2.51;30.09;2.18;753.41;0.00;0.00;0.00
18.01.2021;19:58:57;2.50;30.12;2.13;753.42;0.00;0.00;0.00
18.01.2021;19:59:57;2.50;30.26;2.09;753.43;0.00;0.00;0.00
18.01.2021;20:00:57;2.50;30.39;2.06;753.44;0.00;0.00;0.00
18.01.2021;20:01:57;2.50;30.38;2.06;753.45;0.00;0.00;0.00
18.01.2021;20:02:58;2.50;30.43;2.06;753.44;0.00;0.00;0.00
18.01.2021;20:03:58;2.50;30.54;2.04;753.45;0.00;0.00;0.00
18.01.2021;20:04:58;2.50;30.43;2.04;753.46;0.00;0.00;0.00
18.01.2021;20:05:58;2.53;30.38;2.03;753.46;0.00;0.00;0.00
18.01.2021;20:06:58;2.50;30.35;2.03;753.46;0.00;0.00;0.00
18.01.2021;20:07:58;2.50;30.37;2.04;753.47;0.00;0.00;0.00
18.01.2021;20:08:58;2.53;30.22;2.05;753.49;0.00;0.00;0.00
18.01.2021;20:09:58;2.51;30.06;2.09;753.48;0.00;0.00;0.00
18.01.2021;20:10:58;2.50;30.13;2.06;753.49;0.00;0.00;0.00
18.01.2021;20:11:58;2.51;30.26;2.04;753.49;0.00;0.00;0.00
18.01.2021;20:12:58;2.50;30.17;2.05;753.50;0.00;0.00;0.00
18.01.2021;20:13:58;2.50;30.09;2.06;753.50;0.00;0.00;0.00
18.01.2021;20:14:58;2.50;29.86;2.09;753.51;0.00;0.00;0.00
18.01.2021;20:15:58;2.50;29.73;2.10;753.52;0.00;0.00;0.00
18.01.2021;20:16:58;2.50;29.83;2.05;753.51;0.00;0.00;0.00
18.01.2021;20:17:58;2.50;29.89;2.03;753.51;0.00;0.00;0.00
18.01.2021;20:18:58;2.50;29.94;1.99;753.50;0.00;0.00;0.00
18.01.2021;20:19:58;2.53;29.98;1.95;753.51;0.00;0.00;0.00
18.01.2021;20:20:58;2.50;29.99;1.92;753.50;0.00;0.00;0.00
18.01.2021;20:21:58;2.50;30.02;1.92;753.51;0.00;0.00;0.00
18.01.2021;20:22:58;2.53;29.92;1.91;753.51;0.00;0.00;0.00
18.01.2021;20:23:58;2.50;29.84;1.93;753.51;0.00;0.00;0.00
18.01.2021;20:24:58;2.50;29.91;1.89;753.51;0.00;0.00;0.00
18.01.2021;20:25:58;2.51;30.08;1.84;753.51;0.00;0.00;0.00
18.01.2021;20:26:58;2.50;30.06;1.82;753.51;0.00;0.00;0.00
18.01.2021;20:27:58;2.50;30.16;1.81;753.52;0.00;0.00;0.00
18.01.2021;20:28:58;2.53;30.25;1.79;753.53;0.00;0.00;0.00
18.01.2021;20:29:58;2.50;30.17;1.79;753.54;0.00;0.00;0.00
18.01.2021;20:30:58;2.50;30.20;1.78;753.55;0.00;0.00;0.00
18.01.2021;20:31:58;2.50;30.16;1.78;753.55;0.00;0.00;0.00
18.01.2021;20:32:58;2.50;30.17;1.78;753.55;0.00;0.00;0.00
18.01.2021;20:33:58;2.54;30.12;1.77;753.56;0.00;0.00;0.00
18.01.2021;20:34:58;2.50;30.15;1.77;753.56;0.00;0.00;0.00
18.01.2021;20:35:58;2.50;30.18;1.78;753.58;0.00;0.00;0.00
18.01.2021;20:36:58;2.56;30.16;1.79;753.59;0.00;0.00;0.00
18.01.2021;20:37:58;2.50;30.12;1.79;753.59;0.00;0.00;0.00
18.01.2021;20:38:58;2.51;30.08;1.81;753.59;0.00;0.00;0.00
18.01.2021;20:39:58;2.51;29.96;1.82;753.59;0.00;0.00;0.00
18.01.2021;20:40:58;2.50;29.93;1.83;753.57;0.00;0.00;0.00
18.01.2021;20:41:58;2.50;29.90;1.82;753.56;0.00;0.00;0.00
18.01.2021;20:42:58;2.50;29.98;1.80;753.56;0.00;0.00;0.00
18.01.2021;20:43:58;2.50;30.06;1.78;753.56;0.00;0.00;0.00
18.01.2021;20:44:58;2.50;29.99;1.78;753.55;0.00;0.00;0.00
18.01.2021;20:45:59;2.51;30.04;1.79;753.55;0.00;0.00;0.00
18.01.2021;20:46:59;2.51;30.08;1.80;753.55;0.00;0.00;0.00
18.01.2021;20:47:59;2.53;29.99;1.81;753.55;0.00;0.00;0.00
18.01.2021;20:48:59;2.50;29.96;1.82;753.55;0.00;0.00;0.00
18.01.2021;20:49:59;2.50;29.96;1.81;753.53;0.00;0.00;0.00
18.01.2021;20:50:59;2.53;30.03;1.79;753.52;0.00;0.00;0.00
18.01.2021;20:51:59;2.50;30.05;1.78;753.53;0.00;0.00;0.00
18.01.2021;20:52:59;2.50;30.12;1.77;753.53;0.00;0.00;0.00
18.01.2021;20:53:59;2.53;30.15;1.76;753.53;0.00;0.00;0.00
18.01.2021;20:54:59;2.50;30.25;1.76;753.53;0.00;0.00;0.00
18.01.2021;20:55:59;2.50;30.08;1.80;753.54;0.00;0.00;0.00
18.01.2021;20:56:59;2.50;29.90;1.86;753.53;0.00;0.00;0.00
18.01.2021;20:57:59;2.51;29.84;1.87;753.53;0.00;0.00;0.00
18.01.2021;20:58:59;2.50;29.91;1.84;753.54;0.00;0.00;0.00
18.01.2021;20:59:59;2.50;29.89;1.84;753.54;0.00;0.00;0.00
18.01.2021;21:00:59;2.50;29.72;1.85;753.55;0.00;0.00;0.00
18.01.2021;21:01:59;2.53;29.64;1.86;753.54;0.00;0.00;0.00
18.01.2021;21:02:59;2.50;29.61;1.86;753.56;0.00;0.00;0.00
18.01.2021;21:03:59;2.50;29.60;1.85;753.56;0.00;0.00;0.00
18.01.2021;21:04:59;2.53;29.55;1.86;753.56;0.00;0.00;0.00
18.01.2021;21:05:59;2.50;29.50;1.84;753.56;0.00;0.00;0.00
18.01.2021;21:06:59;2.51;30.34;1.83;753.57;0.00;0.00;0.00
18.01.2021;21:07:59;2.51;29.71;1.83;753.58;0.00;0.00;0.00
18.01.2021;21:08:59;2.50;29.67;1.80;753.57;0.00;0.00;0.00
18.01.2021;21:09:59;2.50;29.69;1.77;753.58;0.00;0.00;0.00
18.01.2021;21:10:59;2.50;29.76;1.74;753.59;0.00;0.00;0.00
18.01.2021;21:11:59;2.50;29.76;1.71;753.61;0.00;0.00;0.00
18.01.2021;21:12:59;2.50;29.78;1.69;753.61;0.00;0.00;0.00
18.01.2021;21:13:59;2.51;29.89;1.68;753.63;0.00;0.00;0.00
18.01.2021;21:14:59;2.50;29.96;1.69;753.62;0.00;0.00;0.00
18.01.2021;21:15:59;2.53;29.95;1.69;753.62;0.00;0.00;0.00
18.01.2021;21:16:59;2.50;29.91;1.68;753.61;0.00;0.00;0.00
18.01.2021;21:17:59;2.50;29.91;1.69;753.62;0.00;0.00;0.00
18.01.2021;21:18:59;2.53;29.91;1.69;753.61;0.00;0.00;0.00
18.01.2021;21:19:59;2.50;29.90;1.68;753.59;0.00;0.00;0.00
18.01.2021;21:20:59;2.50;29.96;1.68;753.59;0.00;0.00;0.00
18.01.2021;21:21:59;2.51;29.96;1.68;753.61;0.00;0.00;0.00
18.01.2021;21:22:59;2.50;29.98;1.70;753.63;0.00;0.00;0.00
18.01.2021;21:23:59;2.50;29.92;1.72;753.64;0.00;0.00;0.00
18.01.2021;21:24:59;2.50;29.84;1.72;753.65;0.00;0.00;0.00
18.01.2021;21:25:59;2.50;29.92;1.71;753.66;0.00;0.00;0.00
18.01.2021;21:26:59;2.50;29.88;1.73;753.66;0.00;0.00;0.00
18.01.2021;21:27:59;2.50;29.81;1.73;753.67;0.00;0.00;0.00
18.01.2021;21:28:59;2.50;29.88;1.72;753.67;0.00;0.00;0.00
18.01.2021;21:30:00;2.53;29.87;1.72;753.67;0.00;0.00;0.00
18.01.2021;21:31:00;2.50;29.84;1.71;753.67;0.00;0.00;0.00
18.01.2021;21:32:00;2.50;29.82;1.71;753.67;0.00;0.00;0.00
18.01.2021;21:33:00;2.53;29.81;1.70;753.67;0.00;0.00;0.00
18.01.2021;21:34:00;2.50;29.86;1.71;753.66;0.00;0.00;0.00
18.01.2021;21:35:00;2.50;29.74;1.73;753.66;0.00;0.00;0.00
18.01.2021;21:36:00;2.51;29.75;1.71;753.66;0.00;0.00;0.00
18.01.2021;21:37:00;2.50;29.75;1.71;753.65;0.00;0.00;0.00
18.01.2021;21:38:00;2.51;29.67;1.72;753.65;0.00;0.00;0.00
18.01.2021;21:39:00;2.50;29.72;1.72;753.64;0.00;0.00;0.00
18.01.2021;21:40:00;2.50;29.64;1.72;753.65;0.00;0.00;0.00
18.01.2021;21:41:00;2.50;29.71;1.70;753.66;0.00;0.00;0.00
18.01.2021;21:42:00;2.50;29.71;1.68;753.67;0.00;0.00;0.00
18.01.2021;21:43:00;2.50;29.65;1.68;753.67;0.00;0.00;0.00
18.01.2021;21:44:00;2.53;29.67;1.67;753.68;0.00;0.00;0.00
18.01.2021;21:45:00;2.50;29.54;1.68;753.68;0.00;0.00;0.00
18.01.2021;21:46:00;2.50;29.53;1.67;753.67;0.00;0.00;0.00
18.01.2021;21:47:00;2.53;29.55;1.65;753.67;0.00;0.00;0.00
18.01.2021;21:48:00;2.50;29.55;1.64;753.67;0.00;0.00;0.00
18.01.2021;21:49:00;2.50;29.64;1.61;753.67;0.00;0.00;0.00
18.01.2021;21:50:00;2.51;29.67;1.59;753.68;0.00;0.00;0.00
18.01.2021;21:51:00;2.50;29.70;1.58;753.68;0.00;0.00;0.00
18.01.2021;21:52:00;2.50;29.66;1.57;753.70;0.00;0.00;0.00
18.01.2021;21:53:00;2.50;29.68;1.55;753.71;0.00;0.00;0.00
18.01.2021;21:54:00;2.50;29.60;1.56;753.72;0.00;0.00;0.00
18.01.2021;21:55:00;2.50;29.61;1.56;753.71;0.00;0.00;0.00
18.01.2021;21:56:00;2.50;29.80;1.53;753.70;0.00;0.00;0.00
18.01.2021;21:57:00;2.50;29.77;1.52;753.69;0.00;0.00;0.00
18.01.2021;21:58:00;2.53;29.75;1.52;753.68;0.00;0.00;0.00
18.01.2021;21:59:00;2.50;29.65;1.53;753.68;0.00;0.00;0.00
18.01.2021;22:00:00;2.50;29.55;1.54;753.68;0.00;0.00;0.00
18.01.2021;22:01:00;2.53;29.47;1.56;753.68;0.00;0.00;0.00
18.01.2021;22:02:00;2.50;29.52;1.55;753.67;0.00;0.00;0.00
18.01.2021;22:03:00;2.50;29.55;1.52;753.67;0.00;0.00;0.00
18.01.2021;22:04:00;2.51;29.68;1.49;753.67;0.00;0.00;0.00
18.01.2021;22:05:00;2.50;29.73;1.48;753.67;0.00;0.00;0.00
18.01.2021;22:06:00;2.50;29.78;1.47;753.67;0.00;0.00;0.00
18.01.2021;22:07:00;2.50;29.77;1.46;753.67;0.00;0.00;0.00
18.01.2021;22:08:00;2.50;29.78;1.45;753.69;0.00;0.00;0.00
18.01.2021;22:09:00;2.50;29.78;1.42;753.71;0.00;0.00;0.00
18.01.2021;22:10:00;2.50;29.75;1.43;753.71;0.00;0.00;0.00
18.01.2021;22:11:00;2.50;29.70;1.45;753.71;0.00;0.00;0.00
18.01.2021;22:12:00;2.53;29.72;1.45;753.70;0.00;0.00;0.00
18.01.2021;22:13:00;2.50;29.84;1.42;753.69;0.00;0.00;0.00
18.01.2021;22:14:01;2.50;29.87;1.41;753.67;0.00;0.00;0.00
18.01.2021;22:15:01;2.53;29.88;1.40;753.67;0.00;0.00;0.00
18.01.2021;22:16:01;2.50;29.87;1.39;753.66;0.00;0.00;0.00
18.01.2021;22:17:01;2.50;29.93;1.39;753.67;0.00;0.00;0.00
18.01.2021;22:18:01;2.51;29.93;1.39;753.67;0.00;0.00;0.00
18.01.2021;22:19:01;2.50;30.02;1.40;753.68;0.00;0.00;0.00
18.01.2021;22:20:01;2.50;30.05;1.42;753.68;0.00;0.00;0.00
18.01.2021;22:21:01;2.50;30.05;1.43;753.68;0.00;0.00;0.00
18.01.2021;22:22:01;2.50;30.03;1.43;753.68;0.00;0.00;0.00
18.01.2021;22:23:01;2.50;30.14;1.43;753.67;0.00;0.00;0.00
18.01.2021;22:24:01;2.50;30.10;1.45;753.67;0.00;0.00;0.00
18.01.2021;22:25:01;2.50;29.93;1.47;753.67;0.00;0.00;0.00
18.01.2021;22:26:01;2.53;29.97;1.49;753.66;0.00;0.00;0.00
18.01.2021;22:27:01;2.50;29.97;1.50;753.67;0.00;0.00;0.00
18.01.2021;22:28:01;2.50;29.98;1.52;753.67;0.00;0.00;0.00
18.01.2021;22:29:01;2.53;29.91;1.53;753.66;0.00;0.00;0.00
18.01.2021;22:30:01;2.50;29.85;1.53;753.67;0.00;0.00;0.00
18.01.2021;22:31:01;2.50;29.87;1.54;753.68;0.00;0.00;0.00
18.01.2021;22:32:01;2.51;29.99;1.55;753.69;0.00;0.00;0.00
18.01.2021;22:33:01;2.50;29.77;1.57;753.70;0.00;0.00;0.00
18.01.2021;22:34:01;2.50;29.82;1.58;753.72;0.00;0.00;0.00
18.01.2021;22:35:01;2.50;29.87;1.57;753.72;0.00;0.00;0.00
18.01.2021;22:36:01;2.50;29.90;1.58;753.72;0.00;0.00;0.00
18.01.2021;22:37:01;2.50;29.81;1.59;753.73;0.00;0.00;0.00
18.01.2021;22:38:01;2.50;29.81;1.60;753.72;0.00;0.00;0.00
18.01.2021;22:39:01;2.50;29.73;1.61;753.71;0.00;0.00;0.00
18.01.2021;22:40:01;2.53;29.71;1.62;753.72;0.00;0.00;0.00
18.01.2021;22:41:01;2.50;29.65;1.62;753.72;0.00;0.00;0.00
18.01.2021;22:42:01;2.50;29.69;1.64;753.72;0.00;0.00;0.00
18.01.2021;22:43:01;2.53;29.69;1.65;753.71;0.00;0.00;0.00
18.01.2021;22:44:01;2.50;29.66;1.65;753.69;0.00;0.00;0.00
18.01.2021;22:45:01;2.50;29.68;1.66;753.70;0.00;0.00;0.00
18.01.2021;22:46:01;2.53;29.65;1.68;753.71;0.00;0.00;0.00
18.01.2021;22:47:01;2.50;29.64;1.68;753.71;0.00;0.00;0.00
18.01.2021;22:48:01;2.50;29.72;1.69;753.72;0.00;0.00;0.00
18.01.2021;22:49:01;2.50;29.72;1.68;753.73;0.00;0.00;0.00
18.01.2021;22:50:01;2.50;29.70;1.71;753.74;0.00;0.00;0.00
18.01.2021;22:51:01;2.50;29.63;1.74;753.75;0.00;0.00;0.00
18.01.2021;22:52:01;2.50;29.57;1.74;753.75;0.00;0.00;0.00
18.01.2021;22:53:01;2.50;29.54;1.75;753.75;0.00;0.00;0.00
18.01.2021;22:54:01;2.53;29.49;1.75;753.75;0.00;0.00;0.00
18.01.2021;22:55:01;2.50;29.54;1.77;753.76;0.00;0.00;0.00
18.01.2021;22:56:01;2.50;29.47;1.77;753.75;0.00;0.00;0.00
18.01.2021;22:57:01;2.53;29.49;1.77;753.75;0.00;0.00;0.00
18.01.2021;22:58:02;2.50;29.46;1.77;753.77;0.00;0.00;0.00
18.01.2021;22:59:02;2.50;29.49;1.78;753.77;0.00;0.00;0.00
18.01.2021;23:00:02;2.51;29.47;1.77;753.77;0.00;0.00;0.00
18.01.2021;23:01:02;2.50;29.41;1.77;753.78;0.00;0.00;0.00
18.01.2021;23:02:02;2.50;29.37;1.79;753.79;0.00;0.00;0.00
18.01.2021;23:03:02;2.50;29.38;1.78;753.79;0.00;0.00;0.00
18.01.2021;23:04:02;2.50;29.40;1.78;753.80;0.00;0.00;0.00
18.01.2021;23:05:02;2.50;29.53;1.75;753.79;0.00;0.00;0.00
18.01.2021;23:06:02;2.50;29.50;1.74;753.79;0.00;0.00;0.00
18.01.2021;23:07:02;2.50;29.40;1.77;753.81;0.00;0.00;0.00
18.01.2021;23:08:02;2.53;29.38;1.77;753.81;0.00;0.00;0.00
18.01.2021;23:09:02;2.50;29.29;1.75;753.82;0.00;0.00;0.00
18.01.2021;23:10:02;2.50;29.41;1.73;753.83;0.00;0.00;0.00
18.01.2021;23:11:02;2.53;29.49;1.70;753.84;0.00;0.00;0.00
18.01.2021;23:12:02;2.50;29.91;1.70;753.86;0.00;0.00;0.00
18.01.2021;23:13:02;2.50;29.63;1.73;753.87;0.00;0.00;0.00
18.01.2021;23:14:02;2.51;29.30;1.77;753.89;0.00;0.00;0.00
18.01.2021;23:15:02;2.50;29.39;1.77;753.91;0.00;0.00;0.00
18.01.2021;23:16:02;2.50;29.46;1.72;753.90;0.00;0.00;0.00
18.01.2021;23:17:02;2.50;29.58;1.68;753.89;0.00;0.00;0.00
18.01.2021;23:18:02;2.50;29.50;1.67;753.89;0.00;0.00;0.00
18.01.2021;23:19:02;2.50;29.43;1.67;753.92;0.00;0.00;0.00
18.01.2021;23:20:02;2.50;29.49;1.67;753.93;0.00;0.00;0.00
18.01.2021;23:21:02;2.50;29.59;1.66;753.94;0.00;0.00;0.00
18.01.2021;23:22:02;2.53;29.55;1.65;753.95;0.00;0.00;0.00
18.01.2021;23:23:02;2.50;29.47;1.67;753.94;0.00;0.00;0.00
18.01.2021;23:24:02;2.50;29.41;1.66;753.95;0.00;0.00;0.00
18.01.2021;23:25:02;2.53;29.42;1.64;753.96;0.00;0.00;0.00
18.01.2021;23:26:02;2.50;29.34;1.68;753.96;0.00;0.00;0.00
18.01.2021;23:27:02;2.50;29.21;1.69;753.95;0.00;0.00;0.00
18.01.2021;23:28:02;2.51;29.33;1.68;753.97;0.00;0.00;0.00
18.01.2021;23:29:02;2.50;29.26;1.68;753.97;0.00;0.00;0.00
18.01.2021;23:30:02;2.50;29.27;1.65;753.97;0.00;0.00;0.00
18.01.2021;23:31:02;2.51;29.41;1.61;753.97;0.00;0.00;0.00
18.01.2021;23:32:02;2.50;29.30;1.61;753.96;0.00;0.00;0.00
18.01.2021;23:33:02;2.50;29.42;1.59;753.95;0.00;0.00;0.00
18.01.2021;23:34:02;2.50;29.54;1.57;753.94;0.00;0.00;0.00
18.01.2021;23:35:02;2.50;29.49;1.58;753.93;0.00;0.00;0.00
18.01.2021;23:36:02;2.53;29.45;1.57;753.93;0.00;0.00;0.00
18.01.2021;23:37:02;2.50;29.48;1.55;753.93;0.00;0.00;0.00
18.01.2021;23:38:02;2.50;29.51;1.53;753.93;0.00;0.00;0.00
18.01.2021;23:39:02;2.53;29.54;1.52;753.93;0.00;0.00;0.00
18.01.2021;23:40:02;2.50;29.58;1.52;753.92;0.00;0.00;0.00
18.01.2021;23:41:03;2.50;29.46;1.54;753.93;0.00;0.00;0.00
18.01.2021;23:42:03;2.51;29.34;1.57;753.94;0.00;0.00;0.00
18.01.2021;23:43:03;2.50;29.41;1.56;753.94;0.00;0.00;0.00
18.01.2021;23:44:03;2.50;29.52;1.54;753.93;0.00;0.00;0.00
18.01.2021;23:45:03;2.50;29.55;1.52;753.94;0.00;0.00;0.00
18.01.2021;23:46:03;2.50;29.62;1.49;753.93;0.00;0.00;0.00
18.01.2021;23:47:03;2.50;29.69;1.48;753.93;0.00;0.00;0.00
18.01.2021;23:48:03;2.50;29.71;1.47;753.94;0.00;0.00;0.00
18.01.2021;23:49:03;2.50;29.59;1.49;753.92;0.00;0.00;0.00
18.01.2021;23:50:03;2.53;29.59;1.50;753.90;0.00;0.00;0.00
18.01.2021;23:51:03;2.50;29.58;1.51;753.90;0.00;0.00;0.00
18.01.2021;23:52:03;2.50;29.58;1.50;753.88;0.00;0.00;0.00
18.01.2021;23:53:03;2.53;29.57;1.48;753.90;0.00;0.00;0.00
18.01.2021;23:54:03;2.50;29.48;1.50;753.90;0.00;0.00;0.00
18.01.2021;23:55:03;2.50;29.36;1.52;753.91;0.00;0.00;0.00
18.01.2021;23:56:03;2.51;29.41;1.50;753.91;0.00;0.00;0.00
18.01.2021;23:57:03;2.50;29.44;1.48;753.90;0.00;0.00;0.00
18.01.2021;23:58:03;2.50;29.42;1.48;753.90;0.00;0.00;0.00
18.01.2021;23:59:03;2.50;29.34;1.51;753.90;0.00;0.00;0.00
