18.12.2020;0:00:29;3.35;42.73;13.12;761.10;0.00;0.00;0.00
18.12.2020;0:01:29;3.33;42.74;13.13;761.10;0.00;0.00;0.00
18.12.2020;0:02:29;3.33;42.72;13.14;761.10;0.00;0.00;0.00
18.12.2020;0:03:29;3.33;42.71;13.14;761.10;0.00;0.00;0.00
18.12.2020;0:04:30;3.33;42.68;13.14;761.08;0.00;0.00;0.00
18.12.2020;0:05:30;3.33;42.73;13.13;761.06;0.00;0.00;0.00
18.12.2020;0:06:30;3.33;42.73;13.13;761.05;0.00;0.00;0.00
18.12.2020;0:07:30;3.33;42.74;13.13;761.04;0.00;0.00;0.00
18.12.2020;0:08:30;3.35;42.69;13.13;761.03;0.00;0.00;0.00
18.12.2020;0:09:30;3.33;42.70;13.13;761.02;0.00;0.00;0.00
18.12.2020;0:10:30;3.33;42.76;13.12;761.02;0.00;0.00;0.00
18.12.2020;0:11:30;3.36;42.75;13.13;761.03;0.00;0.00;0.00
18.12.2020;0:12:30;3.33;42.73;13.13;761.02;0.00;0.00;0.00
18.12.2020;0:13:30;3.33;42.69;13.14;761.01;0.00;0.00;0.00
18.12.2020;0:14:30;3.35;42.70;13.14;761.00;0.00;0.00;0.00
18.12.2020;0:15:30;3.33;42.71;13.13;761.01;0.00;0.00;0.00
18.12.2020;0:16:30;3.33;42.74;13.13;761.00;0.00;0.00;0.00
18.12.2020;0:17:30;3.33;42.71;13.14;761.00;0.00;0.00;0.00
18.12.2020;0:18:30;3.33;42.70;13.14;761.01;0.00;0.00;0.00
18.12.2020;0:19:30;3.33;42.73;13.14;761.00;0.00;0.00;0.00
18.12.2020;0:20:30;3.33;42.74;13.13;761.02;0.00;0.00;0.00
18.12.2020;0:21:30;3.33;42.73;13.14;761.03;0.00;0.00;0.00
18.12.2020;0:22:30;3.35;42.73;13.13;761.03;0.00;0.00;0.00
18.12.2020;0:23:30;3.33;42.77;13.13;761.04;0.00;0.00;0.00
18.12.2020;0:24:30;3.33;42.75;13.13;761.05;0.00;0.00;0.00
18.12.2020;0:25:30;3.36;42.76;13.13;761.04;0.00;0.00;0.00
18.12.2020;0:26:30;3.33;42.77;13.14;761.04;0.00;0.00;0.00
18.12.2020;0:27:30;3.33;42.75;13.13;761.03;0.00;0.00;0.00
18.12.2020;0:28:30;3.35;42.77;13.13;761.03;0.00;0.00;0.00
18.12.2020;0:29:30;3.33;42.77;13.13;761.02;0.00;0.00;0.00
18.12.2020;0:30:30;3.33;42.77;13.13;761.03;0.00;0.00;0.00
18.12.2020;0:31:30;3.33;42.77;13.13;761.04;0.00;0.00;0.00
18.12.2020;0:32:30;3.33;42.75;13.14;761.03;0.00;0.00;0.00
18.12.2020;0:33:30;3.33;42.75;13.14;761.04;0.00;0.00;0.00
18.12.2020;0:34:30;3.33;42.77;13.14;761.04;0.00;0.00;0.00
18.12.2020;0:35:30;3.33;42.78;13.14;761.04;0.00;0.00;0.00
18.12.2020;0:36:31;3.35;42.74;13.14;761.03;0.00;0.00;0.00
18.12.2020;0:37:31;3.33;42.76;13.14;761.03;0.00;0.00;0.00
18.12.2020;0:38:31;3.33;42.75;13.15;761.03;0.00;0.00;0.00
18.12.2020;0:39:31;3.36;42.74;13.15;761.02;0.00;0.00;0.00
18.12.2020;0:40:31;3.33;42.76;13.15;761.02;0.00;0.00;0.00
18.12.2020;0:41:31;3.33;42.72;13.16;761.03;0.00;0.00;0.00
18.12.2020;0:42:31;3.35;42.73;13.17;761.04;0.00;0.00;0.00
18.12.2020;0:43:31;3.33;42.74;13.17;761.04;0.00;0.00;0.00
18.12.2020;0:44:31;3.33;42.71;13.17;761.05;0.00;0.00;0.00
18.12.2020;0:45:31;3.33;42.72;13.17;761.05;0.00;0.00;0.00
18.12.2020;0:46:31;3.33;42.73;13.17;761.05;0.00;0.00;0.00
18.12.2020;0:47:31;3.33;42.73;13.17;761.05;0.00;0.00;0.00
18.12.2020;0:48:31;3.33;42.71;13.17;761.05;0.00;0.00;0.00
18.12.2020;0:49:31;3.33;42.74;13.17;761.05;0.00;0.00;0.00
18.12.2020;0:50:31;3.35;42.73;13.18;761.05;0.00;0.00;0.00
18.12.2020;0:51:31;3.33;42.71;13.18;761.04;0.00;0.00;0.00
18.12.2020;0:52:31;3.33;42.72;13.17;761.04;0.00;0.00;0.00
18.12.2020;0:53:31;3.36;42.74;13.17;761.04;0.00;0.00;0.00
18.12.2020;0:54:31;3.33;42.72;13.17;761.05;0.00;0.00;0.00
18.12.2020;0:55:31;3.33;42.73;13.17;761.05;0.00;0.00;0.00
18.12.2020;0:56:31;3.35;42.72;13.17;761.05;0.00;0.00;0.00
18.12.2020;0:57:31;3.33;42.74;13.18;761.05;0.00;0.00;0.00
18.12.2020;0:58:31;3.33;42.73;13.19;761.06;0.00;0.00;0.00
18.12.2020;0:59:31;3.33;42.69;13.19;761.05;0.00;0.00;0.00
18.12.2020;1:00:31;3.33;42.69;13.19;761.07;0.00;0.00;0.00
18.12.2020;1:01:31;3.33;42.67;13.20;761.07;0.00;0.00;0.00
18.12.2020;1:02:31;3.33;42.69;13.19;761.08;0.00;0.00;0.00
18.12.2020;1:03:31;3.33;42.69;13.19;761.08;0.00;0.00;0.00
18.12.2020;1:04:31;3.35;42.70;13.18;761.08;0.00;0.00;0.00
18.12.2020;1:05:31;3.33;42.70;13.19;761.07;0.00;0.00;0.00
18.12.2020;1:06:32;3.33;42.71;13.20;761.08;0.00;0.00;0.00
18.12.2020;1:07:32;3.36;42.70;13.20;761.08;0.00;0.00;0.00
18.12.2020;1:08:32;3.33;42.70;13.20;761.09;0.00;0.00;0.00
18.12.2020;1:09:32;3.33;42.68;13.19;761.08;0.00;0.00;0.00
18.12.2020;1:10:32;3.35;42.70;13.19;761.08;0.00;0.00;0.00
18.12.2020;1:11:32;3.33;42.69;13.19;761.07;0.00;0.00;0.00
18.12.2020;1:12:32;3.33;42.72;13.18;761.06;0.00;0.00;0.00
18.12.2020;1:13:32;3.33;42.72;13.18;761.06;0.00;0.00;0.00
18.12.2020;1:14:32;3.33;42.74;13.17;761.07;0.00;0.00;0.00
18.12.2020;1:15:32;3.33;42.75;13.18;761.06;0.00;0.00;0.00
18.12.2020;1:16:32;3.33;42.74;13.18;761.05;0.00;0.00;0.00
18.12.2020;1:17:32;3.33;42.71;13.19;761.04;0.00;0.00;0.00
18.12.2020;1:18:32;3.35;42.73;13.18;761.04;0.00;0.00;0.00
18.12.2020;1:19:32;3.33;42.76;13.18;761.03;0.00;0.00;0.00
18.12.2020;1:20:32;3.33;42.77;13.18;761.02;0.00;0.00;0.00
18.12.2020;1:21:32;3.36;42.76;13.19;761.00;0.00;0.00;0.00
18.12.2020;1:22:32;3.33;42.76;13.19;760.99;0.00;0.00;0.00
18.12.2020;1:23:32;3.33;42.78;13.18;760.98;0.00;0.00;0.00
18.12.2020;1:24:32;3.35;42.78;13.19;760.98;0.00;0.00;0.00
18.12.2020;1:25:32;3.33;42.77;13.18;760.98;0.00;0.00;0.00
18.12.2020;1:26:32;3.33;42.74;13.19;760.96;0.00;0.00;0.00
18.12.2020;1:27:32;3.33;42.73;13.19;760.96;0.00;0.00;0.00
18.12.2020;1:28:32;3.33;42.74;13.19;760.96;0.00;0.00;0.00
18.12.2020;1:29:32;3.33;42.77;13.19;760.96;0.00;0.00;0.00
18.12.2020;1:30:32;3.33;42.72;13.20;760.96;0.00;0.00;0.00
18.12.2020;1:31:32;3.33;42.75;13.20;760.96;0.00;0.00;0.00
18.12.2020;1:32:32;3.35;42.72;13.21;760.97;0.00;0.00;0.00
18.12.2020;1:33:32;3.33;42.69;13.22;760.97;0.00;0.00;0.00
18.12.2020;1:34:32;3.33;42.69;13.21;760.96;0.00;0.00;0.00
18.12.2020;1:35:32;3.36;42.73;13.21;760.96;0.00;0.00;0.00
18.12.2020;1:36:32;3.33;42.69;13.21;760.96;0.00;0.00;0.00
18.12.2020;1:37:33;3.33;42.71;13.20;760.96;0.00;0.00;0.00
18.12.2020;1:38:33;3.35;42.75;13.20;760.96;0.00;0.00;0.00
18.12.2020;1:39:33;3.33;42.76;13.20;760.97;0.00;0.00;0.00
18.12.2020;1:40:33;3.33;42.74;13.21;760.97;0.00;0.00;0.00
18.12.2020;1:41:33;3.33;42.74;13.21;760.97;0.00;0.00;0.00
18.12.2020;1:42:33;3.33;42.72;13.21;760.98;0.00;0.00;0.00
18.12.2020;1:43:33;3.33;42.71;13.21;760.99;0.00;0.00;0.00
18.12.2020;1:44:33;3.33;42.71;13.22;761.01;0.00;0.00;0.00
18.12.2020;1:45:33;3.33;42.73;13.21;761.02;0.00;0.00;0.00
18.12.2020;1:46:33;3.35;42.75;13.21;761.02;0.00;0.00;0.00
18.12.2020;1:47:33;3.33;42.75;13.20;761.01;0.00;0.00;0.00
18.12.2020;1:48:33;3.33;42.75;13.20;761.02;0.00;0.00;0.00
18.12.2020;1:49:33;3.36;42.75;13.20;761.02;0.00;0.00;0.00
18.12.2020;1:50:33;3.33;42.76;13.20;761.03;0.00;0.00;0.00
18.12.2020;1:51:33;3.33;42.75;13.20;761.03;0.00;0.00;0.00
18.12.2020;1:52:33;3.35;42.77;13.20;761.04;0.00;0.00;0.00
18.12.2020;1:53:33;3.33;42.74;13.21;761.04;0.00;0.00;0.00
18.12.2020;1:54:33;3.33;42.75;13.21;761.04;0.00;0.00;0.00
18.12.2020;1:55:33;3.33;42.79;13.21;761.03;0.00;0.00;0.00
18.12.2020;1:56:33;3.33;42.77;13.20;761.02;0.00;0.00;0.00
18.12.2020;1:57:33;3.33;42.78;13.20;761.03;0.00;0.00;0.00
18.12.2020;1:58:33;3.33;42.79;13.20;761.03;0.00;0.00;0.00
18.12.2020;1:59:33;3.33;42.77;13.21;761.03;0.00;0.00;0.00
18.12.2020;2:00:33;3.35;42.76;13.21;761.03;0.00;0.00;0.00
18.12.2020;2:01:33;3.33;42.75;13.22;761.02;0.00;0.00;0.00
18.12.2020;2:02:33;3.33;42.75;13.22;761.02;0.00;0.00;0.00
18.12.2020;2:03:33;3.36;42.75;13.22;761.02;0.00;0.00;0.00
18.12.2020;2:04:33;3.33;42.77;13.22;761.02;0.00;0.00;0.00
18.12.2020;2:05:33;3.33;42.78;13.22;761.02;0.00;0.00;0.00
18.12.2020;2:06:33;3.35;42.76;13.22;761.02;0.00;0.00;0.00
18.12.2020;2:07:33;3.33;42.74;13.22;761.02;0.00;0.00;0.00
18.12.2020;2:08:33;3.33;42.76;13.22;761.02;0.00;0.00;0.00
18.12.2020;2:09:34;3.33;42.76;13.22;761.02;0.00;0.00;0.00
18.12.2020;2:10:34;3.33;42.77;13.23;761.01;0.00;0.00;0.00
18.12.2020;2:11:34;3.33;42.76;13.23;761.00;0.00;0.00;0.00
18.12.2020;2:12:34;3.33;42.76;13.23;761.01;0.00;0.00;0.00
18.12.2020;2:13:34;3.33;42.73;13.24;761.00;0.00;0.00;0.00
18.12.2020;2:14:34;3.35;42.73;13.24;761.01;0.00;0.00;0.00
18.12.2020;2:15:34;3.33;42.72;13.24;761.00;0.00;0.00;0.00
18.12.2020;2:16:34;3.33;42.75;13.24;761.00;0.00;0.00;0.00
18.12.2020;2:17:34;3.36;42.70;13.24;761.00;0.00;0.00;0.00
18.12.2020;2:18:34;3.33;42.74;13.23;761.00;0.00;0.00;0.00
18.12.2020;2:19:34;3.33;42.75;13.23;761.00;0.00;0.00;0.00
18.12.2020;2:20:34;3.35;42.74;13.24;760.99;0.00;0.00;0.00
18.12.2020;2:21:34;3.33;42.75;13.24;761.00;0.00;0.00;0.00
18.12.2020;2:22:34;3.33;42.73;13.24;760.99;0.00;0.00;0.00
18.12.2020;2:23:34;3.33;42.75;13.23;760.99;0.00;0.00;0.00
18.12.2020;2:24:34;3.33;42.76;13.24;760.99;0.00;0.00;0.00
18.12.2020;2:25:34;3.33;42.73;13.24;760.99;0.00;0.00;0.00
18.12.2020;2:26:34;3.33;42.77;13.23;760.97;0.00;0.00;0.00
18.12.2020;2:27:34;3.33;42.77;13.23;760.97;0.00;0.00;0.00
18.12.2020;2:28:34;3.35;42.78;13.24;760.96;0.00;0.00;0.00
18.12.2020;2:29:34;3.33;42.79;13.23;760.96;0.00;0.00;0.00
18.12.2020;2:30:34;3.33;42.80;13.23;760.95;0.00;0.00;0.00
18.12.2020;2:31:34;3.36;42.78;13.23;760.95;0.00;0.00;0.00
18.12.2020;2:32:34;3.33;42.77;13.24;760.96;0.00;0.00;0.00
18.12.2020;2:33:34;3.33;42.73;13.23;760.96;0.00;0.00;0.00
18.12.2020;2:34:34;3.35;42.78;13.22;760.97;0.00;0.00;0.00
18.12.2020;2:35:34;3.33;42.77;13.22;760.96;0.00;0.00;0.00
18.12.2020;2:36:34;3.33;42.80;13.22;760.96;0.00;0.00;0.00
18.12.2020;2:37:34;3.33;42.81;13.22;760.95;0.00;0.00;0.00
18.12.2020;2:38:34;3.33;42.79;13.22;760.94;0.00;0.00;0.00
18.12.2020;2:39:35;3.33;42.82;13.21;760.94;0.00;0.00;0.00
18.12.2020;2:40:35;3.33;42.83;13.21;760.94;0.00;0.00;0.00
18.12.2020;2:41:35;3.33;42.81;13.22;760.93;0.00;0.00;0.00
18.12.2020;2:42:35;3.35;42.82;13.21;760.93;0.00;0.00;0.00
18.12.2020;2:43:35;3.33;42.85;13.21;760.92;0.00;0.00;0.00
18.12.2020;2:44:35;3.33;42.83;13.21;760.93;0.00;0.00;0.00
18.12.2020;2:45:35;3.36;42.86;13.21;760.92;0.00;0.00;0.00
18.12.2020;2:46:35;3.33;42.88;13.20;760.93;0.00;0.00;0.00
18.12.2020;2:47:35;3.33;42.88;13.20;760.92;0.00;0.00;0.00
18.12.2020;2:48:35;3.35;42.88;13.20;760.92;0.00;0.00;0.00
18.12.2020;2:49:35;3.33;42.90;13.20;760.93;0.00;0.00;0.00
18.12.2020;2:50:35;3.33;42.87;13.20;760.93;0.00;0.00;0.00
18.12.2020;2:51:35;3.33;42.87;13.20;760.93;0.00;0.00;0.00
18.12.2020;2:52:35;3.33;42.87;13.20;760.93;0.00;0.00;0.00
18.12.2020;2:53:35;3.33;42.89;13.20;760.93;0.00;0.00;0.00
18.12.2020;2:54:35;3.33;42.89;13.20;760.92;0.00;0.00;0.00
18.12.2020;2:55:35;3.33;42.92;13.19;760.91;0.00;0.00;0.00
18.12.2020;2:56:35;3.35;42.91;13.20;760.91;0.00;0.00;0.00
18.12.2020;2:57:35;3.33;42.88;13.21;760.91;0.00;0.00;0.00
18.12.2020;2:58:35;3.33;42.88;13.21;760.90;0.00;0.00;0.00
18.12.2020;2:59:35;3.36;42.89;13.20;760.90;0.00;0.00;0.00
18.12.2020;3:00:35;3.33;42.90;13.20;760.89;0.00;0.00;0.00
18.12.2020;3:01:35;3.33;42.87;13.20;760.88;0.00;0.00;0.00
18.12.2020;3:02:35;3.35;42.91;13.20;760.87;0.00;0.00;0.00
18.12.2020;3:03:35;3.33;42.94;13.19;760.87;0.00;0.00;0.00
18.12.2020;3:04:35;3.33;42.94;13.20;760.87;0.00;0.00;0.00
18.12.2020;3:05:35;3.33;42.91;13.20;760.86;0.00;0.00;0.00
18.12.2020;3:06:35;3.33;42.90;13.20;760.85;0.00;0.00;0.00
18.12.2020;3:07:35;3.33;42.94;13.19;760.84;0.00;0.00;0.00
18.12.2020;3:08:35;3.33;42.93;13.19;760.84;0.00;0.00;0.00
18.12.2020;3:09:35;3.33;42.92;13.20;760.83;0.00;0.00;0.00
18.12.2020;3:10:36;3.35;42.93;13.19;760.81;0.00;0.00;0.00
18.12.2020;3:11:36;3.33;42.96;13.19;760.82;0.00;0.00;0.00
18.12.2020;3:12:36;3.33;42.92;13.20;760.81;0.00;0.00;0.00
18.12.2020;3:13:36;3.36;42.93;13.19;760.80;0.00;0.00;0.00
18.12.2020;3:14:36;3.33;42.95;13.19;760.79;0.00;0.00;0.00
18.12.2020;3:15:36;3.33;42.97;13.18;760.78;0.00;0.00;0.00
18.12.2020;3:16:36;3.35;42.99;13.18;760.78;0.00;0.00;0.00
18.12.2020;3:17:36;3.33;43.02;13.17;760.77;0.00;0.00;0.00
18.12.2020;3:18:36;3.33;43.00;13.17;760.77;0.00;0.00;0.00
18.12.2020;3:19:36;3.33;43.00;13.17;760.77;0.00;0.00;0.00
18.12.2020;3:20:36;3.33;43.01;13.18;760.76;0.00;0.00;0.00
18.12.2020;3:21:36;3.33;43.01;13.18;760.76;0.00;0.00;0.00
18.12.2020;3:22:36;3.33;42.98;13.19;760.75;0.00;0.00;0.00
18.12.2020;3:23:36;3.33;42.99;13.19;760.76;0.00;0.00;0.00
18.12.2020;3:24:36;3.35;42.98;13.18;760.75;0.00;0.00;0.00
18.12.2020;3:25:36;3.33;42.99;13.18;760.74;0.00;0.00;0.00
18.12.2020;3:26:36;3.33;43.00;13.18;760.73;0.00;0.00;0.00
18.12.2020;3:27:36;3.36;43.00;13.17;760.73;0.00;0.00;0.00
18.12.2020;3:28:36;3.33;43.01;13.17;760.73;0.00;0.00;0.00
18.12.2020;3:29:36;3.33;43.02;13.17;760.72;0.00;0.00;0.00
18.12.2020;3:30:36;3.35;43.04;13.16;760.72;0.00;0.00;0.00
18.12.2020;3:31:36;3.33;43.06;13.16;760.71;0.00;0.00;0.00
18.12.2020;3:32:36;3.33;43.08;13.16;760.70;0.00;0.00;0.00
18.12.2020;3:33:36;3.33;43.07;13.16;760.70;0.00;0.00;0.00
18.12.2020;3:34:36;3.33;43.03;13.17;760.70;0.00;0.00;0.00
18.12.2020;3:35:36;3.33;43.04;13.17;760.71;0.00;0.00;0.00
18.12.2020;3:36:36;3.33;43.03;13.17;760.69;0.00;0.00;0.00
18.12.2020;3:37:36;3.33;43.04;13.17;760.69;0.00;0.00;0.00
18.12.2020;3:38:36;3.35;43.02;13.16;760.70;0.00;0.00;0.00
18.12.2020;3:39:36;3.33;43.06;13.15;760.70;0.00;0.00;0.00
18.12.2020;3:40:36;3.33;43.05;13.15;760.71;0.00;0.00;0.00
18.12.2020;3:41:37;3.36;43.06;13.15;760.70;0.00;0.00;0.00
18.12.2020;3:42:37;3.33;43.07;13.15;760.70;0.00;0.00;0.00
18.12.2020;3:43:37;3.33;43.08;13.15;760.71;0.00;0.00;0.00
18.12.2020;3:44:37;3.35;43.07;13.15;760.71;0.00;0.00;0.00
18.12.2020;3:45:37;3.33;43.08;13.15;760.72;0.00;0.00;0.00
18.12.2020;3:46:37;3.33;43.07;13.15;760.71;0.00;0.00;0.00
18.12.2020;3:47:37;3.33;43.06;13.15;760.71;0.00;0.00;0.00
18.12.2020;3:48:37;3.33;43.07;13.15;760.71;0.00;0.00;0.00
18.12.2020;3:49:37;3.33;43.06;13.15;760.71;0.00;0.00;0.00
18.12.2020;3:50:37;3.33;43.07;13.15;760.71;0.00;0.00;0.00
18.12.2020;3:51:37;3.33;43.07;13.15;760.72;0.00;0.00;0.00
18.12.2020;3:52:37;3.35;43.08;13.15;760.72;0.00;0.00;0.00
18.12.2020;3:53:37;3.33;43.09;13.15;760.72;0.00;0.00;0.00
18.12.2020;3:54:37;3.33;43.09;13.16;760.71;0.00;0.00;0.00
18.12.2020;3:55:37;3.36;43.07;13.16;760.70;0.00;0.00;0.00
18.12.2020;3:56:37;3.33;43.08;13.16;760.70;0.00;0.00;0.00
18.12.2020;3:57:37;3.33;43.09;13.16;760.71;0.00;0.00;0.00
18.12.2020;3:58:37;3.35;43.07;13.17;760.70;0.00;0.00;0.00
18.12.2020;3:59:37;3.33;43.09;13.16;760.70;0.00;0.00;0.00
18.12.2020;4:00:37;3.33;43.06;13.17;760.69;0.00;0.00;0.00
18.12.2020;4:01:37;3.33;43.05;13.17;760.69;0.00;0.00;0.00
18.12.2020;4:02:37;3.33;43.05;13.15;760.67;0.00;0.00;0.00
18.12.2020;4:03:37;3.33;43.08;13.15;760.66;0.00;0.00;0.00
18.12.2020;4:04:37;3.33;43.12;13.14;760.66;0.00;0.00;0.00
18.12.2020;4:05:37;3.33;43.12;13.14;760.66;0.00;0.00;0.00
18.12.2020;4:06:37;3.35;43.14;13.14;760.67;0.00;0.00;0.00
18.12.2020;4:07:37;3.33;43.09;13.14;760.66;0.00;0.00;0.00
18.12.2020;4:08:37;3.33;43.11;13.14;760.66;0.00;0.00;0.00
18.12.2020;4:09:37;3.36;43.13;13.14;760.67;0.00;0.00;0.00
18.12.2020;4:10:37;3.33;43.13;13.15;760.66;0.00;0.00;0.00
18.12.2020;4:11:37;3.33;43.11;13.15;760.66;0.00;0.00;0.00
18.12.2020;4:12:38;3.35;43.09;13.15;760.66;0.00;0.00;0.00
18.12.2020;4:13:38;3.33;43.08;13.14;760.66;0.00;0.00;0.00
18.12.2020;4:14:38;3.33;43.09;13.14;760.65;0.00;0.00;0.00
18.12.2020;4:15:38;3.33;43.14;13.14;760.66;0.00;0.00;0.00
18.12.2020;4:16:38;3.33;43.12;13.15;760.66;0.00;0.00;0.00
18.12.2020;4:17:38;3.33;43.11;13.14;760.66;0.00;0.00;0.00
18.12.2020;4:18:38;3.33;43.10;13.14;760.66;0.00;0.00;0.00
18.12.2020;4:19:38;3.33;43.10;13.14;760.65;0.00;0.00;0.00
18.12.2020;4:20:38;3.35;43.10;13.15;760.64;0.00;0.00;0.00
18.12.2020;4:21:38;3.33;43.11;13.15;760.63;0.00;0.00;0.00
18.12.2020;4:22:38;3.33;43.14;13.14;760.63;0.00;0.00;0.00
18.12.2020;4:23:38;3.36;43.14;13.14;760.62;0.00;0.00;0.00
18.12.2020;4:24:38;3.33;43.14;13.13;760.61;0.00;0.00;0.00
18.12.2020;4:25:38;3.33;43.15;13.15;760.62;0.00;0.00;0.00
18.12.2020;4:26:38;3.35;43.13;13.15;760.64;0.00;0.00;0.00
18.12.2020;4:27:38;3.33;43.15;13.15;760.64;0.00;0.00;0.00
18.12.2020;4:28:38;3.33;43.13;13.15;760.63;0.00;0.00;0.00
18.12.2020;4:29:38;3.33;43.13;13.15;760.63;0.00;0.00;0.00
18.12.2020;4:30:38;3.33;43.11;13.16;760.62;0.00;0.00;0.00
18.12.2020;4:31:38;3.33;43.08;13.17;760.63;0.00;0.00;0.00
18.12.2020;4:32:38;3.33;43.07;13.17;760.63;0.00;0.00;0.00
18.12.2020;4:33:38;3.33;43.07;13.16;760.64;0.00;0.00;0.00
18.12.2020;4:34:38;3.35;43.10;13.16;760.64;0.00;0.00;0.00
18.12.2020;4:35:38;3.33;43.08;13.15;760.62;0.00;0.00;0.00
18.12.2020;4:36:38;3.33;43.10;13.15;760.62;0.00;0.00;0.00
18.12.2020;4:37:38;3.36;43.10;13.16;760.62;0.00;0.00;0.00
18.12.2020;4:38:38;3.33;43.11;13.15;760.61;0.00;0.00;0.00
18.12.2020;4:39:38;3.33;43.11;13.15;760.60;0.00;0.00;0.00
18.12.2020;4:40:38;3.35;43.10;13.15;760.59;0.00;0.00;0.00
18.12.2020;4:41:38;3.33;43.13;13.14;760.58;0.00;0.00;0.00
18.12.2020;4:42:38;3.33;43.12;13.14;760.57;0.00;0.00;0.00
18.12.2020;4:43:39;3.33;43.12;13.14;760.55;0.00;0.00;0.00
18.12.2020;4:44:39;3.33;43.12;13.13;760.55;0.00;0.00;0.00
18.12.2020;4:45:39;3.33;43.13;13.13;760.55;0.00;0.00;0.00
18.12.2020;4:46:39;3.33;43.15;13.12;760.55;0.00;0.00;0.00
18.12.2020;4:47:39;3.33;43.18;13.12;760.55;0.00;0.00;0.00
18.12.2020;4:48:39;3.35;43.17;13.13;760.56;0.00;0.00;0.00
18.12.2020;4:49:39;3.33;43.14;13.13;760.56;0.00;0.00;0.00
18.12.2020;4:50:39;3.33;43.11;13.13;760.58;0.00;0.00;0.00
18.12.2020;4:51:39;3.36;43.15;13.13;760.58;0.00;0.00;0.00
18.12.2020;4:52:39;3.33;43.16;13.13;760.58;0.00;0.00;0.00
18.12.2020;4:53:39;3.33;43.15;13.13;760.59;0.00;0.00;0.00
18.12.2020;4:54:39;3.35;43.17;13.13;760.60;0.00;0.00;0.00
18.12.2020;4:55:39;3.33;43.17;13.12;760.59;0.00;0.00;0.00
18.12.2020;4:56:39;3.33;43.17;13.13;760.59;0.00;0.00;0.00
18.12.2020;4:57:39;3.33;43.13;13.13;760.59;0.00;0.00;0.00
18.12.2020;4:58:39;3.33;43.14;13.13;760.58;0.00;0.00;0.00
18.12.2020;4:59:39;3.33;43.15;13.12;760.59;0.00;0.00;0.00
18.12.2020;5:00:39;3.33;43.20;13.11;760.60;0.00;0.00;0.00
18.12.2020;5:01:39;3.33;43.18;13.11;760.60;0.00;0.00;0.00
18.12.2020;5:02:39;3.35;43.20;13.12;760.60;0.00;0.00;0.00
18.12.2020;5:03:39;3.33;43.19;13.12;760.60;0.00;0.00;0.00
18.12.2020;5:04:39;3.33;43.18;13.12;760.59;0.00;0.00;0.00
18.12.2020;5:05:39;3.36;43.21;13.12;760.59;0.00;0.00;0.00
18.12.2020;5:06:39;3.33;43.22;13.11;760.59;0.00;0.00;0.00
18.12.2020;5:07:39;3.33;43.20;13.11;760.59;0.00;0.00;0.00
18.12.2020;5:08:39;3.35;43.22;13.11;760.59;0.00;0.00;0.00
18.12.2020;5:09:39;3.33;43.24;13.11;760.60;0.00;0.00;0.00
18.12.2020;5:10:39;3.33;43.24;13.11;760.60;0.00;0.00;0.00
18.12.2020;5:11:39;3.33;43.24;13.12;760.60;0.00;0.00;0.00
18.12.2020;5:12:39;3.33;43.22;13.12;760.61;0.00;0.00;0.00
18.12.2020;5:13:39;3.33;43.20;13.12;760.61;0.00;0.00;0.00
18.12.2020;5:14:39;3.33;43.18;13.11;760.60;0.00;0.00;0.00
18.12.2020;5:15:40;3.33;43.22;13.11;760.60;0.00;0.00;0.00
18.12.2020;5:16:40;3.35;43.24;13.11;760.60;0.00;0.00;0.00
18.12.2020;5:17:40;3.33;43.26;13.12;760.60;0.00;0.00;0.00
18.12.2020;5:18:40;3.33;43.23;13.12;760.62;0.00;0.00;0.00
18.12.2020;5:19:40;3.36;43.23;13.12;760.62;0.00;0.00;0.00
18.12.2020;5:20:40;3.33;43.18;13.12;760.62;0.00;0.00;0.00
18.12.2020;5:21:40;3.33;43.20;13.12;760.61;0.00;0.00;0.00
18.12.2020;5:22:40;3.35;43.18;13.12;760.61;0.00;0.00;0.00
18.12.2020;5:23:40;3.33;43.17;13.12;760.61;0.00;0.00;0.00
18.12.2020;5:24:40;3.33;43.17;13.13;760.60;0.00;0.00;0.00
18.12.2020;5:25:40;3.33;43.17;13.13;760.59;0.00;0.00;0.00
18.12.2020;5:26:40;3.33;43.21;13.12;760.59;0.00;0.00;0.00
18.12.2020;5:27:40;3.33;43.20;13.12;760.59;0.00;0.00;0.00
18.12.2020;5:28:40;3.33;43.21;13.11;760.58;0.00;0.00;0.00
18.12.2020;5:29:40;3.33;43.21;13.11;760.58;0.00;0.00;0.00
18.12.2020;5:30:40;3.35;43.18;13.11;760.59;0.00;0.00;0.00
18.12.2020;5:31:40;3.33;43.22;13.11;760.59;0.00;0.00;0.00
18.12.2020;5:32:40;3.33;43.20;13.11;760.59;0.00;0.00;0.00
18.12.2020;5:33:40;3.36;43.20;13.11;760.61;0.00;0.00;0.00
18.12.2020;5:34:40;3.33;43.21;13.10;760.61;0.00;0.00;0.00
18.12.2020;5:35:40;3.33;43.21;13.10;760.61;0.00;0.00;0.00
18.12.2020;5:36:40;3.35;43.24;13.09;760.62;0.00;0.00;0.00
18.12.2020;5:37:40;3.33;43.24;13.10;760.63;0.00;0.00;0.00
18.12.2020;5:38:40;3.33;43.25;13.10;760.62;0.00;0.00;0.00
18.12.2020;5:39:40;3.33;43.25;13.10;760.62;0.00;0.00;0.00
18.12.2020;5:40:40;3.33;43.22;13.09;760.62;0.00;0.00;0.00
18.12.2020;5:41:40;3.33;43.22;13.09;760.62;0.00;0.00;0.00
18.12.2020;5:42:40;3.33;43.25;13.10;760.62;0.00;0.00;0.00
18.12.2020;5:43:40;3.33;43.21;13.10;760.62;0.00;0.00;0.00
18.12.2020;5:44:40;3.35;43.24;13.10;760.62;0.00;0.00;0.00
18.12.2020;5:45:41;3.33;43.21;13.10;760.62;0.00;0.00;0.00
18.12.2020;5:46:41;3.33;43.21;13.10;760.63;0.00;0.00;0.00
18.12.2020;5:47:41;3.36;43.21;13.11;760.63;0.00;0.00;0.00
18.12.2020;5:48:41;3.33;43.23;13.10;760.60;0.00;0.00;0.00
18.12.2020;5:49:41;3.33;43.24;13.10;760.61;0.00;0.00;0.00
18.12.2020;5:50:41;3.35;43.22;13.10;760.61;0.00;0.00;0.00
18.12.2020;5:51:41;3.33;43.21;13.10;760.61;0.00;0.00;0.00
18.12.2020;5:52:41;3.33;43.20;13.10;760.61;0.00;0.00;0.00
18.12.2020;5:53:41;3.33;43.23;13.09;760.61;0.00;0.00;0.00
18.12.2020;5:54:41;3.33;43.24;13.09;760.62;0.00;0.00;0.00
18.12.2020;5:55:41;3.33;43.23;13.09;760.62;0.00;0.00;0.00
18.12.2020;5:56:41;3.33;43.24;13.08;760.62;0.00;0.00;0.00
18.12.2020;5:57:41;3.33;43.24;13.08;760.62;0.00;0.00;0.00
18.12.2020;5:58:41;3.35;43.22;13.09;760.62;0.00;0.00;0.00
18.12.2020;5:59:41;3.33;43.26;13.08;760.61;0.00;0.00;0.00
18.12.2020;6:00:41;3.33;43.26;13.09;760.60;0.00;0.00;0.00
18.12.2020;6:01:41;3.36;43.26;13.09;760.60;0.00;0.00;0.00
18.12.2020;6:02:41;3.33;43.25;13.08;760.59;0.00;0.00;0.00
18.12.2020;6:03:41;3.33;43.28;13.08;760.59;0.00;0.00;0.00
18.12.2020;6:04:41;3.35;43.26;13.08;760.58;0.00;0.00;0.00
18.12.2020;6:05:41;3.33;43.27;13.09;760.57;0.00;0.00;0.00
18.12.2020;6:06:41;3.33;43.24;13.09;760.57;0.00;0.00;0.00
18.12.2020;6:07:41;3.33;43.24;13.09;760.57;0.00;0.00;0.00
18.12.2020;6:08:41;3.33;43.22;13.09;760.56;0.00;0.00;0.00
18.12.2020;6:09:41;3.33;43.23;13.09;760.56;0.00;0.00;0.00
18.12.2020;6:10:41;3.33;43.20;13.09;760.55;0.00;0.00;0.00
18.12.2020;6:11:41;3.33;43.21;13.09;760.55;0.00;0.00;0.00
18.12.2020;6:12:41;3.35;43.23;13.08;760.55;0.00;0.00;0.00
18.12.2020;6:13:41;3.33;43.27;13.08;760.54;0.00;0.00;0.00
18.12.2020;6:14:41;3.33;43.30;13.07;760.52;0.00;0.00;0.00
18.12.2020;6:15:41;3.36;43.29;13.07;760.53;0.00;0.00;0.00
18.12.2020;6:16:42;3.33;43.31;13.07;760.53;0.00;0.00;0.00
18.12.2020;6:17:42;3.33;43.30;13.07;760.54;0.00;0.00;0.00
18.12.2020;6:18:42;3.35;43.32;13.07;760.54;0.00;0.00;0.00
18.12.2020;6:19:42;3.33;43.30;13.08;760.54;0.00;0.00;0.00
18.12.2020;6:20:42;3.33;43.29;13.08;760.55;0.00;0.00;0.00
18.12.2020;6:21:42;3.33;43.31;13.08;760.55;0.00;0.00;0.00
18.12.2020;6:22:42;3.33;43.30;13.08;760.54;0.00;0.00;0.00
18.12.2020;6:23:42;3.33;43.29;13.08;760.54;0.00;0.00;0.00
18.12.2020;6:24:42;3.33;43.34;13.08;760.55;0.00;0.00;0.00
18.12.2020;6:25:42;3.33;43.31;13.08;760.54;0.00;0.00;0.00
18.12.2020;6:26:42;3.35;43.30;13.09;760.54;0.00;0.00;0.00
18.12.2020;6:27:42;3.33;43.31;13.09;760.54;0.00;0.00;0.00
18.12.2020;6:28:42;3.33;43.30;13.09;760.54;0.00;0.00;0.00
18.12.2020;6:29:42;3.36;43.29;13.09;760.53;0.00;0.00;0.00
18.12.2020;6:30:42;3.33;43.28;13.09;760.53;0.00;0.00;0.00
18.12.2020;6:31:42;3.33;43.30;13.08;760.53;0.00;0.00;0.00
18.12.2020;6:32:42;3.35;43.30;13.09;760.52;0.00;0.00;0.00
18.12.2020;6:33:42;3.33;43.32;13.09;760.52;0.00;0.00;0.00
18.12.2020;6:34:42;3.33;43.29;13.10;760.52;0.00;0.00;0.00
18.12.2020;6:35:42;3.33;43.27;13.11;760.52;0.00;0.00;0.00
18.12.2020;6:36:42;3.33;43.24;13.12;760.53;0.00;0.00;0.00
18.12.2020;6:37:42;3.33;43.24;13.11;760.53;0.00;0.00;0.00
18.12.2020;6:38:42;3.33;43.23;13.11;760.53;0.00;0.00;0.00
18.12.2020;6:39:42;3.33;43.26;13.11;760.53;0.00;0.00;0.00
18.12.2020;6:40:42;3.35;43.25;13.11;760.53;0.00;0.00;0.00
18.12.2020;6:41:42;3.33;43.24;13.11;760.53;0.00;0.00;0.00
18.12.2020;6:42:42;3.33;43.24;13.11;760.53;0.00;0.00;0.00
18.12.2020;6:43:42;3.36;43.22;13.11;760.53;0.00;0.00;0.00
18.12.2020;6:44:42;3.33;43.22;13.10;760.53;0.00;0.00;0.00
18.12.2020;6:45:42;3.33;43.26;13.10;760.54;0.00;0.00;0.00
18.12.2020;6:46:42;3.35;43.23;13.10;760.54;0.00;0.00;0.00
18.12.2020;6:47:42;3.33;43.23;13.10;760.54;0.00;0.00;0.00
18.12.2020;6:48:43;3.33;43.22;13.11;760.54;0.00;0.00;0.00
18.12.2020;6:49:43;3.33;43.21;13.11;760.55;0.00;0.00;0.00
18.12.2020;6:50:43;3.33;43.20;13.11;760.55;0.00;0.00;0.00
18.12.2020;6:51:43;3.33;43.22;13.11;760.56;0.00;0.00;0.00
18.12.2020;6:52:43;3.33;43.21;13.11;760.55;0.00;0.00;0.00
18.12.2020;6:53:43;3.33;43.20;13.11;760.55;0.00;0.00;0.00
18.12.2020;6:54:43;3.35;43.22;13.11;760.56;0.00;0.00;0.00
18.12.2020;6:55:43;3.33;43.23;13.10;760.56;0.00;0.00;0.00
18.12.2020;6:56:43;3.33;43.22;13.11;760.56;0.00;0.00;0.00
18.12.2020;6:57:43;3.36;43.25;13.10;760.57;0.00;0.00;0.00
18.12.2020;6:58:43;3.33;43.27;13.10;760.57;0.00;0.00;0.00
18.12.2020;6:59:43;3.33;43.23;13.10;760.57;0.00;0.00;0.00
18.12.2020;7:00:43;3.35;43.23;13.10;760.57;0.00;0.00;0.00
18.12.2020;7:01:43;3.33;43.25;13.10;760.58;0.00;0.00;0.00
18.12.2020;7:02:43;3.33;43.25;13.10;760.58;0.00;0.00;0.00
18.12.2020;7:03:43;3.33;43.25;13.11;760.58;0.00;0.00;0.00
18.12.2020;7:04:43;3.33;43.23;13.11;760.58;0.00;0.00;0.00
18.12.2020;7:05:43;3.33;43.25;13.10;760.60;0.00;0.00;0.00
18.12.2020;7:06:43;3.33;43.25;13.11;760.60;0.00;0.00;0.00
18.12.2020;7:07:43;3.33;43.25;13.11;760.62;0.00;0.00;0.00
18.12.2020;7:08:43;3.35;43.22;13.12;760.63;0.00;0.00;0.00
18.12.2020;7:09:43;3.33;43.21;13.11;760.63;0.00;0.00;0.00
18.12.2020;7:10:43;3.33;43.18;13.12;760.64;0.00;0.00;0.00
18.12.2020;7:11:43;3.36;43.20;13.12;760.64;0.00;0.00;0.00
18.12.2020;7:12:43;3.33;43.20;13.12;760.64;0.00;0.00;0.00
18.12.2020;7:13:43;3.33;43.20;13.12;760.63;0.00;0.00;0.00
18.12.2020;7:14:43;3.35;43.21;13.13;760.64;0.00;0.00;0.00
18.12.2020;7:15:43;3.33;43.19;13.14;760.65;0.00;0.00;0.00
18.12.2020;7:16:43;3.33;43.16;13.13;760.66;0.00;0.00;0.00
18.12.2020;7:17:43;3.33;43.19;13.13;760.67;0.00;0.00;0.00
18.12.2020;7:18:44;3.33;43.22;13.13;760.67;0.00;0.00;0.00
18.12.2020;7:19:44;3.33;43.22;13.14;760.68;0.00;0.00;0.00
18.12.2020;7:20:44;3.33;43.19;13.15;760.68;0.00;0.00;0.00
18.12.2020;7:21:44;3.33;43.15;13.15;760.70;0.00;0.00;0.00
18.12.2020;7:22:44;3.35;43.13;13.15;760.69;0.00;0.00;0.00
18.12.2020;7:23:44;3.33;43.13;13.15;760.70;0.00;0.00;0.00
18.12.2020;7:24:44;3.33;43.17;13.14;760.71;0.00;0.00;0.00
18.12.2020;7:25:44;3.36;43.19;13.14;760.70;0.00;0.00;0.00
18.12.2020;7:26:44;3.33;43.18;13.14;760.70;0.00;0.00;0.00
18.12.2020;7:27:44;3.33;43.17;13.14;760.71;0.00;0.00;0.00
18.12.2020;7:28:44;3.35;43.15;13.13;760.72;0.00;0.00;0.00
18.12.2020;7:29:44;3.33;43.18;13.14;760.73;0.00;0.00;0.00
18.12.2020;7:30:44;4.03;43.14;13.14;760.73;0.00;0.00;0.00
18.12.2020;7:31:44;4.17;43.17;13.14;760.72;0.00;0.00;0.00
18.12.2020;7:32:44;4.17;43.18;13.13;760.73;0.00;0.00;0.00
18.12.2020;7:33:44;4.17;43.18;13.13;760.74;0.00;0.00;0.00
18.12.2020;7:34:44;4.68;43.17;13.14;760.74;0.00;0.00;0.00
18.12.2020;7:35:44;5.00;43.15;13.14;760.73;0.00;0.00;0.00
18.12.2020;7:36:44;5.26;43.15;13.13;760.73;0.00;0.00;0.00
18.12.2020;7:37:44;5.83;43.17;13.13;760.73;0.00;0.00;0.00
18.12.2020;7:38:44;6.16;43.19;13.12;760.73;0.00;0.00;0.00
18.12.2020;7:39:44;6.69;43.21;13.12;760.73;0.00;0.00;0.00
18.12.2020;7:40:44;6.81;43.19;13.12;760.74;0.00;0.00;0.00
18.12.2020;7:41:44;7.50;43.19;13.12;760.74;0.00;0.00;0.00
18.12.2020;7:42:44;7.64;43.18;13.12;760.74;0.00;0.00;0.00
18.12.2020;7:43:44;8.35;43.20;13.11;760.74;0.00;0.00;0.00
18.12.2020;7:44:44;9.17;43.20;13.12;760.76;0.00;0.00;0.00
18.12.2020;7:45:44;9.65;43.19;13.11;760.76;0.00;0.00;0.00
18.12.2020;7:46:44;10.06;43.16;13.11;760.75;0.00;0.00;0.00
18.12.2020;7:47:44;10.83;43.20;13.11;760.76;0.00;0.00;0.00
18.12.2020;7:48:44;11.04;43.19;13.12;760.76;0.00;0.00;0.00
18.12.2020;7:49:45;11.77;43.18;13.12;760.75;0.00;0.00;0.00
18.12.2020;7:50:45;12.51;43.18;13.12;760.74;0.00;0.00;0.00
18.12.2020;7:51:45;13.10;43.16;13.13;760.76;0.00;0.00;0.00
18.12.2020;7:52:45;14.32;43.17;13.13;760.75;0.00;0.00;0.00
18.12.2020;7:53:45;15.42;43.16;13.13;760.75;0.00;0.00;0.00
18.12.2020;7:54:45;16.43;43.16;13.13;760.76;0.00;0.00;0.00
18.12.2020;7:55:45;17.09;43.13;13.13;760.77;0.00;0.00;0.00
18.12.2020;7:56:45;18.88;43.16;13.13;760.78;0.00;0.00;0.00
18.12.2020;7:57:45;20.32;43.18;13.13;760.80;0.00;0.00;0.00
18.12.2020;7:58:45;21.38;43.20;13.13;760.80;0.01;0.00;0.00
18.12.2020;7:59:45;22.85;43.16;13.13;760.81;0.01;0.00;0.00
18.12.2020;8:00:45;24.56;43.15;13.13;760.81;0.02;0.00;0.00
18.12.2020;8:01:45;25.01;43.16;13.13;760.82;0.02;0.00;0.00
18.12.2020;8:02:45;25.85;43.18;13.12;760.82;0.02;0.00;0.00
18.12.2020;8:03:45;27.81;43.16;13.13;760.81;0.03;0.00;0.00
18.12.2020;8:04:45;29.96;43.18;13.13;760.83;0.04;0.00;0.00
18.12.2020;8:05:45;33.22;43.18;13.13;760.83;0.05;0.00;0.00
18.12.2020;8:06:45;36.85;43.16;13.13;760.83;0.06;0.00;0.00
18.12.2020;8:07:45;39.93;43.14;13.13;760.81;0.07;0.00;0.00
18.12.2020;8:08:45;40.51;43.13;13.14;760.82;0.07;0.00;0.00
18.12.2020;8:09:45;41.13;43.16;13.13;760.82;0.07;0.00;0.00
18.12.2020;8:10:45;41.10;43.16;13.13;760.82;0.07;0.00;0.00
18.12.2020;8:11:45;41.08;43.14;13.13;760.84;0.07;0.00;0.00
18.12.2020;8:12:45;42.44;43.15;13.14;760.84;0.08;0.00;0.00
18.12.2020;8:13:45;45.68;43.12;13.14;760.84;0.09;0.00;0.00
18.12.2020;8:14:45;50.37;43.12;13.14;760.83;0.11;0.00;0.00
18.12.2020;8:15:45;55.96;43.15;13.15;760.84;0.13;0.00;0.00
18.12.2020;8:16:45;60.24;43.14;13.15;760.83;0.14;0.00;0.00
18.12.2020;8:17:45;63.98;43.11;13.16;760.83;0.15;0.00;0.00
18.12.2020;8:18:46;68.93;43.14;13.16;760.83;0.17;0.00;0.00
18.12.2020;8:19:46;71.28;43.13;13.16;760.82;0.17;0.00;0.00
18.12.2020;8:20:46;75.28;43.13;13.17;760.83;0.19;0.00;0.00
18.12.2020;8:21:46;77.64;43.07;13.17;760.83;0.19;0.00;0.00
18.12.2020;8:22:46;79.06;43.03;13.18;760.84;0.20;0.00;0.00
18.12.2020;8:23:46;81.21;43.05;13.18;760.85;0.21;0.00;0.00
18.12.2020;8:24:46;81.28;43.07;13.18;760.86;0.21;0.00;0.00
18.12.2020;8:25:46;78.49;43.07;13.18;760.86;0.20;0.00;0.00
18.12.2020;8:26:46;78.59;43.06;13.19;760.87;0.20;0.00;0.00
18.12.2020;8:27:46;84.18;43.03;13.19;760.88;0.22;0.00;0.00
18.12.2020;8:28:46;92.61;43.03;13.18;760.88;0.25;0.00;0.00
18.12.2020;8:29:46;97.11;43.04;13.19;760.88;0.27;0.00;0.00
18.12.2020;8:30:46;97.90;43.01;13.19;760.89;0.27;0.00;0.00
18.12.2020;8:31:46;96.05;43.06;13.19;760.90;0.26;0.00;0.00
18.12.2020;8:32:46;100.04;43.06;13.19;760.91;0.27;0.00;0.00
18.12.2020;8:33:46;104.51;43.00;13.20;760.91;0.28;0.00;0.00
18.12.2020;8:34:46;105.47;43.00;13.21;760.94;0.28;0.00;0.00
18.12.2020;8:35:46;106.13;43.00;13.21;760.96;0.29;0.00;0.00
18.12.2020;8:36:46;110.83;43.00;13.21;760.97;0.30;0.00;0.00
18.12.2020;8:37:46;117.51;43.00;13.22;760.97;0.33;0.00;0.00
18.12.2020;8:38:46;122.85;42.98;13.22;760.98;0.35;0.00;0.00
18.12.2020;8:39:46;123.76;42.99;13.23;760.98;0.35;0.00;0.00
18.12.2020;8:40:46;126.81;42.97;13.23;760.97;0.36;0.00;0.00
18.12.2020;8:41:46;134.76;42.94;13.24;760.96;0.38;0.00;0.00
18.12.2020;8:42:46;133.35;42.92;13.25;760.97;0.37;0.00;0.00
18.12.2020;8:43:46;133.14;42.93;13.25;760.96;0.37;0.00;0.00
18.12.2020;8:44:46;141.67;42.92;13.25;760.96;0.40;0.00;0.00
18.12.2020;8:45:46;148.70;42.91;13.26;760.96;0.42;0.01;0.00
18.12.2020;8:46:46;147.44;42.90;13.26;760.96;0.42;0.00;0.00
18.12.2020;8:47:47;143.57;42.90;13.26;760.97;0.40;0.00;0.00
18.12.2020;8:48:47;133.11;42.86;13.28;760.97;0.37;0.00;0.00
18.12.2020;8:49:47;129.83;42.87;13.27;760.98;0.35;0.00;0.00
18.12.2020;8:50:47;128.75;42.85;13.28;760.98;0.34;0.00;0.00
18.12.2020;8:51:47;128.38;42.87;13.29;760.98;0.34;0.00;0.00
18.12.2020;8:52:47;125.04;42.81;13.29;760.97;0.32;0.00;0.00
18.12.2020;8:53:47;131.75;42.79;13.29;760.96;0.35;0.00;0.00
18.12.2020;8:54:47;132.82;42.83;13.29;760.96;0.35;0.00;0.00
18.12.2020;8:55:47;133.67;42.82;13.28;760.96;0.34;0.00;0.00
18.12.2020;8:56:47;138.06;42.85;13.29;760.96;0.36;0.00;0.00
18.12.2020;8:57:47;139.21;42.82;13.29;760.96;0.36;0.00;0.00
18.12.2020;8:58:47;148.01;42.81;13.30;760.96;0.39;0.00;0.00
18.12.2020;8:59:47;153.25;42.82;13.30;760.97;0.40;0.00;0.00
18.12.2020;9:00:47;156.40;42.78;13.30;760.98;0.41;0.00;0.00
18.12.2020;9:01:47;153.32;42.76;13.30;760.98;0.39;0.00;0.00
18.12.2020;9:02:47;150.69;42.81;13.30;760.98;0.39;0.00;0.00
18.12.2020;9:03:47;150.43;42.79;13.30;760.98;0.39;0.00;0.00
18.12.2020;9:04:47;155.78;42.78;13.30;760.98;0.41;0.00;0.00
18.12.2020;9:05:47;151.30;42.83;13.30;760.98;0.40;0.00;0.00
18.12.2020;9:06:47;150.29;42.81;13.30;760.98;0.41;0.00;0.00
18.12.2020;9:07:47;148.71;42.81;13.30;760.99;0.40;0.00;0.00
18.12.2020;9:08:47;148.66;42.80;13.32;761.00;0.39;0.00;0.00
18.12.2020;9:09:47;148.04;42.78;13.32;760.99;0.38;0.00;0.00
18.12.2020;9:10:47;140.93;42.78;13.31;760.99;0.36;0.00;0.00
18.12.2020;9:11:47;144.35;42.76;13.32;760.98;0.38;0.00;0.00
18.12.2020;9:12:47;169.24;42.76;13.32;760.96;0.47;0.08;0.04
18.12.2020;9:13:47;188.01;42.76;13.32;760.95;0.53;0.21;0.11
18.12.2020;9:14:48;199.33;42.74;13.33;760.95;0.57;0.28;0.16
18.12.2020;9:15:48;208.67;42.72;13.34;760.95;0.61;0.33;0.20
18.12.2020;9:16:48;213.25;42.72;13.34;760.96;0.63;0.38;0.24
18.12.2020;9:17:48;214.90;42.70;13.35;760.95;0.63;0.38;0.24
18.12.2020;9:18:48;211.29;42.68;13.36;760.95;0.61;0.33;0.20
18.12.2020;9:19:48;209.10;42.63;13.36;760.95;0.60;0.31;0.19
18.12.2020;9:20:48;198.99;42.67;13.36;760.95;0.57;0.28;0.16
18.12.2020;9:21:48;201.88;42.69;13.37;760.95;0.58;0.30;0.17
18.12.2020;9:22:48;206.92;42.67;13.37;760.96;0.59;0.30;0.18
18.12.2020;9:23:48;206.54;42.64;13.38;760.96;0.59;0.31;0.18
18.12.2020;9:24:48;216.46;42.64;13.38;760.96;0.61;0.34;0.21
18.12.2020;9:25:48;221.34;42.62;13.38;760.95;0.61;0.34;0.21
18.12.2020;9:26:48;213.18;42.63;13.39;760.95;0.58;0.29;0.17
18.12.2020;9:27:48;203.63;42.64;13.39;760.95;0.56;0.27;0.15
18.12.2020;9:28:48;201.21;42.65;13.39;760.95;0.55;0.24;0.13
18.12.2020;9:29:48;200.03;42.59;13.40;760.93;0.55;0.23;0.12
18.12.2020;9:30:48;204.68;42.61;13.39;760.93;0.55;0.24;0.13
18.12.2020;9:31:48;198.78;42.64;13.39;760.92;0.53;0.20;0.11
18.12.2020;9:32:48;199.49;42.62;13.39;760.94;0.52;0.19;0.10
18.12.2020;9:33:48;203.16;42.60;13.41;760.96;0.52;0.20;0.10
18.12.2020;9:34:48;189.24;42.58;13.40;760.96;0.48;0.12;0.06
18.12.2020;9:35:48;169.22;42.60;13.39;760.98;0.42;0.02;0.01
18.12.2020;9:36:48;156.90;42.60;13.40;760.98;0.39;0.00;0.00
18.12.2020;9:37:48;163.96;42.61;13.39;760.99;0.41;0.00;0.00
18.12.2020;9:38:48;168.59;42.60;13.39;761.00;0.43;0.01;0.01
18.12.2020;9:39:48;181.32;42.61;13.39;761.00;0.47;0.10;0.05
18.12.2020;9:40:48;196.72;42.59;13.40;761.01;0.53;0.20;0.11
18.12.2020;9:41:48;204.99;42.55;13.41;761.00;0.56;0.25;0.14
18.12.2020;9:42:49;217.81;42.57;13.42;761.00;0.60;0.34;0.21
18.12.2020;9:43:49;243.63;42.58;13.43;761.00;0.69;0.47;0.32
18.12.2020;9:44:49;244.25;42.55;13.44;760.99;0.68;0.46;0.31
18.12.2020;9:45:49;225.69;42.57;13.45;760.99;0.63;0.37;0.23
18.12.2020;9:46:49;226.56;42.56;13.45;760.99;0.63;0.37;0.23
18.12.2020;9:47:49;224.85;42.51;13.46;761.00;0.61;0.34;0.21
18.12.2020;9:48:49;235.45;42.49;13.46;760.99;0.63;0.39;0.25
18.12.2020;9:49:49;237.93;42.49;13.46;760.99;0.63;0.38;0.24
18.12.2020;9:50:49;240.20;42.52;13.46;760.99;0.64;0.40;0.25
18.12.2020;9:51:49;256.81;42.53;13.46;760.98;0.70;0.49;0.35
18.12.2020;9:52:49;256.41;42.52;13.46;760.98;0.70;0.48;0.34
18.12.2020;9:53:49;238.32;42.49;13.47;760.98;0.65;0.41;0.27
18.12.2020;9:54:49;243.32;42.51;13.46;760.99;0.67;0.42;0.28
18.12.2020;9:55:49;243.93;42.48;13.48;761.00;0.67;0.42;0.28
18.12.2020;9:56:49;242.75;42.46;13.48;761.00;0.66;0.41;0.27
18.12.2020;9:57:49;255.83;42.45;13.48;760.99;0.69;0.48;0.33
18.12.2020;9:58:49;248.15;42.47;13.48;761.00;0.68;0.45;0.31
18.12.2020;9:59:49;269.69;42.50;13.48;761.00;0.75;0.56;0.42
18.12.2020;10:00:49;282.44;42.44;13.50;761.00;0.79;0.61;0.48
18.12.2020;10:01:49;286.97;42.42;13.51;761.00;0.80;0.63;0.51
18.12.2020;10:02:49;289.63;42.42;13.52;760.99;0.81;0.66;0.54
18.12.2020;10:03:49;285.65;42.38;13.53;761.01;0.81;0.65;0.52
18.12.2020;10:04:49;314.58;42.36;13.54;761.02;0.89;0.79;0.71
18.12.2020;10:05:49;337.75;42.35;13.55;761.02;0.96;0.91;0.88
18.12.2020;10:06:49;363.86;42.35;13.55;761.02;1.04;1.03;1.07
18.12.2020;10:07:49;350.76;42.35;13.56;761.01;1.00;0.98;0.97
18.12.2020;10:08:49;297.26;42.35;13.56;761.01;0.84;0.72;0.61
18.12.2020;10:09:50;284.21;42.32;13.56;761.01;0.79;0.62;0.49
18.12.2020;10:10:50;291.60;42.36;13.55;761.02;0.81;0.67;0.54
18.12.2020;10:11:50;267.65;42.34;13.55;761.03;0.75;0.56;0.42
18.12.2020;10:12:50;270.35;42.37;13.55;761.03;0.77;0.59;0.45
18.12.2020;10:13:50;341.10;42.34;13.56;761.01;0.96;0.91;0.88
18.12.2020;10:14:50;383.86;42.31;13.57;761.01;1.08;1.11;1.21
18.12.2020;10:15:50;378.38;42.30;13.59;761.03;1.08;1.10;1.19
18.12.2020;10:16:50;383.59;42.29;13.60;761.03;1.11;1.15;1.28
18.12.2020;10:17:50;385.57;42.28;13.60;761.06;1.12;1.18;1.31
18.12.2020;10:18:50;406.89;42.24;13.60;761.07;1.20;1.32;1.58
18.12.2020;10:19:50;407.47;42.25;13.61;761.07;1.21;1.33;1.61
18.12.2020;10:20:50;396.85;42.25;13.62;761.07;1.18;1.27;1.50
18.12.2020;10:21:50;395.71;42.24;13.62;761.07;1.15;1.24;1.43
18.12.2020;10:22:50;386.39;42.26;13.62;761.08;1.12;1.18;1.32
18.12.2020;10:23:50;350.01;42.25;13.62;761.08;1.01;1.00;1.01
18.12.2020;10:24:50;310.49;42.25;13.61;761.07;0.90;0.81;0.73
18.12.2020;10:25:50;301.64;42.27;13.61;761.06;0.88;0.79;0.70
18.12.2020;10:26:50;303.35;42.28;13.61;761.07;0.90;0.80;0.72
18.12.2020;10:27:50;316.94;42.26;13.62;761.07;0.95;0.88;0.83
18.12.2020;10:28:50;322.18;42.24;13.62;761.06;0.97;0.91;0.88
18.12.2020;10:29:50;320.40;42.25;13.62;761.06;0.97;0.91;0.88
18.12.2020;10:30:50;300.57;42.25;13.62;761.05;0.91;0.82;0.75
18.12.2020;10:31:50;279.35;42.24;13.61;761.05;0.84;0.72;0.61
18.12.2020;10:32:50;265.72;42.25;13.61;761.05;0.80;0.65;0.52
18.12.2020;10:33:50;274.87;42.27;13.60;761.04;0.82;0.68;0.56
18.12.2020;10:34:50;276.71;42.29;13.60;761.04;0.83;0.69;0.57
18.12.2020;10:35:50;261.18;42.29;13.59;761.03;0.78;0.60;0.46
18.12.2020;10:36:51;252.82;42.32;13.58;761.02;0.75;0.57;0.43
18.12.2020;10:37:51;259.92;42.34;13.58;761.02;0.77;0.59;0.46
18.12.2020;10:38:51;268.77;42.36;13.56;761.02;0.80;0.65;0.52
18.12.2020;10:39:51;292.79;42.36;13.57;761.02;0.88;0.77;0.67
18.12.2020;10:40:51;318.88;42.37;13.57;761.00;0.95;0.89;0.85
18.12.2020;10:41:51;352.93;42.37;13.57;761.00;1.05;1.05;1.10
18.12.2020;10:42:51;400.89;42.38;13.58;760.99;1.18;1.29;1.52
18.12.2020;10:43:51;439.73;42.35;13.60;760.97;1.29;1.47;1.90
18.12.2020;10:44:51;460.86;42.29;13.62;760.98;1.36;1.59;2.16
18.12.2020;10:45:51;472.26;42.29;13.63;760.98;1.40;1.63;2.28
18.12.2020;10:46:51;487.26;42.25;13.65;760.94;1.44;1.71;2.46
18.12.2020;10:47:51;506.64;42.21;13.67;760.92;1.49;1.79;2.67
18.12.2020;10:48:51;536.44;42.18;13.68;760.91;1.57;1.94;3.05
18.12.2020;10:49:51;588.76;42.14;13.70;760.89;1.71;2.16;3.70
18.12.2020;10:50:51;654.84;42.13;13.73;760.89;1.88;2.34;4.39
18.12.2020;10:51:51;697.40;42.05;13.77;760.89;1.99;2.53;5.02
18.12.2020;10:52:51;724.22;41.98;13.80;760.88;2.06;2.67;5.50
18.12.2020;10:53:51;723.79;41.90;13.83;760.88;2.07;2.70;5.60
18.12.2020;10:54:51;705.79;41.84;13.84;760.87;2.03;2.63;5.34
18.12.2020;10:55:51;686.86;41.80;13.87;760.86;1.99;2.52;5.02
18.12.2020;10:56:51;685.15;41.75;13.89;760.86;1.99;2.52;5.01
18.12.2020;10:57:51;686.71;41.71;13.91;760.86;1.99;2.54;5.07
18.12.2020;10:58:51;687.46;41.71;13.92;760.86;1.99;2.54;5.07
18.12.2020;10:59:51;687.89;41.64;13.94;760.86;1.99;2.54;5.06
18.12.2020;11:00:51;661.70;41.58;13.95;760.85;1.92;2.42;4.65
18.12.2020;11:01:51;624.50;41.58;13.95;760.86;1.83;2.29;4.19
18.12.2020;11:02:51;606.05;41.58;13.94;760.86;1.79;2.25;4.02
18.12.2020;11:03:51;592.69;41.61;13.94;760.85;1.76;2.21;3.88
18.12.2020;11:04:52;570.85;41.56;13.95;760.85;1.70;2.14;3.63
18.12.2020;11:05:52;554.29;41.57;13.94;760.84;1.65;2.06;3.39
18.12.2020;11:06:52;546.49;41.55;13.93;760.85;1.62;2.00;3.25
18.12.2020;11:07:52;554.28;41.60;13.93;760.85;1.64;2.03;3.32
18.12.2020;11:08:52;570.88;41.60;13.94;760.85;1.68;2.11;3.54
18.12.2020;11:09:52;586.20;41.58;13.94;760.85;1.72;2.17;3.72
18.12.2020;11:10:52;588.36;41.58;13.95;760.84;1.72;2.18;3.75
18.12.2020;11:11:52;578.37;41.57;13.95;760.83;1.69;2.12;3.58
18.12.2020;11:12:52;574.12;41.54;13.95;760.82;1.67;2.10;3.51
18.12.2020;11:13:52;590.32;41.56;13.95;760.81;1.71;2.15;3.69
18.12.2020;11:14:52;611.71;41.55;13.96;760.80;1.77;2.21;3.91
18.12.2020;11:15:52;621.14;41.53;13.98;760.79;1.79;2.25;4.02
18.12.2020;11:16:52;634.89;41.50;13.99;760.78;1.83;2.28;4.17
18.12.2020;11:17:52;653.04;41.50;14.00;760.76;1.87;2.32;4.33
18.12.2020;11:18:52;685.58;41.49;14.01;760.76;1.96;2.47;4.82
18.12.2020;11:19:52;721.60;41.44;14.03;760.74;2.05;2.65;5.41
18.12.2020;11:20:52;738.61;41.39;14.04;760.74;2.09;2.72;5.68
18.12.2020;11:21:52;745.62;41.37;14.06;760.74;2.10;2.75;5.78
18.12.2020;11:22:52;774.61;41.33;14.08;760.73;2.17;2.88;6.23
18.12.2020;11:23:52;842.46;41.28;14.10;760.72;2.32;3.13;7.25
18.12.2020;11:24:52;921.09;41.21;14.12;760.71;2.48;3.39;8.42
18.12.2020;11:25:52;965.47;41.17;14.15;760.68;2.57;3.56;9.15
18.12.2020;11:26:52;1008.22;41.10;14.18;760.67;2.67;3.72;9.91
18.12.2020;11:27:52;1037.11;41.03;14.23;760.66;2.74;3.82;10.46
18.12.2020;11:28:52;1056.50;40.91;14.26;760.64;2.78;3.89;10.84
18.12.2020;11:29:52;1056.98;40.86;14.29;760.62;2.78;3.89;10.81
18.12.2020;11:30:53;1033.40;40.84;14.32;760.60;2.71;3.77;10.24
18.12.2020;11:31:53;1031.13;40.77;14.34;760.58;2.67;3.71;9.92
18.12.2020;11:32:53;1047.21;40.70;14.37;760.58;2.69;3.74;10.06
18.12.2020;11:33:53;1070.71;40.64;14.40;760.59;2.73;3.80;10.36
18.12.2020;11:34:53;1069.18;40.58;14.41;760.59;2.71;3.78;10.27
18.12.2020;11:35:53;1078.47;40.55;14.42;760.59;2.73;3.81;10.39
18.12.2020;11:36:53;1090.86;40.52;14.45;760.57;2.76;3.87;10.70
18.12.2020;11:37:53;1101.32;40.49;14.46;760.54;2.79;3.91;10.91
18.12.2020;11:38:53;1104.63;40.46;14.48;760.54;2.81;3.94;11.09
18.12.2020;11:39:53;1109.18;40.42;14.49;760.55;2.82;3.97;11.20
18.12.2020;11:40:53;1110.50;40.39;14.50;760.54;2.83;3.97;11.23
18.12.2020;11:41:53;1107.66;40.31;14.52;760.55;2.82;3.95;11.12
18.12.2020;11:42:53;1113.01;40.32;14.53;760.53;2.83;3.98;11.26
18.12.2020;11:43:53;1114.75;40.31;14.54;760.53;2.84;3.99;11.33
18.12.2020;11:44:53;1119.25;40.26;14.57;760.52;2.85;4.00;11.37
18.12.2020;11:45:53;1125.29;40.19;14.58;760.51;2.86;4.01;11.46
18.12.2020;11:46:53;1138.05;40.18;14.58;760.50;2.88;4.08;11.77
18.12.2020;11:47:53;1153.35;40.19;14.59;760.49;2.92;4.12;12.02
18.12.2020;11:48:53;1158.74;40.18;14.61;760.50;2.93;4.15;12.17
18.12.2020;11:49:53;1158.12;40.12;14.62;760.49;2.93;4.15;12.16
18.12.2020;11:50:53;1148.83;40.08;14.64;760.50;2.92;4.11;11.97
18.12.2020;11:51:53;1150.14;40.07;14.66;760.49;2.92;4.11;11.99
18.12.2020;11:52:53;1146.40;39.98;14.68;760.50;2.92;4.11;11.98
18.12.2020;11:53:53;1135.75;39.94;14.71;760.51;2.89;4.09;11.83
18.12.2020;11:54:54;1132.25;39.91;14.72;760.51;2.87;4.05;11.63
18.12.2020;11:55:54;1134.08;39.91;14.72;760.49;2.87;4.03;11.56
18.12.2020;11:56:54;1146.00;39.89;14.74;760.48;2.88;4.08;11.77
18.12.2020;11:57:54;1149.85;39.86;14.76;760.48;2.89;4.08;11.80
18.12.2020;11:58:54;1141.36;39.82;14.78;760.48;2.87;4.05;11.64
18.12.2020;11:59:54;1124.13;39.79;14.79;760.49;2.85;4.00;11.40
18.12.2020;12:00:54;1125.97;39.75;14.80;760.49;2.86;4.01;11.47
18.12.2020;12:01:54;1127.91;39.69;14.81;760.50;2.87;4.03;11.56
18.12.2020;12:02:54;1144.31;39.69;14.80;760.49;2.89;4.09;11.81
18.12.2020;12:03:54;1150.25;39.69;14.81;760.49;2.90;4.09;11.87
18.12.2020;12:04:54;1123.04;39.69;14.81;760.50;2.85;4.01;11.45
18.12.2020;12:05:54;1091.44;39.71;14.80;760.52;2.78;3.89;10.82
18.12.2020;12:06:54;1099.85;39.68;14.81;760.53;2.80;3.91;10.92
18.12.2020;12:07:54;1111.50;39.68;14.83;760.54;2.82;3.97;11.20
18.12.2020;12:08:54;1112.05;39.64;14.83;760.54;2.82;3.97;11.19
18.12.2020;12:09:54;1090.00;39.60;14.84;760.54;2.79;3.90;10.87
18.12.2020;12:10:54;1009.90;39.58;14.83;760.55;2.65;3.68;9.77
18.12.2020;12:11:54;880.46;39.63;14.79;760.55;2.38;3.23;7.71
18.12.2020;12:12:54;754.64;39.69;14.74;760.55;2.10;2.75;5.79
18.12.2020;12:13:54;757.15;39.76;14.70;760.55;2.11;2.76;5.83
18.12.2020;12:14:54;846.99;39.82;14.67;760.54;2.29;3.08;7.05
18.12.2020;12:15:54;916.91;39.83;14.65;760.53;2.42;3.30;7.99
18.12.2020;12:16:54;934.08;39.88;14.65;760.51;2.45;3.36;8.24
18.12.2020;12:17:54;958.28;39.88;14.65;760.52;2.51;3.45;8.65
18.12.2020;12:18:55;975.38;39.85;14.64;760.51;2.56;3.53;9.01
18.12.2020;12:19:55;991.47;39.90;14.63;760.50;2.60;3.60;9.35
18.12.2020;12:20:55;1021.14;39.89;14.63;760.48;2.67;3.69;9.84
18.12.2020;12:21:55;1007.17;39.90;14.63;760.46;2.64;3.66;9.65
18.12.2020;12:22:55;936.98;39.89;14.62;760.45;2.48;3.41;8.46
18.12.2020;12:23:55;867.50;39.92;14.60;760.45;2.34;3.16;7.40
18.12.2020;12:24:55;832.46;39.92;14.60;760.45;2.25;3.03;6.83
18.12.2020;12:25:55;799.62;39.91;14.59;760.45;2.17;2.89;6.27
18.12.2020;12:26:55;780.85;39.97;14.56;760.45;2.12;2.80;5.92
18.12.2020;12:27:55;751.00;40.03;14.53;760.44;2.04;2.64;5.39
18.12.2020;12:28:55;719.14;40.09;14.51;760.44;1.97;2.50;4.93
18.12.2020;12:29:55;747.86;40.14;14.49;760.42;2.06;2.68;5.53
18.12.2020;12:30:55;808.93;40.13;14.47;760.41;2.22;2.97;6.60
18.12.2020;12:31:55;825.76;40.16;14.46;760.41;2.26;3.03;6.84
18.12.2020;12:32:55;782.06;40.19;14.45;760.41;2.16;2.87;6.21
18.12.2020;12:33:55;772.26;40.26;14.45;760.44;2.15;2.84;6.11
18.12.2020;12:34:55;752.74;40.27;14.45;760.44;2.12;2.78;5.89
18.12.2020;12:35:55;789.69;40.27;14.45;760.44;2.20;2.93;6.45
18.12.2020;12:36:55;897.39;40.26;14.45;760.42;2.45;3.34;8.18
18.12.2020;12:37:55;994.46;40.25;14.47;760.42;2.65;3.67;9.71
18.12.2020;12:38:55;1050.04;40.23;14.49;760.41;2.74;3.83;10.49
18.12.2020;12:39:55;1049.42;40.21;14.52;760.41;2.72;3.80;10.35
18.12.2020;12:40:55;1013.92;40.19;14.54;760.42;2.65;3.69;9.77
18.12.2020;12:41:55;992.64;40.19;14.54;760.42;2.60;3.60;9.37
18.12.2020;12:42:55;954.03;40.14;14.54;760.40;2.51;3.45;8.68
18.12.2020;12:43:55;944.39;40.14;14.53;760.40;2.49;3.41;8.50
18.12.2020;12:44:56;964.77;40.09;14.52;760.39;2.55;3.52;8.95
18.12.2020;12:45:56;967.29;40.13;14.51;760.39;2.56;3.53;9.05
18.12.2020;12:46:56;907.88;40.15;14.51;760.39;2.44;3.34;8.16
18.12.2020;12:47:56;909.76;40.11;14.51;760.39;2.45;3.36;8.25
18.12.2020;12:48:56;919.60;40.11;14.49;760.39;2.47;3.39;8.37
18.12.2020;12:49:56;911.61;40.18;14.48;760.38;2.44;3.32;8.11
18.12.2020;12:50:56;924.61;40.19;14.47;760.37;2.46;3.37;8.29
18.12.2020;12:51:56;929.50;40.20;14.48;760.36;2.46;3.37;8.30
18.12.2020;12:52:56;884.59;40.20;14.48;760.34;2.34;3.16;7.37
18.12.2020;12:53:56;802.72;40.23;14.45;760.34;2.15;2.86;6.14
18.12.2020;12:54:56;799.46;40.24;14.42;760.35;2.15;2.84;6.11
18.12.2020;12:55:56;801.68;40.29;14.40;760.35;2.15;2.85;6.14
18.12.2020;12:56:56;778.25;40.31;14.39;760.35;2.11;2.78;5.87
18.12.2020;12:57:56;749.36;40.36;14.37;760.35;2.07;2.69;5.56
18.12.2020;12:58:56;708.46;40.38;14.35;760.35;1.98;2.52;4.98
18.12.2020;12:59:56;699.12;40.44;14.33;760.34;1.95;2.47;4.82
18.12.2020;13:00:56;698.83;40.45;14.32;760.36;1.94;2.44;4.72
18.12.2020;13:01:56;699.94;40.49;14.30;760.36;1.94;2.45;4.76
18.12.2020;13:02:56;752.39;40.53;14.28;760.34;2.07;2.68;5.54
18.12.2020;13:03:56;771.71;40.56;14.27;760.33;2.13;2.81;5.97
18.12.2020;13:04:56;712.94;40.60;14.25;760.32;2.00;2.55;5.10
18.12.2020;13:05:56;666.71;40.61;14.23;760.32;1.88;2.33;4.39
18.12.2020;13:06:56;658.40;40.70;14.20;760.32;1.87;2.31;4.32
18.12.2020;13:07:56;701.21;40.71;14.18;760.32;1.98;2.53;5.02
18.12.2020;13:08:56;744.96;40.74;14.18;760.32;2.09;2.72;5.68
18.12.2020;13:09:56;757.90;40.73;14.17;760.32;2.12;2.79;5.92
18.12.2020;13:10:57;763.35;40.79;14.16;760.30;2.13;2.81;5.99
18.12.2020;13:11:57;746.47;40.79;14.16;760.30;2.09;2.74;5.71
18.12.2020;13:12:57;710.76;40.81;14.15;760.30;2.00;2.56;5.13
18.12.2020;13:13:57;669.21;40.85;14.13;760.29;1.90;2.35;4.46
18.12.2020;13:14:57;658.60;40.90;14.12;760.28;1.86;2.30;4.29
18.12.2020;13:15:57;640.29;40.92;14.11;760.28;1.82;2.28;4.13
18.12.2020;13:16:57;669.90;40.97;14.09;760.28;1.89;2.36;4.48
18.12.2020;13:17:57;735.10;40.96;14.08;760.27;2.05;2.67;5.48
18.12.2020;13:18:57;752.23;40.96;14.08;760.27;2.10;2.75;5.77
18.12.2020;13:19:57;756.92;40.95;14.08;760.28;2.11;2.76;5.81
18.12.2020;13:20:57;766.94;41.01;14.08;760.27;2.13;2.81;6.00
18.12.2020;13:21:57;775.92;40.99;14.09;760.26;2.16;2.86;6.18
18.12.2020;13:22:57;789.24;40.96;14.10;760.25;2.19;2.91;6.38
18.12.2020;13:23:57;792.02;40.96;14.10;760.24;2.20;2.92;6.42
18.12.2020;13:24:57;777.11;40.95;14.10;760.26;2.15;2.85;6.13
18.12.2020;13:25:57;726.26;40.96;14.10;760.26;2.03;2.62;5.31
18.12.2020;13:26:57;715.16;40.95;14.09;760.27;2.00;2.56;5.14
18.12.2020;13:27:57;749.03;40.93;14.08;760.26;2.08;2.73;5.68
18.12.2020;13:28:57;763.35;40.97;14.08;760.26;2.11;2.77;5.85
18.12.2020;13:29:57;764.44;40.98;14.08;760.26;2.10;2.75;5.77
18.12.2020;13:30:57;769.59;40.97;14.08;760.26;2.10;2.74;5.76
18.12.2020;13:31:57;773.47;40.95;14.08;760.25;2.11;2.77;5.84
18.12.2020;13:32:57;806.03;40.96;14.08;760.26;2.19;2.92;6.41
18.12.2020;13:33:57;816.72;40.97;14.09;760.27;2.21;2.96;6.56
18.12.2020;13:34:57;783.32;40.93;14.10;760.28;2.13;2.80;5.97
18.12.2020;13:35:57;753.60;40.92;14.10;760.28;2.06;2.68;5.52
18.12.2020;13:36:58;728.40;40.92;14.10;760.27;2.00;2.55;5.11
18.12.2020;13:37:58;702.36;40.97;14.08;760.26;1.94;2.45;4.76
18.12.2020;13:38:58;701.30;40.97;14.08;760.26;1.95;2.45;4.77
18.12.2020;13:39:58;699.57;40.94;14.08;760.25;1.95;2.47;4.81
18.12.2020;13:40:58;679.70;40.93;14.08;760.26;1.91;2.38;4.54
18.12.2020;13:41:58;615.99;40.92;14.07;760.26;1.75;2.20;3.84
18.12.2020;13:42:58;541.72;40.96;14.04;760.27;1.56;1.91;2.98
18.12.2020;13:43:58;528.97;41.00;14.01;760.27;1.54;1.89;2.92
18.12.2020;13:44:58;591.90;41.05;14.00;760.26;1.71;2.15;3.68
18.12.2020;13:45:58;650.38;41.09;14.00;760.25;1.86;2.31;4.30
18.12.2020;13:46:58;627.88;41.08;14.00;760.26;1.80;2.26;4.08
18.12.2020;13:47:58;603.12;41.09;14.00;760.28;1.73;2.19;3.80
18.12.2020;13:48:58;556.03;41.10;13.99;760.27;1.60;1.98;3.17
18.12.2020;13:49:58;542.06;41.15;13.97;760.27;1.57;1.92;3.01
18.12.2020;13:50:58;571.58;41.16;13.96;760.25;1.63;2.04;3.33
18.12.2020;13:51:58;631.92;41.16;13.96;760.25;1.79;2.23;3.99
18.12.2020;13:52:58;680.06;41.23;13.96;760.23;1.92;2.40;4.61
18.12.2020;13:53:58;700.28;41.21;13.98;760.22;1.96;2.49;4.90
18.12.2020;13:54:58;695.58;41.19;13.98;760.21;1.95;2.45;4.76
18.12.2020;13:55:58;695.99;41.22;13.99;760.21;1.95;2.46;4.79
18.12.2020;13:56:58;711.81;41.19;14.00;760.20;1.99;2.52;5.00
18.12.2020;13:57:58;742.63;41.17;14.01;760.19;2.07;2.68;5.55
18.12.2020;13:58:58;752.42;41.13;14.02;760.18;2.10;2.74;5.74
18.12.2020;13:59:58;735.75;41.12;14.02;760.17;2.05;2.67;5.47
18.12.2020;14:00:58;708.19;41.11;14.02;760.16;1.99;2.54;5.05
18.12.2020;14:01:58;682.03;41.11;14.02;760.17;1.93;2.41;4.64
18.12.2020;14:02:58;614.14;41.10;14.01;760.19;1.76;2.19;3.85
18.12.2020;14:03:58;563.37;41.08;14.00;760.19;1.64;2.05;3.36
18.12.2020;14:04:59;579.89;41.13;13.98;760.19;1.68;2.11;3.55
18.12.2020;14:05:59;544.51;41.18;13.97;760.20;1.58;1.94;3.06
18.12.2020;14:06:59;481.99;41.20;13.95;760.21;1.40;1.64;2.30
18.12.2020;14:07:59;486.29;41.24;13.92;760.21;1.41;1.66;2.35
18.12.2020;14:08:59;514.21;41.27;13.92;760.21;1.49;1.79;2.66
18.12.2020;14:09:59;484.84;41.31;13.90;760.21;1.43;1.68;2.40
18.12.2020;14:10:59;462.11;41.34;13.89;760.20;1.37;1.60;2.19
18.12.2020;14:11:59;497.58;41.37;13.88;760.19;1.46;1.75;2.55
18.12.2020;14:12:59;531.14;41.36;13.88;760.19;1.56;1.90;2.96
18.12.2020;14:13:59;545.21;41.39;13.87;760.18;1.60;1.99;3.19
18.12.2020;14:14:59;533.43;41.40;13.86;760.17;1.56;1.91;2.97
18.12.2020;14:15:59;526.65;41.39;13.86;760.17;1.53;1.87;2.86
18.12.2020;14:16:59;520.64;41.37;13.86;760.16;1.53;1.86;2.84
18.12.2020;14:17:59;510.61;41.39;13.85;760.17;1.50;1.81;2.71
18.12.2020;14:18:59;505.56;41.40;13.84;760.17;1.50;1.80;2.69
18.12.2020;14:19:59;513.55;41.41;13.83;760.16;1.52;1.85;2.81
18.12.2020;14:20:59;517.22;41.45;13.82;760.15;1.53;1.87;2.87
18.12.2020;14:21:59;513.43;41.48;13.81;760.14;1.53;1.83;2.80
18.12.2020;14:22:59;516.32;41.49;13.81;760.14;1.54;1.88;2.89
18.12.2020;14:23:59;509.46;41.50;13.81;760.15;1.53;1.86;2.85
18.12.2020;14:24:59;481.10;41.52;13.80;760.14;1.46;1.74;2.54
18.12.2020;14:25:59;458.93;41.53;13.80;760.15;1.40;1.63;2.28
18.12.2020;14:26:59;426.45;41.53;13.79;760.14;1.31;1.50;1.97
18.12.2020;14:27:59;365.22;41.56;13.77;760.14;1.13;1.19;1.34
18.12.2020;14:28:59;321.36;41.58;13.75;760.13;0.97;0.93;0.90
18.12.2020;14:29:59;295.67;41.65;13.72;760.12;0.85;0.73;0.62
18.12.2020;14:30:59;281.97;41.67;13.69;760.10;0.79;0.62;0.49
18.12.2020;14:32:00;273.19;41.75;13.67;760.10;0.76;0.58;0.44
18.12.2020;14:33:00;283.49;41.79;13.65;760.11;0.77;0.60;0.47
18.12.2020;14:34:00;279.82;41.85;13.64;760.12;0.75;0.56;0.42
18.12.2020;14:35:00;277.29;41.87;13.63;760.11;0.74;0.54;0.40
18.12.2020;14:36:00;263.13;41.90;13.61;760.11;0.70;0.49;0.34
18.12.2020;14:37:00;258.93;41.94;13.59;760.11;0.71;0.48;0.34
18.12.2020;14:38:00;287.94;41.97;13.59;760.10;0.82;0.68;0.55
18.12.2020;14:39:00;358.45;42.00;13.58;760.09;1.06;1.08;1.14
18.12.2020;14:40:00;442.00;42.02;13.60;760.09;1.33;1.52;2.03
18.12.2020;14:41:00;515.54;42.00;13.62;760.10;1.58;1.94;3.07
18.12.2020;14:42:00;561.92;41.96;13.64;760.10;1.74;2.19;3.80
18.12.2020;14:43:00;543.33;41.93;13.66;760.09;1.69;2.12;3.59
18.12.2020;14:44:00;489.41;41.89;13.66;760.07;1.55;1.88;2.91
18.12.2020;14:45:00;471.33;41.87;13.67;760.07;1.51;1.82;2.76
18.12.2020;14:46:00;454.31;41.83;13.67;760.06;1.47;1.76;2.59
18.12.2020;14:47:00;423.49;41.84;13.67;760.05;1.38;1.62;2.23
18.12.2020;14:48:00;367.38;41.85;13.66;760.06;1.20;1.31;1.58
18.12.2020;14:49:00;293.45;41.87;13.64;760.08;0.95;0.90;0.86
18.12.2020;14:50:00;248.06;41.90;13.62;760.09;0.80;0.65;0.52
18.12.2020;14:51:00;234.07;41.91;13.60;760.10;0.76;0.58;0.44
18.12.2020;14:52:00;226.61;41.95;13.58;760.09;0.73;0.52;0.38
18.12.2020;14:53:00;191.36;41.96;13.56;760.09;0.60;0.32;0.19
18.12.2020;14:54:00;151.56;42.03;13.53;760.10;0.44;0.05;0.02
18.12.2020;14:55:00;140.74;42.08;13.50;760.10;0.39;-0.00;-0.00
18.12.2020;14:56:00;134.17;42.14;13.48;760.11;0.37;0.00;0.00
18.12.2020;14:57:00;134.18;42.18;13.46;760.13;0.38;0.00;0.00
18.12.2020;14:58:00;145.51;42.23;13.45;760.13;0.43;0.04;0.02
18.12.2020;14:59:01;159.58;42.27;13.43;760.13;0.49;0.13;0.07
18.12.2020;15:00:01;147.04;42.27;13.42;760.13;0.44;0.05;0.02
18.12.2020;15:01:01;141.88;42.34;13.42;760.13;0.42;0.02;0.01
18.12.2020;15:02:01;143.54;42.34;13.41;760.14;0.43;0.01;0.01
18.12.2020;15:03:01;142.29;42.38;13.39;760.13;0.43;0.01;0.00
18.12.2020;15:04:01;127.81;42.39;13.38;760.12;0.37;0.00;0.00
18.12.2020;15:05:01;104.90;42.47;13.37;760.14;0.28;0.00;0.00
18.12.2020;15:06:01;88.50;42.47;13.35;760.15;0.21;0.00;0.00
18.12.2020;15:07:01;92.82;42.51;13.34;760.15;0.22;0.00;0.00
18.12.2020;15:08:01;110.89;42.52;13.34;760.15;0.29;0.00;0.00
18.12.2020;15:09:01;119.93;42.54;13.33;760.16;0.34;0.00;0.00
18.12.2020;15:10:01;113.79;42.59;13.32;760.15;0.32;0.00;0.00
18.12.2020;15:11:01;112.72;42.60;13.32;760.16;0.32;0.00;0.00
18.12.2020;15:12:01;103.18;42.63;13.31;760.17;0.29;0.00;0.00
18.12.2020;15:13:01;88.97;42.64;13.31;760.18;0.24;0.00;0.00
18.12.2020;15:14:01;91.72;42.63;13.30;760.17;0.25;0.00;0.00
18.12.2020;15:15:01;101.57;42.65;13.30;760.15;0.28;0.00;0.00
18.12.2020;15:16:01;91.69;42.69;13.29;760.15;0.25;0.00;0.00
18.12.2020;15:17:01;84.61;42.69;13.29;760.16;0.23;0.00;0.00
18.12.2020;15:18:01;84.03;42.69;13.28;760.17;0.23;0.00;0.00
18.12.2020;15:19:01;82.19;42.70;13.28;760.17;0.23;0.00;0.00
18.12.2020;15:20:01;80.31;42.69;13.28;760.16;0.23;0.00;0.00
18.12.2020;15:21:01;81.44;42.72;13.27;760.16;0.23;0.00;0.00
18.12.2020;15:22:01;80.22;42.71;13.27;760.16;0.23;0.00;0.00
18.12.2020;15:23:01;83.22;42.73;13.26;760.16;0.24;0.00;0.00
18.12.2020;15:24:01;81.60;42.71;13.26;760.16;0.23;0.00;0.00
18.12.2020;15:25:01;75.22;42.76;13.26;760.17;0.21;0.00;0.00
18.12.2020;15:26:01;76.81;42.76;13.25;760.15;0.22;0.00;0.00
18.12.2020;15:27:02;75.81;42.76;13.24;760.16;0.22;0.00;0.00
18.12.2020;15:28:02;75.39;42.76;13.24;760.16;0.21;0.00;0.00
18.12.2020;15:29:02;68.26;42.76;13.23;760.16;0.19;0.00;0.00
18.12.2020;15:30:02;64.22;42.80;13.22;760.15;0.17;0.00;0.00
18.12.2020;15:31:02;56.72;42.82;13.21;760.15;0.14;0.00;0.00
18.12.2020;15:32:02;57.84;42.85;13.20;760.15;0.15;0.00;0.00
18.12.2020;15:33:02;55.56;42.84;13.20;760.14;0.14;0.00;0.00
18.12.2020;15:34:02;49.68;42.85;13.21;760.14;0.11;0.00;0.00
18.12.2020;15:35:02;46.47;42.82;13.21;760.15;0.10;0.00;0.00
18.12.2020;15:36:02;45.57;42.86;13.20;760.14;0.10;0.00;0.00
18.12.2020;15:37:02;48.72;42.89;13.18;760.13;0.11;0.00;0.00
18.12.2020;15:38:02;48.97;42.89;13.19;760.13;0.11;0.00;0.00
18.12.2020;15:39:02;44.65;42.89;13.18;760.13;0.09;0.00;0.00
18.12.2020;15:40:02;41.14;42.93;13.18;760.13;0.08;0.00;0.00
18.12.2020;15:41:02;36.16;42.94;13.18;760.13;0.06;0.00;0.00
18.12.2020;15:42:02;34.24;42.92;13.16;760.13;0.05;0.00;0.00
18.12.2020;15:43:02;33.11;42.97;13.16;760.13;0.05;0.00;0.00
18.12.2020;15:44:02;33.33;43.00;13.16;760.15;0.05;0.00;0.00
18.12.2020;15:45:02;32.33;42.99;13.16;760.15;0.05;0.00;0.00
18.12.2020;15:46:02;28.64;43.00;13.15;760.14;0.03;0.00;0.00
18.12.2020;15:47:02;26.00;43.03;13.14;760.15;0.03;0.00;0.00
18.12.2020;15:48:02;25.86;43.07;13.13;760.15;0.03;0.00;0.00
18.12.2020;15:49:02;26.23;43.06;13.13;760.15;0.03;0.00;0.00
18.12.2020;15:50:02;23.64;43.07;13.13;760.16;0.02;0.00;0.00
18.12.2020;15:51:02;20.79;43.09;13.13;760.16;0.01;0.00;0.00
18.12.2020;15:52:02;19.90;43.10;13.12;760.17;0.00;0.00;0.00
18.12.2020;15:53:02;18.43;43.08;13.12;760.17;0.00;0.00;0.00
18.12.2020;15:54:02;18.01;43.09;13.11;760.16;0.00;0.00;0.00
18.12.2020;15:55:02;17.73;43.08;13.11;760.15;0.00;0.00;0.00
18.12.2020;15:56:03;15.78;43.11;13.12;760.15;0.00;0.00;0.00
18.12.2020;15:57:03;14.01;43.09;13.12;760.15;0.00;0.00;0.00
18.12.2020;15:58:03;13.32;43.07;13.12;760.14;0.00;0.00;0.00
18.12.2020;15:59:03;13.08;43.08;13.12;760.13;0.00;0.00;0.00
18.12.2020;16:00:03;12.68;43.10;13.11;760.12;0.00;0.00;0.00
18.12.2020;16:01:03;12.14;43.11;13.11;760.11;0.00;0.00;0.00
18.12.2020;16:02:03;10.90;43.11;13.11;760.11;0.00;0.00;0.00
18.12.2020;16:03:03;9.52;43.10;13.11;760.12;0.00;0.00;0.00
18.12.2020;16:04:03;9.18;43.07;13.11;760.12;0.00;0.00;0.00
18.12.2020;16:05:03;9.17;43.08;13.10;760.11;0.00;0.00;0.00
18.12.2020;16:06:03;9.15;43.10;13.10;760.09;0.00;0.00;0.00
18.12.2020;16:07:03;8.54;43.08;13.09;760.08;0.00;0.00;0.00
18.12.2020;16:08:03;7.79;43.09;13.09;760.09;0.00;0.00;0.00
18.12.2020;16:09:03;6.89;43.11;13.08;760.10;0.00;0.00;0.00
18.12.2020;16:10:03;6.68;43.10;13.08;760.11;0.00;0.00;0.00
18.12.2020;16:11:03;6.67;43.07;13.08;760.10;0.00;0.00;0.00
18.12.2020;16:12:03;6.37;43.11;13.08;760.09;0.00;0.00;0.00
18.12.2020;16:13:03;5.82;43.12;13.06;760.08;0.00;0.00;0.00
18.12.2020;16:14:03;5.03;43.15;13.06;760.08;0.00;0.00;0.00
18.12.2020;16:15:03;5.00;43.12;13.05;760.08;0.00;0.00;0.00
18.12.2020;16:16:03;5.00;43.14;13.05;760.08;0.00;0.00;0.00
18.12.2020;16:17:03;4.96;43.18;13.05;760.09;0.00;0.00;0.00
18.12.2020;16:18:03;4.22;43.19;13.04;760.08;0.00;0.00;0.00
18.12.2020;16:19:03;4.17;43.21;13.04;760.08;0.00;0.00;0.00
18.12.2020;16:20:03;4.17;43.24;13.05;760.08;0.00;0.00;0.00
18.12.2020;16:21:03;4.19;43.20;13.06;760.08;0.00;0.00;0.00
18.12.2020;16:22:03;3.85;43.17;13.06;760.08;0.00;0.00;0.00
18.12.2020;16:23:03;3.33;43.17;13.06;760.09;0.00;0.00;0.00
18.12.2020;16:24:03;3.35;43.19;13.05;760.09;0.00;0.00;0.00
18.12.2020;16:25:03;3.33;43.21;13.05;760.09;0.00;0.00;0.00
18.12.2020;16:26:03;3.33;43.19;13.05;760.09;0.00;0.00;0.00
18.12.2020;16:27:04;3.33;43.21;13.05;760.07;0.00;0.00;0.00
18.12.2020;16:28:04;3.33;43.20;13.05;760.05;0.00;0.00;0.00
18.12.2020;16:29:04;3.33;43.20;13.05;760.05;0.00;0.00;0.00
18.12.2020;16:30:04;3.33;43.21;13.04;760.05;0.00;0.00;0.00
18.12.2020;16:31:04;3.33;43.21;13.04;760.04;0.00;0.00;0.00
18.12.2020;16:32:04;3.35;43.23;13.04;760.04;0.00;0.00;0.00
18.12.2020;16:33:04;3.33;43.23;13.04;760.04;0.00;0.00;0.00
18.12.2020;16:34:04;3.33;43.21;13.04;760.06;0.00;0.00;0.00
18.12.2020;16:35:04;3.36;43.20;13.04;760.07;0.00;0.00;0.00
18.12.2020;16:36:04;3.33;43.19;13.03;760.07;0.00;0.00;0.00
18.12.2020;16:37:04;3.33;43.24;13.03;760.07;0.00;0.00;0.00
18.12.2020;16:38:04;3.35;43.21;13.03;760.07;0.00;0.00;0.00
18.12.2020;16:39:04;3.33;43.20;13.03;760.07;0.00;0.00;0.00
18.12.2020;16:40:04;3.33;43.20;13.03;760.06;0.00;0.00;0.00
18.12.2020;16:41:04;3.33;43.22;13.03;760.05;0.00;0.00;0.00
18.12.2020;16:42:04;3.33;43.24;13.02;760.05;0.00;0.00;0.00
18.12.2020;16:43:04;3.33;43.24;13.03;760.06;0.00;0.00;0.00
18.12.2020;16:44:04;3.33;43.19;13.03;760.05;0.00;0.00;0.00
18.12.2020;16:45:04;3.33;43.17;13.03;760.05;0.00;0.00;0.00
18.12.2020;16:46:04;3.35;43.19;13.03;760.05;0.00;0.00;0.00
18.12.2020;16:47:04;3.33;43.16;13.02;760.05;0.00;0.00;0.00
18.12.2020;16:48:04;3.33;43.21;13.02;760.05;0.00;0.00;0.00
18.12.2020;16:49:04;3.36;43.25;13.02;760.04;0.00;0.00;0.00
18.12.2020;16:50:04;3.33;43.22;13.02;760.05;0.00;0.00;0.00
18.12.2020;16:51:04;3.33;43.20;13.02;760.05;0.00;0.00;0.00
18.12.2020;16:52:04;3.35;43.21;13.02;760.05;0.00;0.00;0.00
18.12.2020;16:53:04;3.33;43.23;13.01;760.06;0.00;0.00;0.00
18.12.2020;16:54:04;3.33;43.24;13.01;760.04;0.00;0.00;0.00
18.12.2020;16:55:04;3.33;43.25;13.01;760.04;0.00;0.00;0.00
18.12.2020;16:56:04;3.33;43.26;13.01;760.04;0.00;0.00;0.00
18.12.2020;16:57:04;3.33;43.26;13.01;760.04;0.00;0.00;0.00
18.12.2020;16:58:05;3.33;43.28;13.01;760.05;0.00;0.00;0.00
18.12.2020;16:59:05;3.33;43.26;13.02;760.04;0.00;0.00;0.00
18.12.2020;17:00:05;3.35;43.25;13.03;760.03;0.00;0.00;0.00
18.12.2020;17:01:05;3.33;43.27;13.02;760.02;0.00;0.00;0.00
18.12.2020;17:02:05;3.33;43.25;13.02;760.03;0.00;0.00;0.00
18.12.2020;17:03:05;3.36;43.27;13.02;760.02;0.00;0.00;0.00
18.12.2020;17:04:05;3.33;43.26;13.02;760.02;0.00;0.00;0.00
18.12.2020;17:05:05;3.33;43.25;13.02;760.02;0.00;0.00;0.00
18.12.2020;17:06:05;3.35;43.26;13.02;760.02;0.00;0.00;0.00
18.12.2020;17:07:05;3.33;43.26;13.02;760.01;0.00;0.00;0.00
18.12.2020;17:08:05;3.33;43.27;13.03;760.01;0.00;0.00;0.00
18.12.2020;17:09:05;3.33;43.25;13.04;760.01;0.00;0.00;0.00
18.12.2020;17:10:05;3.33;43.25;13.03;760.01;0.00;0.00;0.00
18.12.2020;17:11:05;3.33;43.25;13.03;760.00;0.00;0.00;0.00
18.12.2020;17:12:05;3.33;43.23;13.04;759.99;0.00;0.00;0.00
18.12.2020;17:13:05;3.33;43.24;13.04;760.00;0.00;0.00;0.00
18.12.2020;17:14:05;3.35;43.21;13.03;760.00;0.00;0.00;0.00
18.12.2020;17:15:05;3.33;43.20;13.03;760.00;0.00;0.00;0.00
18.12.2020;17:16:05;3.33;43.22;13.03;759.99;0.00;0.00;0.00
18.12.2020;17:17:05;3.36;43.21;13.03;759.98;0.00;0.00;0.00
18.12.2020;17:18:05;3.33;43.22;13.03;759.98;0.00;0.00;0.00
18.12.2020;17:19:05;3.33;43.22;13.03;759.98;0.00;0.00;0.00
18.12.2020;17:20:05;3.35;43.23;13.03;759.99;0.00;0.00;0.00
18.12.2020;17:21:05;3.33;43.23;13.02;760.00;0.00;0.00;0.00
18.12.2020;17:22:05;3.33;43.20;13.03;759.99;0.00;0.00;0.00
18.12.2020;17:23:05;3.33;43.20;13.03;759.99;0.00;0.00;0.00
18.12.2020;17:24:05;3.33;43.21;13.02;760.00;0.00;0.00;0.00
18.12.2020;17:25:05;3.33;43.23;13.02;759.99;0.00;0.00;0.00
18.12.2020;17:26:05;3.33;43.23;13.01;759.97;0.00;0.00;0.00
18.12.2020;17:27:05;3.33;43.24;13.02;759.97;0.00;0.00;0.00
18.12.2020;17:28:05;3.35;43.25;13.01;759.96;0.00;0.00;0.00
18.12.2020;17:29:06;3.33;43.25;13.01;759.96;0.00;0.00;0.00
18.12.2020;17:30:06;3.33;43.25;13.02;759.95;0.00;0.00;0.00
18.12.2020;17:31:06;3.36;43.28;13.01;759.94;0.00;0.00;0.00
18.12.2020;17:32:06;3.33;43.25;13.02;759.94;0.00;0.00;0.00
18.12.2020;17:33:06;3.33;43.25;13.02;759.93;0.00;0.00;0.00
18.12.2020;17:34:06;3.35;43.25;13.02;759.93;0.00;0.00;0.00
18.12.2020;17:35:06;3.33;43.25;13.02;759.93;0.00;0.00;0.00
18.12.2020;17:36:06;3.33;43.27;13.01;759.93;0.00;0.00;0.00
18.12.2020;17:37:06;3.33;43.25;13.02;759.92;0.00;0.00;0.00
18.12.2020;17:38:06;3.33;43.26;13.02;759.91;0.00;0.00;0.00
18.12.2020;17:39:06;3.33;43.24;13.02;759.91;0.00;0.00;0.00
18.12.2020;17:40:06;3.33;43.25;13.02;759.91;0.00;0.00;0.00
18.12.2020;17:41:06;3.33;43.23;13.03;759.92;0.00;0.00;0.00
18.12.2020;17:42:06;3.35;43.20;13.03;759.91;0.00;0.00;0.00
18.12.2020;17:43:06;3.33;43.26;13.02;759.91;0.00;0.00;0.00
18.12.2020;17:44:06;3.33;43.24;13.02;759.90;0.00;0.00;0.00
18.12.2020;17:45:06;3.36;43.24;13.03;759.89;0.00;0.00;0.00
18.12.2020;17:46:06;3.33;43.22;13.03;759.88;0.00;0.00;0.00
18.12.2020;17:47:06;3.33;43.23;13.02;759.87;0.00;0.00;0.00
18.12.2020;17:48:06;3.35;43.24;13.02;759.86;0.00;0.00;0.00
18.12.2020;17:49:06;3.33;43.22;13.02;759.86;0.00;0.00;0.00
18.12.2020;17:50:06;3.33;43.23;13.02;759.86;0.00;0.00;0.00
18.12.2020;17:51:06;3.33;43.25;13.02;759.86;0.00;0.00;0.00
18.12.2020;17:52:06;3.33;43.23;13.02;759.86;0.00;0.00;0.00
18.12.2020;17:53:06;3.33;43.19;13.02;759.86;0.00;0.00;0.00
18.12.2020;17:54:06;3.33;43.20;13.02;759.85;0.00;0.00;0.00
18.12.2020;17:55:06;3.33;43.21;13.02;759.84;0.00;0.00;0.00
18.12.2020;17:56:06;3.35;43.20;13.02;759.84;0.00;0.00;0.00
18.12.2020;17:57:06;3.33;43.21;13.01;759.83;0.00;0.00;0.00
18.12.2020;17:58:06;3.33;43.21;13.01;759.82;0.00;0.00;0.00
18.12.2020;17:59:06;3.36;43.22;13.00;759.80;0.00;0.00;0.00
18.12.2020;18:00:07;3.33;43.23;13.00;759.80;0.00;0.00;0.00
18.12.2020;18:01:07;3.33;43.21;13.00;759.80;0.00;0.00;0.00
18.12.2020;18:02:07;3.35;43.24;13.00;759.80;0.00;0.00;0.00
18.12.2020;18:03:07;3.33;43.25;13.00;759.80;0.00;0.00;0.00
18.12.2020;18:04:07;3.33;43.23;13.00;759.79;0.00;0.00;0.00
18.12.2020;18:05:07;3.33;43.24;13.00;759.78;0.00;0.00;0.00
18.12.2020;18:06:07;3.33;43.25;12.99;759.79;0.00;0.00;0.00
18.12.2020;18:07:07;3.33;43.26;12.99;759.80;0.00;0.00;0.00
18.12.2020;18:08:07;3.33;43.28;12.98;759.80;0.00;0.00;0.00
18.12.2020;18:09:07;3.33;43.29;12.98;759.79;0.00;0.00;0.00
18.12.2020;18:10:07;3.35;43.31;12.98;759.77;0.00;0.00;0.00
18.12.2020;18:11:07;3.33;43.32;12.98;759.76;0.00;0.00;0.00
18.12.2020;18:12:07;3.33;43.31;12.98;759.75;0.00;0.00;0.00
18.12.2020;18:13:07;3.36;43.31;12.98;759.76;0.00;0.00;0.00
18.12.2020;18:14:07;3.33;43.32;12.98;759.76;0.00;0.00;0.00
18.12.2020;18:15:07;3.33;43.32;12.98;759.77;0.00;0.00;0.00
18.12.2020;18:16:07;3.35;43.32;12.98;759.77;0.00;0.00;0.00
18.12.2020;18:17:07;3.33;43.36;12.98;759.77;0.00;0.00;0.00
18.12.2020;18:18:07;3.33;43.34;12.98;759.75;0.00;0.00;0.00
18.12.2020;18:19:07;3.33;43.34;12.98;759.75;0.00;0.00;0.00
18.12.2020;18:20:07;3.33;43.35;12.98;759.75;0.00;0.00;0.00
18.12.2020;18:21:07;3.33;43.34;12.99;759.75;0.00;0.00;0.00
18.12.2020;18:22:07;3.33;43.33;13.00;759.76;0.00;0.00;0.00
18.12.2020;18:23:07;3.33;43.30;13.00;759.76;0.00;0.00;0.00
18.12.2020;18:24:07;3.35;43.32;13.00;759.76;0.00;0.00;0.00
18.12.2020;18:25:07;3.33;43.32;13.00;759.73;0.00;0.00;0.00
18.12.2020;18:26:07;3.33;43.31;13.01;759.72;0.00;0.00;0.00
18.12.2020;18:27:07;3.36;43.28;13.02;759.73;0.00;0.00;0.00
18.12.2020;18:28:07;3.33;43.29;13.01;759.71;0.00;0.00;0.00
18.12.2020;18:29:07;3.33;43.28;13.01;759.71;0.00;0.00;0.00
18.12.2020;18:30:07;3.35;43.24;13.01;759.72;0.00;0.00;0.00
18.12.2020;18:31:08;3.33;43.24;13.01;759.73;0.00;0.00;0.00
18.12.2020;18:32:08;3.33;43.23;13.01;759.74;0.00;0.00;0.00
18.12.2020;18:33:08;3.33;43.22;13.02;759.73;0.00;0.00;0.00
18.12.2020;18:34:08;3.33;43.22;13.01;759.72;0.00;0.00;0.00
18.12.2020;18:35:08;3.33;43.23;13.02;759.70;0.00;0.00;0.00
18.12.2020;18:36:08;3.33;43.21;13.02;759.69;0.00;0.00;0.00
18.12.2020;18:37:08;3.33;43.19;13.02;759.69;0.00;0.00;0.00
18.12.2020;18:38:08;3.35;43.20;13.02;759.69;0.00;0.00;0.00
18.12.2020;18:39:08;3.33;43.22;13.02;759.69;0.00;0.00;0.00
18.12.2020;18:40:08;3.33;43.20;13.01;759.68;0.00;0.00;0.00
18.12.2020;18:41:08;3.36;43.19;13.01;759.65;0.00;0.00;0.00
18.12.2020;18:42:08;3.33;43.21;13.01;759.65;0.00;0.00;0.00
18.12.2020;18:43:08;3.33;43.22;13.01;759.65;0.00;0.00;0.00
18.12.2020;18:44:08;3.35;43.22;13.02;759.66;0.00;0.00;0.00
18.12.2020;18:45:08;3.33;43.23;13.01;759.65;0.00;0.00;0.00
18.12.2020;18:46:08;3.33;43.25;13.01;759.65;0.00;0.00;0.00
18.12.2020;18:47:08;3.33;43.25;13.00;759.66;0.00;0.00;0.00
18.12.2020;18:48:08;3.33;43.25;13.00;759.66;0.00;0.00;0.00
18.12.2020;18:49:08;3.33;43.25;13.01;759.66;0.00;0.00;0.00
18.12.2020;18:50:08;3.33;43.24;13.00;759.67;0.00;0.00;0.00
18.12.2020;18:51:08;3.33;43.24;13.01;759.68;0.00;0.00;0.00
18.12.2020;18:52:08;3.35;43.24;13.00;759.69;0.00;0.00;0.00
18.12.2020;18:53:08;3.33;43.21;12.99;759.69;0.00;0.00;0.00
18.12.2020;18:54:08;3.33;43.27;12.99;759.68;0.00;0.00;0.00
18.12.2020;18:55:08;3.36;43.27;12.99;759.68;0.00;0.00;0.00
18.12.2020;18:56:08;3.33;43.28;12.99;759.70;0.00;0.00;0.00
18.12.2020;18:57:08;3.33;43.30;12.99;759.72;0.00;0.00;0.00
18.12.2020;18:58:08;3.35;43.31;12.99;759.74;0.00;0.00;0.00
18.12.2020;18:59:08;3.33;43.28;13.00;759.73;0.00;0.00;0.00
18.12.2020;19:00:08;3.33;43.29;13.00;759.74;0.00;0.00;0.00
18.12.2020;19:01:08;3.33;43.27;13.00;759.73;0.00;0.00;0.00
18.12.2020;19:02:09;3.33;43.26;12.99;759.74;0.00;0.00;0.00
18.12.2020;19:03:09;3.33;43.26;12.99;759.76;0.00;0.00;0.00
18.12.2020;19:04:09;3.33;43.27;12.99;759.76;0.00;0.00;0.00
18.12.2020;19:05:09;3.33;43.27;12.99;759.76;0.00;0.00;0.00
18.12.2020;19:06:09;3.35;43.26;12.99;759.77;0.00;0.00;0.00
18.12.2020;19:07:09;3.33;43.23;12.99;759.78;0.00;0.00;0.00
18.12.2020;19:08:09;3.33;43.26;12.99;759.80;0.00;0.00;0.00
18.12.2020;19:09:09;3.36;43.26;12.99;759.79;0.00;0.00;0.00
18.12.2020;19:10:09;3.33;43.28;12.99;759.79;0.00;0.00;0.00
18.12.2020;19:11:09;3.33;43.26;12.99;759.78;0.00;0.00;0.00
18.12.2020;19:12:09;3.35;43.23;13.00;759.77;0.00;0.00;0.00
18.12.2020;19:13:09;3.33;43.24;13.00;759.77;0.00;0.00;0.00
18.12.2020;19:14:09;3.33;43.22;13.00;759.77;0.00;0.00;0.00
18.12.2020;19:15:09;3.33;43.19;13.00;759.77;0.00;0.00;0.00
18.12.2020;19:16:09;3.33;43.24;13.00;759.78;0.00;0.00;0.00
18.12.2020;19:17:09;3.33;43.22;13.00;759.78;0.00;0.00;0.00
18.12.2020;19:18:09;3.33;43.24;13.00;759.78;0.00;0.00;0.00
18.12.2020;19:19:09;3.33;43.24;13.00;759.80;0.00;0.00;0.00
18.12.2020;19:20:09;3.35;43.25;13.00;759.79;0.00;0.00;0.00
18.12.2020;19:21:09;3.33;43.25;13.00;759.80;0.00;0.00;0.00
18.12.2020;19:22:09;3.33;43.24;13.00;759.80;0.00;0.00;0.00
18.12.2020;19:23:09;3.36;43.29;13.00;759.80;0.00;0.00;0.00
18.12.2020;19:24:09;3.33;43.26;13.01;759.78;0.00;0.00;0.00
18.12.2020;19:25:09;3.33;43.24;13.01;759.78;0.00;0.00;0.00
18.12.2020;19:26:09;3.35;43.21;13.01;759.79;0.00;0.00;0.00
18.12.2020;19:27:09;3.33;43.23;13.01;759.81;0.00;0.00;0.00
18.12.2020;19:28:09;3.33;43.23;13.00;759.82;0.00;0.00;0.00
18.12.2020;19:29:09;3.33;43.23;13.01;759.84;0.00;0.00;0.00
18.12.2020;19:30:09;3.33;43.28;13.01;759.84;0.00;0.00;0.00
18.12.2020;19:31:09;3.33;43.26;13.02;759.84;0.00;0.00;0.00
18.12.2020;19:32:09;3.33;43.25;13.02;759.83;0.00;0.00;0.00
18.12.2020;19:33:10;3.33;43.22;13.01;759.83;0.00;0.00;0.00
18.12.2020;19:34:10;3.35;43.24;13.02;759.84;0.00;0.00;0.00
18.12.2020;19:35:10;3.33;43.26;13.01;759.84;0.00;0.00;0.00
18.12.2020;19:36:10;3.33;43.25;13.02;759.83;0.00;0.00;0.00
18.12.2020;19:37:10;3.36;43.22;13.02;759.84;0.00;0.00;0.00
18.12.2020;19:38:10;3.33;43.20;13.02;759.83;0.00;0.00;0.00
18.12.2020;19:39:10;3.33;43.22;13.02;759.82;0.00;0.00;0.00
18.12.2020;19:40:10;3.35;43.21;13.02;759.82;0.00;0.00;0.00
18.12.2020;19:41:10;3.33;43.23;13.02;759.83;0.00;0.00;0.00
18.12.2020;19:42:10;3.33;43.21;13.03;759.83;0.00;0.00;0.00
18.12.2020;19:43:10;3.33;43.20;13.03;759.82;0.00;0.00;0.00
18.12.2020;19:44:10;3.33;43.17;13.03;759.82;0.00;0.00;0.00
18.12.2020;19:45:10;3.33;43.17;13.04;759.83;0.00;0.00;0.00
18.12.2020;19:46:10;3.33;43.16;13.03;759.83;0.00;0.00;0.00
18.12.2020;19:47:10;3.33;43.15;13.03;759.83;0.00;0.00;0.00
18.12.2020;19:48:10;3.35;43.15;13.04;759.83;0.00;0.00;0.00
18.12.2020;19:49:10;3.33;43.14;13.03;759.84;0.00;0.00;0.00
18.12.2020;19:50:10;3.33;43.15;13.03;759.83;0.00;0.00;0.00
18.12.2020;19:51:10;3.36;43.15;13.03;759.83;0.00;0.00;0.00
18.12.2020;19:52:10;3.33;43.16;13.02;759.82;0.00;0.00;0.00
18.12.2020;19:53:10;3.33;43.13;13.02;759.81;0.00;0.00;0.00
18.12.2020;19:54:10;3.35;43.13;13.02;759.79;0.00;0.00;0.00
18.12.2020;19:55:10;3.33;43.13;13.02;759.78;0.00;0.00;0.00
18.12.2020;19:56:10;3.33;43.16;13.01;759.77;0.00;0.00;0.00
18.12.2020;19:57:10;3.33;43.21;13.01;759.75;0.00;0.00;0.00
18.12.2020;19:58:10;3.33;43.20;13.01;759.74;0.00;0.00;0.00
18.12.2020;19:59:10;3.33;43.18;13.01;759.74;0.00;0.00;0.00
18.12.2020;20:00:10;3.33;43.17;13.01;759.73;0.00;0.00;0.00
18.12.2020;20:01:10;3.33;43.22;13.01;759.71;0.00;0.00;0.00
18.12.2020;20:02:10;3.35;43.17;13.02;759.72;0.00;0.00;0.00
18.12.2020;20:03:10;3.33;43.17;13.02;759.72;0.00;0.00;0.00
18.12.2020;20:04:10;3.33;43.21;13.02;759.72;0.00;0.00;0.00
18.12.2020;20:05:11;3.36;43.15;13.03;759.73;0.00;0.00;0.00
18.12.2020;20:06:11;3.33;43.16;13.04;759.73;0.00;0.00;0.00
18.12.2020;20:07:11;3.33;43.13;13.04;759.72;0.00;0.00;0.00
18.12.2020;20:08:11;3.35;43.15;13.04;759.71;0.00;0.00;0.00
18.12.2020;20:09:11;3.33;43.15;13.04;759.70;0.00;0.00;0.00
18.12.2020;20:10:11;3.33;43.13;13.05;759.70;0.00;0.00;0.00
18.12.2020;20:11:11;3.33;43.11;13.04;759.70;0.00;0.00;0.00
18.12.2020;20:12:11;3.33;43.12;13.04;759.70;0.00;0.00;0.00
18.12.2020;20:13:11;3.33;43.13;13.04;759.69;0.00;0.00;0.00
18.12.2020;20:14:11;3.33;43.09;13.05;759.69;0.00;0.00;0.00
18.12.2020;20:15:11;3.33;43.06;13.06;759.70;0.00;0.00;0.00
18.12.2020;20:16:11;3.35;43.08;13.06;759.70;0.00;0.00;0.00
18.12.2020;20:17:11;3.33;43.08;13.06;759.70;0.00;0.00;0.00
18.12.2020;20:18:11;3.33;43.09;13.06;759.69;0.00;0.00;0.00
18.12.2020;20:19:11;3.36;43.08;13.05;759.68;0.00;0.00;0.00
18.12.2020;20:20:11;3.33;43.08;13.05;759.68;0.00;0.00;0.00
18.12.2020;20:21:11;3.33;43.09;13.06;759.69;0.00;0.00;0.00
18.12.2020;20:22:11;3.35;43.07;13.05;759.68;0.00;0.00;0.00
18.12.2020;20:23:11;3.33;43.05;13.05;759.67;0.00;0.00;0.00
18.12.2020;20:24:11;3.33;43.06;13.04;759.66;0.00;0.00;0.00
18.12.2020;20:25:11;3.33;43.09;13.04;759.65;0.00;0.00;0.00
18.12.2020;20:26:11;3.33;43.09;13.05;759.65;0.00;0.00;0.00
18.12.2020;20:27:11;3.33;43.06;13.05;759.65;0.00;0.00;0.00
18.12.2020;20:28:11;3.33;43.03;13.05;759.64;0.00;0.00;0.00
18.12.2020;20:29:11;3.33;43.05;13.04;759.63;0.00;0.00;0.00
18.12.2020;20:30:11;3.35;43.05;13.04;759.63;0.00;0.00;0.00
18.12.2020;20:31:11;3.33;43.08;13.03;759.63;0.00;0.00;0.00
18.12.2020;20:32:11;3.33;43.07;13.03;759.62;0.00;0.00;0.00
18.12.2020;20:33:11;3.36;43.08;13.03;759.60;0.00;0.00;0.00
18.12.2020;20:34:11;3.33;43.10;13.02;759.60;0.00;0.00;0.00
18.12.2020;20:35:12;3.33;43.11;13.03;759.58;0.00;0.00;0.00
18.12.2020;20:36:12;3.35;43.07;13.04;759.57;0.00;0.00;0.00
18.12.2020;20:37:12;3.33;43.10;13.04;759.55;0.00;0.00;0.00
18.12.2020;20:38:12;3.33;43.08;13.05;759.55;0.00;0.00;0.00
18.12.2020;20:39:12;3.33;43.08;13.04;759.54;0.00;0.00;0.00
18.12.2020;20:40:12;3.33;43.08;13.04;759.53;0.00;0.00;0.00
18.12.2020;20:41:12;3.33;43.08;13.03;759.53;0.00;0.00;0.00
18.12.2020;20:42:12;3.33;43.10;13.03;759.53;0.00;0.00;0.00
18.12.2020;20:43:12;3.33;43.13;13.03;759.53;0.00;0.00;0.00
18.12.2020;20:44:12;3.35;43.14;13.03;759.52;0.00;0.00;0.00
18.12.2020;20:45:12;3.33;43.12;13.03;759.52;0.00;0.00;0.00
18.12.2020;20:46:12;3.33;43.17;13.03;759.51;0.00;0.00;0.00
18.12.2020;20:47:12;3.36;43.16;13.03;759.49;0.00;0.00;0.00
18.12.2020;20:48:12;3.33;43.14;13.04;759.47;0.00;0.00;0.00
18.12.2020;20:49:12;3.33;43.14;13.03;759.47;0.00;0.00;0.00
18.12.2020;20:50:12;3.35;43.15;13.03;759.45;0.00;0.00;0.00
18.12.2020;20:51:12;3.33;43.14;13.04;759.43;0.00;0.00;0.00
18.12.2020;20:52:12;3.33;43.13;13.04;759.43;0.00;0.00;0.00
18.12.2020;20:53:12;3.33;43.14;13.04;759.43;0.00;0.00;0.00
18.12.2020;20:54:12;3.33;43.14;13.05;759.44;0.00;0.00;0.00
18.12.2020;20:55:12;3.33;43.13;13.04;759.44;0.00;0.00;0.00
18.12.2020;20:56:12;3.33;43.13;13.05;759.45;0.00;0.00;0.00
18.12.2020;20:57:12;3.33;43.11;13.05;759.45;0.00;0.00;0.00
18.12.2020;20:58:12;3.35;43.10;13.04;759.46;0.00;0.00;0.00
18.12.2020;20:59:12;3.33;43.10;13.05;759.47;0.00;0.00;0.00
18.12.2020;21:00:12;3.33;43.10;13.06;759.48;0.00;0.00;0.00
18.12.2020;21:01:12;3.36;43.05;13.06;759.47;0.00;0.00;0.00
18.12.2020;21:02:12;3.33;43.06;13.05;759.46;0.00;0.00;0.00
18.12.2020;21:03:12;3.33;43.05;13.05;759.45;0.00;0.00;0.00
18.12.2020;21:04:12;3.35;43.09;13.05;759.43;0.00;0.00;0.00
18.12.2020;21:05:12;3.33;43.09;13.04;759.43;0.00;0.00;0.00
18.12.2020;21:06:12;3.33;43.10;13.05;759.43;0.00;0.00;0.00
18.12.2020;21:07:13;3.33;43.09;13.05;759.42;0.00;0.00;0.00
18.12.2020;21:08:13;3.33;43.08;13.05;759.41;0.00;0.00;0.00
18.12.2020;21:09:13;3.33;43.06;13.05;759.40;0.00;0.00;0.00
18.12.2020;21:10:13;3.33;43.06;13.04;759.39;0.00;0.00;0.00
18.12.2020;21:11:13;3.33;43.09;13.04;759.39;0.00;0.00;0.00
18.12.2020;21:12:13;3.35;43.12;13.04;759.39;0.00;0.00;0.00
18.12.2020;21:13:13;3.33;43.11;13.03;759.40;0.00;0.00;0.00
18.12.2020;21:14:13;3.33;43.14;13.03;759.39;0.00;0.00;0.00
18.12.2020;21:15:13;3.36;43.15;13.04;759.40;0.00;0.00;0.00
18.12.2020;21:16:13;3.33;43.14;13.05;759.41;0.00;0.00;0.00
18.12.2020;21:17:13;3.33;43.09;13.05;759.40;0.00;0.00;0.00
18.12.2020;21:18:13;3.35;43.12;13.05;759.41;0.00;0.00;0.00
18.12.2020;21:19:13;3.33;43.12;13.05;759.41;0.00;0.00;0.00
18.12.2020;21:20:13;3.33;43.12;13.06;759.41;0.00;0.00;0.00
18.12.2020;21:21:13;3.33;43.10;13.06;759.42;0.00;0.00;0.00
18.12.2020;21:22:13;3.33;43.11;13.06;759.42;0.00;0.00;0.00
18.12.2020;21:23:13;3.33;43.12;13.06;759.42;0.00;0.00;0.00
18.12.2020;21:24:13;3.33;43.10;13.06;759.42;0.00;0.00;0.00
18.12.2020;21:25:13;3.33;43.09;13.06;759.43;0.00;0.00;0.00
18.12.2020;21:26:13;3.35;43.10;13.07;759.43;0.00;0.00;0.00
18.12.2020;21:27:13;3.33;43.09;13.07;759.43;0.00;0.00;0.00
18.12.2020;21:28:13;3.33;43.06;13.07;759.44;0.00;0.00;0.00
18.12.2020;21:29:13;3.36;43.05;13.07;759.43;0.00;0.00;0.00
18.12.2020;21:30:13;3.33;43.07;13.07;759.43;0.00;0.00;0.00
18.12.2020;21:31:13;3.33;43.07;13.07;759.43;0.00;0.00;0.00
18.12.2020;21:32:13;3.35;43.07;13.07;759.42;0.00;0.00;0.00
18.12.2020;21:33:13;3.33;43.05;13.07;759.41;0.00;0.00;0.00
18.12.2020;21:34:13;3.33;43.05;13.07;759.41;0.00;0.00;0.00
18.12.2020;21:35:13;3.33;43.03;13.06;759.42;0.00;0.00;0.00
18.12.2020;21:36:13;3.33;43.06;13.05;759.40;0.00;0.00;0.00
18.12.2020;21:37:13;3.33;43.08;13.05;759.41;0.00;0.00;0.00
18.12.2020;21:38:14;3.33;43.07;13.05;759.41;0.00;0.00;0.00
18.12.2020;21:39:14;3.33;43.04;13.05;759.41;0.00;0.00;0.00
18.12.2020;21:40:14;3.35;43.08;13.04;759.41;0.00;0.00;0.00
18.12.2020;21:41:14;3.33;43.09;13.04;759.41;0.00;0.00;0.00
18.12.2020;21:42:14;3.33;43.07;13.04;759.40;0.00;0.00;0.00
18.12.2020;21:43:14;3.36;43.06;13.04;759.41;0.00;0.00;0.00
18.12.2020;21:44:14;3.33;43.09;13.04;759.40;0.00;0.00;0.00
18.12.2020;21:45:14;3.33;43.10;13.04;759.40;0.00;0.00;0.00
18.12.2020;21:46:14;3.35;43.12;13.04;759.40;0.00;0.00;0.00
18.12.2020;21:47:14;3.33;43.09;13.04;759.41;0.00;0.00;0.00
18.12.2020;21:48:14;3.33;43.11;13.04;759.40;0.00;0.00;0.00
18.12.2020;21:49:14;3.33;43.13;13.03;759.41;0.00;0.00;0.00
18.12.2020;21:50:14;3.33;43.13;13.03;759.41;0.00;0.00;0.00
18.12.2020;21:51:14;3.33;43.13;13.03;759.41;0.00;0.00;0.00
18.12.2020;21:52:14;3.33;43.14;13.03;759.41;0.00;0.00;0.00
18.12.2020;21:53:14;3.33;43.14;13.03;759.41;0.00;0.00;0.00
18.12.2020;21:54:14;3.35;43.16;13.03;759.41;0.00;0.00;0.00
18.12.2020;21:55:14;3.33;43.16;13.03;759.41;0.00;0.00;0.00
18.12.2020;21:56:14;3.33;43.17;13.03;759.41;0.00;0.00;0.00
18.12.2020;21:57:14;3.36;43.17;13.03;759.41;0.00;0.00;0.00
18.12.2020;21:58:14;3.33;43.15;13.04;759.43;0.00;0.00;0.00
18.12.2020;21:59:14;3.33;43.15;13.03;759.44;0.00;0.00;0.00
18.12.2020;22:00:14;3.35;43.18;13.03;759.45;0.00;0.00;0.00
18.12.2020;22:01:14;3.33;43.19;13.03;759.44;0.00;0.00;0.00
18.12.2020;22:02:14;3.33;43.18;13.03;759.44;0.00;0.00;0.00
18.12.2020;22:03:14;3.33;43.19;13.03;759.44;0.00;0.00;0.00
18.12.2020;22:04:14;3.33;43.17;13.03;759.45;0.00;0.00;0.00
18.12.2020;22:05:14;3.33;43.15;13.04;759.45;0.00;0.00;0.00
18.12.2020;22:06:14;3.33;43.15;13.04;759.45;0.00;0.00;0.00
18.12.2020;22:07:14;3.33;43.15;13.04;759.46;0.00;0.00;0.00
18.12.2020;22:08:14;3.35;43.16;13.04;759.44;0.00;0.00;0.00
18.12.2020;22:09:15;3.33;43.13;13.06;759.44;0.00;0.00;0.00
18.12.2020;22:10:15;3.33;43.07;13.07;759.45;0.00;0.00;0.00
18.12.2020;22:11:15;3.36;43.07;13.07;759.45;0.00;0.00;0.00
18.12.2020;22:12:15;3.33;43.05;13.07;759.45;0.00;0.00;0.00
18.12.2020;22:13:15;3.33;43.07;13.07;759.46;0.00;0.00;0.00
18.12.2020;22:14:15;3.35;43.08;13.06;759.49;0.00;0.00;0.00
18.12.2020;22:15:15;3.33;43.07;13.06;759.51;0.00;0.00;0.00
18.12.2020;22:16:15;3.33;43.06;13.05;759.52;0.00;0.00;0.00
18.12.2020;22:17:15;3.33;43.07;13.06;759.52;0.00;0.00;0.00
18.12.2020;22:18:15;3.33;43.06;13.06;759.52;0.00;0.00;0.00
18.12.2020;22:19:15;3.33;43.05;13.06;759.54;0.00;0.00;0.00
18.12.2020;22:20:15;3.33;43.02;13.06;759.55;0.00;0.00;0.00
18.12.2020;22:21:15;3.33;43.05;13.06;759.56;0.00;0.00;0.00
18.12.2020;22:22:15;3.35;43.07;13.06;759.57;0.00;0.00;0.00
18.12.2020;22:23:15;3.33;43.05;13.07;759.57;0.00;0.00;0.00
18.12.2020;22:24:15;3.33;43.05;13.07;759.59;0.00;0.00;0.00
18.12.2020;22:25:15;3.36;43.05;13.06;759.59;0.00;0.00;0.00
18.12.2020;22:26:15;3.33;43.06;13.06;759.60;0.00;0.00;0.00
18.12.2020;22:27:15;3.33;43.06;13.06;759.61;0.00;0.00;0.00
18.12.2020;22:28:15;3.35;43.05;13.06;759.61;0.00;0.00;0.00
18.12.2020;22:29:15;3.33;43.06;13.06;759.62;0.00;0.00;0.00
18.12.2020;22:30:15;3.33;43.05;13.06;759.63;0.00;0.00;0.00
18.12.2020;22:31:15;3.33;43.06;13.06;759.62;0.00;0.00;0.00
18.12.2020;22:32:15;3.33;43.06;13.06;759.63;0.00;0.00;0.00
18.12.2020;22:33:15;3.33;43.08;13.05;759.63;0.00;0.00;0.00
18.12.2020;22:34:15;3.33;43.11;13.05;759.64;0.00;0.00;0.00
18.12.2020;22:35:15;3.33;43.10;13.05;759.65;0.00;0.00;0.00
18.12.2020;22:36:15;3.35;43.09;13.06;759.65;0.00;0.00;0.00
18.12.2020;22:37:15;3.33;43.10;13.06;759.65;0.00;0.00;0.00
18.12.2020;22:38:15;3.33;43.11;13.06;759.65;0.00;0.00;0.00
18.12.2020;22:39:15;3.36;43.10;13.07;759.64;0.00;0.00;0.00
18.12.2020;22:40:16;3.33;43.08;13.08;759.63;0.00;0.00;0.00
18.12.2020;22:41:16;3.33;43.05;13.08;759.62;0.00;0.00;0.00
18.12.2020;22:42:16;3.35;43.08;13.08;759.64;0.00;0.00;0.00
18.12.2020;22:43:16;3.33;43.10;13.08;759.64;0.00;0.00;0.00
18.12.2020;22:44:16;3.33;43.07;13.08;759.63;0.00;0.00;0.00
18.12.2020;22:45:16;3.33;43.05;13.08;759.64;0.00;0.00;0.00
18.12.2020;22:46:16;3.33;43.07;13.09;759.63;0.00;0.00;0.00
18.12.2020;22:47:16;3.33;43.05;13.09;759.63;0.00;0.00;0.00
18.12.2020;22:48:16;3.33;43.05;13.09;759.63;0.00;0.00;0.00
18.12.2020;22:49:16;3.33;43.03;13.10;759.64;0.00;0.00;0.00
18.12.2020;22:50:16;3.35;43.01;13.09;759.65;0.00;0.00;0.00
18.12.2020;22:51:16;3.33;43.02;13.10;759.65;0.00;0.00;0.00
18.12.2020;22:52:16;3.33;43.01;13.09;759.65;0.00;0.00;0.00
18.12.2020;22:53:16;3.36;43.02;13.09;759.66;0.00;0.00;0.00
18.12.2020;22:54:16;3.33;43.02;13.09;759.67;0.00;0.00;0.00
18.12.2020;22:55:16;3.33;43.01;13.09;759.66;0.00;0.00;0.00
18.12.2020;22:56:16;3.35;43.01;13.09;759.66;0.00;0.00;0.00
18.12.2020;22:57:16;3.33;43.02;13.09;759.67;0.00;0.00;0.00
18.12.2020;22:58:16;3.33;43.01;13.09;759.67;0.00;0.00;0.00
18.12.2020;22:59:16;3.33;43.00;13.10;759.66;0.00;0.00;0.00
18.12.2020;23:00:16;3.33;43.00;13.10;759.64;0.00;0.00;0.00
18.12.2020;23:01:16;3.33;42.99;13.10;759.65;0.00;0.00;0.00
18.12.2020;23:02:16;3.33;42.98;13.10;759.66;0.00;0.00;0.00
18.12.2020;23:03:16;3.33;42.97;13.10;759.67;0.00;0.00;0.00
18.12.2020;23:04:16;3.35;43.00;13.09;759.66;0.00;0.00;0.00
18.12.2020;23:05:16;3.33;43.02;13.09;759.65;0.00;0.00;0.00
18.12.2020;23:06:16;3.33;43.01;13.10;759.64;0.00;0.00;0.00
18.12.2020;23:07:16;3.36;43.01;13.10;759.65;0.00;0.00;0.00
18.12.2020;23:08:16;3.33;42.99;13.10;759.65;0.00;0.00;0.00
18.12.2020;23:09:16;3.33;42.99;13.10;759.67;0.00;0.00;0.00
18.12.2020;23:10:16;3.35;43.00;13.11;759.67;0.00;0.00;0.00
18.12.2020;23:11:17;3.33;42.98;13.11;759.67;0.00;0.00;0.00
18.12.2020;23:12:17;3.33;43.00;13.12;759.67;0.00;0.00;0.00
18.12.2020;23:13:17;3.33;43.03;13.12;759.66;0.00;0.00;0.00
18.12.2020;23:14:17;3.33;43.00;13.12;759.65;0.00;0.00;0.00
18.12.2020;23:15:17;3.33;42.99;13.13;759.64;0.00;0.00;0.00
18.12.2020;23:16:17;3.33;42.97;13.13;759.64;0.00;0.00;0.00
18.12.2020;23:17:17;3.33;42.96;13.13;759.64;0.00;0.00;0.00
18.12.2020;23:18:17;3.35;42.95;13.13;759.64;0.00;0.00;0.00
18.12.2020;23:19:17;3.33;42.97;13.14;759.64;0.00;0.00;0.00
18.12.2020;23:20:17;3.33;42.94;13.14;759.65;0.00;0.00;0.00
18.12.2020;23:21:17;3.36;42.94;13.14;759.66;0.00;0.00;0.00
18.12.2020;23:22:17;3.33;42.92;13.14;759.66;0.00;0.00;0.00
18.12.2020;23:23:17;3.33;42.93;13.14;759.67;0.00;0.00;0.00
18.12.2020;23:24:17;3.35;42.92;13.14;759.66;0.00;0.00;0.00
18.12.2020;23:25:17;3.33;42.91;13.15;759.67;0.00;0.00;0.00
18.12.2020;23:26:17;3.33;42.89;13.15;759.67;0.00;0.00;0.00
18.12.2020;23:27:17;3.33;42.91;13.14;759.66;0.00;0.00;0.00
18.12.2020;23:28:17;3.33;42.91;13.14;759.67;0.00;0.00;0.00
18.12.2020;23:29:17;3.33;42.93;13.14;759.68;0.00;0.00;0.00
18.12.2020;23:30:17;3.33;42.93;13.14;759.68;0.00;0.00;0.00
18.12.2020;23:31:17;3.33;42.91;13.14;759.68;0.00;0.00;0.00
18.12.2020;23:32:17;3.35;42.89;13.14;759.68;0.00;0.00;0.00
18.12.2020;23:33:17;3.33;42.88;13.14;759.66;0.00;0.00;0.00
18.12.2020;23:34:17;3.33;42.91;13.14;759.66;0.00;0.00;0.00
18.12.2020;23:35:17;3.36;42.89;13.14;759.65;0.00;0.00;0.00
18.12.2020;23:36:17;3.33;42.89;13.14;759.65;0.00;0.00;0.00
18.12.2020;23:37:17;3.33;42.88;13.14;759.64;0.00;0.00;0.00
18.12.2020;23:38:17;3.35;42.88;13.14;759.64;0.00;0.00;0.00
18.12.2020;23:39:17;3.33;42.89;13.14;759.64;0.00;0.00;0.00
18.12.2020;23:40:17;3.33;42.90;13.14;759.65;0.00;0.00;0.00
18.12.2020;23:41:17;3.33;42.90;13.14;759.65;0.00;0.00;0.00
18.12.2020;23:42:18;3.33;42.87;13.15;759.65;0.00;0.00;0.00
18.12.2020;23:43:18;3.33;42.88;13.15;759.65;0.00;0.00;0.00
18.12.2020;23:44:18;3.33;42.84;13.15;759.66;0.00;0.00;0.00
18.12.2020;23:45:18;3.33;42.87;13.16;759.65;0.00;0.00;0.00
18.12.2020;23:46:18;3.35;42.89;13.16;759.64;0.00;0.00;0.00
18.12.2020;23:47:18;3.33;42.88;13.16;759.64;0.00;0.00;0.00
18.12.2020;23:48:18;3.33;42.87;13.17;759.64;0.00;0.00;0.00
18.12.2020;23:49:18;3.36;42.87;13.17;759.63;0.00;0.00;0.00
18.12.2020;23:50:18;3.33;42.86;13.17;759.63;0.00;0.00;0.00
18.12.2020;23:51:18;3.33;42.85;13.16;759.62;0.00;0.00;0.00
18.12.2020;23:52:18;3.35;42.87;13.16;759.61;0.00;0.00;0.00
18.12.2020;23:53:18;3.33;42.87;13.16;759.61;0.00;0.00;0.00
18.12.2020;23:54:18;3.33;42.85;13.17;759.60;0.00;0.00;0.00
18.12.2020;23:55:18;3.33;42.87;13.17;759.59;0.00;0.00;0.00
18.12.2020;23:56:18;3.33;42.87;13.17;759.57;0.00;0.00;0.00
18.12.2020;23:57:18;3.33;42.85;13.18;759.58;0.00;0.00;0.00
18.12.2020;23:58:18;3.33;42.84;13.18;759.57;0.00;0.00;0.00
18.12.2020;23:59:18;3.33;42.84;13.18;759.56;0.00;0.00;0.00
