19.01.2021;0:00:03;2.50;29.27;1.50;753.90;0.00;0.00;0.00
19.01.2021;0:01:03;2.50;29.41;1.46;753.90;0.00;0.00;0.00
19.01.2021;0:02:03;2.50;29.55;1.43;753.91;0.00;0.00;0.00
19.01.2021;0:03:03;2.50;29.48;1.41;753.92;0.00;0.00;0.00
19.01.2021;0:04:03;2.53;29.59;1.39;753.92;0.00;0.00;0.00
19.01.2021;0:05:03;2.50;29.62;1.39;753.93;0.00;0.00;0.00
19.01.2021;0:06:03;2.50;29.50;1.42;753.93;0.00;0.00;0.00
19.01.2021;0:07:03;2.53;29.55;1.42;753.94;0.00;0.00;0.00
19.01.2021;0:08:03;2.50;29.50;1.43;753.93;0.00;0.00;0.00
19.01.2021;0:09:03;2.50;29.32;1.46;753.93;0.00;0.00;0.00
19.01.2021;0:10:03;2.51;29.24;1.48;753.93;0.00;0.00;0.00
19.01.2021;0:11:03;2.50;29.24;1.50;753.93;0.00;0.00;0.00
19.01.2021;0:12:03;2.50;29.20;1.50;753.92;0.00;0.00;0.00
19.01.2021;0:13:03;2.50;29.32;1.45;753.90;0.00;0.00;0.00
19.01.2021;0:14:03;2.50;29.48;1.41;753.89;0.00;0.00;0.00
19.01.2021;0:15:03;2.50;29.41;1.40;753.89;0.00;0.00;0.00
19.01.2021;0:16:03;2.50;29.42;1.39;753.88;0.00;0.00;0.00
19.01.2021;0:17:03;2.50;29.51;1.37;753.88;0.00;0.00;0.00
19.01.2021;0:18:03;2.53;29.58;1.36;753.87;0.00;0.00;0.00
19.01.2021;0:19:03;2.50;29.43;1.40;753.84;0.00;0.00;0.00
19.01.2021;0:20:03;2.50;29.33;1.42;753.83;0.00;0.00;0.00
19.01.2021;0:21:03;2.53;29.29;1.41;753.82;0.00;0.00;0.00
19.01.2021;0:22:03;2.50;29.38;1.40;753.80;0.00;0.00;0.00
19.01.2021;0:23:03;2.50;29.35;1.39;753.81;0.00;0.00;0.00
19.01.2021;0:24:03;2.51;29.26;1.39;753.81;0.00;0.00;0.00
19.01.2021;0:25:04;2.50;29.24;1.38;753.82;0.00;0.00;0.00
19.01.2021;0:26:04;2.50;29.39;1.37;753.83;0.00;0.00;0.00
19.01.2021;0:27:04;2.50;29.37;1.36;753.84;0.00;0.00;0.00
19.01.2021;0:28:04;2.50;29.42;1.36;753.82;0.00;0.00;0.00
19.01.2021;0:29:04;2.50;29.50;1.33;753.81;0.00;0.00;0.00
19.01.2021;0:30:04;2.50;29.58;1.31;753.81;0.00;0.00;0.00
19.01.2021;0:31:04;2.50;29.63;1.31;753.80;0.00;0.00;0.00
19.01.2021;0:32:04;2.53;29.61;1.31;753.78;0.00;0.00;0.00
19.01.2021;0:33:04;2.50;29.51;1.34;753.78;0.00;0.00;0.00
19.01.2021;0:34:04;2.50;29.60;1.33;753.78;0.00;0.00;0.00
19.01.2021;0:35:04;2.53;29.59;1.34;753.77;0.00;0.00;0.00
19.01.2021;0:36:04;2.50;29.59;1.36;753.75;0.00;0.00;0.00
19.01.2021;0:37:04;2.50;29.58;1.37;753.76;0.00;0.00;0.00
19.01.2021;0:38:04;2.51;29.50;1.39;753.76;0.00;0.00;0.00
19.01.2021;0:39:04;2.50;29.41;1.41;753.76;0.00;0.00;0.00
19.01.2021;0:40:04;2.50;29.51;1.40;753.77;0.00;0.00;0.00
19.01.2021;0:41:04;2.50;29.61;1.40;753.78;0.00;0.00;0.00
19.01.2021;0:42:04;2.50;29.62;1.39;753.80;0.00;0.00;0.00
19.01.2021;0:43:04;2.50;29.65;1.41;753.79;0.00;0.00;0.00
19.01.2021;0:44:04;2.50;29.57;1.43;753.80;0.00;0.00;0.00
19.01.2021;0:45:04;2.50;29.56;1.44;753.81;0.00;0.00;0.00
19.01.2021;0:46:04;2.53;29.51;1.47;753.82;0.00;0.00;0.00
19.01.2021;0:47:04;2.50;29.52;1.47;753.81;0.00;0.00;0.00
19.01.2021;0:48:04;2.50;29.50;1.49;753.80;0.00;0.00;0.00
19.01.2021;0:49:04;2.53;29.47;1.52;753.80;0.00;0.00;0.00
19.01.2021;0:50:04;2.51;29.49;1.52;753.79;0.00;0.00;0.00
19.01.2021;0:51:04;2.50;29.44;1.52;753.79;0.00;0.00;0.00
19.01.2021;0:52:04;2.51;29.40;1.54;753.78;0.00;0.00;0.00
19.01.2021;0:53:04;2.50;29.44;1.56;753.79;0.00;0.00;0.00
19.01.2021;0:54:04;2.50;29.38;1.59;753.80;0.00;0.00;0.00
19.01.2021;0:55:04;2.50;29.39;1.60;753.80;0.00;0.00;0.00
19.01.2021;0:56:04;2.50;29.36;1.62;753.80;0.00;0.00;0.00
19.01.2021;0:57:04;2.50;29.27;1.65;753.82;0.00;0.00;0.00
19.01.2021;0:58:04;2.50;29.25;1.64;753.83;0.00;0.00;0.00
19.01.2021;0:59:04;2.50;29.31;1.64;753.84;0.00;0.00;0.00
19.01.2021;1:00:04;2.53;29.27;1.65;753.85;0.00;0.00;0.00
19.01.2021;1:01:04;2.50;29.28;1.67;753.85;0.00;0.00;0.00
19.01.2021;1:02:04;2.50;29.23;1.67;753.85;0.00;0.00;0.00
19.01.2021;1:03:04;2.53;29.20;1.70;753.85;0.00;0.00;0.00
19.01.2021;1:04:04;2.50;29.21;1.70;753.84;0.00;0.00;0.00
19.01.2021;1:05:04;2.50;29.17;1.69;753.84;0.00;0.00;0.00
19.01.2021;1:06:04;2.51;29.16;1.68;753.83;0.00;0.00;0.00
19.01.2021;1:07:04;2.50;29.30;1.69;753.83;0.00;0.00;0.00
19.01.2021;1:08:04;2.50;29.19;1.68;753.83;0.00;0.00;0.00
19.01.2021;1:09:05;2.50;29.20;1.69;753.83;0.00;0.00;0.00
19.01.2021;1:10:05;2.50;29.25;1.67;753.82;0.00;0.00;0.00
19.01.2021;1:11:05;2.50;29.18;1.68;753.83;0.00;0.00;0.00
19.01.2021;1:12:05;2.50;29.15;1.69;753.82;0.00;0.00;0.00
19.01.2021;1:13:05;2.50;29.12;1.71;753.82;0.00;0.00;0.00
19.01.2021;1:14:05;2.53;29.12;1.71;753.82;0.00;0.00;0.00
19.01.2021;1:15:05;2.50;29.14;1.70;753.82;0.00;0.00;0.00
19.01.2021;1:16:05;2.50;29.21;1.69;753.83;0.00;0.00;0.00
19.01.2021;1:17:05;2.53;29.28;1.68;753.82;0.00;0.00;0.00
19.01.2021;1:18:05;2.50;29.24;1.69;753.82;0.00;0.00;0.00
19.01.2021;1:19:05;2.50;29.15;1.71;753.84;0.00;0.00;0.00
19.01.2021;1:20:05;2.51;29.17;1.71;753.85;0.00;0.00;0.00
19.01.2021;1:21:05;2.50;29.29;1.68;753.86;0.00;0.00;0.00
19.01.2021;1:22:05;2.50;29.16;1.69;753.87;0.00;0.00;0.00
19.01.2021;1:23:05;2.50;29.20;1.70;753.89;0.00;0.00;0.00
19.01.2021;1:24:05;2.50;29.16;1.71;753.90;0.00;0.00;0.00
19.01.2021;1:25:05;2.50;29.15;1.72;753.91;0.00;0.00;0.00
19.01.2021;1:26:05;2.50;29.14;1.72;753.90;0.00;0.00;0.00
19.01.2021;1:27:05;2.50;29.23;1.73;753.88;0.00;0.00;0.00
19.01.2021;1:28:05;2.53;29.12;1.75;753.87;0.00;0.00;0.00
19.01.2021;1:29:05;2.50;29.05;1.76;753.87;0.00;0.00;0.00
19.01.2021;1:30:05;2.50;29.09;1.76;753.85;0.00;0.00;0.00
19.01.2021;1:31:05;2.53;29.16;1.76;753.85;0.00;0.00;0.00
19.01.2021;1:32:05;2.50;29.18;1.77;753.85;0.00;0.00;0.00
19.01.2021;1:33:05;2.50;29.13;1.78;753.86;0.00;0.00;0.00
19.01.2021;1:34:05;2.51;29.05;1.80;753.88;0.00;0.00;0.00
19.01.2021;1:35:05;2.50;29.01;1.81;753.90;0.00;0.00;0.00
19.01.2021;1:36:05;2.50;29.01;1.81;753.91;0.00;0.00;0.00
19.01.2021;1:37:05;2.50;29.04;1.80;753.91;0.00;0.00;0.00
19.01.2021;1:38:05;2.50;29.05;1.81;753.89;0.00;0.00;0.00
19.01.2021;1:39:05;2.50;29.10;1.80;753.90;0.00;0.00;0.00
19.01.2021;1:40:05;2.50;29.06;1.80;753.89;0.00;0.00;0.00
19.01.2021;1:41:05;2.50;29.05;1.78;753.88;0.00;0.00;0.00
19.01.2021;1:42:05;2.53;29.12;1.80;753.88;0.00;0.00;0.00
19.01.2021;1:43:05;2.50;29.10;1.80;753.86;0.00;0.00;0.00
19.01.2021;1:44:05;2.50;29.07;1.81;753.86;0.00;0.00;0.00
19.01.2021;1:45:05;2.53;29.04;1.81;753.85;0.00;0.00;0.00
19.01.2021;1:46:05;2.50;29.02;1.80;753.84;0.00;0.00;0.00
19.01.2021;1:47:05;2.50;29.08;1.79;753.85;0.00;0.00;0.00
19.01.2021;1:48:05;2.51;29.27;1.81;753.84;0.00;0.00;0.00
19.01.2021;1:49:05;2.50;29.36;1.80;753.85;0.00;0.00;0.00
19.01.2021;1:50:05;2.50;29.16;1.80;753.84;0.00;0.00;0.00
19.01.2021;1:51:05;2.50;29.13;1.81;753.84;0.00;0.00;0.00
19.01.2021;1:52:05;2.50;29.06;1.82;753.84;0.00;0.00;0.00
19.01.2021;1:53:06;2.50;29.07;1.83;753.83;0.00;0.00;0.00
19.01.2021;1:54:06;2.50;29.05;1.85;753.82;0.00;0.00;0.00
19.01.2021;1:55:06;2.50;29.02;1.85;753.82;0.00;0.00;0.00
19.01.2021;1:56:06;2.53;29.06;1.84;753.83;0.00;0.00;0.00
19.01.2021;1:57:06;2.50;29.16;1.83;753.84;0.00;0.00;0.00
19.01.2021;1:58:06;2.50;28.97;1.86;753.83;0.00;0.00;0.00
19.01.2021;1:59:06;2.53;28.80;1.89;753.84;0.00;0.00;0.00
19.01.2021;2:00:06;2.50;28.78;1.88;753.83;0.00;0.00;0.00
19.01.2021;2:01:06;2.50;28.85;1.87;753.83;0.00;0.00;0.00
19.01.2021;2:02:06;2.51;28.79;1.88;753.81;0.00;0.00;0.00
19.01.2021;2:03:06;2.50;28.81;1.84;753.81;0.00;0.00;0.00
19.01.2021;2:04:06;2.50;28.95;1.81;753.80;0.00;0.00;0.00
19.01.2021;2:05:06;2.50;28.95;1.81;753.81;0.00;0.00;0.00
19.01.2021;2:06:06;2.50;29.00;1.83;753.81;0.00;0.00;0.00
19.01.2021;2:07:06;2.50;29.23;1.81;753.80;0.00;0.00;0.00
19.01.2021;2:08:06;2.50;29.09;1.80;753.82;0.00;0.00;0.00
19.01.2021;2:09:06;2.50;28.95;1.80;753.83;0.00;0.00;0.00
19.01.2021;2:10:06;2.53;28.92;1.80;753.83;0.00;0.00;0.00
19.01.2021;2:11:06;2.50;28.96;1.80;753.83;0.00;0.00;0.00
19.01.2021;2:12:06;2.50;28.99;1.80;753.84;0.00;0.00;0.00
19.01.2021;2:13:06;2.53;29.01;1.79;753.82;0.00;0.00;0.00
19.01.2021;2:14:06;2.50;28.98;1.78;753.80;0.00;0.00;0.00
19.01.2021;2:15:06;2.51;29.08;1.74;753.81;0.00;0.00;0.00
19.01.2021;2:16:06;2.51;29.08;1.74;753.81;0.00;0.00;0.00
19.01.2021;2:17:06;2.50;29.09;1.76;753.81;0.00;0.00;0.00
19.01.2021;2:18:06;2.50;29.13;1.74;753.81;0.00;0.00;0.00
19.01.2021;2:19:06;2.50;29.00;1.76;753.80;0.00;0.00;0.00
19.01.2021;2:20:06;2.50;29.03;1.77;753.81;0.00;0.00;0.00
19.01.2021;2:21:06;2.50;28.97;1.79;753.82;0.00;0.00;0.00
19.01.2021;2:22:06;2.50;28.92;1.79;753.80;0.00;0.00;0.00
19.01.2021;2:23:06;2.50;28.98;1.76;753.80;0.00;0.00;0.00
19.01.2021;2:24:06;2.53;29.01;1.76;753.80;0.00;0.00;0.00
19.01.2021;2:25:06;2.50;29.03;1.74;753.80;0.00;0.00;0.00
19.01.2021;2:26:06;2.50;29.05;1.75;753.82;0.00;0.00;0.00
19.01.2021;2:27:06;2.53;29.08;1.75;753.82;0.00;0.00;0.00
19.01.2021;2:28:06;2.50;29.12;1.74;753.81;0.00;0.00;0.00
19.01.2021;2:29:06;2.51;29.09;1.77;753.81;0.00;0.00;0.00
19.01.2021;2:30:06;2.51;29.17;1.78;753.80;0.00;0.00;0.00
19.01.2021;2:31:06;2.50;29.09;1.80;753.79;0.00;0.00;0.00
19.01.2021;2:32:06;2.50;29.06;1.82;753.79;0.00;0.00;0.00
19.01.2021;2:33:06;2.51;29.04;1.83;753.77;0.00;0.00;0.00
19.01.2021;2:34:06;2.50;28.97;1.85;753.75;0.00;0.00;0.00
19.01.2021;2:35:06;2.51;29.01;1.84;753.74;0.00;0.00;0.00
19.01.2021;2:36:06;2.50;28.97;1.86;753.74;0.00;0.00;0.00
19.01.2021;2:37:07;2.50;28.92;1.86;753.74;0.00;0.00;0.00
19.01.2021;2:38:07;2.53;28.84;1.86;753.72;0.00;0.00;0.00
19.01.2021;2:39:07;2.50;28.91;1.87;753.72;0.00;0.00;0.00
19.01.2021;2:40:07;2.50;29.11;1.86;753.71;0.00;0.00;0.00
19.01.2021;2:41:07;2.54;28.97;1.86;753.70;0.00;0.00;0.00
19.01.2021;2:42:07;2.50;28.93;1.86;753.70;0.00;0.00;0.00
19.01.2021;2:43:07;2.50;28.93;1.87;753.69;0.00;0.00;0.00
19.01.2021;2:44:07;2.53;28.93;1.86;753.70;0.00;0.00;0.00
19.01.2021;2:45:07;2.51;28.85;1.88;753.71;0.00;0.00;0.00
19.01.2021;2:46:07;2.50;28.80;1.89;753.72;0.00;0.00;0.00
19.01.2021;2:47:07;2.51;28.82;1.89;753.71;0.00;0.00;0.00
19.01.2021;2:48:07;2.50;28.81;1.88;753.68;0.00;0.00;0.00
19.01.2021;2:49:07;2.51;28.86;1.87;753.67;0.00;0.00;0.00
19.01.2021;2:50:07;2.50;28.90;1.87;753.65;0.00;0.00;0.00
19.01.2021;2:51:07;2.50;28.85;1.87;753.65;0.00;0.00;0.00
19.01.2021;2:52:07;2.53;28.79;1.87;753.64;0.00;0.00;0.00
19.01.2021;2:53:07;2.50;28.81;1.87;753.66;0.00;0.00;0.00
19.01.2021;2:54:07;2.50;28.85;1.86;753.67;0.00;0.00;0.00
19.01.2021;2:55:07;2.53;28.84;1.86;753.66;0.00;0.00;0.00
19.01.2021;2:56:07;2.53;28.81;1.87;753.66;0.00;0.00;0.00
19.01.2021;2:57:07;2.50;28.74;1.88;753.64;0.00;0.00;0.00
19.01.2021;2:58:07;2.51;28.77;1.87;753.63;0.00;0.00;0.00
19.01.2021;2:59:07;2.50;28.79;1.86;753.62;0.00;0.00;0.00
19.01.2021;3:00:07;2.50;28.85;1.85;753.61;0.00;0.00;0.00
19.01.2021;3:01:07;2.51;28.80;1.86;753.62;0.00;0.00;0.00
19.01.2021;3:02:07;2.50;28.77;1.86;753.60;0.00;0.00;0.00
19.01.2021;3:03:07;2.50;28.75;1.86;753.60;0.00;0.00;0.00
19.01.2021;3:04:07;2.50;28.78;1.85;753.58;0.00;0.00;0.00
19.01.2021;3:05:07;2.50;28.86;1.82;753.60;0.00;0.00;0.00
19.01.2021;3:06:07;2.53;28.89;1.81;753.59;0.00;0.00;0.00
19.01.2021;3:07:07;2.51;28.85;1.82;753.59;0.00;0.00;0.00
19.01.2021;3:08:07;2.50;28.90;1.82;753.59;0.00;0.00;0.00
19.01.2021;3:09:07;2.53;28.92;1.81;753.61;0.00;0.00;0.00
19.01.2021;3:10:07;2.51;28.96;1.80;753.61;0.00;0.00;0.00
19.01.2021;3:11:07;2.50;29.04;1.79;753.61;0.00;0.00;0.00
19.01.2021;3:12:07;2.51;29.05;1.80;753.61;0.00;0.00;0.00
19.01.2021;3:13:07;2.51;28.97;1.81;753.60;0.00;0.00;0.00
19.01.2021;3:14:07;2.50;28.89;1.83;753.60;0.00;0.00;0.00
19.01.2021;3:15:07;2.51;28.92;1.83;753.60;0.00;0.00;0.00
19.01.2021;3:16:07;2.50;29.00;1.82;753.59;0.00;0.00;0.00
19.01.2021;3:17:07;2.50;29.04;1.83;753.58;0.00;0.00;0.00
19.01.2021;3:18:07;2.50;28.96;1.86;753.58;0.00;0.00;0.00
19.01.2021;3:19:07;2.50;28.98;1.86;753.56;0.00;0.00;0.00
19.01.2021;3:20:08;2.53;28.94;1.86;753.55;0.00;0.00;0.00
19.01.2021;3:21:08;2.50;28.99;1.86;753.54;0.00;0.00;0.00
19.01.2021;3:22:08;2.50;28.95;1.88;753.54;0.00;0.00;0.00
19.01.2021;3:23:08;2.53;28.86;1.89;753.54;0.00;0.00;0.00
19.01.2021;3:24:08;2.50;28.88;1.89;753.54;0.00;0.00;0.00
19.01.2021;3:25:08;2.50;28.86;1.89;753.54;0.00;0.00;0.00
19.01.2021;3:26:08;2.51;28.98;1.87;753.54;0.00;0.00;0.00
19.01.2021;3:27:08;2.50;28.92;1.88;753.54;0.00;0.00;0.00
19.01.2021;3:28:08;2.50;28.90;1.87;753.56;0.00;0.00;0.00
19.01.2021;3:29:08;2.50;28.91;1.87;753.59;0.00;0.00;0.00
19.01.2021;3:30:08;2.50;28.86;1.89;753.59;0.00;0.00;0.00
19.01.2021;3:31:08;2.50;28.89;1.90;753.58;0.00;0.00;0.00
19.01.2021;3:32:08;2.50;28.85;1.90;753.59;0.00;0.00;0.00
19.01.2021;3:33:08;2.50;28.86;1.88;753.60;0.00;0.00;0.00
19.01.2021;3:34:08;2.53;28.85;1.89;753.59;0.00;0.00;0.00
19.01.2021;3:35:08;2.50;28.87;1.88;753.57;0.00;0.00;0.00
19.01.2021;3:36:08;2.50;28.88;1.87;753.57;0.00;0.00;0.00
19.01.2021;3:37:08;2.53;28.88;1.87;753.57;0.00;0.00;0.00
19.01.2021;3:38:08;2.50;28.89;1.86;753.57;0.00;0.00;0.00
19.01.2021;3:39:08;2.50;28.95;1.84;753.57;0.00;0.00;0.00
19.01.2021;3:40:08;2.51;28.86;1.84;753.56;0.00;0.00;0.00
19.01.2021;3:41:08;2.50;28.84;1.85;753.55;0.00;0.00;0.00
19.01.2021;3:42:08;2.50;28.90;1.84;753.55;0.00;0.00;0.00
19.01.2021;3:43:08;2.50;28.94;1.84;753.55;0.00;0.00;0.00
19.01.2021;3:44:08;2.50;29.05;1.83;753.54;0.00;0.00;0.00
19.01.2021;3:45:08;2.50;28.94;1.82;753.54;0.00;0.00;0.00
19.01.2021;3:46:08;2.50;28.93;1.82;753.54;0.00;0.00;0.00
19.01.2021;3:47:08;2.50;28.94;1.81;753.55;0.00;0.00;0.00
19.01.2021;3:48:08;2.53;29.06;1.80;753.55;0.00;0.00;0.00
19.01.2021;3:49:08;2.50;28.93;1.81;753.56;0.00;0.00;0.00
19.01.2021;3:50:08;2.50;28.87;1.82;753.57;0.00;0.00;0.00
19.01.2021;3:51:08;2.53;28.95;1.81;753.58;0.00;0.00;0.00
19.01.2021;3:52:08;2.50;28.97;1.81;753.58;0.00;0.00;0.00
19.01.2021;3:53:08;2.50;28.92;1.82;753.58;0.00;0.00;0.00
19.01.2021;3:54:08;2.51;28.89;1.83;753.58;0.00;0.00;0.00
19.01.2021;3:55:08;2.50;28.89;1.83;753.57;0.00;0.00;0.00
19.01.2021;3:56:08;2.50;28.78;1.84;753.56;0.00;0.00;0.00
19.01.2021;3:57:08;2.50;28.84;1.83;753.54;0.00;0.00;0.00
19.01.2021;3:58:08;2.50;28.90;1.83;753.54;0.00;0.00;0.00
19.01.2021;3:59:08;2.50;28.83;1.82;753.55;0.00;0.00;0.00
19.01.2021;4:00:08;2.50;28.79;1.82;753.56;0.00;0.00;0.00
19.01.2021;4:01:08;2.50;28.83;1.82;753.56;0.00;0.00;0.00
19.01.2021;4:02:08;2.53;28.83;1.81;753.56;0.00;0.00;0.00
19.01.2021;4:03:08;2.50;28.84;1.82;753.55;0.00;0.00;0.00
19.01.2021;4:04:09;2.50;28.90;1.80;753.58;0.00;0.00;0.00
19.01.2021;4:05:09;2.53;28.95;1.79;753.59;0.00;0.00;0.00
19.01.2021;4:06:09;2.50;28.95;1.78;753.59;0.00;0.00;0.00
19.01.2021;4:07:09;2.50;29.02;1.79;753.59;0.00;0.00;0.00
19.01.2021;4:08:09;2.51;28.93;1.80;753.59;0.00;0.00;0.00
19.01.2021;4:09:09;2.50;29.05;1.79;753.59;0.00;0.00;0.00
19.01.2021;4:10:09;2.50;28.95;1.80;753.60;0.00;0.00;0.00
19.01.2021;4:11:09;2.50;28.88;1.82;753.60;0.00;0.00;0.00
19.01.2021;4:12:09;2.50;28.85;1.83;753.61;0.00;0.00;0.00
19.01.2021;4:13:09;2.50;28.80;1.83;753.61;0.00;0.00;0.00
19.01.2021;4:14:09;2.50;28.75;1.83;753.61;0.00;0.00;0.00
19.01.2021;4:15:09;2.50;28.81;1.82;753.61;0.00;0.00;0.00
19.01.2021;4:16:09;2.53;28.91;1.81;753.61;0.00;0.00;0.00
19.01.2021;4:17:09;2.50;28.91;1.81;753.62;0.00;0.00;0.00
19.01.2021;4:18:09;2.50;28.82;1.83;753.61;0.00;0.00;0.00
19.01.2021;4:19:09;2.53;28.76;1.85;753.61;0.00;0.00;0.00
19.01.2021;4:20:09;2.50;28.75;1.86;753.61;0.00;0.00;0.00
19.01.2021;4:21:09;2.50;28.59;1.86;753.58;0.00;0.00;0.00
19.01.2021;4:22:09;2.51;28.63;1.84;753.59;0.00;0.00;0.00
19.01.2021;4:23:09;2.50;28.70;1.81;753.58;0.00;0.00;0.00
19.01.2021;4:24:09;2.50;28.70;1.80;753.59;0.00;0.00;0.00
19.01.2021;4:25:09;2.50;28.69;1.78;753.60;0.00;0.00;0.00
19.01.2021;4:26:09;2.50;28.79;1.76;753.58;0.00;0.00;0.00
19.01.2021;4:27:09;2.50;28.76;1.75;753.57;0.00;0.00;0.00
19.01.2021;4:28:09;2.50;28.73;1.75;753.58;0.00;0.00;0.00
19.01.2021;4:29:09;2.50;28.75;1.74;753.58;0.00;0.00;0.00
19.01.2021;4:30:09;2.53;28.89;1.71;753.58;0.00;0.00;0.00
19.01.2021;4:31:09;2.50;28.86;1.69;753.58;0.00;0.00;0.00
19.01.2021;4:32:09;2.50;28.84;1.70;753.59;0.00;0.00;0.00
19.01.2021;4:33:09;2.53;28.83;1.69;753.60;0.00;0.00;0.00
19.01.2021;4:34:09;2.50;28.87;1.69;753.61;0.00;0.00;0.00
19.01.2021;4:35:09;2.50;28.85;1.69;753.61;0.00;0.00;0.00
19.01.2021;4:36:09;2.51;28.76;1.70;753.61;0.00;0.00;0.00
19.01.2021;4:37:09;2.50;28.86;1.68;753.61;0.00;0.00;0.00
19.01.2021;4:38:09;2.50;28.75;1.66;753.59;0.00;0.00;0.00
19.01.2021;4:39:09;2.50;28.78;1.66;753.57;0.00;0.00;0.00
19.01.2021;4:40:09;2.50;28.85;1.63;753.55;0.00;0.00;0.00
19.01.2021;4:41:09;2.50;28.87;1.62;753.54;0.00;0.00;0.00
19.01.2021;4:42:09;2.50;28.95;1.62;753.53;0.00;0.00;0.00
19.01.2021;4:43:09;2.50;29.04;1.60;753.53;0.00;0.00;0.00
19.01.2021;4:44:09;2.53;29.11;1.60;753.54;0.00;0.00;0.00
19.01.2021;4:45:09;2.50;28.96;1.62;753.55;0.00;0.00;0.00
19.01.2021;4:46:09;2.50;28.89;1.63;753.56;0.00;0.00;0.00
19.01.2021;4:47:09;2.53;28.88;1.61;753.56;0.00;0.00;0.00
19.01.2021;4:48:10;2.50;28.91;1.61;753.57;0.00;0.00;0.00
19.01.2021;4:49:10;2.50;29.00;1.61;753.57;0.00;0.00;0.00
19.01.2021;4:50:10;2.51;28.89;1.58;753.57;0.00;0.00;0.00
19.01.2021;4:51:10;2.50;28.94;1.57;753.58;0.00;0.00;0.00
19.01.2021;4:52:10;2.50;28.91;1.57;753.58;0.00;0.00;0.00
19.01.2021;4:53:10;2.50;28.91;1.56;753.60;0.00;0.00;0.00
19.01.2021;4:54:10;2.50;28.91;1.56;753.61;0.00;0.00;0.00
19.01.2021;4:55:10;2.50;28.82;1.58;753.60;0.00;0.00;0.00
19.01.2021;4:56:10;2.50;28.86;1.56;753.59;0.00;0.00;0.00
19.01.2021;4:57:10;2.50;28.76;1.55;753.59;0.00;0.00;0.00
19.01.2021;4:58:10;2.53;28.90;1.54;753.59;0.00;0.00;0.00
19.01.2021;4:59:10;2.50;28.84;1.52;753.58;0.00;0.00;0.00
19.01.2021;5:00:10;2.50;28.79;1.50;753.59;0.00;0.00;0.00
19.01.2021;5:01:10;2.53;28.81;1.48;753.59;0.00;0.00;0.00
19.01.2021;5:02:10;2.50;28.90;1.44;753.59;0.00;0.00;0.00
19.01.2021;5:03:10;2.50;28.98;1.41;753.59;0.00;0.00;0.00
19.01.2021;5:04:10;2.51;28.92;1.40;753.58;0.00;0.00;0.00
19.01.2021;5:05:10;2.50;29.07;1.40;753.59;0.00;0.00;0.00
19.01.2021;5:06:10;2.50;29.13;1.38;753.59;0.00;0.00;0.00
19.01.2021;5:07:10;2.50;29.05;1.36;753.58;0.00;0.00;0.00
19.01.2021;5:08:10;2.50;28.99;1.36;753.57;0.00;0.00;0.00
19.01.2021;5:09:10;2.50;29.03;1.36;753.56;0.00;0.00;0.00
19.01.2021;5:10:10;2.50;29.03;1.34;753.56;0.00;0.00;0.00
19.01.2021;5:11:10;2.50;29.05;1.32;753.57;0.00;0.00;0.00
19.01.2021;5:12:10;2.53;29.09;1.29;753.58;0.00;0.00;0.00
19.01.2021;5:13:10;2.50;29.02;1.30;753.58;0.00;0.00;0.00
19.01.2021;5:14:10;2.50;29.06;1.29;753.58;0.00;0.00;0.00
19.01.2021;5:15:10;2.53;29.08;1.28;753.56;0.00;0.00;0.00
19.01.2021;5:16:10;2.50;29.11;1.28;753.56;0.00;0.00;0.00
19.01.2021;5:17:10;2.50;29.19;1.26;753.55;0.00;0.00;0.00
19.01.2021;5:18:10;2.51;29.17;1.25;753.53;0.00;0.00;0.00
19.01.2021;5:19:10;2.50;29.21;1.24;753.54;0.00;0.00;0.00
19.01.2021;5:20:10;2.50;29.23;1.22;753.53;0.00;0.00;0.00
19.01.2021;5:21:10;2.50;29.22;1.23;753.53;0.00;0.00;0.00
19.01.2021;5:22:10;2.50;29.19;1.24;753.53;0.00;0.00;0.00
19.01.2021;5:23:10;2.50;29.22;1.24;753.53;0.00;0.00;0.00
19.01.2021;5:24:10;2.50;29.21;1.24;753.53;0.00;0.00;0.00
19.01.2021;5:25:10;2.50;29.12;1.25;753.53;0.00;0.00;0.00
19.01.2021;5:26:10;2.53;29.24;1.23;753.53;0.00;0.00;0.00
19.01.2021;5:27:10;2.50;29.13;1.25;753.53;0.00;0.00;0.00
19.01.2021;5:28:10;2.50;29.16;1.24;753.53;0.00;0.00;0.00
19.01.2021;5:29:10;2.53;29.12;1.24;753.54;0.00;0.00;0.00
19.01.2021;5:30:10;2.50;29.17;1.22;753.53;0.00;0.00;0.00
19.01.2021;5:31:10;2.50;29.13;1.22;753.52;0.00;0.00;0.00
19.01.2021;5:32:11;2.51;29.16;1.21;753.53;0.00;0.00;0.00
19.01.2021;5:33:11;2.50;29.29;1.20;753.53;0.00;0.00;0.00
19.01.2021;5:34:11;2.50;29.31;1.19;753.52;0.00;0.00;0.00
19.01.2021;5:35:11;2.50;29.20;1.18;753.51;0.00;0.00;0.00
19.01.2021;5:36:11;2.50;29.28;1.17;753.51;0.00;0.00;0.00
19.01.2021;5:37:11;2.50;29.30;1.17;753.51;0.00;0.00;0.00
19.01.2021;5:38:11;2.50;29.30;1.15;753.51;0.00;0.00;0.00
19.01.2021;5:39:11;2.50;29.27;1.17;753.52;0.00;0.00;0.00
19.01.2021;5:40:11;2.53;29.15;1.19;753.52;0.00;0.00;0.00
19.01.2021;5:41:11;2.50;29.16;1.19;753.53;0.00;0.00;0.00
19.01.2021;5:42:11;2.50;29.13;1.21;753.53;0.00;0.00;0.00
19.01.2021;5:43:11;2.53;29.08;1.22;753.54;0.00;0.00;0.00
19.01.2021;5:44:11;2.50;29.03;1.22;753.55;0.00;0.00;0.00
19.01.2021;5:45:11;2.50;29.13;1.22;753.55;0.00;0.00;0.00
19.01.2021;5:46:11;2.51;29.11;1.20;753.56;0.00;0.00;0.00
19.01.2021;5:47:11;2.50;29.07;1.20;753.55;0.00;0.00;0.00
19.01.2021;5:48:11;2.50;29.01;1.19;753.55;0.00;0.00;0.00
19.01.2021;5:49:11;2.50;29.04;1.18;753.57;0.00;0.00;0.00
19.01.2021;5:50:11;2.50;29.05;1.15;753.57;0.00;0.00;0.00
19.01.2021;5:51:11;2.50;29.01;1.16;753.56;0.00;0.00;0.00
19.01.2021;5:52:11;2.50;29.04;1.13;753.58;0.00;0.00;0.00
19.01.2021;5:53:11;2.50;29.12;1.13;753.58;0.00;0.00;0.00
19.01.2021;5:54:11;2.53;29.15;1.12;753.58;0.00;0.00;0.00
19.01.2021;5:55:11;2.50;29.18;1.11;753.60;0.00;0.00;0.00
19.01.2021;5:56:11;2.50;29.19;1.10;753.60;0.00;0.00;0.00
19.01.2021;5:57:11;2.53;29.10;1.11;753.59;0.00;0.00;0.00
19.01.2021;5:58:11;2.50;29.20;1.10;753.59;0.00;0.00;0.00
19.01.2021;5:59:11;2.50;29.25;1.08;753.58;0.00;0.00;0.00
19.01.2021;6:00:11;2.51;29.18;1.09;753.57;0.00;0.00;0.00
19.01.2021;6:01:11;2.50;29.13;1.11;753.56;0.00;0.00;0.00
19.01.2021;6:02:11;2.50;29.10;1.10;753.55;0.00;0.00;0.00
19.01.2021;6:03:11;2.50;29.17;1.08;753.53;0.00;0.00;0.00
19.01.2021;6:04:11;2.50;29.19;1.08;753.53;0.00;0.00;0.00
19.01.2021;6:05:11;2.50;29.21;1.08;753.54;0.00;0.00;0.00
19.01.2021;6:06:11;2.50;29.26;1.07;753.54;0.00;0.00;0.00
19.01.2021;6:07:11;2.50;29.16;1.10;753.55;0.00;0.00;0.00
19.01.2021;6:08:11;2.53;29.45;1.09;753.57;0.00;0.00;0.00
19.01.2021;6:09:11;2.50;29.31;1.08;753.56;0.00;0.00;0.00
19.01.2021;6:10:11;2.50;29.22;1.09;753.57;0.00;0.00;0.00
19.01.2021;6:11:11;2.53;29.27;1.09;753.56;0.00;0.00;0.00
19.01.2021;6:12:11;2.50;29.25;1.09;753.56;0.00;0.00;0.00
19.01.2021;6:13:11;2.50;29.17;1.11;753.56;0.00;0.00;0.00
19.01.2021;6:14:11;2.51;29.10;1.12;753.56;0.00;0.00;0.00
19.01.2021;6:15:11;2.50;29.12;1.11;753.56;0.00;0.00;0.00
19.01.2021;6:16:12;2.50;29.11;1.13;753.56;0.00;0.00;0.00
19.01.2021;6:17:12;2.50;29.09;1.14;753.56;0.00;0.00;0.00
19.01.2021;6:18:12;2.50;29.11;1.13;753.56;0.00;0.00;0.00
19.01.2021;6:19:12;2.50;29.14;1.14;753.56;0.00;0.00;0.00
19.01.2021;6:20:12;2.50;29.14;1.15;753.57;0.00;0.00;0.00
19.01.2021;6:21:12;2.50;29.05;1.17;753.55;0.00;0.00;0.00
19.01.2021;6:22:12;2.53;28.88;1.20;753.53;0.00;0.00;0.00
19.01.2021;6:23:12;2.50;28.94;1.19;753.52;0.00;0.00;0.00
19.01.2021;6:24:12;2.50;29.03;1.17;753.51;0.00;0.00;0.00
19.01.2021;6:25:12;2.53;29.05;1.17;753.50;0.00;0.00;0.00
19.01.2021;6:26:12;2.50;29.00;1.17;753.51;0.00;0.00;0.00
19.01.2021;6:27:12;2.50;29.00;1.15;753.49;0.00;0.00;0.00
19.01.2021;6:28:12;2.51;29.06;1.14;753.50;0.00;0.00;0.00
19.01.2021;6:29:12;2.50;28.93;1.17;753.50;0.00;0.00;0.00
19.01.2021;6:30:12;2.50;28.86;1.20;753.51;0.00;0.00;0.00
19.01.2021;6:31:12;2.50;28.99;1.17;753.52;0.00;0.00;0.00
19.01.2021;6:32:12;2.50;29.06;1.14;753.53;0.00;0.00;0.00
19.01.2021;6:33:12;2.50;28.99;1.15;753.53;0.00;0.00;0.00
19.01.2021;6:34:12;2.50;28.99;1.13;753.53;0.00;0.00;0.00
19.01.2021;6:35:12;2.50;28.98;1.12;753.54;0.00;0.00;0.00
19.01.2021;6:36:12;2.53;29.03;1.12;753.53;0.00;0.00;0.00
19.01.2021;6:37:12;2.50;29.03;1.10;753.52;0.00;0.00;0.00
19.01.2021;6:38:12;2.50;29.10;1.08;753.52;0.00;0.00;0.00
19.01.2021;6:39:12;2.53;29.02;1.09;753.54;0.00;0.00;0.00
19.01.2021;6:40:12;2.50;29.02;1.09;753.55;0.00;0.00;0.00
19.01.2021;6:41:12;2.50;29.00;1.09;753.56;0.00;0.00;0.00
19.01.2021;6:42:12;2.51;28.99;1.09;753.56;0.00;0.00;0.00
19.01.2021;6:43:12;2.50;29.12;1.08;753.55;0.00;0.00;0.00
19.01.2021;6:44:12;2.50;28.95;1.06;753.54;0.00;0.00;0.00
19.01.2021;6:45:12;2.50;28.97;1.06;753.54;0.00;0.00;0.00
19.01.2021;6:46:12;2.50;28.96;1.04;753.55;0.00;0.00;0.00
19.01.2021;6:47:12;2.50;28.96;1.04;753.57;0.00;0.00;0.00
19.01.2021;6:48:12;2.50;29.04;1.02;753.58;0.00;0.00;0.00
19.01.2021;6:49:12;2.50;29.05;1.01;753.59;0.00;0.00;0.00
19.01.2021;6:50:12;2.53;28.97;1.00;753.61;0.00;0.00;0.00
19.01.2021;6:51:12;2.50;29.04;0.96;753.62;0.00;0.00;0.00
19.01.2021;6:52:12;2.50;29.05;0.96;753.63;0.00;0.00;0.00
19.01.2021;6:53:12;2.53;29.11;0.96;753.63;0.00;0.00;0.00
19.01.2021;6:54:12;2.50;29.03;0.98;753.65;0.00;0.00;0.00
19.01.2021;6:55:12;2.50;28.96;0.97;753.66;0.00;0.00;0.00
19.01.2021;6:56:12;2.51;29.04;0.95;753.69;0.00;0.00;0.00
19.01.2021;6:57:12;2.50;29.04;0.93;753.71;0.00;0.00;0.00
19.01.2021;6:58:12;2.50;29.10;0.90;753.73;0.00;0.00;0.00
19.01.2021;6:59:12;2.50;29.16;0.89;753.73;0.00;0.00;0.00
19.01.2021;7:00:12;2.50;29.09;0.89;753.75;0.00;0.00;0.00
19.01.2021;7:01:13;2.50;29.11;0.88;753.75;0.00;0.00;0.00
19.01.2021;7:02:13;2.50;29.16;0.88;753.75;0.00;0.00;0.00
19.01.2021;7:03:13;2.50;29.14;0.87;753.74;0.00;0.00;0.00
19.01.2021;7:04:13;2.53;29.17;0.85;753.75;0.00;0.00;0.00
19.01.2021;7:05:13;2.57;29.18;0.86;753.75;0.00;0.00;0.00
19.01.2021;7:06:13;2.63;29.11;0.87;753.75;0.00;0.00;0.00
19.01.2021;7:07:13;2.99;29.10;0.86;753.75;0.00;0.00;0.00
19.01.2021;7:08:13;3.21;28.90;0.92;753.77;0.00;0.00;0.00
19.01.2021;7:09:13;3.33;28.77;0.94;753.77;0.00;0.00;0.00
19.01.2021;7:10:13;3.33;28.86;0.94;753.77;0.00;0.00;0.00
19.01.2021;7:11:13;3.33;28.82;0.92;753.76;0.00;0.00;0.00
19.01.2021;7:12:13;3.33;28.76;0.90;753.78;0.00;0.00;0.00
19.01.2021;7:13:13;3.33;28.84;0.87;753.81;0.00;0.00;0.00
19.01.2021;7:14:13;3.33;29.00;0.83;753.85;0.00;0.00;0.00
19.01.2021;7:15:13;3.33;29.09;0.79;753.87;0.00;0.00;0.00
19.01.2021;7:16:13;3.33;29.10;0.77;753.89;0.00;0.00;0.00
19.01.2021;7:17:13;3.33;29.03;0.74;753.90;0.00;0.00;0.00
19.01.2021;7:18:13;3.36;29.10;0.72;753.90;0.00;0.00;0.00
19.01.2021;7:19:13;3.89;29.09;0.73;753.91;0.00;0.00;0.00
19.01.2021;7:20:13;4.17;29.06;0.74;753.92;0.00;0.00;0.00
19.01.2021;7:21:13;4.18;29.05;0.74;753.92;0.00;0.00;0.00
19.01.2021;7:22:13;4.21;29.11;0.72;753.91;0.00;0.00;0.00
19.01.2021;7:23:13;4.94;29.10;0.72;753.91;0.00;0.00;0.00
19.01.2021;7:24:13;5.00;29.06;0.71;753.91;0.00;0.00;0.00
19.01.2021;7:25:13;5.49;29.12;0.70;753.91;0.00;0.00;0.00
19.01.2021;7:26:13;5.83;29.17;0.67;753.91;0.00;0.00;0.00
19.01.2021;7:27:13;6.47;29.18;0.69;753.92;0.00;0.00;0.00
19.01.2021;7:28:13;7.09;29.43;0.68;753.92;0.00;0.00;0.00
19.01.2021;7:29:13;7.81;29.10;0.71;753.92;0.00;0.00;0.00
19.01.2021;7:30:13;8.69;29.08;0.70;753.91;0.00;0.00;0.00
19.01.2021;7:31:13;9.70;29.06;0.70;753.90;0.00;0.00;0.00
19.01.2021;7:32:13;10.99;28.97;0.74;753.89;0.00;0.00;0.00
19.01.2021;7:33:13;12.24;28.88;0.76;753.89;0.00;0.00;0.00
19.01.2021;7:34:13;13.93;28.85;0.78;753.90;0.00;0.00;0.00
19.01.2021;7:35:13;15.81;28.76;0.77;753.90;0.01;0.00;0.00
19.01.2021;7:36:13;17.93;28.84;0.74;753.90;0.02;0.00;0.00
19.01.2021;7:37:13;20.11;28.87;0.72;753.91;0.03;0.00;0.00
19.01.2021;7:38:13;22.71;28.89;0.71;753.91;0.04;0.00;0.00
19.01.2021;7:39:13;25.65;28.90;0.72;753.92;0.05;0.00;0.00
19.01.2021;7:40:13;28.79;28.97;0.68;753.92;0.06;0.00;0.00
19.01.2021;7:41:13;32.29;28.98;0.66;753.92;0.07;0.00;0.00
19.01.2021;7:42:13;36.07;29.05;0.63;753.92;0.08;0.00;0.00
19.01.2021;7:43:13;40.14;29.08;0.61;753.94;0.09;0.00;0.00
19.01.2021;7:44:14;44.54;29.06;0.60;753.94;0.11;0.00;0.00
19.01.2021;7:45:14;49.25;29.24;0.59;753.93;0.12;0.00;0.00
19.01.2021;7:46:14;54.51;29.31;0.59;753.95;0.14;0.00;0.00
19.01.2021;7:47:14;59.76;29.24;0.61;753.96;0.15;0.00;0.00
19.01.2021;7:48:14;64.97;29.11;0.64;753.97;0.17;0.00;0.00
19.01.2021;7:49:14;70.57;29.04;0.66;753.97;0.18;0.00;0.00
19.01.2021;7:50:14;76.92;29.00;0.67;753.97;0.20;0.00;0.00
19.01.2021;7:51:14;83.55;29.01;0.70;753.97;0.22;0.00;0.00
19.01.2021;7:52:14;90.78;28.95;0.71;753.98;0.24;0.00;0.00
19.01.2021;7:53:14;97.85;28.94;0.72;753.97;0.26;0.00;0.00
19.01.2021;7:54:14;105.31;28.84;0.72;753.95;0.28;0.00;0.00
19.01.2021;7:55:14;113.96;28.84;0.73;753.94;0.31;0.00;0.00
19.01.2021;7:56:14;122.10;28.83;0.73;753.94;0.34;0.00;0.00
19.01.2021;7:57:14;130.83;28.76;0.74;753.93;0.36;0.00;0.00
19.01.2021;7:58:14;139.83;28.76;0.77;753.93;0.38;0.00;0.00
19.01.2021;7:59:14;148.35;28.60;0.78;753.92;0.40;0.00;0.00
19.01.2021;8:00:14;156.75;28.55;0.76;753.92;0.42;0.00;0.00
19.01.2021;8:01:14;165.31;28.56;0.76;753.93;0.44;0.03;0.01
19.01.2021;8:02:14;173.95;28.54;0.77;753.94;0.47;0.09;0.04
19.01.2021;8:03:14;183.82;28.55;0.74;753.94;0.49;0.12;0.06
19.01.2021;8:04:14;193.09;28.55;0.70;753.93;0.51;0.16;0.08
19.01.2021;8:05:14;201.71;28.69;0.66;753.93;0.53;0.19;0.10
19.01.2021;8:06:14;211.68;28.68;0.65;753.93;0.54;0.22;0.12
19.01.2021;8:07:14;223.50;28.61;0.67;753.94;0.57;0.26;0.15
19.01.2021;8:08:14;234.21;28.60;0.67;753.92;0.59;0.30;0.18
19.01.2021;8:09:14;244.25;28.61;0.66;753.91;0.61;0.33;0.20
19.01.2021;8:10:14;255.44;28.63;0.66;753.91;0.64;0.39;0.25
19.01.2021;8:11:14;266.95;28.65;0.64;753.92;0.68;0.43;0.29
19.01.2021;8:12:14;278.08;28.69;0.63;753.92;0.71;0.48;0.34
19.01.2021;8:13:14;289.14;28.65;0.64;753.94;0.73;0.51;0.37
19.01.2021;8:14:14;300.13;28.61;0.62;753.94;0.76;0.56;0.43
19.01.2021;8:15:14;310.93;28.69;0.59;753.95;0.78;0.60;0.47
19.01.2021;8:16:14;322.22;28.75;0.58;753.95;0.80;0.62;0.50
19.01.2021;8:17:14;333.75;28.70;0.62;753.96;0.83;0.69;0.57
19.01.2021;8:18:14;345.03;28.70;0.61;753.96;0.86;0.71;0.61
19.01.2021;8:19:14;355.78;28.82;0.60;753.97;0.88;0.76;0.67
19.01.2021;8:20:14;366.42;28.85;0.58;753.98;0.90;0.80;0.72
19.01.2021;8:21:14;376.99;28.93;0.57;753.99;0.92;0.82;0.76
19.01.2021;8:22:15;387.67;28.93;0.59;753.98;0.94;0.85;0.79
19.01.2021;8:23:15;399.79;28.93;0.61;753.98;0.96;0.89;0.85
19.01.2021;8:24:15;409.75;28.88;0.62;753.97;0.97;0.90;0.87
19.01.2021;8:25:15;418.33;28.96;0.61;753.96;0.99;0.92;0.90
19.01.2021;8:26:15;427.91;29.02;0.62;753.95;1.00;0.97;0.97
19.01.2021;8:27:15;440.51;29.01;0.65;753.95;1.03;1.00;1.03
19.01.2021;8:28:15;454.84;28.95;0.69;753.95;1.08;1.09;1.18
19.01.2021;8:29:15;468.88;28.98;0.72;753.96;1.14;1.19;1.36
19.01.2021;8:30:15;484.10;28.93;0.75;753.98;1.19;1.27;1.50
19.01.2021;8:31:15;496.31;28.91;0.78;753.98;1.23;1.32;1.62
19.01.2021;8:32:15;505.19;28.90;0.80;754.00;1.25;1.37;1.71
19.01.2021;8:33:15;518.14;28.83;0.82;754.00;1.28;1.42;1.82
19.01.2021;8:34:15;536.24;28.78;0.85;753.98;1.35;1.54;2.08
19.01.2021;8:35:15;553.52;28.78;0.88;754.00;1.43;1.65;2.35
19.01.2021;8:36:15;562.10;28.70;0.93;754.03;1.45;1.69;2.45
19.01.2021;8:37:15;567.64;28.62;0.97;754.03;1.45;1.70;2.47
19.01.2021;8:38:15;580.41;28.57;0.99;754.03;1.48;1.75;2.58
19.01.2021;8:39:15;601.21;28.62;1.03;754.04;1.55;1.86;2.88
19.01.2021;8:40:15;625.92;28.55;1.08;754.05;1.65;2.02;3.34
19.01.2021;8:41:15;648.65;28.43;1.12;754.04;1.72;2.10;3.61
19.01.2021;8:42:15;665.36;28.38;1.14;754.03;1.76;2.12;3.74
19.01.2021;8:43:15;675.42;28.38;1.16;754.03;1.78;2.12;3.77
19.01.2021;8:44:15;684.81;28.37;1.19;754.02;1.77;2.11;3.73
19.01.2021;8:45:15;692.80;28.29;1.21;754.03;1.75;2.11;3.69
19.01.2021;8:46:15;697.63;28.29;1.22;754.04;1.75;2.11;3.70
19.01.2021;8:47:15;705.76;28.29;1.22;754.05;1.77;2.13;3.77
19.01.2021;8:48:15;720.32;28.28;1.24;754.06;1.83;2.20;4.04
19.01.2021;8:49:15;723.64;28.25;1.25;754.08;1.81;2.19;3.97
19.01.2021;8:50:15;751.37;28.17;1.30;754.07;1.90;2.35;4.47
19.01.2021;8:51:15;767.69;28.08;1.36;754.07;1.96;2.46;4.81
19.01.2021;8:52:15;803.09;28.14;1.35;754.08;2.05;2.63;5.41
19.01.2021;8:53:15;816.82;28.12;1.35;754.08;2.09;2.70;5.65
19.01.2021;8:54:15;803.54;28.09;1.37;754.07;1.97;2.49;4.91
19.01.2021;8:55:15;792.01;27.99;1.39;754.08;1.91;2.38;4.56
19.01.2021;8:56:15;794.42;27.98;1.42;754.08;1.92;2.38;4.56
19.01.2021;8:57:15;795.32;27.96;1.41;754.07;1.90;2.32;4.41
19.01.2021;8:58:15;803.71;28.08;1.39;754.08;1.91;2.37;4.53
19.01.2021;8:59:16;828.50;28.00;1.41;754.08;1.99;2.51;5.00
19.01.2021;9:00:16;860.35;27.98;1.42;754.09;2.10;2.71;5.70
19.01.2021;9:01:16;873.69;27.89;1.45;754.09;2.13;2.78;5.93
19.01.2021;9:02:16;886.92;27.98;1.47;754.10;2.17;2.84;6.17
19.01.2021;9:03:16;896.85;27.92;1.48;754.10;2.20;2.90;6.38
19.01.2021;9:04:16;896.75;27.94;1.47;754.10;2.21;2.91;6.45
19.01.2021;9:05:16;915.35;27.94;1.49;754.10;2.27;3.02;6.87
19.01.2021;9:06:16;944.56;27.90;1.52;754.11;2.37;3.16;7.48
19.01.2021;9:07:16;940.28;27.76;1.55;754.12;2.36;3.15;7.46
19.01.2021;9:08:16;935.15;27.78;1.56;754.13;2.33;3.10;7.21
19.01.2021;9:09:16;1006.02;27.74;1.57;754.14;2.56;3.48;8.89
19.01.2021;9:10:16;1021.25;27.77;1.59;754.13;2.59;3.53;9.16
19.01.2021;9:11:16;1011.48;27.72;1.61;754.13;2.57;3.49;8.97
19.01.2021;9:12:16;995.60;27.66;1.63;754.13;2.53;3.42;8.64
19.01.2021;9:13:16;988.58;27.57;1.65;754.12;2.49;3.37;8.40
19.01.2021;9:14:16;1010.52;27.53;1.67;754.13;2.57;3.51;9.01
19.01.2021;9:15:16;1048.15;27.51;1.69;754.14;2.70;3.71;10.01
19.01.2021;9:16:16;1096.05;27.57;1.71;754.15;2.84;3.94;11.17
19.01.2021;9:17:16;1153.79;27.60;1.74;754.14;2.99;4.20;12.56
19.01.2021;9:18:16;1161.04;27.43;1.77;754.12;2.98;4.18;12.47
19.01.2021;9:19:16;1160.81;27.40;1.79;754.13;2.97;4.17;12.39
19.01.2021;9:20:16;1176.63;27.39;1.82;754.15;3.00;4.20;12.59
19.01.2021;9:21:16;1194.63;27.23;1.87;754.15;3.02;4.24;12.82
19.01.2021;9:22:16;1173.31;27.27;1.88;754.16;2.94;4.11;12.06
19.01.2021;9:23:16;1164.97;27.26;1.88;754.16;2.86;3.97;11.35
19.01.2021;9:24:16;1135.32;27.19;1.89;754.15;2.78;3.84;10.67
19.01.2021;9:25:16;1075.28;27.19;1.88;754.16;2.57;3.50;8.99
19.01.2021;9:26:16;1087.74;27.22;1.86;754.16;2.63;3.59;9.44
19.01.2021;9:27:16;1101.64;27.10;1.87;754.16;2.67;3.66;9.77
19.01.2021;9:28:16;1134.63;27.12;1.87;754.16;2.78;3.85;10.71
19.01.2021;9:29:16;1180.44;27.18;1.87;754.15;2.89;4.02;11.60
19.01.2021;9:30:16;1248.44;27.16;1.87;754.17;3.06;4.31;13.21
19.01.2021;9:31:16;1325.18;27.13;1.89;754.18;3.25;4.62;15.02
19.01.2021;9:32:16;1310.24;27.16;1.92;754.17;3.20;4.54;14.54
19.01.2021;9:33:16;1246.45;27.21;1.93;754.16;3.04;4.26;12.92
19.01.2021;9:34:17;1208.19;27.35;1.93;754.16;2.91;4.07;11.82
19.01.2021;9:35:17;1251.03;27.34;1.93;754.17;2.99;4.18;12.50
19.01.2021;9:36:17;1289.60;27.27;1.95;754.17;3.10;4.37;13.54
19.01.2021;9:37:17;1265.21;27.14;1.99;754.17;3.02;4.24;12.82
19.01.2021;9:38:17;1259.87;27.09;2.00;754.17;2.99;4.19;12.54
19.01.2021;9:39:17;1296.97;27.03;2.01;754.16;3.06;4.31;13.21
19.01.2021;9:40:17;1346.92;27.10;2.05;754.19;3.20;4.53;14.50
19.01.2021;9:41:17;1386.12;27.25;2.06;754.21;3.29;4.69;15.44
19.01.2021;9:42:17;1461.26;26.98;2.08;754.24;3.49;5.01;17.50
19.01.2021;9:43:17;1471.54;26.85;2.13;754.23;3.50;5.03;17.59
19.01.2021;9:44:17;1500.35;26.81;2.17;754.23;3.54;5.08;17.94
19.01.2021;9:45:17;1579.51;26.79;2.21;754.24;3.70;5.35;19.80
19.01.2021;9:46:17;1661.92;26.80;2.25;754.24;3.84;5.58;21.43
19.01.2021;9:47:17;1663.61;26.83;2.28;754.25;3.85;5.59;21.54
19.01.2021;9:48:17;1665.90;26.66;2.32;754.24;3.83;5.57;21.31
19.01.2021;9:49:17;1635.89;26.63;2.36;754.26;3.80;5.51;20.94
19.01.2021;9:50:17;1583.47;26.52;2.38;754.26;3.70;5.36;19.87
19.01.2021;9:51:17;1486.74;26.78;2.39;754.26;3.49;5.02;17.52
19.01.2021;9:52:17;1474.81;26.64;2.39;754.26;3.45;4.95;17.10
19.01.2021;9:53:17;1516.74;26.55;2.41;754.27;3.55;5.12;18.18
19.01.2021;9:54:17;1584.00;26.45;2.42;754.28;3.65;5.29;19.33
19.01.2021;9:55:17;1567.91;26.46;2.44;754.28;3.62;5.22;18.88
19.01.2021;9:56:17;1476.00;26.44;2.44;754.28;3.40;4.87;16.57
19.01.2021;9:57:17;1425.76;26.44;2.44;754.27;3.30;4.71;15.52
19.01.2021;9:58:17;1415.54;26.40;2.44;754.28;3.28;4.65;15.23
19.01.2021;9:59:17;1429.71;26.48;2.43;754.29;3.34;4.76;15.87
19.01.2021;10:00:17;1430.10;26.49;2.43;754.28;3.33;4.74;15.75
19.01.2021;10:01:17;1448.42;26.43;2.44;754.28;3.35;4.80;16.10
19.01.2021;10:02:17;1440.20;26.40;2.44;754.28;3.34;4.78;15.97
19.01.2021;10:03:17;1471.68;26.45;2.43;754.28;3.41;4.87;16.59
19.01.2021;10:04:17;1512.97;26.37;2.44;754.31;3.49;5.00;17.44
19.01.2021;10:05:18;1527.63;26.40;2.46;754.31;3.51;5.05;17.77
19.01.2021;10:06:18;1534.94;26.40;2.47;754.31;3.52;5.06;17.83
19.01.2021;10:07:18;1551.74;26.50;2.49;754.31;3.58;5.18;18.54
19.01.2021;10:08:18;1546.82;26.37;2.50;754.30;3.56;5.14;18.29
19.01.2021;10:09:18;1471.81;26.60;2.51;754.30;3.35;4.79;16.04
19.01.2021;10:10:18;1447.47;26.58;2.49;754.30;3.28;4.67;15.31
19.01.2021;10:11:18;1467.24;26.42;2.48;754.29;3.31;4.72;15.62
19.01.2021;10:12:18;1520.89;26.32;2.49;754.29;3.39;4.85;16.43
19.01.2021;10:13:18;1594.85;26.36;2.51;754.29;3.53;5.08;17.91
19.01.2021;10:14:18;1632.65;26.41;2.53;754.27;3.58;5.16;18.48
19.01.2021;10:15:18;1636.74;26.36;2.53;754.26;3.58;5.16;18.46
19.01.2021;10:16:18;1634.88;26.33;2.55;754.27;3.57;5.14;18.31
19.01.2021;10:17:18;1616.57;26.26;2.56;754.29;3.53;5.07;17.90
19.01.2021;10:18:18;1573.22;26.23;2.54;754.29;3.46;4.97;17.21
19.01.2021;10:19:18;1530.65;26.34;2.53;754.31;3.38;4.84;16.36
19.01.2021;10:20:18;1541.47;26.34;2.52;754.29;3.40;4.87;16.56
19.01.2021;10:21:18;1552.75;26.45;2.51;754.29;3.39;4.84;16.40
19.01.2021;10:22:18;1576.95;26.53;2.51;754.28;3.44;4.92;16.91
19.01.2021;10:23:18;1625.85;26.40;2.53;754.29;3.52;5.06;17.78
19.01.2021;10:24:18;1718.81;26.30;2.55;754.29;3.67;5.32;19.52
19.01.2021;10:25:18;1787.82;26.27;2.58;754.29;3.80;5.52;20.96
19.01.2021;10:26:18;1823.19;26.43;2.60;754.26;3.85;5.61;21.63
19.01.2021;10:27:18;1815.17;26.30;2.65;754.28;3.83;5.58;21.36
19.01.2021;10:28:18;1818.54;26.28;2.68;754.29;3.82;5.56;21.23
19.01.2021;10:29:18;1832.95;26.16;2.69;754.28;3.83;5.58;21.38
19.01.2021;10:30:18;1872.83;26.04;2.73;754.28;3.88;5.65;21.90
19.01.2021;10:31:18;1918.53;26.20;2.75;754.28;3.95;5.76;22.74
19.01.2021;10:32:18;1958.57;26.01;2.77;754.29;4.00;5.84;23.34
19.01.2021;10:33:18;1959.71;26.08;2.79;754.30;4.00;5.86;23.46
19.01.2021;10:34:18;1942.49;26.19;2.83;754.28;3.98;5.82;23.17
19.01.2021;10:35:18;1865.65;26.05;2.83;754.28;3.83;5.58;21.40
19.01.2021;10:36:19;1826.16;25.89;2.83;754.28;3.77;5.48;20.69
19.01.2021;10:37:19;1776.37;25.89;2.83;754.28;3.67;5.32;19.54
19.01.2021;10:38:19;1757.83;26.01;2.82;754.27;3.63;5.25;19.07
19.01.2021;10:39:19;1784.58;25.98;2.80;754.27;3.66;5.29;19.36
19.01.2021;10:40:19;1844.96;26.33;2.80;754.28;3.74;5.42;20.30
19.01.2021;10:41:19;1811.20;25.97;2.80;754.29;3.68;5.34;19.69
19.01.2021;10:42:19;1734.58;25.90;2.80;754.28;3.57;5.15;18.39
19.01.2021;10:43:19;1689.18;25.94;2.78;754.27;3.51;5.05;17.76
19.01.2021;10:44:19;1658.87;26.07;2.76;754.27;3.47;4.99;17.32
19.01.2021;10:45:19;1636.85;26.09;2.74;754.25;3.44;4.92;16.93
19.01.2021;10:46:19;1652.20;26.13;2.73;754.23;3.46;4.96;17.18
19.01.2021;10:47:19;1735.29;26.20;2.72;754.22;3.59;5.18;18.56
19.01.2021;10:48:19;1818.07;26.17;2.74;754.21;3.75;5.44;20.39
19.01.2021;10:49:19;1866.06;26.25;2.77;754.22;3.83;5.57;21.34
19.01.2021;10:50:19;1895.61;26.21;2.80;754.22;3.91;5.68;22.22
19.01.2021;10:51:19;1873.87;26.10;2.84;754.23;3.89;5.67;22.07
19.01.2021;10:52:19;1797.72;26.09;2.86;754.20;3.81;5.52;21.00
19.01.2021;10:53:19;1714.38;26.13;2.86;754.21;3.69;5.34;19.69
19.01.2021;10:54:19;1694.01;26.13;2.86;754.18;3.64;5.25;19.11
19.01.2021;10:55:19;1663.64;26.01;2.85;754.17;3.55;5.11;18.13
19.01.2021;10:56:19;1600.42;26.15;2.83;754.17;3.38;4.82;16.29
19.01.2021;10:57:19;1639.31;26.08;2.82;754.17;3.47;4.99;17.34
19.01.2021;10:58:19;1601.98;26.30;2.82;754.15;3.40;4.87;16.57
19.01.2021;10:59:19;1520.93;26.16;2.79;754.15;3.22;4.57;14.74
19.01.2021;11:00:19;1494.54;26.24;2.76;754.13;3.19;4.51;14.37
19.01.2021;11:01:19;1475.06;26.54;2.74;754.11;3.13;4.43;13.88
19.01.2021;11:02:19;1483.93;26.20;2.72;754.11;3.14;4.43;13.93
19.01.2021;11:03:19;1510.45;26.09;2.70;754.11;3.22;4.58;14.75
19.01.2021;11:04:19;1559.19;26.06;2.69;754.11;3.34;4.78;15.95
19.01.2021;11:05:19;1578.54;26.14;2.69;754.11;3.35;4.80;16.08
19.01.2021;11:06:19;1624.80;26.16;2.69;754.09;3.44;4.92;16.89
19.01.2021;11:07:20;1681.50;26.12;2.69;754.08;3.51;5.05;17.72
19.01.2021;11:08:20;1747.26;26.04;2.69;754.09;3.61;5.21;18.78
19.01.2021;11:09:20;1807.18;26.19;2.71;754.09;3.68;5.34;19.66
19.01.2021;11:10:20;1849.22;26.29;2.73;754.08;3.74;5.42;20.25
19.01.2021;11:11:20;1818.01;26.70;2.77;754.08;3.64;5.26;19.15
19.01.2021;11:12:20;1872.21;26.25;2.77;754.08;3.77;5.46;20.56
19.01.2021;11:13:20;1908.81;26.11;2.79;754.07;3.83;5.57;21.31
19.01.2021;11:14:20;1963.29;26.04;2.81;754.05;3.89;5.67;22.09
19.01.2021;11:15:20;2027.03;26.27;2.85;754.04;3.97;5.80;22.99
19.01.2021;11:16:20;2081.24;26.35;2.88;754.02;4.01;5.87;23.55
19.01.2021;11:17:20;2159.54;26.10;2.91;754.01;4.09;5.99;24.45
19.01.2021;11:18:20;2250.59;25.93;2.95;754.01;4.18;6.14;25.68
19.01.2021;11:19:20;2284.86;25.86;2.98;754.01;4.20;6.17;25.88
19.01.2021;11:20:20;2386.43;25.80;3.02;754.02;4.29;6.31;27.04
19.01.2021;11:21:20;2466.56;25.70;3.07;754.03;4.34;6.42;27.88
19.01.2021;11:22:20;2536.53;25.60;3.13;754.04;4.39;6.48;28.45
19.01.2021;11:23:20;2628.31;25.49;3.18;754.03;4.45;6.57;29.24
19.01.2021;11:24:20;2710.76;25.53;3.25;754.04;4.50;6.67;30.04
19.01.2021;11:25:20;2783.98;26.10;3.34;754.03;4.55;6.74;30.69
19.01.2021;11:26:20;2819.94;25.86;3.41;754.02;4.57;6.78;30.95
19.01.2021;11:27:20;2866.57;25.47;3.47;754.01;4.59;6.81;31.26
19.01.2021;11:28:20;2920.72;25.99;3.52;754.01;4.61;6.86;31.65
19.01.2021;11:29:20;2969.03;25.46;3.60;754.01;4.64;6.92;32.12
19.01.2021;11:30:20;2989.27;25.58;3.66;754.01;4.65;6.94;32.26
19.01.2021;11:31:20;2977.75;25.38;3.72;753.98;4.65;6.93;32.21
19.01.2021;11:32:20;2912.44;25.00;3.74;753.98;4.61;6.84;31.52
19.01.2021;11:33:20;2847.11;24.95;3.76;753.97;4.55;6.75;30.71
19.01.2021;11:34:20;2809.44;24.98;3.78;753.97;4.53;6.72;30.47
19.01.2021;11:35:20;2805.20;24.88;3.79;753.97;4.56;6.77;30.89
19.01.2021;11:36:20;2736.49;24.85;3.82;753.96;4.51;6.70;30.22
19.01.2021;11:37:20;2715.04;25.03;3.85;753.94;4.50;6.68;30.08
19.01.2021;11:38:21;2648.88;24.92;3.86;753.93;4.45;6.57;29.21
19.01.2021;11:39:21;2611.13;24.78;3.84;753.92;4.42;6.52;28.79
19.01.2021;11:40:21;2592.16;24.74;3.85;753.92;4.40;6.50;28.59
19.01.2021;11:41:21;2550.28;24.75;3.85;753.91;4.36;6.43;28.01
19.01.2021;11:42:21;2524.05;24.95;3.85;753.92;4.32;6.38;27.58
19.01.2021;11:43:21;2494.81;25.04;3.85;753.92;4.29;6.31;27.08
19.01.2021;11:44:21;2482.73;24.93;3.85;753.94;4.28;6.31;26.99
19.01.2021;11:45:21;2454.36;24.86;3.85;753.92;4.27;6.29;26.89
19.01.2021;11:46:21;2361.15;24.88;3.86;753.91;4.19;6.16;25.83
19.01.2021;11:47:21;2274.08;25.04;3.85;753.91;4.11;6.03;24.76
19.01.2021;11:48:21;2207.93;25.03;3.85;753.91;4.05;5.92;23.99
19.01.2021;11:49:21;2163.70;25.07;3.84;753.90;4.02;5.89;23.69
19.01.2021;11:50:21;2090.00;24.96;3.82;753.89;3.96;5.78;22.89
19.01.2021;11:51:21;1983.14;24.87;3.81;753.89;3.83;5.57;21.33
19.01.2021;11:52:21;1892.50;24.85;3.77;753.90;3.72;5.40;20.09
19.01.2021;11:53:21;1805.63;24.78;3.71;753.91;3.61;5.22;18.85
19.01.2021;11:54:21;1719.63;24.83;3.66;753.92;3.49;5.01;17.46
19.01.2021;11:55:21;1649.00;24.85;3.61;753.93;3.39;4.85;16.42
19.01.2021;11:56:21;1584.32;24.91;3.57;753.92;3.29;4.68;15.38
19.01.2021;11:57:21;1535.73;24.92;3.51;753.93;3.21;4.56;14.64
19.01.2021;11:58:21;1512.03;24.96;3.47;753.93;3.21;4.56;14.62
19.01.2021;11:59:21;1452.87;24.99;3.41;753.94;3.10;4.38;13.58
19.01.2021;12:00:21;1375.18;25.11;3.33;753.95;2.91;4.08;11.89
19.01.2021;12:01:21;1335.78;25.29;3.26;753.95;2.83;3.92;11.08
19.01.2021;12:02:21;1294.13;25.35;3.21;753.95;2.74;3.78;10.36
19.01.2021;12:03:21;1257.93;25.33;3.14;753.95;2.66;3.65;9.70
19.01.2021;12:04:21;1227.75;25.42;3.10;753.94;2.58;3.53;9.11
19.01.2021;12:05:21;1198.08;25.58;3.05;753.93;2.51;3.40;8.55
19.01.2021;12:06:21;1170.96;25.61;2.99;753.92;2.45;3.31;8.12
19.01.2021;12:07:21;1143.79;25.72;2.94;753.91;2.39;3.22;7.71
19.01.2021;12:08:21;1119.37;25.86;2.90;753.91;2.34;3.12;7.31
19.01.2021;12:09:22;1098.21;25.87;2.86;753.90;2.30;3.06;7.02
19.01.2021;12:10:22;1085.63;25.91;2.82;753.91;2.28;3.03;6.91
19.01.2021;12:11:22;1071.13;25.98;2.78;753.90;2.24;2.97;6.66
19.01.2021;12:12:22;1061.38;25.97;2.75;753.88;2.21;2.91;6.42
19.01.2021;12:13:22;1057.27;26.00;2.71;753.88;2.18;2.87;6.25
19.01.2021;12:14:22;1066.69;26.03;2.67;753.87;2.19;2.89;6.34
19.01.2021;12:15:22;1094.07;26.11;2.64;753.85;2.25;2.99;6.75
19.01.2021;12:16:22;1119.18;26.14;2.61;753.84;2.31;3.08;7.13
19.01.2021;12:17:22;1163.13;26.15;2.59;753.83;2.40;3.22;7.73
19.01.2021;12:18:22;1248.14;26.23;2.58;753.82;2.64;3.63;9.58
19.01.2021;12:19:22;1268.78;26.25;2.57;753.82;2.69;3.70;9.94
19.01.2021;12:20:22;1285.60;26.26;2.57;753.81;2.72;3.74;10.18
19.01.2021;12:21:22;1324.63;26.32;2.57;753.81;2.83;3.92;11.08
19.01.2021;12:22:22;1340.68;26.47;2.58;753.82;2.85;3.97;11.32
19.01.2021;12:23:22;1372.29;26.51;2.59;753.82;2.95;4.13;12.21
19.01.2021;12:24:22;1345.15;26.52;2.59;753.82;2.88;4.01;11.56
19.01.2021;12:25:22;1347.33;26.57;2.59;753.82;2.83;3.91;11.05
19.01.2021;12:26:22;1460.35;26.66;2.61;753.83;3.09;4.36;13.51
19.01.2021;12:27:22;1566.11;26.96;2.66;753.82;3.32;4.74;15.75
19.01.2021;12:28:22;1626.65;26.49;2.73;753.82;3.45;4.95;17.08
19.01.2021;12:29:22;1665.71;26.40;2.77;753.81;3.53;5.08;17.92
19.01.2021;12:30:22;1689.24;26.38;2.82;753.80;3.56;5.12;18.24
19.01.2021;12:31:22;1697.14;26.29;2.86;753.78;3.57;5.15;18.41
19.01.2021;12:32:22;1695.15;26.27;2.89;753.76;3.58;5.16;18.44
19.01.2021;12:33:22;1673.64;26.18;2.92;753.75;3.55;5.10;18.09
19.01.2021;12:34:22;1640.88;26.20;2.94;753.73;3.48;5.00;17.42
19.01.2021;12:35:22;1611.64;26.15;2.95;753.73;3.45;4.96;17.12
19.01.2021;12:36:22;1547.38;26.01;2.94;753.70;3.31;4.73;15.66
19.01.2021;12:37:22;1521.35;25.90;2.95;753.71;3.19;4.52;14.40
19.01.2021;12:38:22;1598.86;25.85;2.96;753.70;3.40;4.88;16.61
19.01.2021;12:39:22;1589.76;26.04;2.97;753.68;3.38;4.83;16.36
19.01.2021;12:40:22;1606.14;26.04;2.97;753.67;3.43;4.91;16.81
19.01.2021;12:41:23;1609.14;25.98;2.96;753.66;3.43;4.91;16.85
19.01.2021;12:42:23;1617.51;26.05;2.97;753.66;3.42;4.90;16.78
19.01.2021;12:43:23;1630.62;25.92;2.97;753.65;3.43;4.93;16.92
19.01.2021;12:44:23;1631.94;25.95;2.98;753.65;3.45;4.95;17.08
19.01.2021;12:45:23;1622.82;26.09;2.99;753.63;3.46;4.95;17.12
19.01.2021;12:46:23;1609.26;26.21;2.97;753.63;3.43;4.91;16.85
19.01.2021;12:47:23;1613.14;26.36;3.01;753.63;3.43;4.92;16.89
19.01.2021;12:48:23;1612.39;26.06;3.02;753.61;3.41;4.90;16.70
19.01.2021;12:49:23;1615.74;25.97;3.01;753.60;3.40;4.86;16.52
19.01.2021;12:50:23;1614.14;25.87;2.99;753.58;3.38;4.84;16.37
19.01.2021;12:51:23;1625.25;25.85;3.01;753.57;3.41;4.89;16.67
19.01.2021;12:52:23;1613.30;25.85;3.01;753.57;3.40;4.86;16.53
19.01.2021;12:53:23;1595.18;25.89;2.99;753.57;3.37;4.82;16.22
19.01.2021;12:54:23;1600.19;25.99;2.99;753.56;3.40;4.86;16.51
19.01.2021;12:55:23;1585.68;25.98;2.98;753.57;3.36;4.80;16.11
19.01.2021;12:56:23;1598.31;26.18;2.99;753.56;3.41;4.89;16.66
19.01.2021;12:57:23;1573.31;26.07;3.01;753.58;3.37;4.82;16.23
19.01.2021;12:58:23;1546.25;26.15;3.01;753.58;3.32;4.74;15.71
19.01.2021;12:59:23;1546.67;25.99;3.01;753.58;3.34;4.76;15.89
19.01.2021;13:00:23;1475.48;26.07;2.99;753.57;3.15;4.46;14.07
19.01.2021;13:01:23;1483.00;26.06;2.98;753.55;3.21;4.55;14.59
19.01.2021;13:02:23;1484.58;25.99;2.99;753.53;3.24;4.62;14.99
19.01.2021;13:03:23;1439.36;25.89;2.96;753.53;3.15;4.46;14.06
19.01.2021;13:04:23;1393.22;25.96;2.95;753.51;3.06;4.32;13.25
19.01.2021;13:05:23;1330.21;26.05;2.94;753.52;2.96;4.14;12.27
19.01.2021;13:06:23;1312.21;26.06;2.93;753.50;2.98;4.18;12.46
19.01.2021;13:07:23;1183.09;26.22;2.88;753.50;2.66;3.66;9.75
19.01.2021;13:08:23;1041.28;26.27;2.82;753.50;2.21;2.91;6.45
19.01.2021;13:09:23;996.05;26.26;2.78;753.51;2.08;2.70;5.62
19.01.2021;13:10:23;972.78;26.25;2.74;753.49;2.00;2.54;5.09
19.01.2021;13:11:23;977.44;26.35;2.72;753.50;2.00;2.55;5.11
19.01.2021;13:12:24;1007.75;26.49;2.68;753.49;2.08;2.68;5.56
19.01.2021;13:13:24;1094.58;26.46;2.67;753.49;2.30;3.06;7.02
19.01.2021;13:14:24;1255.78;26.50;2.68;753.48;2.81;3.88;10.90
19.01.2021;13:15:24;1289.04;26.51;2.70;753.47;2.85;3.95;11.27
19.01.2021;13:16:24;1275.38;26.44;2.72;753.46;2.75;3.81;10.49
19.01.2021;13:17:24;1249.32;26.42;2.72;753.44;2.71;3.73;10.09
19.01.2021;13:18:24;1294.24;26.52;2.73;753.45;2.87;4.01;11.51
19.01.2021;13:19:24;1239.01;26.44;2.74;753.43;2.72;3.74;10.17
19.01.2021;13:20:24;1145.65;26.44;2.74;753.43;2.45;3.30;8.07
19.01.2021;13:21:24;1123.11;26.53;2.73;753.43;2.36;3.16;7.47
19.01.2021;13:22:24;1142.19;26.51;2.73;753.42;2.41;3.24;7.79
19.01.2021;13:23:24;1193.47;26.54;2.72;753.41;2.53;3.44;8.72
19.01.2021;13:24:24;1254.80;26.66;2.71;753.41;2.66;3.66;9.73
19.01.2021;13:25:24;1389.68;26.71;2.76;753.41;3.04;4.27;12.99
19.01.2021;13:26:24;1411.70;26.55;2.80;753.40;3.09;4.36;13.50
19.01.2021;13:27:24;1404.22;26.43;2.84;753.40;3.07;4.32;13.27
19.01.2021;13:28:24;1416.07;26.54;2.86;753.38;3.12;4.40;13.72
19.01.2021;13:29:24;1406.29;26.49;2.88;753.36;3.10;4.38;13.59
19.01.2021;13:30:24;1399.29;26.45;2.89;753.35;3.08;4.33;13.34
19.01.2021;13:31:24;1383.11;26.51;2.89;753.35;3.04;4.28;13.02
19.01.2021;13:32:24;1358.00;26.52;2.90;753.33;3.00;4.21;12.63
19.01.2021;13:33:24;1359.76;26.53;2.91;753.33;2.97;4.17;12.38
19.01.2021;13:34:24;1409.00;26.54;2.92;753.31;3.10;4.36;13.52
19.01.2021;13:35:24;1407.39;26.49;2.94;753.30;3.09;4.36;13.46
19.01.2021;13:36:24;1401.77;26.29;2.96;753.30;3.07;4.32;13.26
19.01.2021;13:37:24;1406.60;26.34;2.97;753.31;3.08;4.34;13.38
19.01.2021;13:38:24;1408.25;26.31;2.99;753.29;3.09;4.37;13.49
19.01.2021;13:39:24;1414.72;26.27;2.99;753.28;3.11;4.39;13.63
19.01.2021;13:40:24;1412.47;26.28;3.01;753.27;3.11;4.39;13.63
19.01.2021;13:41:24;1410.92;26.30;3.02;753.27;3.11;4.39;13.63
19.01.2021;13:42:24;1411.62;26.24;3.02;753.27;3.10;4.39;13.62
19.01.2021;13:43:24;1413.84;26.25;3.03;753.27;3.12;4.41;13.74
19.01.2021;13:44:25;1413.22;26.36;3.03;753.26;3.12;4.40;13.73
19.01.2021;13:45:25;1413.58;26.32;3.04;753.25;3.12;4.40;13.74
19.01.2021;13:46:25;1408.87;26.24;3.06;753.24;3.12;4.40;13.71
19.01.2021;13:47:25;1399.35;26.24;3.06;753.23;3.09;4.36;13.50
19.01.2021;13:48:25;1401.26;26.16;3.08;753.23;3.10;4.39;13.62
19.01.2021;13:49:25;1396.58;26.07;3.08;753.23;3.09;4.37;13.52
19.01.2021;13:50:25;1397.82;26.00;3.08;753.22;3.09;4.37;13.52
19.01.2021;13:51:25;1390.90;25.93;3.08;753.22;3.08;4.35;13.38
19.01.2021;13:52:25;1387.03;26.02;3.07;753.24;3.07;4.33;13.31
19.01.2021;13:53:25;1381.81;26.27;3.06;753.23;3.07;4.32;13.28
19.01.2021;13:54:25;1375.67;26.15;3.04;753.25;3.06;4.31;13.16
19.01.2021;13:55:25;1371.81;26.23;3.03;753.26;3.04;4.29;13.06
19.01.2021;13:56:25;1368.03;26.25;3.04;753.26;3.03;4.26;12.90
19.01.2021;13:57:25;1368.38;26.19;3.05;753.25;3.03;4.28;12.98
19.01.2021;13:58:25;1363.36;26.15;3.04;753.25;3.02;4.25;12.87
19.01.2021;13:59:25;1357.90;26.20;3.03;753.24;3.02;4.25;12.85
19.01.2021;14:00:25;1363.86;26.40;3.04;753.22;3.04;4.26;12.95
19.01.2021;14:01:25;1359.15;26.60;3.05;753.21;3.02;4.25;12.85
19.01.2021;14:02:25;1350.22;26.27;3.06;753.20;3.00;4.21;12.65
19.01.2021;14:03:25;1345.10;26.14;3.08;753.20;2.99;4.20;12.57
19.01.2021;14:04:25;1332.88;26.13;3.09;753.22;2.97;4.16;12.33
19.01.2021;14:05:25;1323.64;26.05;3.09;753.22;2.95;4.13;12.15
19.01.2021;14:06:25;1317.07;26.15;3.09;753.22;2.94;4.10;12.04
19.01.2021;14:07:25;1309.50;26.09;3.08;753.23;2.91;4.06;11.81
19.01.2021;14:08:25;1308.39;26.12;3.07;753.23;2.91;4.07;11.86
19.01.2021;14:09:25;1307.24;26.17;3.06;753.23;2.92;4.07;11.87
19.01.2021;14:10:25;1305.76;26.18;3.05;753.24;2.91;4.08;11.88
19.01.2021;14:11:25;1304.68;26.16;3.04;753.23;2.92;4.09;11.96
19.01.2021;14:12:25;1299.14;26.23;3.04;753.23;2.92;4.08;11.89
19.01.2021;14:13:25;1293.37;26.21;3.05;753.23;2.91;4.07;11.82
19.01.2021;14:14:25;1289.58;26.18;3.05;753.23;2.90;4.05;11.75
19.01.2021;14:15:26;1289.28;26.21;3.04;753.22;2.90;4.06;11.77
19.01.2021;14:16:26;1285.67;26.37;3.04;753.20;2.90;4.05;11.75
19.01.2021;14:17:26;1274.08;26.31;3.04;753.17;2.88;4.01;11.54
19.01.2021;14:18:26;1263.19;26.23;3.05;753.17;2.86;3.99;11.41
19.01.2021;14:19:26;1250.51;26.16;3.04;753.17;2.84;3.95;11.22
19.01.2021;14:20:26;1218.62;26.15;3.04;753.17;2.77;3.82;10.57
19.01.2021;14:21:26;1188.01;26.18;3.03;753.19;2.67;3.67;9.80
19.01.2021;14:22:26;1209.52;26.18;3.03;753.19;2.74;3.78;10.37
19.01.2021;14:23:26;1209.87;26.24;3.03;753.18;2.77;3.81;10.55
19.01.2021;14:24:26;1196.60;26.32;3.03;753.17;2.76;3.81;10.51
19.01.2021;14:25:26;1181.58;26.37;3.02;753.18;2.75;3.80;10.44
19.01.2021;14:26:26;1159.82;26.34;3.02;753.17;2.71;3.72;10.09
19.01.2021;14:27:26;1162.15;26.20;3.02;753.19;2.72;3.75;10.20
19.01.2021;14:28:26;1164.36;26.23;3.03;753.19;2.73;3.77;10.28
19.01.2021;14:29:26;1157.36;26.18;3.03;753.20;2.72;3.74;10.15
19.01.2021;14:30:26;1163.68;26.16;3.04;753.22;2.73;3.79;10.35
19.01.2021;14:31:26;1152.92;26.27;3.04;753.22;2.70;3.70;9.98
19.01.2021;14:32:26;1156.64;26.51;3.04;753.23;2.71;3.74;10.14
19.01.2021;14:33:26;1155.12;26.38;3.05;753.24;2.71;3.73;10.12
19.01.2021;14:34:26;1135.14;26.37;3.05;753.24;2.64;3.62;9.58
19.01.2021;14:35:26;1073.19;26.22;3.04;753.25;2.46;3.32;8.18
19.01.2021;14:36:26;1033.44;26.14;3.04;753.24;2.35;3.14;7.39
19.01.2021;14:37:26;995.52;26.12;3.04;753.22;2.25;2.98;6.72
19.01.2021;14:38:26;947.62;26.12;3.01;753.20;2.12;2.76;5.86
19.01.2021;14:39:26;909.21;26.11;2.97;753.19;2.02;2.59;5.24
19.01.2021;14:40:26;887.88;26.11;2.94;753.21;1.97;2.49;4.91
19.01.2021;14:41:26;887.32;26.25;2.92;753.22;2.00;2.52;5.04
19.01.2021;14:42:26;893.94;26.27;2.90;753.22;2.03;2.61;5.30
19.01.2021;14:43:26;903.26;26.36;2.89;753.24;2.09;2.70;5.63
19.01.2021;14:44:26;888.06;26.40;2.88;753.25;2.01;2.56;5.15
19.01.2021;14:45:26;896.11;26.47;2.87;753.24;2.02;2.60;5.26
19.01.2021;14:46:26;934.34;26.40;2.87;753.25;2.17;2.84;6.16
19.01.2021;14:47:26;934.24;26.35;2.89;753.25;2.16;2.83;6.13
19.01.2021;14:48:26;941.92;26.45;2.88;753.27;2.20;2.90;6.38
19.01.2021;14:49:27;926.30;26.52;2.87;753.28;2.16;2.82;6.07
19.01.2021;14:50:27;913.85;26.54;2.87;753.29;2.12;2.76;5.85
19.01.2021;14:51:27;910.18;26.47;2.87;753.29;2.10;2.73;5.74
19.01.2021;14:52:27;925.43;26.47;2.87;753.31;2.13;2.77;5.92
19.01.2021;14:53:27;952.94;26.55;2.88;753.32;2.22;2.92;6.48
19.01.2021;14:54:27;973.74;26.67;2.90;753.31;2.29;3.04;6.94
19.01.2021;14:55:27;981.29;26.59;2.90;753.33;2.29;3.03;6.94
19.01.2021;14:56:27;997.30;26.65;2.91;753.33;2.34;3.13;7.33
19.01.2021;14:57:27;988.50;26.64;2.92;753.34;2.31;3.08;7.11
19.01.2021;14:58:27;985.69;26.54;2.92;753.34;2.30;3.06;7.04
19.01.2021;14:59:27;974.78;26.52;2.93;753.32;2.27;3.02;6.87
19.01.2021;15:00:27;971.19;26.49;2.93;753.33;2.26;3.00;6.77
19.01.2021;15:01:27;985.73;26.40;2.96;753.34;2.34;3.12;7.29
19.01.2021;15:02:27;983.92;26.38;2.97;753.33;2.35;3.14;7.39
19.01.2021;15:03:27;971.33;26.31;3.00;753.34;2.30;3.07;7.07
19.01.2021;15:04:27;967.51;26.29;3.01;753.34;2.30;3.07;7.06
19.01.2021;15:05:27;978.88;26.34;3.01;753.35;2.37;3.16;7.49
19.01.2021;15:06:27;973.42;26.33;3.01;753.34;2.36;3.17;7.49
19.01.2021;15:07:27;951.11;26.28;3.02;753.35;2.29;3.04;6.96
19.01.2021;15:08:27;945.27;26.27;3.01;753.36;2.30;3.07;7.05
19.01.2021;15:09:27;935.00;26.44;2.99;753.36;2.29;3.04;6.96
19.01.2021;15:10:27;906.14;26.34;2.98;753.36;2.19;2.88;6.29
19.01.2021;15:11:27;887.90;26.48;2.98;753.38;2.13;2.78;5.93
19.01.2021;15:12:27;858.35;26.48;2.97;753.37;2.02;2.58;5.22
19.01.2021;15:13:27;829.39;26.45;2.96;753.37;1.93;2.41;4.65
19.01.2021;15:14:27;791.26;26.46;2.95;753.37;1.81;2.18;3.93
19.01.2021;15:15:27;763.56;26.39;2.95;753.39;1.72;2.10;3.63
19.01.2021;15:16:27;748.08;26.42;2.93;753.37;1.68;2.06;3.47
19.01.2021;15:17:27;742.58;26.42;2.92;753.36;1.67;2.05;3.42
19.01.2021;15:18:27;739.88;26.51;2.91;753.36;1.67;2.05;3.42
19.01.2021;15:19:27;748.14;26.54;2.88;753.37;1.72;2.10;3.61
19.01.2021;15:20:27;777.34;26.50;2.88;753.38;1.86;2.27;4.23
19.01.2021;15:21:27;792.49;26.46;2.88;753.39;1.96;2.47;4.84
19.01.2021;15:22:27;777.12;26.49;2.88;753.41;1.92;2.38;4.57
19.01.2021;15:23:27;764.32;26.62;2.86;753.42;1.90;2.36;4.48
19.01.2021;15:24:27;747.46;26.70;2.86;753.42;1.88;2.32;4.35
19.01.2021;15:25:28;736.48;26.65;2.85;753.43;1.89;2.31;4.36
19.01.2021;15:26:28;736.61;26.69;2.85;753.44;1.91;2.36;4.50
19.01.2021;15:27:28;740.34;26.69;2.85;753.44;1.94;2.43;4.72
19.01.2021;15:28:28;740.46;26.74;2.85;753.43;1.95;2.46;4.79
19.01.2021;15:29:28;742.29;26.61;2.86;753.44;1.96;2.47;4.85
19.01.2021;15:30:28;740.96;26.59;2.86;753.43;1.96;2.47;4.85
19.01.2021;15:31:28;735.15;26.63;2.84;753.45;1.94;2.42;4.70
19.01.2021;15:32:28;730.49;26.66;2.83;753.46;1.94;2.41;4.66
19.01.2021;15:33:28;728.50;26.66;2.82;753.48;1.95;2.43;4.73
19.01.2021;15:34:28;728.69;26.81;2.82;753.48;1.96;2.47;4.85
19.01.2021;15:35:28;728.58;26.72;2.82;753.48;1.97;2.50;4.92
19.01.2021;15:36:28;723.64;26.69;2.83;753.49;1.96;2.48;4.87
19.01.2021;15:37:28;715.01;26.61;2.83;753.49;1.95;2.44;4.75
19.01.2021;15:38:28;702.36;26.68;2.82;753.50;1.92;2.39;4.58
19.01.2021;15:39:28;687.23;26.64;2.82;753.53;1.88;2.32;4.36
19.01.2021;15:40:28;670.57;26.70;2.82;753.54;1.84;2.24;4.12
19.01.2021;15:41:28;651.78;26.70;2.83;753.53;1.80;2.17;3.90
19.01.2021;15:42:28;633.32;26.66;2.82;753.54;1.75;2.12;3.70
19.01.2021;15:43:28;614.76;26.64;2.81;753.54;1.70;2.09;3.57
19.01.2021;15:44:28;595.75;26.80;2.78;753.54;1.66;2.02;3.35
19.01.2021;15:45:28;577.00;26.78;2.77;753.54;1.61;1.97;3.15
19.01.2021;15:46:28;559.34;26.86;2.76;753.55;1.56;1.89;2.94
19.01.2021;15:47:28;543.76;26.76;2.75;753.54;1.52;1.81;2.74
19.01.2021;15:48:28;529.51;26.84;2.73;753.54;1.48;1.74;2.58
19.01.2021;15:49:28;516.20;26.79;2.72;753.54;1.44;1.69;2.45
19.01.2021;15:50:28;503.67;26.84;2.71;753.55;1.41;1.63;2.31
19.01.2021;15:51:28;491.36;26.84;2.71;753.55;1.38;1.59;2.20
19.01.2021;15:52:28;478.92;26.76;2.71;753.55;1.35;1.54;2.08
19.01.2021;15:53:28;466.02;26.75;2.70;753.54;1.32;1.49;1.96
19.01.2021;15:54:28;453.68;26.87;2.68;753.54;1.28;1.43;1.84
19.01.2021;15:55:28;441.49;26.84;2.65;753.54;1.25;1.38;1.72
19.01.2021;15:56:28;429.42;26.92;2.63;753.54;1.22;1.32;1.61
19.01.2021;15:57:28;417.56;26.99;2.61;753.53;1.20;1.28;1.53
19.01.2021;15:58:28;405.11;27.03;2.60;753.53;1.16;1.22;1.42
19.01.2021;15:59:28;392.93;27.03;2.59;753.53;1.13;1.18;1.34
19.01.2021;16:00:28;380.65;27.06;2.58;753.53;1.10;1.11;1.23
19.01.2021;16:01:29;368.98;27.05;2.57;753.55;1.07;1.08;1.16
19.01.2021;16:02:29;357.89;27.05;2.57;753.56;1.05;1.02;1.07
19.01.2021;16:03:29;346.57;27.09;2.57;753.59;1.02;0.99;1.01
19.01.2021;16:04:29;335.18;27.07;2.56;753.58;0.99;0.93;0.93
19.01.2021;16:05:29;323.50;27.16;2.55;753.59;0.96;0.89;0.86
19.01.2021;16:06:29;311.56;27.12;2.54;753.61;0.93;0.85;0.80
19.01.2021;16:07:29;299.46;27.11;2.53;753.62;0.90;0.79;0.72
19.01.2021;16:08:29;287.61;27.16;2.52;753.63;0.87;0.75;0.65
19.01.2021;16:09:29;275.74;27.38;2.51;753.64;0.84;0.69;0.58
19.01.2021;16:10:29;263.93;27.45;2.51;753.65;0.81;0.63;0.51
19.01.2021;16:11:29;252.53;27.36;2.50;753.66;0.78;0.59;0.46
19.01.2021;16:12:29;241.04;27.35;2.49;753.67;0.74;0.53;0.40
19.01.2021;16:13:29;229.60;27.31;2.48;753.68;0.71;0.49;0.35
19.01.2021;16:14:29;218.14;27.44;2.46;753.68;0.68;0.43;0.29
19.01.2021;16:15:29;206.84;27.51;2.45;753.68;0.65;0.39;0.26
19.01.2021;16:16:29;196.00;27.40;2.44;753.70;0.62;0.33;0.20
19.01.2021;16:17:29;185.41;27.37;2.44;753.71;0.59;0.29;0.17
19.01.2021;16:18:29;174.72;27.40;2.43;753.72;0.55;0.23;0.13
19.01.2021;16:19:29;164.37;27.48;2.42;753.73;0.52;0.19;0.10
19.01.2021;16:20:29;154.32;27.36;2.41;753.73;0.49;0.12;0.06
19.01.2021;16:21:29;144.60;27.35;2.40;753.73;0.46;0.07;0.03
19.01.2021;16:22:29;135.10;27.39;2.38;753.72;0.43;0.01;0.01
19.01.2021;16:23:29;126.04;27.58;2.37;753.73;0.40;0.00;0.00
19.01.2021;16:24:29;117.32;27.51;2.37;753.74;0.38;0.00;0.00
19.01.2021;16:25:29;108.79;27.59;2.34;753.74;0.35;0.00;0.00
19.01.2021;16:26:29;100.56;27.53;2.32;753.74;0.32;0.00;0.00
19.01.2021;16:27:29;92.74;27.52;2.30;753.75;0.30;0.00;0.00
19.01.2021;16:28:29;85.49;27.59;2.29;753.75;0.27;0.00;0.00
19.01.2021;16:29:29;78.58;27.59;2.28;753.77;0.25;0.00;0.00
19.01.2021;16:30:29;71.90;27.58;2.28;753.78;0.23;0.00;0.00
19.01.2021;16:31:29;65.69;27.63;2.28;753.80;0.21;0.00;0.00
19.01.2021;16:32:29;59.83;27.62;2.27;753.81;0.19;0.00;0.00
19.01.2021;16:33:29;54.17;27.58;2.26;753.83;0.17;0.00;0.00
19.01.2021;16:34:29;48.81;27.62;2.25;753.84;0.15;0.00;0.00
19.01.2021;16:35:29;43.89;27.60;2.25;753.85;0.13;0.00;0.00
19.01.2021;16:36:29;39.35;27.59;2.23;753.87;0.11;0.00;0.00
19.01.2021;16:37:29;35.17;27.58;2.20;753.88;0.10;0.00;0.00
19.01.2021;16:38:29;31.40;27.65;2.19;753.89;0.08;0.00;0.00
19.01.2021;16:39:30;27.95;27.65;2.17;753.90;0.07;0.00;0.00
19.01.2021;16:40:30;24.89;27.75;2.15;753.89;0.05;0.00;0.00
19.01.2021;16:41:30;22.07;27.74;2.13;753.92;0.04;0.00;0.00
19.01.2021;16:42:30;19.62;27.74;2.12;753.92;0.03;0.00;0.00
19.01.2021;16:43:30;17.43;27.70;2.10;753.93;0.02;0.00;0.00
19.01.2021;16:44:30;15.42;27.67;2.08;753.93;0.01;0.00;0.00
19.01.2021;16:45:30;13.67;27.75;2.06;753.93;0.00;0.00;0.00
19.01.2021;16:46:30;12.11;27.78;2.04;753.94;0.00;0.00;0.00
19.01.2021;16:47:30;10.71;27.76;2.03;753.95;0.00;0.00;0.00
19.01.2021;16:48:30;9.56;27.72;2.01;753.95;0.00;0.00;0.00
19.01.2021;16:49:30;8.53;27.79;1.98;753.96;0.00;0.00;0.00
19.01.2021;16:50:30;7.61;27.92;1.97;753.96;0.00;0.00;0.00
19.01.2021;16:51:30;6.86;27.89;1.95;753.97;0.00;0.00;0.00
19.01.2021;16:52:30;6.25;27.92;1.95;753.96;0.00;0.00;0.00
19.01.2021;16:53:30;5.83;27.92;1.95;753.97;0.00;0.00;0.00
19.01.2021;16:54:30;5.17;27.95;1.93;753.98;0.00;0.00;0.00
19.01.2021;16:55:30;5.00;28.09;1.92;753.98;0.00;0.00;0.00
19.01.2021;16:56:30;4.59;27.93;1.92;753.99;0.00;0.00;0.00
19.01.2021;16:57:30;4.19;27.98;1.91;753.98;0.00;0.00;0.00
19.01.2021;16:58:30;4.17;27.95;1.91;753.99;0.00;0.00;0.00
19.01.2021;16:59:30;4.17;27.93;1.91;753.98;0.00;0.00;0.00
19.01.2021;17:00:30;3.74;27.97;1.91;753.98;0.00;0.00;0.00
19.01.2021;17:01:30;3.33;27.95;1.91;753.99;0.00;0.00;0.00
19.01.2021;17:02:30;3.33;27.96;1.91;753.99;0.00;0.00;0.00
19.01.2021;17:03:30;3.33;27.93;1.90;753.99;0.00;0.00;0.00
19.01.2021;17:04:30;3.33;27.95;1.90;753.99;0.00;0.00;0.00
19.01.2021;17:05:30;3.33;27.91;1.90;753.98;0.00;0.00;0.00
19.01.2021;17:06:30;3.33;27.94;1.89;753.98;0.00;0.00;0.00
19.01.2021;17:07:30;3.33;27.91;1.90;753.97;0.00;0.00;0.00
19.01.2021;17:08:30;3.35;28.02;1.89;753.98;0.00;0.00;0.00
19.01.2021;17:09:30;3.33;27.91;1.89;753.99;0.00;0.00;0.00
19.01.2021;17:10:30;3.33;27.87;1.87;754.00;0.00;0.00;0.00
19.01.2021;17:11:30;3.35;27.93;1.87;753.98;0.00;0.00;0.00
19.01.2021;17:12:30;3.21;27.98;1.87;753.99;0.00;0.00;0.00
19.01.2021;17:13:30;3.01;27.96;1.88;753.99;0.00;0.00;0.00
19.01.2021;17:14:30;2.81;27.88;1.88;753.98;0.00;0.00;0.00
19.01.2021;17:15:30;2.56;27.86;1.88;753.98;0.00;0.00;0.00
19.01.2021;17:16:30;2.51;27.92;1.88;753.99;0.00;0.00;0.00
19.01.2021;17:17:30;2.50;28.02;1.87;754.01;0.00;0.00;0.00
19.01.2021;17:18:30;2.50;27.94;1.86;754.01;0.00;0.00;0.00
19.01.2021;17:19:30;2.50;27.95;1.87;754.02;0.00;0.00;0.00
19.01.2021;17:20:30;2.50;27.90;1.87;754.01;0.00;0.00;0.00
19.01.2021;17:21:30;2.50;27.83;1.86;754.01;0.00;0.00;0.00
19.01.2021;17:22:31;2.53;28.02;1.86;754.01;0.00;0.00;0.00
19.01.2021;17:23:31;2.50;28.07;1.88;754.02;0.00;0.00;0.00
19.01.2021;17:24:31;2.50;27.92;1.87;754.03;0.00;0.00;0.00
19.01.2021;17:25:31;2.53;27.93;1.86;754.05;0.00;0.00;0.00
19.01.2021;17:26:31;2.50;27.97;1.86;754.04;0.00;0.00;0.00
19.01.2021;17:27:31;2.50;27.94;1.86;754.04;0.00;0.00;0.00
19.01.2021;17:28:31;2.51;27.98;1.86;754.05;0.00;0.00;0.00
19.01.2021;17:29:31;2.50;27.89;1.88;754.06;0.00;0.00;0.00
19.01.2021;17:30:31;2.50;27.90;1.87;754.06;0.00;0.00;0.00
19.01.2021;17:31:31;2.50;27.94;1.87;754.05;0.00;0.00;0.00
19.01.2021;17:32:31;2.50;27.92;1.86;754.06;0.00;0.00;0.00
19.01.2021;17:33:31;2.50;27.93;1.86;754.07;0.00;0.00;0.00
19.01.2021;17:34:31;2.50;28.03;1.87;754.06;0.00;0.00;0.00
19.01.2021;17:35:31;2.50;27.96;1.87;754.06;0.00;0.00;0.00
19.01.2021;17:36:31;2.53;27.99;1.86;754.06;0.00;0.00;0.00
19.01.2021;17:37:31;2.50;27.90;1.86;754.05;0.00;0.00;0.00
19.01.2021;17:38:31;2.50;27.97;1.85;754.06;0.00;0.00;0.00
19.01.2021;17:39:31;2.53;27.91;1.85;754.05;0.00;0.00;0.00
19.01.2021;17:40:31;2.50;27.89;1.83;754.05;0.00;0.00;0.00
19.01.2021;17:41:31;2.50;27.97;1.83;754.05;0.00;0.00;0.00
19.01.2021;17:42:31;2.51;27.93;1.82;754.05;0.00;0.00;0.00
19.01.2021;17:43:31;2.50;27.90;1.82;754.04;0.00;0.00;0.00
19.01.2021;17:44:31;2.50;28.03;1.81;754.04;0.00;0.00;0.00
19.01.2021;17:45:31;2.50;27.95;1.81;754.04;0.00;0.00;0.00
19.01.2021;17:46:31;2.50;27.94;1.81;754.04;0.00;0.00;0.00
19.01.2021;17:47:31;2.50;27.94;1.81;754.04;0.00;0.00;0.00
19.01.2021;17:48:31;2.50;27.95;1.80;754.06;0.00;0.00;0.00
19.01.2021;17:49:31;2.50;27.93;1.80;754.07;0.00;0.00;0.00
19.01.2021;17:50:31;2.53;27.97;1.79;754.08;0.00;0.00;0.00
19.01.2021;17:51:31;2.50;28.01;1.79;754.10;0.00;0.00;0.00
19.01.2021;17:52:31;2.50;28.08;1.80;754.10;0.00;0.00;0.00
19.01.2021;17:53:31;2.53;28.07;1.80;754.11;0.00;0.00;0.00
19.01.2021;17:54:31;2.50;28.11;1.80;754.12;0.00;0.00;0.00
19.01.2021;17:55:31;2.50;28.00;1.80;754.13;0.00;0.00;0.00
19.01.2021;17:56:31;2.51;28.05;1.80;754.14;0.00;0.00;0.00
19.01.2021;17:57:31;2.50;28.06;1.80;754.14;0.00;0.00;0.00
19.01.2021;17:58:31;2.50;28.18;1.80;754.15;0.00;0.00;0.00
19.01.2021;17:59:31;2.50;28.15;1.81;754.14;0.00;0.00;0.00
19.01.2021;18:00:31;2.50;28.08;1.82;754.13;0.00;0.00;0.00
19.01.2021;18:01:31;2.50;28.07;1.82;754.14;0.00;0.00;0.00
19.01.2021;18:02:31;2.50;28.11;1.82;754.15;0.00;0.00;0.00
19.01.2021;18:03:31;2.50;28.04;1.83;754.15;0.00;0.00;0.00
19.01.2021;18:04:31;2.53;28.17;1.83;754.16;0.00;0.00;0.00
19.01.2021;18:05:31;2.50;28.14;1.83;754.17;0.00;0.00;0.00
19.01.2021;18:06:32;2.50;28.22;1.84;754.17;0.00;0.00;0.00
19.01.2021;18:07:32;2.53;28.31;1.86;754.17;0.00;0.00;0.00
19.01.2021;18:08:32;2.50;28.18;1.88;754.17;0.00;0.00;0.00
19.01.2021;18:09:32;2.50;28.19;1.88;754.18;0.00;0.00;0.00
19.01.2021;18:10:32;2.51;28.12;1.89;754.19;0.00;0.00;0.00
19.01.2021;18:11:32;2.50;28.10;1.88;754.19;0.00;0.00;0.00
19.01.2021;18:12:32;2.50;28.04;1.88;754.20;0.00;0.00;0.00
19.01.2021;18:13:32;2.50;28.06;1.88;754.21;0.00;0.00;0.00
19.01.2021;18:14:32;2.50;27.99;1.88;754.20;0.00;0.00;0.00
19.01.2021;18:15:32;2.50;27.91;1.88;754.21;0.00;0.00;0.00
19.01.2021;18:16:32;2.50;27.93;1.87;754.22;0.00;0.00;0.00
19.01.2021;18:17:32;2.50;27.96;1.87;754.22;0.00;0.00;0.00
19.01.2021;18:18:32;2.53;27.98;1.86;754.21;0.00;0.00;0.00
19.01.2021;18:19:32;2.50;27.95;1.85;754.21;0.00;0.00;0.00
19.01.2021;18:20:32;2.50;27.99;1.85;754.21;0.00;0.00;0.00
19.01.2021;18:21:32;2.53;27.96;1.84;754.22;0.00;0.00;0.00
19.01.2021;18:22:32;2.50;27.99;1.85;754.21;0.00;0.00;0.00
19.01.2021;18:23:32;2.50;28.00;1.85;754.22;0.00;0.00;0.00
19.01.2021;18:24:32;2.51;28.00;1.85;754.25;0.00;0.00;0.00
19.01.2021;18:25:32;2.50;27.99;1.83;754.28;0.00;0.00;0.00
19.01.2021;18:26:32;2.50;28.05;1.84;754.30;0.00;0.00;0.00
19.01.2021;18:27:32;2.50;28.06;1.83;754.29;0.00;0.00;0.00
19.01.2021;18:28:32;2.50;28.11;1.83;754.29;0.00;0.00;0.00
19.01.2021;18:29:32;2.50;28.07;1.83;754.30;0.00;0.00;0.00
19.01.2021;18:30:32;2.50;28.27;1.84;754.30;0.00;0.00;0.00
19.01.2021;18:31:32;2.50;28.39;1.86;754.32;0.00;0.00;0.00
19.01.2021;18:32:32;2.53;28.33;1.86;754.32;0.00;0.00;0.00
19.01.2021;18:33:32;2.50;28.19;1.85;754.31;0.00;0.00;0.00
19.01.2021;18:34:32;2.50;28.27;1.85;754.32;0.00;0.00;0.00
19.01.2021;18:35:32;2.53;28.33;1.86;754.31;0.00;0.00;0.00
19.01.2021;18:36:32;2.50;28.40;1.88;754.31;0.00;0.00;0.00
19.01.2021;18:37:32;2.50;28.33;1.88;754.32;0.00;0.00;0.00
19.01.2021;18:38:32;2.51;28.23;1.89;754.34;0.00;0.00;0.00
19.01.2021;18:39:32;2.50;28.23;1.88;754.35;0.00;0.00;0.00
19.01.2021;18:40:32;2.50;28.16;1.88;754.36;0.00;0.00;0.00
19.01.2021;18:41:32;2.50;28.21;1.88;754.36;0.00;0.00;0.00
19.01.2021;18:42:32;2.50;28.28;1.87;754.36;0.00;0.00;0.00
19.01.2021;18:43:32;2.50;28.22;1.87;754.35;0.00;0.00;0.00
19.01.2021;18:44:32;2.50;28.24;1.87;754.35;0.00;0.00;0.00
19.01.2021;18:45:32;2.50;28.18;1.86;754.34;0.00;0.00;0.00
19.01.2021;18:46:32;2.53;28.30;1.85;754.33;0.00;0.00;0.00
19.01.2021;18:47:32;2.50;28.36;1.85;754.33;0.00;0.00;0.00
19.01.2021;18:48:32;2.50;28.29;1.85;754.32;0.00;0.00;0.00
19.01.2021;18:49:32;2.53;28.30;1.85;754.32;0.00;0.00;0.00
19.01.2021;18:50:33;2.50;28.35;1.85;754.32;0.00;0.00;0.00
19.01.2021;18:51:33;2.50;28.40;1.85;754.31;0.00;0.00;0.00
19.01.2021;18:52:33;2.51;28.45;1.86;754.30;0.00;0.00;0.00
19.01.2021;18:53:33;2.50;28.47;1.86;754.29;0.00;0.00;0.00
19.01.2021;18:54:33;2.50;28.38;1.85;754.28;0.00;0.00;0.00
19.01.2021;18:55:33;2.50;28.49;1.85;754.27;0.00;0.00;0.00
19.01.2021;18:56:33;2.50;28.44;1.86;754.26;0.00;0.00;0.00
19.01.2021;18:57:33;2.50;28.39;1.86;754.26;0.00;0.00;0.00
19.01.2021;18:58:33;2.50;28.26;1.85;754.27;0.00;0.00;0.00
19.01.2021;18:59:33;2.50;28.23;1.82;754.27;0.00;0.00;0.00
19.01.2021;19:00:33;2.53;28.36;1.83;754.27;0.00;0.00;0.00
19.01.2021;19:01:33;2.50;28.42;1.83;754.27;0.00;0.00;0.00
19.01.2021;19:02:33;2.50;28.35;1.82;754.29;0.00;0.00;0.00
19.01.2021;19:03:33;2.53;28.32;1.81;754.30;0.00;0.00;0.00
19.01.2021;19:04:33;2.50;28.35;1.80;754.30;0.00;0.00;0.00
19.01.2021;19:05:33;2.50;28.36;1.80;754.31;0.00;0.00;0.00
19.01.2021;19:06:33;2.51;28.34;1.80;754.31;0.00;0.00;0.00
19.01.2021;19:07:33;2.50;28.37;1.79;754.30;0.00;0.00;0.00
19.01.2021;19:08:33;2.50;28.27;1.79;754.30;0.00;0.00;0.00
19.01.2021;19:09:33;2.50;28.28;1.78;754.30;0.00;0.00;0.00
19.01.2021;19:10:33;2.50;28.21;1.78;754.31;0.00;0.00;0.00
19.01.2021;19:11:33;2.50;28.27;1.76;754.30;0.00;0.00;0.00
19.01.2021;19:12:33;2.50;28.24;1.76;754.29;0.00;0.00;0.00
19.01.2021;19:13:33;2.50;28.20;1.75;754.28;0.00;0.00;0.00
19.01.2021;19:14:33;2.53;28.30;1.74;754.26;0.00;0.00;0.00
19.01.2021;19:15:33;2.50;28.39;1.73;754.26;0.00;0.00;0.00
19.01.2021;19:16:33;2.50;28.37;1.73;754.26;0.00;0.00;0.00
19.01.2021;19:17:33;2.53;28.40;1.72;754.25;0.00;0.00;0.00
19.01.2021;19:18:33;2.50;28.41;1.71;754.24;0.00;0.00;0.00
19.01.2021;19:19:33;2.50;28.48;1.71;754.25;0.00;0.00;0.00
19.01.2021;19:20:33;2.51;28.46;1.70;754.25;0.00;0.00;0.00
19.01.2021;19:21:33;2.50;28.40;1.70;754.26;0.00;0.00;0.00
19.01.2021;19:22:33;2.50;28.47;1.69;754.27;0.00;0.00;0.00
19.01.2021;19:23:33;2.50;28.39;1.67;754.27;0.00;0.00;0.00
19.01.2021;19:24:33;2.50;28.51;1.66;754.29;0.00;0.00;0.00
19.01.2021;19:25:33;2.50;28.46;1.66;754.29;0.00;0.00;0.00
19.01.2021;19:26:33;2.50;28.49;1.65;754.29;0.00;0.00;0.00
19.01.2021;19:27:33;2.50;28.53;1.64;754.29;0.00;0.00;0.00
19.01.2021;19:28:33;2.53;28.53;1.63;754.29;0.00;0.00;0.00
19.01.2021;19:29:33;2.50;28.53;1.63;754.28;0.00;0.00;0.00
19.01.2021;19:30:33;2.50;28.54;1.63;754.27;0.00;0.00;0.00
19.01.2021;19:31:33;2.53;28.54;1.62;754.27;0.00;0.00;0.00
19.01.2021;19:32:33;2.50;28.65;1.62;754.26;0.00;0.00;0.00
19.01.2021;19:33:34;2.50;28.57;1.61;754.25;0.00;0.00;0.00
19.01.2021;19:34:34;2.51;28.55;1.61;754.25;0.00;0.00;0.00
19.01.2021;19:35:34;2.50;28.56;1.61;754.24;0.00;0.00;0.00
19.01.2021;19:36:34;2.50;28.59;1.60;754.24;0.00;0.00;0.00
19.01.2021;19:37:34;2.50;28.63;1.59;754.25;0.00;0.00;0.00
19.01.2021;19:38:34;2.50;28.69;1.58;754.26;0.00;0.00;0.00
19.01.2021;19:39:34;2.50;28.78;1.58;754.26;0.00;0.00;0.00
19.01.2021;19:40:34;2.50;28.87;1.57;754.26;0.00;0.00;0.00
19.01.2021;19:41:34;2.50;28.96;1.58;754.26;0.00;0.00;0.00
19.01.2021;19:42:34;2.53;28.75;1.58;754.25;0.00;0.00;0.00
19.01.2021;19:43:34;2.50;28.74;1.57;754.25;0.00;0.00;0.00
19.01.2021;19:44:34;2.50;28.93;1.56;754.24;0.00;0.00;0.00
19.01.2021;19:45:34;2.53;28.89;1.57;754.24;0.00;0.00;0.00
19.01.2021;19:46:34;2.50;28.98;1.57;754.22;0.00;0.00;0.00
19.01.2021;19:47:34;2.50;28.88;1.58;754.22;0.00;0.00;0.00
19.01.2021;19:48:34;2.51;28.88;1.57;754.22;0.00;0.00;0.00
19.01.2021;19:49:34;2.50;28.94;1.57;754.22;0.00;0.00;0.00
19.01.2021;19:50:34;2.50;28.86;1.57;754.23;0.00;0.00;0.00
19.01.2021;19:51:34;2.50;28.82;1.56;754.24;0.00;0.00;0.00
19.01.2021;19:52:34;2.50;28.71;1.55;754.25;0.00;0.00;0.00
19.01.2021;19:53:34;2.50;28.73;1.55;754.26;0.00;0.00;0.00
19.01.2021;19:54:34;2.50;28.71;1.54;754.26;0.00;0.00;0.00
19.01.2021;19:55:34;2.50;28.73;1.53;754.27;0.00;0.00;0.00
19.01.2021;19:56:34;2.53;28.72;1.53;754.28;0.00;0.00;0.00
19.01.2021;19:57:34;2.50;28.72;1.53;754.27;0.00;0.00;0.00
19.01.2021;19:58:34;2.50;28.71;1.53;754.27;0.00;0.00;0.00
19.01.2021;19:59:34;2.53;28.81;1.52;754.28;0.00;0.00;0.00
19.01.2021;20:00:34;2.50;28.76;1.51;754.27;0.00;0.00;0.00
19.01.2021;20:01:34;2.50;28.76;1.51;754.27;0.00;0.00;0.00
19.01.2021;20:02:34;2.51;28.77;1.51;754.27;0.00;0.00;0.00
19.01.2021;20:03:34;2.50;28.72;1.51;754.28;0.00;0.00;0.00
19.01.2021;20:04:34;2.50;28.72;1.50;754.29;0.00;0.00;0.00
19.01.2021;20:05:34;2.50;28.72;1.49;754.30;0.00;0.00;0.00
19.01.2021;20:06:34;2.50;28.85;1.47;754.31;0.00;0.00;0.00
19.01.2021;20:07:34;2.50;28.89;1.47;754.32;0.00;0.00;0.00
19.01.2021;20:08:34;2.50;28.89;1.47;754.32;0.00;0.00;0.00
19.01.2021;20:09:34;2.50;28.83;1.46;754.32;0.00;0.00;0.00
19.01.2021;20:10:34;2.53;28.79;1.46;754.31;0.00;0.00;0.00
19.01.2021;20:11:34;2.50;28.83;1.45;754.30;0.00;0.00;0.00
19.01.2021;20:12:34;2.50;28.87;1.44;754.30;0.00;0.00;0.00
19.01.2021;20:13:34;2.53;28.80;1.45;754.30;0.00;0.00;0.00
19.01.2021;20:14:34;2.50;28.82;1.44;754.29;0.00;0.00;0.00
19.01.2021;20:15:34;2.50;28.84;1.43;754.30;0.00;0.00;0.00
19.01.2021;20:16:34;2.51;28.86;1.42;754.32;0.00;0.00;0.00
19.01.2021;20:17:35;2.50;28.78;1.42;754.33;0.00;0.00;0.00
19.01.2021;20:18:35;2.50;28.85;1.42;754.34;0.00;0.00;0.00
19.01.2021;20:19:35;2.50;28.78;1.41;754.34;0.00;0.00;0.00
19.01.2021;20:20:35;2.50;28.79;1.41;754.34;0.00;0.00;0.00
19.01.2021;20:21:35;2.50;28.79;1.40;754.35;0.00;0.00;0.00
19.01.2021;20:22:35;2.50;28.84;1.38;754.35;0.00;0.00;0.00
19.01.2021;20:23:35;2.50;28.87;1.38;754.35;0.00;0.00;0.00
19.01.2021;20:24:35;2.53;28.83;1.38;754.34;0.00;0.00;0.00
19.01.2021;20:25:35;2.50;28.83;1.38;754.35;0.00;0.00;0.00
19.01.2021;20:26:35;2.50;28.88;1.37;754.35;0.00;0.00;0.00
19.01.2021;20:27:35;2.53;28.90;1.36;754.36;0.00;0.00;0.00
19.01.2021;20:28:35;2.50;28.87;1.36;754.36;0.00;0.00;0.00
19.01.2021;20:29:35;2.50;28.91;1.35;754.35;0.00;0.00;0.00
19.01.2021;20:30:35;2.51;28.90;1.34;754.35;0.00;0.00;0.00
19.01.2021;20:31:35;2.50;28.94;1.33;754.35;0.00;0.00;0.00
19.01.2021;20:32:35;2.50;28.98;1.35;754.35;0.00;0.00;0.00
19.01.2021;20:33:35;2.50;28.91;1.35;754.35;0.00;0.00;0.00
19.01.2021;20:34:35;2.50;28.93;1.34;754.33;0.00;0.00;0.00
19.01.2021;20:35:35;2.50;28.92;1.33;754.33;0.00;0.00;0.00
19.01.2021;20:36:35;2.50;28.97;1.32;754.32;0.00;0.00;0.00
19.01.2021;20:37:35;2.50;29.04;1.33;754.30;0.00;0.00;0.00
19.01.2021;20:38:35;2.53;28.92;1.33;754.30;0.00;0.00;0.00
19.01.2021;20:39:35;2.50;28.90;1.33;754.29;0.00;0.00;0.00
19.01.2021;20:40:35;2.50;28.92;1.32;754.28;0.00;0.00;0.00
19.01.2021;20:41:35;2.53;28.95;1.33;754.28;0.00;0.00;0.00
19.01.2021;20:42:35;2.50;28.94;1.33;754.28;0.00;0.00;0.00
19.01.2021;20:43:35;2.50;28.93;1.32;754.27;0.00;0.00;0.00
19.01.2021;20:44:35;2.51;28.95;1.32;754.29;0.00;0.00;0.00
19.01.2021;20:45:35;2.50;28.98;1.34;754.29;0.00;0.00;0.00
19.01.2021;20:46:35;2.50;28.94;1.35;754.31;0.00;0.00;0.00
19.01.2021;20:47:35;2.50;28.95;1.35;754.31;0.00;0.00;0.00
19.01.2021;20:48:35;2.50;28.93;1.34;754.31;0.00;0.00;0.00
19.01.2021;20:49:35;2.50;28.98;1.34;754.31;0.00;0.00;0.00
19.01.2021;20:50:35;2.50;28.96;1.33;754.32;0.00;0.00;0.00
19.01.2021;20:51:35;2.50;29.05;1.32;754.32;0.00;0.00;0.00
19.01.2021;20:52:35;2.53;29.06;1.32;754.32;0.00;0.00;0.00
19.01.2021;20:53:35;2.50;29.02;1.32;754.32;0.00;0.00;0.00
19.01.2021;20:54:35;2.50;28.96;1.31;754.32;0.00;0.00;0.00
19.01.2021;20:55:35;2.53;29.04;1.31;754.33;0.00;0.00;0.00
19.01.2021;20:56:35;2.50;29.05;1.31;754.35;0.00;0.00;0.00
19.01.2021;20:57:35;2.50;29.05;1.31;754.36;0.00;0.00;0.00
19.01.2021;20:58:35;2.51;29.03;1.31;754.37;0.00;0.00;0.00
19.01.2021;20:59:35;2.50;29.11;1.32;754.37;0.00;0.00;0.00
19.01.2021;21:00:35;2.50;29.09;1.32;754.38;0.00;0.00;0.00
19.01.2021;21:01:35;2.50;29.04;1.33;754.38;0.00;0.00;0.00
19.01.2021;21:02:36;2.50;28.99;1.32;754.37;0.00;0.00;0.00
19.01.2021;21:03:36;2.50;29.02;1.33;754.38;0.00;0.00;0.00
19.01.2021;21:04:36;2.50;28.94;1.33;754.38;0.00;0.00;0.00
19.01.2021;21:05:36;2.50;29.06;1.32;754.38;0.00;0.00;0.00
19.01.2021;21:06:36;2.53;28.99;1.32;754.38;0.00;0.00;0.00
19.01.2021;21:07:36;2.50;28.93;1.32;754.38;0.00;0.00;0.00
19.01.2021;21:08:36;2.50;29.02;1.31;754.39;0.00;0.00;0.00
19.01.2021;21:09:36;2.53;28.96;1.31;754.38;0.00;0.00;0.00
19.01.2021;21:10:36;2.50;29.02;1.31;754.37;0.00;0.00;0.00
19.01.2021;21:11:36;2.50;28.95;1.31;754.38;0.00;0.00;0.00
19.01.2021;21:12:36;2.51;29.03;1.32;754.38;0.00;0.00;0.00
19.01.2021;21:13:36;2.50;29.03;1.32;754.38;0.00;0.00;0.00
19.01.2021;21:14:36;2.50;28.99;1.31;754.39;0.00;0.00;0.00
19.01.2021;21:15:36;2.50;28.97;1.31;754.40;0.00;0.00;0.00
19.01.2021;21:16:36;2.50;29.03;1.32;754.42;0.00;0.00;0.00
19.01.2021;21:17:36;2.50;28.97;1.32;754.41;0.00;0.00;0.00
19.01.2021;21:18:36;2.50;28.98;1.32;754.41;0.00;0.00;0.00
19.01.2021;21:19:36;2.50;28.89;1.31;754.41;0.00;0.00;0.00
19.01.2021;21:20:36;2.53;28.87;1.30;754.41;0.00;0.00;0.00
19.01.2021;21:21:36;2.50;28.93;1.30;754.40;0.00;0.00;0.00
19.01.2021;21:22:36;2.50;28.91;1.30;754.40;0.00;0.00;0.00
19.01.2021;21:23:36;2.53;28.93;1.31;754.41;0.00;0.00;0.00
19.01.2021;21:24:36;2.50;28.93;1.31;754.40;0.00;0.00;0.00
19.01.2021;21:25:36;2.50;28.91;1.31;754.40;0.00;0.00;0.00
19.01.2021;21:26:36;2.51;28.92;1.30;754.40;0.00;0.00;0.00
19.01.2021;21:27:36;2.50;28.91;1.31;754.41;0.00;0.00;0.00
19.01.2021;21:28:36;2.50;28.88;1.30;754.43;0.00;0.00;0.00
19.01.2021;21:29:36;2.50;28.93;1.30;754.43;0.00;0.00;0.00
19.01.2021;21:30:36;2.50;28.95;1.31;754.42;0.00;0.00;0.00
19.01.2021;21:31:36;2.50;28.89;1.31;754.44;0.00;0.00;0.00
19.01.2021;21:32:36;2.50;28.90;1.30;754.45;0.00;0.00;0.00
19.01.2021;21:33:36;2.50;28.87;1.30;754.46;0.00;0.00;0.00
19.01.2021;21:34:36;2.53;28.83;1.30;754.48;0.00;0.00;0.00
19.01.2021;21:35:36;2.50;28.83;1.29;754.49;0.00;0.00;0.00
19.01.2021;21:36:36;2.50;28.87;1.29;754.49;0.00;0.00;0.00
19.01.2021;21:37:36;2.53;28.88;1.30;754.49;0.00;0.00;0.00
19.01.2021;21:38:36;2.50;28.83;1.30;754.51;0.00;0.00;0.00
19.01.2021;21:39:36;2.50;28.83;1.29;754.51;0.00;0.00;0.00
19.01.2021;21:40:36;2.51;28.84;1.28;754.51;0.00;0.00;0.00
19.01.2021;21:41:36;2.50;28.90;1.28;754.52;0.00;0.00;0.00
19.01.2021;21:42:36;2.50;29.01;1.28;754.51;0.00;0.00;0.00
19.01.2021;21:43:36;2.50;28.82;1.28;754.51;0.00;0.00;0.00
19.01.2021;21:44:36;2.50;28.85;1.28;754.51;0.00;0.00;0.00
19.01.2021;21:45:36;2.50;28.89;1.27;754.50;0.00;0.00;0.00
19.01.2021;21:46:37;2.50;28.94;1.26;754.51;0.00;0.00;0.00
19.01.2021;21:47:37;2.50;28.90;1.27;754.50;0.00;0.00;0.00
19.01.2021;21:48:37;2.53;28.88;1.26;754.51;0.00;0.00;0.00
19.01.2021;21:49:37;2.50;28.87;1.27;754.52;0.00;0.00;0.00
19.01.2021;21:50:37;2.50;28.92;1.26;754.52;0.00;0.00;0.00
19.01.2021;21:51:37;2.53;28.93;1.27;754.52;0.00;0.00;0.00
19.01.2021;21:52:37;2.50;28.83;1.26;754.53;0.00;0.00;0.00
19.01.2021;21:53:37;2.50;28.85;1.25;754.52;0.00;0.00;0.00
19.01.2021;21:54:37;2.51;28.85;1.26;754.53;0.00;0.00;0.00
19.01.2021;21:55:37;2.50;28.87;1.26;754.53;0.00;0.00;0.00
19.01.2021;21:56:37;2.50;28.81;1.27;754.53;0.00;0.00;0.00
19.01.2021;21:57:37;2.50;28.84;1.26;754.53;0.00;0.00;0.00
19.01.2021;21:58:37;2.50;29.38;1.27;754.54;0.00;0.00;0.00
19.01.2021;21:59:37;2.50;29.01;1.29;754.54;0.00;0.00;0.00
19.01.2021;22:00:37;2.50;28.81;1.30;754.53;0.00;0.00;0.00
19.01.2021;22:01:37;2.50;28.77;1.29;754.52;0.00;0.00;0.00
19.01.2021;22:02:37;2.53;28.76;1.28;754.50;0.00;0.00;0.00
19.01.2021;22:03:37;2.50;28.78;1.28;754.51;0.00;0.00;0.00
19.01.2021;22:04:37;2.50;28.80;1.28;754.51;0.00;0.00;0.00
19.01.2021;22:05:37;2.53;28.77;1.28;754.51;0.00;0.00;0.00
19.01.2021;22:06:37;2.50;28.77;1.27;754.53;0.00;0.00;0.00
19.01.2021;22:07:37;2.50;28.81;1.26;754.53;0.00;0.00;0.00
19.01.2021;22:08:37;2.51;28.78;1.24;754.53;0.00;0.00;0.00
19.01.2021;22:09:37;2.50;28.83;1.23;754.54;0.00;0.00;0.00
19.01.2021;22:10:37;2.50;28.88;1.24;754.55;0.00;0.00;0.00
19.01.2021;22:11:37;2.50;28.82;1.24;754.55;0.00;0.00;0.00
19.01.2021;22:12:37;2.50;28.85;1.24;754.55;0.00;0.00;0.00
19.01.2021;22:13:37;2.50;28.91;1.22;754.55;0.00;0.00;0.00
19.01.2021;22:14:37;2.50;28.88;1.21;754.54;0.00;0.00;0.00
19.01.2021;22:15:37;2.50;28.95;1.20;754.54;0.00;0.00;0.00
19.01.2021;22:16:37;2.53;28.92;1.20;754.56;0.00;0.00;0.00
19.01.2021;22:17:37;2.50;28.93;1.21;754.56;0.00;0.00;0.00
19.01.2021;22:18:37;2.50;28.91;1.21;754.57;0.00;0.00;0.00
19.01.2021;22:19:37;2.53;28.87;1.20;754.58;0.00;0.00;0.00
19.01.2021;22:20:37;2.50;28.92;1.19;754.58;0.00;0.00;0.00
19.01.2021;22:21:37;2.50;28.92;1.20;754.60;0.00;0.00;0.00
19.01.2021;22:22:37;2.51;28.92;1.19;754.61;0.00;0.00;0.00
19.01.2021;22:23:37;2.50;28.92;1.19;754.62;0.00;0.00;0.00
19.01.2021;22:24:37;2.50;28.97;1.19;754.61;0.00;0.00;0.00
19.01.2021;22:25:37;2.50;28.95;1.19;754.61;0.00;0.00;0.00
19.01.2021;22:26:37;2.50;28.99;1.19;754.61;0.00;0.00;0.00
19.01.2021;22:27:37;2.50;28.89;1.19;754.60;0.00;0.00;0.00
19.01.2021;22:28:37;2.50;28.95;1.18;754.61;0.00;0.00;0.00
19.01.2021;22:29:37;2.50;28.97;1.19;754.60;0.00;0.00;0.00
19.01.2021;22:30:38;2.53;28.91;1.18;754.61;0.00;0.00;0.00
19.01.2021;22:31:38;2.50;28.94;1.18;754.61;0.00;0.00;0.00
19.01.2021;22:32:38;2.50;28.96;1.18;754.61;0.00;0.00;0.00
19.01.2021;22:33:38;2.53;28.99;1.18;754.61;0.00;0.00;0.00
19.01.2021;22:34:38;2.50;28.97;1.19;754.63;0.00;0.00;0.00
19.01.2021;22:35:38;2.50;28.98;1.18;754.64;0.00;0.00;0.00
19.01.2021;22:36:38;2.51;28.99;1.18;754.65;0.00;0.00;0.00
19.01.2021;22:37:38;2.50;28.97;1.18;754.66;0.00;0.00;0.00
19.01.2021;22:38:38;2.50;28.96;1.18;754.68;0.00;0.00;0.00
19.01.2021;22:39:38;2.50;28.99;1.18;754.67;0.00;0.00;0.00
19.01.2021;22:40:38;2.50;28.94;1.18;754.67;0.00;0.00;0.00
19.01.2021;22:41:38;2.50;28.96;1.17;754.69;0.00;0.00;0.00
19.01.2021;22:42:38;2.50;28.99;1.16;754.69;0.00;0.00;0.00
19.01.2021;22:43:38;2.50;29.03;1.16;754.69;0.00;0.00;0.00
19.01.2021;22:44:38;2.53;28.99;1.17;754.69;0.00;0.00;0.00
19.01.2021;22:45:38;2.50;28.99;1.17;754.70;0.00;0.00;0.00
19.01.2021;22:46:38;2.50;28.99;1.18;754.69;0.00;0.00;0.00
19.01.2021;22:47:38;2.53;28.96;1.18;754.69;0.00;0.00;0.00
19.01.2021;22:48:38;2.50;28.95;1.17;754.69;0.00;0.00;0.00
19.01.2021;22:49:38;2.50;29.01;1.16;754.71;0.00;0.00;0.00
19.01.2021;22:50:38;2.51;28.95;1.15;754.71;0.00;0.00;0.00
19.01.2021;22:51:38;2.50;28.93;1.14;754.71;0.00;0.00;0.00
19.01.2021;22:52:38;2.50;28.93;1.15;754.72;0.00;0.00;0.00
19.01.2021;22:53:38;2.50;28.94;1.14;754.73;0.00;0.00;0.00
19.01.2021;22:54:38;2.50;29.04;1.13;754.73;0.00;0.00;0.00
19.01.2021;22:55:38;2.50;29.05;1.12;754.74;0.00;0.00;0.00
19.01.2021;22:56:38;2.50;29.02;1.13;754.74;0.00;0.00;0.00
19.01.2021;22:57:38;2.50;28.99;1.13;754.76;0.00;0.00;0.00
19.01.2021;22:58:38;2.53;28.99;1.12;754.77;0.00;0.00;0.00
19.01.2021;22:59:38;2.50;29.00;1.12;754.77;0.00;0.00;0.00
19.01.2021;23:00:38;2.50;29.01;1.12;754.77;0.00;0.00;0.00
19.01.2021;23:01:38;2.53;29.03;1.12;754.78;0.00;0.00;0.00
19.01.2021;23:02:38;2.50;28.99;1.12;754.77;0.00;0.00;0.00
19.01.2021;23:03:38;2.50;29.00;1.12;754.76;0.00;0.00;0.00
19.01.2021;23:04:38;2.51;29.00;1.11;754.76;0.00;0.00;0.00
19.01.2021;23:05:38;2.50;28.97;1.10;754.76;0.00;0.00;0.00
19.01.2021;23:06:38;2.50;28.99;1.10;754.77;0.00;0.00;0.00
19.01.2021;23:07:38;2.50;28.96;1.10;754.78;0.00;0.00;0.00
19.01.2021;23:08:38;2.50;28.98;1.09;754.80;0.00;0.00;0.00
19.01.2021;23:09:38;2.50;29.01;1.08;754.81;0.00;0.00;0.00
19.01.2021;23:10:38;2.50;29.05;1.08;754.83;0.00;0.00;0.00
19.01.2021;23:11:38;2.50;29.00;1.08;754.83;0.00;0.00;0.00
19.01.2021;23:12:38;2.53;29.02;1.07;754.83;0.00;0.00;0.00
19.01.2021;23:13:38;2.50;29.03;1.07;754.81;0.00;0.00;0.00
19.01.2021;23:14:39;2.50;29.02;1.08;754.80;0.00;0.00;0.00
19.01.2021;23:15:39;2.53;29.04;1.07;754.79;0.00;0.00;0.00
19.01.2021;23:16:39;2.50;29.03;1.06;754.78;0.00;0.00;0.00
19.01.2021;23:17:39;2.50;29.10;1.07;754.78;0.00;0.00;0.00
19.01.2021;23:18:39;2.51;29.11;1.06;754.79;0.00;0.00;0.00
19.01.2021;23:19:39;2.50;29.08;1.06;754.79;0.00;0.00;0.00
19.01.2021;23:20:39;2.50;29.04;1.06;754.78;0.00;0.00;0.00
19.01.2021;23:21:39;2.50;29.10;1.06;754.79;0.00;0.00;0.00
19.01.2021;23:22:39;2.50;29.12;1.05;754.78;0.00;0.00;0.00
19.01.2021;23:23:39;2.50;29.12;1.06;754.79;0.00;0.00;0.00
19.01.2021;23:24:39;2.50;29.05;1.07;754.80;0.00;0.00;0.00
19.01.2021;23:25:39;2.50;29.01;1.08;754.77;0.00;0.00;0.00
19.01.2021;23:26:39;2.53;28.99;1.08;754.77;0.00;0.00;0.00
19.01.2021;23:27:39;2.50;29.04;1.07;754.76;0.00;0.00;0.00
19.01.2021;23:28:39;2.50;29.02;1.07;754.76;0.00;0.00;0.00
19.01.2021;23:29:39;2.53;29.05;1.06;754.75;0.00;0.00;0.00
19.01.2021;23:30:39;2.50;29.00;1.06;754.73;0.00;0.00;0.00
19.01.2021;23:31:39;2.50;29.01;1.07;754.74;0.00;0.00;0.00
19.01.2021;23:32:39;2.51;29.01;1.08;754.73;0.00;0.00;0.00
19.01.2021;23:33:39;2.50;28.98;1.08;754.72;0.00;0.00;0.00
19.01.2021;23:34:39;2.50;29.01;1.08;754.71;0.00;0.00;0.00
19.01.2021;23:35:39;2.50;28.98;1.07;754.71;0.00;0.00;0.00
19.01.2021;23:36:39;2.50;28.98;1.07;754.71;0.00;0.00;0.00
19.01.2021;23:37:39;2.50;29.02;1.07;754.71;0.00;0.00;0.00
19.01.2021;23:38:39;2.50;28.96;1.07;754.71;0.00;0.00;0.00
19.01.2021;23:39:39;2.50;28.98;1.07;754.73;0.00;0.00;0.00
19.01.2021;23:40:39;2.53;28.95;1.07;754.74;0.00;0.00;0.00
19.01.2021;23:41:39;2.50;28.96;1.07;754.74;0.00;0.00;0.00
19.01.2021;23:42:39;2.50;29.02;1.07;754.76;0.00;0.00;0.00
19.01.2021;23:43:39;2.53;28.99;1.06;754.77;0.00;0.00;0.00
19.01.2021;23:44:39;2.50;29.03;1.07;754.77;0.00;0.00;0.00
19.01.2021;23:45:39;2.50;29.02;1.08;754.76;0.00;0.00;0.00
19.01.2021;23:46:39;2.51;28.96;1.09;754.76;0.00;0.00;0.00
19.01.2021;23:47:39;2.50;28.94;1.08;754.75;0.00;0.00;0.00
19.01.2021;23:48:39;2.50;29.04;1.08;754.74;0.00;0.00;0.00
19.01.2021;23:49:39;2.50;29.08;1.08;754.72;0.00;0.00;0.00
19.01.2021;23:50:39;2.50;29.00;1.09;754.70;0.00;0.00;0.00
19.01.2021;23:51:39;2.50;28.95;1.09;754.70;0.00;0.00;0.00
19.01.2021;23:52:39;2.50;29.01;1.08;754.69;0.00;0.00;0.00
19.01.2021;23:53:39;2.50;29.03;1.07;754.69;0.00;0.00;0.00
19.01.2021;23:54:39;2.53;29.06;1.06;754.69;0.00;0.00;0.00
19.01.2021;23:55:39;2.50;29.02;1.06;754.70;0.00;0.00;0.00
19.01.2021;23:56:39;2.50;29.05;1.07;754.71;0.00;0.00;0.00
19.01.2021;23:57:39;2.53;29.06;1.06;754.73;0.00;0.00;0.00
19.01.2021;23:58:39;2.50;29.09;1.08;754.73;0.00;0.00;0.00
19.01.2021;23:59:40;2.50;29.14;1.07;754.73;0.00;0.00;0.00
