19.11.2020;0:00:19;3.33;50.92;12.78;765.53;0.00;0.00;0.00
19.11.2020;0:01:19;3.33;51.02;12.78;765.52;0.00;0.00;0.00
19.11.2020;0:02:19;3.35;51.00;12.79;765.51;0.00;0.00;0.00
19.11.2020;0:03:19;3.33;50.99;12.79;765.51;0.00;0.00;0.00
19.11.2020;0:04:19;3.33;50.85;12.80;765.49;0.00;0.00;0.00
19.11.2020;0:05:19;3.36;50.90;12.81;765.48;0.00;0.00;0.00
19.11.2020;0:06:19;3.33;50.90;12.82;765.47;0.00;0.00;0.00
19.11.2020;0:07:19;3.33;50.87;12.82;765.46;0.00;0.00;0.00
19.11.2020;0:08:19;3.35;50.77;12.81;765.45;0.00;0.00;0.00
19.11.2020;0:09:19;3.33;50.92;12.81;765.44;0.00;0.00;0.00
19.11.2020;0:10:19;3.33;50.59;12.81;765.45;0.00;0.00;0.00
19.11.2020;0:11:19;3.33;50.84;12.81;765.45;0.00;0.00;0.00
19.11.2020;0:12:19;3.33;50.85;12.81;765.46;0.00;0.00;0.00
19.11.2020;0:13:19;3.33;50.79;12.81;765.46;0.00;0.00;0.00
19.11.2020;0:14:19;3.33;50.89;12.81;765.46;0.00;0.00;0.00
19.11.2020;0:15:19;3.33;50.87;12.81;765.46;0.00;0.00;0.00
19.11.2020;0:16:20;3.35;50.86;12.80;765.46;0.00;0.00;0.00
19.11.2020;0:17:20;3.33;50.85;12.80;765.46;0.00;0.00;0.00
19.11.2020;0:18:20;3.33;50.93;12.81;765.46;0.00;0.00;0.00
19.11.2020;0:19:20;3.35;50.71;12.81;765.45;0.00;0.00;0.00
19.11.2020;0:20:20;3.33;50.87;12.81;765.44;0.00;0.00;0.00
19.11.2020;0:21:20;3.33;50.90;12.81;765.42;0.00;0.00;0.00
19.11.2020;0:22:20;3.35;50.87;12.81;765.42;0.00;0.00;0.00
19.11.2020;0:23:20;3.33;50.88;12.81;765.42;0.00;0.00;0.00
19.11.2020;0:24:20;3.33;50.94;12.82;765.42;0.00;0.00;0.00
19.11.2020;0:25:20;3.33;50.83;12.82;765.42;0.00;0.00;0.00
19.11.2020;0:26:20;3.33;50.88;12.82;765.43;0.00;0.00;0.00
19.11.2020;0:27:20;3.33;50.90;12.82;765.43;0.00;0.00;0.00
19.11.2020;0:28:20;3.33;50.85;12.82;765.42;0.00;0.00;0.00
19.11.2020;0:29:20;3.33;50.76;12.82;765.44;0.00;0.00;0.00
19.11.2020;0:30:20;3.35;50.88;12.82;765.45;0.00;0.00;0.00
19.11.2020;0:31:20;3.33;50.86;12.82;765.45;0.00;0.00;0.00
19.11.2020;0:32:20;3.33;50.81;12.82;765.45;0.00;0.00;0.00
19.11.2020;0:33:20;3.36;50.78;12.82;765.44;0.00;0.00;0.00
19.11.2020;0:34:20;3.33;50.85;12.82;765.44;0.00;0.00;0.00
19.11.2020;0:35:20;3.33;50.77;12.82;765.43;0.00;0.00;0.00
19.11.2020;0:36:20;3.35;50.82;12.81;765.42;0.00;0.00;0.00
19.11.2020;0:37:20;3.33;50.78;12.82;765.41;0.00;0.00;0.00
19.11.2020;0:38:20;3.33;50.81;12.82;765.38;0.00;0.00;0.00
19.11.2020;0:39:20;3.33;50.85;12.82;765.37;0.00;0.00;0.00
19.11.2020;0:40:20;3.33;50.89;12.81;765.35;0.00;0.00;0.00
19.11.2020;0:41:20;3.33;50.89;12.82;765.31;0.00;0.00;0.00
19.11.2020;0:42:20;3.32;50.88;12.83;765.31;0.00;0.00;0.00
19.11.2020;0:43:20;3.33;50.87;12.83;765.29;0.00;0.00;0.00
19.11.2020;0:44:20;3.35;50.88;12.83;765.30;0.00;0.00;0.00
19.11.2020;0:45:20;3.33;50.77;12.84;765.31;0.00;0.00;0.00
19.11.2020;0:46:20;3.33;50.79;12.84;765.31;0.00;0.00;0.00
19.11.2020;0:47:21;3.36;50.70;12.85;765.33;0.00;0.00;0.00
19.11.2020;0:48:21;3.33;50.56;12.85;765.32;0.00;0.00;0.00
19.11.2020;0:49:21;3.33;50.63;12.85;765.32;0.00;0.00;0.00
19.11.2020;0:50:21;3.35;50.72;12.85;765.32;0.00;0.00;0.00
19.11.2020;0:51:21;3.33;50.72;12.85;765.34;0.00;0.00;0.00
19.11.2020;0:52:21;3.33;50.72;12.85;765.35;0.00;0.00;0.00
19.11.2020;0:53:21;3.33;50.43;12.86;765.34;0.00;0.00;0.00
19.11.2020;0:54:21;3.33;50.64;12.85;765.36;0.00;0.00;0.00
19.11.2020;0:55:21;3.33;50.64;12.85;765.35;0.00;0.00;0.00
19.11.2020;0:56:21;3.33;50.53;12.84;765.36;0.00;0.00;0.00
19.11.2020;0:57:21;3.33;50.75;12.84;765.36;0.00;0.00;0.00
19.11.2020;0:58:21;3.35;50.83;12.84;765.37;0.00;0.00;0.00
19.11.2020;0:59:21;3.33;50.71;12.85;765.38;0.00;0.00;0.00
19.11.2020;1:00:21;3.33;50.77;12.84;765.38;0.00;0.00;0.00
19.11.2020;1:01:21;3.36;50.79;12.85;765.39;0.00;0.00;0.00
19.11.2020;1:02:21;3.33;50.76;12.85;765.38;0.00;0.00;0.00
19.11.2020;1:03:21;3.33;50.71;12.85;765.37;0.00;0.00;0.00
19.11.2020;1:04:21;3.33;50.76;12.85;765.35;0.00;0.00;0.00
19.11.2020;1:05:21;3.33;50.76;12.86;765.33;0.00;0.00;0.00
19.11.2020;1:06:21;3.33;50.64;12.85;765.33;0.00;0.00;0.00
19.11.2020;1:07:21;3.33;50.60;12.85;765.33;0.00;0.00;0.00
19.11.2020;1:08:21;3.33;50.62;12.85;765.32;0.00;0.00;0.00
19.11.2020;1:09:21;3.33;50.70;12.85;765.32;0.00;0.00;0.00
19.11.2020;1:10:21;3.33;50.78;12.85;765.31;0.00;0.00;0.00
19.11.2020;1:11:21;3.33;50.71;12.85;765.30;0.00;0.00;0.00
19.11.2020;1:12:21;3.35;50.73;12.86;765.31;0.00;0.00;0.00
19.11.2020;1:13:21;3.33;50.65;12.86;765.30;0.00;0.00;0.00
19.11.2020;1:14:21;3.33;50.66;12.85;765.29;0.00;0.00;0.00
19.11.2020;1:15:21;3.35;50.67;12.85;765.28;0.00;0.00;0.00
19.11.2020;1:16:21;3.33;50.69;12.86;765.29;0.00;0.00;0.00
19.11.2020;1:17:22;3.33;50.79;12.86;765.28;0.00;0.00;0.00
19.11.2020;1:18:22;3.35;50.75;12.86;765.29;0.00;0.00;0.00
19.11.2020;1:19:22;3.33;50.76;12.86;765.30;0.00;0.00;0.00
19.11.2020;1:20:22;3.33;50.61;12.87;765.31;0.00;0.00;0.00
19.11.2020;1:21:22;3.33;50.72;12.86;765.29;0.00;0.00;0.00
19.11.2020;1:22:22;3.33;50.65;12.87;765.29;0.00;0.00;0.00
19.11.2020;1:23:22;3.33;50.69;12.87;765.28;0.00;0.00;0.00
19.11.2020;1:24:22;3.33;50.71;12.87;765.28;0.00;0.00;0.00
19.11.2020;1:25:22;3.33;50.80;12.86;765.28;0.00;0.00;0.00
19.11.2020;1:26:22;3.35;50.80;12.86;765.28;0.00;0.00;0.00
19.11.2020;1:27:22;3.33;50.80;12.85;765.28;0.00;0.00;0.00
19.11.2020;1:28:22;3.33;50.82;12.85;765.28;0.00;0.00;0.00
19.11.2020;1:29:22;3.36;50.72;12.86;765.30;0.00;0.00;0.00
19.11.2020;1:30:22;3.33;50.76;12.86;765.30;0.00;0.00;0.00
19.11.2020;1:31:22;3.33;50.78;12.85;765.29;0.00;0.00;0.00
19.11.2020;1:32:22;3.35;50.67;12.86;765.28;0.00;0.00;0.00
19.11.2020;1:33:22;3.33;50.65;12.86;765.28;0.00;0.00;0.00
19.11.2020;1:34:22;3.33;50.58;12.87;765.28;0.00;0.00;0.00
19.11.2020;1:35:22;3.33;50.67;12.87;765.30;0.00;0.00;0.00
19.11.2020;1:36:22;3.33;50.74;12.88;765.30;0.00;0.00;0.00
19.11.2020;1:37:22;3.33;50.63;12.88;765.30;0.00;0.00;0.00
19.11.2020;1:38:22;3.33;50.65;12.87;765.29;0.00;0.00;0.00
19.11.2020;1:39:22;3.33;50.70;12.88;765.28;0.00;0.00;0.00
19.11.2020;1:40:22;3.35;50.75;12.88;765.29;0.00;0.00;0.00
19.11.2020;1:41:22;3.33;50.73;12.89;765.29;0.00;0.00;0.00
19.11.2020;1:42:22;3.33;50.63;12.89;765.29;0.00;0.00;0.00
19.11.2020;1:43:22;3.36;50.71;12.88;765.29;0.00;0.00;0.00
19.11.2020;1:44:22;3.33;50.74;12.88;765.28;0.00;0.00;0.00
19.11.2020;1:45:22;3.33;50.50;12.89;765.27;0.00;0.00;0.00
19.11.2020;1:46:22;3.35;50.70;12.89;765.25;0.00;0.00;0.00
19.11.2020;1:47:22;3.33;50.55;12.90;765.24;0.00;0.00;0.00
19.11.2020;1:48:23;3.33;50.64;12.89;765.21;0.00;0.00;0.00
19.11.2020;1:49:23;3.33;50.63;12.90;765.21;0.00;0.00;0.00
19.11.2020;1:50:23;3.33;50.61;12.91;765.20;0.00;0.00;0.00
19.11.2020;1:51:23;3.33;50.64;12.91;765.20;0.00;0.00;0.00
19.11.2020;1:52:23;3.33;50.60;12.91;765.20;0.00;0.00;0.00
19.11.2020;1:53:23;3.33;50.52;12.91;765.19;0.00;0.00;0.00
19.11.2020;1:54:23;3.35;50.51;12.91;765.19;0.00;0.00;0.00
19.11.2020;1:55:23;3.33;50.40;12.91;765.19;0.00;0.00;0.00
19.11.2020;1:56:23;3.33;50.55;12.90;765.16;0.00;0.00;0.00
19.11.2020;1:57:23;3.35;50.59;12.91;765.17;0.00;0.00;0.00
19.11.2020;1:58:23;3.33;50.68;12.91;765.15;0.00;0.00;0.00
19.11.2020;1:59:23;3.33;50.66;12.91;765.14;0.00;0.00;0.00
19.11.2020;2:00:23;3.35;50.63;12.91;765.12;0.00;0.00;0.00
19.11.2020;2:01:23;3.33;50.58;12.92;765.09;0.00;0.00;0.00
19.11.2020;2:02:23;3.33;50.61;12.92;765.07;0.00;0.00;0.00
19.11.2020;2:03:23;3.33;50.60;12.93;765.05;0.00;0.00;0.00
19.11.2020;2:04:23;3.33;50.45;12.93;765.06;0.00;0.00;0.00
19.11.2020;2:05:23;3.33;50.46;12.93;765.05;0.00;0.00;0.00
19.11.2020;2:06:23;3.33;50.39;12.93;765.05;0.00;0.00;0.00
19.11.2020;2:07:23;3.33;50.58;12.93;765.04;0.00;0.00;0.00
19.11.2020;2:08:23;3.35;50.46;12.93;765.02;0.00;0.00;0.00
19.11.2020;2:09:23;3.33;50.42;12.93;764.99;0.00;0.00;0.00
19.11.2020;2:10:23;3.33;50.55;12.93;764.99;0.00;0.00;0.00
19.11.2020;2:11:23;3.35;50.48;12.93;764.97;0.00;0.00;0.00
19.11.2020;2:12:23;3.33;50.48;12.93;764.96;0.00;0.00;0.00
19.11.2020;2:13:23;3.33;50.51;12.93;764.97;0.00;0.00;0.00
19.11.2020;2:14:23;3.35;50.50;12.93;764.97;0.00;0.00;0.00
19.11.2020;2:15:23;3.33;50.41;12.93;765.00;0.00;0.00;0.00
19.11.2020;2:16:23;3.33;50.51;12.93;765.00;0.00;0.00;0.00
19.11.2020;2:17:23;3.33;50.53;12.93;765.00;0.00;0.00;0.00
19.11.2020;2:18:24;3.33;50.62;12.93;765.00;0.00;0.00;0.00
19.11.2020;2:19:24;3.33;50.63;12.94;764.99;0.00;0.00;0.00
19.11.2020;2:20:24;3.33;50.60;12.95;764.98;0.00;0.00;0.00
19.11.2020;2:21:24;3.33;50.53;12.95;764.97;0.00;0.00;0.00
19.11.2020;2:22:24;3.35;50.46;12.95;764.98;0.00;0.00;0.00
19.11.2020;2:23:24;3.33;50.48;12.95;764.98;0.00;0.00;0.00
19.11.2020;2:24:24;3.33;50.34;12.94;764.99;0.00;0.00;0.00
19.11.2020;2:25:24;3.36;50.57;12.94;765.00;0.00;0.00;0.00
19.11.2020;2:26:24;3.33;50.61;12.95;765.01;0.00;0.00;0.00
19.11.2020;2:27:24;3.33;50.57;12.95;765.00;0.00;0.00;0.00
19.11.2020;2:28:24;3.35;50.63;12.95;764.98;0.00;0.00;0.00
19.11.2020;2:29:24;3.33;50.55;12.94;764.97;0.00;0.00;0.00
19.11.2020;2:30:24;3.33;50.54;12.94;764.96;0.00;0.00;0.00
19.11.2020;2:31:24;3.33;50.58;12.93;764.95;0.00;0.00;0.00
19.11.2020;2:32:24;3.33;50.60;12.93;764.94;0.00;0.00;0.00
19.11.2020;2:33:24;3.33;50.64;12.93;764.94;0.00;0.00;0.00
19.11.2020;2:34:24;3.33;50.56;12.94;764.93;0.00;0.00;0.00
19.11.2020;2:35:24;3.33;50.60;12.94;764.93;0.00;0.00;0.00
19.11.2020;2:36:24;3.35;50.49;12.95;764.93;0.00;0.00;0.00
19.11.2020;2:37:24;3.33;50.57;12.94;764.92;0.00;0.00;0.00
19.11.2020;2:38:24;3.33;50.57;12.95;764.92;0.00;0.00;0.00
19.11.2020;2:39:24;3.35;50.48;12.95;764.91;0.00;0.00;0.00
19.11.2020;2:40:24;3.33;50.57;12.94;764.91;0.00;0.00;0.00
19.11.2020;2:41:24;3.33;50.42;12.94;764.92;0.00;0.00;0.00
19.11.2020;2:42:24;3.35;50.46;12.94;764.92;0.00;0.00;0.00
19.11.2020;2:43:24;3.33;50.58;12.94;764.91;0.00;0.00;0.00
19.11.2020;2:44:24;3.33;50.60;12.95;764.91;0.00;0.00;0.00
19.11.2020;2:45:24;3.33;50.54;12.95;764.90;0.00;0.00;0.00
19.11.2020;2:46:24;3.33;50.57;12.95;764.90;0.00;0.00;0.00
19.11.2020;2:47:24;3.33;50.40;12.96;764.91;0.00;0.00;0.00
19.11.2020;2:48:24;3.33;50.36;12.95;764.90;0.00;0.00;0.00
19.11.2020;2:49:25;3.33;50.52;12.95;764.91;0.00;0.00;0.00
19.11.2020;2:50:25;3.35;50.55;12.95;764.90;0.00;0.00;0.00
19.11.2020;2:51:25;3.33;50.51;12.96;764.88;0.00;0.00;0.00
19.11.2020;2:52:25;3.33;50.56;12.96;764.87;0.00;0.00;0.00
19.11.2020;2:53:25;3.35;50.54;12.96;764.86;0.00;0.00;0.00
19.11.2020;2:54:25;3.33;50.53;12.96;764.84;0.00;0.00;0.00
19.11.2020;2:55:25;3.33;50.42;12.97;764.84;0.00;0.00;0.00
19.11.2020;2:56:25;3.35;50.50;12.97;764.83;0.00;0.00;0.00
19.11.2020;2:57:25;3.33;50.46;12.97;764.83;0.00;0.00;0.00
19.11.2020;2:58:25;3.33;50.48;12.98;764.82;0.00;0.00;0.00
19.11.2020;2:59:25;3.33;50.47;12.98;764.82;0.00;0.00;0.00
19.11.2020;3:00:25;3.33;50.38;12.98;764.81;0.00;0.00;0.00
19.11.2020;3:01:25;3.33;50.45;12.97;764.80;0.00;0.00;0.00
19.11.2020;3:02:25;3.33;50.50;12.97;764.79;0.00;0.00;0.00
19.11.2020;3:03:25;3.33;50.52;12.98;764.78;0.00;0.00;0.00
19.11.2020;3:04:25;3.35;50.52;12.98;764.79;0.00;0.00;0.00
19.11.2020;3:05:25;3.33;50.00;12.97;764.79;0.00;0.00;0.00
19.11.2020;3:06:25;3.33;50.37;12.96;764.79;0.00;0.00;0.00
19.11.2020;3:07:25;3.36;50.39;12.96;764.79;0.00;0.00;0.00
19.11.2020;3:08:25;3.33;50.46;12.97;764.79;0.00;0.00;0.00
19.11.2020;3:09:25;3.33;50.27;12.97;764.80;0.00;0.00;0.00
19.11.2020;3:10:25;3.35;50.37;12.97;764.79;0.00;0.00;0.00
19.11.2020;3:11:25;3.33;50.31;12.97;764.77;0.00;0.00;0.00
19.11.2020;3:12:25;3.33;50.43;12.97;764.77;0.00;0.00;0.00
19.11.2020;3:13:25;3.33;50.40;12.97;764.77;0.00;0.00;0.00
19.11.2020;3:14:25;3.33;50.30;12.97;764.75;0.00;0.00;0.00
19.11.2020;3:15:25;3.33;50.43;12.98;764.74;0.00;0.00;0.00
19.11.2020;3:16:25;3.33;50.51;12.98;764.73;0.00;0.00;0.00
19.11.2020;3:17:25;3.33;50.51;12.98;764.71;0.00;0.00;0.00
19.11.2020;3:18:25;3.35;50.50;12.98;764.69;0.00;0.00;0.00
19.11.2020;3:19:26;3.33;50.53;12.99;764.66;0.00;0.00;0.00
19.11.2020;3:20:26;3.33;50.45;13.00;764.64;0.00;0.00;0.00
19.11.2020;3:21:26;3.36;50.37;13.00;764.63;0.00;0.00;0.00
19.11.2020;3:22:26;3.33;50.42;12.99;764.62;0.00;0.00;0.00
19.11.2020;3:23:26;3.33;50.50;12.99;764.62;0.00;0.00;0.00
19.11.2020;3:24:26;3.35;50.49;13.01;764.61;0.00;0.00;0.00
19.11.2020;3:25:26;3.33;50.32;13.01;764.61;0.00;0.00;0.00
19.11.2020;3:26:26;3.33;50.46;13.01;764.63;0.00;0.00;0.00
19.11.2020;3:27:26;3.33;50.35;13.01;764.63;0.00;0.00;0.00
19.11.2020;3:28:26;3.33;50.26;13.01;764.63;0.00;0.00;0.00
19.11.2020;3:29:26;3.33;50.38;13.00;764.63;0.00;0.00;0.00
19.11.2020;3:30:26;3.33;50.40;13.00;764.63;0.00;0.00;0.00
19.11.2020;3:31:26;3.33;50.44;12.99;764.63;0.00;0.00;0.00
19.11.2020;3:32:26;3.35;50.42;12.99;764.62;0.00;0.00;0.00
19.11.2020;3:33:26;3.33;50.41;13.00;764.62;0.00;0.00;0.00
19.11.2020;3:34:26;3.33;50.47;13.00;764.62;0.00;0.00;0.00
19.11.2020;3:35:26;3.35;50.49;13.00;764.62;0.00;0.00;0.00
19.11.2020;3:36:26;3.33;50.38;13.00;764.60;0.00;0.00;0.00
19.11.2020;3:37:26;3.33;50.47;13.01;764.59;0.00;0.00;0.00
19.11.2020;3:38:26;3.35;50.37;13.01;764.57;0.00;0.00;0.00
19.11.2020;3:39:26;3.33;50.37;13.01;764.56;0.00;0.00;0.00
19.11.2020;3:40:26;3.33;50.44;13.02;764.54;0.00;0.00;0.00
19.11.2020;3:41:26;3.33;50.36;13.01;764.54;0.00;0.00;0.00
19.11.2020;3:42:26;3.33;50.37;13.01;764.54;0.00;0.00;0.00
19.11.2020;3:43:26;3.33;50.33;13.01;764.53;0.00;0.00;0.00
19.11.2020;3:44:26;3.33;50.31;13.00;764.53;0.00;0.00;0.00
19.11.2020;3:45:26;3.33;50.39;13.00;764.53;0.00;0.00;0.00
19.11.2020;3:46:26;3.35;50.35;13.00;764.53;0.00;0.00;0.00
19.11.2020;3:47:26;3.33;50.47;13.00;764.50;0.00;0.00;0.00
19.11.2020;3:48:26;3.33;50.43;13.00;764.48;0.00;0.00;0.00
19.11.2020;3:49:27;3.36;50.39;13.00;764.47;0.00;0.00;0.00
19.11.2020;3:50:27;3.33;50.49;13.00;764.45;0.00;0.00;0.00
19.11.2020;3:51:27;3.33;50.50;13.01;764.45;0.00;0.00;0.00
19.11.2020;3:52:27;3.35;50.46;13.01;764.44;0.00;0.00;0.00
19.11.2020;3:53:27;3.33;50.49;13.01;764.42;0.00;0.00;0.00
19.11.2020;3:54:27;3.33;50.39;13.01;764.41;0.00;0.00;0.00
19.11.2020;3:55:27;3.33;50.42;13.01;764.40;0.00;0.00;0.00
19.11.2020;3:56:27;3.33;50.46;13.02;764.40;0.00;0.00;0.00
19.11.2020;3:57:27;3.33;50.34;13.01;764.39;0.00;0.00;0.00
19.11.2020;3:58:27;3.33;50.26;13.01;764.39;0.00;0.00;0.00
19.11.2020;3:59:27;3.33;50.37;13.02;764.40;0.00;0.00;0.00
19.11.2020;4:00:27;3.35;50.37;13.02;764.40;0.00;0.00;0.00
19.11.2020;4:01:27;3.33;50.41;13.03;764.40;0.00;0.00;0.00
19.11.2020;4:02:27;3.33;50.39;13.03;764.38;0.00;0.00;0.00
19.11.2020;4:03:27;3.35;50.43;13.02;764.37;0.00;0.00;0.00
19.11.2020;4:04:27;3.33;50.43;13.03;764.36;0.00;0.00;0.00
19.11.2020;4:05:27;3.33;50.43;13.03;764.35;0.00;0.00;0.00
19.11.2020;4:06:27;3.35;50.44;13.03;764.34;0.00;0.00;0.00
19.11.2020;4:07:27;3.33;50.43;13.02;764.35;0.00;0.00;0.00
19.11.2020;4:08:27;3.33;50.42;13.03;764.36;0.00;0.00;0.00
19.11.2020;4:09:27;3.33;50.26;13.03;764.37;0.00;0.00;0.00
19.11.2020;4:10:27;3.33;50.44;13.03;764.38;0.00;0.00;0.00
19.11.2020;4:11:27;3.33;50.29;13.03;764.39;0.00;0.00;0.00
19.11.2020;4:12:27;3.33;50.43;13.03;764.40;0.00;0.00;0.00
19.11.2020;4:13:27;3.33;50.37;13.03;764.38;0.00;0.00;0.00
19.11.2020;4:14:27;3.35;50.40;13.03;764.39;0.00;0.00;0.00
19.11.2020;4:15:27;3.33;50.42;13.03;764.38;0.00;0.00;0.00
19.11.2020;4:16:27;3.33;50.48;13.03;764.39;0.00;0.00;0.00
19.11.2020;4:17:27;3.35;50.49;13.03;764.37;0.00;0.00;0.00
19.11.2020;4:18:27;3.33;50.50;13.03;764.37;0.00;0.00;0.00
19.11.2020;4:19:27;3.33;50.49;13.03;764.37;0.00;0.00;0.00
19.11.2020;4:20:28;3.35;50.38;13.03;764.37;0.00;0.00;0.00
19.11.2020;4:21:28;3.33;50.41;13.03;764.34;0.00;0.00;0.00
19.11.2020;4:22:28;3.33;50.44;13.04;764.35;0.00;0.00;0.00
19.11.2020;4:23:28;3.33;50.42;13.03;764.35;0.00;0.00;0.00
19.11.2020;4:24:28;3.33;50.36;13.02;764.34;0.00;0.00;0.00
19.11.2020;4:25:28;3.33;50.51;13.02;764.33;0.00;0.00;0.00
19.11.2020;4:26:28;3.33;50.37;13.03;764.33;0.00;0.00;0.00
19.11.2020;4:27:28;3.33;50.36;13.04;764.32;0.00;0.00;0.00
19.11.2020;4:28:28;3.35;50.44;13.03;764.33;0.00;0.00;0.00
19.11.2020;4:29:28;3.33;50.30;13.04;764.32;0.00;0.00;0.00
19.11.2020;4:30:28;3.33;50.43;13.04;764.31;0.00;0.00;0.00
19.11.2020;4:31:28;3.35;50.37;13.03;764.30;0.00;0.00;0.00
19.11.2020;4:32:28;3.33;50.44;13.02;764.30;0.00;0.00;0.00
19.11.2020;4:33:28;3.32;50.47;13.02;764.29;0.00;0.00;0.00
19.11.2020;4:34:28;3.35;50.35;13.03;764.29;0.00;0.00;0.00
19.11.2020;4:35:28;3.33;50.34;13.02;764.30;0.00;0.00;0.00
19.11.2020;4:36:28;3.33;50.45;13.02;764.30;0.00;0.00;0.00
19.11.2020;4:37:28;3.33;50.44;13.02;764.31;0.00;0.00;0.00
19.11.2020;4:38:28;3.33;50.47;13.02;764.31;0.00;0.00;0.00
19.11.2020;4:39:28;3.33;50.38;13.03;764.30;0.00;0.00;0.00
19.11.2020;4:40:28;3.33;50.42;13.03;764.28;0.00;0.00;0.00
19.11.2020;4:41:28;3.33;50.44;13.02;764.25;0.00;0.00;0.00
19.11.2020;4:42:28;3.35;50.27;13.01;764.24;0.00;0.00;0.00
19.11.2020;4:43:28;3.33;50.36;13.02;764.23;0.00;0.00;0.00
19.11.2020;4:44:28;3.33;50.17;13.03;764.21;0.00;0.00;0.00
19.11.2020;4:45:28;3.35;50.40;13.03;764.20;0.00;0.00;0.00
19.11.2020;4:46:28;3.33;50.31;13.03;764.20;0.00;0.00;0.00
19.11.2020;4:47:28;3.33;50.34;13.03;764.20;0.00;0.00;0.00
19.11.2020;4:48:28;3.35;50.31;13.03;764.17;0.00;0.00;0.00
19.11.2020;4:49:28;3.33;50.45;13.03;764.16;0.00;0.00;0.00
19.11.2020;4:50:29;3.33;50.38;13.03;764.15;0.00;0.00;0.00
19.11.2020;4:51:29;3.33;50.44;13.02;764.13;0.00;0.00;0.00
19.11.2020;4:52:29;3.33;50.48;13.03;764.12;0.00;0.00;0.00
19.11.2020;4:53:29;3.33;50.42;13.03;764.11;0.00;0.00;0.00
19.11.2020;4:54:29;3.33;50.46;13.03;764.11;0.00;0.00;0.00
19.11.2020;4:55:29;3.33;50.52;13.03;764.11;0.00;0.00;0.00
19.11.2020;4:56:29;3.35;50.29;13.03;764.11;0.00;0.00;0.00
19.11.2020;4:57:29;3.33;50.17;13.03;764.11;0.00;0.00;0.00
19.11.2020;4:58:29;3.33;50.50;13.03;764.13;0.00;0.00;0.00
19.11.2020;4:59:29;3.36;50.52;13.03;764.13;0.00;0.00;0.00
19.11.2020;5:00:29;3.33;50.44;13.03;764.12;0.00;0.00;0.00
19.11.2020;5:01:29;3.33;50.37;13.03;764.12;0.00;0.00;0.00
19.11.2020;5:02:29;3.35;50.46;13.03;764.12;0.00;0.00;0.00
19.11.2020;5:03:29;3.33;50.43;13.04;764.11;0.00;0.00;0.00
19.11.2020;5:04:29;3.33;50.42;13.03;764.10;0.00;0.00;0.00
19.11.2020;5:05:29;3.33;50.40;13.03;764.09;0.00;0.00;0.00
19.11.2020;5:06:29;3.33;50.46;13.04;764.10;0.00;0.00;0.00
19.11.2020;5:07:29;3.33;50.28;13.03;764.08;0.00;0.00;0.00
19.11.2020;5:08:29;3.33;50.44;13.03;764.09;0.00;0.00;0.00
19.11.2020;5:09:29;3.33;50.48;13.04;764.07;0.00;0.00;0.00
19.11.2020;5:10:29;3.35;50.37;13.03;764.08;0.00;0.00;0.00
19.11.2020;5:11:29;3.33;50.42;13.04;764.08;0.00;0.00;0.00
19.11.2020;5:12:29;3.32;50.43;13.04;764.07;0.00;0.00;0.00
19.11.2020;5:13:29;3.36;50.36;13.04;764.06;0.00;0.00;0.00
19.11.2020;5:14:29;3.33;50.37;13.03;764.04;0.00;0.00;0.00
19.11.2020;5:15:29;3.33;50.48;13.03;764.04;0.00;0.00;0.00
19.11.2020;5:16:29;3.35;50.47;13.03;764.02;0.00;0.00;0.00
19.11.2020;5:17:29;3.33;50.38;13.03;764.01;0.00;0.00;0.00
19.11.2020;5:18:29;3.33;50.22;13.03;764.00;0.00;0.00;0.00
19.11.2020;5:19:29;3.33;50.45;13.03;764.00;0.00;0.00;0.00
19.11.2020;5:20:29;3.33;50.42;13.03;764.00;0.00;0.00;0.00
19.11.2020;5:21:30;3.33;50.22;13.03;763.99;0.00;0.00;0.00
19.11.2020;5:22:30;3.33;50.33;13.03;763.98;0.00;0.00;0.00
19.11.2020;5:23:30;3.33;50.36;13.03;763.98;0.00;0.00;0.00
19.11.2020;5:24:30;3.35;50.31;13.04;763.97;0.00;0.00;0.00
19.11.2020;5:25:30;3.33;50.32;13.03;763.97;0.00;0.00;0.00
19.11.2020;5:26:30;3.33;50.31;13.02;763.97;0.00;0.00;0.00
19.11.2020;5:27:30;3.36;50.30;13.02;763.98;0.00;0.00;0.00
19.11.2020;5:28:30;3.33;50.23;13.01;763.97;0.00;0.00;0.00
19.11.2020;5:29:30;3.33;50.11;13.01;763.98;0.00;0.00;0.00
19.11.2020;5:30:30;3.35;50.24;13.00;763.97;0.00;0.00;0.00
19.11.2020;5:31:30;3.33;50.28;13.00;763.96;0.00;0.00;0.00
19.11.2020;5:32:30;3.33;50.25;13.00;763.96;0.00;0.00;0.00
19.11.2020;5:33:30;3.33;50.35;13.00;763.95;0.00;0.00;0.00
19.11.2020;5:34:30;3.33;50.41;13.01;763.93;0.00;0.00;0.00
19.11.2020;5:35:30;3.33;50.22;13.01;763.92;0.00;0.00;0.00
19.11.2020;5:36:30;3.33;50.31;13.01;763.92;0.00;0.00;0.00
19.11.2020;5:37:30;3.33;50.19;13.02;763.91;0.00;0.00;0.00
19.11.2020;5:38:30;3.35;50.32;13.01;763.90;0.00;0.00;0.00
19.11.2020;5:39:30;3.33;50.42;13.01;763.89;0.00;0.00;0.00
19.11.2020;5:40:30;3.33;50.28;13.01;763.88;0.00;0.00;0.00
19.11.2020;5:41:30;3.36;50.11;13.00;763.87;0.00;0.00;0.00
19.11.2020;5:42:30;3.33;50.40;13.00;763.86;0.00;0.00;0.00
19.11.2020;5:43:30;3.33;50.47;13.00;763.84;0.00;0.00;0.00
19.11.2020;5:44:30;3.35;50.35;13.01;763.84;0.00;0.00;0.00
19.11.2020;5:45:30;3.33;50.17;13.00;763.83;0.00;0.00;0.00
19.11.2020;5:46:30;3.33;50.24;13.01;763.82;0.00;0.00;0.00
19.11.2020;5:47:30;3.33;50.31;13.02;763.82;0.00;0.00;0.00
19.11.2020;5:48:30;3.33;50.28;13.02;763.82;0.00;0.00;0.00
19.11.2020;5:49:30;3.33;50.23;13.03;763.81;0.00;0.00;0.00
19.11.2020;5:50:30;3.32;50.18;13.03;763.82;0.00;0.00;0.00
19.11.2020;5:51:31;3.33;50.04;13.02;763.81;0.00;0.00;0.00
19.11.2020;5:52:31;3.35;50.17;13.02;763.81;0.00;0.00;0.00
19.11.2020;5:53:31;3.33;50.21;13.02;763.80;0.00;0.00;0.00
19.11.2020;5:54:31;3.33;50.20;13.03;763.80;0.00;0.00;0.00
19.11.2020;5:55:31;3.36;50.18;13.03;763.80;0.00;0.00;0.00
19.11.2020;5:56:31;3.33;49.83;13.03;763.81;0.00;0.00;0.00
19.11.2020;5:57:31;3.33;50.24;13.02;763.82;0.00;0.00;0.00
19.11.2020;5:58:31;3.33;50.15;13.02;763.82;0.00;0.00;0.00
19.11.2020;5:59:31;3.33;50.29;13.02;763.84;0.00;0.00;0.00
19.11.2020;6:00:31;3.33;49.94;13.02;763.82;0.00;0.00;0.00
19.11.2020;6:01:31;3.33;50.23;13.02;763.83;0.00;0.00;0.00
19.11.2020;6:02:31;3.33;50.04;13.03;763.84;0.00;0.00;0.00
19.11.2020;6:03:31;3.33;50.09;13.03;763.83;0.00;0.00;0.00
19.11.2020;6:04:31;3.33;50.07;13.04;763.86;0.00;0.00;0.00
19.11.2020;6:05:31;3.33;49.71;13.04;763.86;0.00;0.00;0.00
19.11.2020;6:06:31;3.35;50.09;13.04;763.87;0.00;0.00;0.00
19.11.2020;6:07:31;3.33;50.11;13.04;763.87;0.00;0.00;0.00
19.11.2020;6:08:31;3.33;49.99;13.04;763.89;0.00;0.00;0.00
19.11.2020;6:09:31;3.36;50.11;13.04;763.91;0.00;0.00;0.00
19.11.2020;6:10:31;3.33;50.08;13.04;763.92;0.00;0.00;0.00
19.11.2020;6:11:31;3.33;50.04;13.04;763.93;0.00;0.00;0.00
19.11.2020;6:12:31;3.35;50.08;13.03;763.95;0.00;0.00;0.00
19.11.2020;6:13:31;3.33;49.96;13.03;763.94;0.00;0.00;0.00
19.11.2020;6:14:31;3.33;50.06;13.04;763.94;0.00;0.00;0.00
19.11.2020;6:15:31;3.33;50.04;13.04;763.93;0.00;0.00;0.00
19.11.2020;6:16:31;3.33;50.07;13.05;763.92;0.00;0.00;0.00
19.11.2020;6:17:31;3.33;50.08;13.05;763.90;0.00;0.00;0.00
19.11.2020;6:18:31;3.33;49.85;13.06;763.89;0.00;0.00;0.00
19.11.2020;6:19:31;3.33;50.04;13.08;763.89;0.00;0.00;0.00
19.11.2020;6:20:31;3.35;50.09;13.08;763.88;0.00;0.00;0.00
19.11.2020;6:21:32;3.33;50.07;13.08;763.90;0.00;0.00;0.00
19.11.2020;6:22:32;3.33;49.98;13.08;763.90;0.00;0.00;0.00
19.11.2020;6:23:32;3.36;49.90;13.08;763.91;0.00;0.00;0.00
19.11.2020;6:24:32;3.33;50.06;13.07;763.92;0.00;0.00;0.00
19.11.2020;6:25:32;3.33;50.16;13.08;763.92;0.00;0.00;0.00
19.11.2020;6:26:32;3.35;50.13;13.08;763.93;0.00;0.00;0.00
19.11.2020;6:27:32;3.33;50.06;13.08;763.93;0.00;0.00;0.00
19.11.2020;6:28:32;3.33;50.13;13.08;763.92;0.00;0.00;0.00
19.11.2020;6:29:32;3.33;50.12;13.09;763.91;0.00;0.00;0.00
19.11.2020;6:30:32;3.33;50.10;13.09;763.91;0.00;0.00;0.00
19.11.2020;6:31:32;3.33;50.05;13.09;763.92;0.00;0.00;0.00
19.11.2020;6:32:32;3.33;50.05;13.08;763.93;0.00;0.00;0.00
19.11.2020;6:33:32;3.33;50.12;13.09;763.94;0.00;0.00;0.00
19.11.2020;6:34:32;3.35;50.11;13.09;763.94;0.00;0.00;0.00
19.11.2020;6:35:32;3.33;50.10;13.09;763.95;0.00;0.00;0.00
19.11.2020;6:36:32;3.33;50.13;13.09;763.96;0.00;0.00;0.00
19.11.2020;6:37:32;3.36;50.12;13.10;763.96;0.00;0.00;0.00
19.11.2020;6:38:32;3.33;50.07;13.11;763.95;0.00;0.00;0.00
19.11.2020;6:39:32;3.33;49.89;13.10;763.97;0.00;0.00;0.00
19.11.2020;6:40:32;3.35;50.08;13.10;763.97;0.00;0.00;0.00
19.11.2020;6:41:32;3.33;50.12;13.10;763.96;0.00;0.00;0.00
19.11.2020;6:42:32;3.33;50.12;13.11;763.95;0.00;0.00;0.00
19.11.2020;6:43:32;3.33;50.12;13.10;763.95;0.00;0.00;0.00
19.11.2020;6:44:32;3.33;50.16;13.10;763.94;0.00;0.00;0.00
19.11.2020;6:45:32;3.33;50.20;13.10;763.92;0.00;0.00;0.00
19.11.2020;6:46:32;3.33;50.08;13.11;763.92;0.00;0.00;0.00
19.11.2020;6:47:32;3.33;50.11;13.11;763.92;0.00;0.00;0.00
19.11.2020;6:48:32;3.35;50.14;13.11;763.93;0.00;0.00;0.00
19.11.2020;6:49:32;3.33;50.07;13.11;763.91;0.00;0.00;0.00
19.11.2020;6:50:32;3.33;50.09;13.12;763.90;0.00;0.00;0.00
19.11.2020;6:51:33;3.36;50.11;13.12;763.89;0.00;0.00;0.00
19.11.2020;6:52:33;3.33;50.14;13.11;763.88;0.00;0.00;0.00
19.11.2020;6:53:33;3.33;50.17;13.11;763.89;0.00;0.00;0.00
19.11.2020;6:54:33;3.35;50.11;13.11;763.89;0.00;0.00;0.00
19.11.2020;6:55:33;3.33;50.16;13.11;763.89;0.00;0.00;0.00
19.11.2020;6:56:33;3.76;50.14;13.11;763.90;0.00;0.00;0.00
19.11.2020;6:57:33;4.17;50.17;13.10;763.90;0.00;0.00;0.00
19.11.2020;6:58:33;4.17;50.12;13.10;763.90;0.00;0.00;0.00
19.11.2020;6:59:33;4.17;50.19;13.10;763.89;0.00;0.00;0.00
19.11.2020;7:00:33;4.24;50.25;13.10;763.88;0.00;0.00;0.00
19.11.2020;7:01:33;5.00;50.17;13.11;763.88;0.00;0.00;0.00
19.11.2020;7:02:33;5.01;50.17;13.12;763.86;0.00;0.00;0.00
19.11.2020;7:03:33;5.46;50.16;13.13;763.85;0.00;0.00;0.00
19.11.2020;7:04:33;5.83;50.17;13.13;763.85;0.00;0.00;0.00
19.11.2020;7:05:33;6.44;50.18;13.14;763.84;0.00;0.00;0.00
19.11.2020;7:06:33;6.92;50.22;13.13;763.84;0.00;0.00;0.00
19.11.2020;7:07:33;7.58;50.17;13.13;763.83;0.00;0.00;0.00
19.11.2020;7:08:33;8.33;50.17;13.13;763.81;0.00;0.00;0.00
19.11.2020;7:09:33;9.15;50.17;13.14;763.80;0.00;0.00;0.00
19.11.2020;7:10:33;9.84;50.20;13.13;763.80;0.00;0.00;0.00
19.11.2020;7:11:33;10.74;50.16;13.13;763.81;0.00;0.00;0.00
19.11.2020;7:12:33;11.72;50.14;13.13;763.81;0.00;0.00;0.00
19.11.2020;7:13:33;12.81;50.16;13.14;763.80;0.00;0.00;0.00
19.11.2020;7:14:33;13.88;50.18;13.13;763.81;0.00;0.00;0.00
19.11.2020;7:15:33;14.69;50.19;13.14;763.81;0.00;0.00;0.00
19.11.2020;7:16:33;16.00;50.17;13.14;763.80;0.00;0.00;0.00
19.11.2020;7:17:33;17.25;50.17;13.14;763.81;0.00;0.00;0.00
19.11.2020;7:18:33;19.25;50.08;13.15;763.81;0.00;0.00;0.00
19.11.2020;7:19:33;20.10;50.14;13.15;763.82;0.00;0.00;0.00
19.11.2020;7:20:34;21.81;50.13;13.15;763.82;0.00;0.00;0.00
19.11.2020;7:21:34;23.93;50.12;13.16;763.81;0.00;0.00;0.00
19.11.2020;7:22:34;25.50;50.16;13.16;763.82;0.00;0.00;0.00
19.11.2020;7:23:34;27.67;50.14;13.17;763.82;0.00;0.00;0.00
19.11.2020;7:24:34;29.79;50.14;13.17;763.83;0.00;0.00;0.00
19.11.2020;7:25:34;31.79;50.10;13.16;763.83;0.00;0.00;0.00
19.11.2020;7:26:34;34.33;50.15;13.17;763.82;0.01;0.00;0.00
19.11.2020;7:27:34;37.26;50.13;13.16;763.79;0.01;0.00;0.00
19.11.2020;7:28:34;40.57;50.18;13.17;763.76;0.01;0.00;0.00
19.11.2020;7:29:34;43.59;50.18;13.17;763.75;0.02;0.00;0.00
19.11.2020;7:30:34;46.13;50.17;13.18;763.73;0.02;0.00;0.00
19.11.2020;7:31:34;48.56;50.12;13.17;763.72;0.02;0.00;0.00
19.11.2020;7:32:34;50.99;50.17;13.18;763.71;0.02;0.00;0.00
19.11.2020;7:33:34;53.18;50.14;13.18;763.72;0.03;0.00;0.00
19.11.2020;7:34:34;55.39;49.98;13.18;763.70;0.03;0.00;0.00
19.11.2020;7:35:34;58.40;50.15;13.19;763.69;0.03;0.00;0.00
19.11.2020;7:36:34;62.58;50.13;13.19;763.68;0.04;0.00;0.00
19.11.2020;7:37:34;65.06;50.15;13.19;763.69;0.04;0.00;0.00
19.11.2020;7:38:34;68.49;50.04;13.20;763.68;0.05;0.00;0.00
19.11.2020;7:39:34;72.44;50.03;13.19;763.67;0.05;0.00;0.00
19.11.2020;7:40:34;74.39;50.10;13.20;763.69;0.05;0.00;0.00
19.11.2020;7:41:34;78.90;50.11;13.20;763.68;0.06;0.00;0.00
19.11.2020;7:42:34;83.08;50.14;13.20;763.66;0.06;0.00;0.00
19.11.2020;7:43:34;85.64;50.17;13.21;763.67;0.06;0.00;0.00
19.11.2020;7:44:34;88.68;50.14;13.22;763.68;0.07;0.00;0.00
19.11.2020;7:45:34;94.82;50.12;13.21;763.69;0.07;0.00;0.00
19.11.2020;7:46:34;97.75;49.83;13.21;763.70;0.08;0.00;0.00
19.11.2020;7:47:34;102.58;50.09;13.21;763.70;0.09;0.00;0.00
19.11.2020;7:48:34;105.57;50.12;13.21;763.71;0.09;0.00;0.00
19.11.2020;7:49:35;109.46;50.09;13.22;763.73;0.10;0.00;0.00
19.11.2020;7:50:35;113.65;50.03;13.23;763.73;0.10;0.00;0.00
19.11.2020;7:51:35;116.37;50.07;13.23;763.73;0.10;0.00;0.00
19.11.2020;7:52:35;122.16;50.10;13.23;763.73;0.11;0.00;0.00
19.11.2020;7:53:35;120.99;50.03;13.24;763.72;0.11;0.00;0.00
19.11.2020;7:54:35;123.37;50.05;13.24;763.72;0.11;0.00;0.00
19.11.2020;7:55:35;125.40;49.96;13.24;763.70;0.11;0.00;0.00
19.11.2020;7:56:35;129.82;50.02;13.24;763.70;0.11;0.00;0.00
19.11.2020;7:57:35;129.71;50.09;13.24;763.71;0.12;0.00;0.00
19.11.2020;7:58:35;130.34;50.05;13.26;763.71;0.12;0.00;0.00
19.11.2020;7:59:35;134.97;50.02;13.25;763.73;0.12;0.00;0.00
19.11.2020;8:00:35;137.08;50.00;13.25;763.72;0.12;0.00;0.09
19.11.2020;8:01:35;144.14;49.99;13.26;763.72;0.13;0.04;4.33
19.11.2020;8:02:35;158.50;49.98;13.26;763.73;0.16;0.16;27.43
19.11.2020;8:03:35;154.07;49.96;13.27;763.75;0.15;0.13;24.10
19.11.2020;8:04:35;155.57;49.98;13.27;763.78;0.15;0.13;23.83
19.11.2020;8:05:35;162.22;50.00;13.27;763.79;0.16;0.20;36.53
19.11.2020;8:06:35;171.29;49.97;13.28;763.79;0.17;0.24;50.13
19.11.2020;8:07:35;175.54;49.92;13.29;763.78;0.18;0.29;62.35
19.11.2020;8:08:35;183.09;49.86;13.30;763.78;0.19;0.32;68.92
19.11.2020;8:09:35;179.74;49.92;13.30;763.80;0.18;0.29;69.67
19.11.2020;8:10:35;179.66;49.88;13.30;763.79;0.18;0.29;59.55
19.11.2020;8:11:35;182.71;49.94;13.30;763.78;0.19;0.31;71.67
19.11.2020;8:12:35;180.56;49.93;13.31;763.78;0.18;0.29;65.31
19.11.2020;8:13:35;182.46;49.87;13.32;763.75;0.19;0.30;65.51
19.11.2020;8:14:35;191.97;49.87;13.32;763.73;0.20;0.36;88.00
19.11.2020;8:15:36;201.19;49.79;13.33;763.73;0.21;0.41;99.60
19.11.2020;8:16:36;201.53;49.84;13.33;763.73;0.21;0.40;103.72
19.11.2020;8:17:36;205.36;49.84;13.33;763.72;0.21;0.43;109.40
19.11.2020;8:18:36;211.62;49.78;13.35;763.71;0.22;0.48;125.04
19.11.2020;8:19:36;212.86;49.81;13.34;763.70;0.22;0.47;132.65
19.11.2020;8:20:36;200.81;49.83;13.34;763.70;0.20;0.36;89.30
19.11.2020;8:21:36;192.81;49.86;13.35;763.71;0.18;0.28;60.23
19.11.2020;8:22:36;206.71;49.86;13.35;763.71;0.19;0.35;74.49
19.11.2020;8:23:36;228.69;49.76;13.35;763.71;0.24;0.53;146.58
19.11.2020;8:24:36;240.92;49.85;13.36;763.71;0.26;0.66;206.54
19.11.2020;8:25:36;247.78;49.78;13.38;763.70;0.27;0.72;229.77
19.11.2020;8:26:36;250.28;49.75;13.39;763.71;0.28;0.73;243.48
19.11.2020;8:27:36;265.32;49.74;13.41;763.70;0.29;0.81;285.80
19.11.2020;8:28:36;262.46;49.71;13.43;763.72;0.29;0.80;282.39
19.11.2020;8:29:36;268.21;49.63;13.44;763.75;0.30;0.84;304.55
19.11.2020;8:30:36;266.61;49.50;13.45;763.77;0.30;0.82;289.35
19.11.2020;8:31:36;274.64;49.61;13.45;763.77;0.31;0.88;329.04
19.11.2020;8:32:36;274.51;49.56;13.46;763.77;0.30;0.88;319.61
19.11.2020;8:33:36;277.96;49.53;13.45;763.76;0.31;0.89;336.70
19.11.2020;8:34:36;284.87;49.57;13.46;763.76;0.32;0.93;358.99
19.11.2020;8:35:36;292.05;49.52;13.47;763.76;0.33;0.99;386.51
19.11.2020;8:36:36;291.71;49.52;13.48;763.77;0.32;0.97;383.68
19.11.2020;8:37:36;303.73;49.51;13.48;763.76;0.34;1.04;412.40
19.11.2020;8:38:37;307.29;49.48;13.49;763.76;0.35;1.08;464.83
19.11.2020;8:39:37;300.54;49.44;13.49;763.76;0.33;1.01;417.41
19.11.2020;8:40:37;296.92;49.45;13.50;763.76;0.33;0.99;387.20
19.11.2020;8:41:37;300.44;49.38;13.52;763.75;0.33;1.00;408.21
19.11.2020;8:42:37;304.29;49.37;13.53;763.75;0.34;1.02;411.29
19.11.2020;8:43:37;307.25;49.39;13.52;763.75;0.34;1.04;429.53
19.11.2020;8:44:37;319.68;49.38;13.52;763.74;0.35;1.10;462.81
19.11.2020;8:45:37;328.15;49.40;13.52;763.74;0.36;1.18;524.62
19.11.2020;8:46:37;330.63;49.39;13.53;763.73;0.37;1.19;530.93
19.11.2020;8:47:37;341.27;49.36;13.55;763.74;0.38;1.26;569.47
19.11.2020;8:48:37;344.96;49.36;13.55;763.75;0.39;1.30;620.38
19.11.2020;8:49:37;352.18;49.32;13.57;763.76;0.40;1.32;627.46
19.11.2020;8:50:37;354.60;49.28;13.58;763.73;0.40;1.32;644.09
19.11.2020;8:51:37;360.12;49.21;13.59;763.71;0.41;1.37;682.17
19.11.2020;8:52:37;360.54;49.21;13.60;763.71;0.41;1.37;669.76
19.11.2020;8:53:37;357.03;49.20;13.60;763.70;0.40;1.31;641.69
19.11.2020;8:54:37;367.47;49.12;13.60;763.69;0.41;1.37;659.42
19.11.2020;8:55:37;383.12;49.07;13.61;763.68;0.43;1.48;768.03
19.11.2020;8:56:37;382.47;49.14;13.62;763.68;0.43;1.48;778.82
19.11.2020;8:57:37;396.45;49.10;13.63;763.68;0.45;1.58;834.19
19.11.2020;8:58:37;412.76;49.10;13.63;763.67;0.47;1.69;985.38
19.11.2020;8:59:37;410.42;49.12;13.64;763.66;0.47;1.66;932.46
19.11.2020;9:00:37;405.82;49.14;13.65;763.66;0.46;1.64;931.94
19.11.2020;9:01:37;410.60;49.07;13.66;763.66;0.47;1.68;971.99
19.11.2020;9:02:38;420.16;49.01;13.67;763.64;0.49;1.74;1000.60
19.11.2020;9:03:38;420.49;49.01;13.67;763.62;0.49;1.74;1039.74
19.11.2020;9:04:38;416.38;48.99;13.68;763.64;0.48;1.70;969.63
19.11.2020;9:05:38;416.54;48.97;13.70;763.64;0.48;1.70;994.06
19.11.2020;9:06:38;416.24;48.97;13.71;763.65;0.47;1.70;989.89
19.11.2020;9:07:38;417.78;48.89;13.72;763.62;0.48;1.70;960.46
19.11.2020;9:08:38;413.13;48.90;13.72;763.62;0.47;1.68;979.36
19.11.2020;9:09:38;415.92;48.74;13.73;763.60;0.48;1.70;961.42
19.11.2020;9:10:38;419.40;48.88;13.73;763.58;0.48;1.71;1002.30
19.11.2020;9:11:38;429.29;48.88;13.73;763.56;0.49;1.76;1016.44
19.11.2020;9:12:38;439.42;48.87;13.75;763.54;0.50;1.84;1127.82
19.11.2020;9:13:38;454.15;48.84;13.76;763.53;0.52;1.93;1232.28
19.11.2020;9:14:38;463.86;48.79;13.77;763.52;0.54;2.01;1286.25
19.11.2020;9:15:38;476.42;48.77;13.78;763.53;0.56;2.08;1409.75
19.11.2020;9:16:38;481.84;48.75;13.77;763.52;0.56;2.12;1441.91
19.11.2020;9:17:38;458.61;48.72;13.78;763.55;0.53;1.99;1306.72
19.11.2020;9:18:38;459.18;48.60;13.78;763.55;0.53;1.99;1307.77
19.11.2020;9:19:38;456.69;48.62;13.79;763.55;0.53;1.98;1259.32
19.11.2020;9:20:38;457.04;48.65;13.80;763.55;0.53;1.98;1298.22
19.11.2020;9:21:38;448.97;48.76;13.80;763.55;0.52;1.91;1177.83
19.11.2020;9:22:38;444.32;49.22;13.89;763.53;0.51;1.88;1181.03
19.11.2020;9:23:39;462.86;49.20;14.02;763.54;0.54;1.99;1297.69
19.11.2020;9:24:39;460.66;49.14;14.09;763.55;0.53;1.99;1259.66
19.11.2020;9:25:39;468.83;49.35;14.14;763.55;0.54;2.02;1322.97
19.11.2020;9:26:39;487.33;49.00;14.20;763.53;0.56;2.12;1423.66
19.11.2020;9:27:39;487.74;49.55;14.30;763.51;0.57;2.12;1458.80
19.11.2020;9:28:39;484.68;49.23;14.45;763.51;0.56;2.11;1463.71
19.11.2020;9:29:39;489.56;48.94;14.56;763.50;0.56;2.12;1417.23
19.11.2020;9:30:39;508.68;48.71;14.65;763.49;0.59;2.25;1616.14
19.11.2020;9:31:39;513.97;48.43;14.77;763.49;0.60;2.29;1624.39
19.11.2020;9:32:39;527.67;48.08;14.81;763.49;0.62;2.36;1787.45
19.11.2020;9:33:39;529.40;48.10;14.86;763.49;0.62;2.37;1774.47
19.11.2020;9:34:39;524.03;47.89;14.92;763.48;0.61;2.34;1735.38
19.11.2020;9:35:39;490.68;47.89;14.99;763.48;0.57;2.14;1499.02
19.11.2020;9:36:39;508.18;47.77;15.06;763.49;0.59;2.25;1554.69
19.11.2020;9:37:39;504.57;47.61;15.13;763.49;0.58;2.22;1619.29
19.11.2020;9:38:39;493.90;47.53;15.20;763.50;0.57;2.15;1489.75
19.11.2020;9:39:39;518.52;47.19;15.25;763.49;0.60;2.29;1603.19
19.11.2020;9:40:39;528.93;47.16;15.28;763.50;0.62;2.37;1797.56
19.11.2020;9:41:39;536.50;46.88;15.34;763.50;0.63;2.42;1794.62
19.11.2020;9:42:39;544.56;46.81;15.36;763.52;0.64;2.48;1940.30
19.11.2020;9:43:39;520.93;46.90;15.38;763.54;0.60;2.30;1742.58
19.11.2020;9:44:39;500.99;47.04;15.35;763.53;0.58;2.18;1465.77
19.11.2020;9:45:39;542.50;46.83;15.38;763.50;0.63;2.44;1865.37
19.11.2020;9:46:39;542.29;46.86;15.40;763.48;0.63;2.43;1843.62
19.11.2020;9:47:40;539.00;46.89;15.41;763.49;0.63;2.41;1845.49
19.11.2020;9:48:40;549.49;46.78;15.44;763.46;0.64;2.50;1910.46
19.11.2020;9:49:40;553.78;46.78;15.47;763.45;0.64;2.51;1955.73
19.11.2020;9:50:40;579.94;46.80;15.49;763.45;0.68;2.66;2198.34
19.11.2020;9:51:40;573.74;46.63;15.49;763.45;0.67;2.62;2050.86
19.11.2020;9:52:42;596.17;46.68;15.51;763.44;0.70;2.77;2362.91
19.11.2020;9:53:40;600.66;46.62;15.52;763.44;0.70;2.79;2316.59
19.11.2020;9:54:40;599.50;46.55;15.55;763.42;0.70;2.79;2402.86
19.11.2020;9:55:40;586.79;46.61;15.55;763.42;0.69;2.71;2277.51
19.11.2020;9:56:40;576.13;46.52;15.58;763.42;0.67;2.66;2179.76
19.11.2020;9:57:40;566.89;46.46;15.62;763.40;0.66;2.57;2050.38
19.11.2020;9:58:40;581.92;46.28;15.65;763.40;0.68;2.67;2168.80
19.11.2020;9:59:40;594.22;46.17;15.66;763.40;0.69;2.75;2331.25
19.11.2020;10:00:40;609.04;46.23;15.67;763.38;0.71;2.85;2449.55
19.11.2020;10:01:40;629.70;46.27;15.66;763.36;0.74;2.97;2607.43
19.11.2020;10:02:40;630.93;46.23;15.69;763.37;0.74;2.95;2651.35
19.11.2020;10:03:40;625.54;46.13;15.70;763.37;0.73;2.92;2549.44
19.11.2020;10:04:40;659.04;46.11;15.70;763.35;0.77;3.14;2983.68
19.11.2020;10:05:40;619.67;46.12;15.73;763.35;0.73;2.92;2608.82
19.11.2020;10:06:40;620.72;46.05;15.75;763.37;0.73;2.91;2498.11
19.11.2020;10:07:40;626.36;46.05;15.75;763.37;0.73;2.92;2631.36
19.11.2020;10:08:41;620.88;45.94;15.75;763.37;0.72;2.88;2472.82
19.11.2020;10:09:41;611.25;46.09;15.75;763.38;0.71;2.81;2474.19
19.11.2020;10:10:41;605.96;46.16;15.75;763.38;0.70;2.79;2340.34
19.11.2020;10:11:41;649.62;46.14;15.79;763.37;0.76;3.05;2739.72
19.11.2020;10:12:41;648.92;46.07;15.84;763.36;0.76;3.09;2898.08
19.11.2020;10:13:41;662.71;45.97;15.88;763.36;0.78;3.17;2927.05
19.11.2020;10:14:41;693.24;45.79;15.89;763.34;0.81;3.33;3279.58
19.11.2020;10:15:41;686.37;45.82;15.90;763.34;0.80;3.29;3296.40
19.11.2020;10:16:41;681.10;45.84;15.88;763.34;0.80;3.26;3051.22
19.11.2020;10:17:41;705.58;45.80;15.86;763.32;0.83;3.41;3447.02
19.11.2020;10:18:41;694.53;45.86;15.85;763.32;0.81;3.34;3300.03
19.11.2020;10:19:41;648.93;45.82;15.87;763.33;0.76;3.07;2886.77
19.11.2020;10:20:41;661.21;45.88;15.85;763.33;0.77;3.12;2895.47
19.11.2020;10:21:41;692.19;45.93;15.86;763.33;0.81;3.32;3223.28
19.11.2020;10:22:41;683.39;45.97;15.85;763.33;0.80;3.27;3205.44
19.11.2020;10:23:41;706.71;45.96;15.86;763.31;0.83;3.40;3337.58
19.11.2020;10:24:41;708.11;46.04;15.88;763.31;0.83;3.40;3438.26
19.11.2020;10:25:41;704.10;46.12;15.94;763.27;0.82;3.38;3307.01
19.11.2020;10:26:41;691.44;46.05;15.97;763.26;0.81;3.32;3336.51
19.11.2020;10:27:41;695.78;45.81;16.03;763.27;0.83;3.39;3439.27
19.11.2020;10:28:41;664.01;45.75;16.05;763.26;0.78;3.20;3017.53
19.11.2020;10:29:41;692.99;45.58;16.10;763.27;0.81;3.34;3307.36
19.11.2020;10:30:42;689.79;45.40;16.09;763.24;0.81;3.32;3208.14
19.11.2020;10:31:42;686.79;45.54;16.10;763.22;0.80;3.31;3246.87
19.11.2020;10:32:42;727.17;45.51;16.11;763.20;0.85;3.53;3637.89
19.11.2020;10:33:42;738.60;45.43;16.17;763.17;0.87;3.62;3770.22
19.11.2020;10:34:42;710.60;45.47;16.20;763.17;0.84;3.46;3611.01
19.11.2020;10:35:42;715.81;45.31;16.24;763.17;0.84;3.47;3474.65
19.11.2020;10:36:42;707.99;45.18;16.26;763.15;0.83;3.40;3464.86
19.11.2020;10:37:42;703.35;45.13;16.26;763.14;0.82;3.39;3442.81
19.11.2020;10:38:42;698.23;45.13;16.25;763.15;0.82;3.37;3308.83
19.11.2020;10:39:42;689.89;44.99;16.28;763.14;0.81;3.33;3275.63
19.11.2020;10:40:42;709.28;44.78;16.31;763.14;0.83;3.43;3442.79
19.11.2020;10:41:42;733.40;44.91;16.32;763.12;0.86;3.56;3718.79
19.11.2020;10:42:42;721.43;44.93;16.33;763.10;0.84;3.49;3662.92
19.11.2020;10:43:42;709.28;45.00;16.35;763.09;0.83;3.40;3327.52
19.11.2020;10:44:42;718.62;44.82;16.39;763.06;0.84;3.46;3577.68
19.11.2020;10:45:42;709.77;44.87;16.40;763.04;0.83;3.41;3373.54
19.11.2020;10:46:42;714.72;44.97;16.44;763.02;0.83;3.44;3522.90
19.11.2020;10:47:42;731.54;44.79;16.48;763.00;0.85;3.54;3686.57
19.11.2020;10:48:42;760.49;44.62;16.51;762.97;0.89;3.73;3932.85
19.11.2020;10:49:42;757.12;44.67;16.50;762.95;0.89;3.69;4056.35
19.11.2020;10:50:42;740.61;44.65;16.48;762.93;0.86;3.58;3667.92
19.11.2020;10:51:42;766.11;44.72;16.46;762.91;0.89;3.72;4006.56
19.11.2020;10:52:43;779.58;44.64;16.45;762.91;0.91;3.80;4239.42
19.11.2020;10:53:43;775.00;44.67;16.46;762.89;0.91;3.80;4148.58
19.11.2020;10:54:43;754.69;44.65;16.47;762.88;0.88;3.68;4030.59
19.11.2020;10:55:43;764.35;44.58;16.46;762.87;0.90;3.74;3919.69
19.11.2020;10:56:43;799.93;44.72;16.45;762.87;0.94;3.96;4588.23
19.11.2020;10:57:43;774.17;44.77;16.44;762.85;0.91;3.79;4299.46
19.11.2020;10:58:43;746.23;44.77;16.41;762.83;0.88;3.64;3830.40
19.11.2020;10:59:43;748.50;44.90;16.40;762.82;0.88;3.67;3984.82
19.11.2020;11:00:43;752.80;44.89;16.43;762.82;0.88;3.68;3851.18
19.11.2020;11:01:43;714.86;44.75;16.46;762.78;0.83;3.44;3592.32
19.11.2020;11:02:43;661.44;44.85;16.41;762.77;0.77;3.11;2878.70
19.11.2020;11:03:43;660.42;44.83;16.41;762.76;0.76;3.08;2872.84
19.11.2020;11:04:43;674.06;44.84;16.40;762.74;0.78;3.16;2961.02
19.11.2020;11:05:43;696.69;44.96;16.36;762.73;0.81;3.30;3169.78
19.11.2020;11:06:43;710.04;44.98;16.37;762.71;0.82;3.39;3434.28
19.11.2020;11:07:43;696.54;45.12;16.32;762.70;0.81;3.32;3170.84
19.11.2020;11:08:43;714.07;45.14;16.33;762.69;0.83;3.43;3548.48
19.11.2020;11:09:43;709.61;45.05;16.35;762.68;0.83;3.41;3451.86
19.11.2020;11:10:43;693.40;45.12;16.36;762.67;0.81;3.31;3206.94
19.11.2020;11:11:43;717.15;45.09;16.36;762.67;0.84;3.47;3536.72
19.11.2020;11:12:43;728.01;45.14;16.33;762.66;0.85;3.54;3630.02
19.11.2020;11:13:44;728.99;45.23;16.34;762.63;0.86;3.56;3741.73
19.11.2020;11:14:44;737.43;45.17;16.38;762.63;0.87;3.61;3789.62
19.11.2020;11:15:44;756.23;45.08;16.38;762.63;0.89;3.71;3979.02
19.11.2020;11:16:44;753.28;45.13;16.35;762.61;0.89;3.71;3961.33
19.11.2020;11:17:44;788.30;45.21;16.35;762.58;0.93;3.88;4328.39
19.11.2020;11:18:44;792.54;45.27;16.33;762.58;0.94;3.94;4512.92
19.11.2020;11:19:44;793.15;45.37;16.32;762.58;0.94;3.95;4536.85
19.11.2020;11:20:44;816.36;45.35;16.38;762.57;0.97;4.09;4746.99
19.11.2020;11:21:44;800.33;45.20;16.42;762.57;0.95;3.97;4703.94
19.11.2020;11:22:44;825.85;45.17;16.42;762.57;0.98;4.11;4682.20
19.11.2020;11:23:44;839.03;44.92;16.41;762.56;0.99;4.20;5159.90
19.11.2020;11:24:44;853.79;45.21;16.41;762.54;1.01;4.28;5273.67
19.11.2020;11:25:44;847.67;45.28;16.45;762.54;1.00;4.25;5120.53
19.11.2020;11:26:44;851.99;45.04;16.45;762.52;1.01;4.31;5396.35
19.11.2020;11:27:44;829.80;45.19;16.49;762.52;0.99;4.18;4844.24
19.11.2020;11:28:44;896.08;45.07;16.51;762.51;1.06;4.53;5851.36
19.11.2020;11:29:44;912.21;44.94;16.52;762.49;1.08;4.62;6293.58
19.11.2020;11:30:44;860.38;45.07;16.50;762.49;1.02;4.33;5220.53
19.11.2020;11:31:44;946.32;45.01;16.55;762.49;1.12;4.83;6330.94
19.11.2020;11:32:44;971.24;44.66;16.60;762.46;1.15;4.99;7006.60
19.11.2020;11:33:44;913.89;44.86;16.60;762.44;1.09;4.66;6247.41
19.11.2020;11:34:44;973.68;44.50;16.61;762.43;1.15;5.00;6899.57
19.11.2020;11:35:45;1011.29;44.25;16.63;762.40;1.20;5.21;7330.32
19.11.2020;11:36:45;1050.15;44.65;16.69;762.38;1.23;5.38;8035.29
19.11.2020;11:37:45;1145.59;44.57;16.75;762.35;1.35;5.94;9369.53
19.11.2020;11:38:45;1270.65;44.53;16.77;762.32;1.50;6.68;11891.47
19.11.2020;11:39:45;1384.51;44.32;16.85;762.30;1.64;7.34;14803.97
19.11.2020;11:40:45;1419.99;44.26;16.92;762.29;1.66;7.47;14788.26
19.11.2020;11:41:45;1413.88;44.15;16.97;762.27;1.65;7.42;15324.64
19.11.2020;11:42:45;1351.88;44.15;17.01;762.26;1.59;7.09;12920.16
19.11.2020;11:43:45;1474.85;44.05;17.02;762.24;1.74;7.83;16989.97
19.11.2020;11:44:45;1399.90;43.91;17.05;762.21;1.66;7.44;15054.58
19.11.2020;11:45:45;1492.97;43.87;17.08;762.18;1.76;7.91;16218.99
19.11.2020;11:46:45;1506.57;43.80;17.10;762.16;1.77;7.98;17861.89
19.11.2020;11:47:45;1510.38;43.83;17.13;762.15;1.78;7.98;16290.35
19.11.2020;11:48:45;1551.35;43.76;17.20;762.14;1.82;8.20;18881.68
19.11.2020;11:49:45;1478.83;43.80;17.23;762.14;1.75;7.88;16651.51
19.11.2020;11:50:45;1519.86;43.64;17.30;762.13;1.80;8.09;17414.83
19.11.2020;11:51:45;1525.89;43.09;17.29;762.12;1.80;8.10;18158.65
19.11.2020;11:52:45;1433.98;43.26;17.28;762.10;1.69;7.61;15290.04
19.11.2020;11:53:45;1477.53;43.29;17.34;762.09;1.75;7.88;16904.13
19.11.2020;11:54:45;1450.97;43.22;17.39;762.07;1.72;7.73;16469.98
19.11.2020;11:55:46;1389.83;43.22;17.42;762.07;1.66;7.43;14403.49
19.11.2020;11:56:46;1496.12;43.11;17.42;762.07;1.78;8.02;17307.67
19.11.2020;11:57:46;1530.13;43.18;17.43;762.05;1.82;8.17;17698.61
19.11.2020;11:58:46;1487.25;43.05;17.46;762.04;1.77;7.99;17540.70
19.11.2020;11:59:46;1476.15;42.94;17.51;762.03;1.76;7.94;17181.81
19.11.2020;12:00:46;1398.22;42.94;17.54;762.01;1.67;7.52;15373.46
19.11.2020;12:01:46;1441.82;42.84;17.53;762.00;1.72;7.75;16261.60
19.11.2020;12:02:46;1390.80;42.65;17.51;761.99;1.65;7.39;14563.00
19.11.2020;12:03:46;1372.85;43.06;17.47;761.99;1.64;7.34;14901.71
19.11.2020;12:04:46;1298.94;43.05;17.48;761.95;1.56;6.95;13476.35
19.11.2020;12:05:46;1328.86;43.08;17.48;761.94;1.59;7.12;13365.00
19.11.2020;12:06:46;1286.29;43.17;17.48;761.94;1.54;6.86;13506.13
19.11.2020;12:07:46;1178.06;43.13;17.46;761.95;1.40;6.22;10352.76
19.11.2020;12:08:46;1154.87;42.99;17.41;761.93;1.38;6.07;10181.11
19.11.2020;12:09:46;1219.06;43.33;17.38;761.91;1.45;6.42;11439.06
19.11.2020;12:10:46;1156.78;43.30;17.39;761.91;1.38;6.07;9921.14
19.11.2020;12:11:46;1169.46;43.08;17.41;761.89;1.39;6.14;10350.93
19.11.2020;12:12:46;1272.44;43.23;17.39;761.89;1.52;6.75;11899.50
19.11.2020;12:13:46;1317.58;43.13;17.39;761.88;1.57;7.00;13962.32
19.11.2020;12:14:47;1202.03;43.15;17.37;761.88;1.43;6.34;11211.13
19.11.2020;12:15:47;1192.32;43.26;17.37;761.86;1.42;6.27;10673.16
19.11.2020;12:16:47;1142.63;43.29;17.35;761.85;1.36;6.00;10193.59
19.11.2020;12:17:47;1176.30;43.49;17.33;761.84;1.40;6.20;10074.25
19.11.2020;12:18:47;1205.86;43.34;17.34;761.83;1.43;6.36;11116.80
19.11.2020;12:19:47;1255.21;43.32;17.40;761.81;1.50;6.68;12262.24
19.11.2020;12:20:47;1220.61;43.31;17.43;761.82;1.46;6.50;11462.74
19.11.2020;12:21:47;1116.29;43.31;17.41;761.81;1.33;5.85;9854.43
19.11.2020;12:22:47;1147.98;42.99;17.37;761.79;1.37;6.07;9697.07
19.11.2020;12:23:47;1206.13;43.38;17.33;761.76;1.45;6.42;11315.11
19.11.2020;12:24:47;1160.90;43.65;17.29;761.74;1.39;6.15;10688.06
19.11.2020;12:25:47;1131.98;43.66;17.35;761.73;1.36;5.99;9760.91
19.11.2020;12:26:47;1144.92;43.46;17.36;761.72;1.37;6.04;10085.64
19.11.2020;12:27:47;1208.62;43.45;17.33;761.72;1.45;6.43;11237.52
19.11.2020;12:28:47;1091.44;43.47;17.30;761.69;1.32;5.79;9504.07
19.11.2020;12:29:47;1077.99;43.67;17.25;761.69;1.30;5.69;9056.70
19.11.2020;12:30:47;1115.16;43.49;17.25;761.68;1.34;5.89;9343.61
19.11.2020;12:31:47;1183.57;43.61;17.26;761.66;1.42;6.31;10903.48
19.11.2020;12:32:47;1133.32;43.77;17.24;761.67;1.37;6.04;9874.23
19.11.2020;12:33:47;1151.15;43.83;17.25;761.68;1.38;6.10;10674.30
19.11.2020;12:34:48;1114.08;43.57;17.24;761.68;1.34;5.88;9406.10
19.11.2020;12:35:48;1157.25;43.63;17.14;761.68;1.39;6.13;10250.17
19.11.2020;12:36:48;1092.35;43.74;17.15;761.68;1.31;5.77;9483.60
19.11.2020;12:37:48;1049.46;43.77;17.13;761.66;1.26;5.51;8349.64
19.11.2020;12:38:48;1028.78;43.92;17.10;761.65;1.23;5.36;8087.46
19.11.2020;12:39:48;1070.50;44.03;17.09;761.64;1.28;5.61;8845.72
19.11.2020;12:40:48;1067.33;44.09;17.10;761.62;1.27;5.57;8363.58
19.11.2020;12:41:48;1086.74;44.10;17.11;761.61;1.30;5.69;9064.84
19.11.2020;12:42:48;1146.54;43.77;17.14;761.59;1.36;6.01;9705.34
19.11.2020;12:43:48;1091.21;43.49;17.12;761.57;1.30;5.73;9155.50
19.11.2020;12:44:48;1039.96;44.02;17.12;761.56;1.23;5.38;8356.87
19.11.2020;12:45:48;1046.12;44.16;17.10;761.56;1.25;5.47;8053.55
19.11.2020;12:46:48;1037.25;43.83;17.09;761.54;1.24;5.40;8358.45
19.11.2020;12:47:48;1052.75;44.28;17.09;761.54;1.25;5.48;7860.18
19.11.2020;12:48:48;1098.51;44.28;17.13;761.52;1.31;5.74;9259.73
19.11.2020;12:49:48;1154.03;43.81;17.19;761.50;1.37;6.05;10113.69
19.11.2020;12:50:48;1188.01;43.86;17.16;761.48;1.41;6.24;10611.33
19.11.2020;12:51:48;1081.39;44.14;17.18;761.46;1.29;5.64;9081.80
19.11.2020;12:52:48;1056.14;44.15;17.18;761.45;1.27;5.55;8299.10
19.11.2020;12:53:48;1067.94;44.08;17.23;761.44;1.28;5.60;8754.50
19.11.2020;12:54:49;1057.15;44.04;17.26;761.42;1.26;5.53;8642.61
19.11.2020;12:55:49;1147.51;44.04;17.25;761.41;1.38;6.09;9661.05
19.11.2020;12:56:49;1154.29;43.97;17.28;761.37;1.38;6.11;10547.09
19.11.2020;12:57:49;1124.90;43.95;17.27;761.37;1.35;5.95;9598.34
19.11.2020;12:58:49;1141.19;44.10;17.27;761.35;1.38;6.09;10158.72
19.11.2020;12:59:49;1072.29;44.08;17.33;761.33;1.29;5.66;9237.53
19.11.2020;13:00:49;1033.98;43.98;17.33;761.32;1.24;5.44;7885.09
19.11.2020;13:01:49;1061.81;43.89;17.37;761.29;1.28;5.58;8935.80
19.11.2020;13:02:49;1068.15;43.74;17.39;761.28;1.29;5.64;8482.14
19.11.2020;13:03:49;1069.79;43.66;17.40;761.26;1.29;5.66;9176.40
19.11.2020;13:04:49;974.67;43.86;17.31;761.25;1.18;5.10;7528.55
19.11.2020;13:05:49;1035.25;43.87;17.31;761.25;1.25;5.44;7757.50
19.11.2020;13:06:49;1048.24;43.71;17.35;761.23;1.26;5.50;8880.00
19.11.2020;13:07:49;1029.92;43.77;17.32;761.22;1.23;5.39;7732.20
19.11.2020;13:08:49;966.31;43.68;17.29;761.19;1.16;5.03;7685.94
19.11.2020;13:09:49;918.39;44.16;17.25;761.20;1.10;4.74;6089.11
19.11.2020;13:10:49;1008.26;44.18;17.26;761.18;1.21;5.28;7676.78
19.11.2020;13:11:49;960.97;44.56;17.34;761.17;1.15;4.99;7500.74
19.11.2020;13:12:49;949.92;44.35;17.36;761.16;1.14;4.94;6498.94
19.11.2020;13:13:49;930.46;44.28;17.36;761.14;1.11;4.80;6699.80
19.11.2020;13:14:49;931.89;44.33;17.37;761.13;1.12;4.81;6273.42
19.11.2020;13:15:50;966.36;44.16;17.33;761.10;1.16;5.03;7284.20
19.11.2020;13:16:50;934.71;44.52;17.30;761.09;1.12;4.85;6835.19
19.11.2020;13:17:50;960.14;44.37;17.22;761.07;1.16;5.00;6861.27
19.11.2020;13:18:50;945.01;44.27;17.18;761.04;1.13;4.91;7087.58
19.11.2020;13:19:50;902.02;44.38;17.12;761.05;1.08;4.63;5781.51
19.11.2020;13:20:50;930.97;44.50;17.09;761.04;1.12;4.81;6774.15
19.11.2020;13:21:50;933.47;44.47;17.06;761.03;1.13;4.85;6739.42
19.11.2020;13:22:50;965.92;44.57;17.03;761.03;1.17;5.06;6870.76
19.11.2020;13:23:50;928.58;44.70;17.03;761.02;1.12;4.83;6705.47
19.11.2020;13:24:50;912.74;44.68;17.01;761.03;1.09;4.71;6040.10
19.11.2020;13:25:50;911.54;44.77;16.97;761.01;1.09;4.69;6268.44
19.11.2020;13:26:50;840.46;44.89;16.92;761.01;1.01;4.28;5356.68
19.11.2020;13:27:50;860.07;45.00;16.88;761.01;1.04;4.42;5379.82
19.11.2020;13:28:50;847.61;45.04;16.88;760.99;1.02;4.31;5408.02
19.11.2020;13:29:50;815.92;45.08;16.84;760.97;0.98;4.14;4958.47
19.11.2020;13:30:50;800.18;44.99;16.79;760.97;0.96;4.03;4676.96
19.11.2020;13:31:50;766.89;45.27;16.77;760.96;0.92;3.86;4503.65
19.11.2020;13:32:50;783.90;45.19;16.71;760.95;0.94;3.96;4300.31
19.11.2020;13:33:50;829.81;45.49;16.67;760.93;0.99;4.22;5259.95
19.11.2020;13:34:50;796.53;45.61;16.64;760.92;0.95;3.97;4491.41
19.11.2020;13:35:50;777.57;45.59;16.62;760.92;0.92;3.86;4370.45
19.11.2020;13:36:50;810.17;45.65;16.56;760.89;0.97;4.08;4738.16
19.11.2020;13:37:51;810.97;45.84;16.53;760.88;0.97;4.07;4788.43
19.11.2020;13:38:51;761.25;45.93;16.48;760.89;0.91;3.80;4133.95
19.11.2020;13:39:51;804.08;46.10;16.45;760.88;0.96;4.07;4642.90
19.11.2020;13:40:51;771.46;46.09;16.42;760.89;0.92;3.84;4434.00
19.11.2020;13:41:51;738.25;46.22;16.40;760.90;0.88;3.68;3944.40
19.11.2020;13:42:51;772.05;46.30;16.38;760.92;0.94;3.95;4367.43
19.11.2020;13:43:51;743.96;46.31;16.35;760.92;0.90;3.77;4325.35
19.11.2020;13:44:51;718.39;46.41;16.31;760.92;0.87;3.61;3694.11
19.11.2020;13:45:51;734.92;46.47;16.30;760.90;0.89;3.71;4133.09
19.11.2020;13:46:51;714.01;46.50;16.27;760.91;0.86;3.58;3590.98
19.11.2020;13:47:51;722.96;46.63;16.23;760.88;0.87;3.59;3992.82
19.11.2020;13:48:51;676.54;46.69;16.19;760.88;0.82;3.35;3300.67
19.11.2020;13:49:51;668.29;46.84;16.17;760.88;0.80;3.28;3173.61
19.11.2020;13:50:51;624.86;46.81;16.15;760.85;0.74;2.99;2814.63
19.11.2020;13:51:51;667.56;46.88;16.11;760.84;0.79;3.24;2894.83
19.11.2020;13:52:51;692.43;46.91;16.09;760.82;0.83;3.39;3505.99
19.11.2020;13:53:51;653.86;46.88;16.05;760.81;0.77;3.15;3124.66
19.11.2020;13:54:51;620.95;47.07;16.04;760.81;0.74;2.97;2535.91
19.11.2020;13:55:51;627.76;47.03;16.04;760.78;0.75;3.02;2868.42
19.11.2020;13:56:51;640.69;47.14;15.99;760.80;0.77;3.11;2726.94
19.11.2020;13:57:51;592.03;47.24;15.96;760.78;0.70;2.79;2483.24
19.11.2020;13:58:52;559.65;47.28;15.94;760.75;0.66;2.57;2149.57
19.11.2020;13:59:52;556.16;47.42;15.94;760.75;0.66;2.58;1937.90
19.11.2020;14:00:52;620.40;47.31;15.95;760.72;0.74;2.98;2771.74
19.11.2020;14:01:52;537.03;47.32;15.91;760.71;0.63;2.46;1888.35
19.11.2020;14:02:52;578.42;47.42;15.88;760.73;0.69;2.73;2235.04
19.11.2020;14:03:52;595.49;47.43;15.89;760.70;0.71;2.83;2488.59
19.11.2020;14:04:52;559.12;47.49;15.91;760.69;0.66;2.62;2099.86
19.11.2020;14:05:52;568.63;47.21;15.88;760.69;0.68;2.67;2152.99
19.11.2020;14:06:52;556.20;47.44;15.83;760.69;0.66;2.60;2096.56
19.11.2020;14:07:52;543.69;47.55;15.78;760.68;0.65;2.53;2087.00
19.11.2020;14:08:52;512.21;47.67;15.75;760.66;0.61;2.33;1681.65
19.11.2020;14:09:52;516.77;47.67;15.71;760.65;0.61;2.36;1796.43
19.11.2020;14:10:52;482.74;47.87;15.65;760.65;0.57;2.18;1511.73
19.11.2020;14:11:52;513.56;47.97;15.62;760.64;0.61;2.36;1731.93
19.11.2020;14:12:52;531.29;48.09;15.58;760.62;0.63;2.46;1916.37
19.11.2020;14:13:52;483.64;48.25;15.57;760.62;0.57;2.18;1542.47
19.11.2020;14:14:52;520.86;48.20;15.57;760.63;0.62;2.41;1741.95
19.11.2020;14:15:52;524.54;48.13;15.58;760.64;0.63;2.45;1927.38
19.11.2020;14:16:52;506.13;47.91;15.55;760.64;0.60;2.31;1643.36
19.11.2020;14:17:52;524.04;48.06;15.55;760.63;0.63;2.45;1872.92
19.11.2020;14:18:52;569.97;48.20;15.54;760.63;0.69;2.72;2385.56
19.11.2020;14:19:52;536.03;48.14;15.52;760.62;0.65;2.53;1914.43
19.11.2020;14:20:53;528.58;48.25;15.50;760.63;0.64;2.48;1982.89
19.11.2020;14:21:53;526.16;48.19;15.51;760.62;0.64;2.47;1857.57
19.11.2020;14:22:53;527.31;48.05;15.50;760.62;0.64;2.47;1965.47
19.11.2020;14:23:53;504.77;48.32;15.46;760.64;0.60;2.31;1662.74
19.11.2020;14:24:53;503.43;48.27;15.44;760.63;0.60;2.31;1724.52
19.11.2020;14:25:53;484.04;48.46;15.39;760.62;0.58;2.23;1650.25
19.11.2020;14:26:53;498.40;48.38;15.32;760.63;0.61;2.33;1608.80
19.11.2020;14:27:53;493.25;48.67;15.29;760.60;0.60;2.29;1742.71
19.11.2020;14:28:53;500.16;48.82;15.26;760.62;0.61;2.34;1702.24
19.11.2020;14:29:53;472.32;48.87;15.24;760.61;0.56;2.14;1509.68
19.11.2020;14:30:53;437.04;48.89;15.23;760.60;0.52;1.93;1252.30
19.11.2020;14:31:53;460.10;48.99;15.20;760.60;0.56;2.09;1324.76
19.11.2020;14:32:53;465.63;49.06;15.17;760.58;0.57;2.15;1530.12
19.11.2020;14:33:53;445.69;48.62;15.16;760.56;0.54;2.00;1280.73
19.11.2020;14:34:53;432.90;48.82;15.14;760.56;0.52;1.92;1248.79
19.11.2020;14:35:53;424.17;48.87;15.11;760.54;0.51;1.85;1177.61
19.11.2020;14:36:53;418.06;48.98;15.09;760.52;0.49;1.80;1096.78
19.11.2020;14:37:53;386.29;49.16;15.07;760.50;0.46;1.60;900.19
19.11.2020;14:38:53;369.25;49.30;15.06;760.49;0.43;1.50;784.18
19.11.2020;14:39:53;378.21;49.26;15.03;760.49;0.45;1.56;831.67
19.11.2020;14:40:53;403.01;49.32;15.02;760.48;0.48;1.75;1017.99
19.11.2020;14:41:53;379.97;49.38;14.99;760.46;0.45;1.57;852.56
19.11.2020;14:42:54;366.42;49.46;14.97;760.46;0.43;1.48;777.40
19.11.2020;14:43:54;374.59;49.42;14.96;760.44;0.44;1.56;835.98
19.11.2020;14:44:54;359.68;49.50;14.94;760.45;0.42;1.45;768.71
19.11.2020;14:45:54;369.82;49.54;14.93;760.44;0.44;1.51;799.26
19.11.2020;14:46:54;363.69;49.54;14.91;760.44;0.43;1.48;769.99
19.11.2020;14:47:54;362.50;49.65;14.90;760.43;0.42;1.45;756.77
19.11.2020;14:48:54;338.02;49.66;14.88;760.40;0.39;1.31;608.77
19.11.2020;14:49:54;334.42;49.63;14.87;760.39;0.39;1.29;641.88
19.11.2020;14:50:54;343.55;49.54;14.85;760.40;0.41;1.37;658.22
19.11.2020;14:51:54;345.42;49.68;14.84;760.38;0.41;1.36;701.09
19.11.2020;14:52:54;325.00;49.82;14.83;760.39;0.38;1.25;571.74
19.11.2020;14:53:54;342.40;49.82;14.81;760.40;0.41;1.38;680.66
19.11.2020;14:54:54;330.32;49.55;14.80;760.37;0.40;1.33;643.88
19.11.2020;14:55:54;334.31;49.74;14.80;760.36;0.40;1.34;662.72
19.11.2020;14:56:54;331.15;49.38;14.79;760.34;0.40;1.33;652.21
19.11.2020;14:57:54;324.40;49.70;14.77;760.34;0.39;1.29;609.80
19.11.2020;14:58:54;317.91;49.64;14.76;760.35;0.38;1.24;561.55
19.11.2020;14:59:54;340.32;49.84;14.74;760.35;0.41;1.39;697.66
19.11.2020;15:00:54;326.54;49.92;14.74;760.34;0.40;1.31;620.78
19.11.2020;15:01:54;328.76;49.73;14.72;760.34;0.40;1.32;642.57
19.11.2020;15:02:54;312.25;49.85;14.71;760.34;0.37;1.21;543.77
19.11.2020;15:03:54;327.37;49.82;14.70;760.35;0.40;1.33;651.16
19.11.2020;15:04:54;319.47;49.85;14.68;760.34;0.38;1.25;576.53
19.11.2020;15:05:54;315.80;50.15;14.68;760.33;0.38;1.25;576.54
19.11.2020;15:06:55;302.86;50.17;14.67;760.34;0.37;1.17;532.83
19.11.2020;15:07:55;315.10;49.98;14.67;760.32;0.39;1.30;630.97
19.11.2020;15:08:55;293.95;49.85;14.67;760.32;0.35;1.09;470.69
19.11.2020;15:09:55;294.58;50.00;14.67;760.32;0.36;1.12;464.82
19.11.2020;15:10:55;282.85;50.11;14.66;760.33;0.34;1.06;442.99
19.11.2020;15:11:55;277.96;50.09;14.64;760.30;0.34;1.05;450.06
19.11.2020;15:12:55;259.34;50.26;14.63;760.28;0.31;0.88;325.77
19.11.2020;15:13:55;263.54;50.27;14.62;760.29;0.32;0.93;356.55
19.11.2020;15:14:55;265.11;49.89;14.61;760.28;0.32;0.94;378.42
19.11.2020;15:15:55;273.63;50.25;14.60;760.28;0.33;1.00;402.79
19.11.2020;15:16:55;251.79;50.39;14.60;760.26;0.30;0.85;331.26
19.11.2020;15:17:55;217.78;50.17;14.58;760.24;0.25;0.61;189.38
19.11.2020;15:18:55;219.14;50.30;14.56;760.24;0.26;0.64;206.63
19.11.2020;15:19:55;210.14;50.15;14.55;760.22;0.24;0.58;174.84
19.11.2020;15:20:55;212.57;50.32;14.54;760.23;0.25;0.60;177.32
19.11.2020;15:21:55;204.53;50.36;14.53;760.24;0.23;0.52;155.26
19.11.2020;15:22:55;194.38;50.34;14.52;760.23;0.22;0.48;132.17
19.11.2020;15:23:55;184.72;50.57;14.51;760.24;0.21;0.42;100.55
19.11.2020;15:24:55;187.47;50.61;14.51;760.23;0.22;0.43;122.41
19.11.2020;15:25:55;164.89;50.27;14.50;760.23;0.18;0.31;70.92
19.11.2020;15:26:55;165.01;50.26;14.49;760.24;0.18;0.30;68.35
19.11.2020;15:27:55;159.87;50.31;14.47;760.25;0.17;0.26;56.14
19.11.2020;15:28:55;156.10;50.30;14.47;760.26;0.17;0.23;47.63
19.11.2020;15:29:56;156.18;50.43;14.47;760.23;0.17;0.22;49.89
19.11.2020;15:30:56;151.06;50.67;14.45;760.23;0.16;0.20;40.00
19.11.2020;15:31:56;141.93;50.69;14.43;760.22;0.15;0.15;32.11
19.11.2020;15:32:56;136.10;50.72;14.41;760.22;0.15;0.12;18.87
19.11.2020;15:33:56;131.72;50.57;14.41;760.20;0.14;0.04;10.77
19.11.2020;15:34:56;119.57;50.75;14.40;760.20;0.12;0.00;0.00
19.11.2020;15:35:56;119.58;50.79;14.42;760.20;0.12;0.01;0.74
19.11.2020;15:36:56;115.72;50.71;14.41;760.19;0.12;0.00;0.00
19.11.2020;15:37:56;115.81;50.38;14.39;760.17;0.12;0.00;0.34
19.11.2020;15:38:56;107.67;50.67;14.37;760.17;0.11;0.00;0.00
19.11.2020;15:39:56;102.43;50.53;14.35;760.16;0.10;0.00;0.00
19.11.2020;15:40:56;96.67;50.71;14.33;760.14;0.09;0.00;0.00
19.11.2020;15:41:56;94.39;50.83;14.33;760.14;0.09;0.00;0.00
19.11.2020;15:42:56;94.14;50.62;14.33;760.12;0.09;0.00;0.00
19.11.2020;15:43:56;90.41;50.60;14.32;760.11;0.08;0.00;0.00
19.11.2020;15:44:56;85.10;50.56;14.32;760.08;0.08;0.00;0.00
19.11.2020;15:45:56;79.42;50.82;14.32;760.06;0.07;0.00;0.00
19.11.2020;15:46:56;75.86;50.84;14.30;760.07;0.07;0.00;0.00
19.11.2020;15:47:56;81.50;50.86;14.30;760.04;0.08;0.00;0.00
19.11.2020;15:48:56;79.10;51.04;14.30;760.05;0.07;0.00;0.00
19.11.2020;15:49:56;70.92;50.75;14.29;760.01;0.06;0.00;0.00
19.11.2020;15:50:56;72.35;50.96;14.29;760.02;0.07;0.00;0.00
19.11.2020;15:51:56;69.00;51.05;14.28;759.99;0.06;0.00;0.00
19.11.2020;15:52:56;61.86;50.94;14.29;759.99;0.05;0.00;0.00
19.11.2020;15:53:56;60.74;50.80;14.29;759.99;0.05;0.00;0.00
19.11.2020;15:54:56;59.59;50.81;14.28;759.98;0.05;0.00;0.00
19.11.2020;15:55:56;56.40;50.85;14.27;759.97;0.04;0.00;0.00
19.11.2020;15:56:57;48.39;50.79;14.26;759.97;0.03;0.00;0.00
19.11.2020;15:57:57;45.64;50.97;14.25;759.98;0.02;0.00;0.00
19.11.2020;15:58:57;45.01;50.77;14.25;759.98;0.02;0.00;0.00
19.11.2020;15:59:57;43.08;50.91;14.24;759.96;0.02;0.00;0.00
19.11.2020;16:00:57;37.25;50.88;14.23;759.96;0.01;0.00;0.00
19.11.2020;16:01:57;35.49;50.68;14.23;759.95;0.01;0.00;0.00
19.11.2020;16:02:57;32.49;50.68;14.21;759.94;0.00;0.00;0.00
19.11.2020;16:03:57;30.55;51.05;14.20;759.95;0.00;0.00;0.00
19.11.2020;16:04:57;30.67;51.17;14.20;759.93;0.00;0.00;0.00
19.11.2020;16:05:57;28.32;51.27;14.19;759.93;0.00;0.00;0.00
19.11.2020;16:06:57;26.36;51.33;14.18;759.94;0.00;0.00;0.00
19.11.2020;16:07:57;24.92;51.20;14.17;759.90;0.00;0.00;0.00
19.11.2020;16:08:57;22.77;51.22;14.17;759.88;0.00;0.00;0.00
19.11.2020;16:09:57;22.01;50.76;14.16;759.86;0.00;0.00;0.00
19.11.2020;16:10:57;20.01;51.06;14.16;759.86;0.00;0.00;0.00
19.11.2020;16:11:57;18.83;51.10;14.17;759.86;0.00;0.00;0.00
19.11.2020;16:12:57;17.82;51.20;14.16;759.86;0.00;0.00;0.00
19.11.2020;16:13:57;16.60;51.16;14.15;759.84;0.00;0.00;0.00
19.11.2020;16:14:57;14.84;51.33;14.14;759.84;0.00;0.00;0.00
19.11.2020;16:15:57;14.38;51.25;14.15;759.83;0.00;0.00;0.00
19.11.2020;16:16:57;13.33;51.17;14.14;759.81;0.00;0.00;0.00
19.11.2020;16:17:57;12.50;50.95;14.14;759.79;0.00;0.00;0.00
19.11.2020;16:18:57;11.58;51.11;14.14;759.79;0.00;0.00;0.00
19.11.2020;16:19:57;10.63;51.22;14.14;759.78;0.00;0.00;0.00
19.11.2020;16:20:57;9.35;50.85;14.13;759.76;0.00;0.00;0.00
19.11.2020;16:21:57;8.35;51.15;14.12;759.77;0.00;0.00;0.00
19.11.2020;16:22:57;7.87;51.13;14.11;759.78;0.00;0.00;0.00
19.11.2020;16:23:57;7.49;51.07;14.11;759.78;0.00;0.00;0.00
19.11.2020;16:24:57;6.68;51.33;14.12;759.79;0.00;0.00;0.00
19.11.2020;16:25:58;6.17;51.09;14.13;759.78;0.00;0.00;0.00
19.11.2020;16:26:58;5.85;50.90;14.12;759.77;0.00;0.00;0.00
19.11.2020;16:27:58;5.25;51.15;14.12;759.76;0.00;0.00;0.00
19.11.2020;16:28:58;5.00;51.25;14.12;759.77;0.00;0.00;0.00
19.11.2020;16:29:58;5.03;51.03;14.12;759.77;0.00;0.00;0.00
19.11.2020;16:30:58;4.63;50.79;14.11;759.75;0.00;0.00;0.00
19.11.2020;16:31:58;4.17;51.22;14.10;759.75;0.00;0.00;0.00
19.11.2020;16:32:58;4.18;51.08;14.10;759.75;0.00;0.00;0.00
19.11.2020;16:33:58;4.17;51.31;14.09;759.73;0.00;0.00;0.00
19.11.2020;16:34:58;3.86;51.14;14.10;759.73;0.00;0.00;0.00
19.11.2020;16:35:58;3.36;51.10;14.10;759.73;0.00;0.00;0.00
19.11.2020;16:36:58;3.33;51.11;14.09;759.73;0.00;0.00;0.00
19.11.2020;16:37:58;3.33;51.09;14.10;759.74;0.00;0.00;0.00
19.11.2020;16:38:58;3.33;51.00;14.10;759.72;0.00;0.00;0.00
19.11.2020;16:39:58;3.33;51.23;14.10;759.71;0.00;0.00;0.00
19.11.2020;16:40:58;3.35;51.21;14.09;759.71;0.00;0.00;0.00
19.11.2020;16:41:58;3.33;51.32;14.09;759.71;0.00;0.00;0.00
19.11.2020;16:42:58;3.33;50.55;14.08;759.68;0.00;0.00;0.00
19.11.2020;16:43:58;3.36;50.98;14.09;759.71;0.00;0.00;0.00
19.11.2020;16:44:58;3.33;51.22;14.08;759.71;0.00;0.00;0.00
19.11.2020;16:45:58;3.33;51.16;14.07;759.73;0.00;0.00;0.00
19.11.2020;16:46:58;3.35;51.33;14.07;759.72;0.00;0.00;0.00
19.11.2020;16:47:58;3.33;51.31;14.06;759.74;0.00;0.00;0.00
19.11.2020;16:48:58;3.33;51.40;14.06;759.76;0.00;0.00;0.00
19.11.2020;16:49:58;3.33;51.40;14.06;759.76;0.00;0.00;0.00
19.11.2020;16:50:58;3.33;51.18;14.06;759.76;0.00;0.00;0.00
19.11.2020;16:51:58;3.33;50.90;14.05;759.76;0.00;0.00;0.00
19.11.2020;16:52:58;3.33;51.15;14.04;759.77;0.00;0.00;0.00
19.11.2020;16:53:58;3.33;51.06;14.02;759.75;0.00;0.00;0.00
19.11.2020;16:54:58;3.35;51.50;14.02;759.75;0.00;0.00;0.00
19.11.2020;16:55:59;3.33;51.41;14.02;759.72;0.00;0.00;0.00
19.11.2020;16:56:59;3.33;51.29;14.02;759.71;0.00;0.00;0.00
19.11.2020;16:57:59;3.36;51.43;14.02;759.72;0.00;0.00;0.00
19.11.2020;16:58:59;3.33;50.91;14.03;759.68;0.00;0.00;0.00
19.11.2020;16:59:59;3.33;51.33;14.02;759.67;0.00;0.00;0.00
19.11.2020;17:00:59;3.35;51.34;14.02;759.66;0.00;0.00;0.00
19.11.2020;17:01:59;3.33;51.43;14.02;759.63;0.00;0.00;0.00
19.11.2020;17:02:59;3.33;51.33;14.02;759.62;0.00;0.00;0.00
19.11.2020;17:03:59;3.33;51.32;14.01;759.62;0.00;0.00;0.00
19.11.2020;17:04:59;3.33;51.11;14.00;759.62;0.00;0.00;0.00
19.11.2020;17:05:59;3.33;51.15;14.00;759.61;0.00;0.00;0.00
19.11.2020;17:06:59;3.32;51.30;14.01;759.62;0.00;0.00;0.00
19.11.2020;17:07:59;3.33;51.11;14.00;759.63;0.00;0.00;0.00
19.11.2020;17:08:59;3.35;50.58;14.00;759.61;0.00;0.00;0.00
19.11.2020;17:09:59;3.33;51.24;14.00;759.63;0.00;0.00;0.00
19.11.2020;17:10:59;3.33;51.37;14.00;759.63;0.00;0.00;0.00
19.11.2020;17:11:59;3.36;51.29;14.01;759.63;0.00;0.00;0.00
19.11.2020;17:12:59;3.33;51.29;14.01;759.62;0.00;0.00;0.00
19.11.2020;17:13:59;3.33;51.41;14.01;759.62;0.00;0.00;0.00
19.11.2020;17:14:59;3.35;51.39;14.01;759.62;0.00;0.00;0.00
19.11.2020;17:15:59;3.33;51.20;14.02;759.63;0.00;0.00;0.00
19.11.2020;17:16:59;3.33;50.86;14.01;759.61;0.00;0.00;0.00
19.11.2020;17:17:59;3.33;51.14;14.02;759.59;0.00;0.00;0.00
19.11.2020;17:18:59;3.33;51.24;14.02;759.58;0.00;0.00;0.00
19.11.2020;17:19:59;3.33;50.97;14.02;759.56;0.00;0.00;0.00
19.11.2020;17:20:59;3.33;51.15;14.03;759.55;0.00;0.00;0.00
19.11.2020;17:21:59;3.33;51.23;14.03;759.53;0.00;0.00;0.00
19.11.2020;17:22:59;3.35;51.28;14.04;759.52;0.00;0.00;0.00
19.11.2020;17:23:59;3.33;50.89;14.04;759.51;0.00;0.00;0.00
19.11.2020;17:24:59;3.33;50.53;14.04;759.50;0.00;0.00;0.00
19.11.2020;17:26:00;3.35;51.18;14.03;759.50;0.00;0.00;0.00
19.11.2020;17:27:00;3.33;51.23;14.04;759.48;0.00;0.00;0.00
19.11.2020;17:28:00;3.33;51.19;14.04;759.48;0.00;0.00;0.00
19.11.2020;17:29:00;3.35;51.02;14.04;759.47;0.00;0.00;0.00
19.11.2020;17:30:00;3.33;51.26;14.03;759.43;0.00;0.00;0.00
19.11.2020;17:31:00;3.33;51.31;14.04;759.43;0.00;0.00;0.00
19.11.2020;17:32:00;3.33;51.22;14.04;759.41;0.00;0.00;0.00
19.11.2020;17:33:00;3.33;51.15;14.04;759.39;0.00;0.00;0.00
19.11.2020;17:34:00;3.33;51.17;14.04;759.40;0.00;0.00;0.00
19.11.2020;17:35:00;3.33;51.22;14.03;759.38;0.00;0.00;0.00
19.11.2020;17:36:00;3.33;50.92;14.03;759.37;0.00;0.00;0.00
19.11.2020;17:37:00;3.35;51.03;14.02;759.34;0.00;0.00;0.00
19.11.2020;17:38:00;3.33;51.21;14.02;759.34;0.00;0.00;0.00
19.11.2020;17:39:00;3.33;51.20;14.02;759.33;0.00;0.00;0.00
19.11.2020;17:40:00;3.33;51.21;14.02;759.33;0.00;0.00;0.00
19.11.2020;17:41:00;3.33;51.06;14.02;759.31;0.00;0.00;0.00
19.11.2020;17:42:00;3.33;50.99;14.03;759.32;0.00;0.00;0.00
19.11.2020;17:43:00;3.35;51.01;14.03;759.33;0.00;0.00;0.00
19.11.2020;17:44:00;3.33;51.23;14.02;759.33;0.00;0.00;0.00
19.11.2020;17:45:00;3.33;50.96;14.02;759.33;0.00;0.00;0.00
19.11.2020;17:46:00;3.33;51.23;14.03;759.33;0.00;0.00;0.00
19.11.2020;17:47:00;3.33;51.17;14.03;759.34;0.00;0.00;0.00
19.11.2020;17:48:00;3.33;50.91;14.02;759.35;0.00;0.00;0.00
19.11.2020;17:49:00;3.33;50.84;14.02;759.33;0.00;0.00;0.00
19.11.2020;17:50:00;3.33;51.10;14.02;759.31;0.00;0.00;0.00
19.11.2020;17:51:00;3.35;51.26;14.02;759.29;0.00;0.00;0.00
19.11.2020;17:52:00;3.33;50.89;14.03;759.28;0.00;0.00;0.00
19.11.2020;17:53:00;3.33;50.87;14.02;759.28;0.00;0.00;0.00
19.11.2020;17:54:00;3.36;51.00;14.02;759.26;0.00;0.00;0.00
19.11.2020;17:55:00;3.33;51.31;14.01;759.28;0.00;0.00;0.00
19.11.2020;17:56:01;3.33;51.14;14.01;759.27;0.00;0.00;0.00
19.11.2020;17:57:01;3.35;51.15;14.00;759.28;0.00;0.00;0.00
19.11.2020;17:58:01;3.33;50.85;14.00;759.30;0.00;0.00;0.00
19.11.2020;17:59:01;3.33;50.84;13.99;759.29;0.00;0.00;0.00
19.11.2020;18:00:01;3.33;50.97;13.98;759.30;0.00;0.00;0.00
19.11.2020;18:01:01;3.33;50.57;13.97;759.30;0.00;0.00;0.00
19.11.2020;18:02:01;3.33;51.36;13.97;759.28;0.00;0.00;0.00
19.11.2020;18:03:01;3.33;51.39;13.98;759.26;0.00;0.00;0.00
19.11.2020;18:04:01;3.33;51.25;13.98;759.26;0.00;0.00;0.00
19.11.2020;18:05:01;3.35;51.40;13.97;759.25;0.00;0.00;0.00
19.11.2020;18:06:01;3.33;51.49;13.97;759.24;0.00;0.00;0.00
19.11.2020;18:07:01;3.33;51.43;13.97;759.24;0.00;0.00;0.00
19.11.2020;18:08:01;3.35;51.27;13.96;759.24;0.00;0.00;0.00
19.11.2020;18:09:01;3.33;50.90;13.95;759.20;0.00;0.00;0.00
19.11.2020;18:10:01;3.33;51.45;13.96;759.22;0.00;0.00;0.00
19.11.2020;18:11:01;3.35;51.50;13.97;759.23;0.00;0.00;0.00
19.11.2020;18:12:01;3.33;51.22;13.97;759.24;0.00;0.00;0.00
19.11.2020;18:13:01;3.33;51.03;13.96;759.25;0.00;0.00;0.00
19.11.2020;18:14:01;3.33;51.11;13.95;759.26;0.00;0.00;0.00
19.11.2020;18:15:01;3.33;51.12;13.94;759.24;0.00;0.00;0.00
19.11.2020;18:16:01;3.33;51.17;13.94;759.25;0.00;0.00;0.00
