20.01.2021;0:00:40;2.51;29.08;1.08;754.72;0.00;0.00;0.00
20.01.2021;0:01:40;2.50;29.11;1.08;754.70;0.00;0.00;0.00
20.01.2021;0:02:40;2.50;29.09;1.08;754.69;0.00;0.00;0.00
20.01.2021;0:03:40;2.50;29.11;1.09;754.69;0.00;0.00;0.00
20.01.2021;0:04:40;2.50;29.04;1.10;754.68;0.00;0.00;0.00
20.01.2021;0:05:40;2.50;29.01;1.10;754.68;0.00;0.00;0.00
20.01.2021;0:06:40;2.50;29.05;1.10;754.69;0.00;0.00;0.00
20.01.2021;0:07:40;2.50;28.98;1.09;754.69;0.00;0.00;0.00
20.01.2021;0:08:40;2.53;29.06;1.09;754.69;0.00;0.00;0.00
20.01.2021;0:09:40;2.50;29.04;1.10;754.70;0.00;0.00;0.00
20.01.2021;0:10:40;2.50;29.00;1.10;754.69;0.00;0.00;0.00
20.01.2021;0:11:40;2.53;28.98;1.10;754.67;0.00;0.00;0.00
20.01.2021;0:12:40;2.50;28.94;1.09;754.68;0.00;0.00;0.00
20.01.2021;0:13:40;2.50;28.97;1.10;754.68;0.00;0.00;0.00
20.01.2021;0:14:40;2.51;28.94;1.10;754.68;0.00;0.00;0.00
20.01.2021;0:15:40;2.50;28.96;1.10;754.69;0.00;0.00;0.00
20.01.2021;0:16:40;2.50;28.88;1.09;754.70;0.00;0.00;0.00
20.01.2021;0:17:40;2.50;28.92;1.10;754.71;0.00;0.00;0.00
20.01.2021;0:18:40;2.50;28.92;1.10;754.70;0.00;0.00;0.00
20.01.2021;0:19:40;2.50;28.86;1.10;754.69;0.00;0.00;0.00
20.01.2021;0:20:40;2.50;28.88;1.09;754.68;0.00;0.00;0.00
20.01.2021;0:21:40;2.50;28.86;1.09;754.68;0.00;0.00;0.00
20.01.2021;0:22:40;2.53;28.93;1.07;754.68;0.00;0.00;0.00
20.01.2021;0:23:40;2.50;28.91;1.07;754.67;0.00;0.00;0.00
20.01.2021;0:24:40;2.50;28.95;1.06;754.67;0.00;0.00;0.00
20.01.2021;0:25:40;2.53;28.98;1.06;754.66;0.00;0.00;0.00
20.01.2021;0:26:40;2.50;28.97;1.06;754.65;0.00;0.00;0.00
20.01.2021;0:27:40;2.50;28.97;1.05;754.64;0.00;0.00;0.00
20.01.2021;0:28:40;2.51;28.99;1.05;754.64;0.00;0.00;0.00
20.01.2021;0:29:40;2.50;28.98;1.05;754.63;0.00;0.00;0.00
20.01.2021;0:30:40;2.50;28.96;1.04;754.62;0.00;0.00;0.00
20.01.2021;0:31:40;2.50;28.95;1.05;754.62;0.00;0.00;0.00
20.01.2021;0:32:40;2.50;29.02;1.05;754.61;0.00;0.00;0.00
20.01.2021;0:33:40;2.50;28.96;1.04;754.60;0.00;0.00;0.00
20.01.2021;0:34:40;2.50;29.02;1.03;754.60;0.00;0.00;0.00
20.01.2021;0:35:40;2.50;29.00;1.03;754.61;0.00;0.00;0.00
20.01.2021;0:36:40;2.53;29.02;1.04;754.59;0.00;0.00;0.00
20.01.2021;0:37:40;2.50;29.05;1.04;754.59;0.00;0.00;0.00
20.01.2021;0:38:40;2.50;29.08;1.03;754.58;0.00;0.00;0.00
20.01.2021;0:39:40;2.53;29.11;1.04;754.57;0.00;0.00;0.00
20.01.2021;0:40:40;2.50;29.12;1.04;754.57;0.00;0.00;0.00
20.01.2021;0:41:40;2.50;29.09;1.03;754.58;0.00;0.00;0.00
20.01.2021;0:42:40;2.51;29.12;1.03;754.59;0.00;0.00;0.00
20.01.2021;0:43:41;2.50;29.14;1.04;754.58;0.00;0.00;0.00
20.01.2021;0:44:41;2.50;29.13;1.04;754.56;0.00;0.00;0.00
20.01.2021;0:45:41;2.50;29.08;1.05;754.55;0.00;0.00;0.00
20.01.2021;0:46:41;2.50;29.01;1.05;754.55;0.00;0.00;0.00
20.01.2021;0:47:41;2.50;29.05;1.04;754.54;0.00;0.00;0.00
20.01.2021;0:48:41;2.50;29.09;1.05;754.54;0.00;0.00;0.00
20.01.2021;0:49:41;2.50;28.96;1.05;754.54;0.00;0.00;0.00
20.01.2021;0:50:41;2.53;28.97;1.05;754.55;0.00;0.00;0.00
20.01.2021;0:51:41;2.50;29.02;1.05;754.55;0.00;0.00;0.00
20.01.2021;0:52:41;2.50;28.95;1.05;754.54;0.00;0.00;0.00
20.01.2021;0:53:41;2.53;29.00;1.04;754.53;0.00;0.00;0.00
20.01.2021;0:54:41;2.50;28.99;1.03;754.52;0.00;0.00;0.00
20.01.2021;0:55:41;2.50;29.00;1.02;754.50;0.00;0.00;0.00
20.01.2021;0:56:41;2.51;28.96;1.03;754.49;0.00;0.00;0.00
20.01.2021;0:57:41;2.50;28.99;1.02;754.49;0.00;0.00;0.00
20.01.2021;0:58:41;2.50;28.98;1.03;754.49;0.00;0.00;0.00
20.01.2021;0:59:41;2.50;29.02;1.02;754.48;0.00;0.00;0.00
20.01.2021;1:00:41;2.50;29.05;1.02;754.47;0.00;0.00;0.00
20.01.2021;1:01:41;2.50;29.08;1.01;754.45;0.00;0.00;0.00
20.01.2021;1:02:41;2.50;29.06;1.02;754.44;0.00;0.00;0.00
20.01.2021;1:03:41;2.50;29.03;1.02;754.44;0.00;0.00;0.00
20.01.2021;1:04:41;2.53;28.98;1.01;754.43;0.00;0.00;0.00
20.01.2021;1:05:41;2.50;29.03;1.02;754.43;0.00;0.00;0.00
20.01.2021;1:06:41;2.50;29.00;1.03;754.42;0.00;0.00;0.00
20.01.2021;1:07:41;2.53;29.00;1.01;754.41;0.00;0.00;0.00
20.01.2021;1:08:41;2.50;29.14;1.01;754.42;0.00;0.00;0.00
20.01.2021;1:09:41;2.50;29.09;1.00;754.43;0.00;0.00;0.00
20.01.2021;1:10:41;2.51;29.10;0.98;754.44;0.00;0.00;0.00
20.01.2021;1:11:41;2.50;29.08;0.98;754.46;0.00;0.00;0.00
20.01.2021;1:12:41;2.50;29.04;0.98;754.46;0.00;0.00;0.00
20.01.2021;1:13:41;2.50;29.12;0.98;754.46;0.00;0.00;0.00
20.01.2021;1:14:41;2.50;29.09;0.98;754.47;0.00;0.00;0.00
20.01.2021;1:15:41;2.50;29.06;0.97;754.47;0.00;0.00;0.00
20.01.2021;1:16:41;2.50;29.11;0.96;754.48;0.00;0.00;0.00
20.01.2021;1:17:41;2.50;29.01;0.96;754.49;0.00;0.00;0.00
20.01.2021;1:18:41;2.53;29.07;0.95;754.49;0.00;0.00;0.00
20.01.2021;1:19:41;2.50;29.08;0.95;754.48;0.00;0.00;0.00
20.01.2021;1:20:41;2.50;29.04;0.95;754.49;0.00;0.00;0.00
20.01.2021;1:21:41;2.53;29.15;0.95;754.49;0.00;0.00;0.00
20.01.2021;1:22:41;2.50;29.12;0.94;754.49;0.00;0.00;0.00
20.01.2021;1:23:41;2.50;29.11;0.94;754.50;0.00;0.00;0.00
20.01.2021;1:24:41;2.51;29.11;0.92;754.50;0.00;0.00;0.00
20.01.2021;1:25:41;2.50;29.13;0.91;754.50;0.00;0.00;0.00
20.01.2021;1:26:41;2.50;29.20;0.91;754.51;0.00;0.00;0.00
20.01.2021;1:27:41;2.50;29.26;0.91;754.53;0.00;0.00;0.00
20.01.2021;1:28:42;2.50;29.14;0.90;754.56;0.00;0.00;0.00
20.01.2021;1:29:42;2.50;29.18;0.89;754.57;0.00;0.00;0.00
20.01.2021;1:30:42;2.50;29.29;0.89;754.55;0.00;0.00;0.00
20.01.2021;1:31:42;2.50;29.17;0.89;754.56;0.00;0.00;0.00
20.01.2021;1:32:42;2.53;29.16;0.89;754.57;0.00;0.00;0.00
20.01.2021;1:33:42;2.50;29.18;0.89;754.59;0.00;0.00;0.00
20.01.2021;1:34:42;2.50;29.23;0.89;754.59;0.00;0.00;0.00
20.01.2021;1:35:42;2.53;29.20;0.89;754.61;0.00;0.00;0.00
20.01.2021;1:36:42;2.50;29.15;0.88;754.63;0.00;0.00;0.00
20.01.2021;1:37:42;2.50;29.22;0.88;754.65;0.00;0.00;0.00
20.01.2021;1:38:42;2.51;29.18;0.88;754.66;0.00;0.00;0.00
20.01.2021;1:39:42;2.50;29.16;0.87;754.67;0.00;0.00;0.00
20.01.2021;1:40:42;2.50;29.18;0.86;754.67;0.00;0.00;0.00
20.01.2021;1:41:42;2.50;29.20;0.86;754.66;0.00;0.00;0.00
20.01.2021;1:42:42;2.50;29.19;0.86;754.66;0.00;0.00;0.00
20.01.2021;1:43:42;2.50;29.10;0.86;754.66;0.00;0.00;0.00
20.01.2021;1:44:42;2.50;29.18;0.84;754.67;0.00;0.00;0.00
20.01.2021;1:45:42;2.50;29.18;0.84;754.67;0.00;0.00;0.00
20.01.2021;1:46:42;2.53;29.20;0.84;754.69;0.00;0.00;0.00
20.01.2021;1:47:42;2.50;29.25;0.83;754.70;0.00;0.00;0.00
20.01.2021;1:48:42;2.50;29.26;0.83;754.70;0.00;0.00;0.00
20.01.2021;1:49:42;2.53;29.20;0.82;754.70;0.00;0.00;0.00
20.01.2021;1:50:42;2.50;29.13;0.82;754.69;0.00;0.00;0.00
20.01.2021;1:51:42;2.50;29.15;0.81;754.70;0.00;0.00;0.00
20.01.2021;1:52:42;2.51;29.20;0.80;754.70;0.00;0.00;0.00
20.01.2021;1:53:42;2.50;29.14;0.80;754.72;0.00;0.00;0.00
20.01.2021;1:54:42;2.50;29.14;0.80;754.72;0.00;0.00;0.00
20.01.2021;1:55:42;2.50;29.15;0.79;754.72;0.00;0.00;0.00
20.01.2021;1:56:42;2.50;29.15;0.78;754.73;0.00;0.00;0.00
20.01.2021;1:57:42;2.50;29.16;0.77;754.73;0.00;0.00;0.00
20.01.2021;1:58:42;2.50;29.21;0.76;754.72;0.00;0.00;0.00
20.01.2021;1:59:42;2.50;29.31;0.77;754.71;0.00;0.00;0.00
20.01.2021;2:00:42;2.53;29.19;0.77;754.71;0.00;0.00;0.00
20.01.2021;2:01:42;2.50;29.23;0.76;754.72;0.00;0.00;0.00
20.01.2021;2:02:42;2.50;29.20;0.75;754.73;0.00;0.00;0.00
20.01.2021;2:03:42;2.53;29.22;0.75;754.75;0.00;0.00;0.00
20.01.2021;2:04:42;2.50;29.30;0.74;754.76;0.00;0.00;0.00
20.01.2021;2:05:42;2.50;29.29;0.75;754.76;0.00;0.00;0.00
20.01.2021;2:06:42;2.51;29.26;0.74;754.78;0.00;0.00;0.00
20.01.2021;2:07:42;2.50;29.22;0.74;754.78;0.00;0.00;0.00
20.01.2021;2:08:42;2.50;29.27;0.73;754.80;0.00;0.00;0.00
20.01.2021;2:09:42;2.50;29.31;0.75;754.80;0.00;0.00;0.00
20.01.2021;2:10:42;2.50;29.14;0.74;754.80;0.00;0.00;0.00
20.01.2021;2:11:42;2.50;29.14;0.74;754.81;0.00;0.00;0.00
20.01.2021;2:12:42;2.50;29.12;0.73;754.80;0.00;0.00;0.00
20.01.2021;2:13:43;2.50;29.22;0.73;754.80;0.00;0.00;0.00
20.01.2021;2:14:43;2.53;29.23;0.73;754.79;0.00;0.00;0.00
20.01.2021;2:15:43;2.50;29.17;0.72;754.79;0.00;0.00;0.00
20.01.2021;2:16:43;2.50;29.16;0.71;754.79;0.00;0.00;0.00
20.01.2021;2:17:43;2.53;29.10;0.71;754.79;0.00;0.00;0.00
20.01.2021;2:18:43;2.50;29.10;0.70;754.78;0.00;0.00;0.00
20.01.2021;2:19:43;2.50;29.13;0.68;754.78;0.00;0.00;0.00
20.01.2021;2:20:43;2.51;29.18;0.68;754.78;0.00;0.00;0.00
20.01.2021;2:21:43;2.50;29.14;0.67;754.79;0.00;0.00;0.00
20.01.2021;2:22:43;2.50;29.12;0.67;754.80;0.00;0.00;0.00
20.01.2021;2:23:43;2.50;29.16;0.65;754.80;0.00;0.00;0.00
20.01.2021;2:24:43;2.50;29.18;0.66;754.78;0.00;0.00;0.00
20.01.2021;2:25:43;2.50;29.17;0.65;754.76;0.00;0.00;0.00
20.01.2021;2:26:43;2.50;29.09;0.65;754.75;0.00;0.00;0.00
20.01.2021;2:27:43;2.50;29.07;0.64;754.74;0.00;0.00;0.00
20.01.2021;2:28:43;2.53;29.31;0.63;754.74;0.00;0.00;0.00
20.01.2021;2:29:43;2.50;29.35;0.62;754.74;0.00;0.00;0.00
20.01.2021;2:30:43;2.50;29.31;0.63;754.75;0.00;0.00;0.00
20.01.2021;2:31:43;2.53;29.24;0.63;754.73;0.00;0.00;0.00
20.01.2021;2:32:43;2.50;29.28;0.62;754.74;0.00;0.00;0.00
20.01.2021;2:33:43;2.50;29.33;0.62;754.74;0.00;0.00;0.00
20.01.2021;2:34:43;2.51;29.33;0.62;754.72;0.00;0.00;0.00
20.01.2021;2:35:43;2.50;29.29;0.63;754.72;0.00;0.00;0.00
20.01.2021;2:36:43;2.50;29.32;0.63;754.74;0.00;0.00;0.00
20.01.2021;2:37:43;2.50;29.32;0.64;754.73;0.00;0.00;0.00
20.01.2021;2:38:43;2.50;29.27;0.64;754.72;0.00;0.00;0.00
20.01.2021;2:39:43;2.50;29.33;0.63;754.73;0.00;0.00;0.00
20.01.2021;2:40:43;2.50;29.31;0.63;754.73;0.00;0.00;0.00
20.01.2021;2:41:43;2.50;29.40;0.63;754.76;0.00;0.00;0.00
20.01.2021;2:42:43;2.53;29.36;0.65;754.76;0.00;0.00;0.00
20.01.2021;2:43:43;2.50;29.44;0.65;754.76;0.00;0.00;0.00
20.01.2021;2:44:43;2.50;29.38;0.66;754.76;0.00;0.00;0.00
20.01.2021;2:45:43;2.53;29.40;0.66;754.76;0.00;0.00;0.00
20.01.2021;2:46:43;2.50;29.30;0.67;754.74;0.00;0.00;0.00
20.01.2021;2:47:43;2.50;29.31;0.68;754.72;0.00;0.00;0.00
20.01.2021;2:48:43;2.51;29.29;0.68;754.72;0.00;0.00;0.00
20.01.2021;2:49:43;2.50;29.25;0.68;754.72;0.00;0.00;0.00
20.01.2021;2:50:43;2.50;29.31;0.68;754.71;0.00;0.00;0.00
20.01.2021;2:51:43;2.50;29.26;0.68;754.70;0.00;0.00;0.00
20.01.2021;2:52:43;2.50;29.17;0.68;754.69;0.00;0.00;0.00
20.01.2021;2:53:43;2.50;29.22;0.69;754.67;0.00;0.00;0.00
20.01.2021;2:54:43;2.50;29.24;0.71;754.66;0.00;0.00;0.00
20.01.2021;2:55:43;2.50;29.26;0.72;754.66;0.00;0.00;0.00
20.01.2021;2:56:43;2.53;29.15;0.70;754.65;0.00;0.00;0.00
20.01.2021;2:57:43;2.50;29.20;0.67;754.64;0.00;0.00;0.00
20.01.2021;2:58:44;2.50;29.34;0.66;754.63;0.00;0.00;0.00
20.01.2021;2:59:44;2.53;29.31;0.67;754.63;0.00;0.00;0.00
20.01.2021;3:00:44;2.50;29.33;0.69;754.64;0.00;0.00;0.00
20.01.2021;3:01:44;2.50;29.24;0.70;754.64;0.00;0.00;0.00
20.01.2021;3:02:44;2.51;29.16;0.70;754.65;0.00;0.00;0.00
20.01.2021;3:03:44;2.50;29.10;0.69;754.66;0.00;0.00;0.00
20.01.2021;3:04:44;2.50;29.04;0.68;754.68;0.00;0.00;0.00
20.01.2021;3:05:44;2.50;29.07;0.67;754.70;0.00;0.00;0.00
20.01.2021;3:06:44;2.50;29.17;0.66;754.72;0.00;0.00;0.00
20.01.2021;3:07:44;2.50;29.11;0.66;754.73;0.00;0.00;0.00
20.01.2021;3:08:44;2.50;29.25;0.65;754.74;0.00;0.00;0.00
20.01.2021;3:09:44;2.50;29.36;0.65;754.74;0.00;0.00;0.00
20.01.2021;3:10:44;2.53;29.25;0.65;754.72;0.00;0.00;0.00
20.01.2021;3:11:44;2.50;29.31;0.64;754.72;0.00;0.00;0.00
20.01.2021;3:12:44;2.50;29.36;0.64;754.72;0.00;0.00;0.00
20.01.2021;3:13:44;2.53;29.19;0.63;754.73;0.00;0.00;0.00
20.01.2021;3:14:44;2.50;29.22;0.62;754.73;0.00;0.00;0.00
20.01.2021;3:15:44;2.50;29.26;0.62;754.73;0.00;0.00;0.00
20.01.2021;3:16:44;2.51;29.18;0.62;754.71;0.00;0.00;0.00
20.01.2021;3:17:44;2.50;29.25;0.61;754.70;0.00;0.00;0.00
20.01.2021;3:18:44;2.50;29.25;0.62;754.69;0.00;0.00;0.00
20.01.2021;3:19:44;2.50;29.23;0.63;754.68;0.00;0.00;0.00
20.01.2021;3:20:44;2.50;29.17;0.62;754.67;0.00;0.00;0.00
20.01.2021;3:21:44;2.50;29.10;0.62;754.65;0.00;0.00;0.00
20.01.2021;3:22:44;2.50;29.15;0.61;754.65;0.00;0.00;0.00
20.01.2021;3:23:44;2.50;29.16;0.60;754.65;0.00;0.00;0.00
20.01.2021;3:24:44;2.53;29.23;0.60;754.67;0.00;0.00;0.00
20.01.2021;3:25:44;2.50;29.21;0.59;754.65;0.00;0.00;0.00
20.01.2021;3:26:44;2.50;29.26;0.58;754.65;0.00;0.00;0.00
20.01.2021;3:27:44;2.53;29.25;0.57;754.64;0.00;0.00;0.00
20.01.2021;3:28:44;2.50;29.17;0.57;754.62;0.00;0.00;0.00
20.01.2021;3:29:44;2.50;29.13;0.56;754.63;0.00;0.00;0.00
20.01.2021;3:30:44;2.51;29.19;0.56;754.64;0.00;0.00;0.00
20.01.2021;3:31:44;2.50;29.12;0.57;754.64;0.00;0.00;0.00
20.01.2021;3:32:44;2.50;29.19;0.57;754.64;0.00;0.00;0.00
20.01.2021;3:33:44;2.50;29.33;0.58;754.64;0.00;0.00;0.00
20.01.2021;3:34:44;2.50;29.22;0.58;754.66;0.00;0.00;0.00
20.01.2021;3:35:44;2.50;29.12;0.56;754.66;0.00;0.00;0.00
20.01.2021;3:36:44;2.50;29.17;0.56;754.66;0.00;0.00;0.00
20.01.2021;3:37:44;2.50;29.23;0.56;754.68;0.00;0.00;0.00
20.01.2021;3:38:44;2.53;29.25;0.56;754.67;0.00;0.00;0.00
20.01.2021;3:39:44;2.50;29.22;0.56;754.68;0.00;0.00;0.00
20.01.2021;3:40:44;2.50;29.21;0.55;754.67;0.00;0.00;0.00
20.01.2021;3:41:44;2.53;29.21;0.55;754.65;0.00;0.00;0.00
20.01.2021;3:42:45;2.50;29.16;0.56;754.66;0.00;0.00;0.00
20.01.2021;3:43:45;2.50;29.25;0.56;754.65;0.00;0.00;0.00
20.01.2021;3:44:45;2.51;29.30;0.57;754.67;0.00;0.00;0.00
20.01.2021;3:45:45;2.50;29.18;0.57;754.68;0.00;0.00;0.00
20.01.2021;3:46:45;2.50;29.31;0.56;754.70;0.00;0.00;0.00
20.01.2021;3:47:45;2.50;29.31;0.57;754.72;0.00;0.00;0.00
20.01.2021;3:48:45;2.50;29.37;0.58;754.72;0.00;0.00;0.00
20.01.2021;3:49:45;2.50;29.30;0.60;754.72;0.00;0.00;0.00
20.01.2021;3:50:45;2.50;29.24;0.60;754.72;0.00;0.00;0.00
20.01.2021;3:51:45;2.50;29.20;0.60;754.73;0.00;0.00;0.00
20.01.2021;3:52:45;2.53;29.17;0.60;754.75;0.00;0.00;0.00
20.01.2021;3:53:45;2.50;29.11;0.60;754.75;0.00;0.00;0.00
20.01.2021;3:54:45;2.50;29.16;0.60;754.77;0.00;0.00;0.00
20.01.2021;3:55:45;2.53;29.13;0.60;754.79;0.00;0.00;0.00
20.01.2021;3:56:45;2.50;29.20;0.60;754.79;0.00;0.00;0.00
20.01.2021;3:57:45;2.50;29.16;0.60;754.79;0.00;0.00;0.00
20.01.2021;3:58:45;2.51;29.24;0.60;754.79;0.00;0.00;0.00
20.01.2021;3:59:45;2.50;29.17;0.61;754.78;0.00;0.00;0.00
20.01.2021;4:00:45;2.50;29.12;0.61;754.78;0.00;0.00;0.00
20.01.2021;4:01:45;2.50;29.05;0.60;754.75;0.00;0.00;0.00
20.01.2021;4:02:45;2.50;29.07;0.60;754.73;0.00;0.00;0.00
20.01.2021;4:03:45;2.50;29.03;0.59;754.71;0.00;0.00;0.00
20.01.2021;4:04:45;2.50;29.11;0.58;754.70;0.00;0.00;0.00
20.01.2021;4:05:45;2.50;29.19;0.58;754.70;0.00;0.00;0.00
20.01.2021;4:06:45;2.53;29.04;0.58;754.71;0.00;0.00;0.00
20.01.2021;4:07:45;2.50;29.01;0.58;754.71;0.00;0.00;0.00
20.01.2021;4:08:45;2.50;29.07;0.56;754.71;0.00;0.00;0.00
20.01.2021;4:09:45;2.53;28.98;0.55;754.69;0.00;0.00;0.00
20.01.2021;4:10:45;2.50;28.95;0.55;754.70;0.00;0.00;0.00
20.01.2021;4:11:45;2.50;28.92;0.54;754.68;0.00;0.00;0.00
20.01.2021;4:12:45;2.51;28.98;0.54;754.66;0.00;0.00;0.00
20.01.2021;4:13:45;2.50;28.96;0.53;754.66;0.00;0.00;0.00
20.01.2021;4:14:45;2.50;29.00;0.51;754.68;0.00;0.00;0.00
20.01.2021;4:15:45;2.50;28.98;0.51;754.68;0.00;0.00;0.00
20.01.2021;4:16:45;2.50;28.98;0.49;754.68;0.00;0.00;0.00
20.01.2021;4:17:45;2.50;28.98;0.47;754.67;0.00;0.00;0.00
20.01.2021;4:18:45;2.50;28.99;0.45;754.66;0.00;0.00;0.00
20.01.2021;4:19:45;2.50;29.05;0.44;754.66;0.00;0.00;0.00
20.01.2021;4:20:45;2.53;28.93;0.43;754.65;0.00;0.00;0.00
20.01.2021;4:21:45;2.50;28.89;0.42;754.65;0.00;0.00;0.00
20.01.2021;4:22:45;2.50;29.01;0.40;754.64;0.00;0.00;0.00
20.01.2021;4:23:45;2.53;28.92;0.39;754.64;0.00;0.00;0.00
20.01.2021;4:24:45;2.50;28.94;0.38;754.64;0.00;0.00;0.00
20.01.2021;4:25:45;2.50;28.93;0.37;754.62;0.00;0.00;0.00
20.01.2021;4:26:45;2.51;28.85;0.36;754.64;0.00;0.00;0.00
20.01.2021;4:27:45;2.50;28.83;0.33;754.67;0.00;0.00;0.00
20.01.2021;4:28:46;2.50;28.86;0.32;754.68;0.00;0.00;0.00
20.01.2021;4:29:46;2.50;28.87;0.30;754.68;0.00;0.00;0.00
20.01.2021;4:30:46;2.50;28.92;0.29;754.70;0.00;0.00;0.00
20.01.2021;4:31:46;2.50;28.92;0.28;754.71;0.00;0.00;0.00
20.01.2021;4:32:46;2.50;28.99;0.26;754.72;0.00;0.00;0.00
20.01.2021;4:33:46;2.50;28.98;0.26;754.73;0.00;0.00;0.00
20.01.2021;4:34:46;2.53;28.96;0.25;754.74;0.00;0.00;0.00
20.01.2021;4:35:46;2.50;29.00;0.26;754.75;0.00;0.00;0.00
20.01.2021;4:36:46;2.50;28.98;0.24;754.76;0.00;0.00;0.00
20.01.2021;4:37:46;2.53;29.05;0.23;754.77;0.00;0.00;0.00
20.01.2021;4:38:46;2.50;29.03;0.22;754.78;0.00;0.00;0.00
20.01.2021;4:39:46;2.50;29.03;0.21;754.79;0.00;0.00;0.00
20.01.2021;4:40:46;2.51;28.98;0.22;754.80;0.00;0.00;0.00
20.01.2021;4:41:46;2.50;28.97;0.21;754.80;0.00;0.00;0.00
20.01.2021;4:42:46;2.50;28.98;0.21;754.80;0.00;0.00;0.00
20.01.2021;4:43:46;2.50;28.96;0.21;754.80;0.00;0.00;0.00
20.01.2021;4:44:46;2.50;29.05;0.20;754.79;0.00;0.00;0.00
20.01.2021;4:45:46;2.50;29.11;0.20;754.80;0.00;0.00;0.00
20.01.2021;4:46:46;2.50;29.10;0.20;754.82;0.00;0.00;0.00
20.01.2021;4:47:46;2.50;29.09;0.19;754.82;0.00;0.00;0.00
20.01.2021;4:48:46;2.53;28.98;0.18;754.82;0.00;0.00;0.00
20.01.2021;4:49:46;2.50;29.00;0.18;754.83;0.00;0.00;0.00
20.01.2021;4:50:46;2.50;28.97;0.17;754.81;0.00;0.00;0.00
20.01.2021;4:51:46;2.53;28.99;0.16;754.80;0.00;0.00;0.00
20.01.2021;4:52:46;2.50;28.99;0.16;754.80;0.00;0.00;0.00
20.01.2021;4:53:46;2.50;29.04;0.15;754.79;0.00;0.00;0.00
20.01.2021;4:54:46;2.51;28.99;0.14;754.80;0.00;0.00;0.00
20.01.2021;4:55:46;2.50;29.05;0.12;754.81;0.00;0.00;0.00
20.01.2021;4:56:46;2.50;29.13;0.12;754.83;0.00;0.00;0.00
20.01.2021;4:57:46;2.50;29.11;0.13;754.84;0.00;0.00;0.00
20.01.2021;4:58:46;2.50;29.20;0.14;754.86;0.00;0.00;0.00
20.01.2021;4:59:46;2.50;29.18;0.14;754.85;0.00;0.00;0.00
20.01.2021;5:00:46;2.50;29.23;0.15;754.87;0.00;0.00;0.00
20.01.2021;5:01:46;2.50;29.26;0.16;754.88;0.00;0.00;0.00
20.01.2021;5:02:46;2.53;29.58;0.17;754.89;0.00;0.00;0.00
20.01.2021;5:03:46;2.50;29.41;0.19;754.90;0.00;0.00;0.00
20.01.2021;5:04:46;2.50;29.24;0.18;754.92;0.00;0.00;0.00
20.01.2021;5:05:46;2.53;29.10;0.18;754.95;0.00;0.00;0.00
20.01.2021;5:06:46;2.50;29.13;0.17;754.95;0.00;0.00;0.00
20.01.2021;5:07:46;2.50;29.12;0.17;754.94;0.00;0.00;0.00
20.01.2021;5:08:46;2.51;29.06;0.16;754.93;0.00;0.00;0.00
20.01.2021;5:09:46;2.50;29.04;0.16;754.94;0.00;0.00;0.00
20.01.2021;5:10:46;2.50;29.05;0.17;754.95;0.00;0.00;0.00
20.01.2021;5:11:46;2.50;28.96;0.16;754.97;0.00;0.00;0.00
20.01.2021;5:12:46;2.50;29.19;0.16;755.00;0.00;0.00;0.00
20.01.2021;5:13:47;2.50;29.19;0.15;755.04;0.00;0.00;0.00
20.01.2021;5:14:47;2.50;29.56;0.15;755.05;0.00;0.00;0.00
20.01.2021;5:15:47;2.50;29.36;0.17;755.05;0.00;0.00;0.00
20.01.2021;5:16:47;2.53;29.29;0.18;755.06;0.00;0.00;0.00
20.01.2021;5:17:47;2.50;29.23;0.16;755.03;0.00;0.00;0.00
20.01.2021;5:18:47;2.50;29.22;0.17;755.04;0.00;0.00;0.00
20.01.2021;5:19:47;2.53;29.20;0.16;755.03;0.00;0.00;0.00
20.01.2021;5:20:47;2.50;29.17;0.17;755.03;0.00;0.00;0.00
20.01.2021;5:21:47;2.50;29.14;0.16;755.05;0.00;0.00;0.00
20.01.2021;5:22:47;2.51;29.21;0.17;755.05;0.00;0.00;0.00
20.01.2021;5:23:47;2.50;29.09;0.17;755.06;0.00;0.00;0.00
20.01.2021;5:24:47;2.50;29.05;0.15;755.05;0.00;0.00;0.00
20.01.2021;5:25:47;2.50;29.07;0.16;755.07;0.00;0.00;0.00
20.01.2021;5:26:47;2.50;29.07;0.16;755.06;0.00;0.00;0.00
20.01.2021;5:27:47;2.50;29.02;0.15;755.04;0.00;0.00;0.00
20.01.2021;5:28:47;2.50;29.06;0.15;755.02;0.00;0.00;0.00
20.01.2021;5:29:47;2.50;28.95;0.14;755.01;0.00;0.00;0.00
20.01.2021;5:30:47;2.53;29.05;0.12;755.02;0.00;0.00;0.00
20.01.2021;5:31:47;2.50;29.19;0.12;755.04;0.00;0.00;0.00
20.01.2021;5:32:47;2.50;29.02;0.13;755.04;0.00;0.00;0.00
20.01.2021;5:33:47;2.53;28.96;0.13;755.03;0.00;0.00;0.00
20.01.2021;5:34:47;2.50;29.11;0.12;755.03;0.00;0.00;0.00
20.01.2021;5:35:47;2.50;29.26;0.12;755.03;0.00;0.00;0.00
20.01.2021;5:36:47;2.51;29.08;0.13;755.05;0.00;0.00;0.00
20.01.2021;5:37:47;2.50;29.07;0.14;755.03;0.00;0.00;0.00
20.01.2021;5:38:47;2.50;29.30;0.15;755.05;0.00;0.00;0.00
20.01.2021;5:39:47;2.50;29.20;0.15;755.05;0.00;0.00;0.00
20.01.2021;5:40:47;2.50;29.19;0.15;755.05;0.00;0.00;0.00
20.01.2021;5:41:47;2.50;29.07;0.16;755.04;0.00;0.00;0.00
20.01.2021;5:42:47;2.50;29.38;0.17;755.04;0.00;0.00;0.00
20.01.2021;5:43:47;2.50;29.27;0.16;755.04;0.00;0.00;0.00
20.01.2021;5:44:47;2.53;29.18;0.17;755.04;0.00;0.00;0.00
20.01.2021;5:45:47;2.50;29.03;0.16;755.03;0.00;0.00;0.00
20.01.2021;5:46:47;2.50;29.08;0.15;755.00;0.00;0.00;0.00
20.01.2021;5:47:47;2.53;29.05;0.15;754.97;0.00;0.00;0.00
20.01.2021;5:48:47;2.50;29.14;0.15;754.96;0.00;0.00;0.00
20.01.2021;5:49:47;2.50;29.20;0.16;754.95;0.00;0.00;0.00
20.01.2021;5:50:47;2.51;29.28;0.17;754.94;0.00;0.00;0.00
20.01.2021;5:51:47;2.50;29.20;0.17;754.95;0.00;0.00;0.00
20.01.2021;5:52:47;2.50;29.11;0.16;754.96;0.00;0.00;0.00
20.01.2021;5:53:47;2.50;29.09;0.15;754.97;0.00;0.00;0.00
20.01.2021;5:54:47;2.50;29.14;0.13;754.96;0.00;0.00;0.00
20.01.2021;5:55:47;2.50;29.03;0.12;754.95;0.00;0.00;0.00
20.01.2021;5:56:47;2.50;29.06;0.11;754.95;0.00;0.00;0.00
20.01.2021;5:57:47;2.50;29.13;0.11;754.93;0.00;0.00;0.00
20.01.2021;5:58:48;2.53;29.21;0.11;754.91;0.00;0.00;0.00
20.01.2021;5:59:48;2.50;29.14;0.11;754.91;0.00;0.00;0.00
20.01.2021;6:00:48;2.50;29.28;0.13;754.92;0.00;0.00;0.00
20.01.2021;6:01:48;2.53;29.34;0.13;754.90;0.00;0.00;0.00
20.01.2021;6:02:48;2.50;29.20;0.14;754.90;0.00;0.00;0.00
20.01.2021;6:03:48;2.50;29.17;0.14;754.88;0.00;0.00;0.00
20.01.2021;6:04:48;2.51;29.22;0.14;754.88;0.00;0.00;0.00
20.01.2021;6:05:48;2.50;29.26;0.14;754.87;0.00;0.00;0.00
20.01.2021;6:06:48;2.50;29.24;0.14;754.87;0.00;0.00;0.00
20.01.2021;6:07:48;2.50;29.32;0.15;754.87;0.00;0.00;0.00
20.01.2021;6:08:48;2.50;29.22;0.16;754.85;0.00;0.00;0.00
20.01.2021;6:09:48;2.50;29.21;0.16;754.84;0.00;0.00;0.00
20.01.2021;6:10:48;2.50;29.17;0.16;754.84;0.00;0.00;0.00
20.01.2021;6:11:48;2.50;29.32;0.16;754.85;0.00;0.00;0.00
20.01.2021;6:12:48;2.53;29.26;0.16;754.85;0.00;0.00;0.00
20.01.2021;6:13:48;2.50;29.21;0.16;754.83;0.00;0.00;0.00
20.01.2021;6:14:48;2.50;29.17;0.16;754.82;0.00;0.00;0.00
20.01.2021;6:15:48;2.53;29.29;0.17;754.80;0.00;0.00;0.00
20.01.2021;6:16:48;2.50;29.17;0.17;754.79;0.00;0.00;0.00
20.01.2021;6:17:48;2.50;29.28;0.17;754.79;0.00;0.00;0.00
20.01.2021;6:18:48;2.51;29.25;0.18;754.79;0.00;0.00;0.00
20.01.2021;6:19:48;2.50;29.38;0.19;754.77;0.00;0.00;0.00
20.01.2021;6:20:48;2.50;29.44;0.22;754.77;0.00;0.00;0.00
20.01.2021;6:21:48;2.50;29.18;0.22;754.77;0.00;0.00;0.00
20.01.2021;6:22:48;2.50;29.18;0.22;754.76;0.00;0.00;0.00
20.01.2021;6:23:48;2.50;29.19;0.22;754.74;0.00;0.00;0.00
20.01.2021;6:24:48;2.50;29.35;0.23;754.73;0.00;0.00;0.00
20.01.2021;6:25:48;2.50;29.44;0.24;754.73;0.00;0.00;0.00
20.01.2021;6:26:48;2.53;29.51;0.26;754.73;0.00;0.00;0.00
20.01.2021;6:27:48;2.50;29.40;0.27;754.73;0.00;0.00;0.00
20.01.2021;6:28:48;2.50;29.34;0.27;754.72;0.00;0.00;0.00
20.01.2021;6:29:48;2.53;29.16;0.27;754.72;0.00;0.00;0.00
20.01.2021;6:30:48;2.50;29.17;0.26;754.71;0.00;0.00;0.00
20.01.2021;6:31:48;2.50;29.00;0.26;754.71;0.00;0.00;0.00
20.01.2021;6:32:48;2.51;28.92;0.25;754.73;0.00;0.00;0.00
20.01.2021;6:33:48;2.50;28.90;0.23;754.74;0.00;0.00;0.00
20.01.2021;6:34:48;2.50;28.84;0.20;754.75;0.00;0.00;0.00
20.01.2021;6:35:48;2.50;28.90;0.19;754.74;0.00;0.00;0.00
20.01.2021;6:36:48;2.50;28.93;0.19;754.73;0.00;0.00;0.00
20.01.2021;6:37:48;2.50;28.81;0.18;754.72;0.00;0.00;0.00
20.01.2021;6:38:48;2.50;28.85;0.16;754.73;0.00;0.00;0.00
20.01.2021;6:39:48;2.50;28.79;0.14;754.74;0.00;0.00;0.00
20.01.2021;6:40:48;2.53;28.70;0.12;754.75;0.00;0.00;0.00
20.01.2021;6:41:48;2.50;28.79;0.10;754.77;0.00;0.00;0.00
20.01.2021;6:42:48;2.50;28.88;0.09;754.78;0.00;0.00;0.00
20.01.2021;6:43:48;2.53;28.77;0.08;754.78;0.00;0.00;0.00
20.01.2021;6:44:49;2.50;28.77;0.07;754.78;0.00;0.00;0.00
20.01.2021;6:45:49;2.50;28.81;0.07;754.78;0.00;0.00;0.00
20.01.2021;6:46:49;2.51;28.80;0.06;754.79;0.00;0.00;0.00
20.01.2021;6:47:49;2.50;28.80;0.04;754.79;0.00;0.00;0.00
20.01.2021;6:48:49;2.50;28.82;0.02;754.78;0.00;0.00;0.00
20.01.2021;6:49:49;2.50;28.89;0.01;754.78;0.00;0.00;0.00
20.01.2021;6:50:49;2.50;28.87;0.01;754.78;0.00;0.00;0.00
20.01.2021;6:51:49;2.50;29.02;0.01;754.77;0.00;0.00;0.00
20.01.2021;6:52:49;2.50;28.91;0.01;754.76;0.00;0.00;0.00
20.01.2021;6:53:49;2.50;28.87;0.00;754.78;0.00;0.00;0.00
20.01.2021;6:54:49;2.51;28.82;-0.01;754.81;0.00;0.00;0.00
20.01.2021;6:55:49;2.50;28.99;-0.02;754.84;0.00;0.00;0.00
20.01.2021;6:56:49;2.50;28.96;-0.01;754.87;0.00;0.00;0.00
20.01.2021;6:57:49;2.53;29.07;-0.01;754.89;0.00;0.00;0.00
20.01.2021;6:58:49;2.50;29.06;-0.01;754.90;0.00;0.00;0.00
20.01.2021;6:59:49;2.50;28.99;-0.02;754.90;0.00;0.00;0.00
20.01.2021;7:00:49;2.53;29.10;-0.02;754.89;0.00;0.00;0.00
20.01.2021;7:01:49;2.50;29.07;-0.02;754.90;0.00;0.00;0.00
20.01.2021;7:02:49;2.50;28.92;-0.03;754.90;0.00;0.00;0.00
20.01.2021;7:03:49;2.51;28.91;-0.03;754.90;0.00;0.00;0.00
20.01.2021;7:04:49;2.51;28.97;-0.04;754.91;0.00;0.00;0.00
20.01.2021;7:05:49;2.63;28.91;-0.04;754.91;0.00;0.00;0.00
20.01.2021;7:06:49;2.90;29.00;-0.05;754.91;0.00;0.00;0.00
20.01.2021;7:07:49;3.11;28.87;-0.04;754.92;0.00;0.00;0.00
20.01.2021;7:08:49;3.32;28.85;-0.06;754.90;0.00;0.00;0.00
20.01.2021;7:09:49;3.33;28.88;-0.06;754.91;0.00;0.00;0.00
20.01.2021;7:10:49;3.33;28.96;-0.05;754.91;0.00;0.00;0.00
20.01.2021;7:11:49;3.35;28.79;-0.06;754.93;0.00;0.00;0.00
20.01.2021;7:12:49;3.33;28.78;-0.06;754.95;0.00;0.00;0.00
20.01.2021;7:13:49;3.33;28.89;-0.08;754.96;0.00;0.00;0.00
20.01.2021;7:14:49;3.36;29.00;-0.08;754.98;0.00;0.00;0.00
20.01.2021;7:15:49;3.33;28.85;-0.08;754.99;0.00;0.00;0.00
20.01.2021;7:16:49;3.33;28.84;-0.09;754.98;0.00;0.00;0.00
20.01.2021;7:17:49;3.88;28.75;-0.09;755.00;0.00;0.00;0.00
20.01.2021;7:18:49;4.17;28.89;-0.10;755.00;0.00;0.00;0.00
20.01.2021;7:19:49;4.17;28.91;-0.11;755.00;0.00;0.00;0.00
20.01.2021;7:20:49;4.33;28.93;-0.12;755.00;0.00;0.00;0.00
20.01.2021;7:21:49;5.00;28.94;-0.13;755.00;0.00;0.00;0.00
20.01.2021;7:22:49;5.00;29.06;-0.12;755.00;0.00;0.00;0.00
20.01.2021;7:23:49;5.81;29.38;-0.11;755.04;0.00;0.00;0.00
20.01.2021;7:24:49;6.10;29.55;-0.09;755.04;0.00;0.00;0.00
20.01.2021;7:25:49;6.74;29.12;-0.09;755.02;0.00;0.00;0.00
20.01.2021;7:26:50;7.50;29.17;-0.09;755.01;0.00;0.00;0.00
20.01.2021;7:27:50;8.38;29.24;-0.10;755.03;0.00;0.00;0.00
20.01.2021;7:28:50;9.42;29.25;-0.09;755.04;0.00;0.00;0.00
20.01.2021;7:29:50;10.46;29.39;-0.09;755.04;0.00;0.00;0.00
20.01.2021;7:30:50;11.82;29.24;-0.07;755.03;0.00;0.00;0.00
20.01.2021;7:31:50;13.33;29.53;-0.04;755.01;0.01;0.00;0.00
20.01.2021;7:32:50;15.04;29.19;-0.04;755.01;0.02;0.00;0.00
20.01.2021;7:33:50;16.99;29.30;-0.04;755.01;0.03;0.00;0.00
20.01.2021;7:34:50;19.21;29.23;-0.05;755.02;0.04;0.00;0.00
20.01.2021;7:35:50;21.75;29.09;-0.05;755.04;0.05;0.00;0.00
20.01.2021;7:36:50;24.51;29.24;-0.04;755.04;0.06;0.00;0.00
20.01.2021;7:37:50;27.67;29.31;-0.03;755.04;0.07;0.00;0.00
20.01.2021;7:38:50;31.09;29.37;-0.01;755.04;0.09;0.00;0.00
20.01.2021;7:39:50;34.93;29.42;-0.01;755.04;0.10;0.00;0.00
20.01.2021;7:40:50;39.06;29.61;-0.00;755.05;0.12;0.00;0.00
20.01.2021;7:41:50;43.55;29.46;0.02;755.09;0.13;0.00;0.00
20.01.2021;7:42:50;48.39;29.53;0.03;755.08;0.15;0.00;0.00
20.01.2021;7:43:50;53.78;29.33;0.03;755.11;0.17;0.00;0.00
20.01.2021;7:44:50;59.39;29.57;0.05;755.13;0.18;0.00;0.00
20.01.2021;7:45:50;65.47;29.51;0.07;755.15;0.20;0.00;0.00
20.01.2021;7:46:50;71.93;29.15;0.06;755.16;0.22;0.00;0.00
20.01.2021;7:47:50;78.60;29.53;0.07;755.18;0.24;0.00;0.00
20.01.2021;7:48:50;85.76;29.38;0.08;755.20;0.26;0.00;0.00
20.01.2021;7:49:50;93.12;29.22;0.08;755.21;0.28;0.00;0.00
20.01.2021;7:50:50;101.15;29.03;0.07;755.21;0.30;0.00;0.00
20.01.2021;7:51:50;109.89;29.09;0.07;755.20;0.32;0.00;0.00
20.01.2021;7:52:50;118.63;29.11;0.08;755.22;0.35;0.00;0.00
20.01.2021;7:53:50;127.71;28.95;0.06;755.22;0.37;0.00;0.00
20.01.2021;7:54:50;137.31;29.02;0.05;755.22;0.40;0.00;0.00
20.01.2021;7:55:50;147.39;29.03;0.07;755.22;0.42;0.01;0.00
20.01.2021;7:56:50;157.67;29.08;0.07;755.23;0.45;0.05;0.02
20.01.2021;7:57:50;168.22;28.98;0.08;755.23;0.48;0.10;0.05
20.01.2021;7:58:50;178.63;29.06;0.08;755.23;0.51;0.17;0.09
20.01.2021;7:59:50;188.99;29.06;0.11;755.22;0.54;0.22;0.12
20.01.2021;8:00:50;199.73;29.21;0.13;755.24;0.57;0.28;0.16
20.01.2021;8:01:50;211.60;29.04;0.15;755.24;0.60;0.31;0.19
20.01.2021;8:02:50;225.04;28.86;0.15;755.24;0.64;0.39;0.25
20.01.2021;8:03:50;236.76;29.00;0.15;755.22;0.66;0.41;0.27
20.01.2021;8:04:51;247.29;29.03;0.17;755.21;0.69;0.44;0.30
20.01.2021;8:05:51;258.04;28.92;0.18;755.21;0.72;0.50;0.36
20.01.2021;8:06:51;271.08;29.09;0.20;755.22;0.74;0.52;0.39
20.01.2021;8:07:51;283.49;29.10;0.22;755.20;0.77;0.57;0.44
20.01.2021;8:08:51;295.63;28.96;0.22;755.21;0.80;0.62;0.50
20.01.2021;8:09:51;307.54;29.03;0.24;755.22;0.82;0.66;0.54
20.01.2021;8:10:51;319.44;28.97;0.26;755.24;0.85;0.70;0.59
20.01.2021;8:11:51;332.88;29.08;0.26;755.23;0.87;0.75;0.65
20.01.2021;8:12:51;345.00;29.12;0.30;755.23;0.90;0.79;0.71
20.01.2021;8:13:51;357.14;28.90;0.31;755.20;0.92;0.81;0.75
20.01.2021;8:14:51;369.58;29.18;0.32;755.19;0.95;0.87;0.83
20.01.2021;8:15:51;381.67;28.94;0.34;755.19;0.97;0.89;0.86
20.01.2021;8:16:51;394.71;29.17;0.36;755.19;0.99;0.93;0.93
20.01.2021;8:17:51;406.88;29.01;0.38;755.19;1.02;0.99;1.01
20.01.2021;8:18:51;418.92;28.85;0.38;755.18;1.04;1.01;1.05
20.01.2021;8:19:51;432.08;29.14;0.38;755.17;1.07;1.07;1.15
20.01.2021;8:20:51;442.86;29.37;0.41;755.16;1.09;1.10;1.20
20.01.2021;8:21:51;453.60;29.06;0.45;755.16;1.10;1.12;1.23
20.01.2021;8:22:51;466.31;29.09;0.45;755.17;1.13;1.17;1.33
20.01.2021;8:23:51;479.42;29.01;0.47;755.18;1.16;1.22;1.41
20.01.2021;8:24:51;489.86;29.34;0.50;755.18;1.17;1.24;1.46
20.01.2021;8:25:51;500.32;29.74;0.55;755.19;1.19;1.27;1.51
20.01.2021;8:26:51;511.48;29.34;0.59;755.18;1.22;1.31;1.59
20.01.2021;8:27:51;524.26;29.02;0.60;755.16;1.25;1.37;1.71
20.01.2021;8:28:51;534.68;29.11;0.60;755.16;1.26;1.39;1.75
20.01.2021;8:29:51;545.61;28.99;0.61;755.19;1.28;1.42;1.82
20.01.2021;8:30:51;554.93;29.24;0.62;755.21;1.30;1.45;1.88
20.01.2021;8:31:51;567.67;29.32;0.68;755.24;1.33;1.51;2.01
20.01.2021;8:32:51;576.79;28.84;0.69;755.24;1.35;1.52;2.05
20.01.2021;8:33:51;588.07;28.96;0.70;755.25;1.37;1.58;2.16
20.01.2021;8:34:51;598.86;28.86;0.68;755.27;1.39;1.60;2.23
20.01.2021;8:35:51;610.10;28.68;0.69;755.29;1.41;1.62;2.29
20.01.2021;8:36:51;619.55;28.64;0.68;755.28;1.43;1.67;2.38
20.01.2021;8:37:51;628.85;28.49;0.69;755.28;1.44;1.69;2.43
20.01.2021;8:38:51;640.34;28.66;0.67;755.27;1.46;1.70;2.49
20.01.2021;8:39:51;652.54;28.81;0.68;755.25;1.49;1.77;2.63
20.01.2021;8:40:51;660.25;29.01;0.72;755.25;1.50;1.78;2.68
20.01.2021;8:41:51;673.49;28.83;0.76;755.25;1.53;1.82;2.80
20.01.2021;8:42:52;681.82;28.64;0.76;755.24;1.55;1.86;2.88
20.01.2021;8:43:52;689.90;28.73;0.77;755.25;1.56;1.89;2.95
20.01.2021;8:44:52;702.86;28.80;0.77;755.26;1.60;1.94;3.11
20.01.2021;8:45:52;711.29;28.65;0.78;755.28;1.61;1.96;3.15
20.01.2021;8:46:52;721.02;28.72;0.80;755.29;1.63;1.99;3.25
20.01.2021;8:47:52;729.43;28.39;0.79;755.30;1.64;2.01;3.31
20.01.2021;8:48:52;736.36;28.90;0.80;755.30;1.65;2.01;3.33
20.01.2021;8:49:52;745.04;28.67;0.83;755.30;1.67;2.05;3.42
20.01.2021;8:50:52;750.88;28.92;0.85;755.27;1.68;2.04;3.42
20.01.2021;8:51:52;759.89;28.78;0.88;755.27;1.69;2.09;3.54
20.01.2021;8:52:52;771.49;28.92;0.91;755.27;1.72;2.10;3.63
20.01.2021;8:53:52;778.01;28.95;0.94;755.27;1.73;2.10;3.64
20.01.2021;8:54:52;787.19;29.07;0.98;755.26;1.75;2.10;3.69
20.01.2021;8:55:52;793.63;28.71;0.99;755.25;1.76;2.11;3.71
20.01.2021;8:56:52;802.47;28.56;0.99;755.26;1.78;2.12;3.78
20.01.2021;8:57:52;811.40;28.70;1.00;755.26;1.80;2.17;3.91
20.01.2021;8:58:52;822.06;28.53;1.01;755.27;1.82;2.20;4.01
20.01.2021;8:59:52;829.65;28.21;1.00;755.28;1.84;2.23;4.10
20.01.2021;9:00:52;835.71;28.24;0.97;755.29;1.85;2.24;4.14
20.01.2021;9:01:52;845.61;28.41;0.97;755.32;1.87;2.29;4.30
20.01.2021;9:02:52;852.15;28.50;0.98;755.34;1.88;2.31;4.35
20.01.2021;9:03:52;858.79;28.30;0.99;755.33;1.89;2.32;4.39
20.01.2021;9:04:52;864.40;28.44;1.00;755.34;1.90;2.33;4.44
20.01.2021;9:05:52;873.62;28.91;1.03;755.37;1.92;2.39;4.60
20.01.2021;9:06:52;882.79;28.45;1.06;755.39;1.94;2.42;4.71
20.01.2021;9:07:52;891.03;28.43;1.06;755.40;1.96;2.47;4.84
20.01.2021;9:08:52;896.37;28.88;1.10;755.42;1.97;2.49;4.92
20.01.2021;9:09:52;904.83;28.67;1.15;755.42;1.99;2.51;4.99
20.01.2021;9:10:52;910.18;28.52;1.17;755.41;2.00;2.53;5.05
20.01.2021;9:11:52;921.01;28.54;1.18;755.43;2.02;2.59;5.24
20.01.2021;9:12:52;928.63;28.30;1.18;755.44;2.04;2.61;5.34
20.01.2021;9:13:52;937.99;28.15;1.18;755.46;2.06;2.64;5.44
20.01.2021;9:14:52;945.97;28.13;1.17;755.45;2.08;2.68;5.57
20.01.2021;9:15:52;946.26;28.23;1.17;755.45;2.07;2.68;5.55
20.01.2021;9:16:52;952.67;28.29;1.18;755.44;2.08;2.68;5.59
20.01.2021;9:17:52;960.42;28.45;1.20;755.42;2.10;2.71;5.67
20.01.2021;9:18:52;965.40;28.29;1.21;755.45;2.11;2.72;5.73
20.01.2021;9:19:52;972.90;28.48;1.24;755.47;2.12;2.74;5.81
20.01.2021;9:20:53;980.94;28.07;1.24;755.46;2.14;2.79;5.96
20.01.2021;9:21:53;984.22;28.39;1.24;755.48;2.14;2.80;6.00
20.01.2021;9:22:53;987.49;28.47;1.27;755.48;2.15;2.80;6.02
20.01.2021;9:23:53;997.79;28.49;1.29;755.48;2.18;2.84;6.18
20.01.2021;9:24:53;1001.79;28.18;1.31;755.47;2.18;2.86;6.25
20.01.2021;9:25:53;1011.64;28.08;1.30;755.46;2.21;2.90;6.39
20.01.2021;9:26:53;1019.15;28.11;1.29;755.45;2.22;2.92;6.50
20.01.2021;9:27:53;1021.86;28.31;1.31;755.45;2.23;2.93;6.53
20.01.2021;9:28:53;1030.61;28.19;1.33;755.47;2.25;2.98;6.70
20.01.2021;9:29:53;1034.55;28.14;1.35;755.47;2.26;2.99;6.75
20.01.2021;9:30:53;1036.14;28.47;1.37;755.47;2.26;2.99;6.75
20.01.2021;9:31:53;1044.45;28.17;1.39;755.48;2.28;3.00;6.84
20.01.2021;9:32:53;1049.29;28.10;1.39;755.49;2.29;3.03;6.91
20.01.2021;9:33:53;1056.78;28.02;1.40;755.50;2.30;3.06;7.03
20.01.2021;9:34:53;1063.71;28.09;1.41;755.50;2.31;3.08;7.13
20.01.2021;9:35:53;1070.76;28.03;1.41;755.51;2.33;3.10;7.22
20.01.2021;9:36:53;1076.16;28.03;1.42;755.52;2.34;3.12;7.30
20.01.2021;9:37:53;1080.42;27.94;1.41;755.51;2.35;3.13;7.35
20.01.2021;9:38:53;1086.40;28.16;1.43;755.52;2.36;3.17;7.48
20.01.2021;9:39:53;1095.92;27.95;1.44;755.54;2.38;3.19;7.61
20.01.2021;9:40:53;1101.08;28.12;1.44;755.54;2.39;3.20;7.67
20.01.2021;9:41:53;1106.74;28.59;1.48;755.54;2.41;3.22;7.74
20.01.2021;9:42:53;1110.81;28.61;1.54;755.53;2.41;3.24;7.81
20.01.2021;9:43:53;1113.55;28.03;1.57;755.52;2.42;3.24;7.82
20.01.2021;9:44:53;1120.10;27.96;1.57;755.51;2.43;3.27;7.93
20.01.2021;9:45:53;1122.76;27.62;1.56;755.50;2.43;3.28;7.98
20.01.2021;9:46:53;1127.99;27.87;1.55;755.50;2.44;3.28;8.00
20.01.2021;9:47:53;1130.89;27.88;1.56;755.50;2.44;3.29;8.04
20.01.2021;9:48:53;1134.41;27.79;1.56;755.50;2.45;3.29;8.07
20.01.2021;9:49:53;1140.56;28.10;1.56;755.52;2.46;3.31;8.14
20.01.2021;9:50:53;1144.65;28.04;1.58;755.54;2.47;3.32;8.20
20.01.2021;9:51:53;1151.51;28.03;1.61;755.56;2.49;3.36;8.38
20.01.2021;9:52:53;1152.76;27.76;1.60;755.56;2.49;3.37;8.40
20.01.2021;9:53:53;1159.99;27.97;1.62;755.57;2.51;3.39;8.50
20.01.2021;9:54:53;1163.74;27.88;1.64;755.58;2.52;3.40;8.54
20.01.2021;9:55:54;1172.43;27.94;1.66;755.60;2.53;3.42;8.67
20.01.2021;9:56:54;1174.33;27.89;1.67;755.61;2.54;3.43;8.70
20.01.2021;9:57:54;1177.92;27.87;1.67;755.60;2.54;3.44;8.76
20.01.2021;9:58:54;1182.84;27.58;1.68;755.61;2.55;3.46;8.83
20.01.2021;9:59:54;1189.54;27.57;1.68;755.61;2.57;3.49;8.96
20.01.2021;10:00:54;1190.83;27.58;1.67;755.63;2.57;3.50;9.00
20.01.2021;10:01:54;1193.69;27.67;1.68;755.64;2.58;3.50;9.03
20.01.2021;10:02:54;1200.35;27.76;1.70;755.66;2.59;3.53;9.16
20.01.2021;10:03:54;1203.63;27.72;1.73;755.67;2.60;3.55;9.25
20.01.2021;10:04:54;1207.99;27.58;1.72;755.69;2.61;3.57;9.31
20.01.2021;10:05:54;1213.57;27.51;1.73;755.71;2.62;3.59;9.42
20.01.2021;10:06:54;1215.79;27.58;1.73;755.69;2.63;3.60;9.45
20.01.2021;10:07:54;1221.10;27.74;1.76;755.70;2.64;3.61;9.51
20.01.2021;10:08:54;1226.24;27.59;1.77;755.69;2.65;3.62;9.59
20.01.2021;10:09:54;1231.17;27.47;1.77;755.70;2.66;3.64;9.68
20.01.2021;10:10:54;1239.69;27.59;1.77;755.70;2.68;3.67;9.82
20.01.2021;10:11:54;1245.68;27.77;1.81;755.69;2.69;3.70;9.96
20.01.2021;10:12:54;1243.95;27.49;1.82;755.69;2.69;3.70;9.95
20.01.2021;10:13:54;1249.08;27.45;1.84;755.70;2.70;3.70;9.99
20.01.2021;10:14:54;1252.56;27.44;1.84;755.70;2.71;3.71;10.03
20.01.2021;10:15:54;1255.92;27.49;1.85;755.70;2.71;3.72;10.10
20.01.2021;10:16:54;1256.19;27.47;1.86;755.69;2.71;3.71;10.07
20.01.2021;10:17:54;1259.15;27.72;1.87;755.70;2.72;3.73;10.15
20.01.2021;10:18:54;1267.79;27.56;1.90;755.70;2.74;3.77;10.33
20.01.2021;10:19:54;1272.77;27.38;1.91;755.70;2.75;3.79;10.41
20.01.2021;10:20:54;1275.46;27.63;1.92;755.70;2.75;3.80;10.44
20.01.2021;10:21:54;1278.26;27.54;1.95;755.70;2.76;3.80;10.47
20.01.2021;10:22:54;1279.99;27.40;1.96;755.68;2.76;3.81;10.50
20.01.2021;10:23:54;1280.44;27.80;1.97;755.66;2.76;3.80;10.49
20.01.2021;10:24:54;1286.24;27.96;2.04;755.67;2.77;3.82;10.57
20.01.2021;10:25:54;1286.26;27.38;2.05;755.66;2.77;3.82;10.58
20.01.2021;10:26:54;1288.25;27.61;2.06;755.66;2.77;3.83;10.62
20.01.2021;10:27:54;1297.82;27.39;2.08;755.67;2.79;3.87;10.79
20.01.2021;10:28:55;1298.65;27.36;2.07;755.66;2.79;3.87;10.83
20.01.2021;10:29:55;1304.11;27.45;2.10;755.66;2.81;3.88;10.91
20.01.2021;10:30:55;1305.46;27.35;2.11;755.64;2.81;3.89;10.94
20.01.2021;10:31:55;1308.81;27.53;2.12;755.63;2.82;3.90;10.98
20.01.2021;10:32:55;1310.97;27.65;2.16;755.62;2.82;3.90;11.01
20.01.2021;10:33:55;1313.71;27.40;2.18;755.62;2.83;3.91;11.05
20.01.2021;10:34:55;1318.04;27.66;2.20;755.61;2.84;3.93;11.13
20.01.2021;10:35:55;1321.60;27.57;2.24;755.58;2.84;3.94;11.20
20.01.2021;10:36:55;1329.83;27.44;2.26;755.58;2.86;3.98;11.39
20.01.2021;10:37:55;1329.46;27.20;2.25;755.57;2.86;3.97;11.37
20.01.2021;10:38:55;1338.26;27.38;2.24;755.57;2.88;4.01;11.54
20.01.2021;10:39:55;1343.09;27.64;2.28;755.57;2.89;4.02;11.60
20.01.2021;10:40:55;1341.93;27.39;2.30;755.56;2.89;4.02;11.60
20.01.2021;10:41:55;1346.71;27.35;2.31;755.56;2.90;4.03;11.67
20.01.2021;10:42:55;1345.47;27.27;2.32;755.55;2.90;4.03;11.67
20.01.2021;10:43:55;1349.46;27.32;2.32;755.55;2.91;4.06;11.78
20.01.2021;10:44:55;1362.63;27.01;2.32;755.56;2.93;4.09;11.99
20.01.2021;10:45:55;1362.42;27.20;2.33;755.58;2.93;4.10;12.03
20.01.2021;10:46:55;1366.60;27.09;2.34;755.58;2.94;4.11;12.09
20.01.2021;10:47:55;1366.24;27.46;2.35;755.58;2.94;4.11;12.10
20.01.2021;10:48:55;1371.34;27.54;2.40;755.61;2.96;4.13;12.20
20.01.2021;10:49:55;1374.67;27.24;2.42;755.62;2.96;4.14;12.28
20.01.2021;10:50:55;1372.69;27.17;2.43;755.62;2.96;4.15;12.30
20.01.2021;10:51:55;1378.54;27.42;2.44;755.60;2.98;4.18;12.46
20.01.2021;10:52:55;1380.00;27.57;2.47;755.58;2.98;4.18;12.47
20.01.2021;10:53:55;1381.58;27.26;2.49;755.57;2.98;4.18;12.46
20.01.2021;10:54:55;1390.21;27.48;2.51;755.57;3.00;4.20;12.61
20.01.2021;10:55:55;1395.82;27.27;2.53;755.57;3.01;4.22;12.71
20.01.2021;10:56:55;1392.88;26.94;2.52;755.56;3.01;4.22;12.70
20.01.2021;10:57:55;1389.37;27.10;2.51;755.53;3.00;4.20;12.62
20.01.2021;10:58:55;1394.68;27.58;2.53;755.53;3.02;4.23;12.74
20.01.2021;10:59:55;1392.40;27.52;2.58;755.52;3.01;4.23;12.73
20.01.2021;11:00:56;1403.71;27.37;2.61;755.54;3.03;4.27;12.94
20.01.2021;11:01:56;1402.64;27.08;2.60;755.55;3.03;4.26;12.93
20.01.2021;11:02:56;1401.58;27.17;2.59;755.55;3.03;4.27;12.95
20.01.2021;11:03:56;1404.45;27.23;2.61;755.55;3.04;4.28;13.00
20.01.2021;11:04:56;1409.46;27.06;2.61;755.55;3.05;4.29;13.09
20.01.2021;11:05:56;1413.02;27.09;2.61;755.56;3.05;4.30;13.13
20.01.2021;11:06:56;1410.85;26.82;2.60;755.54;3.05;4.30;13.10
20.01.2021;11:07:56;1417.18;27.37;2.60;755.54;3.06;4.30;13.15
20.01.2021;11:08:56;1418.47;26.97;2.63;755.54;3.06;4.31;13.18
20.01.2021;11:09:56;1426.07;27.11;2.62;755.56;3.08;4.32;13.28
20.01.2021;11:10:56;1431.74;27.24;2.64;755.55;3.09;4.34;13.40
20.01.2021;11:11:56;1430.81;26.95;2.65;755.55;3.09;4.34;13.41
20.01.2021;11:12:56;1432.11;27.13;2.66;755.57;3.09;4.35;13.46
20.01.2021;11:13:56;1432.54;27.22;2.68;755.58;3.09;4.37;13.50
20.01.2021;11:14:56;1444.19;27.23;2.71;755.56;3.11;4.40;13.70
20.01.2021;11:15:56;1452.10;27.11;2.73;755.55;3.12;4.40;13.76
20.01.2021;11:16:56;1457.72;27.13;2.75;755.55;3.13;4.42;13.84
20.01.2021;11:17:56;1462.19;26.88;2.75;755.57;3.14;4.43;13.91
20.01.2021;11:18:56;1468.04;27.15;2.75;755.55;3.15;4.43;13.98
20.01.2021;11:19:56;1474.46;27.09;2.78;755.53;3.16;4.48;14.18
20.01.2021;11:20:56;1475.81;27.24;2.80;755.53;3.17;4.48;14.20
20.01.2021;11:21:56;1485.81;27.42;2.84;755.55;3.18;4.50;14.32
20.01.2021;11:22:56;1491.09;27.09;2.88;755.55;3.19;4.51;14.40
20.01.2021;11:23:56;1493.39;27.06;2.88;755.55;3.20;4.51;14.43
20.01.2021;11:24:56;1493.81;26.92;2.89;755.56;3.20;4.52;14.47
20.01.2021;11:25:56;1497.57;26.93;2.90;755.55;3.21;4.55;14.59
20.01.2021;11:26:56;1491.17;26.86;2.89;755.53;3.19;4.52;14.40
20.01.2021;11:27:56;1498.09;27.04;2.91;755.52;3.21;4.56;14.62
20.01.2021;11:28:56;1497.43;27.00;2.93;755.54;3.21;4.56;14.61
20.01.2021;11:29:56;1489.42;26.92;2.94;755.56;3.19;4.52;14.45
20.01.2021;11:30:56;1479.04;26.85;2.93;755.55;3.17;4.49;14.25
20.01.2021;11:31:57;1491.40;27.01;2.94;755.54;3.20;4.54;14.53
20.01.2021;11:32:57;1475.99;26.87;2.94;755.54;3.17;4.49;14.24
20.01.2021;11:33:57;1451.00;26.81;2.94;755.53;3.13;4.41;13.81
20.01.2021;11:34:57;1434.13;26.80;2.94;755.52;3.09;4.36;13.48
20.01.2021;11:35:57;1427.54;26.91;2.95;755.53;3.08;4.32;13.32
20.01.2021;11:36:57;1428.44;26.95;2.96;755.52;3.08;4.34;13.36
20.01.2021;11:37:57;1448.01;27.00;2.98;755.53;3.13;4.41;13.80
20.01.2021;11:38:57;1456.43;26.89;2.99;755.53;3.14;4.43;13.92
20.01.2021;11:39:57;1469.63;27.15;3.02;755.54;3.17;4.49;14.24
20.01.2021;11:40:57;1429.13;26.91;3.04;755.54;3.08;4.34;13.36
20.01.2021;11:41:57;1407.31;27.03;3.03;755.54;3.03;4.26;12.89
20.01.2021;11:42:57;1422.30;27.12;3.07;755.51;3.06;4.30;13.14
20.01.2021;11:43:57;1461.00;27.12;3.09;755.50;3.14;4.44;13.97
20.01.2021;11:44:57;1481.37;27.05;3.12;755.48;3.19;4.52;14.41
20.01.2021;11:45:57;1477.12;27.04;3.14;755.46;3.18;4.50;14.30
20.01.2021;11:46:57;1473.54;27.15;3.18;755.46;3.16;4.47;14.12
20.01.2021;11:47:57;1444.83;26.87;3.19;755.43;3.09;4.35;13.44
20.01.2021;11:48:57;1478.72;26.97;3.19;755.43;3.18;4.49;14.27
20.01.2021;11:49:57;1483.38;26.72;3.20;755.43;3.19;4.51;14.40
20.01.2021;11:50:57;1489.14;26.67;3.20;755.41;3.20;4.53;14.49
20.01.2021;11:51:57;1491.00;26.95;3.20;755.40;3.20;4.54;14.55
20.01.2021;11:52:57;1492.25;27.02;3.23;755.39;3.21;4.56;14.64
20.01.2021;11:53:57;1496.67;26.84;3.26;755.39;3.21;4.58;14.71
20.01.2021;11:54:57;1501.75;26.90;3.25;755.39;3.22;4.58;14.77
20.01.2021;11:55:57;1503.72;26.95;3.28;755.40;3.23;4.59;14.83
20.01.2021;11:56:57;1504.10;26.89;3.31;755.40;3.23;4.60;14.85
20.01.2021;11:57:57;1503.89;26.88;3.34;755.40;3.23;4.59;14.84
20.01.2021;11:58:57;1502.31;26.65;3.34;755.38;3.23;4.59;14.81
20.01.2021;11:59:57;1498.98;26.89;3.34;755.36;3.22;4.59;14.80
20.01.2021;12:00:57;1499.03;26.81;3.36;755.37;3.22;4.59;14.78
20.01.2021;12:01:57;1506.61;26.74;3.37;755.36;3.24;4.60;14.89
20.01.2021;12:02:58;1511.88;26.84;3.39;755.37;3.24;4.60;14.92
20.01.2021;12:03:58;1514.06;26.80;3.41;755.37;3.25;4.61;14.97
20.01.2021;12:04:58;1513.57;26.77;3.42;755.36;3.25;4.61;14.95
20.01.2021;12:05:58;1510.32;26.89;3.45;755.33;3.24;4.61;14.92
20.01.2021;12:06:58;1511.68;26.79;3.49;755.33;3.24;4.61;14.94
20.01.2021;12:07:58;1515.10;26.68;3.49;755.34;3.25;4.61;14.98
20.01.2021;12:08:58;1516.25;26.61;3.49;755.33;3.25;4.61;14.98
20.01.2021;12:09:58;1511.96;26.81;3.51;755.31;3.24;4.60;14.87
20.01.2021;12:10:58;1515.36;26.80;3.54;755.30;3.24;4.61;14.96
20.01.2021;12:11:58;1524.65;26.58;3.55;755.29;3.26;4.64;15.14
20.01.2021;12:12:58;1522.93;26.70;3.55;755.27;3.26;4.63;15.09
20.01.2021;12:13:58;1521.34;26.53;3.55;755.27;3.26;4.63;15.08
20.01.2021;12:14:58;1529.97;26.77;3.57;755.28;3.27;4.66;15.24
20.01.2021;12:15:58;1533.11;26.68;3.61;755.30;3.27;4.67;15.30
20.01.2021;12:16:58;1533.97;26.51;3.61;755.30;3.28;4.66;15.29
20.01.2021;12:17:58;1544.39;26.63;3.61;755.29;3.30;4.70;15.50
20.01.2021;12:18:58;1549.93;26.68;3.65;755.29;3.31;4.72;15.60
20.01.2021;12:19:58;1549.64;26.64;3.67;755.28;3.31;4.71;15.59
20.01.2021;12:20:58;1536.86;26.61;3.67;755.27;3.28;4.68;15.34
20.01.2021;12:21:58;1530.55;26.58;3.69;755.27;3.26;4.65;15.18
20.01.2021;12:22:58;1532.76;26.53;3.69;755.29;3.27;4.66;15.22
20.01.2021;12:23:58;1539.59;26.61;3.71;755.29;3.28;4.68;15.35
20.01.2021;12:24:58;1541.15;26.60;3.73;755.28;3.29;4.68;15.39
20.01.2021;12:25:58;1540.33;26.57;3.75;755.30;3.28;4.68;15.37
20.01.2021;12:26:58;1526.40;26.49;3.76;755.29;3.25;4.62;15.00
20.01.2021;12:27:58;1528.62;26.53;3.76;755.28;3.26;4.63;15.09
20.01.2021;12:28:58;1546.37;26.58;3.78;755.27;3.29;4.69;15.47
20.01.2021;12:29:58;1565.43;26.42;3.80;755.26;3.33;4.75;15.83
20.01.2021;12:30:58;1573.74;26.48;3.81;755.28;3.33;4.76;15.86
20.01.2021;12:31:58;1556.26;26.36;3.80;755.25;3.30;4.70;15.50
20.01.2021;12:32:58;1523.47;26.37;3.78;755.23;3.22;4.57;14.74
20.01.2021;12:33:59;1519.86;26.38;3.79;755.22;3.22;4.57;14.71
20.01.2021;12:34:59;1536.38;26.41;3.78;755.21;3.25;4.61;14.99
20.01.2021;12:35:59;1562.19;26.35;3.78;755.21;3.30;4.70;15.50
20.01.2021;12:36:59;1570.94;26.40;3.79;755.22;3.32;4.74;15.72
20.01.2021;12:37:59;1576.18;26.34;3.80;755.22;3.34;4.77;15.92
20.01.2021;12:38:59;1560.95;26.38;3.81;755.19;3.31;4.71;15.57
20.01.2021;12:39:59;1569.88;26.34;3.81;755.21;3.32;4.74;15.72
20.01.2021;12:40:59;1572.61;26.39;3.83;755.20;3.33;4.76;15.84
20.01.2021;12:41:59;1545.68;26.27;3.82;755.20;3.28;4.68;15.33
20.01.2021;12:42:59;1542.94;26.36;3.83;755.20;3.28;4.68;15.33
20.01.2021;12:43:59;1550.81;26.23;3.83;755.16;3.30;4.71;15.54
20.01.2021;12:44:59;1547.61;26.26;3.84;755.16;3.30;4.69;15.47
20.01.2021;12:45:59;1535.30;26.33;3.84;755.18;3.27;4.65;15.22
20.01.2021;12:46:59;1493.26;26.27;3.85;755.19;3.18;4.51;14.31
20.01.2021;12:47:59;1483.88;26.21;3.84;755.20;3.16;4.47;14.11
20.01.2021;12:48:59;1514.25;26.26;3.81;755.21;3.22;4.57;14.73
20.01.2021;12:49:59;1538.62;26.24;3.80;755.20;3.26;4.64;15.12
20.01.2021;12:50:59;1546.20;26.44;3.81;755.20;3.28;4.67;15.28
20.01.2021;12:51:59;1552.90;26.48;3.84;755.16;3.28;4.68;15.35
20.01.2021;12:52:59;1581.58;26.41;3.86;755.15;3.33;4.76;15.86
20.01.2021;12:53:59;1624.31;26.45;3.89;755.17;3.42;4.91;16.79
20.01.2021;12:54:59;1650.46;26.46;3.91;755.17;3.47;4.97;17.26
20.01.2021;12:55:59;1659.75;26.42;3.94;755.17;3.49;5.00;17.44
20.01.2021;12:56:59;1650.87;26.47;3.97;755.16;3.47;4.98;17.28
20.01.2021;12:57:59;1650.66;26.43;3.99;755.16;3.47;4.97;17.25
20.01.2021;12:58:59;1652.65;26.41;4.02;755.16;3.47;4.98;17.27
20.01.2021;12:59:59;1635.69;26.23;4.04;755.15;3.43;4.92;16.90
20.01.2021;13:00:59;1611.69;26.28;4.05;755.15;3.38;4.84;16.36
20.01.2021;13:01:59;1598.14;26.25;4.04;755.15;3.35;4.79;16.04
20.01.2021;13:02:59;1595.85;26.27;4.05;755.15;3.34;4.77;15.94
20.01.2021;13:04:00;1614.74;26.30;4.06;755.14;3.38;4.83;16.30
20.01.2021;13:05:00;1646.51;26.31;4.09;755.13;3.44;4.94;16.98
20.01.2021;13:06:00;1657.36;26.26;4.11;755.13;3.46;4.98;17.22
20.01.2021;13:07:00;1636.76;26.19;4.13;755.13;3.43;4.93;16.91
20.01.2021;13:08:00;1529.35;26.17;4.12;755.14;3.21;4.56;14.63
20.01.2021;13:09:00;1532.67;26.20;4.12;755.13;3.21;4.57;14.67
20.01.2021;13:10:00;1599.51;26.13;4.12;755.14;3.35;4.79;16.05
20.01.2021;13:11:00;1647.50;26.05;4.12;755.14;3.44;4.94;16.99
20.01.2021;13:12:00;1685.42;26.15;4.13;755.14;3.50;5.05;17.69
20.01.2021;13:13:00;1726.04;26.12;4.16;755.14;3.57;5.14;18.36
20.01.2021;13:14:00;1739.76;26.10;4.18;755.14;3.59;5.18;18.57
20.01.2021;13:15:00;1742.18;26.14;4.21;755.14;3.58;5.15;18.43
20.01.2021;13:16:00;1749.26;25.99;4.22;755.15;3.59;5.18;18.59
20.01.2021;13:17:00;1749.50;26.01;4.22;755.15;3.58;5.17;18.54
20.01.2021;13:18:00;1744.32;25.87;4.21;755.14;3.57;5.17;18.47
20.01.2021;13:19:00;1752.89;25.96;4.22;755.14;3.59;5.18;18.60
20.01.2021;13:20:00;1749.24;25.92;4.23;755.12;3.58;5.18;18.55
20.01.2021;13:21:00;1768.67;25.94;4.25;755.10;3.61;5.22;18.87
20.01.2021;13:22:00;1805.17;26.02;4.28;755.10;3.68;5.34;19.64
20.01.2021;13:23:00;1819.71;25.98;4.31;755.08;3.71;5.38;19.96
20.01.2021;13:24:00;1787.85;25.99;4.36;755.09;3.65;5.29;19.30
20.01.2021;13:25:00;1794.82;25.98;4.37;755.10;3.67;5.31;19.45
20.01.2021;13:26:00;1812.74;25.95;4.40;755.08;3.70;5.37;19.85
20.01.2021;13:27:00;1786.85;25.96;4.41;755.09;3.64;5.28;19.21
20.01.2021;13:28:00;1786.38;25.96;4.42;755.08;3.64;5.27;19.18
20.01.2021;13:29:00;1802.42;25.87;4.44;755.08;3.66;5.31;19.45
20.01.2021;13:30:00;1833.79;25.85;4.46;755.07;3.71;5.39;20.01
20.01.2021;13:31:00;1868.90;25.85;4.50;755.08;3.78;5.48;20.69
20.01.2021;13:32:00;1884.94;25.82;4.52;755.08;3.80;5.52;20.99
20.01.2021;13:33:00;1886.74;25.80;4.54;755.08;3.81;5.54;21.09
20.01.2021;13:34:00;1878.86;25.78;4.56;755.07;3.80;5.52;20.97
20.01.2021;13:35:01;1863.87;25.69;4.58;755.06;3.78;5.49;20.73
20.01.2021;13:36:01;1859.14;25.70;4.59;755.05;3.77;5.48;20.68
20.01.2021;13:37:01;1865.10;25.74;4.63;755.03;3.79;5.50;20.80
20.01.2021;13:38:01;1867.29;25.68;4.64;755.01;3.80;5.51;20.89
20.01.2021;13:39:01;1876.31;25.69;4.65;755.03;3.81;5.54;21.12
20.01.2021;13:40:01;1873.00;25.68;4.68;755.01;3.81;5.55;21.16
20.01.2021;13:41:01;1860.65;25.65;4.70;754.99;3.80;5.52;21.00
20.01.2021;13:42:01;1848.59;25.63;4.73;755.00;3.79;5.50;20.85
20.01.2021;13:43:01;1834.15;25.58;4.74;755.01;3.77;5.47;20.65
20.01.2021;13:44:01;1812.63;25.53;4.75;755.00;3.74;5.42;20.29
20.01.2021;13:45:01;1794.54;25.57;4.75;755.00;3.72;5.39;20.07
20.01.2021;13:46:01;1778.74;25.58;4.75;755.00;3.70;5.38;19.89
20.01.2021;13:47:01;1766.44;25.53;4.74;755.00;3.68;5.33;19.60
20.01.2021;13:48:01;1759.65;25.54;4.73;755.01;3.67;5.30;19.47
20.01.2021;13:49:01;1753.45;25.59;4.74;755.01;3.67;5.30;19.44
20.01.2021;13:50:01;1743.79;25.59;4.74;755.00;3.65;5.29;19.33
20.01.2021;13:51:01;1732.86;25.52;4.73;755.01;3.64;5.27;19.17
20.01.2021;13:52:01;1723.94;25.54;4.73;755.01;3.63;5.24;18.99
20.01.2021;13:53:01;1703.18;25.55;4.72;755.01;3.59;5.18;18.62
20.01.2021;13:54:01;1683.94;25.58;4.72;755.02;3.56;5.13;18.25
20.01.2021;13:55:01;1681.10;25.58;4.71;755.02;3.56;5.13;18.28
20.01.2021;13:56:01;1671.91;25.56;4.71;755.03;3.55;5.10;18.11
20.01.2021;13:57:01;1665.79;25.57;4.69;755.02;3.54;5.10;18.04
20.01.2021;13:58:01;1658.86;25.63;4.71;755.02;3.51;5.06;17.76
20.01.2021;13:59:01;1669.49;25.62;4.71;755.02;3.52;5.06;17.80
20.01.2021;14:00:01;1681.92;25.62;4.70;755.00;3.54;5.10;18.04
20.01.2021;14:01:01;1696.44;25.62;4.70;754.99;3.57;5.15;18.39
20.01.2021;14:02:01;1688.93;25.62;4.70;754.97;3.56;5.13;18.27
20.01.2021;14:03:01;1688.88;25.64;4.71;754.94;3.56;5.12;18.24
20.01.2021;14:04:01;1700.64;25.63;4.70;754.91;3.58;5.18;18.56
20.01.2021;14:05:02;1711.28;25.65;4.70;754.89;3.60;5.20;18.71
20.01.2021;14:06:02;1710.88;25.62;4.71;754.87;3.60;5.20;18.73
20.01.2021;14:07:02;1689.33;25.63;4.72;754.87;3.56;5.14;18.31
20.01.2021;14:08:02;1675.64;25.66;4.72;754.88;3.54;5.10;18.06
20.01.2021;14:09:02;1665.27;25.63;4.71;754.87;3.52;5.07;17.89
20.01.2021;14:10:02;1665.21;25.62;4.70;754.85;3.54;5.11;18.07
20.01.2021;14:11:02;1677.03;25.66;4.71;754.84;3.57;5.16;18.42
20.01.2021;14:12:02;1670.51;25.66;4.71;754.84;3.56;5.12;18.24
20.01.2021;14:13:02;1663.12;25.67;4.70;754.86;3.55;5.11;18.15
20.01.2021;14:14:02;1656.31;25.64;4.68;754.88;3.54;5.10;18.03
20.01.2021;14:15:02;1653.21;25.64;4.67;754.88;3.53;5.10;18.01
20.01.2021;14:16:02;1655.32;25.68;4.66;754.90;3.54;5.10;18.05
20.01.2021;14:17:02;1654.35;25.65;4.66;754.91;3.54;5.10;18.04
20.01.2021;14:18:02;1649.65;25.68;4.66;754.91;3.53;5.09;17.97
20.01.2021;14:19:02;1641.07;25.70;4.66;754.90;3.52;5.06;17.80
20.01.2021;14:20:02;1631.24;25.73;4.67;754.88;3.51;5.03;17.65
20.01.2021;14:21:02;1617.37;25.73;4.67;754.88;3.49;5.01;17.46
20.01.2021;14:22:02;1603.17;25.70;4.67;754.87;3.47;4.98;17.29
20.01.2021;14:23:02;1587.95;25.71;4.66;754.87;3.45;4.94;17.04
20.01.2021;14:24:02;1573.69;25.72;4.68;754.87;3.43;4.91;16.85
20.01.2021;14:25:02;1559.57;25.69;4.70;754.87;3.41;4.88;16.65
20.01.2021;14:26:02;1548.57;25.69;4.69;754.88;3.39;4.87;16.51
20.01.2021;14:27:02;1541.53;25.72;4.68;754.89;3.38;4.84;16.38
20.01.2021;14:28:02;1526.40;25.66;4.69;754.90;3.36;4.80;16.12
20.01.2021;14:29:02;1502.57;25.69;4.66;754.89;3.32;4.73;15.69
20.01.2021;14:30:02;1479.62;25.72;4.65;754.88;3.28;4.68;15.37
20.01.2021;14:31:02;1453.74;25.77;4.65;754.87;3.24;4.60;14.92
20.01.2021;14:32:02;1433.40;25.74;4.63;754.87;3.22;4.57;14.70
20.01.2021;14:33:02;1412.84;25.74;4.61;754.88;3.19;4.51;14.37
20.01.2021;14:34:02;1400.39;25.80;4.59;754.87;3.17;4.50;14.27
20.01.2021;14:35:03;1385.24;25.83;4.57;754.87;3.15;4.45;14.03
20.01.2021;14:36:03;1367.11;25.85;4.55;754.87;3.12;4.40;13.73
20.01.2021;14:37:03;1345.33;25.87;4.55;754.87;3.08;4.34;13.37
20.01.2021;14:38:03;1321.94;25.86;4.54;754.89;3.03;4.26;12.93
20.01.2021;14:39:03;1303.94;25.91;4.53;754.89;3.00;4.21;12.64
20.01.2021;14:40:03;1279.94;25.93;4.50;754.89;2.96;4.14;12.26
20.01.2021;14:41:03;1254.61;25.98;4.48;754.88;2.91;4.07;11.82
20.01.2021;14:42:03;1237.81;25.99;4.47;754.89;2.88;4.01;11.54
20.01.2021;14:43:03;1228.01;26.02;4.47;754.89;2.87;4.00;11.49
20.01.2021;14:44:03;1212.99;26.03;4.44;754.89;2.85;3.96;11.29
20.01.2021;14:45:03;1194.14;26.05;4.43;754.90;2.81;3.89;10.94
20.01.2021;14:46:03;1176.06;26.08;4.42;754.91;2.78;3.83;10.62
20.01.2021;14:47:03;1151.02;26.12;4.38;754.91;2.72;3.75;10.20
20.01.2021;14:48:03;1130.89;26.12;4.35;754.91;2.67;3.68;9.85
20.01.2021;14:49:03;1105.81;26.15;4.31;754.90;2.61;3.57;9.33
20.01.2021;14:50:03;1088.83;26.19;4.28;754.90;2.58;3.50;9.02
20.01.2021;14:51:03;1082.56;26.23;4.26;754.89;2.57;3.50;9.01
20.01.2021;14:52:03;1079.45;26.26;4.22;754.88;2.58;3.51;9.07
20.01.2021;14:53:03;1071.50;26.32;4.20;754.87;2.57;3.51;9.03
20.01.2021;14:54:03;1061.75;26.31;4.19;754.87;2.56;3.48;8.90
20.01.2021;14:55:03;1050.17;26.37;4.16;754.88;2.53;3.44;8.71
20.01.2021;14:56:03;1039.06;26.39;4.13;754.88;2.51;3.41;8.58
20.01.2021;14:57:03;1032.33;26.43;4.10;754.89;2.51;3.40;8.52
20.01.2021;14:58:03;1024.49;26.43;4.10;754.90;2.49;3.38;8.41
20.01.2021;14:59:03;1012.03;26.45;4.07;754.89;2.46;3.31;8.16
20.01.2021;15:00:03;997.49;26.53;4.05;754.90;2.43;3.27;7.93
20.01.2021;15:01:03;988.03;26.56;4.04;754.90;2.41;3.24;7.83
20.01.2021;15:02:03;980.66;26.60;4.01;754.89;2.40;3.21;7.71
20.01.2021;15:03:03;972.50;26.56;3.99;754.89;2.39;3.20;7.65
20.01.2021;15:04:03;960.17;26.61;3.96;754.88;2.37;3.17;7.51
20.01.2021;15:05:03;949.47;26.66;3.92;754.88;2.35;3.12;7.30
20.01.2021;15:06:03;944.49;26.74;3.90;754.89;2.34;3.12;7.31
20.01.2021;15:07:04;944.55;26.75;3.90;754.87;2.36;3.16;7.47
20.01.2021;15:08:04;941.72;26.83;3.89;754.87;2.37;3.18;7.54
20.01.2021;15:09:04;935.75;26.86;3.88;754.88;2.36;3.17;7.51
20.01.2021;15:10:04;925.85;26.89;3.87;754.88;2.35;3.13;7.33
20.01.2021;15:11:04;916.37;26.90;3.86;754.89;2.33;3.10;7.23
20.01.2021;15:12:04;905.12;26.94;3.86;754.89;2.31;3.08;7.11
20.01.2021;15:13:04;892.17;26.93;3.84;754.90;2.28;3.03;6.91
20.01.2021;15:14:04;878.18;26.96;3.83;754.90;2.25;2.98;6.70
20.01.2021;15:15:04;861.86;26.90;3.81;754.90;2.21;2.90;6.41
20.01.2021;15:16:04;843.23;26.98;3.78;754.90;2.16;2.83;6.11
20.01.2021;15:17:04;824.71;27.06;3.76;754.90;2.11;2.74;5.79
20.01.2021;15:18:04;807.93;27.05;3.75;754.92;2.07;2.67;5.52
20.01.2021;15:19:04;791.60;27.02;3.72;754.90;2.02;2.57;5.18
20.01.2021;15:20:04;776.57;27.09;3.69;754.91;1.96;2.46;4.83
20.01.2021;15:21:04;765.04;27.14;3.67;754.92;1.93;2.40;4.63
20.01.2021;15:22:04;756.42;27.16;3.65;754.92;1.91;2.36;4.51
20.01.2021;15:23:04;748.69;27.22;3.62;754.94;1.90;2.32;4.41
20.01.2021;15:24:04;741.21;27.24;3.59;754.94;1.88;2.30;4.33
20.01.2021;15:25:04;737.43;27.30;3.56;754.93;1.88;2.30;4.32
20.01.2021;15:26:04;733.84;27.34;3.54;754.93;1.88;2.29;4.29
20.01.2021;15:27:04;728.92;27.41;3.52;754.94;1.87;2.29;4.29
20.01.2021;15:28:04;723.49;27.40;3.50;754.95;1.87;2.28;4.26
20.01.2021;15:29:04;719.22;27.40;3.48;754.96;1.86;2.28;4.24
20.01.2021;15:30:04;715.42;27.49;3.46;754.95;1.86;2.28;4.23
20.01.2021;15:31:04;711.54;27.46;3.44;754.93;1.86;2.28;4.23
20.01.2021;15:32:04;707.88;27.55;3.42;754.92;1.86;2.27;4.23
20.01.2021;15:33:04;704.34;27.61;3.40;754.90;1.86;2.27;4.22
20.01.2021;15:34:04;701.03;27.62;3.39;754.88;1.86;2.27;4.22
20.01.2021;15:35:04;694.42;27.65;3.37;754.90;1.85;2.24;4.15
20.01.2021;15:36:04;684.64;27.65;3.36;754.91;1.83;2.21;4.05
20.01.2021;15:37:04;672.58;27.62;3.33;754.91;1.81;2.19;3.97
20.01.2021;15:38:04;659.07;27.68;3.31;754.92;1.78;2.14;3.80
20.01.2021;15:39:04;644.60;27.72;3.27;754.93;1.75;2.12;3.70
20.01.2021;15:40:04;628.93;27.81;3.25;754.94;1.71;2.10;3.59
20.01.2021;15:41:04;614.08;27.86;3.24;754.95;1.68;2.06;3.46
20.01.2021;15:42:04;599.72;27.86;3.22;754.96;1.64;2.01;3.30
20.01.2021;15:43:05;585.89;27.89;3.20;754.96;1.61;1.98;3.19
20.01.2021;15:44:05;571.94;27.87;3.18;754.96;1.58;1.92;3.03
20.01.2021;15:45:05;557.26;27.92;3.14;754.97;1.55;1.85;2.86
20.01.2021;15:46:05;542.99;27.95;3.12;754.97;1.51;1.80;2.72
20.01.2021;15:47:05;529.60;28.01;3.10;754.97;1.48;1.75;2.59
20.01.2021;15:48:05;517.01;27.96;3.08;754.99;1.46;1.70;2.48
20.01.2021;15:49:05;504.19;28.12;3.06;755.01;1.43;1.67;2.39
20.01.2021;15:50:05;490.52;28.15;3.04;755.04;1.40;1.61;2.26
20.01.2021;15:51:05;475.93;28.21;3.03;755.05;1.37;1.58;2.17
20.01.2021;15:52:05;461.19;28.27;3.02;755.06;1.34;1.52;2.04
20.01.2021;15:53:05;447.58;28.27;3.01;755.05;1.31;1.46;1.92
20.01.2021;15:54:05;434.74;28.29;3.01;755.04;1.29;1.43;1.84
20.01.2021;15:55:05;422.25;28.28;3.00;755.06;1.27;1.41;1.78
20.01.2021;15:56:05;409.51;28.31;2.98;755.06;1.25;1.36;1.70
20.01.2021;15:57:05;398.45;28.35;2.97;755.06;1.23;1.33;1.64
20.01.2021;15:58:05;387.46;28.37;2.96;755.09;1.21;1.30;1.57
20.01.2021;15:59:05;374.58;28.40;2.94;755.08;1.18;1.26;1.49
20.01.2021;16:00:05;358.89;28.39;2.93;755.08;1.14;1.19;1.36
20.01.2021;16:01:05;341.18;28.44;2.91;755.08;1.09;1.09;1.19
20.01.2021;16:02:05;323.08;28.52;2.89;755.07;1.03;1.01;1.04
20.01.2021;16:03:05;306.63;28.51;2.89;755.09;0.98;0.92;0.90
20.01.2021;16:04:05;290.20;28.50;2.87;755.09;0.93;0.83;0.77
20.01.2021;16:05:05;274.54;28.56;2.86;755.10;0.87;0.74;0.65
20.01.2021;16:06:05;258.79;28.58;2.84;755.11;0.82;0.67;0.55
20.01.2021;16:07:05;243.67;28.49;2.81;755.12;0.77;0.58;0.45
20.01.2021;16:08:05;229.26;28.65;2.78;755.12;0.72;0.50;0.36
20.01.2021;16:09:05;215.14;28.62;2.76;755.12;0.67;0.42;0.28
20.01.2021;16:10:05;201.31;28.64;2.73;755.14;0.63;0.36;0.23
20.01.2021;16:11:05;188.74;28.67;2.71;755.15;0.58;0.29;0.17
20.01.2021;16:12:05;177.46;28.72;2.69;755.15;0.55;0.21;0.12
20.01.2021;16:13:05;167.79;28.82;2.68;755.13;0.52;0.18;0.09
20.01.2021;16:14:05;159.19;28.87;2.68;755.12;0.49;0.12;0.06
20.01.2021;16:15:05;150.51;28.88;2.67;755.12;0.47;0.08;0.04
20.01.2021;16:16:05;141.29;28.94;2.66;755.11;0.44;0.02;0.01
20.01.2021;16:17:05;132.32;28.95;2.67;755.12;0.41;0.00;0.00
20.01.2021;16:18:05;123.82;28.96;2.66;755.14;0.38;0.00;0.00
20.01.2021;16:19:05;115.90;29.00;2.66;755.13;0.36;0.00;0.00
20.01.2021;16:20:06;108.19;29.00;2.66;755.15;0.33;0.00;0.00
20.01.2021;16:21:06;100.71;28.98;2.66;755.14;0.30;0.00;0.00
20.01.2021;16:22:06;93.88;28.94;2.64;755.11;0.28;0.00;0.00
20.01.2021;16:23:06;87.18;29.03;2.64;755.09;0.25;0.00;0.00
20.01.2021;16:24:06;80.74;29.04;2.65;755.07;0.23;0.00;0.00
20.01.2021;16:25:06;74.60;29.03;2.65;755.08;0.21;0.00;0.00
20.01.2021;16:26:06;68.62;29.06;2.64;755.09;0.19;0.00;0.00
20.01.2021;16:27:06;62.89;29.05;2.63;755.09;0.16;0.00;0.00
20.01.2021;16:28:06;57.73;29.10;2.62;755.10;0.14;0.00;0.00
20.01.2021;16:29:06;52.85;29.13;2.61;755.11;0.13;0.00;0.00
20.01.2021;16:30:06;48.36;29.15;2.61;755.14;0.11;0.00;0.00
20.01.2021;16:31:06;44.25;29.13;2.61;755.15;0.10;0.00;0.00
20.01.2021;16:32:06;40.36;29.15;2.60;755.16;0.08;0.00;0.00
20.01.2021;16:33:06;36.71;29.16;2.59;755.17;0.07;0.00;0.00
20.01.2021;16:34:06;33.38;29.17;2.59;755.17;0.06;0.00;0.00
20.01.2021;16:35:06;30.31;29.17;2.59;755.19;0.05;0.00;0.00
20.01.2021;16:36:06;27.39;29.18;2.58;755.17;0.04;0.00;0.00
20.01.2021;16:37:06;24.68;29.20;2.58;755.18;0.03;0.00;0.00
20.01.2021;16:38:06;22.22;29.20;2.58;755.17;0.02;0.00;0.00
20.01.2021;16:39:06;19.97;29.17;2.57;755.16;0.01;0.00;0.00
20.01.2021;16:40:06;17.94;29.22;2.57;755.16;0.00;0.00;0.00
20.01.2021;16:41:06;16.08;29.21;2.57;755.16;0.00;0.00;0.00
20.01.2021;16:42:06;14.44;29.26;2.57;755.15;0.00;0.00;0.00
20.01.2021;16:43:06;12.96;29.22;2.57;755.15;0.00;0.00;0.00
20.01.2021;16:44:06;11.69;29.26;2.57;755.14;0.00;0.00;0.00
20.01.2021;16:45:06;10.51;29.25;2.58;755.14;0.00;0.00;0.00
20.01.2021;16:46:06;9.53;29.25;2.57;755.12;0.00;0.00;0.00
20.01.2021;16:47:06;8.62;29.28;2.57;755.10;0.00;0.00;0.00
20.01.2021;16:48:06;7.81;29.28;2.58;755.12;0.00;0.00;0.00
20.01.2021;16:49:06;7.07;29.25;2.58;755.12;0.00;0.00;0.00
20.01.2021;16:50:06;6.58;29.26;2.59;755.15;0.00;0.00;0.00
20.01.2021;16:51:06;5.86;29.27;2.58;755.16;0.00;0.00;0.00
20.01.2021;16:52:06;5.57;29.29;2.58;755.15;0.00;0.00;0.00
20.01.2021;16:53:06;5.00;29.31;2.58;755.15;0.00;0.00;0.00
20.01.2021;16:54:06;5.00;29.32;2.58;755.16;0.00;0.00;0.00
20.01.2021;16:55:06;4.35;29.26;2.58;755.15;0.00;0.00;0.00
20.01.2021;16:56:06;4.17;29.26;2.57;755.13;0.00;0.00;0.00
20.01.2021;16:57:06;4.17;29.31;2.57;755.14;0.00;0.00;0.00
20.01.2021;16:58:06;4.17;29.34;2.57;755.12;0.00;0.00;0.00
20.01.2021;16:59:06;4.10;29.31;2.56;755.13;0.00;0.00;0.00
20.01.2021;17:00:06;3.36;29.31;2.56;755.13;0.00;0.00;0.00
20.01.2021;17:01:06;3.33;29.36;2.56;755.13;0.00;0.00;0.00
20.01.2021;17:02:07;3.35;29.33;2.56;755.12;0.00;0.00;0.00
20.01.2021;17:03:07;3.33;29.31;2.56;755.12;0.00;0.00;0.00
20.01.2021;17:04:07;3.33;29.34;2.57;755.14;0.00;0.00;0.00
20.01.2021;17:05:07;3.35;29.34;2.56;755.14;0.00;0.00;0.00
20.01.2021;17:06:07;3.33;29.38;2.56;755.15;0.00;0.00;0.00
20.01.2021;17:07:07;3.33;29.35;2.55;755.15;0.00;0.00;0.00
20.01.2021;17:08:07;3.33;29.36;2.55;755.14;0.00;0.00;0.00
20.01.2021;17:09:07;3.33;29.34;2.55;755.13;0.00;0.00;0.00
20.01.2021;17:10:07;3.33;29.39;2.56;755.15;0.00;0.00;0.00
20.01.2021;17:11:07;3.33;29.38;2.56;755.15;0.00;0.00;0.00
20.01.2021;17:12:07;3.33;29.36;2.56;755.16;0.00;0.00;0.00
20.01.2021;17:13:07;3.33;29.36;2.56;755.17;0.00;0.00;0.00
20.01.2021;17:14:07;3.33;29.40;2.56;755.17;0.00;0.00;0.00
20.01.2021;17:15:07;3.31;29.42;2.56;755.15;0.00;0.00;0.00
20.01.2021;17:16:07;3.35;29.45;2.56;755.14;0.00;0.00;0.00
20.01.2021;17:17:07;3.32;29.43;2.57;755.14;0.00;0.00;0.00
20.01.2021;17:18:07;3.29;29.38;2.58;755.15;0.00;0.00;0.00
20.01.2021;17:19:07;3.32;29.40;2.58;755.15;0.00;0.00;0.00
20.01.2021;17:20:07;3.33;29.41;2.58;755.14;0.00;0.00;0.00
20.01.2021;17:21:07;3.31;29.41;2.59;755.14;0.00;0.00;0.00
20.01.2021;17:22:07;3.32;29.40;2.59;755.14;0.00;0.00;0.00
20.01.2021;17:23:07;3.32;29.40;2.59;755.17;0.00;0.00;0.00
20.01.2021;17:24:07;3.32;29.40;2.59;755.16;0.00;0.00;0.00
20.01.2021;17:25:07;3.33;29.39;2.59;755.18;0.00;0.00;0.00
20.01.2021;17:26:07;3.33;29.40;2.60;755.19;0.00;0.00;0.00
20.01.2021;17:27:07;3.33;29.40;2.59;755.19;0.00;0.00;0.00
20.01.2021;17:28:07;3.33;29.38;2.58;755.20;0.00;0.00;0.00
20.01.2021;17:29:07;3.33;29.37;2.57;755.21;0.00;0.00;0.00
20.01.2021;17:30:07;3.35;29.44;2.57;755.21;0.00;0.00;0.00
20.01.2021;17:31:07;3.33;29.45;2.58;755.20;0.00;0.00;0.00
20.01.2021;17:32:07;3.33;29.44;2.58;755.19;0.00;0.00;0.00
20.01.2021;17:33:07;3.33;29.41;2.59;755.19;0.00;0.00;0.00
20.01.2021;17:34:07;3.32;29.36;2.58;755.19;0.00;0.00;0.00
20.01.2021;17:35:07;3.32;29.45;2.58;755.19;0.00;0.00;0.00
20.01.2021;17:36:07;3.22;29.45;2.59;755.19;0.00;0.00;0.00
20.01.2021;17:37:07;3.28;29.45;2.59;755.18;0.00;0.00;0.00
20.01.2021;17:38:07;3.26;29.47;2.59;755.16;0.00;0.00;0.00
20.01.2021;17:39:07;3.22;29.48;2.60;755.15;0.00;0.00;0.00
20.01.2021;17:40:07;3.22;29.43;2.61;755.16;0.00;0.00;0.00
20.01.2021;17:41:07;3.24;29.43;2.61;755.14;0.00;0.00;0.00
20.01.2021;17:42:07;3.22;29.43;2.62;755.14;0.00;0.00;0.00
20.01.2021;17:43:07;3.16;29.42;2.63;755.13;0.00;0.00;0.00
20.01.2021;17:44:07;3.14;29.42;2.64;755.13;0.00;0.00;0.00
20.01.2021;17:45:08;3.21;29.41;2.64;755.11;0.00;0.00;0.00
20.01.2021;17:46:08;3.04;29.42;2.63;755.09;0.00;0.00;0.00
20.01.2021;17:47:08;3.03;29.41;2.63;755.10;0.00;0.00;0.00
20.01.2021;17:48:08;2.94;29.40;2.65;755.11;0.00;0.00;0.00
20.01.2021;17:49:08;2.91;29.40;2.65;755.11;0.00;0.00;0.00
20.01.2021;17:50:08;2.90;29.42;2.66;755.11;0.00;0.00;0.00
20.01.2021;17:51:08;2.81;29.39;2.66;755.11;0.00;0.00;0.00
20.01.2021;17:52:08;2.97;29.40;2.66;755.12;0.00;0.00;0.00
20.01.2021;17:53:08;2.94;29.39;2.66;755.13;0.00;0.00;0.00
20.01.2021;17:54:08;2.91;29.41;2.66;755.12;0.00;0.00;0.00
20.01.2021;17:55:08;2.74;29.41;2.66;755.12;0.00;0.00;0.00
20.01.2021;17:56:08;2.83;29.41;2.66;755.11;0.00;0.00;0.00
20.01.2021;17:57:08;2.84;29.43;2.66;755.10;0.00;0.00;0.00
20.01.2021;17:58:08;2.82;29.42;2.67;755.10;0.00;0.00;0.00
20.01.2021;17:59:08;2.76;29.41;2.67;755.11;0.00;0.00;0.00
20.01.2021;18:00:08;2.75;29.42;2.68;755.11;0.00;0.00;0.00
20.01.2021;18:01:08;2.85;29.40;2.68;755.11;0.00;0.00;0.00
20.01.2021;18:02:08;2.71;29.42;2.68;755.09;0.00;0.00;0.00
20.01.2021;18:03:08;2.78;29.39;2.69;755.10;0.00;0.00;0.00
20.01.2021;18:04:08;2.72;29.41;2.69;755.09;0.00;0.00;0.00
20.01.2021;18:05:08;2.79;29.43;2.69;755.08;0.00;0.00;0.00
20.01.2021;18:06:08;2.88;29.43;2.69;755.08;0.00;0.00;0.00
20.01.2021;18:07:08;2.71;29.41;2.69;755.08;0.00;0.00;0.00
20.01.2021;18:08:08;2.70;29.40;2.69;755.11;0.00;0.00;0.00
20.01.2021;18:09:08;2.63;29.39;2.70;755.11;0.00;0.00;0.00
20.01.2021;18:10:08;2.72;29.40;2.69;755.13;0.00;0.00;0.00
20.01.2021;18:11:08;2.58;29.38;2.69;755.12;0.00;0.00;0.00
20.01.2021;18:12:08;2.63;29.43;2.69;755.12;0.00;0.00;0.00
20.01.2021;18:13:08;2.64;29.43;2.69;755.12;0.00;0.00;0.00
20.01.2021;18:14:08;2.71;29.42;2.69;755.12;0.00;0.00;0.00
20.01.2021;18:15:08;2.76;29.43;2.69;755.11;0.00;0.00;0.00
20.01.2021;18:16:08;2.71;29.45;2.70;755.11;0.00;0.00;0.00
20.01.2021;18:17:08;2.56;29.44;2.70;755.10;0.00;0.00;0.00
20.01.2021;18:18:08;2.53;29.43;2.70;755.07;0.00;0.00;0.00
20.01.2021;18:19:08;2.54;29.46;2.70;755.07;0.00;0.00;0.00
20.01.2021;18:20:08;2.51;29.44;2.70;755.05;0.00;0.00;0.00
20.01.2021;18:21:08;2.53;29.41;2.70;755.05;0.00;0.00;0.00
20.01.2021;18:22:08;2.51;29.42;2.70;755.06;0.00;0.00;0.00
20.01.2021;18:23:08;2.53;29.42;2.70;755.05;0.00;0.00;0.00
20.01.2021;18:24:08;2.50;29.43;2.70;755.04;0.00;0.00;0.00
20.01.2021;18:25:08;2.50;29.48;2.70;755.05;0.00;0.00;0.00
20.01.2021;18:26:08;2.56;29.46;2.70;755.04;0.00;0.00;0.00
20.01.2021;18:27:08;2.51;29.46;2.70;755.03;0.00;0.00;0.00
20.01.2021;18:28:09;2.54;29.45;2.70;755.04;0.00;0.00;0.00
20.01.2021;18:29:09;2.57;29.45;2.70;755.03;0.00;0.00;0.00
20.01.2021;18:30:09;2.51;29.43;2.70;755.03;0.00;0.00;0.00
20.01.2021;18:31:09;2.57;29.48;2.69;755.02;0.00;0.00;0.00
20.01.2021;18:32:09;2.57;29.48;2.69;755.03;0.00;0.00;0.00
20.01.2021;18:33:09;2.53;29.47;2.69;755.02;0.00;0.00;0.00
20.01.2021;18:34:09;2.53;29.49;2.68;755.02;0.00;0.00;0.00
20.01.2021;18:35:09;2.50;29.51;2.68;755.02;0.00;0.00;0.00
20.01.2021;18:36:09;2.50;29.51;2.68;755.02;0.00;0.00;0.00
20.01.2021;18:37:09;2.51;29.52;2.68;755.03;0.00;0.00;0.00
20.01.2021;18:38:09;2.51;29.51;2.68;755.03;0.00;0.00;0.00
20.01.2021;18:39:09;2.53;29.51;2.68;755.02;0.00;0.00;0.00
20.01.2021;18:40:09;2.54;29.51;2.66;755.00;0.00;0.00;0.00
20.01.2021;18:41:09;2.50;29.53;2.65;755.01;0.00;0.00;0.00
20.01.2021;18:42:09;2.50;29.57;2.63;755.00;0.00;0.00;0.00
20.01.2021;18:43:09;2.53;29.60;2.63;754.99;0.00;0.00;0.00
20.01.2021;18:44:09;2.50;29.61;2.62;754.99;0.00;0.00;0.00
20.01.2021;18:45:09;2.50;29.60;2.61;754.98;0.00;0.00;0.00
20.01.2021;18:46:09;2.51;29.63;2.60;754.98;0.00;0.00;0.00
20.01.2021;18:47:09;2.50;29.69;2.59;754.98;0.00;0.00;0.00
20.01.2021;18:48:09;2.50;29.71;2.57;754.98;0.00;0.00;0.00
20.01.2021;18:49:09;2.50;29.72;2.56;754.99;0.00;0.00;0.00
20.01.2021;18:50:09;2.50;29.75;2.55;754.98;0.00;0.00;0.00
20.01.2021;18:51:09;2.50;29.76;2.53;754.98;0.00;0.00;0.00
20.01.2021;18:52:09;2.50;29.80;2.52;754.99;0.00;0.00;0.00
20.01.2021;18:53:09;2.50;29.84;2.51;755.00;0.00;0.00;0.00
20.01.2021;18:54:09;2.53;29.88;2.50;755.00;0.00;0.00;0.00
20.01.2021;18:55:09;2.50;29.91;2.49;755.01;0.00;0.00;0.00
20.01.2021;18:56:09;2.50;29.92;2.48;755.02;0.00;0.00;0.00
20.01.2021;18:57:09;2.53;29.90;2.47;755.02;0.00;0.00;0.00
20.01.2021;18:58:09;2.50;29.95;2.46;755.01;0.00;0.00;0.00
20.01.2021;18:59:09;2.50;29.97;2.45;755.00;0.00;0.00;0.00
20.01.2021;19:00:09;2.51;29.98;2.44;754.99;0.00;0.00;0.00
20.01.2021;19:01:09;2.50;30.01;2.43;754.98;0.00;0.00;0.00
20.01.2021;19:02:09;2.50;30.02;2.42;754.94;0.00;0.00;0.00
20.01.2021;19:03:09;2.50;30.03;2.42;754.95;0.00;0.00;0.00
20.01.2021;19:04:09;2.50;30.07;2.41;754.94;0.00;0.00;0.00
20.01.2021;19:05:09;2.50;30.10;2.41;754.95;0.00;0.00;0.00
20.01.2021;19:06:09;2.50;30.08;2.41;754.93;0.00;0.00;0.00
20.01.2021;19:07:09;2.50;30.10;2.40;754.93;0.00;0.00;0.00
20.01.2021;19:08:09;2.53;30.12;2.41;754.93;0.00;0.00;0.00
20.01.2021;19:09:09;2.50;30.11;2.41;754.93;0.00;0.00;0.00
20.01.2021;19:10:09;2.50;30.13;2.40;754.95;0.00;0.00;0.00
20.01.2021;19:11:10;2.53;30.15;2.39;754.97;0.00;0.00;0.00
20.01.2021;19:12:10;2.50;30.17;2.38;754.99;0.00;0.00;0.00
20.01.2021;19:13:10;2.50;30.19;2.38;755.03;0.00;0.00;0.00
20.01.2021;19:14:10;2.51;30.19;2.38;755.02;0.00;0.00;0.00
20.01.2021;19:15:10;2.50;30.19;2.38;755.02;0.00;0.00;0.00
20.01.2021;19:16:10;2.50;30.20;2.39;755.03;0.00;0.00;0.00
20.01.2021;19:17:10;2.50;30.20;2.39;755.01;0.00;0.00;0.00
20.01.2021;19:18:10;2.50;30.22;2.38;755.00;0.00;0.00;0.00
20.01.2021;19:19:10;2.50;30.23;2.38;755.00;0.00;0.00;0.00
20.01.2021;19:20:10;2.50;30.19;2.38;754.98;0.00;0.00;0.00
20.01.2021;19:21:10;2.50;30.23;2.37;754.99;0.00;0.00;0.00
20.01.2021;19:22:10;2.53;30.25;2.37;755.00;0.00;0.00;0.00
20.01.2021;19:23:10;2.50;30.25;2.37;755.02;0.00;0.00;0.00
20.01.2021;19:24:10;2.50;30.25;2.37;755.02;0.00;0.00;0.00
20.01.2021;19:25:10;2.53;30.24;2.36;755.02;0.00;0.00;0.00
20.01.2021;19:26:10;2.50;30.30;2.36;755.02;0.00;0.00;0.00
20.01.2021;19:27:10;2.50;30.29;2.36;755.03;0.00;0.00;0.00
20.01.2021;19:28:10;2.51;30.29;2.36;755.04;0.00;0.00;0.00
20.01.2021;19:29:10;2.50;30.28;2.35;755.05;0.00;0.00;0.00
20.01.2021;19:30:10;2.50;30.29;2.35;755.04;0.00;0.00;0.00
20.01.2021;19:31:10;2.50;30.31;2.34;755.04;0.00;0.00;0.00
20.01.2021;19:32:10;2.50;30.33;2.35;755.05;0.00;0.00;0.00
20.01.2021;19:33:10;2.50;30.31;2.35;755.06;0.00;0.00;0.00
20.01.2021;19:34:10;2.50;30.33;2.34;755.06;0.00;0.00;0.00
20.01.2021;19:35:10;2.50;30.35;2.34;755.05;0.00;0.00;0.00
20.01.2021;19:36:10;2.53;30.34;2.34;755.05;0.00;0.00;0.00
20.01.2021;19:37:10;2.50;30.33;2.32;755.04;0.00;0.00;0.00
20.01.2021;19:38:10;2.50;30.38;2.31;755.05;0.00;0.00;0.00
20.01.2021;19:39:10;2.53;30.40;2.31;755.04;0.00;0.00;0.00
20.01.2021;19:40:10;2.50;30.41;2.31;755.04;0.00;0.00;0.00
20.01.2021;19:41:10;2.50;30.40;2.31;755.03;0.00;0.00;0.00
20.01.2021;19:42:10;2.51;30.42;2.30;755.04;0.00;0.00;0.00
20.01.2021;19:43:10;2.50;30.43;2.29;755.05;0.00;0.00;0.00
20.01.2021;19:44:10;2.50;30.45;2.29;755.04;0.00;0.00;0.00
20.01.2021;19:45:10;2.50;30.46;2.29;755.05;0.00;0.00;0.00
20.01.2021;19:46:10;2.50;30.46;2.29;755.04;0.00;0.00;0.00
20.01.2021;19:47:10;2.50;30.45;2.27;755.03;0.00;0.00;0.00
20.01.2021;19:48:10;2.50;30.51;2.26;755.03;0.00;0.00;0.00
20.01.2021;19:49:10;2.50;30.55;2.26;755.03;0.00;0.00;0.00
20.01.2021;19:50:10;2.53;30.53;2.25;755.02;0.00;0.00;0.00
20.01.2021;19:51:10;2.50;30.54;2.25;755.01;0.00;0.00;0.00
20.01.2021;19:52:10;2.50;30.55;2.25;755.00;0.00;0.00;0.00
20.01.2021;19:53:10;2.53;30.59;2.24;755.00;0.00;0.00;0.00
20.01.2021;19:54:10;2.50;30.57;2.23;755.00;0.00;0.00;0.00
20.01.2021;19:55:11;2.50;30.59;2.23;755.00;0.00;0.00;0.00
20.01.2021;19:56:11;2.51;30.62;2.22;755.01;0.00;0.00;0.00
20.01.2021;19:57:11;2.50;30.62;2.22;755.00;0.00;0.00;0.00
20.01.2021;19:58:11;2.50;30.65;2.22;755.02;0.00;0.00;0.00
20.01.2021;19:59:11;2.50;30.67;2.21;755.02;0.00;0.00;0.00
20.01.2021;20:00:11;2.50;30.67;2.21;755.01;0.00;0.00;0.00
20.01.2021;20:01:11;2.50;30.69;2.21;755.02;0.00;0.00;0.00
20.01.2021;20:02:11;2.50;30.70;2.21;755.03;0.00;0.00;0.00
20.01.2021;20:03:11;2.50;30.73;2.20;755.03;0.00;0.00;0.00
20.01.2021;20:04:11;2.53;30.77;2.19;755.03;0.00;0.00;0.00
20.01.2021;20:05:11;2.50;30.78;2.19;755.03;0.00;0.00;0.00
20.01.2021;20:06:11;2.50;30.79;2.19;755.01;0.00;0.00;0.00
20.01.2021;20:07:11;2.53;30.76;2.20;755.01;0.00;0.00;0.00
20.01.2021;20:08:11;2.50;30.73;2.19;755.00;0.00;0.00;0.00
20.01.2021;20:09:11;2.50;30.79;2.18;755.02;0.00;0.00;0.00
20.01.2021;20:10:11;2.51;30.83;2.18;755.04;0.00;0.00;0.00
20.01.2021;20:11:11;2.50;30.79;2.18;755.06;0.00;0.00;0.00
20.01.2021;20:12:11;2.50;30.87;2.18;755.07;0.00;0.00;0.00
20.01.2021;20:13:11;2.50;30.81;2.17;755.06;0.00;0.00;0.00
20.01.2021;20:14:11;2.50;30.82;2.17;755.07;0.00;0.00;0.00
20.01.2021;20:15:11;2.50;30.79;2.17;755.06;0.00;0.00;0.00
20.01.2021;20:16:11;2.50;30.87;2.16;755.06;0.00;0.00;0.00
20.01.2021;20:17:11;2.50;30.85;2.16;755.04;0.00;0.00;0.00
20.01.2021;20:18:11;2.53;30.82;2.16;755.04;0.00;0.00;0.00
20.01.2021;20:19:11;2.50;30.81;2.16;755.02;0.00;0.00;0.00
20.01.2021;20:20:11;2.50;30.86;2.16;755.01;0.00;0.00;0.00
20.01.2021;20:21:11;2.53;30.83;2.16;755.00;0.00;0.00;0.00
20.01.2021;20:22:11;2.50;30.87;2.15;754.99;0.00;0.00;0.00
20.01.2021;20:23:11;2.50;30.84;2.15;754.98;0.00;0.00;0.00
20.01.2021;20:24:11;2.51;30.81;2.15;754.97;0.00;0.00;0.00
20.01.2021;20:25:11;2.50;30.84;2.15;754.97;0.00;0.00;0.00
20.01.2021;20:26:11;2.50;30.84;2.15;754.97;0.00;0.00;0.00
20.01.2021;20:27:11;2.50;30.87;2.14;754.97;0.00;0.00;0.00
20.01.2021;20:28:11;2.50;30.86;2.14;754.97;0.00;0.00;0.00
20.01.2021;20:29:11;2.50;30.87;2.14;754.97;0.00;0.00;0.00
20.01.2021;20:30:11;2.50;30.92;2.14;754.96;0.00;0.00;0.00
20.01.2021;20:31:11;2.50;30.93;2.15;754.95;0.00;0.00;0.00
20.01.2021;20:32:11;2.53;30.91;2.14;754.95;0.00;0.00;0.00
20.01.2021;20:33:11;2.50;30.92;2.14;754.96;0.00;0.00;0.00
20.01.2021;20:34:11;2.50;30.96;2.14;754.96;0.00;0.00;0.00
20.01.2021;20:35:11;2.53;30.91;2.14;754.97;0.00;0.00;0.00
20.01.2021;20:36:11;2.50;30.99;2.13;754.97;0.00;0.00;0.00
20.01.2021;20:37:11;2.50;31.07;2.14;754.99;0.00;0.00;0.00
20.01.2021;20:38:12;2.51;31.02;2.14;754.99;0.00;0.00;0.00
20.01.2021;20:39:12;2.50;31.06;2.14;755.01;0.00;0.00;0.00
20.01.2021;20:40:12;2.50;31.05;2.14;755.02;0.00;0.00;0.00
20.01.2021;20:41:12;2.50;31.06;2.14;755.04;0.00;0.00;0.00
20.01.2021;20:42:12;2.50;31.09;2.14;755.02;0.00;0.00;0.00
20.01.2021;20:43:12;2.50;31.05;2.14;754.99;0.00;0.00;0.00
20.01.2021;20:44:12;2.50;31.07;2.14;754.98;0.00;0.00;0.00
20.01.2021;20:45:12;2.50;31.06;2.14;754.98;0.00;0.00;0.00
20.01.2021;20:46:12;2.53;31.07;2.14;754.97;0.00;0.00;0.00
20.01.2021;20:47:12;2.51;31.02;2.14;754.97;0.00;0.00;0.00
20.01.2021;20:48:12;2.51;30.97;2.13;754.97;0.00;0.00;0.00
20.01.2021;20:49:12;2.53;31.05;2.13;754.97;0.00;0.00;0.00
20.01.2021;20:50:12;2.51;31.02;2.14;754.97;0.00;0.00;0.00
20.01.2021;20:51:12;2.50;30.97;2.14;754.97;0.00;0.00;0.00
20.01.2021;20:52:12;2.51;30.98;2.14;754.97;0.00;0.00;0.00
20.01.2021;20:53:12;2.50;30.95;2.15;754.98;0.00;0.00;0.00
20.01.2021;20:54:12;2.51;30.94;2.15;754.99;0.00;0.00;0.00
20.01.2021;20:55:12;2.56;30.87;2.15;754.99;0.00;0.00;0.00
20.01.2021;20:56:12;2.56;30.93;2.15;755.01;0.00;0.00;0.00
20.01.2021;20:57:12;2.58;30.91;2.17;755.02;0.00;0.00;0.00
20.01.2021;20:58:12;2.54;30.86;2.18;755.01;0.00;0.00;0.00
20.01.2021;20:59:12;2.58;30.89;2.18;755.00;0.00;0.00;0.00
20.01.2021;21:00:12;2.56;30.85;2.20;755.00;0.00;0.00;0.00
20.01.2021;21:01:12;2.51;30.84;2.21;754.99;0.00;0.00;0.00
20.01.2021;21:02:12;2.53;30.87;2.22;754.99;0.00;0.00;0.00
20.01.2021;21:03:12;2.57;30.84;2.23;754.99;0.00;0.00;0.00
20.01.2021;21:04:12;2.51;30.80;2.25;754.98;0.00;0.00;0.00
20.01.2021;21:05:12;2.50;30.77;2.26;754.97;0.00;0.00;0.00
20.01.2021;21:06:12;2.53;30.75;2.26;754.97;0.00;0.00;0.00
20.01.2021;21:07:12;2.54;30.75;2.26;754.99;0.00;0.00;0.00
20.01.2021;21:08:12;2.54;30.76;2.27;755.00;0.00;0.00;0.00
20.01.2021;21:09:12;2.51;30.73;2.28;755.01;0.00;0.00;0.00
20.01.2021;21:10:12;2.51;30.68;2.29;755.01;0.00;0.00;0.00
20.01.2021;21:11:12;2.50;30.72;2.29;755.00;0.00;0.00;0.00
20.01.2021;21:12:12;2.51;30.71;2.30;755.01;0.00;0.00;0.00
20.01.2021;21:13:12;2.50;30.63;2.31;755.01;0.00;0.00;0.00
20.01.2021;21:14:12;2.53;30.64;2.31;755.00;0.00;0.00;0.00
20.01.2021;21:15:12;2.53;30.66;2.32;755.01;0.00;0.00;0.00
20.01.2021;21:16:12;2.50;30.61;2.33;755.01;0.00;0.00;0.00
20.01.2021;21:17:12;2.53;30.61;2.34;755.01;0.00;0.00;0.00
20.01.2021;21:18:12;2.50;30.61;2.34;755.02;0.00;0.00;0.00
20.01.2021;21:19:12;2.50;30.56;2.35;755.02;0.00;0.00;0.00
20.01.2021;21:20:12;2.51;30.52;2.35;755.01;0.00;0.00;0.00
20.01.2021;21:21:12;2.50;30.56;2.35;755.03;0.00;0.00;0.00
20.01.2021;21:22:13;2.51;30.52;2.35;755.01;0.00;0.00;0.00
20.01.2021;21:23:13;2.50;30.51;2.36;755.02;0.00;0.00;0.00
20.01.2021;21:24:13;2.50;30.53;2.37;755.03;0.00;0.00;0.00
20.01.2021;21:25:13;2.50;30.50;2.36;755.00;0.00;0.00;0.00
20.01.2021;21:26:13;2.53;30.54;2.36;755.00;0.00;0.00;0.00
20.01.2021;21:27:13;2.51;30.50;2.36;755.01;0.00;0.00;0.00
20.01.2021;21:28:13;2.54;30.52;2.36;755.01;0.00;0.00;0.00
20.01.2021;21:29:13;2.53;30.52;2.36;755.02;0.00;0.00;0.00
20.01.2021;21:30:13;2.51;30.48;2.36;755.02;0.00;0.00;0.00
20.01.2021;21:31:13;2.58;30.52;2.36;755.03;0.00;0.00;0.00
20.01.2021;21:32:13;2.56;30.50;2.36;755.01;0.00;0.00;0.00
20.01.2021;21:33:13;2.54;30.50;2.36;755.02;0.00;0.00;0.00
20.01.2021;21:34:13;2.56;30.49;2.36;755.04;0.00;0.00;0.00
20.01.2021;21:35:13;2.56;30.48;2.37;755.05;0.00;0.00;0.00
20.01.2021;21:36:13;2.54;30.51;2.36;755.06;0.00;0.00;0.00
20.01.2021;21:37:13;2.56;30.53;2.37;755.06;0.00;0.00;0.00
20.01.2021;21:38:13;2.53;30.51;2.38;755.06;0.00;0.00;0.00
20.01.2021;21:39:13;2.51;30.49;2.38;755.05;0.00;0.00;0.00
20.01.2021;21:40:13;2.51;30.48;2.39;755.05;0.00;0.00;0.00
20.01.2021;21:41:13;2.50;30.47;2.40;755.05;0.00;0.00;0.00
20.01.2021;21:42:13;2.56;30.46;2.41;755.04;0.00;0.00;0.00
20.01.2021;21:43:13;2.51;30.45;2.41;755.05;0.00;0.00;0.00
20.01.2021;21:44:13;2.51;30.44;2.42;755.06;0.00;0.00;0.00
20.01.2021;21:45:13;2.53;30.44;2.42;755.05;0.00;0.00;0.00
20.01.2021;21:46:13;2.51;30.43;2.42;755.04;0.00;0.00;0.00
20.01.2021;21:47:13;2.51;30.43;2.43;755.03;0.00;0.00;0.00
20.01.2021;21:48:13;2.51;30.41;2.43;755.01;0.00;0.00;0.00
20.01.2021;21:49:13;2.51;30.41;2.44;755.01;0.00;0.00;0.00
20.01.2021;21:50:13;2.53;30.40;2.44;755.01;0.00;0.00;0.00
20.01.2021;21:51:13;2.50;30.44;2.45;754.99;0.00;0.00;0.00
20.01.2021;21:52:13;2.50;30.45;2.45;754.99;0.00;0.00;0.00
20.01.2021;21:53:13;2.51;30.42;2.45;755.00;0.00;0.00;0.00
20.01.2021;21:54:13;2.50;30.41;2.45;755.03;0.00;0.00;0.00
20.01.2021;21:55:13;2.50;30.40;2.46;755.04;0.00;0.00;0.00
20.01.2021;21:56:13;2.56;30.41;2.45;755.04;0.00;0.00;0.00
20.01.2021;21:57:13;2.50;30.43;2.45;755.03;0.00;0.00;0.00
20.01.2021;21:58:13;2.50;30.40;2.44;755.03;0.00;0.00;0.00
20.01.2021;21:59:13;2.53;30.42;2.45;755.04;0.00;0.00;0.00
20.01.2021;22:00:13;2.50;30.42;2.45;755.02;0.00;0.00;0.00
20.01.2021;22:01:13;2.50;30.41;2.45;755.00;0.00;0.00;0.00
20.01.2021;22:02:13;2.53;30.43;2.44;755.01;0.00;0.00;0.00
20.01.2021;22:03:13;2.50;30.45;2.44;755.03;0.00;0.00;0.00
20.01.2021;22:04:13;2.51;30.45;2.45;755.02;0.00;0.00;0.00
20.01.2021;22:05:14;2.51;30.44;2.44;755.02;0.00;0.00;0.00
20.01.2021;22:06:14;2.50;30.45;2.44;755.03;0.00;0.00;0.00
20.01.2021;22:07:14;2.50;30.46;2.44;755.02;0.00;0.00;0.00
20.01.2021;22:08:14;2.50;30.47;2.44;755.00;0.00;0.00;0.00
20.01.2021;22:09:14;2.50;30.47;2.44;754.97;0.00;0.00;0.00
20.01.2021;22:10:14;2.53;30.48;2.44;754.97;0.00;0.00;0.00
20.01.2021;22:11:14;2.50;30.48;2.44;754.97;0.00;0.00;0.00
20.01.2021;22:12:14;2.50;30.49;2.44;754.97;0.00;0.00;0.00
20.01.2021;22:13:14;2.53;30.54;2.44;754.96;0.00;0.00;0.00
20.01.2021;22:14:14;2.50;30.54;2.44;754.96;0.00;0.00;0.00
20.01.2021;22:15:14;2.50;30.52;2.43;754.95;0.00;0.00;0.00
20.01.2021;22:16:14;2.51;30.54;2.42;754.95;0.00;0.00;0.00
20.01.2021;22:17:14;2.50;30.56;2.41;754.93;0.00;0.00;0.00
20.01.2021;22:18:14;2.50;30.60;2.41;754.93;0.00;0.00;0.00
20.01.2021;22:19:14;2.50;30.59;2.41;754.94;0.00;0.00;0.00
20.01.2021;22:20:14;2.51;30.58;2.40;754.92;0.00;0.00;0.00
20.01.2021;22:21:14;2.50;30.60;2.39;754.92;0.00;0.00;0.00
20.01.2021;22:22:14;2.50;30.60;2.39;754.91;0.00;0.00;0.00
20.01.2021;22:23:14;2.50;30.62;2.38;754.91;0.00;0.00;0.00
20.01.2021;22:24:14;2.53;30.61;2.38;754.92;0.00;0.00;0.00
20.01.2021;22:25:14;2.50;30.63;2.38;754.92;0.00;0.00;0.00
20.01.2021;22:26:14;2.50;30.63;2.38;754.90;0.00;0.00;0.00
20.01.2021;22:27:14;2.53;30.66;2.37;754.90;0.00;0.00;0.00
20.01.2021;22:28:14;2.50;30.65;2.36;754.89;0.00;0.00;0.00
20.01.2021;22:29:14;2.50;30.66;2.36;754.88;0.00;0.00;0.00
20.01.2021;22:30:14;2.51;30.67;2.35;754.90;0.00;0.00;0.00
20.01.2021;22:31:14;2.50;30.67;2.35;754.91;0.00;0.00;0.00
20.01.2021;22:32:14;2.50;30.68;2.35;754.91;0.00;0.00;0.00
20.01.2021;22:33:14;2.50;30.73;2.34;754.91;0.00;0.00;0.00
20.01.2021;22:34:14;2.50;30.74;2.34;754.91;0.00;0.00;0.00
20.01.2021;22:35:14;2.50;30.72;2.35;754.92;0.00;0.00;0.00
20.01.2021;22:36:14;2.51;30.73;2.35;754.94;0.00;0.00;0.00
20.01.2021;22:37:14;2.50;30.73;2.34;754.94;0.00;0.00;0.00
20.01.2021;22:38:14;2.53;30.73;2.35;754.93;0.00;0.00;0.00
20.01.2021;22:39:14;2.50;30.80;2.34;754.91;0.00;0.00;0.00
20.01.2021;22:40:14;2.50;30.83;2.35;754.91;0.00;0.00;0.00
20.01.2021;22:41:14;2.53;30.81;2.34;754.90;0.00;0.00;0.00
20.01.2021;22:42:14;2.50;30.78;2.34;754.91;0.00;0.00;0.00
20.01.2021;22:43:14;2.50;30.76;2.34;754.93;0.00;0.00;0.00
20.01.2021;22:44:14;2.51;30.77;2.34;754.92;0.00;0.00;0.00
20.01.2021;22:45:14;2.50;30.77;2.34;754.91;0.00;0.00;0.00
20.01.2021;22:46:14;2.50;30.79;2.34;754.91;0.00;0.00;0.00
20.01.2021;22:47:14;2.50;30.76;2.35;754.92;0.00;0.00;0.00
20.01.2021;22:48:14;2.50;30.73;2.36;754.93;0.00;0.00;0.00
20.01.2021;22:49:15;2.50;30.73;2.35;754.96;0.00;0.00;0.00
20.01.2021;22:50:15;2.50;30.73;2.36;754.95;0.00;0.00;0.00
20.01.2021;22:51:15;2.50;30.77;2.37;754.96;0.00;0.00;0.00
20.01.2021;22:52:15;2.53;30.75;2.37;754.95;0.00;0.00;0.00
20.01.2021;22:53:15;2.50;30.74;2.38;754.95;0.00;0.00;0.00
20.01.2021;22:54:15;2.50;30.72;2.38;754.94;0.00;0.00;0.00
20.01.2021;22:55:15;2.53;30.72;2.38;754.94;0.00;0.00;0.00
20.01.2021;22:56:15;2.53;30.73;2.39;754.93;0.00;0.00;0.00
20.01.2021;22:57:15;2.50;30.70;2.39;754.92;0.00;0.00;0.00
20.01.2021;22:58:15;2.51;30.71;2.40;754.90;0.00;0.00;0.00
20.01.2021;22:59:15;2.50;30.69;2.40;754.89;0.00;0.00;0.00
20.01.2021;23:00:15;2.50;30.71;2.41;754.88;0.00;0.00;0.00
20.01.2021;23:01:15;2.50;30.71;2.41;754.88;0.00;0.00;0.00
20.01.2021;23:02:15;2.50;30.76;2.41;754.88;0.00;0.00;0.00
20.01.2021;23:03:15;2.50;30.75;2.41;754.88;0.00;0.00;0.00
20.01.2021;23:04:15;2.50;30.75;2.42;754.88;0.00;0.00;0.00
20.01.2021;23:05:15;2.50;30.75;2.43;754.88;0.00;0.00;0.00
20.01.2021;23:06:15;2.53;30.73;2.43;754.88;0.00;0.00;0.00
20.01.2021;23:07:15;2.50;30.75;2.44;754.87;0.00;0.00;0.00
20.01.2021;23:08:15;2.50;30.78;2.44;754.89;0.00;0.00;0.00
20.01.2021;23:09:15;2.53;30.82;2.44;754.89;0.00;0.00;0.00
20.01.2021;23:10:15;2.51;30.81;2.45;754.89;0.00;0.00;0.00
20.01.2021;23:11:15;2.51;30.79;2.45;754.90;0.00;0.00;0.00
20.01.2021;23:12:15;2.51;30.78;2.46;754.89;0.00;0.00;0.00
20.01.2021;23:13:15;2.50;30.70;2.48;754.88;0.00;0.00;0.00
20.01.2021;23:14:15;2.50;30.68;2.49;754.87;0.00;0.00;0.00
20.01.2021;23:15:15;2.50;30.67;2.50;754.87;0.00;0.00;0.00
20.01.2021;23:16:15;2.50;30.67;2.51;754.86;0.00;0.00;0.00
20.01.2021;23:17:15;2.50;30.66;2.52;754.85;0.00;0.00;0.00
20.01.2021;23:18:15;2.51;30.63;2.52;754.84;0.00;0.00;0.00
20.01.2021;23:19:15;2.50;30.65;2.54;754.84;0.00;0.00;0.00
20.01.2021;23:20:15;2.53;30.62;2.55;754.83;0.00;0.00;0.00
20.01.2021;23:21:15;2.50;30.63;2.56;754.81;0.00;0.00;0.00
20.01.2021;23:22:15;2.50;30.64;2.57;754.81;0.00;0.00;0.00
20.01.2021;23:23:15;2.53;30.62;2.59;754.81;0.00;0.00;0.00
20.01.2021;23:24:15;2.50;30.60;2.60;754.82;0.00;0.00;0.00
20.01.2021;23:25:15;2.51;30.60;2.62;754.82;0.00;0.00;0.00
20.01.2021;23:26:15;2.53;30.60;2.63;754.81;0.00;0.00;0.00
20.01.2021;23:27:15;2.50;30.58;2.65;754.82;0.00;0.00;0.00
20.01.2021;23:28:15;2.51;30.59;2.67;754.83;0.00;0.00;0.00
20.01.2021;23:29:15;2.51;30.56;2.68;754.84;0.00;0.00;0.00
20.01.2021;23:30:15;2.50;30.55;2.70;754.84;0.00;0.00;0.00
20.01.2021;23:31:15;2.51;30.54;2.71;754.82;0.00;0.00;0.00
20.01.2021;23:32:16;2.53;30.52;2.72;754.82;0.00;0.00;0.00
20.01.2021;23:33:16;2.50;30.53;2.74;754.81;0.00;0.00;0.00
20.01.2021;23:34:16;2.53;30.51;2.75;754.80;0.00;0.00;0.00
20.01.2021;23:35:16;2.50;30.50;2.77;754.80;0.00;0.00;0.00
20.01.2021;23:36:16;2.51;30.48;2.80;754.79;0.00;0.00;0.00
20.01.2021;23:37:16;2.53;30.47;2.81;754.78;0.00;0.00;0.00
20.01.2021;23:38:16;2.50;30.46;2.83;754.76;0.00;0.00;0.00
20.01.2021;23:39:16;2.50;30.44;2.85;754.75;0.00;0.00;0.00
20.01.2021;23:40:16;2.51;30.45;2.86;754.74;0.00;0.00;0.00
20.01.2021;23:41:16;2.50;30.46;2.88;754.73;0.00;0.00;0.00
20.01.2021;23:42:16;2.50;30.43;2.89;754.70;0.00;0.00;0.00
20.01.2021;23:43:16;2.50;30.39;2.92;754.66;0.00;0.00;0.00
20.01.2021;23:44:16;2.50;30.40;2.94;754.63;0.00;0.00;0.00
20.01.2021;23:45:16;2.51;30.37;2.96;754.62;0.00;0.00;0.00
20.01.2021;23:46:16;2.50;30.41;2.98;754.62;0.00;0.00;0.00
20.01.2021;23:47:16;2.50;30.35;3.01;754.61;0.00;0.00;0.00
20.01.2021;23:48:16;2.53;30.35;3.03;754.64;0.00;0.00;0.00
20.01.2021;23:49:16;2.50;30.32;3.06;754.67;0.00;0.00;0.00
20.01.2021;23:50:16;2.50;30.30;3.09;754.67;0.00;0.00;0.00
20.01.2021;23:51:16;2.53;30.27;3.10;754.66;0.00;0.00;0.00
20.01.2021;23:52:16;2.51;30.26;3.12;754.65;0.00;0.00;0.00
20.01.2021;23:53:16;2.50;30.26;3.14;754.66;0.00;0.00;0.00
20.01.2021;23:54:16;2.53;30.26;3.16;754.64;0.00;0.00;0.00
20.01.2021;23:55:16;2.51;30.25;3.18;754.63;0.00;0.00;0.00
20.01.2021;23:56:16;2.50;30.23;3.20;754.63;0.00;0.00;0.00
20.01.2021;23:57:16;2.50;30.21;3.22;754.65;0.00;0.00;0.00
20.01.2021;23:58:16;2.50;30.20;3.24;754.65;0.00;0.00;0.00
20.01.2021;23:59:16;2.50;30.15;3.26;754.65;0.00;0.00;0.00
