20.12.2020;0:00:07;3.33;44.06;12.90;761.16;0.00;0.00;0.00
20.12.2020;0:01:07;3.33;44.09;12.88;761.17;0.00;0.00;0.00
20.12.2020;0:02:07;3.33;44.09;12.88;761.18;0.00;0.00;0.00
20.12.2020;0:03:07;3.35;44.13;12.87;761.19;0.00;0.00;0.00
20.12.2020;0:04:07;3.33;44.18;12.86;761.19;0.00;0.00;0.00
20.12.2020;0:05:07;3.33;44.24;12.84;761.20;0.00;0.00;0.00
20.12.2020;0:06:07;3.36;44.27;12.82;761.20;0.00;0.00;0.00
20.12.2020;0:07:07;3.33;44.34;12.81;761.20;0.00;0.00;0.00
20.12.2020;0:08:07;3.33;44.37;12.79;761.20;0.00;0.00;0.00
20.12.2020;0:09:07;3.35;44.40;12.78;761.19;0.00;0.00;0.00
20.12.2020;0:10:07;3.33;44.45;12.76;761.19;0.00;0.00;0.00
20.12.2020;0:11:07;3.33;44.47;12.74;761.18;0.00;0.00;0.00
20.12.2020;0:12:07;3.33;44.48;12.74;761.18;0.00;0.00;0.00
20.12.2020;0:13:07;3.33;44.49;12.74;761.18;0.00;0.00;0.00
20.12.2020;0:14:07;3.33;44.46;12.74;761.19;0.00;0.00;0.00
20.12.2020;0:15:07;3.33;44.46;12.75;761.19;0.00;0.00;0.00
20.12.2020;0:16:07;3.33;44.44;12.75;761.18;0.00;0.00;0.00
20.12.2020;0:17:07;3.35;44.39;12.76;761.19;0.00;0.00;0.00
20.12.2020;0:18:07;3.33;44.39;12.76;761.19;0.00;0.00;0.00
20.12.2020;0:19:07;3.33;44.38;12.77;761.20;0.00;0.00;0.00
20.12.2020;0:20:07;3.36;44.39;12.76;761.20;0.00;0.00;0.00
20.12.2020;0:21:07;3.33;44.38;12.77;761.21;0.00;0.00;0.00
20.12.2020;0:22:07;3.33;44.36;12.76;761.20;0.00;0.00;0.00
20.12.2020;0:23:07;3.35;44.37;12.77;761.20;0.00;0.00;0.00
20.12.2020;0:24:07;3.33;44.34;12.77;761.19;0.00;0.00;0.00
20.12.2020;0:25:07;3.33;44.33;12.78;761.19;0.00;0.00;0.00
20.12.2020;0:26:07;3.33;44.35;12.78;761.19;0.00;0.00;0.00
20.12.2020;0:27:07;3.33;44.33;12.77;761.19;0.00;0.00;0.00
20.12.2020;0:28:07;3.33;44.32;12.78;761.21;0.00;0.00;0.00
20.12.2020;0:29:07;3.33;44.32;12.78;761.21;0.00;0.00;0.00
20.12.2020;0:30:08;3.33;44.31;12.79;761.21;0.00;0.00;0.00
20.12.2020;0:31:08;3.35;44.32;12.79;761.20;0.00;0.00;0.00
20.12.2020;0:32:08;3.33;44.31;12.79;761.20;0.00;0.00;0.00
20.12.2020;0:33:08;3.33;44.28;12.80;761.21;0.00;0.00;0.00
20.12.2020;0:34:08;3.36;44.26;12.81;761.21;0.00;0.00;0.00
20.12.2020;0:35:08;3.33;44.23;12.82;761.22;0.00;0.00;0.00
20.12.2020;0:36:08;3.33;44.19;12.83;761.20;0.00;0.00;0.00
20.12.2020;0:37:08;3.35;44.15;12.84;761.19;0.00;0.00;0.00
20.12.2020;0:38:08;3.33;44.13;12.84;761.18;0.00;0.00;0.00
20.12.2020;0:39:08;3.33;44.15;12.83;761.19;0.00;0.00;0.00
20.12.2020;0:40:08;3.33;44.21;12.83;761.20;0.00;0.00;0.00
20.12.2020;0:41:08;3.33;44.21;12.83;761.20;0.00;0.00;0.00
20.12.2020;0:42:08;3.33;44.19;12.83;761.21;0.00;0.00;0.00
20.12.2020;0:43:08;3.33;44.18;12.84;761.20;0.00;0.00;0.00
20.12.2020;0:44:08;3.33;44.20;12.84;761.19;0.00;0.00;0.00
20.12.2020;0:45:08;3.35;44.22;12.83;761.20;0.00;0.00;0.00
20.12.2020;0:46:08;3.33;44.21;12.82;761.21;0.00;0.00;0.00
20.12.2020;0:47:08;3.33;44.21;12.83;761.21;0.00;0.00;0.00
20.12.2020;0:48:08;3.36;44.19;12.83;761.20;0.00;0.00;0.00
20.12.2020;0:49:08;3.33;44.24;12.82;761.20;0.00;0.00;0.00
20.12.2020;0:50:08;3.33;44.23;12.82;761.19;0.00;0.00;0.00
20.12.2020;0:51:08;3.35;44.31;12.81;761.20;0.00;0.00;0.00
20.12.2020;0:52:08;3.33;44.27;12.79;761.20;0.00;0.00;0.00
20.12.2020;0:53:08;3.33;44.30;12.80;761.21;0.00;0.00;0.00
20.12.2020;0:54:08;3.33;44.32;12.79;761.20;0.00;0.00;0.00
20.12.2020;0:55:08;3.33;44.35;12.78;761.21;0.00;0.00;0.00
20.12.2020;0:56:08;3.33;44.39;12.77;761.23;0.00;0.00;0.00
20.12.2020;0:57:08;3.33;44.43;12.74;761.22;0.00;0.00;0.00
20.12.2020;0:58:08;3.33;44.41;12.73;761.23;0.00;0.00;0.00
20.12.2020;0:59:08;3.35;44.43;12.73;761.24;0.00;0.00;0.00
20.12.2020;1:00:08;3.33;44.39;12.73;761.25;0.00;0.00;0.00
20.12.2020;1:01:09;3.33;44.43;12.72;761.26;0.00;0.00;0.00
20.12.2020;1:02:09;3.36;44.46;12.70;761.27;0.00;0.00;0.00
20.12.2020;1:03:09;3.33;44.45;12.70;761.25;0.00;0.00;0.00
20.12.2020;1:04:09;3.33;44.44;12.71;761.25;0.00;0.00;0.00
20.12.2020;1:05:09;3.35;44.47;12.70;761.27;0.00;0.00;0.00
20.12.2020;1:06:09;3.33;44.53;12.69;761.28;0.00;0.00;0.00
20.12.2020;1:07:09;3.33;44.54;12.67;761.30;0.00;0.00;0.00
20.12.2020;1:08:09;3.33;44.57;12.67;761.30;0.00;0.00;0.00
20.12.2020;1:09:09;3.33;44.53;12.67;761.30;0.00;0.00;0.00
20.12.2020;1:10:09;3.33;44.51;12.67;761.29;0.00;0.00;0.00
20.12.2020;1:11:09;3.33;44.53;12.67;761.28;0.00;0.00;0.00
20.12.2020;1:12:09;3.33;44.56;12.66;761.28;0.00;0.00;0.00
20.12.2020;1:13:09;3.35;44.60;12.64;761.30;0.00;0.00;0.00
20.12.2020;1:14:09;3.33;44.56;12.65;761.30;0.00;0.00;0.00
20.12.2020;1:15:09;3.33;44.56;12.66;761.29;0.00;0.00;0.00
20.12.2020;1:16:09;3.36;44.60;12.64;761.29;0.00;0.00;0.00
20.12.2020;1:17:09;3.33;44.67;12.62;761.29;0.00;0.00;0.00
20.12.2020;1:18:09;3.33;44.67;12.61;761.29;0.00;0.00;0.00
20.12.2020;1:19:09;3.35;44.66;12.60;761.27;0.00;0.00;0.00
20.12.2020;1:20:09;3.33;44.68;12.60;761.27;0.00;0.00;0.00
20.12.2020;1:21:09;3.33;44.65;12.61;761.28;0.00;0.00;0.00
20.12.2020;1:22:09;3.33;44.62;12.61;761.29;0.00;0.00;0.00
20.12.2020;1:23:09;3.33;44.62;12.61;761.30;0.00;0.00;0.00
20.12.2020;1:24:09;3.33;44.58;12.62;761.30;0.00;0.00;0.00
20.12.2020;1:25:09;3.33;44.57;12.62;761.30;0.00;0.00;0.00
20.12.2020;1:26:09;3.33;44.58;12.62;761.31;0.00;0.00;0.00
20.12.2020;1:27:09;3.35;44.53;12.62;761.30;0.00;0.00;0.00
20.12.2020;1:28:09;3.33;44.55;12.63;761.30;0.00;0.00;0.00
20.12.2020;1:29:09;3.33;44.54;12.62;761.31;0.00;0.00;0.00
20.12.2020;1:30:09;3.36;44.52;12.62;761.30;0.00;0.00;0.00
20.12.2020;1:31:09;3.33;44.48;12.63;761.31;0.00;0.00;0.00
20.12.2020;1:32:10;3.33;44.43;12.64;761.30;0.00;0.00;0.00
20.12.2020;1:33:10;3.35;44.41;12.64;761.29;0.00;0.00;0.00
20.12.2020;1:34:10;3.33;44.39;12.65;761.29;0.00;0.00;0.00
20.12.2020;1:35:10;3.33;44.39;12.65;761.30;0.00;0.00;0.00
20.12.2020;1:36:10;3.33;44.39;12.66;761.28;0.00;0.00;0.00
20.12.2020;1:37:10;3.33;44.36;12.65;761.30;0.00;0.00;0.00
20.12.2020;1:38:10;3.33;44.35;12.66;761.29;0.00;0.00;0.00
20.12.2020;1:39:10;3.33;44.41;12.66;761.29;0.00;0.00;0.00
20.12.2020;1:40:10;3.33;44.41;12.65;761.28;0.00;0.00;0.00
20.12.2020;1:41:10;3.35;44.40;12.65;761.30;0.00;0.00;0.00
20.12.2020;1:42:10;3.33;44.42;12.65;761.29;0.00;0.00;0.00
20.12.2020;1:43:10;3.33;44.39;12.65;761.31;0.00;0.00;0.00
20.12.2020;1:44:10;3.36;44.41;12.65;761.32;0.00;0.00;0.00
20.12.2020;1:45:10;3.33;44.38;12.66;761.33;0.00;0.00;0.00
20.12.2020;1:46:10;3.33;44.37;12.66;761.33;0.00;0.00;0.00
20.12.2020;1:47:10;3.35;44.42;12.66;761.34;0.00;0.00;0.00
20.12.2020;1:48:10;3.33;44.49;12.64;761.33;0.00;0.00;0.00
20.12.2020;1:49:10;3.33;44.50;12.64;761.33;0.00;0.00;0.00
20.12.2020;1:50:10;3.33;44.52;12.64;761.34;0.00;0.00;0.00
20.12.2020;1:51:10;3.33;44.49;12.64;761.34;0.00;0.00;0.00
20.12.2020;1:52:10;3.33;44.48;12.65;761.35;0.00;0.00;0.00
20.12.2020;1:53:10;3.33;44.46;12.65;761.36;0.00;0.00;0.00
20.12.2020;1:54:10;3.33;44.44;12.66;761.36;0.00;0.00;0.00
20.12.2020;1:55:10;3.35;44.45;12.66;761.38;0.00;0.00;0.00
20.12.2020;1:56:10;3.33;44.43;12.67;761.37;0.00;0.00;0.00
20.12.2020;1:57:10;3.33;44.43;12.67;761.39;0.00;0.00;0.00
20.12.2020;1:58:10;3.36;44.41;12.66;761.39;0.00;0.00;0.00
20.12.2020;1:59:10;3.33;44.39;12.67;761.40;0.00;0.00;0.00
20.12.2020;2:00:10;3.33;44.38;12.68;761.39;0.00;0.00;0.00
20.12.2020;2:01:10;3.35;44.37;12.69;761.39;0.00;0.00;0.00
20.12.2020;2:02:10;3.33;44.34;12.69;761.38;0.00;0.00;0.00
20.12.2020;2:03:11;3.33;44.31;12.70;761.38;0.00;0.00;0.00
20.12.2020;2:04:11;3.33;44.31;12.70;761.38;0.00;0.00;0.00
20.12.2020;2:05:11;3.33;44.28;12.70;761.38;0.00;0.00;0.00
20.12.2020;2:06:11;3.33;44.28;12.70;761.37;0.00;0.00;0.00
20.12.2020;2:07:11;3.33;44.26;12.71;761.36;0.00;0.00;0.00
20.12.2020;2:08:11;3.33;44.24;12.71;761.36;0.00;0.00;0.00
20.12.2020;2:09:11;3.35;44.25;12.71;761.38;0.00;0.00;0.00
20.12.2020;2:10:11;3.33;44.23;12.71;761.37;0.00;0.00;0.00
20.12.2020;2:11:11;3.33;44.25;12.71;761.37;0.00;0.00;0.00
20.12.2020;2:12:11;3.36;44.23;12.71;761.38;0.00;0.00;0.00
20.12.2020;2:13:11;3.33;44.23;12.72;761.39;0.00;0.00;0.00
20.12.2020;2:14:11;3.33;44.20;12.72;761.41;0.00;0.00;0.00
20.12.2020;2:15:11;3.35;44.23;12.73;761.43;0.00;0.00;0.00
20.12.2020;2:16:11;3.33;44.24;12.72;761.44;0.00;0.00;0.00
20.12.2020;2:17:11;3.33;44.23;12.72;761.45;0.00;0.00;0.00
20.12.2020;2:18:11;3.33;44.24;12.71;761.45;0.00;0.00;0.00
20.12.2020;2:19:11;3.33;44.24;12.71;761.45;0.00;0.00;0.00
20.12.2020;2:20:11;3.33;44.25;12.71;761.46;0.00;0.00;0.00
20.12.2020;2:21:11;3.33;44.23;12.71;761.46;0.00;0.00;0.00
20.12.2020;2:22:11;3.33;44.21;12.71;761.46;0.00;0.00;0.00
20.12.2020;2:23:11;3.35;44.24;12.71;761.46;0.00;0.00;0.00
20.12.2020;2:24:11;3.33;44.25;12.70;761.47;0.00;0.00;0.00
20.12.2020;2:25:11;3.33;44.31;12.70;761.46;0.00;0.00;0.00
20.12.2020;2:26:11;3.36;44.33;12.69;761.46;0.00;0.00;0.00
20.12.2020;2:27:11;3.33;44.34;12.69;761.46;0.00;0.00;0.00
20.12.2020;2:28:11;3.33;44.36;12.68;761.45;0.00;0.00;0.00
20.12.2020;2:29:11;3.35;44.37;12.69;761.46;0.00;0.00;0.00
20.12.2020;2:30:11;3.33;44.35;12.69;761.45;0.00;0.00;0.00
20.12.2020;2:31:11;3.33;44.36;12.69;761.45;0.00;0.00;0.00
20.12.2020;2:32:11;3.33;44.34;12.70;761.44;0.00;0.00;0.00
20.12.2020;2:33:11;3.33;44.34;12.70;761.44;0.00;0.00;0.00
20.12.2020;2:34:11;3.33;44.35;12.71;761.44;0.00;0.00;0.00
20.12.2020;2:35:12;3.33;44.38;12.71;761.44;0.00;0.00;0.00
20.12.2020;2:36:12;3.33;44.41;12.70;761.43;0.00;0.00;0.00
20.12.2020;2:37:12;3.35;44.38;12.70;761.43;0.00;0.00;0.00
20.12.2020;2:38:12;3.33;44.39;12.71;761.44;0.00;0.00;0.00
20.12.2020;2:39:12;3.33;44.34;12.72;761.44;0.00;0.00;0.00
20.12.2020;2:40:12;3.36;44.33;12.72;761.44;0.00;0.00;0.00
20.12.2020;2:41:12;3.33;44.39;12.72;761.44;0.00;0.00;0.00
20.12.2020;2:42:12;3.33;44.39;12.70;761.43;0.00;0.00;0.00
20.12.2020;2:43:12;3.35;44.38;12.71;761.43;0.00;0.00;0.00
20.12.2020;2:44:12;3.33;44.36;12.72;761.43;0.00;0.00;0.00
20.12.2020;2:45:12;3.33;44.40;12.71;761.42;0.00;0.00;0.00
20.12.2020;2:46:12;3.33;44.39;12.71;761.41;0.00;0.00;0.00
20.12.2020;2:47:12;3.33;44.36;12.71;761.41;0.00;0.00;0.00
20.12.2020;2:48:12;3.33;44.35;12.72;761.40;0.00;0.00;0.00
20.12.2020;2:49:12;3.33;44.33;12.72;761.41;0.00;0.00;0.00
20.12.2020;2:50:12;3.33;44.31;12.72;761.41;0.00;0.00;0.00
20.12.2020;2:51:12;3.35;44.28;12.73;761.42;0.00;0.00;0.00
20.12.2020;2:52:12;3.33;44.27;12.73;761.40;0.00;0.00;0.00
20.12.2020;2:53:12;3.33;44.29;12.72;761.41;0.00;0.00;0.00
20.12.2020;2:54:12;3.36;44.29;12.72;761.40;0.00;0.00;0.00
20.12.2020;2:55:12;3.33;44.29;12.72;761.39;0.00;0.00;0.00
20.12.2020;2:56:12;3.33;44.32;12.71;761.39;0.00;0.00;0.00
20.12.2020;2:57:12;3.35;44.29;12.71;761.40;0.00;0.00;0.00
20.12.2020;2:58:12;3.33;44.31;12.72;761.40;0.00;0.00;0.00
20.12.2020;2:59:12;3.33;44.27;12.71;761.40;0.00;0.00;0.00
20.12.2020;3:00:12;3.33;44.26;12.72;761.40;0.00;0.00;0.00
20.12.2020;3:01:12;3.33;44.28;12.72;761.38;0.00;0.00;0.00
20.12.2020;3:02:12;3.33;44.27;12.72;761.39;0.00;0.00;0.00
20.12.2020;3:03:12;3.33;44.28;12.72;761.37;0.00;0.00;0.00
20.12.2020;3:04:12;3.33;44.28;12.72;761.37;0.00;0.00;0.00
20.12.2020;3:05:12;3.35;44.28;12.72;761.36;0.00;0.00;0.00
20.12.2020;3:06:13;3.33;44.30;12.73;761.37;0.00;0.00;0.00
20.12.2020;3:07:13;3.33;44.34;12.73;761.38;0.00;0.00;0.00
20.12.2020;3:08:13;3.36;44.35;12.72;761.38;0.00;0.00;0.00
20.12.2020;3:09:13;3.33;44.33;12.73;761.38;0.00;0.00;0.00
20.12.2020;3:10:13;3.33;44.35;12.73;761.38;0.00;0.00;0.00
20.12.2020;3:11:13;3.35;44.34;12.74;761.37;0.00;0.00;0.00
20.12.2020;3:12:13;3.33;44.32;12.74;761.37;0.00;0.00;0.00
20.12.2020;3:13:13;3.33;44.28;12.75;761.37;0.00;0.00;0.00
20.12.2020;3:14:13;3.33;44.27;12.77;761.39;0.00;0.00;0.00
20.12.2020;3:15:13;3.33;44.25;12.77;761.41;0.00;0.00;0.00
20.12.2020;3:16:13;3.33;44.24;12.78;761.42;0.00;0.00;0.00
20.12.2020;3:17:13;3.33;44.23;12.79;761.43;0.00;0.00;0.00
20.12.2020;3:18:13;3.33;44.20;12.80;761.44;0.00;0.00;0.00
20.12.2020;3:19:13;3.35;44.17;12.81;761.44;0.00;0.00;0.00
20.12.2020;3:20:13;3.33;44.15;12.82;761.44;0.00;0.00;0.00
20.12.2020;3:21:13;3.33;44.11;12.82;761.44;0.00;0.00;0.00
20.12.2020;3:22:13;3.36;44.12;12.82;761.44;0.00;0.00;0.00
20.12.2020;3:23:13;3.33;44.10;12.83;761.44;0.00;0.00;0.00
20.12.2020;3:24:13;3.33;44.07;12.84;761.44;0.00;0.00;0.00
20.12.2020;3:25:13;3.35;44.04;12.85;761.45;0.00;0.00;0.00
20.12.2020;3:26:13;3.33;44.01;12.86;761.44;0.00;0.00;0.00
20.12.2020;3:27:13;3.33;44.01;12.86;761.43;0.00;0.00;0.00
20.12.2020;3:28:13;3.33;44.02;12.86;761.43;0.00;0.00;0.00
20.12.2020;3:29:13;3.33;44.00;12.87;761.43;0.00;0.00;0.00
20.12.2020;3:30:13;3.33;43.96;12.87;761.43;0.00;0.00;0.00
20.12.2020;3:31:13;3.33;43.98;12.87;761.42;0.00;0.00;0.00
20.12.2020;3:32:13;3.33;44.02;12.86;761.42;0.00;0.00;0.00
20.12.2020;3:33:13;3.35;44.00;12.86;761.43;0.00;0.00;0.00
20.12.2020;3:34:13;3.33;44.00;12.87;761.43;0.00;0.00;0.00
20.12.2020;3:35:13;3.33;43.98;12.87;761.42;0.00;0.00;0.00
20.12.2020;3:36:13;3.36;43.97;12.87;761.43;0.00;0.00;0.00
20.12.2020;3:37:14;3.33;43.97;12.87;761.45;0.00;0.00;0.00
20.12.2020;3:38:14;3.33;43.93;12.87;761.45;0.00;0.00;0.00
20.12.2020;3:39:14;3.35;43.94;12.87;761.46;0.00;0.00;0.00
20.12.2020;3:40:14;3.33;43.93;12.87;761.46;0.00;0.00;0.00
20.12.2020;3:41:14;3.33;43.92;12.88;761.46;0.00;0.00;0.00
20.12.2020;3:42:14;3.33;43.93;12.88;761.46;0.00;0.00;0.00
20.12.2020;3:43:14;3.33;43.95;12.87;761.47;0.00;0.00;0.00
20.12.2020;3:44:14;3.33;43.95;12.87;761.48;0.00;0.00;0.00
20.12.2020;3:45:14;3.33;43.97;12.87;761.48;0.00;0.00;0.00
20.12.2020;3:46:14;3.33;43.97;12.87;761.48;0.00;0.00;0.00
20.12.2020;3:47:14;3.35;43.97;12.87;761.47;0.00;0.00;0.00
20.12.2020;3:48:14;3.33;43.97;12.87;761.47;0.00;0.00;0.00
20.12.2020;3:49:14;3.33;43.96;12.87;761.47;0.00;0.00;0.00
20.12.2020;3:50:14;3.36;44.00;12.87;761.47;0.00;0.00;0.00
20.12.2020;3:51:14;3.33;44.00;12.87;761.47;0.00;0.00;0.00
20.12.2020;3:52:14;3.33;44.01;12.87;761.48;0.00;0.00;0.00
20.12.2020;3:53:14;3.35;44.01;12.88;761.47;0.00;0.00;0.00
20.12.2020;3:54:14;3.33;44.00;12.88;761.47;0.00;0.00;0.00
20.12.2020;3:55:14;3.33;44.00;12.88;761.48;0.00;0.00;0.00
20.12.2020;3:56:14;3.33;44.00;12.88;761.49;0.00;0.00;0.00
20.12.2020;3:57:14;3.33;44.01;12.89;761.49;0.00;0.00;0.00
20.12.2020;3:58:14;3.33;43.99;12.89;761.49;0.00;0.00;0.00
20.12.2020;3:59:14;3.33;43.97;12.90;761.50;0.00;0.00;0.00
20.12.2020;4:00:14;3.33;43.96;12.90;761.49;0.00;0.00;0.00
20.12.2020;4:01:14;3.35;43.96;12.90;761.48;0.00;0.00;0.00
20.12.2020;4:02:14;3.33;43.95;12.90;761.48;0.00;0.00;0.00
20.12.2020;4:03:14;3.33;43.94;12.90;761.46;0.00;0.00;0.00
20.12.2020;4:04:14;3.36;43.93;12.91;761.46;0.00;0.00;0.00
20.12.2020;4:05:14;3.33;43.93;12.91;761.46;0.00;0.00;0.00
20.12.2020;4:06:14;3.33;43.92;12.91;761.45;0.00;0.00;0.00
20.12.2020;4:07:14;3.35;43.92;12.91;761.46;0.00;0.00;0.00
20.12.2020;4:08:15;3.33;43.90;12.92;761.46;0.00;0.00;0.00
20.12.2020;4:09:15;3.33;43.89;12.92;761.46;0.00;0.00;0.00
20.12.2020;4:10:15;3.33;43.88;12.92;761.46;0.00;0.00;0.00
20.12.2020;4:11:15;3.33;43.87;12.93;761.47;0.00;0.00;0.00
20.12.2020;4:12:15;3.33;43.87;12.93;761.48;0.00;0.00;0.00
20.12.2020;4:13:15;3.33;43.84;12.93;761.49;0.00;0.00;0.00
20.12.2020;4:14:15;3.33;43.84;12.93;761.49;0.00;0.00;0.00
20.12.2020;4:15:15;3.35;43.82;12.93;761.48;0.00;0.00;0.00
20.12.2020;4:16:15;3.33;43.81;12.93;761.49;0.00;0.00;0.00
20.12.2020;4:17:15;3.33;43.84;12.93;761.49;0.00;0.00;0.00
20.12.2020;4:18:15;3.36;43.85;12.93;761.49;0.00;0.00;0.00
20.12.2020;4:19:15;3.33;43.86;12.93;761.50;0.00;0.00;0.00
20.12.2020;4:20:15;3.33;43.84;12.92;761.50;0.00;0.00;0.00
20.12.2020;4:21:15;3.35;43.83;12.93;761.50;0.00;0.00;0.00
20.12.2020;4:22:15;3.33;43.85;12.93;761.50;0.00;0.00;0.00
20.12.2020;4:23:15;3.33;43.85;12.92;761.51;0.00;0.00;0.00
20.12.2020;4:24:15;3.33;43.85;12.92;761.50;0.00;0.00;0.00
20.12.2020;4:25:15;3.33;43.84;12.93;761.50;0.00;0.00;0.00
20.12.2020;4:26:15;3.33;43.84;12.93;761.51;0.00;0.00;0.00
20.12.2020;4:27:15;3.33;43.86;12.93;761.50;0.00;0.00;0.00
20.12.2020;4:28:15;3.33;43.85;12.92;761.48;0.00;0.00;0.00
20.12.2020;4:29:15;3.35;43.84;12.92;761.50;0.00;0.00;0.00
20.12.2020;4:30:15;3.33;43.84;12.92;761.50;0.00;0.00;0.00
20.12.2020;4:31:15;3.33;43.86;12.92;761.51;0.00;0.00;0.00
20.12.2020;4:32:15;3.36;43.84;12.92;761.52;0.00;0.00;0.00
20.12.2020;4:33:15;3.33;43.83;12.92;761.52;0.00;0.00;0.00
20.12.2020;4:34:15;3.33;43.84;12.91;761.52;0.00;0.00;0.00
20.12.2020;4:35:15;3.35;43.86;12.91;761.51;0.00;0.00;0.00
20.12.2020;4:36:15;3.33;43.86;12.90;761.52;0.00;0.00;0.00
20.12.2020;4:37:15;3.33;43.86;12.90;761.52;0.00;0.00;0.00
20.12.2020;4:38:15;3.33;43.85;12.90;761.52;0.00;0.00;0.00
20.12.2020;4:39:15;3.33;43.87;12.90;761.50;0.00;0.00;0.00
20.12.2020;4:40:16;3.33;43.87;12.90;761.49;0.00;0.00;0.00
20.12.2020;4:41:16;3.33;43.85;12.90;761.48;0.00;0.00;0.00
20.12.2020;4:42:16;3.33;43.85;12.90;761.48;0.00;0.00;0.00
20.12.2020;4:43:16;3.35;43.85;12.90;761.48;0.00;0.00;0.00
20.12.2020;4:44:16;3.33;43.87;12.89;761.50;0.00;0.00;0.00
20.12.2020;4:45:16;3.33;43.86;12.89;761.51;0.00;0.00;0.00
20.12.2020;4:46:16;3.36;43.85;12.89;761.52;0.00;0.00;0.00
20.12.2020;4:47:16;3.33;43.86;12.89;761.52;0.00;0.00;0.00
20.12.2020;4:48:16;3.33;43.83;12.89;761.52;0.00;0.00;0.00
20.12.2020;4:49:16;3.35;43.86;12.89;761.53;0.00;0.00;0.00
20.12.2020;4:50:16;3.33;43.86;12.89;761.54;0.00;0.00;0.00
20.12.2020;4:51:16;3.33;43.86;12.89;761.56;0.00;0.00;0.00
20.12.2020;4:52:16;3.33;43.85;12.89;761.56;0.00;0.00;0.00
20.12.2020;4:53:16;3.33;43.85;12.89;761.56;0.00;0.00;0.00
20.12.2020;4:54:16;3.33;43.85;12.89;761.56;0.00;0.00;0.00
20.12.2020;4:55:16;3.33;43.87;12.89;761.57;0.00;0.00;0.00
20.12.2020;4:56:16;3.33;43.86;12.89;761.57;0.00;0.00;0.00
20.12.2020;4:57:16;3.35;43.84;12.89;761.56;0.00;0.00;0.00
20.12.2020;4:58:16;3.33;43.85;12.89;761.57;0.00;0.00;0.00
20.12.2020;4:59:16;3.33;43.83;12.90;761.57;0.00;0.00;0.00
20.12.2020;5:00:16;3.36;43.82;12.90;761.59;0.00;0.00;0.00
20.12.2020;5:01:16;3.33;43.82;12.90;761.60;0.00;0.00;0.00
20.12.2020;5:02:16;3.33;43.83;12.90;761.60;0.00;0.00;0.00
20.12.2020;5:03:16;3.35;43.85;12.90;761.60;0.00;0.00;0.00
20.12.2020;5:04:16;3.33;43.87;12.90;761.59;0.00;0.00;0.00
20.12.2020;5:05:16;3.33;43.85;12.90;761.57;0.00;0.00;0.00
20.12.2020;5:06:16;3.33;43.83;12.91;761.56;0.00;0.00;0.00
20.12.2020;5:07:16;3.33;43.84;12.91;761.55;0.00;0.00;0.00
20.12.2020;5:08:16;3.33;43.86;12.90;761.56;0.00;0.00;0.00
20.12.2020;5:09:16;3.33;43.84;12.90;761.56;0.00;0.00;0.00
20.12.2020;5:10:16;3.33;43.83;12.91;761.55;0.00;0.00;0.00
20.12.2020;5:11:17;3.35;43.84;12.91;761.54;0.00;0.00;0.00
20.12.2020;5:12:17;3.33;43.85;12.90;761.52;0.00;0.00;0.00
20.12.2020;5:13:17;3.33;43.88;12.90;761.52;0.00;0.00;0.00
20.12.2020;5:14:17;3.36;43.85;12.90;761.54;0.00;0.00;0.00
20.12.2020;5:15:17;3.33;43.86;12.89;761.55;0.00;0.00;0.00
20.12.2020;5:16:17;3.33;43.86;12.89;761.55;0.00;0.00;0.00
20.12.2020;5:17:17;3.35;43.86;12.89;761.53;0.00;0.00;0.00
20.12.2020;5:18:17;3.33;43.91;12.89;761.54;0.00;0.00;0.00
20.12.2020;5:19:17;3.33;43.90;12.88;761.55;0.00;0.00;0.00
20.12.2020;5:20:17;3.33;43.90;12.87;761.54;0.00;0.00;0.00
20.12.2020;5:21:17;3.33;43.91;12.87;761.55;0.00;0.00;0.00
20.12.2020;5:22:17;3.33;43.89;12.87;761.56;0.00;0.00;0.00
20.12.2020;5:23:17;3.33;43.88;12.87;761.55;0.00;0.00;0.00
20.12.2020;5:24:17;3.33;43.90;12.87;761.56;0.00;0.00;0.00
20.12.2020;5:25:17;3.35;43.93;12.86;761.57;0.00;0.00;0.00
20.12.2020;5:26:17;3.33;43.94;12.86;761.60;0.00;0.00;0.00
20.12.2020;5:27:17;3.33;43.93;12.86;761.61;0.00;0.00;0.00
20.12.2020;5:28:17;3.36;43.93;12.86;761.61;0.00;0.00;0.00
20.12.2020;5:29:17;3.33;43.91;12.86;761.61;0.00;0.00;0.00
20.12.2020;5:30:17;3.33;43.92;12.85;761.61;0.00;0.00;0.00
20.12.2020;5:31:17;3.35;43.91;12.85;761.62;0.00;0.00;0.00
20.12.2020;5:32:17;3.33;43.91;12.86;761.64;0.00;0.00;0.00
20.12.2020;5:33:17;3.33;43.88;12.86;761.66;0.00;0.00;0.00
20.12.2020;5:34:17;3.33;43.90;12.87;761.67;0.00;0.00;0.00
20.12.2020;5:35:17;3.33;43.88;12.86;761.67;0.00;0.00;0.00
20.12.2020;5:36:17;3.33;43.90;12.86;761.69;0.00;0.00;0.00
20.12.2020;5:37:17;3.33;43.89;12.85;761.71;0.00;0.00;0.00
20.12.2020;5:38:17;3.33;43.89;12.85;761.71;0.00;0.00;0.00
20.12.2020;5:39:17;3.35;43.88;12.85;761.73;0.00;0.00;0.00
20.12.2020;5:40:17;3.33;43.89;12.85;761.73;0.00;0.00;0.00
20.12.2020;5:41:17;3.33;43.92;12.84;761.74;0.00;0.00;0.00
20.12.2020;5:42:18;3.36;43.94;12.84;761.75;0.00;0.00;0.00
20.12.2020;5:43:18;3.33;44.02;12.83;761.76;0.00;0.00;0.00
20.12.2020;5:44:18;3.33;44.00;12.82;761.78;0.00;0.00;0.00
20.12.2020;5:45:18;3.35;43.98;12.82;761.79;0.00;0.00;0.00
20.12.2020;5:46:18;3.33;43.97;12.82;761.79;0.00;0.00;0.00
20.12.2020;5:47:18;3.33;43.96;12.82;761.79;0.00;0.00;0.00
20.12.2020;5:48:18;3.33;43.96;12.82;761.78;0.00;0.00;0.00
20.12.2020;5:49:18;3.33;43.95;12.81;761.80;0.00;0.00;0.00
20.12.2020;5:50:18;3.33;43.96;12.81;761.81;0.00;0.00;0.00
20.12.2020;5:51:18;3.33;43.97;12.80;761.82;0.00;0.00;0.00
20.12.2020;5:52:18;3.33;43.96;12.81;761.85;0.00;0.00;0.00
20.12.2020;5:53:18;3.35;43.95;12.81;761.86;0.00;0.00;0.00
20.12.2020;5:54:18;3.33;43.94;12.80;761.86;0.00;0.00;0.00
20.12.2020;5:55:18;3.33;43.98;12.80;761.88;0.00;0.00;0.00
20.12.2020;5:56:18;3.36;43.98;12.79;761.89;0.00;0.00;0.00
20.12.2020;5:57:18;3.33;43.98;12.79;761.89;0.00;0.00;0.00
20.12.2020;5:58:18;3.33;43.98;12.79;761.90;0.00;0.00;0.00
20.12.2020;5:59:18;3.35;43.98;12.78;761.90;0.00;0.00;0.00
20.12.2020;6:00:18;3.33;43.98;12.78;761.90;0.00;0.00;0.00
20.12.2020;6:01:18;3.33;43.99;12.78;761.89;0.00;0.00;0.00
20.12.2020;6:02:18;3.33;43.98;12.78;761.88;0.00;0.00;0.00
20.12.2020;6:03:18;3.33;43.98;12.79;761.90;0.00;0.00;0.00
20.12.2020;6:04:18;3.33;43.97;12.79;761.90;0.00;0.00;0.00
20.12.2020;6:05:18;3.33;43.96;12.79;761.89;0.00;0.00;0.00
20.12.2020;6:06:18;3.33;43.95;12.80;761.90;0.00;0.00;0.00
20.12.2020;6:07:18;3.35;43.94;12.80;761.90;0.00;0.00;0.00
20.12.2020;6:08:18;3.33;43.93;12.79;761.91;0.00;0.00;0.00
20.12.2020;6:09:18;3.33;43.93;12.79;761.93;0.00;0.00;0.00
20.12.2020;6:10:18;3.36;43.92;12.80;761.94;0.00;0.00;0.00
20.12.2020;6:11:18;3.33;43.91;12.79;761.95;0.00;0.00;0.00
20.12.2020;6:12:18;3.33;43.92;12.79;761.96;0.00;0.00;0.00
20.12.2020;6:13:19;3.35;43.95;12.80;761.97;0.00;0.00;0.00
20.12.2020;6:14:19;3.33;43.94;12.80;761.98;0.00;0.00;0.00
20.12.2020;6:15:19;3.33;43.91;12.81;761.99;0.00;0.00;0.00
20.12.2020;6:16:19;3.33;43.92;12.80;762.00;0.00;0.00;0.00
20.12.2020;6:17:19;3.33;43.92;12.81;762.00;0.00;0.00;0.00
20.12.2020;6:18:19;3.33;43.93;12.80;762.01;0.00;0.00;0.00
20.12.2020;6:19:19;3.33;43.92;12.80;762.03;0.00;0.00;0.00
20.12.2020;6:20:19;3.33;43.93;12.80;762.04;0.00;0.00;0.00
20.12.2020;6:21:19;3.35;43.93;12.79;762.05;0.00;0.00;0.00
20.12.2020;6:22:19;3.33;43.96;12.79;762.07;0.00;0.00;0.00
20.12.2020;6:23:19;3.33;43.95;12.78;762.08;0.00;0.00;0.00
20.12.2020;6:24:19;3.36;43.93;12.78;762.08;0.00;0.00;0.00
20.12.2020;6:25:19;3.33;43.94;12.78;762.08;0.00;0.00;0.00
20.12.2020;6:26:19;3.33;43.93;12.77;762.06;0.00;0.00;0.00
20.12.2020;6:27:19;3.35;43.95;12.76;762.06;0.00;0.00;0.00
20.12.2020;6:28:19;3.33;43.96;12.76;762.07;0.00;0.00;0.00
20.12.2020;6:29:19;3.33;43.97;12.75;762.07;0.00;0.00;0.00
20.12.2020;6:30:19;3.33;43.98;12.75;762.08;0.00;0.00;0.00
20.12.2020;6:31:19;3.33;43.95;12.75;762.10;0.00;0.00;0.00
20.12.2020;6:32:19;3.33;43.96;12.75;762.11;0.00;0.00;0.00
20.12.2020;6:33:19;3.33;43.97;12.75;762.13;0.00;0.00;0.00
20.12.2020;6:34:19;3.33;44.02;12.73;762.14;0.00;0.00;0.00
20.12.2020;6:35:19;3.35;44.03;12.72;762.14;0.00;0.00;0.00
20.12.2020;6:36:19;3.33;44.05;12.72;762.15;0.00;0.00;0.00
20.12.2020;6:37:19;3.33;44.07;12.72;762.16;0.00;0.00;0.00
20.12.2020;6:38:19;3.36;44.09;12.71;762.15;0.00;0.00;0.00
20.12.2020;6:39:19;3.33;44.12;12.70;762.17;0.00;0.00;0.00
20.12.2020;6:40:19;3.33;44.12;12.70;762.17;0.00;0.00;0.00
20.12.2020;6:41:19;3.35;44.19;12.68;762.19;0.00;0.00;0.00
20.12.2020;6:42:19;3.33;44.18;12.67;762.20;0.00;0.00;0.00
20.12.2020;6:43:19;3.33;44.22;12.66;762.23;0.00;0.00;0.00
20.12.2020;6:44:20;3.33;44.22;12.66;762.26;0.00;0.00;0.00
20.12.2020;6:45:20;3.33;44.22;12.66;762.29;0.00;0.00;0.00
20.12.2020;6:46:20;3.33;44.28;12.65;762.30;0.00;0.00;0.00
20.12.2020;6:47:20;3.33;44.34;12.63;762.31;0.00;0.00;0.00
20.12.2020;6:48:20;3.33;44.43;12.62;762.33;0.00;0.00;0.00
20.12.2020;6:49:20;3.35;44.45;12.60;762.34;0.00;0.00;0.00
20.12.2020;6:50:20;3.33;44.46;12.59;762.34;0.00;0.00;0.00
20.12.2020;6:51:20;3.33;44.51;12.58;762.34;0.00;0.00;0.00
20.12.2020;6:52:20;3.36;44.56;12.56;762.35;0.00;0.00;0.00
20.12.2020;6:53:20;3.33;44.60;12.55;762.33;0.00;0.00;0.00
20.12.2020;6:54:20;3.33;44.58;12.54;762.32;0.00;0.00;0.00
20.12.2020;6:55:20;3.35;44.58;12.53;762.33;0.00;0.00;0.00
20.12.2020;6:56:20;3.33;44.59;12.53;762.32;0.00;0.00;0.00
20.12.2020;6:57:20;3.33;44.63;12.52;762.33;0.00;0.00;0.00
20.12.2020;6:58:20;3.33;44.64;12.51;762.32;0.00;0.00;0.00
20.12.2020;6:59:20;3.33;44.70;12.50;762.32;0.00;0.00;0.00
20.12.2020;7:00:20;3.33;44.72;12.49;762.30;0.00;0.00;0.00
20.12.2020;7:01:20;3.33;44.74;12.49;762.31;0.00;0.00;0.00
20.12.2020;7:02:20;3.33;44.83;12.49;762.30;0.00;0.00;0.00
20.12.2020;7:03:20;3.35;44.84;12.47;762.29;0.00;0.00;0.00
20.12.2020;7:04:20;3.33;44.83;12.48;762.29;0.00;0.00;0.00
20.12.2020;7:05:20;3.33;44.88;12.48;762.28;0.00;0.00;0.00
20.12.2020;7:06:20;3.36;44.87;12.48;762.28;0.00;0.00;0.00
20.12.2020;7:07:20;3.33;44.87;12.49;762.28;0.00;0.00;0.00
20.12.2020;7:08:20;3.33;44.82;12.50;762.29;0.00;0.00;0.00
20.12.2020;7:09:20;3.35;44.81;12.50;762.29;0.00;0.00;0.00
20.12.2020;7:10:20;3.33;44.79;12.51;762.30;0.00;0.00;0.00
20.12.2020;7:11:20;3.33;44.75;12.52;762.31;0.00;0.00;0.00
20.12.2020;7:12:20;3.33;44.73;12.54;762.31;0.00;0.00;0.00
20.12.2020;7:13:20;3.33;44.72;12.53;762.31;0.00;0.00;0.00
20.12.2020;7:14:20;3.33;44.73;12.53;762.31;0.00;0.00;0.00
20.12.2020;7:15:20;3.33;44.68;12.55;762.32;0.00;0.00;0.00
20.12.2020;7:16:21;3.33;44.66;12.56;762.31;0.00;0.00;0.00
20.12.2020;7:17:21;3.35;44.59;12.57;762.30;0.00;0.00;0.00
20.12.2020;7:18:21;3.33;44.57;12.58;762.30;0.00;0.00;0.00
20.12.2020;7:19:21;3.33;44.53;12.58;762.29;0.00;0.00;0.00
20.12.2020;7:20:21;3.36;44.52;12.59;762.30;0.00;0.00;0.00
20.12.2020;7:21:21;3.33;44.50;12.60;762.30;0.00;0.00;0.00
20.12.2020;7:22:21;3.33;44.47;12.60;762.28;0.00;0.00;0.00
20.12.2020;7:23:21;3.35;44.45;12.60;762.29;0.00;0.00;0.00
20.12.2020;7:24:21;3.33;44.46;12.60;762.28;0.00;0.00;0.00
20.12.2020;7:25:21;3.33;44.45;12.60;762.29;0.00;0.00;0.00
20.12.2020;7:26:21;3.33;44.47;12.60;762.30;0.00;0.00;0.00
20.12.2020;7:27:21;3.33;44.45;12.60;762.30;0.00;0.00;0.00
20.12.2020;7:28:21;3.33;44.47;12.60;762.29;0.00;0.00;0.00
20.12.2020;7:29:21;3.33;44.49;12.59;762.31;0.00;0.00;0.00
20.12.2020;7:30:21;3.33;44.49;12.59;762.30;0.00;0.00;0.00
20.12.2020;7:31:21;3.35;44.52;12.59;762.31;0.00;0.00;0.00
20.12.2020;7:32:21;3.33;44.55;12.59;762.33;0.00;0.00;0.00
20.12.2020;7:33:21;3.71;44.55;12.59;762.33;0.00;0.00;0.00
20.12.2020;7:34:21;4.19;44.58;12.59;762.32;0.00;0.00;0.00
20.12.2020;7:35:21;4.17;44.61;12.59;762.34;0.00;0.00;0.00
20.12.2020;7:36:21;4.17;44.60;12.59;762.33;0.00;0.00;0.00
20.12.2020;7:37:21;4.32;44.60;12.60;762.33;0.00;0.00;0.00
20.12.2020;7:38:21;5.00;44.62;12.59;762.34;0.00;0.00;0.00
20.12.2020;7:39:21;5.00;44.62;12.60;762.35;0.00;0.00;0.00
20.12.2020;7:40:21;5.19;44.63;12.60;762.37;0.00;0.00;0.00
20.12.2020;7:41:21;5.66;44.64;12.59;762.38;0.00;0.00;0.00
20.12.2020;7:42:21;5.83;44.69;12.58;762.40;0.00;0.00;0.00
20.12.2020;7:43:21;6.17;44.74;12.56;762.43;0.00;0.00;0.00
20.12.2020;7:44:21;6.67;44.78;12.57;762.44;0.00;0.00;0.00
20.12.2020;7:45:21;6.68;44.79;12.57;762.44;0.00;0.00;0.00
20.12.2020;7:46:21;6.71;44.82;12.56;762.46;0.00;0.00;0.00
20.12.2020;7:47:22;7.50;44.81;12.57;762.47;0.00;0.00;0.00
20.12.2020;7:48:22;8.44;44.78;12.57;762.47;0.00;0.00;0.00
20.12.2020;7:49:22;8.82;44.78;12.57;762.48;0.00;0.00;0.00
20.12.2020;7:50:22;8.67;44.78;12.58;762.48;0.00;0.00;0.00
20.12.2020;7:51:22;10.11;44.80;12.57;762.50;0.00;0.00;0.00
20.12.2020;7:52:22;12.90;44.87;12.54;762.51;0.00;0.00;0.00
20.12.2020;7:53:22;13.94;44.90;12.54;762.53;0.00;0.00;0.00
20.12.2020;7:54:22;14.17;44.92;12.54;762.53;0.00;0.00;0.00
20.12.2020;7:55:22;14.17;44.90;12.55;762.53;0.00;0.00;0.00
20.12.2020;7:56:22;14.26;44.84;12.56;762.53;0.00;0.00;0.00
20.12.2020;7:57:22;15.97;44.81;12.58;762.53;0.00;0.00;0.00
20.12.2020;7:58:22;18.53;44.76;12.58;762.53;0.00;0.00;0.00
20.12.2020;7:59:22;21.75;44.78;12.57;762.53;0.01;0.00;0.00
20.12.2020;8:00:22;23.69;44.80;12.55;762.54;0.02;0.00;0.00
20.12.2020;8:01:22;25.10;44.81;12.56;762.54;0.02;0.00;0.00
20.12.2020;8:02:22;26.82;44.82;12.57;762.55;0.02;0.00;0.00
20.12.2020;8:03:22;26.64;44.81;12.58;762.56;0.02;0.00;0.00
20.12.2020;8:04:22;28.02;44.80;12.59;762.56;0.03;0.00;0.00
20.12.2020;8:05:22;28.79;44.75;12.60;762.56;0.03;0.00;0.00
20.12.2020;8:06:22;30.43;44.71;12.61;762.56;0.03;0.00;0.00
20.12.2020;8:07:22;32.39;44.71;12.61;762.56;0.04;0.00;0.00
20.12.2020;8:08:22;34.68;44.70;12.62;762.57;0.05;0.00;0.00
20.12.2020;8:09:22;34.41;44.68;12.63;762.59;0.04;0.00;0.00
20.12.2020;8:10:22;36.33;44.67;12.64;762.61;0.05;0.00;0.00
20.12.2020;8:11:22;39.69;44.65;12.65;762.61;0.06;0.00;0.00
20.12.2020;8:12:22;44.56;44.62;12.67;762.61;0.08;0.00;0.00
20.12.2020;8:13:22;47.83;44.62;12.68;762.59;0.09;0.00;0.00
20.12.2020;8:14:22;50.58;44.56;12.70;762.59;0.09;0.00;0.00
20.12.2020;8:15:22;53.28;44.54;12.71;762.58;0.10;0.00;0.00
20.12.2020;8:16:23;57.29;44.48;12.73;762.57;0.11;0.00;0.00
20.12.2020;8:17:23;59.15;44.44;12.73;762.59;0.12;0.00;0.00
20.12.2020;8:18:23;58.52;44.42;12.74;762.61;0.12;0.00;0.00
20.12.2020;8:19:23;59.71;44.42;12.75;762.61;0.12;0.00;0.00
20.12.2020;8:20:23;62.00;44.38;12.76;762.61;0.13;0.00;0.00
20.12.2020;8:21:23;67.49;44.37;12.77;762.63;0.15;0.00;0.00
20.12.2020;8:22:23;71.03;44.33;12.78;762.64;0.16;0.00;0.00
20.12.2020;8:23:23;75.35;44.32;12.79;762.63;0.18;0.00;0.00
20.12.2020;8:24:23;81.96;44.31;12.79;762.63;0.20;0.00;0.00
20.12.2020;8:25:23;84.17;44.27;12.81;762.62;0.21;0.00;0.00
20.12.2020;8:26:23;84.17;44.23;12.82;762.64;0.21;0.00;0.00
20.12.2020;8:27:23;86.14;44.20;12.82;762.65;0.22;0.00;0.00
20.12.2020;8:28:23;92.96;44.18;12.82;762.65;0.24;0.00;0.00
20.12.2020;8:29:23;97.13;44.19;12.82;762.65;0.25;0.00;0.00
20.12.2020;8:30:23;98.64;44.18;12.83;762.67;0.26;0.00;0.00
20.12.2020;8:31:23;100.82;44.15;12.83;762.68;0.26;0.00;0.00
20.12.2020;8:32:23;106.41;44.16;12.83;762.70;0.28;0.00;0.00
20.12.2020;8:33:23;109.51;44.13;12.84;762.72;0.29;0.00;0.00
20.12.2020;8:34:23;106.67;44.13;12.85;762.73;0.28;0.00;0.00
20.12.2020;8:35:23;106.19;44.11;12.85;762.74;0.28;0.00;0.00
20.12.2020;8:36:23;110.68;44.08;12.85;762.75;0.30;0.00;0.00
20.12.2020;8:37:23;113.99;44.07;12.87;762.75;0.31;0.00;0.00
20.12.2020;8:38:23;113.11;44.05;12.87;762.74;0.30;0.00;0.00
20.12.2020;8:39:23;112.22;44.08;12.88;762.75;0.30;0.00;0.00
20.12.2020;8:40:23;115.01;44.05;12.89;762.76;0.30;0.00;0.00
20.12.2020;8:41:23;119.36;43.99;12.90;762.75;0.32;0.00;0.00
20.12.2020;8:42:23;120.83;43.97;12.91;762.78;0.32;0.00;0.00
20.12.2020;8:43:23;119.63;43.98;12.91;762.77;0.31;0.00;0.00
20.12.2020;8:44:23;116.04;43.95;12.93;762.78;0.30;0.00;0.00
20.12.2020;8:45:24;110.39;43.93;12.93;762.79;0.29;0.00;0.00
20.12.2020;8:46:24;106.74;43.93;12.93;762.81;0.27;0.00;0.00
20.12.2020;8:47:24;107.82;43.93;12.94;762.81;0.28;0.00;0.00
20.12.2020;8:48:24;112.31;43.92;12.95;762.81;0.29;0.00;0.00
20.12.2020;8:49:24;116.62;43.91;12.96;762.80;0.31;0.00;0.00
20.12.2020;8:50:24;120.08;43.87;12.97;762.81;0.32;0.00;0.00
20.12.2020;8:51:24;122.68;43.82;12.98;762.81;0.32;0.00;0.00
20.12.2020;8:52:24;129.17;43.83;12.98;762.82;0.34;0.00;0.00
20.12.2020;8:53:24;139.31;43.84;12.99;762.83;0.37;0.00;0.00
20.12.2020;8:54:24;143.74;43.80;12.99;762.81;0.38;0.00;0.00
20.12.2020;8:55:24;140.06;43.83;12.99;762.81;0.37;0.00;0.00
20.12.2020;8:56:24;135.64;43.82;13.00;762.82;0.35;0.00;0.00
20.12.2020;8:57:24;138.63;43.80;13.00;762.81;0.36;0.00;0.00
20.12.2020;8:58:24;146.56;43.81;13.00;762.82;0.39;0.00;0.00
20.12.2020;8:59:24;150.49;43.81;13.00;762.81;0.40;0.00;0.00
20.12.2020;9:00:24;147.67;43.80;13.00;762.80;0.39;0.00;0.00
20.12.2020;9:01:24;146.31;43.80;13.00;762.81;0.38;0.00;0.00
20.12.2020;9:02:24;151.89;43.81;13.00;762.81;0.40;0.00;0.00
20.12.2020;9:03:24;161.81;43.80;13.01;762.80;0.43;0.02;0.01
20.12.2020;9:04:24;170.00;43.79;13.01;762.78;0.46;0.08;0.04
20.12.2020;9:05:24;171.50;43.75;13.02;762.78;0.46;0.09;0.04
20.12.2020;9:06:24;169.93;43.73;13.02;762.79;0.45;0.08;0.03
20.12.2020;9:07:24;167.81;43.72;13.02;762.79;0.44;0.05;0.02
20.12.2020;9:08:24;163.33;43.73;13.03;762.78;0.42;0.01;0.00
20.12.2020;9:09:24;159.31;43.72;13.03;762.79;0.40;0.00;0.00
20.12.2020;9:10:24;160.44;43.70;13.03;762.80;0.40;0.00;0.00
20.12.2020;9:11:24;167.13;43.70;13.03;762.80;0.42;0.00;0.00
20.12.2020;9:12:25;175.54;43.66;13.04;762.80;0.44;0.04;0.02
20.12.2020;9:13:25;181.20;43.64;13.05;762.80;0.46;0.09;0.04
20.12.2020;9:14:25;185.10;43.63;13.05;762.79;0.46;0.07;0.03
20.12.2020;9:15:25;190.90;43.62;13.06;762.79;0.47;0.10;0.05
20.12.2020;9:16:25;201.27;43.61;13.07;762.78;0.51;0.16;0.08
20.12.2020;9:17:25;209.21;43.60;13.07;762.79;0.54;0.21;0.12
20.12.2020;9:18:25;204.75;43.59;13.06;762.81;0.51;0.17;0.08
20.12.2020;9:19:25;197.94;43.61;13.06;762.81;0.47;0.11;0.05
20.12.2020;9:20:25;204.10;43.64;13.04;762.84;0.51;0.17;0.09
20.12.2020;9:21:25;229.35;43.69;13.03;762.85;0.62;0.35;0.22
20.12.2020;9:22:25;253.54;43.70;13.03;762.85;0.71;0.50;0.35
20.12.2020;9:23:25;302.49;43.69;13.04;762.85;0.90;0.82;0.74
20.12.2020;9:24:25;297.39;43.69;13.05;762.86;0.87;0.75;0.65
20.12.2020;9:25:25;272.26;43.67;13.05;762.86;0.75;0.56;0.42
20.12.2020;9:26:25;295.29;43.67;13.05;762.87;0.84;0.71;0.60
20.12.2020;9:27:25;318.61;43.70;13.06;762.88;0.95;0.89;0.85
20.12.2020;9:28:25;317.61;43.68;13.06;762.90;0.97;0.91;0.88
20.12.2020;9:29:25;303.36;43.65;13.07;762.91;0.93;0.86;0.80
20.12.2020;9:30:25;294.11;43.66;13.06;762.92;0.90;0.81;0.72
20.12.2020;9:31:25;308.93;43.67;13.08;762.93;0.95;0.90;0.86
20.12.2020;9:32:25;333.19;43.66;13.09;762.93;1.05;1.06;1.11
20.12.2020;9:33:25;340.90;43.63;13.11;762.92;1.08;1.10;1.18
20.12.2020;9:34:25;335.76;43.60;13.13;762.93;1.05;1.06;1.11
20.12.2020;9:35:25;325.83;43.56;13.14;762.93;1.01;0.99;1.00
20.12.2020;9:36:25;313.06;43.51;13.15;762.93;0.96;0.90;0.86
20.12.2020;9:37:25;303.60;43.51;13.15;762.93;0.92;0.83;0.77
20.12.2020;9:38:25;296.93;43.49;13.16;762.93;0.89;0.80;0.71
20.12.2020;9:39:25;297.43;43.47;13.16;762.92;0.90;0.80;0.72
20.12.2020;9:40:26;307.37;43.46;13.16;762.93;0.94;0.88;0.82
20.12.2020;9:41:26;321.72;43.45;13.17;762.92;0.99;0.96;0.95
20.12.2020;9:42:26;334.56;43.43;13.18;762.93;1.03;1.02;1.06
20.12.2020;9:43:26;344.97;43.41;13.19;762.93;1.06;1.08;1.15
20.12.2020;9:44:26;348.44;43.35;13.20;762.92;1.07;1.09;1.16
20.12.2020;9:45:26;351.05;43.33;13.22;762.93;1.07;1.10;1.18
20.12.2020;9:46:26;359.12;43.31;13.23;762.94;1.10;1.14;1.26
20.12.2020;9:47:26;365.28;43.27;13.25;762.96;1.12;1.19;1.32
20.12.2020;9:48:26;364.24;43.23;13.26;762.96;1.10;1.15;1.27
20.12.2020;9:49:26;356.92;43.20;13.27;762.97;1.07;1.10;1.18
20.12.2020;9:50:26;356.31;43.14;13.28;762.97;1.07;1.09;1.16
20.12.2020;9:51:26;359.19;43.12;13.29;762.98;1.08;1.11;1.20
20.12.2020;9:52:26;367.49;43.12;13.30;762.98;1.12;1.18;1.33
20.12.2020;9:53:26;388.60;43.08;13.31;762.98;1.19;1.29;1.54
20.12.2020;9:54:26;414.83;43.04;13.32;762.98;1.27;1.44;1.83
20.12.2020;9:55:26;426.92;43.03;13.33;762.98;1.31;1.50;1.96
20.12.2020;9:56:26;428.28;43.02;13.33;762.99;1.30;1.50;1.95
20.12.2020;9:57:26;427.20;43.03;13.32;763.00;1.29;1.47;1.90
20.12.2020;9:58:26;423.96;43.09;13.30;763.01;1.28;1.44;1.85
20.12.2020;9:59:26;417.54;43.12;13.31;763.00;1.26;1.40;1.76
20.12.2020;10:00:26;416.14;43.06;13.32;763.00;1.25;1.40;1.74
20.12.2020;10:01:26;429.63;43.05;13.34;763.00;1.29;1.46;1.87
20.12.2020;10:02:26;462.07;42.99;13.34;763.00;1.40;1.63;2.28
20.12.2020;10:03:26;497.85;42.99;13.36;763.00;1.51;1.84;2.78
20.12.2020;10:04:26;520.25;42.97;13.37;763.00;1.58;1.95;3.08
20.12.2020;10:05:26;527.87;42.92;13.40;763.01;1.61;1.99;3.20
20.12.2020;10:06:26;533.87;42.88;13.42;763.00;1.63;2.01;3.26
20.12.2020;10:07:26;550.58;42.81;13.43;763.00;1.67;2.09;3.51
20.12.2020;10:08:27;562.89;42.83;13.45;762.99;1.71;2.15;3.68
20.12.2020;10:09:27;576.06;42.77;13.47;762.99;1.75;2.21;3.86
20.12.2020;10:10:27;586.21;42.71;13.48;762.99;1.77;2.23;3.95
20.12.2020;10:11:27;600.95;42.71;13.49;763.00;1.81;2.26;4.09
20.12.2020;10:12:27;615.46;42.66;13.50;762.99;1.86;2.30;4.26
20.12.2020;10:13:27;627.84;42.63;13.52;763.00;1.89;2.35;4.46
20.12.2020;10:14:27;653.44;42.61;13.54;763.00;1.97;2.48;4.88
20.12.2020;10:15:27;699.49;42.57;13.57;763.00;2.08;2.71;5.65
20.12.2020;10:16:27;760.79;42.54;13.61;763.01;2.23;2.98;6.65
20.12.2020;10:17:27;828.65;42.43;13.64;763.01;2.39;3.23;7.71
20.12.2020;10:18:27;874.22;42.35;13.68;763.01;2.49;3.41;8.49
20.12.2020;10:19:27;892.97;42.28;13.73;763.02;2.53;3.49;8.84
20.12.2020;10:20:27;911.88;42.19;13.77;763.02;2.57;3.56;9.16
20.12.2020;10:21:27;940.07;42.08;13.82;763.01;2.64;3.67;9.69
20.12.2020;10:22:27;998.49;41.99;13.86;763.01;2.77;3.87;10.72
20.12.2020;10:23:27;1080.37;41.88;13.91;763.01;2.94;4.15;12.20
20.12.2020;10:24:27;1137.54;41.76;13.96;763.03;3.05;4.34;13.26
20.12.2020;10:25:27;1213.25;41.64;14.02;763.02;3.19;4.58;14.61
20.12.2020;10:26:27;1249.62;41.51;14.09;763.00;3.25;4.69;15.25
20.12.2020;10:27:27;1231.24;41.40;14.15;762.99;3.22;4.62;14.86
20.12.2020;10:28:27;1236.10;41.26;14.19;762.97;3.22;4.63;14.92
20.12.2020;10:29:27;1104.57;41.18;14.23;762.98;2.96;4.19;12.39
20.12.2020;10:30:27;958.74;41.12;14.23;762.97;2.64;3.66;9.65
20.12.2020;10:31:27;916.35;41.10;14.22;762.98;2.56;3.52;8.99
20.12.2020;10:32:27;896.92;41.09;14.22;762.98;2.51;3.44;8.64
20.12.2020;10:33:28;887.49;41.08;14.22;762.98;2.50;3.44;8.59
20.12.2020;10:34:28;976.88;41.07;14.24;762.99;2.72;3.79;10.30
20.12.2020;10:35:28;926.79;41.01;14.26;763.00;2.61;3.61;9.41
20.12.2020;10:36:28;845.07;41.00;14.25;763.01;2.41;3.28;7.92
20.12.2020;10:37:28;816.21;41.02;14.24;763.02;2.34;3.17;7.41
20.12.2020;10:38:28;776.48;41.07;14.22;763.03;2.23;2.99;6.66
20.12.2020;10:39:28;711.10;41.09;14.20;763.03;2.05;2.66;5.47
20.12.2020;10:40:28;736.19;41.12;14.19;763.04;2.14;2.83;6.06
20.12.2020;10:41:28;800.79;41.16;14.19;763.06;2.32;3.12;7.24
20.12.2020;10:42:28;709.06;41.19;14.18;763.07;2.07;2.69;5.57
20.12.2020;10:43:28;647.88;41.24;14.16;763.08;1.90;2.36;4.47
20.12.2020;10:44:28;641.08;41.29;14.13;763.09;1.87;2.31;4.31
20.12.2020;10:45:28;632.30;41.35;14.11;763.10;1.84;2.29;4.20
20.12.2020;10:46:28;626.51;41.40;14.09;763.11;1.82;2.27;4.13
20.12.2020;10:47:28;614.63;41.47;14.07;763.10;1.80;2.27;4.09
20.12.2020;10:48:28;614.72;41.51;14.03;763.09;1.80;2.27;4.09
20.12.2020;10:49:28;621.83;41.60;14.00;763.08;1.82;2.29;4.16
20.12.2020;10:50:28;637.90;41.63;14.00;763.06;1.86;2.31;4.29
20.12.2020;10:51:28;666.00;41.64;14.01;763.06;1.93;2.41;4.65
20.12.2020;10:52:28;716.62;41.61;14.02;763.05;2.04;2.65;5.41
20.12.2020;10:53:28;776.75;41.62;14.03;763.05;2.21;2.94;6.48
20.12.2020;10:54:28;841.15;41.60;14.04;763.06;2.39;3.25;7.76
20.12.2020;10:55:28;803.12;41.56;14.07;763.06;2.30;3.10;7.13
20.12.2020;10:56:28;698.21;41.53;14.08;763.05;2.04;2.64;5.39
20.12.2020;10:57:28;641.03;41.51;14.06;763.05;1.89;2.36;4.47
20.12.2020;10:58:28;607.42;41.51;14.07;763.05;1.79;2.25;4.03
20.12.2020;10:59:28;595.07;41.51;14.06;763.05;1.75;2.21;3.87
20.12.2020;11:00:29;589.82;41.51;14.05;763.05;1.73;2.20;3.81
20.12.2020;11:01:29;584.15;41.52;14.05;763.07;1.71;2.14;3.66
20.12.2020;11:02:29;562.01;41.50;14.05;763.08;1.65;2.05;3.38
20.12.2020;11:03:29;525.38;41.51;14.03;763.08;1.55;1.90;2.96
20.12.2020;11:04:29;486.05;41.52;14.02;763.10;1.45;1.72;2.49
20.12.2020;11:05:29;464.04;41.55;13.99;763.09;1.38;1.61;2.23
20.12.2020;11:06:29;470.51;41.60;13.97;763.09;1.40;1.63;2.28
20.12.2020;11:07:29;486.81;41.66;13.95;763.09;1.44;1.71;2.46
20.12.2020;11:08:29;505.21;41.70;13.94;763.08;1.49;1.79;2.66
20.12.2020;11:09:29;502.43;41.71;13.92;763.07;1.48;1.78;2.62
20.12.2020;11:10:29;493.07;41.79;13.90;763.06;1.44;1.72;2.48
20.12.2020;11:11:29;482.90;41.85;13.88;763.07;1.41;1.65;2.33
20.12.2020;11:12:29;473.32;41.89;13.85;763.09;1.38;1.60;2.21
20.12.2020;11:13:29;469.99;41.97;13.84;763.09;1.36;1.58;2.15
20.12.2020;11:14:29;464.93;42.03;13.84;763.10;1.35;1.56;2.09
20.12.2020;11:15:29;456.00;42.05;13.85;763.09;1.32;1.51;1.99
20.12.2020;11:16:29;454.49;42.02;13.81;763.10;1.31;1.49;1.94
20.12.2020;11:17:29;461.46;42.07;13.80;763.10;1.32;1.52;2.01
20.12.2020;11:18:29;473.87;42.11;13.77;763.11;1.37;1.59;2.18
20.12.2020;11:19:29;524.56;42.19;13.76;763.10;1.52;1.85;2.83
20.12.2020;11:20:29;635.62;42.25;13.78;763.11;1.85;2.31;4.27
20.12.2020;11:21:29;675.25;42.20;13.81;763.10;1.94;2.43;4.73
20.12.2020;11:22:29;640.88;42.13;13.82;763.10;1.84;2.30;4.23
20.12.2020;11:23:29;581.20;42.09;13.81;763.10;1.67;2.09;3.51
20.12.2020;11:24:29;550.72;42.14;13.80;763.11;1.60;1.99;3.19
20.12.2020;11:25:29;518.69;42.14;13.79;763.11;1.51;1.84;2.79
20.12.2020;11:26:29;489.31;42.17;13.79;763.11;1.42;1.67;2.38
20.12.2020;11:27:30;477.28;42.18;13.78;763.10;1.38;1.60;2.21
20.12.2020;11:28:30;477.29;42.16;13.77;763.09;1.38;1.60;2.21
20.12.2020;11:29:30;499.26;42.19;13.77;763.08;1.44;1.70;2.45
20.12.2020;11:30:30;517.89;42.22;13.77;763.09;1.49;1.80;2.68
20.12.2020;11:31:30;496.69;42.22;13.77;763.09;1.44;1.70;2.45
20.12.2020;11:32:30;469.72;42.19;13.78;763.10;1.36;1.58;2.15
20.12.2020;11:33:30;435.64;42.18;13.77;763.10;1.26;1.41;1.77
20.12.2020;11:34:30;419.21;42.20;13.76;763.11;1.21;1.33;1.61
20.12.2020;11:35:30;409.69;42.20;13.76;763.09;1.18;1.27;1.50
20.12.2020;11:36:30;399.24;42.22;13.75;763.08;1.14;1.21;1.38
20.12.2020;11:37:30;399.42;42.20;13.73;763.07;1.15;1.23;1.40
20.12.2020;11:38:30;388.71;42.27;13.70;763.06;1.11;1.17;1.30
20.12.2020;11:39:30;372.12;42.34;13.70;763.07;1.06;1.07;1.13
20.12.2020;11:40:30;350.32;42.32;13.69;763.08;0.99;0.95;0.94
20.12.2020;11:41:30;313.56;42.34;13.68;763.10;0.87;0.75;0.65
20.12.2020;11:42:30;286.72;42.35;13.67;763.10;0.77;0.60;0.46
20.12.2020;11:43:30;277.50;42.37;13.66;763.09;0.73;0.52;0.38
20.12.2020;11:44:30;275.50;42.41;13.65;763.09;0.71;0.50;0.36
20.12.2020;11:45:30;283.29;42.42;13.65;763.08;0.73;0.52;0.38
20.12.2020;11:46:30;311.92;42.40;13.66;763.06;0.81;0.67;0.55
20.12.2020;11:47:30;373.50;42.46;13.64;763.05;1.01;0.99;1.00
20.12.2020;11:48:30;393.87;42.50;13.63;763.05;1.07;1.08;1.15
20.12.2020;11:49:30;372.83;42.52;13.62;763.06;0.99;0.96;0.95
20.12.2020;11:50:30;406.61;42.55;13.62;763.07;1.12;1.17;1.31
20.12.2020;11:51:30;479.13;42.52;13.63;763.10;1.36;1.57;2.13
20.12.2020;11:52:30;505.04;42.52;13.63;763.11;1.41;1.66;2.34
20.12.2020;11:53:30;532.90;42.52;13.64;763.11;1.49;1.80;2.69
20.12.2020;11:54:30;594.99;42.49;13.66;763.10;1.67;2.08;3.47
20.12.2020;11:55:31;551.29;42.45;13.67;763.09;1.53;1.86;2.85
20.12.2020;11:56:31;632.88;42.49;13.68;763.08;1.80;2.25;4.05
20.12.2020;11:57:31;644.86;42.43;13.72;763.09;1.85;2.29;4.24
20.12.2020;11:58:31;677.39;42.38;13.74;763.09;1.96;2.48;4.85
20.12.2020;11:59:31;702.78;42.34;13.76;763.09;2.03;2.61;5.31
20.12.2020;12:00:31;685.96;42.26;13.78;763.09;2.00;2.56;5.12
20.12.2020;12:01:31;657.75;42.24;13.80;763.08;1.94;2.43;4.71
20.12.2020;12:02:31;654.42;42.20;13.81;763.10;1.92;2.40;4.61
20.12.2020;12:03:31;674.12;42.15;13.84;763.10;1.97;2.49;4.89
20.12.2020;12:04:31;682.36;42.12;13.85;763.08;1.99;2.52;5.01
20.12.2020;12:05:31;676.61;42.10;13.85;763.07;1.97;2.49;4.90
20.12.2020;12:06:31;656.21;42.09;13.86;763.07;1.91;2.38;4.55
20.12.2020;12:07:31;656.30;42.05;13.87;763.06;1.90;2.35;4.46
20.12.2020;12:08:31;640.72;42.00;13.87;763.04;1.83;2.27;4.15
20.12.2020;12:09:31;662.20;42.00;13.88;763.03;1.89;2.36;4.46
20.12.2020;12:10:31;746.90;41.97;13.89;763.03;2.11;2.77;5.86
20.12.2020;12:11:31;796.79;41.92;13.92;763.02;2.24;3.00;6.71
20.12.2020;12:12:31;767.23;41.87;13.93;763.02;2.14;2.83;6.07
20.12.2020;12:13:31;708.61;41.86;13.91;763.02;1.99;2.55;5.08
20.12.2020;12:14:31;747.71;41.93;13.91;763.01;2.12;2.80;5.93
20.12.2020;12:15:31;783.37;41.93;13.92;763.00;2.23;2.99;6.64
20.12.2020;12:16:31;792.46;41.86;13.94;763.00;2.26;3.03;6.85
20.12.2020;12:17:31;772.93;41.77;13.93;763.00;2.22;2.97;6.60
20.12.2020;12:18:31;756.11;41.75;13.91;763.01;2.19;2.91;6.37
20.12.2020;12:19:31;723.49;41.86;13.91;763.02;2.09;2.73;5.71
20.12.2020;12:20:31;663.71;41.90;13.92;763.03;1.92;2.39;4.59
20.12.2020;12:21:32;645.68;41.94;13.91;763.02;1.87;2.31;4.31
20.12.2020;12:22:32;672.01;41.90;13.92;763.02;1.95;2.46;4.81
20.12.2020;12:23:32;762.26;41.84;13.95;763.01;2.20;2.93;6.46
20.12.2020;12:24:32;812.78;41.74;13.97;763.01;2.33;3.16;7.37
20.12.2020;12:25:32;829.14;41.75;13.97;763.02;2.38;3.22;7.66
20.12.2020;12:26:32;839.41;41.73;13.99;763.03;2.41;3.30;7.94
20.12.2020;12:27:32;817.58;41.63;14.04;763.04;2.36;3.21;7.57
20.12.2020;12:28:32;769.35;41.59;14.04;763.05;2.24;3.00;6.71
20.12.2020;12:29:32;750.69;41.57;14.04;763.03;2.18;2.90;6.31
20.12.2020;12:30:32;735.76;41.58;14.04;763.03;2.13;2.81;5.98
20.12.2020;12:31:32;741.91;41.57;14.04;763.02;2.14;2.84;6.08
20.12.2020;12:32:32;780.22;41.56;14.04;763.01;2.24;3.00;6.71
20.12.2020;12:33:32;833.87;41.50;14.05;763.01;2.36;3.22;7.61
20.12.2020;12:34:32;858.89;41.53;14.05;763.01;2.42;3.31;8.03
20.12.2020;12:35:32;898.64;41.49;14.08;763.01;2.52;3.45;8.69
20.12.2020;12:36:32;908.67;41.46;14.08;763.02;2.53;3.48;8.83
20.12.2020;12:37:32;860.06;41.50;14.07;763.03;2.41;3.29;7.92
20.12.2020;12:38:32;792.53;41.51;14.07;763.02;2.25;3.00;6.75
20.12.2020;12:39:32;806.08;41.49;14.07;763.02;2.28;3.06;6.96
20.12.2020;12:40:32;775.12;41.56;14.06;763.02;2.20;2.95;6.50
20.12.2020;12:41:32;707.06;41.55;14.05;763.01;2.05;2.65;5.43
20.12.2020;12:42:32;655.47;41.57;14.03;763.01;1.91;2.39;4.58
20.12.2020;12:43:32;616.48;41.63;14.02;763.01;1.81;2.26;4.10
20.12.2020;12:44:32;595.11;41.62;14.01;763.01;1.75;2.20;3.85
20.12.2020;12:45:32;584.04;41.59;13.99;762.99;1.72;2.17;3.74
20.12.2020;12:46:32;563.88;41.69;13.95;762.98;1.66;2.08;3.46
20.12.2020;12:47:32;535.10;41.73;13.95;762.99;1.58;1.95;3.08
20.12.2020;12:48:33;501.78;41.75;13.94;762.99;1.48;1.78;2.63
20.12.2020;12:49:33;471.78;41.76;13.92;762.99;1.40;1.63;2.28
20.12.2020;12:50:33;456.71;41.74;13.90;762.98;1.35;1.58;2.13
20.12.2020;12:51:33;449.46;41.85;13.86;762.99;1.33;1.53;2.04
20.12.2020;12:52:33;446.58;41.93;13.84;762.99;1.32;1.51;2.00
20.12.2020;12:53:33;444.01;41.97;13.82;762.98;1.32;1.50;1.97
20.12.2020;12:54:33;441.60;42.01;13.81;762.98;1.31;1.49;1.94
20.12.2020;12:55:33;466.29;42.03;13.79;762.98;1.36;1.57;2.14
20.12.2020;12:56:33;572.28;42.06;13.79;762.98;1.63;2.02;3.30
20.12.2020;12:57:33;653.18;42.04;13.83;762.98;1.87;2.31;4.31
20.12.2020;12:58:33;641.58;41.96;13.85;762.98;1.85;2.29;4.25
20.12.2020;12:59:33;625.67;41.95;13.85;762.98;1.80;2.26;4.07
20.12.2020;13:00:33;625.95;41.96;13.85;762.97;1.79;2.26;4.05
20.12.2020;13:01:33;625.35;41.93;13.85;762.99;1.80;2.26;4.07
20.12.2020;13:02:33;605.56;41.96;13.84;762.99;1.76;2.22;3.91
20.12.2020;13:03:33;579.92;41.93;13.83;762.99;1.70;2.12;3.60
20.12.2020;13:04:33;553.64;41.96;13.83;762.99;1.62;2.02;3.28
20.12.2020;13:05:33;561.40;41.97;13.83;762.99;1.64;2.04;3.34
20.12.2020;13:06:33;586.54;41.88;13.82;763.00;1.72;2.16;3.70
20.12.2020;13:07:33;593.80;41.92;13.81;763.00;1.74;2.20;3.83
20.12.2020;13:08:33;591.15;41.91;13.81;763.01;1.75;2.20;3.85
20.12.2020;13:09:33;568.71;41.94;13.79;763.02;1.70;2.14;3.63
20.12.2020;13:10:33;537.40;42.01;13.75;763.05;1.62;2.00;3.23
20.12.2020;13:11:33;545.99;42.15;13.73;763.05;1.63;2.03;3.30
20.12.2020;13:12:33;584.79;42.21;13.74;763.04;1.72;2.17;3.73
20.12.2020;13:13:33;620.29;42.13;13.76;763.03;1.81;2.27;4.11
20.12.2020;13:14:33;663.47;42.08;13.77;763.02;1.95;2.45;4.77
20.12.2020;13:15:34;675.03;42.12;13.78;763.00;1.98;2.51;4.98
20.12.2020;13:16:34;648.64;42.10;13.77;763.01;1.90;2.37;4.50
20.12.2020;13:17:34;626.61;42.09;13.77;763.02;1.84;2.28;4.19
20.12.2020;13:18:34;611.14;42.06;13.78;763.02;1.80;2.27;4.08
20.12.2020;13:19:34;588.71;42.09;13.77;763.03;1.74;2.19;3.80
20.12.2020;13:20:34;578.07;42.04;13.77;763.03;1.71;2.14;3.66
20.12.2020;13:21:34;581.67;42.07;13.76;763.03;1.71;2.16;3.71
20.12.2020;13:22:34;585.23;42.07;13.76;763.03;1.72;2.17;3.73
20.12.2020;13:23:34;604.78;42.08;13.75;763.05;1.77;2.22;3.93
20.12.2020;13:24:34;602.82;42.04;13.73;763.05;1.76;2.23;3.94
20.12.2020;13:25:34;572.35;42.12;13.74;763.06;1.68;2.12;3.57
20.12.2020;13:26:34;548.35;42.13;13.73;763.06;1.61;2.00;3.22
20.12.2020;13:27:34;528.76;42.16;13.71;763.06;1.56;1.90;2.95
20.12.2020;13:28:34;506.78;42.18;13.70;763.05;1.50;1.81;2.71
20.12.2020;13:29:34;500.89;42.20;13.68;763.07;1.49;1.79;2.67
20.12.2020;13:30:34;506.07;42.22;13.66;763.06;1.51;1.82;2.74
20.12.2020;13:31:34;521.02;42.26;13.64;763.07;1.56;1.91;2.96
20.12.2020;13:32:34;538.46;42.32;13.63;763.07;1.61;1.99;3.20
20.12.2020;13:33:34;553.31;42.24;13.61;763.07;1.65;2.05;3.39
20.12.2020;13:34:34;568.55;42.33;13.59;763.06;1.68;2.10;3.54
20.12.2020;13:35:34;563.61;42.38;13.58;763.06;1.66;2.08;3.47
20.12.2020;13:36:34;541.94;42.45;13.58;763.07;1.60;1.97;3.16
20.12.2020;13:37:34;531.89;42.47;13.58;763.08;1.58;1.94;3.05
20.12.2020;13:38:34;526.71;42.46;13.57;763.09;1.57;1.91;3.00
20.12.2020;13:39:34;519.27;42.49;13.55;763.09;1.56;1.90;2.95
20.12.2020;13:40:34;515.49;42.51;13.55;763.08;1.55;1.90;2.94
20.12.2020;13:41:34;516.88;42.50;13.56;763.08;1.55;1.90;2.96
20.12.2020;13:42:35;515.68;42.49;13.57;763.08;1.55;1.89;2.92
20.12.2020;13:43:35;526.94;42.49;13.59;763.08;1.58;1.94;3.05
20.12.2020;13:44:35;543.75;42.44;13.59;763.08;1.61;2.01;3.24
20.12.2020;13:45:35;568.65;42.39;13.60;763.08;1.68;2.11;3.54
20.12.2020;13:46:35;591.03;42.38;13.60;763.10;1.74;2.20;3.83
20.12.2020;13:47:35;594.69;42.36;13.61;763.10;1.74;2.20;3.84
20.12.2020;13:48:35;589.66;42.37;13.62;763.10;1.73;2.19;3.79
20.12.2020;13:49:35;586.36;42.34;13.63;763.10;1.72;2.17;3.74
20.12.2020;13:50:35;585.69;42.32;13.64;763.10;1.72;2.16;3.71
20.12.2020;13:51:35;605.35;42.26;13.65;763.10;1.77;2.23;3.95
20.12.2020;13:52:35;623.76;42.26;13.65;763.10;1.83;2.28;4.17
20.12.2020;13:53:35;602.60;42.21;13.67;763.11;1.79;2.24;4.00
20.12.2020;13:54:35;566.63;42.15;13.66;763.11;1.69;2.12;3.58
20.12.2020;13:55:35;563.76;42.19;13.65;763.11;1.67;2.10;3.51
20.12.2020;13:56:35;576.79;42.31;13.63;763.11;1.70;2.13;3.62
20.12.2020;13:57:35;577.68;42.34;13.65;763.12;1.70;2.14;3.64
20.12.2020;13:58:35;573.26;42.26;13.65;763.14;1.69;2.12;3.59
20.12.2020;13:59:35;558.61;42.22;13.67;763.15;1.66;2.07;3.44
20.12.2020;14:00:35;552.02;42.15;13.68;763.15;1.64;2.04;3.34
20.12.2020;14:01:35;549.93;42.12;13.68;763.16;1.63;2.02;3.31
20.12.2020;14:02:35;560.21;42.18;13.68;763.17;1.66;2.07;3.44
20.12.2020;14:03:35;586.03;42.19;13.67;763.16;1.73;2.18;3.76
20.12.2020;14:04:35;605.74;42.22;13.67;763.17;1.78;2.23;3.98
20.12.2020;14:05:35;602.90;42.10;13.68;763.18;1.78;2.24;3.99
20.12.2020;14:06:35;589.35;42.08;13.66;763.18;1.75;2.20;3.86
20.12.2020;14:07:35;581.51;42.18;13.64;763.20;1.74;2.19;3.81
20.12.2020;14:08:35;575.47;42.25;13.62;763.19;1.73;2.18;3.77
20.12.2020;14:09:36;575.92;42.12;13.62;763.17;1.72;2.17;3.75
20.12.2020;14:10:36;551.99;42.14;13.62;763.18;1.66;2.07;3.44
20.12.2020;14:11:36;511.46;42.23;13.63;763.18;1.55;1.91;2.97
20.12.2020;14:12:36;477.53;42.22;13.65;763.18;1.45;1.73;2.52
20.12.2020;14:13:36;458.76;42.20;13.64;763.19;1.40;1.65;2.30
20.12.2020;14:14:36;455.65;42.26;13.61;763.19;1.39;1.61;2.24
20.12.2020;14:15:36;465.38;42.26;13.59;763.19;1.42;1.67;2.37
20.12.2020;14:16:36;469.69;42.24;13.60;763.19;1.43;1.69;2.43
20.12.2020;14:17:36;455.55;42.28;13.59;763.19;1.40;1.64;2.29
20.12.2020;14:18:36;439.90;42.27;13.57;763.19;1.35;1.56;2.11
20.12.2020;14:19:36;427.53;42.33;13.54;763.19;1.31;1.49;1.95
20.12.2020;14:20:36;421.48;42.37;13.52;763.21;1.29;1.46;1.88
20.12.2020;14:21:36;416.97;42.40;13.51;763.21;1.28;1.43;1.83
20.12.2020;14:22:36;414.24;42.38;13.49;763.21;1.27;1.42;1.81
20.12.2020;14:23:36;410.44;42.43;13.47;763.21;1.26;1.40;1.77
20.12.2020;14:24:36;403.01;42.48;13.46;763.22;1.24;1.39;1.72
20.12.2020;14:25:36;402.46;42.45;13.45;763.24;1.24;1.39;1.72
20.12.2020;14:26:36;400.93;42.51;13.44;763.23;1.24;1.38;1.71
20.12.2020;14:27:36;403.32;42.57;13.43;763.24;1.24;1.38;1.71
20.12.2020;14:28:36;414.68;42.59;13.43;763.23;1.27;1.43;1.81
20.12.2020;14:29:36;418.18;42.57;13.42;763.23;1.28;1.44;1.85
20.12.2020;14:30:36;425.10;42.59;13.42;763.25;1.30;1.49;1.94
20.12.2020;14:31:36;430.33;42.62;13.42;763.26;1.31;1.50;1.97
20.12.2020;14:32:36;439.00;42.59;13.41;763.27;1.33;1.54;2.05
20.12.2020;14:33:36;456.25;42.64;13.40;763.27;1.38;1.61;2.23
20.12.2020;14:34:36;473.64;42.64;13.39;763.27;1.43;1.69;2.42
20.12.2020;14:35:36;485.64;42.67;13.39;763.27;1.47;1.77;2.60
20.12.2020;14:36:37;484.93;42.67;13.39;763.28;1.48;1.77;2.61
20.12.2020;14:37:37;482.13;42.66;13.39;763.28;1.47;1.77;2.60
20.12.2020;14:38:37;485.58;42.70;13.38;763.29;1.48;1.78;2.64
20.12.2020;14:39:37;487.44;42.64;13.38;763.29;1.49;1.80;2.68
20.12.2020;14:40:37;478.82;42.72;13.39;763.31;1.47;1.77;2.60
20.12.2020;14:41:37;475.47;42.71;13.39;763.32;1.46;1.73;2.52
20.12.2020;14:42:37;473.90;42.69;13.39;763.32;1.45;1.72;2.50
20.12.2020;14:43:37;460.56;42.61;13.39;763.32;1.42;1.68;2.39
20.12.2020;14:44:37;442.02;42.69;13.37;763.33;1.37;1.59;2.18
20.12.2020;14:45:37;419.85;42.77;13.38;763.33;1.31;1.50;1.96
20.12.2020;14:46:37;412.61;42.73;13.38;763.34;1.28;1.45;1.86
20.12.2020;14:47:37;413.36;42.63;13.37;763.34;1.28;1.45;1.86
20.12.2020;14:48:37;401.36;42.68;13.37;763.35;1.25;1.40;1.75
20.12.2020;14:49:37;390.53;42.75;13.36;763.35;1.22;1.36;1.66
20.12.2020;14:50:37;372.83;42.77;13.36;763.35;1.18;1.28;1.50
20.12.2020;14:51:37;360.93;42.77;13.35;763.34;1.14;1.21;1.37
20.12.2020;14:52:37;353.96;42.74;13.34;763.34;1.11;1.17;1.30
20.12.2020;14:53:37;344.60;42.74;13.32;763.34;1.08;1.11;1.20
20.12.2020;14:54:37;329.97;42.66;13.29;763.35;1.04;1.02;1.06
20.12.2020;14:55:37;322.01;42.77;13.26;763.36;1.01;0.99;1.00
20.12.2020;14:56:37;313.45;42.91;13.24;763.36;0.98;0.94;0.92
20.12.2020;14:57:37;308.79;42.89;13.23;763.36;0.97;0.92;0.89
20.12.2020;14:58:37;321.27;42.87;13.21;763.38;1.00;0.98;0.98
20.12.2020;14:59:37;335.85;42.99;13.19;763.39;1.05;1.06;1.12
20.12.2020;15:00:37;340.01;42.99;13.18;763.41;1.06;1.09;1.16
20.12.2020;15:01:37;324.38;42.95;13.16;763.43;1.03;1.01;1.03
20.12.2020;15:02:37;306.00;42.93;13.14;763.43;0.98;0.94;0.92
20.12.2020;15:03:37;293.46;42.99;13.11;763.43;0.94;0.88;0.82
20.12.2020;15:04:38;283.07;43.20;13.10;763.43;0.91;0.81;0.73
20.12.2020;15:05:38;272.91;43.06;13.09;763.43;0.87;0.77;0.68
20.12.2020;15:06:38;261.49;43.25;13.06;763.43;0.84;0.70;0.58
20.12.2020;15:07:38;251.26;43.34;13.06;763.44;0.80;0.65;0.52
20.12.2020;15:08:38;238.05;43.27;13.06;763.45;0.76;0.57;0.43
20.12.2020;15:09:38;232.42;43.35;13.04;763.45;0.74;0.53;0.39
20.12.2020;15:10:38;229.12;43.35;13.04;763.45;0.73;0.51;0.37
20.12.2020;15:11:38;225.17;43.33;13.03;763.45;0.71;0.50;0.35
20.12.2020;15:12:38;218.71;43.35;13.02;763.46;0.69;0.46;0.32
20.12.2020;15:13:38;211.86;43.42;13.02;763.47;0.67;0.42;0.28
20.12.2020;15:14:38;204.99;43.44;13.01;763.48;0.65;0.40;0.26
20.12.2020;15:15:38;195.35;43.44;13.00;763.48;0.62;0.35;0.22
20.12.2020;15:16:38;187.37;43.44;12.99;763.48;0.59;0.31;0.18
20.12.2020;15:17:38;182.36;43.45;12.98;763.48;0.57;0.29;0.17
20.12.2020;15:18:38;179.19;43.49;12.97;763.47;0.56;0.26;0.15
20.12.2020;15:19:38;178.07;43.50;12.96;763.46;0.55;0.25;0.14
20.12.2020;15:20:38;175.55;43.54;12.96;763.45;0.54;0.23;0.13
20.12.2020;15:21:38;172.50;43.55;12.96;763.45;0.53;0.20;0.11
20.12.2020;15:22:38;172.70;43.52;12.94;763.44;0.53;0.20;0.11
20.12.2020;15:23:38;171.90;43.51;12.94;763.44;0.53;0.20;0.11
20.12.2020;15:24:38;166.07;43.55;12.92;763.46;0.51;0.19;0.10
20.12.2020;15:25:38;156.89;43.59;12.91;763.47;0.48;0.12;0.06
20.12.2020;15:26:38;149.61;43.58;12.89;763.47;0.46;0.09;0.04
20.12.2020;15:27:38;144.59;43.62;12.88;763.47;0.44;0.05;0.02
20.12.2020;15:28:38;138.47;43.67;12.87;763.46;0.42;0.01;0.00
20.12.2020;15:29:38;133.31;43.67;12.86;763.46;0.41;0.00;0.00
20.12.2020;15:30:38;132.32;43.64;12.86;763.46;0.40;0.00;0.00
20.12.2020;15:31:39;127.49;43.71;12.85;763.48;0.39;0.00;0.00
20.12.2020;15:32:39;121.12;43.73;12.84;763.48;0.37;0.00;0.00
20.12.2020;15:33:39;115.04;43.69;12.83;763.50;0.35;0.00;0.00
20.12.2020;15:34:39;103.04;43.68;12.82;763.51;0.30;0.00;0.00
20.12.2020;15:35:39;94.76;43.75;12.81;763.51;0.27;0.00;0.00
20.12.2020;15:36:39;90.81;43.80;12.80;763.51;0.26;0.00;0.00
20.12.2020;15:37:39;87.58;43.82;12.79;763.50;0.25;0.00;0.00
20.12.2020;15:38:39;84.66;43.89;12.78;763.50;0.25;0.00;0.00
20.12.2020;15:39:39;81.42;43.92;12.78;763.51;0.24;0.00;0.00
20.12.2020;15:40:39;77.83;43.92;12.78;763.52;0.22;0.00;0.00
20.12.2020;15:41:39;75.10;43.94;12.77;763.53;0.22;0.00;0.00
20.12.2020;15:42:39;73.37;43.94;12.76;763.51;0.22;0.00;0.00
20.12.2020;15:43:39;71.75;43.97;12.76;763.51;0.22;0.00;0.00
20.12.2020;15:44:39;68.98;43.96;12.77;763.51;0.22;0.00;0.00
20.12.2020;15:45:39;66.86;43.99;12.77;763.52;0.22;0.00;0.00
20.12.2020;15:46:39;64.00;43.96;12.77;763.53;0.20;0.00;0.00
20.12.2020;15:47:39;60.83;43.95;12.77;763.53;0.19;0.00;0.00
20.12.2020;15:48:39;57.53;43.93;12.76;763.55;0.17;0.00;0.00
20.12.2020;15:49:39;54.32;43.99;12.75;763.55;0.15;0.00;0.00
20.12.2020;15:50:39;51.00;43.97;12.74;763.56;0.14;0.00;0.00
20.12.2020;15:51:39;48.65;44.00;12.75;763.58;0.14;0.00;0.00
20.12.2020;15:52:39;46.44;44.01;12.75;763.59;0.14;0.00;0.00
20.12.2020;15:53:39;42.31;44.00;12.75;763.60;0.11;0.00;0.00
20.12.2020;15:54:39;37.57;43.99;12.74;763.61;0.08;0.00;0.00
20.12.2020;15:55:39;34.14;44.01;12.74;763.59;0.06;0.00;0.00
20.12.2020;15:56:39;31.35;43.98;12.73;763.59;0.05;0.00;0.00
20.12.2020;15:57:39;28.90;43.99;12.73;763.60;0.04;0.00;0.00
20.12.2020;15:58:39;26.74;44.02;12.72;763.60;0.04;0.00;0.00
20.12.2020;15:59:39;25.17;44.03;12.71;763.59;0.04;0.00;0.00
20.12.2020;16:00:39;24.21;44.04;12.71;763.60;0.04;0.00;0.00
20.12.2020;16:01:40;23.26;44.07;12.70;763.60;0.04;0.00;0.00
20.12.2020;16:02:40;22.19;44.07;12.70;763.61;0.04;0.00;0.00
20.12.2020;16:03:40;20.52;44.08;12.70;763.60;0.03;0.00;0.00
20.12.2020;16:04:40;18.40;44.07;12.70;763.60;0.01;0.00;0.00
20.12.2020;16:05:40;16.74;44.07;12.70;763.59;0.01;0.00;0.00
20.12.2020;16:06:40;15.41;44.06;12.70;763.60;0.00;0.00;0.00
20.12.2020;16:07:40;14.43;44.07;12.70;763.59;0.00;0.00;0.00
20.12.2020;16:08:40;13.37;44.07;12.69;763.59;0.00;0.00;0.00
20.12.2020;16:09:40;12.44;44.04;12.69;763.60;0.00;0.00;0.00
20.12.2020;16:10:40;11.69;44.08;12.69;763.61;0.00;0.00;0.00
20.12.2020;16:11:40;11.15;44.07;12.69;763.61;0.00;0.00;0.00
20.12.2020;16:12:40;10.55;44.04;12.69;763.59;0.00;0.00;0.00
20.12.2020;16:13:40;9.78;43.99;12.69;763.59;0.00;0.00;0.00
20.12.2020;16:14:40;8.91;44.04;12.67;763.61;0.00;0.00;0.00
20.12.2020;16:15:40;8.26;44.04;12.67;763.62;0.00;0.00;0.00
20.12.2020;16:16:40;7.50;44.00;12.66;763.63;0.00;0.00;0.00
20.12.2020;16:17:40;6.78;44.03;12.64;763.64;0.00;0.00;0.00
20.12.2020;16:18:40;6.61;44.15;12.64;763.64;0.00;0.00;0.00
20.12.2020;16:19:40;5.85;44.19;12.63;763.63;0.00;0.00;0.00
20.12.2020;16:20:40;5.83;44.21;12.63;763.64;0.00;0.00;0.00
20.12.2020;16:21:40;5.31;44.20;12.62;763.64;0.00;0.00;0.00
20.12.2020;16:22:40;5.00;44.17;12.62;763.65;0.00;0.00;0.00
20.12.2020;16:23:40;4.52;44.17;12.61;763.66;0.00;0.00;0.00
20.12.2020;16:24:40;4.18;44.20;12.61;763.68;0.00;0.00;0.00
20.12.2020;16:25:40;4.17;44.21;12.61;763.67;0.00;0.00;0.00
20.12.2020;16:26:40;4.17;44.19;12.60;763.67;0.00;0.00;0.00
20.12.2020;16:27:40;4.17;44.19;12.60;763.68;0.00;0.00;0.00
20.12.2020;16:28:40;3.69;44.19;12.59;763.68;0.00;0.00;0.00
20.12.2020;16:29:40;3.33;44.19;12.59;763.68;0.00;0.00;0.00
20.12.2020;16:30:40;3.33;44.21;12.59;763.68;0.00;0.00;0.00
20.12.2020;16:31:41;3.33;44.25;12.59;763.70;0.00;0.00;0.00
20.12.2020;16:32:41;3.35;44.25;12.58;763.71;0.00;0.00;0.00
20.12.2020;16:33:41;3.33;44.25;12.58;763.71;0.00;0.00;0.00
20.12.2020;16:34:41;3.33;44.25;12.58;763.72;0.00;0.00;0.00
20.12.2020;16:35:41;3.36;44.24;12.58;763.72;0.00;0.00;0.00
20.12.2020;16:36:41;3.33;44.26;12.58;763.72;0.00;0.00;0.00
20.12.2020;16:37:41;3.33;44.23;12.58;763.71;0.00;0.00;0.00
20.12.2020;16:38:41;3.35;44.21;12.58;763.72;0.00;0.00;0.00
20.12.2020;16:39:41;3.33;44.21;12.58;763.72;0.00;0.00;0.00
20.12.2020;16:40:41;3.33;44.19;12.57;763.73;0.00;0.00;0.00
20.12.2020;16:41:41;3.33;44.25;12.56;763.73;0.00;0.00;0.00
20.12.2020;16:42:41;3.33;44.25;12.57;763.74;0.00;0.00;0.00
20.12.2020;16:43:41;3.33;44.23;12.57;763.74;0.00;0.00;0.00
20.12.2020;16:44:41;3.33;44.24;12.57;763.73;0.00;0.00;0.00
20.12.2020;16:45:41;3.33;44.23;12.57;763.74;0.00;0.00;0.00
20.12.2020;16:46:41;3.35;44.20;12.57;763.75;0.00;0.00;0.00
20.12.2020;16:47:41;3.33;44.22;12.56;763.75;0.00;0.00;0.00
20.12.2020;16:48:41;3.33;44.24;12.56;763.78;0.00;0.00;0.00
20.12.2020;16:49:41;3.36;44.22;12.57;763.79;0.00;0.00;0.00
20.12.2020;16:50:41;3.33;44.20;12.57;763.79;0.00;0.00;0.00
20.12.2020;16:51:41;3.33;44.17;12.57;763.78;0.00;0.00;0.00
20.12.2020;16:52:41;3.35;44.18;12.56;763.77;0.00;0.00;0.00
20.12.2020;16:53:41;3.33;44.20;12.55;763.76;0.00;0.00;0.00
20.12.2020;16:54:41;3.33;44.20;12.56;763.77;0.00;0.00;0.00
20.12.2020;16:55:41;3.33;44.19;12.56;763.77;0.00;0.00;0.00
20.12.2020;16:56:41;3.33;44.19;12.56;763.78;0.00;0.00;0.00
20.12.2020;16:57:41;3.33;44.18;12.56;763.79;0.00;0.00;0.00
20.12.2020;16:58:41;3.33;44.17;12.56;763.78;0.00;0.00;0.00
20.12.2020;16:59:41;3.33;44.15;12.56;763.78;0.00;0.00;0.00
20.12.2020;17:00:41;3.35;44.17;12.56;763.77;0.00;0.00;0.00
20.12.2020;17:01:41;3.33;44.15;12.56;763.77;0.00;0.00;0.00
20.12.2020;17:02:41;3.33;44.13;12.56;763.76;0.00;0.00;0.00
20.12.2020;17:03:42;3.36;44.15;12.56;763.75;0.00;0.00;0.00
20.12.2020;17:04:42;3.33;44.14;12.54;763.74;0.00;0.00;0.00
20.12.2020;17:05:42;3.33;44.17;12.54;763.75;0.00;0.00;0.00
20.12.2020;17:06:42;3.35;44.17;12.54;763.76;0.00;0.00;0.00
20.12.2020;17:07:42;3.33;44.15;12.54;763.77;0.00;0.00;0.00
20.12.2020;17:08:42;3.33;44.18;12.53;763.77;0.00;0.00;0.00
20.12.2020;17:09:42;3.33;44.16;12.53;763.77;0.00;0.00;0.00
20.12.2020;17:10:42;3.33;44.16;12.53;763.78;0.00;0.00;0.00
20.12.2020;17:11:42;3.33;44.13;12.52;763.78;0.00;0.00;0.00
20.12.2020;17:12:42;3.33;44.11;12.51;763.79;0.00;0.00;0.00
20.12.2020;17:13:42;3.33;44.15;12.50;763.82;0.00;0.00;0.00
20.12.2020;17:14:42;3.35;44.21;12.49;763.84;0.00;0.00;0.00
20.12.2020;17:15:42;3.33;44.22;12.49;763.83;0.00;0.00;0.00
20.12.2020;17:16:42;3.33;44.23;12.49;763.82;0.00;0.00;0.00
20.12.2020;17:17:42;3.36;44.25;12.48;763.82;0.00;0.00;0.00
20.12.2020;17:18:42;3.33;44.25;12.48;763.82;0.00;0.00;0.00
20.12.2020;17:19:42;3.33;44.24;12.48;763.82;0.00;0.00;0.00
20.12.2020;17:20:42;3.35;44.22;12.48;763.83;0.00;0.00;0.00
20.12.2020;17:21:42;3.33;44.21;12.47;763.83;0.00;0.00;0.00
20.12.2020;17:22:42;3.33;44.25;12.46;763.84;0.00;0.00;0.00
20.12.2020;17:23:42;3.33;44.23;12.47;763.86;0.00;0.00;0.00
20.12.2020;17:24:42;3.33;44.25;12.46;763.86;0.00;0.00;0.00
20.12.2020;17:25:42;3.33;44.26;12.45;763.86;0.00;0.00;0.00
20.12.2020;17:26:42;3.33;44.28;12.45;763.86;0.00;0.00;0.00
20.12.2020;17:27:42;3.33;44.29;12.45;763.86;0.00;0.00;0.00
20.12.2020;17:28:42;3.35;44.26;12.45;763.89;0.00;0.00;0.00
20.12.2020;17:29:42;3.33;44.25;12.44;763.91;0.00;0.00;0.00
20.12.2020;17:30:42;3.33;44.29;12.44;763.92;0.00;0.00;0.00
20.12.2020;17:31:42;3.36;44.28;12.45;763.92;0.00;0.00;0.00
20.12.2020;17:32:42;3.33;44.27;12.44;763.90;0.00;0.00;0.00
20.12.2020;17:33:42;3.33;44.29;12.44;763.90;0.00;0.00;0.00
20.12.2020;17:34:43;3.35;44.28;12.43;763.91;0.00;0.00;0.00
20.12.2020;17:35:43;3.33;44.26;12.42;763.91;0.00;0.00;0.00
20.12.2020;17:36:43;3.33;44.30;12.42;763.91;0.00;0.00;0.00
20.12.2020;17:37:43;3.33;44.32;12.42;763.90;0.00;0.00;0.00
20.12.2020;17:38:43;3.33;44.32;12.42;763.89;0.00;0.00;0.00
20.12.2020;17:39:43;3.33;44.30;12.43;763.90;0.00;0.00;0.00
20.12.2020;17:40:43;3.33;44.28;12.42;763.92;0.00;0.00;0.00
20.12.2020;17:41:43;3.33;44.26;12.42;763.93;0.00;0.00;0.00
20.12.2020;17:42:43;3.35;44.30;12.42;763.93;0.00;0.00;0.00
20.12.2020;17:43:43;3.33;44.31;12.42;763.93;0.00;0.00;0.00
20.12.2020;17:44:43;3.33;44.31;12.42;763.93;0.00;0.00;0.00
20.12.2020;17:45:43;3.36;44.30;12.42;763.92;0.00;0.00;0.00
20.12.2020;17:46:43;3.33;44.30;12.42;763.91;0.00;0.00;0.00
20.12.2020;17:47:43;3.33;44.30;12.43;763.93;0.00;0.00;0.00
20.12.2020;17:48:43;3.35;44.28;12.43;763.95;0.00;0.00;0.00
20.12.2020;17:49:43;3.33;44.27;12.43;763.95;0.00;0.00;0.00
20.12.2020;17:50:43;3.33;44.27;12.43;763.96;0.00;0.00;0.00
20.12.2020;17:51:43;3.33;44.27;12.42;763.95;0.00;0.00;0.00
20.12.2020;17:52:43;3.33;44.26;12.43;763.94;0.00;0.00;0.00
20.12.2020;17:53:43;3.33;44.25;12.43;763.94;0.00;0.00;0.00
20.12.2020;17:54:43;3.33;44.28;12.43;763.95;0.00;0.00;0.00
20.12.2020;17:55:43;3.33;44.27;12.42;763.94;0.00;0.00;0.00
20.12.2020;17:56:43;3.35;44.26;12.43;763.94;0.00;0.00;0.00
20.12.2020;17:57:43;3.33;44.27;12.42;763.93;0.00;0.00;0.00
20.12.2020;17:58:43;3.33;44.27;12.42;763.93;0.00;0.00;0.00
20.12.2020;17:59:43;3.36;44.26;12.43;763.92;0.00;0.00;0.00
20.12.2020;18:00:43;3.33;44.24;12.43;763.93;0.00;0.00;0.00
20.12.2020;18:01:43;3.33;44.24;12.43;763.94;0.00;0.00;0.00
20.12.2020;18:02:43;3.35;44.25;12.42;763.93;0.00;0.00;0.00
20.12.2020;18:03:43;3.33;44.24;12.42;763.94;0.00;0.00;0.00
20.12.2020;18:04:43;3.33;44.26;12.41;763.95;0.00;0.00;0.00
20.12.2020;18:05:43;3.33;44.25;12.41;763.93;0.00;0.00;0.00
20.12.2020;18:06:44;3.33;44.25;12.41;763.92;0.00;0.00;0.00
20.12.2020;18:07:44;3.33;44.26;12.41;763.92;0.00;0.00;0.00
20.12.2020;18:08:44;3.33;44.27;12.40;763.91;0.00;0.00;0.00
20.12.2020;18:09:44;3.33;44.27;12.40;763.91;0.00;0.00;0.00
20.12.2020;18:10:44;3.35;44.27;12.40;763.89;0.00;0.00;0.00
20.12.2020;18:11:44;3.33;44.26;12.39;763.89;0.00;0.00;0.00
20.12.2020;18:12:44;3.33;44.28;12.39;763.91;0.00;0.00;0.00
20.12.2020;18:13:44;3.36;44.28;12.38;763.93;0.00;0.00;0.00
20.12.2020;18:14:44;3.33;44.26;12.38;763.94;0.00;0.00;0.00
20.12.2020;18:15:44;3.33;44.28;12.38;763.96;0.00;0.00;0.00
20.12.2020;18:16:44;3.35;44.31;12.38;763.96;0.00;0.00;0.00
20.12.2020;18:17:44;3.33;44.29;12.38;763.96;0.00;0.00;0.00
20.12.2020;18:18:44;3.33;44.27;12.38;763.96;0.00;0.00;0.00
20.12.2020;18:19:44;3.33;44.29;12.38;763.95;0.00;0.00;0.00
20.12.2020;18:20:44;3.33;44.29;12.37;763.95;0.00;0.00;0.00
20.12.2020;18:21:44;3.33;44.29;12.37;763.95;0.00;0.00;0.00
20.12.2020;18:22:44;3.33;44.30;12.36;763.94;0.00;0.00;0.00
20.12.2020;18:23:44;3.33;44.31;12.36;763.94;0.00;0.00;0.00
20.12.2020;18:24:44;3.35;44.31;12.36;763.94;0.00;0.00;0.00
20.12.2020;18:25:44;3.33;44.30;12.36;763.95;0.00;0.00;0.00
20.12.2020;18:26:44;3.33;44.29;12.36;763.94;0.00;0.00;0.00
20.12.2020;18:27:44;3.36;44.30;12.36;763.95;0.00;0.00;0.00
20.12.2020;18:28:44;3.33;44.32;12.36;763.96;0.00;0.00;0.00
20.12.2020;18:29:44;3.33;44.32;12.36;763.97;0.00;0.00;0.00
20.12.2020;18:30:44;3.35;44.31;12.35;763.96;0.00;0.00;0.00
20.12.2020;18:31:44;3.33;44.29;12.36;763.95;0.00;0.00;0.00
20.12.2020;18:32:44;3.33;44.31;12.35;763.94;0.00;0.00;0.00
20.12.2020;18:33:44;3.33;44.30;12.34;763.94;0.00;0.00;0.00
20.12.2020;18:34:44;3.33;44.32;12.34;763.94;0.00;0.00;0.00
20.12.2020;18:35:44;3.33;44.31;12.34;763.97;0.00;0.00;0.00
20.12.2020;18:36:44;3.33;44.32;12.34;763.98;0.00;0.00;0.00
20.12.2020;18:37:45;3.33;44.32;12.34;763.98;0.00;0.00;0.00
20.12.2020;18:38:45;3.35;44.32;12.33;763.95;0.00;0.00;0.00
20.12.2020;18:39:45;3.33;44.33;12.33;763.94;0.00;0.00;0.00
20.12.2020;18:40:45;3.33;44.30;12.33;763.94;0.00;0.00;0.00
20.12.2020;18:41:45;3.36;44.32;12.32;763.95;0.00;0.00;0.00
20.12.2020;18:42:45;3.33;44.32;12.32;763.95;0.00;0.00;0.00
20.12.2020;18:43:45;3.33;44.33;12.32;763.95;0.00;0.00;0.00
20.12.2020;18:44:45;3.35;44.34;12.32;763.96;0.00;0.00;0.00
20.12.2020;18:45:45;3.33;44.32;12.32;763.96;0.00;0.00;0.00
20.12.2020;18:46:45;3.33;44.32;12.32;763.97;0.00;0.00;0.00
20.12.2020;18:47:45;3.33;44.32;12.32;763.96;0.00;0.00;0.00
20.12.2020;18:48:45;3.33;44.32;12.32;763.95;0.00;0.00;0.00
20.12.2020;18:49:45;3.33;44.32;12.31;763.95;0.00;0.00;0.00
20.12.2020;18:50:45;3.33;44.34;12.30;763.96;0.00;0.00;0.00
20.12.2020;18:51:45;3.33;44.35;12.30;763.96;0.00;0.00;0.00
20.12.2020;18:52:45;3.35;44.34;12.30;763.94;0.00;0.00;0.00
20.12.2020;18:53:45;3.33;44.32;12.30;763.93;0.00;0.00;0.00
20.12.2020;18:54:45;3.33;44.30;12.30;763.93;0.00;0.00;0.00
20.12.2020;18:55:45;3.36;44.32;12.30;763.93;0.00;0.00;0.00
20.12.2020;18:56:45;3.33;44.29;12.30;763.94;0.00;0.00;0.00
20.12.2020;18:57:45;3.33;44.32;12.30;763.95;0.00;0.00;0.00
20.12.2020;18:58:45;3.35;44.32;12.30;763.96;0.00;0.00;0.00
20.12.2020;18:59:45;3.33;44.34;12.29;763.97;0.00;0.00;0.00
20.12.2020;19:00:45;3.33;44.34;12.29;763.97;0.00;0.00;0.00
20.12.2020;19:01:45;3.33;44.34;12.28;763.96;0.00;0.00;0.00
20.12.2020;19:02:45;3.33;44.33;12.28;763.96;0.00;0.00;0.00
20.12.2020;19:03:45;3.33;44.34;12.27;763.98;0.00;0.00;0.00
20.12.2020;19:04:45;3.33;44.34;12.27;763.99;0.00;0.00;0.00
20.12.2020;19:05:45;3.33;44.36;12.27;763.98;0.00;0.00;0.00
20.12.2020;19:06:45;3.35;44.36;12.26;763.99;0.00;0.00;0.00
20.12.2020;19:07:45;3.33;44.36;12.26;763.99;0.00;0.00;0.00
20.12.2020;19:08:45;3.33;44.38;12.25;763.99;0.00;0.00;0.00
20.12.2020;19:09:46;3.36;44.40;12.25;763.99;0.00;0.00;0.00
20.12.2020;19:10:46;3.33;44.41;12.24;763.98;0.00;0.00;0.00
20.12.2020;19:11:46;3.33;44.38;12.24;763.98;0.00;0.00;0.00
20.12.2020;19:12:46;3.35;44.38;12.25;763.97;0.00;0.00;0.00
20.12.2020;19:13:46;3.33;44.39;12.25;763.97;0.00;0.00;0.00
20.12.2020;19:14:46;3.33;44.39;12.24;763.96;0.00;0.00;0.00
20.12.2020;19:15:46;3.33;44.38;12.24;763.97;0.00;0.00;0.00
20.12.2020;19:16:46;3.33;44.39;12.23;763.98;0.00;0.00;0.00
20.12.2020;19:17:46;3.33;44.40;12.23;763.97;0.00;0.00;0.00
20.12.2020;19:18:46;3.33;44.41;12.23;763.96;0.00;0.00;0.00
20.12.2020;19:19:46;3.33;44.41;12.23;763.96;0.00;0.00;0.00
20.12.2020;19:20:46;3.35;44.39;12.23;763.94;0.00;0.00;0.00
20.12.2020;19:21:46;3.33;44.38;12.23;763.95;0.00;0.00;0.00
20.12.2020;19:22:46;3.33;44.39;12.22;763.95;0.00;0.00;0.00
20.12.2020;19:23:46;3.36;44.41;12.22;763.95;0.00;0.00;0.00
20.12.2020;19:24:46;3.33;44.41;12.22;763.95;0.00;0.00;0.00
20.12.2020;19:25:46;3.33;44.40;12.22;763.95;0.00;0.00;0.00
20.12.2020;19:26:46;3.35;44.38;12.22;763.96;0.00;0.00;0.00
20.12.2020;19:27:46;3.33;44.40;12.21;763.97;0.00;0.00;0.00
20.12.2020;19:28:46;3.33;44.43;12.21;763.96;0.00;0.00;0.00
20.12.2020;19:29:46;3.33;44.42;12.21;763.96;0.00;0.00;0.00
20.12.2020;19:30:46;3.33;44.40;12.21;763.96;0.00;0.00;0.00
20.12.2020;19:31:46;3.33;44.39;12.21;763.96;0.00;0.00;0.00
20.12.2020;19:32:46;3.33;44.38;12.22;763.96;0.00;0.00;0.00
20.12.2020;19:33:46;3.33;44.38;12.22;763.95;0.00;0.00;0.00
20.12.2020;19:34:46;3.35;44.38;12.22;763.96;0.00;0.00;0.00
20.12.2020;19:35:46;3.33;44.37;12.22;763.95;0.00;0.00;0.00
20.12.2020;19:36:46;3.33;44.37;12.22;763.94;0.00;0.00;0.00
20.12.2020;19:37:46;3.36;44.38;12.21;763.94;0.00;0.00;0.00
20.12.2020;19:38:46;3.33;44.37;12.20;763.92;0.00;0.00;0.00
20.12.2020;19:39:46;3.33;44.37;12.19;763.94;0.00;0.00;0.00
20.12.2020;19:40:47;3.35;44.37;12.19;763.96;0.00;0.00;0.00
20.12.2020;19:41:47;3.33;44.39;12.19;763.97;0.00;0.00;0.00
20.12.2020;19:42:47;3.33;44.42;12.20;763.97;0.00;0.00;0.00
20.12.2020;19:43:47;3.33;44.39;12.19;763.96;0.00;0.00;0.00
20.12.2020;19:44:47;3.33;44.37;12.20;763.96;0.00;0.00;0.00
20.12.2020;19:45:47;3.33;44.37;12.20;763.97;0.00;0.00;0.00
20.12.2020;19:46:47;3.33;44.38;12.19;763.99;0.00;0.00;0.00
20.12.2020;19:47:47;3.33;44.38;12.18;764.00;0.00;0.00;0.00
20.12.2020;19:48:47;3.35;44.40;12.18;764.01;0.00;0.00;0.00
20.12.2020;19:49:47;3.33;44.41;12.18;764.01;0.00;0.00;0.00
20.12.2020;19:50:47;3.33;44.40;12.18;764.01;0.00;0.00;0.00
20.12.2020;19:51:47;3.36;44.39;12.18;764.01;0.00;0.00;0.00
20.12.2020;19:52:47;3.33;44.41;12.17;764.01;0.00;0.00;0.00
20.12.2020;19:53:47;3.33;44.40;12.17;764.02;0.00;0.00;0.00
20.12.2020;19:54:47;3.35;44.40;12.18;764.04;0.00;0.00;0.00
20.12.2020;19:55:47;3.33;44.40;12.17;764.04;0.00;0.00;0.00
20.12.2020;19:56:47;3.33;44.40;12.18;764.04;0.00;0.00;0.00
20.12.2020;19:57:47;3.33;44.38;12.18;764.04;0.00;0.00;0.00
20.12.2020;19:58:47;3.33;44.38;12.18;764.05;0.00;0.00;0.00
20.12.2020;19:59:47;3.33;44.38;12.18;764.06;0.00;0.00;0.00
20.12.2020;20:00:47;3.33;44.38;12.17;764.07;0.00;0.00;0.00
20.12.2020;20:01:47;3.33;44.37;12.17;764.07;0.00;0.00;0.00
20.12.2020;20:02:47;3.35;44.35;12.19;764.06;0.00;0.00;0.00
20.12.2020;20:03:47;3.33;44.34;12.19;764.06;0.00;0.00;0.00
20.12.2020;20:04:47;3.33;44.35;12.19;764.06;0.00;0.00;0.00
20.12.2020;20:05:47;3.36;44.34;12.19;764.04;0.00;0.00;0.00
20.12.2020;20:06:47;3.33;44.35;12.18;764.04;0.00;0.00;0.00
20.12.2020;20:07:47;3.33;44.35;12.18;764.04;0.00;0.00;0.00
20.12.2020;20:08:47;3.35;44.34;12.18;764.05;0.00;0.00;0.00
20.12.2020;20:09:47;3.33;44.35;12.17;764.05;0.00;0.00;0.00
20.12.2020;20:10:47;3.33;44.37;12.16;764.05;0.00;0.00;0.00
20.12.2020;20:11:47;3.33;44.35;12.17;764.04;0.00;0.00;0.00
20.12.2020;20:12:48;3.33;44.37;12.16;764.04;0.00;0.00;0.00
20.12.2020;20:13:48;3.33;44.37;12.16;764.04;0.00;0.00;0.00
20.12.2020;20:14:48;3.33;44.38;12.15;764.03;0.00;0.00;0.00
20.12.2020;20:15:48;3.33;44.40;12.14;764.05;0.00;0.00;0.00
20.12.2020;20:16:48;3.35;44.41;12.14;764.05;0.00;0.00;0.00
20.12.2020;20:17:48;3.33;44.43;12.13;764.06;0.00;0.00;0.00
20.12.2020;20:18:48;3.33;44.45;12.12;764.05;0.00;0.00;0.00
20.12.2020;20:19:48;3.36;44.48;12.11;764.07;0.00;0.00;0.00
20.12.2020;20:20:48;3.33;44.48;12.11;764.09;0.00;0.00;0.00
20.12.2020;20:21:48;3.33;44.47;12.10;764.11;0.00;0.00;0.00
20.12.2020;20:22:48;3.35;44.48;12.10;764.11;0.00;0.00;0.00
20.12.2020;20:23:48;3.33;44.50;12.09;764.11;0.00;0.00;0.00
20.12.2020;20:24:48;3.33;44.51;12.09;764.09;0.00;0.00;0.00
20.12.2020;20:25:48;3.33;44.51;12.09;764.09;0.00;0.00;0.00
20.12.2020;20:26:48;3.33;44.53;12.09;764.11;0.00;0.00;0.00
20.12.2020;20:27:48;3.33;44.53;12.08;764.10;0.00;0.00;0.00
20.12.2020;20:28:48;3.33;44.54;12.08;764.10;0.00;0.00;0.00
20.12.2020;20:29:48;3.33;44.55;12.08;764.10;0.00;0.00;0.00
20.12.2020;20:30:48;3.35;44.55;12.08;764.10;0.00;0.00;0.00
20.12.2020;20:31:48;3.33;44.55;12.08;764.10;0.00;0.00;0.00
20.12.2020;20:32:48;3.33;44.55;12.08;764.10;0.00;0.00;0.00
20.12.2020;20:33:48;3.36;44.54;12.08;764.11;0.00;0.00;0.00
20.12.2020;20:34:48;3.33;44.54;12.07;764.11;0.00;0.00;0.00
20.12.2020;20:35:48;3.33;44.54;12.08;764.12;0.00;0.00;0.00
20.12.2020;20:36:48;3.35;44.54;12.07;764.13;0.00;0.00;0.00
20.12.2020;20:37:48;3.33;44.55;12.08;764.13;0.00;0.00;0.00
20.12.2020;20:38:48;3.33;44.53;12.08;764.13;0.00;0.00;0.00
20.12.2020;20:39:48;3.33;44.54;12.08;764.12;0.00;0.00;0.00
20.12.2020;20:40:48;3.33;44.55;12.08;764.11;0.00;0.00;0.00
20.12.2020;20:41:48;3.33;44.53;12.08;764.11;0.00;0.00;0.00
20.12.2020;20:42:48;3.33;44.54;12.08;764.11;0.00;0.00;0.00
20.12.2020;20:43:49;3.33;44.53;12.07;764.12;0.00;0.00;0.00
20.12.2020;20:44:49;3.35;44.53;12.06;764.13;0.00;0.00;0.00
20.12.2020;20:45:49;3.33;44.55;12.06;764.14;0.00;0.00;0.00
20.12.2020;20:46:49;3.33;44.54;12.06;764.14;0.00;0.00;0.00
20.12.2020;20:47:49;3.36;44.56;12.06;764.14;0.00;0.00;0.00
20.12.2020;20:48:49;3.33;44.55;12.06;764.14;0.00;0.00;0.00
20.12.2020;20:49:49;3.33;44.54;12.07;764.13;0.00;0.00;0.00
20.12.2020;20:50:49;3.35;44.54;12.07;764.13;0.00;0.00;0.00
20.12.2020;20:51:49;3.33;44.52;12.07;764.14;0.00;0.00;0.00
20.12.2020;20:52:49;3.33;44.52;12.07;764.13;0.00;0.00;0.00
20.12.2020;20:53:49;3.33;44.52;12.07;764.13;0.00;0.00;0.00
20.12.2020;20:54:49;3.33;44.50;12.08;764.13;0.00;0.00;0.00
20.12.2020;20:55:49;3.33;44.48;12.09;764.12;0.00;0.00;0.00
20.12.2020;20:56:49;3.33;44.47;12.09;764.10;0.00;0.00;0.00
20.12.2020;20:57:49;3.33;44.46;12.10;764.11;0.00;0.00;0.00
20.12.2020;20:58:49;3.35;44.45;12.10;764.11;0.00;0.00;0.00
20.12.2020;20:59:49;3.33;44.42;12.10;764.11;0.00;0.00;0.00
20.12.2020;21:00:49;3.33;44.42;12.10;764.12;0.00;0.00;0.00
20.12.2020;21:01:49;3.36;44.44;12.10;764.13;0.00;0.00;0.00
20.12.2020;21:02:49;3.33;44.42;12.10;764.15;0.00;0.00;0.00
20.12.2020;21:03:49;3.33;44.40;12.12;764.16;0.00;0.00;0.00
20.12.2020;21:04:49;3.35;44.39;12.12;764.17;0.00;0.00;0.00
20.12.2020;21:05:49;3.33;44.39;12.12;764.18;0.00;0.00;0.00
20.12.2020;21:06:49;3.33;44.38;12.12;764.18;0.00;0.00;0.00
20.12.2020;21:07:49;3.33;44.38;12.12;764.19;0.00;0.00;0.00
20.12.2020;21:08:49;3.33;44.37;12.13;764.19;0.00;0.00;0.00
20.12.2020;21:09:49;3.33;44.36;12.13;764.19;0.00;0.00;0.00
20.12.2020;21:10:49;3.33;44.36;12.12;764.21;0.00;0.00;0.00
20.12.2020;21:11:49;3.33;44.34;12.13;764.22;0.00;0.00;0.00
20.12.2020;21:12:49;3.35;44.34;12.13;764.23;0.00;0.00;0.00
20.12.2020;21:13:49;3.33;44.33;12.13;764.22;0.00;0.00;0.00
20.12.2020;21:14:49;3.33;44.34;12.13;764.21;0.00;0.00;0.00
20.12.2020;21:15:50;3.36;44.33;12.14;764.21;0.00;0.00;0.00
20.12.2020;21:16:50;3.33;44.33;12.13;764.21;0.00;0.00;0.00
20.12.2020;21:17:50;3.33;44.32;12.14;764.23;0.00;0.00;0.00
20.12.2020;21:18:50;3.35;44.31;12.14;764.23;0.00;0.00;0.00
20.12.2020;21:19:50;3.33;44.31;12.14;764.22;0.00;0.00;0.00
20.12.2020;21:20:50;3.33;44.32;12.15;764.20;0.00;0.00;0.00
20.12.2020;21:21:50;3.33;44.30;12.15;764.18;0.00;0.00;0.00
20.12.2020;21:22:50;3.33;44.29;12.14;764.18;0.00;0.00;0.00
20.12.2020;21:23:50;3.33;44.31;12.14;764.18;0.00;0.00;0.00
20.12.2020;21:24:50;3.33;44.32;12.15;764.17;0.00;0.00;0.00
20.12.2020;21:25:50;3.33;44.31;12.15;764.17;0.00;0.00;0.00
20.12.2020;21:26:50;3.35;44.32;12.15;764.17;0.00;0.00;0.00
20.12.2020;21:27:50;3.33;44.31;12.15;764.18;0.00;0.00;0.00
20.12.2020;21:28:50;3.33;44.31;12.16;764.19;0.00;0.00;0.00
20.12.2020;21:29:50;3.36;44.32;12.16;764.20;0.00;0.00;0.00
20.12.2020;21:30:50;3.33;44.29;12.16;764.21;0.00;0.00;0.00
20.12.2020;21:31:50;3.33;44.29;12.17;764.20;0.00;0.00;0.00
20.12.2020;21:32:50;3.35;44.30;12.16;764.20;0.00;0.00;0.00
20.12.2020;21:33:50;3.33;44.30;12.17;764.19;0.00;0.00;0.00
20.12.2020;21:34:50;3.33;44.32;12.17;764.18;0.00;0.00;0.00
20.12.2020;21:35:50;3.33;44.28;12.18;764.18;0.00;0.00;0.00
20.12.2020;21:36:50;3.33;44.23;12.18;764.18;0.00;0.00;0.00
20.12.2020;21:37:50;3.33;44.24;12.18;764.18;0.00;0.00;0.00
20.12.2020;21:38:50;3.33;44.24;12.18;764.19;0.00;0.00;0.00
20.12.2020;21:39:50;3.33;44.23;12.18;764.20;0.00;0.00;0.00
20.12.2020;21:40:50;3.35;44.24;12.18;764.21;0.00;0.00;0.00
20.12.2020;21:41:50;3.33;44.23;12.18;764.21;0.00;0.00;0.00
20.12.2020;21:42:50;3.33;44.22;12.18;764.24;0.00;0.00;0.00
20.12.2020;21:43:50;3.36;44.21;12.18;764.24;0.00;0.00;0.00
20.12.2020;21:44:50;3.33;44.19;12.18;764.24;0.00;0.00;0.00
20.12.2020;21:45:50;3.33;44.19;12.18;764.24;0.00;0.00;0.00
20.12.2020;21:46:50;3.35;44.20;12.17;764.26;0.00;0.00;0.00
20.12.2020;21:47:51;3.33;44.17;12.17;764.28;0.00;0.00;0.00
20.12.2020;21:48:51;3.33;44.21;12.17;764.30;0.00;0.00;0.00
20.12.2020;21:49:51;3.33;44.21;12.16;764.30;0.00;0.00;0.00
20.12.2020;21:50:51;3.33;44.24;12.16;764.31;0.00;0.00;0.00
20.12.2020;21:51:51;3.33;44.24;12.15;764.31;0.00;0.00;0.00
20.12.2020;21:52:51;3.33;44.22;12.15;764.30;0.00;0.00;0.00
20.12.2020;21:53:51;3.33;44.22;12.15;764.29;0.00;0.00;0.00
20.12.2020;21:54:51;3.35;44.25;12.14;764.29;0.00;0.00;0.00
20.12.2020;21:55:51;3.33;44.27;12.14;764.29;0.00;0.00;0.00
20.12.2020;21:56:51;3.33;44.29;12.13;764.30;0.00;0.00;0.00
20.12.2020;21:57:51;3.36;44.29;12.13;764.30;0.00;0.00;0.00
20.12.2020;21:58:51;3.33;44.28;12.12;764.29;0.00;0.00;0.00
20.12.2020;21:59:51;3.33;44.27;12.12;764.30;0.00;0.00;0.00
20.12.2020;22:00:51;3.35;44.30;12.12;764.29;0.00;0.00;0.00
20.12.2020;22:01:51;3.33;44.32;12.11;764.29;0.00;0.00;0.00
20.12.2020;22:02:51;3.33;44.34;12.11;764.30;0.00;0.00;0.00
20.12.2020;22:03:51;3.33;44.33;12.10;764.30;0.00;0.00;0.00
20.12.2020;22:04:51;3.33;44.35;12.09;764.29;0.00;0.00;0.00
20.12.2020;22:05:51;3.33;44.37;12.09;764.29;0.00;0.00;0.00
20.12.2020;22:06:51;3.33;44.40;12.08;764.29;0.00;0.00;0.00
20.12.2020;22:07:51;3.33;44.38;12.08;764.29;0.00;0.00;0.00
20.12.2020;22:08:51;3.35;44.39;12.08;764.31;0.00;0.00;0.00
20.12.2020;22:09:51;3.33;44.41;12.07;764.32;0.00;0.00;0.00
20.12.2020;22:10:51;3.33;44.44;12.07;764.32;0.00;0.00;0.00
20.12.2020;22:11:51;3.36;44.43;12.08;764.32;0.00;0.00;0.00
20.12.2020;22:12:51;3.33;44.41;12.08;764.32;0.00;0.00;0.00
20.12.2020;22:13:51;3.33;44.44;12.07;764.33;0.00;0.00;0.00
20.12.2020;22:14:51;3.35;44.46;12.07;764.34;0.00;0.00;0.00
20.12.2020;22:15:51;3.33;44.49;12.07;764.35;0.00;0.00;0.00
20.12.2020;22:16:51;3.33;44.51;12.08;764.33;0.00;0.00;0.00
20.12.2020;22:17:51;3.33;44.51;12.08;764.34;0.00;0.00;0.00
20.12.2020;22:18:52;3.33;44.49;12.08;764.37;0.00;0.00;0.00
20.12.2020;22:19:52;3.33;44.47;12.09;764.37;0.00;0.00;0.00
20.12.2020;22:20:52;3.33;44.44;12.09;764.38;0.00;0.00;0.00
20.12.2020;22:21:52;3.33;44.44;12.09;764.37;0.00;0.00;0.00
20.12.2020;22:22:52;3.35;44.44;12.09;764.37;0.00;0.00;0.00
20.12.2020;22:23:52;3.33;44.44;12.10;764.39;0.00;0.00;0.00
20.12.2020;22:24:52;3.33;44.44;12.10;764.40;0.00;0.00;0.00
20.12.2020;22:25:52;3.36;44.43;12.11;764.39;0.00;0.00;0.00
20.12.2020;22:26:52;3.33;44.41;12.11;764.40;0.00;0.00;0.00
20.12.2020;22:27:52;3.33;44.38;12.12;764.41;0.00;0.00;0.00
20.12.2020;22:28:52;3.35;44.34;12.13;764.41;0.00;0.00;0.00
20.12.2020;22:29:52;3.33;44.34;12.14;764.41;0.00;0.00;0.00
20.12.2020;22:30:52;3.33;44.30;12.14;764.41;0.00;0.00;0.00
20.12.2020;22:31:52;3.33;44.30;12.15;764.40;0.00;0.00;0.00
20.12.2020;22:32:52;3.33;44.26;12.15;764.40;0.00;0.00;0.00
20.12.2020;22:33:52;3.33;44.26;12.14;764.40;0.00;0.00;0.00
20.12.2020;22:34:52;3.33;44.27;12.14;764.41;0.00;0.00;0.00
20.12.2020;22:35:52;3.33;44.28;12.14;764.41;0.00;0.00;0.00
20.12.2020;22:36:52;3.35;44.27;12.14;764.41;0.00;0.00;0.00
20.12.2020;22:37:52;3.33;44.29;12.15;764.42;0.00;0.00;0.00
20.12.2020;22:38:52;3.33;44.27;12.14;764.41;0.00;0.00;0.00
20.12.2020;22:39:52;3.36;44.25;12.15;764.41;0.00;0.00;0.00
20.12.2020;22:40:52;3.33;44.24;12.15;764.41;0.00;0.00;0.00
20.12.2020;22:41:52;3.33;44.25;12.15;764.42;0.00;0.00;0.00
20.12.2020;22:42:52;3.35;44.22;12.15;764.43;0.00;0.00;0.00
20.12.2020;22:43:52;3.33;44.24;12.15;764.42;0.00;0.00;0.00
20.12.2020;22:44:52;3.33;44.24;12.15;764.42;0.00;0.00;0.00
20.12.2020;22:45:52;3.33;44.24;12.15;764.43;0.00;0.00;0.00
20.12.2020;22:46:52;3.33;44.22;12.15;764.45;0.00;0.00;0.00
20.12.2020;22:47:52;3.33;44.21;12.15;764.45;0.00;0.00;0.00
20.12.2020;22:48:52;3.33;44.23;12.15;764.46;0.00;0.00;0.00
20.12.2020;22:49:52;3.33;44.24;12.14;764.46;0.00;0.00;0.00
20.12.2020;22:50:53;3.35;44.25;12.14;764.46;0.00;0.00;0.00
20.12.2020;22:51:53;3.33;44.24;12.14;764.46;0.00;0.00;0.00
20.12.2020;22:52:53;3.33;44.26;12.14;764.46;0.00;0.00;0.00
20.12.2020;22:53:53;3.36;44.26;12.14;764.46;0.00;0.00;0.00
20.12.2020;22:54:53;3.33;44.28;12.14;764.47;0.00;0.00;0.00
20.12.2020;22:55:53;3.33;44.29;12.14;764.47;0.00;0.00;0.00
20.12.2020;22:56:53;3.35;44.28;12.15;764.48;0.00;0.00;0.00
20.12.2020;22:57:53;3.33;44.27;12.15;764.48;0.00;0.00;0.00
20.12.2020;22:58:53;3.33;44.28;12.15;764.50;0.00;0.00;0.00
20.12.2020;22:59:53;3.33;44.29;12.16;764.50;0.00;0.00;0.00
20.12.2020;23:00:53;3.33;44.26;12.16;764.50;0.00;0.00;0.00
20.12.2020;23:01:53;3.33;44.28;12.16;764.51;0.00;0.00;0.00
20.12.2020;23:02:53;3.33;44.29;12.17;764.51;0.00;0.00;0.00
20.12.2020;23:03:53;3.33;44.27;12.17;764.50;0.00;0.00;0.00
20.12.2020;23:04:53;3.35;44.26;12.18;764.49;0.00;0.00;0.00
20.12.2020;23:05:53;3.33;44.25;12.19;764.50;0.00;0.00;0.00
20.12.2020;23:06:53;3.33;44.24;12.19;764.50;0.00;0.00;0.00
20.12.2020;23:07:53;3.36;44.24;12.19;764.50;0.00;0.00;0.00
20.12.2020;23:08:53;3.33;44.21;12.19;764.50;0.00;0.00;0.00
20.12.2020;23:09:53;3.33;44.21;12.20;764.51;0.00;0.00;0.00
20.12.2020;23:10:53;3.35;44.16;12.21;764.51;0.00;0.00;0.00
20.12.2020;23:11:53;3.33;44.18;12.22;764.49;0.00;0.00;0.00
20.12.2020;23:12:53;3.33;44.18;12.21;764.48;0.00;0.00;0.00
20.12.2020;23:13:53;3.33;44.19;12.21;764.47;0.00;0.00;0.00
20.12.2020;23:14:53;3.33;44.18;12.21;764.48;0.00;0.00;0.00
20.12.2020;23:15:53;3.33;44.16;12.21;764.46;0.00;0.00;0.00
20.12.2020;23:16:53;3.33;44.15;12.21;764.44;0.00;0.00;0.00
20.12.2020;23:17:53;3.33;44.13;12.21;764.45;0.00;0.00;0.00
20.12.2020;23:18:53;3.35;44.15;12.21;764.45;0.00;0.00;0.00
20.12.2020;23:19:53;3.33;44.13;12.21;764.45;0.00;0.00;0.00
20.12.2020;23:20:53;3.33;44.12;12.22;764.46;0.00;0.00;0.00
20.12.2020;23:21:53;3.36;44.13;12.21;764.46;0.00;0.00;0.00
20.12.2020;23:22:54;3.33;44.13;12.22;764.48;0.00;0.00;0.00
20.12.2020;23:23:54;3.33;44.11;12.22;764.48;0.00;0.00;0.00
20.12.2020;23:24:54;3.35;44.12;12.22;764.47;0.00;0.00;0.00
20.12.2020;23:25:54;3.33;44.10;12.22;764.48;0.00;0.00;0.00
20.12.2020;23:26:54;3.33;44.07;12.23;764.48;0.00;0.00;0.00
20.12.2020;23:27:54;3.33;44.07;12.23;764.49;0.00;0.00;0.00
20.12.2020;23:28:54;3.33;44.06;12.23;764.49;0.00;0.00;0.00
20.12.2020;23:29:54;3.33;44.05;12.24;764.49;0.00;0.00;0.00
20.12.2020;23:30:54;3.33;44.06;12.24;764.49;0.00;0.00;0.00
20.12.2020;23:31:54;3.33;44.04;12.23;764.49;0.00;0.00;0.00
20.12.2020;23:32:54;3.35;44.05;12.23;764.49;0.00;0.00;0.00
20.12.2020;23:33:54;3.33;44.06;12.23;764.50;0.00;0.00;0.00
20.12.2020;23:34:54;3.33;44.06;12.23;764.50;0.00;0.00;0.00
20.12.2020;23:35:54;3.36;44.05;12.23;764.50;0.00;0.00;0.00
20.12.2020;23:36:54;3.33;44.08;12.22;764.49;0.00;0.00;0.00
20.12.2020;23:37:54;3.33;44.07;12.22;764.49;0.00;0.00;0.00
20.12.2020;23:38:54;3.35;44.07;12.23;764.49;0.00;0.00;0.00
20.12.2020;23:39:54;3.33;44.07;12.22;764.49;0.00;0.00;0.00
20.12.2020;23:40:54;3.33;44.09;12.22;764.49;0.00;0.00;0.00
20.12.2020;23:41:54;3.33;44.12;12.22;764.50;0.00;0.00;0.00
20.12.2020;23:42:54;3.33;44.12;12.22;764.49;0.00;0.00;0.00
20.12.2020;23:43:54;3.33;44.14;12.21;764.49;0.00;0.00;0.00
20.12.2020;23:44:54;3.33;44.16;12.21;764.48;0.00;0.00;0.00
20.12.2020;23:45:54;3.33;44.16;12.21;764.48;0.00;0.00;0.00
20.12.2020;23:46:54;3.35;44.18;12.22;764.47;0.00;0.00;0.00
20.12.2020;23:47:54;3.33;44.18;12.21;764.47;0.00;0.00;0.00
20.12.2020;23:48:54;3.33;44.20;12.21;764.47;0.00;0.00;0.00
20.12.2020;23:49:54;3.36;44.19;12.21;764.46;0.00;0.00;0.00
20.12.2020;23:50:54;3.33;44.21;12.22;764.46;0.00;0.00;0.00
20.12.2020;23:51:54;3.33;44.19;12.22;764.45;0.00;0.00;0.00
20.12.2020;23:52:54;3.35;44.19;12.22;764.46;0.00;0.00;0.00
20.12.2020;23:53:55;3.33;44.21;12.22;764.45;0.00;0.00;0.00
20.12.2020;23:54:55;3.33;44.20;12.21;764.45;0.00;0.00;0.00
20.12.2020;23:55:55;3.33;44.20;12.22;764.44;0.00;0.00;0.00
20.12.2020;23:56:55;3.33;44.18;12.22;764.44;0.00;0.00;0.00
20.12.2020;23:57:55;3.33;44.20;12.22;764.44;0.00;0.00;0.00
20.12.2020;23:58:55;3.33;44.19;12.22;764.44;0.00;0.00;0.00
20.12.2020;23:59:55;3.33;44.19;12.22;764.43;0.00;0.00;0.00
