21.01.2021;0:00:16;2.50;30.12;3.28;754.66;0.00;0.00;0.00
21.01.2021;0:01:16;2.53;30.12;3.30;754.66;0.00;0.00;0.00
21.01.2021;0:02:16;2.53;30.12;3.32;754.64;0.00;0.00;0.00
21.01.2021;0:03:16;2.50;30.07;3.34;754.63;0.00;0.00;0.00
21.01.2021;0:04:16;2.50;30.10;3.36;754.60;0.00;0.00;0.00
21.01.2021;0:05:16;2.53;30.06;3.36;754.60;0.00;0.00;0.00
21.01.2021;0:06:16;2.51;30.07;3.37;754.62;0.00;0.00;0.00
21.01.2021;0:07:16;2.51;30.12;3.38;754.62;0.00;0.00;0.00
21.01.2021;0:08:16;2.51;30.09;3.39;754.61;0.00;0.00;0.00
21.01.2021;0:09:16;2.51;30.09;3.40;754.57;0.00;0.00;0.00
21.01.2021;0:10:16;2.51;30.03;3.42;754.55;0.00;0.00;0.00
21.01.2021;0:11:16;2.51;30.00;3.44;754.55;0.00;0.00;0.00
21.01.2021;0:12:16;2.51;30.02;3.45;754.53;0.00;0.00;0.00
21.01.2021;0:13:16;2.51;29.98;3.47;754.51;0.00;0.00;0.00
21.01.2021;0:14:16;2.50;29.99;3.48;754.51;0.00;0.00;0.00
21.01.2021;0:15:17;2.54;30.00;3.49;754.50;0.00;0.00;0.00
21.01.2021;0:16:17;2.54;29.95;3.51;754.51;0.00;0.00;0.00
21.01.2021;0:17:17;2.50;29.92;3.52;754.52;0.00;0.00;0.00
21.01.2021;0:18:17;2.51;29.94;3.53;754.51;0.00;0.00;0.00
21.01.2021;0:19:17;2.53;29.90;3.55;754.50;0.00;0.00;0.00
21.01.2021;0:20:17;2.50;29.93;3.55;754.48;0.00;0.00;0.00
21.01.2021;0:21:17;2.51;29.90;3.57;754.48;0.00;0.00;0.00
21.01.2021;0:22:17;2.51;29.93;3.58;754.49;0.00;0.00;0.00
21.01.2021;0:23:17;2.53;29.99;3.58;754.48;0.00;0.00;0.00
21.01.2021;0:24:17;2.50;29.90;3.58;754.46;0.00;0.00;0.00
21.01.2021;0:25:17;2.53;29.96;3.60;754.46;0.00;0.00;0.00
21.01.2021;0:26:17;2.53;29.94;3.61;754.45;0.00;0.00;0.00
21.01.2021;0:27:17;2.50;29.87;3.61;754.45;0.00;0.00;0.00
21.01.2021;0:28:17;2.51;29.94;3.62;754.44;0.00;0.00;0.00
21.01.2021;0:29:17;2.51;29.87;3.63;754.44;0.00;0.00;0.00
21.01.2021;0:30:17;2.57;29.94;3.64;754.47;0.00;0.00;0.00
21.01.2021;0:31:17;2.51;29.88;3.65;754.49;0.00;0.00;0.00
21.01.2021;0:32:17;2.51;29.95;3.65;754.50;0.00;0.00;0.00
21.01.2021;0:33:17;2.56;29.94;3.66;754.51;0.00;0.00;0.00
21.01.2021;0:34:17;2.51;29.95;3.67;754.50;0.00;0.00;0.00
21.01.2021;0:35:17;2.51;29.98;3.68;754.49;0.00;0.00;0.00
21.01.2021;0:36:17;2.53;29.95;3.69;754.48;0.00;0.00;0.00
21.01.2021;0:37:17;2.50;29.85;3.71;754.47;0.00;0.00;0.00
21.01.2021;0:38:17;2.51;29.96;3.71;754.44;0.00;0.00;0.00
21.01.2021;0:39:17;2.51;29.88;3.72;754.42;0.00;0.00;0.00
21.01.2021;0:40:17;2.50;29.85;3.74;754.42;0.00;0.00;0.00
21.01.2021;0:41:17;2.50;29.85;3.75;754.41;0.00;0.00;0.00
21.01.2021;0:42:17;2.50;29.82;3.76;754.40;0.00;0.00;0.00
21.01.2021;0:43:17;2.50;29.96;3.77;754.38;0.00;0.00;0.00
21.01.2021;0:44:17;2.53;29.91;3.77;754.39;0.00;0.00;0.00
21.01.2021;0:45:17;2.51;30.00;3.78;754.37;0.00;0.00;0.00
21.01.2021;0:46:17;2.50;29.84;3.79;754.38;0.00;0.00;0.00
21.01.2021;0:47:17;2.53;29.88;3.80;754.38;0.00;0.00;0.00
21.01.2021;0:48:17;2.50;29.96;3.81;754.38;0.00;0.00;0.00
21.01.2021;0:49:17;2.50;29.92;3.81;754.37;0.00;0.00;0.00
21.01.2021;0:50:17;2.53;29.86;3.82;754.37;0.00;0.00;0.00
21.01.2021;0:51:17;2.50;29.83;3.83;754.36;0.00;0.00;0.00
21.01.2021;0:52:17;2.50;29.80;3.84;754.34;0.00;0.00;0.00
21.01.2021;0:53:17;2.50;29.86;3.85;754.33;0.00;0.00;0.00
21.01.2021;0:54:17;2.50;29.82;3.86;754.30;0.00;0.00;0.00
21.01.2021;0:55:17;2.50;29.84;3.87;754.29;0.00;0.00;0.00
21.01.2021;0:56:17;2.50;29.90;3.87;754.28;0.00;0.00;0.00
21.01.2021;0:57:18;2.51;29.83;3.88;754.27;0.00;0.00;0.00
21.01.2021;0:58:18;2.53;29.92;3.89;754.27;0.00;0.00;0.00
21.01.2021;0:59:18;2.51;29.85;3.90;754.26;0.00;0.00;0.00
21.01.2021;1:00:18;2.50;29.91;3.90;754.26;0.00;0.00;0.00
21.01.2021;1:01:18;2.53;29.92;3.91;754.24;0.00;0.00;0.00
21.01.2021;1:02:18;2.50;29.91;3.91;754.26;0.00;0.00;0.00
21.01.2021;1:03:18;2.50;29.92;3.92;754.26;0.00;0.00;0.00
21.01.2021;1:04:18;2.51;29.99;3.93;754.22;0.00;0.00;0.00
21.01.2021;1:05:18;2.50;29.91;3.93;754.19;0.00;0.00;0.00
21.01.2021;1:06:18;2.50;29.83;3.94;754.20;0.00;0.00;0.00
21.01.2021;1:07:18;2.50;29.80;3.96;754.17;0.00;0.00;0.00
21.01.2021;1:08:18;2.50;30.02;3.96;754.16;0.00;0.00;0.00
21.01.2021;1:09:18;2.50;29.95;3.96;754.16;0.00;0.00;0.00
21.01.2021;1:10:18;2.50;29.88;3.97;754.15;0.00;0.00;0.00
21.01.2021;1:11:18;2.50;29.96;3.97;754.15;0.00;0.00;0.00
21.01.2021;1:12:18;2.53;29.88;3.98;754.16;0.00;0.00;0.00
21.01.2021;1:13:18;2.50;29.95;3.99;754.17;0.00;0.00;0.00
21.01.2021;1:14:18;2.50;29.93;4.00;754.18;0.00;0.00;0.00
21.01.2021;1:15:18;2.56;29.86;4.00;754.17;0.00;0.00;0.00
21.01.2021;1:16:18;2.50;29.81;4.02;754.19;0.00;0.00;0.00
21.01.2021;1:17:18;2.50;29.85;4.03;754.19;0.00;0.00;0.00
21.01.2021;1:18:18;2.51;29.98;4.03;754.22;0.00;0.00;0.00
21.01.2021;1:19:18;2.50;29.89;4.03;754.23;0.00;0.00;0.00
21.01.2021;1:20:18;2.50;29.81;4.04;754.22;0.00;0.00;0.00
21.01.2021;1:21:18;2.50;29.90;4.05;754.20;0.00;0.00;0.00
21.01.2021;1:22:18;2.50;29.89;4.05;754.19;0.00;0.00;0.00
21.01.2021;1:23:18;2.50;29.85;4.05;754.19;0.00;0.00;0.00
21.01.2021;1:24:18;2.50;29.97;4.07;754.18;0.00;0.00;0.00
21.01.2021;1:25:18;2.50;29.95;4.07;754.18;0.00;0.00;0.00
21.01.2021;1:26:18;2.53;29.90;4.08;754.19;0.00;0.00;0.00
21.01.2021;1:27:18;2.50;29.95;4.09;754.21;0.00;0.00;0.00
21.01.2021;1:28:18;2.50;29.94;4.09;754.21;0.00;0.00;0.00
21.01.2021;1:29:18;2.53;29.84;4.10;754.21;0.00;0.00;0.00
21.01.2021;1:30:18;2.50;29.86;4.11;754.19;0.00;0.00;0.00
21.01.2021;1:31:18;2.50;29.78;4.12;754.19;0.00;0.00;0.00
21.01.2021;1:32:18;2.51;30.05;4.12;754.17;0.00;0.00;0.00
21.01.2021;1:33:18;2.50;29.81;4.13;754.16;0.00;0.00;0.00
21.01.2021;1:34:18;2.50;29.89;4.14;754.13;0.00;0.00;0.00
21.01.2021;1:35:18;2.50;29.78;4.15;754.13;0.00;0.00;0.00
21.01.2021;1:36:18;2.50;29.93;4.16;754.13;0.00;0.00;0.00
21.01.2021;1:37:18;2.50;29.91;4.16;754.14;0.00;0.00;0.00
21.01.2021;1:38:18;2.50;29.86;4.17;754.14;0.00;0.00;0.00
21.01.2021;1:39:19;2.50;29.78;4.19;754.15;0.00;0.00;0.00
21.01.2021;1:40:19;2.53;29.83;4.20;754.13;0.00;0.00;0.00
21.01.2021;1:41:19;2.50;29.78;4.21;754.12;0.00;0.00;0.00
21.01.2021;1:42:19;2.51;29.86;4.22;754.11;0.00;0.00;0.00
21.01.2021;1:43:19;2.54;29.82;4.23;754.09;0.00;0.00;0.00
21.01.2021;1:44:19;2.50;29.85;4.23;754.07;0.00;0.00;0.00
21.01.2021;1:45:19;2.50;29.84;4.24;754.06;0.00;0.00;0.00
21.01.2021;1:46:19;2.51;29.85;4.25;754.06;0.00;0.00;0.00
21.01.2021;1:47:19;2.50;29.85;4.26;754.05;0.00;0.00;0.00
21.01.2021;1:48:19;2.51;29.82;4.27;754.05;0.00;0.00;0.00
21.01.2021;1:49:19;2.51;29.77;4.28;754.04;0.00;0.00;0.00
21.01.2021;1:50:19;2.51;29.77;4.28;754.02;0.00;0.00;0.00
21.01.2021;1:51:19;2.51;29.84;4.29;754.02;0.00;0.00;0.00
21.01.2021;1:52:19;2.51;29.80;4.29;754.00;0.00;0.00;0.00
21.01.2021;1:53:19;2.50;29.86;4.30;754.00;0.00;0.00;0.00
21.01.2021;1:54:19;2.56;29.82;4.32;754.01;0.00;0.00;0.00
21.01.2021;1:55:19;2.51;29.94;4.32;754.01;0.00;0.00;0.00
21.01.2021;1:56:19;2.51;29.76;4.33;754.02;0.00;0.00;0.00
21.01.2021;1:57:19;2.54;29.87;4.33;754.03;0.00;0.00;0.00
21.01.2021;1:58:19;2.50;29.81;4.33;754.02;0.00;0.00;0.00
21.01.2021;1:59:19;2.51;29.80;4.34;754.01;0.00;0.00;0.00
21.01.2021;2:00:19;2.51;29.81;4.35;753.99;0.00;0.00;0.00
21.01.2021;2:01:19;2.51;29.77;4.37;753.97;0.00;0.00;0.00
21.01.2021;2:02:19;2.53;29.76;4.38;753.97;0.00;0.00;0.00
21.01.2021;2:03:19;2.51;29.75;4.37;753.95;0.00;0.00;0.00
21.01.2021;2:04:19;2.54;29.84;4.38;753.92;0.00;0.00;0.00
21.01.2021;2:05:19;2.54;29.83;4.37;753.91;0.00;0.00;0.00
21.01.2021;2:06:19;2.53;29.81;4.39;753.93;0.00;0.00;0.00
21.01.2021;2:07:19;2.50;29.79;4.39;753.94;0.00;0.00;0.00
21.01.2021;2:08:19;2.54;29.91;4.39;753.96;0.00;0.00;0.00
21.01.2021;2:09:19;2.54;29.88;4.40;753.99;0.00;0.00;0.00
21.01.2021;2:10:19;2.54;29.84;4.40;754.01;0.00;0.00;0.00
21.01.2021;2:11:19;2.56;30.10;4.40;754.02;0.00;0.00;0.00
21.01.2021;2:12:19;2.51;29.95;4.40;754.02;0.00;0.00;0.00
21.01.2021;2:13:19;2.51;29.90;4.40;754.02;0.00;0.00;0.00
21.01.2021;2:14:19;2.51;29.94;4.40;754.01;0.00;0.00;0.00
21.01.2021;2:15:19;2.51;29.93;4.40;754.00;0.00;0.00;0.00
21.01.2021;2:16:19;2.51;30.01;4.40;754.00;0.00;0.00;0.00
21.01.2021;2:17:19;2.50;30.08;4.40;754.02;0.00;0.00;0.00
21.01.2021;2:18:19;2.50;30.01;4.40;754.03;0.00;0.00;0.00
21.01.2021;2:19:19;2.50;30.10;4.40;754.01;0.00;0.00;0.00
21.01.2021;2:20:19;2.51;30.16;4.40;754.00;0.00;0.00;0.00
21.01.2021;2:21:20;2.50;30.29;4.40;753.97;0.00;0.00;0.00
21.01.2021;2:22:20;2.57;30.18;4.40;753.96;0.00;0.00;0.00
21.01.2021;2:23:20;2.51;30.05;4.41;753.98;0.00;0.00;0.00
21.01.2021;2:24:20;2.53;30.04;4.42;753.98;0.00;0.00;0.00
21.01.2021;2:25:20;2.53;30.08;4.44;754.01;0.00;0.00;0.00
21.01.2021;2:26:20;2.50;30.14;4.44;754.02;0.00;0.00;0.00
21.01.2021;2:27:20;2.50;30.15;4.45;754.01;0.00;0.00;0.00
21.01.2021;2:28:20;2.51;29.95;4.46;754.01;0.00;0.00;0.00
21.01.2021;2:29:20;2.50;30.00;4.48;754.02;0.00;0.00;0.00
21.01.2021;2:30:20;2.50;30.08;4.49;754.00;0.00;0.00;0.00
21.01.2021;2:31:20;2.50;30.18;4.49;753.99;0.00;0.00;0.00
21.01.2021;2:32:20;2.50;30.08;4.49;753.99;0.00;0.00;0.00
21.01.2021;2:33:20;2.50;30.04;4.50;753.99;0.00;0.00;0.00
21.01.2021;2:34:20;2.50;30.17;4.51;753.98;0.00;0.00;0.00
21.01.2021;2:35:20;2.50;30.04;4.51;753.99;0.00;0.00;0.00
21.01.2021;2:36:20;2.53;29.99;4.52;753.99;0.00;0.00;0.00
21.01.2021;2:37:20;2.50;30.11;4.52;753.98;0.00;0.00;0.00
21.01.2021;2:38:20;2.50;30.18;4.52;753.99;0.00;0.00;0.00
21.01.2021;2:39:20;2.53;30.07;4.52;754.00;0.00;0.00;0.00
21.01.2021;2:40:20;2.50;30.23;4.53;753.97;0.00;0.00;0.00
21.01.2021;2:41:20;2.50;30.07;4.53;753.97;0.00;0.00;0.00
21.01.2021;2:42:20;2.51;30.36;4.53;753.96;0.00;0.00;0.00
21.01.2021;2:43:20;2.50;30.09;4.53;753.95;0.00;0.00;0.00
21.01.2021;2:44:20;2.50;30.15;4.53;753.93;0.00;0.00;0.00
21.01.2021;2:45:20;2.50;30.09;4.54;753.93;0.00;0.00;0.00
21.01.2021;2:46:20;2.50;30.12;4.54;753.93;0.00;0.00;0.00
21.01.2021;2:47:20;2.50;30.12;4.54;753.92;0.00;0.00;0.00
21.01.2021;2:48:20;2.50;30.09;4.55;753.89;0.00;0.00;0.00
21.01.2021;2:49:20;2.50;30.05;4.57;753.88;0.00;0.00;0.00
21.01.2021;2:50:20;2.53;30.13;4.57;753.86;0.00;0.00;0.00
21.01.2021;2:51:20;2.50;30.06;4.58;753.85;0.00;0.00;0.00
21.01.2021;2:52:20;2.50;29.94;4.59;753.84;0.00;0.00;0.00
21.01.2021;2:53:20;2.53;30.08;4.60;753.81;0.00;0.00;0.00
21.01.2021;2:54:20;2.50;29.99;4.61;753.79;0.00;0.00;0.00
21.01.2021;2:55:20;2.50;30.04;4.61;753.78;0.00;0.00;0.00
21.01.2021;2:56:20;2.51;30.11;4.61;753.77;0.00;0.00;0.00
21.01.2021;2:57:20;2.50;30.26;4.61;753.75;0.00;0.00;0.00
21.01.2021;2:58:20;2.50;30.24;4.62;753.76;0.00;0.00;0.00
21.01.2021;2:59:20;2.50;30.13;4.62;753.77;0.00;0.00;0.00
21.01.2021;3:00:20;2.50;30.00;4.63;753.77;0.00;0.00;0.00
21.01.2021;3:01:20;2.50;30.13;4.65;753.75;0.00;0.00;0.00
21.01.2021;3:02:21;2.50;30.00;4.65;753.74;0.00;0.00;0.00
21.01.2021;3:03:21;2.50;29.97;4.66;753.74;0.00;0.00;0.00
21.01.2021;3:04:21;2.53;30.03;4.67;753.74;0.00;0.00;0.00
21.01.2021;3:05:21;2.50;30.06;4.67;753.75;0.00;0.00;0.00
21.01.2021;3:06:21;2.50;29.98;4.68;753.76;0.00;0.00;0.00
21.01.2021;3:07:21;2.53;30.04;4.68;753.77;0.00;0.00;0.00
21.01.2021;3:08:21;2.50;29.98;4.69;753.77;0.00;0.00;0.00
21.01.2021;3:09:21;2.50;30.12;4.69;753.76;0.00;0.00;0.00
21.01.2021;3:10:21;2.51;29.99;4.69;753.75;0.00;0.00;0.00
21.01.2021;3:11:21;2.50;30.16;4.69;753.75;0.00;0.00;0.00
21.01.2021;3:12:21;2.50;29.99;4.69;753.76;0.00;0.00;0.00
21.01.2021;3:13:21;2.50;30.19;4.69;753.75;0.00;0.00;0.00
21.01.2021;3:14:21;2.50;30.04;4.70;753.75;0.00;0.00;0.00
21.01.2021;3:15:21;2.50;30.05;4.71;753.75;0.00;0.00;0.00
21.01.2021;3:16:21;2.50;30.10;4.71;753.75;0.00;0.00;0.00
21.01.2021;3:17:21;2.50;30.07;4.71;753.77;0.00;0.00;0.00
21.01.2021;3:18:21;2.54;30.03;4.72;753.77;0.00;0.00;0.00
21.01.2021;3:19:21;2.50;30.06;4.73;753.75;0.00;0.00;0.00
21.01.2021;3:20:21;2.50;30.06;4.73;753.75;0.00;0.00;0.00
21.01.2021;3:21:21;2.53;30.06;4.72;753.74;0.00;0.00;0.00
21.01.2021;3:22:21;2.50;29.99;4.73;753.74;0.00;0.00;0.00
21.01.2021;3:23:21;2.50;30.02;4.74;753.74;0.00;0.00;0.00
21.01.2021;3:24:21;2.51;30.03;4.76;753.75;0.00;0.00;0.00
21.01.2021;3:25:21;2.50;30.04;4.76;753.74;0.00;0.00;0.00
21.01.2021;3:26:21;2.50;30.07;4.76;753.73;0.00;0.00;0.00
21.01.2021;3:27:21;2.50;30.04;4.77;753.68;0.00;0.00;0.00
21.01.2021;3:28:21;2.50;29.97;4.77;753.62;0.00;0.00;0.00
21.01.2021;3:29:21;2.50;29.96;4.78;753.60;0.00;0.00;0.00
21.01.2021;3:30:21;2.50;30.11;4.79;753.61;0.00;0.00;0.00
21.01.2021;3:31:21;2.50;30.02;4.79;753.63;0.00;0.00;0.00
21.01.2021;3:32:21;2.53;30.02;4.80;753.63;0.00;0.00;0.00
21.01.2021;3:33:21;2.50;30.07;4.81;753.61;0.00;0.00;0.00
21.01.2021;3:34:21;2.50;30.22;4.80;753.59;0.00;0.00;0.00
21.01.2021;3:35:21;2.53;30.07;4.81;753.57;0.00;0.00;0.00
21.01.2021;3:36:21;2.50;30.03;4.81;753.57;0.00;0.00;0.00
21.01.2021;3:37:21;2.50;30.08;4.83;753.58;0.00;0.00;0.00
21.01.2021;3:38:21;2.51;30.16;4.82;753.59;0.00;0.00;0.00
21.01.2021;3:39:21;2.50;30.26;4.82;753.60;0.00;0.00;0.00
21.01.2021;3:40:21;2.50;30.30;4.82;753.59;0.00;0.00;0.00
21.01.2021;3:41:21;2.50;30.33;4.82;753.61;0.00;0.00;0.00
21.01.2021;3:42:21;2.50;30.33;4.82;753.63;0.00;0.00;0.00
21.01.2021;3:43:22;2.50;30.22;4.83;753.64;0.00;0.00;0.00
21.01.2021;3:44:22;2.50;30.26;4.83;753.62;0.00;0.00;0.00
21.01.2021;3:45:22;2.50;30.20;4.84;753.63;0.00;0.00;0.00
21.01.2021;3:46:22;2.53;30.13;4.85;753.63;0.00;0.00;0.00
21.01.2021;3:47:22;2.51;30.13;4.85;753.62;0.00;0.00;0.00
21.01.2021;3:48:22;2.50;30.15;4.86;753.62;0.00;0.00;0.00
21.01.2021;3:49:22;2.53;30.09;4.87;753.59;0.00;0.00;0.00
21.01.2021;3:50:22;2.50;30.16;4.88;753.57;0.00;0.00;0.00
21.01.2021;3:51:22;2.50;30.07;4.88;753.56;0.00;0.00;0.00
21.01.2021;3:52:22;2.51;30.09;4.88;753.54;0.00;0.00;0.00
21.01.2021;3:53:22;2.50;30.03;4.89;753.53;0.00;0.00;0.00
21.01.2021;3:54:22;2.50;30.03;4.91;753.49;0.00;0.00;0.00
21.01.2021;3:55:22;2.50;30.01;4.92;753.47;0.00;0.00;0.00
21.01.2021;3:56:22;2.50;30.08;4.91;753.43;0.00;0.00;0.00
21.01.2021;3:57:22;2.50;29.95;4.93;753.42;0.00;0.00;0.00
21.01.2021;3:58:22;2.50;30.02;4.94;753.41;0.00;0.00;0.00
21.01.2021;3:59:22;2.50;29.98;4.94;753.40;0.00;0.00;0.00
21.01.2021;4:00:22;2.53;30.01;4.94;753.40;0.00;0.00;0.00
21.01.2021;4:01:22;2.50;30.08;4.95;753.40;0.00;0.00;0.00
21.01.2021;4:02:22;2.50;30.12;4.96;753.41;0.00;0.00;0.00
21.01.2021;4:03:22;2.53;30.18;4.97;753.41;0.00;0.00;0.00
21.01.2021;4:04:22;2.50;30.15;4.96;753.40;0.00;0.00;0.00
21.01.2021;4:05:22;2.51;29.98;4.97;753.39;0.00;0.00;0.00
21.01.2021;4:06:22;2.51;30.07;4.98;753.39;0.00;0.00;0.00
21.01.2021;4:07:22;2.50;30.12;4.97;753.39;0.00;0.00;0.00
21.01.2021;4:08:22;2.51;30.12;4.97;753.40;0.00;0.00;0.00
21.01.2021;4:09:22;2.51;30.21;4.97;753.40;0.00;0.00;0.00
21.01.2021;4:10:22;2.50;30.22;4.97;753.41;0.00;0.00;0.00
21.01.2021;4:11:22;2.50;30.34;4.97;753.41;0.00;0.00;0.00
21.01.2021;4:12:22;2.50;30.20;4.97;753.38;0.00;0.00;0.00
21.01.2021;4:13:22;2.50;30.26;4.97;753.36;0.00;0.00;0.00
21.01.2021;4:14:22;2.53;30.14;4.98;753.35;0.00;0.00;0.00
21.01.2021;4:15:22;2.50;30.12;4.99;753.34;0.00;0.00;0.00
21.01.2021;4:16:22;2.50;30.04;5.00;753.33;0.00;0.00;0.00
21.01.2021;4:17:22;2.53;30.12;5.01;753.31;0.00;0.00;0.00
21.01.2021;4:18:22;2.50;30.27;5.01;753.27;0.00;0.00;0.00
21.01.2021;4:19:22;2.50;30.06;5.01;753.27;0.00;0.00;0.00
21.01.2021;4:20:22;2.51;30.10;5.01;753.27;0.00;0.00;0.00
21.01.2021;4:21:22;2.50;30.42;5.01;753.27;0.00;0.00;0.00
21.01.2021;4:22:22;2.50;30.28;5.02;753.30;0.00;0.00;0.00
21.01.2021;4:23:22;2.50;30.26;5.02;753.32;0.00;0.00;0.00
21.01.2021;4:24:23;2.50;30.13;5.02;753.34;0.00;0.00;0.00
21.01.2021;4:25:23;2.50;30.22;5.04;753.34;0.00;0.00;0.00
21.01.2021;4:26:23;2.50;30.21;5.04;753.34;0.00;0.00;0.00
21.01.2021;4:27:23;2.50;30.10;5.05;753.34;0.00;0.00;0.00
21.01.2021;4:28:23;2.53;30.24;5.07;753.33;0.00;0.00;0.00
21.01.2021;4:29:23;2.50;30.37;5.08;753.31;0.00;0.00;0.00
21.01.2021;4:30:23;2.50;30.11;5.07;753.32;0.00;0.00;0.00
21.01.2021;4:31:23;2.54;30.20;5.07;753.32;0.00;0.00;0.00
21.01.2021;4:32:23;2.50;30.12;5.08;753.33;0.00;0.00;0.00
21.01.2021;4:33:23;2.50;30.19;5.08;753.33;0.00;0.00;0.00
21.01.2021;4:34:23;2.51;30.42;5.08;753.33;0.00;0.00;0.00
21.01.2021;4:35:23;2.50;30.31;5.08;753.32;0.00;0.00;0.00
21.01.2021;4:36:23;2.50;30.28;5.08;753.32;0.00;0.00;0.00
21.01.2021;4:37:23;2.50;30.31;5.08;753.33;0.00;0.00;0.00
21.01.2021;4:38:23;2.50;30.18;5.08;753.33;0.00;0.00;0.00
21.01.2021;4:39:23;2.50;30.17;5.09;753.31;0.00;0.00;0.00
21.01.2021;4:40:23;2.50;30.32;5.10;753.31;0.00;0.00;0.00
21.01.2021;4:41:23;2.50;30.21;5.10;753.29;0.00;0.00;0.00
21.01.2021;4:42:23;2.53;30.18;5.11;753.28;0.00;0.00;0.00
21.01.2021;4:43:23;2.50;30.37;5.12;753.25;0.00;0.00;0.00
21.01.2021;4:44:23;2.51;30.25;5.12;753.24;0.00;0.00;0.00
21.01.2021;4:45:23;2.53;30.22;5.12;753.23;0.00;0.00;0.00
21.01.2021;4:46:23;2.50;30.20;5.13;753.22;0.00;0.00;0.00
21.01.2021;4:47:23;2.51;30.10;5.15;753.23;0.00;0.00;0.00
21.01.2021;4:48:23;2.51;30.13;5.17;753.24;0.00;0.00;0.00
21.01.2021;4:49:23;2.50;30.11;5.17;753.25;0.00;0.00;0.00
21.01.2021;4:50:23;2.50;30.24;5.17;753.26;0.00;0.00;0.00
21.01.2021;4:51:23;2.51;30.25;5.17;753.27;0.00;0.00;0.00
21.01.2021;4:52:23;2.51;30.19;5.17;753.26;0.00;0.00;0.00
21.01.2021;4:53:23;2.50;30.29;5.18;753.24;0.00;0.00;0.00
21.01.2021;4:54:23;2.50;30.18;5.18;753.24;0.00;0.00;0.00
21.01.2021;4:55:23;2.50;30.17;5.18;753.25;0.00;0.00;0.00
21.01.2021;4:56:23;2.53;30.17;5.18;753.28;0.00;0.00;0.00
21.01.2021;4:57:23;2.50;30.12;5.18;753.30;0.00;0.00;0.00
21.01.2021;4:58:23;2.50;30.19;5.20;753.29;0.00;0.00;0.00
21.01.2021;4:59:23;2.53;30.28;5.20;753.28;0.00;0.00;0.00
21.01.2021;5:00:23;2.50;30.24;5.20;753.28;0.00;0.00;0.00
21.01.2021;5:01:23;2.50;30.24;5.20;753.26;0.00;0.00;0.00
21.01.2021;5:02:23;2.51;30.14;5.20;753.23;0.00;0.00;0.00
21.01.2021;5:03:23;2.50;30.14;5.21;753.22;0.00;0.00;0.00
21.01.2021;5:04:24;2.50;30.17;5.21;753.23;0.00;0.00;0.00
21.01.2021;5:05:24;2.50;30.15;5.22;753.20;0.00;0.00;0.00
21.01.2021;5:06:24;2.50;30.13;5.24;753.19;0.00;0.00;0.00
21.01.2021;5:07:24;2.50;30.13;5.24;753.18;0.00;0.00;0.00
21.01.2021;5:08:24;2.50;30.12;5.25;753.18;0.00;0.00;0.00
21.01.2021;5:09:24;2.50;30.09;5.26;753.17;0.00;0.00;0.00
21.01.2021;5:10:24;2.53;30.10;5.26;753.16;0.00;0.00;0.00
21.01.2021;5:11:24;2.50;30.25;5.26;753.14;0.00;0.00;0.00
21.01.2021;5:12:24;2.50;30.12;5.27;753.13;0.00;0.00;0.00
21.01.2021;5:13:24;2.53;30.11;5.27;753.13;0.00;0.00;0.00
21.01.2021;5:14:24;2.50;30.27;5.27;753.13;0.00;0.00;0.00
21.01.2021;5:15:24;2.50;30.12;5.28;753.13;0.00;0.00;0.00
21.01.2021;5:16:24;2.51;30.32;5.27;753.16;0.00;0.00;0.00
21.01.2021;5:17:24;2.57;30.26;5.26;753.15;0.00;0.00;0.00
21.01.2021;5:18:24;2.50;30.24;5.27;753.17;0.00;0.00;0.00
21.01.2021;5:19:24;2.50;30.21;5.28;753.17;0.00;0.00;0.00
21.01.2021;5:20:24;2.50;30.27;5.28;753.18;0.00;0.00;0.00
21.01.2021;5:21:24;2.50;30.59;5.27;753.18;0.00;0.00;0.00
21.01.2021;5:22:24;2.50;30.26;5.27;753.20;0.00;0.00;0.00
21.01.2021;5:23:24;2.50;30.37;5.27;753.20;0.00;0.00;0.00
21.01.2021;5:24:24;2.53;30.50;5.27;753.19;0.00;0.00;0.00
21.01.2021;5:25:24;2.50;30.46;5.28;753.18;0.00;0.00;0.00
21.01.2021;5:26:24;2.50;30.32;5.29;753.19;0.00;0.00;0.00
21.01.2021;5:27:24;2.53;30.43;5.29;753.19;0.00;0.00;0.00
21.01.2021;5:28:24;2.50;30.29;5.30;753.20;0.00;0.00;0.00
21.01.2021;5:29:24;2.50;30.58;5.29;753.20;0.00;0.00;0.00
21.01.2021;5:30:24;2.51;30.37;5.29;753.20;0.00;0.00;0.00
21.01.2021;5:31:24;2.50;30.60;5.29;753.19;0.00;0.00;0.00
21.01.2021;5:32:24;2.50;30.54;5.29;753.19;0.00;0.00;0.00
21.01.2021;5:33:24;2.50;30.34;5.30;753.19;0.00;0.00;0.00
21.01.2021;5:34:24;2.50;30.50;5.31;753.19;0.00;0.00;0.00
21.01.2021;5:35:24;2.50;30.58;5.30;753.19;0.00;0.00;0.00
21.01.2021;5:36:24;2.50;30.75;5.30;753.19;0.00;0.00;0.00
21.01.2021;5:37:24;2.50;30.42;5.30;753.21;0.00;0.00;0.00
21.01.2021;5:38:24;2.53;30.60;5.30;753.21;0.00;0.00;0.00
21.01.2021;5:39:24;2.50;30.74;5.31;753.21;0.00;0.00;0.00
21.01.2021;5:40:24;2.50;30.40;5.31;753.22;0.00;0.00;0.00
21.01.2021;5:41:24;2.53;30.62;5.32;753.24;0.00;0.00;0.00
21.01.2021;5:42:24;2.50;30.45;5.32;753.25;0.00;0.00;0.00
21.01.2021;5:43:24;2.50;30.52;5.33;753.25;0.00;0.00;0.00
21.01.2021;5:44:24;2.51;30.49;5.34;753.25;0.00;0.00;0.00
21.01.2021;5:45:25;2.50;30.72;5.33;753.23;0.00;0.00;0.00
21.01.2021;5:46:25;2.50;30.66;5.34;753.20;0.00;0.00;0.00
21.01.2021;5:47:25;2.50;30.55;5.34;753.18;0.00;0.00;0.00
21.01.2021;5:48:25;2.50;30.40;5.35;753.16;0.00;0.00;0.00
21.01.2021;5:49:25;2.50;30.52;5.36;753.15;0.00;0.00;0.00
21.01.2021;5:50:25;2.50;30.64;5.36;753.15;0.00;0.00;0.00
21.01.2021;5:51:25;2.50;30.80;5.34;753.14;0.00;0.00;0.00
21.01.2021;5:52:25;2.53;30.93;5.33;753.14;0.00;0.00;0.00
21.01.2021;5:53:25;2.50;30.93;5.34;753.16;0.00;0.00;0.00
21.01.2021;5:54:25;2.50;31.14;5.33;753.15;0.00;0.00;0.00
21.01.2021;5:55:25;2.53;30.88;5.32;753.14;0.00;0.00;0.00
21.01.2021;5:56:25;2.50;30.94;5.33;753.13;0.00;0.00;0.00
21.01.2021;5:57:25;2.50;30.71;5.34;753.14;0.00;0.00;0.00
21.01.2021;5:58:25;2.51;30.82;5.35;753.13;0.00;0.00;0.00
21.01.2021;5:59:25;2.50;30.69;5.35;753.15;0.00;0.00;0.00
21.01.2021;6:00:25;2.50;30.72;5.36;753.13;0.00;0.00;0.00
21.01.2021;6:01:25;2.50;30.67;5.38;753.13;0.00;0.00;0.00
21.01.2021;6:02:25;2.50;30.56;5.39;753.13;0.00;0.00;0.00
21.01.2021;6:03:25;2.50;30.53;5.39;753.12;0.00;0.00;0.00
21.01.2021;6:04:25;2.50;30.64;5.40;753.11;0.00;0.00;0.00
21.01.2021;6:05:25;2.50;30.85;5.39;753.08;0.00;0.00;0.00
21.01.2021;6:06:25;2.53;30.85;5.39;753.08;0.00;0.00;0.00
21.01.2021;6:07:25;2.50;31.02;5.38;753.09;0.00;0.00;0.00
21.01.2021;6:08:25;2.50;31.07;5.39;753.11;0.00;0.00;0.00
21.01.2021;6:09:25;2.53;31.04;5.38;753.12;0.00;0.00;0.00
21.01.2021;6:10:25;2.51;31.02;5.38;753.12;0.00;0.00;0.00
21.01.2021;6:11:25;2.51;30.80;5.39;753.11;0.00;0.00;0.00
21.01.2021;6:12:25;2.51;30.95;5.39;753.09;0.00;0.00;0.00
21.01.2021;6:13:25;2.50;30.84;5.39;753.08;0.00;0.00;0.00
21.01.2021;6:14:25;2.51;30.73;5.40;753.08;0.00;0.00;0.00
21.01.2021;6:15:25;2.51;30.99;5.41;753.08;0.00;0.00;0.00
21.01.2021;6:16:25;2.50;30.93;5.40;753.08;0.00;0.00;0.00
21.01.2021;6:17:25;2.50;30.95;5.41;753.06;0.00;0.00;0.00
21.01.2021;6:18:25;2.50;30.73;5.42;753.08;0.00;0.00;0.00
21.01.2021;6:19:25;2.50;30.90;5.42;753.08;0.00;0.00;0.00
21.01.2021;6:20:25;2.53;30.99;5.42;753.07;0.00;0.00;0.00
21.01.2021;6:21:25;2.51;30.74;5.43;753.08;0.00;0.00;0.00
21.01.2021;6:22:25;2.50;31.22;5.42;753.07;0.00;0.00;0.00
21.01.2021;6:23:25;2.54;30.68;5.42;753.10;0.00;0.00;0.00
21.01.2021;6:24:25;2.51;30.72;5.44;753.10;0.00;0.00;0.00
21.01.2021;6:25:26;2.51;30.78;5.44;753.09;0.00;0.00;0.00
21.01.2021;6:26:26;2.51;30.83;5.43;753.11;0.00;0.00;0.00
21.01.2021;6:27:26;2.50;31.02;5.43;753.10;0.00;0.00;0.00
21.01.2021;6:28:26;2.50;31.00;5.42;753.09;0.00;0.00;0.00
21.01.2021;6:29:26;2.50;30.82;5.42;753.09;0.00;0.00;0.00
21.01.2021;6:30:26;2.50;30.89;5.44;753.07;0.00;0.00;0.00
21.01.2021;6:31:26;2.50;30.69;5.45;753.08;0.00;0.00;0.00
21.01.2021;6:32:26;2.50;30.74;5.46;753.10;0.00;0.00;0.00
21.01.2021;6:33:26;2.50;30.95;5.46;753.13;0.00;0.00;0.00
21.01.2021;6:34:26;2.53;31.14;5.45;753.14;0.00;0.00;0.00
21.01.2021;6:35:26;2.50;30.89;5.45;753.14;0.00;0.00;0.00
21.01.2021;6:36:26;2.50;30.73;5.45;753.13;0.00;0.00;0.00
21.01.2021;6:37:26;2.53;30.71;5.47;753.12;0.00;0.00;0.00
21.01.2021;6:38:26;2.50;30.75;5.49;753.09;0.00;0.00;0.00
21.01.2021;6:39:26;2.50;30.80;5.48;753.06;0.00;0.00;0.00
21.01.2021;6:40:26;2.51;30.74;5.48;753.08;0.00;0.00;0.00
21.01.2021;6:41:26;2.50;30.76;5.48;753.06;0.00;0.00;0.00
21.01.2021;6:42:26;2.50;31.01;5.49;753.08;0.00;0.00;0.00
21.01.2021;6:43:26;2.50;31.16;5.47;753.08;0.00;0.00;0.00
21.01.2021;6:44:26;2.50;30.94;5.47;753.08;0.00;0.00;0.00
21.01.2021;6:45:26;2.50;30.98;5.47;753.08;0.00;0.00;0.00
21.01.2021;6:46:26;2.50;31.16;5.47;753.07;0.00;0.00;0.00
21.01.2021;6:47:26;2.50;31.06;5.47;753.07;0.00;0.00;0.00
21.01.2021;6:48:26;2.53;31.17;5.47;753.06;0.00;0.00;0.00
21.01.2021;6:49:26;2.50;30.98;5.48;753.07;0.00;0.00;0.00
21.01.2021;6:50:26;2.51;31.02;5.48;753.06;0.00;0.00;0.00
21.01.2021;6:51:26;2.54;30.97;5.49;753.06;0.00;0.00;0.00
21.01.2021;6:52:26;2.50;30.76;5.49;753.04;0.00;0.00;0.00
21.01.2021;6:53:26;2.50;30.93;5.50;753.04;0.00;0.00;0.00
21.01.2021;6:54:26;2.51;30.79;5.51;753.03;0.00;0.00;0.00
21.01.2021;6:55:26;2.50;30.87;5.51;753.03;0.00;0.00;0.00
21.01.2021;6:56:26;2.53;30.81;5.52;753.01;0.00;0.00;0.00
21.01.2021;6:57:26;2.53;30.95;5.52;753.00;0.00;0.00;0.00
21.01.2021;6:58:26;2.54;30.89;5.52;753.02;0.00;0.00;0.00
21.01.2021;6:59:26;2.53;30.74;5.54;753.02;0.00;0.00;0.00
21.01.2021;7:00:26;2.56;30.85;5.54;753.04;0.00;0.00;0.00
21.01.2021;7:01:26;2.53;30.97;5.54;753.04;0.00;0.00;0.00
21.01.2021;7:02:26;2.61;30.72;5.55;753.02;0.00;0.00;0.00
21.01.2021;7:03:26;2.60;30.76;5.55;753.03;0.00;0.00;0.00
21.01.2021;7:04:26;2.78;30.89;5.56;753.02;0.00;0.00;0.00
21.01.2021;7:05:26;2.89;30.75;5.57;753.02;0.00;0.00;0.00
21.01.2021;7:06:27;3.12;30.67;5.58;753.02;0.00;0.00;0.00
21.01.2021;7:07:27;3.29;30.82;5.58;753.01;0.00;0.00;0.00
21.01.2021;7:08:27;3.31;30.85;5.58;753.02;0.00;0.00;0.00
21.01.2021;7:09:27;3.33;30.72;5.59;753.02;0.00;0.00;0.00
21.01.2021;7:10:27;3.33;30.71;5.61;753.03;0.00;0.00;0.00
21.01.2021;7:11:27;3.33;30.62;5.61;753.05;0.00;0.00;0.00
21.01.2021;7:12:27;3.33;30.62;5.61;753.05;0.00;0.00;0.00
21.01.2021;7:13:27;3.33;30.77;5.62;753.07;0.00;0.00;0.00
21.01.2021;7:14:27;3.33;30.67;5.60;753.08;0.00;0.00;0.00
21.01.2021;7:15:27;3.33;30.76;5.60;753.08;0.00;0.00;0.00
21.01.2021;7:16:27;3.35;30.70;5.61;753.08;0.00;0.00;0.00
21.01.2021;7:17:27;3.33;30.62;5.63;753.10;0.00;0.00;0.00
21.01.2021;7:18:27;3.33;30.85;5.64;753.10;0.00;0.00;0.00
21.01.2021;7:19:27;3.61;30.67;5.65;753.11;0.00;0.00;0.00
21.01.2021;7:20:27;4.17;30.57;5.66;753.11;0.00;0.00;0.00
21.01.2021;7:21:27;4.17;30.60;5.68;753.11;0.00;0.00;0.00
21.01.2021;7:22:27;4.22;30.54;5.69;753.13;0.00;0.00;0.00
21.01.2021;7:23:27;4.99;30.55;5.70;753.14;0.00;0.00;0.00
21.01.2021;7:24:27;5.00;30.50;5.70;753.14;0.00;0.00;0.00
21.01.2021;7:25:27;5.00;30.66;5.72;753.14;0.00;0.00;0.00
21.01.2021;7:26:27;5.72;30.83;5.72;753.15;0.00;0.00;0.00
21.01.2021;7:27:27;5.83;30.76;5.71;753.15;0.00;0.00;0.00
21.01.2021;7:28:27;6.62;30.65;5.70;753.14;0.00;0.00;0.00
21.01.2021;7:29:27;6.75;30.80;5.71;753.13;0.00;0.00;0.00
21.01.2021;7:30:27;7.51;30.76;5.72;753.12;0.00;0.00;0.00
21.01.2021;7:31:27;8.31;30.58;5.72;753.12;0.00;0.00;0.00
21.01.2021;7:32:27;9.08;30.56;5.73;753.13;0.00;0.00;0.00
21.01.2021;7:33:27;10.42;30.66;5.74;753.10;0.00;0.00;0.00
21.01.2021;7:34:27;11.61;30.63;5.74;753.09;0.00;0.00;0.00
21.01.2021;7:35:27;12.94;30.62;5.75;753.07;0.00;0.00;0.00
21.01.2021;7:36:27;15.10;30.58;5.76;753.07;0.01;0.00;0.00
21.01.2021;7:37:27;16.90;30.50;5.76;753.07;0.02;0.00;0.00
21.01.2021;7:38:27;18.15;30.74;5.78;753.08;0.02;0.00;0.00
21.01.2021;7:39:27;19.88;30.77;5.77;753.08;0.02;0.00;0.00
21.01.2021;7:40:27;23.09;30.53;5.77;753.09;0.03;0.00;0.00
21.01.2021;7:41:27;25.49;30.70;5.78;753.07;0.04;0.00;0.00
21.01.2021;7:42:27;29.64;30.52;5.81;753.08;0.06;0.00;0.00
21.01.2021;7:43:27;33.59;30.47;5.81;753.08;0.07;0.00;0.00
21.01.2021;7:44:27;36.39;30.47;5.84;753.09;0.08;0.00;0.00
21.01.2021;7:45:28;40.61;30.44;5.85;753.11;0.10;0.00;0.00
21.01.2021;7:46:28;43.47;30.41;5.86;753.12;0.10;0.00;0.00
21.01.2021;7:47:28;47.04;30.44;5.86;753.14;0.11;0.00;0.00
21.01.2021;7:48:28;52.08;30.36;5.88;753.16;0.13;0.00;0.00
21.01.2021;7:49:28;55.03;30.35;5.88;753.16;0.14;0.00;0.00
21.01.2021;7:50:28;57.89;30.37;5.89;753.18;0.15;0.00;0.00
21.01.2021;7:51:28;62.60;30.35;5.90;753.19;0.16;0.00;0.00
21.01.2021;7:52:28;69.11;30.33;5.93;753.20;0.18;0.00;0.00
21.01.2021;7:53:28;72.68;30.37;5.94;753.20;0.19;0.00;0.00
21.01.2021;7:54:28;78.83;30.28;5.94;753.22;0.21;0.00;0.00
21.01.2021;7:55:28;86.13;30.27;5.93;753.22;0.24;0.00;0.00
21.01.2021;7:56:28;92.51;30.32;5.93;753.24;0.26;0.00;0.00
21.01.2021;7:57:28;99.62;30.42;5.94;753.25;0.30;0.00;0.00
21.01.2021;7:58:28;108.82;30.36;5.95;753.26;0.34;0.00;0.00
21.01.2021;7:59:28;115.97;30.36;5.95;753.25;0.37;0.00;0.00
21.01.2021;8:00:28;124.87;30.33;5.97;753.24;0.41;0.00;0.00
21.01.2021;8:01:28;134.06;30.29;5.98;753.23;0.45;0.06;0.03
21.01.2021;8:02:28;143.26;30.24;6.00;753.22;0.49;0.12;0.06
21.01.2021;8:03:28;154.87;30.27;6.02;753.22;0.53;0.20;0.11
21.01.2021;8:04:28;164.90;30.29;6.03;753.22;0.57;0.27;0.15
21.01.2021;8:05:28;171.21;30.20;6.04;753.22;0.59;0.30;0.17
21.01.2021;8:06:28;181.33;30.30;6.04;753.22;0.62;0.35;0.22
21.01.2021;8:07:28;193.05;30.33;6.03;753.21;0.66;0.40;0.26
21.01.2021;8:08:28;198.99;30.25;6.04;753.20;0.68;0.43;0.29
21.01.2021;8:09:28;209.71;30.28;6.04;753.20;0.71;0.49;0.34
21.01.2021;8:10:28;219.34;30.21;6.06;753.21;0.74;0.53;0.39
21.01.2021;8:11:28;233.57;30.19;6.09;753.20;0.79;0.60;0.47
21.01.2021;8:12:28;245.13;30.13;6.10;753.18;0.82;0.68;0.56
21.01.2021;8:13:28;253.64;30.14;6.10;753.18;0.85;0.70;0.60
21.01.2021;8:14:28;262.75;30.15;6.11;753.15;0.88;0.77;0.68
21.01.2021;8:15:28;268.00;30.36;6.13;753.15;0.89;0.79;0.71
21.01.2021;8:16:28;276.69;30.18;6.14;753.15;0.92;0.81;0.74
21.01.2021;8:17:28;289.79;30.15;6.15;753.15;0.96;0.89;0.86
21.01.2021;8:18:28;298.51;30.14;6.18;753.14;0.99;0.93;0.92
21.01.2021;8:19:29;312.30;30.11;6.19;753.15;1.03;1.00;1.03
21.01.2021;8:20:29;319.46;30.09;6.18;753.16;1.05;1.03;1.09
21.01.2021;8:21:29;330.63;30.15;6.20;753.16;1.08;1.10;1.19
21.01.2021;8:22:29;338.43;30.04;6.22;753.14;1.10;1.11;1.22
21.01.2021;8:23:29;346.85;30.09;6.26;753.16;1.12;1.16;1.29
21.01.2021;8:24:29;353.35;30.08;6.27;753.16;1.13;1.19;1.35
21.01.2021;8:25:29;362.89;30.04;6.27;753.15;1.16;1.22;1.42
21.01.2021;8:26:29;373.39;30.11;6.29;753.14;1.19;1.29;1.54
21.01.2021;8:27:29;384.54;29.98;6.29;753.14;1.23;1.33;1.63
21.01.2021;8:28:29;393.19;29.97;6.31;753.13;1.25;1.38;1.73
21.01.2021;8:29:29;405.21;29.92;6.35;753.12;1.28;1.42;1.83
21.01.2021;8:30:29;416.25;29.93;6.35;753.12;1.32;1.49;1.96
21.01.2021;8:31:29;425.88;29.89;6.35;753.12;1.34;1.54;2.06
21.01.2021;8:32:29;439.35;29.90;6.38;753.11;1.38;1.60;2.21
21.01.2021;8:33:29;447.68;29.90;6.40;753.12;1.40;1.61;2.26
21.01.2021;8:34:29;447.81;30.08;6.42;753.15;1.40;1.62;2.27
21.01.2021;8:35:29;446.31;29.93;6.41;753.18;1.40;1.61;2.25
21.01.2021;8:36:29;458.62;30.08;6.40;753.20;1.43;1.67;2.39
21.01.2021;8:37:29;467.75;29.96;6.41;753.22;1.46;1.71;2.49
21.01.2021;8:38:29;479.72;29.86;6.45;753.22;1.49;1.78;2.65
21.01.2021;8:39:29;488.03;29.78;6.47;753.23;1.50;1.79;2.69
21.01.2021;8:40:29;500.21;29.77;6.48;753.23;1.53;1.83;2.80
21.01.2021;8:41:29;517.46;29.86;6.49;753.20;1.58;1.91;3.01
21.01.2021;8:42:29;525.21;29.70;6.50;753.20;1.59;1.94;3.08
21.01.2021;8:43:29;539.79;29.93;6.51;753.17;1.62;1.99;3.24
21.01.2021;8:44:29;553.43;29.78;6.53;753.17;1.65;2.03;3.36
21.01.2021;8:45:29;564.76;29.77;6.59;753.19;1.68;2.08;3.50
21.01.2021;8:46:29;574.11;29.71;6.60;753.17;1.70;2.10;3.58
21.01.2021;8:47:29;582.99;29.63;6.61;753.16;1.72;2.10;3.62
21.01.2021;8:48:29;596.06;29.75;6.64;753.16;1.75;2.12;3.71
21.01.2021;8:49:29;602.15;29.74;6.64;753.16;1.76;2.12;3.73
21.01.2021;8:50:29;609.35;29.80;6.63;753.18;1.77;2.14;3.79
21.01.2021;8:51:29;619.17;29.70;6.64;753.19;1.79;2.17;3.90
21.01.2021;8:52:30;634.63;29.62;6.65;753.20;1.83;2.22;4.07
21.01.2021;8:53:30;651.51;29.81;6.67;753.20;1.88;2.30;4.32
21.01.2021;8:54:30;665.06;29.68;6.68;753.19;1.92;2.39;4.58
21.01.2021;8:55:30;674.56;29.56;6.71;753.19;1.94;2.43;4.73
21.01.2021;8:56:30;688.83;29.54;6.73;753.17;1.97;2.50;4.94
21.01.2021;8:57:30;706.57;29.71;6.73;753.18;2.02;2.59;5.24
21.01.2021;8:58:30;725.97;29.55;6.76;753.16;2.07;2.68;5.55
21.01.2021;8:59:30;745.43;29.50;6.81;753.18;2.12;2.77;5.87
21.01.2021;9:00:30;752.33;29.64;6.85;753.18;2.14;2.80;6.00
21.01.2021;9:01:30;771.61;29.42;6.88;753.18;2.19;2.89;6.33
21.01.2021;9:02:30;800.80;29.32;6.88;753.19;2.26;3.00;6.77
21.01.2021;9:03:30;824.01;29.49;6.89;753.16;2.32;3.10;7.17
21.01.2021;9:04:30;837.71;29.32;6.94;753.17;2.35;3.14;7.38
21.01.2021;9:05:30;849.48;29.38;6.96;753.17;2.37;3.19;7.56
21.01.2021;9:06:30;867.51;29.26;6.98;753.17;2.41;3.27;7.88
21.01.2021;9:07:30;877.94;29.21;6.98;753.16;2.44;3.30;8.04
21.01.2021;9:08:30;882.57;29.18;7.01;753.20;2.44;3.30;8.04
21.01.2021;9:09:30;899.01;29.15;7.05;753.20;2.47;3.37;8.33
21.01.2021;9:10:30;910.20;29.09;7.08;753.20;2.50;3.39;8.49
21.01.2021;9:11:30;926.50;29.12;7.09;753.20;2.53;3.46;8.76
21.01.2021;9:12:30;949.27;29.03;7.14;753.18;2.58;3.54;9.15
21.01.2021;9:13:30;976.10;29.10;7.20;753.17;2.64;3.64;9.62
21.01.2021;9:14:30;998.77;28.99;7.26;753.16;2.69;3.71;10.00
21.01.2021;9:15:30;1003.69;28.85;7.29;753.14;2.71;3.74;10.12
21.01.2021;9:16:30;1024.65;28.84;7.29;753.14;2.74;3.79;10.41
21.01.2021;9:17:30;1043.11;28.82;7.34;753.14;2.78;3.85;10.70
21.01.2021;9:18:30;1060.49;28.70;7.39;753.12;2.81;3.91;10.99
21.01.2021;9:19:30;1071.40;28.62;7.41;753.10;2.83;3.94;11.17
21.01.2021;9:20:30;1084.89;28.63;7.44;753.09;2.85;3.99;11.38
21.01.2021;9:21:30;1096.94;28.58;7.47;753.10;2.87;4.02;11.55
21.01.2021;9:22:30;1101.06;28.54;7.51;753.10;2.89;4.04;11.65
21.01.2021;9:23:30;1113.22;28.71;7.52;753.10;2.91;4.09;11.91
21.01.2021;9:24:31;1117.44;28.58;7.53;753.08;2.92;4.09;11.94
21.01.2021;9:25:31;1121.47;28.52;7.57;753.08;2.92;4.10;11.99
21.01.2021;9:26:31;1113.18;28.49;7.60;753.07;2.90;4.06;11.78
21.01.2021;9:27:31;1112.56;28.44;7.58;753.08;2.89;4.04;11.65
21.01.2021;9:28:31;1116.81;28.41;7.63;753.06;2.89;4.05;11.68
21.01.2021;9:29:31;1115.18;28.32;7.65;753.06;2.88;4.03;11.62
21.01.2021;9:30:31;1117.19;28.30;7.67;753.05;2.88;4.02;11.58
21.01.2021;9:31:31;1126.99;28.28;7.71;753.06;2.90;4.06;11.77
21.01.2021;9:32:31;1125.83;28.21;7.71;753.06;2.90;4.06;11.75
21.01.2021;9:33:31;1129.99;28.24;7.71;753.06;2.90;4.07;11.81
21.01.2021;9:34:31;1148.62;28.21;7.75;753.04;2.93;4.11;12.06
21.01.2021;9:35:31;1159.35;28.12;7.76;753.04;2.95;4.14;12.20
21.01.2021;9:36:31;1166.81;28.15;7.78;753.02;2.96;4.16;12.32
21.01.2021;9:37:31;1170.90;28.15;7.83;753.02;2.96;4.17;12.33
21.01.2021;9:38:31;1181.19;28.00;7.85;753.01;2.97;4.18;12.40
21.01.2021;9:39:31;1201.74;28.08;7.84;752.99;3.01;4.25;12.76
21.01.2021;9:40:31;1216.42;28.06;7.82;752.99;3.04;4.30;13.04
21.01.2021;9:41:31;1225.75;28.08;7.87;752.97;3.06;4.32;13.19
21.01.2021;9:42:31;1232.42;28.09;7.89;752.96;3.06;4.33;13.27
21.01.2021;9:43:31;1242.75;27.99;7.88;752.96;3.08;4.37;13.45
21.01.2021;9:44:31;1254.35;27.96;7.89;752.96;3.09;4.39;13.56
21.01.2021;9:45:31;1263.06;27.97;7.92;752.96;3.10;4.40;13.68
21.01.2021;9:46:31;1280.75;28.03;7.96;752.96;3.14;4.45;13.94
21.01.2021;9:47:31;1297.14;27.91;7.99;752.95;3.16;4.49;14.20
21.01.2021;9:48:31;1302.88;27.93;7.99;752.95;3.17;4.50;14.25
21.01.2021;9:49:31;1313.42;27.83;7.99;752.96;3.18;4.51;14.32
21.01.2021;9:50:31;1328.11;27.84;8.02;752.95;3.19;4.54;14.46
21.01.2021;9:51:31;1341.53;27.80;8.03;752.95;3.20;4.57;14.65
21.01.2021;9:52:31;1359.67;27.80;8.06;752.92;3.23;4.61;14.88
21.01.2021;9:53:32;1378.18;27.80;8.14;752.90;3.26;4.66;15.17
21.01.2021;9:54:32;1403.86;27.66;8.22;752.88;3.30;4.73;15.58
21.01.2021;9:55:32;1433.13;27.59;8.30;752.88;3.34;4.80;16.05
21.01.2021;9:56:32;1453.91;27.49;8.31;752.87;3.37;4.86;16.39
21.01.2021;9:57:32;1475.50;27.47;8.32;752.86;3.40;4.90;16.68
21.01.2021;9:58:32;1499.38;27.45;8.39;752.82;3.43;4.95;16.99
21.01.2021;9:59:32;1514.28;27.36;8.41;752.81;3.45;4.99;17.21
21.01.2021;10:00:32;1531.75;27.36;8.42;752.82;3.47;5.01;17.39
21.01.2021;10:01:32;1552.74;27.33;8.43;752.81;3.49;5.04;17.61
21.01.2021;10:02:32;1572.97;27.27;8.44;752.80;3.52;5.10;17.92
21.01.2021;10:03:32;1584.04;27.25;8.47;752.80;3.53;5.10;17.99
21.01.2021;10:04:32;1591.81;27.27;8.53;752.82;3.53;5.12;18.07
21.01.2021;10:05:32;1592.51;27.14;8.61;752.81;3.53;5.10;17.98
21.01.2021;10:06:32;1589.63;27.10;8.62;752.82;3.52;5.09;17.91
21.01.2021;10:07:32;1584.47;27.04;8.64;752.81;3.51;5.08;17.81
21.01.2021;10:08:32;1578.28;27.02;8.64;752.83;3.50;5.06;17.69
21.01.2021;10:09:32;1581.25;27.14;8.65;752.83;3.50;5.05;17.66
21.01.2021;10:10:32;1590.56;27.09;8.67;752.82;3.51;5.09;17.87
21.01.2021;10:11:32;1603.13;27.11;8.66;752.82;3.53;5.10;18.00
21.01.2021;10:12:32;1621.08;27.02;8.70;752.82;3.55;5.13;18.18
21.01.2021;10:13:32;1638.81;26.98;8.73;752.83;3.57;5.18;18.48
21.01.2021;10:14:32;1656.68;26.95;8.75;752.84;3.59;5.21;18.68
21.01.2021;10:15:32;1674.73;26.91;8.82;752.85;3.61;5.23;18.86
21.01.2021;10:16:32;1702.47;26.86;8.82;752.84;3.64;5.29;19.25
21.01.2021;10:17:32;1731.63;26.92;8.81;752.83;3.67;5.34;19.61
21.01.2021;10:18:32;1759.62;26.93;8.86;752.84;3.70;5.40;19.97
21.01.2021;10:19:32;1785.63;26.82;8.95;752.82;3.73;5.44;20.29
21.01.2021;10:20:32;1809.22;26.71;8.99;752.81;3.76;5.48;20.57
21.01.2021;10:21:33;1827.81;26.73;9.03;752.81;3.77;5.51;20.77
21.01.2021;10:22:33;1844.59;26.65;9.06;752.80;3.79;5.53;20.95
21.01.2021;10:23:33;1858.01;26.51;9.13;752.80;3.80;5.55;21.09
21.01.2021;10:24:33;1869.12;26.54;9.15;752.79;3.81;5.58;21.26
21.01.2021;10:25:33;1878.59;26.53;9.17;752.79;3.82;5.59;21.33
21.01.2021;10:26:33;1883.89;26.44;9.18;752.80;3.82;5.60;21.39
21.01.2021;10:27:33;1887.25;26.36;9.21;752.80;3.82;5.59;21.35
21.01.2021;10:28:33;1883.32;26.37;9.21;752.79;3.81;5.57;21.24
21.01.2021;10:29:33;1878.75;26.40;9.21;752.78;3.80;5.55;21.12
21.01.2021;10:30:33;1879.58;26.33;9.24;752.79;3.80;5.55;21.10
21.01.2021;10:31:33;1883.62;26.30;9.26;752.80;3.80;5.55;21.10
21.01.2021;10:32:33;1897.05;26.26;9.30;752.81;3.81;5.58;21.27
21.01.2021;10:33:33;1905.53;26.22;9.30;752.80;3.82;5.59;21.36
21.01.2021;10:34:33;1907.35;26.30;9.30;752.80;3.82;5.59;21.33
21.01.2021;10:35:33;1916.19;26.26;9.30;752.80;3.83;5.59;21.40
21.01.2021;10:36:33;1927.51;26.23;9.36;752.81;3.84;5.61;21.53
21.01.2021;10:37:33;1922.63;26.14;9.40;752.79;3.83;5.60;21.48
21.01.2021;10:38:33;1912.85;26.13;9.45;752.78;3.82;5.60;21.41
21.01.2021;10:39:33;1900.32;26.05;9.48;752.79;3.81;5.58;21.25
21.01.2021;10:40:33;1880.96;26.09;9.47;752.78;3.79;5.54;20.98
21.01.2021;10:41:33;1866.33;26.06;9.46;752.77;3.77;5.50;20.72
21.01.2021;10:42:33;1846.71;26.03;9.51;752.79;3.75;5.47;20.50
21.01.2021;10:43:33;1835.32;26.04;9.52;752.79;3.73;5.43;20.26
21.01.2021;10:44:33;1827.71;25.94;9.50;752.80;3.72;5.41;20.09
21.01.2021;10:45:33;1816.01;25.89;9.56;752.80;3.70;5.39;19.95
21.01.2021;10:46:33;1805.89;25.85;9.59;752.82;3.68;5.39;19.86
21.01.2021;10:47:33;1794.15;25.83;9.59;752.81;3.67;5.34;19.57
21.01.2021;10:48:33;1788.13;25.77;9.63;752.81;3.65;5.31;19.38
21.01.2021;10:49:34;1804.04;25.77;9.66;752.79;3.66;5.33;19.52
21.01.2021;10:50:34;1817.06;25.78;9.63;752.81;3.67;5.37;19.72
21.01.2021;10:51:34;1817.15;25.93;9.61;752.81;3.67;5.36;19.69
21.01.2021;10:52:34;1819.39;25.82;9.61;752.81;3.67;5.37;19.73
21.01.2021;10:53:34;1823.74;25.82;9.62;752.82;3.68;5.37;19.78
21.01.2021;10:54:34;1833.40;25.82;9.63;752.84;3.69;5.38;19.84
21.01.2021;10:55:34;1866.04;25.77;9.65;752.86;3.73;5.44;20.29
21.01.2021;10:56:34;1874.22;25.84;9.62;752.85;3.74;5.46;20.41
21.01.2021;10:57:34;1851.15;25.81;9.63;752.87;3.69;5.39;19.88
21.01.2021;10:58:34;1871.69;25.79;9.64;752.85;3.71;5.41;20.07
21.01.2021;10:59:34;1891.53;25.75;9.66;752.83;3.73;5.45;20.34
21.01.2021;11:00:34;1915.81;25.68;9.69;752.80;3.76;5.49;20.64
21.01.2021;11:01:34;1946.99;25.71;9.71;752.79;3.80;5.55;21.06
21.01.2021;11:02:34;1993.79;25.63;9.78;752.77;3.85;5.62;21.61
21.01.2021;11:03:34;2032.39;25.55;9.83;752.77;3.89;5.70;22.16
21.01.2021;11:04:34;2021.62;25.56;9.83;752.78;3.87;5.67;21.93
21.01.2021;11:05:34;2028.29;25.54;9.84;752.78;3.88;5.69;22.06
21.01.2021;11:06:34;2004.89;25.55;9.85;752.78;3.85;5.62;21.65
21.01.2021;11:07:34;1978.63;25.52;9.85;752.77;3.82;5.58;21.32
21.01.2021;11:08:34;1957.18;25.51;9.87;752.76;3.79;5.54;21.00
21.01.2021;11:09:34;1933.86;25.46;9.89;752.76;3.76;5.50;20.68
21.01.2021;11:10:34;1925.26;25.62;9.86;752.75;3.75;5.47;20.50
21.01.2021;11:11:34;1938.02;25.50;9.89;752.75;3.76;5.49;20.64
21.01.2021;11:12:34;1939.29;25.45;9.91;752.74;3.76;5.49;20.65
21.01.2021;11:13:34;1918.70;25.46;9.92;752.74;3.74;5.46;20.39
21.01.2021;11:14:34;1910.94;25.48;9.90;752.73;3.73;5.42;20.21
21.01.2021;11:15:34;1925.99;25.48;9.91;752.72;3.74;5.47;20.47
21.01.2021;11:16:35;1889.80;25.50;9.91;752.72;3.70;5.39;19.94
21.01.2021;11:17:35;1869.78;25.47;9.92;752.71;3.67;5.34;19.59
21.01.2021;11:18:35;1863.63;25.47;9.92;752.70;3.65;5.31;19.41
21.01.2021;11:19:35;1875.79;25.49;9.89;752.68;3.66;5.33;19.53
21.01.2021;11:20:35;1901.58;25.44;9.93;752.69;3.69;5.39;19.90
21.01.2021;11:21:35;1927.70;25.38;9.98;752.68;3.72;5.42;20.18
21.01.2021;11:22:35;1944.40;25.33;10.00;752.67;3.75;5.47;20.50
21.01.2021;11:23:35;1954.60;25.29;10.02;752.65;3.76;5.49;20.67
21.01.2021;11:24:35;1969.88;25.29;10.01;752.65;3.78;5.52;20.86
21.01.2021;11:25:35;1971.33;25.30;10.04;752.67;3.78;5.51;20.84
21.01.2021;11:26:35;1984.46;25.27;10.05;752.67;3.80;5.56;21.16
21.01.2021;11:27:35;1990.00;25.31;10.05;752.66;3.80;5.56;21.13
21.01.2021;11:28:35;2003.83;25.27;10.08;752.66;3.82;5.59;21.34
21.01.2021;11:29:35;1963.15;25.23;10.10;752.65;3.77;5.51;20.77
21.01.2021;11:30:35;1939.87;25.21;10.10;752.66;3.74;5.45;20.40
21.01.2021;11:31:35;1939.00;25.22;10.12;752.66;3.74;5.46;20.42
21.01.2021;11:32:35;1934.21;25.20;10.12;752.66;3.73;5.43;20.27
21.01.2021;11:33:35;1971.03;25.28;10.12;752.65;3.78;5.52;20.90
21.01.2021;11:34:35;1977.94;25.24;10.14;752.65;3.79;5.52;20.91
21.01.2021;11:35:35;1965.04;25.18;10.17;752.64;3.76;5.49;20.65
21.01.2021;11:36:35;2032.72;25.13;10.20;752.63;3.84;5.62;21.58
21.01.2021;11:37:35;2065.72;25.10;10.23;752.63;3.90;5.70;22.22
21.01.2021;11:38:35;2023.49;25.10;10.25;752.64;3.83;5.60;21.42
21.01.2021;11:39:35;1970.39;25.09;10.27;752.64;3.75;5.47;20.52
21.01.2021;11:40:35;1928.04;25.08;10.25;752.63;3.69;5.39;19.89
21.01.2021;11:41:35;1971.32;25.04;10.22;752.63;3.75;5.48;20.54
21.01.2021;11:42:36;1953.88;25.13;10.21;752.61;3.73;5.44;20.27
21.01.2021;11:43:36;1978.23;25.15;10.23;752.60;3.77;5.51;20.75
21.01.2021;11:44:36;1954.35;25.13;10.24;752.59;3.73;5.44;20.29
21.01.2021;11:45:36;1935.92;25.04;10.25;752.58;3.71;5.41;20.07
21.01.2021;11:46:36;1935.47;25.04;10.26;752.58;3.71;5.41;20.04
21.01.2021;11:47:36;1932.75;25.07;10.27;752.58;3.69;5.36;19.77
21.01.2021;11:48:36;1951.92;25.11;10.28;752.56;3.74;5.46;20.41
21.01.2021;11:49:36;1906.04;25.08;10.28;752.56;3.66;5.34;19.56
21.01.2021;11:50:36;1930.42;25.04;10.29;752.55;3.70;5.41;20.04
21.01.2021;11:51:36;1894.83;25.05;10.30;752.55;3.65;5.31;19.37
21.01.2021;11:52:36;1914.90;25.06;10.29;752.54;3.68;5.36;19.71
21.01.2021;11:53:36;1929.01;25.05;10.30;752.55;3.69;5.39;19.91
21.01.2021;11:54:36;1965.83;25.05;10.32;752.53;3.76;5.49;20.62
21.01.2021;11:55:36;1966.99;25.02;10.33;752.52;3.75;5.48;20.55
21.01.2021;11:56:36;1926.64;24.94;10.34;752.53;3.68;5.37;19.78
21.01.2021;11:57:36;1940.48;24.94;10.35;752.52;3.72;5.41;20.12
21.01.2021;11:58:36;1891.50;24.97;10.35;752.52;3.64;5.30;19.27
21.01.2021;11:59:36;1895.08;24.99;10.34;752.53;3.64;5.29;19.24
21.01.2021;12:00:36;1905.72;24.98;10.34;752.54;3.66;5.33;19.51
21.01.2021;12:01:36;1923.76;24.98;10.34;752.53;3.70;5.39;19.93
21.01.2021;12:02:36;1877.10;24.98;10.35;752.50;3.63;5.28;19.15
21.01.2021;12:03:36;1859.57;24.93;10.34;752.50;3.61;5.25;18.92
21.01.2021;12:04:36;1782.78;24.98;10.32;752.52;3.49;5.05;17.63
21.01.2021;12:05:36;1776.20;25.03;10.31;752.51;3.48;5.04;17.56
21.01.2021;12:06:36;1767.43;25.04;10.30;752.50;3.49;5.04;17.56
21.01.2021;12:07:36;1714.65;25.05;10.29;752.48;3.41;4.92;16.75
21.01.2021;12:08:37;1680.56;25.09;10.24;752.50;3.33;4.79;15.95
21.01.2021;12:09:37;1722.06;25.12;10.21;752.50;3.41;4.91;16.75
21.01.2021;12:10:37;1695.44;25.13;10.19;752.50;3.35;4.83;16.17
21.01.2021;12:11:37;1722.11;25.20;10.20;752.50;3.39;4.90;16.60
21.01.2021;12:12:37;1773.26;25.17;10.21;752.49;3.47;5.02;17.42
21.01.2021;12:13:37;1790.81;25.16;10.22;752.48;3.51;5.08;17.80
21.01.2021;12:14:37;1830.60;25.16;10.23;752.46;3.58;5.19;18.58
21.01.2021;12:15:37;1860.89;25.16;10.24;752.43;3.62;5.26;19.07
21.01.2021;12:16:37;1876.67;25.17;10.25;752.41;3.65;5.31;19.37
21.01.2021;12:17:37;1878.91;25.12;10.27;752.39;3.65;5.31;19.36
21.01.2021;12:18:37;1875.60;25.15;10.26;752.39;3.65;5.30;19.34
21.01.2021;12:19:37;1873.45;25.13;10.26;752.40;3.64;5.31;19.35
21.01.2021;12:20:37;1874.08;25.21;10.26;752.41;3.64;5.31;19.37
21.01.2021;12:21:37;1864.11;25.20;10.26;752.42;3.63;5.30;19.24
21.01.2021;12:22:37;1854.04;25.16;10.27;752.40;3.62;5.29;19.14
21.01.2021;12:23:37;1837.85;25.21;10.27;752.41;3.60;5.24;18.87
21.01.2021;12:24:37;1810.06;25.24;10.24;752.43;3.57;5.19;18.54
21.01.2021;12:25:37;1786.33;25.24;10.25;752.41;3.54;5.14;18.20
21.01.2021;12:26:37;1763.94;25.23;10.27;752.41;3.52;5.11;17.99
21.01.2021;12:27:37;1743.70;25.24;10.28;752.38;3.51;5.08;17.82
21.01.2021;12:28:37;1726.22;25.26;10.28;752.35;3.49;5.05;17.61
21.01.2021;12:29:37;1718.50;25.23;10.28;752.36;3.48;5.02;17.48
21.01.2021;12:30:37;1703.75;25.24;10.24;752.35;3.46;4.99;17.25
21.01.2021;12:31:37;1687.97;25.24;10.25;752.35;3.43;4.95;16.99
21.01.2021;12:32:37;1681.85;25.26;10.26;752.36;3.42;4.93;16.85
21.01.2021;12:33:38;1675.79;25.27;10.25;752.35;3.41;4.91;16.76
21.01.2021;12:34:38;1659.99;25.31;10.24;752.33;3.39;4.89;16.57
21.01.2021;12:35:38;1647.07;25.29;10.23;752.31;3.36;4.84;16.26
21.01.2021;12:36:38;1635.42;25.28;10.23;752.28;3.34;4.81;16.07
21.01.2021;12:37:38;1612.40;25.35;10.20;752.26;3.30;4.75;15.71
21.01.2021;12:38:38;1584.13;25.33;10.19;752.24;3.26;4.69;15.28
21.01.2021;12:39:38;1573.62;25.37;10.18;752.25;3.24;4.65;15.07
21.01.2021;12:40:38;1554.99;25.36;10.15;752.27;3.21;4.59;14.76
21.01.2021;12:41:38;1532.56;25.42;10.12;752.27;3.18;4.53;14.39
21.01.2021;12:42:38;1525.15;25.44;10.11;752.26;3.17;4.51;14.27
21.01.2021;12:43:38;1514.26;25.49;10.11;752.24;3.14;4.49;14.12
21.01.2021;12:44:38;1506.91;25.51;10.10;752.23;3.13;4.46;13.95
21.01.2021;12:45:38;1494.36;25.48;10.08;752.21;3.11;4.41;13.73
21.01.2021;12:46:38;1480.55;25.48;10.08;752.21;3.08;4.39;13.55
21.01.2021;12:47:38;1486.78;25.50;10.06;752.19;3.09;4.40;13.61
21.01.2021;12:48:38;1485.10;25.54;10.03;752.20;3.09;4.40;13.60
21.01.2021;12:49:38;1472.87;25.63;10.02;752.21;3.07;4.36;13.40
21.01.2021;12:50:38;1462.83;25.63;10.03;752.22;3.05;4.33;13.22
21.01.2021;12:51:38;1471.45;25.65;10.03;752.21;3.07;4.37;13.40
21.01.2021;12:52:38;1454.93;25.65;10.02;752.18;3.04;4.31;13.12
21.01.2021;12:53:38;1457.35;25.61;10.02;752.17;3.05;4.32;13.15
21.01.2021;12:54:38;1450.35;25.62;10.01;752.13;3.03;4.30;13.04
21.01.2021;12:55:38;1449.36;25.69;10.00;752.12;3.03;4.30;13.04
21.01.2021;12:56:38;1451.58;25.76;9.99;752.10;3.04;4.31;13.09
21.01.2021;12:57:38;1444.90;25.72;9.97;752.10;3.03;4.29;12.98
21.01.2021;12:58:38;1444.10;25.71;9.96;752.12;3.03;4.30;13.01
21.01.2021;12:59:39;1448.40;25.74;9.94;752.15;3.04;4.30;13.05
21.01.2021;13:00:39;1445.83;25.79;9.95;752.17;3.03;4.30;13.02
21.01.2021;13:01:39;1452.58;25.81;9.95;752.19;3.04;4.31;13.10
21.01.2021;13:02:39;1455.01;25.82;9.94;752.18;3.04;4.31;13.13
21.01.2021;13:03:39;1446.55;25.86;9.94;752.16;3.03;4.30;13.03
21.01.2021;13:04:39;1446.46;25.87;9.95;752.13;3.03;4.30;13.03
21.01.2021;13:05:39;1441.43;25.89;9.92;752.11;3.02;4.29;12.96
21.01.2021;13:06:39;1438.95;25.87;9.93;752.10;3.02;4.28;12.94
21.01.2021;13:07:39;1441.32;25.92;9.92;752.08;3.02;4.28;12.94
21.01.2021;13:08:39;1439.41;25.92;9.92;752.06;3.02;4.28;12.94
21.01.2021;13:09:39;1431.43;25.94;9.94;752.06;3.01;4.27;12.85
21.01.2021;13:10:39;1432.06;25.91;9.94;752.04;3.01;4.27;12.85
21.01.2021;13:11:39;1431.96;25.94;9.89;752.04;3.01;4.27;12.84
21.01.2021;13:12:39;1434.71;25.94;9.87;752.04;3.02;4.27;12.87
21.01.2021;13:13:39;1427.33;26.02;9.88;752.04;3.00;4.24;12.75
21.01.2021;13:14:39;1425.81;25.97;9.90;752.05;3.00;4.24;12.72
21.01.2021;13:15:39;1420.92;25.98;9.91;752.05;2.99;4.22;12.64
21.01.2021;13:16:39;1415.04;25.96;9.91;752.05;2.98;4.21;12.55
21.01.2021;13:17:39;1419.15;25.99;9.91;752.06;2.99;4.22;12.60
21.01.2021;13:18:39;1421.44;26.05;9.89;752.07;2.99;4.21;12.60
21.01.2021;13:19:39;1424.79;26.10;9.87;752.07;3.00;4.24;12.70
21.01.2021;13:20:39;1421.53;26.13;9.84;752.06;2.99;4.22;12.63
21.01.2021;13:21:39;1418.97;26.17;9.82;752.04;2.99;4.21;12.58
21.01.2021;13:22:39;1418.87;26.10;9.81;752.03;2.99;4.21;12.59
21.01.2021;13:23:39;1411.77;26.10;9.84;752.04;2.98;4.21;12.55
21.01.2021;13:24:39;1405.24;26.19;9.83;752.01;2.97;4.19;12.46
21.01.2021;13:25:39;1398.40;26.13;9.82;751.99;2.96;4.18;12.39
21.01.2021;13:26:39;1399.15;26.19;9.82;751.98;2.96;4.18;12.38
21.01.2021;13:27:40;1402.35;26.15;9.83;751.97;2.97;4.19;12.42
21.01.2021;13:28:40;1403.93;26.18;9.81;751.98;2.97;4.19;12.44
21.01.2021;13:29:40;1401.71;26.19;9.79;752.00;2.96;4.18;12.36
21.01.2021;13:30:40;1397.80;26.20;9.81;752.01;2.96;4.16;12.31
21.01.2021;13:31:40;1394.00;26.21;9.76;752.02;2.95;4.15;12.25
21.01.2021;13:32:40;1389.79;26.25;9.76;752.01;2.94;4.14;12.20
21.01.2021;13:33:40;1391.29;26.24;9.78;751.99;2.95;4.14;12.19
21.01.2021;13:34:40;1391.86;26.28;9.76;751.97;2.95;4.15;12.25
21.01.2021;13:35:40;1395.37;26.29;9.73;751.98;2.96;4.17;12.32
21.01.2021;13:36:40;1384.74;26.35;9.74;751.98;2.94;4.14;12.14
21.01.2021;13:37:40;1379.19;26.48;9.70;751.98;2.93;4.12;12.06
21.01.2021;13:38:40;1379.50;26.42;9.70;751.97;2.93;4.11;12.05
21.01.2021;13:39:40;1382.38;26.35;9.71;751.97;2.94;4.14;12.15
21.01.2021;13:40:40;1376.54;26.39;9.70;751.96;2.92;4.11;12.00
21.01.2021;13:41:40;1373.96;26.35;9.72;751.96;2.92;4.11;12.00
21.01.2021;13:42:40;1370.38;26.41;9.72;751.96;2.91;4.10;11.95
21.01.2021;13:43:40;1362.24;26.39;9.73;751.94;2.90;4.09;11.85
21.01.2021;13:44:40;1364.29;26.41;9.67;751.96;2.91;4.09;11.89
21.01.2021;13:45:40;1359.83;26.56;9.61;751.97;2.90;4.07;11.80
21.01.2021;13:46:40;1352.31;26.57;9.63;751.99;2.88;4.04;11.66
21.01.2021;13:47:40;1352.47;26.57;9.64;752.00;2.88;4.06;11.72
21.01.2021;13:48:40;1355.00;26.50;9.65;751.98;2.89;4.06;11.75
21.01.2021;13:49:40;1348.68;26.54;9.61;751.97;2.88;4.04;11.63
21.01.2021;13:50:40;1350.06;26.54;9.58;751.96;2.88;4.06;11.71
21.01.2021;13:51:40;1347.01;26.57;9.60;751.96;2.88;4.04;11.64
21.01.2021;13:52:40;1343.88;26.62;9.61;751.97;2.87;4.03;11.59
21.01.2021;13:53:40;1340.97;26.66;9.55;751.97;2.87;4.01;11.51
21.01.2021;13:54:40;1337.98;26.70;9.52;751.98;2.86;4.01;11.48
21.01.2021;13:55:41;1337.26;26.73;9.50;751.98;2.86;4.01;11.48
21.01.2021;13:56:41;1340.61;26.70;9.52;751.97;2.87;4.02;11.53
21.01.2021;13:57:41;1344.08;26.76;9.54;751.98;2.88;4.02;11.57
21.01.2021;13:58:41;1342.69;27.11;9.51;751.97;2.88;4.04;11.61
21.01.2021;13:59:41;1336.88;26.90;9.50;751.99;2.87;4.02;11.51
21.01.2021;14:00:41;1331.54;26.87;9.52;752.00;2.86;4.00;11.44
21.01.2021;14:01:41;1340.03;26.83;9.55;751.98;2.87;4.02;11.54
21.01.2021;14:02:41;1333.79;26.73;9.59;751.98;2.86;4.01;11.47
21.01.2021;14:03:41;1329.36;26.71;9.60;751.97;2.85;4.00;11.41
21.01.2021;14:04:41;1312.53;26.71;9.57;751.97;2.83;3.96;11.20
21.01.2021;14:05:41;1313.25;26.74;9.55;751.97;2.83;3.96;11.20
21.01.2021;14:06:41;1306.97;26.77;9.52;751.95;2.82;3.92;11.06
21.01.2021;14:07:41;1303.77;26.85;9.50;751.94;2.81;3.91;10.99
21.01.2021;14:08:41;1305.43;26.88;9.50;751.93;2.81;3.91;11.01
21.01.2021;14:09:41;1304.55;26.84;9.49;751.93;2.81;3.93;11.05
21.01.2021;14:10:41;1303.82;26.81;9.47;751.93;2.81;3.92;11.03
21.01.2021;14:11:41;1301.54;26.87;9.46;751.93;2.81;3.92;11.01
21.01.2021;14:12:41;1292.99;26.87;9.48;751.94;2.80;3.90;10.90
21.01.2021;14:13:41;1292.24;26.95;9.45;751.93;2.80;3.90;10.91
21.01.2021;14:14:41;1278.22;26.93;9.42;751.93;2.77;3.85;10.68
21.01.2021;14:15:41;1270.88;26.95;9.43;751.93;2.76;3.83;10.56
21.01.2021;14:16:41;1263.97;26.95;9.45;751.92;2.74;3.81;10.45
21.01.2021;14:17:41;1254.10;26.89;9.46;751.91;2.72;3.78;10.31
21.01.2021;14:18:41;1261.21;26.96;9.42;751.92;2.74;3.80;10.40
21.01.2021;14:19:41;1261.96;26.96;9.37;751.94;2.74;3.80;10.40
21.01.2021;14:20:41;1259.78;27.08;9.38;751.94;2.74;3.81;10.43
21.01.2021;14:21:41;1252.56;27.03;9.40;751.94;2.73;3.78;10.31
21.01.2021;14:22:41;1238.18;27.04;9.38;751.95;2.70;3.73;10.08
21.01.2021;14:23:42;1233.08;27.12;9.33;751.95;2.69;3.72;10.03
21.01.2021;14:24:42;1236.14;27.16;9.31;751.95;2.70;3.73;10.08
21.01.2021;14:25:42;1236.43;27.13;9.34;751.95;2.71;3.74;10.13
21.01.2021;14:26:42;1230.68;27.12;9.35;751.93;2.70;3.72;10.04
21.01.2021;14:27:42;1226.69;27.10;9.38;751.94;2.69;3.72;10.02
21.01.2021;14:28:42;1218.77;27.10;9.34;751.94;2.68;3.70;9.91
21.01.2021;14:29:42;1215.96;27.15;9.35;751.94;2.67;3.70;9.88
21.01.2021;14:30:42;1207.78;27.14;9.35;751.96;2.66;3.68;9.79
21.01.2021;14:31:42;1198.18;27.16;9.36;751.93;2.64;3.66;9.68
21.01.2021;14:32:42;1191.89;27.15;9.34;751.92;2.63;3.62;9.52
21.01.2021;14:33:42;1186.06;27.18;9.30;751.93;2.62;3.60;9.42
21.01.2021;14:34:42;1181.42;27.23;9.26;751.96;2.61;3.59;9.35
21.01.2021;14:35:42;1176.04;27.22;9.26;751.96;2.60;3.59;9.33
21.01.2021;14:36:42;1173.74;27.22;9.28;751.92;2.60;3.57;9.26
21.01.2021;14:37:42;1169.81;27.23;9.26;751.91;2.59;3.57;9.24
21.01.2021;14:38:42;1169.36;27.38;9.22;751.90;2.59;3.56;9.23
21.01.2021;14:39:42;1151.36;27.39;9.21;751.88;2.56;3.50;8.95
21.01.2021;14:40:42;1147.34;27.37;9.25;751.88;2.55;3.50;8.92
21.01.2021;14:41:42;1147.29;27.44;9.22;751.89;2.55;3.49;8.91
21.01.2021;14:42:42;1140.57;27.38;9.20;751.89;2.54;3.48;8.82
21.01.2021;14:43:42;1133.56;27.38;9.15;751.87;2.53;3.46;8.74
21.01.2021;14:44:42;1123.26;27.41;9.14;751.87;2.51;3.42;8.57
21.01.2021;14:45:42;1122.85;27.46;9.13;751.86;2.51;3.41;8.56
21.01.2021;14:46:42;1118.06;27.54;9.11;751.88;2.50;3.41;8.53
21.01.2021;14:47:42;1112.13;27.56;9.08;751.87;2.49;3.40;8.48
21.01.2021;14:48:42;1107.23;27.56;9.05;751.87;2.48;3.38;8.40
21.01.2021;14:49:42;1097.03;27.58;9.05;751.89;2.46;3.35;8.25
21.01.2021;14:50:42;1089.58;27.61;9.02;751.88;2.45;3.32;8.12
21.01.2021;14:51:42;1080.60;27.68;9.00;751.88;2.43;3.30;8.02
21.01.2021;14:52:43;1071.38;27.78;8.98;751.90;2.41;3.28;7.92
21.01.2021;14:53:43;1059.92;27.77;8.99;751.89;2.39;3.23;7.71
21.01.2021;14:54:43;1050.49;27.81;8.97;751.87;2.37;3.20;7.58
21.01.2021;14:55:43;1045.99;27.85;8.96;751.87;2.36;3.19;7.56
21.01.2021;14:56:43;1044.07;27.80;8.96;751.87;2.36;3.19;7.53
21.01.2021;14:57:43;1035.40;27.88;8.95;751.87;2.35;3.17;7.43
21.01.2021;14:58:43;1025.32;27.94;8.91;751.88;2.33;3.13;7.28
21.01.2021;14:59:43;1020.53;28.00;8.91;751.89;2.32;3.10;7.20
21.01.2021;15:00:43;1010.61;27.94;8.93;751.90;2.30;3.09;7.10
21.01.2021;15:01:43;1005.31;27.92;8.95;751.91;2.29;3.08;7.05
21.01.2021;15:02:43;996.12;27.99;8.89;751.92;2.28;3.04;6.91
21.01.2021;15:03:43;989.00;27.99;8.88;751.91;2.26;3.01;6.81
21.01.2021;15:04:43;984.90;28.04;8.88;751.90;2.26;3.01;6.79
21.01.2021;15:05:43;977.01;28.03;8.87;751.91;2.24;2.99;6.71
21.01.2021;15:06:43;971.00;27.97;8.91;751.89;2.24;2.98;6.67
21.01.2021;15:07:43;964.52;28.01;8.89;751.89;2.22;2.95;6.56
21.01.2021;15:08:43;959.74;28.03;8.85;751.88;2.22;2.94;6.51
21.01.2021;15:09:43;954.11;28.08;8.85;751.88;2.21;2.92;6.45
21.01.2021;15:10:43;940.72;28.11;8.83;751.89;2.18;2.89;6.29
21.01.2021;15:11:43;936.79;28.09;8.83;751.90;2.17;2.87;6.24
21.01.2021;15:12:43;930.01;28.13;8.82;751.90;2.16;2.86;6.18
21.01.2021;15:13:43;924.04;28.16;8.77;751.88;2.15;2.82;6.06
21.01.2021;15:14:43;916.71;28.20;8.77;751.88;2.13;2.80;5.98
21.01.2021;15:15:43;910.35;28.33;8.76;751.88;2.13;2.79;5.94
21.01.2021;15:16:43;899.97;28.28;8.74;751.86;2.10;2.75;5.78
21.01.2021;15:17:43;892.79;28.30;8.72;751.85;2.09;2.72;5.68
21.01.2021;15:18:43;886.25;28.30;8.75;751.85;2.08;2.70;5.62
21.01.2021;15:19:43;880.55;28.30;8.77;751.84;2.07;2.70;5.60
21.01.2021;15:20:43;869.81;28.32;8.75;751.83;2.05;2.65;5.43
21.01.2021;15:21:43;863.57;28.33;8.73;751.82;2.04;2.63;5.36
21.01.2021;15:22:43;854.94;28.38;8.71;751.81;2.02;2.60;5.24
21.01.2021;15:23:44;846.89;28.42;8.71;751.83;2.00;2.57;5.15
21.01.2021;15:24:44;834.53;28.40;8.69;751.81;1.97;2.51;4.95
21.01.2021;15:25:44;824.35;28.47;8.64;751.81;1.96;2.48;4.84
21.01.2021;15:26:44;816.50;28.52;8.61;751.81;1.95;2.46;4.80
21.01.2021;15:27:44;801.69;28.57;8.56;751.81;1.91;2.39;4.56
21.01.2021;15:28:44;794.41;28.60;8.57;751.82;1.90;2.34;4.44
21.01.2021;15:29:44;790.10;28.59;8.58;751.81;1.89;2.35;4.44
21.01.2021;15:30:44;780.87;28.59;8.58;751.80;1.88;2.31;4.35
21.01.2021;15:31:44;766.79;28.67;8.56;751.79;1.84;2.26;4.17
21.01.2021;15:32:44;755.26;28.70;8.51;751.80;1.82;2.20;4.01
21.01.2021;15:33:44;743.73;28.70;8.48;751.80;1.79;2.18;3.90
21.01.2021;15:34:44;730.71;28.69;8.49;751.81;1.76;2.14;3.76
21.01.2021;15:35:44;718.58;28.75;8.50;751.81;1.73;2.13;3.68
21.01.2021;15:36:44;707.49;28.78;8.45;751.81;1.70;2.11;3.58
21.01.2021;15:37:44;699.92;28.85;8.44;751.84;1.69;2.10;3.54
21.01.2021;15:38:44;691.82;28.85;8.44;751.84;1.68;2.09;3.51
21.01.2021;15:39:44;683.15;28.89;8.40;751.84;1.66;2.07;3.45
21.01.2021;15:40:44;672.56;28.89;8.38;751.83;1.64;2.02;3.31
21.01.2021;15:41:44;659.60;28.90;8.35;751.84;1.61;1.98;3.19
21.01.2021;15:42:44;647.90;29.00;8.33;751.84;1.58;1.93;3.06
21.01.2021;15:43:44;640.27;29.05;8.29;751.84;1.57;1.90;3.00
21.01.2021;15:44:44;626.56;29.09;8.27;751.84;1.54;1.87;2.87
21.01.2021;15:45:44;614.80;29.05;8.28;751.83;1.51;1.81;2.74
21.01.2021;15:46:44;604.53;29.13;8.29;751.84;1.49;1.79;2.67
21.01.2021;15:47:44;595.37;29.19;8.25;751.83;1.48;1.77;2.62
21.01.2021;15:48:44;586.09;29.25;8.21;751.83;1.47;1.74;2.55
21.01.2021;15:49:44;574.25;29.29;8.18;751.81;1.43;1.69;2.42
21.01.2021;15:50:44;560.58;29.28;8.15;751.82;1.40;1.63;2.27
21.01.2021;15:51:44;545.38;29.32;8.16;751.82;1.36;1.57;2.13
21.01.2021;15:52:44;532.64;29.41;8.14;751.80;1.33;1.50;1.99
21.01.2021;15:53:44;522.43;29.43;8.11;751.81;1.32;1.49;1.96
21.01.2021;15:54:44;513.00;29.49;8.09;751.82;1.30;1.47;1.91
21.01.2021;15:55:44;503.35;29.53;8.06;751.82;1.29;1.44;1.85
21.01.2021;15:56:45;487.54;29.62;8.03;751.81;1.24;1.37;1.70
21.01.2021;15:57:45;469.49;29.57;8.02;751.81;1.19;1.29;1.54
21.01.2021;15:58:45;456.07;29.65;8.01;751.80;1.16;1.23;1.43
21.01.2021;15:59:45;446.39;29.69;7.99;751.82;1.15;1.21;1.39
21.01.2021;16:00:45;436.84;29.72;7.98;751.83;1.13;1.19;1.34
21.01.2021;16:01:45;423.97;29.75;7.96;751.83;1.10;1.13;1.25
21.01.2021;16:02:45;414.60;29.75;7.94;751.83;1.08;1.09;1.17
21.01.2021;16:03:45;395.53;29.95;7.91;751.83;1.00;0.95;0.95
21.01.2021;16:04:45;381.94;29.87;7.90;751.83;0.96;0.90;0.87
21.01.2021;16:05:45;369.32;29.86;7.88;751.84;0.95;0.88;0.83
21.01.2021;16:06:45;347.61;29.98;7.87;751.83;0.87;0.74;0.64
21.01.2021;16:07:45;339.65;29.91;7.85;751.82;0.88;0.76;0.67
21.01.2021;16:08:45;311.63;29.97;7.84;751.82;0.79;0.61;0.48
21.01.2021;16:09:45;297.43;30.07;7.81;751.82;0.77;0.58;0.45
21.01.2021;16:10:45;270.82;30.22;7.78;751.84;0.68;0.44;0.30
21.01.2021;16:11:45;251.92;30.26;7.76;751.83;0.62;0.36;0.22
21.01.2021;16:12:45;238.53;30.33;7.74;751.84;0.59;0.30;0.18
21.01.2021;16:13:45;234.49;30.31;7.71;751.85;0.61;0.34;0.21
21.01.2021;16:14:45;223.28;30.38;7.69;751.85;0.55;0.24;0.13
21.01.2021;16:15:45;210.42;30.43;7.69;751.84;0.51;0.16;0.08
21.01.2021;16:16:45;202.34;30.56;7.67;751.84;0.49;0.14;0.07
21.01.2021;16:17:45;190.15;30.71;7.64;751.84;0.47;0.10;0.05
21.01.2021;16:18:45;180.42;31.07;7.60;751.84;0.45;0.04;0.02
21.01.2021;16:19:45;167.34;31.12;7.63;751.84;0.41;0.00;0.00
21.01.2021;16:20:45;157.24;31.23;7.61;751.82;0.38;0.00;0.00
21.01.2021;16:21:45;148.50;31.30;7.60;751.82;0.35;0.00;0.00
21.01.2021;16:22:45;135.00;31.50;7.60;751.83;0.31;0.00;0.00
21.01.2021;16:23:45;124.75;31.62;7.59;751.83;0.29;0.00;0.00
21.01.2021;16:24:45;114.13;31.65;7.61;751.84;0.26;0.00;0.00
21.01.2021;16:25:45;103.02;31.81;7.58;751.83;0.23;0.00;0.00
21.01.2021;16:26:45;93.72;31.93;7.57;751.83;0.20;0.00;0.00
21.01.2021;16:27:45;82.71;32.04;7.56;751.83;0.17;0.00;0.00
21.01.2021;16:28:45;75.04;32.08;7.57;751.83;0.15;0.00;0.00
21.01.2021;16:29:45;69.15;32.26;7.60;751.83;0.14;0.00;0.00
21.01.2021;16:30:46;63.07;32.15;7.62;751.84;0.12;0.00;0.00
21.01.2021;16:31:46;60.22;32.18;7.62;751.84;0.12;0.00;0.00
21.01.2021;16:32:46;56.54;32.19;7.61;751.83;0.11;0.00;0.00
21.01.2021;16:33:46;52.23;32.20;7.61;751.83;0.10;0.00;0.00
21.01.2021;16:34:46;48.28;32.21;7.60;751.85;0.09;0.00;0.00
21.01.2021;16:35:46;43.11;32.25;7.63;751.84;0.07;0.00;0.00
21.01.2021;16:36:46;37.95;32.22;7.62;751.85;0.06;0.00;0.00
21.01.2021;16:37:46;33.72;32.46;7.61;751.86;0.04;0.00;0.00
21.01.2021;16:38:46;30.85;32.80;7.62;751.87;0.04;0.00;0.00
21.01.2021;16:39:46;27.88;32.82;7.67;751.88;0.03;0.00;0.00
21.01.2021;16:40:46;25.04;32.83;7.73;751.86;0.02;0.00;0.00
21.01.2021;16:41:46;22.36;32.88;7.80;751.86;0.01;0.00;0.00
21.01.2021;16:42:46;20.51;32.83;7.85;751.85;0.01;0.00;0.00
21.01.2021;16:43:46;18.86;32.82;7.88;751.84;0.00;0.00;0.00
21.01.2021;16:44:46;16.92;32.98;7.91;751.84;0.00;0.00;0.00
21.01.2021;16:45:46;15.13;32.88;7.94;751.83;0.00;0.00;0.00
21.01.2021;16:46:46;13.36;32.85;7.95;751.83;0.00;0.00;0.00
21.01.2021;16:47:46;12.19;32.77;7.96;751.81;0.00;0.00;0.00
21.01.2021;16:48:46;11.40;32.66;7.95;751.81;0.00;0.00;0.00
21.01.2021;16:49:46;10.36;32.62;7.90;751.82;0.00;0.00;0.00
21.01.2021;16:50:46;9.73;32.95;7.84;751.83;0.00;0.00;0.00
21.01.2021;16:51:46;9.06;33.13;7.83;751.82;0.00;0.00;0.00
21.01.2021;16:52:46;8.33;33.13;7.85;751.83;0.00;0.00;0.00
21.01.2021;16:53:46;7.78;33.22;7.86;751.81;0.00;0.00;0.00
21.01.2021;16:54:46;7.50;33.33;7.89;751.84;0.00;0.00;0.00
21.01.2021;16:55:46;6.74;33.38;7.84;751.84;0.00;0.00;0.00
21.01.2021;16:56:46;6.67;33.48;7.81;751.85;0.00;0.00;0.00
21.01.2021;16:57:46;6.36;33.65;7.80;751.85;0.00;0.00;0.00
21.01.2021;16:58:46;5.83;33.70;7.80;751.86;0.00;0.00;0.00
21.01.2021;16:59:46;5.85;33.73;7.81;751.85;0.00;0.00;0.00
21.01.2021;17:00:46;5.83;33.77;7.83;751.84;0.00;0.00;0.00
21.01.2021;17:01:46;5.83;33.83;7.86;751.85;0.00;0.00;0.00
21.01.2021;17:02:46;5.68;33.84;7.90;751.86;0.00;0.00;0.00
21.01.2021;17:03:46;5.07;33.86;7.92;751.86;0.00;0.00;0.00
21.01.2021;17:04:46;5.00;33.83;7.97;751.85;0.00;0.00;0.00
21.01.2021;17:05:46;5.01;33.78;8.01;751.86;0.00;0.00;0.00
21.01.2021;17:06:46;5.00;33.71;8.04;751.84;0.00;0.00;0.00
21.01.2021;17:07:47;5.00;33.72;8.07;751.82;0.00;0.00;0.00
21.01.2021;17:08:47;5.00;33.70;8.10;751.82;0.00;0.00;0.00
21.01.2021;17:09:47;5.00;33.68;8.13;751.82;0.00;0.00;0.00
21.01.2021;17:10:47;5.00;33.64;8.16;751.83;0.00;0.00;0.00
21.01.2021;17:11:47;5.00;33.63;8.19;751.82;0.00;0.00;0.00
21.01.2021;17:12:47;5.00;33.60;8.22;751.83;0.00;0.00;0.00
21.01.2021;17:13:47;5.01;33.57;8.25;751.83;0.00;0.00;0.00
21.01.2021;17:14:47;5.00;33.55;8.28;751.85;0.00;0.00;0.00
21.01.2021;17:15:47;5.00;33.51;8.33;751.86;0.00;0.00;0.00
21.01.2021;17:16:47;5.01;33.44;8.36;751.88;0.00;0.00;0.00
21.01.2021;17:17:47;5.00;33.41;8.38;751.88;0.00;0.00;0.00
21.01.2021;17:18:47;5.00;33.38;8.41;751.88;0.00;0.00;0.00
21.01.2021;17:19:47;5.00;33.35;8.45;751.87;0.00;0.00;0.00
21.01.2021;17:20:47;5.00;33.28;8.48;751.83;0.00;0.00;0.00
21.01.2021;17:21:47;5.00;33.24;8.51;751.84;0.00;0.00;0.00
21.01.2021;17:22:47;5.00;33.17;8.53;751.85;0.00;0.00;0.00
21.01.2021;17:23:47;5.00;33.11;8.55;751.83;0.00;0.00;0.00
21.01.2021;17:24:47;5.00;33.09;8.56;751.83;0.00;0.00;0.00
21.01.2021;17:25:47;5.00;33.08;8.58;751.82;0.00;0.00;0.00
21.01.2021;17:26:47;5.00;33.05;8.61;751.81;0.00;0.00;0.00
21.01.2021;17:27:47;5.01;33.02;8.63;751.79;0.00;0.00;0.00
21.01.2021;17:28:47;5.00;32.99;8.65;751.79;0.00;0.00;0.00
21.01.2021;17:29:47;5.00;32.98;8.65;751.80;0.00;0.00;0.00
21.01.2021;17:30:47;5.01;32.96;8.67;751.80;0.00;0.00;0.00
21.01.2021;17:31:47;5.00;32.95;8.69;751.80;0.00;0.00;0.00
21.01.2021;17:32:47;5.00;32.93;8.71;751.80;0.00;0.00;0.00
21.01.2021;17:33:47;5.00;32.93;8.73;751.77;0.00;0.00;0.00
21.01.2021;17:34:47;5.00;32.88;8.74;751.79;0.00;0.00;0.00
21.01.2021;17:35:47;5.00;32.86;8.76;751.80;0.00;0.00;0.00
21.01.2021;17:36:47;5.00;32.88;8.77;751.78;0.00;0.00;0.00
21.01.2021;17:37:47;5.00;32.88;8.79;751.79;0.00;0.00;0.00
21.01.2021;17:38:47;5.00;32.85;8.81;751.78;0.00;0.00;0.00
21.01.2021;17:39:48;5.00;32.81;8.82;751.79;0.00;0.00;0.00
21.01.2021;17:40:47;5.00;32.80;8.83;751.79;0.00;0.00;0.00
21.01.2021;17:41:47;5.01;32.83;8.83;751.79;0.00;0.00;0.00
21.01.2021;17:42:47;5.00;32.84;8.84;751.78;0.00;0.00;0.00
21.01.2021;17:43:47;5.00;32.81;8.87;751.80;0.00;0.00;0.00
21.01.2021;17:44:48;5.01;32.81;8.88;751.81;0.00;0.00;0.00
21.01.2021;17:45:48;5.00;32.82;8.88;751.78;0.00;0.00;0.00
21.01.2021;17:46:48;5.00;32.81;8.89;751.76;0.00;0.00;0.00
21.01.2021;17:47:48;5.00;32.81;8.91;751.76;0.00;0.00;0.00
21.01.2021;17:48:48;5.00;32.82;8.92;751.76;0.00;0.00;0.00
21.01.2021;17:49:48;5.00;32.79;8.94;751.76;0.00;0.00;0.00
21.01.2021;17:50:48;5.00;32.78;8.96;751.75;0.00;0.00;0.00
21.01.2021;17:51:48;5.00;32.78;8.97;751.75;0.00;0.00;0.00
21.01.2021;17:52:48;5.00;32.79;8.99;751.75;0.00;0.00;0.00
21.01.2021;17:53:48;5.00;32.82;9.00;751.76;0.00;0.00;0.00
21.01.2021;17:54:48;5.00;32.87;9.00;751.77;0.00;0.00;0.00
21.01.2021;17:55:48;5.01;32.83;9.01;751.77;0.00;0.00;0.00
21.01.2021;17:56:48;5.00;32.88;9.01;751.77;0.00;0.00;0.00
21.01.2021;17:57:48;5.00;32.88;9.03;751.77;0.00;0.00;0.00
21.01.2021;17:58:48;5.01;32.82;9.04;751.77;0.00;0.00;0.00
21.01.2021;17:59:48;5.00;32.84;9.05;751.78;0.00;0.00;0.00
21.01.2021;18:00:48;5.00;32.84;9.06;751.79;0.00;0.00;0.00
21.01.2021;18:01:48;5.00;32.85;9.07;751.79;0.00;0.00;0.00
21.01.2021;18:02:48;5.00;32.85;9.09;751.78;0.00;0.00;0.00
21.01.2021;18:03:48;5.00;32.87;9.09;751.76;0.00;0.00;0.00
21.01.2021;18:04:48;5.00;32.96;9.09;751.77;0.00;0.00;0.00
21.01.2021;18:05:48;5.00;32.92;9.10;751.78;0.00;0.00;0.00
21.01.2021;18:06:48;5.00;32.99;9.11;751.77;0.00;0.00;0.00
21.01.2021;18:07:48;5.00;32.93;9.12;751.77;0.00;0.00;0.00
21.01.2021;18:08:48;5.00;32.91;9.11;751.75;0.00;0.00;0.00
21.01.2021;18:09:48;5.01;32.92;9.12;751.75;0.00;0.00;0.00
21.01.2021;18:10:48;5.00;32.90;9.13;751.74;0.00;0.00;0.00
21.01.2021;18:11:48;5.00;32.90;9.14;751.73;0.00;0.00;0.00
21.01.2021;18:12:48;5.01;32.91;9.16;751.73;0.00;0.00;0.00
21.01.2021;18:13:48;5.00;32.92;9.18;751.73;0.00;0.00;0.00
21.01.2021;18:14:48;5.00;32.98;9.18;751.72;0.00;0.00;0.00
21.01.2021;18:15:48;5.00;32.91;9.19;751.72;0.00;0.00;0.00
21.01.2021;18:16:48;5.00;32.97;9.21;751.73;0.00;0.00;0.00
21.01.2021;18:17:48;5.00;32.94;9.23;751.72;0.00;0.00;0.00
21.01.2021;18:18:48;5.00;32.94;9.24;751.74;0.00;0.00;0.00
21.01.2021;18:19:48;5.00;32.98;9.24;751.73;0.00;0.00;0.00
21.01.2021;18:20:48;5.00;32.96;9.25;751.73;0.00;0.00;0.00
21.01.2021;18:21:49;5.00;32.93;9.26;751.73;0.00;0.00;0.00
21.01.2021;18:22:49;5.00;32.94;9.26;751.73;0.00;0.00;0.00
21.01.2021;18:23:49;5.01;32.95;9.27;751.71;0.00;0.00;0.00
21.01.2021;18:24:49;5.00;33.02;9.29;751.71;0.00;0.00;0.00
21.01.2021;18:25:49;5.00;32.95;9.30;751.71;0.00;0.00;0.00
21.01.2021;18:26:49;5.01;32.90;9.31;751.72;0.00;0.00;0.00
21.01.2021;18:27:49;5.00;32.91;9.33;751.72;0.00;0.00;0.00
21.01.2021;18:28:49;5.00;32.87;9.35;751.75;0.00;0.00;0.00
21.01.2021;18:29:49;5.00;32.88;9.35;751.77;0.00;0.00;0.00
21.01.2021;18:30:49;5.00;32.90;9.35;751.75;0.00;0.00;0.00
21.01.2021;18:31:49;5.00;32.87;9.37;751.74;0.00;0.00;0.00
21.01.2021;18:32:49;5.00;32.86;9.38;751.74;0.00;0.00;0.00
21.01.2021;18:33:49;5.00;32.87;9.39;751.75;0.00;0.00;0.00
21.01.2021;18:34:49;5.00;32.89;9.39;751.74;0.00;0.00;0.00
21.01.2021;18:35:49;5.00;32.89;9.39;751.75;0.00;0.00;0.00
21.01.2021;18:36:49;5.00;32.90;9.41;751.78;0.00;0.00;0.00
21.01.2021;18:37:49;5.01;32.84;9.43;751.77;0.00;0.00;0.00
21.01.2021;18:38:49;5.00;32.87;9.43;751.78;0.00;0.00;0.00
21.01.2021;18:39:49;5.00;32.93;9.43;751.78;0.00;0.00;0.00
21.01.2021;18:40:49;5.01;32.89;9.44;751.78;0.00;0.00;0.00
21.01.2021;18:41:49;5.00;32.89;9.45;751.77;0.00;0.00;0.00
21.01.2021;18:42:49;5.00;32.88;9.45;751.75;0.00;0.00;0.00
21.01.2021;18:43:49;5.00;33.01;9.45;751.78;0.00;0.00;0.00
21.01.2021;18:44:49;5.00;32.97;9.46;751.79;0.00;0.00;0.00
21.01.2021;18:45:49;5.00;33.07;9.46;751.80;0.00;0.00;0.00
21.01.2021;18:46:49;5.00;32.97;9.47;751.80;0.00;0.00;0.00
21.01.2021;18:47:49;5.00;32.98;9.47;751.79;0.00;0.00;0.00
21.01.2021;18:48:49;5.00;33.15;9.47;751.77;0.00;0.00;0.00
21.01.2021;18:49:49;5.00;33.18;9.50;751.76;0.00;0.00;0.00
21.01.2021;18:50:49;5.00;33.15;9.51;751.75;0.00;0.00;0.00
21.01.2021;18:51:49;5.01;33.07;9.50;751.73;0.00;0.00;0.00
21.01.2021;18:52:49;5.00;33.04;9.51;751.74;0.00;0.00;0.00
21.01.2021;18:53:49;5.00;33.04;9.51;751.76;0.00;0.00;0.00
21.01.2021;18:54:49;5.01;33.15;9.52;751.76;0.00;0.00;0.00
21.01.2021;18:55:49;5.00;33.10;9.54;751.74;0.00;0.00;0.00
21.01.2021;18:56:49;5.00;33.10;9.54;751.74;0.00;0.00;0.00
21.01.2021;18:57:50;5.00;33.16;9.54;751.73;0.00;0.00;0.00
21.01.2021;18:58:50;5.00;33.24;9.55;751.72;0.00;0.00;0.00
21.01.2021;18:59:50;5.00;33.29;9.57;751.73;0.00;0.00;0.00
21.01.2021;19:00:50;5.00;33.22;9.58;751.72;0.00;0.00;0.00
21.01.2021;19:01:50;5.00;33.22;9.58;751.71;0.00;0.00;0.00
21.01.2021;19:02:50;5.00;33.25;9.58;751.70;0.00;0.00;0.00
21.01.2021;19:03:50;5.00;33.27;9.58;751.71;0.00;0.00;0.00
21.01.2021;19:04:50;5.00;33.41;9.61;751.71;0.00;0.00;0.00
21.01.2021;19:05:50;5.01;33.59;9.64;751.70;0.00;0.00;0.00
21.01.2021;19:06:50;5.00;33.51;9.64;751.70;0.00;0.00;0.00
21.01.2021;19:07:50;5.00;33.52;9.63;751.71;0.00;0.00;0.00
21.01.2021;19:08:50;5.01;33.54;9.64;751.72;0.00;0.00;0.00
21.01.2021;19:09:50;5.00;33.59;9.64;751.72;0.00;0.00;0.00
21.01.2021;19:10:50;5.00;33.68;9.64;751.72;0.00;0.00;0.00
21.01.2021;19:11:50;5.00;33.82;9.63;751.72;0.00;0.00;0.00
21.01.2021;19:12:50;5.00;33.72;9.63;751.74;0.00;0.00;0.00
21.01.2021;19:13:50;5.00;33.65;9.63;751.74;0.00;0.00;0.00
21.01.2021;19:14:50;5.00;33.75;9.66;751.73;0.00;0.00;0.00
21.01.2021;19:15:50;5.00;33.79;9.68;751.71;0.00;0.00;0.00
21.01.2021;19:16:50;5.00;33.73;9.69;751.71;0.00;0.00;0.00
21.01.2021;19:17:50;5.00;33.68;9.69;751.71;0.00;0.00;0.00
21.01.2021;19:18:50;5.00;33.66;9.70;751.71;0.00;0.00;0.00
21.01.2021;19:19:50;5.01;33.69;9.70;751.69;0.00;0.00;0.00
21.01.2021;19:20:50;5.00;33.71;9.70;751.70;0.00;0.00;0.00
21.01.2021;19:21:50;5.00;33.70;9.72;751.69;0.00;0.00;0.00
21.01.2021;19:22:50;5.01;33.69;9.71;751.69;0.00;0.00;0.00
21.01.2021;19:23:50;5.00;33.75;9.71;751.69;0.00;0.00;0.00
21.01.2021;19:24:50;5.00;33.82;9.72;751.68;0.00;0.00;0.00
21.01.2021;19:25:50;5.00;33.82;9.73;751.68;0.00;0.00;0.00
21.01.2021;19:26:50;5.00;33.88;9.74;751.69;0.00;0.00;0.00
21.01.2021;19:27:50;5.00;34.07;9.78;751.68;0.00;0.00;0.00
21.01.2021;19:28:50;5.00;33.99;9.82;751.66;0.00;0.00;0.00
21.01.2021;19:29:50;5.00;34.01;9.85;751.67;0.00;0.00;0.00
21.01.2021;19:30:50;5.00;33.96;9.90;751.68;0.00;0.00;0.00
21.01.2021;19:31:50;5.00;34.03;9.93;751.67;0.00;0.00;0.00
21.01.2021;19:32:50;5.00;33.92;9.97;751.67;0.00;0.00;0.00
21.01.2021;19:33:51;5.01;33.57;10.02;751.67;0.00;0.00;0.00
21.01.2021;19:34:51;5.00;33.25;9.97;751.65;0.00;0.00;0.00
21.01.2021;19:35:51;5.00;33.61;9.92;751.66;0.00;0.00;0.00
21.01.2021;19:36:51;5.01;33.54;9.92;751.65;0.00;0.00;0.00
21.01.2021;19:37:51;5.00;33.73;9.92;751.66;0.00;0.00;0.00
21.01.2021;19:38:51;5.00;33.66;9.95;751.65;0.00;0.00;0.00
21.01.2021;19:39:51;5.00;33.58;9.94;751.65;0.00;0.00;0.00
21.01.2021;19:40:51;5.00;33.91;9.94;751.65;0.00;0.00;0.00
21.01.2021;19:41:51;5.00;33.89;9.97;751.64;0.00;0.00;0.00
21.01.2021;19:42:51;5.00;33.77;9.99;751.63;0.00;0.00;0.00
21.01.2021;19:43:51;5.00;33.97;9.93;751.63;0.00;0.00;0.00
21.01.2021;19:44:51;5.00;34.07;9.96;751.64;0.00;0.00;0.00
21.01.2021;19:45:51;5.00;34.06;9.96;751.63;0.00;0.00;0.00
21.01.2021;19:46:51;5.00;34.13;9.94;751.63;0.00;0.00;0.00
21.01.2021;19:47:51;5.01;34.21;9.93;751.62;0.00;0.00;0.00
21.01.2021;19:48:51;5.00;34.24;9.93;751.62;0.00;0.00;0.00
21.01.2021;19:49:51;5.00;34.29;9.95;751.62;0.00;0.00;0.00
21.01.2021;19:50:51;5.01;34.17;9.95;751.61;0.00;0.00;0.00
21.01.2021;19:51:51;5.00;34.22;9.96;751.59;0.00;0.00;0.00
21.01.2021;19:52:51;5.00;34.24;9.92;751.60;0.00;0.00;0.00
21.01.2021;19:53:51;5.00;34.42;9.91;751.61;0.00;0.00;0.00
21.01.2021;19:54:51;5.00;34.47;9.94;751.61;0.00;0.00;0.00
21.01.2021;19:55:51;5.00;34.28;9.94;751.62;0.00;0.00;0.00
21.01.2021;19:56:51;5.00;34.21;9.90;751.61;0.00;0.00;0.00
21.01.2021;19:57:51;5.00;34.22;9.87;751.61;0.00;0.00;0.00
21.01.2021;19:58:51;5.00;34.33;9.83;751.62;0.00;0.00;0.00
21.01.2021;19:59:51;5.00;34.28;9.81;751.62;0.00;0.00;0.00
21.01.2021;20:00:51;5.00;34.36;9.75;751.62;0.00;0.00;0.00
21.01.2021;20:01:51;5.01;34.37;9.75;751.61;0.00;0.00;0.00
21.01.2021;20:02:51;5.00;34.38;9.72;751.59;0.00;0.00;0.00
21.01.2021;20:03:51;5.00;34.63;9.71;751.59;0.00;0.00;0.00
21.01.2021;20:04:51;5.01;34.64;9.72;751.58;0.00;0.00;0.00
21.01.2021;20:05:51;5.00;34.67;9.73;751.58;0.00;0.00;0.00
21.01.2021;20:06:51;5.00;34.62;9.74;751.59;0.00;0.00;0.00
21.01.2021;20:07:51;5.00;34.51;9.76;751.59;0.00;0.00;0.00
21.01.2021;20:08:52;5.00;34.49;9.77;751.59;0.00;0.00;0.00
21.01.2021;20:09:52;5.00;34.67;9.76;751.60;0.00;0.00;0.00
21.01.2021;20:10:52;5.00;34.75;9.76;751.60;0.00;0.00;0.00
21.01.2021;20:11:52;5.00;34.67;9.76;751.57;0.00;0.00;0.00
21.01.2021;20:12:52;5.00;34.78;9.76;751.58;0.00;0.00;0.00
21.01.2021;20:13:52;5.00;34.79;9.77;751.58;0.00;0.00;0.00
21.01.2021;20:14:52;5.00;34.63;9.77;751.58;0.00;0.00;0.00
21.01.2021;20:15:52;5.01;34.63;9.74;751.58;0.00;0.00;0.00
21.01.2021;20:16:52;5.00;34.61;9.73;751.59;0.00;0.00;0.00
21.01.2021;20:17:52;5.00;34.89;9.70;751.59;0.00;0.00;0.00
21.01.2021;20:18:52;5.01;34.72;9.71;751.57;0.00;0.00;0.00
21.01.2021;20:19:52;5.00;34.79;9.69;751.55;0.00;0.00;0.00
21.01.2021;20:20:52;5.00;34.98;9.68;751.56;0.00;0.00;0.00
21.01.2021;20:21:52;5.00;34.91;9.67;751.57;0.00;0.00;0.00
21.01.2021;20:22:52;5.00;35.00;9.69;751.58;0.00;0.00;0.00
21.01.2021;20:23:52;5.00;35.01;9.70;751.58;0.00;0.00;0.00
21.01.2021;20:24:52;5.00;34.85;9.72;751.59;0.00;0.00;0.00
21.01.2021;20:25:52;5.00;34.89;9.68;751.62;0.00;0.00;0.00
21.01.2021;20:26:52;5.00;35.01;9.65;751.63;0.00;0.00;0.00
21.01.2021;20:27:52;4.04;34.89;9.65;751.63;0.00;0.00;0.00
21.01.2021;20:28:52;2.85;34.83;9.63;751.61;0.00;0.00;0.00
21.01.2021;20:29:52;2.85;34.84;9.60;751.61;0.00;0.00;0.00
21.01.2021;20:30:52;2.85;34.90;9.57;751.62;0.00;0.00;0.00
21.01.2021;20:31:52;2.84;35.04;9.54;751.61;0.00;0.00;0.00
21.01.2021;20:32:52;2.99;35.01;9.53;751.60;0.00;0.00;0.00
21.01.2021;20:33:52;2.89;35.08;9.51;751.61;0.00;0.00;0.00
21.01.2021;20:34:52;2.95;35.10;9.47;751.61;0.00;0.00;0.00
21.01.2021;20:35:52;2.85;35.06;9.47;751.61;0.00;0.00;0.00
21.01.2021;20:36:52;2.85;35.04;9.47;751.60;0.00;0.00;0.00
21.01.2021;20:37:52;2.50;35.03;9.47;751.59;0.00;0.00;0.00
21.01.2021;20:38:52;2.50;35.00;9.48;751.60;0.00;0.00;0.00
21.01.2021;20:39:52;2.50;35.03;9.47;751.61;0.00;0.00;0.00
21.01.2021;20:40:52;2.50;34.99;9.45;751.61;0.00;0.00;0.00
21.01.2021;20:41:52;2.50;35.00;9.44;751.61;0.00;0.00;0.00
21.01.2021;20:42:52;2.50;35.02;9.44;751.63;0.00;0.00;0.00
21.01.2021;20:43:52;2.53;35.01;9.43;751.63;0.00;0.00;0.00
21.01.2021;20:44:53;2.50;34.90;9.43;751.62;0.00;0.00;0.00
21.01.2021;20:45:53;2.50;34.90;9.42;751.61;0.00;0.00;0.00
21.01.2021;20:46:53;2.53;34.86;9.41;751.59;0.00;0.00;0.00
21.01.2021;20:47:53;2.50;34.90;9.37;751.59;0.00;0.00;0.00
21.01.2021;20:48:53;2.50;34.96;9.37;751.59;0.00;0.00;0.00
21.01.2021;20:49:53;2.51;34.98;9.39;751.60;0.00;0.00;0.00
21.01.2021;20:50:53;2.50;34.88;9.37;751.62;0.00;0.00;0.00
21.01.2021;20:51:53;2.50;34.91;9.36;751.59;0.00;0.00;0.00
21.01.2021;20:52:53;2.50;34.90;9.35;751.57;0.00;0.00;0.00
21.01.2021;20:53:53;2.50;34.91;9.33;751.58;0.00;0.00;0.00
21.01.2021;20:54:53;2.50;34.91;9.33;751.59;0.00;0.00;0.00
21.01.2021;20:55:53;2.50;34.92;9.31;751.62;0.00;0.00;0.00
21.01.2021;20:56:53;2.50;34.88;9.29;751.61;0.00;0.00;0.00
21.01.2021;20:57:53;2.53;34.95;9.28;751.59;0.00;0.00;0.00
21.01.2021;20:58:53;2.50;34.90;9.27;751.59;0.00;0.00;0.00
21.01.2021;20:59:53;2.50;34.92;9.29;751.60;0.00;0.00;0.00
21.01.2021;21:00:53;2.53;34.87;9.27;751.60;0.00;0.00;0.00
21.01.2021;21:01:53;2.50;34.93;9.29;751.60;0.00;0.00;0.00
21.01.2021;21:02:53;2.50;34.85;9.30;751.60;0.00;0.00;0.00
21.01.2021;21:03:53;2.51;34.83;9.31;751.61;0.00;0.00;0.00
21.01.2021;21:04:53;2.50;34.85;9.32;751.58;0.00;0.00;0.00
21.01.2021;21:05:53;2.50;34.74;9.30;751.57;0.00;0.00;0.00
21.01.2021;21:06:53;2.50;34.78;9.30;751.56;0.00;0.00;0.00
21.01.2021;21:07:53;2.50;34.73;9.30;751.54;0.00;0.00;0.00
21.01.2021;21:08:53;2.50;34.74;9.30;751.52;0.00;0.00;0.00
21.01.2021;21:09:53;2.50;34.72;9.27;751.51;0.00;0.00;0.00
21.01.2021;21:10:53;2.50;34.75;9.26;751.51;0.00;0.00;0.00
21.01.2021;21:11:53;2.53;34.73;9.26;751.49;0.00;0.00;0.00
21.01.2021;21:12:53;2.50;34.73;9.27;751.47;0.00;0.00;0.00
21.01.2021;21:13:53;2.50;34.73;9.29;751.46;0.00;0.00;0.00
21.01.2021;21:14:53;2.53;34.70;9.31;751.45;0.00;0.00;0.00
21.01.2021;21:15:53;2.50;34.68;9.29;751.45;0.00;0.00;0.00
21.01.2021;21:16:53;2.50;34.69;9.30;751.46;0.00;0.00;0.00
21.01.2021;21:17:53;2.51;34.60;9.29;751.46;0.00;0.00;0.00
21.01.2021;21:18:53;2.50;34.64;9.27;751.44;0.00;0.00;0.00
21.01.2021;21:19:53;2.50;34.69;9.24;751.44;0.00;0.00;0.00
21.01.2021;21:20:53;2.50;34.64;9.24;751.42;0.00;0.00;0.00
21.01.2021;21:21:54;2.50;34.64;9.23;751.41;0.00;0.00;0.00
21.01.2021;21:22:54;2.50;34.64;9.23;751.42;0.00;0.00;0.00
21.01.2021;21:23:54;2.50;34.64;9.23;751.42;0.00;0.00;0.00
21.01.2021;21:24:54;2.50;34.60;9.24;751.40;0.00;0.00;0.00
21.01.2021;21:25:54;2.53;34.63;9.23;751.38;0.00;0.00;0.00
21.01.2021;21:26:54;2.50;34.61;9.23;751.37;0.00;0.00;0.00
21.01.2021;21:27:54;2.50;34.61;9.23;751.35;0.00;0.00;0.00
21.01.2021;21:28:54;2.53;34.62;9.22;751.35;0.00;0.00;0.00
21.01.2021;21:29:54;2.50;34.60;9.24;751.36;0.00;0.00;0.00
21.01.2021;21:30:54;2.50;34.53;9.24;751.36;0.00;0.00;0.00
21.01.2021;21:31:54;2.51;34.57;9.21;751.37;0.00;0.00;0.00
21.01.2021;21:32:54;2.50;34.61;9.20;751.36;0.00;0.00;0.00
21.01.2021;21:33:54;2.50;34.57;9.20;751.37;0.00;0.00;0.00
21.01.2021;21:34:54;2.50;34.61;9.21;751.36;0.00;0.00;0.00
21.01.2021;21:35:54;2.50;34.60;9.22;751.38;0.00;0.00;0.00
21.01.2021;21:36:54;2.50;34.58;9.23;751.38;0.00;0.00;0.00
21.01.2021;21:37:54;2.50;34.53;9.22;751.39;0.00;0.00;0.00
21.01.2021;21:38:54;2.50;34.49;9.22;751.39;0.00;0.00;0.00
21.01.2021;21:39:54;2.53;34.55;9.21;751.39;0.00;0.00;0.00
21.01.2021;21:40:54;2.50;34.54;9.22;751.39;0.00;0.00;0.00
21.01.2021;21:41:54;2.50;34.48;9.24;751.39;0.00;0.00;0.00
21.01.2021;21:42:54;2.53;34.46;9.22;751.36;0.00;0.00;0.00
21.01.2021;21:43:54;2.50;34.50;9.23;751.36;0.00;0.00;0.00
21.01.2021;21:44:54;2.50;34.49;9.23;751.35;0.00;0.00;0.00
21.01.2021;21:45:54;2.51;34.42;9.22;751.34;0.00;0.00;0.00
21.01.2021;21:46:54;2.50;34.41;9.21;751.34;0.00;0.00;0.00
21.01.2021;21:47:54;2.50;34.44;9.20;751.34;0.00;0.00;0.00
21.01.2021;21:48:54;2.50;34.46;9.19;751.34;0.00;0.00;0.00
21.01.2021;21:49:54;2.50;34.43;9.18;751.35;0.00;0.00;0.00
21.01.2021;21:50:54;2.50;34.49;9.19;751.35;0.00;0.00;0.00
21.01.2021;21:51:54;2.50;34.47;9.19;751.35;0.00;0.00;0.00
21.01.2021;21:52:54;2.50;34.51;9.19;751.35;0.00;0.00;0.00
21.01.2021;21:53:54;2.53;34.42;9.20;751.35;0.00;0.00;0.00
21.01.2021;21:54:54;2.50;34.43;9.21;751.35;0.00;0.00;0.00
21.01.2021;21:55:54;2.50;34.44;9.21;751.34;0.00;0.00;0.00
21.01.2021;21:56:54;2.53;34.40;9.21;751.31;0.00;0.00;0.00
21.01.2021;21:57:55;2.50;34.41;9.21;751.28;0.00;0.00;0.00
21.01.2021;21:58:55;2.50;34.46;9.21;751.28;0.00;0.00;0.00
21.01.2021;21:59:55;2.51;34.49;9.20;751.28;0.00;0.00;0.00
21.01.2021;22:00:55;2.50;34.42;9.23;751.28;0.00;0.00;0.00
21.01.2021;22:01:55;2.50;34.39;9.24;751.27;0.00;0.00;0.00
21.01.2021;22:02:55;2.50;34.31;9.26;751.27;0.00;0.00;0.00
21.01.2021;22:03:55;2.50;34.29;9.22;751.29;0.00;0.00;0.00
21.01.2021;22:04:55;2.50;34.29;9.20;751.30;0.00;0.00;0.00
21.01.2021;22:05:55;2.50;34.33;9.20;751.33;0.00;0.00;0.00
21.01.2021;22:06:55;2.50;34.35;9.23;751.32;0.00;0.00;0.00
21.01.2021;22:07:55;2.53;34.29;9.22;751.31;0.00;0.00;0.00
21.01.2021;22:08:55;2.50;34.30;9.21;751.29;0.00;0.00;0.00
21.01.2021;22:09:55;2.50;34.31;9.21;751.29;0.00;0.00;0.00
21.01.2021;22:10:55;2.53;34.27;9.22;751.27;0.00;0.00;0.00
21.01.2021;22:11:55;2.50;34.26;9.20;751.25;0.00;0.00;0.00
21.01.2021;22:12:55;2.50;34.30;9.20;751.24;0.00;0.00;0.00
21.01.2021;22:13:55;2.51;34.29;9.21;751.24;0.00;0.00;0.00
21.01.2021;22:14:55;2.50;34.26;9.20;751.22;0.00;0.00;0.00
21.01.2021;22:15:55;2.50;34.38;9.19;751.22;0.00;0.00;0.00
21.01.2021;22:16:55;2.50;34.26;9.20;751.21;0.00;0.00;0.00
21.01.2021;22:17:55;2.50;34.34;9.20;751.22;0.00;0.00;0.00
21.01.2021;22:18:55;2.50;34.28;9.23;751.22;0.00;0.00;0.00
21.01.2021;22:19:55;2.50;34.27;9.25;751.21;0.00;0.00;0.00
21.01.2021;22:20:55;2.50;34.21;9.24;751.21;0.00;0.00;0.00
21.01.2021;22:21:55;2.53;34.21;9.25;751.18;0.00;0.00;0.00
21.01.2021;22:22:55;2.50;34.17;9.25;751.17;0.00;0.00;0.00
21.01.2021;22:23:55;2.50;34.20;9.23;751.17;0.00;0.00;0.00
21.01.2021;22:24:55;2.53;34.15;9.22;751.16;0.00;0.00;0.00
21.01.2021;22:25:55;2.50;34.18;9.23;751.12;0.00;0.00;0.00
21.01.2021;22:26:55;2.50;34.19;9.24;751.13;0.00;0.00;0.00
21.01.2021;22:27:55;2.51;34.21;9.26;751.12;0.00;0.00;0.00
21.01.2021;22:28:55;2.50;34.13;9.27;751.13;0.00;0.00;0.00
21.01.2021;22:29:55;2.50;34.12;9.25;751.15;0.00;0.00;0.00
21.01.2021;22:30:55;2.50;34.13;9.24;751.14;0.00;0.00;0.00
21.01.2021;22:31:55;2.50;34.15;9.23;751.14;0.00;0.00;0.00
21.01.2021;22:32:55;2.50;34.17;9.23;751.12;0.00;0.00;0.00
21.01.2021;22:33:56;2.50;34.18;9.24;751.13;0.00;0.00;0.00
21.01.2021;22:34:56;2.50;34.18;9.26;751.12;0.00;0.00;0.00
21.01.2021;22:35:56;2.53;34.17;9.26;751.13;0.00;0.00;0.00
21.01.2021;22:36:56;2.50;34.14;9.29;751.14;0.00;0.00;0.00
21.01.2021;22:37:56;2.50;34.03;9.30;751.15;0.00;0.00;0.00
21.01.2021;22:38:56;2.53;34.04;9.28;751.16;0.00;0.00;0.00
21.01.2021;22:39:56;2.50;34.01;9.26;751.16;0.00;0.00;0.00
21.01.2021;22:40:56;2.50;34.06;9.27;751.16;0.00;0.00;0.00
21.01.2021;22:41:56;2.51;34.08;9.25;751.19;0.00;0.00;0.00
21.01.2021;22:42:56;2.50;34.03;9.22;751.18;0.00;0.00;0.00
21.01.2021;22:43:56;2.50;34.11;9.23;751.19;0.00;0.00;0.00
21.01.2021;22:44:56;2.50;34.09;9.23;751.18;0.00;0.00;0.00
21.01.2021;22:45:56;2.50;34.10;9.24;751.17;0.00;0.00;0.00
21.01.2021;22:46:56;2.50;34.05;9.23;751.18;0.00;0.00;0.00
21.01.2021;22:47:56;2.50;34.08;9.25;751.17;0.00;0.00;0.00
21.01.2021;22:48:56;2.50;34.09;9.24;751.20;0.00;0.00;0.00
21.01.2021;22:49:56;2.51;34.07;9.21;751.23;0.00;0.00;0.00
21.01.2021;22:50:56;2.50;34.07;9.22;751.24;0.00;0.00;0.00
21.01.2021;22:51:56;2.50;34.09;9.20;751.22;0.00;0.00;0.00
21.01.2021;22:52:56;2.53;34.13;9.22;751.23;0.00;0.00;0.00
21.01.2021;22:53:56;2.50;34.12;9.21;751.23;0.00;0.00;0.00
21.01.2021;22:54:56;2.50;34.06;9.21;751.24;0.00;0.00;0.00
21.01.2021;22:55:56;2.51;34.14;9.22;751.24;0.00;0.00;0.00
21.01.2021;22:56:56;2.50;34.10;9.20;751.24;0.00;0.00;0.00
21.01.2021;22:57:56;2.50;34.18;9.22;751.23;0.00;0.00;0.00
21.01.2021;22:58:56;2.50;34.08;9.24;751.22;0.00;0.00;0.00
21.01.2021;22:59:56;2.50;34.00;9.24;751.19;0.00;0.00;0.00
21.01.2021;23:00:56;2.50;34.02;9.23;751.18;0.00;0.00;0.00
21.01.2021;23:01:56;2.50;34.06;9.21;751.21;0.00;0.00;0.00
21.01.2021;23:02:56;2.50;34.05;9.21;751.22;0.00;0.00;0.00
21.01.2021;23:03:56;2.51;34.09;9.18;751.22;0.00;0.00;0.00
21.01.2021;23:04:56;2.50;34.17;9.17;751.20;0.00;0.00;0.00
21.01.2021;23:05:56;2.50;34.17;9.19;751.19;0.00;0.00;0.00
21.01.2021;23:06:56;2.53;34.09;9.20;751.19;0.00;0.00;0.00
21.01.2021;23:07:56;2.50;34.08;9.20;751.20;0.00;0.00;0.00
21.01.2021;23:08:56;2.50;34.04;9.19;751.20;0.00;0.00;0.00
21.01.2021;23:09:56;2.51;34.07;9.19;751.20;0.00;0.00;0.00
21.01.2021;23:10:57;2.50;34.08;9.18;751.18;0.00;0.00;0.00
21.01.2021;23:11:57;2.50;34.07;9.18;751.16;0.00;0.00;0.00
21.01.2021;23:12:57;2.50;34.08;9.17;751.14;0.00;0.00;0.00
21.01.2021;23:13:57;2.50;34.13;9.18;751.15;0.00;0.00;0.00
21.01.2021;23:14:57;2.50;34.10;9.17;751.14;0.00;0.00;0.00
21.01.2021;23:15:57;2.50;34.02;9.16;751.15;0.00;0.00;0.00
21.01.2021;23:16:57;2.50;34.15;9.17;751.15;0.00;0.00;0.00
21.01.2021;23:17:57;2.53;34.13;9.14;751.15;0.00;0.00;0.00
21.01.2021;23:18:57;2.50;34.17;9.16;751.14;0.00;0.00;0.00
21.01.2021;23:19:57;2.50;34.04;9.14;751.13;0.00;0.00;0.00
21.01.2021;23:20:57;2.53;34.10;9.12;751.12;0.00;0.00;0.00
21.01.2021;23:21:57;2.50;34.10;9.11;751.13;0.00;0.00;0.00
21.01.2021;23:22:57;2.50;34.12;9.10;751.12;0.00;0.00;0.00
21.01.2021;23:23:57;2.51;34.13;9.10;751.12;0.00;0.00;0.00
21.01.2021;23:24:57;2.50;34.15;9.09;751.11;0.00;0.00;0.00
21.01.2021;23:25:57;2.50;34.17;9.07;751.09;0.00;0.00;0.00
21.01.2021;23:26:57;2.50;34.13;9.07;751.09;0.00;0.00;0.00
21.01.2021;23:27:57;2.50;34.19;9.04;751.08;0.00;0.00;0.00
21.01.2021;23:28:57;2.50;34.25;9.02;751.10;0.00;0.00;0.00
21.01.2021;23:29:57;2.50;34.23;9.01;751.12;0.00;0.00;0.00
21.01.2021;23:30:57;2.50;34.26;9.01;751.14;0.00;0.00;0.00
21.01.2021;23:31:57;2.53;34.34;9.02;751.15;0.00;0.00;0.00
21.01.2021;23:32:57;2.50;34.28;9.00;751.15;0.00;0.00;0.00
21.01.2021;23:33:57;2.50;34.30;9.00;751.13;0.00;0.00;0.00
21.01.2021;23:34:57;2.53;34.33;8.99;751.14;0.00;0.00;0.00
21.01.2021;23:35:57;2.50;34.26;8.99;751.13;0.00;0.00;0.00
21.01.2021;23:36:57;2.50;34.33;8.98;751.11;0.00;0.00;0.00
21.01.2021;23:37:57;2.51;34.33;8.95;751.08;0.00;0.00;0.00
21.01.2021;23:38:57;2.50;34.35;8.95;751.06;0.00;0.00;0.00
21.01.2021;23:39:57;2.50;34.41;8.95;751.05;0.00;0.00;0.00
21.01.2021;23:40:57;2.50;34.42;8.96;751.05;0.00;0.00;0.00
21.01.2021;23:41:57;2.50;34.40;8.95;751.05;0.00;0.00;0.00
21.01.2021;23:42:57;2.50;34.45;8.98;751.04;0.00;0.00;0.00
21.01.2021;23:43:57;2.50;34.39;8.97;751.04;0.00;0.00;0.00
21.01.2021;23:44:57;2.50;34.40;8.99;751.02;0.00;0.00;0.00
21.01.2021;23:45:57;2.53;34.35;8.98;751.03;0.00;0.00;0.00
21.01.2021;23:46:58;2.50;34.36;8.96;751.04;0.00;0.00;0.00
21.01.2021;23:47:58;2.50;34.39;8.93;751.02;0.00;0.00;0.00
21.01.2021;23:48:58;2.53;34.42;8.92;751.00;0.00;0.00;0.00
21.01.2021;23:49:58;2.50;34.45;8.92;751.00;0.00;0.00;0.00
21.01.2021;23:50:58;2.50;34.45;8.91;750.97;0.00;0.00;0.00
21.01.2021;23:51:58;2.51;34.51;8.93;750.95;0.00;0.00;0.00
21.01.2021;23:52:58;2.50;34.47;8.94;750.94;0.00;0.00;0.00
21.01.2021;23:53:58;2.50;34.43;8.94;750.95;0.00;0.00;0.00
21.01.2021;23:54:58;2.50;34.40;8.92;750.95;0.00;0.00;0.00
21.01.2021;23:55:58;2.50;34.46;8.93;750.97;0.00;0.00;0.00
21.01.2021;23:56:58;2.50;34.44;8.90;750.98;0.00;0.00;0.00
21.01.2021;23:57:58;2.50;34.51;8.90;750.97;0.00;0.00;0.00
21.01.2021;23:58:58;2.50;34.54;8.88;750.97;0.00;0.00;0.00
21.01.2021;23:59:58;2.51;34.51;8.88;750.99;0.00;0.00;0.00
