21.12.2020;0:00:55;3.35;44.17;12.22;764.43;0.00;0.00;0.00
21.12.2020;0:01:55;3.33;44.17;12.22;764.43;0.00;0.00;0.00
21.12.2020;0:02:55;3.33;44.18;12.22;764.41;0.00;0.00;0.00
21.12.2020;0:03:55;3.36;44.17;12.22;764.39;0.00;0.00;0.00
21.12.2020;0:04:55;3.33;44.17;12.22;764.38;0.00;0.00;0.00
21.12.2020;0:05:55;3.33;44.14;12.22;764.38;0.00;0.00;0.00
21.12.2020;0:06:55;3.35;44.16;12.22;764.37;0.00;0.00;0.00
21.12.2020;0:07:55;3.33;44.17;12.21;764.37;0.00;0.00;0.00
21.12.2020;0:08:55;3.33;44.19;12.21;764.37;0.00;0.00;0.00
21.12.2020;0:09:55;3.33;44.17;12.21;764.38;0.00;0.00;0.00
21.12.2020;0:10:55;3.33;44.16;12.21;764.38;0.00;0.00;0.00
21.12.2020;0:11:55;3.33;44.16;12.22;764.39;0.00;0.00;0.00
21.12.2020;0:12:55;3.33;44.16;12.21;764.39;0.00;0.00;0.00
21.12.2020;0:13:55;3.33;44.15;12.22;764.41;0.00;0.00;0.00
21.12.2020;0:14:55;3.35;44.15;12.21;764.40;0.00;0.00;0.00
21.12.2020;0:15:55;3.33;44.15;12.21;764.40;0.00;0.00;0.00
21.12.2020;0:16:55;3.33;44.14;12.21;764.40;0.00;0.00;0.00
21.12.2020;0:17:55;3.36;44.14;12.22;764.41;0.00;0.00;0.00
21.12.2020;0:18:55;3.33;44.14;12.22;764.41;0.00;0.00;0.00
21.12.2020;0:19:55;3.33;44.13;12.22;764.41;0.00;0.00;0.00
21.12.2020;0:20:55;3.35;44.17;12.21;764.41;0.00;0.00;0.00
21.12.2020;0:21:55;3.33;44.16;12.20;764.40;0.00;0.00;0.00
21.12.2020;0:22:55;3.33;44.16;12.20;764.39;0.00;0.00;0.00
21.12.2020;0:23:55;3.33;44.16;12.20;764.38;0.00;0.00;0.00
21.12.2020;0:24:55;3.33;44.17;12.20;764.37;0.00;0.00;0.00
21.12.2020;0:25:56;3.33;44.17;12.21;764.37;0.00;0.00;0.00
21.12.2020;0:26:56;3.33;44.18;12.21;764.37;0.00;0.00;0.00
21.12.2020;0:27:56;3.33;44.17;12.22;764.39;0.00;0.00;0.00
21.12.2020;0:28:56;3.35;44.16;12.22;764.40;0.00;0.00;0.00
21.12.2020;0:29:56;3.33;44.18;12.23;764.40;0.00;0.00;0.00
21.12.2020;0:30:56;3.33;44.19;12.23;764.40;0.00;0.00;0.00
21.12.2020;0:31:56;3.36;44.20;12.23;764.39;0.00;0.00;0.00
21.12.2020;0:32:56;3.33;44.20;12.23;764.39;0.00;0.00;0.00
21.12.2020;0:33:56;3.33;44.20;12.22;764.40;0.00;0.00;0.00
21.12.2020;0:34:56;3.35;44.21;12.22;764.41;0.00;0.00;0.00
21.12.2020;0:35:56;3.33;44.22;12.22;764.40;0.00;0.00;0.00
21.12.2020;0:36:56;3.33;44.23;12.22;764.40;0.00;0.00;0.00
21.12.2020;0:37:56;3.33;44.25;12.21;764.41;0.00;0.00;0.00
21.12.2020;0:38:56;3.33;44.28;12.20;764.40;0.00;0.00;0.00
21.12.2020;0:39:56;3.33;44.31;12.20;764.39;0.00;0.00;0.00
21.12.2020;0:40:56;3.33;44.28;12.20;764.40;0.00;0.00;0.00
21.12.2020;0:41:56;3.33;44.29;12.19;764.40;0.00;0.00;0.00
21.12.2020;0:42:56;3.35;44.32;12.19;764.40;0.00;0.00;0.00
21.12.2020;0:43:56;3.33;44.32;12.18;764.40;0.00;0.00;0.00
21.12.2020;0:44:56;3.33;44.33;12.18;764.41;0.00;0.00;0.00
21.12.2020;0:45:56;3.36;44.33;12.18;764.41;0.00;0.00;0.00
21.12.2020;0:46:56;3.33;44.36;12.16;764.40;0.00;0.00;0.00
21.12.2020;0:47:56;3.33;44.37;12.16;764.40;0.00;0.00;0.00
21.12.2020;0:48:56;3.35;44.36;12.16;764.42;0.00;0.00;0.00
21.12.2020;0:49:56;3.33;44.37;12.15;764.41;0.00;0.00;0.00
21.12.2020;0:50:56;3.33;44.39;12.14;764.40;0.00;0.00;0.00
21.12.2020;0:51:56;3.33;44.38;12.14;764.40;0.00;0.00;0.00
21.12.2020;0:52:56;3.33;44.42;12.13;764.39;0.00;0.00;0.00
21.12.2020;0:53:56;3.33;44.41;12.13;764.40;0.00;0.00;0.00
21.12.2020;0:54:56;3.33;44.44;12.12;764.40;0.00;0.00;0.00
21.12.2020;0:55:56;3.33;44.43;12.11;764.40;0.00;0.00;0.00
21.12.2020;0:56:56;3.35;44.45;12.11;764.39;0.00;0.00;0.00
21.12.2020;0:57:57;3.33;44.45;12.10;764.38;0.00;0.00;0.00
21.12.2020;0:58:57;3.33;44.45;12.09;764.37;0.00;0.00;0.00
21.12.2020;0:59:57;3.36;44.46;12.09;764.37;0.00;0.00;0.00
21.12.2020;1:00:57;3.33;44.46;12.09;764.36;0.00;0.00;0.00
21.12.2020;1:01:57;3.33;44.48;12.09;764.34;0.00;0.00;0.00
21.12.2020;1:02:57;3.35;44.47;12.09;764.32;0.00;0.00;0.00
21.12.2020;1:03:57;3.33;44.46;12.09;764.31;0.00;0.00;0.00
21.12.2020;1:04:57;3.33;44.44;12.10;764.30;0.00;0.00;0.00
21.12.2020;1:05:57;3.33;44.45;12.10;764.29;0.00;0.00;0.00
21.12.2020;1:06:57;3.33;44.41;12.10;764.29;0.00;0.00;0.00
21.12.2020;1:07:57;3.33;44.41;12.10;764.28;0.00;0.00;0.00
21.12.2020;1:08:57;3.33;44.44;12.09;764.28;0.00;0.00;0.00
21.12.2020;1:09:57;3.33;44.46;12.10;764.28;0.00;0.00;0.00
21.12.2020;1:10:57;3.35;44.44;12.10;764.29;0.00;0.00;0.00
21.12.2020;1:11:57;3.33;44.43;12.10;764.30;0.00;0.00;0.00
21.12.2020;1:12:57;3.33;44.44;12.10;764.30;0.00;0.00;0.00
21.12.2020;1:13:57;3.36;44.46;12.10;764.30;0.00;0.00;0.00
21.12.2020;1:14:57;3.33;44.48;12.10;764.29;0.00;0.00;0.00
21.12.2020;1:15:57;3.33;44.47;12.11;764.30;0.00;0.00;0.00
21.12.2020;1:16:57;3.35;44.46;12.11;764.29;0.00;0.00;0.00
21.12.2020;1:17:57;3.33;44.49;12.11;764.30;0.00;0.00;0.00
21.12.2020;1:18:57;3.33;44.53;12.10;764.28;0.00;0.00;0.00
21.12.2020;1:19:57;3.33;44.52;12.12;764.27;0.00;0.00;0.00
21.12.2020;1:20:57;3.33;44.50;12.12;764.27;0.00;0.00;0.00
21.12.2020;1:21:57;3.33;44.45;12.12;764.28;0.00;0.00;0.00
21.12.2020;1:22:57;3.33;44.46;12.12;764.27;0.00;0.00;0.00
21.12.2020;1:23:57;3.33;44.43;12.13;764.28;0.00;0.00;0.00
21.12.2020;1:24:57;3.35;44.45;12.13;764.26;0.00;0.00;0.00
21.12.2020;1:25:57;3.33;44.45;12.13;764.26;0.00;0.00;0.00
21.12.2020;1:26:57;3.33;44.44;12.14;764.26;0.00;0.00;0.00
21.12.2020;1:27:57;3.36;44.44;12.14;764.27;0.00;0.00;0.00
21.12.2020;1:28:58;3.33;44.42;12.15;764.27;0.00;0.00;0.00
21.12.2020;1:29:58;3.33;44.37;12.16;764.27;0.00;0.00;0.00
21.12.2020;1:30:58;3.35;44.38;12.16;764.28;0.00;0.00;0.00
21.12.2020;1:31:58;3.33;44.37;12.16;764.28;0.00;0.00;0.00
21.12.2020;1:32:58;3.33;44.40;12.16;764.29;0.00;0.00;0.00
21.12.2020;1:33:58;3.33;44.40;12.16;764.29;0.00;0.00;0.00
21.12.2020;1:34:58;3.33;44.39;12.16;764.30;0.00;0.00;0.00
21.12.2020;1:35:58;3.33;44.37;12.16;764.28;0.00;0.00;0.00
21.12.2020;1:36:58;3.33;44.36;12.16;764.29;0.00;0.00;0.00
21.12.2020;1:37:58;3.33;44.36;12.16;764.28;0.00;0.00;0.00
21.12.2020;1:38:58;3.35;44.33;12.17;764.29;0.00;0.00;0.00
21.12.2020;1:39:58;3.33;44.32;12.17;764.30;0.00;0.00;0.00
21.12.2020;1:40:58;3.33;44.34;12.17;764.30;0.00;0.00;0.00
21.12.2020;1:41:58;3.36;44.33;12.17;764.31;0.00;0.00;0.00
21.12.2020;1:42:58;3.33;44.33;12.16;764.31;0.00;0.00;0.00
21.12.2020;1:43:58;3.33;44.34;12.16;764.31;0.00;0.00;0.00
21.12.2020;1:44:58;3.35;44.33;12.15;764.31;0.00;0.00;0.00
21.12.2020;1:45:58;3.33;44.33;12.15;764.32;0.00;0.00;0.00
21.12.2020;1:46:58;3.33;44.34;12.15;764.32;0.00;0.00;0.00
21.12.2020;1:47:58;3.33;44.34;12.15;764.32;0.00;0.00;0.00
21.12.2020;1:48:58;3.33;44.34;12.14;764.31;0.00;0.00;0.00
21.12.2020;1:49:58;3.33;44.36;12.14;764.31;0.00;0.00;0.00
21.12.2020;1:50:58;3.33;44.36;12.14;764.32;0.00;0.00;0.00
21.12.2020;1:51:58;3.33;44.36;12.14;764.32;0.00;0.00;0.00
21.12.2020;1:52:58;3.35;44.34;12.14;764.31;0.00;0.00;0.00
21.12.2020;1:53:58;3.33;44.33;12.14;764.31;0.00;0.00;0.00
21.12.2020;1:54:58;3.33;44.34;12.14;764.32;0.00;0.00;0.00
21.12.2020;1:55:58;3.36;44.35;12.13;764.31;0.00;0.00;0.00
21.12.2020;1:56:58;3.33;44.38;12.13;764.31;0.00;0.00;0.00
21.12.2020;1:57:58;3.33;44.39;12.13;764.31;0.00;0.00;0.00
21.12.2020;1:58:58;3.35;44.39;12.13;764.31;0.00;0.00;0.00
21.12.2020;1:59:58;3.33;44.41;12.13;764.30;0.00;0.00;0.00
21.12.2020;2:00:59;3.33;44.41;12.14;764.31;0.00;0.00;0.00
21.12.2020;2:01:59;3.33;44.40;12.14;764.29;0.00;0.00;0.00
21.12.2020;2:02:59;3.33;44.42;12.15;764.29;0.00;0.00;0.00
21.12.2020;2:03:59;3.33;44.39;12.15;764.30;0.00;0.00;0.00
21.12.2020;2:04:59;3.33;44.37;12.15;764.31;0.00;0.00;0.00
21.12.2020;2:05:59;3.33;44.38;12.15;764.31;0.00;0.00;0.00
21.12.2020;2:06:59;3.35;44.37;12.15;764.31;0.00;0.00;0.00
21.12.2020;2:07:59;3.33;44.37;12.16;764.31;0.00;0.00;0.00
21.12.2020;2:08:59;3.33;44.37;12.16;764.33;0.00;0.00;0.00
21.12.2020;2:09:59;3.36;44.38;12.17;764.34;0.00;0.00;0.00
21.12.2020;2:10:59;3.33;44.35;12.17;764.34;0.00;0.00;0.00
21.12.2020;2:11:59;3.33;44.34;12.18;764.34;0.00;0.00;0.00
21.12.2020;2:12:59;3.35;44.33;12.19;764.35;0.00;0.00;0.00
21.12.2020;2:13:59;3.33;44.31;12.19;764.35;0.00;0.00;0.00
21.12.2020;2:14:59;3.33;44.30;12.19;764.36;0.00;0.00;0.00
21.12.2020;2:15:59;3.33;44.30;12.19;764.37;0.00;0.00;0.00
21.12.2020;2:16:59;3.33;44.28;12.19;764.38;0.00;0.00;0.00
21.12.2020;2:17:59;3.33;44.29;12.19;764.39;0.00;0.00;0.00
21.12.2020;2:18:59;3.33;44.28;12.20;764.39;0.00;0.00;0.00
21.12.2020;2:19:59;3.33;44.27;12.20;764.40;0.00;0.00;0.00
21.12.2020;2:20:59;3.35;44.28;12.20;764.40;0.00;0.00;0.00
21.12.2020;2:21:59;3.33;44.26;12.20;764.42;0.00;0.00;0.00
21.12.2020;2:22:59;3.33;44.26;12.19;764.41;0.00;0.00;0.00
21.12.2020;2:23:59;3.36;44.28;12.18;764.40;0.00;0.00;0.00
21.12.2020;2:24:59;3.33;44.26;12.18;764.41;0.00;0.00;0.00
21.12.2020;2:25:59;3.33;44.28;12.18;764.39;0.00;0.00;0.00
21.12.2020;2:26:59;3.35;44.31;12.17;764.38;0.00;0.00;0.00
21.12.2020;2:27:59;3.33;44.30;12.17;764.37;0.00;0.00;0.00
21.12.2020;2:28:59;3.33;44.28;12.16;764.36;0.00;0.00;0.00
21.12.2020;2:29:59;3.33;44.31;12.16;764.35;0.00;0.00;0.00
21.12.2020;2:30:59;3.33;44.31;12.16;764.35;0.00;0.00;0.00
21.12.2020;2:32:00;3.33;44.32;12.15;764.35;0.00;0.00;0.00
21.12.2020;2:33:00;3.33;44.34;12.15;764.35;0.00;0.00;0.00
21.12.2020;2:34:00;3.33;44.32;12.14;764.36;0.00;0.00;0.00
21.12.2020;2:35:00;3.35;44.32;12.15;764.37;0.00;0.00;0.00
21.12.2020;2:36:00;3.33;44.32;12.14;764.38;0.00;0.00;0.00
21.12.2020;2:37:00;3.33;44.33;12.14;764.39;0.00;0.00;0.00
21.12.2020;2:38:00;3.36;44.33;12.14;764.39;0.00;0.00;0.00
21.12.2020;2:39:00;3.33;44.33;12.14;764.38;0.00;0.00;0.00
21.12.2020;2:40:00;3.33;44.32;12.14;764.37;0.00;0.00;0.00
21.12.2020;2:41:00;3.35;44.33;12.13;764.37;0.00;0.00;0.00
21.12.2020;2:42:00;3.33;44.37;12.12;764.36;0.00;0.00;0.00
21.12.2020;2:43:00;3.33;44.39;12.12;764.36;0.00;0.00;0.00
21.12.2020;2:44:00;3.33;44.40;12.13;764.34;0.00;0.00;0.00
21.12.2020;2:45:00;3.33;44.37;12.13;764.33;0.00;0.00;0.00
21.12.2020;2:46:00;3.33;44.37;12.13;764.35;0.00;0.00;0.00
21.12.2020;2:47:00;3.33;44.39;12.13;764.35;0.00;0.00;0.00
21.12.2020;2:48:00;3.33;44.39;12.14;764.35;0.00;0.00;0.00
21.12.2020;2:49:00;3.35;44.37;12.15;764.34;0.00;0.00;0.00
21.12.2020;2:50:00;3.33;44.37;12.14;764.33;0.00;0.00;0.00
21.12.2020;2:51:00;3.33;44.34;12.15;764.33;0.00;0.00;0.00
21.12.2020;2:52:00;3.36;44.37;12.14;764.33;0.00;0.00;0.00
21.12.2020;2:53:00;3.33;44.39;12.14;764.33;0.00;0.00;0.00
21.12.2020;2:54:00;3.33;44.39;12.13;764.32;0.00;0.00;0.00
21.12.2020;2:55:00;3.35;44.39;12.13;764.32;0.00;0.00;0.00
21.12.2020;2:56:00;3.33;44.42;12.13;764.32;0.00;0.00;0.00
21.12.2020;2:57:00;3.33;44.40;12.13;764.32;0.00;0.00;0.00
21.12.2020;2:58:00;3.33;44.41;12.13;764.32;0.00;0.00;0.00
21.12.2020;2:59:00;3.33;44.42;12.13;764.32;0.00;0.00;0.00
21.12.2020;3:00:00;3.33;44.40;12.14;764.31;0.00;0.00;0.00
21.12.2020;3:01:00;3.33;44.38;12.15;764.30;0.00;0.00;0.00
21.12.2020;3:02:00;3.33;44.36;12.15;764.29;0.00;0.00;0.00
21.12.2020;3:03:00;3.35;44.36;12.15;764.28;0.00;0.00;0.00
21.12.2020;3:04:01;3.33;44.35;12.16;764.27;0.00;0.00;0.00
21.12.2020;3:05:01;3.33;44.33;12.16;764.27;0.00;0.00;0.00
21.12.2020;3:06:01;3.36;44.31;12.16;764.27;0.00;0.00;0.00
21.12.2020;3:07:01;3.33;44.33;12.16;764.27;0.00;0.00;0.00
21.12.2020;3:08:01;3.33;44.32;12.16;764.28;0.00;0.00;0.00
21.12.2020;3:09:01;3.35;44.31;12.16;764.28;0.00;0.00;0.00
21.12.2020;3:10:01;3.33;44.31;12.16;764.29;0.00;0.00;0.00
21.12.2020;3:11:01;3.33;44.30;12.16;764.28;0.00;0.00;0.00
21.12.2020;3:12:01;3.33;44.32;12.16;764.28;0.00;0.00;0.00
21.12.2020;3:13:01;3.33;44.32;12.16;764.28;0.00;0.00;0.00
21.12.2020;3:14:01;3.33;44.30;12.16;764.27;0.00;0.00;0.00
21.12.2020;3:15:01;3.33;44.26;12.17;764.28;0.00;0.00;0.00
21.12.2020;3:16:01;3.33;44.25;12.16;764.28;0.00;0.00;0.00
21.12.2020;3:17:01;3.35;44.28;12.16;764.28;0.00;0.00;0.00
21.12.2020;3:18:01;3.33;44.30;12.15;764.27;0.00;0.00;0.00
21.12.2020;3:19:01;3.33;44.31;12.14;764.27;0.00;0.00;0.00
21.12.2020;3:20:01;3.36;44.29;12.14;764.25;0.00;0.00;0.00
21.12.2020;3:21:01;3.33;44.29;12.15;764.25;0.00;0.00;0.00
21.12.2020;3:22:01;3.33;44.30;12.14;764.23;0.00;0.00;0.00
21.12.2020;3:23:01;3.35;44.32;12.13;764.22;0.00;0.00;0.00
21.12.2020;3:24:01;3.33;44.34;12.12;764.23;0.00;0.00;0.00
21.12.2020;3:25:01;3.33;44.33;12.12;764.23;0.00;0.00;0.00
21.12.2020;3:26:01;3.33;44.35;12.12;764.22;0.00;0.00;0.00
21.12.2020;3:27:01;3.33;44.38;12.12;764.23;0.00;0.00;0.00
21.12.2020;3:28:01;3.33;44.39;12.11;764.23;0.00;0.00;0.00
21.12.2020;3:29:01;3.33;44.39;12.12;764.22;0.00;0.00;0.00
21.12.2020;3:30:01;3.33;44.39;12.12;764.21;0.00;0.00;0.00
21.12.2020;3:31:01;3.35;44.38;12.12;764.20;0.00;0.00;0.00
21.12.2020;3:32:01;3.33;44.40;12.12;764.20;0.00;0.00;0.00
21.12.2020;3:33:01;3.33;44.39;12.12;764.20;0.00;0.00;0.00
21.12.2020;3:34:01;3.36;44.40;12.13;764.20;0.00;0.00;0.00
21.12.2020;3:35:01;3.33;44.42;12.12;764.20;0.00;0.00;0.00
21.12.2020;3:36:02;3.33;44.42;12.12;764.19;0.00;0.00;0.00
21.12.2020;3:37:02;3.35;44.40;12.13;764.19;0.00;0.00;0.00
21.12.2020;3:38:02;3.33;44.41;12.13;764.20;0.00;0.00;0.00
21.12.2020;3:39:02;3.33;44.41;12.13;764.21;0.00;0.00;0.00
21.12.2020;3:40:02;3.33;44.40;12.13;764.21;0.00;0.00;0.00
21.12.2020;3:41:02;3.33;44.40;12.13;764.22;0.00;0.00;0.00
21.12.2020;3:42:02;3.33;44.39;12.14;764.23;0.00;0.00;0.00
21.12.2020;3:43:02;3.33;44.38;12.14;764.23;0.00;0.00;0.00
21.12.2020;3:44:02;3.33;44.40;12.14;764.24;0.00;0.00;0.00
21.12.2020;3:45:02;3.35;44.37;12.14;764.25;0.00;0.00;0.00
21.12.2020;3:46:02;3.33;44.38;12.15;764.25;0.00;0.00;0.00
21.12.2020;3:47:02;3.33;44.39;12.15;764.24;0.00;0.00;0.00
21.12.2020;3:48:02;3.36;44.37;12.14;764.22;0.00;0.00;0.00
21.12.2020;3:49:02;3.33;44.36;12.14;764.22;0.00;0.00;0.00
21.12.2020;3:50:02;3.33;44.33;12.15;764.21;0.00;0.00;0.00
21.12.2020;3:51:02;3.35;44.33;12.15;764.20;0.00;0.00;0.00
21.12.2020;3:52:02;3.33;44.34;12.14;764.20;0.00;0.00;0.00
21.12.2020;3:53:02;3.33;44.35;12.14;764.20;0.00;0.00;0.00
21.12.2020;3:54:02;3.33;44.35;12.14;764.20;0.00;0.00;0.00
21.12.2020;3:55:02;3.33;44.34;12.14;764.20;0.00;0.00;0.00
21.12.2020;3:56:02;3.33;44.34;12.15;764.20;0.00;0.00;0.00
21.12.2020;3:57:02;3.33;44.33;12.15;764.20;0.00;0.00;0.00
21.12.2020;3:58:02;3.33;44.34;12.15;764.20;0.00;0.00;0.00
21.12.2020;3:59:02;3.35;44.33;12.15;764.20;0.00;0.00;0.00
21.12.2020;4:00:02;3.33;44.30;12.15;764.21;0.00;0.00;0.00
21.12.2020;4:01:02;3.33;44.30;12.15;764.21;0.00;0.00;0.00
21.12.2020;4:02:02;3.36;44.30;12.14;764.21;0.00;0.00;0.00
21.12.2020;4:03:02;3.33;44.30;12.14;764.22;0.00;0.00;0.00
21.12.2020;4:04:02;3.33;44.30;12.14;764.22;0.00;0.00;0.00
21.12.2020;4:05:02;3.35;44.33;12.13;764.21;0.00;0.00;0.00
21.12.2020;4:06:02;3.33;44.34;12.14;764.20;0.00;0.00;0.00
21.12.2020;4:07:03;3.33;44.30;12.14;764.21;0.00;0.00;0.00
21.12.2020;4:08:03;3.33;44.29;12.14;764.20;0.00;0.00;0.00
21.12.2020;4:09:03;3.33;44.33;12.13;764.21;0.00;0.00;0.00
21.12.2020;4:10:03;3.33;44.35;12.13;764.22;0.00;0.00;0.00
21.12.2020;4:11:03;3.33;44.35;12.13;764.22;0.00;0.00;0.00
21.12.2020;4:12:03;3.33;44.35;12.14;764.23;0.00;0.00;0.00
21.12.2020;4:13:03;3.35;44.35;12.14;764.22;0.00;0.00;0.00
21.12.2020;4:14:03;3.33;44.36;12.14;764.24;0.00;0.00;0.00
21.12.2020;4:15:03;3.33;44.37;12.13;764.23;0.00;0.00;0.00
21.12.2020;4:16:03;3.36;44.36;12.14;764.24;0.00;0.00;0.00
21.12.2020;4:17:03;3.33;44.35;12.14;764.23;0.00;0.00;0.00
21.12.2020;4:18:03;3.33;44.36;12.14;764.22;0.00;0.00;0.00
21.12.2020;4:19:03;3.35;44.36;12.15;764.20;0.00;0.00;0.00
21.12.2020;4:20:03;3.33;44.37;12.15;764.19;0.00;0.00;0.00
21.12.2020;4:21:03;3.33;44.35;12.15;764.17;0.00;0.00;0.00
21.12.2020;4:22:03;3.33;44.34;12.16;764.16;0.00;0.00;0.00
21.12.2020;4:23:03;3.33;44.31;12.16;764.14;0.00;0.00;0.00
21.12.2020;4:24:03;3.33;44.33;12.16;764.14;0.00;0.00;0.00
21.12.2020;4:25:03;3.33;44.32;12.17;764.14;0.00;0.00;0.00
21.12.2020;4:26:03;3.33;44.29;12.17;764.12;0.00;0.00;0.00
21.12.2020;4:27:03;3.35;44.30;12.17;764.11;0.00;0.00;0.00
21.12.2020;4:28:03;3.33;44.29;12.17;764.13;0.00;0.00;0.00
21.12.2020;4:29:03;3.33;44.29;12.17;764.13;0.00;0.00;0.00
21.12.2020;4:30:03;3.36;44.29;12.17;764.12;0.00;0.00;0.00
21.12.2020;4:31:03;3.33;44.27;12.17;764.13;0.00;0.00;0.00
21.12.2020;4:32:03;3.33;44.26;12.18;764.15;0.00;0.00;0.00
21.12.2020;4:33:03;3.35;44.24;12.18;764.17;0.00;0.00;0.00
21.12.2020;4:34:03;3.33;44.28;12.18;764.17;0.00;0.00;0.00
21.12.2020;4:35:03;3.33;44.25;12.19;764.18;0.00;0.00;0.00
21.12.2020;4:36:03;3.33;44.23;12.19;764.17;0.00;0.00;0.00
21.12.2020;4:37:03;3.33;44.23;12.18;764.15;0.00;0.00;0.00
21.12.2020;4:38:03;3.33;44.24;12.17;764.14;0.00;0.00;0.00
21.12.2020;4:39:04;3.33;44.25;12.17;764.14;0.00;0.00;0.00
21.12.2020;4:40:04;3.33;44.24;12.16;764.16;0.00;0.00;0.00
21.12.2020;4:41:04;3.35;44.27;12.16;764.17;0.00;0.00;0.00
21.12.2020;4:42:04;3.33;44.30;12.15;764.18;0.00;0.00;0.00
21.12.2020;4:43:04;3.33;44.31;12.14;764.17;0.00;0.00;0.00
21.12.2020;4:44:04;3.36;44.32;12.14;764.18;0.00;0.00;0.00
21.12.2020;4:45:04;3.33;44.32;12.13;764.17;0.00;0.00;0.00
21.12.2020;4:46:04;3.33;44.34;12.12;764.18;0.00;0.00;0.00
21.12.2020;4:47:04;3.35;44.34;12.12;764.17;0.00;0.00;0.00
21.12.2020;4:48:04;3.33;44.39;12.10;764.18;0.00;0.00;0.00
21.12.2020;4:49:04;3.33;44.40;12.09;764.17;0.00;0.00;0.00
21.12.2020;4:50:04;3.33;44.40;12.10;764.17;0.00;0.00;0.00
21.12.2020;4:51:04;3.33;44.38;12.09;764.18;0.00;0.00;0.00
21.12.2020;4:52:04;3.33;44.39;12.09;764.18;0.00;0.00;0.00
21.12.2020;4:53:04;3.33;44.38;12.09;764.19;0.00;0.00;0.00
21.12.2020;4:54:04;3.33;44.38;12.08;764.19;0.00;0.00;0.00
21.12.2020;4:55:04;3.35;44.43;12.07;764.19;0.00;0.00;0.00
21.12.2020;4:56:04;3.33;44.42;12.07;764.20;0.00;0.00;0.00
21.12.2020;4:57:04;3.33;44.43;12.07;764.22;0.00;0.00;0.00
21.12.2020;4:58:04;3.36;44.45;12.06;764.22;0.00;0.00;0.00
21.12.2020;4:59:04;3.33;44.45;12.06;764.22;0.00;0.00;0.00
21.12.2020;5:00:04;3.33;44.46;12.05;764.22;0.00;0.00;0.00
21.12.2020;5:01:04;3.35;44.47;12.05;764.23;0.00;0.00;0.00
21.12.2020;5:02:04;3.33;44.48;12.05;764.23;0.00;0.00;0.00
21.12.2020;5:03:04;3.33;44.47;12.05;764.25;0.00;0.00;0.00
21.12.2020;5:04:04;3.33;44.49;12.04;764.26;0.00;0.00;0.00
21.12.2020;5:05:04;3.33;44.51;12.03;764.26;0.00;0.00;0.00
21.12.2020;5:06:04;3.33;44.54;12.03;764.27;0.00;0.00;0.00
21.12.2020;5:07:04;3.33;44.54;12.03;764.27;0.00;0.00;0.00
21.12.2020;5:08:04;3.33;44.57;12.03;764.28;0.00;0.00;0.00
21.12.2020;5:09:04;3.35;44.56;12.03;764.28;0.00;0.00;0.00
21.12.2020;5:10:04;3.33;44.58;12.03;764.29;0.00;0.00;0.00
21.12.2020;5:11:05;3.33;44.60;12.02;764.29;0.00;0.00;0.00
21.12.2020;5:12:05;3.36;44.62;12.02;764.29;0.00;0.00;0.00
21.12.2020;5:13:05;3.33;44.61;12.03;764.29;0.00;0.00;0.00
21.12.2020;5:14:05;3.33;44.58;12.04;764.29;0.00;0.00;0.00
21.12.2020;5:15:05;3.35;44.55;12.04;764.29;0.00;0.00;0.00
21.12.2020;5:16:05;3.33;44.57;12.04;764.30;0.00;0.00;0.00
21.12.2020;5:17:05;3.33;44.57;12.05;764.31;0.00;0.00;0.00
21.12.2020;5:18:05;3.33;44.57;12.05;764.30;0.00;0.00;0.00
21.12.2020;5:19:05;3.33;44.54;12.06;764.30;0.00;0.00;0.00
21.12.2020;5:20:05;3.33;44.53;12.06;764.31;0.00;0.00;0.00
21.12.2020;5:21:05;3.33;44.55;12.06;764.30;0.00;0.00;0.00
21.12.2020;5:22:05;3.33;44.53;12.07;764.30;0.00;0.00;0.00
21.12.2020;5:23:05;3.35;44.50;12.08;764.31;0.00;0.00;0.00
21.12.2020;5:24:05;3.33;44.45;12.08;764.32;0.00;0.00;0.00
21.12.2020;5:25:05;3.33;44.46;12.08;764.33;0.00;0.00;0.00
21.12.2020;5:26:05;3.36;44.46;12.08;764.34;0.00;0.00;0.00
21.12.2020;5:27:05;3.33;44.47;12.08;764.34;0.00;0.00;0.00
21.12.2020;5:28:05;3.33;44.46;12.08;764.34;0.00;0.00;0.00
21.12.2020;5:29:05;3.35;44.45;12.08;764.35;0.00;0.00;0.00
21.12.2020;5:30:05;3.33;44.46;12.08;764.34;0.00;0.00;0.00
21.12.2020;5:31:05;3.33;44.47;12.08;764.34;0.00;0.00;0.00
21.12.2020;5:32:05;3.33;44.46;12.07;764.33;0.00;0.00;0.00
21.12.2020;5:33:05;3.33;44.43;12.07;764.33;0.00;0.00;0.00
21.12.2020;5:34:05;3.33;44.43;12.07;764.32;0.00;0.00;0.00
21.12.2020;5:35:05;3.33;44.44;12.07;764.32;0.00;0.00;0.00
21.12.2020;5:36:05;3.33;44.46;12.06;764.33;0.00;0.00;0.00
21.12.2020;5:37:05;3.35;44.47;12.06;764.32;0.00;0.00;0.00
21.12.2020;5:38:05;3.33;44.47;12.06;764.33;0.00;0.00;0.00
21.12.2020;5:39:05;3.33;44.50;12.05;764.32;0.00;0.00;0.00
21.12.2020;5:40:05;3.36;44.52;12.04;764.32;0.00;0.00;0.00
21.12.2020;5:41:05;3.33;44.51;12.04;764.32;0.00;0.00;0.00
21.12.2020;5:42:06;3.33;44.51;12.03;764.32;0.00;0.00;0.00
21.12.2020;5:43:06;3.35;44.51;12.03;764.32;0.00;0.00;0.00
21.12.2020;5:44:06;3.33;44.51;12.03;764.32;0.00;0.00;0.00
21.12.2020;5:45:06;3.33;44.55;12.01;764.32;0.00;0.00;0.00
21.12.2020;5:46:06;3.33;44.60;12.00;764.32;0.00;0.00;0.00
21.12.2020;5:47:06;3.33;44.64;11.99;764.32;0.00;0.00;0.00
21.12.2020;5:48:06;3.33;44.65;11.99;764.33;0.00;0.00;0.00
21.12.2020;5:49:06;3.33;44.66;11.98;764.32;0.00;0.00;0.00
21.12.2020;5:50:06;3.33;44.67;11.98;764.33;0.00;0.00;0.00
21.12.2020;5:51:06;3.35;44.71;11.97;764.34;0.00;0.00;0.00
21.12.2020;5:52:06;3.33;44.70;11.97;764.35;0.00;0.00;0.00
21.12.2020;5:53:06;3.33;44.70;11.97;764.35;0.00;0.00;0.00
21.12.2020;5:54:06;3.36;44.72;11.97;764.36;0.00;0.00;0.00
21.12.2020;5:55:06;3.33;44.72;11.97;764.36;0.00;0.00;0.00
21.12.2020;5:56:06;3.33;44.74;11.96;764.35;0.00;0.00;0.00
21.12.2020;5:57:06;3.35;44.75;11.96;764.35;0.00;0.00;0.00
21.12.2020;5:58:06;3.33;44.75;11.96;764.35;0.00;0.00;0.00
21.12.2020;5:59:06;3.33;44.77;11.96;764.35;0.00;0.00;0.00
21.12.2020;6:00:06;3.33;44.80;11.95;764.35;0.00;0.00;0.00
21.12.2020;6:01:06;3.33;44.83;11.95;764.34;0.00;0.00;0.00
21.12.2020;6:02:06;3.33;44.79;11.95;764.34;0.00;0.00;0.00
21.12.2020;6:03:06;3.33;44.78;11.95;764.34;0.00;0.00;0.00
21.12.2020;6:04:06;3.33;44.78;11.96;764.34;0.00;0.00;0.00
21.12.2020;6:05:06;3.35;44.79;11.96;764.34;0.00;0.00;0.00
21.12.2020;6:06:06;3.33;44.77;11.97;764.34;0.00;0.00;0.00
21.12.2020;6:07:06;3.33;44.75;11.97;764.33;0.00;0.00;0.00
21.12.2020;6:08:06;3.36;44.75;11.97;764.33;0.00;0.00;0.00
21.12.2020;6:09:06;3.33;44.74;11.97;764.33;0.00;0.00;0.00
21.12.2020;6:10:06;3.33;44.75;11.98;764.33;0.00;0.00;0.00
21.12.2020;6:11:06;3.35;44.72;11.98;764.33;0.00;0.00;0.00
21.12.2020;6:12:06;3.33;44.70;11.98;764.33;0.00;0.00;0.00
21.12.2020;6:13:06;3.33;44.69;11.99;764.34;0.00;0.00;0.00
21.12.2020;6:14:07;3.33;44.69;11.99;764.34;0.00;0.00;0.00
21.12.2020;6:15:07;3.33;44.71;11.98;764.34;0.00;0.00;0.00
21.12.2020;6:16:07;3.33;44.69;11.98;764.35;0.00;0.00;0.00
21.12.2020;6:17:07;3.33;44.69;11.98;764.35;0.00;0.00;0.00
21.12.2020;6:18:07;3.33;44.70;11.98;764.33;0.00;0.00;0.00
21.12.2020;6:19:07;3.35;44.69;11.98;764.33;0.00;0.00;0.00
21.12.2020;6:20:07;3.33;44.66;12.00;764.33;0.00;0.00;0.00
21.12.2020;6:21:07;3.33;44.64;12.00;764.34;0.00;0.00;0.00
21.12.2020;6:22:07;3.36;44.63;12.00;764.33;0.00;0.00;0.00
21.12.2020;6:23:07;3.33;44.66;11.99;764.31;0.00;0.00;0.00
21.12.2020;6:24:07;3.33;44.66;11.99;764.31;0.00;0.00;0.00
21.12.2020;6:25:07;3.35;44.64;11.99;764.29;0.00;0.00;0.00
21.12.2020;6:26:07;3.33;44.65;11.98;764.28;0.00;0.00;0.00
21.12.2020;6:27:07;3.33;44.66;11.98;764.28;0.00;0.00;0.00
21.12.2020;6:28:07;3.33;44.63;11.99;764.28;0.00;0.00;0.00
21.12.2020;6:29:07;3.33;44.62;11.99;764.26;0.00;0.00;0.00
21.12.2020;6:30:07;3.33;44.63;11.99;764.26;0.00;0.00;0.00
21.12.2020;6:31:07;3.33;44.63;11.99;764.25;0.00;0.00;0.00
21.12.2020;6:32:07;3.33;44.62;12.00;764.25;0.00;0.00;0.00
21.12.2020;6:33:07;3.35;44.60;12.00;764.26;0.00;0.00;0.00
21.12.2020;6:34:07;3.33;44.60;12.00;764.26;0.00;0.00;0.00
21.12.2020;6:35:07;3.33;44.61;12.00;764.26;0.00;0.00;0.00
21.12.2020;6:36:07;3.36;44.61;12.00;764.28;0.00;0.00;0.00
21.12.2020;6:37:07;3.33;44.61;12.00;764.29;0.00;0.00;0.00
21.12.2020;6:38:07;3.33;44.62;12.00;764.29;0.00;0.00;0.00
21.12.2020;6:39:07;3.35;44.62;12.00;764.29;0.00;0.00;0.00
21.12.2020;6:40:07;3.33;44.62;12.00;764.29;0.00;0.00;0.00
21.12.2020;6:41:07;3.33;44.59;12.01;764.29;0.00;0.00;0.00
21.12.2020;6:42:07;3.33;44.58;12.01;764.29;0.00;0.00;0.00
21.12.2020;6:43:07;3.33;44.59;12.01;764.27;0.00;0.00;0.00
21.12.2020;6:44:07;3.33;44.63;12.01;764.25;0.00;0.00;0.00
21.12.2020;6:45:07;3.33;44.61;12.01;764.23;0.00;0.00;0.00
21.12.2020;6:46:08;3.33;44.59;12.02;764.23;0.00;0.00;0.00
21.12.2020;6:47:08;3.35;44.60;12.03;764.24;0.00;0.00;0.00
21.12.2020;6:48:08;3.33;44.60;12.03;764.23;0.00;0.00;0.00
21.12.2020;6:49:08;3.33;44.61;12.03;764.23;0.00;0.00;0.00
21.12.2020;6:50:08;3.36;44.61;12.03;764.22;0.00;0.00;0.00
21.12.2020;6:51:08;3.33;44.58;12.04;764.22;0.00;0.00;0.00
21.12.2020;6:52:08;3.33;44.58;12.04;764.21;0.00;0.00;0.00
21.12.2020;6:53:08;3.35;44.60;12.04;764.21;0.00;0.00;0.00
21.12.2020;6:54:08;3.33;44.58;12.04;764.20;0.00;0.00;0.00
21.12.2020;6:55:08;3.33;44.59;12.04;764.21;0.00;0.00;0.00
21.12.2020;6:56:08;3.33;44.59;12.04;764.21;0.00;0.00;0.00
21.12.2020;6:57:08;3.33;44.58;12.04;764.21;0.00;0.00;0.00
21.12.2020;6:58:08;3.33;44.59;12.04;764.22;0.00;0.00;0.00
21.12.2020;6:59:08;3.33;44.61;12.04;764.22;0.00;0.00;0.00
21.12.2020;7:00:08;3.33;44.58;12.05;764.23;0.00;0.00;0.00
21.12.2020;7:01:08;3.35;44.57;12.05;764.23;0.00;0.00;0.00
21.12.2020;7:02:08;3.33;44.53;12.05;764.23;0.00;0.00;0.00
21.12.2020;7:03:08;3.33;44.54;12.05;764.23;0.00;0.00;0.00
21.12.2020;7:04:08;3.36;44.53;12.06;764.23;0.00;0.00;0.00
21.12.2020;7:05:08;3.33;44.52;12.06;764.23;0.00;0.00;0.00
21.12.2020;7:06:08;3.33;44.52;12.06;764.24;0.00;0.00;0.00
21.12.2020;7:07:08;3.35;44.52;12.05;764.23;0.00;0.00;0.00
21.12.2020;7:08:08;3.33;44.53;12.05;764.23;0.00;0.00;0.00
21.12.2020;7:09:08;3.33;44.53;12.05;764.22;0.00;0.00;0.00
21.12.2020;7:10:08;3.33;44.54;12.05;764.21;0.00;0.00;0.00
21.12.2020;7:11:08;3.33;44.56;12.04;764.20;0.00;0.00;0.00
21.12.2020;7:12:08;3.33;44.58;12.04;764.20;0.00;0.00;0.00
21.12.2020;7:13:08;3.33;44.58;12.04;764.20;0.00;0.00;0.00
21.12.2020;7:14:08;3.33;44.57;12.04;764.20;0.00;0.00;0.00
21.12.2020;7:15:08;3.35;44.61;12.04;764.20;0.00;0.00;0.00
21.12.2020;7:16:08;3.33;44.61;12.04;764.21;0.00;0.00;0.00
21.12.2020;7:17:09;3.33;44.60;12.04;764.22;0.00;0.00;0.00
21.12.2020;7:18:09;3.36;44.62;12.04;764.22;0.00;0.00;0.00
21.12.2020;7:19:09;3.33;44.61;12.04;764.24;0.00;0.00;0.00
21.12.2020;7:20:09;3.33;44.63;12.04;764.24;0.00;0.00;0.00
21.12.2020;7:21:09;3.35;44.64;12.04;764.25;0.00;0.00;0.00
21.12.2020;7:22:09;3.33;44.65;12.04;764.25;0.00;0.00;0.00
21.12.2020;7:23:09;3.33;44.68;12.03;764.25;0.00;0.00;0.00
21.12.2020;7:24:09;3.33;44.67;12.03;764.25;0.00;0.00;0.00
21.12.2020;7:25:09;3.33;44.66;12.03;764.26;0.00;0.00;0.00
21.12.2020;7:26:09;3.33;44.67;12.03;764.26;0.00;0.00;0.00
21.12.2020;7:27:09;3.33;44.69;12.02;764.25;0.00;0.00;0.00
21.12.2020;7:28:09;3.33;44.70;12.02;764.24;0.00;0.00;0.00
21.12.2020;7:29:09;3.35;44.68;12.02;764.22;0.00;0.00;0.00
21.12.2020;7:30:09;3.33;44.70;12.02;764.21;0.00;0.00;0.00
21.12.2020;7:31:09;3.33;44.71;12.01;764.21;0.00;0.00;0.00
21.12.2020;7:32:09;3.36;44.70;12.02;764.22;0.00;0.00;0.00
21.12.2020;7:33:09;3.99;44.68;12.02;764.22;0.00;0.00;0.00
21.12.2020;7:34:09;4.17;44.67;12.02;764.22;0.00;0.00;0.00
21.12.2020;7:35:09;4.18;44.66;12.02;764.24;0.00;0.00;0.00
21.12.2020;7:36:09;4.17;44.68;12.03;764.24;0.00;0.00;0.00
21.12.2020;7:37:09;4.63;44.66;12.02;764.23;0.00;0.00;0.00
21.12.2020;7:38:09;5.00;44.68;12.03;764.24;0.00;0.00;0.00
21.12.2020;7:39:09;5.00;44.67;12.04;764.24;0.00;0.00;0.00
21.12.2020;7:40:09;5.76;44.66;12.04;764.23;0.00;0.00;0.00
21.12.2020;7:41:09;5.85;44.67;12.04;764.23;0.00;0.00;0.00
21.12.2020;7:42:09;6.65;44.69;12.04;764.22;0.00;0.00;0.00
21.12.2020;7:43:09;7.36;44.68;12.05;764.22;0.00;0.00;0.00
21.12.2020;7:44:09;8.07;44.67;12.06;764.23;0.00;0.00;0.00
21.12.2020;7:45:09;8.87;44.67;12.06;764.25;0.00;0.00;0.00
21.12.2020;7:46:09;9.78;44.67;12.05;764.25;0.00;0.00;0.00
21.12.2020;7:47:09;10.21;44.68;12.06;764.25;0.00;0.00;0.00
21.12.2020;7:48:09;10.83;44.67;12.08;764.27;0.00;0.00;0.00
21.12.2020;7:49:10;11.50;44.62;12.09;764.27;0.00;0.00;0.00
21.12.2020;7:50:10;12.89;44.64;12.09;764.27;0.00;0.00;0.00
21.12.2020;7:51:10;14.34;44.67;12.09;764.27;0.00;0.00;0.00
21.12.2020;7:52:10;15.54;44.65;12.10;764.29;0.00;0.00;0.00
21.12.2020;7:53:10;17.05;44.63;12.11;764.31;0.00;0.00;0.00
21.12.2020;7:54:10;18.10;44.64;12.12;764.31;0.01;0.00;0.00
21.12.2020;7:55:10;19.61;44.61;12.13;764.32;0.01;0.00;0.00
21.12.2020;7:56:10;20.35;44.61;12.13;764.33;0.01;0.00;0.00
21.12.2020;7:57:10;21.81;44.58;12.15;764.35;0.01;0.00;0.00
21.12.2020;7:58:10;24.15;44.58;12.16;764.35;0.02;0.00;0.00
21.12.2020;7:59:10;26.54;44.55;12.17;764.37;0.03;0.00;0.00
21.12.2020;8:00:10;28.26;44.51;12.17;764.37;0.03;0.00;0.00
21.12.2020;8:01:10;27.90;44.51;12.18;764.37;0.03;0.00;0.00
21.12.2020;8:02:10;29.59;44.48;12.20;764.38;0.03;0.00;0.00
21.12.2020;8:03:10;33.19;44.44;12.20;764.37;0.04;0.00;0.00
21.12.2020;8:04:10;34.83;44.40;12.21;764.38;0.04;0.00;0.00
21.12.2020;8:05:10;36.00;44.39;12.22;764.38;0.05;0.00;0.00
21.12.2020;8:06:10;37.54;44.34;12.24;764.38;0.05;0.00;0.00
21.12.2020;8:07:10;38.76;44.32;12.24;764.39;0.05;0.00;0.00
21.12.2020;8:08:10;40.90;44.27;12.24;764.39;0.06;0.00;0.00
21.12.2020;8:09:10;43.50;44.30;12.24;764.40;0.07;0.00;0.00
21.12.2020;8:10:10;44.69;44.29;12.24;764.41;0.07;0.00;0.00
21.12.2020;8:11:10;47.37;44.28;12.24;764.42;0.08;0.00;0.00
21.12.2020;8:12:10;48.36;44.29;12.24;764.44;0.08;0.00;0.00
21.12.2020;8:13:10;48.28;44.32;12.24;764.46;0.08;0.00;0.00
21.12.2020;8:14:10;50.03;44.32;12.24;764.47;0.09;0.00;0.00
21.12.2020;8:15:10;53.14;44.33;12.25;764.47;0.09;0.00;0.00
21.12.2020;8:16:10;55.82;44.31;12.25;764.48;0.10;0.00;0.00
21.12.2020;8:17:10;57.40;44.34;12.25;764.48;0.10;0.00;0.00
21.12.2020;8:18:11;59.71;44.32;12.26;764.48;0.11;0.00;0.00
21.12.2020;8:19:11;60.86;44.32;12.26;764.49;0.11;0.00;0.00
21.12.2020;8:20:11;61.68;44.35;12.26;764.50;0.11;0.00;0.00
21.12.2020;8:21:11;62.87;44.33;12.26;764.50;0.12;0.00;0.00
21.12.2020;8:22:11;65.20;44.36;12.26;764.51;0.12;0.00;0.00
21.12.2020;8:23:11;69.25;44.36;12.26;764.52;0.14;0.00;0.00
21.12.2020;8:24:11;74.21;44.37;12.26;764.51;0.15;0.00;0.00
21.12.2020;8:25:11;80.29;44.37;12.26;764.50;0.18;0.00;0.00
21.12.2020;8:26:11;86.85;44.38;12.26;764.49;0.20;0.00;0.00
21.12.2020;8:27:11;88.45;44.38;12.26;764.50;0.21;0.00;0.00
21.12.2020;8:28:11;89.10;44.37;12.27;764.50;0.22;0.00;0.00
21.12.2020;8:29:11;91.44;44.35;12.28;764.51;0.23;0.00;0.00
21.12.2020;8:30:11;95.58;44.37;12.28;764.51;0.24;0.00;0.00
21.12.2020;8:31:11;101.89;44.37;12.28;764.51;0.27;0.00;0.00
21.12.2020;8:32:11;108.17;44.35;12.29;764.51;0.29;0.00;0.00
21.12.2020;8:33:11;119.84;44.35;12.29;764.52;0.33;0.00;0.00
21.12.2020;8:34:11;128.92;44.33;12.30;764.51;0.37;0.00;0.00
21.12.2020;8:35:11;134.00;44.35;12.30;764.52;0.39;0.00;0.00
21.12.2020;8:36:11;139.03;44.30;12.32;764.53;0.40;0.00;0.00
21.12.2020;8:37:11;127.22;44.31;12.32;764.53;0.36;0.00;0.00
21.12.2020;8:38:11;115.08;44.29;12.32;764.53;0.31;0.00;0.00
21.12.2020;8:39:11;117.71;44.28;12.33;764.53;0.33;0.00;0.00
21.12.2020;8:40:11;125.08;44.27;12.33;764.53;0.35;0.00;0.00
21.12.2020;8:41:11;124.83;44.27;12.33;764.52;0.34;0.00;0.00
21.12.2020;8:42:11;119.82;44.25;12.34;764.52;0.32;0.00;0.00
21.12.2020;8:43:11;130.57;44.23;12.35;764.52;0.35;0.00;0.00
21.12.2020;8:44:11;127.67;44.24;12.36;764.52;0.34;0.00;0.00
21.12.2020;8:45:11;119.28;44.23;12.37;764.52;0.31;0.00;0.00
21.12.2020;8:46:11;107.90;44.20;12.37;764.52;0.28;0.00;0.00
21.12.2020;8:47:12;110.11;44.21;12.37;764.53;0.29;0.00;0.00
21.12.2020;8:48:12;117.15;44.20;12.38;764.53;0.32;0.00;0.00
21.12.2020;8:49:12;137.60;44.17;12.39;764.53;0.40;0.00;0.00
21.12.2020;8:50:12;161.09;44.15;12.40;764.53;0.48;0.13;0.06
21.12.2020;8:51:12;175.15;44.16;12.42;764.54;0.54;0.22;0.12
21.12.2020;8:52:12;189.45;44.13;12.43;764.53;0.59;0.31;0.18
21.12.2020;8:53:12;206.60;44.10;12.45;764.53;0.64;0.39;0.25
21.12.2020;8:54:12;229.18;44.09;12.46;764.53;0.71;0.50;0.36
21.12.2020;8:55:12;232.74;44.06;12.48;764.53;0.71;0.49;0.35
21.12.2020;8:56:12;233.99;44.04;12.49;764.54;0.70;0.50;0.35
21.12.2020;8:57:12;242.39;44.03;12.51;764.54;0.72;0.50;0.36
21.12.2020;8:58:12;255.58;43.98;12.53;764.53;0.76;0.57;0.43
21.12.2020;8:59:12;271.79;43.91;12.54;764.54;0.80;0.64;0.51
21.12.2020;9:00:12;273.19;43.93;12.55;764.55;0.82;0.69;0.56
21.12.2020;9:01:12;284.42;43.90;12.56;764.54;0.88;0.76;0.67
21.12.2020;9:02:12;311.50;43.83;12.58;764.55;0.97;0.93;0.91
21.12.2020;9:03:12;332.13;43.80;12.59;764.55;1.05;1.06;1.12
21.12.2020;9:04:12;377.81;43.78;12.62;764.55;1.21;1.33;1.60
21.12.2020;9:05:12;392.33;43.72;12.65;764.55;1.26;1.41;1.78
21.12.2020;9:06:12;389.53;43.67;12.67;764.55;1.27;1.42;1.80
21.12.2020;9:07:12;403.35;43.61;12.69;764.56;1.32;1.50;1.97
21.12.2020;9:08:12;400.25;43.57;12.71;764.56;1.31;1.49;1.96
21.12.2020;9:09:12;393.04;43.52;12.73;764.56;1.29;1.46;1.89
21.12.2020;9:10:12;369.58;43.49;12.74;764.56;1.23;1.36;1.67
21.12.2020;9:11:12;374.79;43.46;12.75;764.56;1.26;1.40;1.75
21.12.2020;9:12:12;376.45;43.47;12.76;764.58;1.26;1.40;1.76
21.12.2020;9:13:12;369.60;43.49;12.76;764.58;1.24;1.39;1.72
21.12.2020;9:14:12;399.92;43.44;12.78;764.58;1.34;1.55;2.09
21.12.2020;9:15:13;412.85;43.42;12.79;764.57;1.36;1.59;2.15
21.12.2020;9:16:13;404.76;43.39;12.80;764.57;1.33;1.53;2.02
21.12.2020;9:17:13;395.31;43.38;12.80;764.57;1.30;1.48;1.93
21.12.2020;9:18:13;404.33;43.36;12.80;764.56;1.33;1.54;2.05
21.12.2020;9:19:13;416.47;43.36;12.81;764.54;1.37;1.60;2.20
21.12.2020;9:20:13;442.75;43.41;12.83;764.54;1.45;1.73;2.50
21.12.2020;9:21:13;434.86;43.39;12.87;764.54;1.41;1.65;2.33
21.12.2020;9:22:13;422.07;43.57;12.91;764.53;1.37;1.60;2.20
21.12.2020;9:23:13;435.49;43.56;12.99;764.52;1.41;1.65;2.33
21.12.2020;9:24:15;435.76;43.68;13.06;764.50;1.40;1.64;2.30
21.12.2020;9:25:13;441.93;43.85;13.15;764.50;1.40;1.63;2.28
21.12.2020;9:26:13;436.89;43.72;13.24;764.50;1.38;1.62;2.24
21.12.2020;9:27:13;469.39;43.95;13.34;764.50;1.47;1.75;2.57
21.12.2020;9:28:13;470.52;43.66;13.43;764.52;1.45;1.72;2.49
21.12.2020;9:29:13;460.37;43.62;13.52;764.52;1.42;1.68;2.38
21.12.2020;9:30:13;481.99;43.44;13.61;764.54;1.48;1.77;2.62
21.12.2020;9:31:13;510.34;43.32;13.68;764.54;1.56;1.91;2.97
21.12.2020;9:32:13;507.89;43.28;13.76;764.54;1.54;1.87;2.88
21.12.2020;9:33:13;499.11;43.05;13.84;764.53;1.53;1.85;2.84
21.12.2020;9:34:13;520.88;42.99;13.89;764.52;1.60;1.97;3.15
21.12.2020;9:35:13;521.00;42.95;13.98;764.52;1.59;1.96;3.10
21.12.2020;9:36:13;490.82;42.76;14.08;764.50;1.49;1.79;2.67
21.12.2020;9:37:13;479.78;42.56;14.15;764.49;1.48;1.77;2.61
21.12.2020;9:38:13;495.06;42.21;14.21;764.48;1.51;1.81;2.72
21.12.2020;9:39:13;502.82;42.29;14.22;764.48;1.51;1.83;2.77
21.12.2020;9:40:13;493.31;42.34;14.25;764.48;1.48;1.78;2.64
21.12.2020;9:41:14;474.03;42.28;14.30;764.48;1.42;1.68;2.39
21.12.2020;9:42:14;443.86;42.27;14.35;764.47;1.33;1.53;2.02
21.12.2020;9:43:14;401.21;42.09;14.37;764.49;1.21;1.34;1.62
21.12.2020;9:44:14;378.47;42.13;14.40;764.48;1.15;1.23;1.42
21.12.2020;9:45:14;349.99;42.08;14.40;764.49;1.07;1.10;1.17
21.12.2020;9:46:14;342.99;42.20;14.45;764.49;1.06;1.08;1.15
21.12.2020;9:47:14;359.46;41.98;14.53;764.49;1.11;1.16;1.28
21.12.2020;9:48:14;369.62;41.80;14.54;764.49;1.13;1.20;1.36
21.12.2020;9:49:14;396.29;41.85;14.52;764.50;1.22;1.34;1.63
21.12.2020;9:50:14;416.91;41.89;14.53;764.49;1.28;1.45;1.87
21.12.2020;9:51:14;467.87;41.91;14.52;764.50;1.45;1.72;2.49
21.12.2020;9:52:14;508.09;41.90;14.56;764.49;1.55;1.89;2.94
21.12.2020;9:53:14;551.76;41.95;14.58;764.48;1.66;2.08;3.47
21.12.2020;9:54:14;583.56;41.79;14.63;764.46;1.74;2.20;3.82
21.12.2020;9:55:14;591.50;41.73;14.65;764.45;1.74;2.20;3.83
21.12.2020;9:56:14;578.71;41.72;14.67;764.44;1.69;2.12;3.58
21.12.2020;9:57:14;559.72;41.76;14.74;764.43;1.63;2.04;3.32
21.12.2020;9:58:14;551.29;41.61;14.83;764.42;1.59;1.97;3.14
21.12.2020;9:59:14;530.56;41.39;14.89;764.39;1.51;1.83;2.77
21.12.2020;10:00:14;521.13;41.25;14.91;764.38;1.48;1.79;2.66
21.12.2020;10:01:14;504.25;41.19;14.96;764.38;1.44;1.70;2.45
21.12.2020;10:02:14;473.14;41.00;14.99;764.38;1.35;1.55;2.09
21.12.2020;10:03:14;442.03;41.00;14.98;764.39;1.29;1.46;1.88
21.12.2020;10:04:14;503.32;41.14;14.98;764.39;1.47;1.77;2.60
21.12.2020;10:05:14;467.00;40.99;15.01;764.40;1.36;1.57;2.13
21.12.2020;10:06:14;412.96;40.99;15.08;764.40;1.19;1.28;1.52
21.12.2020;10:07:14;385.86;40.77;15.10;764.39;1.09;1.13;1.23
21.12.2020;10:08:14;364.49;40.83;15.08;764.39;1.01;0.99;1.00
21.12.2020;10:09:15;321.06;40.85;15.10;764.40;0.87;0.77;0.67
21.12.2020;10:10:15;294.22;40.78;15.10;764.41;0.80;0.64;0.51
21.12.2020;10:11:15;299.25;40.85;15.08;764.40;0.83;0.70;0.58
21.12.2020;10:12:15;334.05;40.73;15.09;764.41;0.95;0.90;0.85
21.12.2020;10:13:15;351.19;40.75;15.07;764.42;1.01;0.99;1.00
21.12.2020;10:14:15;380.11;40.82;15.08;764.43;1.11;1.17;1.29
21.12.2020;10:15:15;402.00;40.77;15.10;764.43;1.17;1.26;1.47
21.12.2020;10:16:15;395.68;40.77;15.11;764.43;1.17;1.27;1.48
21.12.2020;10:17:15;402.18;40.72;15.10;764.44;1.19;1.30;1.55
21.12.2020;10:18:15;404.57;40.73;15.10;764.43;1.21;1.33;1.61
21.12.2020;10:19:15;456.95;40.75;15.11;764.42;1.36;1.57;2.14
21.12.2020;10:20:15;483.11;40.74;15.15;764.42;1.43;1.69;2.41
21.12.2020;10:21:15;502.06;40.63;15.18;764.41;1.48;1.77;2.63
21.12.2020;10:22:15;499.47;40.57;15.18;764.42;1.47;1.77;2.60
21.12.2020;10:23:15;461.65;40.66;15.20;764.43;1.36;1.57;2.13
21.12.2020;10:24:15;443.04;40.49;15.21;764.44;1.32;1.53;2.02
21.12.2020;10:25:15;459.96;40.53;15.19;764.45;1.38;1.61;2.23
21.12.2020;10:26:15;510.45;40.56;15.21;764.46;1.51;1.84;2.79
21.12.2020;10:27:15;503.85;40.47;15.19;764.47;1.49;1.79;2.67
21.12.2020;10:28:15;505.89;40.58;15.17;764.48;1.50;1.82;2.72
21.12.2020;10:29:15;533.94;40.57;15.17;764.48;1.57;1.95;3.06
21.12.2020;10:30:15;525.44;40.59;15.16;764.48;1.54;1.88;2.88
21.12.2020;10:31:16;498.69;40.65;15.19;764.47;1.46;1.74;2.55
21.12.2020;10:32:15;492.07;40.60;15.23;764.47;1.44;1.72;2.48
21.12.2020;10:33:15;496.88;40.50;15.24;764.47;1.45;1.73;2.51
21.12.2020;10:34:15;474.74;40.65;15.15;764.49;1.39;1.62;2.24
21.12.2020;10:35:15;459.28;40.76;15.11;764.49;1.34;1.55;2.08
21.12.2020;10:36:16;416.41;40.82;15.09;764.49;1.22;1.35;1.66
21.12.2020;10:37:16;419.36;40.94;15.04;764.49;1.25;1.39;1.73
21.12.2020;10:38:16;452.12;41.05;14.98;764.49;1.34;1.55;2.08
21.12.2020;10:39:16;442.07;41.12;15.01;764.49;1.31;1.50;1.97
21.12.2020;10:40:16;464.65;41.15;15.05;764.49;1.39;1.63;2.27
21.12.2020;10:41:16;527.56;41.11;15.07;764.47;1.56;1.92;3.00
21.12.2020;10:42:16;555.90;40.99;15.09;764.47;1.63;2.04;3.34
21.12.2020;10:43:16;540.48;40.92;15.10;764.47;1.58;1.94;3.07
21.12.2020;10:44:16;494.24;40.98;15.13;764.47;1.46;1.74;2.54
21.12.2020;10:45:16;477.42;40.81;15.17;764.46;1.41;1.66;2.34
21.12.2020;10:46:16;442.17;40.79;15.12;764.46;1.31;1.49;1.95
21.12.2020;10:47:16;410.24;40.65;15.13;764.46;1.22;1.35;1.65
21.12.2020;10:48:16;415.48;40.70;15.10;764.46;1.25;1.39;1.73
21.12.2020;10:49:16;461.53;40.97;15.09;764.45;1.37;1.59;2.18
21.12.2020;10:50:16;447.29;41.01;15.09;764.44;1.32;1.52;2.00
21.12.2020;10:51:16;440.76;40.98;15.11;764.44;1.31;1.51;1.98
21.12.2020;10:52:16;448.42;40.93;15.14;764.45;1.34;1.54;2.06
21.12.2020;10:53:16;471.09;40.84;15.19;764.43;1.41;1.66;2.33
21.12.2020;10:54:16;500.93;40.68;15.24;764.43;1.49;1.79;2.67
21.12.2020;10:55:16;538.88;40.60;15.23;764.43;1.59;1.96;3.11
21.12.2020;10:56:16;516.00;40.70;15.18;764.43;1.52;1.85;2.81
21.12.2020;10:57:16;484.83;40.84;15.12;764.45;1.44;1.71;2.45
21.12.2020;10:58:16;453.61;40.94;15.09;764.44;1.35;1.55;2.09
21.12.2020;10:59:16;422.26;41.23;15.13;764.45;1.26;1.42;1.79
21.12.2020;11:00:16;420.48;40.88;15.20;764.45;1.25;1.40;1.75
21.12.2020;11:01:16;415.71;40.82;15.21;764.44;1.24;1.38;1.70
21.12.2020;11:02:17;435.82;40.70;15.24;764.44;1.30;1.47;1.91
21.12.2020;11:03:17;470.18;40.58;15.27;764.45;1.38;1.62;2.25
21.12.2020;11:04:17;423.08;40.55;15.28;764.44;1.24;1.39;1.73
21.12.2020;11:05:17;385.66;40.52;15.31;764.44;1.14;1.21;1.38
21.12.2020;11:06:17;371.14;40.45;15.31;764.43;1.09;1.14;1.25
21.12.2020;11:07:17;351.30;40.42;15.30;764.43;1.04;1.03;1.07
21.12.2020;11:08:17;340.24;40.40;15.30;764.42;1.00;0.98;0.98
21.12.2020;11:09:17;304.90;40.46;15.28;764.42;0.89;0.80;0.71
21.12.2020;11:10:17;288.25;40.51;15.26;764.42;0.85;0.72;0.61
21.12.2020;11:11:17;299.72;40.55;15.22;764.42;0.88;0.78;0.68
21.12.2020;11:12:17;288.08;40.68;15.21;764.42;0.84;0.71;0.60
21.12.2020;11:13:17;274.61;40.69;15.22;764.40;0.80;0.64;0.51
21.12.2020;11:14:17;284.52;40.67;15.20;764.40;0.84;0.69;0.58
21.12.2020;11:15:17;333.89;40.65;15.21;764.38;0.98;0.95;0.93
21.12.2020;11:16:17;341.71;40.73;15.15;764.38;1.01;1.00;1.01
21.12.2020;11:17:17;350.44;40.82;15.15;764.37;1.04;1.04;1.08
21.12.2020;11:18:17;348.36;40.84;15.14;764.36;1.03;1.03;1.06
21.12.2020;11:19:17;355.49;40.86;15.10;764.36;1.05;1.06;1.11
21.12.2020;11:20:17;370.65;40.92;15.07;764.36;1.10;1.13;1.24
21.12.2020;11:21:17;406.82;41.14;15.11;764.36;1.20;1.32;1.58
21.12.2020;11:22:17;430.56;40.97;15.09;764.34;1.26;1.42;1.79
21.12.2020;11:23:17;418.07;41.05;15.05;764.34;1.23;1.36;1.67
21.12.2020;11:24:17;432.33;41.07;15.05;764.33;1.27;1.42;1.81
21.12.2020;11:25:17;434.88;41.09;15.03;764.33;1.28;1.45;1.85
21.12.2020;11:26:17;439.84;41.18;14.99;764.31;1.30;1.47;1.90
21.12.2020;11:27:17;435.28;41.22;14.97;764.30;1.28;1.44;1.84
21.12.2020;11:28:17;422.83;41.37;14.95;764.29;1.25;1.39;1.74
21.12.2020;11:29:18;419.53;41.44;14.93;764.29;1.24;1.38;1.71
21.12.2020;11:30:18;451.04;41.60;14.89;764.30;1.34;1.54;2.07
21.12.2020;11:31:18;466.71;41.58;14.87;764.29;1.38;1.62;2.24
21.12.2020;11:32:18;502.18;41.66;14.85;764.29;1.49;1.78;2.64
21.12.2020;11:33:18;503.49;41.58;14.85;764.30;1.48;1.79;2.65
21.12.2020;11:34:18;539.25;41.65;14.81;764.30;1.58;1.95;3.09
21.12.2020;11:35:18;546.08;41.72;14.79;764.29;1.60;1.98;3.17
21.12.2020;11:36:18;526.31;41.98;14.82;764.29;1.53;1.86;2.86
21.12.2020;11:37:18;483.86;41.79;14.91;764.28;1.43;1.69;2.40
21.12.2020;11:38:18;487.32;41.55;14.93;764.27;1.44;1.70;2.44
21.12.2020;11:39:18;483.86;41.69;15.00;764.27;1.42;1.68;2.39
21.12.2020;11:40:18;467.57;41.57;15.10;764.26;1.38;1.60;2.21
21.12.2020;11:41:18;493.36;41.15;15.14;764.26;1.46;1.75;2.55
21.12.2020;11:42:18;611.03;41.06;15.16;764.25;1.76;2.22;3.90
21.12.2020;11:43:18;588.47;40.97;15.22;764.25;1.70;2.14;3.63
21.12.2020;11:44:18;634.11;40.79;15.22;764.24;1.81;2.28;4.13
21.12.2020;11:45:18;668.73;40.80;15.23;764.24;1.91;2.40;4.58
21.12.2020;11:46:18;704.24;40.75;15.22;764.23;2.01;2.57;5.17
21.12.2020;11:47:18;777.58;40.92;15.22;764.23;2.16;2.87;6.21
21.12.2020;11:48:18;706.03;40.89;15.24;764.23;1.99;2.55;5.09
21.12.2020;11:49:18;695.24;40.83;15.27;764.22;1.98;2.52;4.99
21.12.2020;11:50:18;751.03;40.70;15.28;764.22;2.10;2.76;5.80
21.12.2020;11:51:18;741.54;40.77;15.26;764.21;2.08;2.71;5.62
21.12.2020;11:52:18;692.32;40.76;15.25;764.20;1.97;2.50;4.92
21.12.2020;11:53:18;736.00;40.86;15.21;764.18;2.08;2.71;5.63
21.12.2020;11:54:18;762.82;40.81;15.19;764.18;2.13;2.82;6.01
21.12.2020;11:55:19;695.47;40.80;15.16;764.18;1.97;2.49;4.90
21.12.2020;11:56:19;696.71;40.86;15.16;764.18;1.99;2.54;5.04
21.12.2020;11:57:19;629.06;40.74;15.21;764.17;1.80;2.26;4.07
21.12.2020;11:58:19;551.88;40.54;15.20;764.17;1.61;1.99;3.20
21.12.2020;11:59:19;503.69;40.64;15.17;764.18;1.49;1.80;2.68
21.12.2020;12:00:19;532.33;40.66;15.16;764.18;1.57;1.92;3.01
21.12.2020;12:01:19;486.83;40.75;15.13;764.19;1.44;1.70;2.44
21.12.2020;12:02:19;495.59;40.64;15.12;764.18;1.47;1.76;2.57
21.12.2020;12:03:19;486.46;40.61;15.08;764.18;1.42;1.69;2.41
21.12.2020;12:04:19;413.50;40.71;15.04;764.18;1.22;1.35;1.65
21.12.2020;12:05:19;385.86;40.69;15.00;764.16;1.15;1.22;1.39
21.12.2020;12:06:19;351.85;40.82;14.92;764.16;1.04;1.05;1.10
21.12.2020;12:07:19;331.58;40.85;14.88;764.16;0.99;0.96;0.95
21.12.2020;12:08:19;351.03;41.05;14.84;764.17;1.05;1.05;1.10
21.12.2020;12:09:19;395.43;41.08;14.78;764.17;1.16;1.25;1.46
21.12.2020;12:10:19;355.47;41.18;14.75;764.18;1.05;1.05;1.10
21.12.2020;12:11:19;340.19;41.26;14.74;764.18;1.00;0.97;0.98
21.12.2020;12:12:19;325.64;41.35;14.73;764.17;0.96;0.91;0.87
21.12.2020;12:13:19;309.69;41.31;14.68;764.17;0.91;0.83;0.76
21.12.2020;12:14:19;298.91;41.41;14.63;764.19;0.89;0.79;0.71
21.12.2020;12:15:19;304.50;41.46;14.60;764.18;0.90;0.80;0.72
21.12.2020;12:16:19;313.61;41.46;14.60;764.18;0.93;0.86;0.81
21.12.2020;12:17:19;334.01;41.58;14.57;764.19;0.99;0.95;0.94
21.12.2020;12:18:19;317.88;41.98;14.48;764.19;0.94;0.88;0.82
21.12.2020;12:19:19;332.33;42.51;14.42;764.18;0.98;0.94;0.92
21.12.2020;12:20:19;340.21;42.74;14.40;764.18;1.00;0.98;0.98
21.12.2020;12:21:19;341.99;43.34;14.43;764.17;1.00;0.98;0.99
21.12.2020;12:22:20;346.93;43.41;14.50;764.18;1.02;1.00;1.02
21.12.2020;12:23:20;362.11;44.36;14.52;764.18;1.07;1.08;1.15
21.12.2020;12:24:20;405.83;44.55;14.61;764.17;1.18;1.27;1.50
21.12.2020;12:25:20;381.89;43.89;14.73;764.14;1.11;1.17;1.30
21.12.2020;12:26:20;368.08;43.63;14.81;764.14;1.08;1.09;1.18
21.12.2020;12:27:20;356.71;43.48;14.84;764.14;1.04;1.05;1.10
21.12.2020;12:28:20;340.44;43.49;14.88;764.14;1.00;0.96;0.96
21.12.2020;12:29:20;332.32;43.47;14.92;764.13;0.97;0.93;0.90
21.12.2020;12:30:20;335.47;43.34;14.93;764.13;0.98;0.94;0.92
21.12.2020;12:31:20;323.29;43.26;14.94;764.13;0.94;0.88;0.82
21.12.2020;12:32:20;326.31;43.47;14.97;764.12;0.95;0.89;0.84
21.12.2020;12:33:20;335.18;43.48;15.00;764.12;0.97;0.92;0.90
21.12.2020;12:34:20;356.27;43.37;15.04;764.13;1.03;1.03;1.06
21.12.2020;12:35:20;389.96;43.18;15.06;764.13;1.12;1.19;1.33
21.12.2020;12:36:20;392.70;43.22;15.11;764.13;1.13;1.18;1.34
21.12.2020;12:37:20;372.96;43.24;15.14;764.12;1.08;1.11;1.20
21.12.2020;12:38:20;421.31;43.08;15.16;764.11;1.22;1.35;1.65
21.12.2020;12:39:20;470.47;43.12;15.18;764.11;1.35;1.57;2.13
21.12.2020;12:40:20;501.06;42.84;15.15;764.10;1.41;1.67;2.36
21.12.2020;12:41:20;445.20;42.62;15.09;764.09;1.26;1.41;1.78
21.12.2020;12:42:20;371.06;43.09;14.98;764.09;1.07;1.08;1.16
21.12.2020;12:43:20;367.87;43.56;14.97;764.09;1.06;1.08;1.15
21.12.2020;12:44:20;358.44;43.64;15.04;764.10;1.03;1.01;1.05
21.12.2020;12:45:20;352.87;43.44;15.09;764.10;1.02;1.01;1.03
21.12.2020;12:46:20;386.69;43.05;15.09;764.09;1.12;1.18;1.32
21.12.2020;12:47:20;391.19;42.80;15.04;764.08;1.13;1.20;1.35
21.12.2020;12:48:20;365.34;42.92;15.00;764.08;1.07;1.09;1.16
21.12.2020;12:49:21;371.58;42.99;14.97;764.08;1.09;1.13;1.24
21.12.2020;12:50:21;386.12;42.99;14.93;764.09;1.14;1.21;1.39
21.12.2020;12:51:21;439.72;42.97;14.92;764.08;1.29;1.47;1.89
21.12.2020;12:52:21;415.99;42.94;14.91;764.08;1.22;1.34;1.63
21.12.2020;12:53:21;401.62;42.93;14.89;764.08;1.19;1.29;1.53
21.12.2020;12:54:21;415.90;43.20;14.88;764.07;1.23;1.35;1.66
21.12.2020;12:55:21;427.67;42.91;14.85;764.07;1.26;1.41;1.77
21.12.2020;12:56:21;398.60;42.85;14.80;764.06;1.17;1.25;1.46
21.12.2020;12:57:21;390.39;42.79;14.77;764.04;1.15;1.22;1.40
21.12.2020;12:58:21;407.67;42.93;14.73;764.04;1.20;1.31;1.58
21.12.2020;12:59:21;404.76;43.11;14.72;764.04;1.19;1.29;1.53
21.12.2020;13:00:21;396.58;42.79;14.66;764.04;1.16;1.26;1.46
21.12.2020;13:01:21;376.72;43.00;14.61;764.04;1.11;1.16;1.29
21.12.2020;13:02:21;356.20;42.95;14.57;764.06;1.05;1.05;1.10
21.12.2020;13:03:21;361.96;43.25;14.55;764.07;1.07;1.10;1.18
21.12.2020;13:04:21;380.69;43.27;14.53;764.07;1.13;1.19;1.34
21.12.2020;13:05:21;383.05;43.19;14.50;764.08;1.13;1.21;1.37
21.12.2020;13:06:21;393.92;43.25;14.50;764.08;1.17;1.26;1.47
21.12.2020;13:07:21;382.75;43.32;14.43;764.07;1.14;1.20;1.36
21.12.2020;13:08:21;372.69;43.67;14.39;764.06;1.11;1.16;1.29
21.12.2020;13:09:21;401.21;43.93;14.40;764.06;1.19;1.29;1.53
21.12.2020;13:10:21;377.16;43.97;14.41;764.07;1.12;1.17;1.30
21.12.2020;13:11:21;354.61;44.00;14.38;764.08;1.05;1.05;1.10
21.12.2020;13:12:21;339.03;43.73;14.39;764.07;1.00;0.98;0.98
21.12.2020;13:13:21;311.88;43.76;14.36;764.07;0.92;0.84;0.77
21.12.2020;13:14:21;316.09;44.10;14.39;764.09;0.94;0.87;0.82
21.12.2020;13:15:21;325.03;43.73;14.36;764.08;0.96;0.91;0.88
21.12.2020;13:16:22;331.31;44.48;14.39;764.10;0.98;0.94;0.93
21.12.2020;13:17:22;313.16;44.47;14.44;764.10;0.92;0.85;0.79
21.12.2020;13:18:22;288.47;44.43;14.46;764.11;0.86;0.74;0.63
21.12.2020;13:19:22;296.77;44.30;14.45;764.10;0.88;0.78;0.68
21.12.2020;13:20:22;291.22;44.40;14.47;764.09;0.86;0.75;0.65
21.12.2020;13:21:22;290.86;44.22;14.48;764.08;0.87;0.76;0.66
21.12.2020;13:22:22;310.07;44.19;14.46;764.07;0.93;0.86;0.80
21.12.2020;13:23:22;307.15;44.35;14.49;764.06;0.92;0.83;0.76
21.12.2020;13:24:22;313.09;44.25;14.50;764.06;0.94;0.86;0.81
21.12.2020;13:25:22;313.47;44.47;14.53;764.05;0.93;0.86;0.80
21.12.2020;13:26:22;311.48;44.27;14.53;764.05;0.93;0.87;0.81
21.12.2020;13:27:22;304.53;44.11;14.52;764.05;0.91;0.81;0.74
21.12.2020;13:28:22;288.53;44.07;14.51;764.05;0.86;0.75;0.64
21.12.2020;13:29:22;285.32;44.20;14.48;764.05;0.85;0.72;0.62
21.12.2020;13:30:22;278.07;44.35;14.50;764.06;0.83;0.70;0.58
21.12.2020;13:31:22;304.03;44.05;14.52;764.06;0.91;0.84;0.76
21.12.2020;13:32:22;308.79;43.28;14.48;764.07;0.92;0.83;0.77
21.12.2020;13:33:22;300.38;43.36;14.38;764.06;0.89;0.79;0.71
21.12.2020;13:34:22;285.59;43.69;14.30;764.07;0.85;0.73;0.62
21.12.2020;13:35:22;291.38;43.73;14.28;764.08;0.87;0.76;0.66
21.12.2020;13:36:22;277.37;43.82;14.28;764.09;0.82;0.68;0.56
21.12.2020;13:37:22;285.97;43.54;14.27;764.10;0.85;0.74;0.63
21.12.2020;13:38:22;267.26;43.26;14.23;764.10;0.79;0.63;0.50
21.12.2020;13:39:22;246.35;43.37;14.18;764.11;0.73;0.51;0.37
21.12.2020;13:40:22;256.49;43.05;14.10;764.11;0.76;0.57;0.43
21.12.2020;13:41:22;252.20;43.45;13.97;764.11;0.74;0.55;0.40
21.12.2020;13:42:22;243.32;44.55;14.01;764.11;0.71;0.50;0.35
21.12.2020;13:43:23;251.65;44.49;14.07;764.10;0.74;0.55;0.41
21.12.2020;13:44:23;280.94;44.70;14.10;764.09;0.83;0.70;0.58
21.12.2020;13:45:23;254.46;44.83;14.16;764.06;0.74;0.54;0.40
21.12.2020;13:46:23;224.84;44.55;14.18;764.05;0.66;0.41;0.27
21.12.2020;13:47:23;204.21;44.76;14.21;764.05;0.60;0.32;0.19
21.12.2020;13:48:23;209.79;43.77;14.20;764.05;0.61;0.34;0.21
21.12.2020;13:49:23;197.03;43.86;14.18;764.05;0.57;0.30;0.17
21.12.2020;13:50:23;194.58;43.17;14.12;764.05;0.56;0.26;0.15
21.12.2020;13:51:23;189.85;43.33;14.06;764.06;0.56;0.25;0.14
21.12.2020;13:52:23;230.01;43.07;14.01;764.06;0.69;0.46;0.31
21.12.2020;13:53:23;231.27;43.40;14.00;764.04;0.69;0.46;0.31
21.12.2020;13:54:23;214.74;43.44;13.99;764.03;0.64;0.39;0.25
21.12.2020;13:55:23;221.02;43.39;13.97;764.03;0.66;0.42;0.28
21.12.2020;13:56:23;204.83;43.41;13.95;764.04;0.61;0.33;0.20
21.12.2020;13:57:23;246.10;43.56;13.93;764.06;0.75;0.55;0.41
21.12.2020;13:58:23;259.76;43.37;13.89;764.06;0.78;0.60;0.47
21.12.2020;13:59:23;240.75;43.59;13.89;764.06;0.72;0.51;0.37
21.12.2020;14:00:23;226.44;43.57;13.90;764.06;0.67;0.44;0.30
21.12.2020;14:01:23;214.10;43.50;13.87;764.06;0.63;0.38;0.24
21.12.2020;14:02:23;214.45;43.55;13.86;764.06;0.63;0.38;0.24
21.12.2020;14:03:23;201.03;43.05;13.79;764.07;0.59;0.31;0.18
21.12.2020;14:04:23;210.89;43.54;13.76;764.08;0.63;0.37;0.23
21.12.2020;14:05:23;212.53;43.32;13.75;764.07;0.63;0.36;0.23
21.12.2020;14:06:23;197.85;43.91;13.73;764.07;0.58;0.30;0.18
21.12.2020;14:07:23;196.33;44.25;13.73;764.06;0.57;0.28;0.16
21.12.2020;14:08:23;192.92;44.33;13.70;764.06;0.56;0.26;0.14
21.12.2020;14:09:23;175.00;44.34;13.68;764.06;0.50;0.16;0.08
21.12.2020;14:10:24;171.12;44.38;13.66;764.05;0.49;0.13;0.06
21.12.2020;14:11:24;166.11;44.18;13.64;764.06;0.47;0.10;0.05
21.12.2020;14:12:24;161.14;44.41;13.57;764.06;0.45;0.09;0.04
21.12.2020;14:13:24;157.44;44.46;13.49;764.07;0.44;0.01;0.01
21.12.2020;14:14:24;153.51;44.67;13.43;764.07;0.42;0.01;0.00
21.12.2020;14:15:24;147.94;44.59;13.41;764.07;0.40;0.00;0.00
21.12.2020;14:16:24;155.53;44.25;13.37;764.08;0.42;0.01;0.00
21.12.2020;14:17:24;152.14;44.45;13.31;764.09;0.41;0.00;0.00
21.12.2020;14:18:24;147.91;44.66;13.28;764.10;0.40;0.00;0.00
21.12.2020;14:19:24;147.61;44.70;13.32;764.10;0.40;0.00;0.00
21.12.2020;14:20:24;149.58;44.71;13.31;764.11;0.41;0.00;0.00
21.12.2020;14:21:24;152.17;45.22;13.31;764.11;0.42;0.01;0.00
21.12.2020;14:22:24;171.83;45.67;13.39;764.11;0.49;0.13;0.06
21.12.2020;14:23:24;196.95;45.74;13.47;764.12;0.57;0.28;0.16
21.12.2020;14:24:24;205.74;45.40;13.53;764.12;0.61;0.34;0.20
21.12.2020;14:25:24;208.69;44.93;13.56;764.12;0.61;0.34;0.21
21.12.2020;14:26:24;199.24;45.18;13.59;764.13;0.59;0.31;0.18
21.12.2020;14:27:24;206.37;44.87;13.61;764.12;0.62;0.36;0.22
21.12.2020;14:28:24;213.80;44.39;13.57;764.12;0.64;0.39;0.25
21.12.2020;14:29:24;192.58;44.23;13.48;764.12;0.58;0.29;0.17
21.12.2020;14:30:24;190.23;44.36;13.35;764.12;0.57;0.28;0.16
21.12.2020;14:31:24;189.26;44.50;13.30;764.13;0.57;0.28;0.16
21.12.2020;14:32:24;179.92;44.43;13.27;764.14;0.54;0.22;0.12
21.12.2020;14:33:24;177.15;44.43;13.26;764.13;0.53;0.22;0.12
21.12.2020;14:34:24;199.06;44.50;13.23;764.11;0.61;0.33;0.20
21.12.2020;14:35:24;198.12;44.56;13.20;764.10;0.61;0.32;0.20
21.12.2020;14:36:24;203.99;44.91;13.22;764.10;0.63;0.38;0.24
21.12.2020;14:37:24;204.70;44.70;13.25;764.11;0.63;0.38;0.24
21.12.2020;14:38:25;213.04;44.96;13.31;764.10;0.66;0.41;0.27
21.12.2020;14:39:25;227.18;44.77;13.34;764.09;0.70;0.50;0.35
21.12.2020;14:40:25;229.76;44.68;13.33;764.09;0.72;0.49;0.35
21.12.2020;14:41:25;228.17;44.59;13.29;764.08;0.70;0.48;0.34
21.12.2020;14:42:25;215.03;44.63;13.24;764.09;0.67;0.42;0.28
21.12.2020;14:43:25;226.92;44.57;13.18;764.10;0.70;0.49;0.35
21.12.2020;14:44:25;223.62;44.95;13.15;764.09;0.69;0.45;0.31
21.12.2020;14:45:25;219.56;44.62;13.14;764.10;0.68;0.44;0.30
21.12.2020;14:46:25;227.47;44.76;13.08;764.10;0.70;0.49;0.35
21.12.2020;14:47:25;218.70;45.06;13.07;764.10;0.67;0.42;0.28
21.12.2020;14:48:25;212.03;44.92;13.04;764.10;0.65;0.41;0.27
21.12.2020;14:49:25;224.32;45.04;13.02;764.08;0.69;0.47;0.32
21.12.2020;14:50:25;217.94;45.07;13.02;764.07;0.67;0.43;0.29
21.12.2020;14:51:25;211.19;44.48;13.00;764.04;0.65;0.40;0.26
21.12.2020;14:52:25;204.94;44.68;12.99;764.04;0.62;0.35;0.22
21.12.2020;14:53:25;191.79;45.06;13.00;764.05;0.58;0.30;0.17
21.12.2020;14:54:25;183.60;44.63;13.02;764.06;0.55;0.24;0.13
21.12.2020;14:55:25;180.15;44.57;12.98;764.06;0.54;0.22;0.12
21.12.2020;14:56:25;193.01;45.64;12.95;764.06;0.58;0.30;0.17
21.12.2020;14:57:25;182.08;45.96;12.97;764.07;0.54;0.22;0.12
21.12.2020;14:58:25;166.01;45.86;12.99;764.08;0.49;0.13;0.06
21.12.2020;14:59:25;156.60;45.95;13.01;764.07;0.46;0.08;0.04
21.12.2020;15:00:25;146.01;45.46;12.99;764.08;0.42;0.01;0.00
21.12.2020;15:01:25;142.82;44.70;12.95;764.07;0.42;0.00;0.00
21.12.2020;15:02:25;144.94;44.67;12.92;764.07;0.43;0.01;0.00
21.12.2020;15:03:25;149.13;44.82;12.90;764.07;0.44;0.04;0.02
21.12.2020;15:04:25;145.81;45.26;12.89;764.06;0.43;0.01;0.00
21.12.2020;15:05:25;141.31;44.87;12.90;764.06;0.41;0.00;0.00
21.12.2020;15:06:26;142.17;44.59;12.91;764.06;0.41;0.00;0.00
21.12.2020;15:07:26;143.12;45.28;12.92;764.07;0.42;0.00;0.00
21.12.2020;15:08:26;145.92;45.19;12.97;764.07;0.43;0.01;0.00
21.12.2020;15:09:26;152.76;44.64;13.01;764.08;0.45;0.06;0.03
21.12.2020;15:10:26;159.42;44.49;12.96;764.09;0.47;0.10;0.05
21.12.2020;15:11:26;163.90;44.69;12.94;764.11;0.48;0.12;0.06
21.12.2020;15:12:26;162.10;44.43;12.91;764.13;0.47;0.10;0.05
21.12.2020;15:13:26;154.96;44.72;12.87;764.14;0.44;0.03;0.01
21.12.2020;15:14:26;146.85;44.63;12.87;764.15;0.41;0.01;0.00
21.12.2020;15:15:26;135.59;44.88;12.89;764.17;0.38;0.00;0.00
21.12.2020;15:16:26;125.33;44.62;12.87;764.17;0.35;0.00;0.00
21.12.2020;15:17:26;120.33;44.78;12.85;764.18;0.33;0.00;0.00
21.12.2020;15:18:26;112.68;45.16;12.88;764.19;0.31;0.00;0.00
21.12.2020;15:19:26;106.72;44.50;12.90;764.19;0.28;0.00;0.00
21.12.2020;15:20:26;96.89;44.56;12.91;764.19;0.25;0.00;0.00
21.12.2020;15:21:26;99.36;44.35;12.89;764.19;0.26;0.00;0.00
21.12.2020;15:22:26;102.94;44.49;12.85;764.19;0.26;0.00;0.00
21.12.2020;15:23:26;100.45;44.69;12.83;764.19;0.25;0.00;0.00
21.12.2020;15:24:26;98.32;45.14;12.86;764.20;0.24;0.00;0.00
21.12.2020;15:25:26;102.78;45.00;12.89;764.20;0.25;0.00;0.00
21.12.2020;15:26:26;107.66;44.81;12.88;764.21;0.27;0.00;0.00
21.12.2020;15:27:26;107.61;44.95;12.85;764.21;0.27;0.00;0.00
21.12.2020;15:28:26;108.36;45.26;12.85;764.21;0.27;0.00;0.00
21.12.2020;15:29:26;103.42;45.21;12.84;764.21;0.26;0.00;0.00
21.12.2020;15:30:26;101.42;45.00;12.85;764.21;0.25;0.00;0.00
21.12.2020;15:31:26;96.18;45.64;12.84;764.22;0.23;0.00;0.00
21.12.2020;15:32:26;87.92;45.06;12.84;764.22;0.21;0.00;0.00
21.12.2020;15:33:26;82.76;45.83;12.83;764.22;0.19;0.00;0.00
21.12.2020;15:34:27;75.92;46.61;12.90;764.23;0.17;0.00;0.00
21.12.2020;15:35:27;63.38;45.85;12.93;764.22;0.13;0.00;0.00
21.12.2020;15:36:27;55.10;45.55;12.92;764.23;0.10;0.00;0.00
21.12.2020;15:37:27;52.62;46.26;12.90;764.23;0.09;0.00;0.00
21.12.2020;15:38:27;53.16;46.31;12.90;764.22;0.09;0.00;0.00
21.12.2020;15:39:27;51.07;46.08;12.94;764.22;0.09;0.00;0.00
21.12.2020;15:40:27;52.70;45.94;12.95;764.23;0.10;0.00;0.00
21.12.2020;15:41:27;53.36;46.08;12.90;764.23;0.10;0.00;0.00
21.12.2020;15:42:27;54.67;45.87;12.87;764.23;0.10;0.00;0.00
21.12.2020;15:43:27;52.15;46.34;12.88;764.22;0.09;0.00;0.00
21.12.2020;15:44:27;52.75;46.36;12.88;764.21;0.09;0.00;0.00
21.12.2020;15:45:27;53.10;46.32;12.86;764.20;0.09;0.00;0.00
21.12.2020;15:46:27;51.69;47.45;12.88;764.20;0.09;0.00;0.00
21.12.2020;15:47:27;51.25;47.40;12.90;764.20;0.08;0.00;0.00
21.12.2020;15:48:27;49.65;46.73;12.90;764.19;0.08;0.00;0.00
21.12.2020;15:49:27;46.31;47.10;12.89;764.20;0.06;0.00;0.00
21.12.2020;15:50:27;47.75;46.78;12.87;764.19;0.07;0.00;0.00
21.12.2020;15:51:27;45.69;47.31;12.87;764.21;0.06;0.00;0.00
21.12.2020;15:52:27;42.68;47.10;12.87;764.22;0.06;0.00;0.00
21.12.2020;15:53:27;38.92;47.35;12.86;764.22;0.05;0.00;0.00
21.12.2020;15:54:27;33.74;46.97;12.85;764.21;0.03;0.00;0.00
21.12.2020;15:55:27;32.16;46.89;12.89;764.21;0.03;0.00;0.00
21.12.2020;15:56:27;30.54;47.74;12.89;764.20;0.03;0.00;0.00
21.12.2020;15:57:27;28.59;47.33;12.91;764.18;0.02;0.00;0.00
21.12.2020;15:58:27;27.50;47.60;12.90;764.19;0.02;0.00;0.00
21.12.2020;15:59:27;27.00;49.13;12.98;764.19;0.02;0.00;0.00
21.12.2020;16:00:27;25.75;49.29;13.09;764.19;0.02;0.00;0.00
21.12.2020;16:01:27;24.36;47.89;13.06;764.19;0.01;0.00;0.00
21.12.2020;16:02:27;22.56;49.03;13.05;764.19;0.01;0.00;0.00
21.12.2020;16:03:28;20.37;48.90;13.10;764.19;0.01;0.00;0.00
21.12.2020;16:04:28;20.03;50.87;13.27;764.19;0.00;0.00;0.00
21.12.2020;16:05:28;19.28;50.39;13.42;764.18;0.00;0.00;0.00
21.12.2020;16:06:28;18.50;50.09;13.53;764.16;0.00;0.00;0.00
21.12.2020;16:07:28;17.57;49.81;13.63;764.16;0.00;0.00;0.00
21.12.2020;16:08:28;16.81;49.64;13.70;764.16;0.00;0.00;0.00
21.12.2020;16:09:28;15.71;49.69;13.77;764.16;0.00;0.00;0.00
21.12.2020;16:10:28;14.53;49.80;13.85;764.15;0.00;0.00;0.00
21.12.2020;16:11:28;13.59;49.44;13.92;764.15;0.00;0.00;0.00
21.12.2020;16:12:28;12.51;48.24;13.94;764.13;0.00;0.00;0.00
21.12.2020;16:13:28;11.53;46.99;13.86;764.14;0.00;0.00;0.00
21.12.2020;16:14:28;10.37;48.59;13.86;764.15;0.00;0.00;0.00
21.12.2020;16:15:28;9.51;49.73;13.92;764.14;0.00;0.00;0.00
21.12.2020;16:16:28;8.88;49.62;13.99;764.16;0.00;0.00;0.00
21.12.2020;16:17:28;8.33;49.28;14.05;764.16;0.00;0.00;0.00
21.12.2020;16:18:28;8.32;49.39;14.11;764.17;0.00;0.00;0.00
21.12.2020;16:19:28;7.56;49.19;14.15;764.17;0.00;0.00;0.00
21.12.2020;16:20:28;7.47;49.03;14.19;764.16;0.00;0.00;0.00
21.12.2020;16:21:28;6.69;48.86;14.21;764.15;0.00;0.00;0.00
21.12.2020;16:22:28;6.67;48.28;14.22;764.15;0.00;0.00;0.00
21.12.2020;16:23:28;6.34;48.80;14.24;764.14;0.00;0.00;0.00
21.12.2020;16:24:28;5.83;48.67;14.25;764.13;0.00;0.00;0.00
21.12.2020;16:25:28;5.83;49.12;14.28;764.12;0.00;0.00;0.00
21.12.2020;16:26:28;5.83;48.87;14.32;764.12;0.00;0.00;0.00
21.12.2020;16:27:28;5.68;48.76;14.36;764.13;0.00;0.00;0.00
21.12.2020;16:28:28;5.00;48.77;14.39;764.12;0.00;0.00;0.00
21.12.2020;16:29:28;5.03;48.56;14.43;764.12;0.00;0.00;0.00
21.12.2020;16:30:28;5.00;48.44;14.46;764.13;0.00;0.00;0.00
21.12.2020;16:31:28;5.00;48.37;14.48;764.13;0.00;0.00;0.00
21.12.2020;16:32:29;5.03;48.45;14.49;764.13;0.00;0.00;0.00
21.12.2020;16:33:29;5.00;47.25;14.47;764.12;0.00;0.00;0.00
21.12.2020;16:34:29;5.00;47.19;14.40;764.12;0.00;0.00;0.00
21.12.2020;16:35:29;5.01;46.99;14.22;764.13;0.00;0.00;0.00
21.12.2020;16:36:29;5.00;47.23;14.05;764.16;0.00;0.00;0.00
21.12.2020;16:37:29;5.00;46.51;13.90;764.17;0.00;0.00;0.00
21.12.2020;16:38:29;5.00;46.70;13.75;764.18;0.00;0.00;0.00
21.12.2020;16:39:29;5.00;47.76;13.67;764.17;0.00;0.00;0.00
21.12.2020;16:40:29;5.00;47.88;13.63;764.17;0.00;0.00;0.00
21.12.2020;16:41:29;5.00;46.40;13.56;764.16;0.00;0.00;0.00
21.12.2020;16:42:29;5.00;47.63;13.50;764.16;0.00;0.00;0.00
21.12.2020;16:43:29;5.01;47.61;13.46;764.17;0.00;0.00;0.00
21.12.2020;16:44:29;5.00;46.35;13.37;764.17;0.00;0.00;0.00
21.12.2020;16:45:29;5.00;47.07;13.31;764.18;0.00;0.00;0.00
21.12.2020;16:46:29;5.03;47.02;13.25;764.17;0.00;0.00;0.00
21.12.2020;16:47:29;5.00;47.59;13.21;764.17;0.00;0.00;0.00
21.12.2020;16:48:29;5.00;49.00;13.22;764.19;0.00;0.00;0.00
21.12.2020;16:49:29;5.01;48.90;13.19;764.20;0.00;0.00;0.00
21.12.2020;16:50:29;5.00;47.80;13.15;764.20;0.00;0.00;0.00
21.12.2020;16:51:29;5.00;48.12;13.14;764.20;0.00;0.00;0.00
21.12.2020;16:52:29;5.00;47.82;13.11;764.20;0.00;0.00;0.00
21.12.2020;16:53:29;5.00;48.12;13.12;764.21;0.00;0.00;0.00
21.12.2020;16:54:29;5.00;48.34;13.14;764.21;0.00;0.00;0.00
21.12.2020;16:55:29;5.00;48.22;13.06;764.21;0.00;0.00;0.00
21.12.2020;16:56:29;4.99;47.96;13.01;764.20;0.00;0.00;0.00
21.12.2020;16:57:29;5.01;50.13;13.03;764.19;0.00;0.00;0.00
21.12.2020;16:58:29;5.00;50.01;13.06;764.19;0.00;0.00;0.00
21.12.2020;16:59:29;5.00;50.40;13.07;764.19;0.00;0.00;0.00
21.12.2020;17:00:29;4.94;49.77;13.05;764.17;0.00;0.00;0.00
21.12.2020;17:01:29;3.33;49.23;13.02;764.17;0.00;0.00;0.00
21.12.2020;17:02:29;3.33;50.02;12.99;764.18;0.00;0.00;0.00
21.12.2020;17:03:29;3.35;50.22;12.97;764.20;0.00;0.00;0.00
21.12.2020;17:04:30;3.33;50.10;12.96;764.19;0.00;0.00;0.00
21.12.2020;17:05:30;4.11;50.01;12.95;764.19;0.00;0.00;0.00
21.12.2020;17:06:30;3.39;49.40;12.95;764.19;0.00;0.00;0.00
21.12.2020;17:07:30;3.33;50.26;12.91;764.20;0.00;0.00;0.00
21.12.2020;17:08:30;3.33;49.08;12.89;764.20;0.00;0.00;0.00
21.12.2020;17:09:30;3.33;50.85;12.87;764.21;0.00;0.00;0.00
21.12.2020;17:10:30;3.33;50.55;12.88;764.21;0.00;0.00;0.00
21.12.2020;17:11:30;3.35;50.10;12.87;764.20;0.00;0.00;0.00
21.12.2020;17:12:30;3.33;50.33;12.84;764.19;0.00;0.00;0.00
21.12.2020;17:13:30;3.33;50.57;12.83;764.18;0.00;0.00;0.00
21.12.2020;17:14:30;3.36;49.62;12.81;764.17;0.00;0.00;0.00
21.12.2020;17:15:30;3.33;49.63;12.79;764.17;0.00;0.00;0.00
21.12.2020;17:16:30;3.33;49.17;12.76;764.17;0.00;0.00;0.00
21.12.2020;17:17:30;3.35;49.11;12.73;764.19;0.00;0.00;0.00
21.12.2020;17:18:30;3.33;50.28;12.71;764.20;0.00;0.00;0.00
21.12.2020;17:19:30;3.33;50.36;12.71;764.20;0.00;0.00;0.00
21.12.2020;17:20:30;3.33;50.15;12.69;764.22;0.00;0.00;0.00
21.12.2020;17:21:30;3.33;49.71;12.66;764.23;0.00;0.00;0.00
21.12.2020;17:22:30;3.33;50.28;12.64;764.23;0.00;0.00;0.00
21.12.2020;17:23:30;3.33;50.19;12.63;764.25;0.00;0.00;0.00
21.12.2020;17:24:30;3.33;50.73;12.61;764.26;0.00;0.00;0.00
21.12.2020;17:25:30;3.35;49.68;12.60;764.25;0.00;0.00;0.00
21.12.2020;17:26:30;3.33;50.29;12.58;764.26;0.00;0.00;0.00
21.12.2020;17:27:30;3.33;50.20;12.55;764.26;0.00;0.00;0.00
21.12.2020;17:28:30;3.36;50.84;12.55;764.25;0.00;0.00;0.00
21.12.2020;17:29:30;3.33;50.17;12.55;764.25;0.00;0.00;0.00
21.12.2020;17:30:30;3.33;50.34;12.52;764.25;0.00;0.00;0.00
21.12.2020;17:31:30;3.35;50.74;12.52;764.26;0.00;0.00;0.00
21.12.2020;17:32:30;3.33;50.81;12.51;764.27;0.00;0.00;0.00
21.12.2020;17:33:30;3.33;51.30;12.52;764.26;0.00;0.00;0.00
21.12.2020;17:34:30;3.33;51.27;12.54;764.24;0.00;0.00;0.00
21.12.2020;17:35:31;3.33;50.45;12.55;764.23;0.00;0.00;0.00
21.12.2020;17:36:31;3.33;49.28;12.54;764.21;0.00;0.00;0.00
21.12.2020;17:37:31;3.33;50.00;12.53;764.21;0.00;0.00;0.00
21.12.2020;17:38:31;3.33;49.92;12.53;764.21;0.00;0.00;0.00
21.12.2020;17:39:31;3.35;50.26;12.52;764.22;0.00;0.00;0.00
21.12.2020;17:40:31;3.33;50.14;12.50;764.23;0.00;0.00;0.00
21.12.2020;17:41:31;3.33;49.85;12.50;764.23;0.00;0.00;0.00
21.12.2020;17:42:31;3.36;50.72;12.49;764.24;0.00;0.00;0.00
21.12.2020;17:43:31;3.33;49.90;12.49;764.24;0.00;0.00;0.00
21.12.2020;17:44:31;3.33;50.01;12.49;764.24;0.00;0.00;0.00
21.12.2020;17:45:31;3.35;50.33;12.49;764.25;0.00;0.00;0.00
21.12.2020;17:46:31;3.33;49.76;12.49;764.25;0.00;0.00;0.00
21.12.2020;17:47:31;3.33;50.33;12.48;764.25;0.00;0.00;0.00
21.12.2020;17:48:31;3.33;50.71;12.48;764.25;0.00;0.00;0.00
21.12.2020;17:49:31;3.33;50.51;12.50;764.24;0.00;0.00;0.00
21.12.2020;17:50:31;3.33;50.11;12.49;764.26;0.00;0.00;0.00
21.12.2020;17:51:31;3.33;49.72;12.48;764.25;0.00;0.00;0.00
21.12.2020;17:52:31;3.33;49.18;12.46;764.25;0.00;0.00;0.00
21.12.2020;17:53:31;3.35;50.00;12.46;764.25;0.00;0.00;0.00
21.12.2020;17:54:31;3.33;50.60;12.47;764.25;0.00;0.00;0.00
21.12.2020;17:55:31;3.33;50.70;12.46;764.24;0.00;0.00;0.00
21.12.2020;17:56:31;3.36;49.91;12.46;764.22;0.00;0.00;0.00
21.12.2020;17:57:31;3.33;49.49;12.45;764.22;0.00;0.00;0.00
21.12.2020;17:58:31;3.33;49.54;12.41;764.21;0.00;0.00;0.00
21.12.2020;17:59:31;3.35;49.62;12.41;764.21;0.00;0.00;0.00
21.12.2020;18:00:31;3.33;48.85;12.40;764.22;0.00;0.00;0.00
21.12.2020;18:01:31;3.33;49.62;12.38;764.24;0.00;0.00;0.00
21.12.2020;18:02:31;3.33;49.44;12.38;764.22;0.00;0.00;0.00
21.12.2020;18:03:31;3.33;49.00;12.37;764.22;0.00;0.00;0.00
21.12.2020;18:04:31;3.33;49.84;12.36;764.20;0.00;0.00;0.00
21.12.2020;18:05:31;3.33;50.15;12.36;764.20;0.00;0.00;0.00
21.12.2020;18:06:32;3.33;48.95;12.35;764.19;0.00;0.00;0.00
21.12.2020;18:07:32;3.35;48.94;12.34;764.18;0.00;0.00;0.00
21.12.2020;18:08:32;3.33;50.02;12.35;764.17;0.00;0.00;0.00
21.12.2020;18:09:32;3.33;49.10;12.35;764.18;0.00;0.00;0.00
21.12.2020;18:10:32;3.36;50.20;12.34;764.17;0.00;0.00;0.00
21.12.2020;18:11:32;3.33;49.83;12.36;764.16;0.00;0.00;0.00
21.12.2020;18:12:32;3.33;50.24;12.35;764.16;0.00;0.00;0.00
21.12.2020;18:13:32;3.35;49.87;12.36;764.16;0.00;0.00;0.00
21.12.2020;18:14:32;3.33;49.44;12.38;764.16;0.00;0.00;0.00
21.12.2020;18:15:32;3.33;49.39;12.37;764.16;0.00;0.00;0.00
21.12.2020;18:16:32;3.33;49.23;12.38;764.17;0.00;0.00;0.00
21.12.2020;18:17:32;3.33;50.07;12.37;764.16;0.00;0.00;0.00
21.12.2020;18:18:32;3.33;49.28;12.36;764.16;0.00;0.00;0.00
21.12.2020;18:19:32;3.33;49.29;12.35;764.15;0.00;0.00;0.00
21.12.2020;18:20:32;3.33;49.75;12.35;764.14;0.00;0.00;0.00
21.12.2020;18:21:32;3.35;48.91;12.34;764.13;0.00;0.00;0.00
21.12.2020;18:22:32;3.33;48.06;12.31;764.12;0.00;0.00;0.00
21.12.2020;18:23:32;3.33;48.21;12.28;764.12;0.00;0.00;0.00
21.12.2020;18:24:32;3.36;47.33;12.27;764.12;0.00;0.00;0.00
21.12.2020;18:25:32;3.33;48.98;12.26;764.13;0.00;0.00;0.00
21.12.2020;18:26:32;3.33;48.28;12.25;764.13;0.00;0.00;0.00
21.12.2020;18:27:32;3.35;48.36;12.24;764.14;0.00;0.00;0.00
21.12.2020;18:28:32;3.33;47.27;12.20;764.13;0.00;0.00;0.00
21.12.2020;18:29:32;3.33;47.96;12.18;764.14;0.00;0.00;0.00
21.12.2020;18:30:32;3.33;48.10;12.18;764.13;0.00;0.00;0.00
21.12.2020;18:31:32;3.33;48.46;12.17;764.13;0.00;0.00;0.00
21.12.2020;18:32:32;3.33;49.50;12.16;764.15;0.00;0.00;0.00
21.12.2020;18:33:32;3.33;49.66;12.17;764.16;0.00;0.00;0.00
21.12.2020;18:34:32;3.33;49.23;12.17;764.15;0.00;0.00;0.00
21.12.2020;18:35:32;3.35;49.80;12.17;764.14;0.00;0.00;0.00
21.12.2020;18:36:32;3.33;47.81;12.16;764.15;0.00;0.00;0.00
21.12.2020;18:37:32;3.33;47.81;12.13;764.16;0.00;0.00;0.00
21.12.2020;18:38:33;3.36;48.59;12.10;764.16;0.00;0.00;0.00
21.12.2020;18:39:33;3.33;48.00;12.10;764.15;0.00;0.00;0.00
21.12.2020;18:40:33;3.33;47.41;12.06;764.15;0.00;0.00;0.00
21.12.2020;18:41:33;3.35;46.75;12.04;764.13;0.00;0.00;0.00
21.12.2020;18:42:33;3.33;47.18;12.00;764.12;0.00;0.00;0.00
21.12.2020;18:43:33;3.33;47.38;11.98;764.12;0.00;0.00;0.00
21.12.2020;18:44:33;3.33;48.76;11.99;764.13;0.00;0.00;0.00
21.12.2020;18:45:33;3.33;48.06;11.99;764.14;0.00;0.00;0.00
21.12.2020;18:46:33;3.33;48.97;11.98;764.16;0.00;0.00;0.00
21.12.2020;18:47:33;3.33;48.34;11.99;764.17;0.00;0.00;0.00
21.12.2020;18:48:33;3.33;48.79;11.99;764.18;0.00;0.00;0.00
21.12.2020;18:49:33;3.35;48.20;11.99;764.19;0.00;0.00;0.00
21.12.2020;18:50:33;3.33;48.62;11.97;764.19;0.00;0.00;0.00
21.12.2020;18:51:33;3.33;49.18;11.98;764.20;0.00;0.00;0.00
21.12.2020;18:52:33;3.36;49.34;12.00;764.20;0.00;0.00;0.00
21.12.2020;18:53:33;3.33;48.89;12.00;764.21;0.00;0.00;0.00
21.12.2020;18:54:33;3.33;48.32;11.99;764.21;0.00;0.00;0.00
21.12.2020;18:55:33;3.35;47.84;11.97;764.22;0.00;0.00;0.00
21.12.2020;18:56:33;3.33;48.27;11.96;764.22;0.00;0.00;0.00
21.12.2020;18:57:33;3.33;48.64;11.96;764.23;0.00;0.00;0.00
21.12.2020;18:58:33;3.33;49.13;11.97;764.23;0.00;0.00;0.00
21.12.2020;18:59:33;3.33;47.82;11.98;764.22;0.00;0.00;0.00
21.12.2020;19:00:33;3.33;47.66;11.95;764.22;0.00;0.00;0.00
21.12.2020;19:01:33;3.33;48.63;11.96;764.23;0.00;0.00;0.00
21.12.2020;19:02:33;3.33;48.73;11.97;764.24;0.00;0.00;0.00
21.12.2020;19:03:33;3.35;48.58;11.97;764.24;0.00;0.00;0.00
21.12.2020;19:04:33;3.33;47.91;11.94;764.24;0.00;0.00;0.00
21.12.2020;19:05:33;3.33;47.44;11.93;764.24;0.00;0.00;0.00
21.12.2020;19:06:33;3.36;47.09;11.90;764.24;0.00;0.00;0.00
21.12.2020;19:07:33;3.33;47.12;11.89;764.23;0.00;0.00;0.00
21.12.2020;19:08:33;3.33;49.08;11.89;764.22;0.00;0.00;0.00
21.12.2020;19:09:34;3.35;48.43;11.90;764.22;0.00;0.00;0.00
21.12.2020;19:10:34;3.33;48.55;11.90;764.24;0.00;0.00;0.00
21.12.2020;19:11:34;3.33;49.08;11.92;764.25;0.00;0.00;0.00
21.12.2020;19:12:34;3.33;48.97;11.94;764.26;0.00;0.00;0.00
21.12.2020;19:13:34;3.33;49.23;11.95;764.28;0.00;0.00;0.00
21.12.2020;19:14:34;3.33;48.46;11.95;764.28;0.00;0.00;0.00
21.12.2020;19:15:34;3.33;48.58;11.96;764.29;0.00;0.00;0.00
21.12.2020;19:16:34;3.33;48.86;11.96;764.28;0.00;0.00;0.00
21.12.2020;19:17:34;3.35;48.48;11.97;764.28;0.00;0.00;0.00
21.12.2020;19:18:34;3.33;48.89;11.99;764.31;0.00;0.00;0.00
21.12.2020;19:19:34;3.33;48.79;12.01;764.32;0.00;0.00;0.00
21.12.2020;19:20:34;3.36;48.57;12.01;764.33;0.00;0.00;0.00
21.12.2020;19:21:34;3.33;49.26;12.02;764.34;0.00;0.00;0.00
21.12.2020;19:22:34;3.33;49.08;12.03;764.34;0.00;0.00;0.00
21.12.2020;19:23:34;3.35;48.28;12.03;764.34;0.00;0.00;0.00
21.12.2020;19:24:34;3.33;48.14;12.04;764.34;0.00;0.00;0.00
21.12.2020;19:25:34;3.33;48.91;12.04;764.33;0.00;0.00;0.00
21.12.2020;19:26:34;3.33;48.87;12.07;764.34;0.00;0.00;0.00
21.12.2020;19:27:34;3.33;48.69;12.09;764.34;0.00;0.00;0.00
21.12.2020;19:28:34;3.33;47.61;12.08;764.34;0.00;0.00;0.00
21.12.2020;19:29:34;3.33;47.58;12.08;764.35;0.00;0.00;0.00
21.12.2020;19:30:34;3.33;47.46;12.10;764.35;0.00;0.00;0.00
21.12.2020;19:31:34;3.35;47.95;12.09;764.36;0.00;0.00;0.00
21.12.2020;19:32:34;3.33;48.52;12.10;764.35;0.00;0.00;0.00
21.12.2020;19:33:34;3.33;47.90;12.09;764.34;0.00;0.00;0.00
21.12.2020;19:34:34;3.36;48.70;12.09;764.33;0.00;0.00;0.00
21.12.2020;19:35:34;3.33;48.13;12.09;764.32;0.00;0.00;0.00
21.12.2020;19:36:34;3.33;47.58;12.09;764.31;0.00;0.00;0.00
21.12.2020;19:37:34;3.35;48.19;12.07;764.30;0.00;0.00;0.00
21.12.2020;19:38:34;3.33;48.56;12.09;764.30;0.00;0.00;0.00
21.12.2020;19:39:34;3.33;48.24;12.11;764.31;0.00;0.00;0.00
21.12.2020;19:40:34;3.33;48.20;12.10;764.32;0.00;0.00;0.00
21.12.2020;19:41:35;3.33;47.89;12.10;764.32;0.00;0.00;0.00
21.12.2020;19:42:35;3.33;46.41;12.09;764.32;0.00;0.00;0.00
21.12.2020;19:43:35;3.33;46.87;12.06;764.33;0.00;0.00;0.00
21.12.2020;19:44:35;3.33;47.63;12.04;764.37;0.00;0.00;0.00
21.12.2020;19:45:35;3.35;46.89;12.02;764.38;0.00;0.00;0.00
21.12.2020;19:46:35;3.33;47.72;12.00;764.38;0.00;0.00;0.00
21.12.2020;19:47:35;3.33;48.11;11.99;764.39;0.00;0.00;0.00
21.12.2020;19:48:35;3.36;47.59;12.00;764.39;0.00;0.00;0.00
21.12.2020;19:49:35;3.33;48.19;12.00;764.38;0.00;0.00;0.00
21.12.2020;19:50:35;3.33;48.19;12.00;764.38;0.00;0.00;0.00
21.12.2020;19:51:35;3.35;48.48;12.00;764.37;0.00;0.00;0.00
21.12.2020;19:52:35;3.33;48.27;11.98;764.38;0.00;0.00;0.00
21.12.2020;19:53:35;3.33;48.25;11.98;764.38;0.00;0.00;0.00
21.12.2020;19:54:35;3.33;48.34;11.98;764.37;0.00;0.00;0.00
21.12.2020;19:55:35;3.33;48.55;11.99;764.38;0.00;0.00;0.00
21.12.2020;19:56:35;3.33;48.31;12.00;764.38;0.00;0.00;0.00
21.12.2020;19:57:35;3.33;47.99;11.99;764.38;0.00;0.00;0.00
21.12.2020;19:58:35;3.33;47.04;11.99;764.38;0.00;0.00;0.00
21.12.2020;19:59:35;3.35;47.59;11.98;764.40;0.00;0.00;0.00
21.12.2020;20:00:35;3.33;47.18;11.99;764.41;0.00;0.00;0.00
21.12.2020;20:01:35;3.33;47.70;11.96;764.42;0.00;0.00;0.00
21.12.2020;20:02:35;3.36;48.05;11.96;764.44;0.00;0.00;0.00
21.12.2020;20:03:35;3.33;48.12;11.96;764.43;0.00;0.00;0.00
21.12.2020;20:04:35;3.33;46.94;11.95;764.43;0.00;0.00;0.00
21.12.2020;20:05:35;3.35;46.99;11.92;764.44;0.00;0.00;0.00
21.12.2020;20:06:35;3.33;47.93;11.92;764.44;0.00;0.00;0.00
21.12.2020;20:07:35;3.33;46.75;11.90;764.43;0.00;0.00;0.00
21.12.2020;20:08:35;3.33;47.63;11.90;764.44;0.00;0.00;0.00
21.12.2020;20:09:35;3.33;47.79;11.90;764.44;0.00;0.00;0.00
21.12.2020;20:10:35;3.33;47.26;11.90;764.44;0.00;0.00;0.00
21.12.2020;20:11:35;3.33;47.30;11.90;764.44;0.00;0.00;0.00
21.12.2020;20:12:35;3.33;46.68;11.88;764.44;0.00;0.00;0.00
21.12.2020;20:13:36;3.35;45.99;11.84;764.43;0.00;0.00;0.00
21.12.2020;20:14:36;3.33;47.65;11.82;764.44;0.00;0.00;0.00
21.12.2020;20:15:36;3.33;48.25;11.85;764.43;0.00;0.00;0.00
21.12.2020;20:16:36;3.36;48.41;11.87;764.44;0.00;0.00;0.00
21.12.2020;20:17:36;3.33;47.74;11.87;764.44;0.00;0.00;0.00
21.12.2020;20:18:36;3.33;47.66;11.86;764.45;0.00;0.00;0.00
21.12.2020;20:19:36;3.35;47.92;11.86;764.43;0.00;0.00;0.00
21.12.2020;20:20:36;3.33;47.91;11.86;764.43;0.00;0.00;0.00
21.12.2020;20:21:36;3.33;46.91;11.84;764.42;0.00;0.00;0.00
21.12.2020;20:22:36;3.33;48.03;11.84;764.43;0.00;0.00;0.00
21.12.2020;20:23:36;3.33;47.23;11.83;764.43;0.00;0.00;0.00
21.12.2020;20:24:36;3.33;47.57;11.82;764.45;0.00;0.00;0.00
21.12.2020;20:25:36;3.33;47.43;11.83;764.46;0.00;0.00;0.00
21.12.2020;20:26:36;3.33;47.27;11.83;764.45;0.00;0.00;0.00
21.12.2020;20:27:36;3.35;46.84;11.83;764.44;0.00;0.00;0.00
21.12.2020;20:28:36;3.33;46.79;11.83;764.46;0.00;0.00;0.00
21.12.2020;20:29:36;3.33;47.94;11.82;764.47;0.00;0.00;0.00
21.12.2020;20:30:36;3.36;47.51;11.83;764.47;0.00;0.00;0.00
21.12.2020;20:31:36;3.33;46.64;11.82;764.45;0.00;0.00;0.00
21.12.2020;20:32:36;3.33;46.80;11.81;764.45;0.00;0.00;0.00
21.12.2020;20:33:36;3.35;46.80;11.80;764.44;0.00;0.00;0.00
21.12.2020;20:34:36;3.33;47.00;11.80;764.44;0.00;0.00;0.00
21.12.2020;20:35:36;3.33;47.25;11.80;764.45;0.00;0.00;0.00
21.12.2020;20:36:36;3.33;47.33;11.81;764.45;0.00;0.00;0.00
21.12.2020;20:37:36;3.33;47.09;11.81;764.48;0.00;0.00;0.00
21.12.2020;20:38:36;3.33;47.62;11.81;764.46;0.00;0.00;0.00
21.12.2020;20:39:36;3.33;46.37;11.80;764.45;0.00;0.00;0.00
21.12.2020;20:40:36;3.33;46.80;11.77;764.44;0.00;0.00;0.00
21.12.2020;20:41:36;3.35;47.20;11.78;764.45;0.00;0.00;0.00
21.12.2020;20:42:36;3.33;47.16;11.77;764.46;0.00;0.00;0.00
21.12.2020;20:43:36;3.33;46.25;11.77;764.46;0.00;0.00;0.00
21.12.2020;20:44:36;3.36;46.50;11.77;764.46;0.00;0.00;0.00
21.12.2020;20:45:37;3.33;46.35;11.75;764.46;0.00;0.00;0.00
21.12.2020;20:46:37;3.33;46.90;11.73;764.47;0.00;0.00;0.00
21.12.2020;20:47:37;3.35;47.18;11.73;764.49;0.00;0.00;0.00
21.12.2020;20:48:37;3.33;47.87;11.75;764.50;0.00;0.00;0.00
21.12.2020;20:49:37;3.33;47.93;11.75;764.52;0.00;0.00;0.00
21.12.2020;20:50:37;3.33;46.80;11.72;764.52;0.00;0.00;0.00
21.12.2020;20:51:37;3.33;45.91;11.71;764.53;0.00;0.00;0.00
21.12.2020;20:52:37;3.33;47.10;11.70;764.52;0.00;0.00;0.00
21.12.2020;20:53:37;3.33;46.53;11.69;764.53;0.00;0.00;0.00
21.12.2020;20:54:37;3.33;47.20;11.69;764.53;0.00;0.00;0.00
21.12.2020;20:55:37;3.35;46.67;11.69;764.53;0.00;0.00;0.00
21.12.2020;20:56:37;3.33;47.44;11.68;764.53;0.00;0.00;0.00
21.12.2020;20:57:37;3.33;47.68;11.68;764.53;0.00;0.00;0.00
21.12.2020;20:58:37;3.36;47.11;11.66;764.53;0.00;0.00;0.00
21.12.2020;20:59:37;3.33;46.96;11.63;764.51;0.00;0.00;0.00
21.12.2020;21:00:37;3.33;46.42;11.62;764.50;0.00;0.00;0.00
21.12.2020;21:01:37;3.35;46.45;11.60;764.50;0.00;0.00;0.00
21.12.2020;21:02:37;3.33;46.42;11.59;764.50;0.00;0.00;0.00
21.12.2020;21:03:37;3.33;46.07;11.55;764.51;0.00;0.00;0.00
21.12.2020;21:04:37;3.33;46.07;11.55;764.51;0.00;0.00;0.00
21.12.2020;21:05:37;3.33;46.25;11.53;764.51;0.00;0.00;0.00
21.12.2020;21:06:37;3.33;45.80;11.50;764.50;0.00;0.00;0.00
21.12.2020;21:07:37;3.33;46.58;11.48;764.50;0.00;0.00;0.00
21.12.2020;21:08:37;3.33;46.66;11.48;764.48;0.00;0.00;0.00
21.12.2020;21:09:37;3.35;46.80;11.50;764.47;0.00;0.00;0.00
21.12.2020;21:10:37;3.33;46.28;11.50;764.46;0.00;0.00;0.00
21.12.2020;21:11:37;3.33;47.01;11.50;764.46;0.00;0.00;0.00
21.12.2020;21:12:37;3.36;45.86;11.48;764.46;0.00;0.00;0.00
21.12.2020;21:13:37;3.33;46.91;11.47;764.45;0.00;0.00;0.00
21.12.2020;21:14:37;3.33;46.02;11.45;764.44;0.00;0.00;0.00
21.12.2020;21:15:37;3.35;47.00;11.44;764.43;0.00;0.00;0.00
21.12.2020;21:16:37;3.33;47.30;11.45;764.43;0.00;0.00;0.00
21.12.2020;21:17:38;3.33;46.60;11.45;764.41;0.00;0.00;0.00
21.12.2020;21:18:38;3.33;47.45;11.44;764.39;0.00;0.00;0.00
21.12.2020;21:19:38;3.33;47.99;11.45;764.38;0.00;0.00;0.00
21.12.2020;21:20:38;3.33;46.99;11.45;764.38;0.00;0.00;0.00
21.12.2020;21:21:38;3.33;47.08;11.44;764.38;0.00;0.00;0.00
21.12.2020;21:22:38;3.33;47.24;11.44;764.38;0.00;0.00;0.00
21.12.2020;21:23:38;3.35;46.49;11.44;764.37;0.00;0.00;0.00
21.12.2020;21:24:38;3.33;47.34;11.44;764.38;0.00;0.00;0.00
21.12.2020;21:25:38;3.33;46.08;11.42;764.39;0.00;0.00;0.00
21.12.2020;21:26:38;3.36;46.64;11.40;764.40;0.00;0.00;0.00
21.12.2020;21:27:38;3.33;47.19;11.41;764.40;0.00;0.00;0.00
21.12.2020;21:28:38;3.33;47.14;11.42;764.40;0.00;0.00;0.00
21.12.2020;21:29:38;3.35;46.88;11.42;764.42;0.00;0.00;0.00
21.12.2020;21:30:38;3.33;47.16;11.42;764.43;0.00;0.00;0.00
21.12.2020;21:31:38;3.33;47.98;11.43;764.45;0.00;0.00;0.00
21.12.2020;21:32:38;3.33;47.65;11.44;764.47;0.00;0.00;0.00
21.12.2020;21:33:38;3.33;47.33;11.44;764.46;0.00;0.00;0.00
21.12.2020;21:34:38;3.33;47.86;11.45;764.46;0.00;0.00;0.00
21.12.2020;21:35:38;3.33;47.56;11.45;764.44;0.00;0.00;0.00
21.12.2020;21:36:38;3.33;47.26;11.46;764.45;0.00;0.00;0.00
21.12.2020;21:37:38;3.35;46.35;11.45;764.44;0.00;0.00;0.00
21.12.2020;21:38:38;3.33;46.86;11.45;764.46;0.00;0.00;0.00
21.12.2020;21:39:38;3.33;47.09;11.46;764.47;0.00;0.00;0.00
21.12.2020;21:40:38;3.36;47.16;11.45;764.46;0.00;0.00;0.00
21.12.2020;21:41:38;3.33;47.11;11.46;764.47;0.00;0.00;0.00
21.12.2020;21:42:38;3.33;47.54;11.47;764.47;0.00;0.00;0.00
21.12.2020;21:43:38;3.35;47.51;11.48;764.46;0.00;0.00;0.00
21.12.2020;21:44:38;3.33;47.73;11.49;764.45;0.00;0.00;0.00
21.12.2020;21:45:38;3.33;47.28;11.49;764.46;0.00;0.00;0.00
21.12.2020;21:46:38;3.33;47.29;11.49;764.46;0.00;0.00;0.00
21.12.2020;21:47:38;3.33;47.59;11.50;764.46;0.00;0.00;0.00
21.12.2020;21:48:39;3.33;46.60;11.50;764.47;0.00;0.00;0.00
21.12.2020;21:49:39;3.33;46.68;11.49;764.45;0.00;0.00;0.00
21.12.2020;21:50:39;3.33;47.11;11.50;764.46;0.00;0.00;0.00
21.12.2020;21:51:39;3.35;47.06;11.50;764.46;0.00;0.00;0.00
21.12.2020;21:52:39;3.33;47.60;11.52;764.46;0.00;0.00;0.00
21.12.2020;21:53:39;3.33;47.23;11.52;764.47;0.00;0.00;0.00
21.12.2020;21:54:39;3.36;46.54;11.53;764.47;0.00;0.00;0.00
21.12.2020;21:55:39;3.33;46.60;11.53;764.46;0.00;0.00;0.00
21.12.2020;21:56:39;3.33;46.07;11.51;764.47;0.00;0.00;0.00
21.12.2020;21:57:39;3.35;46.51;11.52;764.48;0.00;0.00;0.00
21.12.2020;21:58:39;3.33;46.47;11.52;764.47;0.00;0.00;0.00
21.12.2020;21:59:39;3.33;46.93;11.53;764.47;0.00;0.00;0.00
21.12.2020;22:00:39;3.33;46.79;11.53;764.47;0.00;0.00;0.00
21.12.2020;22:01:39;3.33;47.05;11.52;764.47;0.00;0.00;0.00
21.12.2020;22:02:39;3.33;46.72;11.53;764.46;0.00;0.00;0.00
21.12.2020;22:03:39;3.33;45.88;11.52;764.46;0.00;0.00;0.00
21.12.2020;22:04:39;3.33;46.43;11.51;764.46;0.00;0.00;0.00
21.12.2020;22:05:39;3.35;45.98;11.50;764.46;0.00;0.00;0.00
21.12.2020;22:06:39;3.33;46.99;11.50;764.45;0.00;0.00;0.00
21.12.2020;22:07:39;3.33;47.25;11.51;764.45;0.00;0.00;0.00
21.12.2020;22:08:39;3.36;46.98;11.51;764.44;0.00;0.00;0.00
21.12.2020;22:09:39;3.33;46.72;11.51;764.42;0.00;0.00;0.00
21.12.2020;22:10:39;3.33;45.95;11.50;764.41;0.00;0.00;0.00
21.12.2020;22:11:39;3.35;46.69;11.48;764.41;0.00;0.00;0.00
21.12.2020;22:12:39;3.33;46.30;11.47;764.41;0.00;0.00;0.00
21.12.2020;22:13:39;3.33;46.40;11.46;764.40;0.00;0.00;0.00
21.12.2020;22:14:39;3.33;46.21;11.45;764.39;0.00;0.00;0.00
21.12.2020;22:15:39;3.33;47.00;11.45;764.38;0.00;0.00;0.00
21.12.2020;22:16:39;3.33;45.97;11.44;764.38;0.00;0.00;0.00
21.12.2020;22:17:39;3.33;45.59;11.42;764.38;0.00;0.00;0.00
21.12.2020;22:18:39;3.33;45.10;11.40;764.39;0.00;0.00;0.00
21.12.2020;22:19:39;3.35;46.29;11.38;764.38;0.00;0.00;0.00
21.12.2020;22:20:39;3.33;46.32;11.38;764.40;0.00;0.00;0.00
21.12.2020;22:21:40;3.33;46.08;11.38;764.40;0.00;0.00;0.00
21.12.2020;22:22:40;3.36;46.17;11.37;764.39;0.00;0.00;0.00
21.12.2020;22:23:40;3.33;46.37;11.37;764.39;0.00;0.00;0.00
21.12.2020;22:24:40;3.33;46.35;11.38;764.40;0.00;0.00;0.00
21.12.2020;22:25:40;3.35;46.40;11.38;764.40;0.00;0.00;0.00
21.12.2020;22:26:40;3.33;46.39;11.39;764.40;0.00;0.00;0.00
21.12.2020;22:27:40;3.33;46.25;11.38;764.41;0.00;0.00;0.00
21.12.2020;22:28:40;3.33;46.03;11.37;764.41;0.00;0.00;0.00
21.12.2020;22:29:40;3.33;45.61;11.36;764.39;0.00;0.00;0.00
21.12.2020;22:30:40;3.33;44.71;11.35;764.38;0.00;0.00;0.00
21.12.2020;22:31:40;3.33;45.53;11.33;764.38;0.00;0.00;0.00
21.12.2020;22:32:40;3.33;46.11;11.33;764.37;0.00;0.00;0.00
21.12.2020;22:33:40;3.35;46.46;11.34;764.37;0.00;0.00;0.00
21.12.2020;22:34:40;3.33;46.13;11.35;764.38;0.00;0.00;0.00
21.12.2020;22:35:40;3.33;46.50;11.34;764.39;0.00;0.00;0.00
21.12.2020;22:36:40;3.36;46.47;11.34;764.39;0.00;0.00;0.00
21.12.2020;22:37:40;3.33;46.19;11.33;764.40;0.00;0.00;0.00
21.12.2020;22:38:40;3.33;46.72;11.35;764.40;0.00;0.00;0.00
21.12.2020;22:39:40;3.35;46.77;11.37;764.40;0.00;0.00;0.00
21.12.2020;22:40:40;3.33;45.69;11.37;764.40;0.00;0.00;0.00
21.12.2020;22:41:40;3.33;46.47;11.35;764.41;0.00;0.00;0.00
21.12.2020;22:42:40;3.33;45.82;11.34;764.40;0.00;0.00;0.00
21.12.2020;22:43:40;3.33;46.09;11.34;764.38;0.00;0.00;0.00
21.12.2020;22:44:40;3.33;45.96;11.33;764.39;0.00;0.00;0.00
21.12.2020;22:45:40;3.33;46.46;11.34;764.39;0.00;0.00;0.00
21.12.2020;22:46:40;3.33;45.56;11.32;764.38;0.00;0.00;0.00
21.12.2020;22:47:40;3.35;46.61;11.32;764.40;0.00;0.00;0.00
21.12.2020;22:48:40;3.33;46.09;11.32;764.39;0.00;0.00;0.00
21.12.2020;22:49:40;3.33;45.75;11.31;764.39;0.00;0.00;0.00
21.12.2020;22:50:40;3.36;46.59;11.30;764.39;0.00;0.00;0.00
21.12.2020;22:51:40;3.33;46.35;11.29;764.39;0.00;0.00;0.00
21.12.2020;22:52:40;3.33;46.29;11.30;764.38;0.00;0.00;0.00
21.12.2020;22:53:41;3.35;45.73;11.30;764.38;0.00;0.00;0.00
21.12.2020;22:54:41;3.33;45.78;11.28;764.38;0.00;0.00;0.00
21.12.2020;22:55:41;3.33;46.04;11.29;764.38;0.00;0.00;0.00
21.12.2020;22:56:41;3.33;46.08;11.30;764.36;0.00;0.00;0.00
21.12.2020;22:57:41;3.33;46.03;11.29;764.35;0.00;0.00;0.00
21.12.2020;22:58:41;3.33;46.50;11.28;764.35;0.00;0.00;0.00
21.12.2020;22:59:41;3.33;46.44;11.28;764.35;0.00;0.00;0.00
21.12.2020;23:00:41;3.33;46.14;11.28;764.34;0.00;0.00;0.00
21.12.2020;23:01:41;3.35;46.35;11.27;764.33;0.00;0.00;0.00
21.12.2020;23:02:41;3.33;46.08;11.26;764.32;0.00;0.00;0.00
21.12.2020;23:03:41;3.33;45.73;11.26;764.31;0.00;0.00;0.00
21.12.2020;23:04:41;3.36;46.22;11.25;764.30;0.00;0.00;0.00
21.12.2020;23:05:41;3.33;46.01;11.24;764.30;0.00;0.00;0.00
21.12.2020;23:06:41;3.33;46.47;11.24;764.31;0.00;0.00;0.00
21.12.2020;23:07:41;3.35;46.38;11.25;764.31;0.00;0.00;0.00
21.12.2020;23:08:41;3.33;46.18;11.26;764.29;0.00;0.00;0.00
21.12.2020;23:09:41;3.33;46.56;11.26;764.29;0.00;0.00;0.00
21.12.2020;23:10:41;3.33;46.45;11.26;764.31;0.00;0.00;0.00
21.12.2020;23:11:41;3.33;46.30;11.26;764.31;0.00;0.00;0.00
21.12.2020;23:12:41;3.33;46.30;11.27;764.31;0.00;0.00;0.00
21.12.2020;23:13:41;3.33;46.32;11.27;764.31;0.00;0.00;0.00
21.12.2020;23:14:41;3.33;45.96;11.26;764.31;0.00;0.00;0.00
21.12.2020;23:15:41;3.35;44.98;11.23;764.30;0.00;0.00;0.00
21.12.2020;23:16:41;3.33;45.62;11.21;764.29;0.00;0.00;0.00
21.12.2020;23:17:41;3.33;45.61;11.22;764.30;0.00;0.00;0.00
21.12.2020;23:18:41;3.36;45.52;11.22;764.31;0.00;0.00;0.00
21.12.2020;23:19:41;3.33;46.22;11.23;764.31;0.00;0.00;0.00
21.12.2020;23:20:41;3.33;45.79;11.24;764.31;0.00;0.00;0.00
21.12.2020;23:21:41;3.35;46.35;11.25;764.31;0.00;0.00;0.00
21.12.2020;23:22:41;3.33;45.94;11.25;764.31;0.00;0.00;0.00
21.12.2020;23:23:41;3.33;45.77;11.23;764.31;0.00;0.00;0.00
21.12.2020;23:24:41;3.33;46.50;11.24;764.31;0.00;0.00;0.00
21.12.2020;23:25:42;3.33;46.45;11.24;764.30;0.00;0.00;0.00
21.12.2020;23:26:42;3.33;45.79;11.23;764.28;0.00;0.00;0.00
21.12.2020;23:27:42;3.33;45.02;11.21;764.27;0.00;0.00;0.00
21.12.2020;23:28:42;3.33;45.81;11.20;764.25;0.00;0.00;0.00
21.12.2020;23:29:42;3.35;46.19;11.21;764.25;0.00;0.00;0.00
21.12.2020;23:30:42;3.33;46.32;11.22;764.25;0.00;0.00;0.00
21.12.2020;23:31:42;3.33;46.42;11.21;764.24;0.00;0.00;0.00
21.12.2020;23:32:42;3.36;46.02;11.21;764.24;0.00;0.00;0.00
21.12.2020;23:33:42;3.33;46.62;11.22;764.24;0.00;0.00;0.00
21.12.2020;23:34:42;3.33;45.98;11.22;764.22;0.00;0.00;0.00
21.12.2020;23:35:42;3.35;45.80;11.21;764.20;0.00;0.00;0.00
21.12.2020;23:36:42;3.33;45.88;11.21;764.19;0.00;0.00;0.00
21.12.2020;23:37:42;3.33;46.21;11.21;764.17;0.00;0.00;0.00
21.12.2020;23:38:42;3.33;46.37;11.21;764.16;0.00;0.00;0.00
21.12.2020;23:39:42;3.33;46.54;11.22;764.16;0.00;0.00;0.00
21.12.2020;23:40:42;3.33;46.14;11.23;764.17;0.00;0.00;0.00
21.12.2020;23:41:42;3.33;46.11;11.23;764.17;0.00;0.00;0.00
21.12.2020;23:42:42;3.33;46.27;11.24;764.17;0.00;0.00;0.00
21.12.2020;23:43:42;3.35;45.90;11.23;764.18;0.00;0.00;0.00
21.12.2020;23:44:42;3.33;45.66;11.22;764.18;0.00;0.00;0.00
21.12.2020;23:45:42;3.33;45.91;11.21;764.19;0.00;0.00;0.00
21.12.2020;23:46:42;3.36;45.68;11.22;764.19;0.00;0.00;0.00
21.12.2020;23:47:42;3.33;45.41;11.22;764.18;0.00;0.00;0.00
21.12.2020;23:48:42;3.33;45.56;11.19;764.17;0.00;0.00;0.00
21.12.2020;23:49:42;3.35;46.24;11.19;764.17;0.00;0.00;0.00
21.12.2020;23:50:42;3.33;46.19;11.19;764.17;0.00;0.00;0.00
21.12.2020;23:51:42;3.33;46.29;11.19;764.16;0.00;0.00;0.00
21.12.2020;23:52:42;3.33;45.98;11.20;764.15;0.00;0.00;0.00
21.12.2020;23:53:42;3.33;46.20;11.21;764.14;0.00;0.00;0.00
21.12.2020;23:54:42;3.33;45.99;11.22;764.12;0.00;0.00;0.00
21.12.2020;23:55:42;3.33;44.90;11.21;764.13;0.00;0.00;0.00
21.12.2020;23:56:42;3.33;46.36;11.22;764.12;0.00;0.00;0.00
21.12.2020;23:57:43;3.35;45.79;11.21;764.12;0.00;0.00;0.00
21.12.2020;23:58:43;3.33;46.16;11.23;764.11;0.00;0.00;0.00
21.12.2020;23:59:43;3.33;45.74;11.23;764.10;0.00;0.00;0.00
