22.01.2021;0:00:58;2.50;34.50;8.88;750.99;0.00;0.00;0.00
22.01.2021;0:01:58;2.50;34.55;8.88;750.98;0.00;0.00;0.00
22.01.2021;0:02:58;2.53;34.58;8.86;750.97;0.00;0.00;0.00
22.01.2021;0:03:58;2.50;34.60;8.88;750.94;0.00;0.00;0.00
22.01.2021;0:04:58;2.50;34.55;8.86;750.94;0.00;0.00;0.00
22.01.2021;0:05:58;2.51;34.52;8.84;750.94;0.00;0.00;0.00
22.01.2021;0:06:58;2.50;34.63;8.83;750.95;0.00;0.00;0.00
22.01.2021;0:07:58;2.50;34.60;8.82;750.94;0.00;0.00;0.00
22.01.2021;0:08:58;2.50;34.61;8.82;750.94;0.00;0.00;0.00
22.01.2021;0:09:58;2.50;34.60;8.82;750.93;0.00;0.00;0.00
22.01.2021;0:10:58;2.50;34.58;8.79;750.94;0.00;0.00;0.00
22.01.2021;0:11:58;2.50;34.66;8.77;750.95;0.00;0.00;0.00
22.01.2021;0:12:58;2.50;34.72;8.77;750.94;0.00;0.00;0.00
22.01.2021;0:13:58;2.51;34.72;8.74;750.92;0.00;0.00;0.00
22.01.2021;0:14:58;2.50;34.79;8.73;750.91;0.00;0.00;0.00
22.01.2021;0:15:58;2.50;34.76;8.72;750.89;0.00;0.00;0.00
22.01.2021;0:16:58;2.53;34.81;8.71;750.87;0.00;0.00;0.00
22.01.2021;0:17:58;2.50;34.85;8.70;750.86;0.00;0.00;0.00
22.01.2021;0:18:58;2.50;34.87;8.70;750.86;0.00;0.00;0.00
22.01.2021;0:19:58;2.51;34.92;8.70;750.86;0.00;0.00;0.00
22.01.2021;0:20:58;2.50;34.86;8.69;750.85;0.00;0.00;0.00
22.01.2021;0:21:58;2.50;34.86;8.69;750.84;0.00;0.00;0.00
22.01.2021;0:22:58;2.50;34.88;8.67;750.82;0.00;0.00;0.00
22.01.2021;0:23:59;2.50;34.93;8.65;750.83;0.00;0.00;0.00
22.01.2021;0:24:59;2.50;34.93;8.64;750.84;0.00;0.00;0.00
22.01.2021;0:25:59;2.50;35.00;8.64;750.81;0.00;0.00;0.00
22.01.2021;0:26:59;2.50;35.00;8.61;750.79;0.00;0.00;0.00
22.01.2021;0:27:59;2.53;35.04;8.61;750.80;0.00;0.00;0.00
22.01.2021;0:28:59;2.50;35.03;8.59;750.80;0.00;0.00;0.00
22.01.2021;0:29:59;2.50;35.08;8.59;750.80;0.00;0.00;0.00
22.01.2021;0:30:59;2.53;35.12;8.58;750.80;0.00;0.00;0.00
22.01.2021;0:31:59;2.50;35.08;8.58;750.80;0.00;0.00;0.00
22.01.2021;0:32:59;2.50;35.14;8.58;750.79;0.00;0.00;0.00
22.01.2021;0:33:59;2.51;35.14;8.58;750.80;0.00;0.00;0.00
22.01.2021;0:34:59;2.50;35.12;8.57;750.79;0.00;0.00;0.00
22.01.2021;0:35:59;2.50;35.14;8.57;750.79;0.00;0.00;0.00
22.01.2021;0:36:59;2.50;35.16;8.56;750.76;0.00;0.00;0.00
22.01.2021;0:37:59;2.50;35.18;8.55;750.75;0.00;0.00;0.00
22.01.2021;0:38:59;2.50;35.22;8.54;750.74;0.00;0.00;0.00
22.01.2021;0:39:59;2.50;35.21;8.55;750.75;0.00;0.00;0.00
22.01.2021;0:40:59;2.50;35.22;8.54;750.75;0.00;0.00;0.00
22.01.2021;0:41:59;2.53;35.19;8.56;750.75;0.00;0.00;0.00
22.01.2021;0:42:59;2.50;35.19;8.56;750.72;0.00;0.00;0.00
22.01.2021;0:43:59;2.50;35.20;8.55;750.72;0.00;0.00;0.00
22.01.2021;0:44:59;2.53;35.20;8.52;750.71;0.00;0.00;0.00
22.01.2021;0:45:59;2.50;35.22;8.51;750.72;0.00;0.00;0.00
22.01.2021;0:46:59;2.50;35.30;8.52;750.70;0.00;0.00;0.00
22.01.2021;0:47:59;2.51;35.27;8.50;750.69;0.00;0.00;0.00
22.01.2021;0:48:59;2.50;35.31;8.50;750.67;0.00;0.00;0.00
22.01.2021;0:49:59;2.50;35.23;8.49;750.67;0.00;0.00;0.00
22.01.2021;0:50:59;2.50;35.29;8.49;750.66;0.00;0.00;0.00
22.01.2021;0:51:59;2.50;35.32;8.50;750.68;0.00;0.00;0.00
22.01.2021;0:52:59;2.50;35.27;8.48;750.66;0.00;0.00;0.00
22.01.2021;0:53:59;2.50;35.33;8.48;750.65;0.00;0.00;0.00
22.01.2021;0:54:59;2.50;35.33;8.47;750.65;0.00;0.00;0.00
22.01.2021;0:55:59;2.53;35.34;8.47;750.64;0.00;0.00;0.00
22.01.2021;0:56:59;2.50;35.35;8.49;750.64;0.00;0.00;0.00
22.01.2021;0:57:59;2.50;35.35;8.48;750.65;0.00;0.00;0.00
22.01.2021;0:58:59;2.53;35.34;8.46;750.63;0.00;0.00;0.00
22.01.2021;1:00:00;2.50;35.40;8.47;750.62;0.00;0.00;0.00
22.01.2021;1:01:00;2.50;35.34;8.49;750.62;0.00;0.00;0.00
22.01.2021;1:02:00;2.51;35.34;8.48;750.62;0.00;0.00;0.00
22.01.2021;1:03:00;2.50;35.39;8.48;750.63;0.00;0.00;0.00
22.01.2021;1:04:00;2.50;35.35;8.48;750.62;0.00;0.00;0.00
22.01.2021;1:05:00;2.50;35.31;8.47;750.64;0.00;0.00;0.00
22.01.2021;1:06:00;2.50;35.37;8.49;750.63;0.00;0.00;0.00
22.01.2021;1:07:00;2.50;35.33;8.49;750.62;0.00;0.00;0.00
22.01.2021;1:08:00;2.50;35.36;8.52;750.62;0.00;0.00;0.00
22.01.2021;1:09:00;2.50;35.29;8.52;750.61;0.00;0.00;0.00
22.01.2021;1:10:00;2.53;35.28;8.52;750.61;0.00;0.00;0.00
22.01.2021;1:11:00;2.50;35.28;8.52;750.61;0.00;0.00;0.00
22.01.2021;1:12:00;2.50;35.29;8.52;750.60;0.00;0.00;0.00
22.01.2021;1:13:00;2.53;35.29;8.53;750.60;0.00;0.00;0.00
22.01.2021;1:14:00;2.50;35.32;8.56;750.61;0.00;0.00;0.00
22.01.2021;1:15:00;2.50;35.22;8.57;750.57;0.00;0.00;0.00
22.01.2021;1:16:00;2.51;35.19;8.57;750.57;0.00;0.00;0.00
22.01.2021;1:17:00;2.50;35.19;8.56;750.57;0.00;0.00;0.00
22.01.2021;1:18:00;2.50;35.20;8.54;750.56;0.00;0.00;0.00
22.01.2021;1:19:00;2.50;35.21;8.53;750.56;0.00;0.00;0.00
22.01.2021;1:20:00;2.50;35.21;8.54;750.56;0.00;0.00;0.00
22.01.2021;1:21:00;2.50;35.27;8.56;750.55;0.00;0.00;0.00
22.01.2021;1:22:00;2.50;35.19;8.56;750.56;0.00;0.00;0.00
22.01.2021;1:23:00;2.50;35.20;8.55;750.54;0.00;0.00;0.00
22.01.2021;1:24:00;2.51;35.20;8.54;750.52;0.00;0.00;0.00
22.01.2021;1:25:00;2.50;35.27;8.55;750.51;0.00;0.00;0.00
22.01.2021;1:26:00;2.50;35.18;8.58;750.51;0.00;0.00;0.00
22.01.2021;1:27:00;2.53;35.21;8.59;750.50;0.00;0.00;0.00
22.01.2021;1:28:00;2.50;35.19;8.59;750.49;0.00;0.00;0.00
22.01.2021;1:29:00;2.50;35.15;8.56;750.48;0.00;0.00;0.00
22.01.2021;1:30:00;2.51;35.20;8.55;750.49;0.00;0.00;0.00
22.01.2021;1:31:00;2.50;35.19;8.56;750.50;0.00;0.00;0.00
22.01.2021;1:32:00;2.50;35.22;8.56;750.49;0.00;0.00;0.00
22.01.2021;1:33:00;2.50;35.20;8.56;750.49;0.00;0.00;0.00
22.01.2021;1:34:00;2.50;35.18;8.57;750.49;0.00;0.00;0.00
22.01.2021;1:35:00;2.50;35.19;8.58;750.50;0.00;0.00;0.00
22.01.2021;1:36:00;2.50;35.18;8.58;750.51;0.00;0.00;0.00
22.01.2021;1:37:01;2.50;35.19;8.58;750.52;0.00;0.00;0.00
22.01.2021;1:38:01;2.53;35.16;8.57;750.53;0.00;0.00;0.00
22.01.2021;1:39:01;2.50;35.19;8.56;750.52;0.00;0.00;0.00
22.01.2021;1:40:01;2.50;35.17;8.58;750.51;0.00;0.00;0.00
22.01.2021;1:41:01;2.53;35.19;8.59;750.49;0.00;0.00;0.00
22.01.2021;1:42:01;2.50;35.18;8.59;750.48;0.00;0.00;0.00
22.01.2021;1:43:01;2.50;35.18;8.59;750.46;0.00;0.00;0.00
22.01.2021;1:44:01;2.51;35.19;8.61;750.46;0.00;0.00;0.00
22.01.2021;1:45:01;2.50;35.13;8.58;750.45;0.00;0.00;0.00
22.01.2021;1:46:01;2.50;35.17;8.57;750.45;0.00;0.00;0.00
22.01.2021;1:47:01;2.50;35.17;8.58;750.44;0.00;0.00;0.00
22.01.2021;1:48:01;2.50;35.17;8.60;750.44;0.00;0.00;0.00
22.01.2021;1:49:01;2.50;35.18;8.59;750.43;0.00;0.00;0.00
22.01.2021;1:50:01;2.50;35.16;8.58;750.44;0.00;0.00;0.00
22.01.2021;1:51:01;2.50;35.23;8.58;750.44;0.00;0.00;0.00
22.01.2021;1:52:01;2.51;35.17;8.60;750.44;0.00;0.00;0.00
22.01.2021;1:53:01;2.50;35.19;8.60;750.43;0.00;0.00;0.00
22.01.2021;1:54:01;2.50;35.16;8.59;750.44;0.00;0.00;0.00
22.01.2021;1:55:01;2.53;35.18;8.59;750.43;0.00;0.00;0.00
22.01.2021;1:56:01;2.50;35.19;8.57;750.44;0.00;0.00;0.00
22.01.2021;1:57:01;2.50;35.23;8.58;750.43;0.00;0.00;0.00
22.01.2021;1:58:01;2.51;35.25;8.61;750.46;0.00;0.00;0.00
22.01.2021;1:59:01;2.50;35.19;8.62;750.43;0.00;0.00;0.00
22.01.2021;2:00:01;2.50;35.13;8.65;750.43;0.00;0.00;0.00
22.01.2021;2:01:01;2.50;35.12;8.64;750.40;0.00;0.00;0.00
22.01.2021;2:02:01;2.50;35.13;8.64;750.40;0.00;0.00;0.00
22.01.2021;2:03:01;2.50;35.11;8.67;750.40;0.00;0.00;0.00
22.01.2021;2:04:01;2.50;35.06;8.69;750.39;0.00;0.00;0.00
22.01.2021;2:05:01;2.50;35.10;8.66;750.37;0.00;0.00;0.00
22.01.2021;2:06:01;2.53;35.05;8.66;750.38;0.00;0.00;0.00
22.01.2021;2:07:01;2.50;35.06;8.65;750.37;0.00;0.00;0.00
22.01.2021;2:08:01;2.50;35.06;8.63;750.35;0.00;0.00;0.00
22.01.2021;2:09:01;2.53;35.12;8.64;750.35;0.00;0.00;0.00
22.01.2021;2:10:01;2.50;35.07;8.65;750.34;0.00;0.00;0.00
22.01.2021;2:11:01;2.50;35.06;8.66;750.33;0.00;0.00;0.00
22.01.2021;2:12:01;2.51;35.05;8.64;750.32;0.00;0.00;0.00
22.01.2021;2:13:01;2.50;35.07;8.62;750.30;0.00;0.00;0.00
22.01.2021;2:14:02;2.50;35.08;8.63;750.30;0.00;0.00;0.00
22.01.2021;2:15:02;2.50;35.11;8.64;750.30;0.00;0.00;0.00
22.01.2021;2:16:02;2.50;35.08;8.64;750.28;0.00;0.00;0.00
22.01.2021;2:17:02;2.50;35.02;8.63;750.28;0.00;0.00;0.00
22.01.2021;2:18:02;2.50;35.10;8.63;750.28;0.00;0.00;0.00
22.01.2021;2:19:02;2.50;35.13;8.67;750.28;0.00;0.00;0.00
22.01.2021;2:20:02;2.53;35.03;8.66;750.27;0.00;0.00;0.00
22.01.2021;2:21:02;2.50;35.06;8.65;750.27;0.00;0.00;0.00
22.01.2021;2:22:02;2.50;35.05;8.63;750.27;0.00;0.00;0.00
22.01.2021;2:23:02;2.53;35.15;8.63;750.26;0.00;0.00;0.00
22.01.2021;2:24:02;2.50;35.06;8.64;750.25;0.00;0.00;0.00
22.01.2021;2:25:02;2.50;35.08;8.63;750.22;0.00;0.00;0.00
22.01.2021;2:26:02;2.51;35.13;8.64;750.22;0.00;0.00;0.00
22.01.2021;2:27:02;2.50;35.08;8.64;750.22;0.00;0.00;0.00
22.01.2021;2:28:02;2.50;35.16;8.65;750.23;0.00;0.00;0.00
22.01.2021;2:29:02;2.50;35.11;8.66;750.21;0.00;0.00;0.00
22.01.2021;2:30:02;2.50;35.04;8.66;750.19;0.00;0.00;0.00
22.01.2021;2:31:02;2.50;35.08;8.65;750.17;0.00;0.00;0.00
22.01.2021;2:32:02;2.50;35.05;8.65;750.18;0.00;0.00;0.00
22.01.2021;2:33:02;2.50;35.07;8.65;750.18;0.00;0.00;0.00
22.01.2021;2:34:02;2.53;35.05;8.65;750.17;0.00;0.00;0.00
22.01.2021;2:35:02;2.50;35.09;8.65;750.16;0.00;0.00;0.00
22.01.2021;2:36:02;2.50;35.09;8.64;750.14;0.00;0.00;0.00
22.01.2021;2:37:02;2.53;35.10;8.64;750.14;0.00;0.00;0.00
22.01.2021;2:38:02;2.50;35.10;8.65;750.15;0.00;0.00;0.00
22.01.2021;2:39:02;2.50;35.07;8.64;750.15;0.00;0.00;0.00
22.01.2021;2:40:02;2.51;35.13;8.63;750.14;0.00;0.00;0.00
22.01.2021;2:41:02;2.50;35.12;8.63;750.13;0.00;0.00;0.00
22.01.2021;2:42:02;2.50;35.11;8.64;750.10;0.00;0.00;0.00
22.01.2021;2:43:02;2.50;35.11;8.64;750.09;0.00;0.00;0.00
22.01.2021;2:44:02;2.50;35.11;8.64;750.10;0.00;0.00;0.00
22.01.2021;2:45:02;2.50;35.07;8.63;750.08;0.00;0.00;0.00
22.01.2021;2:46:02;2.50;35.10;8.65;750.07;0.00;0.00;0.00
22.01.2021;2:47:02;2.50;35.08;8.64;750.05;0.00;0.00;0.00
22.01.2021;2:48:02;2.53;35.07;8.63;750.06;0.00;0.00;0.00
22.01.2021;2:49:02;2.50;35.07;8.63;750.06;0.00;0.00;0.00
22.01.2021;2:50:02;2.50;35.13;8.63;750.05;0.00;0.00;0.00
22.01.2021;2:51:03;2.53;35.15;8.61;750.05;0.00;0.00;0.00
22.01.2021;2:52:03;2.50;35.17;8.61;750.02;0.00;0.00;0.00
22.01.2021;2:53:03;2.50;35.11;8.61;749.98;0.00;0.00;0.00
22.01.2021;2:54:03;2.51;35.16;8.61;749.96;0.00;0.00;0.00
22.01.2021;2:55:03;2.50;35.11;8.61;749.97;0.00;0.00;0.00
22.01.2021;2:56:03;2.50;35.12;8.61;749.97;0.00;0.00;0.00
22.01.2021;2:57:03;2.50;35.11;8.61;749.98;0.00;0.00;0.00
22.01.2021;2:58:03;2.50;35.11;8.60;749.97;0.00;0.00;0.00
22.01.2021;2:59:03;2.50;35.14;8.60;749.95;0.00;0.00;0.00
22.01.2021;3:00:03;2.50;35.15;8.59;749.93;0.00;0.00;0.00
22.01.2021;3:01:03;2.50;35.18;8.60;749.92;0.00;0.00;0.00
22.01.2021;3:02:03;2.51;35.14;8.59;749.93;0.00;0.00;0.00
22.01.2021;3:03:03;2.50;35.12;8.59;749.94;0.00;0.00;0.00
22.01.2021;3:04:03;2.50;35.21;8.59;749.96;0.00;0.00;0.00
22.01.2021;3:05:03;2.53;35.15;8.58;749.95;0.00;0.00;0.00
22.01.2021;3:06:03;2.50;35.21;8.58;749.92;0.00;0.00;0.00
22.01.2021;3:07:03;2.50;35.22;8.58;749.91;0.00;0.00;0.00
22.01.2021;3:08:03;2.51;35.15;8.58;749.90;0.00;0.00;0.00
22.01.2021;3:09:03;2.50;35.12;8.56;749.90;0.00;0.00;0.00
22.01.2021;3:10:03;2.50;35.18;8.55;749.91;0.00;0.00;0.00
22.01.2021;3:11:03;2.50;35.13;8.55;749.92;0.00;0.00;0.00
22.01.2021;3:12:03;2.50;35.25;8.54;749.92;0.00;0.00;0.00
22.01.2021;3:13:03;2.50;35.18;8.54;749.91;0.00;0.00;0.00
22.01.2021;3:14:03;2.50;35.24;8.55;749.89;0.00;0.00;0.00
22.01.2021;3:15:03;2.50;35.19;8.56;749.89;0.00;0.00;0.00
22.01.2021;3:16:03;2.51;35.16;8.55;749.91;0.00;0.00;0.00
22.01.2021;3:17:03;2.50;35.18;8.53;749.93;0.00;0.00;0.00
22.01.2021;3:18:03;2.50;35.24;8.51;749.93;0.00;0.00;0.00
22.01.2021;3:19:03;2.53;35.27;8.52;749.91;0.00;0.00;0.00
22.01.2021;3:20:03;2.50;35.24;8.52;749.86;0.00;0.00;0.00
22.01.2021;3:21:03;2.50;35.26;8.51;749.82;0.00;0.00;0.00
22.01.2021;3:22:03;2.51;35.26;8.50;749.80;0.00;0.00;0.00
22.01.2021;3:23:03;2.50;35.26;8.49;749.80;0.00;0.00;0.00
22.01.2021;3:24:03;2.50;35.31;8.47;749.80;0.00;0.00;0.00
22.01.2021;3:25:03;2.50;35.31;8.47;749.80;0.00;0.00;0.00
22.01.2021;3:26:03;2.50;35.31;8.47;749.80;0.00;0.00;0.00
22.01.2021;3:27:03;2.50;35.37;8.46;749.79;0.00;0.00;0.00
22.01.2021;3:28:04;2.50;35.34;8.46;749.77;0.00;0.00;0.00
22.01.2021;3:29:04;2.50;35.32;8.46;749.76;0.00;0.00;0.00
22.01.2021;3:30:04;2.53;35.37;8.45;749.75;0.00;0.00;0.00
22.01.2021;3:31:04;2.50;35.38;8.45;749.75;0.00;0.00;0.00
22.01.2021;3:32:04;2.50;35.37;8.46;749.75;0.00;0.00;0.00
22.01.2021;3:33:04;2.53;35.40;8.45;749.76;0.00;0.00;0.00
22.01.2021;3:34:04;2.50;35.41;8.45;749.76;0.00;0.00;0.00
22.01.2021;3:35:04;2.50;35.38;8.45;749.76;0.00;0.00;0.00
22.01.2021;3:36:04;2.51;35.38;8.44;749.75;0.00;0.00;0.00
22.01.2021;3:37:04;2.50;35.43;8.43;749.73;0.00;0.00;0.00
22.01.2021;3:38:04;2.50;35.40;8.43;749.72;0.00;0.00;0.00
22.01.2021;3:39:04;2.50;35.45;8.43;749.72;0.00;0.00;0.00
22.01.2021;3:40:04;2.50;35.44;8.44;749.71;0.00;0.00;0.00
22.01.2021;3:41:04;2.50;35.41;8.43;749.69;0.00;0.00;0.00
22.01.2021;3:42:04;2.50;35.42;8.43;749.68;0.00;0.00;0.00
22.01.2021;3:43:04;2.50;35.41;8.42;749.67;0.00;0.00;0.00
22.01.2021;3:44:04;2.53;35.42;8.41;749.69;0.00;0.00;0.00
22.01.2021;3:45:04;2.50;35.47;8.41;749.69;0.00;0.00;0.00
22.01.2021;3:46:04;2.50;35.45;8.41;749.68;0.00;0.00;0.00
22.01.2021;3:47:04;2.53;35.45;8.41;749.67;0.00;0.00;0.00
22.01.2021;3:48:04;2.50;35.45;8.40;749.66;0.00;0.00;0.00
22.01.2021;3:49:04;2.50;35.41;8.41;749.67;0.00;0.00;0.00
22.01.2021;3:50:04;2.51;35.47;8.39;749.65;0.00;0.00;0.00
22.01.2021;3:51:04;2.50;35.47;8.38;749.64;0.00;0.00;0.00
22.01.2021;3:52:04;2.50;35.52;8.37;749.64;0.00;0.00;0.00
22.01.2021;3:53:04;2.50;35.49;8.37;749.63;0.00;0.00;0.00
22.01.2021;3:54:04;2.50;35.49;8.37;749.63;0.00;0.00;0.00
22.01.2021;3:55:04;2.50;35.48;8.36;749.61;0.00;0.00;0.00
22.01.2021;3:56:04;2.50;35.48;8.35;749.58;0.00;0.00;0.00
22.01.2021;3:57:04;2.50;35.54;8.35;749.58;0.00;0.00;0.00
22.01.2021;3:58:04;2.53;35.52;8.35;749.57;0.00;0.00;0.00
22.01.2021;3:59:04;2.50;35.55;8.35;749.57;0.00;0.00;0.00
22.01.2021;4:00:04;2.50;35.54;8.35;749.56;0.00;0.00;0.00
22.01.2021;4:01:04;2.53;35.55;8.34;749.55;0.00;0.00;0.00
22.01.2021;4:02:04;2.50;35.55;8.34;749.53;0.00;0.00;0.00
22.01.2021;4:03:04;2.50;35.55;8.35;749.54;0.00;0.00;0.00
22.01.2021;4:04:04;2.51;35.54;8.34;749.53;0.00;0.00;0.00
22.01.2021;4:05:05;2.50;35.59;8.33;749.53;0.00;0.00;0.00
22.01.2021;4:06:05;2.50;35.58;8.33;749.55;0.00;0.00;0.00
22.01.2021;4:07:05;2.50;35.53;8.33;749.57;0.00;0.00;0.00
22.01.2021;4:08:05;2.50;35.57;8.32;749.59;0.00;0.00;0.00
22.01.2021;4:09:05;2.50;35.58;8.32;749.60;0.00;0.00;0.00
22.01.2021;4:10:05;2.50;35.59;8.32;749.59;0.00;0.00;0.00
22.01.2021;4:11:05;2.50;35.57;8.32;749.57;0.00;0.00;0.00
22.01.2021;4:12:05;2.51;35.59;8.30;749.53;0.00;0.00;0.00
22.01.2021;4:13:05;2.50;35.60;8.28;749.52;0.00;0.00;0.00
22.01.2021;4:14:05;2.50;35.59;8.29;749.51;0.00;0.00;0.00
22.01.2021;4:15:05;2.53;35.57;8.28;749.51;0.00;0.00;0.00
22.01.2021;4:16:05;2.50;35.59;8.26;749.50;0.00;0.00;0.00
22.01.2021;4:17:05;2.50;35.63;8.25;749.47;0.00;0.00;0.00
22.01.2021;4:18:05;2.51;35.64;8.25;749.46;0.00;0.00;0.00
22.01.2021;4:19:05;2.50;35.64;8.25;749.44;0.00;0.00;0.00
22.01.2021;4:20:05;2.50;35.69;8.26;749.44;0.00;0.00;0.00
22.01.2021;4:21:05;2.50;35.68;8.30;749.44;0.00;0.00;0.00
22.01.2021;4:22:05;2.50;35.61;8.29;749.42;0.00;0.00;0.00
22.01.2021;4:23:05;2.50;35.61;8.28;749.43;0.00;0.00;0.00
22.01.2021;4:24:05;2.50;35.61;8.27;749.46;0.00;0.00;0.00
22.01.2021;4:25:05;2.50;35.62;8.26;749.48;0.00;0.00;0.00
22.01.2021;4:26:05;2.51;35.65;8.24;749.47;0.00;0.00;0.00
22.01.2021;4:27:05;2.50;35.68;8.24;749.46;0.00;0.00;0.00
22.01.2021;4:28:05;2.50;35.65;8.24;749.45;0.00;0.00;0.00
22.01.2021;4:29:05;2.53;35.70;8.23;749.46;0.00;0.00;0.00
22.01.2021;4:30:05;2.50;35.73;8.23;749.50;0.00;0.00;0.00
22.01.2021;4:31:05;2.50;35.74;8.24;749.52;0.00;0.00;0.00
22.01.2021;4:32:05;2.51;35.71;8.25;749.48;0.00;0.00;0.00
22.01.2021;4:33:05;2.50;35.74;8.23;749.42;0.00;0.00;0.00
22.01.2021;4:34:05;2.50;35.78;8.24;749.43;0.00;0.00;0.00
22.01.2021;4:35:05;2.50;35.76;8.24;749.46;0.00;0.00;0.00
22.01.2021;4:36:05;2.50;35.73;8.24;749.47;0.00;0.00;0.00
22.01.2021;4:37:05;2.50;35.76;8.24;749.44;0.00;0.00;0.00
22.01.2021;4:38:05;2.50;35.78;8.24;749.43;0.00;0.00;0.00
22.01.2021;4:39:05;2.50;35.78;8.24;749.44;0.00;0.00;0.00
22.01.2021;4:40:05;2.51;35.74;8.25;749.44;0.00;0.00;0.00
22.01.2021;4:41:05;2.50;35.77;8.23;749.41;0.00;0.00;0.00
22.01.2021;4:42:06;2.50;35.81;8.23;749.41;0.00;0.00;0.00
22.01.2021;4:43:06;2.53;35.83;8.23;749.42;0.00;0.00;0.00
22.01.2021;4:44:06;2.50;35.80;8.23;749.46;0.00;0.00;0.00
22.01.2021;4:45:06;2.50;35.80;8.23;749.45;0.00;0.00;0.00
22.01.2021;4:46:06;2.51;35.78;8.23;749.43;0.00;0.00;0.00
22.01.2021;4:47:06;2.50;35.79;8.23;749.43;0.00;0.00;0.00
22.01.2021;4:48:06;2.50;35.79;8.24;749.44;0.00;0.00;0.00
22.01.2021;4:49:06;2.50;35.79;8.24;749.42;0.00;0.00;0.00
22.01.2021;4:50:06;2.50;35.78;8.24;749.40;0.00;0.00;0.00
22.01.2021;4:51:06;2.50;35.78;8.24;749.39;0.00;0.00;0.00
22.01.2021;4:52:06;2.50;35.76;8.24;749.37;0.00;0.00;0.00
22.01.2021;4:53:06;2.50;35.76;8.25;749.38;0.00;0.00;0.00
22.01.2021;4:54:06;2.53;35.77;8.25;749.38;0.00;0.00;0.00
22.01.2021;4:55:06;2.50;35.77;8.26;749.37;0.00;0.00;0.00
22.01.2021;4:56:06;2.50;35.77;8.26;749.35;0.00;0.00;0.00
22.01.2021;4:57:06;2.53;35.72;8.26;749.34;0.00;0.00;0.00
22.01.2021;4:58:06;2.50;35.75;8.27;749.35;0.00;0.00;0.00
22.01.2021;4:59:06;2.50;35.76;8.28;749.34;0.00;0.00;0.00
22.01.2021;5:00:06;2.51;35.73;8.28;749.32;0.00;0.00;0.00
22.01.2021;5:01:06;2.50;35.76;8.30;749.32;0.00;0.00;0.00
22.01.2021;5:02:06;2.50;35.72;8.31;749.32;0.00;0.00;0.00
22.01.2021;5:03:06;2.50;35.71;8.30;749.30;0.00;0.00;0.00
22.01.2021;5:04:06;2.50;35.75;8.30;749.29;0.00;0.00;0.00
22.01.2021;5:05:06;2.50;35.72;8.32;749.28;0.00;0.00;0.00
22.01.2021;5:06:06;2.50;35.70;8.33;749.27;0.00;0.00;0.00
22.01.2021;5:07:06;2.50;35.71;8.31;749.28;0.00;0.00;0.00
22.01.2021;5:08:06;2.51;35.68;8.32;749.26;0.00;0.00;0.00
22.01.2021;5:09:06;2.50;35.69;8.34;749.23;0.00;0.00;0.00
22.01.2021;5:10:06;2.50;35.68;8.35;749.22;0.00;0.00;0.00
22.01.2021;5:11:06;2.53;35.66;8.34;749.20;0.00;0.00;0.00
22.01.2021;5:12:06;2.50;35.67;8.34;749.20;0.00;0.00;0.00
22.01.2021;5:13:06;2.50;35.68;8.35;749.19;0.00;0.00;0.00
22.01.2021;5:14:06;2.51;35.64;8.35;749.18;0.00;0.00;0.00
22.01.2021;5:15:06;2.50;35.64;8.36;749.18;0.00;0.00;0.00
22.01.2021;5:16:06;2.50;35.62;8.35;749.16;0.00;0.00;0.00
22.01.2021;5:17:06;2.50;35.64;8.35;749.16;0.00;0.00;0.00
22.01.2021;5:18:06;2.50;35.66;8.36;749.15;0.00;0.00;0.00
22.01.2021;5:19:07;2.50;35.64;8.37;749.15;0.00;0.00;0.00
22.01.2021;5:20:07;2.50;35.63;8.38;749.14;0.00;0.00;0.00
22.01.2021;5:21:07;2.50;35.59;8.37;749.15;0.00;0.00;0.00
22.01.2021;5:22:07;2.53;35.59;8.37;749.15;0.00;0.00;0.00
22.01.2021;5:23:07;2.50;35.64;8.37;749.15;0.00;0.00;0.00
22.01.2021;5:24:07;2.50;35.59;8.38;749.14;0.00;0.00;0.00
22.01.2021;5:25:07;2.53;35.64;8.39;749.14;0.00;0.00;0.00
22.01.2021;5:26:07;2.50;35.68;8.39;749.13;0.00;0.00;0.00
22.01.2021;5:27:07;2.50;35.59;8.38;749.14;0.00;0.00;0.00
22.01.2021;5:28:07;2.51;35.63;8.38;749.15;0.00;0.00;0.00
22.01.2021;5:29:07;2.50;35.64;8.39;749.16;0.00;0.00;0.00
22.01.2021;5:30:07;2.50;35.60;8.39;749.18;0.00;0.00;0.00
22.01.2021;5:31:07;2.50;35.61;8.40;749.18;0.00;0.00;0.00
22.01.2021;5:32:07;2.50;35.63;8.41;749.19;0.00;0.00;0.00
22.01.2021;5:33:07;2.50;35.64;8.41;749.19;0.00;0.00;0.00
22.01.2021;5:34:07;2.50;35.66;8.42;749.19;0.00;0.00;0.00
22.01.2021;5:35:07;2.50;35.62;8.45;749.19;0.00;0.00;0.00
22.01.2021;5:36:07;2.53;35.59;8.45;749.21;0.00;0.00;0.00
22.01.2021;5:37:07;2.50;35.59;8.44;749.21;0.00;0.00;0.00
22.01.2021;5:38:07;2.50;35.61;8.45;749.21;0.00;0.00;0.00
22.01.2021;5:39:07;2.53;35.60;8.47;749.21;0.00;0.00;0.00
22.01.2021;5:40:07;2.50;35.53;8.48;749.18;0.00;0.00;0.00
22.01.2021;5:41:07;2.50;35.55;8.47;749.16;0.00;0.00;0.00
22.01.2021;5:42:07;2.51;35.55;8.49;749.16;0.00;0.00;0.00
22.01.2021;5:43:07;2.50;35.52;8.49;749.16;0.00;0.00;0.00
22.01.2021;5:44:07;2.50;35.57;8.49;749.18;0.00;0.00;0.00
22.01.2021;5:45:07;2.50;35.55;8.50;749.18;0.00;0.00;0.00
22.01.2021;5:46:07;2.50;35.51;8.50;749.18;0.00;0.00;0.00
22.01.2021;5:47:07;2.50;35.54;8.51;749.19;0.00;0.00;0.00
22.01.2021;5:48:07;2.50;35.50;8.51;749.17;0.00;0.00;0.00
22.01.2021;5:49:07;2.50;35.50;8.51;749.17;0.00;0.00;0.00
22.01.2021;5:50:07;2.51;35.51;8.53;749.17;0.00;0.00;0.00
22.01.2021;5:51:07;2.50;35.49;8.53;749.15;0.00;0.00;0.00
22.01.2021;5:52:07;2.50;35.48;8.55;749.15;0.00;0.00;0.00
22.01.2021;5:53:07;2.53;35.45;8.54;749.16;0.00;0.00;0.00
22.01.2021;5:54:07;2.50;35.49;8.54;749.15;0.00;0.00;0.00
22.01.2021;5:55:07;2.50;35.50;8.56;749.12;0.00;0.00;0.00
22.01.2021;5:56:08;2.51;35.44;8.57;749.09;0.00;0.00;0.00
22.01.2021;5:57:08;2.50;35.44;8.57;749.09;0.00;0.00;0.00
22.01.2021;5:58:08;2.50;35.48;8.59;749.10;0.00;0.00;0.00
22.01.2021;5:59:08;2.50;35.41;8.59;749.12;0.00;0.00;0.00
22.01.2021;6:00:08;2.50;35.44;8.59;749.12;0.00;0.00;0.00
22.01.2021;6:01:08;2.50;35.43;8.60;749.14;0.00;0.00;0.00
22.01.2021;6:02:08;2.50;35.40;8.60;749.13;0.00;0.00;0.00
22.01.2021;6:03:08;2.50;35.35;8.61;749.13;0.00;0.00;0.00
22.01.2021;6:04:08;2.51;35.46;8.63;749.13;0.00;0.00;0.00
22.01.2021;6:05:08;2.50;35.41;8.64;749.13;0.00;0.00;0.00
22.01.2021;6:06:08;2.50;35.39;8.64;749.12;0.00;0.00;0.00
22.01.2021;6:07:08;2.53;35.40;8.64;749.14;0.00;0.00;0.00
22.01.2021;6:08:08;2.50;35.43;8.65;749.15;0.00;0.00;0.00
22.01.2021;6:09:08;2.50;35.35;8.65;749.16;0.00;0.00;0.00
22.01.2021;6:10:08;2.51;35.36;8.66;749.17;0.00;0.00;0.00
22.01.2021;6:11:08;2.50;35.37;8.66;749.17;0.00;0.00;0.00
22.01.2021;6:12:08;2.50;35.37;8.68;749.12;0.00;0.00;0.00
22.01.2021;6:13:08;2.50;35.35;8.68;749.09;0.00;0.00;0.00
22.01.2021;6:14:08;2.50;35.45;8.69;749.10;0.00;0.00;0.00
22.01.2021;6:15:08;2.50;35.30;8.69;749.14;0.00;0.00;0.00
22.01.2021;6:16:08;2.50;35.32;8.70;749.16;0.00;0.00;0.00
22.01.2021;6:17:08;2.50;35.35;8.70;749.16;0.00;0.00;0.00
22.01.2021;6:18:08;2.51;35.30;8.69;749.12;0.00;0.00;0.00
22.01.2021;6:19:08;2.50;35.31;8.70;749.08;0.00;0.00;0.00
22.01.2021;6:20:08;2.50;35.32;8.71;749.05;0.00;0.00;0.00
22.01.2021;6:21:08;2.53;35.29;8.71;749.05;0.00;0.00;0.00
22.01.2021;6:22:08;2.50;35.31;8.70;749.09;0.00;0.00;0.00
22.01.2021;6:23:08;2.50;35.31;8.71;749.12;0.00;0.00;0.00
22.01.2021;6:24:08;2.51;35.28;8.71;749.13;0.00;0.00;0.00
22.01.2021;6:25:08;2.50;35.33;8.72;749.12;0.00;0.00;0.00
22.01.2021;6:26:08;2.50;35.31;8.71;749.09;0.00;0.00;0.00
22.01.2021;6:27:08;2.50;35.34;8.73;749.06;0.00;0.00;0.00
22.01.2021;6:28:08;2.50;35.26;8.75;749.03;0.00;0.00;0.00
22.01.2021;6:29:08;2.50;35.25;8.76;749.03;0.00;0.00;0.00
22.01.2021;6:30:08;2.50;35.22;8.74;749.05;0.00;0.00;0.00
22.01.2021;6:31:08;2.50;35.26;8.75;749.05;0.00;0.00;0.00
22.01.2021;6:32:09;2.51;35.29;8.76;749.02;0.00;0.00;0.00
22.01.2021;6:33:09;2.50;35.25;8.77;749.02;0.00;0.00;0.00
22.01.2021;6:34:09;2.50;35.22;8.77;749.03;0.00;0.00;0.00
22.01.2021;6:35:09;2.53;35.23;8.78;749.05;0.00;0.00;0.00
22.01.2021;6:36:09;2.50;35.24;8.78;749.05;0.00;0.00;0.00
22.01.2021;6:37:09;2.50;35.22;8.79;749.03;0.00;0.00;0.00
22.01.2021;6:38:09;2.51;35.29;8.81;749.00;0.00;0.00;0.00
22.01.2021;6:39:09;2.50;35.20;8.82;749.00;0.00;0.00;0.00
22.01.2021;6:40:09;2.50;35.17;8.80;749.00;0.00;0.00;0.00
22.01.2021;6:41:09;2.50;35.24;8.80;749.00;0.00;0.00;0.00
22.01.2021;6:42:09;2.50;35.24;8.82;749.02;0.00;0.00;0.00
22.01.2021;6:43:09;2.50;35.26;8.83;749.02;0.00;0.00;0.00
22.01.2021;6:44:09;2.50;35.19;8.83;749.00;0.00;0.00;0.00
22.01.2021;6:45:09;2.50;35.18;8.82;748.99;0.00;0.00;0.00
22.01.2021;6:46:09;2.53;35.25;8.86;749.02;0.00;0.00;0.00
22.01.2021;6:47:09;2.50;35.14;8.88;749.02;0.00;0.00;0.00
22.01.2021;6:48:09;2.50;35.13;8.88;749.01;0.00;0.00;0.00
22.01.2021;6:49:09;2.53;35.18;8.86;749.01;0.00;0.00;0.00
22.01.2021;6:50:09;2.50;35.19;8.88;749.05;0.00;0.00;0.00
22.01.2021;6:51:09;2.50;35.12;8.90;749.09;0.00;0.00;0.00
22.01.2021;6:52:09;2.51;35.10;8.90;749.06;0.00;0.00;0.00
22.01.2021;6:53:09;2.50;35.08;8.91;749.04;0.00;0.00;0.00
22.01.2021;6:54:09;2.50;35.12;8.90;749.02;0.00;0.00;0.00
22.01.2021;6:55:09;2.50;35.14;8.89;749.01;0.00;0.00;0.00
22.01.2021;6:56:09;2.50;35.09;8.90;749.00;0.00;0.00;0.00
22.01.2021;6:57:09;2.50;35.15;8.90;749.01;0.00;0.00;0.00
22.01.2021;6:58:09;2.50;35.16;8.90;749.01;0.00;0.00;0.00
22.01.2021;6:59:09;2.50;35.15;8.89;749.00;0.00;0.00;0.00
22.01.2021;7:00:09;2.53;35.18;8.91;749.00;0.00;0.00;0.00
22.01.2021;7:01:09;2.50;35.13;8.92;748.98;0.00;0.00;0.00
22.01.2021;7:02:09;2.50;35.10;8.92;748.99;0.00;0.00;0.00
22.01.2021;7:03:09;2.53;35.13;8.93;749.00;0.00;0.00;0.00
22.01.2021;7:04:09;2.50;35.10;8.92;749.03;0.00;0.00;0.00
22.01.2021;7:05:09;2.54;35.09;8.92;749.02;0.00;0.00;0.00
22.01.2021;7:06:09;2.62;35.15;8.93;748.98;0.00;0.00;0.00
22.01.2021;7:07:09;2.75;35.13;8.94;748.97;0.00;0.00;0.00
22.01.2021;7:08:09;3.14;35.11;8.95;749.00;0.00;0.00;0.00
22.01.2021;7:09:10;3.33;35.09;8.96;749.02;0.00;0.00;0.00
22.01.2021;7:10:10;3.33;35.16;8.96;749.01;0.00;0.00;0.00
22.01.2021;7:11:10;3.33;35.08;8.97;749.01;0.00;0.00;0.00
22.01.2021;7:12:10;3.33;35.10;8.97;749.02;0.00;0.00;0.00
22.01.2021;7:13:10;3.33;35.10;8.98;749.06;0.00;0.00;0.00
22.01.2021;7:14:10;3.35;35.04;8.98;749.08;0.00;0.00;0.00
22.01.2021;7:15:10;3.33;35.07;8.98;749.07;0.00;0.00;0.00
22.01.2021;7:16:10;3.33;35.07;8.97;749.06;0.00;0.00;0.00
22.01.2021;7:17:10;3.36;35.09;8.98;749.05;0.00;0.00;0.00
22.01.2021;7:18:10;3.92;35.11;8.98;749.05;0.00;0.00;0.00
22.01.2021;7:19:10;4.17;35.11;9.01;749.04;0.00;0.00;0.00
22.01.2021;7:20:10;4.17;35.03;9.02;749.02;0.00;0.00;0.00
22.01.2021;7:21:10;4.17;35.04;9.02;749.03;0.00;0.00;0.00
22.01.2021;7:22:10;4.92;35.06;9.03;749.05;0.00;0.00;0.00
22.01.2021;7:23:10;5.00;34.95;9.02;749.04;0.00;0.00;0.00
22.01.2021;7:24:10;5.55;34.99;9.02;749.03;0.00;0.00;0.00
22.01.2021;7:25:10;5.83;35.01;9.01;749.02;0.00;0.00;0.00
22.01.2021;7:26:10;6.25;35.04;9.01;749.03;0.00;0.00;0.00
22.01.2021;7:27:10;6.94;35.05;9.03;749.03;0.00;0.00;0.00
22.01.2021;7:28:10;7.89;35.06;9.03;749.05;0.00;0.00;0.00
22.01.2021;7:29:10;8.56;35.02;9.04;749.05;0.00;0.00;0.00
22.01.2021;7:30:10;9.53;34.99;9.06;749.05;0.00;0.00;0.00
22.01.2021;7:31:10;10.76;35.00;9.09;749.06;0.01;0.00;0.00
22.01.2021;7:32:10;12.22;34.93;9.09;749.06;0.02;0.00;0.00
22.01.2021;7:33:10;13.57;34.90;9.10;749.06;0.02;0.00;0.00
22.01.2021;7:34:10;14.85;34.92;9.08;749.07;0.03;0.00;0.00
22.01.2021;7:35:10;16.29;34.91;9.07;749.07;0.04;0.00;0.00
22.01.2021;7:36:10;17.92;34.89;9.05;749.06;0.05;0.00;0.00
22.01.2021;7:37:10;19.38;34.97;9.05;749.05;0.05;0.00;0.00
22.01.2021;7:38:10;21.23;34.92;9.06;749.04;0.06;0.00;0.00
22.01.2021;7:39:10;23.51;34.96;9.06;749.05;0.07;0.00;0.00
22.01.2021;7:40:10;25.51;34.97;9.06;749.06;0.07;0.00;0.00
22.01.2021;7:41:10;28.11;34.96;9.09;749.06;0.08;0.00;0.00
22.01.2021;7:42:10;30.47;34.91;9.11;749.07;0.08;0.00;0.00
22.01.2021;7:43:10;33.72;34.90;9.10;749.05;0.09;0.00;0.00
22.01.2021;7:44:10;37.32;34.91;9.10;749.06;0.11;0.00;0.00
22.01.2021;7:45:11;41.03;34.88;9.10;749.07;0.13;0.00;0.00
22.01.2021;7:46:11;45.85;34.89;9.09;749.08;0.15;0.00;0.00
22.01.2021;7:47:11;51.33;34.82;9.11;749.07;0.18;0.00;0.00
22.01.2021;7:48:11;52.44;34.89;9.10;749.06;0.18;0.00;0.00
22.01.2021;7:49:11;58.56;34.89;9.13;749.07;0.20;0.00;0.00
22.01.2021;7:50:11;64.86;34.82;9.12;749.08;0.23;0.00;0.00
22.01.2021;7:51:11;71.44;34.84;9.12;749.06;0.25;0.00;0.00
22.01.2021;7:52:11;78.74;34.82;9.11;749.06;0.29;0.00;0.00
22.01.2021;7:53:11;79.00;34.88;9.12;749.06;0.28;0.00;0.00
22.01.2021;7:54:11;86.72;34.79;9.12;749.06;0.30;0.00;0.00
22.01.2021;7:55:11;92.71;34.76;9.12;749.05;0.32;0.00;0.00
22.01.2021;7:56:11;103.46;34.79;9.11;749.03;0.36;0.00;0.00
22.01.2021;7:57:11;105.46;34.83;9.13;749.01;0.36;0.00;0.00
22.01.2021;7:58:11;115.37;34.78;9.13;749.04;0.39;0.00;0.00
22.01.2021;7:59:11;113.36;34.76;9.12;749.07;0.38;0.00;0.00
22.01.2021;8:00:11;119.76;34.77;9.11;749.07;0.41;0.00;0.00
22.01.2021;8:01:11;128.28;34.82;9.09;749.07;0.44;0.02;0.01
22.01.2021;8:02:11;129.51;34.90;9.10;749.07;0.43;0.01;0.01
22.01.2021;8:03:11;130.71;34.84;9.10;749.07;0.42;0.01;0.00
22.01.2021;8:04:11;142.58;34.82;9.11;749.08;0.47;0.09;0.04
22.01.2021;8:05:11;157.06;34.85;9.12;749.08;0.54;0.21;0.11
22.01.2021;8:06:11;158.38;34.77;9.13;749.08;0.52;0.18;0.09
22.01.2021;8:07:11;159.35;34.79;9.13;749.10;0.50;0.15;0.07
22.01.2021;8:08:11;167.43;34.76;9.12;749.12;0.54;0.21;0.11
22.01.2021;8:09:11;172.18;34.82;9.13;749.13;0.55;0.22;0.12
22.01.2021;8:10:11;180.10;34.76;9.12;749.12;0.56;0.25;0.14
22.01.2021;8:11:11;186.81;34.82;9.14;749.12;0.56;0.26;0.14
22.01.2021;8:12:11;193.76;34.79;9.16;749.12;0.59;0.31;0.19
22.01.2021;8:13:11;202.88;34.82;9.17;749.13;0.62;0.36;0.22
22.01.2021;8:14:11;202.40;34.78;9.18;749.14;0.59;0.30;0.18
22.01.2021;8:15:11;215.23;34.75;9.18;749.16;0.67;0.42;0.28
22.01.2021;8:16:12;219.71;34.72;9.19;749.16;0.68;0.43;0.29
22.01.2021;8:17:12;232.19;34.72;9.21;749.15;0.70;0.48;0.33
22.01.2021;8:18:12;230.73;34.72;9.21;749.11;0.66;0.41;0.27
22.01.2021;8:19:12;246.72;34.76;9.23;749.09;0.73;0.51;0.37
22.01.2021;8:20:12;248.47;34.69;9.25;749.07;0.74;0.53;0.40
22.01.2021;8:21:12;252.61;34.61;9.26;749.07;0.76;0.58;0.44
22.01.2021;8:22:12;244.81;34.65;9.27;749.10;0.70;0.48;0.34
22.01.2021;8:23:12;255.88;34.60;9.25;749.09;0.72;0.52;0.38
22.01.2021;8:24:12;281.29;34.61;9.26;749.05;0.83;0.69;0.57
22.01.2021;8:25:12;297.47;34.68;9.26;749.04;0.90;0.79;0.71
22.01.2021;8:26:12;297.89;34.59;9.27;749.04;0.89;0.78;0.69
22.01.2021;8:27:12;286.62;34.53;9.29;749.06;0.84;0.70;0.58
22.01.2021;8:28:12;302.31;34.54;9.29;749.03;0.86;0.73;0.63
22.01.2021;8:29:12;339.07;34.54;9.29;749.00;1.03;1.01;1.04
22.01.2021;8:30:12;348.11;34.56;9.28;749.02;1.09;1.12;1.22
22.01.2021;8:31:12;321.50;34.60;9.30;749.03;0.98;0.95;0.93
22.01.2021;8:32:12;304.49;34.58;9.31;749.04;0.88;0.77;0.68
22.01.2021;8:33:12;335.04;34.57;9.31;749.03;0.98;0.93;0.92
22.01.2021;8:34:12;367.19;34.51;9.31;749.00;1.08;1.10;1.19
22.01.2021;8:35:12;392.71;34.53;9.33;748.99;1.21;1.31;1.57
22.01.2021;8:36:12;392.60;34.48;9.36;749.02;1.16;1.23;1.42
22.01.2021;8:37:12;380.58;34.47;9.37;749.03;1.08;1.11;1.20
22.01.2021;8:38:12;424.40;34.47;9.38;749.01;1.25;1.37;1.71
22.01.2021;8:39:12;424.05;34.39;9.41;749.00;1.24;1.37;1.70
22.01.2021;8:40:12;458.49;34.40;9.41;749.00;1.37;1.57;2.14
22.01.2021;8:41:12;455.47;34.37;9.42;749.02;1.37;1.59;2.18
22.01.2021;8:42:12;473.63;34.41;9.45;749.02;1.40;1.62;2.27
22.01.2021;8:43:12;463.82;34.37;9.48;749.03;1.36;1.57;2.14
22.01.2021;8:44:12;487.36;34.31;9.49;749.04;1.44;1.71;2.46
22.01.2021;8:45:12;484.94;34.33;9.51;749.05;1.43;1.68;2.41
22.01.2021;8:46:12;496.79;34.26;9.53;749.04;1.42;1.64;2.33
22.01.2021;8:47:12;494.35;34.19;9.56;749.03;1.42;1.66;2.35
22.01.2021;8:48:13;489.11;34.19;9.57;749.02;1.40;1.63;2.27
22.01.2021;8:49:13;544.08;34.19;9.60;748.99;1.55;1.88;2.92
22.01.2021;8:50:13;556.40;34.13;9.64;748.98;1.60;1.96;3.13
22.01.2021;8:51:13;550.40;34.06;9.64;748.98;1.58;1.93;3.05
22.01.2021;8:52:13;543.82;34.09;9.66;748.99;1.54;1.86;2.86
22.01.2021;8:53:13;543.87;34.04;9.68;748.98;1.51;1.82;2.74
22.01.2021;8:54:13;569.14;34.03;9.67;748.98;1.59;1.94;3.09
22.01.2021;8:55:13;581.03;33.99;9.67;748.97;1.61;1.98;3.18
22.01.2021;8:56:13;580.85;34.03;9.72;748.99;1.62;1.99;3.23
22.01.2021;8:57:13;570.33;33.95;9.74;748.99;1.58;1.94;3.06
22.01.2021;8:58:13;587.96;33.92;9.76;748.98;1.64;2.01;3.29
22.01.2021;8:59:13;625.35;33.88;9.79;748.96;1.74;2.10;3.66
22.01.2021;9:00:13;646.76;33.87;9.83;748.95;1.78;2.15;3.83
22.01.2021;9:01:13;632.60;33.88;9.87;748.96;1.74;2.10;3.67
22.01.2021;9:02:13;649.01;33.75;9.90;748.97;1.79;2.21;3.96
22.01.2021;9:03:13;664.53;33.70;9.92;748.98;1.84;2.25;4.13
22.01.2021;9:04:13;645.67;33.63;9.95;748.99;1.77;2.16;3.83
22.01.2021;9:05:13;648.83;33.62;9.97;748.98;1.78;2.15;3.82
22.01.2021;9:06:13;673.98;33.59;9.99;748.98;1.88;2.34;4.39
22.01.2021;9:07:13;684.56;33.52;10.01;748.96;1.88;2.35;4.41
22.01.2021;9:08:13;721.00;33.49;10.01;748.97;2.00;2.57;5.16
22.01.2021;9:09:13;735.81;33.48;10.03;748.99;2.02;2.61;5.28
22.01.2021;9:10:13;723.82;33.42;10.04;748.98;1.98;2.54;5.03
22.01.2021;9:11:13;763.43;33.45;10.06;748.97;2.11;2.77;5.84
22.01.2021;9:12:13;774.79;33.39;10.09;748.96;2.12;2.80;5.94
22.01.2021;9:13:13;750.16;33.39;10.10;748.97;2.04;2.64;5.37
22.01.2021;9:14:13;761.56;33.33;10.15;748.97;2.06;2.68;5.53
22.01.2021;9:15:13;759.82;33.29;10.18;748.96;2.03;2.63;5.34
22.01.2021;9:16:13;804.75;33.21;10.21;748.96;2.13;2.80;5.98
22.01.2021;9:17:13;879.22;33.20;10.24;748.96;2.35;3.17;7.46
22.01.2021;9:18:14;884.34;33.14;10.26;748.94;2.34;3.16;7.39
22.01.2021;9:19:14;911.47;33.10;10.30;748.93;2.41;3.28;7.92
22.01.2021;9:20:14;980.27;33.02;10.33;748.92;2.57;3.54;9.11
22.01.2021;9:21:14;1066.26;33.00;10.38;748.92;2.78;3.88;10.78
22.01.2021;9:22:14;1121.33;32.94;10.46;748.91;2.89;4.06;11.72
22.01.2021;9:23:14;1135.96;32.80;10.52;748.90;2.91;4.09;11.88
22.01.2021;9:24:14;1209.71;32.72;10.57;748.90;3.06;4.34;13.26
22.01.2021;9:25:14;1142.30;32.70;10.63;748.92;2.91;4.11;11.96
22.01.2021;9:26:14;1144.96;32.60;10.64;748.94;2.91;4.11;11.96
22.01.2021;9:27:14;1178.00;32.54;10.67;748.94;2.97;4.19;12.44
22.01.2021;9:28:14;1190.95;32.50;10.72;748.94;3.00;4.26;12.77
22.01.2021;9:29:14;1135.01;32.43;10.73;748.95;2.89;4.06;11.75
22.01.2021;9:30:14;1148.28;32.38;10.77;748.93;2.92;4.11;12.00
22.01.2021;9:31:14;1090.08;32.29;10.81;748.93;2.78;3.89;10.82
22.01.2021;9:32:14;1020.37;32.25;10.80;748.95;2.64;3.65;9.64
22.01.2021;9:33:14;1011.98;32.22;10.82;748.93;2.62;3.62;9.49
22.01.2021;9:34:14;1023.06;32.13;10.82;748.93;2.62;3.61;9.45
22.01.2021;9:35:14;1077.66;32.12;10.83;748.93;2.74;3.82;10.46
22.01.2021;9:36:14;1115.51;32.09;10.85;748.95;2.83;3.95;11.18
22.01.2021;9:37:14;1073.36;32.08;10.87;748.97;2.75;3.81;10.47
22.01.2021;9:38:14;1036.29;32.06;10.91;748.98;2.66;3.70;9.85
22.01.2021;9:39:14;1053.32;32.00;10.91;748.99;2.69;3.73;10.03
22.01.2021;9:40:14;1096.65;32.02;10.93;748.98;2.79;3.90;10.88
22.01.2021;9:41:14;1090.19;31.93;10.95;749.00;2.77;3.88;10.76
22.01.2021;9:42:14;996.54;31.87;10.94;749.00;2.57;3.54;9.09
22.01.2021;9:43:14;1143.65;31.86;10.95;748.99;2.88;4.06;11.70
22.01.2021;9:44:15;1298.79;31.86;10.98;748.98;3.16;4.52;14.29
22.01.2021;9:45:15;1445.99;31.86;11.03;748.98;3.40;4.92;16.76
22.01.2021;9:46:15;1428.43;31.78;11.09;748.99;3.37;4.85;16.32
22.01.2021;9:47:15;1688.55;31.72;11.15;749.01;3.72;5.44;20.24
22.01.2021;9:48:15;1916.44;31.62;11.26;748.98;3.96;5.83;23.07
22.01.2021;9:49:15;1963.63;31.54;11.37;748.95;4.00;5.89;23.59
22.01.2021;9:50:15;1971.67;31.34;11.48;748.91;4.01;5.91;23.65
22.01.2021;9:51:15;2100.46;31.19;11.59;748.90;4.11;6.06;24.88
22.01.2021;9:52:15;2071.41;31.10;11.67;748.89;4.09;6.05;24.71
22.01.2021;9:53:15;1814.79;31.01;11.73;748.90;3.84;5.62;21.60
22.01.2021;9:54:15;1538.47;30.87;11.75;748.92;3.48;5.05;17.57
22.01.2021;9:55:15;1506.64;30.86;11.73;748.92;3.43;4.96;16.98
22.01.2021;9:56:15;1524.72;30.79;11.73;748.92;3.45;5.00;17.22
22.01.2021;9:57:15;1501.69;30.70;11.73;748.91;3.42;4.93;16.84
22.01.2021;9:58:15;1496.40;30.70;11.74;748.94;3.40;4.92;16.76
22.01.2021;9:59:15;1433.98;30.67;11.73;748.96;3.31;4.76;15.78
22.01.2021;10:00:15;1392.99;30.64;11.73;748.97;3.25;4.68;15.19
22.01.2021;10:01:15;1419.17;30.62;11.73;748.97;3.28;4.71;15.46
22.01.2021;10:02:15;1491.50;30.65;11.73;748.97;3.40;4.90;16.66
22.01.2021;10:03:15;1549.96;30.59;11.76;748.98;3.51;5.08;17.81
22.01.2021;10:04:15;1326.57;30.63;11.77;748.99;3.14;4.47;14.04
22.01.2021;10:05:15;1272.97;30.61;11.75;748.99;3.04;4.30;13.06
22.01.2021;10:06:15;1443.38;30.58;11.76;748.98;3.31;4.76;15.77
22.01.2021;10:07:15;1478.83;30.57;11.78;748.97;3.34;4.83;16.14
22.01.2021;10:08:15;1733.63;30.49;11.80;748.96;3.67;5.35;19.63
22.01.2021;10:09:16;1815.44;30.50;11.87;748.96;3.77;5.51;20.76
22.01.2021;10:10:16;1800.85;30.49;11.91;748.96;3.74;5.46;20.39
22.01.2021;10:11:16;1728.36;30.41;11.95;748.96;3.65;5.33;19.48
22.01.2021;10:12:16;1779.70;30.33;11.98;748.95;3.71;5.42;20.10
22.01.2021;10:13:16;1992.94;30.25;12.03;748.91;3.93;5.79;22.77
22.01.2021;10:14:16;1943.84;30.19;12.09;748.88;3.88;5.70;22.14
22.01.2021;10:15:16;1955.83;30.19;12.12;748.86;3.89;5.71;22.22
22.01.2021;10:16:16;2010.40;30.06;12.17;748.89;3.93;5.78;22.73
22.01.2021;10:17:16;2013.81;29.99;12.23;748.91;3.93;5.78;22.73
22.01.2021;10:18:16;1919.49;29.93;12.27;748.92;3.84;5.64;21.68
22.01.2021;10:19:16;1810.03;29.88;12.28;748.93;3.72;5.43;20.21
22.01.2021;10:20:16;1872.56;29.86;12.29;748.92;3.78;5.54;20.93
22.01.2021;10:21:16;1980.72;29.85;12.31;748.90;3.90;5.73;22.31
22.01.2021;10:22:16;2444.54;29.76;12.39;748.89;4.27;6.34;27.12
22.01.2021;10:23:16;2678.49;29.63;12.51;748.87;4.43;6.61;29.24
22.01.2021;10:24:16;2660.34;29.53;12.64;748.87;4.41;6.58;29.05
22.01.2021;10:25:16;2541.57;29.43;12.71;748.86;4.34;6.45;27.98
22.01.2021;10:26:16;2647.92;29.34;12.79;748.85;4.41;6.57;28.96
22.01.2021;10:27:16;2500.54;29.22;12.86;748.85;4.31;6.40;27.57
22.01.2021;10:28:16;2274.90;29.14;12.90;748.85;4.14;6.12;25.32
22.01.2021;10:29:16;2268.40;29.07;12.91;748.86;4.11;6.09;25.04
22.01.2021;10:30:16;2731.49;28.97;12.97;748.87;4.43;6.61;29.25
22.01.2021;10:31:16;2388.84;28.86;13.03;748.85;4.22;6.26;26.41
22.01.2021;10:32:16;2236.10;28.82;13.03;748.84;4.09;6.07;24.83
22.01.2021;10:33:17;2203.08;28.78;13.03;748.82;4.06;6.01;24.40
22.01.2021;10:34:17;2202.10;28.71;13.04;748.82;4.07;6.03;24.51
22.01.2021;10:35:17;2118.04;28.74;13.04;748.84;4.00;5.92;23.72
22.01.2021;10:36:17;2022.33;28.72;13.03;748.83;3.92;5.77;22.62
22.01.2021;10:37:17;1931.65;28.71;13.00;748.83;3.83;5.64;21.61
22.01.2021;10:38:17;1913.50;28.71;12.99;748.85;3.81;5.60;21.32
22.01.2021;10:39:17;1918.18;28.72;12.97;748.85;3.81;5.59;21.28
22.01.2021;10:40:17;1876.15;28.77;12.95;748.84;3.77;5.53;20.86
22.01.2021;10:41:17;1868.39;28.77;12.94;748.84;3.76;5.52;20.77
22.01.2021;10:42:17;1822.78;28.77;12.92;748.84;3.72;5.45;20.25
22.01.2021;10:43:17;1805.92;28.79;12.91;748.87;3.70;5.43;20.10
22.01.2021;10:44:17;1906.51;28.80;12.91;748.86;3.80;5.59;21.27
22.01.2021;10:45:17;1887.22;28.81;12.90;748.86;3.78;5.54;20.96
22.01.2021;10:46:17;1897.47;28.83;12.90;748.86;3.79;5.56;21.09
22.01.2021;10:47:17;1892.03;28.84;12.89;748.85;3.79;5.57;21.10
22.01.2021;10:48:17;1900.30;28.87;12.88;748.83;3.80;5.57;21.17
22.01.2021;10:49:17;1852.25;28.88;12.89;748.81;3.76;5.51;20.68
22.01.2021;10:50:17;1857.99;28.88;12.89;748.79;3.76;5.51;20.70
22.01.2021;10:51:17;1845.58;28.89;12.89;748.76;3.75;5.49;20.55
22.01.2021;10:52:17;1817.78;28.88;12.89;748.76;3.71;5.43;20.17
22.01.2021;10:53:17;1803.91;28.88;12.89;748.76;3.70;5.41;20.01
22.01.2021;10:54:17;1777.43;28.87;12.88;748.77;3.67;5.37;19.70
22.01.2021;10:55:17;1738.21;28.91;12.87;748.76;3.63;5.29;19.18
22.01.2021;10:56:17;1761.54;28.92;12.86;748.74;3.65;5.32;19.41
22.01.2021;10:57:18;1805.22;28.94;12.86;748.73;3.69;5.40;19.96
22.01.2021;10:58:18;1827.47;28.93;12.87;748.71;3.71;5.43;20.18
22.01.2021;10:59:18;1804.26;28.93;12.88;748.69;3.69;5.40;19.91
22.01.2021;11:00:18;1762.14;28.94;12.87;748.69;3.65;5.32;19.41
22.01.2021;11:01:18;1761.20;28.93;12.86;748.67;3.64;5.32;19.39
22.01.2021;11:02:18;1741.72;28.94;12.86;748.67;3.62;5.29;19.13
22.01.2021;11:03:18;1710.06;28.93;12.85;748.67;3.59;5.22;18.73
22.01.2021;11:04:18;1661.03;28.91;12.84;748.68;3.53;5.14;18.13
22.01.2021;11:05:18;1633.94;28.94;12.81;748.66;3.49;5.08;17.77
22.01.2021;11:06:18;1651.51;29.01;12.78;748.66;3.51;5.10;17.88
22.01.2021;11:07:18;1675.86;29.06;12.77;748.66;3.53;5.12;18.04
22.01.2021;11:08:18;1690.45;29.05;12.77;748.65;3.54;5.14;18.16
22.01.2021;11:09:18;1734.28;29.06;12.78;748.64;3.58;5.22;18.70
22.01.2021;11:10:18;1784.08;29.07;12.79;748.63;3.63;5.31;19.28
22.01.2021;11:11:18;1829.00;29.10;12.80;748.63;3.67;5.38;19.79
22.01.2021;11:12:18;1879.26;29.02;12.82;748.62;3.72;5.45;20.26
22.01.2021;11:13:18;1921.37;29.02;12.83;748.60;3.76;5.51;20.72
22.01.2021;11:14:18;1955.90;29.00;12.85;748.61;3.80;5.59;21.23
22.01.2021;11:15:18;1972.15;29.02;12.88;748.62;3.82;5.60;21.38
22.01.2021;11:16:18;1982.07;28.99;12.90;748.64;3.83;5.61;21.49
22.01.2021;11:17:18;1973.96;28.96;12.93;748.65;3.82;5.61;21.44
22.01.2021;11:18:18;1968.57;28.96;12.94;748.67;3.82;5.61;21.42
22.01.2021;11:19:18;1970.25;28.92;12.96;748.66;3.82;5.60;21.40
22.01.2021;11:20:18;1976.34;28.92;12.98;748.63;3.82;5.61;21.43
22.01.2021;11:21:18;2000.06;28.91;12.99;748.63;3.84;5.64;21.66
22.01.2021;11:22:19;2015.26;28.90;13.00;748.63;3.86;5.68;21.91
22.01.2021;11:23:19;2023.84;28.90;13.01;748.61;3.87;5.68;21.96
22.01.2021;11:24:19;2038.44;28.85;13.04;748.58;3.88;5.71;22.12
22.01.2021;11:25:19;2059.31;28.85;13.05;748.58;3.89;5.73;22.31
22.01.2021;11:26:19;2081.96;28.82;13.07;748.58;3.92;5.78;22.63
22.01.2021;11:27:19;2088.93;28.75;13.11;748.56;3.92;5.79;22.70
22.01.2021;11:28:19;2105.06;28.76;13.12;748.54;3.93;5.79;22.76
22.01.2021;11:29:19;2128.93;28.74;13.15;748.54;3.95;5.82;22.99
22.01.2021;11:30:19;2151.03;28.69;13.17;748.54;3.97;5.86;23.26
22.01.2021;11:31:19;2219.06;28.69;13.20;748.52;4.01;5.93;23.82
22.01.2021;11:32:19;2259.59;28.66;13.24;748.51;4.05;5.99;24.22
22.01.2021;11:33:19;2222.32;28.59;13.27;748.50;4.02;5.95;23.92
22.01.2021;11:34:19;2218.58;28.56;13.30;748.50;4.03;5.95;23.99
22.01.2021;11:35:19;2179.63;28.53;13.31;748.51;3.99;5.89;23.50
22.01.2021;11:36:19;2170.18;28.49;13.34;748.49;3.97;5.88;23.38
22.01.2021;11:37:19;2172.19;28.46;13.36;748.50;3.97;5.88;23.37
22.01.2021;11:38:19;2181.22;28.42;13.38;748.49;3.98;5.88;23.41
22.01.2021;11:39:19;2190.75;28.41;13.39;748.49;3.99;5.90;23.52
22.01.2021;11:40:19;2180.11;28.39;13.40;748.48;3.98;5.88;23.42
22.01.2021;11:41:19;2161.61;28.36;13.42;748.47;3.96;5.85;23.20
22.01.2021;11:42:19;2137.71;28.32;13.43;748.44;3.95;5.82;22.97
22.01.2021;11:43:19;2122.22;28.32;13.44;748.43;3.93;5.81;22.83
22.01.2021;11:44:19;2109.97;28.32;13.44;748.42;3.92;5.79;22.72
22.01.2021;11:45:19;2075.99;28.31;13.43;748.40;3.89;5.74;22.35
22.01.2021;11:46:20;2040.67;28.31;13.43;748.38;3.86;5.68;21.93
22.01.2021;11:47:20;2006.95;28.31;13.42;748.36;3.83;5.62;21.53
22.01.2021;11:48:20;2015.08;28.32;13.43;748.35;3.83;5.63;21.57
22.01.2021;11:49:20;2059.62;28.31;13.43;748.34;3.87;5.69;22.01
22.01.2021;11:50:20;2112.31;28.29;13.45;748.33;3.92;5.78;22.64
22.01.2021;11:51:20;2142.19;28.29;13.46;748.34;3.94;5.81;22.93
22.01.2021;11:52:20;2151.21;28.28;13.47;748.33;3.95;5.82;23.00
22.01.2021;11:53:20;2142.42;28.28;13.49;748.34;3.94;5.81;22.90
22.01.2021;11:54:20;2143.21;28.25;13.51;748.35;3.94;5.80;22.85
22.01.2021;11:55:20;2181.44;28.23;13.52;748.35;3.97;5.85;23.22
22.01.2021;11:56:20;2256.83;28.22;13.55;748.34;4.04;5.97;24.09
22.01.2021;11:57:20;2282.51;28.21;13.57;748.35;4.07;6.03;24.54
22.01.2021;11:58:20;2235.25;28.17;13.59;748.34;4.01;5.93;23.82
22.01.2021;11:59:20;2210.07;28.17;13.60;748.30;3.99;5.89;23.51
22.01.2021;12:00:20;2207.36;28.18;13.61;748.30;3.98;5.90;23.48
22.01.2021;12:01:20;2218.39;28.13;13.62;748.28;3.99;5.90;23.55
22.01.2021;12:02:20;2217.97;28.12;13.64;748.26;3.99;5.89;23.54
22.01.2021;12:03:20;2296.18;28.10;13.65;748.26;4.08;6.04;24.63
22.01.2021;12:04:20;2308.35;28.10;13.67;748.26;4.08;6.04;24.65
22.01.2021;12:05:20;2379.38;28.10;13.69;748.27;4.13;6.13;25.32
22.01.2021;12:06:20;2494.18;28.07;13.74;748.29;4.24;6.31;26.76
22.01.2021;12:07:20;2369.39;28.04;13.77;748.30;4.13;6.13;25.31
22.01.2021;12:08:20;2348.72;28.02;13.79;748.29;4.10;6.08;24.93
22.01.2021;12:09:20;2483.90;27.99;13.82;748.27;4.24;6.30;26.70
22.01.2021;12:10:21;2391.11;27.92;13.85;748.27;4.18;6.22;26.00
22.01.2021;12:11:21;2312.91;27.92;13.87;748.27;4.14;6.15;25.50
22.01.2021;12:12:21;2170.31;27.91;13.86;748.27;4.04;5.98;24.17
22.01.2021;12:13:21;1816.71;27.97;13.82;748.27;3.59;5.24;18.86
22.01.2021;12:14:21;1707.40;28.00;13.74;748.25;3.48;5.06;17.58
22.01.2021;12:15:21;1566.47;28.03;13.66;748.22;3.17;4.53;14.36
22.01.2021;12:16:21;1628.60;28.07;13.59;748.20;3.32;4.79;15.91
22.01.2021;12:17:21;1618.03;28.14;13.51;748.19;3.26;4.69;15.31
22.01.2021;12:18:21;1590.22;28.24;13.47;748.18;3.22;4.63;14.94
22.01.2021;12:19:21;1479.20;28.35;13.39;748.16;3.00;4.26;12.79
22.01.2021;12:20:21;1531.65;28.37;13.34;748.17;3.11;4.43;13.77
22.01.2021;12:21:21;1630.01;28.44;13.30;748.18;3.27;4.71;15.39
22.01.2021;12:22:21;1656.14;28.51;13.27;748.20;3.35;4.84;16.25
22.01.2021;12:23:21;1596.33;28.54;13.23;748.20;3.23;4.64;15.02
22.01.2021;12:24:21;1649.75;28.63;13.21;748.20;3.39;4.90;16.59
22.01.2021;12:25:21;1532.36;28.66;13.19;748.20;3.18;4.56;14.48
22.01.2021;12:26:21;1625.30;28.69;13.17;748.19;3.44;4.98;17.10
22.01.2021;12:27:21;1508.17;28.76;13.15;748.18;3.18;4.55;14.46
22.01.2021;12:28:21;1542.00;28.82;13.11;748.17;3.19;4.58;14.61
22.01.2021;12:29:21;1585.85;28.84;13.09;748.16;3.24;4.65;15.06
22.01.2021;12:30:21;1674.83;28.87;13.07;748.14;3.38;4.89;16.55
22.01.2021;12:31:21;1912.36;28.89;13.10;748.15;3.76;5.51;20.72
22.01.2021;12:32:21;1980.33;28.90;13.14;748.14;3.78;5.55;20.98
22.01.2021;12:33:21;2128.66;28.90;13.18;748.10;3.96;5.86;23.21
22.01.2021;12:34:22;1997.32;28.88;13.21;748.07;3.74;5.49;20.53
22.01.2021;12:35:22;2079.17;28.84;13.26;748.06;3.89;5.72;22.23
22.01.2021;12:36:22;1979.24;28.80;13.27;748.06;3.76;5.51;20.71
22.01.2021;12:37:22;1792.75;28.81;13.27;748.05;3.51;5.12;17.98
22.01.2021;12:38:22;1672.03;28.83;13.24;748.04;3.36;4.86;16.32
22.01.2021;12:39:22;1581.35;28.84;13.21;748.04;3.27;4.70;15.40
22.01.2021;12:40:22;1486.08;28.88;13.18;748.03;3.07;4.39;13.48
22.01.2021;12:41:22;1437.26;28.90;13.14;748.02;2.97;4.21;12.51
22.01.2021;12:42:22;1450.89;28.92;13.11;748.01;2.99;4.25;12.72
22.01.2021;12:43:22;1461.94;28.97;13.07;748.01;3.01;4.29;12.92
22.01.2021;12:44:22;1503.86;29.01;13.04;748.00;3.10;4.41;13.65
22.01.2021;12:45:22;1539.75;29.06;13.02;747.98;3.15;4.51;14.22
22.01.2021;12:46:22;1579.29;29.05;13.02;747.96;3.21;4.61;14.78
22.01.2021;12:47:22;1635.24;29.04;13.02;747.96;3.29;4.75;15.63
22.01.2021;12:48:22;1732.33;29.07;13.03;747.96;3.43;4.97;17.05
22.01.2021;12:49:22;1835.40;29.10;13.06;747.95;3.57;5.20;18.58
22.01.2021;12:50:22;1915.65;29.10;13.08;747.94;3.69;5.39;19.88
22.01.2021;12:51:22;1952.09;29.08;13.12;747.90;3.74;5.47;20.45
22.01.2021;12:52:22;1898.35;29.06;13.16;747.88;3.68;5.39;19.82
22.01.2021;12:53:22;1822.30;29.02;13.16;747.87;3.60;5.26;18.92
22.01.2021;12:54:22;1764.01;29.06;13.15;747.86;3.53;5.15;18.18
22.01.2021;12:55:22;1709.99;29.04;13.16;747.87;3.48;5.05;17.59
22.01.2021;12:56:22;1662.25;29.03;13.15;747.87;3.42;4.96;16.96
22.01.2021;12:57:22;1620.96;29.07;13.14;747.87;3.36;4.86;16.34
22.01.2021;12:58:23;1574.34;29.06;13.14;747.86;3.29;4.74;15.59
22.01.2021;12:59:23;1559.99;29.09;13.11;747.85;3.27;4.71;15.38
22.01.2021;13:00:23;1624.86;29.11;13.11;747.84;3.44;4.98;17.13
22.01.2021;13:01:23;1596.50;29.12;13.11;747.82;3.36;4.85;16.32
22.01.2021;13:02:23;1489.38;29.12;13.08;747.80;3.13;4.47;14.01
22.01.2021;13:03:23;1615.99;29.17;13.07;747.79;3.43;4.97;17.04
22.01.2021;13:04:23;1559.49;29.19;13.07;747.79;3.32;4.80;15.92
22.01.2021;13:05:23;1524.66;29.21;13.05;747.77;3.23;4.64;14.98
22.01.2021;13:06:23;1407.11;29.18;13.03;747.75;2.95;4.17;12.28
22.01.2021;13:07:23;1282.76;29.22;12.98;747.74;2.63;3.64;9.57
22.01.2021;13:08:23;1299.70;29.26;12.93;747.72;2.70;3.76;10.18
22.01.2021;13:09:23;1418.33;29.32;12.90;747.72;3.06;4.36;13.34
22.01.2021;13:10:23;1483.28;29.35;12.89;747.73;3.22;4.62;14.85
22.01.2021;13:11:23;1253.82;29.41;12.85;747.73;2.58;3.55;9.14
22.01.2021;13:12:23;1270.58;29.48;12.80;747.73;2.69;3.73;10.02
22.01.2021;13:13:23;1253.90;29.56;12.76;747.71;2.59;3.58;9.30
22.01.2021;13:14:23;1381.22;29.62;12.72;747.70;3.01;4.28;12.87
22.01.2021;13:15:23;1369.00;29.65;12.72;747.69;2.99;4.23;12.62
22.01.2021;13:16:23;1354.54;29.66;12.71;747.68;2.95;4.19;12.37
22.01.2021;13:17:23;1345.97;29.70;12.69;747.67;2.93;4.14;12.13
22.01.2021;13:18:23;1340.51;29.73;12.69;747.67;2.92;4.11;11.99
22.01.2021;13:19:23;1337.96;29.75;12.68;747.67;2.91;4.11;11.94
22.01.2021;13:20:23;1328.16;29.77;12.66;747.65;2.89;4.08;11.79
22.01.2021;13:21:23;1329.75;29.83;12.65;747.63;2.89;4.07;11.74
22.01.2021;13:22:23;1323.77;29.86;12.64;747.61;2.87;4.04;11.60
22.01.2021;13:23:24;1337.50;29.88;12.62;747.61;2.90;4.10;11.87
22.01.2021;13:24:24;1332.86;29.91;12.62;747.61;2.88;4.06;11.72
22.01.2021;13:25:24;1320.34;29.93;12.61;747.59;2.87;4.03;11.56
22.01.2021;13:26:24;1308.76;29.94;12.60;747.59;2.85;4.01;11.41
22.01.2021;13:27:24;1297.22;29.94;12.58;747.59;2.83;3.97;11.23
22.01.2021;13:28:24;1300.35;29.99;12.58;747.61;2.83;3.97;11.23
22.01.2021;13:29:24;1296.74;30.03;12.57;747.60;2.82;3.95;11.17
22.01.2021;13:30:24;1293.50;30.05;12.57;747.60;2.82;3.95;11.14
22.01.2021;13:31:24;1291.65;30.06;12.55;747.61;2.82;3.95;11.13
22.01.2021;13:32:24;1287.88;30.09;12.54;747.60;2.81;3.94;11.07
22.01.2021;13:33:24;1285.35;30.10;12.53;747.60;2.81;3.93;11.03
22.01.2021;13:34:24;1283.01;30.13;12.52;747.60;2.81;3.92;11.01
22.01.2021;13:35:24;1278.04;30.17;12.51;747.59;2.80;3.91;10.95
22.01.2021;13:36:24;1274.92;30.18;12.49;747.57;2.80;3.90;10.92
22.01.2021;13:37:24;1271.67;30.20;12.50;747.56;2.79;3.89;10.87
22.01.2021;13:38:24;1268.75;30.19;12.51;747.56;2.79;3.90;10.86
22.01.2021;13:39:24;1265.28;30.22;12.50;747.53;2.79;3.90;10.87
22.01.2021;13:40:24;1264.54;30.24;12.49;747.51;2.79;3.90;10.88
22.01.2021;13:41:24;1259.82;30.24;12.50;747.49;2.79;3.89;10.84
22.01.2021;13:42:24;1258.31;30.22;12.50;747.49;2.79;3.90;10.87
22.01.2021;13:43:24;1256.94;30.24;12.49;747.48;2.79;3.89;10.88
22.01.2021;13:44:24;1258.11;30.27;12.49;747.49;2.80;3.91;10.94
22.01.2021;13:45:24;1258.15;30.27;12.49;747.49;2.81;3.92;11.00
22.01.2021;13:46:24;1257.83;30.26;12.48;747.50;2.81;3.91;10.99
22.01.2021;13:47:25;1263.67;30.29;12.48;747.51;2.83;3.96;11.20
22.01.2021;13:48:25;1281.28;30.33;12.47;747.49;2.87;4.03;11.55
22.01.2021;13:49:25;1301.40;30.35;12.48;747.49;2.91;4.10;11.94
22.01.2021;13:50:25;1316.46;30.32;12.49;747.49;2.93;4.15;12.17
22.01.2021;13:51:25;1329.68;30.32;12.49;747.49;2.96;4.19;12.38
22.01.2021;13:52:25;1340.25;30.33;12.49;747.50;2.96;4.20;12.45
22.01.2021;13:53:25;1326.04;30.37;12.50;747.53;2.90;4.08;11.85
22.01.2021;13:54:25;1261.26;30.39;12.48;747.54;2.68;3.72;9.99
22.01.2021;13:55:25;1377.08;30.42;12.48;747.54;2.93;4.15;12.17
22.01.2021;13:56:25;1492.92;30.38;12.52;747.55;3.16;4.53;14.32
22.01.2021;13:57:25;1569.99;30.38;12.57;747.54;3.30;4.75;15.69
22.01.2021;13:58:25;1625.04;30.32;12.61;747.53;3.41;4.93;16.83
22.01.2021;13:59:25;1661.13;30.28;12.65;747.51;3.50;5.08;17.79
22.01.2021;14:00:25;1632.96;30.23;12.69;747.49;3.47;5.04;17.45
22.01.2021;14:01:25;1567.78;30.21;12.73;747.48;3.37;4.88;16.47
22.01.2021;14:02:25;1493.10;30.21;12.74;747.45;3.25;4.67;15.17
22.01.2021;14:03:25;1478.42;30.18;12.76;747.45;3.24;4.65;15.04
22.01.2021;14:04:25;1522.34;30.13;12.79;747.45;3.34;4.82;16.10
22.01.2021;14:05:25;1537.79;30.05;12.82;747.46;3.34;4.82;16.09
22.01.2021;14:06:25;1593.29;30.08;12.84;747.46;3.44;4.97;17.09
22.01.2021;14:07:25;1595.61;30.02;12.88;747.46;3.46;5.02;17.36
22.01.2021;14:08:25;1547.93;29.97;12.91;747.44;3.40;4.92;16.72
22.01.2021;14:09:25;1499.42;29.97;12.92;747.44;3.33;4.81;16.01
22.01.2021;14:10:25;1445.86;29.94;12.93;747.42;3.25;4.67;15.18
22.01.2021;14:11:26;1434.79;29.92;12.95;747.42;3.26;4.68;15.24
22.01.2021;14:12:26;1362.31;29.89;12.95;747.42;3.12;4.45;13.91
22.01.2021;14:13:26;1301.01;29.91;12.94;747.43;3.02;4.29;12.96
22.01.2021;14:14:26;1248.71;29.88;12.93;747.41;2.91;4.10;11.92
22.01.2021;14:15:26;1208.96;29.86;12.93;747.41;2.83;3.96;11.20
22.01.2021;14:16:26;1172.05;29.89;12.91;747.40;2.80;3.91;10.96
22.01.2021;14:17:26;1080.65;29.91;12.88;747.39;2.60;3.60;9.36
22.01.2021;14:18:26;1021.03;29.93;12.85;747.40;2.47;3.37;8.31
22.01.2021;14:19:26;998.29;29.99;12.82;747.40;2.42;3.29;7.96
22.01.2021;14:20:26;964.42;30.04;12.79;747.40;2.35;3.17;7.44
22.01.2021;14:21:26;894.24;30.07;12.76;747.40;2.15;2.85;6.13
22.01.2021;14:22:26;866.92;30.12;12.72;747.43;2.07;2.70;5.61
22.01.2021;14:23:26;863.80;30.16;12.69;747.42;2.07;2.71;5.59
22.01.2021;14:24:26;854.08;30.20;12.65;747.43;2.06;2.69;5.56
22.01.2021;14:25:26;841.56;30.23;12.62;747.42;2.05;2.67;5.48
22.01.2021;14:26:26;827.37;30.28;12.59;747.43;2.02;2.63;5.32
22.01.2021;14:27:26;809.08;30.38;12.54;747.42;1.97;2.52;4.96
22.01.2021;14:28:26;809.63;30.44;12.52;747.41;1.97;2.52;4.98
22.01.2021;14:29:26;892.51;30.48;12.51;747.39;2.27;3.05;6.93
22.01.2021;14:30:26;853.46;30.52;12.50;747.37;2.13;2.79;5.94
22.01.2021;14:31:26;810.11;30.54;12.48;747.37;1.96;2.50;4.89
22.01.2021;14:32:26;839.03;30.55;12.47;747.36;2.02;2.60;5.24
22.01.2021;14:33:26;883.81;30.60;12.45;747.34;2.12;2.79;5.94
22.01.2021;14:34:26;920.81;30.63;12.44;747.33;2.20;2.92;6.42
22.01.2021;14:35:26;961.92;30.64;12.44;747.32;2.29;3.07;7.02
22.01.2021;14:36:26;1005.73;30.64;12.46;747.34;2.38;3.22;7.65
22.01.2021;14:37:26;1038.53;30.66;12.47;747.37;2.44;3.32;8.10
22.01.2021;14:38:27;1078.87;30.69;12.49;747.37;2.51;3.44;8.65
22.01.2021;14:39:27;1113.51;30.64;12.51;747.38;2.57;3.55;9.15
22.01.2021;14:40:27;1153.46;30.63;12.52;747.36;2.65;3.68;9.75
22.01.2021;14:41:27;1169.69;30.63;12.54;747.33;2.68;3.70;9.91
22.01.2021;14:42:27;1180.03;30.62;12.54;747.32;2.69;3.73;10.04
22.01.2021;14:43:27;1196.72;30.62;12.55;747.30;2.71;3.77;10.21
22.01.2021;14:44:27;1235.50;30.62;12.57;747.30;2.79;3.89;10.83
22.01.2021;14:45:27;1270.28;30.62;12.59;747.30;2.83;3.97;11.22
22.01.2021;14:46:27;1265.63;30.63;12.60;747.30;2.80;3.92;10.98
22.01.2021;14:47:27;1330.74;30.61;12.63;747.27;2.98;4.22;12.61
22.01.2021;14:48:27;1313.18;30.57;12.65;747.24;2.95;4.18;12.32
22.01.2021;14:49:27;1335.86;30.51;12.69;747.24;3.04;4.33;13.15
22.01.2021;14:50:27;1311.24;30.50;12.70;747.24;3.00;4.24;12.71
22.01.2021;14:51:27;1282.33;30.49;12.71;747.23;2.93;4.14;12.13
22.01.2021;14:52:27;1254.31;30.44;12.72;747.21;2.87;4.04;11.61
22.01.2021;14:53:27;1217.12;30.42;12.72;747.20;2.80;3.91;10.93
22.01.2021;14:54:27;1185.79;30.46;12.71;747.19;2.73;3.79;10.33
22.01.2021;14:55:27;1161.45;30.45;12.70;747.20;2.67;3.70;9.88
22.01.2021;14:56:27;1139.61;30.44;12.70;747.20;2.62;3.63;9.52
22.01.2021;14:57:27;1126.74;30.45;12.69;747.21;2.60;3.60;9.36
22.01.2021;14:58:27;1115.57;30.44;12.69;747.22;2.58;3.55;9.16
22.01.2021;14:59:27;1107.32;30.45;12.68;747.23;2.57;3.52;9.06
22.01.2021;15:00:27;1097.82;30.46;12.66;747.22;2.56;3.52;9.01
22.01.2021;15:01:27;1086.49;30.46;12.64;747.22;2.55;3.49;8.90
22.01.2021;15:02:27;1070.17;30.51;12.63;747.21;2.52;3.48;8.78
22.01.2021;15:03:28;1052.44;30.52;12.61;747.21;2.48;3.39;8.39
22.01.2021;15:04:28;1039.24;30.57;12.61;747.22;2.45;3.35;8.23
22.01.2021;15:05:28;1022.42;30.56;12.59;747.24;2.42;3.30;8.00
22.01.2021;15:06:28;992.99;30.60;12.57;747.26;2.35;3.18;7.47
22.01.2021;15:07:28;965.24;30.63;12.53;747.29;2.29;3.08;7.06
22.01.2021;15:08:28;938.26;30.67;12.52;747.31;2.24;2.99;6.69
22.01.2021;15:09:28;903.28;30.67;12.51;747.33;2.14;2.83;6.05
22.01.2021;15:10:28;865.79;30.69;12.47;747.33;2.04;2.65;5.39
22.01.2021;15:11:28;834.21;30.75;12.43;747.30;1.96;2.49;4.88
22.01.2021;15:12:28;806.88;30.80;12.41;747.30;1.90;2.38;4.51
22.01.2021;15:13:28;782.04;30.83;12.39;747.31;1.85;2.28;4.22
22.01.2021;15:14:28;757.43;30.89;12.35;747.31;1.80;2.19;3.94
22.01.2021;15:15:28;734.96;30.91;12.33;747.33;1.74;2.11;3.68
22.01.2021;15:16:28;723.50;30.98;12.30;747.34;1.74;2.11;3.66
22.01.2021;15:17:28;720.79;31.02;12.29;747.35;1.77;2.14;3.79
22.01.2021;15:18:28;710.69;31.04;12.27;747.34;1.76;2.14;3.78
22.01.2021;15:19:28;695.25;31.08;12.25;747.34;1.73;2.11;3.65
22.01.2021;15:20:28;674.86;31.13;12.22;747.33;1.67;2.07;3.45
22.01.2021;15:21:28;662.86;31.19;12.20;747.33;1.65;2.05;3.39
22.01.2021;15:22:28;663.95;31.19;12.18;747.34;1.69;2.10;3.54
22.01.2021;15:23:28;661.79;31.23;12.18;747.36;1.70;2.10;3.57
22.01.2021;15:24:28;658.53;31.25;12.17;747.37;1.70;2.10;3.57
22.01.2021;15:25:28;653.75;31.26;12.15;747.40;1.70;2.10;3.57
22.01.2021;15:26:28;653.94;31.31;12.13;747.39;1.72;2.10;3.62
22.01.2021;15:27:28;663.80;31.34;12.12;747.40;1.76;2.12;3.73
22.01.2021;15:28:28;672.51;31.39;12.11;747.43;1.79;2.19;3.92
22.01.2021;15:29:28;677.82;31.40;12.10;747.41;1.81;2.21;4.00
22.01.2021;15:30:29;682.50;31.44;12.10;747.40;1.83;2.26;4.14
22.01.2021;15:31:29;681.53;31.43;12.09;747.39;1.84;2.26;4.16
22.01.2021;15:32:29;682.90;31.46;12.10;747.39;1.85;2.29;4.24
22.01.2021;15:33:29;683.07;31.47;12.10;747.39;1.85;2.29;4.23
22.01.2021;15:34:29;684.80;31.46;12.10;747.37;1.85;2.29;4.24
22.01.2021;15:35:29;682.74;31.45;12.09;747.39;1.83;2.26;4.14
22.01.2021;15:36:29;676.65;31.48;12.09;747.38;1.80;2.19;3.96
22.01.2021;15:37:29;670.67;31.50;12.07;747.35;1.77;2.14;3.79
22.01.2021;15:38:29;662.97;31.49;12.07;747.34;1.74;2.11;3.68
22.01.2021;15:39:29;656.21;31.50;12.05;747.32;1.72;2.10;3.62
22.01.2021;15:40:29;653.75;31.59;12.04;747.32;1.72;2.10;3.61
22.01.2021;15:41:29;649.84;31.57;12.05;747.32;1.70;2.09;3.57
22.01.2021;15:42:29;645.36;31.56;12.04;747.31;1.69;2.09;3.53
22.01.2021;15:43:29;643.17;31.59;12.03;747.30;1.68;2.09;3.51
22.01.2021;15:44:29;642.92;31.64;12.03;747.30;1.68;2.09;3.53
22.01.2021;15:45:29;640.69;31.62;12.03;747.31;1.69;2.09;3.54
22.01.2021;15:46:29;637.47;31.59;12.02;747.31;1.69;2.09;3.53
22.01.2021;15:47:29;633.64;31.65;12.02;747.30;1.68;2.09;3.53
22.01.2021;15:48:29;631.06;31.66;12.01;747.28;1.69;2.10;3.55
22.01.2021;15:49:29;628.21;31.68;12.01;747.26;1.70;2.09;3.56
22.01.2021;15:50:29;622.42;31.66;11.99;747.25;1.71;2.10;3.58
22.01.2021;15:51:29;614.46;31.71;11.97;747.24;1.69;2.09;3.55
22.01.2021;15:52:29;604.24;31.74;11.97;747.25;1.67;2.07;3.47
22.01.2021;15:53:29;591.07;31.77;11.96;747.24;1.64;2.03;3.33
22.01.2021;15:54:29;577.42;31.77;11.95;747.21;1.61;1.98;3.19
22.01.2021;15:55:29;562.99;31.79;11.95;747.18;1.57;1.92;3.01
22.01.2021;15:56:29;546.65;31.80;11.95;747.16;1.53;1.85;2.82
22.01.2021;15:57:30;529.71;31.79;11.94;747.16;1.48;1.77;2.62
22.01.2021;15:58:30;511.09;31.85;11.92;747.15;1.43;1.68;2.40
22.01.2021;15:59:30;493.96;31.88;11.89;747.10;1.38;1.60;2.21
22.01.2021;16:00:30;477.79;31.88;11.89;747.10;1.33;1.53;2.04
22.01.2021;16:01:30;462.54;31.93;11.88;747.10;1.29;1.45;1.88
22.01.2021;16:02:30;445.49;31.92;11.86;747.11;1.24;1.37;1.70
22.01.2021;16:03:30;431.00;31.94;11.85;747.08;1.20;1.29;1.54
22.01.2021;16:04:30;419.88;31.98;11.84;747.08;1.17;1.25;1.46
22.01.2021;16:05:30;408.75;32.00;11.82;747.09;1.14;1.20;1.37
22.01.2021;16:06:30;398.01;32.03;11.80;747.07;1.12;1.19;1.33
22.01.2021;16:07:30;386.19;32.09;11.78;747.10;1.11;1.15;1.28
22.01.2021;16:08:30;373.56;32.12;11.76;747.09;1.09;1.12;1.21
22.01.2021;16:09:30;360.99;32.11;11.74;747.13;1.06;1.06;1.13
22.01.2021;16:10:30;345.23;32.17;11.72;747.15;1.02;1.00;1.03
22.01.2021;16:11:30;329.12;32.21;11.70;747.10;0.97;0.92;0.90
22.01.2021;16:12:30;314.22;32.23;11.68;747.16;0.93;0.83;0.78
22.01.2021;16:13:30;298.50;32.27;11.66;747.17;0.88;0.77;0.68
22.01.2021;16:14:30;283.04;32.33;11.62;747.13;0.82;0.66;0.54
22.01.2021;16:15:30;266.20;32.39;11.59;747.14;0.75;0.55;0.41
22.01.2021;16:16:30;248.35;32.60;11.56;747.12;0.67;0.43;0.29
22.01.2021;16:17:30;232.19;32.70;11.54;747.14;0.61;0.34;0.21
22.01.2021;16:18:30;217.19;32.74;11.50;747.13;0.57;0.28;0.16
22.01.2021;16:19:30;201.97;32.96;11.47;747.12;0.53;0.20;0.11
22.01.2021;16:20:30;186.16;33.06;11.43;747.13;0.48;0.12;0.06
22.01.2021;16:21:30;170.58;33.26;11.39;747.13;0.43;0.02;0.01
22.01.2021;16:22:30;155.51;33.44;11.36;747.14;0.38;0.00;0.00
22.01.2021;16:23:31;141.84;33.51;11.33;747.15;0.34;0.00;0.00
22.01.2021;16:24:30;129.74;33.64;11.30;747.13;0.30;0.00;0.00
22.01.2021;16:25:30;118.83;33.77;11.30;747.19;0.26;0.00;0.00
22.01.2021;16:26:31;109.18;33.86;11.29;747.21;0.23;0.00;0.00
22.01.2021;16:27:31;101.19;33.85;11.26;747.15;0.21;0.00;0.00
22.01.2021;16:28:31;94.21;33.96;11.24;747.13;0.19;0.00;0.00
22.01.2021;16:29:31;87.75;34.02;11.24;747.14;0.17;0.00;0.00
22.01.2021;16:30:31;81.43;34.10;11.23;747.13;0.16;0.00;0.00
22.01.2021;16:31:31;75.27;34.12;11.23;747.15;0.14;0.00;0.00
22.01.2021;16:32:31;69.33;34.17;11.20;747.15;0.13;0.00;0.00
22.01.2021;16:33:31;63.61;34.25;11.18;747.14;0.12;0.00;0.00
22.01.2021;16:34:31;58.33;34.24;11.17;747.18;0.10;0.00;0.00
22.01.2021;16:35:31;53.24;34.27;11.15;747.15;0.09;0.00;0.00
22.01.2021;16:36:31;48.31;34.34;11.12;747.12;0.08;0.00;0.00
22.01.2021;16:37:31;43.73;34.45;11.09;747.13;0.07;0.00;0.00
22.01.2021;16:38:31;39.49;34.49;11.08;747.10;0.05;0.00;0.00
22.01.2021;16:39:31;35.54;34.51;11.07;747.11;0.04;0.00;0.00
22.01.2021;16:40:31;31.96;34.57;11.04;747.11;0.03;0.00;0.00
22.01.2021;16:41:31;28.68;34.64;11.01;747.11;0.03;0.00;0.00
22.01.2021;16:42:31;25.62;34.64;11.00;747.13;0.02;0.00;0.00
22.01.2021;16:43:31;22.97;34.65;10.99;747.14;0.01;0.00;0.00
22.01.2021;16:44:31;20.43;34.67;10.97;747.14;0.00;0.00;0.00
22.01.2021;16:45:31;18.22;34.72;10.96;747.14;0.00;0.00;0.00
22.01.2021;16:46:31;16.25;34.79;10.93;747.14;0.00;0.00;0.00
22.01.2021;16:47:31;14.56;34.83;10.90;747.16;0.00;0.00;0.00
22.01.2021;16:48:31;12.98;34.85;10.88;747.16;0.00;0.00;0.00
22.01.2021;16:49:31;11.76;34.91;10.88;747.16;0.00;0.00;0.00
22.01.2021;16:50:31;10.46;34.95;10.87;747.14;0.00;0.00;0.00
22.01.2021;16:51:31;9.42;34.92;10.88;747.13;0.00;0.00;0.00
22.01.2021;16:52:31;8.49;34.90;10.85;747.13;0.00;0.00;0.00
22.01.2021;16:53:31;7.60;34.90;10.82;747.14;0.00;0.00;0.00
22.01.2021;16:54:31;6.81;34.96;10.79;747.12;0.00;0.00;0.00
22.01.2021;16:55:31;6.25;34.97;10.78;747.11;0.00;0.00;0.00
22.01.2021;16:56:31;5.83;35.05;10.76;747.13;0.00;0.00;0.00
22.01.2021;16:57:32;5.24;35.08;10.76;747.15;0.00;0.00;0.00
22.01.2021;16:58:32;5.00;35.16;10.76;747.16;0.00;0.00;0.00
22.01.2021;16:59:32;4.70;35.15;10.77;747.18;0.00;0.00;0.00
22.01.2021;17:00:32;4.19;35.09;10.75;747.19;0.00;0.00;0.00
22.01.2021;17:01:32;4.17;35.10;10.72;747.21;0.00;0.00;0.00
22.01.2021;17:02:32;4.17;35.21;10.70;747.21;0.00;0.00;0.00
22.01.2021;17:03:32;3.82;35.27;10.71;747.21;0.00;0.00;0.00
22.01.2021;17:04:32;3.33;35.22;10.70;747.22;0.00;0.00;0.00
22.01.2021;17:05:32;3.33;35.17;10.70;747.22;0.00;0.00;0.00
22.01.2021;17:06:32;3.35;35.19;10.68;747.20;0.00;0.00;0.00
22.01.2021;17:07:32;3.33;35.27;10.68;747.19;0.00;0.00;0.00
22.01.2021;17:08:32;3.33;35.21;10.68;747.20;0.00;0.00;0.00
22.01.2021;17:09:32;3.33;35.29;10.66;747.21;0.00;0.00;0.00
22.01.2021;17:10:32;3.33;35.32;10.65;747.23;0.00;0.00;0.00
22.01.2021;17:11:32;3.33;35.27;10.64;747.26;0.00;0.00;0.00
22.01.2021;17:12:32;3.33;35.37;10.60;747.29;0.00;0.00;0.00
22.01.2021;17:13:32;3.33;35.46;10.58;747.30;0.00;0.00;0.00
22.01.2021;17:14:32;2.90;35.43;10.59;747.28;0.00;0.00;0.00
22.01.2021;17:15:32;2.57;35.46;10.60;747.28;0.00;0.00;0.00
22.01.2021;17:16:32;2.51;35.48;10.62;747.25;0.00;0.00;0.00
22.01.2021;17:17:32;2.53;35.47;10.61;747.23;0.00;0.00;0.00
22.01.2021;17:18:32;2.50;35.50;10.60;747.24;0.00;0.00;0.00
22.01.2021;17:19:32;2.50;35.45;10.61;747.23;0.00;0.00;0.00
22.01.2021;17:20:32;2.51;35.49;10.57;747.25;0.00;0.00;0.00
22.01.2021;17:21:32;2.50;35.55;10.57;747.27;0.00;0.00;0.00
22.01.2021;17:22:32;2.50;35.53;10.57;747.27;0.00;0.00;0.00
22.01.2021;17:23:32;2.50;35.53;10.59;747.28;0.00;0.00;0.00
22.01.2021;17:24:32;2.50;35.44;10.58;747.28;0.00;0.00;0.00
22.01.2021;17:25:32;2.50;35.48;10.56;747.27;0.00;0.00;0.00
22.01.2021;17:26:32;2.50;35.54;10.58;747.26;0.00;0.00;0.00
22.01.2021;17:27:32;2.50;35.55;10.58;747.26;0.00;0.00;0.00
22.01.2021;17:28:32;2.51;35.60;10.57;747.24;0.00;0.00;0.00
22.01.2021;17:29:33;2.50;35.55;10.57;747.23;0.00;0.00;0.00
22.01.2021;17:30:33;2.50;35.59;10.59;747.23;0.00;0.00;0.00
22.01.2021;17:31:33;2.53;35.53;10.56;747.23;0.00;0.00;0.00
22.01.2021;17:32:33;2.50;35.59;10.56;747.22;0.00;0.00;0.00
22.01.2021;17:33:33;2.50;35.60;10.55;747.22;0.00;0.00;0.00
22.01.2021;17:34:33;2.51;35.57;10.55;747.22;0.00;0.00;0.00
22.01.2021;17:35:33;2.50;35.59;10.56;747.23;0.00;0.00;0.00
22.01.2021;17:36:33;2.50;35.61;10.56;747.21;0.00;0.00;0.00
22.01.2021;17:37:33;2.50;35.61;10.56;747.19;0.00;0.00;0.00
22.01.2021;17:38:33;2.50;35.55;10.57;747.20;0.00;0.00;0.00
22.01.2021;17:39:33;2.50;35.63;10.56;747.20;0.00;0.00;0.00
22.01.2021;17:40:33;2.50;35.58;10.55;747.20;0.00;0.00;0.00
22.01.2021;17:41:33;2.50;35.68;10.52;747.19;0.00;0.00;0.00
22.01.2021;17:42:33;2.51;35.64;10.56;747.19;0.00;0.00;0.00
22.01.2021;17:43:33;2.50;35.54;10.55;747.20;0.00;0.00;0.00
22.01.2021;17:44:33;2.50;35.58;10.54;747.21;0.00;0.00;0.00
22.01.2021;17:45:33;2.53;35.56;10.53;747.22;0.00;0.00;0.00
22.01.2021;17:46:33;2.50;35.57;10.48;747.23;0.00;0.00;0.00
22.01.2021;17:47:33;2.50;35.65;10.49;747.25;0.00;0.00;0.00
22.01.2021;17:48:33;2.51;35.67;10.49;747.27;0.00;0.00;0.00
22.01.2021;17:49:33;2.50;35.64;10.48;747.30;0.00;0.00;0.00
22.01.2021;17:50:33;2.50;35.74;10.43;747.32;0.00;0.00;0.00
22.01.2021;17:51:33;2.50;35.73;10.41;747.35;0.00;0.00;0.00
22.01.2021;17:52:33;2.50;35.81;10.42;747.35;0.00;0.00;0.00
22.01.2021;17:53:33;2.50;35.82;10.42;747.33;0.00;0.00;0.00
22.01.2021;17:54:33;2.50;35.77;10.43;747.29;0.00;0.00;0.00
22.01.2021;17:55:33;2.50;35.85;10.44;747.27;0.00;0.00;0.00
22.01.2021;17:56:33;2.51;35.81;10.45;747.25;0.00;0.00;0.00
22.01.2021;17:57:33;2.50;35.77;10.45;747.23;0.00;0.00;0.00
22.01.2021;17:58:33;2.50;35.78;10.45;747.21;0.00;0.00;0.00
22.01.2021;17:59:33;2.53;35.84;10.45;747.23;0.00;0.00;0.00
22.01.2021;18:00:33;2.50;35.75;10.45;747.23;0.00;0.00;0.00
22.01.2021;18:01:33;2.50;35.76;10.44;747.24;0.00;0.00;0.00
22.01.2021;18:02:34;2.51;35.78;10.41;747.25;0.00;0.00;0.00
22.01.2021;18:03:34;2.50;35.88;10.39;747.26;0.00;0.00;0.00
22.01.2021;18:04:34;2.50;35.87;10.39;747.28;0.00;0.00;0.00
22.01.2021;18:05:34;2.50;35.91;10.40;747.29;0.00;0.00;0.00
22.01.2021;18:06:34;2.50;35.90;10.42;747.32;0.00;0.00;0.00
22.01.2021;18:07:34;2.50;35.85;10.42;747.32;0.00;0.00;0.00
22.01.2021;18:08:34;2.50;35.85;10.41;747.33;0.00;0.00;0.00
22.01.2021;18:09:34;2.50;35.88;10.39;747.33;0.00;0.00;0.00
22.01.2021;18:10:34;2.51;35.90;10.39;747.31;0.00;0.00;0.00
22.01.2021;18:11:34;2.50;35.93;10.40;747.30;0.00;0.00;0.00
22.01.2021;18:12:34;2.50;35.85;10.39;747.28;0.00;0.00;0.00
22.01.2021;18:13:34;2.53;35.93;10.38;747.27;0.00;0.00;0.00
22.01.2021;18:14:34;2.50;35.95;10.36;747.27;0.00;0.00;0.00
22.01.2021;18:15:34;2.50;35.97;10.38;747.26;0.00;0.00;0.00
22.01.2021;18:16:34;2.51;35.93;10.38;747.26;0.00;0.00;0.00
22.01.2021;18:17:34;2.50;35.99;10.37;747.26;0.00;0.00;0.00
22.01.2021;18:18:34;2.50;36.01;10.36;747.27;0.00;0.00;0.00
22.01.2021;18:19:34;2.50;35.93;10.35;747.26;0.00;0.00;0.00
22.01.2021;18:20:34;2.50;35.94;10.36;747.25;0.00;0.00;0.00
22.01.2021;18:21:34;2.50;35.98;10.35;747.25;0.00;0.00;0.00
22.01.2021;18:22:34;2.50;35.98;10.34;747.25;0.00;0.00;0.00
22.01.2021;18:23:34;2.50;36.01;10.34;747.27;0.00;0.00;0.00
22.01.2021;18:24:34;2.51;36.03;10.33;747.28;0.00;0.00;0.00
22.01.2021;18:25:34;2.50;36.08;10.33;747.30;0.00;0.00;0.00
22.01.2021;18:26:34;2.50;36.07;10.31;747.31;0.00;0.00;0.00
22.01.2021;18:27:34;2.53;36.10;10.32;747.31;0.00;0.00;0.00
22.01.2021;18:28:34;2.50;36.06;10.30;747.33;0.00;0.00;0.00
22.01.2021;18:29:34;2.50;36.12;10.28;747.32;0.00;0.00;0.00
22.01.2021;18:30:34;2.51;36.15;10.29;747.31;0.00;0.00;0.00
22.01.2021;18:31:34;2.50;36.13;10.28;747.30;0.00;0.00;0.00
22.01.2021;18:32:34;2.50;36.15;10.29;747.29;0.00;0.00;0.00
22.01.2021;18:33:34;2.50;36.19;10.31;747.29;0.00;0.00;0.00
22.01.2021;18:34:34;2.50;36.16;10.31;747.29;0.00;0.00;0.00
22.01.2021;18:35:35;2.50;36.19;10.32;747.29;0.00;0.00;0.00
22.01.2021;18:36:35;2.50;36.23;10.34;747.28;0.00;0.00;0.00
22.01.2021;18:37:35;2.50;36.11;10.35;747.27;0.00;0.00;0.00
22.01.2021;18:38:35;2.51;36.09;10.34;747.27;0.00;0.00;0.00
22.01.2021;18:39:35;2.50;36.15;10.34;747.28;0.00;0.00;0.00
22.01.2021;18:40:35;2.50;36.09;10.36;747.27;0.00;0.00;0.00
22.01.2021;18:41:35;2.53;36.09;10.36;747.25;0.00;0.00;0.00
22.01.2021;18:42:35;2.50;36.10;10.38;747.26;0.00;0.00;0.00
22.01.2021;18:43:35;2.50;36.10;10.39;747.27;0.00;0.00;0.00
22.01.2021;18:44:35;2.51;36.05;10.40;747.28;0.00;0.00;0.00
22.01.2021;18:45:35;2.50;36.08;10.38;747.30;0.00;0.00;0.00
22.01.2021;18:46:35;2.50;36.10;10.39;747.31;0.00;0.00;0.00
22.01.2021;18:47:35;2.50;36.04;10.40;747.30;0.00;0.00;0.00
22.01.2021;18:48:35;2.50;36.03;10.40;747.29;0.00;0.00;0.00
22.01.2021;18:49:35;2.50;36.05;10.42;747.29;0.00;0.00;0.00
22.01.2021;18:50:35;2.50;36.01;10.44;747.26;0.00;0.00;0.00
22.01.2021;18:51:35;2.50;35.92;10.43;747.23;0.00;0.00;0.00
22.01.2021;18:52:35;2.51;35.93;10.45;747.20;0.00;0.00;0.00
22.01.2021;18:53:35;2.50;35.89;10.43;747.23;0.00;0.00;0.00
22.01.2021;18:54:35;2.50;35.93;10.42;747.25;0.00;0.00;0.00
22.01.2021;18:55:35;2.53;35.99;10.43;747.24;0.00;0.00;0.00
22.01.2021;18:56:35;2.50;35.94;10.43;747.21;0.00;0.00;0.00
22.01.2021;18:57:35;2.50;35.92;10.41;747.21;0.00;0.00;0.00
22.01.2021;18:58:35;2.51;35.96;10.42;747.22;0.00;0.00;0.00
22.01.2021;18:59:35;2.50;35.97;10.41;747.21;0.00;0.00;0.00
22.01.2021;19:00:35;2.50;35.97;10.39;747.21;0.00;0.00;0.00
22.01.2021;19:01:35;2.50;35.97;10.41;747.24;0.00;0.00;0.00
22.01.2021;19:02:35;2.50;36.01;10.39;747.24;0.00;0.00;0.00
22.01.2021;19:03:35;2.50;36.06;10.39;747.24;0.00;0.00;0.00
22.01.2021;19:04:35;2.50;36.09;10.39;747.22;0.00;0.00;0.00
22.01.2021;19:05:35;2.50;36.01;10.40;747.21;0.00;0.00;0.00
22.01.2021;19:06:35;2.51;35.99;10.37;747.21;0.00;0.00;0.00
22.01.2021;19:07:35;2.50;36.08;10.36;747.22;0.00;0.00;0.00
22.01.2021;19:08:36;2.50;36.05;10.35;747.21;0.00;0.00;0.00
22.01.2021;19:09:36;2.53;36.13;10.37;747.21;0.00;0.00;0.00
22.01.2021;19:10:36;2.50;36.05;10.36;747.21;0.00;0.00;0.00
22.01.2021;19:11:36;2.50;36.11;10.36;747.20;0.00;0.00;0.00
22.01.2021;19:12:36;2.51;36.12;10.35;747.19;0.00;0.00;0.00
22.01.2021;19:13:36;2.50;36.12;10.39;747.19;0.00;0.00;0.00
22.01.2021;19:14:36;2.50;36.08;10.37;747.19;0.00;0.00;0.00
22.01.2021;19:15:36;2.50;36.10;10.37;747.19;0.00;0.00;0.00
22.01.2021;19:16:36;2.50;36.13;10.40;747.20;0.00;0.00;0.00
22.01.2021;19:17:36;2.50;36.01;10.39;747.18;0.00;0.00;0.00
22.01.2021;19:18:36;2.50;36.06;10.37;747.18;0.00;0.00;0.00
22.01.2021;19:19:36;2.50;36.07;10.36;747.17;0.00;0.00;0.00
22.01.2021;19:20:36;2.51;36.13;10.37;747.18;0.00;0.00;0.00
22.01.2021;19:21:36;2.50;36.15;10.36;747.17;0.00;0.00;0.00
22.01.2021;19:22:36;2.50;36.20;10.39;747.17;0.00;0.00;0.00
22.01.2021;19:23:36;2.53;36.10;10.40;747.18;0.00;0.00;0.00
22.01.2021;19:24:36;2.50;36.07;10.41;747.17;0.00;0.00;0.00
22.01.2021;19:25:36;2.50;36.13;10.39;747.16;0.00;0.00;0.00
22.01.2021;19:26:36;2.51;36.12;10.39;747.14;0.00;0.00;0.00
22.01.2021;19:27:36;2.50;36.05;10.41;747.14;0.00;0.00;0.00
22.01.2021;19:28:36;2.50;36.02;10.40;747.16;0.00;0.00;0.00
22.01.2021;19:29:36;2.50;36.11;10.37;747.17;0.00;0.00;0.00
22.01.2021;19:30:36;2.50;36.17;10.36;747.15;0.00;0.00;0.00
22.01.2021;19:31:36;2.50;36.22;10.37;747.15;0.00;0.00;0.00
22.01.2021;19:32:36;2.50;36.13;10.37;747.14;0.00;0.00;0.00
22.01.2021;19:33:36;2.50;36.14;10.39;747.13;0.00;0.00;0.00
22.01.2021;19:34:36;2.51;36.12;10.41;747.13;0.00;0.00;0.00
22.01.2021;19:35:36;2.50;36.10;10.40;747.13;0.00;0.00;0.00
22.01.2021;19:36:36;2.50;36.13;10.41;747.13;0.00;0.00;0.00
22.01.2021;19:37:36;2.53;36.07;10.42;747.12;0.00;0.00;0.00
22.01.2021;19:38:36;2.50;36.08;10.42;747.14;0.00;0.00;0.00
22.01.2021;19:39:36;2.50;36.08;10.42;747.14;0.00;0.00;0.00
22.01.2021;19:40:37;2.51;36.10;10.44;747.16;0.00;0.00;0.00
22.01.2021;19:41:37;2.50;36.08;10.45;747.17;0.00;0.00;0.00
22.01.2021;19:42:37;2.50;35.99;10.44;747.18;0.00;0.00;0.00
22.01.2021;19:43:37;2.50;36.00;10.43;747.16;0.00;0.00;0.00
22.01.2021;19:44:37;2.50;36.08;10.43;747.14;0.00;0.00;0.00
22.01.2021;19:45:37;2.50;36.02;10.44;747.14;0.00;0.00;0.00
22.01.2021;19:46:37;2.50;36.01;10.42;747.13;0.00;0.00;0.00
22.01.2021;19:47:37;2.50;36.06;10.41;747.12;0.00;0.00;0.00
22.01.2021;19:48:37;2.51;36.09;10.42;747.11;0.00;0.00;0.00
22.01.2021;19:49:37;2.50;36.08;10.41;747.10;0.00;0.00;0.00
22.01.2021;19:50:37;2.50;36.15;10.39;747.10;0.00;0.00;0.00
22.01.2021;19:51:37;2.53;36.14;10.40;747.09;0.00;0.00;0.00
22.01.2021;19:52:37;2.50;36.08;10.39;747.06;0.00;0.00;0.00
22.01.2021;19:53:37;2.50;36.15;10.41;747.04;0.00;0.00;0.00
22.01.2021;19:54:37;2.51;36.08;10.41;747.02;0.00;0.00;0.00
22.01.2021;19:55:37;2.50;36.13;10.41;747.01;0.00;0.00;0.00
22.01.2021;19:56:37;2.50;36.13;10.41;746.99;0.00;0.00;0.00
22.01.2021;19:57:37;2.50;36.07;10.40;746.98;0.00;0.00;0.00
22.01.2021;19:58:37;2.50;36.11;10.41;746.97;0.00;0.00;0.00
22.01.2021;19:59:37;2.50;36.13;10.40;746.98;0.00;0.00;0.00
22.01.2021;20:00:37;2.50;36.15;10.42;746.98;0.00;0.00;0.00
22.01.2021;20:01:37;2.50;36.11;10.42;746.97;0.00;0.00;0.00
22.01.2021;20:02:37;2.51;36.07;10.40;746.96;0.00;0.00;0.00
22.01.2021;20:03:37;2.50;36.14;10.41;746.95;0.00;0.00;0.00
22.01.2021;20:04:37;2.50;36.13;10.43;746.94;0.00;0.00;0.00
22.01.2021;20:05:37;2.53;36.07;10.45;746.93;0.00;0.00;0.00
22.01.2021;20:06:37;2.50;36.10;10.45;746.93;0.00;0.00;0.00
22.01.2021;20:07:37;2.50;36.05;10.43;746.96;0.00;0.00;0.00
22.01.2021;20:08:37;2.51;36.08;10.41;746.97;0.00;0.00;0.00
22.01.2021;20:09:37;2.50;36.09;10.40;746.98;0.00;0.00;0.00
22.01.2021;20:10:37;2.50;36.13;10.39;746.99;0.00;0.00;0.00
22.01.2021;20:11:37;2.50;36.23;10.38;746.99;0.00;0.00;0.00
22.01.2021;20:12:37;2.50;36.19;10.37;746.99;0.00;0.00;0.00
22.01.2021;20:13:38;2.50;36.24;10.40;746.98;0.00;0.00;0.00
22.01.2021;20:14:38;2.50;36.12;10.40;746.97;0.00;0.00;0.00
22.01.2021;20:15:38;2.50;36.24;10.39;746.98;0.00;0.00;0.00
22.01.2021;20:16:38;2.51;36.18;10.36;746.99;0.00;0.00;0.00
22.01.2021;20:17:38;2.50;36.27;10.37;747.01;0.00;0.00;0.00
22.01.2021;20:18:38;2.50;36.30;10.37;747.00;0.00;0.00;0.00
22.01.2021;20:19:38;2.53;36.39;10.39;747.00;0.00;0.00;0.00
22.01.2021;20:20:38;2.50;36.26;10.40;746.99;0.00;0.00;0.00
22.01.2021;20:21:38;2.50;36.23;10.40;746.98;0.00;0.00;0.00
22.01.2021;20:22:38;2.51;36.23;10.39;746.96;0.00;0.00;0.00
22.01.2021;20:23:38;2.50;36.22;10.38;746.96;0.00;0.00;0.00
22.01.2021;20:24:38;2.50;36.28;10.37;746.96;0.00;0.00;0.00
22.01.2021;20:25:38;2.50;36.27;10.38;746.97;0.00;0.00;0.00
22.01.2021;20:26:38;2.50;36.25;10.39;746.95;0.00;0.00;0.00
22.01.2021;20:27:38;2.50;36.22;10.39;746.94;0.00;0.00;0.00
22.01.2021;20:28:38;2.50;36.27;10.38;746.95;0.00;0.00;0.00
22.01.2021;20:29:38;2.50;36.33;10.41;746.94;0.00;0.00;0.00
22.01.2021;20:30:38;2.51;36.27;10.41;746.96;0.00;0.00;0.00
22.01.2021;20:31:38;2.50;36.27;10.39;746.95;0.00;0.00;0.00
22.01.2021;20:32:38;2.50;36.25;10.41;746.95;0.00;0.00;0.00
22.01.2021;20:33:38;2.53;36.18;10.39;746.94;0.00;0.00;0.00
22.01.2021;20:34:38;2.50;36.22;10.39;746.92;0.00;0.00;0.00
22.01.2021;20:35:38;2.50;36.28;10.37;746.94;0.00;0.00;0.00
22.01.2021;20:36:38;2.51;36.36;10.37;746.97;0.00;0.00;0.00
22.01.2021;20:37:38;2.50;36.33;10.39;746.97;0.00;0.00;0.00
22.01.2021;20:38:38;2.50;36.29;10.38;746.97;0.00;0.00;0.00
22.01.2021;20:39:38;2.50;36.34;10.37;746.95;0.00;0.00;0.00
22.01.2021;20:40:38;2.50;36.36;10.38;746.97;0.00;0.00;0.00
22.01.2021;20:41:38;2.50;36.38;10.38;746.97;0.00;0.00;0.00
22.01.2021;20:42:38;2.50;36.38;10.37;746.99;0.00;0.00;0.00
22.01.2021;20:43:38;2.50;36.43;10.39;747.00;0.00;0.00;0.00
22.01.2021;20:44:38;2.51;36.33;10.39;747.00;0.00;0.00;0.00
22.01.2021;20:45:38;2.50;36.36;10.40;746.99;0.00;0.00;0.00
22.01.2021;20:46:39;2.50;36.36;10.39;746.98;0.00;0.00;0.00
22.01.2021;20:47:39;2.53;36.36;10.41;747.00;0.00;0.00;0.00
22.01.2021;20:48:39;2.50;36.34;10.40;747.01;0.00;0.00;0.00
22.01.2021;20:49:39;2.50;36.36;10.40;747.01;0.00;0.00;0.00
22.01.2021;20:50:39;2.51;36.33;10.43;747.00;0.00;0.00;0.00
22.01.2021;20:51:39;2.50;36.32;10.46;747.00;0.00;0.00;0.00
22.01.2021;20:52:39;2.50;36.31;10.47;746.98;0.00;0.00;0.00
22.01.2021;20:53:39;2.50;36.24;10.46;746.96;0.00;0.00;0.00
22.01.2021;20:54:39;2.50;36.28;10.45;746.95;0.00;0.00;0.00
22.01.2021;20:55:39;2.50;36.31;10.46;746.95;0.00;0.00;0.00
22.01.2021;20:56:39;2.50;36.26;10.46;746.95;0.00;0.00;0.00
22.01.2021;20:57:39;2.50;36.27;10.45;746.96;0.00;0.00;0.00
22.01.2021;20:58:39;2.51;36.29;10.45;746.96;0.00;0.00;0.00
22.01.2021;20:59:39;2.50;36.26;10.45;746.97;0.00;0.00;0.00
22.01.2021;21:00:39;2.50;36.27;10.44;746.96;0.00;0.00;0.00
22.01.2021;21:01:39;2.53;36.32;10.44;746.96;0.00;0.00;0.00
22.01.2021;21:02:39;2.50;36.29;10.44;746.97;0.00;0.00;0.00
22.01.2021;21:03:39;2.50;36.32;10.45;746.97;0.00;0.00;0.00
22.01.2021;21:04:39;2.51;36.34;10.46;746.98;0.00;0.00;0.00
22.01.2021;21:05:39;2.50;36.38;10.47;746.99;0.00;0.00;0.00
22.01.2021;21:06:39;2.50;36.29;10.49;746.99;0.00;0.00;0.00
22.01.2021;21:07:39;2.50;36.32;10.50;746.99;0.00;0.00;0.00
22.01.2021;21:08:39;2.50;36.30;10.52;746.96;0.00;0.00;0.00
22.01.2021;21:09:39;2.50;36.24;10.54;746.93;0.00;0.00;0.00
22.01.2021;21:10:39;2.50;36.16;10.54;746.90;0.00;0.00;0.00
22.01.2021;21:11:39;2.50;36.15;10.53;746.88;0.00;0.00;0.00
22.01.2021;21:12:39;2.51;36.23;10.53;746.87;0.00;0.00;0.00
22.01.2021;21:13:39;2.50;36.19;10.51;746.87;0.00;0.00;0.00
22.01.2021;21:14:39;2.50;36.18;10.52;746.89;0.00;0.00;0.00
22.01.2021;21:15:39;2.53;36.15;10.55;746.91;0.00;0.00;0.00
22.01.2021;21:16:39;2.50;36.12;10.57;746.91;0.00;0.00;0.00
22.01.2021;21:17:39;2.50;36.20;10.57;746.89;0.00;0.00;0.00
22.01.2021;21:18:39;2.51;36.21;10.60;746.88;0.00;0.00;0.00
22.01.2021;21:19:40;2.50;36.14;10.59;746.89;0.00;0.00;0.00
22.01.2021;21:20:40;2.50;36.08;10.62;746.89;0.00;0.00;0.00
22.01.2021;21:21:40;2.50;36.06;10.60;746.87;0.00;0.00;0.00
22.01.2021;21:22:40;2.50;36.06;10.63;746.85;0.00;0.00;0.00
22.01.2021;21:23:40;2.50;36.02;10.64;746.85;0.00;0.00;0.00
22.01.2021;21:24:40;2.50;36.06;10.65;746.85;0.00;0.00;0.00
22.01.2021;21:25:40;2.50;35.98;10.64;746.85;0.00;0.00;0.00
22.01.2021;21:26:40;2.51;35.96;10.64;746.86;0.00;0.00;0.00
22.01.2021;21:27:40;2.50;35.94;10.65;746.87;0.00;0.00;0.00
22.01.2021;21:28:40;2.50;35.90;10.64;746.87;0.00;0.00;0.00
22.01.2021;21:29:40;2.53;36.04;10.62;746.87;0.00;0.00;0.00
22.01.2021;21:30:40;2.50;35.95;10.60;746.87;0.00;0.00;0.00
22.01.2021;21:31:40;2.50;35.98;10.61;746.86;0.00;0.00;0.00
22.01.2021;21:32:40;2.51;36.03;10.59;746.86;0.00;0.00;0.00
22.01.2021;21:33:40;2.50;36.10;10.58;746.85;0.00;0.00;0.00
22.01.2021;21:34:40;2.50;36.10;10.60;746.82;0.00;0.00;0.00
22.01.2021;21:35:40;2.50;36.03;10.61;746.80;0.00;0.00;0.00
22.01.2021;21:36:40;2.50;36.05;10.61;746.79;0.00;0.00;0.00
22.01.2021;21:37:40;2.50;36.02;10.61;746.77;0.00;0.00;0.00
22.01.2021;21:38:40;2.50;36.11;10.59;746.75;0.00;0.00;0.00
22.01.2021;21:39:40;2.50;36.09;10.61;746.76;0.00;0.00;0.00
22.01.2021;21:40:40;2.51;36.03;10.62;746.76;0.00;0.00;0.00
22.01.2021;21:41:40;2.50;36.05;10.62;746.76;0.00;0.00;0.00
22.01.2021;21:42:40;2.50;36.09;10.62;746.75;0.00;0.00;0.00
22.01.2021;21:43:40;2.53;36.08;10.62;746.76;0.00;0.00;0.00
22.01.2021;21:44:40;2.50;36.10;10.63;746.78;0.00;0.00;0.00
22.01.2021;21:45:40;2.50;36.06;10.61;746.80;0.00;0.00;0.00
22.01.2021;21:46:40;2.51;36.07;10.63;746.80;0.00;0.00;0.00
22.01.2021;21:47:40;2.50;36.07;10.64;746.81;0.00;0.00;0.00
22.01.2021;21:48:40;2.50;36.04;10.66;746.82;0.00;0.00;0.00
22.01.2021;21:49:40;2.50;36.05;10.66;746.81;0.00;0.00;0.00
22.01.2021;21:50:40;2.50;36.03;10.65;746.80;0.00;0.00;0.00
22.01.2021;21:51:41;2.50;36.03;10.66;746.80;0.00;0.00;0.00
22.01.2021;21:52:41;2.50;36.04;10.66;746.81;0.00;0.00;0.00
22.01.2021;21:53:41;2.50;36.03;10.67;746.82;0.00;0.00;0.00
22.01.2021;21:54:41;2.51;36.02;10.66;746.82;0.00;0.00;0.00
22.01.2021;21:55:41;2.50;36.00;10.70;746.84;0.00;0.00;0.00
22.01.2021;21:56:41;2.50;35.96;10.69;746.83;0.00;0.00;0.00
22.01.2021;21:57:41;2.53;36.02;10.67;746.81;0.00;0.00;0.00
22.01.2021;21:58:41;2.50;36.04;10.67;746.80;0.00;0.00;0.00
22.01.2021;21:59:41;2.50;35.96;10.67;746.79;0.00;0.00;0.00
22.01.2021;22:00:41;2.51;35.96;10.64;746.78;0.00;0.00;0.00
22.01.2021;22:01:41;2.50;36.04;10.65;746.77;0.00;0.00;0.00
22.01.2021;22:02:41;2.50;35.96;10.63;746.75;0.00;0.00;0.00
22.01.2021;22:03:41;2.50;36.04;10.61;746.74;0.00;0.00;0.00
22.01.2021;22:04:41;2.50;36.10;10.62;746.73;0.00;0.00;0.00
22.01.2021;22:05:41;2.50;36.11;10.59;746.72;0.00;0.00;0.00
22.01.2021;22:06:41;2.50;36.15;10.58;746.73;0.00;0.00;0.00
22.01.2021;22:07:41;2.50;36.14;10.57;746.77;0.00;0.00;0.00
22.01.2021;22:08:41;2.51;36.15;10.60;746.82;0.00;0.00;0.00
22.01.2021;22:09:41;2.50;36.17;10.60;746.86;0.00;0.00;0.00
22.01.2021;22:10:41;2.50;36.15;10.56;746.88;0.00;0.00;0.00
22.01.2021;22:11:41;2.53;36.17;10.56;746.91;0.00;0.00;0.00
22.01.2021;22:12:41;2.50;36.23;10.56;746.91;0.00;0.00;0.00
22.01.2021;22:13:41;2.50;36.26;10.59;746.88;0.00;0.00;0.00
22.01.2021;22:14:41;2.51;36.23;10.58;746.84;0.00;0.00;0.00
22.01.2021;22:15:41;2.50;36.27;10.58;746.85;0.00;0.00;0.00
22.01.2021;22:16:41;2.50;36.20;10.59;746.84;0.00;0.00;0.00
22.01.2021;22:17:41;2.50;36.18;10.56;746.82;0.00;0.00;0.00
22.01.2021;22:18:41;2.50;36.20;10.58;746.80;0.00;0.00;0.00
22.01.2021;22:19:41;2.50;36.22;10.58;746.80;0.00;0.00;0.00
22.01.2021;22:20:41;2.50;36.22;10.58;746.80;0.00;0.00;0.00
22.01.2021;22:21:41;2.50;36.21;10.57;746.78;0.00;0.00;0.00
22.01.2021;22:22:41;2.51;36.16;10.55;746.81;0.00;0.00;0.00
22.01.2021;22:23:41;2.50;36.24;10.55;746.83;0.00;0.00;0.00
22.01.2021;22:24:42;2.50;36.22;10.55;746.85;0.00;0.00;0.00
22.01.2021;22:25:42;2.53;36.32;10.54;746.86;0.00;0.00;0.00
22.01.2021;22:26:42;2.50;36.33;10.53;746.84;0.00;0.00;0.00
22.01.2021;22:27:42;2.50;36.33;10.54;746.83;0.00;0.00;0.00
22.01.2021;22:28:42;2.51;36.30;10.55;746.83;0.00;0.00;0.00
22.01.2021;22:29:42;2.50;36.29;10.52;746.84;0.00;0.00;0.00
22.01.2021;22:30:42;2.50;36.38;10.54;746.83;0.00;0.00;0.00
22.01.2021;22:31:42;2.50;36.33;10.54;746.81;0.00;0.00;0.00
22.01.2021;22:32:42;2.50;36.36;10.53;746.82;0.00;0.00;0.00
22.01.2021;22:33:42;2.50;36.37;10.52;746.83;0.00;0.00;0.00
22.01.2021;22:34:42;2.50;36.32;10.52;746.85;0.00;0.00;0.00
22.01.2021;22:35:42;2.50;36.39;10.52;746.85;0.00;0.00;0.00
22.01.2021;22:36:42;2.51;36.39;10.54;746.81;0.00;0.00;0.00
22.01.2021;22:37:42;2.50;36.31;10.54;746.78;0.00;0.00;0.00
22.01.2021;22:38:42;2.50;36.35;10.54;746.77;0.00;0.00;0.00
22.01.2021;22:39:42;2.53;36.36;10.54;746.79;0.00;0.00;0.00
22.01.2021;22:40:42;2.50;36.36;10.53;746.79;0.00;0.00;0.00
22.01.2021;22:41:42;2.50;36.35;10.52;746.80;0.00;0.00;0.00
22.01.2021;22:42:42;2.51;36.35;10.52;746.79;0.00;0.00;0.00
22.01.2021;22:43:42;2.50;36.32;10.50;746.79;0.00;0.00;0.00
22.01.2021;22:44:42;2.50;36.44;10.50;746.81;0.00;0.00;0.00
22.01.2021;22:45:42;2.50;36.46;10.49;746.82;0.00;0.00;0.00
22.01.2021;22:46:42;2.50;36.48;10.49;746.84;0.00;0.00;0.00
22.01.2021;22:47:42;2.50;36.41;10.49;746.84;0.00;0.00;0.00
22.01.2021;22:48:42;2.50;36.40;10.48;746.85;0.00;0.00;0.00
22.01.2021;22:49:42;2.50;36.49;10.46;746.86;0.00;0.00;0.00
22.01.2021;22:50:42;2.51;36.49;10.46;746.85;0.00;0.00;0.00
22.01.2021;22:51:42;2.50;36.53;10.44;746.83;0.00;0.00;0.00
22.01.2021;22:52:42;2.50;36.55;10.45;746.82;0.00;0.00;0.00
22.01.2021;22:53:42;2.53;36.54;10.47;746.81;0.00;0.00;0.00
22.01.2021;22:54:42;2.50;36.51;10.45;746.79;0.00;0.00;0.00
22.01.2021;22:55:42;2.50;36.58;10.44;746.77;0.00;0.00;0.00
22.01.2021;22:56:43;2.51;36.62;10.45;746.78;0.00;0.00;0.00
22.01.2021;22:57:43;2.50;36.60;10.47;746.78;0.00;0.00;0.00
22.01.2021;22:58:43;2.50;36.56;10.49;746.77;0.00;0.00;0.00
22.01.2021;22:59:43;2.50;36.54;10.48;746.75;0.00;0.00;0.00
22.01.2021;23:00:43;2.50;36.54;10.48;746.76;0.00;0.00;0.00
22.01.2021;23:01:43;2.50;36.55;10.49;746.76;0.00;0.00;0.00
22.01.2021;23:02:43;2.50;36.55;10.48;746.77;0.00;0.00;0.00
22.01.2021;23:03:43;2.50;36.58;10.48;746.77;0.00;0.00;0.00
22.01.2021;23:04:43;2.51;36.53;10.47;746.79;0.00;0.00;0.00
22.01.2021;23:05:43;2.50;36.53;10.47;746.81;0.00;0.00;0.00
22.01.2021;23:06:43;2.50;36.55;10.46;746.82;0.00;0.00;0.00
22.01.2021;23:07:43;2.53;36.57;10.45;746.83;0.00;0.00;0.00
22.01.2021;23:08:43;2.50;36.62;10.47;746.84;0.00;0.00;0.00
22.01.2021;23:09:43;2.50;36.64;10.48;746.83;0.00;0.00;0.00
22.01.2021;23:10:43;2.51;36.58;10.48;746.80;0.00;0.00;0.00
22.01.2021;23:11:43;2.50;36.61;10.49;746.75;0.00;0.00;0.00
22.01.2021;23:12:43;2.50;36.58;10.50;746.73;0.00;0.00;0.00
22.01.2021;23:13:43;2.50;36.55;10.50;746.73;0.00;0.00;0.00
22.01.2021;23:14:43;2.50;36.58;10.49;746.72;0.00;0.00;0.00
22.01.2021;23:15:43;2.50;36.68;10.46;746.72;0.00;0.00;0.00
22.01.2021;23:16:43;2.50;36.66;10.49;746.73;0.00;0.00;0.00
22.01.2021;23:17:43;2.50;36.56;10.51;746.72;0.00;0.00;0.00
22.01.2021;23:18:43;2.51;36.48;10.52;746.71;0.00;0.00;0.00
22.01.2021;23:19:43;2.50;36.52;10.52;746.70;0.00;0.00;0.00
22.01.2021;23:20:43;2.50;36.51;10.53;746.71;0.00;0.00;0.00
22.01.2021;23:21:43;2.53;36.48;10.52;746.71;0.00;0.00;0.00
22.01.2021;23:22:43;2.50;36.52;10.53;746.73;0.00;0.00;0.00
22.01.2021;23:23:43;2.50;36.49;10.53;746.74;0.00;0.00;0.00
22.01.2021;23:24:43;2.51;36.42;10.51;746.73;0.00;0.00;0.00
22.01.2021;23:25:43;2.50;36.56;10.51;746.72;0.00;0.00;0.00
22.01.2021;23:26:43;2.50;36.55;10.52;746.71;0.00;0.00;0.00
22.01.2021;23:27:43;2.50;36.60;10.52;746.69;0.00;0.00;0.00
22.01.2021;23:28:43;2.50;36.53;10.53;746.69;0.00;0.00;0.00
22.01.2021;23:29:44;2.50;36.51;10.56;746.69;0.00;0.00;0.00
22.01.2021;23:30:44;2.50;36.43;10.54;746.69;0.00;0.00;0.00
22.01.2021;23:31:44;2.50;36.50;10.52;746.68;0.00;0.00;0.00
22.01.2021;23:32:44;2.51;36.55;10.50;746.69;0.00;0.00;0.00
22.01.2021;23:33:44;2.50;36.58;10.49;746.68;0.00;0.00;0.00
22.01.2021;23:34:44;2.50;36.62;10.50;746.68;0.00;0.00;0.00
22.01.2021;23:35:44;2.53;36.55;10.51;746.69;0.00;0.00;0.00
22.01.2021;23:36:44;2.50;36.57;10.50;746.69;0.00;0.00;0.00
22.01.2021;23:37:44;2.50;36.56;10.52;746.66;0.00;0.00;0.00
22.01.2021;23:38:44;2.51;36.54;10.53;746.64;0.00;0.00;0.00
22.01.2021;23:39:44;2.50;36.49;10.53;746.62;0.00;0.00;0.00
22.01.2021;23:40:44;2.50;36.55;10.53;746.62;0.00;0.00;0.00
22.01.2021;23:41:44;2.50;36.52;10.53;746.65;0.00;0.00;0.00
22.01.2021;23:42:44;2.50;36.53;10.53;746.66;0.00;0.00;0.00
22.01.2021;23:43:44;2.50;36.61;10.51;746.68;0.00;0.00;0.00
22.01.2021;23:44:44;2.50;36.58;10.49;746.70;0.00;0.00;0.00
22.01.2021;23:45:44;2.50;36.59;10.49;746.70;0.00;0.00;0.00
22.01.2021;23:46:44;2.51;36.62;10.50;746.69;0.00;0.00;0.00
22.01.2021;23:47:44;2.50;36.60;10.52;746.68;0.00;0.00;0.00
22.01.2021;23:48:44;2.50;36.53;10.53;746.67;0.00;0.00;0.00
22.01.2021;23:49:44;2.53;36.51;10.50;746.65;0.00;0.00;0.00
22.01.2021;23:50:44;2.50;36.60;10.51;746.63;0.00;0.00;0.00
22.01.2021;23:51:44;2.50;36.56;10.51;746.62;0.00;0.00;0.00
22.01.2021;23:52:44;2.51;36.60;10.52;746.62;0.00;0.00;0.00
22.01.2021;23:53:44;2.50;36.54;10.52;746.63;0.00;0.00;0.00
22.01.2021;23:54:44;2.50;36.58;10.52;746.64;0.00;0.00;0.00
22.01.2021;23:55:44;2.50;36.53;10.52;746.65;0.00;0.00;0.00
22.01.2021;23:56:44;2.50;36.60;10.50;746.64;0.00;0.00;0.00
22.01.2021;23:57:44;2.50;36.60;10.49;746.62;0.00;0.00;0.00
22.01.2021;23:58:44;2.50;36.61;10.48;746.60;0.00;0.00;0.00
22.01.2021;23:59:44;2.50;36.59;10.48;746.57;0.00;0.00;0.00
