22.11.2020;12:22:54;1577.94;39.22;15.64;758.84;2.00;9.01;17.98
22.11.2020;12:23:54;1543.21;39.26;15.63;758.81;1.95;8.75;17.08
22.11.2020;12:24:54;1500.50;39.26;15.64;758.78;1.89;8.46;16.02
22.11.2020;12:25:54;1460.99;39.20;15.64;758.76;1.84;8.21;15.07
22.11.2020;12:26:54;1435.81;39.23;15.64;758.77;1.81;8.12;14.69
22.11.2020;12:27:54;1389.15;39.23;15.63;758.80;1.75;7.85;13.72
22.11.2020;12:28:54;1355.37;39.33;15.62;758.80;1.71;7.71;13.21
22.11.2020;12:29:55;1299.14;39.29;15.59;758.84;1.64;7.37;12.12
22.11.2020;12:30:55;1232.97;39.42;15.59;758.86;1.55;6.90;10.68
22.11.2020;12:31:55;1181.10;39.45;15.58;758.87;1.47;6.50;9.53
22.11.2020;12:32:55;1154.24;39.48;15.54;758.90;1.43;6.31;9.00
22.11.2020;12:33:55;1163.84;39.49;15.51;758.91;1.46;6.45;9.40
22.11.2020;12:34:55;1142.63;39.62;15.49;758.91;1.42;6.29;8.93
22.11.2020;12:35:55;1142.25;39.56;15.48;758.92;1.42;6.30;8.97
22.11.2020;12:36:55;1186.95;39.63;15.47;758.92;1.51;6.72;10.17
22.11.2020;12:37:55;1166.35;39.63;15.46;758.91;1.48;6.58;9.73
22.11.2020;12:38:55;1131.17;39.43;15.42;758.89;1.41;6.23;8.78
22.11.2020;12:39:55;1123.39;39.77;15.40;758.88;1.39;6.11;8.46
22.11.2020;12:40:55;1128.01;39.90;15.39;758.86;1.39;6.12;8.47
22.11.2020;12:41:55;1142.67;40.00;15.38;758.85;1.41;6.23;8.78
22.11.2020;12:42:55;1139.01;40.01;15.36;758.84;1.39;6.15;8.57
22.11.2020;12:43:55;1135.37;40.05;15.33;758.81;1.38;6.06;8.34
22.11.2020;12:44:55;1135.03;40.14;15.31;758.80;1.36;5.99;8.14
22.11.2020;12:45:55;1135.11;40.17;15.30;758.79;1.35;5.93;8.01
22.11.2020;12:46:55;1146.06;40.22;15.29;758.76;1.37;6.04;8.30
22.11.2020;12:47:55;1152.14;40.24;15.29;758.72;1.39;6.12;8.48
22.11.2020;12:48:55;1161.33;40.30;15.26;758.71;1.39;6.14;8.53
22.11.2020;12:49:55;1192.31;40.35;15.25;758.72;1.44;6.39;9.23
22.11.2020;12:50:55;1209.52;40.32;15.26;758.71;1.48;6.56;9.72
22.11.2020;12:51:55;1203.07;40.30;15.26;758.72;1.48;6.58;9.77
22.11.2020;12:52:55;1183.74;40.30;15.26;758.69;1.47;6.53;9.61
22.11.2020;12:53:55;1150.48;40.36;15.24;758.69;1.42;6.31;8.99
22.11.2020;12:54:56;1124.19;40.41;15.24;758.65;1.39;6.13;8.52
22.11.2020;12:55:56;1092.03;40.42;15.24;758.62;1.35;5.94;8.03
22.11.2020;12:56:56;1056.03;40.47;15.23;758.62;1.30;5.66;7.33
22.11.2020;12:57:56;1030.72;40.50;15.21;758.60;1.26;5.47;6.87
22.11.2020;12:58:56;1030.97;40.52;15.20;758.58;1.26;5.49;6.92
22.11.2020;12:59:56;1037.78;40.56;15.20;758.58;1.27;5.57;7.10
22.11.2020;13:00:56;1042.50;40.31;15.18;758.56;1.29;5.65;7.30
22.11.2020;13:01:56;1036.83;40.48;15.17;758.54;1.29;5.62;7.23
22.11.2020;13:02:56;1063.91;40.52;15.18;758.53;1.35;5.91;7.96
22.11.2020;13:03:56;1099.87;40.19;15.19;758.54;1.42;6.26;8.88
22.11.2020;13:04:56;1108.74;40.43;15.21;758.55;1.43;6.33;9.06
22.11.2020;13:05:56;1115.99;40.50;15.21;758.56;1.43;6.34;9.09
22.11.2020;13:06:56;1141.83;40.48;15.23;758.56;1.48;6.55;9.69
22.11.2020;13:07:56;1115.27;40.51;15.25;758.59;1.42;6.27;8.89
22.11.2020;13:08:56;1100.04;40.43;15.28;758.58;1.38;6.10;8.45
22.11.2020;13:09:56;1097.53;40.44;15.29;758.56;1.37;6.04;8.29
22.11.2020;13:10:56;1111.31;40.42;15.32;758.55;1.39;6.12;8.49
22.11.2020;13:11:56;1114.36;40.42;15.33;758.54;1.39;6.15;8.56
22.11.2020;13:12:56;1107.95;40.32;15.35;758.53;1.39;6.12;8.50
22.11.2020;13:13:56;1093.68;40.30;15.36;758.52;1.38;6.11;8.45
22.11.2020;13:14:56;1067.75;40.28;15.34;758.49;1.34;5.91;7.93
22.11.2020;13:15:56;1050.13;40.41;15.33;758.45;1.31;5.71;7.47
22.11.2020;13:16:56;1031.19;40.34;15.34;758.42;1.28;5.57;7.11
22.11.2020;13:17:56;1018.74;40.32;15.33;758.38;1.26;5.49;6.90
22.11.2020;13:18:57;1015.92;40.39;15.32;758.38;1.25;5.45;6.82
22.11.2020;13:19:57;1018.64;40.06;15.30;758.38;1.26;5.49;6.91
22.11.2020;13:20:57;1023.19;40.40;15.29;758.39;1.27;5.54;7.02
22.11.2020;13:21:57;1035.96;40.49;15.31;758.37;1.29;5.65;7.28
22.11.2020;13:22:57;1040.04;40.52;15.31;758.35;1.29;5.65;7.28
22.11.2020;13:23:57;1066.47;40.50;15.31;758.33;1.31;5.76;7.56
22.11.2020;13:24:57;1122.18;40.45;15.32;758.33;1.38;6.08;8.40
22.11.2020;13:25:57;1183.74;40.46;15.35;758.35;1.47;6.50;9.54
22.11.2020;13:26:57;1219.47;40.44;15.39;758.34;1.54;6.85;10.53
22.11.2020;13:27:57;1241.77;40.33;15.40;758.33;1.59;7.12;11.35
22.11.2020;13:28:57;1251.57;40.37;15.41;758.33;1.62;7.25;11.77
22.11.2020;13:29:57;1256.93;40.32;15.44;758.31;1.64;7.31;11.97
22.11.2020;13:30:57;1271.53;40.24;15.47;758.30;1.66;7.42;12.28
22.11.2020;13:31:57;1289.58;40.23;15.48;758.29;1.68;7.55;12.71
22.11.2020;13:32:57;1296.65;40.12;15.50;758.27;1.70;7.63;12.96
22.11.2020;13:33:57;1292.56;40.11;15.53;758.29;1.69;7.57;12.77
22.11.2020;13:34:57;1293.97;40.14;15.56;758.27;1.68;7.56;12.73
22.11.2020;13:35:57;1294.18;40.10;15.59;758.27;1.69;7.59;12.85
22.11.2020;13:36:57;1267.08;40.06;15.60;758.28;1.65;7.41;12.24
22.11.2020;13:37:57;1250.99;40.03;15.61;758.27;1.62;7.26;11.76
22.11.2020;13:38:57;1238.03;40.02;15.63;758.28;1.60;7.15;11.43
22.11.2020;13:39:57;1215.20;39.98;15.63;758.30;1.56;6.98;10.92
22.11.2020;13:40:57;1193.76;39.95;15.64;758.30;1.54;6.84;10.52
22.11.2020;13:41:57;1184.34;39.88;15.64;758.31;1.53;6.80;10.37
22.11.2020;13:42:58;1175.86;39.88;15.64;758.30;1.52;6.75;10.23
22.11.2020;13:43:58;1159.44;39.77;15.65;758.30;1.50;6.65;9.94
22.11.2020;13:44:58;1144.77;39.87;15.65;758.29;1.48;6.54;9.66
22.11.2020;13:45:58;1133.44;39.89;15.66;758.30;1.46;6.47;9.44
22.11.2020;13:46:58;1130.41;39.90;15.67;758.28;1.45;6.42;9.30
22.11.2020;13:47:58;1129.22;39.89;15.66;758.28;1.44;6.39;9.21
22.11.2020;13:48:58;1127.26;39.91;15.64;758.28;1.43;6.34;9.07
22.11.2020;13:49:58;1126.06;39.93;15.62;758.29;1.43;6.33;9.05
22.11.2020;13:50:58;1111.33;39.91;15.62;758.28;1.42;6.28;8.91
22.11.2020;13:51:58;1097.26;39.93;15.62;758.26;1.41;6.22;8.76
22.11.2020;13:52:58;1075.75;39.95;15.62;758.25;1.38;6.10;8.45
22.11.2020;13:53:58;1043.24;39.78;15.60;758.25;1.34;5.89;7.90
22.11.2020;13:54:58;1012.19;39.83;15.57;758.25;1.30;5.69;7.38
22.11.2020;13:55:58;994.17;39.91;15.56;758.26;1.27;5.57;7.09
22.11.2020;13:56:58;987.42;39.78;15.55;758.25;1.27;5.53;7.00
22.11.2020;13:57:58;984.81;39.86;15.53;758.23;1.25;5.48;6.86
22.11.2020;13:58:58;990.48;40.00;15.52;758.22;1.25;5.47;6.84
22.11.2020;13:59:58;1000.44;40.00;15.53;758.22;1.25;5.48;6.88
22.11.2020;14:00:58;1011.58;39.67;15.51;758.20;1.26;5.52;6.96
22.11.2020;14:01:58;1026.27;40.09;15.50;758.18;1.28;5.61;7.17
22.11.2020;14:02:58;1058.35;39.98;15.52;758.18;1.33;5.85;7.78
22.11.2020;14:03:58;1080.85;40.07;15.53;758.18;1.37;6.06;8.32
22.11.2020;14:04:58;1069.18;40.17;15.54;758.20;1.34;5.90;7.93
22.11.2020;14:05:58;1075.58;40.14;15.55;758.19;1.35;5.94;8.02
22.11.2020;14:06:59;1088.91;40.15;15.58;758.17;1.37;6.02;8.22
22.11.2020;14:07:59;1107.47;40.16;15.59;758.15;1.40;6.18;8.65
22.11.2020;14:08:59;1126.86;39.83;15.58;758.13;1.45;6.39;9.25
22.11.2020;14:09:59;1147.28;40.08;15.58;758.13;1.50;6.68;10.04
22.11.2020;14:10:59;1145.74;40.18;15.61;758.09;1.51;6.69;10.07
22.11.2020;14:11:59;1161.10;40.15;15.64;758.05;1.55;6.92;10.73
22.11.2020;14:12:59;1113.97;40.05;15.65;758.02;1.46;6.48;9.48
22.11.2020;14:13:59;1082.90;40.02;15.64;757.99;1.39;6.13;8.52
22.11.2020;14:14:59;1091.22;40.11;15.63;757.98;1.39;6.16;8.59
22.11.2020;14:15:59;1123.83;40.13;15.63;757.95;1.46;6.48;9.48
22.11.2020;14:16:59;1122.08;40.07;15.62;757.96;1.46;6.48;9.47
22.11.2020;14:17:59;1114.97;40.09;15.63;757.95;1.47;6.51;9.53
22.11.2020;14:18:59;1105.73;40.15;15.63;757.92;1.46;6.49;9.49
22.11.2020;14:19:59;1090.03;40.09;15.64;757.91;1.44;6.40;9.24
22.11.2020;14:20:59;1070.38;39.64;15.62;757.91;1.41;6.24;8.82
22.11.2020;14:21:59;1054.54;39.76;15.60;757.89;1.39;6.14;8.54
22.11.2020;14:22:59;1045.97;40.10;15.60;757.87;1.39;6.13;8.49
22.11.2020;14:23:59;1019.25;40.12;15.60;757.89;1.34;5.91;7.95
22.11.2020;14:24:59;994.81;39.85;15.58;757.90;1.31;5.74;7.50
22.11.2020;14:25:59;979.69;40.17;15.59;757.91;1.29;5.62;7.23
22.11.2020;14:26:59;968.60;40.17;15.58;757.92;1.27;5.57;7.08
22.11.2020;14:27:59;965.94;40.24;15.55;757.91;1.27;5.53;7.01
22.11.2020;14:28:59;942.60;40.26;15.53;757.88;1.22;5.31;6.47
22.11.2020;14:29:59;926.03;40.24;15.52;757.83;1.19;5.15;6.10
22.11.2020;14:30:59;921.54;40.34;15.50;757.84;1.18;5.12;6.04
22.11.2020;14:32:00;921.11;40.40;15.49;757.83;1.18;5.11;6.03
22.11.2020;14:33:00;926.88;40.37;15.49;757.82;1.19;5.16;6.13
22.11.2020;14:34:00;936.08;40.26;15.47;757.79;1.20;5.23;6.30
22.11.2020;14:35:00;943.42;40.31;15.46;757.79;1.22;5.32;6.49
22.11.2020;14:36:00;937.80;40.45;15.47;757.79;1.22;5.30;6.47
22.11.2020;14:37:00;925.97;40.37;15.47;757.77;1.21;5.24;6.31
22.11.2020;14:38:00;919.11;40.49;15.47;757.77;1.19;5.19;6.20
22.11.2020;14:39:00;920.93;40.54;15.47;757.76;1.21;5.26;6.36
22.11.2020;14:40:00;911.31;40.53;15.48;757.77;1.20;5.23;6.30
22.11.2020;14:41:00;890.54;40.56;15.47;757.76;1.18;5.11;6.02
22.11.2020;14:42:00;870.43;40.59;15.47;757.78;1.15;4.98;5.72
22.11.2020;14:43:00;855.61;40.52;15.45;757.78;1.13;4.89;5.54
22.11.2020;14:44:00;835.39;40.59;15.44;757.78;1.10;4.74;5.23
22.11.2020;14:45:00;822.60;40.59;15.43;757.78;1.08;4.64;5.03
22.11.2020;14:46:00;815.25;40.59;15.42;757.78;1.08;4.60;4.95
22.11.2020;14:47:00;801.60;40.67;15.42;757.78;1.05;4.51;4.76
22.11.2020;14:48:00;802.94;40.76;15.39;757.78;1.06;4.54;4.81
22.11.2020;14:49:00;803.69;40.80;15.36;757.77;1.07;4.58;4.89
22.11.2020;14:50:00;796.31;40.84;15.34;757.77;1.06;4.53;4.79
22.11.2020;14:51:00;784.39;40.81;15.33;757.75;1.05;4.45;4.66
22.11.2020;14:52:00;757.25;40.89;15.32;757.75;1.01;4.28;4.32
22.11.2020;14:53:00;713.35;40.97;15.29;757.75;0.93;3.89;3.62
22.11.2020;14:54:00;711.50;40.91;15.27;757.71;0.94;3.92;3.67
22.11.2020;14:55:00;691.12;41.00;15.25;757.70;0.90;3.77;3.41
22.11.2020;14:56:00;659.83;41.11;15.23;757.69;0.85;3.50;2.97
22.11.2020;14:57:01;636.14;41.06;15.21;757.66;0.82;3.38;2.77
22.11.2020;14:58:01;611.10;41.16;15.19;757.67;0.79;3.22;2.54
22.11.2020;14:59:01;591.67;41.10;15.18;757.63;0.77;3.11;2.38
22.11.2020;15:00:01;573.66;41.24;15.16;757.63;0.75;3.01;2.24
22.11.2020;15:01:01;557.19;41.37;15.12;757.62;0.73;2.92;2.12
22.11.2020;15:02:01;541.95;41.49;15.09;757.63;0.71;2.82;1.99
22.11.2020;15:03:01;527.32;41.49;15.07;757.61;0.69;2.72;1.87
22.11.2020;15:04:01;511.71;41.56;15.05;757.60;0.67;2.63;1.75
22.11.2020;15:05:01;497.75;41.64;15.03;757.59;0.65;2.54;1.65
22.11.2020;15:06:01;486.04;41.73;15.02;757.58;0.64;2.47;1.57
22.11.2020;15:07:01;476.94;41.72;14.99;757.58;0.62;2.41;1.50
22.11.2020;15:08:01;468.60;41.81;14.97;757.57;0.61;2.34;1.43
22.11.2020;15:09:01;463.40;41.88;14.96;757.56;0.60;2.30;1.38
22.11.2020;15:10:01;457.84;41.90;14.94;757.56;0.59;2.27;1.35
22.11.2020;15:11:01;454.51;41.99;14.92;757.56;0.59;2.26;1.33
22.11.2020;15:12:01;456.30;42.04;14.92;757.55;0.59;2.28;1.36
22.11.2020;15:13:01;459.65;42.02;14.90;757.56;0.60;2.31;1.39
22.11.2020;15:14:01;461.95;42.07;14.89;757.58;0.61;2.36;1.45
22.11.2020;15:15:01;461.94;42.07;14.89;757.59;0.62;2.39;1.47
22.11.2020;15:16:01;457.78;41.95;14.87;757.56;0.61;2.38;1.46
22.11.2020;15:17:01;448.19;42.08;14.86;757.55;0.60;2.31;1.40
22.11.2020;15:18:01;434.11;42.11;14.85;757.53;0.58;2.23;1.30
22.11.2020;15:19:01;419.70;42.15;14.84;757.51;0.56;2.12;1.19
22.11.2020;15:20:01;406.03;42.15;14.84;757.47;0.54;2.02;1.09
22.11.2020;15:21:01;392.90;42.18;14.83;757.45;0.52;1.95;1.02
22.11.2020;15:22:01;381.36;42.21;14.82;757.46;0.51;1.86;0.95
22.11.2020;15:23:02;365.63;42.27;14.81;757.47;0.49;1.75;0.86
22.11.2020;15:24:02;350.48;42.30;14.79;757.43;0.47;1.66;0.77
22.11.2020;15:25:02;335.42;42.35;14.76;757.43;0.44;1.56;0.69
22.11.2020;15:26:02;318.89;42.19;14.75;757.44;0.42;1.43;0.60
22.11.2020;15:27:02;303.29;42.42;14.74;757.48;0.40;1.32;0.53
22.11.2020;15:28:02;291.04;42.41;14.72;757.47;0.38;1.24;0.48
22.11.2020;15:29:02;279.73;42.49;14.70;757.44;0.37;1.19;0.44
22.11.2020;15:30:02;268.81;42.58;14.69;757.42;0.36;1.12;0.40
22.11.2020;15:31:02;255.28;42.67;14.67;757.39;0.34;1.04;0.35
22.11.2020;15:32:02;239.90;42.72;14.66;757.40;0.32;0.95;0.30
22.11.2020;15:33:02;224.47;42.72;14.65;757.42;0.30;0.84;0.25
22.11.2020;15:34:02;211.41;42.69;14.64;757.41;0.28;0.75;0.21
22.11.2020;15:35:02;200.83;42.72;14.63;757.40;0.26;0.68;0.18
22.11.2020;15:36:02;190.71;42.72;14.62;757.40;0.25;0.60;0.15
22.11.2020;15:37:02;179.40;42.79;14.60;757.40;0.23;0.51;0.12
22.11.2020;15:38:02;171.11;42.84;14.58;757.38;0.22;0.44;0.10
22.11.2020;15:39:02;163.40;42.88;14.57;757.36;0.20;0.39;0.08
22.11.2020;15:40:02;156.54;42.96;14.55;757.33;0.19;0.31;0.06
22.11.2020;15:41:02;150.76;42.99;14.56;757.30;0.18;0.28;0.05
22.11.2020;15:42:02;144.49;43.00;14.55;757.30;0.17;0.22;0.04
22.11.2020;15:43:02;136.67;43.04;14.53;757.31;0.16;0.16;0.02
22.11.2020;15:44:02;128.64;43.05;14.53;757.33;0.14;0.10;0.01
22.11.2020;15:45:02;121.29;43.08;14.53;757.36;0.13;0.03;0.00
22.11.2020;15:46:02;113.83;43.03;14.51;757.39;0.12;0.00;0.00
22.11.2020;15:47:02;106.24;43.13;14.49;757.38;0.11;0.00;0.00
22.11.2020;15:48:02;99.40;43.13;14.48;757.36;0.11;0.00;0.00
22.11.2020;15:49:02;93.57;43.23;14.47;757.34;0.10;0.00;0.00
22.11.2020;15:50:03;89.38;43.24;14.46;757.31;0.09;0.00;0.00
22.11.2020;15:51:03;86.88;43.26;14.45;757.28;0.09;0.00;0.00
22.11.2020;15:52:03;85.06;43.25;14.45;757.23;0.08;0.00;0.00
22.11.2020;15:53:03;82.68;43.28;14.44;757.20;0.08;0.00;0.00
22.11.2020;15:54:03;78.71;43.31;14.43;757.18;0.07;0.00;0.00
22.11.2020;15:55:03;73.50;43.32;14.42;757.21;0.07;0.00;0.00
22.11.2020;15:56:03;68.40;43.36;14.42;757.21;0.06;0.00;0.00
22.11.2020;15:57:03;63.59;43.40;14.41;757.20;0.05;0.00;0.00
22.11.2020;15:58:03;59.06;43.42;14.41;757.17;0.04;0.00;0.00
22.11.2020;15:59:03;54.92;43.36;14.40;757.14;0.04;0.00;0.00
22.11.2020;16:00:03;51.33;43.42;14.38;757.12;0.03;0.00;0.00
22.11.2020;16:01:03;47.90;43.47;14.37;757.10;0.03;0.00;0.00
22.11.2020;16:02:03;44.69;43.53;14.37;757.11;0.02;0.00;0.00
22.11.2020;16:03:03;42.27;43.38;14.37;757.12;0.02;0.00;0.00
22.11.2020;16:04:03;40.00;43.36;14.36;757.10;0.02;0.00;0.00
22.11.2020;16:05:03;37.39;43.18;14.34;757.07;0.01;0.00;0.00
22.11.2020;16:06:03;34.99;43.54;14.33;757.07;0.01;0.00;0.00
22.11.2020;16:07:03;33.40;43.51;14.32;757.08;0.01;0.00;0.00
22.11.2020;16:08:03;32.05;43.60;14.32;757.08;0.01;0.00;0.00
22.11.2020;16:09:03;30.99;43.65;14.32;757.08;0.01;0.00;0.00
22.11.2020;16:10:03;29.64;43.47;14.32;757.08;0.01;0.00;0.00
22.11.2020;16:11:03;28.19;43.64;14.32;757.08;0.01;0.00;0.00
22.11.2020;16:12:03;26.50;43.63;14.31;757.06;0.01;0.00;0.00
22.11.2020;16:13:03;24.47;43.67;14.31;757.03;0.00;0.00;0.00
22.11.2020;16:14:03;22.43;43.69;14.31;757.02;0.00;0.00;0.00
22.11.2020;16:15:03;20.25;43.73;14.30;757.02;0.00;0.00;0.00
22.11.2020;16:16:03;18.22;43.69;14.30;757.01;0.00;0.00;0.00
22.11.2020;16:17:03;16.34;43.72;14.30;757.00;0.00;0.00;0.00
22.11.2020;16:18:04;14.57;43.64;14.30;757.00;0.00;0.00;0.00
22.11.2020;16:19:04;12.94;43.66;14.29;756.99;0.00;0.00;0.00
22.11.2020;16:20:04;11.53;43.67;14.29;757.00;0.00;0.00;0.00
22.11.2020;16:21:04;10.33;43.71;14.28;757.03;0.00;0.00;0.00
22.11.2020;16:22:04;9.17;43.70;14.27;757.04;0.00;0.00;0.00
22.11.2020;16:23:04;8.14;43.67;14.27;757.03;0.00;0.00;0.00
22.11.2020;16:24:04;7.25;43.78;14.27;757.03;0.00;0.00;0.00
22.11.2020;16:25:04;6.55;43.83;14.26;757.04;0.00;0.00;0.00
22.11.2020;16:26:04;5.86;43.86;14.25;757.07;0.00;0.00;0.00
22.11.2020;16:27:04;5.31;43.83;14.25;757.09;0.00;0.00;0.00
22.11.2020;16:28:04;5.00;43.89;14.26;757.08;0.00;0.00;0.00
22.11.2020;16:29:04;4.50;43.52;14.25;757.07;0.00;0.00;0.00
22.11.2020;16:30:04;4.17;43.86;14.25;757.05;0.00;0.00;0.00
22.11.2020;16:31:04;4.17;43.95;14.26;757.06;0.00;0.00;0.00
22.11.2020;16:32:04;4.17;43.82;14.26;757.08;0.00;0.00;0.00
22.11.2020;16:33:04;3.46;43.83;14.26;757.07;0.00;0.00;0.00
22.11.2020;16:34:04;3.33;43.68;14.25;757.06;0.00;0.00;0.00
22.11.2020;16:35:04;3.33;43.94;14.25;757.07;0.00;0.00;0.00
22.11.2020;16:36:04;3.33;43.95;14.27;757.07;0.00;0.00;0.00
22.11.2020;16:37:04;3.33;43.92;14.28;757.08;0.00;0.00;0.00
22.11.2020;16:38:04;3.33;43.25;14.27;757.07;0.00;0.00;0.00
22.11.2020;16:39:04;3.33;43.81;14.26;757.06;0.00;0.00;0.00
22.11.2020;16:40:04;3.35;43.89;14.26;757.07;0.00;0.00;0.00
22.11.2020;16:41:04;3.33;43.91;14.27;757.07;0.00;0.00;0.00
22.11.2020;16:42:04;3.33;43.89;14.27;757.06;0.00;0.00;0.00
22.11.2020;16:43:04;3.35;43.91;14.27;757.05;0.00;0.00;0.00
22.11.2020;16:44:04;3.28;43.95;14.29;757.03;0.00;0.00;0.00
22.11.2020;16:45:04;3.04;43.95;14.30;757.05;0.00;0.00;0.00
22.11.2020;16:46:04;2.87;43.66;14.30;757.05;0.00;0.00;0.00
22.11.2020;16:47:04;2.60;43.84;14.30;757.06;0.00;0.00;0.00
22.11.2020;16:48:04;2.57;43.89;14.32;757.06;0.00;0.00;0.00
22.11.2020;16:49:05;2.56;43.89;14.33;757.05;0.00;0.00;0.00
22.11.2020;16:50:05;2.51;43.78;14.32;757.06;0.00;0.00;0.00
22.11.2020;16:51:05;2.50;43.71;14.33;757.06;0.00;0.00;0.00
22.11.2020;16:52:05;2.51;43.84;14.34;757.04;0.00;0.00;0.00
22.11.2020;16:53:05;2.50;43.80;14.34;757.03;0.00;0.00;0.00
22.11.2020;16:54:05;2.53;43.81;14.34;757.03;0.00;0.00;0.00
22.11.2020;16:55:05;2.50;43.61;14.34;757.01;0.00;0.00;0.00
22.11.2020;16:56:05;2.50;43.80;14.35;757.01;0.00;0.00;0.00
22.11.2020;16:57:05;2.54;43.84;14.36;757.04;0.00;0.00;0.00
22.11.2020;16:58:05;2.51;43.75;14.36;757.03;0.00;0.00;0.00
22.11.2020;16:59:05;2.50;43.79;14.37;757.04;0.00;0.00;0.00
22.11.2020;17:00:05;2.51;43.81;14.37;757.01;0.00;0.00;0.00
22.11.2020;17:01:05;2.50;43.66;14.39;756.99;0.00;0.00;0.00
22.11.2020;17:02:05;2.50;43.63;14.39;756.98;0.00;0.00;0.00
22.11.2020;17:03:05;2.50;43.84;14.40;756.96;0.00;0.00;0.00
22.11.2020;17:04:05;2.50;43.85;14.40;756.95;0.00;0.00;0.00
22.11.2020;17:05:05;2.54;43.85;14.41;756.93;0.00;0.00;0.00
22.11.2020;17:06:05;2.53;43.87;14.41;756.94;0.00;0.00;0.00
22.11.2020;17:07:05;2.53;43.62;14.41;756.90;0.00;0.00;0.00
22.11.2020;17:08:05;2.54;43.80;14.42;756.89;0.00;0.00;0.00
22.11.2020;17:09:05;2.50;43.67;14.42;756.89;0.00;0.00;0.00
22.11.2020;17:10:05;2.51;43.77;14.43;756.89;0.00;0.00;0.00
22.11.2020;17:11:05;2.56;43.77;14.45;756.87;0.00;0.00;0.00
22.11.2020;17:12:05;2.50;43.82;14.44;756.88;0.00;0.00;0.00
22.11.2020;17:13:05;2.50;43.67;14.45;756.88;0.00;0.00;0.00
22.11.2020;17:14:05;2.51;43.69;14.45;756.88;0.00;0.00;0.00
22.11.2020;17:15:05;2.50;43.55;14.45;756.87;0.00;0.00;0.00
22.11.2020;17:16:05;2.50;43.72;14.45;756.87;0.00;0.00;0.00
22.11.2020;17:17:05;2.50;43.71;14.46;756.87;0.00;0.00;0.00
22.11.2020;17:18:05;2.50;43.69;14.46;756.88;0.00;0.00;0.00
22.11.2020;17:19:06;2.50;43.74;14.47;756.88;0.00;0.00;0.00
22.11.2020;17:20:06;2.50;43.72;14.48;756.88;0.00;0.00;0.00
22.11.2020;17:21:06;2.51;43.69;14.48;756.87;0.00;0.00;0.00
22.11.2020;17:22:06;2.53;43.66;14.49;756.86;0.00;0.00;0.00
22.11.2020;17:23:06;2.50;43.70;14.48;756.83;0.00;0.00;0.00
22.11.2020;17:24:06;2.50;43.74;14.49;756.81;0.00;0.00;0.00
22.11.2020;17:25:06;2.53;43.73;14.50;756.81;0.00;0.00;0.00
22.11.2020;17:26:06;2.50;43.41;14.50;756.79;0.00;0.00;0.00
22.11.2020;17:27:06;2.50;43.60;14.49;756.78;0.00;0.00;0.00
22.11.2020;17:28:06;2.51;43.67;14.49;756.77;0.00;0.00;0.00
22.11.2020;17:29:06;2.50;43.68;14.50;756.75;0.00;0.00;0.00
22.11.2020;17:30:06;2.50;43.55;14.50;756.75;0.00;0.00;0.00
22.11.2020;17:31:06;2.50;43.65;14.50;756.74;0.00;0.00;0.00
22.11.2020;17:32:06;2.50;43.71;14.51;756.74;0.00;0.00;0.00
22.11.2020;17:33:06;2.50;43.73;14.52;756.73;0.00;0.00;0.00
22.11.2020;17:34:06;2.50;43.74;14.51;756.75;0.00;0.00;0.00
22.11.2020;17:35:06;2.50;43.68;14.50;756.75;0.00;0.00;0.00
22.11.2020;17:36:06;2.51;43.74;14.51;756.75;0.00;0.00;0.00
22.11.2020;17:37:06;2.50;43.69;14.51;756.74;0.00;0.00;0.00
22.11.2020;17:38:06;2.50;43.69;14.50;756.74;0.00;0.00;0.00
22.11.2020;17:39:06;2.53;43.59;14.51;756.74;0.00;0.00;0.00
22.11.2020;17:40:06;2.50;43.69;14.50;756.71;0.00;0.00;0.00
22.11.2020;17:41:06;2.50;43.66;14.50;756.74;0.00;0.00;0.00
22.11.2020;17:42:06;2.51;43.71;14.50;756.73;0.00;0.00;0.00
22.11.2020;17:43:06;2.50;43.81;14.51;756.73;0.00;0.00;0.00
22.11.2020;17:44:06;2.50;43.66;14.50;756.71;0.00;0.00;0.00
22.11.2020;17:45:06;2.50;43.77;14.50;756.70;0.00;0.00;0.00
22.11.2020;17:46:06;2.50;43.84;14.50;756.70;0.00;0.00;0.00
22.11.2020;17:47:06;2.50;43.83;14.50;756.70;0.00;0.00;0.00
22.11.2020;17:48:07;2.51;43.78;14.51;756.72;0.00;0.00;0.00
22.11.2020;17:49:07;2.50;43.70;14.51;756.70;0.00;0.00;0.00
22.11.2020;17:50:07;2.53;43.63;14.51;756.70;0.00;0.00;0.00
22.11.2020;17:51:07;2.53;43.64;14.51;756.69;0.00;0.00;0.00
22.11.2020;17:52:07;2.50;43.51;14.50;756.66;0.00;0.00;0.00
22.11.2020;17:53:07;2.53;43.58;14.50;756.64;0.00;0.00;0.00
22.11.2020;17:54:07;2.50;43.79;14.50;756.63;0.00;0.00;0.00
22.11.2020;17:55:07;2.50;43.83;14.50;756.65;0.00;0.00;0.00
22.11.2020;17:56:07;2.51;43.72;14.51;756.65;0.00;0.00;0.00
22.11.2020;17:57:07;2.50;43.73;14.50;756.63;0.00;0.00;0.00
22.11.2020;17:58:07;2.50;43.78;14.50;756.63;0.00;0.00;0.00
22.11.2020;17:59:07;2.50;43.75;14.50;756.63;0.00;0.00;0.00
22.11.2020;18:00:07;2.50;43.86;14.49;756.61;0.00;0.00;0.00
22.11.2020;18:01:07;2.50;43.83;14.49;756.60;0.00;0.00;0.00
22.11.2020;18:02:07;2.50;43.86;14.49;756.61;0.00;0.00;0.00
22.11.2020;18:03:07;2.50;43.86;14.50;756.59;0.00;0.00;0.00
22.11.2020;18:04:07;2.51;43.70;14.50;756.58;0.00;0.00;0.00
22.11.2020;18:05:07;2.50;43.83;14.50;756.57;0.00;0.00;0.00
22.11.2020;18:06:07;2.50;43.85;14.49;756.55;0.00;0.00;0.00
22.11.2020;18:07:07;2.53;43.67;14.49;756.55;0.00;0.00;0.00
22.11.2020;18:08:07;2.50;43.35;14.48;756.56;0.00;0.00;0.00
22.11.2020;18:09:07;2.50;43.66;14.48;756.55;0.00;0.00;0.00
22.11.2020;18:10:07;2.51;43.82;14.49;756.55;0.00;0.00;0.00
22.11.2020;18:11:07;2.50;43.79;14.50;756.52;0.00;0.00;0.00
22.11.2020;18:12:07;2.50;43.81;14.50;756.50;0.00;0.00;0.00
22.11.2020;18:13:07;2.50;43.87;14.51;756.50;0.00;0.00;0.00
22.11.2020;18:14:07;2.50;43.92;14.50;756.49;0.00;0.00;0.00
22.11.2020;18:15:07;2.50;43.92;14.51;756.48;0.00;0.00;0.00
22.11.2020;18:16:07;2.50;43.91;14.51;756.45;0.00;0.00;0.00
22.11.2020;18:17:07;2.50;43.47;14.50;756.40;0.00;0.00;0.00
22.11.2020;18:18:08;2.53;43.65;14.51;756.40;0.00;0.00;0.00
22.11.2020;18:19:08;2.54;43.83;14.51;756.41;0.00;0.00;0.00
22.11.2020;18:20:08;2.85;43.67;14.51;756.41;0.00;0.00;0.00
22.11.2020;18:21:08;3.04;43.74;14.51;756.40;0.00;0.00;0.00
22.11.2020;18:22:08;2.96;43.76;14.52;756.40;0.00;0.00;0.00
22.11.2020;18:23:08;2.87;43.40;14.51;756.41;0.00;0.00;0.00
22.11.2020;18:24:08;2.85;43.54;14.50;756.41;0.00;0.00;0.00
22.11.2020;18:25:08;3.08;43.83;14.50;756.39;0.00;0.00;0.00
22.11.2020;18:26:08;3.02;43.75;14.51;756.37;0.00;0.00;0.00
22.11.2020;18:27:08;2.92;43.83;14.51;756.39;0.00;0.00;0.00
22.11.2020;18:28:08;2.98;43.80;14.51;756.40;0.00;0.00;0.00
22.11.2020;18:29:08;2.96;43.87;14.51;756.38;0.00;0.00;0.00
22.11.2020;18:30:08;2.97;43.92;14.52;756.37;0.00;0.00;0.00
22.11.2020;18:31:08;2.88;43.93;14.52;756.36;0.00;0.00;0.00
22.11.2020;18:32:08;2.51;43.83;14.52;756.33;0.00;0.00;0.00
22.11.2020;18:33:08;2.50;43.91;14.53;756.30;0.00;0.00;0.00
22.11.2020;18:34:08;2.50;43.91;14.53;756.30;0.00;0.00;0.00
22.11.2020;18:35:08;2.53;43.89;14.53;756.28;0.00;0.00;0.00
22.11.2020;18:36:08;2.50;43.76;14.54;756.26;0.00;0.00;0.00
22.11.2020;18:37:08;2.50;43.87;14.54;756.26;0.00;0.00;0.00
22.11.2020;18:38:08;2.51;43.83;14.54;756.26;0.00;0.00;0.00
22.11.2020;18:39:08;2.50;43.66;14.53;756.25;0.00;0.00;0.00
22.11.2020;18:40:08;2.50;43.85;14.52;756.25;0.00;0.00;0.00
22.11.2020;18:41:08;2.50;43.82;14.53;756.25;0.00;0.00;0.00
22.11.2020;18:42:08;2.50;43.79;14.52;756.22;0.00;0.00;0.00
22.11.2020;18:43:08;2.50;43.85;14.52;756.22;0.00;0.00;0.00
22.11.2020;18:44:08;2.50;43.79;14.52;756.23;0.00;0.00;0.00
22.11.2020;18:45:08;2.50;43.84;14.52;756.22;0.00;0.00;0.00
22.11.2020;18:46:08;2.51;43.85;14.52;756.20;0.00;0.00;0.00
22.11.2020;18:47:09;2.50;43.84;14.52;756.19;0.00;0.00;0.00
22.11.2020;18:48:09;2.50;43.76;14.52;756.20;0.00;0.00;0.00
22.11.2020;18:49:09;2.53;43.88;14.52;756.20;0.00;0.00;0.00
22.11.2020;18:50:09;2.50;43.75;14.53;756.18;0.00;0.00;0.00
22.11.2020;18:51:09;2.50;43.86;14.53;756.17;0.00;0.00;0.00
22.11.2020;18:52:09;2.51;43.83;14.53;756.16;0.00;0.00;0.00
22.11.2020;18:53:09;2.50;43.76;14.53;756.16;0.00;0.00;0.00
22.11.2020;18:54:09;2.50;43.87;14.54;756.15;0.00;0.00;0.00
22.11.2020;18:55:09;2.50;43.87;14.55;756.14;0.00;0.00;0.00
22.11.2020;18:56:09;2.50;43.79;14.54;756.15;0.00;0.00;0.00
22.11.2020;18:57:09;2.50;43.70;14.55;756.14;0.00;0.00;0.00
22.11.2020;18:58:09;2.50;43.73;14.54;756.16;0.00;0.00;0.00
22.11.2020;18:59:09;2.50;43.86;14.54;756.14;0.00;0.00;0.00
22.11.2020;19:00:09;2.53;43.72;14.53;756.12;0.00;0.00;0.00
22.11.2020;19:01:09;2.50;43.85;14.53;756.14;0.00;0.00;0.00
22.11.2020;19:02:09;2.50;43.39;14.52;756.11;0.00;0.00;0.00
22.11.2020;19:03:09;2.53;43.80;14.51;756.09;0.00;0.00;0.00
22.11.2020;19:04:09;2.51;43.73;14.51;756.11;0.00;0.00;0.00
22.11.2020;19:05:09;2.50;43.78;14.50;756.10;0.00;0.00;0.00
22.11.2020;19:06:09;2.51;43.49;14.49;756.09;0.00;0.00;0.00
22.11.2020;19:07:09;2.50;43.74;14.49;756.08;0.00;0.00;0.00
22.11.2020;19:08:09;2.50;43.89;14.49;756.09;0.00;0.00;0.00
22.11.2020;19:09:09;2.50;43.89;14.49;756.07;0.00;0.00;0.00
22.11.2020;19:10:09;2.50;43.94;14.49;756.01;0.00;0.00;0.00
22.11.2020;19:11:09;2.50;43.94;14.49;756.00;0.00;0.00;0.00
22.11.2020;19:12:09;2.50;43.91;14.49;755.97;0.00;0.00;0.00
22.11.2020;19:13:09;2.50;43.87;14.48;755.98;0.00;0.00;0.00
22.11.2020;19:14:09;2.51;43.92;14.48;755.97;0.00;0.00;0.00
22.11.2020;19:15:09;2.50;43.98;14.47;755.97;0.00;0.00;0.00
22.11.2020;19:16:09;2.50;43.98;14.47;755.96;0.00;0.00;0.00
22.11.2020;19:17:10;2.53;43.93;14.47;755.97;0.00;0.00;0.00
22.11.2020;19:18:10;2.50;43.92;14.47;756.00;0.00;0.00;0.00
22.11.2020;19:19:10;2.50;43.83;14.47;756.00;0.00;0.00;0.00
22.11.2020;19:20:10;2.51;43.93;14.47;756.03;0.00;0.00;0.00
22.11.2020;19:21:10;2.50;43.79;14.46;756.05;0.00;0.00;0.00
22.11.2020;19:22:10;2.50;44.02;14.45;756.06;0.00;0.00;0.00
22.11.2020;19:23:10;2.50;44.02;14.45;756.07;0.00;0.00;0.00
22.11.2020;19:24:10;2.50;43.97;14.44;756.07;0.00;0.00;0.00
22.11.2020;19:25:10;2.50;43.91;14.42;756.05;0.00;0.00;0.00
22.11.2020;19:26:10;2.50;43.81;14.41;756.02;0.00;0.00;0.00
22.11.2020;19:27:10;2.50;43.96;14.41;756.00;0.00;0.00;0.00
22.11.2020;19:28:10;2.51;43.97;14.40;755.98;0.00;0.00;0.00
22.11.2020;19:29:10;2.50;44.00;14.40;755.92;0.00;0.00;0.00
22.11.2020;19:30:10;2.50;44.10;14.40;755.88;0.00;0.00;0.00
22.11.2020;19:31:10;2.53;44.09;14.39;755.84;0.00;0.00;0.00
22.11.2020;19:32:10;2.50;44.07;14.39;755.81;0.00;0.00;0.00
22.11.2020;19:33:10;2.50;44.03;14.38;755.80;0.00;0.00;0.00
22.11.2020;19:34:10;2.51;44.13;14.38;755.78;0.00;0.00;0.00
22.11.2020;19:35:10;2.50;43.85;14.38;755.75;0.00;0.00;0.00
22.11.2020;19:36:10;2.50;44.10;14.36;755.75;0.00;0.00;0.00
22.11.2020;19:37:10;2.50;44.14;14.36;755.73;0.00;0.00;0.00
22.11.2020;19:38:10;2.50;43.87;14.37;755.71;0.00;0.00;0.00
22.11.2020;19:39:10;2.50;44.12;14.36;755.71;0.00;0.00;0.00
22.11.2020;19:40:10;2.50;44.02;14.35;755.70;0.00;0.00;0.00
22.11.2020;19:41:10;2.50;44.15;14.35;755.67;0.00;0.00;0.00
22.11.2020;19:42:10;2.51;44.10;14.34;755.66;0.00;0.00;0.00
22.11.2020;19:43:10;2.50;43.64;14.33;755.67;0.00;0.00;0.00
22.11.2020;19:44:10;2.50;44.12;14.32;755.65;0.00;0.00;0.00
22.11.2020;19:45:10;2.53;44.18;14.34;755.64;0.00;0.00;0.00
22.11.2020;19:46:10;2.50;44.05;14.34;755.59;0.00;0.00;0.00
22.11.2020;19:47:11;2.50;43.95;14.32;755.60;0.00;0.00;0.00
22.11.2020;19:48:11;2.51;44.16;14.31;755.60;0.00;0.00;0.00
22.11.2020;19:49:11;2.50;44.22;14.31;755.59;0.00;0.00;0.00
22.11.2020;19:50:11;2.50;44.23;14.31;755.58;0.00;0.00;0.00
22.11.2020;19:51:11;2.50;44.28;14.30;755.57;0.00;0.00;0.00
22.11.2020;19:52:11;2.50;44.22;14.31;755.55;0.00;0.00;0.00
22.11.2020;19:53:11;2.50;44.13;14.30;755.54;0.00;0.00;0.00
22.11.2020;19:54:11;2.50;44.23;14.30;755.53;0.00;0.00;0.00
22.11.2020;19:55:11;2.50;44.24;14.29;755.53;0.00;0.00;0.00
22.11.2020;19:56:11;2.51;44.27;14.30;755.55;0.00;0.00;0.00
22.11.2020;19:57:11;2.50;44.30;14.29;755.55;0.00;0.00;0.00
22.11.2020;19:58:11;2.50;44.10;14.29;755.56;0.00;0.00;0.00
22.11.2020;19:59:11;2.53;44.29;14.28;755.57;0.00;0.00;0.00
22.11.2020;20:00:11;2.50;44.30;14.28;755.54;0.00;0.00;0.00
22.11.2020;20:01:11;2.50;44.28;14.28;755.52;0.00;0.00;0.00
22.11.2020;20:02:11;2.51;44.18;14.27;755.52;0.00;0.00;0.00
22.11.2020;20:03:11;2.50;44.22;14.26;755.50;0.00;0.00;0.00
22.11.2020;20:04:11;2.50;44.31;14.27;755.50;0.00;0.00;0.00
22.11.2020;20:05:11;2.50;44.32;14.27;755.47;0.00;0.00;0.00
22.11.2020;20:06:11;2.50;44.27;14.27;755.47;0.00;0.00;0.00
22.11.2020;20:07:11;2.50;44.28;14.27;755.41;0.00;0.00;0.00
22.11.2020;20:08:11;2.50;44.11;14.27;755.42;0.00;0.00;0.00
22.11.2020;20:09:11;2.50;44.17;14.26;755.44;0.00;0.00;0.00
22.11.2020;20:10:11;2.51;44.26;14.27;755.42;0.00;0.00;0.00
22.11.2020;20:11:11;2.50;44.26;14.27;755.42;0.00;0.00;0.00
22.11.2020;20:12:11;2.50;44.22;14.26;755.43;0.00;0.00;0.00
22.11.2020;20:13:11;2.53;44.23;14.26;755.42;0.00;0.00;0.00
22.11.2020;20:14:11;2.50;44.21;14.27;755.42;0.00;0.00;0.00
22.11.2020;20:15:11;2.50;44.12;14.27;755.40;0.00;0.00;0.00
22.11.2020;20:16:11;2.51;44.24;14.27;755.43;0.00;0.00;0.00
22.11.2020;20:17:12;2.50;44.26;14.27;755.41;0.00;0.00;0.00
22.11.2020;20:18:12;2.50;44.22;14.28;755.41;0.00;0.00;0.00
22.11.2020;20:19:12;2.50;44.24;14.27;755.37;0.00;0.00;0.00
22.11.2020;20:20:12;2.50;44.28;14.27;755.34;0.00;0.00;0.00
22.11.2020;20:21:12;2.50;44.24;14.28;755.32;0.00;0.00;0.00
22.11.2020;20:22:12;2.50;44.24;14.27;755.33;0.00;0.00;0.00
22.11.2020;20:23:12;2.50;44.23;14.26;755.34;0.00;0.00;0.00
22.11.2020;20:24:12;2.51;44.25;14.26;755.36;0.00;0.00;0.00
22.11.2020;20:25:12;2.50;44.25;14.26;755.38;0.00;0.00;0.00
22.11.2020;20:26:12;2.50;44.24;14.25;755.40;0.00;0.00;0.00
22.11.2020;20:27:12;2.53;44.28;14.25;755.38;0.00;0.00;0.00
22.11.2020;20:28:12;2.50;44.26;14.25;755.38;0.00;0.00;0.00
22.11.2020;20:29:12;2.50;44.26;14.25;755.38;0.00;0.00;0.00
22.11.2020;20:30:12;2.51;44.28;14.25;755.38;0.00;0.00;0.00
22.11.2020;20:31:12;2.50;44.26;14.26;755.34;0.00;0.00;0.00
22.11.2020;20:32:12;2.50;44.21;14.26;755.35;0.00;0.00;0.00
22.11.2020;20:33:12;2.50;44.22;14.25;755.36;0.00;0.00;0.00
22.11.2020;20:34:12;2.50;44.26;14.24;755.37;0.00;0.00;0.00
22.11.2020;20:35:12;2.50;44.29;14.23;755.35;0.00;0.00;0.00
22.11.2020;20:36:12;2.50;44.27;14.22;755.33;0.00;0.00;0.00
22.11.2020;20:37:12;2.50;44.28;14.21;755.32;0.00;0.00;0.00
22.11.2020;20:38:12;2.51;44.29;14.22;755.33;0.00;0.00;0.00
22.11.2020;20:39:12;2.50;44.31;14.21;755.32;0.00;0.00;0.00
22.11.2020;20:40:12;2.50;44.30;14.20;755.34;0.00;0.00;0.00
22.11.2020;20:41:12;2.53;44.29;14.20;755.34;0.00;0.00;0.00
22.11.2020;20:42:12;2.50;44.35;14.19;755.35;0.00;0.00;0.00
22.11.2020;20:43:12;2.50;44.35;14.18;755.33;0.00;0.00;0.00
22.11.2020;20:44:12;2.51;44.36;14.17;755.32;0.00;0.00;0.00
22.11.2020;20:45:12;2.50;44.39;14.17;755.28;0.00;0.00;0.00
22.11.2020;20:46:13;2.50;44.39;14.16;755.26;0.00;0.00;0.00
22.11.2020;20:47:13;2.50;44.45;14.14;755.26;0.00;0.00;0.00
22.11.2020;20:48:13;2.50;44.48;14.13;755.24;0.00;0.00;0.00
22.11.2020;20:49:13;2.50;44.52;14.13;755.26;0.00;0.00;0.00
22.11.2020;20:50:13;2.50;44.55;14.13;755.25;0.00;0.00;0.00
22.11.2020;20:51:13;2.50;44.59;14.13;755.26;0.00;0.00;0.00
22.11.2020;20:52:13;2.53;44.58;14.13;755.25;0.00;0.00;0.00
22.11.2020;20:53:13;2.50;44.60;14.13;755.24;0.00;0.00;0.00
22.11.2020;20:54:13;2.50;44.59;14.13;755.24;0.00;0.00;0.00
22.11.2020;20:55:13;2.53;44.56;14.14;755.24;0.00;0.00;0.00
22.11.2020;20:56:13;2.50;44.55;14.14;755.25;0.00;0.00;0.00
22.11.2020;20:57:13;2.50;44.61;14.13;755.23;0.00;0.00;0.00
22.11.2020;20:58:13;2.51;44.56;14.13;755.22;0.00;0.00;0.00
22.11.2020;20:59:13;2.50;44.58;14.13;755.22;0.00;0.00;0.00
22.11.2020;21:00:13;2.50;44.63;14.13;755.20;0.00;0.00;0.00
22.11.2020;21:01:13;2.50;44.64;14.13;755.21;0.00;0.00;0.00
22.11.2020;21:02:13;2.50;44.62;14.14;755.18;0.00;0.00;0.00
22.11.2020;21:03:13;2.50;44.59;14.15;755.17;0.00;0.00;0.00
22.11.2020;21:04:13;2.50;44.61;14.15;755.17;0.00;0.00;0.00
22.11.2020;21:05:13;2.50;44.58;14.14;755.15;0.00;0.00;0.00
22.11.2020;21:06:13;2.53;44.60;14.15;755.14;0.00;0.00;0.00
22.11.2020;21:07:13;2.51;44.60;14.15;755.12;0.00;0.00;0.00
22.11.2020;21:08:13;2.51;44.58;14.16;755.13;0.00;0.00;0.00
22.11.2020;21:09:13;2.53;44.55;14.16;755.14;0.00;0.00;0.00
22.11.2020;21:10:13;2.51;44.51;14.16;755.15;0.00;0.00;0.00
22.11.2020;21:11:13;2.50;44.37;14.17;755.14;0.00;0.00;0.00
22.11.2020;21:12:13;2.53;44.42;14.17;755.14;0.00;0.00;0.00
22.11.2020;21:13:13;2.51;44.46;14.17;755.13;0.00;0.00;0.00
22.11.2020;21:14:13;2.50;44.48;14.18;755.11;0.00;0.00;0.00
22.11.2020;21:15:13;2.51;44.47;14.19;755.11;0.00;0.00;0.00
22.11.2020;21:16:14;2.51;44.30;14.20;755.12;0.00;0.00;0.00
22.11.2020;21:17:14;2.50;44.29;14.20;755.12;0.00;0.00;0.00
22.11.2020;21:18:14;2.50;44.34;14.20;755.12;0.00;0.00;0.00
22.11.2020;21:19:14;2.50;44.31;14.20;755.10;0.00;0.00;0.00
22.11.2020;21:20:14;2.53;44.13;14.20;755.09;0.00;0.00;0.00
22.11.2020;21:21:14;2.50;44.09;14.21;755.11;0.00;0.00;0.00
22.11.2020;21:22:14;2.50;44.18;14.21;755.11;0.00;0.00;0.00
22.11.2020;21:23:14;2.53;43.72;14.20;755.12;0.00;0.00;0.00
22.11.2020;21:24:14;2.50;44.17;14.20;755.10;0.00;0.00;0.00
22.11.2020;21:25:14;2.50;44.27;14.21;755.09;0.00;0.00;0.00
22.11.2020;21:26:14;2.53;44.01;14.21;755.07;0.00;0.00;0.00
22.11.2020;21:27:14;2.50;44.11;14.22;755.08;0.00;0.00;0.00
22.11.2020;21:28:14;2.50;44.14;14.22;755.09;0.00;0.00;0.00
22.11.2020;21:29:14;2.51;44.09;14.23;755.10;0.00;0.00;0.00
22.11.2020;21:30:14;2.50;44.09;14.22;755.11;0.00;0.00;0.00
22.11.2020;21:31:14;2.50;44.16;14.22;755.07;0.00;0.00;0.00
22.11.2020;21:32:14;2.50;44.21;14.23;755.06;0.00;0.00;0.00
22.11.2020;21:33:14;2.50;44.16;14.24;755.03;0.00;0.00;0.00
22.11.2020;21:34:14;2.51;44.08;14.24;755.01;0.00;0.00;0.00
22.11.2020;21:35:14;2.50;44.12;14.25;755.01;0.00;0.00;0.00
22.11.2020;21:36:14;2.50;44.07;14.26;754.99;0.00;0.00;0.00
22.11.2020;21:37:14;2.53;43.91;14.26;754.95;0.00;0.00;0.00
22.11.2020;21:38:14;2.50;43.90;14.26;754.92;0.00;0.00;0.00
22.11.2020;21:39:14;2.50;43.92;14.27;754.93;0.00;0.00;0.00
22.11.2020;21:40:14;2.51;43.93;14.27;754.93;0.00;0.00;0.00
22.11.2020;21:41:14;2.50;43.48;14.27;754.93;0.00;0.00;0.00
22.11.2020;21:42:14;2.50;43.84;14.26;754.92;0.00;0.00;0.00
22.11.2020;21:43:14;2.50;43.87;14.27;754.91;0.00;0.00;0.00
22.11.2020;21:44:14;2.50;43.86;14.27;754.89;0.00;0.00;0.00
22.11.2020;21:45:14;2.50;43.94;14.27;754.91;0.00;0.00;0.00
22.11.2020;21:46:15;2.50;43.95;14.27;754.90;0.00;0.00;0.00
22.11.2020;21:47:15;2.50;43.68;14.27;754.92;0.00;0.00;0.00
22.11.2020;21:48:15;2.51;43.83;14.27;754.89;0.00;0.00;0.00
22.11.2020;21:49:15;2.50;43.80;14.27;754.89;0.00;0.00;0.00
22.11.2020;21:50:15;2.50;43.75;14.28;754.88;0.00;0.00;0.00
22.11.2020;21:51:15;2.53;43.92;14.28;754.90;0.00;0.00;0.00
22.11.2020;21:52:15;2.50;43.62;14.28;754.88;0.00;0.00;0.00
22.11.2020;21:53:15;2.50;43.83;14.28;754.87;0.00;0.00;0.00
22.11.2020;21:54:15;2.51;43.78;14.30;754.85;0.00;0.00;0.00
22.11.2020;21:55:15;2.50;43.81;14.30;754.83;0.00;0.00;0.00
22.11.2020;21:56:15;2.50;43.52;14.31;754.81;0.00;0.00;0.00
22.11.2020;21:57:15;2.50;43.60;14.30;754.80;0.00;0.00;0.00
22.11.2020;21:58:15;2.50;43.71;14.31;754.80;0.00;0.00;0.00
22.11.2020;21:59:15;2.50;43.60;14.31;754.83;0.00;0.00;0.00
22.11.2020;22:00:15;2.50;43.53;14.32;754.81;0.00;0.00;0.00
22.11.2020;22:01:15;2.50;43.31;14.32;754.80;0.00;0.00;0.00
22.11.2020;22:02:15;2.51;43.29;14.33;754.80;0.00;0.00;0.00
22.11.2020;22:03:15;2.50;43.36;14.34;754.79;0.00;0.00;0.00
22.11.2020;22:04:15;2.50;43.58;14.34;754.77;0.00;0.00;0.00
22.11.2020;22:05:15;2.53;43.49;14.35;754.75;0.00;0.00;0.00
22.11.2020;22:06:15;2.50;43.30;14.36;754.73;0.00;0.00;0.00
22.11.2020;22:07:15;2.50;43.38;14.35;754.70;0.00;0.00;0.00
22.11.2020;22:08:15;2.51;43.27;14.34;754.72;0.00;0.00;0.00
22.11.2020;22:09:15;2.50;43.50;14.34;754.69;0.00;0.00;0.00
22.11.2020;22:10:15;2.50;43.20;14.34;754.69;0.00;0.00;0.00
22.11.2020;22:11:15;2.50;43.50;14.34;754.70;0.00;0.00;0.00
22.11.2020;22:12:15;2.50;43.55;14.36;754.66;0.00;0.00;0.00
22.11.2020;22:13:15;2.50;43.51;14.36;754.67;0.00;0.00;0.00
22.11.2020;22:14:15;2.50;43.27;14.37;754.67;0.00;0.00;0.00
22.11.2020;22:15:16;2.50;43.42;14.38;754.67;0.00;0.00;0.00
22.11.2020;22:16:16;2.51;43.41;14.37;754.67;0.00;0.00;0.00
22.11.2020;22:17:16;2.50;42.99;14.37;754.68;0.00;0.00;0.00
22.11.2020;22:18:16;2.50;43.30;14.35;754.66;0.00;0.00;0.00
22.11.2020;22:19:16;2.53;43.39;14.34;754.65;0.00;0.00;0.00
22.11.2020;22:20:16;2.50;43.46;14.35;754.66;0.00;0.00;0.00
22.11.2020;22:21:16;2.50;43.51;14.35;754.62;0.00;0.00;0.00
22.11.2020;22:22:16;2.51;43.46;14.35;754.62;0.00;0.00;0.00
22.11.2020;22:23:16;2.50;43.36;14.34;754.60;0.00;0.00;0.00
22.11.2020;22:24:16;2.50;43.49;14.35;754.57;0.00;0.00;0.00
22.11.2020;22:25:16;2.50;43.41;14.35;754.57;0.00;0.00;0.00
22.11.2020;22:26:16;2.50;43.28;14.34;754.53;0.00;0.00;0.00
22.11.2020;22:27:16;2.50;43.33;14.33;754.54;0.00;0.00;0.00
22.11.2020;22:28:16;2.50;43.50;14.32;754.54;0.00;0.00;0.00
22.11.2020;22:29:16;2.50;43.47;14.31;754.54;0.00;0.00;0.00
22.11.2020;22:30:16;2.51;42.83;14.31;754.53;0.00;0.00;0.00
22.11.2020;22:31:16;2.50;43.43;14.32;754.51;0.00;0.00;0.00
22.11.2020;22:32:16;2.50;43.31;14.33;754.50;0.00;0.00;0.00
22.11.2020;22:33:16;2.53;43.10;14.32;754.50;0.00;0.00;0.00
22.11.2020;22:34:16;2.50;43.44;14.32;754.50;0.00;0.00;0.00
22.11.2020;22:35:16;2.50;43.49;14.32;754.47;0.00;0.00;0.00
22.11.2020;22:36:16;2.51;43.45;14.31;754.50;0.00;0.00;0.00
22.11.2020;22:37:16;2.50;43.45;14.31;754.50;0.00;0.00;0.00
22.11.2020;22:38:16;2.50;43.51;14.31;754.50;0.00;0.00;0.00
22.11.2020;22:39:16;2.50;43.41;14.31;754.48;0.00;0.00;0.00
22.11.2020;22:40:16;2.50;43.51;14.30;754.47;0.00;0.00;0.00
22.11.2020;22:41:16;2.50;43.49;14.30;754.45;0.00;0.00;0.00
22.11.2020;22:42:16;2.50;43.18;14.29;754.44;0.00;0.00;0.00
22.11.2020;22:43:16;2.50;43.10;14.28;754.40;0.00;0.00;0.00
22.11.2020;22:44:16;2.51;43.45;14.29;754.41;0.00;0.00;0.00
22.11.2020;22:45:17;2.50;43.23;14.29;754.42;0.00;0.00;0.00
22.11.2020;22:46:17;2.50;43.35;14.28;754.42;0.00;0.00;0.00
22.11.2020;22:47:17;2.53;43.37;14.27;754.41;0.00;0.00;0.00
22.11.2020;22:48:17;2.50;43.38;14.27;754.43;0.00;0.00;0.00
22.11.2020;22:49:17;2.50;43.48;14.26;754.41;0.00;0.00;0.00
22.11.2020;22:50:17;2.51;43.47;14.27;754.40;0.00;0.00;0.00
22.11.2020;22:51:17;2.50;43.19;14.26;754.38;0.00;0.00;0.00
22.11.2020;22:52:17;2.50;43.39;14.26;754.37;0.00;0.00;0.00
22.11.2020;22:53:17;2.50;43.47;14.26;754.39;0.00;0.00;0.00
22.11.2020;22:54:17;2.50;43.37;14.26;754.37;0.00;0.00;0.00
22.11.2020;22:55:17;2.50;43.43;14.27;754.38;0.00;0.00;0.00
22.11.2020;22:56:17;2.50;43.48;14.27;754.40;0.00;0.00;0.00
22.11.2020;22:57:17;2.50;43.43;14.26;754.41;0.00;0.00;0.00
22.11.2020;22:58:17;2.51;43.49;14.26;754.39;0.00;0.00;0.00
22.11.2020;22:59:17;2.50;43.13;14.25;754.40;0.00;0.00;0.00
22.11.2020;23:00:17;2.50;43.42;14.24;754.41;0.00;0.00;0.00
22.11.2020;23:01:17;2.53;43.40;14.26;754.35;0.00;0.00;0.00
22.11.2020;23:02:17;2.50;43.26;14.25;754.38;0.00;0.00;0.00
22.11.2020;23:03:17;2.50;43.27;14.25;754.38;0.00;0.00;0.00
22.11.2020;23:04:17;2.51;43.28;14.25;754.38;0.00;0.00;0.00
22.11.2020;23:05:17;2.50;43.43;14.24;754.37;0.00;0.00;0.00
22.11.2020;23:06:17;2.50;43.03;14.23;754.35;0.00;0.00;0.00
22.11.2020;23:07:17;2.50;43.40;14.23;754.38;0.00;0.00;0.00
22.11.2020;23:08:17;2.50;43.45;14.23;754.39;0.00;0.00;0.00
22.11.2020;23:09:17;2.50;43.25;14.22;754.39;0.00;0.00;0.00
22.11.2020;23:10:17;2.50;43.33;14.22;754.39;0.00;0.00;0.00
22.11.2020;23:11:17;2.50;43.02;14.22;754.39;0.00;0.00;0.00
22.11.2020;23:12:17;2.51;43.25;14.21;754.41;0.00;0.00;0.00
22.11.2020;23:13:17;2.50;43.12;14.22;754.39;0.00;0.00;0.00
22.11.2020;23:14:17;2.50;43.41;14.22;754.40;0.00;0.00;0.00
22.11.2020;23:15:18;2.53;42.64;14.21;754.36;0.00;0.00;0.00
22.11.2020;23:16:18;2.50;42.97;14.20;754.36;0.00;0.00;0.00
22.11.2020;23:17:18;2.50;43.34;14.21;754.35;0.00;0.00;0.00
22.11.2020;23:18:18;2.51;43.40;14.21;754.35;0.00;0.00;0.00
22.11.2020;23:19:18;2.50;43.46;14.21;754.33;0.00;0.00;0.00
22.11.2020;23:20:18;2.50;43.02;14.21;754.31;0.00;0.00;0.00
22.11.2020;23:21:18;2.50;43.22;14.21;754.30;0.00;0.00;0.00
22.11.2020;23:22:18;2.50;43.35;14.21;754.30;0.00;0.00;0.00
22.11.2020;23:23:18;2.50;43.26;14.21;754.29;0.00;0.00;0.00
22.11.2020;23:24:18;2.50;43.37;14.21;754.28;0.00;0.00;0.00
22.11.2020;23:25:18;2.50;43.09;14.23;754.27;0.00;0.00;0.00
22.11.2020;23:26:18;2.51;43.12;14.22;754.31;0.00;0.00;0.00
22.11.2020;23:27:18;2.50;42.70;14.20;754.32;0.00;0.00;0.00
22.11.2020;23:28:18;2.50;42.65;14.19;754.33;0.00;0.00;0.00
22.11.2020;23:29:18;2.53;42.78;14.19;754.31;0.00;0.00;0.00
22.11.2020;23:30:18;2.50;43.00;14.18;754.33;0.00;0.00;0.00
22.11.2020;23:31:18;2.50;42.12;14.17;754.33;0.00;0.00;0.00
22.11.2020;23:32:18;2.51;42.76;14.16;754.34;0.00;0.00;0.00
22.11.2020;23:33:18;2.50;42.80;14.15;754.36;0.00;0.00;0.00
22.11.2020;23:34:18;2.50;43.24;14.16;754.34;0.00;0.00;0.00
22.11.2020;23:35:18;2.50;42.34;14.15;754.32;0.00;0.00;0.00
22.11.2020;23:36:18;2.50;42.25;14.13;754.32;0.00;0.00;0.00
22.11.2020;23:37:18;2.50;43.00;14.12;754.30;0.00;0.00;0.00
22.11.2020;23:38:18;2.50;42.83;14.12;754.30;0.00;0.00;0.00
22.11.2020;23:39:18;2.50;42.67;14.12;754.31;0.00;0.00;0.00
22.11.2020;23:40:18;2.51;43.16;14.11;754.33;0.00;0.00;0.00
22.11.2020;23:41:18;2.50;42.96;14.12;754.31;0.00;0.00;0.00
22.11.2020;23:42:18;2.50;43.09;14.12;754.33;0.00;0.00;0.00
22.11.2020;23:43:18;2.53;43.25;14.12;754.35;0.00;0.00;0.00
22.11.2020;23:44:18;2.50;43.44;14.13;754.36;0.00;0.00;0.00
22.11.2020;23:45:19;2.50;43.44;14.14;754.36;0.00;0.00;0.00
22.11.2020;23:46:19;2.51;43.38;14.15;754.37;0.00;0.00;0.00
22.11.2020;23:47:19;2.50;43.48;14.15;754.36;0.00;0.00;0.00
22.11.2020;23:48:19;2.50;43.40;14.15;754.36;0.00;0.00;0.00
22.11.2020;23:49:19;2.50;43.42;14.16;754.35;0.00;0.00;0.00
22.11.2020;23:50:19;2.50;43.29;14.16;754.33;0.00;0.00;0.00
22.11.2020;23:51:19;2.50;43.44;14.16;754.34;0.00;0.00;0.00
22.11.2020;23:52:19;2.50;43.08;14.16;754.36;0.00;0.00;0.00
22.11.2020;23:53:19;2.50;43.40;14.17;754.34;0.00;0.00;0.00
22.11.2020;23:54:19;2.53;42.76;14.17;754.30;0.00;0.00;0.00
22.11.2020;23:55:19;2.50;43.36;14.17;754.29;0.00;0.00;0.00
22.11.2020;23:56:19;2.50;43.39;14.18;754.28;0.00;0.00;0.00
22.11.2020;23:57:19;2.53;42.71;14.18;754.29;0.00;0.00;0.00
22.11.2020;23:58:19;2.50;43.07;14.18;754.32;0.00;0.00;0.00
22.11.2020;23:59:19;2.50;43.26;14.18;754.33;0.00;0.00;0.00
