22.12.2020;0:00:43;3.36;44.98;11.22;764.09;0.00;0.00;0.00
22.12.2020;0:01:43;3.33;44.89;11.20;764.07;0.00;0.00;0.00
22.12.2020;0:02:43;3.33;46.07;11.21;764.07;0.00;0.00;0.00
22.12.2020;0:03:43;3.35;45.96;11.22;764.06;0.00;0.00;0.00
22.12.2020;0:04:43;3.33;46.09;11.20;764.05;0.00;0.00;0.00
22.12.2020;0:05:43;3.33;46.05;11.21;764.06;0.00;0.00;0.00
22.12.2020;0:06:43;3.33;46.08;11.20;764.05;0.00;0.00;0.00
22.12.2020;0:07:43;3.33;45.10;11.19;764.05;0.00;0.00;0.00
22.12.2020;0:08:43;3.33;44.94;11.18;764.04;0.00;0.00;0.00
22.12.2020;0:09:43;3.33;45.68;11.18;764.05;0.00;0.00;0.00
22.12.2020;0:10:43;3.33;45.27;11.17;764.05;0.00;0.00;0.00
22.12.2020;0:11:43;3.35;44.91;11.15;764.04;0.00;0.00;0.00
22.12.2020;0:12:43;3.33;45.97;11.16;764.04;0.00;0.00;0.00
22.12.2020;0:13:43;3.33;45.86;11.16;764.04;0.00;0.00;0.00
22.12.2020;0:14:43;3.36;44.67;11.17;764.02;0.00;0.00;0.00
22.12.2020;0:15:43;3.33;43.71;11.10;764.00;0.00;0.00;0.00
22.12.2020;0:16:43;3.33;45.14;11.08;763.99;0.00;0.00;0.00
22.12.2020;0:17:43;3.35;46.00;11.09;764.01;0.00;0.00;0.00
22.12.2020;0:18:43;3.33;45.72;11.11;764.01;0.00;0.00;0.00
22.12.2020;0:19:43;3.33;45.94;11.11;764.01;0.00;0.00;0.00
22.12.2020;0:20:43;3.33;46.09;11.10;764.02;0.00;0.00;0.00
22.12.2020;0:21:43;3.33;45.69;11.09;764.02;0.00;0.00;0.00
22.12.2020;0:22:43;3.33;46.18;11.11;764.04;0.00;0.00;0.00
22.12.2020;0:23:43;3.33;45.79;11.11;764.03;0.00;0.00;0.00
22.12.2020;0:24:43;3.33;46.02;11.11;764.02;0.00;0.00;0.00
22.12.2020;0:25:43;3.35;45.65;11.11;764.00;0.00;0.00;0.00
22.12.2020;0:26:43;3.33;45.81;11.11;764.00;0.00;0.00;0.00
22.12.2020;0:27:43;3.33;46.14;11.11;763.98;0.00;0.00;0.00
22.12.2020;0:28:43;3.36;46.19;11.11;763.96;0.00;0.00;0.00
22.12.2020;0:29:43;3.33;46.22;11.11;763.97;0.00;0.00;0.00
22.12.2020;0:30:44;3.33;45.61;11.11;763.97;0.00;0.00;0.00
22.12.2020;0:31:44;3.35;45.35;11.10;763.96;0.00;0.00;0.00
22.12.2020;0:32:44;3.33;45.60;11.10;763.96;0.00;0.00;0.00
22.12.2020;0:33:44;3.33;46.03;11.09;763.95;0.00;0.00;0.00
22.12.2020;0:34:44;3.33;46.07;11.09;763.95;0.00;0.00;0.00
22.12.2020;0:35:44;3.33;45.84;11.09;763.96;0.00;0.00;0.00
22.12.2020;0:36:44;3.33;45.54;11.09;763.97;0.00;0.00;0.00
22.12.2020;0:37:44;3.33;45.20;11.09;763.97;0.00;0.00;0.00
22.12.2020;0:38:44;3.33;45.41;11.07;763.98;0.00;0.00;0.00
22.12.2020;0:39:44;3.35;45.78;11.08;763.98;0.00;0.00;0.00
22.12.2020;0:40:44;3.33;46.10;11.08;764.00;0.00;0.00;0.00
22.12.2020;0:41:44;3.33;45.49;11.08;764.01;0.00;0.00;0.00
22.12.2020;0:42:44;3.36;45.73;11.08;764.01;0.00;0.00;0.00
22.12.2020;0:43:44;3.33;45.39;11.06;764.02;0.00;0.00;0.00
22.12.2020;0:44:44;3.33;45.67;11.07;764.02;0.00;0.00;0.00
22.12.2020;0:45:44;3.35;45.30;11.05;764.03;0.00;0.00;0.00
22.12.2020;0:46:44;3.33;45.98;11.07;764.03;0.00;0.00;0.00
22.12.2020;0:47:44;3.33;46.11;11.08;764.03;0.00;0.00;0.00
22.12.2020;0:48:44;3.33;46.08;11.08;764.02;0.00;0.00;0.00
22.12.2020;0:49:44;3.33;45.98;11.08;764.03;0.00;0.00;0.00
22.12.2020;0:50:44;3.33;46.19;11.07;764.03;0.00;0.00;0.00
22.12.2020;0:51:44;3.33;45.60;11.07;764.03;0.00;0.00;0.00
22.12.2020;0:52:44;3.33;45.15;11.06;764.02;0.00;0.00;0.00
22.12.2020;0:53:44;3.35;45.44;11.05;764.01;0.00;0.00;0.00
22.12.2020;0:54:44;3.33;45.74;11.04;764.01;0.00;0.00;0.00
22.12.2020;0:55:44;3.33;45.68;11.04;764.00;0.00;0.00;0.00
22.12.2020;0:56:44;3.36;45.43;11.03;764.00;0.00;0.00;0.00
22.12.2020;0:57:44;3.33;45.43;11.03;763.99;0.00;0.00;0.00
22.12.2020;0:58:44;3.33;45.80;11.03;763.98;0.00;0.00;0.00
22.12.2020;0:59:44;3.35;45.99;11.04;763.98;0.00;0.00;0.00
22.12.2020;1:00:44;3.33;45.10;11.04;763.97;0.00;0.00;0.00
22.12.2020;1:01:44;3.33;45.88;11.02;763.97;0.00;0.00;0.00
22.12.2020;1:02:45;3.33;45.49;11.03;763.99;0.00;0.00;0.00
22.12.2020;1:03:45;3.33;45.82;11.03;763.99;0.00;0.00;0.00
22.12.2020;1:04:45;3.33;45.90;11.03;764.00;0.00;0.00;0.00
22.12.2020;1:05:45;3.33;45.71;11.04;764.01;0.00;0.00;0.00
22.12.2020;1:06:45;3.33;45.79;11.03;764.02;0.00;0.00;0.00
22.12.2020;1:07:45;3.35;45.02;11.03;764.02;0.00;0.00;0.00
22.12.2020;1:08:45;3.33;45.70;11.03;764.01;0.00;0.00;0.00
22.12.2020;1:09:45;3.33;45.47;11.03;764.01;0.00;0.00;0.00
22.12.2020;1:10:45;3.36;45.99;11.04;764.00;0.00;0.00;0.00
22.12.2020;1:11:45;3.33;45.73;11.04;763.99;0.00;0.00;0.00
22.12.2020;1:12:45;3.33;45.28;11.04;763.97;0.00;0.00;0.00
22.12.2020;1:13:45;3.35;45.59;11.04;763.97;0.00;0.00;0.00
22.12.2020;1:14:45;3.33;45.70;11.03;763.97;0.00;0.00;0.00
22.12.2020;1:15:45;3.33;45.17;11.02;763.97;0.00;0.00;0.00
22.12.2020;1:16:45;3.33;45.59;11.01;763.98;0.00;0.00;0.00
22.12.2020;1:17:45;3.33;45.50;11.01;763.98;0.00;0.00;0.00
22.12.2020;1:18:45;3.33;45.74;11.00;763.97;0.00;0.00;0.00
22.12.2020;1:19:45;3.33;46.03;11.01;763.98;0.00;0.00;0.00
22.12.2020;1:20:45;3.33;45.50;11.01;763.99;0.00;0.00;0.00
22.12.2020;1:21:45;3.35;45.85;10.99;763.99;0.00;0.00;0.00
22.12.2020;1:22:45;3.33;45.94;11.00;764.01;0.00;0.00;0.00
22.12.2020;1:23:45;3.33;45.68;11.00;764.01;0.00;0.00;0.00
22.12.2020;1:24:45;3.36;45.83;11.00;764.02;0.00;0.00;0.00
22.12.2020;1:25:45;3.33;45.48;10.99;764.02;0.00;0.00;0.00
22.12.2020;1:26:45;3.33;45.55;10.98;764.03;0.00;0.00;0.00
22.12.2020;1:27:45;3.35;45.83;10.97;764.04;0.00;0.00;0.00
22.12.2020;1:28:45;3.33;45.69;10.98;764.03;0.00;0.00;0.00
22.12.2020;1:29:45;3.33;45.87;10.97;764.03;0.00;0.00;0.00
22.12.2020;1:30:45;3.33;44.96;10.96;764.01;0.00;0.00;0.00
22.12.2020;1:31:45;3.33;45.74;10.95;764.02;0.00;0.00;0.00
22.12.2020;1:32:45;3.33;45.22;10.96;764.02;0.00;0.00;0.00
22.12.2020;1:33:45;3.33;44.73;10.94;764.01;0.00;0.00;0.00
22.12.2020;1:34:46;3.33;44.08;10.93;763.99;0.00;0.00;0.00
22.12.2020;1:35:46;3.35;45.22;10.90;764.01;0.00;0.00;0.00
22.12.2020;1:36:46;3.33;45.40;10.91;764.01;0.00;0.00;0.00
22.12.2020;1:37:46;3.33;45.51;10.92;764.01;0.00;0.00;0.00
22.12.2020;1:38:46;3.36;45.18;10.92;764.01;0.00;0.00;0.00
22.12.2020;1:39:46;3.33;45.54;10.92;764.02;0.00;0.00;0.00
22.12.2020;1:40:46;3.33;44.74;10.93;764.01;0.00;0.00;0.00
22.12.2020;1:41:46;3.35;44.79;10.92;764.01;0.00;0.00;0.00
22.12.2020;1:42:46;3.33;45.02;10.91;764.01;0.00;0.00;0.00
22.12.2020;1:43:46;3.33;45.28;10.91;764.01;0.00;0.00;0.00
22.12.2020;1:44:46;3.33;45.25;10.91;764.02;0.00;0.00;0.00
22.12.2020;1:45:46;3.33;44.75;10.92;764.00;0.00;0.00;0.00
22.12.2020;1:46:46;3.33;44.84;10.91;763.98;0.00;0.00;0.00
22.12.2020;1:47:46;3.33;45.16;10.91;763.99;0.00;0.00;0.00
22.12.2020;1:48:46;3.33;45.64;10.92;764.00;0.00;0.00;0.00
22.12.2020;1:49:46;3.35;45.78;10.94;764.01;0.00;0.00;0.00
22.12.2020;1:50:46;3.33;45.62;10.95;764.01;0.00;0.00;0.00
22.12.2020;1:51:46;3.33;45.64;10.96;764.01;0.00;0.00;0.00
22.12.2020;1:52:46;3.36;45.20;10.97;764.01;0.00;0.00;0.00
22.12.2020;1:53:46;3.33;44.31;10.96;764.00;0.00;0.00;0.00
22.12.2020;1:54:46;3.33;44.86;10.95;764.01;0.00;0.00;0.00
22.12.2020;1:55:46;3.35;45.31;10.95;764.02;0.00;0.00;0.00
22.12.2020;1:56:46;3.33;45.67;10.96;764.02;0.00;0.00;0.00
22.12.2020;1:57:46;3.33;45.71;10.96;764.02;0.00;0.00;0.00
22.12.2020;1:58:46;3.33;45.25;10.96;764.03;0.00;0.00;0.00
22.12.2020;1:59:46;3.33;45.21;10.95;764.03;0.00;0.00;0.00
22.12.2020;2:00:46;3.33;44.42;10.94;764.03;0.00;0.00;0.00
22.12.2020;2:01:46;3.33;44.94;10.93;764.04;0.00;0.00;0.00
22.12.2020;2:02:46;3.33;45.54;10.94;764.04;0.00;0.00;0.00
22.12.2020;2:03:46;3.35;45.43;10.95;764.05;0.00;0.00;0.00
22.12.2020;2:04:46;3.33;45.17;10.96;764.06;0.00;0.00;0.00
22.12.2020;2:05:46;3.33;44.65;10.94;764.07;0.00;0.00;0.00
22.12.2020;2:06:46;3.36;44.61;10.93;764.08;0.00;0.00;0.00
22.12.2020;2:07:47;3.33;44.50;10.92;764.09;0.00;0.00;0.00
22.12.2020;2:08:47;3.33;45.02;10.92;764.09;0.00;0.00;0.00
22.12.2020;2:09:47;3.35;44.94;10.91;764.11;0.00;0.00;0.00
22.12.2020;2:10:47;3.33;45.08;10.90;764.11;0.00;0.00;0.00
22.12.2020;2:11:47;3.33;44.96;10.91;764.11;0.00;0.00;0.00
22.12.2020;2:12:47;3.33;44.78;10.91;764.11;0.00;0.00;0.00
22.12.2020;2:13:47;3.33;44.35;10.91;764.11;0.00;0.00;0.00
22.12.2020;2:14:47;3.33;44.68;10.91;764.12;0.00;0.00;0.00
22.12.2020;2:15:47;3.33;44.68;10.92;764.11;0.00;0.00;0.00
22.12.2020;2:16:47;3.33;44.77;10.92;764.12;0.00;0.00;0.00
22.12.2020;2:17:47;3.35;45.12;10.92;764.10;0.00;0.00;0.00
22.12.2020;2:18:47;3.33;45.02;10.93;764.10;0.00;0.00;0.00
22.12.2020;2:19:47;3.33;44.75;10.91;764.09;0.00;0.00;0.00
22.12.2020;2:20:47;3.36;45.21;10.91;764.08;0.00;0.00;0.00
22.12.2020;2:21:47;3.33;45.06;10.93;764.07;0.00;0.00;0.00
22.12.2020;2:22:47;3.33;44.92;10.93;764.08;0.00;0.00;0.00
22.12.2020;2:23:47;3.35;44.82;10.93;764.08;0.00;0.00;0.00
22.12.2020;2:24:47;3.33;44.71;10.94;764.09;0.00;0.00;0.00
22.12.2020;2:25:47;3.33;44.35;10.95;764.09;0.00;0.00;0.00
22.12.2020;2:26:47;3.33;44.56;10.93;764.08;0.00;0.00;0.00
22.12.2020;2:27:47;3.33;44.65;10.93;764.07;0.00;0.00;0.00
22.12.2020;2:28:47;3.33;44.96;10.94;764.06;0.00;0.00;0.00
22.12.2020;2:29:47;3.33;44.17;10.93;764.06;0.00;0.00;0.00
22.12.2020;2:30:47;3.33;44.72;10.93;764.05;0.00;0.00;0.00
22.12.2020;2:31:47;3.35;44.83;10.93;764.04;0.00;0.00;0.00
22.12.2020;2:32:47;3.33;44.85;10.93;764.03;0.00;0.00;0.00
22.12.2020;2:33:47;3.33;44.88;10.93;764.02;0.00;0.00;0.00
22.12.2020;2:34:47;3.36;44.39;10.93;764.02;0.00;0.00;0.00
22.12.2020;2:35:47;3.33;44.57;10.92;764.02;0.00;0.00;0.00
22.12.2020;2:36:47;3.33;45.04;10.93;764.02;0.00;0.00;0.00
22.12.2020;2:37:47;3.35;44.74;10.94;764.02;0.00;0.00;0.00
22.12.2020;2:38:47;3.33;44.88;10.95;764.00;0.00;0.00;0.00
22.12.2020;2:39:48;3.33;44.96;10.95;764.00;0.00;0.00;0.00
22.12.2020;2:40:48;3.33;44.61;10.97;763.98;0.00;0.00;0.00
22.12.2020;2:41:48;3.33;44.00;10.94;763.97;0.00;0.00;0.00
22.12.2020;2:42:48;3.33;44.84;10.95;763.97;0.00;0.00;0.00
22.12.2020;2:43:48;3.33;44.99;10.96;763.97;0.00;0.00;0.00
22.12.2020;2:44:48;3.33;44.75;10.97;763.97;0.00;0.00;0.00
22.12.2020;2:45:48;3.35;44.98;10.98;763.96;0.00;0.00;0.00
22.12.2020;2:46:48;3.33;44.12;10.98;763.94;0.00;0.00;0.00
22.12.2020;2:47:48;3.33;43.82;10.95;763.92;0.00;0.00;0.00
22.12.2020;2:48:48;3.36;44.38;10.95;763.92;0.00;0.00;0.00
22.12.2020;2:49:48;3.33;44.68;10.96;763.91;0.00;0.00;0.00
22.12.2020;2:50:48;3.33;44.44;10.96;763.90;0.00;0.00;0.00
22.12.2020;2:51:48;3.35;44.84;10.97;763.89;0.00;0.00;0.00
22.12.2020;2:52:48;3.33;44.85;10.95;763.88;0.00;0.00;0.00
22.12.2020;2:53:48;3.33;44.61;10.96;763.87;0.00;0.00;0.00
22.12.2020;2:54:48;3.33;44.76;10.94;763.88;0.00;0.00;0.00
22.12.2020;2:55:48;3.33;44.99;10.94;763.89;0.00;0.00;0.00
22.12.2020;2:56:48;3.33;45.01;10.96;763.90;0.00;0.00;0.00
22.12.2020;2:57:48;3.33;44.98;10.96;763.89;0.00;0.00;0.00
22.12.2020;2:58:48;3.33;44.90;10.96;763.89;0.00;0.00;0.00
22.12.2020;2:59:48;3.35;44.88;10.96;763.89;0.00;0.00;0.00
22.12.2020;3:00:48;3.33;44.70;10.96;763.89;0.00;0.00;0.00
22.12.2020;3:01:48;3.33;44.59;10.97;763.88;0.00;0.00;0.00
22.12.2020;3:02:48;3.36;44.42;10.96;763.88;0.00;0.00;0.00
22.12.2020;3:03:48;3.33;44.50;10.95;763.89;0.00;0.00;0.00
22.12.2020;3:04:48;3.33;44.72;10.94;763.88;0.00;0.00;0.00
22.12.2020;3:05:48;3.35;44.84;10.94;763.87;0.00;0.00;0.00
22.12.2020;3:06:48;3.33;44.92;10.95;763.88;0.00;0.00;0.00
22.12.2020;3:07:48;3.33;44.76;10.95;763.88;0.00;0.00;0.00
22.12.2020;3:08:48;3.33;44.74;10.95;763.87;0.00;0.00;0.00
22.12.2020;3:09:48;3.33;44.57;10.95;763.86;0.00;0.00;0.00
22.12.2020;3:10:48;3.33;44.76;10.95;763.86;0.00;0.00;0.00
22.12.2020;3:11:48;3.33;44.75;10.95;763.85;0.00;0.00;0.00
22.12.2020;3:12:49;3.33;44.90;10.94;763.84;0.00;0.00;0.00
22.12.2020;3:13:49;3.35;44.90;10.94;763.84;0.00;0.00;0.00
22.12.2020;3:14:49;3.33;44.70;10.96;763.85;0.00;0.00;0.00
22.12.2020;3:15:49;3.33;44.69;10.95;763.85;0.00;0.00;0.00
22.12.2020;3:16:49;3.36;44.51;10.95;763.85;0.00;0.00;0.00
22.12.2020;3:17:49;3.33;44.25;10.95;763.86;0.00;0.00;0.00
22.12.2020;3:18:49;3.33;44.49;10.94;763.87;0.00;0.00;0.00
22.12.2020;3:19:49;3.35;44.57;10.94;763.88;0.00;0.00;0.00
22.12.2020;3:20:49;3.33;44.49;10.94;763.88;0.00;0.00;0.00
22.12.2020;3:21:49;3.33;43.80;10.93;763.89;0.00;0.00;0.00
22.12.2020;3:22:49;3.33;44.19;10.94;763.90;0.00;0.00;0.00
22.12.2020;3:23:49;3.33;44.20;10.95;763.89;0.00;0.00;0.00
22.12.2020;3:24:49;3.33;44.21;10.93;763.89;0.00;0.00;0.00
22.12.2020;3:25:49;3.33;44.62;10.94;763.90;0.00;0.00;0.00
22.12.2020;3:26:49;3.33;44.71;10.94;763.89;0.00;0.00;0.00
22.12.2020;3:27:49;3.35;44.52;10.95;763.88;0.00;0.00;0.00
22.12.2020;3:28:49;3.33;44.33;10.95;763.88;0.00;0.00;0.00
22.12.2020;3:29:49;3.33;44.79;10.96;763.88;0.00;0.00;0.00
22.12.2020;3:30:49;3.36;44.46;10.95;763.87;0.00;0.00;0.00
22.12.2020;3:31:49;3.33;44.38;10.94;763.88;0.00;0.00;0.00
22.12.2020;3:32:49;3.33;44.77;10.93;763.87;0.00;0.00;0.00
22.12.2020;3:33:49;3.35;44.54;10.94;763.86;0.00;0.00;0.00
22.12.2020;3:34:49;3.33;44.39;10.92;763.85;0.00;0.00;0.00
22.12.2020;3:35:49;3.33;44.48;10.93;763.83;0.00;0.00;0.00
22.12.2020;3:36:49;3.33;44.29;10.93;763.81;0.00;0.00;0.00
22.12.2020;3:37:49;3.33;44.51;10.93;763.80;0.00;0.00;0.00
22.12.2020;3:38:49;3.33;44.30;10.92;763.79;0.00;0.00;0.00
22.12.2020;3:39:49;3.33;44.78;10.91;763.78;0.00;0.00;0.00
22.12.2020;3:40:49;3.33;44.84;10.91;763.78;0.00;0.00;0.00
22.12.2020;3:41:49;3.35;44.80;10.90;763.78;0.00;0.00;0.00
22.12.2020;3:42:49;3.33;44.87;10.90;763.78;0.00;0.00;0.00
22.12.2020;3:43:49;3.33;44.59;10.91;763.79;0.00;0.00;0.00
22.12.2020;3:44:50;3.36;44.53;10.89;763.78;0.00;0.00;0.00
22.12.2020;3:45:50;3.33;44.63;10.89;763.78;0.00;0.00;0.00
22.12.2020;3:46:50;3.33;44.48;10.89;763.79;0.00;0.00;0.00
22.12.2020;3:47:50;3.35;44.51;10.88;763.77;0.00;0.00;0.00
22.12.2020;3:48:50;3.33;43.97;10.88;763.78;0.00;0.00;0.00
22.12.2020;3:49:50;3.33;44.16;10.86;763.77;0.00;0.00;0.00
22.12.2020;3:50:50;3.33;44.46;10.86;763.78;0.00;0.00;0.00
22.12.2020;3:51:50;3.33;44.23;10.85;763.77;0.00;0.00;0.00
22.12.2020;3:52:50;3.33;44.64;10.84;763.77;0.00;0.00;0.00
22.12.2020;3:53:50;3.33;44.55;10.84;763.75;0.00;0.00;0.00
22.12.2020;3:54:50;3.33;44.64;10.84;763.76;0.00;0.00;0.00
22.12.2020;3:55:50;3.35;44.49;10.84;763.76;0.00;0.00;0.00
22.12.2020;3:56:50;3.33;44.53;10.85;763.77;0.00;0.00;0.00
22.12.2020;3:57:50;3.33;44.51;10.85;763.78;0.00;0.00;0.00
22.12.2020;3:58:50;3.36;44.67;10.86;763.78;0.00;0.00;0.00
22.12.2020;3:59:50;3.33;44.82;10.88;763.78;0.00;0.00;0.00
22.12.2020;4:00:50;3.33;44.53;10.89;763.77;0.00;0.00;0.00
22.12.2020;4:01:50;3.35;44.54;10.87;763.75;0.00;0.00;0.00
22.12.2020;4:02:50;3.33;44.56;10.88;763.74;0.00;0.00;0.00
22.12.2020;4:03:50;3.33;44.76;10.89;763.73;0.00;0.00;0.00
22.12.2020;4:04:50;3.33;44.66;10.88;763.72;0.00;0.00;0.00
22.12.2020;4:05:50;3.33;44.75;10.90;763.71;0.00;0.00;0.00
22.12.2020;4:06:50;3.33;43.65;10.90;763.70;0.00;0.00;0.00
22.12.2020;4:07:50;3.33;44.34;10.90;763.69;0.00;0.00;0.00
22.12.2020;4:08:50;3.33;44.68;10.90;763.70;0.00;0.00;0.00
22.12.2020;4:09:50;3.35;44.64;10.91;763.70;0.00;0.00;0.00
22.12.2020;4:10:50;3.33;44.44;10.92;763.68;0.00;0.00;0.00
22.12.2020;4:11:50;3.33;44.63;10.92;763.68;0.00;0.00;0.00
22.12.2020;4:12:50;3.36;44.45;10.92;763.68;0.00;0.00;0.00
22.12.2020;4:13:50;3.33;44.55;10.91;763.66;0.00;0.00;0.00
22.12.2020;4:14:50;3.33;44.70;10.92;763.66;0.00;0.00;0.00
22.12.2020;4:15:50;3.35;44.06;10.94;763.64;0.00;0.00;0.00
22.12.2020;4:16:50;3.33;44.17;10.93;763.62;0.00;0.00;0.00
22.12.2020;4:17:51;3.33;44.34;10.92;763.61;0.00;0.00;0.00
22.12.2020;4:18:51;3.33;44.45;10.92;763.60;0.00;0.00;0.00
22.12.2020;4:19:51;3.33;44.54;10.93;763.59;0.00;0.00;0.00
22.12.2020;4:20:51;3.33;44.24;10.92;763.57;0.00;0.00;0.00
22.12.2020;4:21:51;3.33;44.40;10.92;763.57;0.00;0.00;0.00
22.12.2020;4:22:51;3.33;44.27;10.92;763.56;0.00;0.00;0.00
22.12.2020;4:23:51;3.35;44.06;10.91;763.56;0.00;0.00;0.00
22.12.2020;4:24:51;3.33;44.22;10.91;763.58;0.00;0.00;0.00
22.12.2020;4:25:51;3.33;43.94;10.89;763.59;0.00;0.00;0.00
22.12.2020;4:26:51;3.36;44.38;10.90;763.60;0.00;0.00;0.00
22.12.2020;4:27:51;3.33;44.20;10.90;763.62;0.00;0.00;0.00
22.12.2020;4:28:51;3.33;44.24;10.90;763.62;0.00;0.00;0.00
22.12.2020;4:29:51;3.35;44.30;10.89;763.63;0.00;0.00;0.00
22.12.2020;4:30:51;3.33;44.41;10.89;763.64;0.00;0.00;0.00
22.12.2020;4:31:51;3.33;44.06;10.88;763.65;0.00;0.00;0.00
22.12.2020;4:32:51;3.33;44.07;10.88;763.65;0.00;0.00;0.00
22.12.2020;4:33:51;3.33;43.81;10.89;763.64;0.00;0.00;0.00
22.12.2020;4:34:51;3.33;44.21;10.89;763.64;0.00;0.00;0.00
22.12.2020;4:35:51;3.33;44.33;10.90;763.65;0.00;0.00;0.00
22.12.2020;4:36:51;3.33;43.65;10.88;763.62;0.00;0.00;0.00
22.12.2020;4:37:51;3.35;43.58;10.86;763.63;0.00;0.00;0.00
22.12.2020;4:38:51;3.33;44.38;10.86;763.64;0.00;0.00;0.00
22.12.2020;4:39:51;3.33;43.62;10.86;763.63;0.00;0.00;0.00
22.12.2020;4:40:51;3.36;44.36;10.88;763.64;0.00;0.00;0.00
22.12.2020;4:41:51;3.33;44.39;10.89;763.65;0.00;0.00;0.00
22.12.2020;4:42:51;3.33;44.10;10.89;763.65;0.00;0.00;0.00
22.12.2020;4:43:51;3.35;44.38;10.89;763.66;0.00;0.00;0.00
22.12.2020;4:44:51;3.33;44.31;10.90;763.66;0.00;0.00;0.00
22.12.2020;4:45:51;3.33;43.89;10.89;763.65;0.00;0.00;0.00
22.12.2020;4:46:51;3.33;44.19;10.90;763.65;0.00;0.00;0.00
22.12.2020;4:47:51;3.33;44.18;10.91;763.65;0.00;0.00;0.00
22.12.2020;4:48:51;3.33;44.31;10.91;763.65;0.00;0.00;0.00
22.12.2020;4:49:51;3.33;44.38;10.91;763.65;0.00;0.00;0.00
22.12.2020;4:50:52;3.33;43.73;10.92;763.64;0.00;0.00;0.00
22.12.2020;4:51:52;3.35;44.22;10.91;763.65;0.00;0.00;0.00
22.12.2020;4:52:52;3.33;44.21;10.91;763.64;0.00;0.00;0.00
22.12.2020;4:53:52;3.33;44.00;10.91;763.65;0.00;0.00;0.00
22.12.2020;4:54:52;3.36;43.88;10.91;763.66;0.00;0.00;0.00
22.12.2020;4:55:52;3.33;43.56;10.92;763.66;0.00;0.00;0.00
22.12.2020;4:56:52;3.33;43.82;10.90;763.67;0.00;0.00;0.00
22.12.2020;4:57:52;3.35;43.94;10.90;763.67;0.00;0.00;0.00
22.12.2020;4:58:52;3.33;44.02;10.89;763.66;0.00;0.00;0.00
22.12.2020;4:59:52;3.33;44.15;10.88;763.66;0.00;0.00;0.00
22.12.2020;5:00:52;3.33;43.66;10.88;763.65;0.00;0.00;0.00
22.12.2020;5:01:52;3.33;43.66;10.86;763.65;0.00;0.00;0.00
22.12.2020;5:02:52;3.33;43.98;10.86;763.65;0.00;0.00;0.00
22.12.2020;5:03:52;3.33;44.12;10.87;763.65;0.00;0.00;0.00
22.12.2020;5:04:52;3.33;44.27;10.88;763.66;0.00;0.00;0.00
22.12.2020;5:05:52;3.35;44.35;10.88;763.67;0.00;0.00;0.00
22.12.2020;5:06:52;3.33;44.35;10.88;763.66;0.00;0.00;0.00
22.12.2020;5:07:52;3.33;44.26;10.88;763.65;0.00;0.00;0.00
22.12.2020;5:08:52;3.36;44.24;10.89;763.64;0.00;0.00;0.00
22.12.2020;5:09:52;3.33;44.18;10.89;763.64;0.00;0.00;0.00
22.12.2020;5:10:52;3.33;43.94;10.89;763.63;0.00;0.00;0.00
22.12.2020;5:11:52;3.35;44.06;10.86;763.61;0.00;0.00;0.00
22.12.2020;5:12:52;3.33;44.11;10.86;763.59;0.00;0.00;0.00
22.12.2020;5:13:52;3.33;43.91;10.86;763.58;0.00;0.00;0.00
22.12.2020;5:14:52;3.33;43.93;10.85;763.57;0.00;0.00;0.00
22.12.2020;5:15:52;3.33;43.93;10.86;763.56;0.00;0.00;0.00
22.12.2020;5:16:52;3.33;43.53;10.85;763.54;0.00;0.00;0.00
22.12.2020;5:17:52;3.33;43.78;10.84;763.54;0.00;0.00;0.00
22.12.2020;5:18:52;3.33;43.71;10.84;763.53;0.00;0.00;0.00
22.12.2020;5:19:52;3.35;43.70;10.84;763.52;0.00;0.00;0.00
22.12.2020;5:20:52;3.33;43.75;10.84;763.51;0.00;0.00;0.00
22.12.2020;5:21:52;3.33;43.94;10.83;763.51;0.00;0.00;0.00
22.12.2020;5:22:53;3.36;44.13;10.84;763.51;0.00;0.00;0.00
22.12.2020;5:23:53;3.33;43.99;10.86;763.51;0.00;0.00;0.00
22.12.2020;5:24:53;3.33;43.87;10.85;763.50;0.00;0.00;0.00
22.12.2020;5:25:53;3.35;44.07;10.84;763.49;0.00;0.00;0.00
22.12.2020;5:26:53;3.33;44.16;10.84;763.49;0.00;0.00;0.00
22.12.2020;5:27:53;3.33;44.11;10.84;763.48;0.00;0.00;0.00
22.12.2020;5:28:53;3.33;43.93;10.83;763.47;0.00;0.00;0.00
22.12.2020;5:29:53;3.33;43.73;10.82;763.46;0.00;0.00;0.00
22.12.2020;5:30:53;3.33;43.92;10.82;763.45;0.00;0.00;0.00
22.12.2020;5:31:53;3.33;43.93;10.82;763.44;0.00;0.00;0.00
22.12.2020;5:32:53;3.33;43.92;10.82;763.44;0.00;0.00;0.00
22.12.2020;5:33:53;3.35;43.99;10.82;763.45;0.00;0.00;0.00
22.12.2020;5:34:53;3.33;44.03;10.83;763.45;0.00;0.00;0.00
22.12.2020;5:35:53;3.33;44.07;10.83;763.45;0.00;0.00;0.00
22.12.2020;5:36:53;3.36;43.93;10.84;763.46;0.00;0.00;0.00
22.12.2020;5:37:53;3.33;44.05;10.83;763.48;0.00;0.00;0.00
22.12.2020;5:38:53;3.33;44.07;10.84;763.47;0.00;0.00;0.00
22.12.2020;5:39:53;3.35;43.88;10.83;763.47;0.00;0.00;0.00
22.12.2020;5:40:53;3.33;44.03;10.82;763.47;0.00;0.00;0.00
22.12.2020;5:41:53;3.33;44.02;10.82;763.48;0.00;0.00;0.00
22.12.2020;5:42:53;3.33;43.89;10.83;763.48;0.00;0.00;0.00
22.12.2020;5:43:53;3.33;43.88;10.83;763.49;0.00;0.00;0.00
22.12.2020;5:44:53;3.33;43.45;10.83;763.49;0.00;0.00;0.00
22.12.2020;5:45:53;3.33;43.57;10.82;763.50;0.00;0.00;0.00
22.12.2020;5:46:53;3.33;43.76;10.82;763.50;0.00;0.00;0.00
22.12.2020;5:47:53;3.35;43.34;10.83;763.50;0.00;0.00;0.00
22.12.2020;5:48:53;3.33;43.75;10.82;763.49;0.00;0.00;0.00
22.12.2020;5:49:53;3.33;43.83;10.84;763.50;0.00;0.00;0.00
22.12.2020;5:50:53;3.36;43.59;10.83;763.49;0.00;0.00;0.00
22.12.2020;5:51:53;3.33;43.76;10.80;763.49;0.00;0.00;0.00
22.12.2020;5:52:53;3.33;43.61;10.82;763.49;0.00;0.00;0.00
22.12.2020;5:53:53;3.35;43.75;10.82;763.48;0.00;0.00;0.00
22.12.2020;5:54:53;3.33;43.53;10.81;763.48;0.00;0.00;0.00
22.12.2020;5:55:54;3.33;43.98;10.81;763.49;0.00;0.00;0.00
22.12.2020;5:56:54;3.33;43.66;10.80;763.47;0.00;0.00;0.00
22.12.2020;5:57:54;3.33;44.00;10.82;763.46;0.00;0.00;0.00
22.12.2020;5:58:54;3.33;43.99;10.81;763.45;0.00;0.00;0.00
22.12.2020;5:59:54;3.33;43.65;10.80;763.44;0.00;0.00;0.00
22.12.2020;6:00:54;3.33;44.02;10.80;763.44;0.00;0.00;0.00
22.12.2020;6:01:54;3.35;44.05;10.80;763.43;0.00;0.00;0.00
22.12.2020;6:02:54;3.33;43.65;10.82;763.43;0.00;0.00;0.00
22.12.2020;6:03:54;3.33;43.80;10.80;763.42;0.00;0.00;0.00
22.12.2020;6:04:54;3.36;43.63;10.81;763.41;0.00;0.00;0.00
22.12.2020;6:05:54;3.33;43.68;10.80;763.41;0.00;0.00;0.00
22.12.2020;6:06:54;3.33;43.99;10.80;763.40;0.00;0.00;0.00
22.12.2020;6:07:54;3.35;43.94;10.82;763.42;0.00;0.00;0.00
22.12.2020;6:08:54;3.33;43.98;10.81;763.42;0.00;0.00;0.00
22.12.2020;6:09:54;3.33;43.65;10.81;763.42;0.00;0.00;0.00
22.12.2020;6:10:54;3.33;43.68;10.78;763.42;0.00;0.00;0.00
22.12.2020;6:11:54;3.33;43.72;10.78;763.42;0.00;0.00;0.00
22.12.2020;6:12:54;3.33;43.66;10.77;763.42;0.00;0.00;0.00
22.12.2020;6:13:54;3.33;43.53;10.78;763.39;0.00;0.00;0.00
22.12.2020;6:14:54;3.33;43.59;10.79;763.39;0.00;0.00;0.00
22.12.2020;6:15:54;3.35;43.61;10.79;763.39;0.00;0.00;0.00
22.12.2020;6:16:54;3.33;43.47;10.78;763.38;0.00;0.00;0.00
22.12.2020;6:17:54;3.33;43.74;10.77;763.37;0.00;0.00;0.00
22.12.2020;6:18:54;3.36;43.77;10.76;763.37;0.00;0.00;0.00
22.12.2020;6:19:54;3.33;43.58;10.76;763.37;0.00;0.00;0.00
22.12.2020;6:20:54;3.33;43.40;10.76;763.37;0.00;0.00;0.00
22.12.2020;6:21:54;3.35;43.63;10.75;763.37;0.00;0.00;0.00
22.12.2020;6:22:54;3.33;43.07;10.73;763.37;0.00;0.00;0.00
22.12.2020;6:23:54;3.33;43.76;10.72;763.38;0.00;0.00;0.00
22.12.2020;6:24:54;3.33;43.57;10.72;763.40;0.00;0.00;0.00
22.12.2020;6:25:54;3.33;43.31;10.71;763.42;0.00;0.00;0.00
22.12.2020;6:26:54;3.33;43.38;10.69;763.43;0.00;0.00;0.00
22.12.2020;6:27:55;3.33;43.68;10.69;763.44;0.00;0.00;0.00
22.12.2020;6:28:55;3.33;43.85;10.69;763.45;0.00;0.00;0.00
22.12.2020;6:29:55;3.35;44.01;10.69;763.45;0.00;0.00;0.00
22.12.2020;6:30:55;3.33;43.81;10.70;763.45;0.00;0.00;0.00
22.12.2020;6:31:55;3.33;44.11;10.70;763.46;0.00;0.00;0.00
22.12.2020;6:32:55;3.36;43.87;10.70;763.46;0.00;0.00;0.00
22.12.2020;6:33:55;3.33;43.96;10.70;763.45;0.00;0.00;0.00
22.12.2020;6:34:55;3.33;43.84;10.70;763.44;0.00;0.00;0.00
22.12.2020;6:35:55;3.35;43.78;10.70;763.45;0.00;0.00;0.00
22.12.2020;6:36:55;3.33;43.94;10.70;763.44;0.00;0.00;0.00
22.12.2020;6:37:55;3.33;43.80;10.70;763.43;0.00;0.00;0.00
22.12.2020;6:38:55;3.33;43.45;10.69;763.43;0.00;0.00;0.00
22.12.2020;6:39:55;3.33;43.81;10.70;763.43;0.00;0.00;0.00
22.12.2020;6:40:55;3.33;43.85;10.70;763.41;0.00;0.00;0.00
22.12.2020;6:41:55;3.33;43.42;10.70;763.41;0.00;0.00;0.00
22.12.2020;6:42:55;3.33;43.77;10.69;763.41;0.00;0.00;0.00
22.12.2020;6:43:55;3.35;43.50;10.68;763.40;0.00;0.00;0.00
22.12.2020;6:44:55;3.33;43.68;10.68;763.38;0.00;0.00;0.00
22.12.2020;6:45:55;3.33;43.66;10.68;763.36;0.00;0.00;0.00
22.12.2020;6:46:55;3.36;44.04;10.68;763.36;0.00;0.00;0.00
22.12.2020;6:47:55;3.33;43.64;10.68;763.36;0.00;0.00;0.00
22.12.2020;6:48:55;3.33;43.68;10.68;763.34;0.00;0.00;0.00
22.12.2020;6:49:55;3.35;43.82;10.69;763.33;0.00;0.00;0.00
22.12.2020;6:50:55;3.33;43.94;10.69;763.32;0.00;0.00;0.00
22.12.2020;6:51:55;3.33;43.67;10.70;763.31;0.00;0.00;0.00
22.12.2020;6:52:55;3.33;43.47;10.68;763.30;0.00;0.00;0.00
22.12.2020;6:53:55;3.33;43.90;10.70;763.30;0.00;0.00;0.00
22.12.2020;6:54:55;3.33;43.79;10.70;763.28;0.00;0.00;0.00
22.12.2020;6:55:55;3.33;43.80;10.70;763.28;0.00;0.00;0.00
22.12.2020;6:56:55;3.33;43.84;10.70;763.28;0.00;0.00;0.00
22.12.2020;6:57:55;3.35;43.74;10.71;763.29;0.00;0.00;0.00
22.12.2020;6:58:55;3.33;43.23;10.72;763.29;0.00;0.00;0.00
22.12.2020;6:59:55;3.33;43.09;10.71;763.30;0.00;0.00;0.00
22.12.2020;7:00:56;3.36;43.36;10.71;763.30;0.00;0.00;0.00
22.12.2020;7:01:56;3.33;43.69;10.71;763.32;0.00;0.00;0.00
22.12.2020;7:02:56;3.33;43.76;10.73;763.31;0.00;0.00;0.00
22.12.2020;7:03:56;3.35;43.69;10.73;763.32;0.00;0.00;0.00
22.12.2020;7:04:56;3.33;43.66;10.74;763.30;0.00;0.00;0.00
22.12.2020;7:05:56;3.33;43.49;10.74;763.29;0.00;0.00;0.00
22.12.2020;7:06:56;3.33;43.42;10.73;763.28;0.00;0.00;0.00
22.12.2020;7:07:56;3.33;43.67;10.73;763.26;0.00;0.00;0.00
22.12.2020;7:08:56;3.33;43.50;10.72;763.26;0.00;0.00;0.00
22.12.2020;7:09:56;3.33;43.58;10.71;763.27;0.00;0.00;0.00
22.12.2020;7:10:56;3.33;43.60;10.72;763.25;0.00;0.00;0.00
22.12.2020;7:11:56;3.35;43.64;10.74;763.27;0.00;0.00;0.00
22.12.2020;7:12:56;3.33;43.46;10.73;763.27;0.00;0.00;0.00
22.12.2020;7:13:56;3.33;43.40;10.72;763.26;0.00;0.00;0.00
22.12.2020;7:14:56;3.36;43.50;10.72;763.27;0.00;0.00;0.00
22.12.2020;7:15:56;3.33;43.50;10.72;763.26;0.00;0.00;0.00
22.12.2020;7:16:56;3.33;43.60;10.73;763.26;0.00;0.00;0.00
22.12.2020;7:17:56;3.35;43.64;10.72;763.26;0.00;0.00;0.00
22.12.2020;7:18:56;3.33;43.59;10.72;763.26;0.00;0.00;0.00
22.12.2020;7:19:56;3.33;43.57;10.71;763.26;0.00;0.00;0.00
22.12.2020;7:20:56;3.33;43.60;10.71;763.26;0.00;0.00;0.00
22.12.2020;7:21:56;3.33;43.19;10.71;763.26;0.00;0.00;0.00
22.12.2020;7:22:56;3.33;43.42;10.70;763.25;0.00;0.00;0.00
22.12.2020;7:23:56;3.33;42.92;10.69;763.24;0.00;0.00;0.00
22.12.2020;7:24:56;3.33;43.19;10.68;763.24;0.00;0.00;0.00
22.12.2020;7:25:56;3.35;43.48;10.70;763.23;0.00;0.00;0.00
22.12.2020;7:26:56;3.33;43.19;10.70;763.22;0.00;0.00;0.00
22.12.2020;7:27:56;3.33;43.53;10.68;763.21;0.00;0.00;0.00
22.12.2020;7:28:56;3.36;43.69;10.68;763.23;0.00;0.00;0.00
22.12.2020;7:29:56;3.33;43.23;10.67;763.24;0.00;0.00;0.00
22.12.2020;7:30:56;3.33;43.57;10.66;763.26;0.00;0.00;0.00
22.12.2020;7:31:56;3.35;43.72;10.66;763.27;0.00;0.00;0.00
22.12.2020;7:32:57;3.33;43.41;10.66;763.25;0.00;0.00;0.00
22.12.2020;7:33:57;3.33;43.16;10.64;763.25;0.00;0.00;0.00
22.12.2020;7:34:57;3.46;43.28;10.63;763.24;0.00;0.00;0.00
22.12.2020;7:35:57;4.10;43.59;10.65;763.25;0.00;0.00;0.00
22.12.2020;7:36:57;4.17;43.66;10.64;763.26;0.00;0.00;0.00
22.12.2020;7:37:57;4.17;43.19;10.64;763.26;0.00;0.00;0.00
22.12.2020;7:38:57;4.17;43.49;10.64;763.26;0.00;0.00;0.00
22.12.2020;7:39:57;4.42;43.14;10.63;763.24;0.00;0.00;0.00
22.12.2020;7:40:57;5.00;43.36;10.62;763.23;0.00;0.00;0.00
22.12.2020;7:41:57;5.00;43.26;10.60;763.23;0.00;0.00;0.00
22.12.2020;7:42:57;5.47;43.09;10.59;763.23;0.00;0.00;0.00
22.12.2020;7:43:57;5.83;43.52;10.58;763.25;0.00;0.00;0.00
22.12.2020;7:44:57;5.83;43.47;10.58;763.25;0.00;0.00;0.00
22.12.2020;7:45:57;6.29;43.68;10.58;763.26;0.00;0.00;0.00
22.12.2020;7:46:57;6.69;43.71;10.57;763.26;0.00;0.00;0.00
22.12.2020;7:47:57;7.54;43.61;10.57;763.25;0.00;0.00;0.00
22.12.2020;7:48:57;8.32;43.48;10.57;763.25;0.00;0.00;0.00
22.12.2020;7:49:57;8.33;43.70;10.56;763.25;0.00;0.00;0.00
22.12.2020;7:50:57;8.49;43.63;10.58;763.25;0.00;0.00;0.00
22.12.2020;7:51:57;9.17;43.62;10.58;763.24;0.00;0.00;0.00
22.12.2020;7:52:57;10.11;43.40;10.58;763.24;0.00;0.00;0.00
22.12.2020;7:53:57;10.85;43.44;10.58;763.23;0.00;0.00;0.00
22.12.2020;7:54:57;11.75;43.52;10.58;763.23;0.00;0.00;0.00
22.12.2020;7:55:57;12.77;43.52;10.57;763.23;0.00;0.00;0.00
22.12.2020;7:56:57;13.86;43.64;10.57;763.23;0.00;0.00;0.00
22.12.2020;7:57:57;14.47;43.63;10.57;763.23;0.00;0.00;0.00
22.12.2020;7:58:57;16.00;43.31;10.58;763.22;0.00;0.00;0.00
22.12.2020;7:59:57;16.68;43.52;10.59;763.21;0.00;0.00;0.00
22.12.2020;8:00:57;16.76;43.63;10.58;763.22;0.00;0.00;0.00
22.12.2020;8:01:57;18.42;43.15;10.57;763.21;0.00;0.00;0.00
22.12.2020;8:02:57;21.08;43.21;10.56;763.20;0.01;0.00;0.00
22.12.2020;8:03:57;21.13;43.50;10.57;763.21;0.01;0.00;0.00
22.12.2020;8:04:58;22.31;43.35;10.56;763.22;0.01;0.00;0.00
22.12.2020;8:05:58;25.96;43.60;10.56;763.22;0.02;0.00;0.00
22.12.2020;8:06:58;27.94;43.57;10.56;763.21;0.03;0.00;0.00
22.12.2020;8:07:58;29.90;43.38;10.55;763.22;0.03;0.00;0.00
22.12.2020;8:08:58;31.14;43.38;10.55;763.23;0.03;0.00;0.00
22.12.2020;8:09:58;31.20;43.52;10.55;763.24;0.03;0.00;0.00
22.12.2020;8:10:58;34.35;43.42;10.55;763.25;0.04;0.00;0.00
22.12.2020;8:11:58;35.54;43.56;10.55;763.24;0.05;0.00;0.00
22.12.2020;8:12:58;35.14;43.49;10.56;763.24;0.05;0.00;0.00
22.12.2020;8:13:58;36.61;43.36;10.56;763.24;0.05;0.00;0.00
22.12.2020;8:14:58;38.15;43.25;10.56;763.24;0.06;0.00;0.00
22.12.2020;8:15:58;39.08;43.42;10.55;763.24;0.06;0.00;0.00
22.12.2020;8:16:58;40.22;43.32;10.56;763.22;0.06;0.00;0.00
22.12.2020;8:17:58;44.28;43.43;10.56;763.22;0.08;0.00;0.00
22.12.2020;8:18:58;51.39;43.36;10.56;763.23;0.10;0.00;0.00
22.12.2020;8:19:58;54.61;43.39;10.57;763.22;0.12;0.00;0.00
22.12.2020;8:20:58;60.83;43.26;10.57;763.22;0.14;0.00;0.00
22.12.2020;8:21:58;61.78;43.47;10.58;763.21;0.14;0.00;0.00
22.12.2020;8:22:58;56.97;43.51;10.58;763.22;0.13;0.00;0.00
22.12.2020;8:23:58;56.37;43.43;10.58;763.22;0.13;0.00;0.00
22.12.2020;8:24:58;60.15;43.26;10.59;763.21;0.14;0.00;0.00
22.12.2020;8:25:58;63.68;43.22;10.59;763.19;0.15;0.00;0.00
22.12.2020;8:26:58;70.95;42.91;10.59;763.17;0.17;0.00;0.00
22.12.2020;8:27:58;72.61;43.04;10.59;763.16;0.18;0.00;0.00
22.12.2020;8:28:58;85.01;43.26;10.60;763.14;0.23;0.00;0.00
22.12.2020;8:29:58;96.64;43.36;10.62;763.12;0.27;0.00;0.00
22.12.2020;8:30:58;100.04;43.45;10.62;763.12;0.29;0.00;0.00
22.12.2020;8:31:58;102.75;43.28;10.64;763.10;0.29;0.00;0.00
22.12.2020;8:32:58;111.24;43.23;10.64;763.07;0.32;0.00;0.00
22.12.2020;8:33:58;127.47;43.17;10.64;763.06;0.37;0.00;0.00
22.12.2020;8:34:58;135.89;43.20;10.65;763.05;0.40;0.00;0.00
22.12.2020;8:35:59;138.60;43.13;10.66;763.04;0.41;0.00;0.00
22.12.2020;8:36:59;140.57;43.17;10.66;763.05;0.43;0.01;0.01
22.12.2020;8:37:59;137.22;43.08;10.67;763.05;0.41;0.00;0.00
22.12.2020;8:38:59;142.90;43.14;10.66;763.04;0.42;0.00;0.00
22.12.2020;8:39:59;140.60;43.24;10.67;763.03;0.40;0.00;0.00
22.12.2020;8:40:59;139.83;43.16;10.67;763.04;0.39;0.00;0.00
22.12.2020;8:41:59;141.83;43.12;10.67;763.04;0.39;0.00;0.00
22.12.2020;8:42:59;143.28;43.06;10.67;763.05;0.39;0.00;0.00
22.12.2020;8:43:59;130.01;43.16;10.68;763.06;0.36;0.00;0.00
22.12.2020;8:44:59;120.42;43.19;10.67;763.07;0.34;0.00;0.00
22.12.2020;8:45:59;110.15;43.14;10.67;763.08;0.31;0.00;0.00
22.12.2020;8:46:59;108.14;43.03;10.66;763.07;0.31;0.00;0.00
22.12.2020;8:47:59;111.53;43.13;10.67;763.08;0.33;0.00;0.00
22.12.2020;8:48:59;121.47;43.18;10.67;763.08;0.37;0.00;0.00
22.12.2020;8:49:59;126.25;43.18;10.69;763.08;0.39;0.00;0.00
22.12.2020;8:50:59;136.46;43.18;10.69;763.08;0.42;0.01;0.00
22.12.2020;8:51:59;148.64;43.05;10.70;763.06;0.45;0.06;0.03
22.12.2020;8:52:59;171.64;42.93;10.70;763.03;0.53;0.19;0.10
22.12.2020;8:53:59;178.40;43.01;10.72;763.03;0.54;0.21;0.11
22.12.2020;8:54:59;162.26;43.03;10.72;763.04;0.48;0.12;0.06
22.12.2020;8:55:59;152.24;43.05;10.71;763.04;0.45;0.07;0.03
22.12.2020;8:56:59;143.64;43.11;10.72;763.05;0.43;0.01;0.01
22.12.2020;8:57:59;133.92;43.02;10.74;763.04;0.39;0.00;0.00
22.12.2020;8:58:59;132.17;43.04;10.73;763.04;0.39;0.00;0.00
22.12.2020;8:59:59;140.13;43.03;10.74;763.03;0.42;0.00;0.00
22.12.2020;9:00:59;149.38;43.02;10.75;763.01;0.45;0.06;0.03
22.12.2020;9:01:59;157.03;42.93;10.75;762.99;0.47;0.09;0.04
22.12.2020;9:02:59;166.69;43.01;10.74;762.98;0.50;0.16;0.08
22.12.2020;9:04:00;177.76;43.02;10.74;762.97;0.54;0.22;0.12
22.12.2020;9:05:00;197.51;43.03;10.74;762.97;0.61;0.34;0.21
22.12.2020;9:06:00;218.65;43.03;10.75;762.95;0.69;0.45;0.31
22.12.2020;9:07:00;233.62;42.91;10.76;762.94;0.75;0.55;0.41
22.12.2020;9:08:00;243.29;42.97;10.77;762.95;0.78;0.62;0.49
22.12.2020;9:09:00;259.18;42.88;10.78;762.94;0.84;0.71;0.60
22.12.2020;9:10:00;254.85;42.86;10.79;762.93;0.85;0.72;0.61
22.12.2020;9:11:00;259.72;42.82;10.79;762.95;0.84;0.71;0.59
22.12.2020;9:12:00;255.35;42.83;10.79;762.96;0.81;0.65;0.52
22.12.2020;9:13:00;235.74;42.90;10.80;762.96;0.75;0.55;0.41
22.12.2020;9:14:00;241.34;42.76;10.80;762.95;0.77;0.60;0.46
22.12.2020;9:15:00;271.35;42.84;10.82;762.94;0.89;0.78;0.70
22.12.2020;9:16:00;320.24;42.88;10.83;762.91;1.05;1.05;1.11
22.12.2020;9:17:00;347.95;42.82;10.84;762.88;1.11;1.17;1.30
22.12.2020;9:18:00;350.68;42.88;10.88;762.87;1.11;1.17;1.30
22.12.2020;9:19:00;350.30;42.84;10.91;762.87;1.12;1.16;1.30
22.12.2020;9:20:00;351.50;42.69;10.93;762.87;1.12;1.18;1.32
22.12.2020;9:21:00;356.94;42.57;10.93;762.84;1.14;1.21;1.37
22.12.2020;9:22:00;371.79;42.51;10.94;762.83;1.17;1.26;1.47
22.12.2020;9:23:00;374.75;42.53;10.97;762.81;1.18;1.29;1.52
22.12.2020;9:24:00;370.11;42.57;10.99;762.80;1.17;1.25;1.46
22.12.2020;9:25:00;359.57;42.63;11.00;762.80;1.13;1.20;1.35
22.12.2020;9:26:00;360.25;42.51;11.01;762.79;1.13;1.20;1.35
22.12.2020;9:27:00;357.82;42.49;11.02;762.79;1.12;1.19;1.34
22.12.2020;9:28:00;363.40;42.40;11.02;762.77;1.14;1.20;1.37
22.12.2020;9:29:00;365.71;42.42;11.03;762.77;1.14;1.20;1.37
22.12.2020;9:30:00;385.47;42.47;11.05;762.77;1.21;1.32;1.60
22.12.2020;9:31:00;394.63;42.22;11.06;762.77;1.23;1.37;1.69
22.12.2020;9:32:00;407.26;42.27;11.06;762.77;1.27;1.44;1.83
22.12.2020;9:33:01;422.30;42.40;11.08;762.76;1.33;1.53;2.04
22.12.2020;9:34:01;416.25;42.29;11.10;762.78;1.32;1.50;1.97
22.12.2020;9:35:01;405.22;42.36;11.11;762.77;1.27;1.43;1.81
22.12.2020;9:36:01;390.78;42.15;11.12;762.75;1.23;1.36;1.67
22.12.2020;9:37:01;392.06;42.17;11.14;762.74;1.24;1.38;1.72
22.12.2020;9:38:01;399.94;42.14;11.15;762.73;1.26;1.41;1.78
22.12.2020;9:39:01;408.14;42.18;11.15;762.72;1.28;1.43;1.82
22.12.2020;9:40:01;409.79;42.20;11.16;762.71;1.28;1.43;1.82
22.12.2020;9:41:01;411.34;42.20;11.17;762.70;1.28;1.44;1.85
22.12.2020;9:42:01;415.06;42.17;11.19;762.71;1.29;1.46;1.89
22.12.2020;9:43:01;425.97;42.02;11.21;762.68;1.33;1.53;2.03
22.12.2020;9:44:01;443.26;42.02;11.22;762.66;1.37;1.59;2.19
22.12.2020;9:45:01;447.37;42.01;11.24;762.66;1.39;1.61;2.23
22.12.2020;9:46:01;452.21;41.96;11.26;762.66;1.41;1.64;2.31
22.12.2020;9:47:01;474.92;42.05;11.27;762.66;1.49;1.77;2.63
22.12.2020;9:48:01;490.40;41.83;11.29;762.65;1.53;1.86;2.84
22.12.2020;9:49:01;503.28;41.86;11.31;762.63;1.57;1.92;3.01
22.12.2020;9:50:01;523.38;41.82;11.33;762.62;1.61;2.01;3.24
22.12.2020;9:51:01;544.58;41.76;11.34;762.61;1.67;2.07;3.45
22.12.2020;9:52:01;548.29;41.58;11.36;762.61;1.67;2.09;3.48
22.12.2020;9:53:01;536.00;41.78;11.37;762.62;1.64;2.04;3.36
22.12.2020;9:54:01;511.28;41.77;11.38;762.64;1.58;1.94;3.06
22.12.2020;9:55:01;509.31;41.76;11.39;762.65;1.58;1.95;3.09
22.12.2020;9:56:01;529.07;41.65;11.41;762.65;1.64;2.03;3.33
22.12.2020;9:57:01;524.39;41.61;11.42;762.65;1.62;2.01;3.26
22.12.2020;9:58:01;515.12;41.57;11.44;762.67;1.60;1.98;3.16
22.12.2020;9:59:01;476.76;41.53;11.44;762.68;1.48;1.78;2.64
22.12.2020;10:00:01;440.44;41.54;11.43;762.66;1.38;1.60;2.20
22.12.2020;10:01:01;439.42;41.55;11.43;762.67;1.38;1.62;2.24
22.12.2020;10:02:02;481.47;41.35;11.43;762.66;1.51;1.82;2.75
22.12.2020;10:03:02;537.46;41.44;11.44;762.66;1.65;2.06;3.40
22.12.2020;10:04:02;585.53;41.44;11.46;762.65;1.78;2.23;3.97
22.12.2020;10:05:02;606.06;41.57;11.48;762.64;1.82;2.27;4.15
22.12.2020;10:06:02;623.10;41.47;11.51;762.63;1.87;2.30;4.29
22.12.2020;10:07:02;643.95;41.28;11.53;762.62;1.94;2.43;4.72
22.12.2020;10:08:02;657.85;41.41;11.56;762.61;1.97;2.50;4.93
22.12.2020;10:09:02;668.59;41.21;11.59;762.58;1.99;2.54;5.05
22.12.2020;10:10:02;684.03;41.10;11.60;762.58;2.03;2.62;5.32
22.12.2020;10:11:02;680.10;41.25;11.63;762.59;2.02;2.61;5.27
22.12.2020;10:12:02;639.58;41.23;11.65;762.60;1.92;2.39;4.61
22.12.2020;10:13:02;638.93;41.17;11.65;762.60;1.92;2.39;4.60
22.12.2020;10:14:02;681.14;41.13;11.66;762.59;2.01;2.58;5.18
22.12.2020;10:15:02;704.39;41.13;11.69;762.59;2.07;2.68;5.54
22.12.2020;10:16:02;725.78;41.15;11.72;762.57;2.11;2.76;5.83
22.12.2020;10:17:02;718.21;41.09;11.75;762.56;2.09;2.73;5.72
22.12.2020;10:18:02;700.31;41.04;11.77;762.56;2.04;2.64;5.40
22.12.2020;10:19:02;687.84;40.98;11.78;762.55;2.04;2.63;5.35
22.12.2020;10:20:02;729.83;40.93;11.78;762.56;2.15;2.84;6.11
22.12.2020;10:21:02;760.19;40.90;11.81;762.55;2.20;2.92;6.43
22.12.2020;10:22:02;743.43;40.87;11.84;762.55;2.15;2.84;6.11
22.12.2020;10:23:02;739.18;40.74;11.86;762.54;2.16;2.86;6.19
22.12.2020;10:24:02;792.70;40.72;11.88;762.52;2.31;3.10;7.15
22.12.2020;10:25:02;811.26;40.68;11.89;762.50;2.33;3.14;7.32
22.12.2020;10:26:02;797.66;40.65;11.91;762.51;2.29;3.07;7.02
22.12.2020;10:27:02;731.18;40.63;11.93;762.51;2.12;2.77;5.86
22.12.2020;10:28:02;616.08;40.61;11.94;762.52;1.84;2.29;4.20
22.12.2020;10:29:02;579.56;40.62;11.92;762.52;1.75;2.21;3.87
22.12.2020;10:30:03;605.69;40.52;11.92;762.50;1.83;2.28;4.18
22.12.2020;10:31:03;599.27;40.57;11.92;762.48;1.80;2.26;4.08
22.12.2020;10:32:03;598.36;40.63;11.92;762.47;1.78;2.24;3.99
22.12.2020;10:33:03;604.90;40.56;11.94;762.45;1.79;2.24;4.02
22.12.2020;10:34:03;609.08;40.58;11.93;762.43;1.81;2.27;4.11
22.12.2020;10:35:03;631.11;40.51;11.91;762.42;1.87;2.32;4.35
22.12.2020;10:36:03;661.38;40.62;11.91;762.40;1.94;2.44;4.73
22.12.2020;10:37:03;690.53;40.60;11.94;762.39;2.01;2.57;5.15
22.12.2020;10:38:03;714.99;40.52;11.95;762.36;2.07;2.69;5.58
22.12.2020;10:39:03;697.28;40.54;11.96;762.36;2.02;2.60;5.25
22.12.2020;10:40:03;667.61;40.52;11.95;762.36;1.96;2.48;4.86
22.12.2020;10:41:03;688.21;40.49;11.95;762.37;2.04;2.64;5.39
22.12.2020;10:42:03;696.42;40.52;11.96;762.36;2.06;2.68;5.52
22.12.2020;10:43:03;726.44;40.49;11.96;762.36;2.13;2.80;5.95
22.12.2020;10:44:03;713.85;40.45;11.97;762.35;2.07;2.70;5.60
22.12.2020;10:45:03;707.31;40.50;11.96;762.36;2.08;2.71;5.63
22.12.2020;10:46:03;738.28;40.44;11.96;762.35;2.16;2.86;6.17
22.12.2020;10:47:03;695.89;40.42;11.98;762.35;2.05;2.64;5.41
22.12.2020;10:48:03;656.69;40.39;11.98;762.35;1.94;2.44;4.73
22.12.2020;10:49:03;628.56;40.43;11.97;762.35;1.86;2.31;4.28
22.12.2020;10:50:03;612.01;40.50;11.95;762.35;1.81;2.26;4.10
22.12.2020;10:51:03;591.48;40.49;11.94;762.34;1.76;2.21;3.88
22.12.2020;10:52:03;579.46;40.62;11.94;762.34;1.72;2.17;3.73
22.12.2020;10:53:03;567.75;40.50;11.93;762.32;1.70;2.12;3.60
22.12.2020;10:54:03;597.43;40.55;11.93;762.32;1.78;2.24;3.99
22.12.2020;10:55:03;611.26;40.57;11.93;762.30;1.79;2.25;4.04
22.12.2020;10:56:03;595.88;40.61;11.94;762.29;1.75;2.19;3.84
22.12.2020;10:57:04;585.21;40.57;11.93;762.29;1.73;2.19;3.81
22.12.2020;10:58:04;590.88;40.46;11.92;762.27;1.75;2.21;3.86
22.12.2020;10:59:04;638.93;40.56;11.94;762.25;1.88;2.33;4.38
22.12.2020;11:00:04;632.53;40.59;11.96;762.24;1.86;2.29;4.26
22.12.2020;11:01:04;636.85;40.56;11.96;762.24;1.88;2.31;4.34
22.12.2020;11:02:04;623.61;40.56;11.98;762.24;1.84;2.28;4.19
22.12.2020;11:03:04;575.82;40.51;11.97;762.22;1.71;2.13;3.64
22.12.2020;11:04:04;576.56;40.48;11.97;762.20;1.71;2.14;3.66
22.12.2020;11:05:04;590.25;40.48;11.98;762.19;1.76;2.21;3.90
22.12.2020;11:06:04;605.15;40.48;11.98;762.19;1.81;2.26;4.10
22.12.2020;11:07:04;596.03;40.49;11.98;762.17;1.79;2.25;4.02
22.12.2020;11:08:04;562.10;40.53;11.97;762.17;1.69;2.11;3.57
22.12.2020;11:09:04;562.04;40.39;11.96;762.16;1.68;2.10;3.53
22.12.2020;11:10:04;601.79;40.48;11.94;762.15;1.76;2.21;3.90
22.12.2020;11:11:04;611.71;40.46;11.94;762.14;1.80;2.26;4.07
22.12.2020;11:12:04;582.25;40.52;11.94;762.13;1.74;2.18;3.78
22.12.2020;11:13:04;512.99;40.54;11.94;762.13;1.54;1.88;2.90
22.12.2020;11:14:04;543.04;40.56;11.94;762.12;1.64;2.04;3.35
22.12.2020;11:15:04;645.65;40.54;11.95;762.09;1.91;2.38;4.54
22.12.2020;11:16:04;614.78;40.51;11.96;762.09;1.81;2.25;4.08
22.12.2020;11:17:04;566.45;40.38;11.95;762.09;1.69;2.11;3.57
22.12.2020;11:18:04;595.33;40.52;11.94;762.09;1.77;2.21;3.91
22.12.2020;11:19:04;628.36;40.52;11.95;762.09;1.88;2.32;4.34
22.12.2020;11:20:04;534.25;40.49;11.94;762.10;1.59;1.96;3.12
22.12.2020;11:21:04;498.21;40.50;11.90;762.08;1.51;1.82;2.74
22.12.2020;11:22:04;514.72;40.55;11.90;762.07;1.56;1.91;2.99
22.12.2020;11:23:04;526.97;40.50;11.89;762.07;1.61;1.98;3.17
22.12.2020;11:24:04;548.70;40.47;11.89;762.05;1.65;2.06;3.41
22.12.2020;11:25:04;579.07;40.47;11.88;762.05;1.73;2.17;3.74
22.12.2020;11:26:05;593.07;40.58;11.90;762.03;1.77;2.23;3.95
22.12.2020;11:27:05;595.86;40.62;11.91;762.03;1.77;2.22;3.93
22.12.2020;11:28:05;575.51;40.62;11.91;762.03;1.71;2.14;3.66
22.12.2020;11:29:05;602.23;40.67;11.92;762.03;1.79;2.24;4.00
22.12.2020;11:30:05;611.33;40.57;11.94;762.03;1.82;2.27;4.12
22.12.2020;11:31:05;583.38;40.55;11.96;762.02;1.74;2.18;3.79
22.12.2020;11:32:05;524.33;40.52;11.97;762.03;1.57;1.92;3.00
22.12.2020;11:33:05;466.90;40.57;11.94;762.04;1.42;1.67;2.37
22.12.2020;11:34:05;440.83;40.62;11.93;762.04;1.35;1.56;2.10
22.12.2020;11:35:05;435.76;40.56;11.92;762.02;1.33;1.52;2.02
22.12.2020;11:36:05;448.50;40.56;11.92;762.01;1.36;1.59;2.16
22.12.2020;11:37:05;452.29;40.52;11.91;762.00;1.37;1.59;2.18
22.12.2020;11:38:05;439.82;40.56;11.90;761.98;1.33;1.51;2.01
22.12.2020;11:39:05;429.58;40.64;11.90;761.98;1.31;1.50;1.97
22.12.2020;11:40:05;431.32;40.67;11.88;761.97;1.32;1.52;2.01
22.12.2020;11:41:05;455.40;40.72;11.89;761.97;1.38;1.61;2.23
22.12.2020;11:42:05;480.75;40.65;11.89;761.94;1.46;1.73;2.52
22.12.2020;11:43:05;497.46;40.65;11.90;761.95;1.50;1.79;2.69
22.12.2020;11:44:05;468.39;40.62;11.90;761.93;1.41;1.65;2.33
22.12.2020;11:45:05;441.65;40.66;11.90;761.92;1.33;1.54;2.05
22.12.2020;11:46:05;430.64;40.58;11.90;761.91;1.31;1.49;1.95
22.12.2020;11:47:05;424.85;40.59;11.91;761.91;1.30;1.47;1.90
22.12.2020;11:48:05;417.97;40.59;11.89;761.90;1.27;1.42;1.81
22.12.2020;11:49:05;412.22;40.68;11.87;761.89;1.26;1.40;1.76
22.12.2020;11:50:05;425.01;40.64;11.86;761.88;1.29;1.47;1.90
22.12.2020;11:51:05;432.42;40.73;11.84;761.88;1.31;1.50;1.97
22.12.2020;11:52:05;424.04;40.77;11.85;761.88;1.29;1.45;1.87
22.12.2020;11:53:05;421.82;40.77;11.84;761.88;1.28;1.45;1.87
22.12.2020;11:54:06;439.49;40.70;11.84;761.87;1.33;1.53;2.03
22.12.2020;11:55:06;442.57;40.67;11.82;761.85;1.34;1.53;2.04
22.12.2020;11:56:06;441.22;40.77;11.82;761.84;1.34;1.56;2.10
22.12.2020;11:57:06;439.10;40.83;11.84;761.82;1.34;1.54;2.06
22.12.2020;11:58:06;446.33;40.81;11.84;761.80;1.36;1.59;2.16
22.12.2020;11:59:06;483.22;40.85;11.84;761.79;1.46;1.74;2.55
22.12.2020;12:00:06;493.67;40.78;11.86;761.77;1.48;1.77;2.61
22.12.2020;12:01:06;470.57;40.69;11.87;761.75;1.42;1.68;2.37
22.12.2020;12:02:06;462.06;40.77;11.86;761.75;1.41;1.65;2.33
22.12.2020;12:03:06;479.38;40.76;11.86;761.74;1.47;1.76;2.59
22.12.2020;12:04:06;517.06;40.76;11.86;761.74;1.56;1.92;3.00
22.12.2020;12:05:06;509.83;40.74;11.88;761.73;1.52;1.85;2.82
22.12.2020;12:06:06;473.18;40.76;11.88;761.72;1.42;1.67;2.37
22.12.2020;12:07:06;459.89;40.78;11.89;761.71;1.38;1.61;2.22
22.12.2020;12:08:06;442.18;40.82;11.89;761.70;1.33;1.53;2.02
22.12.2020;12:09:06;409.18;40.78;11.89;761.69;1.24;1.37;1.69
22.12.2020;12:10:06;388.33;40.81;11.88;761.67;1.19;1.29;1.53
22.12.2020;12:11:06;389.47;40.83;11.87;761.66;1.19;1.29;1.53
22.12.2020;12:12:06;397.68;40.73;11.87;761.66;1.21;1.32;1.60
22.12.2020;12:13:06;401.90;40.80;11.88;761.64;1.23;1.36;1.67
22.12.2020;12:14:06;394.82;40.72;11.88;761.64;1.21;1.31;1.58
22.12.2020;12:15:06;395.18;40.76;11.88;761.63;1.21;1.32;1.60
22.12.2020;12:16:06;398.72;40.83;11.88;761.63;1.22;1.33;1.62
22.12.2020;12:17:06;407.34;40.77;11.88;761.60;1.25;1.40;1.74
22.12.2020;12:18:06;428.28;40.62;11.89;761.58;1.31;1.48;1.94
22.12.2020;12:19:06;456.41;40.74;11.89;761.57;1.39;1.61;2.24
22.12.2020;12:20:06;452.86;40.58;11.89;761.55;1.38;1.60;2.21
22.12.2020;12:21:06;449.29;40.75;11.89;761.55;1.37;1.60;2.20
22.12.2020;12:22:06;459.04;40.78;11.91;761.54;1.41;1.65;2.33
22.12.2020;12:23:07;455.04;40.74;11.92;761.54;1.39;1.62;2.25
22.12.2020;12:24:07;448.70;40.69;11.93;761.53;1.37;1.59;2.18
22.12.2020;12:25:07;447.07;40.72;11.92;761.54;1.37;1.59;2.18
22.12.2020;12:26:07;440.03;40.73;11.92;761.53;1.35;1.56;2.09
22.12.2020;12:27:07;458.29;40.69;11.94;761.52;1.40;1.64;2.30
22.12.2020;12:28:07;492.38;40.74;11.95;761.51;1.50;1.80;2.70
22.12.2020;12:29:07;502.47;40.74;11.96;761.51;1.53;1.85;2.83
22.12.2020;12:30:07;497.65;40.60;11.97;761.50;1.51;1.82;2.75
22.12.2020;12:31:07;498.70;40.68;11.97;761.48;1.51;1.81;2.73
22.12.2020;12:32:07;518.03;40.70;11.99;761.47;1.54;1.89;2.91
22.12.2020;12:33:07;533.93;40.69;12.00;761.46;1.59;1.97;3.12
22.12.2020;12:34:07;507.88;40.69;11.99;761.45;1.52;1.84;2.78
22.12.2020;12:35:07;489.71;40.69;12.00;761.44;1.48;1.77;2.61
22.12.2020;12:36:07;512.99;40.61;12.00;761.43;1.54;1.87;2.87
22.12.2020;12:37:07;530.86;40.65;12.00;761.40;1.58;1.94;3.08
22.12.2020;12:38:07;550.39;40.70;12.00;761.38;1.65;2.05;3.37
22.12.2020;12:39:07;563.16;40.72;12.01;761.36;1.67;2.10;3.51
22.12.2020;12:40:07;563.42;40.69;12.03;761.35;1.66;2.08;3.47
22.12.2020;12:41:07;530.41;40.69;12.02;761.32;1.58;1.93;3.05
22.12.2020;12:42:07;511.26;40.72;12.02;761.31;1.53;1.86;2.85
22.12.2020;12:43:07;531.69;40.69;12.03;761.30;1.59;1.96;3.10
22.12.2020;12:44:07;560.46;40.68;12.05;761.30;1.66;2.07;3.44
22.12.2020;12:45:07;568.50;40.59;12.05;761.28;1.68;2.11;3.56
22.12.2020;12:46:07;605.93;40.64;12.06;761.27;1.79;2.24;4.01
22.12.2020;12:47:07;622.71;40.58;12.08;761.27;1.83;2.27;4.16
22.12.2020;12:48:07;619.46;40.46;12.10;761.27;1.82;2.27;4.12
22.12.2020;12:49:07;648.00;40.52;12.10;761.26;1.90;2.35;4.45
22.12.2020;12:50:07;648.76;40.51;12.12;761.25;1.89;2.33;4.40
22.12.2020;12:51:08;622.46;40.44;12.13;761.23;1.82;2.28;4.14
22.12.2020;12:52:08;625.46;40.36;12.13;761.24;1.83;2.28;4.18
22.12.2020;12:53:08;629.89;40.35;12.13;761.23;1.85;2.29;4.25
22.12.2020;12:54:08;612.47;40.40;12.16;761.23;1.81;2.26;4.10
22.12.2020;12:55:08;587.15;40.39;12.17;761.23;1.73;2.18;3.78
22.12.2020;12:56:08;566.90;40.35;12.16;761.23;1.67;2.09;3.49
22.12.2020;12:57:08;542.13;40.39;12.15;761.22;1.62;2.00;3.22
22.12.2020;12:58:08;517.56;40.37;12.16;761.22;1.56;1.91;2.98
22.12.2020;12:59:08;518.94;40.36;12.15;761.20;1.56;1.91;2.99
22.12.2020;13:00:08;519.65;40.30;12.14;761.19;1.55;1.90;2.94
22.12.2020;13:01:08;524.00;40.32;12.13;761.20;1.57;1.92;3.00
22.12.2020;13:02:08;523.63;40.42;12.13;761.19;1.57;1.93;3.04
22.12.2020;13:03:08;519.66;40.38;12.13;761.19;1.56;1.91;2.98
22.12.2020;13:04:08;517.25;40.36;12.13;761.17;1.54;1.87;2.88
22.12.2020;13:05:08;508.33;40.42;12.12;761.17;1.51;1.82;2.76
22.12.2020;13:06:08;507.69;40.38;12.13;761.16;1.51;1.82;2.76
22.12.2020;13:07:08;462.29;40.41;12.11;761.14;1.38;1.61;2.21
22.12.2020;13:08:08;406.24;40.48;12.09;761.14;1.24;1.39;1.72
22.12.2020;13:09:08;408.60;40.49;12.08;761.14;1.28;1.44;1.84
22.12.2020;13:10:08;507.92;40.55;12.09;761.13;1.57;1.92;3.01
22.12.2020;13:11:08;583.94;40.53;12.12;761.14;1.74;2.19;3.83
22.12.2020;13:12:08;573.04;40.48;12.13;761.12;1.70;2.15;3.66
22.12.2020;13:13:08;553.72;40.42;12.14;761.11;1.64;2.03;3.33
22.12.2020;13:14:08;523.15;40.50;12.14;761.11;1.56;1.90;2.95
22.12.2020;13:15:08;501.62;40.54;12.14;761.12;1.50;1.82;2.73
22.12.2020;13:16:08;568.54;40.49;12.16;761.13;1.70;2.12;3.61
22.12.2020;13:17:08;630.01;40.49;12.18;761.12;1.84;2.28;4.20
22.12.2020;13:18:08;620.96;40.38;12.21;761.11;1.82;2.27;4.13
22.12.2020;13:19:09;619.15;40.37;12.22;761.12;1.82;2.27;4.14
22.12.2020;13:20:09;599.65;40.37;12.23;761.12;1.75;2.20;3.86
22.12.2020;13:21:09;608.50;40.28;12.24;761.12;1.79;2.25;4.02
22.12.2020;13:22:09;679.34;40.28;12.25;761.11;1.97;2.49;4.93
22.12.2020;13:23:09;702.18;40.32;12.27;761.10;2.00;2.56;5.13
22.12.2020;13:24:09;663.04;40.26;12.27;761.09;1.91;2.37;4.54
22.12.2020;13:25:09;626.78;40.24;12.26;761.08;1.82;2.27;4.14
22.12.2020;13:26:09;520.07;40.28;12.23;761.08;1.52;1.84;2.80
22.12.2020;13:27:09;427.54;40.33;12.21;761.08;1.27;1.42;1.80
22.12.2020;13:28:09;385.72;40.37;12.18;761.07;1.16;1.24;1.43
22.12.2020;13:29:09;389.35;40.41;12.18;761.07;1.17;1.28;1.50
22.12.2020;13:30:09;399.47;40.44;12.16;761.06;1.20;1.31;1.58
22.12.2020;13:31:09;419.24;40.45;12.15;761.04;1.26;1.42;1.79
22.12.2020;13:32:09;424.07;40.49;12.13;761.05;1.28;1.42;1.81
22.12.2020;13:33:09;380.75;40.54;12.11;761.04;1.16;1.23;1.43
22.12.2020;13:34:09;356.99;40.57;12.11;761.04;1.09;1.12;1.22
22.12.2020;13:35:09;389.40;40.62;12.10;761.04;1.19;1.29;1.53
22.12.2020;13:36:09;400.01;40.58;12.11;761.04;1.21;1.33;1.61
22.12.2020;13:37:09;375.94;40.60;12.12;761.03;1.13;1.18;1.34
22.12.2020;13:38:09;343.72;40.60;12.10;761.02;1.03;1.02;1.06
22.12.2020;13:39:09;319.89;40.66;12.08;761.01;0.97;0.91;0.88
22.12.2020;13:40:09;322.90;40.72;12.08;761.01;0.99;0.95;0.93
22.12.2020;13:41:09;348.64;40.75;12.08;761.00;1.06;1.07;1.14
22.12.2020;13:42:09;346.43;40.68;12.08;760.99;1.06;1.07;1.13
22.12.2020;13:43:09;387.36;40.67;12.07;760.98;1.19;1.29;1.53
22.12.2020;13:44:09;393.43;40.68;12.07;760.97;1.19;1.28;1.53
22.12.2020;13:45:09;368.28;40.75;12.06;760.97;1.11;1.16;1.29
22.12.2020;13:46:09;337.03;40.72;12.07;760.96;1.01;0.99;1.00
22.12.2020;13:47:10;299.76;40.79;12.06;760.95;0.91;0.82;0.74
22.12.2020;13:48:10;290.18;40.83;12.05;760.92;0.90;0.81;0.72
22.12.2020;13:49:10;304.24;40.79;12.04;760.91;0.94;0.88;0.83
22.12.2020;13:50:10;315.71;40.86;12.03;760.91;0.98;0.92;0.90
22.12.2020;13:51:10;302.27;40.80;12.03;760.91;0.92;0.85;0.79
22.12.2020;13:52:10;289.39;40.85;12.04;760.91;0.88;0.78;0.69
22.12.2020;13:53:10;317.56;40.79;12.04;760.91;0.97;0.91;0.87
22.12.2020;13:54:10;311.71;40.80;12.04;760.91;0.95;0.89;0.84
22.12.2020;13:55:10;328.15;40.76;12.06;760.90;1.01;0.99;0.99
22.12.2020;13:56:10;314.47;40.77;12.05;760.90;0.97;0.92;0.89
22.12.2020;13:57:10;289.03;40.73;12.06;760.90;0.89;0.81;0.72
22.12.2020;13:58:10;302.77;40.76;12.05;760.88;0.95;0.89;0.84
22.12.2020;13:59:10;325.08;40.84;12.05;760.86;1.00;0.98;0.98
22.12.2020;14:00:10;327.30;40.83;12.04;760.86;1.01;0.98;0.99
22.12.2020;14:01:10;394.35;40.79;12.04;760.83;1.21;1.34;1.62
22.12.2020;14:02:10;405.32;40.60;12.04;760.82;1.22;1.35;1.65
22.12.2020;14:03:10;369.53;40.65;12.06;760.81;1.12;1.18;1.32
22.12.2020;14:04:10;319.60;40.69;12.05;760.81;0.98;0.93;0.91
22.12.2020;14:05:10;280.16;40.80;12.04;760.82;0.86;0.74;0.63
22.12.2020;14:06:10;268.63;40.84;12.02;760.81;0.83;0.70;0.58
22.12.2020;14:07:10;307.74;40.80;12.02;760.79;0.96;0.90;0.86
22.12.2020;14:08:10;331.58;40.76;12.03;760.77;1.03;1.02;1.05
22.12.2020;14:09:10;341.93;40.81;12.02;760.77;1.06;1.06;1.12
22.12.2020;14:10:10;289.46;40.83;12.01;760.77;0.89;0.79;0.71
22.12.2020;14:11:10;286.68;40.76;12.02;760.78;0.90;0.79;0.71
22.12.2020;14:12:10;332.68;40.83;12.00;760.78;1.04;1.03;1.07
22.12.2020;14:13:10;342.65;40.78;12.00;760.79;1.05;1.05;1.10
22.12.2020;14:14:10;328.74;40.77;12.00;760.77;1.02;1.00;1.02
22.12.2020;14:15:10;329.00;40.85;11.99;760.77;1.03;1.01;1.03
22.12.2020;14:16:11;311.92;40.91;11.99;760.76;0.98;0.93;0.91
22.12.2020;14:17:11;332.44;40.89;11.99;760.75;1.03;1.02;1.05
22.12.2020;14:18:11;291.65;40.83;11.98;760.74;0.90;0.81;0.73
22.12.2020;14:19:11;283.31;40.96;11.96;760.73;0.89;0.79;0.71
22.12.2020;14:20:11;311.64;40.97;11.97;760.70;0.99;0.95;0.93
22.12.2020;14:21:11;284.83;40.92;11.97;760.69;0.89;0.79;0.71
22.12.2020;14:22:11;286.05;41.00;11.98;760.68;0.90;0.81;0.73
22.12.2020;14:23:11;301.72;40.95;11.99;760.68;0.95;0.89;0.84
22.12.2020;14:24:11;280.01;40.98;11.98;760.69;0.86;0.76;0.65
22.12.2020;14:25:11;276.29;40.93;11.96;760.68;0.86;0.74;0.64
22.12.2020;14:26:11;275.74;40.88;11.95;760.68;0.85;0.72;0.61
22.12.2020;14:27:11;255.16;40.96;11.93;760.67;0.78;0.62;0.48
22.12.2020;14:28:11;245.15;41.01;11.93;760.67;0.75;0.56;0.42
22.12.2020;14:29:11;222.56;40.97;11.92;760.67;0.68;0.45;0.31
22.12.2020;14:30:11;207.60;41.05;11.90;760.66;0.63;0.37;0.23
22.12.2020;14:31:11;186.89;41.09;11.88;760.66;0.57;0.27;0.15
22.12.2020;14:32:11;180.21;41.03;11.88;760.65;0.55;0.24;0.13
22.12.2020;14:33:11;186.01;41.12;11.87;760.65;0.57;0.27;0.15
22.12.2020;14:34:11;186.75;41.09;11.88;760.66;0.57;0.28;0.16
22.12.2020;14:35:11;180.06;41.17;11.87;760.67;0.55;0.24;0.13
22.12.2020;14:36:11;178.63;41.21;11.88;760.68;0.55;0.23;0.12
22.12.2020;14:37:11;184.01;41.23;11.86;760.67;0.56;0.26;0.15
22.12.2020;14:38:11;202.64;41.21;11.85;760.66;0.62;0.35;0.22
22.12.2020;14:39:11;234.96;41.16;11.85;760.64;0.73;0.53;0.38
22.12.2020;14:40:11;216.29;41.23;11.85;760.62;0.66;0.42;0.28
22.12.2020;14:41:11;216.77;41.18;11.87;760.60;0.68;0.45;0.31
22.12.2020;14:42:11;216.44;41.14;11.87;760.60;0.67;0.41;0.28
22.12.2020;14:43:11;216.77;41.19;11.85;760.60;0.66;0.43;0.29
22.12.2020;14:44:12;181.89;41.28;11.84;760.59;0.55;0.24;0.13
22.12.2020;14:45:12;173.13;41.38;11.83;760.58;0.53;0.22;0.11
22.12.2020;14:46:12;184.10;41.36;11.82;760.57;0.56;0.26;0.15
22.12.2020;14:47:12;159.76;41.41;11.82;760.56;0.48;0.12;0.06
22.12.2020;14:48:12;146.92;41.46;11.82;760.55;0.44;0.05;0.02
22.12.2020;14:49:12;160.25;41.39;11.83;760.53;0.49;0.14;0.07
22.12.2020;14:50:12;168.54;41.07;11.82;760.52;0.51;0.18;0.09
22.12.2020;14:51:12;177.50;41.31;11.81;760.51;0.55;0.23;0.12
22.12.2020;14:52:12;176.01;41.40;11.83;760.51;0.54;0.22;0.12
22.12.2020;14:53:12;197.23;41.33;11.84;760.50;0.62;0.35;0.22
22.12.2020;14:54:12;207.68;41.33;11.85;760.51;0.64;0.38;0.25
22.12.2020;14:55:12;182.71;41.38;11.85;760.50;0.56;0.27;0.15
22.12.2020;14:56:12;184.45;41.40;11.85;760.49;0.56;0.27;0.15
22.12.2020;14:57:12;211.10;41.43;11.86;760.50;0.66;0.42;0.27
22.12.2020;14:58:12;217.43;41.44;11.88;760.50;0.67;0.43;0.29
22.12.2020;14:59:12;195.97;41.42;11.88;760.50;0.59;0.32;0.19
22.12.2020;15:00:12;178.95;41.36;11.88;760.49;0.54;0.22;0.12
22.12.2020;15:01:12;166.61;41.43;11.88;760.49;0.50;0.14;0.07
22.12.2020;15:02:12;164.24;41.35;11.88;760.48;0.49;0.13;0.06
22.12.2020;15:03:12;155.76;41.30;11.86;760.48;0.46;0.06;0.03
22.12.2020;15:04:12;171.68;41.44;11.85;760.47;0.52;0.20;0.10
22.12.2020;15:05:12;186.47;41.38;11.86;760.45;0.56;0.26;0.15
22.12.2020;15:06:12;168.32;41.40;11.86;760.45;0.50;0.15;0.07
22.12.2020;15:07:12;156.33;41.25;11.85;760.44;0.47;0.10;0.05
22.12.2020;15:08:12;148.87;41.32;11.83;760.43;0.44;0.05;0.02
22.12.2020;15:09:12;142.39;41.49;11.85;760.43;0.42;0.00;0.00
22.12.2020;15:10:12;130.71;41.52;11.83;760.45;0.38;0.00;0.00
22.12.2020;15:11:12;125.75;41.50;11.83;760.45;0.37;0.00;0.00
22.12.2020;15:12:12;122.68;41.52;11.83;760.46;0.36;0.00;0.00
22.12.2020;15:13:13;129.75;41.34;11.81;760.45;0.39;0.00;0.00
22.12.2020;15:14:13;133.67;41.45;11.81;760.46;0.40;0.00;0.00
22.12.2020;15:15:13;124.85;41.39;11.82;760.47;0.37;0.00;0.00
22.12.2020;15:16:13;122.30;41.53;11.80;760.47;0.36;0.00;0.00
22.12.2020;15:17:13;128.69;41.29;11.79;760.47;0.38;0.00;0.00
22.12.2020;15:18:13;133.78;41.43;11.78;760.47;0.40;0.00;0.00
22.12.2020;15:19:13;134.92;41.49;11.79;760.47;0.40;0.00;0.00
22.12.2020;15:20:13;130.24;41.55;11.80;760.47;0.39;0.00;0.00
22.12.2020;15:21:13;125.04;41.44;11.79;760.45;0.36;0.00;0.00
22.12.2020;15:22:13;122.63;41.52;11.79;760.46;0.35;0.00;0.00
22.12.2020;15:23:13;116.08;41.44;11.80;760.44;0.33;0.00;0.00
22.12.2020;15:24:13;107.28;41.47;11.79;760.44;0.30;0.00;0.00
22.12.2020;15:25:13;103.14;41.52;11.79;760.44;0.28;0.00;0.00
22.12.2020;15:26:13;93.50;41.57;11.80;760.45;0.24;0.00;0.00
22.12.2020;15:27:13;91.12;41.46;11.82;760.44;0.24;0.00;0.00
22.12.2020;15:28:13;91.47;41.46;11.82;760.43;0.25;0.00;0.00
22.12.2020;15:29:13;90.60;41.40;11.81;760.44;0.25;0.00;0.00
22.12.2020;15:30:13;91.67;41.53;11.81;760.43;0.26;0.00;0.00
22.12.2020;15:31:13;89.14;41.51;11.81;760.43;0.24;0.00;0.00
22.12.2020;15:32:13;78.67;41.49;11.80;760.43;0.20;0.00;0.00
22.12.2020;15:33:13;69.32;41.35;11.79;760.43;0.16;0.00;0.00
22.12.2020;15:34:13;64.00;41.54;11.79;760.45;0.15;0.00;0.00
22.12.2020;15:35:13;60.92;41.39;11.78;760.45;0.14;0.00;0.00
22.12.2020;15:36:13;62.30;41.39;11.78;760.44;0.14;0.00;0.00
22.12.2020;15:37:13;60.44;41.57;11.77;760.44;0.13;0.00;0.00
22.12.2020;15:38:13;59.67;41.64;11.76;760.43;0.14;0.00;0.00
22.12.2020;15:39:13;59.76;41.66;11.75;760.43;0.14;0.00;0.00
22.12.2020;15:40:13;60.01;41.63;11.74;760.40;0.14;0.00;0.00
22.12.2020;15:41:14;58.32;41.67;11.76;760.38;0.13;0.00;0.00
22.12.2020;15:42:14;55.41;41.68;11.75;760.37;0.12;0.00;0.00
22.12.2020;15:43:14;56.76;41.70;11.75;760.37;0.12;0.00;0.00
22.12.2020;15:44:14;54.58;41.70;11.77;760.38;0.12;0.00;0.00
22.12.2020;15:45:14;50.97;41.71;11.76;760.39;0.11;0.00;0.00
22.12.2020;15:46:14;49.97;41.44;11.75;760.39;0.11;0.00;0.00
22.12.2020;15:47:14;50.35;41.54;11.73;760.38;0.11;0.00;0.00
22.12.2020;15:48:14;51.88;41.71;11.74;760.38;0.12;0.00;0.00
22.12.2020;15:49:14;49.18;41.52;11.74;760.36;0.11;0.00;0.00
22.12.2020;15:50:14;47.20;41.57;11.74;760.34;0.10;0.00;0.00
22.12.2020;15:51:14;47.50;41.39;11.74;760.33;0.10;0.00;0.00
22.12.2020;15:52:14;44.04;41.67;11.74;760.32;0.08;0.00;0.00
22.12.2020;15:53:14;40.17;41.57;11.74;760.31;0.07;0.00;0.00
22.12.2020;15:54:14;38.78;41.47;11.73;760.31;0.06;0.00;0.00
22.12.2020;15:55:14;36.56;41.39;11.72;760.31;0.06;0.00;0.00
22.12.2020;15:56:14;35.16;41.51;11.72;760.31;0.05;0.00;0.00
22.12.2020;15:57:14;31.38;41.62;11.71;760.31;0.04;0.00;0.00
22.12.2020;15:58:14;29.59;41.49;11.71;760.32;0.04;0.00;0.00
22.12.2020;15:59:14;27.96;41.54;11.70;760.32;0.03;0.00;0.00
22.12.2020;16:00:14;26.74;41.49;11.69;760.32;0.03;0.00;0.00
22.12.2020;16:01:14;23.19;41.68;11.69;760.33;0.02;0.00;0.00
22.12.2020;16:02:14;20.36;41.77;11.69;760.33;0.01;0.00;0.00
22.12.2020;16:03:14;19.17;41.67;11.68;760.34;0.01;0.00;0.00
22.12.2020;16:04:14;19.42;41.77;11.68;760.33;0.01;0.00;0.00
22.12.2020;16:05:14;18.32;41.78;11.67;760.32;0.01;0.00;0.00
22.12.2020;16:06:14;14.90;41.64;11.66;760.31;0.00;0.00;0.00
22.12.2020;16:07:14;13.56;41.56;11.64;760.30;0.00;0.00;0.00
22.12.2020;16:08:14;12.61;41.72;11.63;760.30;0.00;0.00;0.00
22.12.2020;16:09:14;12.96;41.87;11.64;760.30;0.00;0.00;0.00
22.12.2020;16:10:14;12.09;41.75;11.64;760.31;0.00;0.00;0.00
22.12.2020;16:11:14;10.40;41.64;11.64;760.29;0.00;0.00;0.00
22.12.2020;16:12:15;8.86;41.85;11.64;760.30;0.00;0.00;0.00
22.12.2020;16:13:15;9.15;41.68;11.64;760.29;0.00;0.00;0.00
22.12.2020;16:14:15;8.67;41.80;11.63;760.29;0.00;0.00;0.00
22.12.2020;16:15:15;7.54;41.76;11.62;760.28;0.00;0.00;0.00
22.12.2020;16:16:15;6.69;41.61;11.61;760.28;0.00;0.00;0.00
22.12.2020;16:17:15;6.61;41.81;11.60;760.26;0.00;0.00;0.00
22.12.2020;16:18:15;5.83;41.65;11.58;760.25;0.00;0.00;0.00
22.12.2020;16:19:15;5.15;41.68;11.57;760.25;0.00;0.00;0.00
22.12.2020;16:20:15;5.00;41.69;11.56;760.26;0.00;0.00;0.00
22.12.2020;16:21:15;5.00;41.78;11.57;760.24;0.00;0.00;0.00
22.12.2020;16:22:15;4.65;41.62;11.57;760.24;0.00;0.00;0.00
22.12.2020;16:23:15;4.17;41.75;11.59;760.24;0.00;0.00;0.00
22.12.2020;16:24:15;4.17;41.85;11.60;760.25;0.00;0.00;0.00
22.12.2020;16:25:15;4.17;41.77;11.59;760.25;0.00;0.00;0.00
22.12.2020;16:26:15;4.17;41.87;11.59;760.26;0.00;0.00;0.00
22.12.2020;16:27:15;4.04;41.83;11.59;760.28;0.00;0.00;0.00
22.12.2020;16:28:15;3.39;41.85;11.58;760.29;0.00;0.00;0.00
22.12.2020;16:29:15;3.33;41.95;11.58;760.29;0.00;0.00;0.00
22.12.2020;16:30:15;3.35;41.50;11.58;760.28;0.00;0.00;0.00
22.12.2020;16:31:15;3.33;41.82;11.57;760.29;0.00;0.00;0.00
22.12.2020;16:32:15;3.33;41.69;11.57;760.29;0.00;0.00;0.00
22.12.2020;16:33:15;3.36;41.77;11.56;760.29;0.00;0.00;0.00
22.12.2020;16:34:15;3.33;41.89;11.56;760.27;0.00;0.00;0.00
22.12.2020;16:35:15;3.33;41.92;11.56;760.26;0.00;0.00;0.00
22.12.2020;16:36:15;3.35;41.88;11.57;760.26;0.00;0.00;0.00
22.12.2020;16:37:15;3.33;41.64;11.57;760.25;0.00;0.00;0.00
22.12.2020;16:38:15;3.33;41.88;11.56;760.24;0.00;0.00;0.00
22.12.2020;16:39:15;3.33;41.89;11.56;760.22;0.00;0.00;0.00
22.12.2020;16:40:15;3.33;41.83;11.55;760.19;0.00;0.00;0.00
22.12.2020;16:41:15;3.33;41.81;11.54;760.18;0.00;0.00;0.00
22.12.2020;16:42:15;3.33;41.99;11.53;760.16;0.00;0.00;0.00
22.12.2020;16:43:15;3.33;41.91;11.54;760.16;0.00;0.00;0.00
22.12.2020;16:44:16;3.35;41.96;11.53;760.15;0.00;0.00;0.00
22.12.2020;16:45:16;3.33;41.96;11.52;760.16;0.00;0.00;0.00
22.12.2020;16:46:16;3.33;41.87;11.53;760.16;0.00;0.00;0.00
22.12.2020;16:47:16;3.36;42.04;11.53;760.15;0.00;0.00;0.00
22.12.2020;16:48:16;3.33;42.10;11.54;760.16;0.00;0.00;0.00
22.12.2020;16:49:16;3.33;41.79;11.54;760.15;0.00;0.00;0.00
22.12.2020;16:50:16;3.35;41.97;11.54;760.13;0.00;0.00;0.00
22.12.2020;16:51:16;3.33;42.05;11.54;760.12;0.00;0.00;0.00
22.12.2020;16:52:16;3.33;42.14;11.54;760.11;0.00;0.00;0.00
22.12.2020;16:53:16;3.33;42.08;11.54;760.09;0.00;0.00;0.00
22.12.2020;16:54:16;3.33;42.16;11.53;760.10;0.00;0.00;0.00
22.12.2020;16:55:16;3.33;42.02;11.54;760.10;0.00;0.00;0.00
22.12.2020;16:56:16;3.33;42.01;11.55;760.10;0.00;0.00;0.00
22.12.2020;16:57:16;3.33;41.81;11.56;760.11;0.00;0.00;0.00
22.12.2020;16:58:16;3.35;42.03;11.55;760.11;0.00;0.00;0.00
22.12.2020;16:59:16;3.33;42.04;11.57;760.10;0.00;0.00;0.00
22.12.2020;17:00:16;3.33;42.10;11.57;760.09;0.00;0.00;0.00
22.12.2020;17:01:16;3.36;41.99;11.57;760.07;0.00;0.00;0.00
22.12.2020;17:02:16;3.33;41.87;11.58;760.05;0.00;0.00;0.00
22.12.2020;17:03:16;3.33;41.81;11.57;760.02;0.00;0.00;0.00
22.12.2020;17:04:16;3.35;42.02;11.58;759.99;0.00;0.00;0.00
22.12.2020;17:05:16;3.33;42.00;11.57;759.96;0.00;0.00;0.00
22.12.2020;17:06:16;3.33;42.07;11.56;759.95;0.00;0.00;0.00
22.12.2020;17:07:16;3.33;41.92;11.56;759.94;0.00;0.00;0.00
22.12.2020;17:08:16;3.33;42.07;11.57;759.93;0.00;0.00;0.00
22.12.2020;17:09:16;3.33;42.03;11.58;759.92;0.00;0.00;0.00
22.12.2020;17:10:16;3.33;41.98;11.58;759.94;0.00;0.00;0.00
22.12.2020;17:11:16;3.33;41.83;11.57;759.93;0.00;0.00;0.00
22.12.2020;17:12:16;3.35;41.98;11.58;759.93;0.00;0.00;0.00
22.12.2020;17:13:16;3.33;41.99;11.57;759.92;0.00;0.00;0.00
22.12.2020;17:14:16;3.33;41.82;11.56;759.91;0.00;0.00;0.00
22.12.2020;17:15:16;3.36;42.03;11.57;759.90;0.00;0.00;0.00
22.12.2020;17:16:17;3.33;42.03;11.57;759.89;0.00;0.00;0.00
22.12.2020;17:17:17;3.33;41.99;11.57;759.86;0.00;0.00;0.00
22.12.2020;17:18:17;3.35;41.96;11.56;759.86;0.00;0.00;0.00
22.12.2020;17:19:17;3.33;41.82;11.55;759.86;0.00;0.00;0.00
22.12.2020;17:20:17;3.33;42.01;11.55;759.85;0.00;0.00;0.00
22.12.2020;17:21:17;3.33;42.08;11.55;759.84;0.00;0.00;0.00
22.12.2020;17:22:17;3.33;42.10;11.55;759.82;0.00;0.00;0.00
22.12.2020;17:23:17;3.33;42.08;11.56;759.82;0.00;0.00;0.00
22.12.2020;17:24:17;3.33;42.06;11.56;759.81;0.00;0.00;0.00
22.12.2020;17:25:17;3.33;41.61;11.56;759.80;0.00;0.00;0.00
22.12.2020;17:26:17;3.35;42.04;11.54;759.82;0.00;0.00;0.00
22.12.2020;17:27:17;3.33;42.07;11.54;759.81;0.00;0.00;0.00
22.12.2020;17:28:17;3.33;42.12;11.53;759.81;0.00;0.00;0.00
22.12.2020;17:29:17;3.36;42.19;11.53;759.79;0.00;0.00;0.00
22.12.2020;17:30:17;3.33;42.18;11.53;759.78;0.00;0.00;0.00
22.12.2020;17:31:17;3.33;41.97;11.53;759.77;0.00;0.00;0.00
22.12.2020;17:32:17;3.35;42.12;11.52;759.77;0.00;0.00;0.00
22.12.2020;17:33:17;3.33;42.17;11.51;759.76;0.00;0.00;0.00
22.12.2020;17:34:17;3.33;42.20;11.51;759.76;0.00;0.00;0.00
22.12.2020;17:35:17;3.33;42.21;11.53;759.76;0.00;0.00;0.00
22.12.2020;17:36:17;3.33;42.13;11.53;759.76;0.00;0.00;0.00
22.12.2020;17:37:17;3.33;42.14;11.52;759.76;0.00;0.00;0.00
22.12.2020;17:38:17;3.33;42.07;11.51;759.77;0.00;0.00;0.00
22.12.2020;17:39:17;3.33;42.11;11.51;759.75;0.00;0.00;0.00
22.12.2020;17:40:17;3.35;42.21;11.52;759.73;0.00;0.00;0.00
22.12.2020;17:41:17;3.33;42.25;11.52;759.71;0.00;0.00;0.00
22.12.2020;17:42:17;3.33;42.28;11.52;759.68;0.00;0.00;0.00
22.12.2020;17:43:17;3.36;42.30;11.53;759.66;0.00;0.00;0.00
22.12.2020;17:44:17;3.33;42.30;11.53;759.65;0.00;0.00;0.00
22.12.2020;17:45:17;3.33;42.29;11.54;759.65;0.00;0.00;0.00
22.12.2020;17:46:17;3.35;42.31;11.54;759.66;0.00;0.00;0.00
22.12.2020;17:48:43;3.33;42.26;11.53;759.64;0.00;0.00;0.00
22.12.2020;17:49:43;3.33;42.26;11.53;759.64;0.00;0.00;0.00
22.12.2020;17:50:43;3.33;42.26;11.52;759.61;0.00;0.00;0.00
22.12.2020;17:51:43;3.35;42.32;11.53;759.61;0.00;0.00;0.00
22.12.2020;17:52:43;3.33;42.30;11.52;759.59;0.00;0.00;0.00
22.12.2020;17:53:43;3.33;42.31;11.53;759.59;0.00;0.00;0.00
22.12.2020;17:54:43;3.33;42.31;11.53;759.59;0.00;0.00;0.00
22.12.2020;17:55:43;3.33;42.30;11.52;759.62;0.00;0.00;0.00
22.12.2020;17:56:43;3.33;42.28;11.50;759.64;0.00;0.00;0.00
22.12.2020;17:57:43;3.33;42.28;11.50;759.65;0.00;0.00;0.00
22.12.2020;17:58:43;3.33;42.30;11.50;759.65;0.00;0.00;0.00
22.12.2020;17:59:43;3.35;42.28;11.50;759.65;0.00;0.00;0.00
22.12.2020;18:00:43;3.33;42.21;11.48;759.65;0.00;0.00;0.00
22.12.2020;18:01:43;3.33;42.26;11.47;759.63;0.00;0.00;0.00
22.12.2020;18:02:43;3.36;42.34;11.47;759.63;0.00;0.00;0.00
22.12.2020;18:03:43;3.33;42.38;11.47;759.63;0.00;0.00;0.00
22.12.2020;18:04:43;3.33;42.32;11.46;759.62;0.00;0.00;0.00
22.12.2020;18:05:43;3.35;42.09;11.45;759.63;0.00;0.00;0.00
22.12.2020;18:06:43;3.33;42.25;11.45;759.63;0.00;0.00;0.00
22.12.2020;18:07:43;3.33;42.40;11.45;759.62;0.00;0.00;0.00
22.12.2020;18:08:43;3.33;42.23;11.46;759.62;0.00;0.00;0.00
22.12.2020;18:09:43;3.33;42.27;11.46;759.61;0.00;0.00;0.00
22.12.2020;18:10:43;3.33;42.35;11.47;759.61;0.00;0.00;0.00
22.12.2020;18:11:43;3.33;42.37;11.48;759.57;0.00;0.00;0.00
22.12.2020;18:12:43;3.33;42.27;11.48;759.55;0.00;0.00;0.00
22.12.2020;18:13:43;3.35;42.45;11.47;759.54;0.00;0.00;0.00
22.12.2020;18:14:43;3.33;42.43;11.47;759.53;0.00;0.00;0.00
22.12.2020;18:15:43;3.33;42.43;11.46;759.51;0.00;0.00;0.00
22.12.2020;18:16:43;3.36;42.35;11.47;759.49;0.00;0.00;0.00
22.12.2020;18:17:43;3.33;42.39;11.46;759.47;0.00;0.00;0.00
22.12.2020;18:18:43;3.33;42.43;11.46;759.45;0.00;0.00;0.00
22.12.2020;18:19:43;3.35;42.37;11.48;759.44;0.00;0.00;0.00
22.12.2020;18:20:44;3.33;42.38;11.48;759.41;0.00;0.00;0.00
22.12.2020;18:21:44;3.33;42.29;11.49;759.41;0.00;0.00;0.00
22.12.2020;18:22:44;3.33;42.28;11.50;759.40;0.00;0.00;0.00
22.12.2020;18:23:44;3.33;42.38;11.51;759.40;0.00;0.00;0.00
22.12.2020;18:24:44;3.33;42.18;11.50;759.41;0.00;0.00;0.00
22.12.2020;18:25:44;3.33;42.22;11.47;759.41;0.00;0.00;0.00
22.12.2020;18:26:44;3.33;42.31;11.47;759.41;0.00;0.00;0.00
22.12.2020;18:27:44;3.35;42.14;11.48;759.42;0.00;0.00;0.00
22.12.2020;18:28:44;3.33;42.26;11.45;759.41;0.00;0.00;0.00
22.12.2020;18:29:44;3.33;42.43;11.45;759.41;0.00;0.00;0.00
22.12.2020;18:30:44;3.36;42.41;11.47;759.41;0.00;0.00;0.00
22.12.2020;18:31:44;3.33;42.38;11.47;759.39;0.00;0.00;0.00
22.12.2020;18:32:44;3.33;42.22;11.44;759.39;0.00;0.00;0.00
22.12.2020;18:33:44;3.35;42.32;11.43;759.37;0.00;0.00;0.00
22.12.2020;18:34:44;3.33;42.39;11.43;759.36;0.00;0.00;0.00
22.12.2020;18:35:44;3.33;42.38;11.43;759.34;0.00;0.00;0.00
22.12.2020;18:36:44;3.33;42.47;11.41;759.33;0.00;0.00;0.00
22.12.2020;18:37:44;3.33;42.43;11.41;759.33;0.00;0.00;0.00
22.12.2020;18:38:44;3.33;41.98;11.41;759.33;0.00;0.00;0.00
22.12.2020;18:39:44;3.33;42.39;11.41;759.32;0.00;0.00;0.00
22.12.2020;18:40:44;3.33;42.21;11.42;759.34;0.00;0.00;0.00
22.12.2020;18:41:44;3.35;42.41;11.42;759.34;0.00;0.00;0.00
22.12.2020;18:42:44;3.33;42.44;11.41;759.35;0.00;0.00;0.00
22.12.2020;18:43:44;3.33;42.45;11.41;759.35;0.00;0.00;0.00
22.12.2020;18:44:44;3.36;42.52;11.41;759.36;0.00;0.00;0.00
22.12.2020;18:45:44;3.33;42.30;11.41;759.35;0.00;0.00;0.00
22.12.2020;18:46:44;3.33;42.54;11.42;759.36;0.00;0.00;0.00
22.12.2020;18:47:44;3.35;42.55;11.41;759.35;0.00;0.00;0.00
22.12.2020;18:48:44;3.33;42.64;11.40;759.34;0.00;0.00;0.00
22.12.2020;18:49:44;3.33;42.55;11.41;759.32;0.00;0.00;0.00
22.12.2020;18:50:44;3.33;42.58;11.41;759.30;0.00;0.00;0.00
22.12.2020;18:51:44;3.33;42.58;11.41;759.30;0.00;0.00;0.00
22.12.2020;18:52:44;3.33;42.51;11.40;759.30;0.00;0.00;0.00
22.12.2020;18:53:45;3.33;42.48;11.40;759.30;0.00;0.00;0.00
22.12.2020;18:54:45;3.33;42.46;11.39;759.29;0.00;0.00;0.00
22.12.2020;18:55:45;3.35;42.65;11.40;759.29;0.00;0.00;0.00
22.12.2020;18:56:45;3.33;42.68;11.41;759.30;0.00;0.00;0.00
22.12.2020;18:57:45;3.33;42.62;11.40;759.29;0.00;0.00;0.00
22.12.2020;18:58:45;3.36;42.45;11.40;759.29;0.00;0.00;0.00
22.12.2020;18:59:45;3.33;42.55;11.39;759.29;0.00;0.00;0.00
22.12.2020;19:00:45;3.33;42.45;11.40;759.28;0.00;0.00;0.00
22.12.2020;19:01:45;3.35;42.43;11.39;759.25;0.00;0.00;0.00
22.12.2020;19:02:45;3.33;42.29;11.39;759.23;0.00;0.00;0.00
22.12.2020;19:03:45;3.33;42.56;11.38;759.23;0.00;0.00;0.00
22.12.2020;19:04:45;3.33;42.62;11.38;759.21;0.00;0.00;0.00
22.12.2020;19:05:45;3.33;42.60;11.38;759.20;0.00;0.00;0.00
22.12.2020;19:06:45;3.33;42.57;11.38;759.21;0.00;0.00;0.00
22.12.2020;19:07:45;3.33;42.57;11.38;759.20;0.00;0.00;0.00
22.12.2020;19:08:45;3.33;42.35;11.37;759.21;0.00;0.00;0.00
22.12.2020;19:09:45;3.35;42.57;11.37;759.19;0.00;0.00;0.00
22.12.2020;19:10:45;3.33;42.63;11.37;759.19;0.00;0.00;0.00
22.12.2020;19:11:45;3.33;42.52;11.35;759.18;0.00;0.00;0.00
22.12.2020;19:12:45;3.36;42.55;11.35;759.16;0.00;0.00;0.00
22.12.2020;19:13:45;3.33;42.42;11.35;759.16;0.00;0.00;0.00
22.12.2020;19:14:45;3.33;42.64;11.36;759.15;0.00;0.00;0.00
22.12.2020;19:15:45;3.35;42.64;11.36;759.15;0.00;0.00;0.00
22.12.2020;19:16:45;3.33;42.62;11.36;759.15;0.00;0.00;0.00
22.12.2020;19:17:45;3.33;42.48;11.35;759.14;0.00;0.00;0.00
22.12.2020;19:18:45;3.33;42.46;11.33;759.12;0.00;0.00;0.00
22.12.2020;19:19:45;3.33;42.45;11.32;759.10;0.00;0.00;0.00
22.12.2020;19:20:45;3.33;42.57;11.32;759.08;0.00;0.00;0.00
22.12.2020;19:21:45;3.33;42.70;11.35;759.09;0.00;0.00;0.00
22.12.2020;19:22:45;3.33;42.60;11.36;759.07;0.00;0.00;0.00
22.12.2020;19:23:45;3.35;42.48;11.36;759.06;0.00;0.00;0.00
22.12.2020;19:24:45;3.33;42.61;11.36;759.06;0.00;0.00;0.00
22.12.2020;19:25:46;3.33;42.47;11.36;759.04;0.00;0.00;0.00
22.12.2020;19:26:46;3.36;42.70;11.36;759.02;0.00;0.00;0.00
22.12.2020;19:27:46;3.33;42.68;11.35;759.01;0.00;0.00;0.00
22.12.2020;19:28:46;3.33;42.77;11.36;759.01;0.00;0.00;0.00
22.12.2020;19:29:46;3.35;42.65;11.39;759.00;0.00;0.00;0.00
22.12.2020;19:30:46;3.33;42.63;11.39;759.01;0.00;0.00;0.00
22.12.2020;19:31:46;3.33;42.43;11.39;759.01;0.00;0.00;0.00
22.12.2020;19:32:46;3.33;42.47;11.40;759.02;0.00;0.00;0.00
22.12.2020;19:33:46;3.33;42.61;11.41;759.03;0.00;0.00;0.00
22.12.2020;19:34:46;3.33;42.56;11.41;759.01;0.00;0.00;0.00
22.12.2020;19:35:46;3.33;42.59;11.42;759.00;0.00;0.00;0.00
22.12.2020;19:36:46;3.33;42.58;11.41;759.00;0.00;0.00;0.00
22.12.2020;19:37:46;3.35;42.64;11.43;758.97;0.00;0.00;0.00
22.12.2020;19:38:46;3.33;42.55;11.42;758.94;0.00;0.00;0.00
22.12.2020;19:39:46;3.33;42.63;11.40;758.92;0.00;0.00;0.00
22.12.2020;19:40:46;3.36;42.67;11.39;758.91;0.00;0.00;0.00
22.12.2020;19:41:46;3.33;42.70;11.39;758.93;0.00;0.00;0.00
22.12.2020;19:42:46;3.33;42.54;11.38;758.95;0.00;0.00;0.00
22.12.2020;19:43:46;3.35;42.53;11.37;758.97;0.00;0.00;0.00
22.12.2020;19:44:46;3.33;42.51;11.36;758.96;0.00;0.00;0.00
22.12.2020;19:45:46;3.33;42.60;11.36;758.96;0.00;0.00;0.00
22.12.2020;19:46:46;3.33;42.66;11.36;758.94;0.00;0.00;0.00
22.12.2020;19:47:46;3.33;42.76;11.36;758.91;0.00;0.00;0.00
22.12.2020;19:48:46;3.33;42.71;11.39;758.89;0.00;0.00;0.00
22.12.2020;19:49:46;3.33;42.65;11.38;758.88;0.00;0.00;0.00
22.12.2020;19:50:46;3.33;42.67;11.38;758.87;0.00;0.00;0.00
22.12.2020;19:51:46;3.35;42.62;11.38;758.88;0.00;0.00;0.00
22.12.2020;19:52:46;3.33;42.68;11.36;758.87;0.00;0.00;0.00
22.12.2020;19:53:46;3.33;42.69;11.36;758.87;0.00;0.00;0.00
22.12.2020;19:54:46;3.36;42.69;11.36;758.87;0.00;0.00;0.00
22.12.2020;19:55:46;3.33;42.60;11.35;758.86;0.00;0.00;0.00
22.12.2020;19:56:46;3.33;42.74;11.35;758.85;0.00;0.00;0.00
22.12.2020;19:57:47;3.35;42.79;11.36;758.84;0.00;0.00;0.00
22.12.2020;19:58:47;3.33;42.70;11.35;758.83;0.00;0.00;0.00
22.12.2020;19:59:47;3.33;42.66;11.35;758.83;0.00;0.00;0.00
22.12.2020;20:00:47;3.33;42.80;11.34;758.83;0.00;0.00;0.00
22.12.2020;20:01:47;3.33;42.79;11.34;758.84;0.00;0.00;0.00
22.12.2020;20:02:47;3.33;42.90;11.33;758.84;0.00;0.00;0.00
22.12.2020;20:03:47;3.33;42.76;11.33;758.83;0.00;0.00;0.00
22.12.2020;20:04:47;3.33;42.93;11.32;758.81;0.00;0.00;0.00
22.12.2020;20:05:47;3.35;42.65;11.33;758.81;0.00;0.00;0.00
22.12.2020;20:06:47;3.33;42.85;11.33;758.80;0.00;0.00;0.00
22.12.2020;20:07:47;3.33;42.85;11.34;758.78;0.00;0.00;0.00
22.12.2020;20:08:47;3.36;42.78;11.34;758.78;0.00;0.00;0.00
22.12.2020;20:09:47;3.33;42.53;11.33;758.78;0.00;0.00;0.00
22.12.2020;20:10:47;3.33;42.76;11.32;758.79;0.00;0.00;0.00
22.12.2020;20:11:47;3.35;42.77;11.32;758.79;0.00;0.00;0.00
22.12.2020;20:12:47;3.33;42.89;11.31;758.80;0.00;0.00;0.00
22.12.2020;20:13:47;3.33;42.89;11.32;758.81;0.00;0.00;0.00
22.12.2020;20:14:47;3.33;42.91;11.33;758.84;0.00;0.00;0.00
22.12.2020;20:15:47;3.33;42.81;11.34;758.84;0.00;0.00;0.00
22.12.2020;20:16:47;3.33;42.75;11.33;758.84;0.00;0.00;0.00
22.12.2020;20:17:47;3.33;42.74;11.32;758.84;0.00;0.00;0.00
22.12.2020;20:18:47;3.33;42.81;11.33;758.83;0.00;0.00;0.00
22.12.2020;20:19:47;3.35;42.86;11.32;758.81;0.00;0.00;0.00
22.12.2020;20:20:47;3.33;42.96;11.32;758.78;0.00;0.00;0.00
22.12.2020;20:21:47;3.33;42.82;11.33;758.78;0.00;0.00;0.00
22.12.2020;20:22:47;3.36;42.77;11.32;758.77;0.00;0.00;0.00
22.12.2020;20:23:47;3.33;42.74;11.33;758.77;0.00;0.00;0.00
22.12.2020;20:24:47;3.33;42.86;11.33;758.75;0.00;0.00;0.00
22.12.2020;20:25:47;3.35;42.83;11.33;758.74;0.00;0.00;0.00
22.12.2020;20:26:47;3.33;42.91;11.32;758.72;0.00;0.00;0.00
22.12.2020;20:27:47;3.33;42.74;11.32;758.71;0.00;0.00;0.00
22.12.2020;20:28:47;3.33;42.78;11.31;758.71;0.00;0.00;0.00
22.12.2020;20:29:47;3.33;42.53;11.31;758.70;0.00;0.00;0.00
22.12.2020;20:30:48;3.33;42.91;11.30;758.68;0.00;0.00;0.00
22.12.2020;20:31:48;3.33;42.85;11.30;758.67;0.00;0.00;0.00
22.12.2020;20:32:48;3.33;42.98;11.29;758.67;0.00;0.00;0.00
22.12.2020;20:33:48;3.35;42.81;11.30;758.69;0.00;0.00;0.00
22.12.2020;20:34:48;3.33;42.92;11.29;758.70;0.00;0.00;0.00
22.12.2020;20:35:48;3.33;42.84;11.29;758.71;0.00;0.00;0.00
22.12.2020;20:36:48;3.36;43.00;11.30;758.72;0.00;0.00;0.00
22.12.2020;20:37:48;3.33;43.04;11.30;758.72;0.00;0.00;0.00
22.12.2020;20:38:48;3.33;42.97;11.30;758.72;0.00;0.00;0.00
22.12.2020;20:39:48;3.35;42.72;11.30;758.71;0.00;0.00;0.00
22.12.2020;20:40:48;3.33;42.99;11.30;758.73;0.00;0.00;0.00
22.12.2020;20:41:48;3.33;42.88;11.31;758.73;0.00;0.00;0.00
22.12.2020;20:42:48;3.33;42.85;11.31;758.73;0.00;0.00;0.00
22.12.2020;20:43:48;3.33;42.89;11.32;758.71;0.00;0.00;0.00
22.12.2020;20:44:48;3.33;43.01;11.31;758.71;0.00;0.00;0.00
22.12.2020;20:45:48;3.33;43.03;11.31;758.72;0.00;0.00;0.00
22.12.2020;20:46:48;3.33;42.97;11.33;758.71;0.00;0.00;0.00
22.12.2020;20:47:48;3.35;42.87;11.34;758.69;0.00;0.00;0.00
22.12.2020;20:48:48;3.33;42.92;11.34;758.70;0.00;0.00;0.00
22.12.2020;20:49:48;3.33;42.87;11.33;758.70;0.00;0.00;0.00
22.12.2020;20:50:48;3.36;42.78;11.33;758.70;0.00;0.00;0.00
22.12.2020;20:51:48;3.33;42.82;11.33;758.72;0.00;0.00;0.00
22.12.2020;20:52:48;3.33;42.81;11.32;758.74;0.00;0.00;0.00
22.12.2020;20:53:48;3.35;42.87;11.32;758.75;0.00;0.00;0.00
22.12.2020;20:54:48;3.33;42.86;11.32;758.76;0.00;0.00;0.00
22.12.2020;20:55:48;3.33;42.62;11.32;758.76;0.00;0.00;0.00
22.12.2020;20:56:48;3.33;42.63;11.31;758.79;0.00;0.00;0.00
22.12.2020;20:57:48;3.33;42.58;11.30;758.78;0.00;0.00;0.00
22.12.2020;20:58:48;3.33;42.83;11.29;758.80;0.00;0.00;0.00
22.12.2020;20:59:48;3.33;42.47;11.28;758.78;0.00;0.00;0.00
22.12.2020;21:00:48;3.33;42.84;11.28;758.75;0.00;0.00;0.00
22.12.2020;21:01:48;3.35;42.86;11.29;758.76;0.00;0.00;0.00
22.12.2020;21:02:49;3.33;42.86;11.29;758.76;0.00;0.00;0.00
22.12.2020;21:03:49;3.33;42.79;11.28;758.74;0.00;0.00;0.00
22.12.2020;21:04:49;3.36;42.61;11.28;758.74;0.00;0.00;0.00
22.12.2020;21:05:49;3.33;42.60;11.27;758.73;0.00;0.00;0.00
22.12.2020;21:06:49;3.33;42.54;11.25;758.74;0.00;0.00;0.00
22.12.2020;21:07:49;3.35;42.47;11.25;758.74;0.00;0.00;0.00
22.12.2020;21:08:49;3.33;42.67;11.24;758.72;0.00;0.00;0.00
22.12.2020;21:09:49;3.33;42.81;11.24;758.75;0.00;0.00;0.00
22.12.2020;21:10:49;3.33;42.70;11.24;758.74;0.00;0.00;0.00
22.12.2020;21:11:49;3.33;42.49;11.22;758.76;0.00;0.00;0.00
22.12.2020;21:12:49;3.33;42.71;11.22;758.74;0.00;0.00;0.00
22.12.2020;21:13:49;3.33;42.66;11.22;758.75;0.00;0.00;0.00
22.12.2020;21:14:49;3.33;43.00;11.22;758.76;0.00;0.00;0.00
22.12.2020;21:15:49;3.35;42.88;11.22;758.75;0.00;0.00;0.00
22.12.2020;21:16:49;3.33;42.69;11.23;758.75;0.00;0.00;0.00
22.12.2020;21:17:49;3.33;42.56;11.22;758.75;0.00;0.00;0.00
22.12.2020;21:18:49;3.36;42.38;11.22;758.74;0.00;0.00;0.00
22.12.2020;21:19:49;3.33;42.60;11.20;758.75;0.00;0.00;0.00
22.12.2020;21:20:49;3.33;42.63;11.21;758.74;0.00;0.00;0.00
22.12.2020;21:21:49;3.35;42.82;11.22;758.74;0.00;0.00;0.00
22.12.2020;21:22:49;3.33;42.60;11.22;758.76;0.00;0.00;0.00
22.12.2020;21:23:49;3.33;42.77;11.21;758.77;0.00;0.00;0.00
22.12.2020;21:24:49;3.33;42.79;11.20;758.78;0.00;0.00;0.00
22.12.2020;21:25:49;3.33;43.01;11.21;758.80;0.00;0.00;0.00
22.12.2020;21:26:49;3.33;42.89;11.22;758.80;0.00;0.00;0.00
22.12.2020;21:27:49;3.33;43.00;11.22;758.81;0.00;0.00;0.00
22.12.2020;21:28:49;3.33;42.84;11.21;758.78;0.00;0.00;0.00
22.12.2020;21:29:49;3.35;42.91;11.20;758.75;0.00;0.00;0.00
22.12.2020;21:30:49;3.33;42.99;11.21;758.75;0.00;0.00;0.00
22.12.2020;21:31:49;3.33;42.97;11.20;758.76;0.00;0.00;0.00
22.12.2020;21:32:49;3.36;42.67;11.18;758.74;0.00;0.00;0.00
22.12.2020;21:33:49;3.33;43.05;11.21;758.75;0.00;0.00;0.00
22.12.2020;21:34:50;3.33;43.04;11.21;758.76;0.00;0.00;0.00
22.12.2020;21:35:50;3.35;42.95;11.20;758.74;0.00;0.00;0.00
22.12.2020;21:36:50;3.33;43.05;11.20;758.74;0.00;0.00;0.00
22.12.2020;21:37:50;3.33;42.77;11.19;758.72;0.00;0.00;0.00
22.12.2020;21:38:50;3.33;42.97;11.20;758.72;0.00;0.00;0.00
22.12.2020;21:39:50;3.33;42.87;11.20;758.71;0.00;0.00;0.00
22.12.2020;21:40:50;3.33;42.89;11.20;758.70;0.00;0.00;0.00
22.12.2020;21:41:50;3.33;43.01;11.18;758.70;0.00;0.00;0.00
22.12.2020;21:42:50;3.33;43.03;11.18;758.72;0.00;0.00;0.00
22.12.2020;21:43:50;3.35;43.14;11.18;758.72;0.00;0.00;0.00
22.12.2020;21:44:50;3.33;43.04;11.17;758.73;0.00;0.00;0.00
22.12.2020;21:45:50;3.33;43.14;11.15;758.73;0.00;0.00;0.00
22.12.2020;21:46:50;3.36;43.19;11.16;758.73;0.00;0.00;0.00
22.12.2020;21:47:50;3.33;42.99;11.17;758.70;0.00;0.00;0.00
22.12.2020;21:48:50;3.33;43.17;11.15;758.70;0.00;0.00;0.00
22.12.2020;21:49:50;3.35;42.74;11.15;758.69;0.00;0.00;0.00
22.12.2020;21:50:50;3.33;43.17;11.13;758.70;0.00;0.00;0.00
22.12.2020;21:51:50;3.33;43.22;11.14;758.70;0.00;0.00;0.00
22.12.2020;21:52:50;3.33;42.86;11.14;758.70;0.00;0.00;0.00
22.12.2020;21:53:50;3.33;43.12;11.13;758.71;0.00;0.00;0.00
22.12.2020;21:54:50;3.33;43.16;11.15;758.72;0.00;0.00;0.00
22.12.2020;21:55:50;3.33;43.15;11.15;758.71;0.00;0.00;0.00
22.12.2020;21:56:50;3.33;42.94;11.15;758.72;0.00;0.00;0.00
22.12.2020;21:57:50;3.35;43.15;11.14;758.72;0.00;0.00;0.00
22.12.2020;21:58:50;3.33;43.20;11.15;758.74;0.00;0.00;0.00
22.12.2020;21:59:50;3.33;43.18;11.15;758.73;0.00;0.00;0.00
22.12.2020;22:00:50;3.36;43.21;11.16;758.72;0.00;0.00;0.00
22.12.2020;22:01:50;3.33;43.04;11.17;758.69;0.00;0.00;0.00
22.12.2020;22:02:50;3.33;42.95;11.15;758.67;0.00;0.00;0.00
22.12.2020;22:03:50;3.35;42.85;11.16;758.65;0.00;0.00;0.00
22.12.2020;22:04:50;3.33;42.82;11.16;758.65;0.00;0.00;0.00
22.12.2020;22:05:50;3.33;43.13;11.15;758.64;0.00;0.00;0.00
22.12.2020;22:06:50;3.33;43.07;11.15;758.64;0.00;0.00;0.00
22.12.2020;22:07:51;3.33;42.87;11.17;758.62;0.00;0.00;0.00
22.12.2020;22:08:51;3.33;43.01;11.16;758.61;0.00;0.00;0.00
22.12.2020;22:09:51;3.33;43.13;11.17;758.60;0.00;0.00;0.00
22.12.2020;22:10:51;3.33;42.98;11.17;758.59;0.00;0.00;0.00
22.12.2020;22:11:51;3.35;42.86;11.16;758.57;0.00;0.00;0.00
22.12.2020;22:12:51;3.33;43.05;11.17;758.58;0.00;0.00;0.00
22.12.2020;22:13:51;3.33;42.71;11.17;758.57;0.00;0.00;0.00
22.12.2020;22:14:51;3.36;42.74;11.15;758.56;0.00;0.00;0.00
22.12.2020;22:15:51;3.33;42.95;11.16;758.55;0.00;0.00;0.00
22.12.2020;22:16:51;3.33;42.98;11.17;758.55;0.00;0.00;0.00
22.12.2020;22:17:51;3.35;42.59;11.17;758.55;0.00;0.00;0.00
22.12.2020;22:18:51;3.33;43.01;11.17;758.55;0.00;0.00;0.00
22.12.2020;22:19:51;3.33;42.90;11.17;758.55;0.00;0.00;0.00
22.12.2020;22:20:51;3.33;42.93;11.17;758.55;0.00;0.00;0.00
22.12.2020;22:21:51;3.33;42.97;11.17;758.55;0.00;0.00;0.00
22.12.2020;22:22:51;3.33;43.07;11.16;758.55;0.00;0.00;0.00
22.12.2020;22:23:51;3.33;42.92;11.16;758.56;0.00;0.00;0.00
22.12.2020;22:24:51;3.33;43.00;11.16;758.55;0.00;0.00;0.00
22.12.2020;22:25:51;3.35;43.09;11.16;758.55;0.00;0.00;0.00
22.12.2020;22:26:51;3.33;43.07;11.18;758.55;0.00;0.00;0.00
22.12.2020;22:27:51;3.33;42.88;11.19;758.54;0.00;0.00;0.00
22.12.2020;22:28:51;3.36;42.81;11.17;758.54;0.00;0.00;0.00
22.12.2020;22:29:51;3.33;43.06;11.17;758.54;0.00;0.00;0.00
22.12.2020;22:30:51;3.33;42.92;11.16;758.52;0.00;0.00;0.00
22.12.2020;22:31:51;3.35;43.01;11.17;758.51;0.00;0.00;0.00
22.12.2020;22:32:51;3.33;43.04;11.17;758.52;0.00;0.00;0.00
22.12.2020;22:33:51;3.33;42.89;11.17;758.50;0.00;0.00;0.00
22.12.2020;22:34:51;3.33;43.00;11.17;758.48;0.00;0.00;0.00
22.12.2020;22:35:51;3.33;42.91;11.17;758.47;0.00;0.00;0.00
22.12.2020;22:36:51;3.33;42.89;11.18;758.47;0.00;0.00;0.00
22.12.2020;22:37:51;3.33;42.92;11.19;758.47;0.00;0.00;0.00
22.12.2020;22:38:51;3.33;42.77;11.19;758.47;0.00;0.00;0.00
22.12.2020;22:39:52;3.35;42.98;11.19;758.46;0.00;0.00;0.00
22.12.2020;22:40:52;3.33;42.80;11.20;758.45;0.00;0.00;0.00
22.12.2020;22:41:52;3.33;42.99;11.20;758.44;0.00;0.00;0.00
22.12.2020;22:42:52;3.36;42.84;11.20;758.42;0.00;0.00;0.00
22.12.2020;22:43:52;3.33;42.95;11.19;758.40;0.00;0.00;0.00
22.12.2020;22:44:52;3.33;42.89;11.17;758.38;0.00;0.00;0.00
22.12.2020;22:45:52;3.35;43.02;11.17;758.38;0.00;0.00;0.00
22.12.2020;22:46:52;3.33;42.92;11.19;758.35;0.00;0.00;0.00
22.12.2020;22:47:52;3.33;42.85;11.18;758.34;0.00;0.00;0.00
22.12.2020;22:48:52;3.33;42.62;11.18;758.32;0.00;0.00;0.00
22.12.2020;22:49:52;3.33;42.75;11.16;758.33;0.00;0.00;0.00
22.12.2020;22:50:52;3.33;42.89;11.17;758.34;0.00;0.00;0.00
22.12.2020;22:51:52;3.33;42.44;11.16;758.33;0.00;0.00;0.00
22.12.2020;22:52:52;3.33;42.70;11.13;758.32;0.00;0.00;0.00
22.12.2020;22:53:52;3.35;42.55;11.12;758.29;0.00;0.00;0.00
22.12.2020;22:54:52;3.33;42.92;11.10;758.28;0.00;0.00;0.00
22.12.2020;22:55:52;3.33;43.02;11.11;758.28;0.00;0.00;0.00
22.12.2020;22:56:52;3.36;43.05;11.11;758.27;0.00;0.00;0.00
22.12.2020;22:57:52;3.33;42.99;11.12;758.26;0.00;0.00;0.00
22.12.2020;22:58:52;3.33;42.96;11.13;758.26;0.00;0.00;0.00
22.12.2020;22:59:52;3.35;42.70;11.13;758.25;0.00;0.00;0.00
22.12.2020;23:00:52;3.33;42.91;11.13;758.24;0.00;0.00;0.00
22.12.2020;23:01:52;3.33;43.01;11.12;758.22;0.00;0.00;0.00
22.12.2020;23:02:52;3.33;43.07;11.11;758.20;0.00;0.00;0.00
22.12.2020;23:03:52;3.33;43.04;11.12;758.19;0.00;0.00;0.00
22.12.2020;23:04:52;3.33;42.97;11.11;758.18;0.00;0.00;0.00
22.12.2020;23:05:52;3.33;43.11;11.12;758.18;0.00;0.00;0.00
22.12.2020;23:06:52;3.33;42.92;11.12;758.18;0.00;0.00;0.00
22.12.2020;23:07:52;3.35;43.03;11.11;758.18;0.00;0.00;0.00
22.12.2020;23:08:52;3.33;43.08;11.12;758.16;0.00;0.00;0.00
22.12.2020;23:09:52;3.33;43.16;11.11;758.16;0.00;0.00;0.00
22.12.2020;23:10:52;3.36;42.75;11.11;758.16;0.00;0.00;0.00
22.12.2020;23:11:52;3.33;42.90;11.12;758.16;0.00;0.00;0.00
22.12.2020;23:12:53;3.33;42.99;11.11;758.16;0.00;0.00;0.00
22.12.2020;23:13:53;3.35;43.08;11.11;758.15;0.00;0.00;0.00
22.12.2020;23:14:53;3.33;43.08;11.11;758.16;0.00;0.00;0.00
22.12.2020;23:15:53;3.33;43.05;11.13;758.18;0.00;0.00;0.00
22.12.2020;23:16:53;3.33;43.00;11.13;758.18;0.00;0.00;0.00
22.12.2020;23:17:53;3.33;43.08;11.13;758.18;0.00;0.00;0.00
22.12.2020;23:18:53;3.33;42.86;11.12;758.18;0.00;0.00;0.00
22.12.2020;23:19:53;3.33;42.94;11.12;758.17;0.00;0.00;0.00
22.12.2020;23:20:53;3.33;42.82;11.11;758.18;0.00;0.00;0.00
22.12.2020;23:21:53;3.35;43.06;11.10;758.17;0.00;0.00;0.00
22.12.2020;23:22:53;3.33;43.11;11.10;758.17;0.00;0.00;0.00
22.12.2020;23:23:53;3.33;43.12;11.09;758.17;0.00;0.00;0.00
22.12.2020;23:24:53;3.36;43.16;11.11;758.17;0.00;0.00;0.00
22.12.2020;23:25:53;3.33;43.01;11.11;758.17;0.00;0.00;0.00
22.12.2020;23:26:53;3.33;43.05;11.09;758.17;0.00;0.00;0.00
22.12.2020;23:27:53;3.35;42.96;11.10;758.17;0.00;0.00;0.00
22.12.2020;23:28:53;3.33;42.85;11.08;758.15;0.00;0.00;0.00
22.12.2020;23:29:53;3.33;43.09;11.09;758.17;0.00;0.00;0.00
22.12.2020;23:30:53;3.33;42.99;11.08;758.15;0.00;0.00;0.00
22.12.2020;23:31:53;3.33;43.01;11.07;758.15;0.00;0.00;0.00
22.12.2020;23:32:53;3.33;42.60;11.05;758.14;0.00;0.00;0.00
22.12.2020;23:33:53;3.33;43.12;11.05;758.12;0.00;0.00;0.00
22.12.2020;23:34:53;3.33;42.87;11.05;758.09;0.00;0.00;0.00
22.12.2020;23:35:53;3.35;42.91;11.05;758.08;0.00;0.00;0.00
22.12.2020;23:36:53;3.33;43.15;11.04;758.06;0.00;0.00;0.00
22.12.2020;23:37:53;3.33;43.01;11.05;758.05;0.00;0.00;0.00
22.12.2020;23:38:53;3.36;42.86;11.03;758.03;0.00;0.00;0.00
22.12.2020;23:39:53;3.33;42.70;11.01;758.00;0.00;0.00;0.00
22.12.2020;23:40:53;3.33;43.21;11.02;757.99;0.00;0.00;0.00
22.12.2020;23:41:53;3.35;43.07;11.03;758.00;0.00;0.00;0.00
22.12.2020;23:42:53;3.33;43.11;11.03;758.00;0.00;0.00;0.00
22.12.2020;23:43:53;3.33;42.99;11.03;757.99;0.00;0.00;0.00
22.12.2020;23:44:54;3.33;43.07;11.01;757.98;0.00;0.00;0.00
22.12.2020;23:45:54;3.33;43.29;11.01;757.95;0.00;0.00;0.00
22.12.2020;23:46:54;3.33;43.16;11.01;757.93;0.00;0.00;0.00
22.12.2020;23:47:54;3.33;43.12;11.02;757.89;0.00;0.00;0.00
22.12.2020;23:48:54;3.33;42.87;11.01;757.88;0.00;0.00;0.00
22.12.2020;23:49:54;3.35;43.09;11.02;757.87;0.00;0.00;0.00
22.12.2020;23:50:54;3.33;43.12;11.01;757.85;0.00;0.00;0.00
22.12.2020;23:51:54;3.33;43.20;11.01;757.81;0.00;0.00;0.00
22.12.2020;23:52:54;3.36;43.33;11.01;757.79;0.00;0.00;0.00
22.12.2020;23:53:54;3.33;43.25;11.02;757.76;0.00;0.00;0.00
22.12.2020;23:54:54;3.33;42.93;11.01;757.73;0.00;0.00;0.00
22.12.2020;23:55:54;3.35;43.01;11.01;757.72;0.00;0.00;0.00
22.12.2020;23:56:54;3.33;42.83;11.00;757.71;0.00;0.00;0.00
22.12.2020;23:57:54;3.33;43.29;10.99;757.70;0.00;0.00;0.00
22.12.2020;23:58:54;3.33;43.18;10.99;757.70;0.00;0.00;0.00
22.12.2020;23:59:54;3.33;43.16;11.00;757.70;0.00;0.00;0.00
