23.01.2021;0:00:44;2.51;36.67;10.49;746.56;0.00;0.00;0.00
23.01.2021;0:01:44;2.50;36.63;10.50;746.56;0.00;0.00;0.00
23.01.2021;0:02:45;2.50;36.61;10.50;746.57;0.00;0.00;0.00
23.01.2021;0:03:45;2.53;36.65;10.52;746.58;0.00;0.00;0.00
23.01.2021;0:04:45;2.50;36.56;10.51;746.57;0.00;0.00;0.00
23.01.2021;0:05:45;2.50;36.63;10.50;746.56;0.00;0.00;0.00
23.01.2021;0:06:45;2.51;36.63;10.48;746.55;0.00;0.00;0.00
23.01.2021;0:07:45;2.50;36.61;10.51;746.56;0.00;0.00;0.00
23.01.2021;0:08:45;2.50;36.60;10.49;746.57;0.00;0.00;0.00
23.01.2021;0:09:45;2.50;36.67;10.49;746.59;0.00;0.00;0.00
23.01.2021;0:10:45;2.50;36.70;10.49;746.61;0.00;0.00;0.00
23.01.2021;0:11:45;2.50;36.66;10.49;746.61;0.00;0.00;0.00
23.01.2021;0:12:45;2.50;36.67;10.49;746.59;0.00;0.00;0.00
23.01.2021;0:13:45;2.50;36.71;10.49;746.61;0.00;0.00;0.00
23.01.2021;0:14:45;2.51;36.64;10.49;746.63;0.00;0.00;0.00
23.01.2021;0:15:45;2.50;36.65;10.50;746.64;0.00;0.00;0.00
23.01.2021;0:16:45;2.50;36.66;10.49;746.65;0.00;0.00;0.00
23.01.2021;0:17:45;2.53;36.73;10.50;746.64;0.00;0.00;0.00
23.01.2021;0:18:45;2.50;36.66;10.52;746.65;0.00;0.00;0.00
23.01.2021;0:19:45;2.50;36.67;10.55;746.66;0.00;0.00;0.00
23.01.2021;0:20:45;2.51;36.57;10.57;746.67;0.00;0.00;0.00
23.01.2021;0:21:45;2.50;36.62;10.57;746.66;0.00;0.00;0.00
23.01.2021;0:22:45;2.50;36.60;10.55;746.63;0.00;0.00;0.00
23.01.2021;0:23:45;2.50;36.59;10.57;746.60;0.00;0.00;0.00
23.01.2021;0:24:45;2.50;36.54;10.57;746.57;0.00;0.00;0.00
23.01.2021;0:25:45;2.50;36.60;10.59;746.56;0.00;0.00;0.00
23.01.2021;0:26:45;2.50;36.55;10.59;746.58;0.00;0.00;0.00
23.01.2021;0:27:45;2.50;36.54;10.60;746.60;0.00;0.00;0.00
23.01.2021;0:28:45;2.51;36.55;10.59;746.62;0.00;0.00;0.00
23.01.2021;0:29:45;2.50;36.54;10.60;746.66;0.00;0.00;0.00
23.01.2021;0:30:45;2.50;36.54;10.60;746.67;0.00;0.00;0.00
23.01.2021;0:31:45;2.53;36.50;10.58;746.68;0.00;0.00;0.00
23.01.2021;0:32:45;2.50;36.51;10.57;746.69;0.00;0.00;0.00
23.01.2021;0:33:45;2.50;36.57;10.55;746.66;0.00;0.00;0.00
23.01.2021;0:34:46;2.51;36.60;10.56;746.63;0.00;0.00;0.00
23.01.2021;0:35:46;2.50;36.58;10.56;746.61;0.00;0.00;0.00
23.01.2021;0:36:46;2.50;36.55;10.55;746.59;0.00;0.00;0.00
23.01.2021;0:37:46;2.50;36.64;10.54;746.59;0.00;0.00;0.00
23.01.2021;0:38:46;2.50;36.64;10.55;746.60;0.00;0.00;0.00
23.01.2021;0:39:46;2.50;36.67;10.55;746.63;0.00;0.00;0.00
23.01.2021;0:40:46;2.50;36.63;10.53;746.67;0.00;0.00;0.00
23.01.2021;0:41:46;2.50;36.66;10.51;746.71;0.00;0.00;0.00
23.01.2021;0:42:46;2.51;36.70;10.51;746.74;0.00;0.00;0.00
23.01.2021;0:43:46;2.50;36.77;10.49;746.75;0.00;0.00;0.00
23.01.2021;0:44:46;2.50;36.76;10.51;746.77;0.00;0.00;0.00
23.01.2021;0:45:46;2.53;36.84;10.51;746.79;0.00;0.00;0.00
23.01.2021;0:46:46;2.50;36.79;10.52;746.80;0.00;0.00;0.00
23.01.2021;0:47:46;2.50;36.70;10.55;746.80;0.00;0.00;0.00
23.01.2021;0:48:46;2.51;36.67;10.55;746.78;0.00;0.00;0.00
23.01.2021;0:49:46;2.50;36.68;10.53;746.77;0.00;0.00;0.00
23.01.2021;0:50:46;2.50;36.70;10.52;746.77;0.00;0.00;0.00
23.01.2021;0:51:46;2.50;36.75;10.51;746.80;0.00;0.00;0.00
23.01.2021;0:52:46;2.50;36.74;10.52;746.81;0.00;0.00;0.00
23.01.2021;0:53:46;2.50;36.80;10.52;746.82;0.00;0.00;0.00
23.01.2021;0:54:46;2.50;36.83;10.52;746.81;0.00;0.00;0.00
23.01.2021;0:55:46;2.50;36.79;10.54;746.80;0.00;0.00;0.00
23.01.2021;0:56:46;2.51;36.76;10.53;746.78;0.00;0.00;0.00
23.01.2021;0:57:46;2.50;36.76;10.53;746.78;0.00;0.00;0.00
23.01.2021;0:58:46;2.50;36.75;10.51;746.80;0.00;0.00;0.00
23.01.2021;0:59:46;2.53;36.79;10.52;746.80;0.00;0.00;0.00
23.01.2021;1:00:46;2.50;36.74;10.52;746.79;0.00;0.00;0.00
23.01.2021;1:01:46;2.50;36.76;10.53;746.80;0.00;0.00;0.00
23.01.2021;1:02:46;2.51;36.84;10.52;746.79;0.00;0.00;0.00
23.01.2021;1:03:46;2.50;36.82;10.52;746.76;0.00;0.00;0.00
23.01.2021;1:04:46;2.50;36.78;10.53;746.74;0.00;0.00;0.00
23.01.2021;1:05:46;2.50;36.89;10.54;746.72;0.00;0.00;0.00
23.01.2021;1:06:46;2.50;36.79;10.54;746.71;0.00;0.00;0.00
23.01.2021;1:07:47;2.50;36.75;10.54;746.69;0.00;0.00;0.00
23.01.2021;1:08:47;2.50;36.79;10.56;746.68;0.00;0.00;0.00
23.01.2021;1:09:47;2.50;36.76;10.56;746.68;0.00;0.00;0.00
23.01.2021;1:10:47;2.51;36.67;10.57;746.69;0.00;0.00;0.00
23.01.2021;1:11:47;2.50;36.69;10.55;746.68;0.00;0.00;0.00
23.01.2021;1:12:47;2.50;36.73;10.53;746.67;0.00;0.00;0.00
23.01.2021;1:13:47;2.53;36.75;10.53;746.65;0.00;0.00;0.00
23.01.2021;1:14:47;2.50;36.78;10.53;746.64;0.00;0.00;0.00
23.01.2021;1:15:47;2.50;36.76;10.52;746.64;0.00;0.00;0.00
23.01.2021;1:16:47;2.51;36.77;10.51;746.61;0.00;0.00;0.00
23.01.2021;1:17:47;2.50;36.81;10.49;746.59;0.00;0.00;0.00
23.01.2021;1:18:47;2.50;36.87;10.50;746.60;0.00;0.00;0.00
23.01.2021;1:19:47;2.50;36.79;10.49;746.60;0.00;0.00;0.00
23.01.2021;1:20:47;2.50;36.89;10.50;746.61;0.00;0.00;0.00
23.01.2021;1:21:47;2.50;36.82;10.48;746.65;0.00;0.00;0.00
23.01.2021;1:22:47;2.50;36.86;10.49;746.66;0.00;0.00;0.00
23.01.2021;1:23:47;2.50;36.87;10.49;746.69;0.00;0.00;0.00
23.01.2021;1:24:47;2.51;36.83;10.50;746.68;0.00;0.00;0.00
23.01.2021;1:25:47;2.50;36.90;10.49;746.66;0.00;0.00;0.00
23.01.2021;1:26:47;2.50;36.88;10.50;746.66;0.00;0.00;0.00
23.01.2021;1:27:47;2.53;36.87;10.50;746.64;0.00;0.00;0.00
23.01.2021;1:28:47;2.50;36.82;10.47;746.62;0.00;0.00;0.00
23.01.2021;1:29:47;2.50;36.90;10.46;746.63;0.00;0.00;0.00
23.01.2021;1:30:47;2.51;36.99;10.47;746.63;0.00;0.00;0.00
23.01.2021;1:31:47;2.50;36.93;10.47;746.62;0.00;0.00;0.00
23.01.2021;1:32:47;2.50;36.91;10.48;746.62;0.00;0.00;0.00
23.01.2021;1:33:47;2.50;36.94;10.48;746.64;0.00;0.00;0.00
23.01.2021;1:34:47;2.50;36.91;10.49;746.62;0.00;0.00;0.00
23.01.2021;1:35:47;2.50;36.83;10.47;746.61;0.00;0.00;0.00
23.01.2021;1:36:47;2.50;36.94;10.48;746.59;0.00;0.00;0.00
23.01.2021;1:37:47;2.50;36.95;10.50;746.58;0.00;0.00;0.00
23.01.2021;1:38:47;2.51;36.90;10.50;746.58;0.00;0.00;0.00
23.01.2021;1:39:47;2.50;36.88;10.50;746.61;0.00;0.00;0.00
23.01.2021;1:40:48;2.50;36.87;10.50;746.62;0.00;0.00;0.00
23.01.2021;1:41:48;2.53;36.90;10.48;746.63;0.00;0.00;0.00
23.01.2021;1:42:48;2.50;36.92;10.48;746.67;0.00;0.00;0.00
23.01.2021;1:43:48;2.50;36.94;10.49;746.68;0.00;0.00;0.00
23.01.2021;1:44:48;2.51;36.94;10.48;746.65;0.00;0.00;0.00
23.01.2021;1:45:48;2.50;36.98;10.50;746.63;0.00;0.00;0.00
23.01.2021;1:46:48;2.50;36.86;10.48;746.61;0.00;0.00;0.00
23.01.2021;1:47:48;2.50;36.96;10.47;746.61;0.00;0.00;0.00
23.01.2021;1:48:48;2.50;36.92;10.49;746.60;0.00;0.00;0.00
23.01.2021;1:49:48;2.50;36.99;10.48;746.59;0.00;0.00;0.00
23.01.2021;1:50:48;2.50;36.96;10.47;746.58;0.00;0.00;0.00
23.01.2021;1:51:48;2.50;36.99;10.46;746.60;0.00;0.00;0.00
23.01.2021;1:52:48;2.51;36.98;10.46;746.62;0.00;0.00;0.00
23.01.2021;1:53:48;2.50;37.05;10.47;746.63;0.00;0.00;0.00
23.01.2021;1:54:48;2.50;37.04;10.49;746.63;0.00;0.00;0.00
23.01.2021;1:55:48;2.53;36.98;10.50;746.66;0.00;0.00;0.00
23.01.2021;1:56:48;2.50;37.00;10.51;746.66;0.00;0.00;0.00
23.01.2021;1:57:48;2.50;36.99;10.50;746.63;0.00;0.00;0.00
23.01.2021;1:58:48;2.51;36.97;10.50;746.62;0.00;0.00;0.00
23.01.2021;1:59:48;2.50;36.93;10.49;746.62;0.00;0.00;0.00
23.01.2021;2:00:48;2.50;36.95;10.48;746.62;0.00;0.00;0.00
23.01.2021;2:01:48;2.50;37.01;10.46;746.62;0.00;0.00;0.00
23.01.2021;2:02:48;2.50;37.02;10.47;746.61;0.00;0.00;0.00
23.01.2021;2:03:48;2.50;37.06;10.48;746.60;0.00;0.00;0.00
23.01.2021;2:04:48;2.50;37.07;10.46;746.60;0.00;0.00;0.00
23.01.2021;2:05:48;2.50;37.04;10.49;746.59;0.00;0.00;0.00
23.01.2021;2:06:48;2.51;37.02;10.46;746.58;0.00;0.00;0.00
23.01.2021;2:07:48;2.50;37.01;10.46;746.60;0.00;0.00;0.00
23.01.2021;2:08:48;2.50;37.12;10.45;746.59;0.00;0.00;0.00
23.01.2021;2:09:48;2.53;37.12;10.45;746.59;0.00;0.00;0.00
23.01.2021;2:10:48;2.50;37.07;10.44;746.59;0.00;0.00;0.00
23.01.2021;2:11:48;2.50;37.11;10.42;746.60;0.00;0.00;0.00
23.01.2021;2:12:49;2.51;37.15;10.42;746.62;0.00;0.00;0.00
23.01.2021;2:13:49;2.50;37.20;10.44;746.64;0.00;0.00;0.00
23.01.2021;2:14:49;2.50;37.16;10.44;746.66;0.00;0.00;0.00
23.01.2021;2:15:49;2.50;37.21;10.47;746.68;0.00;0.00;0.00
23.01.2021;2:16:49;2.50;37.13;10.48;746.69;0.00;0.00;0.00
23.01.2021;2:17:49;2.50;37.11;10.49;746.70;0.00;0.00;0.00
23.01.2021;2:18:49;2.50;37.10;10.47;746.70;0.00;0.00;0.00
23.01.2021;2:19:49;2.50;37.21;10.46;746.69;0.00;0.00;0.00
23.01.2021;2:20:49;2.51;37.21;10.47;746.68;0.00;0.00;0.00
23.01.2021;2:21:49;2.50;37.13;10.46;746.68;0.00;0.00;0.00
23.01.2021;2:22:49;2.50;37.18;10.46;746.68;0.00;0.00;0.00
23.01.2021;2:23:49;2.53;37.17;10.46;746.68;0.00;0.00;0.00
23.01.2021;2:24:49;2.50;37.18;10.48;746.69;0.00;0.00;0.00
23.01.2021;2:25:49;2.50;37.14;10.49;746.70;0.00;0.00;0.00
23.01.2021;2:26:49;2.51;37.11;10.48;746.71;0.00;0.00;0.00
23.01.2021;2:27:49;2.50;37.16;10.46;746.73;0.00;0.00;0.00
23.01.2021;2:28:49;2.50;37.19;10.47;746.75;0.00;0.00;0.00
23.01.2021;2:29:49;2.50;37.18;10.46;746.73;0.00;0.00;0.00
23.01.2021;2:30:49;2.50;37.21;10.46;746.73;0.00;0.00;0.00
23.01.2021;2:31:49;2.50;37.22;10.49;746.73;0.00;0.00;0.00
23.01.2021;2:32:49;2.50;37.18;10.48;746.73;0.00;0.00;0.00
23.01.2021;2:33:49;2.50;37.12;10.49;746.73;0.00;0.00;0.00
23.01.2021;2:34:49;2.51;37.17;10.49;746.73;0.00;0.00;0.00
23.01.2021;2:35:49;2.50;37.12;10.48;746.71;0.00;0.00;0.00
23.01.2021;2:36:49;2.50;37.18;10.45;746.69;0.00;0.00;0.00
23.01.2021;2:37:49;2.53;37.24;10.45;746.66;0.00;0.00;0.00
23.01.2021;2:38:49;2.50;37.20;10.47;746.66;0.00;0.00;0.00
23.01.2021;2:39:49;2.50;37.17;10.44;746.65;0.00;0.00;0.00
23.01.2021;2:40:50;2.51;37.23;10.43;746.63;0.00;0.00;0.00
23.01.2021;2:41:49;2.50;37.26;10.41;746.65;0.00;0.00;0.00
23.01.2021;2:42:49;2.50;37.32;10.41;746.65;0.00;0.00;0.00
23.01.2021;2:43:49;2.50;37.36;10.42;746.65;0.00;0.00;0.00
23.01.2021;2:44:49;2.50;37.30;10.42;746.66;0.00;0.00;0.00
23.01.2021;2:45:50;2.50;37.25;10.43;746.65;0.00;0.00;0.00
23.01.2021;2:46:50;2.50;37.34;10.43;746.63;0.00;0.00;0.00
23.01.2021;2:47:50;2.50;37.34;10.43;746.61;0.00;0.00;0.00
23.01.2021;2:48:50;2.51;37.35;10.44;746.57;0.00;0.00;0.00
23.01.2021;2:49:50;2.50;37.31;10.44;746.56;0.00;0.00;0.00
23.01.2021;2:50:50;2.50;37.34;10.43;746.55;0.00;0.00;0.00
23.01.2021;2:51:50;2.53;37.31;10.44;746.54;0.00;0.00;0.00
23.01.2021;2:52:50;2.50;37.33;10.46;746.54;0.00;0.00;0.00
23.01.2021;2:53:50;2.50;37.29;10.46;746.55;0.00;0.00;0.00
23.01.2021;2:54:50;2.51;37.34;10.48;746.55;0.00;0.00;0.00
23.01.2021;2:55:50;2.50;37.33;10.48;746.54;0.00;0.00;0.00
23.01.2021;2:56:50;2.50;37.21;10.47;746.54;0.00;0.00;0.00
23.01.2021;2:57:50;2.50;37.29;10.46;746.53;0.00;0.00;0.00
23.01.2021;2:58:50;2.50;37.22;10.43;746.53;0.00;0.00;0.00
23.01.2021;2:59:50;2.50;37.27;10.45;746.52;0.00;0.00;0.00
23.01.2021;3:00:50;2.50;37.33;10.46;746.51;0.00;0.00;0.00
23.01.2021;3:01:50;2.50;37.34;10.44;746.48;0.00;0.00;0.00
23.01.2021;3:02:50;2.51;37.31;10.43;746.46;0.00;0.00;0.00
23.01.2021;3:03:50;2.50;37.30;10.42;746.46;0.00;0.00;0.00
23.01.2021;3:04:50;2.50;37.36;10.41;746.45;0.00;0.00;0.00
23.01.2021;3:05:50;2.53;37.40;10.41;746.45;0.00;0.00;0.00
23.01.2021;3:06:50;2.50;37.37;10.39;746.43;0.00;0.00;0.00
23.01.2021;3:07:50;2.50;37.38;10.39;746.42;0.00;0.00;0.00
23.01.2021;3:08:50;2.51;37.42;10.38;746.41;0.00;0.00;0.00
23.01.2021;3:09:50;2.50;37.46;10.35;746.42;0.00;0.00;0.00
23.01.2021;3:10:50;2.50;37.54;10.35;746.44;0.00;0.00;0.00
23.01.2021;3:11:50;2.50;37.48;10.34;746.47;0.00;0.00;0.00
23.01.2021;3:12:50;2.50;37.50;10.36;746.49;0.00;0.00;0.00
23.01.2021;3:13:50;2.50;37.48;10.35;746.48;0.00;0.00;0.00
23.01.2021;3:14:50;2.50;37.53;10.34;746.47;0.00;0.00;0.00
23.01.2021;3:15:50;2.50;37.59;10.36;746.46;0.00;0.00;0.00
23.01.2021;3:16:50;2.51;37.56;10.36;746.47;0.00;0.00;0.00
23.01.2021;3:17:51;2.50;37.47;10.35;746.49;0.00;0.00;0.00
23.01.2021;3:18:51;2.50;37.53;10.34;746.53;0.00;0.00;0.00
23.01.2021;3:19:51;2.53;37.58;10.34;746.57;0.00;0.00;0.00
23.01.2021;3:20:51;2.50;37.56;10.31;746.60;0.00;0.00;0.00
23.01.2021;3:21:51;2.50;37.59;10.29;746.60;0.00;0.00;0.00
23.01.2021;3:22:51;2.51;37.62;10.29;746.60;0.00;0.00;0.00
23.01.2021;3:23:51;2.50;37.62;10.29;746.57;0.00;0.00;0.00
23.01.2021;3:24:51;2.50;37.72;10.28;746.58;0.00;0.00;0.00
23.01.2021;3:25:51;2.50;37.74;10.28;746.58;0.00;0.00;0.00
23.01.2021;3:26:51;2.50;37.71;10.28;746.59;0.00;0.00;0.00
23.01.2021;3:27:51;2.50;37.67;10.29;746.60;0.00;0.00;0.00
23.01.2021;3:28:51;2.50;37.65;10.28;746.64;0.00;0.00;0.00
23.01.2021;3:29:51;2.50;37.72;10.27;746.67;0.00;0.00;0.00
23.01.2021;3:30:51;2.51;37.74;10.26;746.68;0.00;0.00;0.00
23.01.2021;3:31:51;2.50;37.75;10.27;746.68;0.00;0.00;0.00
23.01.2021;3:32:51;2.50;37.71;10.28;746.67;0.00;0.00;0.00
23.01.2021;3:33:51;2.53;37.77;10.26;746.65;0.00;0.00;0.00
23.01.2021;3:34:51;2.50;37.84;10.26;746.64;0.00;0.00;0.00
23.01.2021;3:35:51;2.50;37.76;10.27;746.61;0.00;0.00;0.00
23.01.2021;3:36:51;2.51;37.79;10.27;746.59;0.00;0.00;0.00
23.01.2021;3:37:51;2.50;37.79;10.27;746.58;0.00;0.00;0.00
23.01.2021;3:38:51;2.50;37.79;10.27;746.57;0.00;0.00;0.00
23.01.2021;3:39:51;2.50;37.79;10.29;746.59;0.00;0.00;0.00
23.01.2021;3:40:51;2.50;37.78;10.31;746.59;0.00;0.00;0.00
23.01.2021;3:41:51;2.50;37.71;10.30;746.60;0.00;0.00;0.00
23.01.2021;3:42:51;2.50;37.77;10.31;746.58;0.00;0.00;0.00
23.01.2021;3:43:51;2.50;37.73;10.31;746.57;0.00;0.00;0.00
23.01.2021;3:44:51;2.51;37.73;10.31;746.56;0.00;0.00;0.00
23.01.2021;3:45:51;2.50;37.77;10.29;746.55;0.00;0.00;0.00
23.01.2021;3:46:51;2.50;37.80;10.30;746.53;0.00;0.00;0.00
23.01.2021;3:47:51;2.53;37.77;10.31;746.53;0.00;0.00;0.00
23.01.2021;3:48:51;2.50;37.70;10.29;746.54;0.00;0.00;0.00
23.01.2021;3:49:52;2.50;37.76;10.27;746.53;0.00;0.00;0.00
23.01.2021;3:50:52;2.51;37.80;10.28;746.51;0.00;0.00;0.00
23.01.2021;3:51:52;2.50;37.80;10.27;746.49;0.00;0.00;0.00
23.01.2021;3:52:52;2.50;37.88;10.31;746.48;0.00;0.00;0.00
23.01.2021;3:53:52;2.50;37.75;10.34;746.46;0.00;0.00;0.00
23.01.2021;3:54:52;2.50;37.74;10.34;746.46;0.00;0.00;0.00
23.01.2021;3:55:52;2.50;37.71;10.34;746.47;0.00;0.00;0.00
23.01.2021;3:56:52;2.50;37.74;10.34;746.49;0.00;0.00;0.00
23.01.2021;3:57:52;2.50;37.71;10.33;746.49;0.00;0.00;0.00
23.01.2021;3:58:52;2.51;37.68;10.34;746.51;0.00;0.00;0.00
23.01.2021;3:59:52;2.50;37.68;10.34;746.54;0.00;0.00;0.00
23.01.2021;4:00:52;2.50;37.69;10.32;746.56;0.00;0.00;0.00
23.01.2021;4:01:52;2.53;37.74;10.31;746.58;0.00;0.00;0.00
23.01.2021;4:02:52;2.50;37.77;10.34;746.58;0.00;0.00;0.00
23.01.2021;4:03:52;2.50;37.67;10.35;746.55;0.00;0.00;0.00
23.01.2021;4:04:52;2.51;37.69;10.35;746.54;0.00;0.00;0.00
23.01.2021;4:05:52;2.50;37.68;10.36;746.53;0.00;0.00;0.00
23.01.2021;4:06:52;2.50;37.62;10.35;746.51;0.00;0.00;0.00
23.01.2021;4:07:52;2.50;37.75;10.35;746.49;0.00;0.00;0.00
23.01.2021;4:08:52;2.50;37.74;10.37;746.50;0.00;0.00;0.00
23.01.2021;4:09:52;2.50;37.69;10.39;746.52;0.00;0.00;0.00
23.01.2021;4:10:52;2.50;37.62;10.40;746.54;0.00;0.00;0.00
23.01.2021;4:11:52;2.50;37.57;10.40;746.54;0.00;0.00;0.00
23.01.2021;4:12:52;2.51;37.64;10.40;746.52;0.00;0.00;0.00
23.01.2021;4:13:52;2.50;37.66;10.40;746.51;0.00;0.00;0.00
23.01.2021;4:14:52;2.50;37.65;10.40;746.52;0.00;0.00;0.00
23.01.2021;4:15:52;2.53;37.66;10.44;746.54;0.00;0.00;0.00
23.01.2021;4:16:52;2.50;37.55;10.46;746.54;0.00;0.00;0.00
23.01.2021;4:17:52;2.50;37.53;10.48;746.54;0.00;0.00;0.00
23.01.2021;4:18:52;2.51;37.49;10.46;746.52;0.00;0.00;0.00
23.01.2021;4:19:52;2.50;37.45;10.45;746.52;0.00;0.00;0.00
23.01.2021;4:20:52;2.50;37.51;10.44;746.53;0.00;0.00;0.00
23.01.2021;4:21:52;2.50;37.57;10.47;746.53;0.00;0.00;0.00
23.01.2021;4:22:52;2.50;37.54;10.49;746.52;0.00;0.00;0.00
23.01.2021;4:23:53;2.50;37.44;10.49;746.50;0.00;0.00;0.00
23.01.2021;4:24:53;2.50;37.47;10.50;746.50;0.00;0.00;0.00
23.01.2021;4:25:53;2.50;37.44;10.52;746.50;0.00;0.00;0.00
23.01.2021;4:26:53;2.51;37.38;10.51;746.53;0.00;0.00;0.00
23.01.2021;4:27:53;2.50;37.45;10.52;746.53;0.00;0.00;0.00
23.01.2021;4:28:53;2.50;37.36;10.54;746.53;0.00;0.00;0.00
23.01.2021;4:29:53;2.53;37.40;10.55;746.51;0.00;0.00;0.00
23.01.2021;4:30:53;2.50;37.38;10.54;746.50;0.00;0.00;0.00
23.01.2021;4:31:53;2.50;37.37;10.54;746.49;0.00;0.00;0.00
23.01.2021;4:32:53;2.51;37.36;10.55;746.50;0.00;0.00;0.00
23.01.2021;4:33:53;2.50;37.38;10.54;746.50;0.00;0.00;0.00
23.01.2021;4:34:53;2.50;37.34;10.56;746.50;0.00;0.00;0.00
23.01.2021;4:35:53;2.50;37.27;10.56;746.50;0.00;0.00;0.00
23.01.2021;4:36:53;2.50;37.27;10.56;746.49;0.00;0.00;0.00
23.01.2021;4:37:53;2.50;37.37;10.56;746.52;0.00;0.00;0.00
23.01.2021;4:38:53;2.50;37.42;10.57;746.51;0.00;0.00;0.00
23.01.2021;4:39:53;2.50;37.27;10.58;746.49;0.00;0.00;0.00
23.01.2021;4:40:53;2.51;37.28;10.59;746.47;0.00;0.00;0.00
23.01.2021;4:41:53;2.50;37.31;10.58;746.50;0.00;0.00;0.00
23.01.2021;4:42:53;2.50;37.26;10.57;746.53;0.00;0.00;0.00
23.01.2021;4:43:53;2.53;37.31;10.57;746.56;0.00;0.00;0.00
23.01.2021;4:44:53;2.50;37.30;10.55;746.58;0.00;0.00;0.00
23.01.2021;4:45:53;2.50;37.33;10.55;746.59;0.00;0.00;0.00
23.01.2021;4:46:53;2.51;37.30;10.55;746.59;0.00;0.00;0.00
23.01.2021;4:47:53;2.50;37.30;10.56;746.59;0.00;0.00;0.00
23.01.2021;4:48:53;2.50;37.34;10.56;746.60;0.00;0.00;0.00
23.01.2021;4:49:53;2.50;37.39;10.56;746.61;0.00;0.00;0.00
23.01.2021;4:50:53;2.50;37.33;10.56;746.60;0.00;0.00;0.00
23.01.2021;4:51:53;2.50;37.34;10.56;746.61;0.00;0.00;0.00
23.01.2021;4:52:53;2.50;37.40;10.54;746.62;0.00;0.00;0.00
23.01.2021;4:53:53;2.50;37.41;10.54;746.64;0.00;0.00;0.00
23.01.2021;4:54:53;2.51;37.38;10.53;746.65;0.00;0.00;0.00
23.01.2021;4:55:54;2.50;37.45;10.53;746.65;0.00;0.00;0.00
23.01.2021;4:56:54;2.50;37.46;10.56;746.66;0.00;0.00;0.00
23.01.2021;4:57:54;2.53;37.41;10.55;746.66;0.00;0.00;0.00
23.01.2021;4:58:54;2.50;37.44;10.54;746.66;0.00;0.00;0.00
23.01.2021;4:59:54;2.50;37.39;10.53;746.65;0.00;0.00;0.00
23.01.2021;5:00:54;2.51;37.44;10.53;746.64;0.00;0.00;0.00
23.01.2021;5:01:54;2.50;37.42;10.52;746.63;0.00;0.00;0.00
23.01.2021;5:02:54;2.50;37.39;10.52;746.65;0.00;0.00;0.00
23.01.2021;5:03:54;2.50;37.42;10.49;746.66;0.00;0.00;0.00
23.01.2021;5:04:54;2.50;37.52;10.49;746.65;0.00;0.00;0.00
23.01.2021;5:05:54;2.50;37.60;10.50;746.66;0.00;0.00;0.00
23.01.2021;5:06:54;2.50;37.57;10.49;746.70;0.00;0.00;0.00
23.01.2021;5:07:54;2.50;37.54;10.48;746.74;0.00;0.00;0.00
23.01.2021;5:08:54;2.51;37.58;10.48;746.72;0.00;0.00;0.00
23.01.2021;5:09:54;2.50;37.54;10.47;746.69;0.00;0.00;0.00
23.01.2021;5:10:54;2.50;37.58;10.45;746.70;0.00;0.00;0.00
23.01.2021;5:11:54;2.53;37.58;10.45;746.70;0.00;0.00;0.00
23.01.2021;5:12:54;2.50;37.59;10.46;746.68;0.00;0.00;0.00
23.01.2021;5:13:54;2.50;37.62;10.44;746.69;0.00;0.00;0.00
23.01.2021;5:14:54;2.51;37.73;10.44;746.70;0.00;0.00;0.00
23.01.2021;5:15:54;2.50;37.68;10.45;746.74;0.00;0.00;0.00
23.01.2021;5:16:54;2.50;37.68;10.44;746.75;0.00;0.00;0.00
23.01.2021;5:17:54;2.50;37.70;10.41;746.76;0.00;0.00;0.00
23.01.2021;5:18:54;2.50;37.79;10.40;746.74;0.00;0.00;0.00
23.01.2021;5:19:54;2.50;37.77;10.40;746.70;0.00;0.00;0.00
23.01.2021;5:20:54;2.50;37.72;10.40;746.65;0.00;0.00;0.00
23.01.2021;5:21:54;2.50;37.79;10.41;746.65;0.00;0.00;0.00
23.01.2021;5:22:54;2.51;37.78;10.40;746.65;0.00;0.00;0.00
23.01.2021;5:23:54;2.50;37.80;10.39;746.64;0.00;0.00;0.00
23.01.2021;5:24:54;2.50;37.86;10.39;746.64;0.00;0.00;0.00
23.01.2021;5:25:54;2.53;37.83;10.39;746.65;0.00;0.00;0.00
23.01.2021;5:26:54;2.50;37.90;10.40;746.66;0.00;0.00;0.00
23.01.2021;5:27:54;2.50;37.85;10.40;746.66;0.00;0.00;0.00
23.01.2021;5:28:55;2.51;37.81;10.41;746.67;0.00;0.00;0.00
23.01.2021;5:29:55;2.50;37.86;10.40;746.64;0.00;0.00;0.00
23.01.2021;5:30:55;2.50;37.85;10.40;746.63;0.00;0.00;0.00
23.01.2021;5:31:55;2.50;37.83;10.39;746.62;0.00;0.00;0.00
23.01.2021;5:32:55;2.50;37.88;10.42;746.63;0.00;0.00;0.00
23.01.2021;5:33:55;2.50;37.83;10.42;746.63;0.00;0.00;0.00
23.01.2021;5:34:55;2.50;37.76;10.41;746.62;0.00;0.00;0.00
23.01.2021;5:35:55;2.50;37.84;10.39;746.62;0.00;0.00;0.00
23.01.2021;5:36:55;2.51;37.91;10.40;746.62;0.00;0.00;0.00
23.01.2021;5:37:55;2.50;37.89;10.41;746.61;0.00;0.00;0.00
23.01.2021;5:38:55;2.50;37.79;10.43;746.59;0.00;0.00;0.00
23.01.2021;5:39:55;2.53;37.75;10.42;746.60;0.00;0.00;0.00
23.01.2021;5:40:55;2.50;37.78;10.42;746.63;0.00;0.00;0.00
23.01.2021;5:41:55;2.50;37.80;10.43;746.64;0.00;0.00;0.00
23.01.2021;5:42:55;2.51;37.82;10.43;746.64;0.00;0.00;0.00
23.01.2021;5:43:55;2.50;37.84;10.42;746.64;0.00;0.00;0.00
23.01.2021;5:44:55;2.50;37.84;10.41;746.63;0.00;0.00;0.00
23.01.2021;5:45:55;2.50;37.86;10.40;746.61;0.00;0.00;0.00
23.01.2021;5:46:55;2.50;37.83;10.39;746.64;0.00;0.00;0.00
23.01.2021;5:47:55;2.50;37.85;10.38;746.67;0.00;0.00;0.00
23.01.2021;5:48:55;2.50;37.90;10.40;746.66;0.00;0.00;0.00
23.01.2021;5:49:55;2.50;37.90;10.40;746.64;0.00;0.00;0.00
23.01.2021;5:50:55;2.51;37.86;10.40;746.62;0.00;0.00;0.00
23.01.2021;5:51:55;2.50;37.89;10.39;746.60;0.00;0.00;0.00
23.01.2021;5:52:55;2.50;37.89;10.37;746.61;0.00;0.00;0.00
23.01.2021;5:53:55;2.53;37.96;10.36;746.63;0.00;0.00;0.00
23.01.2021;5:54:55;2.50;37.98;10.37;746.63;0.00;0.00;0.00
23.01.2021;5:55:55;2.50;37.92;10.38;746.61;0.00;0.00;0.00
23.01.2021;5:56:55;2.51;37.89;10.39;746.59;0.00;0.00;0.00
23.01.2021;5:57:55;2.50;37.89;10.36;746.60;0.00;0.00;0.00
23.01.2021;5:58:55;2.50;37.96;10.36;746.61;0.00;0.00;0.00
23.01.2021;5:59:55;2.50;38.01;10.35;746.59;0.00;0.00;0.00
23.01.2021;6:00:55;2.50;38.03;10.37;746.59;0.00;0.00;0.00
23.01.2021;6:01:56;2.50;38.00;10.36;746.60;0.00;0.00;0.00
23.01.2021;6:02:56;2.50;37.99;10.37;746.62;0.00;0.00;0.00
23.01.2021;6:03:56;2.50;37.94;10.34;746.64;0.00;0.00;0.00
23.01.2021;6:04:56;2.51;38.06;10.32;746.64;0.00;0.00;0.00
23.01.2021;6:05:56;2.50;38.08;10.32;746.64;0.00;0.00;0.00
23.01.2021;6:06:56;2.50;38.04;10.31;746.63;0.00;0.00;0.00
23.01.2021;6:07:56;2.53;38.11;10.32;746.63;0.00;0.00;0.00
23.01.2021;6:08:56;2.50;38.10;10.32;746.64;0.00;0.00;0.00
23.01.2021;6:09:56;2.50;38.11;10.33;746.64;0.00;0.00;0.00
23.01.2021;6:10:56;2.51;38.05;10.33;746.65;0.00;0.00;0.00
23.01.2021;6:11:56;2.50;38.07;10.30;746.67;0.00;0.00;0.00
23.01.2021;6:12:56;2.50;38.12;10.29;746.66;0.00;0.00;0.00
23.01.2021;6:13:56;2.50;38.16;10.29;746.65;0.00;0.00;0.00
23.01.2021;6:14:56;2.50;38.13;10.29;746.64;0.00;0.00;0.00
23.01.2021;6:15:56;2.50;38.15;10.30;746.66;0.00;0.00;0.00
23.01.2021;6:16:56;2.50;38.14;10.30;746.70;0.00;0.00;0.00
23.01.2021;6:17:56;2.50;38.19;10.29;746.70;0.00;0.00;0.00
23.01.2021;6:18:56;2.51;38.17;10.26;746.69;0.00;0.00;0.00
23.01.2021;6:19:56;2.50;38.24;10.27;746.70;0.00;0.00;0.00
23.01.2021;6:20:56;2.50;38.28;10.27;746.70;0.00;0.00;0.00
23.01.2021;6:21:56;2.53;38.23;10.26;746.69;0.00;0.00;0.00
23.01.2021;6:22:56;2.50;38.28;10.25;746.69;0.00;0.00;0.00
23.01.2021;6:23:56;2.50;38.25;10.25;746.67;0.00;0.00;0.00
23.01.2021;6:24:56;2.51;38.28;10.26;746.66;0.00;0.00;0.00
23.01.2021;6:25:56;2.50;38.29;10.27;746.65;0.00;0.00;0.00
23.01.2021;6:26:56;2.50;38.19;10.26;746.65;0.00;0.00;0.00
23.01.2021;6:27:56;2.50;38.26;10.27;746.66;0.00;0.00;0.00
23.01.2021;6:28:56;2.50;38.26;10.28;746.68;0.00;0.00;0.00
23.01.2021;6:29:56;2.50;38.26;10.27;746.68;0.00;0.00;0.00
23.01.2021;6:30:56;2.50;38.27;10.27;746.68;0.00;0.00;0.00
23.01.2021;6:31:56;2.50;38.26;10.25;746.67;0.00;0.00;0.00
23.01.2021;6:32:56;2.51;38.29;10.25;746.70;0.00;0.00;0.00
23.01.2021;6:33:57;2.50;38.30;10.25;746.70;0.00;0.00;0.00
23.01.2021;6:34:57;2.50;38.36;10.27;746.68;0.00;0.00;0.00
23.01.2021;6:35:57;2.53;38.29;10.29;746.66;0.00;0.00;0.00
23.01.2021;6:36:57;2.50;38.26;10.30;746.64;0.00;0.00;0.00
23.01.2021;6:37:57;2.50;38.19;10.30;746.64;0.00;0.00;0.00
23.01.2021;6:38:57;2.51;38.23;10.28;746.64;0.00;0.00;0.00
23.01.2021;6:39:57;2.50;38.24;10.29;746.64;0.00;0.00;0.00
23.01.2021;6:40:57;2.50;38.30;10.30;746.63;0.00;0.00;0.00
23.01.2021;6:41:57;2.50;38.20;10.30;746.62;0.00;0.00;0.00
23.01.2021;6:42:57;2.50;38.22;10.29;746.61;0.00;0.00;0.00
23.01.2021;6:43:57;2.50;38.27;10.29;746.61;0.00;0.00;0.00
23.01.2021;6:44:57;2.50;38.25;10.29;746.60;0.00;0.00;0.00
23.01.2021;6:45:57;2.50;38.20;10.29;746.60;0.00;0.00;0.00
23.01.2021;6:46:57;2.51;38.23;10.30;746.59;0.00;0.00;0.00
23.01.2021;6:47:57;2.50;38.28;10.32;746.59;0.00;0.00;0.00
23.01.2021;6:48:57;2.50;38.17;10.30;746.61;0.00;0.00;0.00
23.01.2021;6:49:57;2.53;38.16;10.28;746.61;0.00;0.00;0.00
23.01.2021;6:50:57;2.50;38.25;10.27;746.62;0.00;0.00;0.00
23.01.2021;6:51:57;2.50;38.28;10.26;746.64;0.00;0.00;0.00
23.01.2021;6:52:57;2.51;38.32;10.25;746.66;0.00;0.00;0.00
23.01.2021;6:53:57;2.50;38.29;10.24;746.65;0.00;0.00;0.00
23.01.2021;6:54:57;2.50;38.32;10.25;746.63;0.00;0.00;0.00
23.01.2021;6:55:57;2.50;38.27;10.25;746.63;0.00;0.00;0.00
23.01.2021;6:56:57;2.50;38.35;10.24;746.61;0.00;0.00;0.00
23.01.2021;6:57:57;2.50;38.31;10.23;746.60;0.00;0.00;0.00
23.01.2021;6:58:57;2.50;38.33;10.22;746.61;0.00;0.00;0.00
23.01.2021;6:59:57;2.50;38.42;10.22;746.61;0.00;0.00;0.00
23.01.2021;7:00:57;2.51;38.37;10.22;746.63;0.00;0.00;0.00
23.01.2021;7:01:57;2.50;38.40;10.21;746.64;0.00;0.00;0.00
23.01.2021;7:02:57;2.50;38.43;10.22;746.65;0.00;0.00;0.00
23.01.2021;7:03:57;2.53;38.47;10.21;746.66;0.00;0.00;0.00
23.01.2021;7:04:57;2.50;38.48;10.21;746.68;0.00;0.00;0.00
23.01.2021;7:05:57;2.50;38.42;10.22;746.72;0.00;0.00;0.00
23.01.2021;7:06:58;2.57;38.42;10.22;746.77;0.00;0.00;0.00
23.01.2021;7:07:58;3.08;38.42;10.21;746.78;0.00;0.00;0.00
23.01.2021;7:08:58;3.32;38.38;10.22;746.78;0.00;0.00;0.00
23.01.2021;7:09:58;3.33;38.36;10.20;746.77;0.00;0.00;0.00
23.01.2021;7:10:58;3.33;38.41;10.18;746.77;0.00;0.00;0.00
23.01.2021;7:11:58;3.33;38.44;10.17;746.78;0.00;0.00;0.00
23.01.2021;7:12:58;3.33;38.46;10.15;746.77;0.00;0.00;0.00
23.01.2021;7:13:58;3.33;38.53;10.15;746.78;0.00;0.00;0.00
23.01.2021;7:14:58;3.35;38.56;10.15;746.78;0.00;0.00;0.00
23.01.2021;7:15:58;3.60;38.60;10.17;746.81;0.00;0.00;0.00
23.01.2021;7:16:58;4.15;38.48;10.16;746.81;0.00;0.00;0.00
23.01.2021;7:17:58;4.19;38.52;10.17;746.82;0.00;0.00;0.00
23.01.2021;7:18:58;4.17;38.50;10.15;746.82;0.00;0.00;0.00
23.01.2021;7:19:58;4.75;38.48;10.13;746.81;0.00;0.00;0.00
23.01.2021;7:20:58;5.00;38.59;10.13;746.82;0.00;0.00;0.00
23.01.2021;7:21:58;5.32;38.59;10.11;746.83;0.00;0.00;0.00
23.01.2021;7:22:58;5.83;38.63;10.12;746.84;0.00;0.00;0.00
23.01.2021;7:23:58;6.40;38.60;10.11;746.84;0.00;0.00;0.00
23.01.2021;7:24:58;6.92;38.59;10.10;746.83;0.00;0.00;0.00
23.01.2021;7:25:58;7.69;38.66;10.10;746.82;0.00;0.00;0.00
23.01.2021;7:26:58;8.56;38.65;10.10;746.83;0.00;0.00;0.00
23.01.2021;7:27:58;9.52;38.62;10.09;746.83;0.00;0.00;0.00
23.01.2021;7:28:58;10.60;38.66;10.08;746.81;0.00;0.00;0.00
23.01.2021;7:29:58;12.03;38.81;10.08;746.81;0.00;0.00;0.00
23.01.2021;7:30:58;13.56;38.73;10.09;746.81;0.00;0.00;0.00
23.01.2021;7:31:58;15.25;38.70;10.08;746.82;0.00;0.00;0.00
23.01.2021;7:32:58;16.99;38.75;10.10;746.81;0.01;0.00;0.00
23.01.2021;7:33:58;18.91;38.66;10.12;746.80;0.01;0.00;0.00
23.01.2021;7:34:58;20.94;38.61;10.10;746.80;0.01;0.00;0.00
23.01.2021;7:35:58;23.42;38.65;10.08;746.78;0.02;0.00;0.00
23.01.2021;7:36:58;26.20;38.75;10.08;746.77;0.03;0.00;0.00
23.01.2021;7:37:59;29.35;38.76;10.07;746.76;0.03;0.00;0.00
23.01.2021;7:38:59;32.68;38.76;10.07;746.76;0.04;0.00;0.00
23.01.2021;7:39:59;36.36;38.77;10.07;746.76;0.05;0.00;0.00
23.01.2021;7:40:59;40.35;38.76;10.07;746.77;0.06;0.00;0.00
23.01.2021;7:41:59;44.56;38.75;10.07;746.78;0.07;0.00;0.00
23.01.2021;7:42:59;49.31;38.76;10.05;746.77;0.08;0.00;0.00
23.01.2021;7:43:59;54.29;38.85;10.05;746.79;0.09;0.00;0.00
23.01.2021;7:44:59;59.73;38.84;10.06;746.79;0.11;0.00;0.00
23.01.2021;7:45:59;65.56;38.73;10.08;746.78;0.12;0.00;0.00
23.01.2021;7:46:59;71.44;38.76;10.07;746.79;0.14;0.00;0.00
23.01.2021;7:47:59;78.08;38.78;10.07;746.82;0.16;0.00;0.00
23.01.2021;7:48:59;84.94;38.78;10.07;746.84;0.19;0.00;0.00
23.01.2021;7:49:59;92.14;38.79;10.09;746.85;0.21;0.00;0.00
23.01.2021;7:50:59;99.65;38.70;10.09;746.85;0.23;0.00;0.00
23.01.2021;7:51:59;107.03;38.67;10.07;746.85;0.25;0.00;0.00
23.01.2021;7:52:59;114.47;38.75;10.07;746.85;0.26;0.00;0.00
23.01.2021;7:53:59;121.74;38.77;10.06;746.84;0.28;0.00;0.00
23.01.2021;7:54:59;128.58;38.75;10.05;746.84;0.29;0.00;0.00
23.01.2021;7:55:59;136.24;38.82;10.06;746.83;0.31;0.00;0.00
23.01.2021;7:56:59;143.74;38.87;10.06;746.85;0.33;0.00;0.00
23.01.2021;7:57:59;151.72;38.80;10.08;746.85;0.34;0.00;0.00
23.01.2021;7:58:59;159.42;38.80;10.09;746.85;0.36;0.00;0.00
23.01.2021;7:59:59;168.00;38.72;10.11;746.84;0.38;0.00;0.00
23.01.2021;8:00:59;175.85;38.65;10.10;746.85;0.39;0.00;0.00
23.01.2021;8:01:59;184.15;38.69;10.09;746.83;0.41;0.00;0.00
23.01.2021;8:02:59;193.65;38.70;10.09;746.81;0.43;0.01;0.01
23.01.2021;8:03:59;202.76;38.75;10.09;746.81;0.45;0.05;0.02
23.01.2021;8:04:59;212.43;38.72;10.11;746.80;0.47;0.10;0.05
23.01.2021;8:05:59;221.50;38.70;10.12;746.81;0.49;0.12;0.06
23.01.2021;8:06:59;230.06;38.72;10.14;746.81;0.50;0.15;0.08
23.01.2021;8:08:00;239.33;38.68;10.13;746.81;0.52;0.19;0.10
23.01.2021;8:09:00;249.64;38.65;10.13;746.81;0.54;0.21;0.11
23.01.2021;8:10:00;259.72;38.64;10.12;746.82;0.56;0.27;0.15
23.01.2021;8:11:00;270.99;38.72;10.12;746.83;0.59;0.30;0.17
23.01.2021;8:12:00;280.83;38.64;10.13;746.85;0.61;0.33;0.20
23.01.2021;8:13:00;291.85;38.61;10.13;746.88;0.64;0.38;0.24
23.01.2021;8:14:00;303.42;38.64;10.13;746.90;0.66;0.41;0.27
23.01.2021;8:15:00;315.71;38.79;10.15;746.91;0.70;0.47;0.33
23.01.2021;8:16:00;332.50;38.64;10.18;746.94;0.76;0.55;0.42
23.01.2021;8:17:00;346.89;38.59;10.19;746.96;0.80;0.64;0.51
23.01.2021;8:18:00;360.01;38.60;10.21;746.96;0.84;0.70;0.59
23.01.2021;8:19:00;376.57;38.55;10.22;746.96;0.91;0.81;0.73
23.01.2021;8:20:00;392.11;38.51;10.22;746.95;0.96;0.91;0.87
23.01.2021;8:21:00;402.93;38.50;10.24;746.96;0.98;0.94;0.92
23.01.2021;8:22:00;413.53;38.49;10.26;746.95;1.01;0.99;1.00
23.01.2021;8:23:00;425.50;38.45;10.28;746.95;1.03;1.02;1.05
23.01.2021;8:24:00;436.74;38.43;10.30;746.95;1.05;1.06;1.11
23.01.2021;8:25:00;440.57;38.40;10.29;746.95;1.04;1.02;1.06
23.01.2021;8:26:00;447.46;38.41;10.30;746.96;1.04;1.02;1.06
23.01.2021;8:27:00;460.15;38.35;10.33;746.97;1.07;1.09;1.17
23.01.2021;8:28:00;473.07;38.29;10.33;746.97;1.10;1.14;1.25
23.01.2021;8:29:00;483.33;38.30;10.34;746.96;1.12;1.19;1.33
23.01.2021;8:30:00;493.22;38.27;10.35;746.96;1.13;1.18;1.33
23.01.2021;8:31:00;509.79;38.20;10.37;746.97;1.17;1.25;1.46
23.01.2021;8:32:00;520.19;38.20;10.38;746.96;1.18;1.27;1.50
23.01.2021;8:33:00;525.54;38.14;10.39;746.95;1.17;1.25;1.45
23.01.2021;8:34:00;547.33;38.16;10.41;746.94;1.24;1.37;1.70
23.01.2021;8:35:00;562.00;38.15;10.43;746.96;1.28;1.44;1.83
23.01.2021;8:36:00;578.16;38.05;10.46;746.97;1.32;1.49;1.97
23.01.2021;8:37:01;592.18;38.00;10.47;746.98;1.35;1.56;2.10
23.01.2021;8:38:01;600.75;37.97;10.48;747.00;1.36;1.57;2.13
23.01.2021;8:39:01;612.79;37.97;10.50;747.01;1.38;1.60;2.21
23.01.2021;8:40:01;624.21;37.98;10.50;747.03;1.41;1.65;2.32
23.01.2021;8:41:01;631.94;37.89;10.51;747.02;1.42;1.66;2.36
23.01.2021;8:42:01;642.56;37.89;10.52;747.02;1.44;1.69;2.44
23.01.2021;8:43:01;648.84;37.92;10.54;747.00;1.45;1.71;2.48
23.01.2021;8:44:01;658.07;37.84;10.53;747.00;1.46;1.74;2.54
23.01.2021;8:45:01;665.35;37.88;10.56;747.00;1.48;1.76;2.60
23.01.2021;8:46:01;671.29;37.82;10.59;746.99;1.48;1.77;2.63
23.01.2021;8:47:01;683.31;37.76;10.59;746.98;1.51;1.80;2.73
23.01.2021;8:48:01;688.04;37.82;10.59;746.98;1.52;1.82;2.76
23.01.2021;8:49:01;697.35;37.77;10.60;747.00;1.54;1.87;2.88
23.01.2021;8:50:01;707.18;37.76;10.62;747.03;1.56;1.90;2.97
23.01.2021;8:51:01;714.31;37.75;10.62;747.03;1.57;1.91;3.00
23.01.2021;8:52:01;724.33;37.68;10.66;747.03;1.59;1.96;3.12
23.01.2021;8:53:01;727.73;37.65;10.68;747.03;1.60;1.96;3.13
23.01.2021;8:54:01;733.57;37.64;10.69;747.02;1.61;1.98;3.18
23.01.2021;8:55:01;739.56;37.54;10.71;747.02;1.61;2.00;3.22
23.01.2021;8:56:01;748.64;37.56;10.72;747.01;1.63;2.01;3.28
23.01.2021;8:57:01;759.11;37.57;10.74;747.00;1.66;2.05;3.41
23.01.2021;8:58:01;767.66;37.52;10.78;746.96;1.68;2.09;3.51
23.01.2021;8:59:01;774.90;37.43;10.79;746.94;1.69;2.09;3.54
23.01.2021;9:00:01;781.17;37.40;10.79;746.92;1.71;2.10;3.58
23.01.2021;9:01:01;785.71;37.39;10.81;746.91;1.72;2.10;3.60
23.01.2021;9:02:01;794.85;37.35;10.81;746.91;1.73;2.10;3.64
23.01.2021;9:03:01;805.16;37.33;10.83;746.89;1.75;2.11;3.69
23.01.2021;9:04:01;811.39;37.28;10.83;746.88;1.77;2.13;3.76
23.01.2021;9:05:02;818.70;37.34;10.84;746.89;1.78;2.15;3.83
23.01.2021;9:06:02;824.04;37.33;10.86;746.90;1.79;2.18;3.91
23.01.2021;9:07:02;830.93;37.23;10.87;746.89;1.81;2.20;3.97
23.01.2021;9:08:02;840.06;37.28;10.89;746.92;1.83;2.24;4.11
23.01.2021;9:09:02;847.08;37.20;10.89;746.92;1.85;2.28;4.22
23.01.2021;9:10:02;857.20;37.20;10.91;746.93;1.87;2.32;4.34
23.01.2021;9:11:02;864.42;37.14;10.92;746.96;1.89;2.36;4.46
23.01.2021;9:12:02;869.70;37.12;10.95;746.99;1.90;2.39;4.55
23.01.2021;9:13:02;874.47;37.11;10.96;746.99;1.92;2.41;4.61
23.01.2021;9:14:02;884.49;37.16;10.98;746.98;1.94;2.45;4.76
23.01.2021;9:15:02;897.37;37.06;10.99;746.98;1.97;2.52;4.96
23.01.2021;9:16:02;904.51;37.06;11.00;746.97;1.98;2.53;5.01
23.01.2021;9:17:02;907.41;36.96;11.03;746.96;1.99;2.54;5.05
23.01.2021;9:18:02;911.74;36.96;11.05;746.96;1.99;2.57;5.12
23.01.2021;9:19:02;922.25;36.94;11.07;746.97;2.02;2.60;5.25
23.01.2021;9:20:02;933.52;36.93;11.08;746.99;2.04;2.66;5.43
23.01.2021;9:21:02;937.97;36.85;11.10;747.01;2.06;2.68;5.51
23.01.2021;9:22:02;944.96;36.84;11.11;747.03;2.07;2.70;5.60
23.01.2021;9:23:02;955.69;36.87;11.13;747.06;2.10;2.75;5.76
23.01.2021;9:24:02;958.22;36.83;11.14;747.08;2.10;2.76;5.80
23.01.2021;9:25:02;963.32;36.79;11.16;747.08;2.12;2.78;5.89
23.01.2021;9:26:02;968.93;36.74;11.17;747.07;2.13;2.80;5.97
23.01.2021;9:27:02;978.22;36.72;11.17;747.08;2.15;2.85;6.15
23.01.2021;9:28:02;982.13;36.70;11.19;747.07;2.17;2.88;6.24
23.01.2021;9:29:02;991.67;36.68;11.22;747.07;2.19;2.91;6.39
23.01.2021;9:30:02;996.49;36.63;11.24;747.07;2.20;2.92;6.41
23.01.2021;9:31:02;1008.38;36.56;11.25;747.08;2.22;2.97;6.61
23.01.2021;9:32:02;1017.23;36.51;11.25;747.07;2.24;2.99;6.70
23.01.2021;9:33:03;1030.65;36.54;11.25;747.08;2.27;3.03;6.88
23.01.2021;9:34:03;1042.84;36.60;11.27;747.07;2.29;3.09;7.09
23.01.2021;9:35:03;1057.38;36.54;11.30;747.08;2.32;3.12;7.24
23.01.2021;9:36:03;1066.18;36.46;11.32;747.07;2.34;3.15;7.36
23.01.2021;9:37:03;1074.58;36.42;11.33;747.03;2.35;3.18;7.48
23.01.2021;9:38:03;1086.75;36.40;11.36;747.00;2.37;3.20;7.60
23.01.2021;9:39:03;1099.12;36.34;11.38;746.97;2.40;3.26;7.82
23.01.2021;9:40:03;1105.81;36.32;11.41;746.94;2.41;3.28;7.89
23.01.2021;9:41:03;1117.53;36.28;11.44;746.93;2.43;3.30;8.02
23.01.2021;9:42:03;1128.53;36.23;11.46;746.93;2.45;3.33;8.15
23.01.2021;9:43:03;1134.43;36.19;11.49;746.92;2.46;3.35;8.24
23.01.2021;9:44:03;1138.60;36.13;11.50;746.92;2.47;3.37;8.30
23.01.2021;9:45:03;1142.29;36.09;11.53;746.92;2.47;3.37;8.34
23.01.2021;9:46:03;1138.69;36.08;11.57;746.90;2.45;3.34;8.20
23.01.2021;9:47:03;1150.93;36.00;11.57;746.90;2.48;3.40;8.44
23.01.2021;9:48:03;1163.19;35.96;11.58;746.90;2.51;3.45;8.67
23.01.2021;9:49:03;1171.79;36.04;11.59;746.91;2.54;3.48;8.83
23.01.2021;9:50:03;1167.85;35.95;11.59;746.91;2.53;3.47;8.77
23.01.2021;9:51:03;1169.77;35.93;11.61;746.91;2.53;3.47;8.78
23.01.2021;9:52:03;1176.53;35.91;11.63;746.89;2.55;3.50;8.90
23.01.2021;9:53:03;1176.47;35.80;11.64;746.91;2.54;3.49;8.87
23.01.2021;9:54:03;1185.75;35.86;11.67;746.93;2.56;3.52;9.01
23.01.2021;9:55:03;1189.92;35.77;11.69;746.96;2.57;3.53;9.07
23.01.2021;9:56:03;1190.27;35.73;11.68;746.99;2.57;3.54;9.09
23.01.2021;9:57:03;1193.57;35.80;11.68;747.01;2.58;3.54;9.12
23.01.2021;9:58:03;1190.89;35.79;11.70;747.02;2.57;3.52;9.04
23.01.2021;9:59:04;1183.53;35.68;11.70;747.04;2.55;3.50;8.92
23.01.2021;10:00:04;1177.56;35.68;11.69;747.05;2.54;3.49;8.86
23.01.2021;10:01:04;1176.34;35.69;11.71;747.07;2.54;3.49;8.84
23.01.2021;10:02:04;1188.65;35.68;11.72;747.07;2.56;3.51;8.97
23.01.2021;10:03:04;1187.10;35.70;11.72;747.10;2.55;3.51;8.94
23.01.2021;10:04:04;1185.69;35.72;11.76;747.12;2.55;3.49;8.88
23.01.2021;10:05:04;1183.04;35.64;11.78;747.12;2.53;3.48;8.80
23.01.2021;10:06:04;1181.91;35.61;11.77;747.11;2.53;3.46;8.74
23.01.2021;10:07:04;1185.19;35.68;11.79;747.11;2.53;3.47;8.77
23.01.2021;10:08:04;1169.77;35.61;11.82;747.10;2.49;3.40;8.48
23.01.2021;10:09:04;1177.17;35.53;11.84;747.10;2.51;3.44;8.63
23.01.2021;10:10:04;1184.40;35.49;11.84;747.12;2.53;3.47;8.78
23.01.2021;10:11:04;1187.30;35.45;11.85;747.14;2.53;3.48;8.82
23.01.2021;10:12:04;1192.21;35.46;11.84;747.14;2.54;3.49;8.88
23.01.2021;10:13:04;1188.38;35.44;11.86;747.15;2.53;3.47;8.79
23.01.2021;10:14:04;1188.78;35.45;11.86;747.18;2.53;3.48;8.81
23.01.2021;10:15:04;1189.60;35.47;11.85;747.19;2.53;3.49;8.83
23.01.2021;10:16:04;1189.84;35.51;11.86;747.20;2.53;3.48;8.81
23.01.2021;10:17:04;1197.36;35.48;11.88;747.20;2.54;3.50;8.89
23.01.2021;10:18:04;1198.43;35.46;11.89;747.19;2.54;3.49;8.89
23.01.2021;10:19:04;1206.38;35.37;11.87;747.18;2.56;3.52;9.00
23.01.2021;10:20:04;1206.95;35.45;11.88;747.17;2.56;3.52;9.00
23.01.2021;10:21:04;1208.46;35.43;11.90;747.15;2.56;3.51;9.00
23.01.2021;10:22:04;1208.58;35.42;11.94;747.15;2.56;3.53;9.04
23.01.2021;10:23:04;1208.83;35.33;11.96;747.15;2.56;3.51;9.00
23.01.2021;10:24:04;1211.85;35.35;11.99;747.15;2.57;3.55;9.12
23.01.2021;10:25:05;1213.95;35.27;12.01;747.16;2.58;3.55;9.14
23.01.2021;10:26:05;1216.35;35.21;12.02;747.14;2.58;3.56;9.19
23.01.2021;10:27:05;1218.79;35.17;12.02;747.13;2.59;3.58;9.26
23.01.2021;10:28:05;1221.09;35.20;12.03;747.12;2.60;3.59;9.32
23.01.2021;10:29:05;1222.69;35.19;12.06;747.12;2.60;3.59;9.36
23.01.2021;10:30:05;1224.21;35.09;12.08;747.12;2.61;3.61;9.43
23.01.2021;10:31:05;1220.88;35.09;12.09;747.11;2.60;3.60;9.36
23.01.2021;10:32:05;1218.94;35.04;12.10;747.09;2.60;3.59;9.35
23.01.2021;10:33:05;1218.94;35.06;12.09;747.08;2.60;3.60;9.37
23.01.2021;10:34:05;1216.51;35.08;12.10;747.09;2.59;3.59;9.30
23.01.2021;10:35:05;1226.68;35.12;12.11;747.13;2.62;3.61;9.45
23.01.2021;10:36:05;1229.18;35.00;12.14;747.16;2.62;3.62;9.48
23.01.2021;10:37:05;1231.43;35.01;12.15;747.15;2.63;3.64;9.55
23.01.2021;10:38:05;1225.43;35.00;12.16;747.12;2.62;3.62;9.48
23.01.2021;10:39:05;1225.63;34.94;12.16;747.13;2.63;3.63;9.55
23.01.2021;10:40:05;1226.99;34.92;12.18;747.13;2.63;3.63;9.54
23.01.2021;10:41:05;1231.18;34.94;12.20;747.14;2.64;3.66;9.64
23.01.2021;10:42:05;1227.29;34.95;12.22;747.12;2.63;3.64;9.55
23.01.2021;10:43:05;1237.00;34.88;12.24;747.12;2.66;3.69;9.80
23.01.2021;10:44:05;1238.03;34.84;12.25;747.12;2.66;3.70;9.83
23.01.2021;10:45:05;1235.20;34.83;12.25;747.13;2.65;3.69;9.77
23.01.2021;10:46:05;1233.14;34.79;12.26;747.12;2.65;3.68;9.76
23.01.2021;10:47:05;1225.92;34.83;12.25;747.09;2.63;3.64;9.58
23.01.2021;10:48:05;1213.19;34.87;12.28;747.08;2.59;3.58;9.27
23.01.2021;10:49:05;1204.01;34.81;12.31;747.09;2.56;3.51;9.00
23.01.2021;10:50:05;1199.49;34.73;12.31;747.11;2.55;3.50;8.90
23.01.2021;10:51:06;1201.96;34.72;12.31;747.10;2.55;3.50;8.92
23.01.2021;10:52:06;1216.16;34.72;12.30;747.09;2.58;3.56;9.19
23.01.2021;10:53:06;1227.00;34.70;12.33;747.07;2.61;3.61;9.42
23.01.2021;10:54:06;1223.56;34.67;12.35;747.05;2.60;3.60;9.36
23.01.2021;10:55:06;1220.15;34.59;12.35;747.04;2.60;3.59;9.32
23.01.2021;10:56:06;1219.39;34.67;12.35;747.04;2.60;3.59;9.32
23.01.2021;10:57:06;1225.90;34.65;12.36;747.05;2.62;3.61;9.45
23.01.2021;10:58:06;1228.75;34.63;12.39;747.07;2.64;3.65;9.63
23.01.2021;10:59:06;1204.87;34.58;12.38;747.07;2.57;3.54;9.11
23.01.2021;11:00:06;1175.85;34.58;12.40;747.09;2.48;3.37;8.35
23.01.2021;11:01:06;1206.93;34.60;12.38;747.09;2.56;3.52;9.00
23.01.2021;11:02:06;1245.55;34.59;12.38;747.08;2.67;3.71;9.91
23.01.2021;11:03:06;1248.89;34.58;12.39;747.08;2.69;3.73;10.01
23.01.2021;11:04:06;1245.51;34.56;12.43;747.08;2.67;3.71;9.93
23.01.2021;11:05:06;1247.07;34.53;12.43;747.08;2.68;3.70;9.92
23.01.2021;11:06:06;1246.75;34.51;12.44;747.07;2.68;3.73;10.02
23.01.2021;11:07:06;1230.69;34.51;12.43;747.06;2.64;3.65;9.64
23.01.2021;11:08:06;1249.04;34.48;12.44;747.06;2.68;3.71;9.95
23.01.2021;11:09:06;1254.21;34.52;12.46;747.06;2.69;3.71;9.98
23.01.2021;11:10:06;1273.14;34.52;12.50;747.05;2.72;3.78;10.29
23.01.2021;11:11:06;1293.87;34.41;12.54;747.05;2.77;3.87;10.73
23.01.2021;11:12:06;1300.86;34.35;12.55;747.04;2.79;3.89;10.86
23.01.2021;11:13:06;1303.13;34.38;12.55;747.04;2.79;3.90;10.90
23.01.2021;11:14:06;1304.84;34.38;12.58;747.04;2.80;3.92;10.98
23.01.2021;11:15:06;1305.94;34.33;12.58;747.03;2.80;3.92;10.99
23.01.2021;11:16:06;1310.85;34.33;12.62;747.02;2.81;3.93;11.04
23.01.2021;11:17:07;1311.13;34.24;12.65;747.01;2.81;3.92;11.02
23.01.2021;11:18:07;1311.51;34.19;12.66;747.02;2.81;3.93;11.06
23.01.2021;11:19:07;1314.92;34.15;12.66;747.02;2.82;3.95;11.12
23.01.2021;11:20:07;1317.08;34.07;12.66;747.00;2.82;3.95;11.14
23.01.2021;11:21:07;1315.20;34.15;12.67;747.00;2.82;3.94;11.11
23.01.2021;11:22:07;1313.33;34.20;12.66;746.98;2.81;3.93;11.06
23.01.2021;11:23:07;1315.68;34.17;12.69;746.98;2.82;3.94;11.11
23.01.2021;11:24:07;1319.39;34.13;12.71;746.97;2.83;3.97;11.21
23.01.2021;11:25:07;1319.29;34.09;12.71;746.95;2.83;3.94;11.15
23.01.2021;11:26:07;1317.36;34.12;12.73;746.95;2.82;3.96;11.19
23.01.2021;11:27:07;1321.31;34.04;12.75;746.96;2.83;3.97;11.24
23.01.2021;11:28:07;1320.26;34.02;12.77;746.97;2.83;3.97;11.24
23.01.2021;11:29:07;1319.93;34.05;12.78;746.98;2.83;3.97;11.23
23.01.2021;11:30:07;1312.58;34.00;12.80;746.98;2.81;3.91;10.99
23.01.2021;11:31:07;1302.50;33.94;12.81;746.99;2.79;3.90;10.88
23.01.2021;11:32:07;1302.75;33.94;12.83;746.99;2.79;3.90;10.90
23.01.2021;11:33:07;1295.51;33.91;12.83;747.00;2.78;3.89;10.80
23.01.2021;11:34:07;1307.53;33.88;12.83;746.99;2.81;3.94;11.07
23.01.2021;11:35:07;1312.29;33.94;12.84;746.98;2.83;3.96;11.20
23.01.2021;11:36:07;1309.14;33.84;12.86;746.97;2.81;3.94;11.09
23.01.2021;11:37:07;1303.49;33.81;12.86;746.96;2.80;3.91;10.93
23.01.2021;11:38:07;1301.43;33.78;12.87;746.96;2.79;3.91;10.91
23.01.2021;11:39:07;1304.76;33.85;12.88;746.97;2.80;3.91;10.95
23.01.2021;11:40:07;1304.29;33.81;12.88;746.98;2.80;3.91;10.92
23.01.2021;11:41:08;1311.57;33.79;12.87;746.98;2.82;3.94;11.10
23.01.2021;11:42:08;1318.68;33.83;12.88;746.98;2.83;3.97;11.25
23.01.2021;11:43:08;1318.63;33.76;12.89;746.97;2.83;3.98;11.26
23.01.2021;11:44:08;1318.08;33.76;12.90;746.97;2.83;3.98;11.26
23.01.2021;11:45:08;1316.40;33.73;12.89;746.96;2.83;3.96;11.20
23.01.2021;11:46:08;1317.05;33.79;12.89;746.95;2.83;3.97;11.22
23.01.2021;11:47:08;1316.71;33.77;12.89;746.94;2.83;3.97;11.23
23.01.2021;11:48:08;1313.66;33.77;12.88;746.91;2.82;3.96;11.19
23.01.2021;11:49:08;1312.24;33.80;12.89;746.90;2.82;3.94;11.11
23.01.2021;11:50:08;1315.07;33.79;12.90;746.90;2.83;3.96;11.19
23.01.2021;11:51:08;1316.50;33.80;12.91;746.89;2.83;3.96;11.21
23.01.2021;11:52:08;1317.03;33.78;12.91;746.89;2.83;3.97;11.25
23.01.2021;11:53:08;1320.28;33.79;12.93;746.90;2.84;3.98;11.30
23.01.2021;11:54:08;1321.88;33.73;12.95;746.89;2.84;3.99;11.35
23.01.2021;11:55:08;1319.63;33.78;12.95;746.88;2.84;3.98;11.31
23.01.2021;11:56:08;1317.58;33.72;12.96;746.88;2.84;3.99;11.30
23.01.2021;11:57:08;1319.42;33.72;12.98;746.89;2.84;3.98;11.30
23.01.2021;11:58:08;1320.48;33.64;12.99;746.92;2.84;3.98;11.31
23.01.2021;11:59:08;1323.04;33.64;12.99;746.92;2.84;3.99;11.34
23.01.2021;12:00:08;1322.19;33.69;12.98;746.93;2.84;3.99;11.35
23.01.2021;12:01:08;1320.76;33.63;13.00;746.93;2.84;3.99;11.34
23.01.2021;12:02:08;1319.79;33.63;13.00;746.94;2.84;3.99;11.33
23.01.2021;12:03:08;1319.86;33.69;13.00;746.93;2.84;3.99;11.33
23.01.2021;12:04:08;1320.28;33.70;13.01;746.93;2.84;4.00;11.36
23.01.2021;12:05:09;1321.85;33.67;13.01;746.92;2.85;4.00;11.38
23.01.2021;12:06:09;1323.54;33.58;13.02;746.94;2.85;4.00;11.39
23.01.2021;12:07:09;1321.58;33.55;13.03;746.96;2.85;4.00;11.38
23.01.2021;12:08:09;1319.46;33.59;13.01;746.97;2.84;4.00;11.37
23.01.2021;12:09:09;1320.82;33.57;13.02;747.00;2.85;3.99;11.38
23.01.2021;12:10:09;1320.40;33.65;13.03;747.02;2.85;3.99;11.36
23.01.2021;12:11:09;1322.25;33.62;13.04;747.03;2.85;4.00;11.40
23.01.2021;12:12:09;1325.33;33.60;13.05;747.03;2.85;4.00;11.43
23.01.2021;12:13:09;1326.41;33.58;13.06;747.04;2.86;4.00;11.43
23.01.2021;12:14:09;1327.29;33.50;13.04;747.03;2.86;4.01;11.46
23.01.2021;12:15:09;1325.90;33.66;13.04;747.02;2.85;4.01;11.43
23.01.2021;12:16:09;1325.51;33.54;13.07;747.01;2.85;4.00;11.42
23.01.2021;12:17:09;1326.28;33.54;13.07;747.01;2.85;4.01;11.45
23.01.2021;12:18:09;1323.39;33.55;13.07;747.00;2.85;4.01;11.42
23.01.2021;12:19:09;1322.06;33.55;13.08;747.00;2.85;4.01;11.41
23.01.2021;12:20:09;1320.56;33.57;13.09;746.99;2.85;4.00;11.40
23.01.2021;12:21:09;1319.24;33.57;13.11;746.99;2.85;4.00;11.38
23.01.2021;12:22:09;1320.13;33.60;13.11;746.99;2.85;4.00;11.38
23.01.2021;12:23:09;1320.24;33.56;13.12;746.99;2.85;4.01;11.42
23.01.2021;12:24:09;1319.94;33.51;13.12;746.98;2.85;4.00;11.40
23.01.2021;12:25:09;1316.71;33.57;13.13;746.97;2.85;4.00;11.38
23.01.2021;12:26:09;1314.86;33.53;13.14;746.97;2.84;4.00;11.38
23.01.2021;12:27:09;1314.87;33.51;13.15;746.97;2.84;3.99;11.34
23.01.2021;12:28:09;1314.72;33.47;13.16;746.98;2.84;3.99;11.35
23.01.2021;12:29:10;1313.33;33.45;13.17;746.99;2.84;3.99;11.33
23.01.2021;12:30:10;1312.15;33.48;13.17;746.98;2.84;3.98;11.30
23.01.2021;12:31:10;1312.76;33.45;13.18;746.97;2.84;3.99;11.31
23.01.2021;12:32:10;1311.51;33.42;13.18;746.95;2.83;3.99;11.31
23.01.2021;12:33:10;1310.78;33.45;13.20;746.95;2.83;3.98;11.28
23.01.2021;12:34:10;1309.85;33.46;13.20;746.94;2.83;3.97;11.24
23.01.2021;12:35:10;1311.03;33.41;13.21;746.93;2.83;3.98;11.26
23.01.2021;12:36:10;1309.99;33.45;13.21;746.92;2.83;3.98;11.27
23.01.2021;12:37:10;1309.86;33.41;13.21;746.90;2.83;3.97;11.25
23.01.2021;12:38:10;1308.39;33.43;13.22;746.88;2.83;3.97;11.23
23.01.2021;12:39:10;1306.44;33.40;13.21;746.86;2.83;3.96;11.21
23.01.2021;12:40:10;1305.49;33.37;13.20;746.87;2.83;3.97;11.22
23.01.2021;12:41:10;1306.18;33.42;13.19;746.88;2.83;3.97;11.22
23.01.2021;12:42:10;1304.69;33.47;13.19;746.88;2.82;3.96;11.19
23.01.2021;12:43:10;1304.94;33.44;13.19;746.89;2.82;3.96;11.19
23.01.2021;12:44:10;1303.95;33.46;13.19;746.90;2.82;3.96;11.17
23.01.2021;12:45:10;1305.53;33.45;13.19;746.90;2.82;3.96;11.19
23.01.2021;12:46:10;1307.15;33.44;13.18;746.90;2.83;3.96;11.21
23.01.2021;12:47:10;1307.78;33.47;13.17;746.90;2.83;3.98;11.28
23.01.2021;12:48:10;1308.50;33.50;13.15;746.90;2.83;3.98;11.28
23.01.2021;12:49:10;1308.67;33.54;13.17;746.88;2.83;3.98;11.28
23.01.2021;12:50:10;1306.13;33.51;13.17;746.86;2.83;3.97;11.23
23.01.2021;12:51:10;1302.33;33.49;13.17;746.86;2.82;3.94;11.13
23.01.2021;12:52:10;1303.62;33.50;13.18;746.84;2.82;3.95;11.16
23.01.2021;12:53:11;1302.83;33.48;13.18;746.84;2.82;3.95;11.15
23.01.2021;12:54:11;1300.64;33.49;13.17;746.83;2.82;3.95;11.13
23.01.2021;12:55:11;1304.04;33.43;13.15;746.82;2.83;3.97;11.22
23.01.2021;12:56:11;1300.10;33.52;13.14;746.82;2.82;3.94;11.10
23.01.2021;12:57:11;1300.41;33.56;13.15;746.81;2.82;3.95;11.13
23.01.2021;12:58:11;1299.01;33.57;13.15;746.80;2.81;3.93;11.07
23.01.2021;12:59:11;1297.01;33.60;13.13;746.79;2.81;3.93;11.05
23.01.2021;13:00:11;1296.83;33.55;13.14;746.77;2.81;3.92;11.03
23.01.2021;13:01:11;1294.17;33.65;13.12;746.74;2.81;3.93;11.03
23.01.2021;13:02:11;1292.47;33.64;13.13;746.71;2.80;3.92;10.99
23.01.2021;13:03:11;1293.56;33.63;13.11;746.70;2.80;3.92;10.99
23.01.2021;13:04:11;1288.84;33.71;13.11;746.67;2.80;3.90;10.91
23.01.2021;13:05:11;1283.29;33.65;13.12;746.66;2.79;3.89;10.84
23.01.2021;13:06:11;1281.21;33.67;13.12;746.65;2.78;3.90;10.87
23.01.2021;13:07:11;1277.54;33.75;13.11;746.64;2.78;3.88;10.77
23.01.2021;13:08:11;1275.32;33.70;13.11;746.65;2.77;3.88;10.76
23.01.2021;13:09:11;1275.54;33.70;13.11;746.65;2.78;3.89;10.79
23.01.2021;13:10:11;1276.46;33.71;13.10;746.65;2.78;3.89;10.81
23.01.2021;13:11:11;1277.58;33.75;13.09;746.65;2.78;3.89;10.83
23.01.2021;13:12:11;1279.79;33.73;13.10;746.64;2.79;3.89;10.85
23.01.2021;13:13:11;1277.86;33.72;13.11;746.63;2.79;3.90;10.87
23.01.2021;13:14:11;1272.68;33.73;13.10;746.61;2.78;3.89;10.80
23.01.2021;13:15:11;1271.29;33.74;13.11;746.59;2.78;3.88;10.77
23.01.2021;13:16:11;1271.92;33.73;13.10;746.55;2.78;3.89;10.82
23.01.2021;13:17:11;1272.00;33.75;13.10;746.54;2.78;3.89;10.82
23.01.2021;13:18:12;1271.75;33.73;13.11;746.54;2.78;3.89;10.83
23.01.2021;13:19:12;1275.61;33.77;13.11;746.54;2.79;3.90;10.90
23.01.2021;13:20:12;1278.22;33.78;13.10;746.54;2.80;3.90;10.95
23.01.2021;13:21:12;1279.22;33.79;13.09;746.55;2.82;3.95;11.12
23.01.2021;13:22:12;1284.35;33.82;13.10;746.57;2.84;3.98;11.29
23.01.2021;13:23:12;1303.35;33.76;13.10;746.57;2.90;4.09;11.85
23.01.2021;13:24:12;1334.19;33.79;13.11;746.56;2.97;4.21;12.50
23.01.2021;13:25:12;1396.92;33.77;13.12;746.56;3.10;4.41;13.66
23.01.2021;13:26:12;1358.52;33.79;13.13;746.56;2.97;4.22;12.54
23.01.2021;13:27:12;1343.42;33.75;13.12;746.56;2.97;4.19;12.44
23.01.2021;13:28:12;1437.51;33.75;13.13;746.54;3.16;4.51;14.24
23.01.2021;13:29:12;1487.65;33.79;13.17;746.54;3.26;4.70;15.33
23.01.2021;13:30:12;1494.93;33.76;13.19;746.55;3.31;4.77;15.80
23.01.2021;13:31:12;1562.05;33.72;13.22;746.55;3.41;4.94;16.87
23.01.2021;13:32:12;1609.56;33.69;13.26;746.55;3.47;5.04;17.47
23.01.2021;13:33:12;1724.53;33.68;13.30;746.54;3.58;5.23;18.72
23.01.2021;13:34:12;1903.61;33.59;13.37;746.55;3.84;5.65;21.70
23.01.2021;13:35:12;1869.36;33.43;13.45;746.56;3.77;5.52;20.80
23.01.2021;13:36:12;1841.57;33.41;13.49;746.58;3.68;5.38;19.77
23.01.2021;13:37:12;1730.01;33.34;13.51;746.58;3.54;5.17;18.30
23.01.2021;13:38:12;1854.94;33.28;13.55;746.60;3.69;5.41;19.99
23.01.2021;13:39:12;1846.58;33.17;13.60;746.61;3.71;5.43;20.12
23.01.2021;13:40:12;1780.90;33.12;13.60;746.61;3.63;5.30;19.23
23.01.2021;13:41:12;1830.55;33.07;13.63;746.62;3.69;5.40;19.95
23.01.2021;13:42:13;1905.10;33.07;13.67;746.61;3.78;5.54;20.92
23.01.2021;13:43:13;1974.66;33.09;13.71;746.62;3.83;5.63;21.56
23.01.2021;13:44:13;1936.71;32.98;13.75;746.62;3.78;5.54;20.94
23.01.2021;13:45:13;1817.92;32.99;13.78;746.63;3.66;5.35;19.58
23.01.2021;13:46:13;1820.37;32.93;13.81;746.64;3.67;5.39;19.79
23.01.2021;13:47:13;1887.14;32.80;13.86;746.65;3.77;5.53;20.83
23.01.2021;13:48:13;1773.91;32.70;13.87;746.66;3.62;5.30;19.22
23.01.2021;13:49:13;1697.04;32.69;13.87;746.66;3.53;5.15;18.19
23.01.2021;13:50:13;1634.70;32.62;13.87;746.67;3.48;5.06;17.62
23.01.2021;13:51:13;1785.62;32.69;13.89;746.67;3.67;5.37;19.70
23.01.2021;13:52:13;1691.10;32.65;13.91;746.69;3.52;5.13;18.08
23.01.2021;13:53:13;1708.04;32.57;13.93;746.71;3.55;5.17;18.36
23.01.2021;13:54:13;1619.22;32.53;13.93;746.70;3.44;4.98;17.14
23.01.2021;13:55:13;1618.45;32.53;13.92;746.69;3.43;4.98;17.06
23.01.2021;13:56:13;1553.07;32.49;13.90;746.69;3.33;4.81;16.02
23.01.2021;13:57:13;1350.75;32.52;13.85;746.68;3.04;4.32;13.13
23.01.2021;13:58:13;1255.82;32.60;13.81;746.66;2.87;4.04;11.57
23.01.2021;13:59:13;1309.97;32.67;13.77;746.65;2.98;4.23;12.63
23.01.2021;14:00:13;1512.67;32.65;13.76;746.65;3.36;4.84;16.25
23.01.2021;14:01:13;1593.43;32.70;13.77;746.66;3.47;5.04;17.47
23.01.2021;14:02:13;1578.65;32.76;13.78;746.65;3.46;5.01;17.34
23.01.2021;14:03:13;1668.38;32.79;13.80;746.64;3.57;5.21;18.64
23.01.2021;14:04:13;1733.93;32.75;13.84;746.64;3.66;5.35;19.59
23.01.2021;14:05:14;1875.64;32.67;13.90;746.62;3.81;5.59;21.30
23.01.2021;14:06:14;1717.92;32.64;13.93;746.61;3.62;5.29;19.13
23.01.2021;14:07:14;1443.21;32.54;13.92;746.60;3.24;4.66;15.10
23.01.2021;14:08:14;1305.44;32.61;13.88;746.59;3.01;4.29;12.91
23.01.2021;14:09:14;1282.00;32.66;13.85;746.58;2.98;4.22;12.55
23.01.2021;14:10:14;1265.01;32.61;13.81;746.58;2.94;4.16;12.25
23.01.2021;14:11:14;1176.25;32.71;13.77;746.58;2.79;3.89;10.86
23.01.2021;14:12:14;1213.14;32.76;13.73;746.59;2.86;4.02;11.46
23.01.2021;14:13:14;1339.92;32.83;13.72;746.61;3.09;4.40;13.62
23.01.2021;14:14:14;1341.79;32.79;13.69;746.61;3.10;4.43;13.71
23.01.2021;14:15:14;1350.23;32.83;13.70;746.64;3.11;4.45;13.84
23.01.2021;14:16:14;1276.78;32.85;13.69;746.67;2.98;4.22;12.57
23.01.2021;14:17:14;1191.98;32.83;13.66;746.68;2.84;3.97;11.27
23.01.2021;14:18:14;1049.86;32.95;13.63;746.71;2.54;3.49;8.88
23.01.2021;14:19:14;994.40;32.97;13.58;746.72;2.40;3.26;7.83
23.01.2021;14:20:14;1071.17;33.05;13.53;746.71;2.55;3.53;9.01
23.01.2021;14:21:14;1132.07;33.12;13.50;746.71;2.70;3.75;10.11
23.01.2021;14:22:14;1198.01;33.17;13.48;746.71;2.86;4.03;11.54
23.01.2021;14:23:14;1340.31;33.20;13.49;746.72;3.13;4.47;14.00
23.01.2021;14:24:14;1362.44;33.26;13.48;746.74;3.17;4.54;14.37
23.01.2021;14:25:14;1346.27;33.23;13.51;746.76;3.15;4.50;14.16
23.01.2021;14:26:14;1360.44;33.19;13.51;746.78;3.18;4.56;14.48
23.01.2021;14:27:14;1283.79;33.22;13.52;746.79;3.04;4.32;13.11
23.01.2021;14:28:14;1123.57;33.20;13.50;746.80;2.70;3.77;10.20
23.01.2021;14:29:15;1147.92;33.24;13.47;746.81;2.77;3.87;10.73
23.01.2021;14:30:15;1225.51;33.31;13.44;746.81;2.93;4.15;12.16
23.01.2021;14:31:15;1187.86;33.31;13.44;746.81;2.85;4.01;11.42
23.01.2021;14:32:15;1124.25;33.36;13.43;746.79;2.72;3.78;10.29
23.01.2021;14:33:15;1070.36;33.33;13.38;746.80;2.62;3.62;9.47
23.01.2021;14:34:15;1012.98;33.47;13.35;746.81;2.48;3.39;8.43
23.01.2021;14:35:15;921.13;33.50;13.32;746.83;2.27;3.05;6.94
23.01.2021;14:36:15;980.35;33.55;13.27;746.85;2.44;3.33;8.14
23.01.2021;14:37:15;1064.58;33.61;13.24;746.87;2.64;3.66;9.68
23.01.2021;14:38:15;1097.08;33.74;13.23;746.87;2.71;3.77;10.21
23.01.2021;14:39:15;1120.79;33.74;13.23;746.88;2.76;3.85;10.61
23.01.2021;14:40:15;1115.44;33.77;13.23;746.89;2.75;3.84;10.58
23.01.2021;14:41:15;1036.36;33.86;13.20;746.88;2.59;3.57;9.23
23.01.2021;14:42:15;1076.30;33.86;13.18;746.86;2.69;3.75;10.06
23.01.2021;14:43:15;1113.28;33.92;13.19;746.84;2.77;3.86;10.69
23.01.2021;14:44:15;1097.74;33.95;13.18;746.83;2.73;3.81;10.42
23.01.2021;14:45:15;1047.00;33.93;13.18;746.83;2.61;3.61;9.43
23.01.2021;14:46:15;986.89;33.96;13.15;746.81;2.47;3.37;8.34
23.01.2021;14:47:15;989.65;33.94;13.12;746.82;2.49;3.41;8.51
23.01.2021;14:48:15;988.14;34.02;13.11;746.83;2.51;3.43;8.59
23.01.2021;14:49:15;1046.69;34.01;13.09;746.84;2.65;3.67;9.71
23.01.2021;14:50:15;1026.10;34.06;13.09;746.85;2.62;3.62;9.51
23.01.2021;14:51:15;987.60;34.10;13.08;746.87;2.54;3.48;8.82
23.01.2021;14:52:15;864.81;34.17;13.03;746.87;2.23;2.98;6.64
23.01.2021;14:53:15;766.96;34.21;12.99;746.90;1.97;2.52;4.97
23.01.2021;14:54:15;792.08;34.31;12.95;746.92;2.07;2.69;5.56
23.01.2021;14:55:16;871.25;34.32;12.96;746.94;2.29;3.08;7.06
23.01.2021;14:56:16;787.10;34.36;12.94;746.95;2.06;2.69;5.54
23.01.2021;14:57:16;729.28;34.41;12.92;746.96;1.93;2.43;4.69
23.01.2021;14:58:16;714.42;34.40;12.89;746.97;1.90;2.39;4.54
23.01.2021;14:59:16;707.56;34.46;12.87;746.96;1.89;2.37;4.49
23.01.2021;15:00:16;685.01;34.54;12.87;746.97;1.85;2.28;4.20
23.01.2021;15:01:16;685.51;34.51;12.86;746.98;1.86;2.30;4.27
23.01.2021;15:02:16;705.85;34.54;12.83;746.97;1.91;2.40;4.58
23.01.2021;15:03:16;684.01;34.55;12.80;746.97;1.85;2.29;4.25
23.01.2021;15:04:16;647.44;34.61;12.76;746.97;1.74;2.12;3.69
23.01.2021;15:05:16;691.68;34.72;12.73;746.96;1.88;2.35;4.41
23.01.2021;15:06:16;689.39;34.88;12.71;746.94;1.86;2.31;4.30
23.01.2021;15:07:16;658.04;34.85;12.70;746.93;1.75;2.14;3.76
23.01.2021;15:08:16;613.97;34.86;12.69;746.91;1.62;2.01;3.25
23.01.2021;15:09:16;601.44;34.86;12.66;746.90;1.60;1.98;3.17
23.01.2021;15:10:16;570.28;34.91;12.63;746.90;1.52;1.82;2.75
23.01.2021;15:11:16;581.61;34.94;12.61;746.89;1.56;1.91;2.97
23.01.2021;15:12:16;563.79;34.99;12.57;746.88;1.51;1.82;2.74
23.01.2021;15:13:16;584.01;35.18;12.54;746.87;1.58;1.93;3.04
23.01.2021;15:14:16;568.31;35.18;12.54;746.84;1.55;1.89;2.92
23.01.2021;15:15:16;526.93;35.22;12.53;746.84;1.44;1.70;2.44
23.01.2021;15:16:16;519.60;35.23;12.52;746.85;1.40;1.65;2.32
23.01.2021;15:17:16;484.99;35.29;12.49;746.86;1.31;1.49;1.96
23.01.2021;15:18:16;439.70;35.32;12.47;746.88;1.19;1.30;1.54
23.01.2021;15:19:16;416.74;35.35;12.46;746.89;1.13;1.20;1.35
23.01.2021;15:20:16;415.78;35.34;12.45;746.90;1.14;1.20;1.37
23.01.2021;15:21:16;403.84;35.37;12.42;746.90;1.09;1.14;1.24
23.01.2021;15:22:17;401.63;35.50;12.38;746.90;1.10;1.14;1.25
23.01.2021;15:23:17;414.36;35.58;12.35;746.90;1.16;1.23;1.42
23.01.2021;15:24:17;421.29;35.63;12.33;746.89;1.19;1.27;1.51
23.01.2021;15:25:17;396.58;35.64;12.33;746.88;1.09;1.12;1.22
23.01.2021;15:26:17;377.40;35.67;12.30;746.86;1.02;1.00;1.02
23.01.2021;15:27:17;371.26;35.70;12.29;746.85;1.01;0.98;0.99
23.01.2021;15:28:17;339.21;35.76;12.26;746.83;0.88;0.78;0.69
23.01.2021;15:29:17;336.10;35.79;12.26;746.84;0.86;0.75;0.65
23.01.2021;15:30:17;323.80;35.81;12.25;746.86;0.82;0.67;0.55
23.01.2021;15:31:17;291.07;35.83;12.21;746.88;0.73;0.52;0.38
23.01.2021;15:32:17;266.92;35.90;12.19;746.89;0.66;0.40;0.27
23.01.2021;15:33:17;259.21;35.89;12.18;746.90;0.64;0.39;0.25
23.01.2021;15:34:17;263.50;35.93;12.15;746.89;0.65;0.40;0.26
23.01.2021;15:35:17;260.04;36.02;12.15;746.88;0.64;0.38;0.25
23.01.2021;15:36:17;253.03;36.07;12.14;746.88;0.62;0.34;0.21
23.01.2021;15:37:17;242.46;36.04;12.12;746.86;0.60;0.32;0.19
23.01.2021;15:38:17;246.53;36.07;12.09;746.86;0.62;0.34;0.21
23.01.2021;15:39:17;236.64;36.22;12.08;746.85;0.58;0.29;0.17
23.01.2021;15:40:17;227.02;36.17;12.05;746.85;0.54;0.22;0.12
23.01.2021;15:41:17;208.49;36.23;12.04;746.86;0.48;0.11;0.05
23.01.2021;15:42:17;209.11;36.28;12.02;746.89;0.49;0.14;0.07
23.01.2021;15:43:17;214.10;36.37;12.02;746.89;0.53;0.20;0.11
23.01.2021;15:44:17;213.58;36.36;12.02;746.90;0.54;0.21;0.11
23.01.2021;15:45:17;212.27;36.34;12.01;746.88;0.54;0.21;0.12
23.01.2021;15:46:17;214.21;36.50;11.98;746.87;0.55;0.23;0.13
23.01.2021;15:47:17;205.68;36.49;11.98;746.87;0.52;0.18;0.09
23.01.2021;15:48:17;199.36;36.50;12.00;746.88;0.49;0.15;0.07
23.01.2021;15:49:18;198.77;36.47;11.98;746.89;0.49;0.14;0.07
23.01.2021;15:50:18;197.29;36.47;11.97;746.88;0.50;0.14;0.07
23.01.2021;15:51:18;193.39;36.53;11.97;746.87;0.49;0.12;0.06
23.01.2021;15:52:18;190.48;36.56;11.96;746.86;0.48;0.12;0.06
23.01.2021;15:53:18;188.90;36.60;11.97;746.84;0.48;0.12;0.06
23.01.2021;15:54:18;171.95;36.57;11.97;746.85;0.43;0.02;0.01
23.01.2021;15:55:18;161.06;36.58;11.98;746.85;0.39;0.00;0.00
23.01.2021;15:56:18;155.33;36.56;11.96;746.86;0.37;0.00;0.00
23.01.2021;15:57:18;151.79;36.63;11.96;746.87;0.37;0.00;0.00
23.01.2021;15:58:18;154.03;36.59;11.96;746.88;0.40;0.00;0.00
23.01.2021;15:59:18;160.19;36.57;11.94;746.89;0.44;0.04;0.02
23.01.2021;16:00:18;169.19;36.58;11.90;746.90;0.50;0.16;0.08
23.01.2021;16:01:18;172.03;36.66;11.90;746.90;0.54;0.23;0.13
23.01.2021;16:02:18;170.51;36.74;11.90;746.89;0.53;0.20;0.11
23.01.2021;16:03:18;160.03;36.71;11.87;746.88;0.48;0.11;0.05
23.01.2021;16:04:18;154.24;36.81;11.86;746.86;0.45;0.05;0.02
23.01.2021;16:05:18;144.31;36.84;11.88;746.87;0.40;0.00;0.00
23.01.2021;16:06:18;143.21;36.78;11.88;746.88;0.41;0.00;0.00
23.01.2021;16:07:18;144.39;36.76;11.87;746.89;0.45;0.06;0.03
23.01.2021;16:08:18;148.39;36.80;11.87;746.90;0.51;0.17;0.09
23.01.2021;16:09:18;145.76;36.83;11.84;746.91;0.51;0.17;0.09
23.01.2021;16:10:18;135.21;36.91;11.81;746.91;0.44;0.04;0.02
23.01.2021;16:11:18;123.93;36.98;11.80;746.92;0.38;0.00;0.00
23.01.2021;16:12:18;119.81;37.04;11.77;746.90;0.36;0.00;0.00
23.01.2021;16:13:18;113.21;37.00;11.77;746.88;0.33;0.00;0.00
23.01.2021;16:14:18;101.99;37.00;11.74;746.87;0.27;0.00;0.00
23.01.2021;16:15:18;95.35;37.08;11.70;746.86;0.24;0.00;0.00
23.01.2021;16:16:18;90.18;37.17;11.72;746.86;0.22;0.00;0.00
23.01.2021;16:17:18;81.94;37.14;11.72;746.87;0.19;0.00;0.00
23.01.2021;16:18:19;78.42;37.18;11.71;746.89;0.18;0.00;0.00
23.01.2021;16:19:19;76.78;37.21;11.71;746.87;0.18;0.00;0.00
23.01.2021;16:20:19;69.86;37.20;11.68;746.89;0.16;0.00;0.00
23.01.2021;16:21:19;62.25;37.26;11.68;746.89;0.13;0.00;0.00
23.01.2021;16:22:19;60.24;37.29;11.68;746.88;0.12;0.00;0.00
23.01.2021;16:23:19;56.74;37.27;11.68;746.87;0.11;0.00;0.00
23.01.2021;16:24:19;52.81;37.31;11.67;746.87;0.10;0.00;0.00
23.01.2021;16:25:19;48.43;37.28;11.65;746.88;0.08;0.00;0.00
23.01.2021;16:26:19;42.56;37.35;11.63;746.88;0.06;0.00;0.00
23.01.2021;16:27:19;37.71;37.33;11.61;746.88;0.05;0.00;0.00
23.01.2021;16:28:19;34.76;37.41;11.58;746.88;0.04;0.00;0.00
23.01.2021;16:29:19;32.23;37.52;11.57;746.89;0.03;0.00;0.00
23.01.2021;16:30:19;30.51;37.54;11.59;746.88;0.02;0.00;0.00
23.01.2021;16:31:19;28.99;37.53;11.57;746.86;0.02;0.00;0.00
23.01.2021;16:32:19;27.44;37.55;11.56;746.86;0.02;0.00;0.00
23.01.2021;16:33:19;25.18;37.57;11.56;746.85;0.01;0.00;0.00
23.01.2021;16:34:19;22.47;37.61;11.55;746.83;0.00;0.00;0.00
23.01.2021;16:35:19;21.03;37.60;11.54;746.84;0.00;0.00;0.00
23.01.2021;16:36:19;20.68;37.63;11.54;746.84;0.00;0.00;0.00
23.01.2021;16:37:19;18.99;37.64;11.56;746.84;0.00;0.00;0.00
23.01.2021;16:38:19;16.72;37.54;11.55;746.85;0.00;0.00;0.00
23.01.2021;16:39:19;15.81;37.60;11.53;746.86;0.00;0.00;0.00
23.01.2021;16:40:19;14.74;37.67;11.51;746.90;0.00;0.00;0.00
23.01.2021;16:41:19;13.67;37.68;11.51;746.92;0.00;0.00;0.00
23.01.2021;16:42:19;12.28;37.70;11.50;746.91;0.00;0.00;0.00
23.01.2021;16:43:19;11.21;37.78;11.50;746.90;0.00;0.00;0.00
23.01.2021;16:44:19;10.61;37.78;11.50;746.88;0.00;0.00;0.00
23.01.2021;16:45:19;9.81;37.74;11.49;746.87;0.00;0.00;0.00
23.01.2021;16:46:19;8.91;37.75;11.49;746.85;0.00;0.00;0.00
23.01.2021;16:47:19;7.90;37.83;11.48;746.83;0.00;0.00;0.00
23.01.2021;16:48:19;7.44;37.85;11.46;746.82;0.00;0.00;0.00
23.01.2021;16:49:20;6.67;37.78;11.48;746.83;0.00;0.00;0.00
23.01.2021;16:50:20;6.03;37.81;11.49;746.85;0.00;0.00;0.00
23.01.2021;16:51:20;5.82;37.81;11.48;746.85;0.00;0.00;0.00
23.01.2021;16:52:20;5.07;37.83;11.47;746.85;0.00;0.00;0.00
23.01.2021;16:53:20;5.01;37.84;11.48;746.86;0.00;0.00;0.00
23.01.2021;16:54:20;4.99;37.87;11.47;746.86;0.00;0.00;0.00
23.01.2021;16:55:20;4.27;37.81;11.45;746.86;0.00;0.00;0.00
23.01.2021;16:56:20;4.17;37.89;11.45;746.86;0.00;0.00;0.00
23.01.2021;16:57:20;4.17;37.87;11.47;746.87;0.00;0.00;0.00
23.01.2021;16:58:20;3.92;37.88;11.47;746.88;0.00;0.00;0.00
23.01.2021;16:59:20;3.33;37.88;11.44;746.89;0.00;0.00;0.00
23.01.2021;17:00:20;3.33;37.98;11.44;746.92;0.00;0.00;0.00
23.01.2021;17:01:20;3.35;37.91;11.44;746.93;0.00;0.00;0.00
23.01.2021;17:02:20;3.33;37.95;11.42;746.92;0.00;0.00;0.00
23.01.2021;17:03:20;3.33;37.91;11.42;746.94;0.00;0.00;0.00
23.01.2021;17:04:20;3.36;37.96;11.41;746.97;0.00;0.00;0.00
23.01.2021;17:05:20;3.33;37.96;11.41;746.99;0.00;0.00;0.00
23.01.2021;17:06:20;3.33;37.98;11.41;747.00;0.00;0.00;0.00
23.01.2021;17:07:20;3.33;38.03;11.42;747.00;0.00;0.00;0.00
23.01.2021;17:08:20;3.33;38.02;11.42;747.00;0.00;0.00;0.00
23.01.2021;17:09:20;3.28;37.98;11.41;747.01;0.00;0.00;0.00
23.01.2021;17:10:20;3.06;38.02;11.39;746.99;0.00;0.00;0.00
23.01.2021;17:11:20;2.80;38.14;11.35;746.96;0.00;0.00;0.00
23.01.2021;17:12:20;2.61;38.19;11.36;746.93;0.00;0.00;0.00
23.01.2021;17:13:20;2.51;38.10;11.37;746.90;0.00;0.00;0.00
23.01.2021;17:14:20;2.51;38.13;11.37;746.89;0.00;0.00;0.00
23.01.2021;17:15:20;2.53;38.08;11.40;746.88;0.00;0.00;0.00
23.01.2021;17:16:20;2.50;38.07;11.41;746.88;0.00;0.00;0.00
23.01.2021;17:17:20;2.50;38.07;11.39;746.88;0.00;0.00;0.00
23.01.2021;17:18:20;2.53;38.09;11.37;746.88;0.00;0.00;0.00
23.01.2021;17:19:20;2.50;38.09;11.36;746.88;0.00;0.00;0.00
23.01.2021;17:20:20;2.50;38.13;11.33;746.89;0.00;0.00;0.00
23.01.2021;17:21:21;2.51;38.16;11.31;746.91;0.00;0.00;0.00
23.01.2021;17:22:21;2.50;38.18;11.30;746.90;0.00;0.00;0.00
23.01.2021;17:23:21;2.50;38.28;11.29;746.90;0.00;0.00;0.00
23.01.2021;17:24:21;2.50;38.33;11.32;746.91;0.00;0.00;0.00
23.01.2021;17:25:21;2.50;38.32;11.33;746.92;0.00;0.00;0.00
23.01.2021;17:26:21;2.50;38.25;11.33;746.91;0.00;0.00;0.00
23.01.2021;17:27:21;2.50;38.26;11.36;746.90;0.00;0.00;0.00
23.01.2021;17:28:21;2.50;38.26;11.36;746.89;0.00;0.00;0.00
23.01.2021;17:29:21;2.51;38.29;11.34;746.88;0.00;0.00;0.00
23.01.2021;17:30:21;2.50;38.27;11.33;746.87;0.00;0.00;0.00
23.01.2021;17:31:21;2.50;38.24;11.33;746.85;0.00;0.00;0.00
23.01.2021;17:32:21;2.53;38.28;11.31;746.85;0.00;0.00;0.00
23.01.2021;17:33:21;2.50;38.32;11.32;746.85;0.00;0.00;0.00
23.01.2021;17:34:21;2.50;38.28;11.31;746.84;0.00;0.00;0.00
23.01.2021;17:35:21;2.51;38.31;11.31;746.83;0.00;0.00;0.00
23.01.2021;17:36:21;2.50;38.36;11.34;746.83;0.00;0.00;0.00
23.01.2021;17:37:21;2.50;38.26;11.33;746.82;0.00;0.00;0.00
23.01.2021;17:38:21;2.50;38.30;11.32;746.82;0.00;0.00;0.00
23.01.2021;17:39:21;2.50;38.29;11.36;746.83;0.00;0.00;0.00
23.01.2021;17:40:21;2.50;38.30;11.36;746.84;0.00;0.00;0.00
23.01.2021;17:41:21;2.50;38.33;11.37;746.83;0.00;0.00;0.00
23.01.2021;17:42:21;2.50;38.25;11.36;746.81;0.00;0.00;0.00
23.01.2021;17:43:21;2.51;38.28;11.35;746.81;0.00;0.00;0.00
23.01.2021;17:44:21;2.50;38.25;11.36;746.81;0.00;0.00;0.00
23.01.2021;17:45:21;2.50;38.24;11.36;746.82;0.00;0.00;0.00
23.01.2021;17:46:21;2.53;38.19;11.33;746.81;0.00;0.00;0.00
23.01.2021;17:47:21;2.50;38.22;11.32;746.79;0.00;0.00;0.00
23.01.2021;17:48:21;2.50;38.32;11.31;746.79;0.00;0.00;0.00
23.01.2021;17:49:21;2.51;38.37;11.29;746.79;0.00;0.00;0.00
23.01.2021;17:50:21;2.50;38.38;11.29;746.78;0.00;0.00;0.00
23.01.2021;17:51:21;2.50;38.32;11.27;746.80;0.00;0.00;0.00
23.01.2021;17:52:21;2.50;38.43;11.26;746.82;0.00;0.00;0.00
23.01.2021;17:53:22;2.50;38.47;11.30;746.84;0.00;0.00;0.00
23.01.2021;17:54:22;2.50;38.48;11.31;746.84;0.00;0.00;0.00
23.01.2021;17:55:22;2.50;38.40;11.33;746.83;0.00;0.00;0.00
23.01.2021;17:56:22;2.50;38.30;11.32;746.83;0.00;0.00;0.00
23.01.2021;17:57:22;2.51;38.33;11.31;746.81;0.00;0.00;0.00
23.01.2021;17:58:22;2.50;38.38;11.34;746.81;0.00;0.00;0.00
23.01.2021;17:59:22;2.50;38.38;11.34;746.82;0.00;0.00;0.00
23.01.2021;18:00:22;2.53;38.37;11.34;746.82;0.00;0.00;0.00
23.01.2021;18:01:22;2.50;38.31;11.31;746.82;0.00;0.00;0.00
23.01.2021;18:02:22;2.50;38.33;11.31;746.81;0.00;0.00;0.00
23.01.2021;18:03:22;2.51;38.38;11.33;746.79;0.00;0.00;0.00
23.01.2021;18:04:22;2.50;38.35;11.34;746.78;0.00;0.00;0.00
23.01.2021;18:05:22;2.50;38.34;11.34;746.78;0.00;0.00;0.00
23.01.2021;18:06:22;2.50;38.33;11.32;746.79;0.00;0.00;0.00
23.01.2021;18:07:22;2.50;38.37;11.32;746.80;0.00;0.00;0.00
23.01.2021;18:08:22;2.50;38.38;11.32;746.82;0.00;0.00;0.00
23.01.2021;18:09:22;2.50;38.34;11.32;746.83;0.00;0.00;0.00
23.01.2021;18:10:22;2.50;38.34;11.31;746.83;0.00;0.00;0.00
23.01.2021;18:11:22;2.51;38.41;11.32;746.82;0.00;0.00;0.00
23.01.2021;18:12:22;2.50;38.40;11.34;746.80;0.00;0.00;0.00
23.01.2021;18:13:22;2.50;38.37;11.36;746.77;0.00;0.00;0.00
23.01.2021;18:14:22;2.53;38.27;11.34;746.75;0.00;0.00;0.00
23.01.2021;18:15:22;2.50;38.35;11.32;746.75;0.00;0.00;0.00
23.01.2021;18:16:22;2.50;38.39;11.36;746.74;0.00;0.00;0.00
23.01.2021;18:17:22;2.51;38.33;11.38;746.73;0.00;0.00;0.00
23.01.2021;18:18:22;2.50;38.32;11.36;746.74;0.00;0.00;0.00
23.01.2021;18:19:22;2.50;38.32;11.38;746.74;0.00;0.00;0.00
23.01.2021;18:20:22;2.50;38.28;11.36;746.76;0.00;0.00;0.00
23.01.2021;18:21:22;2.50;38.36;11.36;746.78;0.00;0.00;0.00
23.01.2021;18:22:22;2.50;38.28;11.37;746.80;0.00;0.00;0.00
23.01.2021;18:23:22;2.50;38.37;11.36;746.81;0.00;0.00;0.00
23.01.2021;18:24:23;2.50;38.45;11.36;746.81;0.00;0.00;0.00
23.01.2021;18:25:23;2.51;38.36;11.38;746.82;0.00;0.00;0.00
23.01.2021;18:26:23;2.50;38.35;11.38;746.83;0.00;0.00;0.00
23.01.2021;18:27:23;2.50;38.27;11.37;746.85;0.00;0.00;0.00
23.01.2021;18:28:23;2.53;38.33;11.38;746.85;0.00;0.00;0.00
23.01.2021;18:29:23;2.50;38.40;11.38;746.84;0.00;0.00;0.00
23.01.2021;18:30:23;2.50;38.30;11.37;746.83;0.00;0.00;0.00
23.01.2021;18:31:23;2.51;38.32;11.37;746.80;0.00;0.00;0.00
23.01.2021;18:32:23;2.50;38.37;11.36;746.79;0.00;0.00;0.00
23.01.2021;18:33:23;2.50;38.34;11.35;746.81;0.00;0.00;0.00
23.01.2021;18:34:23;2.50;38.39;11.34;746.82;0.00;0.00;0.00
23.01.2021;18:35:23;2.50;38.40;11.32;746.82;0.00;0.00;0.00
23.01.2021;18:36:23;2.50;38.46;11.31;746.82;0.00;0.00;0.00
23.01.2021;18:37:23;2.50;38.56;11.32;746.81;0.00;0.00;0.00
23.01.2021;18:38:23;2.50;38.46;11.34;746.82;0.00;0.00;0.00
23.01.2021;18:39:23;2.51;38.46;11.34;746.81;0.00;0.00;0.00
23.01.2021;18:40:23;2.50;38.52;11.32;746.82;0.00;0.00;0.00
23.01.2021;18:41:23;2.50;38.50;11.33;746.84;0.00;0.00;0.00
23.01.2021;18:42:23;2.53;38.50;11.34;746.84;0.00;0.00;0.00
23.01.2021;18:43:23;2.50;38.48;11.32;746.84;0.00;0.00;0.00
23.01.2021;18:44:23;2.50;38.49;11.31;746.84;0.00;0.00;0.00
23.01.2021;18:45:23;2.51;38.61;11.32;746.86;0.00;0.00;0.00
23.01.2021;18:46:23;2.50;38.51;11.32;746.85;0.00;0.00;0.00
23.01.2021;18:47:23;2.50;38.52;11.33;746.86;0.00;0.00;0.00
23.01.2021;18:48:23;2.50;38.51;11.33;746.88;0.00;0.00;0.00
23.01.2021;18:49:23;2.50;38.53;11.36;746.86;0.00;0.00;0.00
23.01.2021;18:50:23;2.50;38.50;11.36;746.82;0.00;0.00;0.00
23.01.2021;18:51:23;2.50;38.52;11.33;746.79;0.00;0.00;0.00
23.01.2021;18:52:23;2.50;38.51;11.32;746.78;0.00;0.00;0.00
23.01.2021;18:53:23;2.51;38.55;11.33;746.77;0.00;0.00;0.00
23.01.2021;18:54:23;2.50;38.51;11.33;746.78;0.00;0.00;0.00
23.01.2021;18:55:23;2.50;38.57;11.31;746.79;0.00;0.00;0.00
23.01.2021;18:56:24;2.53;38.57;11.33;746.78;0.00;0.00;0.00
23.01.2021;18:57:24;2.50;38.60;11.35;746.76;0.00;0.00;0.00
23.01.2021;18:58:24;2.50;38.52;11.35;746.77;0.00;0.00;0.00
23.01.2021;18:59:24;2.51;38.54;11.33;746.78;0.00;0.00;0.00
23.01.2021;19:00:24;2.50;38.59;11.32;746.77;0.00;0.00;0.00
23.01.2021;19:01:24;2.50;38.57;11.32;746.76;0.00;0.00;0.00
23.01.2021;19:02:24;2.50;38.52;11.31;746.73;0.00;0.00;0.00
23.01.2021;19:03:24;2.50;38.62;11.35;746.72;0.00;0.00;0.00
23.01.2021;19:04:24;2.50;38.49;11.35;746.71;0.00;0.00;0.00
23.01.2021;19:05:24;2.50;38.52;11.32;746.70;0.00;0.00;0.00
23.01.2021;19:06:24;2.50;38.62;11.30;746.69;0.00;0.00;0.00
23.01.2021;19:07:24;2.51;38.59;11.32;746.68;0.00;0.00;0.00
23.01.2021;19:08:24;2.50;38.64;11.32;746.67;0.00;0.00;0.00
23.01.2021;19:09:24;2.50;38.56;11.34;746.68;0.00;0.00;0.00
23.01.2021;19:10:24;2.53;38.51;11.34;746.68;0.00;0.00;0.00
23.01.2021;19:11:24;2.50;38.57;11.34;746.69;0.00;0.00;0.00
23.01.2021;19:12:24;2.50;38.57;11.36;746.69;0.00;0.00;0.00
23.01.2021;19:13:24;2.51;38.55;11.36;746.68;0.00;0.00;0.00
23.01.2021;19:14:24;2.50;38.57;11.35;746.66;0.00;0.00;0.00
23.01.2021;19:15:24;2.50;38.56;11.35;746.68;0.00;0.00;0.00
23.01.2021;19:16:24;2.50;38.56;11.35;746.69;0.00;0.00;0.00
23.01.2021;19:17:24;2.50;38.56;11.36;746.68;0.00;0.00;0.00
23.01.2021;19:18:24;2.50;38.52;11.37;746.70;0.00;0.00;0.00
23.01.2021;19:19:24;2.50;38.64;11.35;746.73;0.00;0.00;0.00
23.01.2021;19:20:24;2.50;38.51;11.36;746.73;0.00;0.00;0.00
23.01.2021;19:21:24;2.51;38.50;11.37;746.72;0.00;0.00;0.00
23.01.2021;19:22:24;2.50;38.49;11.36;746.69;0.00;0.00;0.00
23.01.2021;19:23:24;2.50;38.53;11.38;746.68;0.00;0.00;0.00
23.01.2021;19:24:24;2.53;38.46;11.39;746.70;0.00;0.00;0.00
23.01.2021;19:25:24;2.50;38.44;11.39;746.70;0.00;0.00;0.00
23.01.2021;19:26:25;2.50;38.46;11.35;746.68;0.00;0.00;0.00
23.01.2021;19:27:24;2.51;38.58;11.37;746.67;0.00;0.00;0.00
23.01.2021;19:28:25;2.50;38.56;11.38;746.65;0.00;0.00;0.00
23.01.2021;19:29:25;2.50;38.44;11.39;746.64;0.00;0.00;0.00
23.01.2021;19:30:25;2.50;38.44;11.37;746.64;0.00;0.00;0.00
23.01.2021;19:31:25;2.50;38.56;11.38;746.65;0.00;0.00;0.00
23.01.2021;19:32:25;2.50;38.50;11.39;746.64;0.00;0.00;0.00
23.01.2021;19:33:25;2.50;38.51;11.38;746.63;0.00;0.00;0.00
23.01.2021;19:34:25;2.50;38.47;11.36;746.61;0.00;0.00;0.00
23.01.2021;19:35:25;2.51;38.51;11.36;746.59;0.00;0.00;0.00
23.01.2021;19:36:25;2.50;38.52;11.37;746.59;0.00;0.00;0.00
23.01.2021;19:37:25;2.50;38.53;11.37;746.58;0.00;0.00;0.00
23.01.2021;19:38:25;2.53;38.59;11.38;746.58;0.00;0.00;0.00
23.01.2021;19:39:25;2.50;38.56;11.39;746.58;0.00;0.00;0.00
23.01.2021;19:40:25;2.50;38.46;11.39;746.56;0.00;0.00;0.00
23.01.2021;19:41:25;2.51;38.48;11.37;746.55;0.00;0.00;0.00
23.01.2021;19:42:25;2.50;38.48;11.39;746.55;0.00;0.00;0.00
23.01.2021;19:43:25;2.50;38.47;11.40;746.55;0.00;0.00;0.00
23.01.2021;19:44:25;2.50;38.44;11.41;746.53;0.00;0.00;0.00
23.01.2021;19:45:25;2.50;38.47;11.39;746.52;0.00;0.00;0.00
23.01.2021;19:46:25;2.50;38.49;11.40;746.50;0.00;0.00;0.00
23.01.2021;19:47:25;2.50;38.43;11.41;746.48;0.00;0.00;0.00
23.01.2021;19:48:25;2.50;38.48;11.43;746.47;0.00;0.00;0.00
23.01.2021;19:49:25;2.51;38.49;11.42;746.48;0.00;0.00;0.00
23.01.2021;19:50:25;2.50;38.46;11.40;746.53;0.00;0.00;0.00
23.01.2021;19:51:25;2.50;38.42;11.40;746.54;0.00;0.00;0.00
23.01.2021;19:52:25;2.53;38.40;11.40;746.52;0.00;0.00;0.00
23.01.2021;19:53:25;2.50;38.48;11.39;746.51;0.00;0.00;0.00
23.01.2021;19:54:25;2.50;38.46;11.39;746.50;0.00;0.00;0.00
23.01.2021;19:55:25;2.51;38.48;11.37;746.49;0.00;0.00;0.00
23.01.2021;19:56:25;2.50;38.59;11.36;746.49;0.00;0.00;0.00
23.01.2021;19:57:25;2.50;38.50;11.36;746.52;0.00;0.00;0.00
23.01.2021;19:58:25;2.50;38.52;11.38;746.54;0.00;0.00;0.00
23.01.2021;19:59:25;2.50;38.58;11.39;746.52;0.00;0.00;0.00
23.01.2021;20:00:26;2.50;38.48;11.38;746.51;0.00;0.00;0.00
23.01.2021;20:01:26;2.50;38.57;11.36;746.51;0.00;0.00;0.00
23.01.2021;20:02:26;2.50;38.59;11.38;746.48;0.00;0.00;0.00
23.01.2021;20:03:26;2.51;38.53;11.38;746.44;0.00;0.00;0.00
23.01.2021;20:04:26;2.50;38.56;11.41;746.43;0.00;0.00;0.00
23.01.2021;20:05:26;2.50;38.52;11.40;746.44;0.00;0.00;0.00
23.01.2021;20:06:26;2.53;38.47;11.38;746.43;0.00;0.00;0.00
23.01.2021;20:07:26;2.50;38.52;11.40;746.42;0.00;0.00;0.00
23.01.2021;20:08:26;2.50;38.45;11.43;746.39;0.00;0.00;0.00
23.01.2021;20:09:26;2.51;38.40;11.42;746.37;0.00;0.00;0.00
23.01.2021;20:10:26;2.50;38.44;11.41;746.39;0.00;0.00;0.00
23.01.2021;20:11:26;2.50;38.53;11.41;746.41;0.00;0.00;0.00
23.01.2021;20:12:26;2.50;38.51;11.42;746.41;0.00;0.00;0.00
23.01.2021;20:13:26;2.50;38.45;11.40;746.43;0.00;0.00;0.00
23.01.2021;20:14:26;2.50;38.50;11.40;746.47;0.00;0.00;0.00
23.01.2021;20:15:26;2.50;38.45;11.40;746.49;0.00;0.00;0.00
23.01.2021;20:16:26;2.50;38.51;11.41;746.47;0.00;0.00;0.00
23.01.2021;20:17:26;2.51;38.51;11.44;746.46;0.00;0.00;0.00
23.01.2021;20:18:26;2.50;38.43;11.41;746.48;0.00;0.00;0.00
23.01.2021;20:19:26;2.50;38.54;11.41;746.52;0.00;0.00;0.00
23.01.2021;20:20:26;2.53;38.48;11.42;746.54;0.00;0.00;0.00
23.01.2021;20:21:26;2.50;38.47;11.45;746.55;0.00;0.00;0.00
23.01.2021;20:22:26;2.50;38.42;11.43;746.59;0.00;0.00;0.00
23.01.2021;20:23:26;2.51;38.53;11.42;746.57;0.00;0.00;0.00
23.01.2021;20:24:26;2.50;38.54;11.43;746.56;0.00;0.00;0.00
23.01.2021;20:25:26;2.50;38.48;11.43;746.56;0.00;0.00;0.00
23.01.2021;20:26:26;2.50;38.46;11.43;746.54;0.00;0.00;0.00
23.01.2021;20:27:26;2.50;38.44;11.44;746.55;0.00;0.00;0.00
23.01.2021;20:28:26;2.50;38.45;11.42;746.53;0.00;0.00;0.00
23.01.2021;20:29:26;2.50;38.49;11.41;746.51;0.00;0.00;0.00
23.01.2021;20:30:26;2.50;38.51;11.41;746.51;0.00;0.00;0.00
23.01.2021;20:31:26;2.51;38.57;11.44;746.50;0.00;0.00;0.00
23.01.2021;20:32:27;2.50;38.54;11.44;746.53;0.00;0.00;0.00
23.01.2021;20:33:27;2.50;38.47;11.45;746.58;0.00;0.00;0.00
23.01.2021;20:34:27;2.53;38.50;11.47;746.58;0.00;0.00;0.00
23.01.2021;20:35:27;2.50;38.43;11.47;746.57;0.00;0.00;0.00
23.01.2021;20:36:27;2.50;38.41;11.46;746.56;0.00;0.00;0.00
23.01.2021;20:37:27;2.51;38.45;11.47;746.55;0.00;0.00;0.00
23.01.2021;20:38:27;2.50;38.47;11.48;746.57;0.00;0.00;0.00
23.01.2021;20:39:27;2.50;38.41;11.47;746.55;0.00;0.00;0.00
23.01.2021;20:40:27;2.50;38.47;11.47;746.51;0.00;0.00;0.00
23.01.2021;20:41:27;2.50;38.45;11.47;746.52;0.00;0.00;0.00
23.01.2021;20:42:27;2.50;38.38;11.47;746.53;0.00;0.00;0.00
23.01.2021;20:43:27;2.50;38.46;11.47;746.52;0.00;0.00;0.00
23.01.2021;20:44:27;2.50;38.41;11.51;746.53;0.00;0.00;0.00
23.01.2021;20:45:27;2.51;38.32;11.49;746.55;0.00;0.00;0.00
23.01.2021;20:46:27;2.50;38.36;11.50;746.54;0.00;0.00;0.00
23.01.2021;20:47:27;2.50;38.37;11.50;746.55;0.00;0.00;0.00
23.01.2021;20:48:27;2.53;38.37;11.47;746.58;0.00;0.00;0.00
23.01.2021;20:49:27;2.50;38.45;11.49;746.57;0.00;0.00;0.00
23.01.2021;20:50:27;2.50;38.46;11.50;746.55;0.00;0.00;0.00
23.01.2021;20:51:27;2.51;38.37;11.48;746.53;0.00;0.00;0.00
23.01.2021;20:52:27;2.50;38.41;11.48;746.50;0.00;0.00;0.00
23.01.2021;20:53:27;2.50;38.55;11.49;746.50;0.00;0.00;0.00
23.01.2021;20:54:27;2.50;38.49;11.52;746.52;0.00;0.00;0.00
23.01.2021;20:55:27;2.50;38.30;11.51;746.53;0.00;0.00;0.00
23.01.2021;20:56:27;2.50;38.38;11.51;746.53;0.00;0.00;0.00
23.01.2021;20:57:27;2.50;38.33;11.53;746.53;0.00;0.00;0.00
23.01.2021;20:58:27;2.50;38.33;11.54;746.51;0.00;0.00;0.00
23.01.2021;20:59:27;2.51;38.29;11.56;746.53;0.00;0.00;0.00
23.01.2021;21:00:27;2.50;38.31;11.56;746.55;0.00;0.00;0.00
23.01.2021;21:01:27;2.50;38.29;11.54;746.51;0.00;0.00;0.00
23.01.2021;21:02:27;2.53;38.32;11.52;746.51;0.00;0.00;0.00
23.01.2021;21:03:27;2.50;38.40;11.53;746.49;0.00;0.00;0.00
23.01.2021;21:04:28;2.50;38.42;11.54;746.51;0.00;0.00;0.00
23.01.2021;21:05:28;2.51;38.32;11.55;746.50;0.00;0.00;0.00
23.01.2021;21:06:28;2.50;38.33;11.54;746.47;0.00;0.00;0.00
23.01.2021;21:07:28;2.50;38.31;11.54;746.45;0.00;0.00;0.00
23.01.2021;21:08:28;2.50;38.34;11.57;746.45;0.00;0.00;0.00
23.01.2021;21:09:28;2.50;38.29;11.55;746.46;0.00;0.00;0.00
23.01.2021;21:10:28;2.50;38.42;11.56;746.45;0.00;0.00;0.00
23.01.2021;21:11:28;2.50;38.32;11.56;746.43;0.00;0.00;0.00
23.01.2021;21:12:28;2.50;38.26;11.56;746.43;0.00;0.00;0.00
23.01.2021;21:13:28;2.51;38.25;11.55;746.42;0.00;0.00;0.00
23.01.2021;21:14:28;2.50;38.30;11.54;746.43;0.00;0.00;0.00
23.01.2021;21:15:28;2.50;38.35;11.54;746.44;0.00;0.00;0.00
23.01.2021;21:16:28;2.53;38.38;11.57;746.41;0.00;0.00;0.00
23.01.2021;21:17:28;2.50;38.28;11.56;746.38;0.00;0.00;0.00
23.01.2021;21:18:28;2.50;38.31;11.59;746.37;0.00;0.00;0.00
23.01.2021;21:19:28;2.51;38.39;11.60;746.36;0.00;0.00;0.00
23.01.2021;21:20:28;2.50;38.37;11.60;746.37;0.00;0.00;0.00
23.01.2021;21:21:28;2.50;38.28;11.59;746.35;0.00;0.00;0.00
23.01.2021;21:22:28;2.50;38.24;11.61;746.33;0.00;0.00;0.00
23.01.2021;21:23:28;2.50;38.24;11.61;746.33;0.00;0.00;0.00
23.01.2021;21:24:28;2.50;38.21;11.61;746.33;0.00;0.00;0.00
23.01.2021;21:25:28;2.50;38.22;11.60;746.34;0.00;0.00;0.00
23.01.2021;21:26:28;2.50;38.26;11.59;746.32;0.00;0.00;0.00
23.01.2021;21:27:28;2.51;38.28;11.60;746.31;0.00;0.00;0.00
23.01.2021;21:28:28;2.50;38.35;11.58;746.30;0.00;0.00;0.00
23.01.2021;21:29:28;2.50;38.33;11.59;746.30;0.00;0.00;0.00
23.01.2021;21:30:28;2.53;38.32;11.61;746.29;0.00;0.00;0.00
23.01.2021;21:31:28;2.50;38.29;11.61;746.28;0.00;0.00;0.00
23.01.2021;21:32:28;2.50;38.30;11.62;746.28;0.00;0.00;0.00
23.01.2021;21:33:28;2.51;38.21;11.62;746.28;0.00;0.00;0.00
23.01.2021;21:34:28;2.50;38.30;11.62;746.25;0.00;0.00;0.00
23.01.2021;21:35:29;2.50;38.19;11.62;746.22;0.00;0.00;0.00
23.01.2021;21:36:29;2.50;38.28;11.62;746.23;0.00;0.00;0.00
23.01.2021;21:37:29;2.50;38.25;11.62;746.21;0.00;0.00;0.00
23.01.2021;21:38:29;2.50;38.25;11.59;746.20;0.00;0.00;0.00
23.01.2021;21:39:29;2.50;38.28;11.60;746.19;0.00;0.00;0.00
23.01.2021;21:40:29;2.50;38.31;11.61;746.18;0.00;0.00;0.00
23.01.2021;21:41:29;2.51;38.26;11.62;746.17;0.00;0.00;0.00
23.01.2021;21:42:29;2.50;38.34;11.63;746.16;0.00;0.00;0.00
23.01.2021;21:43:29;2.50;38.31;11.64;746.14;0.00;0.00;0.00
23.01.2021;21:44:29;2.53;38.32;11.63;746.14;0.00;0.00;0.00
23.01.2021;21:45:29;2.50;38.33;11.63;746.12;0.00;0.00;0.00
23.01.2021;21:46:29;2.50;38.34;11.64;746.11;0.00;0.00;0.00
23.01.2021;21:47:29;2.51;38.20;11.64;746.10;0.00;0.00;0.00
23.01.2021;21:48:29;2.50;38.29;11.63;746.06;0.00;0.00;0.00
23.01.2021;21:49:29;2.50;38.33;11.66;746.03;0.00;0.00;0.00
23.01.2021;21:50:29;2.50;38.20;11.66;746.02;0.00;0.00;0.00
23.01.2021;21:51:29;2.50;38.24;11.66;746.02;0.00;0.00;0.00
23.01.2021;21:52:29;2.50;38.29;11.65;746.03;0.00;0.00;0.00
23.01.2021;21:53:29;2.50;38.21;11.64;746.03;0.00;0.00;0.00
23.01.2021;21:54:29;2.50;38.23;11.66;746.01;0.00;0.00;0.00
23.01.2021;21:55:29;2.51;38.28;11.68;745.99;0.00;0.00;0.00
23.01.2021;21:56:29;2.50;38.31;11.69;745.98;0.00;0.00;0.00
23.01.2021;21:57:29;2.50;38.15;11.69;745.97;0.00;0.00;0.00
23.01.2021;21:58:29;2.53;38.15;11.70;745.96;0.00;0.00;0.00
23.01.2021;21:59:29;2.50;38.17;11.69;745.96;0.00;0.00;0.00
23.01.2021;22:00:29;2.50;38.22;11.69;745.95;0.00;0.00;0.00
23.01.2021;22:01:29;2.51;38.20;11.71;745.94;0.00;0.00;0.00
23.01.2021;22:02:29;2.50;38.17;11.71;745.94;0.00;0.00;0.00
23.01.2021;22:03:29;2.50;38.10;11.71;745.93;0.00;0.00;0.00
23.01.2021;22:04:29;2.50;38.16;11.71;745.92;0.00;0.00;0.00
23.01.2021;22:05:29;2.50;38.12;11.70;745.92;0.00;0.00;0.00
23.01.2021;22:06:29;2.50;38.07;11.69;745.92;0.00;0.00;0.00
23.01.2021;22:07:30;2.50;38.24;11.69;745.93;0.00;0.00;0.00
23.01.2021;22:08:30;2.50;38.29;11.70;745.93;0.00;0.00;0.00
23.01.2021;22:09:30;2.51;38.16;11.68;745.94;0.00;0.00;0.00
23.01.2021;22:10:30;2.50;38.25;11.69;745.95;0.00;0.00;0.00
23.01.2021;22:11:30;2.50;38.22;11.69;745.95;0.00;0.00;0.00
23.01.2021;22:12:30;2.53;38.24;11.70;745.93;0.00;0.00;0.00
23.01.2021;22:13:30;2.50;38.22;11.67;745.91;0.00;0.00;0.00
23.01.2021;22:14:30;2.50;38.27;11.65;745.90;0.00;0.00;0.00
23.01.2021;22:15:30;2.51;38.35;11.66;745.91;0.00;0.00;0.00
23.01.2021;22:16:30;2.50;38.28;11.69;745.93;0.00;0.00;0.00
23.01.2021;22:17:30;2.50;38.28;11.74;745.94;0.00;0.00;0.00
23.01.2021;22:18:30;2.50;38.13;11.74;745.93;0.00;0.00;0.00
23.01.2021;22:19:30;2.50;38.17;11.74;745.96;0.00;0.00;0.00
23.01.2021;22:20:30;2.50;38.15;11.74;745.95;0.00;0.00;0.00
23.01.2021;22:21:30;2.50;38.11;11.72;745.91;0.00;0.00;0.00
23.01.2021;22:22:30;2.50;38.19;11.71;745.89;0.00;0.00;0.00
23.01.2021;22:23:30;2.51;38.23;11.71;745.92;0.00;0.00;0.00
23.01.2021;22:24:30;2.50;38.19;11.70;745.92;0.00;0.00;0.00
23.01.2021;22:25:30;2.50;38.20;11.69;745.92;0.00;0.00;0.00
23.01.2021;22:26:30;2.53;38.23;11.70;745.91;0.00;0.00;0.00
23.01.2021;22:27:30;2.50;38.24;11.70;745.91;0.00;0.00;0.00
23.01.2021;22:28:30;2.50;38.25;11.70;745.90;0.00;0.00;0.00
23.01.2021;22:29:30;2.51;38.25;11.71;745.91;0.00;0.00;0.00
23.01.2021;22:30:30;2.50;38.23;11.72;745.92;0.00;0.00;0.00
23.01.2021;22:31:30;2.50;38.24;11.71;745.90;0.00;0.00;0.00
23.01.2021;22:32:30;2.50;38.15;11.69;745.88;0.00;0.00;0.00
23.01.2021;22:33:30;2.50;38.26;11.74;745.89;0.00;0.00;0.00
23.01.2021;22:34:30;2.50;38.20;11.72;745.87;0.00;0.00;0.00
23.01.2021;22:35:30;2.50;38.20;11.71;745.87;0.00;0.00;0.00
23.01.2021;22:36:30;2.50;38.31;11.74;745.89;0.00;0.00;0.00
23.01.2021;22:37:30;2.51;38.21;11.76;745.91;0.00;0.00;0.00
23.01.2021;22:38:30;2.50;38.17;11.80;745.90;0.00;0.00;0.00
23.01.2021;22:39:31;2.50;38.06;11.81;745.90;0.00;0.00;0.00
23.01.2021;22:40:31;2.53;38.05;11.77;745.90;0.00;0.00;0.00
23.01.2021;22:41:31;2.50;38.15;11.77;745.92;0.00;0.00;0.00
23.01.2021;22:42:31;2.50;38.09;11.77;745.94;0.00;0.00;0.00
23.01.2021;22:43:31;2.51;38.13;11.76;745.92;0.00;0.00;0.00
23.01.2021;22:44:31;2.50;38.11;11.76;745.91;0.00;0.00;0.00
23.01.2021;22:45:31;2.50;38.13;11.76;745.92;0.00;0.00;0.00
23.01.2021;22:46:31;2.50;38.23;11.78;745.92;0.00;0.00;0.00
23.01.2021;22:47:31;2.50;38.15;11.77;745.94;0.00;0.00;0.00
23.01.2021;22:48:31;2.50;38.15;11.79;745.92;0.00;0.00;0.00
23.01.2021;22:49:31;2.50;38.12;11.81;745.90;0.00;0.00;0.00
23.01.2021;22:50:31;2.50;38.11;11.81;745.91;0.00;0.00;0.00
23.01.2021;22:51:31;2.51;38.06;11.81;745.91;0.00;0.00;0.00
23.01.2021;22:52:31;2.50;38.06;11.79;745.92;0.00;0.00;0.00
23.01.2021;22:53:31;2.50;38.16;11.79;745.93;0.00;0.00;0.00
23.01.2021;22:54:31;2.53;38.13;11.77;745.94;0.00;0.00;0.00
23.01.2021;22:55:31;2.50;38.19;11.75;745.95;0.00;0.00;0.00
23.01.2021;22:56:31;2.50;38.20;11.77;745.94;0.00;0.00;0.00
23.01.2021;22:57:31;2.51;38.24;11.77;745.92;0.00;0.00;0.00
23.01.2021;22:58:31;2.50;38.24;11.77;745.88;0.00;0.00;0.00
23.01.2021;22:59:31;2.50;38.22;11.77;745.89;0.00;0.00;0.00
23.01.2021;23:00:31;2.50;38.22;11.77;745.91;0.00;0.00;0.00
23.01.2021;23:01:31;2.50;38.21;11.78;745.87;0.00;0.00;0.00
23.01.2021;23:02:31;2.50;38.26;11.79;745.86;0.00;0.00;0.00
23.01.2021;23:03:31;2.50;38.19;11.77;745.84;0.00;0.00;0.00
23.01.2021;23:04:31;2.50;38.22;11.78;745.84;0.00;0.00;0.00
23.01.2021;23:05:31;2.51;38.20;11.81;745.84;0.00;0.00;0.00
23.01.2021;23:06:31;2.50;38.19;11.79;745.83;0.00;0.00;0.00
23.01.2021;23:07:31;2.50;38.20;11.80;745.83;0.00;0.00;0.00
23.01.2021;23:08:31;2.53;38.19;11.80;745.83;0.00;0.00;0.00
23.01.2021;23:09:31;2.50;38.20;11.77;745.81;0.00;0.00;0.00
23.01.2021;23:10:32;2.50;38.22;11.76;745.80;0.00;0.00;0.00
23.01.2021;23:11:32;2.51;38.28;11.76;745.78;0.00;0.00;0.00
23.01.2021;23:12:32;2.50;38.34;11.80;745.78;0.00;0.00;0.00
23.01.2021;23:13:32;2.50;38.33;11.82;745.79;0.00;0.00;0.00
23.01.2021;23:14:32;2.50;38.25;11.82;745.80;0.00;0.00;0.00
23.01.2021;23:15:32;2.50;38.23;11.82;745.79;0.00;0.00;0.00
23.01.2021;23:16:32;2.50;38.23;11.81;745.77;0.00;0.00;0.00
23.01.2021;23:17:32;2.50;38.25;11.82;745.75;0.00;0.00;0.00
23.01.2021;23:18:32;2.50;38.21;11.85;745.73;0.00;0.00;0.00
23.01.2021;23:19:32;2.51;38.24;11.85;745.71;0.00;0.00;0.00
23.01.2021;23:20:32;2.50;38.17;11.85;745.70;0.00;0.00;0.00
23.01.2021;23:21:32;2.50;38.17;11.84;745.70;0.00;0.00;0.00
23.01.2021;23:22:32;2.53;38.15;11.82;745.69;0.00;0.00;0.00
23.01.2021;23:23:32;2.50;38.25;11.85;745.70;0.00;0.00;0.00
23.01.2021;23:24:32;2.50;38.18;11.85;745.70;0.00;0.00;0.00
23.01.2021;23:25:32;2.51;38.21;11.83;745.68;0.00;0.00;0.00
23.01.2021;23:26:32;2.50;38.18;11.82;745.68;0.00;0.00;0.00
23.01.2021;23:27:32;2.50;38.21;11.82;745.67;0.00;0.00;0.00
23.01.2021;23:28:32;2.50;38.23;11.83;745.67;0.00;0.00;0.00
23.01.2021;23:29:32;2.50;38.20;11.82;745.65;0.00;0.00;0.00
23.01.2021;23:30:32;2.50;38.26;11.83;745.63;0.00;0.00;0.00
23.01.2021;23:31:32;2.50;38.30;11.82;745.64;0.00;0.00;0.00
23.01.2021;23:32:32;2.50;38.33;11.83;745.62;0.00;0.00;0.00
23.01.2021;23:33:32;2.51;38.24;11.86;745.62;0.00;0.00;0.00
23.01.2021;23:34:32;2.50;38.19;11.86;745.62;0.00;0.00;0.00
23.01.2021;23:35:32;2.50;38.23;11.88;745.61;0.00;0.00;0.00
23.01.2021;23:36:32;2.53;38.16;11.89;745.61;0.00;0.00;0.00
23.01.2021;23:37:32;2.50;38.08;11.86;745.60;0.00;0.00;0.00
23.01.2021;23:38:32;2.50;38.16;11.87;745.59;0.00;0.00;0.00
23.01.2021;23:39:32;2.51;38.19;11.87;745.60;0.00;0.00;0.00
23.01.2021;23:40:32;2.50;38.24;11.89;745.58;0.00;0.00;0.00
23.01.2021;23:41:32;2.50;38.14;11.88;745.57;0.00;0.00;0.00
23.01.2021;23:42:33;2.50;38.14;11.87;745.57;0.00;0.00;0.00
23.01.2021;23:43:33;2.50;38.19;11.87;745.55;0.00;0.00;0.00
23.01.2021;23:44:33;2.50;38.16;11.87;745.55;0.00;0.00;0.00
23.01.2021;23:45:33;2.50;38.20;11.87;745.55;0.00;0.00;0.00
23.01.2021;23:46:33;2.50;38.21;11.88;745.55;0.00;0.00;0.00
23.01.2021;23:47:33;2.51;38.18;11.88;745.55;0.00;0.00;0.00
23.01.2021;23:48:33;2.50;38.20;11.88;745.54;0.00;0.00;0.00
23.01.2021;23:49:33;2.50;38.26;11.88;745.54;0.00;0.00;0.00
23.01.2021;23:50:33;2.53;38.21;11.88;745.52;0.00;0.00;0.00
23.01.2021;23:51:33;2.50;38.18;11.90;745.51;0.00;0.00;0.00
23.01.2021;23:52:33;2.50;38.14;11.90;745.52;0.00;0.00;0.00
23.01.2021;23:53:33;2.51;38.20;11.91;745.53;0.00;0.00;0.00
23.01.2021;23:54:33;2.50;38.19;11.91;745.51;0.00;0.00;0.00
23.01.2021;23:55:33;2.50;38.23;11.92;745.51;0.00;0.00;0.00
23.01.2021;23:56:33;2.50;38.18;11.96;745.52;0.00;0.00;0.00
23.01.2021;23:57:33;2.50;38.08;11.96;745.53;0.00;0.00;0.00
23.01.2021;23:58:33;2.50;38.08;11.95;745.53;0.00;0.00;0.00
23.01.2021;23:59:33;2.50;38.18;11.93;745.52;0.00;0.00;0.00
