23.12.2020;0:00:54;3.33;43.24;11.00;757.68;0.00;0.00;0.00
23.12.2020;0:01:54;3.33;43.29;11.01;757.68;0.00;0.00;0.00
23.12.2020;0:02:54;3.33;43.21;11.01;757.66;0.00;0.00;0.00
23.12.2020;0:03:54;3.35;42.88;11.00;757.65;0.00;0.00;0.00
23.12.2020;0:04:54;3.33;43.22;10.99;757.62;0.00;0.00;0.00
23.12.2020;0:05:54;3.33;43.24;10.98;757.61;0.00;0.00;0.00
23.12.2020;0:06:54;3.36;43.16;10.97;757.58;0.00;0.00;0.00
23.12.2020;0:07:54;3.33;43.29;10.98;757.57;0.00;0.00;0.00
23.12.2020;0:08:54;3.33;43.28;10.97;757.55;0.00;0.00;0.00
23.12.2020;0:09:54;3.35;43.30;10.96;757.54;0.00;0.00;0.00
23.12.2020;0:10:54;3.33;43.37;10.96;757.53;0.00;0.00;0.00
23.12.2020;0:11:54;3.33;43.39;10.95;757.53;0.00;0.00;0.00
23.12.2020;0:12:54;3.33;43.50;10.97;757.52;0.00;0.00;0.00
23.12.2020;0:13:54;3.33;43.27;10.95;757.53;0.00;0.00;0.00
23.12.2020;0:14:54;3.33;43.12;10.94;757.53;0.00;0.00;0.00
23.12.2020;0:15:54;3.33;43.50;10.94;757.53;0.00;0.00;0.00
23.12.2020;0:16:54;3.33;43.30;10.95;757.52;0.00;0.00;0.00
23.12.2020;0:17:55;3.35;43.20;10.94;757.51;0.00;0.00;0.00
23.12.2020;0:18:55;3.33;43.40;10.93;757.50;0.00;0.00;0.00
23.12.2020;0:19:55;3.33;43.42;10.93;757.50;0.00;0.00;0.00
23.12.2020;0:20:55;3.36;43.48;10.93;757.50;0.00;0.00;0.00
23.12.2020;0:21:55;3.33;43.06;10.92;757.50;0.00;0.00;0.00
23.12.2020;0:22:55;3.33;43.26;10.92;757.49;0.00;0.00;0.00
23.12.2020;0:23:55;3.35;43.42;10.92;757.50;0.00;0.00;0.00
23.12.2020;0:24:55;3.33;43.51;10.92;757.48;0.00;0.00;0.00
23.12.2020;0:25:55;3.33;43.58;10.93;757.50;0.00;0.00;0.00
23.12.2020;0:26:55;3.33;43.50;10.94;757.50;0.00;0.00;0.00
23.12.2020;0:27:55;3.33;43.11;10.94;757.48;0.00;0.00;0.00
23.12.2020;0:28:55;3.33;43.20;10.94;757.48;0.00;0.00;0.00
23.12.2020;0:29:55;3.33;43.47;10.94;757.46;0.00;0.00;0.00
23.12.2020;0:30:55;3.33;43.27;10.94;757.44;0.00;0.00;0.00
23.12.2020;0:31:55;3.35;43.51;10.94;757.44;0.00;0.00;0.00
23.12.2020;0:32:55;3.33;43.53;10.93;757.45;0.00;0.00;0.00
23.12.2020;0:33:55;3.33;43.30;10.94;757.46;0.00;0.00;0.00
23.12.2020;0:34:55;3.36;43.25;10.94;757.45;0.00;0.00;0.00
23.12.2020;0:35:55;3.33;43.47;10.94;757.44;0.00;0.00;0.00
23.12.2020;0:36:55;3.33;43.33;10.95;757.41;0.00;0.00;0.00
23.12.2020;0:37:55;3.35;43.36;10.94;757.40;0.00;0.00;0.00
23.12.2020;0:38:55;3.33;43.40;10.95;757.40;0.00;0.00;0.00
23.12.2020;0:39:55;3.33;42.55;10.95;757.38;0.00;0.00;0.00
23.12.2020;0:40:55;3.33;43.30;10.95;757.38;0.00;0.00;0.00
23.12.2020;0:41:55;3.33;43.16;10.96;757.38;0.00;0.00;0.00
23.12.2020;0:42:55;3.33;43.07;10.96;757.40;0.00;0.00;0.00
23.12.2020;0:43:55;3.33;43.10;10.95;757.40;0.00;0.00;0.00
23.12.2020;0:44:55;3.33;43.35;10.95;757.41;0.00;0.00;0.00
23.12.2020;0:45:55;3.35;43.29;10.94;757.40;0.00;0.00;0.00
23.12.2020;0:46:55;3.33;42.88;10.94;757.39;0.00;0.00;0.00
23.12.2020;0:47:55;3.33;43.27;10.93;757.38;0.00;0.00;0.00
23.12.2020;0:48:55;3.36;43.43;10.94;757.39;0.00;0.00;0.00
23.12.2020;0:49:56;3.33;43.15;10.95;757.39;0.00;0.00;0.00
23.12.2020;0:50:56;3.33;43.37;10.96;757.39;0.00;0.00;0.00
23.12.2020;0:51:56;3.35;43.14;10.96;757.39;0.00;0.00;0.00
23.12.2020;0:52:56;3.33;43.23;10.96;757.41;0.00;0.00;0.00
23.12.2020;0:53:56;3.33;43.18;10.95;757.40;0.00;0.00;0.00
23.12.2020;0:54:56;3.33;43.20;10.95;757.38;0.00;0.00;0.00
23.12.2020;0:55:56;3.33;43.18;10.95;757.36;0.00;0.00;0.00
23.12.2020;0:56:56;3.33;43.01;10.96;757.32;0.00;0.00;0.00
23.12.2020;0:57:56;3.33;43.11;10.97;757.30;0.00;0.00;0.00
23.12.2020;0:58:56;3.33;43.12;10.99;757.28;0.00;0.00;0.00
23.12.2020;0:59:56;3.35;43.18;10.98;757.25;0.00;0.00;0.00
23.12.2020;1:00:56;3.33;43.32;11.00;757.23;0.00;0.00;0.00
23.12.2020;1:01:56;3.33;43.11;11.00;757.22;0.00;0.00;0.00
23.12.2020;1:02:56;3.36;43.25;11.01;757.22;0.00;0.00;0.00
23.12.2020;1:03:56;3.33;43.10;11.02;757.21;0.00;0.00;0.00
23.12.2020;1:04:56;3.33;43.05;11.01;757.22;0.00;0.00;0.00
23.12.2020;1:05:56;3.35;42.36;11.01;757.18;0.00;0.00;0.00
23.12.2020;1:06:56;3.33;43.03;11.01;757.21;0.00;0.00;0.00
23.12.2020;1:07:56;3.33;42.82;11.01;757.22;0.00;0.00;0.00
23.12.2020;1:08:56;3.33;43.03;11.00;757.21;0.00;0.00;0.00
23.12.2020;1:09:56;3.33;43.15;11.01;757.22;0.00;0.00;0.00
23.12.2020;1:10:56;3.33;42.81;11.02;757.21;0.00;0.00;0.00
23.12.2020;1:11:56;3.33;42.71;11.01;757.19;0.00;0.00;0.00
23.12.2020;1:12:56;3.33;42.99;11.01;757.19;0.00;0.00;0.00
23.12.2020;1:13:56;3.35;43.02;11.00;757.19;0.00;0.00;0.00
23.12.2020;1:14:56;3.33;42.92;11.00;757.18;0.00;0.00;0.00
23.12.2020;1:15:56;3.33;42.99;11.01;757.18;0.00;0.00;0.00
23.12.2020;1:16:56;3.36;42.89;11.02;757.18;0.00;0.00;0.00
23.12.2020;1:17:56;3.33;42.66;11.01;757.19;0.00;0.00;0.00
23.12.2020;1:18:56;3.33;43.02;11.00;757.17;0.00;0.00;0.00
23.12.2020;1:19:56;3.35;42.66;11.01;757.18;0.00;0.00;0.00
23.12.2020;1:20:56;3.33;42.56;11.00;757.16;0.00;0.00;0.00
23.12.2020;1:21:56;3.33;43.00;11.01;757.16;0.00;0.00;0.00
23.12.2020;1:22:57;3.33;42.79;11.01;757.15;0.00;0.00;0.00
23.12.2020;1:23:57;3.33;42.77;11.01;757.14;0.00;0.00;0.00
23.12.2020;1:24:57;3.33;42.65;11.00;757.13;0.00;0.00;0.00
23.12.2020;1:25:57;3.33;42.55;10.98;757.10;0.00;0.00;0.00
23.12.2020;1:26:57;3.33;42.99;10.98;757.11;0.00;0.00;0.00
23.12.2020;1:27:57;3.35;42.88;10.98;757.09;0.00;0.00;0.00
23.12.2020;1:28:57;3.33;42.88;10.98;757.09;0.00;0.00;0.00
23.12.2020;1:29:57;3.33;42.37;10.97;757.09;0.00;0.00;0.00
23.12.2020;1:30:57;3.36;42.80;10.97;757.09;0.00;0.00;0.00
23.12.2020;1:31:57;3.33;42.89;10.96;757.08;0.00;0.00;0.00
23.12.2020;1:32:57;3.33;42.81;10.97;757.08;0.00;0.00;0.00
23.12.2020;1:33:57;3.35;43.09;10.97;757.07;0.00;0.00;0.00
23.12.2020;1:34:57;3.33;43.04;10.98;757.07;0.00;0.00;0.00
23.12.2020;1:35:57;3.33;43.05;10.99;757.06;0.00;0.00;0.00
23.12.2020;1:36:57;3.33;43.09;10.99;757.05;0.00;0.00;0.00
23.12.2020;1:37:57;3.33;42.68;11.00;757.02;0.00;0.00;0.00
23.12.2020;1:38:57;3.33;42.82;10.99;757.03;0.00;0.00;0.00
23.12.2020;1:39:57;3.33;43.02;11.01;757.04;0.00;0.00;0.00
23.12.2020;1:40:57;3.33;42.80;11.02;757.04;0.00;0.00;0.00
23.12.2020;1:41:57;3.35;42.52;11.01;757.05;0.00;0.00;0.00
23.12.2020;1:42:57;3.33;42.94;11.01;757.05;0.00;0.00;0.00
23.12.2020;1:43:57;3.33;43.00;11.02;757.05;0.00;0.00;0.00
23.12.2020;1:44:57;3.36;42.99;11.02;757.06;0.00;0.00;0.00
23.12.2020;1:45:57;3.33;42.92;11.02;757.06;0.00;0.00;0.00
23.12.2020;1:46:57;3.33;42.85;11.04;757.05;0.00;0.00;0.00
23.12.2020;1:47:57;3.35;42.62;11.03;757.03;0.00;0.00;0.00
23.12.2020;1:48:57;3.33;42.54;11.02;757.01;0.00;0.00;0.00
23.12.2020;1:49:57;3.33;42.90;11.02;757.02;0.00;0.00;0.00
23.12.2020;1:50:57;3.33;42.93;11.03;757.00;0.00;0.00;0.00
23.12.2020;1:51:57;3.33;42.95;11.04;757.01;0.00;0.00;0.00
23.12.2020;1:52:57;3.33;42.45;11.04;756.99;0.00;0.00;0.00
23.12.2020;1:53:57;3.33;42.70;11.03;757.01;0.00;0.00;0.00
23.12.2020;1:54:57;3.33;42.56;11.02;757.00;0.00;0.00;0.00
23.12.2020;1:55:58;3.35;42.67;11.02;756.99;0.00;0.00;0.00
23.12.2020;1:56:58;3.33;42.80;11.02;757.01;0.00;0.00;0.00
23.12.2020;1:57:58;3.33;42.82;11.03;757.02;0.00;0.00;0.00
23.12.2020;1:58:58;3.36;42.63;11.02;756.99;0.00;0.00;0.00
23.12.2020;1:59:58;3.33;42.65;11.03;757.01;0.00;0.00;0.00
23.12.2020;2:00:58;3.33;42.47;11.03;757.00;0.00;0.00;0.00
23.12.2020;2:01:58;3.35;42.63;11.02;756.99;0.00;0.00;0.00
23.12.2020;2:02:58;3.33;42.75;11.02;756.99;0.00;0.00;0.00
23.12.2020;2:03:58;3.33;42.79;11.02;756.97;0.00;0.00;0.00
23.12.2020;2:04:58;3.33;42.47;11.01;756.95;0.00;0.00;0.00
23.12.2020;2:05:58;3.33;42.46;11.00;756.95;0.00;0.00;0.00
23.12.2020;2:06:58;3.33;42.74;10.99;756.99;0.00;0.00;0.00
23.12.2020;2:07:58;3.33;42.84;10.99;756.99;0.00;0.00;0.00
23.12.2020;2:08:58;3.33;42.72;10.99;756.99;0.00;0.00;0.00
23.12.2020;2:09:58;3.35;42.83;11.01;756.97;0.00;0.00;0.00
23.12.2020;2:10:58;3.33;42.83;11.02;756.97;0.00;0.00;0.00
23.12.2020;2:11:58;3.33;42.52;11.03;756.98;0.00;0.00;0.00
23.12.2020;2:12:58;3.36;42.76;11.03;757.00;0.00;0.00;0.00
23.12.2020;2:13:58;3.33;42.77;11.02;756.98;0.00;0.00;0.00
23.12.2020;2:14:58;3.33;42.46;11.02;757.00;0.00;0.00;0.00
23.12.2020;2:15:58;3.35;42.73;11.03;756.96;0.00;0.00;0.00
23.12.2020;2:16:58;3.33;42.41;11.02;756.96;0.00;0.00;0.00
23.12.2020;2:17:58;3.33;42.29;11.01;756.97;0.00;0.00;0.00
23.12.2020;2:18:58;3.33;42.75;11.02;756.97;0.00;0.00;0.00
23.12.2020;2:19:58;3.33;42.63;11.02;756.95;0.00;0.00;0.00
23.12.2020;2:20:58;3.33;42.78;11.02;756.95;0.00;0.00;0.00
23.12.2020;2:21:58;3.33;42.84;11.01;756.95;0.00;0.00;0.00
23.12.2020;2:22:58;3.33;42.92;11.03;756.94;0.00;0.00;0.00
23.12.2020;2:23:58;3.35;42.80;11.04;756.95;0.00;0.00;0.00
23.12.2020;2:24:58;3.33;42.73;11.05;756.95;0.00;0.00;0.00
23.12.2020;2:25:58;3.33;42.80;11.05;756.96;0.00;0.00;0.00
23.12.2020;2:26:58;3.36;42.61;11.05;756.94;0.00;0.00;0.00
23.12.2020;2:27:59;3.33;42.55;11.04;756.94;0.00;0.00;0.00
23.12.2020;2:28:59;3.33;42.62;11.04;756.92;0.00;0.00;0.00
23.12.2020;2:29:59;3.35;42.70;11.02;756.90;0.00;0.00;0.00
23.12.2020;2:30:59;3.33;42.68;11.01;756.89;0.00;0.00;0.00
23.12.2020;2:31:59;3.33;42.80;11.01;756.87;0.00;0.00;0.00
23.12.2020;2:32:59;3.33;42.62;11.00;756.84;0.00;0.00;0.00
23.12.2020;2:33:59;3.33;42.86;11.01;756.84;0.00;0.00;0.00
23.12.2020;2:34:59;3.33;42.77;11.01;756.81;0.00;0.00;0.00
23.12.2020;2:35:59;3.33;42.75;11.00;756.82;0.00;0.00;0.00
23.12.2020;2:36:59;3.33;42.81;11.00;756.80;0.00;0.00;0.00
23.12.2020;2:37:59;3.35;42.40;11.00;756.78;0.00;0.00;0.00
23.12.2020;2:38:59;3.33;42.38;10.99;756.76;0.00;0.00;0.00
23.12.2020;2:39:59;3.33;42.68;10.99;756.76;0.00;0.00;0.00
23.12.2020;2:40:59;3.36;42.66;10.99;756.76;0.00;0.00;0.00
23.12.2020;2:41:59;3.33;42.55;10.99;756.76;0.00;0.00;0.00
23.12.2020;2:42:59;3.33;42.77;10.98;756.75;0.00;0.00;0.00
23.12.2020;2:43:59;3.35;42.53;10.98;756.74;0.00;0.00;0.00
23.12.2020;2:44:59;3.33;42.55;10.98;756.74;0.00;0.00;0.00
23.12.2020;2:45:59;3.33;42.68;10.98;756.71;0.00;0.00;0.00
23.12.2020;2:46:59;3.33;42.76;10.98;756.69;0.00;0.00;0.00
23.12.2020;2:47:59;3.33;42.64;10.99;756.66;0.00;0.00;0.00
23.12.2020;2:48:59;3.33;42.44;11.00;756.67;0.00;0.00;0.00
23.12.2020;2:49:59;3.33;42.50;10.99;756.65;0.00;0.00;0.00
23.12.2020;2:50:59;3.33;42.48;10.97;756.63;0.00;0.00;0.00
23.12.2020;2:51:59;3.35;42.62;10.97;756.62;0.00;0.00;0.00
23.12.2020;2:52:59;3.33;42.54;10.99;756.62;0.00;0.00;0.00
23.12.2020;2:53:59;3.33;42.64;10.99;756.60;0.00;0.00;0.00
23.12.2020;2:54:59;3.36;42.75;11.01;756.57;0.00;0.00;0.00
23.12.2020;2:55:59;3.33;42.74;11.02;756.53;0.00;0.00;0.00
23.12.2020;2:56:59;3.33;42.72;11.04;756.52;0.00;0.00;0.00
23.12.2020;2:57:59;3.35;42.60;11.04;756.51;0.00;0.00;0.00
23.12.2020;2:58:59;3.33;42.45;11.05;756.50;0.00;0.00;0.00
23.12.2020;3:00:00;3.33;42.50;11.06;756.51;0.00;0.00;0.00
23.12.2020;3:01:00;3.33;42.09;11.07;756.51;0.00;0.00;0.00
23.12.2020;3:02:00;3.33;42.56;11.05;756.51;0.00;0.00;0.00
23.12.2020;3:03:00;3.33;42.66;11.06;756.52;0.00;0.00;0.00
23.12.2020;3:04:00;3.33;41.91;11.07;756.50;0.00;0.00;0.00
23.12.2020;3:05:00;3.33;41.82;11.04;756.47;0.00;0.00;0.00
23.12.2020;3:06:00;3.35;42.24;11.04;756.47;0.00;0.00;0.00
23.12.2020;3:07:00;3.33;42.32;11.04;756.47;0.00;0.00;0.00
23.12.2020;3:08:00;3.33;42.31;11.04;756.46;0.00;0.00;0.00
23.12.2020;3:09:00;3.36;42.43;11.03;756.44;0.00;0.00;0.00
23.12.2020;3:10:00;3.33;42.63;11.04;756.44;0.00;0.00;0.00
23.12.2020;3:11:00;3.33;42.67;11.04;756.44;0.00;0.00;0.00
23.12.2020;3:12:00;3.35;42.63;11.04;756.44;0.00;0.00;0.00
23.12.2020;3:13:00;3.33;42.40;11.04;756.43;0.00;0.00;0.00
23.12.2020;3:14:00;3.33;42.39;11.04;756.41;0.00;0.00;0.00
23.12.2020;3:15:00;3.33;42.63;11.04;756.41;0.00;0.00;0.00
23.12.2020;3:16:00;3.33;42.48;11.03;756.41;0.00;0.00;0.00
23.12.2020;3:17:00;3.33;42.53;11.02;756.38;0.00;0.00;0.00
23.12.2020;3:18:00;3.33;42.64;11.02;756.36;0.00;0.00;0.00
23.12.2020;3:19:00;3.33;42.58;11.01;756.33;0.00;0.00;0.00
23.12.2020;3:20:00;3.35;42.71;11.00;756.31;0.00;0.00;0.00
23.12.2020;3:21:00;3.33;42.70;11.00;756.28;0.00;0.00;0.00
23.12.2020;3:22:00;3.33;42.41;10.98;756.26;0.00;0.00;0.00
23.12.2020;3:23:00;3.36;42.81;10.97;756.25;0.00;0.00;0.00
23.12.2020;3:24:00;3.33;42.79;10.98;756.24;0.00;0.00;0.00
23.12.2020;3:25:00;3.33;42.77;10.98;756.22;0.00;0.00;0.00
23.12.2020;3:26:00;3.35;42.65;10.98;756.22;0.00;0.00;0.00
23.12.2020;3:27:00;3.33;42.78;10.98;756.19;0.00;0.00;0.00
23.12.2020;3:28:00;3.33;42.60;10.98;756.16;0.00;0.00;0.00
23.12.2020;3:29:00;3.33;42.74;10.98;756.12;0.00;0.00;0.00
23.12.2020;3:30:00;3.33;42.80;10.99;756.12;0.00;0.00;0.00
23.12.2020;3:31:00;3.33;42.88;10.99;756.12;0.00;0.00;0.00
23.12.2020;3:32:00;3.33;42.50;11.00;756.11;0.00;0.00;0.00
23.12.2020;3:33:01;3.33;42.59;10.99;756.12;0.00;0.00;0.00
23.12.2020;3:34:01;3.35;42.71;11.00;756.13;0.00;0.00;0.00
23.12.2020;3:35:01;3.33;42.73;10.99;756.13;0.00;0.00;0.00
23.12.2020;3:36:01;3.33;42.18;10.99;756.12;0.00;0.00;0.00
23.12.2020;3:37:01;3.36;42.29;10.98;756.12;0.00;0.00;0.00
23.12.2020;3:38:01;3.33;42.46;10.98;756.12;0.00;0.00;0.00
23.12.2020;3:39:01;3.33;42.63;10.98;756.11;0.00;0.00;0.00
23.12.2020;3:40:01;3.35;42.23;10.98;756.09;0.00;0.00;0.00
23.12.2020;3:41:01;3.33;42.73;10.97;756.10;0.00;0.00;0.00
23.12.2020;3:42:01;3.33;42.73;10.99;756.10;0.00;0.00;0.00
23.12.2020;3:43:01;3.33;42.20;11.00;756.11;0.00;0.00;0.00
23.12.2020;3:44:01;3.33;42.69;11.00;756.10;0.00;0.00;0.00
23.12.2020;3:45:01;3.33;42.50;11.00;756.08;0.00;0.00;0.00
23.12.2020;3:46:01;3.33;42.39;11.00;756.09;0.00;0.00;0.00
23.12.2020;3:47:01;3.33;42.63;11.00;756.08;0.00;0.00;0.00
23.12.2020;3:48:01;3.35;42.61;11.00;756.07;0.00;0.00;0.00
23.12.2020;3:49:01;3.33;42.67;11.01;756.04;0.00;0.00;0.00
23.12.2020;3:50:01;3.33;42.73;11.00;756.01;0.00;0.00;0.00
23.12.2020;3:51:01;3.36;42.76;11.00;756.01;0.00;0.00;0.00
23.12.2020;3:52:01;3.33;42.65;10.99;755.99;0.00;0.00;0.00
23.12.2020;3:53:01;3.33;42.30;10.98;755.98;0.00;0.00;0.00
23.12.2020;3:54:01;3.35;42.77;10.99;755.99;0.00;0.00;0.00
23.12.2020;3:55:01;3.33;42.57;10.99;755.97;0.00;0.00;0.00
23.12.2020;3:56:01;3.33;42.50;10.99;755.97;0.00;0.00;0.00
23.12.2020;3:57:01;3.33;42.63;10.99;755.95;0.00;0.00;0.00
23.12.2020;3:58:01;3.33;42.73;10.99;755.93;0.00;0.00;0.00
23.12.2020;3:59:01;3.33;42.51;10.99;755.91;0.00;0.00;0.00
23.12.2020;4:00:01;3.33;42.66;11.00;755.89;0.00;0.00;0.00
23.12.2020;4:01:01;3.33;42.74;11.02;755.87;0.00;0.00;0.00
23.12.2020;4:02:01;3.35;42.72;11.03;755.84;0.00;0.00;0.00
23.12.2020;4:03:01;3.33;42.66;11.03;755.82;0.00;0.00;0.00
23.12.2020;4:04:01;3.33;42.28;11.02;755.80;0.00;0.00;0.00
23.12.2020;4:05:01;3.36;42.48;11.03;755.79;0.00;0.00;0.00
23.12.2020;4:06:02;3.33;42.56;11.02;755.76;0.00;0.00;0.00
23.12.2020;4:07:02;3.33;42.69;11.03;755.75;0.00;0.00;0.00
23.12.2020;4:08:02;3.35;42.65;11.04;755.76;0.00;0.00;0.00
23.12.2020;4:09:02;3.33;42.44;11.04;755.76;0.00;0.00;0.00
23.12.2020;4:10:02;3.33;42.26;11.03;755.72;0.00;0.00;0.00
23.12.2020;4:11:02;3.33;42.35;11.03;755.73;0.00;0.00;0.00
23.12.2020;4:12:02;3.33;42.26;11.03;755.70;0.00;0.00;0.00
23.12.2020;4:13:02;3.33;42.58;11.03;755.70;0.00;0.00;0.00
23.12.2020;4:14:02;3.33;42.34;11.03;755.67;0.00;0.00;0.00
23.12.2020;4:15:02;3.33;42.15;11.03;755.65;0.00;0.00;0.00
23.12.2020;4:16:02;3.35;42.46;11.02;755.66;0.00;0.00;0.00
23.12.2020;4:17:02;3.33;42.56;11.03;755.65;0.00;0.00;0.00
23.12.2020;4:18:02;3.33;42.54;11.05;755.63;0.00;0.00;0.00
23.12.2020;4:19:02;3.36;42.64;11.05;755.63;0.00;0.00;0.00
23.12.2020;4:20:02;3.33;42.11;11.05;755.59;0.00;0.00;0.00
23.12.2020;4:21:02;3.33;41.93;11.05;755.58;0.00;0.00;0.00
23.12.2020;4:22:02;3.35;42.28;11.05;755.58;0.00;0.00;0.00
23.12.2020;4:23:02;3.33;42.42;11.06;755.59;0.00;0.00;0.00
23.12.2020;4:24:02;3.33;42.08;11.05;755.58;0.00;0.00;0.00
23.12.2020;4:25:02;3.33;42.46;11.05;755.58;0.00;0.00;0.00
23.12.2020;4:26:02;3.33;42.26;11.06;755.56;0.00;0.00;0.00
23.12.2020;4:27:02;3.33;42.33;11.06;755.55;0.00;0.00;0.00
23.12.2020;4:28:02;3.33;42.40;11.06;755.55;0.00;0.00;0.00
23.12.2020;4:29:02;3.33;42.35;11.06;755.53;0.00;0.00;0.00
23.12.2020;4:30:02;3.35;42.52;11.06;755.52;0.00;0.00;0.00
23.12.2020;4:31:02;3.33;42.46;11.05;755.54;0.00;0.00;0.00
23.12.2020;4:32:02;3.33;42.29;11.04;755.52;0.00;0.00;0.00
23.12.2020;4:33:02;3.36;42.39;11.03;755.52;0.00;0.00;0.00
23.12.2020;4:34:02;3.33;42.28;11.04;755.53;0.00;0.00;0.00
23.12.2020;4:35:02;3.33;42.46;11.04;755.53;0.00;0.00;0.00
23.12.2020;4:36:02;3.35;42.52;11.04;755.53;0.00;0.00;0.00
23.12.2020;4:37:02;3.33;42.56;11.04;755.52;0.00;0.00;0.00
23.12.2020;4:38:03;3.33;42.45;11.05;755.50;0.00;0.00;0.00
23.12.2020;4:39:03;3.33;42.49;11.05;755.49;0.00;0.00;0.00
23.12.2020;4:40:03;3.33;42.47;11.06;755.47;0.00;0.00;0.00
23.12.2020;4:41:03;3.33;42.43;11.06;755.45;0.00;0.00;0.00
23.12.2020;4:42:03;3.33;42.52;11.06;755.43;0.00;0.00;0.00
23.12.2020;4:43:03;3.33;42.21;11.07;755.42;0.00;0.00;0.00
23.12.2020;4:44:03;3.35;42.05;11.07;755.41;0.00;0.00;0.00
23.12.2020;4:45:03;3.33;42.27;11.07;755.41;0.00;0.00;0.00
23.12.2020;4:46:03;3.33;42.40;11.07;755.41;0.00;0.00;0.00
23.12.2020;4:47:03;3.36;42.28;11.07;755.38;0.00;0.00;0.00
23.12.2020;4:48:03;3.33;42.46;11.06;755.37;0.00;0.00;0.00
23.12.2020;4:49:03;3.33;42.55;11.08;755.36;0.00;0.00;0.00
23.12.2020;4:50:03;3.35;42.43;11.09;755.33;0.00;0.00;0.00
23.12.2020;4:51:03;3.33;42.31;11.08;755.34;0.00;0.00;0.00
23.12.2020;4:52:03;3.33;42.02;11.08;755.33;0.00;0.00;0.00
23.12.2020;4:53:03;3.33;42.42;11.08;755.33;0.00;0.00;0.00
23.12.2020;4:54:03;3.33;42.49;11.09;755.34;0.00;0.00;0.00
23.12.2020;4:55:03;3.33;42.15;11.11;755.32;0.00;0.00;0.00
23.12.2020;4:56:03;3.33;42.29;11.12;755.34;0.00;0.00;0.00
23.12.2020;4:57:03;3.33;42.30;11.11;755.34;0.00;0.00;0.00
23.12.2020;4:58:03;3.35;42.33;11.11;755.34;0.00;0.00;0.00
23.12.2020;4:59:03;3.33;42.36;11.11;755.35;0.00;0.00;0.00
23.12.2020;5:00:03;3.33;42.14;11.09;755.33;0.00;0.00;0.00
23.12.2020;5:01:03;3.36;42.27;11.09;755.34;0.00;0.00;0.00
23.12.2020;5:02:03;3.33;42.30;11.08;755.33;0.00;0.00;0.00
23.12.2020;5:03:03;3.33;42.25;11.08;755.35;0.00;0.00;0.00
23.12.2020;5:04:03;3.35;42.30;11.07;755.35;0.00;0.00;0.00
23.12.2020;5:05:03;3.33;42.50;11.09;755.34;0.00;0.00;0.00
23.12.2020;5:06:03;3.33;42.36;11.09;755.32;0.00;0.00;0.00
23.12.2020;5:07:03;3.33;42.34;11.07;755.32;0.00;0.00;0.00
23.12.2020;5:08:03;3.33;42.28;11.07;755.31;0.00;0.00;0.00
23.12.2020;5:09:03;3.33;42.49;11.07;755.32;0.00;0.00;0.00
23.12.2020;5:10:03;3.33;42.43;11.07;755.30;0.00;0.00;0.00
23.12.2020;5:11:04;3.33;42.19;11.06;755.30;0.00;0.00;0.00
23.12.2020;5:12:04;3.35;42.36;11.05;755.28;0.00;0.00;0.00
23.12.2020;5:13:04;3.33;42.50;11.05;755.27;0.00;0.00;0.00
23.12.2020;5:14:04;3.33;42.05;11.06;755.24;0.00;0.00;0.00
23.12.2020;5:15:04;3.36;42.56;11.06;755.22;0.00;0.00;0.00
23.12.2020;5:16:04;3.33;42.53;11.07;755.22;0.00;0.00;0.00
23.12.2020;5:17:04;3.33;42.43;11.07;755.21;0.00;0.00;0.00
23.12.2020;5:18:04;3.35;42.49;11.06;755.20;0.00;0.00;0.00
23.12.2020;5:19:04;3.33;42.41;11.07;755.20;0.00;0.00;0.00
23.12.2020;5:20:04;3.33;42.07;11.06;755.19;0.00;0.00;0.00
23.12.2020;5:21:04;3.33;42.29;11.06;755.19;0.00;0.00;0.00
23.12.2020;5:22:04;3.33;42.45;11.07;755.18;0.00;0.00;0.00
23.12.2020;5:23:04;3.33;42.44;11.08;755.16;0.00;0.00;0.00
23.12.2020;5:24:04;3.33;42.58;11.09;755.16;0.00;0.00;0.00
23.12.2020;5:25:04;3.33;42.48;11.10;755.16;0.00;0.00;0.00
23.12.2020;5:26:04;3.35;42.07;11.10;755.17;0.00;0.00;0.00
23.12.2020;5:27:04;3.33;42.34;11.10;755.17;0.00;0.00;0.00
23.12.2020;5:28:04;3.33;42.50;11.13;755.19;0.00;0.00;0.00
23.12.2020;5:29:04;3.36;42.49;11.14;755.19;0.00;0.00;0.00
23.12.2020;5:30:04;3.33;42.54;11.14;755.18;0.00;0.00;0.00
23.12.2020;5:31:04;3.33;42.49;11.15;755.17;0.00;0.00;0.00
23.12.2020;5:32:04;3.35;42.36;11.16;755.16;0.00;0.00;0.00
23.12.2020;5:33:04;3.33;42.22;11.17;755.13;0.00;0.00;0.00
23.12.2020;5:34:04;3.33;42.34;11.16;755.14;0.00;0.00;0.00
23.12.2020;5:35:04;3.33;42.14;11.15;755.12;0.00;0.00;0.00
23.12.2020;5:36:04;3.33;42.47;11.15;755.13;0.00;0.00;0.00
23.12.2020;5:37:04;3.33;42.48;11.15;755.13;0.00;0.00;0.00
23.12.2020;5:38:04;3.33;42.45;11.15;755.12;0.00;0.00;0.00
23.12.2020;5:39:04;3.33;42.41;11.15;755.12;0.00;0.00;0.00
23.12.2020;5:40:04;3.35;42.32;11.14;755.11;0.00;0.00;0.00
23.12.2020;5:41:04;3.33;42.46;11.14;755.10;0.00;0.00;0.00
23.12.2020;5:42:04;3.33;42.38;11.14;755.11;0.00;0.00;0.00
23.12.2020;5:43:05;3.36;42.25;11.14;755.11;0.00;0.00;0.00
23.12.2020;5:44:05;3.33;42.50;11.16;755.10;0.00;0.00;0.00
23.12.2020;5:45:05;3.33;42.48;11.17;755.12;0.00;0.00;0.00
23.12.2020;5:46:05;3.35;42.51;11.17;755.11;0.00;0.00;0.00
23.12.2020;5:47:05;3.33;42.38;11.17;755.11;0.00;0.00;0.00
23.12.2020;5:48:05;3.33;42.43;11.18;755.12;0.00;0.00;0.00
23.12.2020;5:49:05;3.33;42.46;11.19;755.11;0.00;0.00;0.00
23.12.2020;5:50:05;3.33;42.20;11.18;755.11;0.00;0.00;0.00
23.12.2020;5:51:05;3.33;42.10;11.17;755.10;0.00;0.00;0.00
23.12.2020;5:52:05;3.33;42.27;11.18;755.10;0.00;0.00;0.00
23.12.2020;5:53:05;3.33;42.33;11.17;755.12;0.00;0.00;0.00
23.12.2020;5:54:05;3.35;42.23;11.18;755.13;0.00;0.00;0.00
23.12.2020;5:55:05;3.33;42.29;11.18;755.13;0.00;0.00;0.00
23.12.2020;5:56:05;3.33;42.37;11.20;755.13;0.00;0.00;0.00
23.12.2020;5:57:05;3.36;42.40;11.22;755.14;0.00;0.00;0.00
23.12.2020;5:58:05;3.33;42.33;11.21;755.14;0.00;0.00;0.00
23.12.2020;5:59:05;3.33;42.30;11.21;755.14;0.00;0.00;0.00
23.12.2020;6:00:05;3.35;42.10;11.22;755.12;0.00;0.00;0.00
23.12.2020;6:01:05;3.33;42.33;11.23;755.12;0.00;0.00;0.00
23.12.2020;6:02:05;3.33;42.31;11.24;755.11;0.00;0.00;0.00
23.12.2020;6:03:05;3.33;42.15;11.24;755.10;0.00;0.00;0.00
23.12.2020;6:04:05;3.33;42.22;11.22;755.09;0.00;0.00;0.00
23.12.2020;6:05:05;3.33;42.21;11.22;755.09;0.00;0.00;0.00
23.12.2020;6:06:05;3.33;42.24;11.21;755.07;0.00;0.00;0.00
23.12.2020;6:07:05;3.33;42.27;11.22;755.05;0.00;0.00;0.00
23.12.2020;6:08:05;3.35;42.27;11.22;755.04;0.00;0.00;0.00
23.12.2020;6:09:05;3.33;42.32;11.23;755.04;0.00;0.00;0.00
23.12.2020;6:10:05;3.33;42.32;11.23;755.03;0.00;0.00;0.00
23.12.2020;6:11:05;3.36;42.32;11.22;755.00;0.00;0.00;0.00
23.12.2020;6:12:05;3.33;42.27;11.21;755.00;0.00;0.00;0.00
23.12.2020;6:13:05;3.33;42.34;11.23;755.00;0.00;0.00;0.00
23.12.2020;6:14:05;3.35;42.33;11.24;755.01;0.00;0.00;0.00
23.12.2020;6:15:05;3.33;42.20;11.23;754.99;0.00;0.00;0.00
23.12.2020;6:16:06;3.33;42.23;11.23;754.98;0.00;0.00;0.00
23.12.2020;6:17:06;3.33;42.04;11.22;754.97;0.00;0.00;0.00
23.12.2020;6:18:06;3.33;42.28;11.22;754.96;0.00;0.00;0.00
23.12.2020;6:19:06;3.33;42.17;11.22;754.97;0.00;0.00;0.00
23.12.2020;6:20:06;3.33;42.27;11.21;754.97;0.00;0.00;0.00
23.12.2020;6:21:06;3.33;42.40;11.21;754.98;0.00;0.00;0.00
23.12.2020;6:22:06;3.35;42.36;11.21;755.00;0.00;0.00;0.00
23.12.2020;6:23:06;3.33;42.26;11.22;754.99;0.00;0.00;0.00
23.12.2020;6:24:06;3.33;42.17;11.22;754.99;0.00;0.00;0.00
23.12.2020;6:25:06;3.36;42.09;11.22;754.99;0.00;0.00;0.00
23.12.2020;6:26:06;3.33;42.24;11.22;754.98;0.00;0.00;0.00
23.12.2020;6:27:06;3.33;42.37;11.23;754.97;0.00;0.00;0.00
23.12.2020;6:28:06;3.35;42.26;11.24;754.98;0.00;0.00;0.00
23.12.2020;6:29:06;3.33;42.18;11.22;754.96;0.00;0.00;0.00
23.12.2020;6:30:06;3.33;42.31;11.22;754.95;0.00;0.00;0.00
23.12.2020;6:31:06;3.33;41.97;11.21;754.92;0.00;0.00;0.00
23.12.2020;6:32:06;3.33;42.30;11.21;754.92;0.00;0.00;0.00
23.12.2020;6:33:06;3.33;42.36;11.22;754.89;0.00;0.00;0.00
23.12.2020;6:34:06;3.33;42.34;11.22;754.91;0.00;0.00;0.00
23.12.2020;6:35:06;3.33;42.45;11.23;754.92;0.00;0.00;0.00
23.12.2020;6:36:06;3.35;42.43;11.24;754.92;0.00;0.00;0.00
23.12.2020;6:37:06;3.33;42.29;11.24;754.90;0.00;0.00;0.00
23.12.2020;6:38:06;3.33;42.37;11.24;754.91;0.00;0.00;0.00
23.12.2020;6:39:06;3.36;42.33;11.24;754.91;0.00;0.00;0.00
23.12.2020;6:40:06;3.33;42.06;11.24;754.91;0.00;0.00;0.00
23.12.2020;6:41:06;3.33;42.38;11.24;754.91;0.00;0.00;0.00
23.12.2020;6:42:06;3.35;42.34;11.24;754.91;0.00;0.00;0.00
23.12.2020;6:43:06;3.33;42.23;11.24;754.92;0.00;0.00;0.00
23.12.2020;6:44:06;3.33;42.34;11.23;754.92;0.00;0.00;0.00
23.12.2020;6:45:06;3.33;42.24;11.22;754.93;0.00;0.00;0.00
23.12.2020;6:46:06;3.33;42.41;11.21;754.92;0.00;0.00;0.00
23.12.2020;6:47:06;3.33;42.43;11.23;754.92;0.00;0.00;0.00
23.12.2020;6:48:07;3.33;42.20;11.23;754.92;0.00;0.00;0.00
23.12.2020;6:49:07;3.33;42.29;11.22;754.91;0.00;0.00;0.00
23.12.2020;6:50:07;3.35;42.24;11.22;754.92;0.00;0.00;0.00
23.12.2020;6:51:07;3.33;42.35;11.22;754.94;0.00;0.00;0.00
23.12.2020;6:52:07;3.33;42.43;11.22;754.95;0.00;0.00;0.00
23.12.2020;6:53:07;3.36;42.45;11.23;754.94;0.00;0.00;0.00
23.12.2020;6:54:07;3.33;42.39;11.22;754.94;0.00;0.00;0.00
23.12.2020;6:55:07;3.33;42.57;11.21;754.94;0.00;0.00;0.00
23.12.2020;6:56:07;3.35;42.42;11.22;754.94;0.00;0.00;0.00
23.12.2020;6:57:07;3.33;42.53;11.22;754.93;0.00;0.00;0.00
23.12.2020;6:58:07;3.33;42.44;11.22;754.95;0.00;0.00;0.00
23.12.2020;6:59:07;3.33;42.60;11.22;754.95;0.00;0.00;0.00
23.12.2020;7:00:07;3.33;42.46;11.22;754.92;0.00;0.00;0.00
23.12.2020;7:01:07;3.33;42.39;11.24;754.92;0.00;0.00;0.00
23.12.2020;7:02:07;3.33;42.52;11.24;754.92;0.00;0.00;0.00
23.12.2020;7:03:07;3.33;42.48;11.24;754.93;0.00;0.00;0.00
23.12.2020;7:04:07;3.35;42.32;11.24;754.93;0.00;0.00;0.00
23.12.2020;7:05:07;3.33;42.42;11.24;754.92;0.00;0.00;0.00
23.12.2020;7:06:07;3.33;42.26;11.24;754.91;0.00;0.00;0.00
23.12.2020;7:07:07;3.36;42.30;11.25;754.90;0.00;0.00;0.00
23.12.2020;7:08:07;3.33;42.31;11.25;754.90;0.00;0.00;0.00
23.12.2020;7:09:07;3.33;42.21;11.25;754.90;0.00;0.00;0.00
23.12.2020;7:10:07;3.35;42.22;11.24;754.90;0.00;0.00;0.00
23.12.2020;7:11:07;3.33;42.39;11.23;754.90;0.00;0.00;0.00
23.12.2020;7:12:07;3.33;42.47;11.24;754.89;0.00;0.00;0.00
23.12.2020;7:13:07;3.33;42.49;11.24;754.89;0.00;0.00;0.00
23.12.2020;7:14:07;3.33;42.44;11.24;754.89;0.00;0.00;0.00
23.12.2020;7:15:07;3.33;42.28;11.24;754.89;0.00;0.00;0.00
23.12.2020;7:16:07;3.33;42.34;11.24;754.89;0.00;0.00;0.00
23.12.2020;7:17:07;3.33;42.26;11.24;754.89;0.00;0.00;0.00
23.12.2020;7:18:07;3.35;42.13;11.23;754.88;0.00;0.00;0.00
23.12.2020;7:19:07;3.33;42.36;11.23;754.87;0.00;0.00;0.00
23.12.2020;7:20:07;3.33;42.47;11.23;754.84;0.00;0.00;0.00
23.12.2020;7:21:08;3.36;42.48;11.23;754.86;0.00;0.00;0.00
23.12.2020;7:22:08;3.33;42.29;11.22;754.86;0.00;0.00;0.00
23.12.2020;7:23:08;3.33;42.35;11.22;754.83;0.00;0.00;0.00
23.12.2020;7:24:08;3.35;42.40;11.22;754.82;0.00;0.00;0.00
23.12.2020;7:25:08;3.33;42.37;11.22;754.79;0.00;0.00;0.00
23.12.2020;7:26:08;3.33;42.53;11.21;754.78;0.00;0.00;0.00
23.12.2020;7:27:08;3.33;42.56;11.23;754.77;0.00;0.00;0.00
23.12.2020;7:28:08;3.33;42.51;11.23;754.75;0.00;0.00;0.00
23.12.2020;7:29:08;3.33;42.28;11.22;754.75;0.00;0.00;0.00
23.12.2020;7:30:08;3.33;42.45;11.21;754.74;0.00;0.00;0.00
23.12.2020;7:31:08;3.33;42.52;11.22;754.75;0.00;0.00;0.00
23.12.2020;7:32:08;3.35;42.48;11.24;754.76;0.00;0.00;0.00
23.12.2020;7:33:08;3.33;42.48;11.24;754.76;0.00;0.00;0.00
23.12.2020;7:34:08;3.33;42.49;11.23;754.77;0.00;0.00;0.00
23.12.2020;7:35:08;3.65;42.58;11.24;754.79;0.00;0.00;0.00
23.12.2020;7:36:08;4.11;42.45;11.24;754.77;0.00;0.00;0.00
23.12.2020;7:37:08;4.17;42.52;11.24;754.78;0.00;0.00;0.00
23.12.2020;7:38:08;4.18;42.49;11.24;754.77;0.00;0.00;0.00
23.12.2020;7:39:08;4.17;42.54;11.25;754.77;0.00;0.00;0.00
23.12.2020;7:40:08;4.17;42.45;11.23;754.75;0.00;0.00;0.00
23.12.2020;7:41:08;4.26;42.57;11.24;754.73;0.00;0.00;0.00
23.12.2020;7:42:08;5.00;42.52;11.24;754.74;0.00;0.00;0.00
23.12.2020;7:43:08;5.00;42.52;11.25;754.73;0.00;0.00;0.00
23.12.2020;7:44:08;5.00;42.43;11.25;754.70;0.00;0.00;0.00
23.12.2020;7:45:08;5.56;42.58;11.24;754.70;0.00;0.00;0.00
23.12.2020;7:46:08;5.85;42.57;11.23;754.69;0.00;0.00;0.00
23.12.2020;7:47:08;6.33;42.59;11.24;754.70;0.00;0.00;0.00
23.12.2020;7:48:08;6.67;42.56;11.23;754.70;0.00;0.00;0.00
23.12.2020;7:49:08;7.10;42.49;11.25;754.69;0.00;0.00;0.00
23.12.2020;7:50:08;7.50;42.39;11.26;754.69;0.00;0.00;0.00
23.12.2020;7:51:08;8.02;42.44;11.26;754.70;0.00;0.00;0.00
23.12.2020;7:52:08;8.83;42.43;11.23;754.68;0.00;0.00;0.00
23.12.2020;7:53:09;9.21;42.54;11.24;754.70;0.00;0.00;0.00
23.12.2020;7:54:09;10.16;42.45;11.25;754.68;0.01;0.00;0.00
23.12.2020;7:55:09;11.18;42.45;11.24;754.65;0.02;0.00;0.00
23.12.2020;7:56:09;12.10;42.49;11.25;754.66;0.03;0.00;0.00
23.12.2020;7:57:09;13.19;42.44;11.26;754.64;0.04;0.00;0.00
23.12.2020;7:58:09;14.06;42.50;11.25;754.66;0.05;0.00;0.00
23.12.2020;7:59:09;15.17;42.50;11.24;754.65;0.06;0.00;0.00
23.12.2020;8:00:09;16.49;42.59;11.24;754.64;0.06;0.00;0.00
23.12.2020;8:01:09;18.00;42.49;11.24;754.63;0.07;0.00;0.00
23.12.2020;8:02:09;19.94;42.43;11.24;754.63;0.08;0.00;0.00
23.12.2020;8:03:09;21.88;42.45;11.23;754.61;0.09;0.00;0.00
23.12.2020;8:04:09;23.51;42.55;11.25;754.60;0.10;0.00;0.00
23.12.2020;8:05:09;23.97;42.35;11.28;754.58;0.09;0.00;0.00
23.12.2020;8:06:09;24.43;42.52;11.28;754.60;0.09;0.00;0.00
23.12.2020;8:07:09;26.88;42.54;11.29;754.58;0.10;0.00;0.00
23.12.2020;8:08:09;29.00;42.18;11.28;754.55;0.10;0.00;0.00
23.12.2020;8:09:09;30.61;42.50;11.28;754.54;0.11;0.00;0.00
23.12.2020;8:10:09;32.60;42.53;11.29;754.52;0.11;0.00;0.00
23.12.2020;8:11:09;33.71;42.57;11.29;754.51;0.12;0.00;0.00
23.12.2020;8:12:09;35.89;42.55;11.30;754.51;0.12;0.00;0.00
23.12.2020;8:13:09;36.91;42.47;11.31;754.51;0.12;0.00;0.00
23.12.2020;8:14:09;38.43;42.56;11.31;754.50;0.12;0.00;0.00
23.12.2020;8:15:09;37.39;42.53;11.32;754.50;0.11;0.00;0.00
23.12.2020;8:16:09;36.16;42.54;11.32;754.51;0.09;0.00;0.00
23.12.2020;8:17:09;34.86;42.54;11.32;754.53;0.06;0.00;0.00
23.12.2020;8:18:09;35.40;42.50;11.32;754.53;0.05;0.00;0.00
23.12.2020;8:19:09;35.79;42.47;11.31;754.53;0.04;0.00;0.00
23.12.2020;8:20:09;36.33;42.59;11.30;754.51;0.04;0.00;0.00
23.12.2020;8:21:09;37.28;42.58;11.31;754.50;0.04;0.00;0.00
23.12.2020;8:22:09;38.04;42.51;11.31;754.51;0.04;0.00;0.00
23.12.2020;8:23:10;39.17;42.49;11.31;754.50;0.04;0.00;0.00
23.12.2020;8:24:10;39.59;42.58;11.30;754.52;0.05;0.00;0.00
23.12.2020;8:25:10;43.37;42.52;11.30;754.51;0.06;0.00;0.00
23.12.2020;8:26:10;44.68;42.58;11.29;754.48;0.06;0.00;0.00
23.12.2020;8:27:10;48.66;42.56;11.29;754.48;0.07;0.00;0.00
23.12.2020;8:28:10;49.94;42.62;11.29;754.46;0.07;0.00;0.00
23.12.2020;8:29:10;51.56;42.61;11.28;754.45;0.08;0.00;0.00
23.12.2020;8:30:10;54.52;42.63;11.28;754.47;0.09;0.00;0.00
23.12.2020;8:31:10;57.69;42.69;11.28;754.50;0.10;0.00;0.00
23.12.2020;8:32:10;57.50;42.68;11.29;754.51;0.10;0.00;0.00
23.12.2020;8:33:10;57.42;42.70;11.29;754.53;0.10;0.00;0.00
23.12.2020;8:34:10;62.72;42.74;11.29;754.54;0.12;0.00;0.00
23.12.2020;8:35:10;65.94;42.63;11.29;754.54;0.13;0.00;0.00
23.12.2020;8:36:10;66.72;42.72;11.29;754.54;0.14;0.00;0.00
23.12.2020;8:37:10;70.07;42.65;11.31;754.51;0.15;0.00;0.00
23.12.2020;8:38:10;69.82;42.56;11.32;754.48;0.15;0.00;0.00
23.12.2020;8:39:10;73.79;42.49;11.33;754.45;0.17;0.00;0.00
23.12.2020;8:40:10;73.86;42.62;11.34;754.44;0.17;0.00;0.00
23.12.2020;8:41:10;80.88;42.57;11.36;754.42;0.19;0.00;0.00
23.12.2020;8:42:10;83.06;42.59;11.35;754.38;0.20;0.00;0.00
23.12.2020;8:43:10;92.79;42.53;11.36;754.35;0.24;0.00;0.00
23.12.2020;8:44:10;94.27;42.58;11.36;754.30;0.24;0.00;0.00
23.12.2020;8:45:10;99.07;42.57;11.36;754.29;0.26;0.00;0.00
23.12.2020;8:46:10;112.78;42.58;11.36;754.28;0.32;0.00;0.00
23.12.2020;8:47:10;117.98;42.61;11.37;754.27;0.34;0.00;0.00
23.12.2020;8:48:10;128.82;42.45;11.39;754.27;0.38;0.00;0.00
23.12.2020;8:49:10;138.71;42.40;11.41;754.27;0.42;0.02;0.01
23.12.2020;8:50:10;147.70;42.54;11.41;754.28;0.46;0.08;0.04
23.12.2020;8:51:10;159.25;42.54;11.43;754.27;0.51;0.16;0.08
23.12.2020;8:52:11;175.11;42.51;11.45;754.29;0.57;0.27;0.15
23.12.2020;8:53:11;191.18;42.32;11.46;754.27;0.63;0.37;0.23
23.12.2020;8:54:11;203.62;42.20;11.46;754.29;0.67;0.44;0.29
23.12.2020;8:55:11;223.68;42.14;11.45;754.26;0.75;0.56;0.42
23.12.2020;8:56:11;225.89;42.33;11.47;754.25;0.76;0.58;0.44
23.12.2020;8:57:11;242.53;42.35;11.49;754.24;0.82;0.67;0.55
23.12.2020;8:58:11;237.22;42.37;11.51;754.24;0.80;0.64;0.52
23.12.2020;8:59:11;230.89;42.29;11.51;754.25;0.79;0.63;0.50
23.12.2020;9:00:11;250.50;42.20;11.51;754.26;0.86;0.73;0.63
23.12.2020;9:01:11;258.88;42.27;11.54;754.29;0.88;0.78;0.69
23.12.2020;9:02:11;245.93;42.25;11.56;754.30;0.83;0.70;0.58
23.12.2020;9:03:11;232.51;42.16;11.56;754.33;0.78;0.61;0.48
23.12.2020;9:04:11;227.40;42.17;11.57;754.34;0.76;0.57;0.44
23.12.2020;9:05:11;221.67;42.16;11.56;754.36;0.74;0.53;0.39
23.12.2020;9:06:11;235.85;42.12;11.55;754.37;0.78;0.60;0.47
23.12.2020;9:07:11;227.17;41.97;11.56;754.37;0.75;0.56;0.42
23.12.2020;9:08:11;211.22;42.00;11.56;754.36;0.68;0.45;0.31
23.12.2020;9:09:11;196.60;42.12;11.56;754.37;0.63;0.38;0.24
23.12.2020;9:10:11;184.49;42.13;11.56;754.38;0.58;0.30;0.17
23.12.2020;9:11:11;169.15;42.18;11.56;754.40;0.52;0.20;0.10
23.12.2020;9:12:11;171.97;42.16;11.55;754.40;0.53;0.21;0.11
23.12.2020;9:13:11;172.18;42.17;11.56;754.41;0.53;0.21;0.11
23.12.2020;9:14:11;163.18;42.14;11.57;754.41;0.50;0.15;0.08
23.12.2020;9:15:11;159.58;42.11;11.56;754.43;0.48;0.12;0.06
23.12.2020;9:16:11;155.11;41.79;11.56;754.43;0.47;0.10;0.05
23.12.2020;9:17:11;149.36;42.15;11.56;754.40;0.44;0.05;0.02
23.12.2020;9:18:11;139.60;42.09;11.57;754.41;0.41;0.00;0.00
23.12.2020;9:19:11;142.34;42.12;11.56;754.40;0.41;0.00;0.00
23.12.2020;9:20:11;140.99;41.87;11.55;754.40;0.40;0.00;0.00
23.12.2020;9:21:12;134.22;42.05;11.55;754.40;0.38;0.00;0.00
23.12.2020;9:22:12;139.34;41.86;11.53;754.42;0.40;0.00;0.00
23.12.2020;9:23:12;142.78;41.67;11.53;754.43;0.41;-0.00;-0.00
23.12.2020;9:24:12;149.17;42.01;11.54;754.43;0.43;0.03;0.01
23.12.2020;9:25:12;157.36;41.87;11.54;754.45;0.46;0.09;0.04
23.12.2020;9:26:12;165.72;41.81;11.55;754.44;0.49;0.13;0.06
23.12.2020;9:27:12;189.79;41.64;11.54;754.43;0.57;0.27;0.15
23.12.2020;9:28:12;192.82;41.69;11.53;754.41;0.59;0.30;0.18
23.12.2020;9:29:12;189.75;41.94;11.55;754.44;0.58;0.29;0.17
23.12.2020;9:30:12;192.58;41.67;11.57;754.44;0.59;0.30;0.18
23.12.2020;9:31:12;204.96;41.85;11.57;754.44;0.63;0.37;0.23
23.12.2020;9:32:12;220.54;41.86;11.60;754.38;0.68;0.45;0.31
23.12.2020;9:33:12;208.69;42.00;11.60;754.37;0.65;0.40;0.26
23.12.2020;9:34:12;232.46;41.79;11.60;754.33;0.72;0.51;0.37
23.12.2020;9:35:12;245.61;41.49;11.61;754.29;0.76;0.57;0.43
23.12.2020;9:36:12;240.47;41.69;11.61;754.25;0.74;0.55;0.41
23.12.2020;9:37:12;231.78;41.76;11.61;754.23;0.71;0.48;0.34
23.12.2020;9:38:12;223.10;41.73;11.61;754.24;0.68;0.44;0.30
23.12.2020;9:39:12;213.59;41.58;11.61;754.23;0.64;0.39;0.25
23.12.2020;9:40:12;211.62;41.60;11.60;754.24;0.64;0.38;0.24
23.12.2020;9:41:12;212.77;41.47;11.60;754.25;0.64;0.39;0.25
23.12.2020;9:42:12;205.86;41.67;11.60;754.24;0.61;0.33;0.20
23.12.2020;9:43:12;195.18;41.74;11.60;754.23;0.57;0.29;0.17
23.12.2020;9:44:12;193.87;41.88;11.59;754.24;0.57;0.28;0.16
23.12.2020;9:45:12;201.79;41.43;11.59;754.20;0.59;0.31;0.19
23.12.2020;9:46:12;189.17;41.75;11.59;754.22;0.55;0.24;0.13
23.12.2020;9:47:12;195.51;41.92;11.59;754.24;0.57;0.28;0.16
23.12.2020;9:48:12;201.14;41.71;11.59;754.22;0.59;0.30;0.18
23.12.2020;9:49:12;206.46;41.75;11.59;754.23;0.60;0.33;0.20
23.12.2020;9:50:13;211.83;41.54;11.60;754.23;0.62;0.36;0.22
23.12.2020;9:51:13;219.41;41.54;11.60;754.22;0.64;0.40;0.26
23.12.2020;9:52:13;237.96;41.42;11.60;754.24;0.70;0.49;0.34
23.12.2020;9:53:13;237.46;41.28;11.59;754.26;0.71;0.49;0.35
23.12.2020;9:54:13;259.68;41.74;11.59;754.28;0.78;0.60;0.46
23.12.2020;9:55:13;267.24;41.47;11.60;754.28;0.80;0.65;0.52
23.12.2020;9:56:13;289.92;41.46;11.60;754.26;0.87;0.77;0.68
23.12.2020;9:57:13;306.19;41.58;11.62;754.26;0.93;0.86;0.80
23.12.2020;9:58:13;315.18;41.70;11.65;754.25;0.96;0.91;0.87
23.12.2020;9:59:13;342.75;41.77;11.66;754.23;1.05;1.05;1.10
23.12.2020;10:00:13;337.94;41.55;11.65;754.20;1.03;1.02;1.05
23.12.2020;10:01:13;360.58;41.60;11.67;754.17;1.10;1.14;1.26
23.12.2020;10:02:13;355.32;41.51;11.67;754.15;1.09;1.14;1.24
23.12.2020;10:03:13;378.11;41.69;11.70;754.13;1.16;1.25;1.45
23.12.2020;10:04:13;360.89;41.50;11.72;754.13;1.10;1.14;1.26
23.12.2020;10:05:13;367.25;41.41;11.72;754.13;1.11;1.15;1.28
23.12.2020;10:06:13;385.17;41.54;11.74;754.14;1.16;1.25;1.45
23.12.2020;10:07:13;388.58;41.07;11.74;754.13;1.16;1.24;1.43
23.12.2020;10:08:13;387.15;41.43;11.74;754.10;1.16;1.24;1.43
23.12.2020;10:09:13;377.47;41.58;11.77;754.10;1.13;1.20;1.36
23.12.2020;10:10:13;378.35;41.40;11.79;754.08;1.13;1.19;1.34
23.12.2020;10:11:13;373.32;41.40;11.80;754.11;1.10;1.15;1.27
23.12.2020;10:12:13;366.29;41.40;11.81;754.12;1.08;1.10;1.19
23.12.2020;10:13:13;382.35;41.44;11.81;754.12;1.12;1.18;1.32
23.12.2020;10:14:13;377.69;41.29;11.82;754.14;1.12;1.18;1.32
23.12.2020;10:15:13;391.45;40.97;11.81;754.13;1.15;1.24;1.43
23.12.2020;10:16:13;359.46;41.30;11.81;754.11;1.06;1.08;1.14
23.12.2020;10:17:13;356.09;41.07;11.82;754.11;1.05;1.05;1.10
23.12.2020;10:18:14;374.68;41.01;11.80;754.10;1.10;1.14;1.25
23.12.2020;10:19:14;396.90;41.37;11.80;754.08;1.16;1.26;1.46
23.12.2020;10:20:14;409.83;41.34;11.81;754.07;1.20;1.30;1.55
23.12.2020;10:21:14;383.22;41.38;11.83;754.07;1.12;1.19;1.33
23.12.2020;10:22:14;379.28;41.34;11.84;754.07;1.11;1.16;1.29
23.12.2020;10:23:14;433.97;41.11;11.85;754.05;1.26;1.42;1.80
23.12.2020;10:24:14;474.46;41.34;11.84;754.03;1.37;1.59;2.18
23.12.2020;10:25:14;442.67;41.38;11.87;754.02;1.28;1.45;1.87
23.12.2020;10:26:14;443.03;40.95;11.87;754.02;1.29;1.45;1.86
23.12.2020;10:27:14;446.67;40.95;11.87;754.01;1.29;1.47;1.89
23.12.2020;10:28:14;446.13;41.04;11.87;754.01;1.28;1.44;1.84
23.12.2020;10:29:14;414.62;41.23;11.87;754.01;1.19;1.29;1.54
23.12.2020;10:30:14;421.60;41.11;11.88;754.00;1.22;1.34;1.63
23.12.2020;10:31:14;430.07;41.21;11.88;754.01;1.24;1.38;1.71
23.12.2020;10:32:14;420.06;41.17;11.88;754.02;1.21;1.33;1.62
23.12.2020;10:33:14;419.60;41.15;11.88;754.02;1.21;1.32;1.59
23.12.2020;10:34:14;383.46;40.84;11.87;754.00;1.11;1.16;1.29
23.12.2020;10:35:14;383.89;40.94;11.87;754.02;1.10;1.16;1.28
23.12.2020;10:36:14;349.53;41.23;11.85;754.01;1.00;0.97;0.97
23.12.2020;10:37:14;345.40;41.16;11.87;754.01;0.98;0.93;0.92
23.12.2020;10:38:14;342.00;41.06;11.88;753.99;0.97;0.92;0.89
23.12.2020;10:39:14;327.75;41.20;11.87;753.98;0.93;0.85;0.78
23.12.2020;10:40:14;332.03;41.30;11.87;753.97;0.93;0.86;0.81
23.12.2020;10:41:14;302.09;41.08;11.87;753.97;0.84;0.71;0.60
23.12.2020;10:42:14;276.99;41.07;11.85;753.97;0.77;0.58;0.45
23.12.2020;10:43:14;253.21;41.24;11.86;753.96;0.69;0.46;0.32
23.12.2020;10:44:14;246.65;41.05;11.84;753.96;0.67;0.43;0.29
23.12.2020;10:45:14;247.54;41.08;11.82;753.96;0.67;0.43;0.29
23.12.2020;10:46:14;229.03;41.28;11.82;753.99;0.61;0.35;0.21
23.12.2020;10:47:15;236.22;40.88;11.81;753.95;0.63;0.39;0.25
23.12.2020;10:48:15;234.42;41.19;11.80;753.95;0.63;0.37;0.23
23.12.2020;10:49:15;213.99;41.00;11.77;753.93;0.57;0.27;0.15
23.12.2020;10:50:15;208.65;41.36;11.77;753.92;0.55;0.24;0.13
23.12.2020;10:51:15;217.98;41.16;11.78;753.91;0.58;0.29;0.17
23.12.2020;10:52:15;232.69;41.35;11.78;753.89;0.62;0.36;0.22
23.12.2020;10:53:15;234.45;41.16;11.76;753.89;0.62;0.38;0.24
23.12.2020;10:54:15;242.93;41.45;11.77;753.90;0.65;0.39;0.26
23.12.2020;10:55:15;252.00;41.19;11.76;753.89;0.67;0.43;0.29
23.12.2020;10:56:15;257.80;41.31;11.74;753.88;0.69;0.46;0.32
23.12.2020;10:57:15;277.61;41.49;11.75;753.89;0.75;0.55;0.41
23.12.2020;10:58:15;274.96;41.43;11.75;753.91;0.74;0.53;0.39
23.12.2020;10:59:15;313.96;40.99;11.73;753.89;0.85;0.73;0.62
23.12.2020;11:00:15;323.88;41.46;11.72;753.88;0.88;0.78;0.68
23.12.2020;11:01:15;313.82;41.54;11.73;753.89;0.85;0.74;0.63
23.12.2020;11:02:15;351.71;41.33;11.74;753.90;0.96;0.90;0.86
23.12.2020;11:03:15;385.56;41.30;11.75;753.90;1.05;1.07;1.12
23.12.2020;11:04:15;416.17;41.33;11.78;753.90;1.14;1.21;1.37
23.12.2020;11:05:15;443.71;41.38;11.81;753.89;1.21;1.32;1.60
23.12.2020;11:06:15;480.65;41.33;11.83;753.87;1.31;1.49;1.96
23.12.2020;11:07:15;504.83;41.34;11.85;753.86;1.38;1.60;2.21
23.12.2020;11:08:15;512.81;41.34;11.88;753.85;1.40;1.63;2.29
23.12.2020;11:09:15;523.49;41.15;11.90;753.83;1.43;1.68;2.40
23.12.2020;11:10:15;512.37;41.38;11.91;753.81;1.40;1.63;2.28
23.12.2020;11:11:15;524.15;41.32;11.96;753.79;1.43;1.68;2.39
23.12.2020;11:12:15;548.07;41.70;12.04;753.78;1.49;1.79;2.67
23.12.2020;11:13:15;548.93;42.10;12.08;753.76;1.49;1.78;2.65
23.12.2020;11:14:15;573.28;42.22;12.17;753.76;1.55;1.89;2.92
23.12.2020;11:15:16;607.19;41.93;12.23;753.75;1.63;2.03;3.30
23.12.2020;11:16:16;608.89;42.41;12.30;753.73;1.64;2.02;3.31
23.12.2020;11:17:16;605.99;42.39;12.37;753.71;1.63;2.02;3.29
23.12.2020;11:18:16;607.85;42.72;12.48;753.70;1.63;2.02;3.30
23.12.2020;11:19:16;600.35;42.54;12.56;753.69;1.61;2.00;3.22
23.12.2020;11:20:16;631.03;42.40;12.63;753.67;1.69;2.12;3.58
23.12.2020;11:21:16;642.86;42.50;12.65;753.67;1.72;2.15;3.70
23.12.2020;11:22:16;640.47;42.65;12.67;753.65;1.71;2.15;3.68
23.12.2020;11:23:16;685.89;42.94;12.66;753.64;1.83;2.26;4.13
23.12.2020;11:24:16;721.58;43.00;12.69;753.61;1.91;2.38;4.53
23.12.2020;11:25:16;760.68;43.05;12.72;753.61;2.00;2.55;5.11
23.12.2020;11:26:16;811.65;43.06;12.68;753.61;2.12;2.79;5.92
23.12.2020;11:27:16;852.66;43.22;12.64;753.60;2.21;2.95;6.54
23.12.2020;11:28:16;869.19;43.21;12.63;753.60;2.25;3.02;6.80
23.12.2020;11:29:16;895.73;42.83;12.64;753.60;2.31;3.12;7.19
23.12.2020;11:30:16;911.10;42.69;12.63;753.58;2.34;3.17;7.43
23.12.2020;11:31:16;958.67;42.77;12.62;753.58;2.44;3.32;8.10
23.12.2020;11:32:16;977.30;42.73;12.61;753.57;2.47;3.39;8.40
23.12.2020;11:33:16;970.44;42.65;12.61;753.57;2.46;3.36;8.25
23.12.2020;11:34:16;1003.73;42.62;12.60;753.58;2.52;3.46;8.74
23.12.2020;11:35:16;979.58;42.63;12.59;753.57;2.47;3.38;8.36
23.12.2020;11:36:16;968.08;42.56;12.59;753.55;2.44;3.34;8.15
23.12.2020;11:37:16;942.84;42.07;12.58;753.53;2.39;3.25;7.75
23.12.2020;11:38:16;915.11;42.17;12.55;753.51;2.32;3.14;7.29
23.12.2020;11:39:16;908.15;42.54;12.55;753.50;2.30;3.11;7.16
23.12.2020;11:40:16;934.86;42.11;12.56;753.49;2.35;3.19;7.50
23.12.2020;11:41:16;930.15;42.13;12.54;753.47;2.34;3.17;7.42
23.12.2020;11:42:17;910.17;42.45;12.57;753.47;2.30;3.11;7.15
23.12.2020;11:43:17;925.06;42.05;12.57;753.46;2.33;3.14;7.31
23.12.2020;11:44:17;902.57;42.17;12.57;753.45;2.28;3.07;7.00
23.12.2020;11:45:17;879.08;42.06;12.58;753.45;2.23;2.99;6.67
23.12.2020;11:46:17;856.33;41.93;12.58;753.43;2.19;2.91;6.35
23.12.2020;11:47:17;867.40;42.01;12.58;753.42;2.21;2.95;6.51
23.12.2020;11:48:17;879.51;41.72;12.57;753.41;2.23;2.98;6.66
23.12.2020;11:49:17;852.12;42.05;12.57;753.40;2.17;2.89;6.27
23.12.2020;11:50:17;868.92;41.67;12.57;753.39;2.21;2.93;6.47
23.12.2020;11:51:17;907.90;42.05;12.58;753.38;2.29;3.08;7.06
23.12.2020;11:52:17;869.78;41.94;12.58;753.38;2.21;2.95;6.52
23.12.2020;11:53:17;868.19;41.47;12.57;753.35;2.21;2.95;6.53
23.12.2020;11:54:17;882.85;41.85;12.56;753.35;2.24;3.00;6.72
23.12.2020;11:55:17;867.22;41.12;12.55;753.32;2.21;2.94;6.50
23.12.2020;11:56:17;841.48;40.86;12.52;753.32;2.15;2.84;6.12
23.12.2020;11:57:17;817.65;41.82;12.52;753.32;2.10;2.75;5.79
23.12.2020;11:58:17;802.89;41.56;12.54;753.32;2.07;2.67;5.52
23.12.2020;11:59:17;802.99;41.39;12.53;753.31;2.07;2.69;5.55
23.12.2020;12:00:17;799.18;42.13;12.53;753.31;2.06;2.68;5.52
23.12.2020;12:01:17;803.14;41.58;12.58;753.30;2.06;2.68;5.51
23.12.2020;12:02:17;809.60;41.84;12.63;753.28;2.07;2.70;5.59
23.12.2020;12:03:17;807.75;41.84;12.67;753.28;2.07;2.70;5.61
23.12.2020;12:04:17;814.44;41.40;12.67;753.24;2.09;2.72;5.67
23.12.2020;12:05:17;797.49;41.72;12.71;753.23;2.05;2.64;5.41
23.12.2020;12:06:17;770.24;41.90;12.69;753.22;1.98;2.51;4.98
23.12.2020;12:07:17;780.21;41.60;12.72;753.22;2.00;2.56;5.13
23.12.2020;12:08:17;782.15;41.66;12.74;753.20;2.01;2.57;5.16
23.12.2020;12:09:18;769.79;42.38;12.74;753.21;1.98;2.51;4.97
23.12.2020;12:10:18;760.28;42.15;12.82;753.20;1.96;2.49;4.89
23.12.2020;12:11:18;723.67;42.04;12.88;753.18;1.87;2.33;4.37
23.12.2020;12:12:18;751.11;41.93;12.89;753.16;1.94;2.43;4.72
23.12.2020;12:13:18;746.13;42.11;12.87;753.16;1.93;2.41;4.64
23.12.2020;12:14:18;736.47;41.21;12.84;753.13;1.90;2.39;4.54
23.12.2020;12:15:18;723.11;41.59;12.77;753.11;1.87;2.32;4.34
23.12.2020;12:16:18;694.63;41.51;12.69;753.11;1.81;2.25;4.06
23.12.2020;12:17:18;695.03;41.74;12.64;753.10;1.81;2.27;4.11
23.12.2020;12:18:18;712.54;41.59;12.63;753.09;1.84;2.29;4.22
23.12.2020;12:19:18;713.43;41.55;12.61;753.10;1.84;2.29;4.21
23.12.2020;12:20:18;718.31;41.87;12.57;753.08;1.85;2.29;4.25
23.12.2020;12:21:18;718.63;42.34;12.57;753.10;1.85;2.30;4.27
23.12.2020;12:22:18;726.43;41.70;12.55;753.07;1.87;2.33;4.36
23.12.2020;12:23:18;693.53;42.24;12.54;753.07;1.79;2.23;4.00
23.12.2020;12:24:18;679.81;41.82;12.53;753.05;1.76;2.21;3.88
23.12.2020;12:25:18;667.57;41.70;12.50;753.05;1.73;2.17;3.76
23.12.2020;12:26:18;701.22;41.88;12.52;753.05;1.80;2.27;4.10
23.12.2020;12:27:18;725.01;42.05;12.53;753.02;1.86;2.30;4.29
23.12.2020;12:28:18;721.31;41.49;12.53;753.00;1.86;2.30;4.26
23.12.2020;12:29:18;688.86;41.66;12.53;753.00;1.78;2.22;3.95
23.12.2020;12:30:18;689.83;41.77;12.54;752.99;1.79;2.24;4.00
23.12.2020;12:31:18;652.82;41.63;12.52;752.98;1.70;2.12;3.61
23.12.2020;12:32:18;687.10;41.83;12.48;752.98;1.78;2.23;3.97
23.12.2020;12:33:18;678.45;41.57;12.46;752.97;1.76;2.22;3.89
23.12.2020;12:34:18;666.24;42.23;12.48;752.98;1.73;2.17;3.76
23.12.2020;12:35:18;642.68;41.89;12.50;752.97;1.67;2.09;3.50
23.12.2020;12:36:19;625.26;41.73;12.49;752.96;1.63;2.02;3.28
23.12.2020;12:37:19;606.72;41.93;12.47;752.95;1.58;1.93;3.05
23.12.2020;12:38:19;589.01;42.28;12.47;752.94;1.54;1.88;2.89
23.12.2020;12:39:19;600.90;42.19;12.46;752.95;1.56;1.91;2.98
23.12.2020;12:40:19;600.92;41.93;12.45;752.95;1.56;1.91;2.98
23.12.2020;12:41:19;578.46;41.93;12.43;752.93;1.50;1.82;2.73
23.12.2020;12:42:19;565.66;41.97;12.41;752.94;1.47;1.75;2.58
23.12.2020;12:43:19;550.14;42.20;12.41;752.94;1.42;1.68;2.40
23.12.2020;12:44:19;534.90;41.60;12.39;752.93;1.38;1.62;2.24
23.12.2020;12:45:19;504.22;41.83;12.39;752.92;1.31;1.49;1.94
23.12.2020;12:46:19;535.51;41.88;12.37;752.92;1.38;1.61;2.22
23.12.2020;12:47:19;519.46;41.33;12.35;752.90;1.34;1.55;2.08
23.12.2020;12:48:19;535.15;41.86;12.36;752.90;1.39;1.62;2.25
23.12.2020;12:49:19;548.92;41.90;12.35;752.88;1.42;1.67;2.37
23.12.2020;12:50:19;558.19;41.68;12.34;752.86;1.44;1.71;2.46
23.12.2020;12:51:19;560.15;41.70;12.34;752.86;1.45;1.72;2.49
23.12.2020;12:52:19;536.89;41.45;12.34;752.84;1.39;1.63;2.27
23.12.2020;12:53:19;545.89;41.85;12.33;752.84;1.41;1.65;2.33
23.12.2020;12:54:19;535.65;41.94;12.39;752.81;1.39;1.62;2.24
23.12.2020;12:55:19;539.47;41.80;12.38;752.81;1.39;1.62;2.26
23.12.2020;12:56:19;542.97;42.39;12.36;752.79;1.40;1.64;2.30
23.12.2020;12:57:19;532.56;42.38;12.42;752.79;1.37;1.60;2.20
23.12.2020;12:58:19;531.17;41.72;12.41;752.77;1.37;1.59;2.18
23.12.2020;12:59:19;539.49;41.75;12.42;752.77;1.39;1.63;2.26
23.12.2020;13:00:19;553.96;42.05;12.48;752.76;1.43;1.70;2.43
23.12.2020;13:01:19;577.50;42.34;12.55;752.76;1.49;1.80;2.69
23.12.2020;13:02:19;617.26;41.99;12.61;752.76;1.59;1.97;3.14
23.12.2020;13:03:19;638.47;41.51;12.64;752.73;1.65;2.06;3.40
23.12.2020;13:04:20;683.53;41.33;12.59;752.72;1.76;2.22;3.91
23.12.2020;13:05:20;723.31;41.66;12.53;752.72;1.86;2.33;4.33
23.12.2020;13:06:20;774.96;42.06;12.53;752.71;1.98;2.51;4.97
23.12.2020;13:07:20;789.17;41.25;12.53;752.69;2.03;2.60;5.27
23.12.2020;13:08:20;790.19;41.87;12.52;752.69;2.03;2.61;5.29
23.12.2020;13:09:20;820.10;41.44;12.51;752.69;2.09;2.75;5.75
23.12.2020;13:10:20;904.86;41.95;12.53;752.67;2.28;3.07;6.99
23.12.2020;13:11:20;922.02;41.69;12.56;752.66;2.31;3.12;7.22
23.12.2020;13:12:20;949.11;41.88;12.61;752.65;2.38;3.23;7.66
23.12.2020;13:13:20;972.76;41.57;12.64;752.63;2.42;3.30;8.01
23.12.2020;13:14:20;976.03;41.60;12.65;752.61;2.43;3.31;8.04
23.12.2020;13:15:20;991.92;41.56;12.68;752.61;2.46;3.37;8.29
23.12.2020;13:16:20;1002.98;41.20;12.69;752.60;2.48;3.39;8.43
23.12.2020;13:17:20;1038.00;41.44;12.72;752.59;2.55;3.52;9.00
23.12.2020;13:18:20;1001.40;41.37;12.77;752.59;2.48;3.40;8.45
23.12.2020;13:19:20;1061.48;41.03;12.80;752.58;2.60;3.60;9.35
23.12.2020;13:20:20;1046.58;40.97;12.82;752.58;2.58;3.57;9.22
23.12.2020;13:21:20;1055.23;40.53;12.83;752.59;2.59;3.57;9.24
23.12.2020;13:22:20;1014.74;40.99;12.82;752.60;2.52;3.46;8.70
23.12.2020;13:23:20;1074.75;41.17;12.85;752.60;2.62;3.64;9.56
23.12.2020;13:24:20;1039.63;40.95;12.86;752.61;2.57;3.54;9.09
23.12.2020;13:25:20;1085.75;40.70;12.87;752.60;2.66;3.70;9.84
23.12.2020;13:26:20;1041.72;40.87;12.86;752.61;2.57;3.55;9.13
23.12.2020;13:27:20;973.72;41.14;12.88;752.62;2.43;3.31;8.05
23.12.2020;13:28:20;991.47;40.85;12.89;752.60;2.46;3.35;8.23
23.12.2020;13:29:20;903.82;40.60;12.88;752.61;2.28;3.07;7.01
23.12.2020;13:30:20;872.97;40.53;12.87;752.61;2.23;2.97;6.63
23.12.2020;13:31:21;750.82;40.41;12.88;752.63;1.96;2.47;4.84
23.12.2020;13:32:21;789.96;40.53;12.87;752.63;2.04;2.64;5.41
23.12.2020;13:33:21;756.53;40.60;12.84;752.63;1.96;2.48;4.86
23.12.2020;13:34:21;748.36;40.87;12.84;752.63;1.95;2.46;4.78
23.12.2020;13:35:21;721.35;40.62;12.84;752.60;1.88;2.34;4.40
23.12.2020;13:36:21;710.71;40.45;12.83;752.59;1.86;2.31;4.30
23.12.2020;13:37:21;712.08;40.69;12.81;752.60;1.87;2.34;4.37
23.12.2020;13:38:21;767.54;40.33;12.80;752.58;1.99;2.54;5.04
23.12.2020;13:39:21;750.29;40.74;12.77;752.58;1.95;2.45;4.78
23.12.2020;13:40:21;701.10;41.18;12.79;752.58;1.85;2.31;4.26
23.12.2020;13:41:21;698.22;40.32;12.78;752.57;1.83;2.28;4.18
23.12.2020;13:42:21;697.53;40.52;12.76;752.56;1.83;2.29;4.20
23.12.2020;13:43:21;701.60;40.88;12.76;752.54;1.84;2.28;4.21
23.12.2020;13:44:21;663.65;40.86;12.77;752.52;1.75;2.20;3.84
23.12.2020;13:45:21;643.93;40.90;12.77;752.52;1.70;2.13;3.62
23.12.2020;13:46:21;643.78;40.22;12.73;752.49;1.69;2.12;3.59
23.12.2020;13:47:21;596.49;40.84;12.71;752.47;1.58;1.93;3.05
23.12.2020;13:48:21;575.65;40.92;12.70;752.45;1.53;1.86;2.84
23.12.2020;13:49:21;582.56;41.31;12.73;752.44;1.53;1.86;2.85
23.12.2020;13:50:21;598.28;41.07;12.74;752.43;1.57;1.94;3.05
23.12.2020;13:51:21;593.62;41.02;12.73;752.41;1.57;1.92;3.01
23.12.2020;13:52:21;534.22;41.21;12.71;752.43;1.43;1.68;2.39
23.12.2020;13:53:21;548.26;40.91;12.72;752.43;1.46;1.74;2.54
23.12.2020;13:54:21;529.51;40.77;12.70;752.45;1.41;1.66;2.35
23.12.2020;13:55:21;520.71;40.85;12.68;752.47;1.39;1.63;2.26
23.12.2020;13:56:21;540.54;40.50;12.66;752.47;1.44;1.70;2.45
23.12.2020;13:57:22;474.44;40.48;12.63;752.46;1.27;1.43;1.82
23.12.2020;13:58:22;477.81;40.87;12.60;752.46;1.28;1.43;1.83
23.12.2020;13:59:22;468.11;40.91;12.60;752.45;1.25;1.39;1.73
23.12.2020;14:00:22;486.27;41.47;12.62;752.42;1.29;1.46;1.89
23.12.2020;14:01:22;456.50;41.04;12.64;752.41;1.21;1.34;1.63
23.12.2020;14:02:22;441.78;41.13;12.65;752.41;1.17;1.27;1.49
23.12.2020;14:03:22;431.54;40.60;12.63;752.40;1.15;1.22;1.40
23.12.2020;14:04:22;401.08;40.93;12.63;752.41;1.07;1.09;1.17
23.12.2020;14:05:22;406.09;40.71;12.62;752.42;1.08;1.11;1.20
23.12.2020;14:06:22;406.58;41.22;12.61;752.44;1.08;1.11;1.19
23.12.2020;14:07:22;410.13;41.06;12.62;752.44;1.09;1.14;1.25
23.12.2020;14:08:22;379.64;41.04;12.60;752.45;1.01;1.00;1.01
23.12.2020;14:09:22;378.26;40.70;12.60;752.45;1.02;1.00;1.02
23.12.2020;14:10:22;383.19;41.13;12.56;752.46;1.04;1.04;1.08
23.12.2020;14:11:22;408.78;40.69;12.55;752.47;1.11;1.16;1.29
23.12.2020;14:12:22;403.53;40.85;12.53;752.47;1.10;1.14;1.26
23.12.2020;14:13:22;390.82;41.49;12.52;752.48;1.07;1.09;1.16
23.12.2020;14:14:22;414.49;40.91;12.54;752.47;1.13;1.20;1.36
23.12.2020;14:15:22;425.54;41.13;12.58;752.47;1.17;1.26;1.47
23.12.2020;14:16:22;431.62;41.08;12.61;752.48;1.19;1.29;1.54
23.12.2020;14:17:22;420.93;41.26;12.62;752.50;1.16;1.25;1.44
23.12.2020;14:18:22;427.06;40.87;12.66;752.49;1.18;1.27;1.49
23.12.2020;14:19:22;403.23;41.07;12.68;752.49;1.12;1.18;1.32
23.12.2020;14:20:22;393.49;41.02;12.71;752.49;1.09;1.12;1.22
23.12.2020;14:21:22;429.26;41.01;12.72;752.50;1.18;1.29;1.52
23.12.2020;14:22:22;476.41;41.19;12.71;752.50;1.32;1.51;1.98
23.12.2020;14:23:22;452.75;40.91;12.66;752.48;1.26;1.40;1.77
23.12.2020;14:24:22;432.16;41.00;12.66;752.48;1.21;1.32;1.59
23.12.2020;14:25:23;409.00;41.05;12.69;752.48;1.14;1.21;1.38
23.12.2020;14:26:23;396.06;41.51;12.70;752.49;1.11;1.15;1.27
23.12.2020;14:27:23;375.17;41.55;12.69;752.49;1.03;1.03;1.07
23.12.2020;14:28:23;334.15;41.85;12.67;752.48;0.91;0.83;0.75
23.12.2020;14:29:23;309.90;43.02;12.84;752.45;0.83;0.69;0.58
23.12.2020;14:30:23;287.72;42.21;13.01;752.42;0.77;0.59;0.45
23.12.2020;14:31:23;263.05;41.79;13.05;752.43;0.69;0.47;0.32
23.12.2020;14:32:23;247.17;41.64;13.05;752.43;0.64;0.39;0.25
23.12.2020;14:33:23;233.14;41.53;13.00;752.43;0.60;0.32;0.19
23.12.2020;14:34:23;224.22;41.85;12.97;752.42;0.57;0.27;0.16
23.12.2020;14:35:23;204.85;42.43;13.06;752.43;0.51;0.19;0.10
23.12.2020;14:36:23;218.16;41.87;13.06;752.44;0.54;0.23;0.13
23.12.2020;14:37:23;207.76;42.16;13.04;752.42;0.51;0.17;0.09
23.12.2020;14:38:23;196.89;41.76;13.04;752.44;0.48;0.12;0.06
23.12.2020;14:39:23;196.08;42.22;13.08;752.45;0.48;0.13;0.06
23.12.2020;14:40:23;184.82;42.44;13.09;752.46;0.45;0.05;0.02
23.12.2020;14:41:23;183.52;42.32;13.13;752.46;0.44;0.04;0.02
23.12.2020;14:42:23;172.04;41.98;13.13;752.46;0.41;0.00;0.00
23.12.2020;14:43:23;172.47;42.32;13.13;752.46;0.42;0.00;0.00
23.12.2020;14:44:23;173.57;42.31;13.13;752.47;0.42;0.00;0.00
23.12.2020;14:45:23;165.36;41.84;13.13;752.46;0.40;0.00;0.00
23.12.2020;14:46:23;157.12;42.11;13.11;752.44;0.38;0.00;0.00
23.12.2020;14:47:23;162.08;42.30;13.13;752.44;0.39;0.00;0.00
23.12.2020;14:48:23;145.93;42.49;13.16;752.45;0.35;0.00;0.00
23.12.2020;14:49:23;151.13;42.35;13.19;752.45;0.36;0.00;0.00
23.12.2020;14:50:23;157.12;42.28;13.19;752.43;0.38;0.00;0.00
23.12.2020;14:51:23;156.33;42.04;13.16;752.44;0.38;0.00;0.00
23.12.2020;14:52:23;144.87;42.55;13.15;752.45;0.35;0.00;0.00
23.12.2020;14:53:24;143.56;41.77;13.12;752.44;0.34;0.00;0.00
23.12.2020;14:54:24;160.94;41.83;13.11;752.42;0.39;0.00;0.00
23.12.2020;14:55:24;159.82;41.79;13.08;752.40;0.40;0.00;0.00
23.12.2020;14:56:24;148.31;41.88;13.11;752.42;0.36;0.00;0.00
23.12.2020;14:57:24;138.86;41.78;13.10;752.43;0.34;0.00;0.00
23.12.2020;14:58:24;143.95;42.11;13.10;752.44;0.35;0.00;0.00
23.12.2020;14:59:24;149.15;42.16;13.22;752.44;0.37;0.00;0.00
23.12.2020;15:00:24;151.87;42.28;13.31;752.40;0.38;0.00;0.00
23.12.2020;15:01:24;156.43;41.30;13.33;752.42;0.40;0.00;0.00
23.12.2020;15:02:24;139.15;41.68;13.35;752.42;0.35;0.00;0.00
23.12.2020;15:03:24;143.83;41.68;13.38;752.42;0.36;0.00;0.00
23.12.2020;15:04:24;137.88;41.33;13.41;752.42;0.35;0.00;0.00
23.12.2020;15:05:24;140.25;41.24;13.43;752.42;0.35;0.00;0.00
23.12.2020;15:06:24;139.49;41.59;13.52;752.43;0.35;0.00;0.00
23.12.2020;15:07:24;135.86;41.78;13.59;752.42;0.34;0.00;0.00
23.12.2020;15:08:24;139.37;42.14;13.67;752.41;0.36;0.00;0.00
23.12.2020;15:09:24;126.53;41.60;13.66;752.42;0.32;0.00;0.00
23.12.2020;15:10:24;132.71;41.92;13.65;752.41;0.34;0.00;0.00
23.12.2020;15:11:24;132.15;41.60;13.72;752.41;0.34;0.00;0.00
23.12.2020;15:12:24;132.36;41.88;13.76;752.39;0.34;0.00;0.00
23.12.2020;15:13:24;124.03;42.00;13.78;752.37;0.31;0.00;0.00
23.12.2020;15:14:24;123.44;42.42;13.90;752.38;0.31;0.00;0.00
23.12.2020;15:15:24;117.16;42.14;13.92;752.38;0.29;0.00;0.00
23.12.2020;15:16:24;111.42;41.65;13.96;752.37;0.28;0.00;0.00
23.12.2020;15:17:24;109.14;41.72;13.91;752.39;0.27;0.00;0.00
23.12.2020;15:18:24;104.19;41.69;13.97;752.39;0.26;0.00;0.00
23.12.2020;15:19:24;104.62;41.47;13.92;752.39;0.26;0.00;0.00
23.12.2020;15:20:24;106.21;41.67;13.89;752.41;0.26;0.00;0.00
23.12.2020;15:21:25;106.74;41.87;13.88;752.40;0.27;0.00;0.00
23.12.2020;15:22:25;107.94;41.76;13.91;752.39;0.27;0.00;0.00
23.12.2020;15:23:25;110.51;41.28;14.08;752.39;0.28;0.00;0.00
23.12.2020;15:24:25;118.29;40.91;14.02;752.39;0.31;0.00;0.00
23.12.2020;15:25:25;114.81;41.68;13.92;752.40;0.30;0.00;0.00
23.12.2020;15:26:25;109.36;41.44;13.85;752.39;0.28;0.00;0.00
23.12.2020;15:27:25;107.79;41.19;13.93;752.39;0.28;0.00;0.00
23.12.2020;15:28:25;107.89;41.53;13.87;752.39;0.28;0.00;0.00
23.12.2020;15:29:25;99.96;41.58;13.89;752.41;0.25;0.00;0.00
23.12.2020;15:30:25;96.82;41.27;13.94;752.42;0.24;0.00;0.00
23.12.2020;15:31:25;89.14;41.57;13.89;752.40;0.22;0.00;0.00
23.12.2020;15:32:25;82.66;41.47;14.06;752.41;0.20;0.00;0.00
23.12.2020;15:33:25;80.76;40.32;14.12;752.40;0.19;0.00;0.00
23.12.2020;15:34:25;74.63;40.89;14.00;752.41;0.17;0.00;0.00
23.12.2020;15:35:25;70.24;41.75;14.02;752.43;0.16;0.00;0.00
23.12.2020;15:36:25;70.29;41.10;14.10;752.43;0.16;0.00;0.00
23.12.2020;15:37:25;62.90;41.31;14.04;752.42;0.13;0.00;0.00
23.12.2020;15:38:25;61.97;41.77;14.04;752.43;0.13;0.00;0.00
23.12.2020;15:39:25;60.87;41.14;14.02;752.44;0.13;0.00;0.00
23.12.2020;15:40:25;55.89;41.20;13.92;752.43;0.11;0.00;0.00
23.12.2020;15:41:25;53.93;42.11;13.83;752.45;0.11;0.00;0.00
23.12.2020;15:42:25;52.36;41.70;13.77;752.42;0.10;0.00;0.00
23.12.2020;15:43:25;47.32;42.53;13.88;752.42;0.09;0.00;0.00
23.12.2020;15:44:25;49.56;41.71;13.84;752.42;0.09;0.00;0.00
23.12.2020;15:45:25;46.47;42.26;13.81;752.40;0.08;0.00;0.00
23.12.2020;15:46:25;42.09;41.95;13.76;752.40;0.07;0.00;0.00
23.12.2020;15:47:25;40.35;42.65;13.74;752.41;0.06;0.00;0.00
23.12.2020;15:48:26;41.29;42.08;13.74;752.40;0.07;0.00;0.00
23.12.2020;15:49:26;37.88;42.82;13.69;752.41;0.06;0.00;0.00
23.12.2020;15:50:26;34.60;42.54;13.73;752.42;0.04;0.00;0.00
23.12.2020;15:51:26;32.83;42.42;13.69;752.42;0.04;0.00;0.00
23.12.2020;15:52:26;30.11;42.72;13.71;752.42;0.03;0.00;0.00
23.12.2020;15:53:26;28.49;42.74;13.78;752.41;0.02;0.00;0.00
23.12.2020;15:54:26;26.40;43.43;13.90;752.41;0.02;0.00;0.00
23.12.2020;15:55:26;25.83;42.68;14.24;752.38;0.01;0.00;0.00
23.12.2020;15:56:26;25.01;41.28;14.28;752.36;0.01;0.00;0.00
23.12.2020;15:57:26;22.84;41.99;14.19;752.37;0.01;0.00;0.00
23.12.2020;15:58:26;20.99;41.71;14.10;752.38;0.00;0.00;0.00
23.12.2020;15:59:26;19.67;42.34;14.11;752.36;0.00;0.00;0.00
23.12.2020;16:00:26;17.92;42.50;14.10;752.35;0.00;0.00;0.00
23.12.2020;16:01:26;16.49;42.21;14.02;752.36;0.00;0.00;0.00
23.12.2020;16:02:26;15.83;42.29;13.96;752.37;0.00;0.00;0.00
23.12.2020;16:03:26;15.34;42.50;14.01;752.37;0.00;0.00;0.00
23.12.2020;16:04:26;13.99;42.36;14.27;752.34;0.00;0.00;0.00
23.12.2020;16:05:26;13.33;41.40;14.38;752.34;0.00;0.00;0.00
23.12.2020;16:06:26;12.74;40.97;14.51;752.33;0.00;0.00;0.00
23.12.2020;16:07:26;11.79;41.49;14.48;752.32;0.00;0.00;0.00
23.12.2020;16:08:26;11.47;41.23;14.43;752.33;0.00;0.00;0.00
23.12.2020;16:09:26;10.99;41.17;14.31;752.32;0.00;0.00;0.00
23.12.2020;16:10:26;10.26;41.78;14.21;752.35;0.00;0.00;0.00
23.12.2020;16:11:26;9.55;41.72;14.10;752.37;0.00;0.00;0.00
23.12.2020;16:12:26;9.14;41.31;13.99;752.36;0.00;0.00;0.00
23.12.2020;16:13:26;8.33;42.36;13.96;752.37;0.00;0.00;0.00
23.12.2020;16:14:26;8.33;41.49;13.98;752.37;0.00;0.00;0.00
23.12.2020;16:15:26;8.28;41.65;14.02;752.37;0.00;0.00;0.00
23.12.2020;16:16:26;7.50;41.52;13.93;752.37;0.00;0.00;0.00
23.12.2020;16:17:26;7.50;42.46;13.87;752.38;0.00;0.00;0.00
23.12.2020;16:18:26;7.51;41.56;13.81;752.37;0.00;0.00;0.00
23.12.2020;16:19:27;6.86;42.37;13.93;752.36;0.00;0.00;0.00
23.12.2020;16:20:27;6.67;42.22;14.09;752.36;0.00;0.00;0.00
23.12.2020;16:21:27;6.67;41.37;14.32;752.32;0.00;0.00;0.00
23.12.2020;16:22:27;6.19;41.77;14.46;752.34;0.00;0.00;0.00
23.12.2020;16:23:27;5.83;41.43;14.33;752.33;0.00;0.00;0.00
23.12.2020;16:24:27;5.83;41.95;14.28;752.34;0.00;0.00;0.00
23.12.2020;16:25:27;5.83;41.29;14.23;752.33;0.00;0.00;0.00
23.12.2020;16:26:27;5.85;41.73;14.19;752.34;0.00;0.00;0.00
23.12.2020;16:27:27;5.83;41.66;14.12;752.35;0.00;0.00;0.00
23.12.2020;16:28:27;5.83;41.91;14.07;752.35;0.00;0.00;0.00
23.12.2020;16:29:27;5.86;41.67;14.10;752.34;0.00;0.00;0.00
23.12.2020;16:30:27;5.79;42.16;14.03;752.34;0.00;0.00;0.00
23.12.2020;16:31:27;5.59;41.89;13.99;752.34;0.00;0.00;0.00
23.12.2020;16:32:27;5.50;42.16;13.96;752.34;0.00;0.00;0.00
23.12.2020;16:33:27;5.28;42.08;13.98;752.35;0.00;0.00;0.00
23.12.2020;16:34:27;5.13;42.32;14.00;752.37;0.00;0.00;0.00
23.12.2020;16:35:27;5.03;42.29;13.98;752.37;0.00;0.00;0.00
23.12.2020;16:36:27;5.03;42.05;13.94;752.38;0.00;0.00;0.00
23.12.2020;16:37:27;5.00;43.00;13.99;752.38;0.00;0.00;0.00
23.12.2020;16:38:27;5.00;42.93;14.02;752.37;0.00;0.00;0.00
23.12.2020;16:39:27;5.00;42.88;14.07;752.38;0.00;0.00;0.00
23.12.2020;16:40:27;5.03;43.06;14.13;752.36;0.00;0.00;0.00
23.12.2020;16:41:27;5.00;42.65;14.15;752.35;0.00;0.00;0.00
23.12.2020;16:42:27;5.00;41.78;14.11;752.36;0.00;0.00;0.00
23.12.2020;16:43:27;5.03;42.28;14.08;752.38;0.00;0.00;0.00
23.12.2020;16:44:27;5.00;42.59;14.14;752.37;0.00;0.00;0.00
23.12.2020;16:45:27;5.00;41.96;14.17;752.37;0.00;0.00;0.00
23.12.2020;16:46:27;5.01;42.20;14.16;752.37;0.00;0.00;0.00
23.12.2020;16:47:27;5.00;42.63;14.21;752.38;0.00;0.00;0.00
23.12.2020;16:48:27;5.00;42.34;14.21;752.38;0.00;0.00;0.00
23.12.2020;16:49:28;5.00;42.51;14.20;752.37;0.00;0.00;0.00
23.12.2020;16:50:28;5.00;41.67;14.23;752.36;0.00;0.00;0.00
23.12.2020;16:51:28;5.00;42.46;14.14;752.37;0.00;0.00;0.00
23.12.2020;16:52:28;5.00;42.34;14.12;752.38;0.00;0.00;0.00
23.12.2020;16:53:28;5.00;41.69;14.15;752.37;0.00;0.00;0.00
23.12.2020;16:54:28;5.03;41.86;14.21;752.34;0.00;0.00;0.00
23.12.2020;16:55:28;5.00;42.19;14.23;752.32;0.00;0.00;0.00
23.12.2020;16:56:28;5.00;42.27;14.21;752.32;0.00;0.00;0.00
23.12.2020;16:57:28;5.03;42.22;14.17;752.32;0.00;0.00;0.00
23.12.2020;16:58:28;5.00;42.80;14.15;752.31;0.00;0.00;0.00
23.12.2020;16:59:28;5.00;42.82;14.16;752.31;0.00;0.00;0.00
23.12.2020;17:00:28;5.01;41.91;14.20;752.31;0.00;0.00;0.00
23.12.2020;17:01:28;5.00;42.64;14.21;752.32;0.00;0.00;0.00
23.12.2020;17:02:28;5.00;42.91;14.31;752.32;0.00;0.00;0.00
23.12.2020;17:03:28;5.00;42.14;14.32;752.32;0.00;0.00;0.00
23.12.2020;17:04:28;5.00;41.60;14.23;752.33;0.00;0.00;0.00
23.12.2020;17:05:28;5.00;42.06;14.20;752.34;0.00;0.00;0.00
23.12.2020;17:06:28;5.00;43.12;14.25;752.34;0.00;0.00;0.00
23.12.2020;17:07:28;5.00;42.88;14.33;752.33;0.00;0.00;0.00
23.12.2020;17:08:28;5.01;41.93;14.38;752.32;0.00;0.00;0.00
23.12.2020;17:09:28;5.00;41.88;14.39;752.32;0.00;0.00;0.00
23.12.2020;17:10:28;5.00;41.52;14.39;752.32;0.00;0.00;0.00
23.12.2020;17:11:28;5.03;41.84;14.37;752.32;0.00;0.00;0.00
23.12.2020;17:12:28;5.00;41.13;14.49;752.31;0.00;0.00;0.00
23.12.2020;17:13:28;5.00;41.14;14.44;752.30;0.00;0.00;0.00
23.12.2020;17:14:28;5.01;41.19;14.46;752.30;0.00;0.00;0.00
23.12.2020;17:15:28;5.00;41.87;14.53;752.29;0.00;0.00;0.00
23.12.2020;17:16:28;5.00;41.96;14.53;752.30;0.00;0.00;0.00
23.12.2020;17:17:28;5.00;42.39;14.46;752.29;0.00;0.00;0.00
23.12.2020;17:18:28;5.00;42.32;14.46;752.29;0.00;0.00;0.00
23.12.2020;17:19:28;5.00;41.69;14.43;752.30;0.00;0.00;0.00
23.12.2020;17:20:29;5.00;42.53;14.43;752.31;0.00;0.00;0.00
23.12.2020;17:21:29;5.00;42.44;14.55;752.29;0.00;0.00;0.00
23.12.2020;17:22:29;5.01;42.05;14.55;752.29;0.00;0.00;0.00
23.12.2020;17:23:29;5.00;41.40;14.73;752.26;0.00;0.00;0.00
23.12.2020;17:24:29;5.00;41.49;14.76;752.26;0.00;0.00;0.00
23.12.2020;17:25:29;5.03;41.08;14.68;752.25;0.00;0.00;0.00
23.12.2020;17:26:29;5.00;41.31;14.59;752.25;0.00;0.00;0.00
23.12.2020;17:27:29;5.00;40.64;14.62;752.24;0.00;0.00;0.00
23.12.2020;17:28:29;5.01;40.98;14.56;752.25;0.00;0.00;0.00
23.12.2020;17:29:29;5.00;41.18;14.48;752.25;0.00;0.00;0.00
23.12.2020;17:30:29;5.00;41.38;14.42;752.25;0.00;0.00;0.00
23.12.2020;17:31:29;5.00;41.37;14.36;752.25;0.00;0.00;0.00
23.12.2020;17:32:29;5.00;41.41;14.35;752.23;0.00;0.00;0.00
23.12.2020;17:33:29;5.00;41.56;14.40;752.24;0.00;0.00;0.00
23.12.2020;17:34:29;5.00;41.38;14.42;752.27;0.00;0.00;0.00
23.12.2020;17:35:29;5.00;41.71;14.41;752.27;0.00;0.00;0.00
23.12.2020;17:36:29;5.01;41.30;14.41;752.27;0.00;0.00;0.00
23.12.2020;17:37:29;5.00;41.38;14.44;752.26;0.00;0.00;0.00
23.12.2020;17:38:29;5.00;41.28;14.37;752.26;0.00;0.00;0.00
23.12.2020;17:39:29;5.03;41.22;14.34;752.26;0.00;0.00;0.00
23.12.2020;17:40:29;5.00;41.29;14.30;752.25;0.00;0.00;0.00
23.12.2020;17:41:29;5.00;42.03;14.27;752.24;0.00;0.00;0.00
23.12.2020;17:42:29;5.01;41.75;14.25;752.24;0.00;0.00;0.00
23.12.2020;17:43:29;5.00;42.36;14.31;752.24;0.00;0.00;0.00
23.12.2020;17:44:29;5.00;41.83;14.41;752.20;0.00;0.00;0.00
23.12.2020;17:45:29;5.00;41.30;14.45;752.21;0.00;0.00;0.00
23.12.2020;17:46:29;5.00;41.25;14.44;752.21;0.00;0.00;0.00
23.12.2020;17:47:29;5.00;41.53;14.44;752.20;0.00;0.00;0.00
23.12.2020;17:48:29;5.00;40.95;14.44;752.19;0.00;0.00;0.00
23.12.2020;17:49:29;5.00;41.62;14.33;752.18;0.00;0.00;0.00
23.12.2020;17:50:30;5.01;41.75;14.35;752.18;0.00;0.00;0.00
23.12.2020;17:51:30;5.00;41.81;14.46;752.20;0.00;0.00;0.00
23.12.2020;17:52:30;5.00;41.62;14.41;752.19;0.00;0.00;0.00
23.12.2020;17:53:30;5.03;41.42;14.43;752.18;0.00;0.00;0.00
23.12.2020;17:54:30;5.00;41.52;14.48;752.18;0.00;0.00;0.00
23.12.2020;17:55:30;5.00;41.17;14.64;752.17;0.00;0.00;0.00
23.12.2020;17:56:30;5.01;41.26;14.67;752.18;0.00;0.00;0.00
23.12.2020;17:57:30;5.00;41.31;14.68;752.19;0.00;0.00;0.00
23.12.2020;17:58:30;5.00;40.84;14.65;752.19;0.00;0.00;0.00
23.12.2020;17:59:30;4.94;40.97;14.64;752.19;0.00;0.00;0.00
23.12.2020;18:00:30;3.33;41.54;14.71;752.19;0.00;0.00;0.00
23.12.2020;18:01:30;3.33;41.11;14.73;752.18;0.00;0.00;0.00
23.12.2020;18:02:30;3.33;41.18;14.76;752.17;0.00;0.00;0.00
23.12.2020;18:03:30;3.33;41.34;14.79;752.16;0.00;0.00;0.00
23.12.2020;18:04:30;3.35;41.28;14.80;752.15;0.00;0.00;0.00
23.12.2020;18:05:30;3.33;41.25;14.81;752.16;0.00;0.00;0.00
23.12.2020;18:06:30;3.33;41.21;14.80;752.15;0.00;0.00;0.00
23.12.2020;18:07:30;3.36;41.20;14.78;752.16;0.00;0.00;0.00
23.12.2020;18:08:30;3.33;41.35;14.76;752.16;0.00;0.00;0.00
23.12.2020;18:09:30;3.33;41.00;14.72;752.17;0.00;0.00;0.00
23.12.2020;18:10:30;3.35;41.23;14.68;752.16;0.00;0.00;0.00
23.12.2020;18:11:30;3.33;41.33;14.64;752.15;0.00;0.00;0.00
23.12.2020;18:12:30;3.33;41.38;14.62;752.14;0.00;0.00;0.00
23.12.2020;18:13:30;3.33;41.37;14.60;752.13;0.00;0.00;0.00
23.12.2020;18:14:30;3.33;41.16;14.55;752.11;0.00;0.00;0.00
23.12.2020;18:15:30;3.33;41.41;14.52;752.10;0.00;0.00;0.00
23.12.2020;18:16:30;3.33;41.36;14.49;752.09;0.00;0.00;0.00
23.12.2020;18:17:30;3.33;41.47;14.47;752.10;0.00;0.00;0.00
23.12.2020;18:18:30;3.35;41.03;14.41;752.10;0.00;0.00;0.00
23.12.2020;18:19:30;3.33;41.71;14.38;752.12;0.00;0.00;0.00
23.12.2020;18:20:31;3.33;41.40;14.34;752.11;0.00;0.00;0.00
23.12.2020;18:21:31;3.36;41.61;14.29;752.12;0.00;0.00;0.00
23.12.2020;18:22:31;3.33;41.64;14.25;752.13;0.00;0.00;0.00
23.12.2020;18:23:31;3.33;41.86;14.24;752.13;0.00;0.00;0.00
23.12.2020;18:24:31;3.35;41.97;14.22;752.13;0.00;0.00;0.00
23.12.2020;18:25:31;3.33;41.43;14.18;752.13;0.00;0.00;0.00
23.12.2020;18:26:31;3.33;41.84;14.13;752.15;0.00;0.00;0.00
23.12.2020;18:27:31;3.33;42.05;14.15;752.17;0.00;0.00;0.00
23.12.2020;18:28:31;3.33;41.97;14.13;752.17;0.00;0.00;0.00
23.12.2020;18:29:31;3.33;41.78;14.08;752.17;0.00;0.00;0.00
23.12.2020;18:30:31;3.33;41.98;14.02;752.16;0.00;0.00;0.00
23.12.2020;18:31:31;3.33;42.02;13.99;752.15;0.00;0.00;0.00
23.12.2020;18:32:31;3.35;42.04;13.95;752.17;0.00;0.00;0.00
23.12.2020;18:33:31;3.33;42.08;13.93;752.15;0.00;0.00;0.00
23.12.2020;18:34:31;3.33;42.49;13.87;752.15;0.00;0.00;0.00
23.12.2020;18:35:31;3.36;42.63;13.80;752.15;0.00;0.00;0.00
23.12.2020;18:36:31;3.33;42.37;13.71;752.14;0.00;0.00;0.00
23.12.2020;18:37:31;3.33;42.50;13.61;752.16;0.00;0.00;0.00
23.12.2020;18:38:31;3.35;42.50;13.54;752.16;0.00;0.00;0.00
23.12.2020;18:39:31;3.33;42.78;13.46;752.15;0.00;0.00;0.00
23.12.2020;18:40:31;3.33;43.24;13.42;752.15;0.00;0.00;0.00
23.12.2020;18:41:31;3.33;43.34;13.42;752.15;0.00;0.00;0.00
23.12.2020;18:42:31;3.33;43.17;13.37;752.14;0.00;0.00;0.00
23.12.2020;18:43:31;3.33;43.50;13.36;752.14;0.00;0.00;0.00
23.12.2020;18:44:31;3.33;43.07;13.34;752.13;0.00;0.00;0.00
23.12.2020;18:45:31;3.33;43.43;13.31;752.15;0.00;0.00;0.00
23.12.2020;18:46:31;3.35;43.24;13.27;752.16;0.00;0.00;0.00
23.12.2020;18:47:31;3.33;43.55;13.24;752.17;0.00;0.00;0.00
23.12.2020;18:48:31;3.33;43.64;13.22;752.17;0.00;0.00;0.00
23.12.2020;18:49:31;3.36;43.80;13.20;752.18;0.00;0.00;0.00
23.12.2020;18:50:31;3.33;43.78;13.19;752.18;0.00;0.00;0.00
23.12.2020;18:51:32;3.33;44.04;13.18;752.17;0.00;0.00;0.00
23.12.2020;18:52:32;3.35;43.95;13.18;752.17;0.00;0.00;0.00
23.12.2020;18:53:32;3.33;44.11;13.18;752.17;0.00;0.00;0.00
23.12.2020;18:54:32;3.33;43.70;13.16;752.17;0.00;0.00;0.00
23.12.2020;18:55:32;3.33;43.44;13.13;752.17;0.00;0.00;0.00
23.12.2020;18:56:32;3.33;44.26;13.11;752.19;0.00;0.00;0.00
23.12.2020;18:57:32;3.33;44.11;13.09;752.20;0.00;0.00;0.00
23.12.2020;18:58:32;3.33;44.15;13.07;752.21;0.00;0.00;0.00
23.12.2020;18:59:32;3.33;44.10;13.06;752.22;0.00;0.00;0.00
23.12.2020;19:00:32;3.35;43.75;13.05;752.21;0.00;0.00;0.00
23.12.2020;19:01:32;3.33;44.10;13.03;752.22;0.00;0.00;0.00
23.12.2020;19:02:32;3.33;43.87;13.00;752.21;0.00;0.00;0.00
23.12.2020;19:03:32;3.36;44.06;12.98;752.22;0.00;0.00;0.00
23.12.2020;19:04:32;3.33;44.45;12.97;752.23;0.00;0.00;0.00
23.12.2020;19:05:32;3.33;44.17;12.97;752.22;0.00;0.00;0.00
23.12.2020;19:06:32;3.35;44.43;12.96;752.22;0.00;0.00;0.00
23.12.2020;19:07:32;3.33;44.01;12.96;752.23;0.00;0.00;0.00
23.12.2020;19:08:32;3.33;43.97;12.95;752.24;0.00;0.00;0.00
23.12.2020;19:09:32;3.33;44.46;12.95;752.24;0.00;0.00;0.00
23.12.2020;19:10:32;3.33;44.19;12.95;752.25;0.00;0.00;0.00
23.12.2020;19:11:32;3.33;43.93;12.94;752.26;0.00;0.00;0.00
23.12.2020;19:12:32;3.33;43.73;12.91;752.28;0.00;0.00;0.00
23.12.2020;19:13:32;3.33;44.44;12.90;752.30;0.00;0.00;0.00
23.12.2020;19:14:32;3.35;44.77;12.92;752.32;0.00;0.00;0.00
23.12.2020;19:15:32;3.33;44.46;12.92;752.31;0.00;0.00;0.00
23.12.2020;19:16:32;3.33;44.69;12.91;752.30;0.00;0.00;0.00
23.12.2020;19:17:32;3.36;44.57;12.91;752.28;0.00;0.00;0.00
23.12.2020;19:18:32;3.33;44.82;12.90;752.29;0.00;0.00;0.00
23.12.2020;19:19:32;3.33;44.49;12.91;752.28;0.00;0.00;0.00
23.12.2020;19:20:32;3.35;44.22;12.91;752.29;0.00;0.00;0.00
23.12.2020;19:21:32;3.33;44.06;12.91;752.27;0.00;0.00;0.00
23.12.2020;19:22:33;3.33;44.09;12.90;752.27;0.00;0.00;0.00
23.12.2020;19:23:33;3.33;44.45;12.89;752.26;0.00;0.00;0.00
23.12.2020;19:24:33;3.33;44.16;12.88;752.25;0.00;0.00;0.00
23.12.2020;19:25:33;3.33;44.70;12.88;752.24;0.00;0.00;0.00
23.12.2020;19:26:33;3.33;44.00;12.88;752.24;0.00;0.00;0.00
23.12.2020;19:27:33;3.33;44.07;12.86;752.24;0.00;0.00;0.00
23.12.2020;19:28:33;3.35;44.72;12.88;752.24;0.00;0.00;0.00
23.12.2020;19:29:33;3.33;44.13;12.87;752.23;0.00;0.00;0.00
23.12.2020;19:30:33;3.33;44.36;12.88;752.24;0.00;0.00;0.00
23.12.2020;19:31:33;3.36;44.38;12.87;752.24;0.00;0.00;0.00
23.12.2020;19:32:33;3.33;44.30;12.87;752.25;0.00;0.00;0.00
23.12.2020;19:33:33;3.33;44.05;12.85;752.26;0.00;0.00;0.00
23.12.2020;19:34:33;3.35;44.08;12.84;752.27;0.00;0.00;0.00
23.12.2020;19:35:33;3.33;44.42;12.84;752.27;0.00;0.00;0.00
23.12.2020;19:36:33;3.33;44.19;12.85;752.30;0.00;0.00;0.00
23.12.2020;19:37:33;3.33;44.11;12.84;752.32;0.00;0.00;0.00
23.12.2020;19:38:33;3.33;44.32;12.84;752.33;0.00;0.00;0.00
23.12.2020;19:39:33;3.33;43.89;12.84;752.35;0.00;0.00;0.00
23.12.2020;19:40:33;3.33;44.27;12.84;752.36;0.00;0.00;0.00
23.12.2020;19:41:33;3.33;44.73;12.84;752.36;0.00;0.00;0.00
23.12.2020;19:42:33;3.35;44.70;12.85;752.36;0.00;0.00;0.00
23.12.2020;19:43:33;3.33;44.19;12.85;752.35;0.00;0.00;0.00
23.12.2020;19:44:33;3.33;44.43;12.84;752.36;0.00;0.00;0.00
23.12.2020;19:45:33;3.36;44.44;12.82;752.37;0.00;0.00;0.00
23.12.2020;19:46:33;3.33;44.46;12.82;752.36;0.00;0.00;0.00
23.12.2020;19:47:33;3.33;44.57;12.83;752.35;0.00;0.00;0.00
23.12.2020;19:48:33;3.35;44.07;12.83;752.35;0.00;0.00;0.00
23.12.2020;19:49:33;3.33;43.82;12.81;752.35;0.00;0.00;0.00
23.12.2020;19:50:33;3.33;44.42;12.81;752.35;0.00;0.00;0.00
23.12.2020;19:51:33;3.33;43.72;12.81;752.35;0.00;0.00;0.00
23.12.2020;19:52:33;3.33;44.11;12.79;752.35;0.00;0.00;0.00
23.12.2020;19:53:34;3.33;44.63;12.79;752.34;0.00;0.00;0.00
23.12.2020;19:54:34;3.33;44.73;12.80;752.35;0.00;0.00;0.00
23.12.2020;19:55:34;3.33;44.49;12.82;752.35;0.00;0.00;0.00
23.12.2020;19:56:34;3.35;44.07;12.83;752.35;0.00;0.00;0.00
23.12.2020;19:57:34;3.33;44.05;12.84;752.35;0.00;0.00;0.00
23.12.2020;19:58:34;3.33;43.75;12.83;752.37;0.00;0.00;0.00
23.12.2020;19:59:34;3.36;44.29;12.82;752.37;0.00;0.00;0.00
23.12.2020;20:00:34;3.33;44.15;12.82;752.38;0.00;0.00;0.00
23.12.2020;20:01:34;3.33;43.78;12.81;752.37;0.00;0.00;0.00
23.12.2020;20:02:34;3.35;44.46;12.81;752.38;0.00;0.00;0.00
23.12.2020;20:03:34;3.33;44.28;12.82;752.37;0.00;0.00;0.00
23.12.2020;20:04:34;3.33;44.08;12.81;752.37;0.00;0.00;0.00
23.12.2020;20:05:34;3.33;44.03;12.81;752.37;0.00;0.00;0.00
23.12.2020;20:06:34;3.33;44.26;12.82;752.37;0.00;0.00;0.00
23.12.2020;20:07:34;3.33;44.36;12.83;752.37;0.00;0.00;0.00
23.12.2020;20:08:34;3.33;44.41;12.85;752.36;0.00;0.00;0.00
23.12.2020;20:09:34;3.33;44.45;12.86;752.36;0.00;0.00;0.00
23.12.2020;20:10:34;3.35;43.88;12.84;752.37;0.00;0.00;0.00
23.12.2020;20:11:34;3.33;44.09;12.84;752.37;0.00;0.00;0.00
23.12.2020;20:12:34;3.33;43.88;12.83;752.37;0.00;0.00;0.00
23.12.2020;20:13:34;3.36;44.19;12.82;752.36;0.00;0.00;0.00
23.12.2020;20:14:34;3.33;44.07;12.81;752.37;0.00;0.00;0.00
23.12.2020;20:15:34;3.33;44.15;12.82;752.37;0.00;0.00;0.00
23.12.2020;20:16:34;3.35;44.21;12.81;752.38;0.00;0.00;0.00
23.12.2020;20:17:34;3.33;43.95;12.80;752.36;0.00;0.00;0.00
23.12.2020;20:18:34;3.33;44.24;12.80;752.38;0.00;0.00;0.00
23.12.2020;20:19:34;3.33;43.79;12.81;752.37;0.00;0.00;0.00
23.12.2020;20:20:34;3.33;43.94;12.80;752.36;0.00;0.00;0.00
23.12.2020;20:21:34;3.33;43.84;12.78;752.36;0.00;0.00;0.00
23.12.2020;20:22:34;3.33;44.03;12.77;752.34;0.00;0.00;0.00
23.12.2020;20:23:34;3.33;44.04;12.76;752.33;0.00;0.00;0.00
23.12.2020;20:24:35;3.35;43.45;12.75;752.31;0.00;0.00;0.00
23.12.2020;20:25:35;3.33;43.80;12.73;752.31;0.00;0.00;0.00
23.12.2020;20:26:35;3.33;43.73;12.72;752.30;0.00;0.00;0.00
23.12.2020;20:27:35;3.36;44.30;12.73;752.30;0.00;0.00;0.00
23.12.2020;20:28:35;3.33;43.87;12.73;752.30;0.00;0.00;0.00
23.12.2020;20:29:35;3.33;44.17;12.73;752.29;0.00;0.00;0.00
23.12.2020;20:30:35;3.35;43.60;12.73;752.27;0.00;0.00;0.00
23.12.2020;20:31:35;3.33;43.98;12.72;752.27;0.00;0.00;0.00
23.12.2020;20:32:35;3.33;44.26;12.73;752.28;0.00;0.00;0.00
23.12.2020;20:33:35;3.33;43.97;12.73;752.26;0.00;0.00;0.00
23.12.2020;20:34:35;3.33;43.82;12.72;752.25;0.00;0.00;0.00
23.12.2020;20:35:35;3.33;44.06;12.72;752.24;0.00;0.00;0.00
23.12.2020;20:36:35;3.33;43.92;12.72;752.24;0.00;0.00;0.00
23.12.2020;20:37:35;3.33;44.30;12.70;752.24;0.00;0.00;0.00
23.12.2020;20:38:35;3.35;44.07;12.73;752.24;0.00;0.00;0.00
23.12.2020;20:39:35;3.33;44.33;12.74;752.23;0.00;0.00;0.00
23.12.2020;20:40:35;3.33;44.06;12.75;752.23;0.00;0.00;0.00
23.12.2020;20:41:35;3.36;43.92;12.77;752.23;0.00;0.00;0.00
23.12.2020;20:42:35;3.33;44.11;12.77;752.21;0.00;0.00;0.00
23.12.2020;20:43:35;3.33;43.94;12.77;752.20;0.00;0.00;0.00
23.12.2020;20:44:35;3.35;43.95;12.75;752.19;0.00;0.00;0.00
23.12.2020;20:45:35;3.33;44.09;12.76;752.19;0.00;0.00;0.00
23.12.2020;20:46:35;3.33;44.01;12.78;752.19;0.00;0.00;0.00
23.12.2020;20:47:35;3.33;43.87;12.77;752.20;0.00;0.00;0.00
23.12.2020;20:48:35;3.33;43.88;12.74;752.21;0.00;0.00;0.00
23.12.2020;20:49:35;3.33;44.03;12.74;752.20;0.00;0.00;0.00
23.12.2020;20:50:35;3.33;44.06;12.74;752.21;0.00;0.00;0.00
23.12.2020;20:51:35;3.33;44.16;12.73;752.19;0.00;0.00;0.00
23.12.2020;20:52:35;3.35;43.80;12.74;752.19;0.00;0.00;0.00
23.12.2020;20:53:35;3.33;43.94;12.72;752.17;0.00;0.00;0.00
23.12.2020;20:54:35;3.33;43.94;12.73;752.17;0.00;0.00;0.00
23.12.2020;20:55:35;3.36;43.97;12.72;752.18;0.00;0.00;0.00
23.12.2020;20:56:36;3.33;44.05;12.72;752.18;0.00;0.00;0.00
23.12.2020;20:57:36;3.33;43.79;12.73;752.18;0.00;0.00;0.00
23.12.2020;20:58:36;3.35;43.80;12.72;752.18;0.00;0.00;0.00
23.12.2020;20:59:36;3.33;43.98;12.72;752.18;0.00;0.00;0.00
23.12.2020;21:00:36;3.33;43.57;12.72;752.18;0.00;0.00;0.00
23.12.2020;21:01:36;3.33;43.79;12.70;752.17;0.00;0.00;0.00
23.12.2020;21:02:36;3.33;43.90;12.69;752.18;0.00;0.00;0.00
23.12.2020;21:03:36;3.33;44.10;12.70;752.18;0.00;0.00;0.00
23.12.2020;21:04:36;3.33;43.85;12.69;752.17;0.00;0.00;0.00
23.12.2020;21:05:36;3.33;43.96;12.68;752.17;0.00;0.00;0.00
23.12.2020;21:06:36;3.35;43.83;12.68;752.16;0.00;0.00;0.00
23.12.2020;21:07:36;3.33;43.83;12.67;752.17;0.00;0.00;0.00
23.12.2020;21:08:36;3.33;43.91;12.68;752.17;0.00;0.00;0.00
23.12.2020;21:09:36;3.36;43.69;12.67;752.16;0.00;0.00;0.00
23.12.2020;21:10:36;3.33;43.85;12.67;752.17;0.00;0.00;0.00
23.12.2020;21:11:36;3.33;44.05;12.66;752.17;0.00;0.00;0.00
23.12.2020;21:12:36;3.35;44.05;12.66;752.18;0.00;0.00;0.00
23.12.2020;21:13:36;3.33;43.92;12.65;752.18;0.00;0.00;0.00
23.12.2020;21:14:36;3.33;43.94;12.66;752.17;0.00;0.00;0.00
23.12.2020;21:15:36;3.33;43.96;12.66;752.18;0.00;0.00;0.00
23.12.2020;21:16:36;3.33;43.67;12.65;752.17;0.00;0.00;0.00
23.12.2020;21:17:36;3.33;43.91;12.65;752.17;0.00;0.00;0.00
23.12.2020;21:18:36;3.33;43.89;12.65;752.18;0.00;0.00;0.00
23.12.2020;21:19:36;3.33;43.98;12.65;752.18;0.00;0.00;0.00
23.12.2020;21:20:36;3.35;43.98;12.66;752.19;0.00;0.00;0.00
23.12.2020;21:21:36;3.33;43.80;12.64;752.18;0.00;0.00;0.00
23.12.2020;21:22:36;3.33;44.06;12.64;752.18;0.00;0.00;0.00
23.12.2020;21:23:36;3.36;43.76;12.64;752.18;0.00;0.00;0.00
23.12.2020;21:24:36;3.33;43.85;12.64;752.18;0.00;0.00;0.00
23.12.2020;21:25:36;3.33;43.98;12.64;752.18;0.00;0.00;0.00
23.12.2020;21:26:36;3.35;43.94;12.64;752.18;0.00;0.00;0.00
23.12.2020;21:27:37;3.33;43.82;12.62;752.18;0.00;0.00;0.00
23.12.2020;21:28:37;3.33;43.96;12.62;752.19;0.00;0.00;0.00
23.12.2020;21:29:37;3.33;43.97;12.61;752.19;0.00;0.00;0.00
23.12.2020;21:30:37;3.33;43.96;12.62;752.19;0.00;0.00;0.00
23.12.2020;21:31:37;3.33;43.97;12.62;752.19;0.00;0.00;0.00
23.12.2020;21:32:37;3.33;43.93;12.62;752.19;0.00;0.00;0.00
23.12.2020;21:33:37;3.33;44.11;12.62;752.17;0.00;0.00;0.00
23.12.2020;21:34:37;3.35;44.03;12.62;752.18;0.00;0.00;0.00
23.12.2020;21:35:37;3.33;43.98;12.62;752.18;0.00;0.00;0.00
23.12.2020;21:36:37;3.33;44.07;12.61;752.19;0.00;0.00;0.00
23.12.2020;21:37:37;3.36;43.74;12.60;752.21;0.00;0.00;0.00
23.12.2020;21:38:37;3.33;44.16;12.59;752.24;0.00;0.00;0.00
23.12.2020;21:39:37;3.33;43.89;12.58;752.25;0.00;0.00;0.00
23.12.2020;21:40:37;3.35;43.91;12.59;752.26;0.00;0.00;0.00
23.12.2020;21:41:37;3.33;43.87;12.58;752.27;0.00;0.00;0.00
23.12.2020;21:42:37;3.33;43.92;12.57;752.27;0.00;0.00;0.00
23.12.2020;21:43:37;3.33;43.88;12.58;752.27;0.00;0.00;0.00
23.12.2020;21:44:37;3.33;44.02;12.57;752.27;0.00;0.00;0.00
23.12.2020;21:45:37;3.33;43.89;12.57;752.27;0.00;0.00;0.00
23.12.2020;21:46:37;3.33;44.04;12.58;752.26;0.00;0.00;0.00
23.12.2020;21:47:37;3.33;44.02;12.59;752.25;0.00;0.00;0.00
23.12.2020;21:48:37;3.35;43.82;12.59;752.24;0.00;0.00;0.00
23.12.2020;21:49:37;3.33;43.49;12.58;752.24;0.00;0.00;0.00
23.12.2020;21:50:37;3.33;43.78;12.56;752.24;0.00;0.00;0.00
23.12.2020;21:51:37;3.36;43.81;12.56;752.22;0.00;0.00;0.00
23.12.2020;21:52:37;3.33;44.00;12.56;752.23;0.00;0.00;0.00
23.12.2020;21:53:37;3.33;43.94;12.56;752.21;0.00;0.00;0.00
23.12.2020;21:54:37;3.35;43.89;12.57;752.22;0.00;0.00;0.00
23.12.2020;21:55:37;3.33;44.02;12.57;752.23;0.00;0.00;0.00
23.12.2020;21:56:37;3.33;43.91;12.59;752.23;0.00;0.00;0.00
23.12.2020;21:57:37;3.33;43.78;12.58;752.23;0.00;0.00;0.00
23.12.2020;21:58:38;3.33;43.94;12.58;752.24;0.00;0.00;0.00
23.12.2020;21:59:38;3.33;43.99;12.58;752.23;0.00;0.00;0.00
23.12.2020;22:00:38;3.33;43.77;12.58;752.21;0.00;0.00;0.00
23.12.2020;22:01:38;3.33;43.74;12.57;752.22;0.00;0.00;0.00
23.12.2020;22:02:38;3.35;43.92;12.56;752.23;0.00;0.00;0.00
23.12.2020;22:03:38;3.33;43.68;12.55;752.26;0.00;0.00;0.00
23.12.2020;22:04:38;3.33;43.68;12.53;752.27;0.00;0.00;0.00
23.12.2020;22:05:38;3.36;43.94;12.52;752.26;0.00;0.00;0.00
23.12.2020;22:06:38;3.33;43.92;12.52;752.27;0.00;0.00;0.00
23.12.2020;22:07:38;3.33;43.74;12.53;752.28;0.00;0.00;0.00
23.12.2020;22:08:38;3.35;43.81;12.53;752.30;0.00;0.00;0.00
23.12.2020;22:09:38;3.33;43.59;12.52;752.31;0.00;0.00;0.00
23.12.2020;22:10:38;3.33;43.60;12.50;752.32;0.00;0.00;0.00
23.12.2020;22:11:38;3.33;43.70;12.51;752.33;0.00;0.00;0.00
23.12.2020;22:12:38;3.33;43.84;12.50;752.33;0.00;0.00;0.00
23.12.2020;22:13:38;3.33;43.94;12.50;752.35;0.00;0.00;0.00
23.12.2020;22:14:38;3.33;43.94;12.51;752.35;0.00;0.00;0.00
23.12.2020;22:15:38;3.33;43.66;12.51;752.35;0.00;0.00;0.00
23.12.2020;22:16:38;3.35;43.47;12.50;752.34;0.00;0.00;0.00
23.12.2020;22:17:38;3.33;43.82;12.49;752.33;0.00;0.00;0.00
23.12.2020;22:18:38;3.33;43.83;12.49;752.33;0.00;0.00;0.00
23.12.2020;22:19:38;3.36;43.78;12.48;752.32;0.00;0.00;0.00
23.12.2020;22:20:38;3.33;43.69;12.47;752.32;0.00;0.00;0.00
23.12.2020;22:21:38;3.33;43.76;12.47;752.32;0.00;0.00;0.00
23.12.2020;22:22:38;3.35;43.80;12.47;752.31;0.00;0.00;0.00
23.12.2020;22:23:38;3.33;43.89;12.48;752.31;0.00;0.00;0.00
23.12.2020;22:24:38;3.33;43.78;12.48;752.32;0.00;0.00;0.00
23.12.2020;22:25:38;3.33;43.76;12.47;752.31;0.00;0.00;0.00
23.12.2020;22:26:38;3.33;43.73;12.46;752.31;0.00;0.00;0.00
23.12.2020;22:27:38;3.33;43.69;12.46;752.30;0.00;0.00;0.00
23.12.2020;22:28:38;3.33;43.81;12.45;752.31;0.00;0.00;0.00
23.12.2020;22:29:38;3.33;43.91;12.45;752.32;0.00;0.00;0.00
23.12.2020;22:30:39;3.35;43.83;12.45;752.34;0.00;0.00;0.00
23.12.2020;22:31:39;3.33;43.89;12.45;752.34;0.00;0.00;0.00
23.12.2020;22:32:39;3.33;43.97;12.45;752.35;0.00;0.00;0.00
23.12.2020;22:33:39;3.36;43.80;12.47;752.36;0.00;0.00;0.00
23.12.2020;22:34:39;3.33;43.83;12.47;752.36;0.00;0.00;0.00
23.12.2020;22:35:39;3.33;43.84;12.46;752.36;0.00;0.00;0.00
23.12.2020;22:36:39;3.35;43.91;12.45;752.36;0.00;0.00;0.00
23.12.2020;22:37:39;3.33;44.04;12.46;752.36;0.00;0.00;0.00
23.12.2020;22:38:39;3.33;43.79;12.46;752.36;0.00;0.00;0.00
23.12.2020;22:39:39;3.33;43.84;12.47;752.35;0.00;0.00;0.00
23.12.2020;22:40:39;3.33;43.91;12.48;752.35;0.00;0.00;0.00
23.12.2020;22:41:39;3.33;43.84;12.48;752.33;0.00;0.00;0.00
23.12.2020;22:42:39;3.33;43.72;12.47;752.34;0.00;0.00;0.00
23.12.2020;22:43:39;3.33;43.84;12.47;752.35;0.00;0.00;0.00
23.12.2020;22:44:39;3.35;43.75;12.48;752.35;0.00;0.00;0.00
23.12.2020;22:45:39;3.33;43.69;12.47;752.36;0.00;0.00;0.00
23.12.2020;22:46:39;3.33;43.85;12.48;752.35;0.00;0.00;0.00
23.12.2020;22:47:39;3.36;43.93;12.49;752.35;0.00;0.00;0.00
23.12.2020;22:48:39;3.33;43.92;12.49;752.34;0.00;0.00;0.00
23.12.2020;22:49:39;3.33;43.86;12.50;752.33;0.00;0.00;0.00
23.12.2020;22:50:39;3.35;43.74;12.49;752.32;0.00;0.00;0.00
23.12.2020;22:51:39;3.33;43.82;12.47;752.31;0.00;0.00;0.00
23.12.2020;22:52:39;3.33;43.73;12.47;752.30;0.00;0.00;0.00
23.12.2020;22:53:39;3.33;43.86;12.46;752.30;0.00;0.00;0.00
23.12.2020;22:54:39;3.33;43.93;12.47;752.30;0.00;0.00;0.00
23.12.2020;22:55:39;3.33;43.89;12.49;752.30;0.00;0.00;0.00
23.12.2020;22:56:39;3.33;43.66;12.48;752.30;0.00;0.00;0.00
23.12.2020;22:57:39;3.33;43.70;12.46;752.31;0.00;0.00;0.00
23.12.2020;22:58:39;3.35;43.76;12.46;752.31;0.00;0.00;0.00
23.12.2020;22:59:39;3.33;43.66;12.46;752.31;0.00;0.00;0.00
23.12.2020;23:00:39;3.33;43.56;12.45;752.32;0.00;0.00;0.00
23.12.2020;23:01:40;3.36;43.74;12.46;752.32;0.00;0.00;0.00
23.12.2020;23:02:40;3.33;43.63;12.46;752.33;0.00;0.00;0.00
23.12.2020;23:03:40;3.33;43.68;12.47;752.34;0.00;0.00;0.00
23.12.2020;23:04:40;3.35;43.78;12.48;752.35;0.00;0.00;0.00
23.12.2020;23:05:40;3.33;43.46;12.47;752.35;0.00;0.00;0.00
23.12.2020;23:06:40;3.33;43.70;12.47;752.36;0.00;0.00;0.00
23.12.2020;23:07:40;3.33;43.78;12.47;752.36;0.00;0.00;0.00
23.12.2020;23:08:40;3.33;43.71;12.48;752.36;0.00;0.00;0.00
23.12.2020;23:09:40;3.33;43.75;12.48;752.37;0.00;0.00;0.00
23.12.2020;23:10:40;3.33;43.62;12.49;752.36;0.00;0.00;0.00
23.12.2020;23:11:40;3.33;43.77;12.48;752.35;0.00;0.00;0.00
23.12.2020;23:12:40;3.35;43.71;12.49;752.36;0.00;0.00;0.00
23.12.2020;23:13:40;3.33;43.42;12.48;752.37;0.00;0.00;0.00
23.12.2020;23:14:40;3.33;43.64;12.46;752.38;0.00;0.00;0.00
23.12.2020;23:15:40;3.36;43.73;12.47;752.38;0.00;0.00;0.00
23.12.2020;23:16:40;3.33;43.52;12.47;752.39;0.00;0.00;0.00
23.12.2020;23:17:40;3.33;43.71;12.47;752.41;0.00;0.00;0.00
23.12.2020;23:18:40;3.35;43.61;12.48;752.42;0.00;0.00;0.00
23.12.2020;23:19:40;3.33;43.49;12.48;752.43;0.00;0.00;0.00
23.12.2020;23:20:40;3.33;43.60;12.47;752.42;0.00;0.00;0.00
23.12.2020;23:21:40;3.33;43.64;12.47;752.42;0.00;0.00;0.00
23.12.2020;23:22:40;3.33;43.60;12.48;752.42;0.00;0.00;0.00
23.12.2020;23:23:40;3.33;43.55;12.48;752.42;0.00;0.00;0.00
23.12.2020;23:24:40;3.33;43.58;12.47;752.42;0.00;0.00;0.00
23.12.2020;23:25:40;3.33;43.61;12.48;752.42;0.00;0.00;0.00
23.12.2020;23:26:40;3.35;43.59;12.49;752.41;0.00;0.00;0.00
23.12.2020;23:27:40;3.33;43.55;12.49;752.40;0.00;0.00;0.00
23.12.2020;23:28:40;3.33;43.53;12.48;752.40;0.00;0.00;0.00
23.12.2020;23:29:40;3.36;43.54;12.48;752.39;0.00;0.00;0.00
23.12.2020;23:30:40;3.33;43.45;12.47;752.40;0.00;0.00;0.00
23.12.2020;23:31:40;3.33;43.50;12.47;752.40;0.00;0.00;0.00
23.12.2020;23:32:40;3.35;43.67;12.46;752.40;0.00;0.00;0.00
23.12.2020;23:33:41;3.33;43.70;12.47;752.40;0.00;0.00;0.00
23.12.2020;23:34:41;3.33;43.64;12.47;752.41;0.00;0.00;0.00
23.12.2020;23:35:41;3.33;43.65;12.47;752.42;0.00;0.00;0.00
23.12.2020;23:36:41;3.33;43.64;12.47;752.42;0.00;0.00;0.00
23.12.2020;23:37:41;3.33;43.63;12.47;752.41;0.00;0.00;0.00
23.12.2020;23:38:41;3.33;43.54;12.48;752.40;0.00;0.00;0.00
23.12.2020;23:39:41;3.33;43.48;12.48;752.40;0.00;0.00;0.00
23.12.2020;23:40:41;3.35;43.58;12.47;752.40;0.00;0.00;0.00
23.12.2020;23:41:41;3.33;43.50;12.47;752.40;0.00;0.00;0.00
23.12.2020;23:42:41;3.33;43.61;12.48;752.40;0.00;0.00;0.00
23.12.2020;23:43:41;3.36;43.48;12.49;752.41;0.00;0.00;0.00
23.12.2020;23:44:41;3.33;43.53;12.49;752.42;0.00;0.00;0.00
23.12.2020;23:45:41;3.33;43.53;12.49;752.43;0.00;0.00;0.00
23.12.2020;23:46:41;3.35;43.53;12.48;752.44;0.00;0.00;0.00
23.12.2020;23:47:41;3.33;43.55;12.47;752.44;0.00;0.00;0.00
23.12.2020;23:48:41;3.33;43.68;12.48;752.44;0.00;0.00;0.00
23.12.2020;23:49:41;3.33;43.55;12.50;752.44;0.00;0.00;0.00
23.12.2020;23:50:41;3.33;43.51;12.51;752.43;0.00;0.00;0.00
23.12.2020;23:51:41;3.33;43.47;12.50;752.42;0.00;0.00;0.00
23.12.2020;23:52:41;3.33;43.37;12.50;752.42;0.00;0.00;0.00
23.12.2020;23:53:41;3.33;43.46;12.50;752.41;0.00;0.00;0.00
23.12.2020;23:54:41;3.35;43.42;12.50;752.42;0.00;0.00;0.00
23.12.2020;23:55:41;3.33;43.44;12.50;752.43;0.00;0.00;0.00
23.12.2020;23:56:41;3.33;43.47;12.49;752.44;0.00;0.00;0.00
23.12.2020;23:57:41;3.36;43.43;12.48;752.43;0.00;0.00;0.00
23.12.2020;23:58:41;3.33;43.50;12.49;752.43;0.00;0.00;0.00
23.12.2020;23:59:41;3.33;43.40;12.50;752.42;0.00;0.00;0.00
