24.01.2021;0:00:33;2.50;38.27;11.95;745.52;0.00;0.00;0.00
24.01.2021;0:01:33;2.51;38.14;11.95;745.51;0.00;0.00;0.00
24.01.2021;0:02:33;2.50;38.05;11.95;745.51;0.00;0.00;0.00
24.01.2021;0:03:33;2.50;38.14;11.96;745.51;0.00;0.00;0.00
24.01.2021;0:04:33;2.53;38.12;11.96;745.49;0.00;0.00;0.00
24.01.2021;0:05:33;2.50;38.06;11.96;745.48;0.00;0.00;0.00
24.01.2021;0:06:33;2.50;38.10;11.95;745.47;0.00;0.00;0.00
24.01.2021;0:07:33;2.51;38.15;11.97;745.47;0.00;0.00;0.00
24.01.2021;0:08:33;2.50;38.07;11.93;745.47;0.00;0.00;0.00
24.01.2021;0:09:33;2.50;38.14;11.93;745.45;0.00;0.00;0.00
24.01.2021;0:10:33;2.50;38.17;11.93;745.45;0.00;0.00;0.00
24.01.2021;0:11:33;2.50;38.12;11.93;745.44;0.00;0.00;0.00
24.01.2021;0:12:33;2.50;38.22;11.96;745.42;0.00;0.00;0.00
24.01.2021;0:13:34;2.50;38.15;11.97;745.42;0.00;0.00;0.00
24.01.2021;0:14:34;2.50;38.18;12.00;745.43;0.00;0.00;0.00
24.01.2021;0:15:34;2.51;38.16;12.03;745.45;0.00;0.00;0.00
24.01.2021;0:16:34;2.50;38.04;12.02;745.43;0.00;0.00;0.00
24.01.2021;0:17:34;2.50;38.05;12.02;745.43;0.00;0.00;0.00
24.01.2021;0:18:34;2.53;38.02;12.01;745.43;0.00;0.00;0.00
24.01.2021;0:19:34;2.50;38.03;12.00;745.43;0.00;0.00;0.00
24.01.2021;0:20:34;2.50;38.04;12.00;745.41;0.00;0.00;0.00
24.01.2021;0:21:34;2.51;38.02;12.02;745.42;0.00;0.00;0.00
24.01.2021;0:22:34;2.50;37.96;12.02;745.43;0.00;0.00;0.00
24.01.2021;0:23:34;2.50;37.98;12.00;745.40;0.00;0.00;0.00
24.01.2021;0:24:34;2.50;38.10;11.99;745.39;0.00;0.00;0.00
24.01.2021;0:25:34;2.50;38.20;12.01;745.36;0.00;0.00;0.00
24.01.2021;0:26:34;2.50;38.18;12.03;745.35;0.00;0.00;0.00
24.01.2021;0:27:34;2.50;38.03;12.03;745.34;0.00;0.00;0.00
24.01.2021;0:28:34;2.50;38.04;12.04;745.32;0.00;0.00;0.00
24.01.2021;0:29:34;2.51;38.02;12.05;745.30;0.00;0.00;0.00
24.01.2021;0:30:34;2.50;38.08;12.03;745.30;0.00;0.00;0.00
24.01.2021;0:31:34;2.50;38.06;12.05;745.28;0.00;0.00;0.00
24.01.2021;0:32:34;2.53;38.01;12.04;745.28;0.00;0.00;0.00
24.01.2021;0:33:34;2.50;37.95;12.05;745.27;0.00;0.00;0.00
24.01.2021;0:34:34;2.50;37.97;12.04;745.26;0.00;0.00;0.00
24.01.2021;0:35:34;2.51;38.05;12.04;745.24;0.00;0.00;0.00
24.01.2021;0:36:34;2.50;38.05;12.03;745.24;0.00;0.00;0.00
24.01.2021;0:37:34;2.50;38.08;12.01;745.23;0.00;0.00;0.00
24.01.2021;0:38:34;2.50;38.14;12.00;745.22;0.00;0.00;0.00
24.01.2021;0:39:34;2.50;38.14;12.00;745.21;0.00;0.00;0.00
24.01.2021;0:40:34;2.50;38.16;12.02;745.21;0.00;0.00;0.00
24.01.2021;0:41:34;2.50;38.17;12.04;745.18;0.00;0.00;0.00
24.01.2021;0:42:34;2.50;38.12;12.05;745.16;0.00;0.00;0.00
24.01.2021;0:43:34;2.51;38.02;12.04;745.17;0.00;0.00;0.00
24.01.2021;0:44:34;2.50;38.07;12.06;745.17;0.00;0.00;0.00
24.01.2021;0:45:35;2.50;38.02;12.08;745.17;0.00;0.00;0.00
24.01.2021;0:46:35;2.53;38.10;12.08;745.15;0.00;0.00;0.00
24.01.2021;0:47:35;2.50;38.04;12.07;745.14;0.00;0.00;0.00
24.01.2021;0:48:35;2.50;37.99;12.06;745.15;0.00;0.00;0.00
24.01.2021;0:49:35;2.51;38.03;12.07;745.15;0.00;0.00;0.00
24.01.2021;0:50:35;2.50;38.05;12.07;745.15;0.00;0.00;0.00
24.01.2021;0:51:35;2.50;38.04;12.07;745.16;0.00;0.00;0.00
24.01.2021;0:52:35;2.50;38.00;12.06;745.15;0.00;0.00;0.00
24.01.2021;0:53:35;2.50;38.08;12.05;745.14;0.00;0.00;0.00
24.01.2021;0:54:35;2.50;38.08;12.05;745.12;0.00;0.00;0.00
24.01.2021;0:55:35;2.50;38.13;12.04;745.10;0.00;0.00;0.00
24.01.2021;0:56:35;2.50;38.18;12.04;745.10;0.00;0.00;0.00
24.01.2021;0:57:35;2.51;38.12;12.07;745.10;0.00;0.00;0.00
24.01.2021;0:58:35;2.50;38.09;12.08;745.10;0.00;0.00;0.00
24.01.2021;0:59:35;2.50;38.07;12.09;745.09;0.00;0.00;0.00
24.01.2021;1:00:35;2.53;38.08;12.09;745.11;0.00;0.00;0.00
24.01.2021;1:01:35;2.50;38.08;12.08;745.13;0.00;0.00;0.00
24.01.2021;1:02:35;2.50;38.09;12.09;745.13;0.00;0.00;0.00
24.01.2021;1:03:35;2.51;38.06;12.09;745.12;0.00;0.00;0.00
24.01.2021;1:04:35;2.50;38.09;12.09;745.10;0.00;0.00;0.00
24.01.2021;1:05:35;2.50;38.06;12.09;745.11;0.00;0.00;0.00
24.01.2021;1:06:35;2.50;38.04;12.11;745.11;0.00;0.00;0.00
24.01.2021;1:07:35;2.50;38.02;12.09;745.10;0.00;0.00;0.00
24.01.2021;1:08:35;2.50;38.05;12.07;745.09;0.00;0.00;0.00
24.01.2021;1:09:35;2.50;38.20;12.10;745.08;0.00;0.00;0.00
24.01.2021;1:10:35;2.50;38.06;12.11;745.07;0.00;0.00;0.00
24.01.2021;1:11:35;2.51;38.06;12.09;745.03;0.00;0.00;0.00
24.01.2021;1:12:35;2.50;38.08;12.12;745.03;0.00;0.00;0.00
24.01.2021;1:13:35;2.50;38.03;12.12;745.02;0.00;0.00;0.00
24.01.2021;1:14:35;2.53;38.08;12.11;745.01;0.00;0.00;0.00
24.01.2021;1:15:35;2.50;38.12;12.12;745.01;0.00;0.00;0.00
24.01.2021;1:16:36;2.50;38.10;12.16;745.02;0.00;0.00;0.00
24.01.2021;1:17:36;2.51;37.94;12.15;745.03;0.00;0.00;0.00
24.01.2021;1:18:36;2.50;38.00;12.15;745.03;0.00;0.00;0.00
24.01.2021;1:19:36;2.50;38.01;12.14;745.04;0.00;0.00;0.00
24.01.2021;1:20:36;2.50;37.97;12.12;745.03;0.00;0.00;0.00
24.01.2021;1:21:36;2.50;38.01;12.13;745.03;0.00;0.00;0.00
24.01.2021;1:22:36;2.50;38.10;12.13;745.04;0.00;0.00;0.00
24.01.2021;1:23:36;2.50;38.07;12.14;745.04;0.00;0.00;0.00
24.01.2021;1:24:36;2.50;38.08;12.14;745.04;0.00;0.00;0.00
24.01.2021;1:25:36;2.51;38.08;12.17;745.05;0.00;0.00;0.00
24.01.2021;1:26:36;2.50;37.98;12.15;745.02;0.00;0.00;0.00
24.01.2021;1:27:36;2.50;38.06;12.14;745.04;0.00;0.00;0.00
24.01.2021;1:28:36;2.53;38.12;12.14;745.04;0.00;0.00;0.00
24.01.2021;1:29:36;2.50;38.10;12.15;745.01;0.00;0.00;0.00
24.01.2021;1:30:36;2.50;38.08;12.16;745.01;0.00;0.00;0.00
24.01.2021;1:31:36;2.51;38.04;12.17;745.02;0.00;0.00;0.00
24.01.2021;1:32:36;2.50;37.98;12.17;745.02;0.00;0.00;0.00
24.01.2021;1:33:36;2.50;37.98;12.16;745.00;0.00;0.00;0.00
24.01.2021;1:34:36;2.50;38.07;12.17;745.00;0.00;0.00;0.00
24.01.2021;1:35:36;2.50;38.10;12.18;745.00;0.00;0.00;0.00
24.01.2021;1:36:36;2.50;38.06;12.20;745.00;0.00;0.00;0.00
24.01.2021;1:37:36;2.50;37.94;12.18;744.99;0.00;0.00;0.00
24.01.2021;1:38:36;2.50;38.01;12.19;744.99;0.00;0.00;0.00
24.01.2021;1:39:36;2.51;37.97;12.21;744.96;0.00;0.00;0.00
24.01.2021;1:40:36;2.50;37.97;12.20;744.97;0.00;0.00;0.00
24.01.2021;1:41:36;2.50;38.00;12.19;744.97;0.00;0.00;0.00
24.01.2021;1:42:36;2.53;38.05;12.21;744.98;0.00;0.00;0.00
24.01.2021;1:43:36;2.50;38.01;12.22;744.98;0.00;0.00;0.00
24.01.2021;1:44:36;2.50;37.99;12.22;744.96;0.00;0.00;0.00
24.01.2021;1:45:36;2.51;38.08;12.23;744.95;0.00;0.00;0.00
24.01.2021;1:46:36;2.50;37.96;12.25;744.96;0.00;0.00;0.00
24.01.2021;1:47:37;2.50;37.95;12.26;744.96;0.00;0.00;0.00
24.01.2021;1:48:37;2.50;37.88;12.26;744.96;0.00;0.00;0.00
24.01.2021;1:49:37;2.50;37.89;12.24;744.94;0.00;0.00;0.00
24.01.2021;1:50:37;2.50;37.95;12.25;744.94;0.00;0.00;0.00
24.01.2021;1:51:37;2.50;37.98;12.24;744.93;0.00;0.00;0.00
24.01.2021;1:52:37;2.50;37.98;12.27;744.92;0.00;0.00;0.00
24.01.2021;1:53:37;2.51;37.93;12.27;744.91;0.00;0.00;0.00
24.01.2021;1:54:37;2.50;37.83;12.27;744.92;0.00;0.00;0.00
24.01.2021;1:55:37;2.50;37.85;12.26;744.94;0.00;0.00;0.00
24.01.2021;1:56:37;2.53;37.90;12.29;744.92;0.00;0.00;0.00
24.01.2021;1:57:37;2.50;37.80;12.29;744.91;0.00;0.00;0.00
24.01.2021;1:58:37;2.50;37.77;12.29;744.90;0.00;0.00;0.00
24.01.2021;1:59:37;2.51;37.87;12.31;744.89;0.00;0.00;0.00
24.01.2021;2:00:37;2.50;37.83;12.30;744.89;0.00;0.00;0.00
24.01.2021;2:01:37;2.50;37.87;12.30;744.89;0.00;0.00;0.00
24.01.2021;2:02:37;2.50;37.85;12.32;744.87;0.00;0.00;0.00
24.01.2021;2:03:37;2.50;37.81;12.32;744.85;0.00;0.00;0.00
24.01.2021;2:04:37;2.50;37.81;12.31;744.85;0.00;0.00;0.00
24.01.2021;2:05:37;2.50;37.82;12.31;744.85;0.00;0.00;0.00
24.01.2021;2:06:37;2.50;37.80;12.32;744.85;0.00;0.00;0.00
24.01.2021;2:07:37;2.51;37.79;12.30;744.85;0.00;0.00;0.00
24.01.2021;2:08:37;2.50;37.77;12.30;744.83;0.00;0.00;0.00
24.01.2021;2:09:37;2.50;37.85;12.31;744.82;0.00;0.00;0.00
24.01.2021;2:10:37;2.53;37.91;12.31;744.80;0.00;0.00;0.00
24.01.2021;2:11:37;2.50;37.84;12.28;744.77;0.00;0.00;0.00
24.01.2021;2:12:37;2.50;37.91;12.29;744.75;0.00;0.00;0.00
24.01.2021;2:13:37;2.51;37.85;12.30;744.73;0.00;0.00;0.00
24.01.2021;2:14:37;2.50;37.82;12.31;744.72;0.00;0.00;0.00
24.01.2021;2:15:37;2.50;37.87;12.31;744.71;0.00;0.00;0.00
24.01.2021;2:16:37;2.50;37.86;12.30;744.71;0.00;0.00;0.00
24.01.2021;2:17:37;2.50;37.85;12.30;744.71;0.00;0.00;0.00
24.01.2021;2:18:38;2.50;37.91;12.27;744.69;0.00;0.00;0.00
24.01.2021;2:19:38;2.50;37.98;12.30;744.67;0.00;0.00;0.00
24.01.2021;2:20:38;2.50;37.92;12.31;744.66;0.00;0.00;0.00
24.01.2021;2:21:38;2.51;37.95;12.32;744.66;0.00;0.00;0.00
24.01.2021;2:22:38;2.50;37.86;12.32;744.68;0.00;0.00;0.00
24.01.2021;2:23:38;2.50;37.95;12.30;744.65;0.00;0.00;0.00
24.01.2021;2:24:38;2.53;37.95;12.30;744.61;0.00;0.00;0.00
24.01.2021;2:25:38;2.50;37.92;12.29;744.60;0.00;0.00;0.00
24.01.2021;2:26:38;2.50;37.98;12.31;744.60;0.00;0.00;0.00
24.01.2021;2:27:38;2.51;37.86;12.33;744.60;0.00;0.00;0.00
24.01.2021;2:28:38;2.50;37.86;12.34;744.61;0.00;0.00;0.00
24.01.2021;2:29:38;2.50;37.90;12.35;744.60;0.00;0.00;0.00
24.01.2021;2:30:38;2.50;37.86;12.36;744.60;0.00;0.00;0.00
24.01.2021;2:31:38;2.50;37.90;12.35;744.58;0.00;0.00;0.00
24.01.2021;2:32:38;2.50;37.81;12.34;744.56;0.00;0.00;0.00
24.01.2021;2:33:38;2.50;37.81;12.36;744.54;0.00;0.00;0.00
24.01.2021;2:34:38;2.50;37.78;12.38;744.55;0.00;0.00;0.00
24.01.2021;2:35:38;2.51;37.90;12.37;744.54;0.00;0.00;0.00
24.01.2021;2:36:38;2.50;37.87;12.39;744.50;0.00;0.00;0.00
24.01.2021;2:37:38;2.50;37.78;12.39;744.46;0.00;0.00;0.00
24.01.2021;2:38:38;2.53;37.89;12.38;744.45;0.00;0.00;0.00
24.01.2021;2:39:38;2.50;37.81;12.37;744.44;0.00;0.00;0.00
24.01.2021;2:40:38;2.50;37.80;12.38;744.42;0.00;0.00;0.00
24.01.2021;2:41:38;2.51;37.77;12.39;744.39;0.00;0.00;0.00
24.01.2021;2:42:38;2.50;37.76;12.40;744.38;0.00;0.00;0.00
24.01.2021;2:43:38;2.50;37.79;12.39;744.37;0.00;0.00;0.00
24.01.2021;2:44:38;2.50;37.76;12.37;744.37;0.00;0.00;0.00
24.01.2021;2:45:38;2.50;37.79;12.37;744.36;0.00;0.00;0.00
24.01.2021;2:46:38;2.50;37.80;12.37;744.37;0.00;0.00;0.00
24.01.2021;2:47:38;2.50;37.79;12.36;744.37;0.00;0.00;0.00
24.01.2021;2:48:38;2.50;37.84;12.36;744.38;0.00;0.00;0.00
24.01.2021;2:49:38;2.51;37.91;12.37;744.38;0.00;0.00;0.00
24.01.2021;2:50:39;2.50;37.82;12.36;744.37;0.00;0.00;0.00
24.01.2021;2:51:39;2.50;37.90;12.36;744.35;0.00;0.00;0.00
24.01.2021;2:52:39;2.53;37.91;12.36;744.34;0.00;0.00;0.00
24.01.2021;2:53:39;2.50;37.95;12.36;744.32;0.00;0.00;0.00
24.01.2021;2:54:39;2.50;37.86;12.38;744.30;0.00;0.00;0.00
24.01.2021;2:55:39;2.51;37.88;12.36;744.29;0.00;0.00;0.00
24.01.2021;2:56:39;2.50;37.87;12.37;744.29;0.00;0.00;0.00
24.01.2021;2:57:39;2.50;37.91;12.38;744.29;0.00;0.00;0.00
24.01.2021;2:58:39;2.50;37.90;12.39;744.29;0.00;0.00;0.00
24.01.2021;2:59:39;2.50;37.85;12.39;744.29;0.00;0.00;0.00
24.01.2021;3:00:39;2.50;37.85;12.38;744.28;0.00;0.00;0.00
24.01.2021;3:01:39;2.50;37.84;12.38;744.28;0.00;0.00;0.00
24.01.2021;3:02:39;2.50;37.92;12.39;744.28;0.00;0.00;0.00
24.01.2021;3:03:39;2.51;37.90;12.40;744.28;0.00;0.00;0.00
24.01.2021;3:04:39;2.50;37.84;12.40;744.27;0.00;0.00;0.00
24.01.2021;3:05:39;2.50;37.92;12.40;744.26;0.00;0.00;0.00
24.01.2021;3:06:39;2.53;37.93;12.39;744.26;0.00;0.00;0.00
24.01.2021;3:07:39;2.50;37.95;12.40;744.26;0.00;0.00;0.00
24.01.2021;3:08:39;2.50;37.95;12.41;744.26;0.00;0.00;0.00
24.01.2021;3:09:39;2.51;37.91;12.43;744.25;0.00;0.00;0.00
24.01.2021;3:10:39;2.50;37.86;12.43;744.24;0.00;0.00;0.00
24.01.2021;3:11:39;2.50;37.88;12.42;744.22;0.00;0.00;0.00
24.01.2021;3:12:39;2.50;37.87;12.41;744.21;0.00;0.00;0.00
24.01.2021;3:13:39;2.50;37.87;12.43;744.19;0.00;0.00;0.00
24.01.2021;3:14:39;2.50;37.94;12.43;744.17;0.00;0.00;0.00
24.01.2021;3:15:39;2.50;37.89;12.43;744.17;0.00;0.00;0.00
24.01.2021;3:16:39;2.50;37.83;12.43;744.16;0.00;0.00;0.00
24.01.2021;3:17:39;2.51;37.78;12.44;744.17;0.00;0.00;0.00
24.01.2021;3:18:39;2.50;37.86;12.45;744.19;0.00;0.00;0.00
24.01.2021;3:19:39;2.50;37.90;12.47;744.19;0.00;0.00;0.00
24.01.2021;3:20:39;2.53;37.84;12.45;744.21;0.00;0.00;0.00
24.01.2021;3:21:40;2.50;37.82;12.46;744.22;0.00;0.00;0.00
24.01.2021;3:22:40;2.50;37.82;12.47;744.24;0.00;0.00;0.00
24.01.2021;3:23:40;2.51;37.85;12.47;744.25;0.00;0.00;0.00
24.01.2021;3:24:40;2.50;37.80;12.47;744.25;0.00;0.00;0.00
24.01.2021;3:25:40;2.50;37.78;12.48;744.25;0.00;0.00;0.00
24.01.2021;3:26:40;2.50;37.88;12.48;744.27;0.00;0.00;0.00
24.01.2021;3:27:40;2.50;37.84;12.47;744.30;0.00;0.00;0.00
24.01.2021;3:28:40;2.50;37.91;12.47;744.29;0.00;0.00;0.00
24.01.2021;3:29:40;2.50;37.93;12.45;744.25;0.00;0.00;0.00
24.01.2021;3:30:40;2.50;37.94;12.44;744.24;0.00;0.00;0.00
24.01.2021;3:31:40;2.51;37.87;12.45;744.22;0.00;0.00;0.00
24.01.2021;3:32:40;2.50;37.87;12.47;744.20;0.00;0.00;0.00
24.01.2021;3:33:40;2.50;37.90;12.46;744.20;0.00;0.00;0.00
24.01.2021;3:34:40;2.53;37.87;12.45;744.20;0.00;0.00;0.00
24.01.2021;3:35:40;2.50;37.96;12.48;744.19;0.00;0.00;0.00
24.01.2021;3:36:40;2.50;37.90;12.48;744.19;0.00;0.00;0.00
24.01.2021;3:37:40;2.51;37.91;12.49;744.19;0.00;0.00;0.00
24.01.2021;3:38:40;2.50;37.87;12.50;744.20;0.00;0.00;0.00
24.01.2021;3:39:40;2.50;37.89;12.51;744.21;0.00;0.00;0.00
24.01.2021;3:40:40;2.50;37.82;12.51;744.20;0.00;0.00;0.00
24.01.2021;3:41:40;2.50;37.79;12.49;744.16;0.00;0.00;0.00
24.01.2021;3:42:40;2.50;37.92;12.47;744.17;0.00;0.00;0.00
24.01.2021;3:43:40;2.50;37.91;12.48;744.19;0.00;0.00;0.00
24.01.2021;3:44:40;2.50;37.94;12.48;744.19;0.00;0.00;0.00
24.01.2021;3:45:40;2.51;37.91;12.49;744.20;0.00;0.00;0.00
24.01.2021;3:46:40;2.50;37.89;12.51;744.20;0.00;0.00;0.00
24.01.2021;3:47:40;2.50;37.83;12.50;744.18;0.00;0.00;0.00
24.01.2021;3:48:40;2.53;37.90;12.52;744.18;0.00;0.00;0.00
24.01.2021;3:49:40;2.50;37.85;12.54;744.19;0.00;0.00;0.00
24.01.2021;3:50:40;2.50;37.90;12.53;744.20;0.00;0.00;0.00
24.01.2021;3:51:40;2.51;37.85;12.53;744.18;0.00;0.00;0.00
24.01.2021;3:52:41;2.50;37.86;12.51;744.19;0.00;0.00;0.00
24.01.2021;3:53:41;2.50;37.89;12.50;744.20;0.00;0.00;0.00
24.01.2021;3:54:41;2.50;37.92;12.50;744.21;0.00;0.00;0.00
24.01.2021;3:55:41;2.50;37.91;12.51;744.19;0.00;0.00;0.00
24.01.2021;3:56:41;2.50;37.88;12.50;744.17;0.00;0.00;0.00
24.01.2021;3:57:41;2.50;37.89;12.51;744.19;0.00;0.00;0.00
24.01.2021;3:58:41;2.50;37.96;12.49;744.17;0.00;0.00;0.00
24.01.2021;3:59:41;2.51;37.94;12.50;744.15;0.00;0.00;0.00
24.01.2021;4:00:41;2.50;37.91;12.51;744.14;0.00;0.00;0.00
24.01.2021;4:01:41;2.50;37.87;12.51;744.13;0.00;0.00;0.00
24.01.2021;4:02:41;2.53;37.92;12.51;744.12;0.00;0.00;0.00
24.01.2021;4:03:41;2.50;37.93;12.49;744.10;0.00;0.00;0.00
24.01.2021;4:04:41;2.50;38.00;12.50;744.08;0.00;0.00;0.00
24.01.2021;4:05:41;2.51;37.96;12.49;744.06;0.00;0.00;0.00
24.01.2021;4:06:41;2.50;37.92;12.51;744.06;0.00;0.00;0.00
24.01.2021;4:07:41;2.50;37.96;12.50;744.06;0.00;0.00;0.00
24.01.2021;4:08:41;2.50;37.93;12.51;744.09;0.00;0.00;0.00
24.01.2021;4:09:41;2.50;37.95;12.49;744.08;0.00;0.00;0.00
24.01.2021;4:10:41;2.50;38.06;12.50;744.06;0.00;0.00;0.00
24.01.2021;4:11:41;2.50;38.03;12.52;744.02;0.00;0.00;0.00
24.01.2021;4:12:41;2.50;38.10;12.54;744.00;0.00;0.00;0.00
24.01.2021;4:13:41;2.51;38.08;12.55;743.99;0.00;0.00;0.00
24.01.2021;4:14:41;2.50;37.94;12.57;743.99;0.00;0.00;0.00
24.01.2021;4:15:41;2.50;37.86;12.59;743.98;0.00;0.00;0.00
24.01.2021;4:16:41;2.53;37.83;12.58;743.96;0.00;0.00;0.00
24.01.2021;4:17:41;2.50;37.84;12.58;743.93;0.00;0.00;0.00
24.01.2021;4:18:41;2.50;37.89;12.59;743.93;0.00;0.00;0.00
24.01.2021;4:19:41;2.51;37.81;12.57;743.94;0.00;0.00;0.00
24.01.2021;4:20:41;2.50;37.87;12.56;743.91;0.00;0.00;0.00
24.01.2021;4:21:41;2.50;37.90;12.56;743.88;0.00;0.00;0.00
24.01.2021;4:22:41;2.50;37.86;12.56;743.88;0.00;0.00;0.00
24.01.2021;4:23:42;2.50;37.91;12.56;743.87;0.00;0.00;0.00
24.01.2021;4:24:42;2.50;37.86;12.57;743.86;0.00;0.00;0.00
24.01.2021;4:25:42;2.50;37.88;12.57;743.85;0.00;0.00;0.00
24.01.2021;4:26:42;2.50;37.85;12.56;743.85;0.00;0.00;0.00
24.01.2021;4:27:42;2.51;37.91;12.57;743.85;0.00;0.00;0.00
24.01.2021;4:28:42;2.50;37.90;12.55;743.86;0.00;0.00;0.00
24.01.2021;4:29:42;2.50;37.91;12.56;743.86;0.00;0.00;0.00
24.01.2021;4:30:42;2.53;37.86;12.56;743.88;0.00;0.00;0.00
24.01.2021;4:31:42;2.50;37.92;12.55;743.87;0.00;0.00;0.00
24.01.2021;4:32:42;2.50;37.95;12.55;743.89;0.00;0.00;0.00
24.01.2021;4:33:42;2.51;38.03;12.57;743.89;0.00;0.00;0.00
24.01.2021;4:34:42;2.50;37.94;12.57;743.90;0.00;0.00;0.00
24.01.2021;4:35:42;2.50;37.91;12.57;743.89;0.00;0.00;0.00
24.01.2021;4:36:42;2.50;37.93;12.56;743.88;0.00;0.00;0.00
24.01.2021;4:37:42;2.50;37.88;12.56;743.90;0.00;0.00;0.00
24.01.2021;4:38:42;2.50;37.88;12.58;743.89;0.00;0.00;0.00
24.01.2021;4:39:42;2.50;37.90;12.57;743.89;0.00;0.00;0.00
24.01.2021;4:40:42;2.50;37.94;12.59;743.91;0.00;0.00;0.00
24.01.2021;4:41:42;2.51;37.88;12.59;743.89;0.00;0.00;0.00
24.01.2021;4:42:42;2.50;37.86;12.59;743.88;0.00;0.00;0.00
24.01.2021;4:43:42;2.50;37.89;12.59;743.88;0.00;0.00;0.00
24.01.2021;4:44:42;2.53;37.88;12.59;743.88;0.00;0.00;0.00
24.01.2021;4:45:42;2.50;37.92;12.58;743.87;0.00;0.00;0.00
24.01.2021;4:46:42;2.50;37.91;12.60;743.85;0.00;0.00;0.00
24.01.2021;4:47:42;2.51;37.85;12.61;743.85;0.00;0.00;0.00
24.01.2021;4:48:42;2.50;37.88;12.61;743.85;0.00;0.00;0.00
24.01.2021;4:49:42;2.50;37.82;12.62;743.84;0.00;0.00;0.00
24.01.2021;4:50:42;2.50;37.87;12.61;743.82;0.00;0.00;0.00
24.01.2021;4:51:42;2.50;37.94;12.61;743.82;0.00;0.00;0.00
24.01.2021;4:52:42;2.50;37.89;12.61;743.79;0.00;0.00;0.00
24.01.2021;4:53:42;2.50;37.84;12.64;743.80;0.00;0.00;0.00
24.01.2021;4:54:43;2.50;37.80;12.65;743.80;0.00;0.00;0.00
24.01.2021;4:55:43;2.51;37.77;12.64;743.80;0.00;0.00;0.00
24.01.2021;4:56:43;2.50;37.84;12.65;743.80;0.00;0.00;0.00
24.01.2021;4:57:43;2.50;37.84;12.65;743.80;0.00;0.00;0.00
24.01.2021;4:58:43;2.53;37.84;12.63;743.78;0.00;0.00;0.00
24.01.2021;4:59:43;2.50;37.79;12.63;743.79;0.00;0.00;0.00
24.01.2021;5:00:43;2.50;37.86;12.65;743.78;0.00;0.00;0.00
24.01.2021;5:01:43;2.51;37.73;12.64;743.78;0.00;0.00;0.00
24.01.2021;5:02:43;2.50;37.75;12.63;743.76;0.00;0.00;0.00
24.01.2021;5:03:43;2.50;37.78;12.65;743.74;0.00;0.00;0.00
24.01.2021;5:04:43;2.50;37.76;12.64;743.73;0.00;0.00;0.00
24.01.2021;5:05:43;2.50;37.77;12.66;743.74;0.00;0.00;0.00
24.01.2021;5:06:43;2.50;37.76;12.66;743.73;0.00;0.00;0.00
24.01.2021;5:07:43;2.50;37.76;12.66;743.73;0.00;0.00;0.00
24.01.2021;5:08:43;2.50;37.82;12.66;743.72;0.00;0.00;0.00
24.01.2021;5:09:43;2.51;37.74;12.66;743.71;0.00;0.00;0.00
24.01.2021;5:10:43;2.50;37.82;12.66;743.68;0.00;0.00;0.00
24.01.2021;5:11:43;2.50;37.85;12.67;743.67;0.00;0.00;0.00
24.01.2021;5:12:43;2.53;37.69;12.67;743.67;0.00;0.00;0.00
24.01.2021;5:13:43;2.50;37.77;12.66;743.67;0.00;0.00;0.00
24.01.2021;5:14:43;2.50;37.82;12.68;743.66;0.00;0.00;0.00
24.01.2021;5:15:43;2.51;37.84;12.70;743.65;0.00;0.00;0.00
24.01.2021;5:16:43;2.50;37.73;12.72;743.64;0.00;0.00;0.00
24.01.2021;5:17:43;2.50;37.72;12.72;743.64;0.00;0.00;0.00
24.01.2021;5:18:43;2.50;37.71;12.72;743.62;0.00;0.00;0.00
24.01.2021;5:19:43;2.50;37.68;12.73;743.60;0.00;0.00;0.00
24.01.2021;5:20:43;2.50;37.72;12.72;743.61;0.00;0.00;0.00
24.01.2021;5:21:43;2.50;37.71;12.73;743.60;0.00;0.00;0.00
24.01.2021;5:22:43;2.50;37.64;12.72;743.59;0.00;0.00;0.00
24.01.2021;5:23:43;2.51;37.70;12.72;743.57;0.00;0.00;0.00
24.01.2021;5:24:43;2.50;37.70;12.72;743.56;0.00;0.00;0.00
24.01.2021;5:25:44;2.50;37.67;12.73;743.54;0.00;0.00;0.00
24.01.2021;5:26:44;2.53;37.66;12.76;743.53;0.00;0.00;0.00
24.01.2021;5:27:44;2.50;37.67;12.78;743.52;0.00;0.00;0.00
24.01.2021;5:28:44;2.50;37.70;12.78;743.51;0.00;0.00;0.00
24.01.2021;5:29:44;2.51;37.64;12.75;743.49;0.00;0.00;0.00
24.01.2021;5:30:44;2.50;37.65;12.75;743.47;0.00;0.00;0.00
24.01.2021;5:31:44;2.50;37.68;12.77;743.45;0.00;0.00;0.00
24.01.2021;5:32:44;2.50;37.64;12.78;743.44;0.00;0.00;0.00
24.01.2021;5:33:44;2.50;37.65;12.79;743.42;0.00;0.00;0.00
24.01.2021;5:34:44;2.50;37.56;12.78;743.42;0.00;0.00;0.00
24.01.2021;5:35:44;2.50;37.58;12.77;743.41;0.00;0.00;0.00
24.01.2021;5:36:44;2.50;37.56;12.73;743.41;0.00;0.00;0.00
24.01.2021;5:37:44;2.51;37.67;12.74;743.40;0.00;0.00;0.00
24.01.2021;5:38:44;2.50;37.62;12.76;743.38;0.00;0.00;0.00
24.01.2021;5:39:44;2.50;37.69;12.76;743.40;0.00;0.00;0.00
24.01.2021;5:40:44;2.53;37.68;12.77;743.41;0.00;0.00;0.00
24.01.2021;5:41:44;2.50;37.62;12.76;743.44;0.00;0.00;0.00
24.01.2021;5:42:44;2.50;37.66;12.77;743.46;0.00;0.00;0.00
24.01.2021;5:43:44;2.51;37.66;12.78;743.45;0.00;0.00;0.00
24.01.2021;5:44:44;2.50;37.61;12.79;743.44;0.00;0.00;0.00
24.01.2021;5:45:44;2.50;37.67;12.79;743.45;0.00;0.00;0.00
24.01.2021;5:46:44;2.50;37.63;12.81;743.46;0.00;0.00;0.00
24.01.2021;5:47:44;2.50;37.59;12.81;743.45;0.00;0.00;0.00
24.01.2021;5:48:44;2.50;37.60;12.82;743.44;0.00;0.00;0.00
24.01.2021;5:49:44;2.50;37.53;12.83;743.45;0.00;0.00;0.00
24.01.2021;5:50:44;2.50;37.52;12.81;743.43;0.00;0.00;0.00
24.01.2021;5:51:44;2.51;37.62;12.81;743.44;0.00;0.00;0.00
24.01.2021;5:52:44;2.50;37.56;12.82;743.42;0.00;0.00;0.00
24.01.2021;5:53:44;2.50;37.60;12.81;743.41;0.00;0.00;0.00
24.01.2021;5:54:44;2.53;37.60;12.83;743.41;0.00;0.00;0.00
24.01.2021;5:55:44;2.50;37.51;12.83;743.42;0.00;0.00;0.00
24.01.2021;5:56:45;2.50;37.53;12.85;743.43;0.00;0.00;0.00
24.01.2021;5:57:45;2.51;37.55;12.84;743.41;0.00;0.00;0.00
24.01.2021;5:58:45;2.50;37.55;12.84;743.39;0.00;0.00;0.00
24.01.2021;5:59:45;2.50;37.53;12.85;743.38;0.00;0.00;0.00
24.01.2021;6:00:45;2.50;37.52;12.86;743.38;0.00;0.00;0.00
24.01.2021;6:01:45;2.50;37.54;12.86;743.38;0.00;0.00;0.00
24.01.2021;6:02:45;2.50;37.57;12.85;743.39;0.00;0.00;0.00
24.01.2021;6:03:45;2.50;37.49;12.87;743.38;0.00;0.00;0.00
24.01.2021;6:04:45;2.50;37.50;12.86;743.37;0.00;0.00;0.00
24.01.2021;6:05:45;2.51;37.49;12.87;743.37;0.00;0.00;0.00
24.01.2021;6:06:45;2.50;37.51;12.88;743.36;0.00;0.00;0.00
24.01.2021;6:07:45;2.50;37.43;12.88;743.36;0.00;0.00;0.00
24.01.2021;6:08:45;2.53;37.45;12.89;743.37;0.00;0.00;0.00
24.01.2021;6:09:45;2.50;37.46;12.90;743.38;0.00;0.00;0.00
24.01.2021;6:10:45;2.50;37.50;12.88;743.39;0.00;0.00;0.00
24.01.2021;6:11:45;2.51;37.47;12.88;743.39;0.00;0.00;0.00
24.01.2021;6:12:45;2.50;37.45;12.90;743.39;0.00;0.00;0.00
24.01.2021;6:13:45;2.50;37.44;12.91;743.36;0.00;0.00;0.00
24.01.2021;6:14:45;2.50;37.47;12.91;743.35;0.00;0.00;0.00
24.01.2021;6:15:45;2.50;37.40;12.91;743.35;0.00;0.00;0.00
24.01.2021;6:16:45;2.50;37.45;12.91;743.35;0.00;0.00;0.00
24.01.2021;6:17:45;2.50;37.46;12.89;743.35;0.00;0.00;0.00
24.01.2021;6:18:45;2.50;37.45;12.88;743.34;0.00;0.00;0.00
24.01.2021;6:19:45;2.51;37.44;12.89;743.33;0.00;0.00;0.00
24.01.2021;6:20:45;2.50;37.48;12.90;743.32;0.00;0.00;0.00
24.01.2021;6:21:45;2.50;37.41;12.89;743.30;0.00;0.00;0.00
24.01.2021;6:22:45;2.53;37.49;12.88;743.30;0.00;0.00;0.00
24.01.2021;6:23:45;2.50;37.43;12.90;743.31;0.00;0.00;0.00
24.01.2021;6:24:45;2.50;37.46;12.91;743.29;0.00;0.00;0.00
24.01.2021;6:25:45;2.51;37.46;12.91;743.28;0.00;0.00;0.00
24.01.2021;6:26:45;2.50;37.43;12.93;743.28;0.00;0.00;0.00
24.01.2021;6:27:46;2.50;37.36;12.93;743.27;0.00;0.00;0.00
24.01.2021;6:28:46;2.50;37.37;12.92;743.28;0.00;0.00;0.00
24.01.2021;6:29:46;2.50;37.45;12.92;743.27;0.00;0.00;0.00
24.01.2021;6:30:46;2.50;37.45;12.92;743.26;0.00;0.00;0.00
24.01.2021;6:31:46;2.50;37.44;12.91;743.26;0.00;0.00;0.00
24.01.2021;6:32:46;2.50;37.42;12.91;743.25;0.00;0.00;0.00
24.01.2021;6:33:46;2.51;37.35;12.89;743.25;0.00;0.00;0.00
24.01.2021;6:34:46;2.50;37.48;12.89;743.26;0.00;0.00;0.00
24.01.2021;6:35:46;2.50;37.48;12.91;743.26;0.00;0.00;0.00
24.01.2021;6:36:46;2.53;37.45;12.91;743.28;0.00;0.00;0.00
24.01.2021;6:37:46;2.50;37.48;12.93;743.27;0.00;0.00;0.00
24.01.2021;6:38:46;2.50;37.42;12.93;743.27;0.00;0.00;0.00
24.01.2021;6:39:46;2.51;37.46;12.94;743.26;0.00;0.00;0.00
24.01.2021;6:40:46;2.50;37.41;12.96;743.26;0.00;0.00;0.00
24.01.2021;6:41:46;2.50;37.34;12.96;743.25;0.00;0.00;0.00
24.01.2021;6:42:46;2.50;37.28;12.96;743.25;0.00;0.00;0.00
24.01.2021;6:43:46;2.50;37.39;12.97;743.23;0.00;0.00;0.00
24.01.2021;6:44:46;2.50;37.32;12.95;743.23;0.00;0.00;0.00
24.01.2021;6:45:46;2.50;37.33;12.94;743.23;0.00;0.00;0.00
24.01.2021;6:46:46;2.50;37.48;12.93;743.22;0.00;0.00;0.00
24.01.2021;6:47:46;2.51;37.38;12.95;743.21;0.00;0.00;0.00
24.01.2021;6:48:46;2.50;37.28;12.95;743.19;0.00;0.00;0.00
24.01.2021;6:49:46;2.50;37.39;12.95;743.17;0.00;0.00;0.00
24.01.2021;6:50:46;2.53;37.33;12.95;743.17;0.00;0.00;0.00
24.01.2021;6:51:46;2.50;37.32;12.96;743.16;0.00;0.00;0.00
24.01.2021;6:52:46;2.50;37.37;12.97;743.15;0.00;0.00;0.00
24.01.2021;6:53:46;2.51;37.31;12.96;743.14;0.00;0.00;0.00
24.01.2021;6:54:46;2.50;37.28;12.96;743.14;0.00;0.00;0.00
24.01.2021;6:55:46;2.50;37.31;12.96;743.14;0.00;0.00;0.00
24.01.2021;6:56:46;2.50;37.39;12.96;743.10;0.00;0.00;0.00
24.01.2021;6:57:47;2.50;37.32;12.96;743.09;0.00;0.00;0.00
24.01.2021;6:58:47;2.50;37.27;12.96;743.08;0.00;0.00;0.00
24.01.2021;6:59:47;2.50;37.29;12.97;743.09;0.00;0.00;0.00
24.01.2021;7:00:47;2.50;37.41;12.95;743.07;0.00;0.00;0.00
24.01.2021;7:01:47;2.51;37.28;12.96;743.09;0.00;0.00;0.00
24.01.2021;7:02:47;2.50;37.27;12.95;743.08;0.00;0.00;0.00
24.01.2021;7:03:47;2.50;37.26;12.94;743.10;0.00;0.00;0.00
24.01.2021;7:04:47;2.53;37.30;12.93;743.13;0.00;0.00;0.00
24.01.2021;7:05:47;2.50;37.33;12.93;743.13;0.00;0.00;0.00
24.01.2021;7:06:47;2.50;37.36;12.91;743.15;0.00;0.00;0.00
24.01.2021;7:07:47;2.51;37.41;12.93;743.14;0.00;0.00;0.00
24.01.2021;7:08:47;2.50;37.34;12.94;743.13;0.00;0.00;0.00
24.01.2021;7:09:47;2.50;37.34;12.94;743.13;0.00;0.00;0.00
24.01.2021;7:10:47;2.50;37.42;12.95;743.11;0.00;0.00;0.00
24.01.2021;7:11:47;2.50;37.37;12.97;743.13;0.00;0.00;0.00
24.01.2021;7:12:47;2.57;37.34;12.98;743.14;0.00;0.00;0.00
24.01.2021;7:13:47;2.85;37.23;12.98;743.15;0.00;0.00;0.00
24.01.2021;7:14:47;3.23;37.23;12.96;743.15;0.00;0.00;0.00
24.01.2021;7:15:47;3.33;37.32;12.97;743.14;0.00;0.00;0.00
24.01.2021;7:16:47;3.33;37.23;12.95;743.13;0.00;0.00;0.00
24.01.2021;7:17:47;3.33;37.30;12.96;743.12;0.00;0.00;0.00
24.01.2021;7:18:47;3.35;37.31;12.95;743.09;0.00;0.00;0.00
24.01.2021;7:19:47;3.33;37.34;12.96;743.09;0.00;0.00;0.00
24.01.2021;7:20:47;3.33;37.28;12.97;743.07;0.00;0.00;0.00
24.01.2021;7:21:47;3.35;37.29;12.96;743.09;0.00;0.00;0.00
24.01.2021;7:22:47;3.33;37.34;12.96;743.06;0.00;0.00;0.00
24.01.2021;7:23:47;3.40;37.29;12.95;743.07;0.00;0.00;0.00
24.01.2021;7:24:47;3.90;37.27;12.94;743.08;0.00;0.00;0.00
24.01.2021;7:25:47;4.17;37.28;12.93;743.07;0.00;0.00;0.00
24.01.2021;7:26:47;4.17;37.36;12.92;743.06;0.00;0.00;0.00
24.01.2021;7:27:47;4.17;37.33;12.92;743.06;0.00;0.00;0.00
24.01.2021;7:28:48;4.25;37.27;12.91;743.06;0.00;0.00;0.00
24.01.2021;7:29:48;5.01;37.47;12.90;743.07;0.00;0.00;0.00
24.01.2021;7:30:48;5.00;37.43;12.90;743.07;0.00;0.00;0.00
24.01.2021;7:31:48;5.30;37.41;12.90;743.05;0.00;0.00;0.00
24.01.2021;7:32:48;5.85;37.46;12.91;743.03;0.00;0.00;0.00
24.01.2021;7:33:48;6.33;37.38;12.93;743.04;0.00;0.00;0.00
24.01.2021;7:34:48;6.67;37.35;12.92;743.06;0.00;0.00;0.00
24.01.2021;7:35:48;6.75;37.37;12.91;743.07;0.00;0.00;0.00
24.01.2021;7:36:48;7.50;37.35;12.91;743.06;0.00;0.00;0.00
24.01.2021;7:37:48;7.51;37.41;12.90;743.06;0.00;0.00;0.00
24.01.2021;7:38:48;8.35;37.41;12.91;743.05;0.00;0.00;0.00
24.01.2021;7:39:48;9.17;37.48;12.90;743.06;0.00;0.00;0.00
24.01.2021;7:40:48;9.32;37.50;12.90;743.09;0.00;0.00;0.00
24.01.2021;7:41:48;10.72;37.42;12.91;743.07;0.00;0.00;0.00
24.01.2021;7:42:48;10.93;37.43;12.93;743.06;0.00;0.00;0.00
24.01.2021;7:43:48;11.86;37.37;12.94;743.06;0.00;0.00;0.00
24.01.2021;7:44:48;13.69;37.34;12.93;743.07;0.00;0.00;0.00
24.01.2021;7:45:48;14.27;37.39;12.92;743.07;0.00;0.00;0.00
24.01.2021;7:46:48;14.76;37.43;12.91;743.08;0.00;0.00;0.00
24.01.2021;7:47:48;15.62;37.40;12.90;743.09;0.00;0.00;0.00
24.01.2021;7:48:48;16.51;37.40;12.89;743.08;0.00;0.00;0.00
24.01.2021;7:49:48;17.94;37.38;12.90;743.07;0.00;0.00;0.00
24.01.2021;7:50:48;19.99;37.41;12.91;743.06;0.01;0.00;0.00
24.01.2021;7:51:48;21.64;37.38;12.89;743.04;0.02;0.00;0.00
24.01.2021;7:52:48;23.14;37.42;12.89;743.03;0.02;0.00;0.00
24.01.2021;7:53:48;26.06;37.39;12.89;743.00;0.03;0.00;0.00
24.01.2021;7:54:48;27.47;37.46;12.88;742.99;0.04;0.00;0.00
24.01.2021;7:55:48;29.54;37.50;12.88;742.99;0.05;0.00;0.00
24.01.2021;7:56:48;31.88;37.50;12.89;742.98;0.05;0.00;0.00
24.01.2021;7:57:49;32.99;37.48;12.90;742.96;0.06;0.00;0.00
24.01.2021;7:58:49;35.39;37.38;12.91;742.95;0.07;0.00;0.00
24.01.2021;7:59:49;39.48;37.41;12.91;742.94;0.08;0.00;0.00
24.01.2021;8:00:49;41.94;37.44;12.91;742.92;0.09;0.00;0.00
24.01.2021;8:01:49;47.10;37.37;12.90;742.90;0.11;0.00;0.00
24.01.2021;8:02:49;49.07;37.38;12.89;742.88;0.12;0.00;0.00
24.01.2021;8:03:49;51.87;37.46;12.90;742.89;0.13;0.00;0.00
24.01.2021;8:04:49;56.04;37.38;12.92;742.90;0.15;0.00;0.00
24.01.2021;8:05:49;58.33;37.41;12.92;742.89;0.15;0.00;0.00
24.01.2021;8:06:49;64.01;37.38;12.90;742.89;0.18;0.00;0.00
24.01.2021;8:07:49;66.58;37.35;12.89;742.88;0.18;0.00;0.00
24.01.2021;8:08:49;68.29;37.38;12.90;742.90;0.19;0.00;0.00
24.01.2021;8:09:49;72.57;37.43;12.91;742.88;0.21;0.00;0.00
24.01.2021;8:10:49;78.28;37.46;12.92;742.87;0.23;0.00;0.00
24.01.2021;8:11:49;80.37;37.45;12.92;742.85;0.23;0.00;0.00
24.01.2021;8:12:49;84.35;37.40;12.93;742.85;0.25;0.00;0.00
24.01.2021;8:13:49;92.34;37.29;12.94;742.84;0.27;0.00;0.00
24.01.2021;8:14:49;91.04;37.33;12.95;742.84;0.27;0.00;0.00
24.01.2021;8:15:49;94.50;37.34;12.97;742.82;0.28;0.00;0.00
24.01.2021;8:16:49;104.24;37.28;12.98;742.81;0.31;0.00;0.00
24.01.2021;8:17:49;110.06;37.30;12.99;742.80;0.33;0.00;0.00
24.01.2021;8:18:49;117.06;37.29;12.99;742.78;0.36;0.00;0.00
24.01.2021;8:19:49;133.35;37.32;13.00;742.74;0.42;0.00;0.00
24.01.2021;8:20:49;133.63;37.21;13.01;742.74;0.42;0.00;0.00
24.01.2021;8:21:49;140.45;37.28;13.01;742.74;0.44;0.03;0.01
24.01.2021;8:22:49;132.54;37.25;13.02;742.77;0.40;0.00;0.00
24.01.2021;8:23:49;125.28;37.18;13.03;742.82;0.38;0.00;0.00
24.01.2021;8:24:49;128.95;37.18;13.00;742.80;0.39;0.00;0.00
24.01.2021;8:25:50;132.54;37.23;13.00;742.82;0.40;0.00;0.00
24.01.2021;8:26:50;137.93;37.25;13.00;742.82;0.42;0.00;0.00
24.01.2021;8:27:50;140.35;37.30;12.99;742.83;0.42;0.02;0.01
24.01.2021;8:28:50;150.00;37.25;13.00;742.80;0.46;0.08;0.04
24.01.2021;8:29:50;149.76;37.27;13.01;742.77;0.45;0.06;0.03
24.01.2021;8:30:50;151.76;37.22;13.04;742.78;0.46;0.09;0.04
24.01.2021;8:31:50;154.56;37.19;13.04;742.78;0.47;0.09;0.04
24.01.2021;8:32:50;165.11;37.18;13.05;742.78;0.50;0.16;0.08
24.01.2021;8:33:50;162.03;37.15;13.07;742.78;0.48;0.12;0.06
24.01.2021;8:34:50;171.38;37.21;13.07;742.78;0.52;0.18;0.09
24.01.2021;8:35:50;168.08;37.18;13.09;742.79;0.50;0.15;0.08
24.01.2021;8:36:50;165.01;37.19;13.09;742.81;0.49;0.14;0.07
24.01.2021;8:37:50;169.39;37.11;13.08;742.81;0.50;0.16;0.08
24.01.2021;8:38:50;177.14;37.15;13.10;742.80;0.53;0.20;0.10
24.01.2021;8:39:50;174.52;37.10;13.10;742.82;0.52;0.18;0.09
24.01.2021;8:40:50;181.06;37.10;13.10;742.83;0.53;0.21;0.11
24.01.2021;8:41:50;172.04;37.18;13.11;742.84;0.51;0.16;0.08
24.01.2021;8:42:50;171.98;37.06;13.14;742.88;0.50;0.16;0.08
24.01.2021;8:43:50;175.67;37.03;13.14;742.89;0.52;0.18;0.09
24.01.2021;8:44:50;172.82;37.01;13.14;742.88;0.50;0.16;0.08
24.01.2021;8:45:50;184.03;37.11;13.13;742.88;0.54;0.23;0.13
24.01.2021;8:46:50;193.77;37.06;13.13;742.86;0.57;0.28;0.16
24.01.2021;8:47:50;199.42;37.12;13.14;742.88;0.59;0.30;0.18
24.01.2021;8:48:50;203.49;37.07;13.15;742.87;0.60;0.32;0.19
24.01.2021;8:49:50;208.11;37.01;13.17;742.86;0.61;0.33;0.20
24.01.2021;8:50:50;211.64;37.00;13.17;742.87;0.62;0.36;0.22
24.01.2021;8:51:50;213.70;37.04;13.16;742.85;0.61;0.33;0.20
24.01.2021;8:52:51;215.67;37.04;13.18;742.87;0.61;0.34;0.21
24.01.2021;8:53:51;224.79;36.95;13.17;742.85;0.64;0.39;0.25
24.01.2021;8:54:51;222.58;37.03;13.17;742.84;0.63;0.38;0.24
24.01.2021;8:55:51;207.10;37.00;13.18;742.86;0.58;0.30;0.17
24.01.2021;8:56:51;199.31;36.97;13.20;742.89;0.56;0.25;0.14
24.01.2021;8:57:51;186.37;36.95;13.18;742.90;0.51;0.18;0.09
24.01.2021;8:58:51;184.87;36.98;13.16;742.92;0.51;0.17;0.09
24.01.2021;8:59:51;176.17;37.05;13.16;742.95;0.47;0.10;0.05
24.01.2021;9:00:51;169.39;37.09;13.16;742.96;0.45;0.05;0.02
24.01.2021;9:01:51;164.19;37.09;13.17;742.96;0.44;0.03;0.01
24.01.2021;9:02:51;165.40;37.04;13.16;742.95;0.44;0.04;0.02
24.01.2021;9:03:51;173.07;37.07;13.16;742.93;0.46;0.09;0.04
24.01.2021;9:04:51;174.25;37.03;13.16;742.91;0.47;0.10;0.05
24.01.2021;9:05:51;177.71;37.11;13.16;742.90;0.48;0.11;0.06
24.01.2021;9:06:51;174.46;37.07;13.15;742.88;0.47;0.10;0.05
24.01.2021;9:07:51;190.78;37.04;13.15;742.86;0.52;0.19;0.10
24.01.2021;9:08:51;192.58;37.07;13.13;742.85;0.53;0.20;0.10
24.01.2021;9:09:51;198.25;37.07;13.13;742.84;0.54;0.24;0.13
24.01.2021;9:10:51;201.10;37.18;13.15;742.83;0.55;0.24;0.13
24.01.2021;9:11:51;198.59;37.12;13.15;742.83;0.54;0.21;0.12
24.01.2021;9:12:51;196.14;37.08;13.15;742.82;0.54;0.21;0.11
24.01.2021;9:13:51;199.12;37.07;13.15;742.83;0.55;0.24;0.13
24.01.2021;9:14:51;197.71;37.10;13.15;742.82;0.54;0.22;0.12
24.01.2021;9:15:51;189.41;37.15;13.16;742.83;0.52;0.19;0.10
24.01.2021;9:16:51;193.90;37.13;13.16;742.85;0.53;0.21;0.11
24.01.2021;9:17:51;194.82;37.06;13.17;742.84;0.54;0.21;0.11
24.01.2021;9:18:51;201.44;37.11;13.18;742.84;0.56;0.25;0.14
24.01.2021;9:19:52;226.43;37.09;13.18;742.82;0.63;0.37;0.24
24.01.2021;9:20:52;222.92;37.10;13.19;742.81;0.62;0.36;0.22
24.01.2021;9:21:52;240.32;37.08;13.20;742.81;0.68;0.44;0.30
24.01.2021;9:22:52;242.78;37.10;13.20;742.82;0.69;0.45;0.31
24.01.2021;9:23:52;233.98;37.11;13.20;742.84;0.66;0.41;0.27
24.01.2021;9:24:52;245.40;37.12;13.20;742.83;0.70;0.47;0.33
24.01.2021;9:25:52;251.40;37.11;13.22;742.82;0.71;0.50;0.36
24.01.2021;9:26:52;260.00;37.04;13.23;742.81;0.74;0.54;0.39
24.01.2021;9:27:52;257.05;37.07;13.24;742.81;0.73;0.52;0.38
24.01.2021;9:28:52;267.15;37.06;13.24;742.80;0.76;0.59;0.45
24.01.2021;9:29:52;272.17;37.07;13.26;742.80;0.78;0.61;0.47
24.01.2021;9:30:52;286.33;37.05;13.27;742.78;0.82;0.65;0.53
24.01.2021;9:31:52;288.89;37.00;13.28;742.75;0.82;0.68;0.56
24.01.2021;9:32:52;291.05;36.98;13.29;742.76;0.83;0.69;0.58
24.01.2021;9:33:52;295.72;37.03;13.31;742.79;0.85;0.71;0.60
24.01.2021;9:34:52;290.87;36.92;13.32;742.81;0.83;0.69;0.57
24.01.2021;9:35:52;298.15;36.97;13.31;742.83;0.85;0.73;0.62
24.01.2021;9:36:52;308.35;36.97;13.32;742.80;0.88;0.76;0.67
24.01.2021;9:37:52;298.52;36.95;13.34;742.81;0.86;0.74;0.63
24.01.2021;9:38:52;295.36;36.96;13.36;742.81;0.85;0.72;0.61
24.01.2021;9:39:52;300.79;36.90;13.37;742.83;0.86;0.74;0.64
24.01.2021;9:40:52;304.76;36.90;13.37;742.81;0.87;0.76;0.66
24.01.2021;9:41:52;297.96;36.80;13.38;742.80;0.85;0.72;0.61
24.01.2021;9:42:52;272.67;36.81;13.36;742.80;0.78;0.61;0.47
24.01.2021;9:43:52;288.68;36.88;13.37;742.79;0.83;0.68;0.56
24.01.2021;9:44:52;301.91;36.83;13.37;742.79;0.86;0.74;0.64
24.01.2021;9:45:52;300.69;36.77;13.39;742.77;0.86;0.74;0.63
24.01.2021;9:46:53;297.07;36.81;13.39;742.77;0.85;0.72;0.61
24.01.2021;9:47:53;307.70;36.82;13.39;742.77;0.88;0.77;0.67
24.01.2021;9:48:53;311.75;36.82;13.40;742.76;0.89;0.79;0.70
24.01.2021;9:49:53;317.51;36.84;13.41;742.76;0.91;0.81;0.73
24.01.2021;9:50:53;315.58;36.81;13.42;742.76;0.90;0.81;0.73
24.01.2021;9:51:53;316.81;36.80;13.43;742.77;0.90;0.81;0.72
24.01.2021;9:52:53;319.39;36.77;13.45;742.77;0.91;0.83;0.75
24.01.2021;9:53:53;310.54;36.75;13.46;742.77;0.88;0.78;0.68
24.01.2021;9:54:53;291.61;36.74;13.46;742.77;0.83;0.67;0.55
24.01.2021;9:55:53;305.60;36.81;13.45;742.77;0.87;0.76;0.66
24.01.2021;9:56:53;286.77;36.87;13.44;742.76;0.81;0.65;0.53
24.01.2021;9:57:53;313.00;36.81;13.46;742.72;0.89;0.78;0.70
24.01.2021;9:58:53;320.53;36.72;13.48;742.70;0.91;0.82;0.75
24.01.2021;9:59:53;306.26;36.76;13.48;742.71;0.87;0.75;0.65
24.01.2021;10:00:53;311.25;36.77;13.48;742.69;0.89;0.79;0.70
24.01.2021;10:01:53;310.83;36.73;13.49;742.66;0.88;0.79;0.70
24.01.2021;10:02:53;312.49;36.73;13.51;742.65;0.90;0.80;0.71
24.01.2021;10:03:53;340.51;36.68;13.52;742.64;0.98;0.94;0.91
24.01.2021;10:04:53;386.03;36.65;13.55;742.61;1.10;1.14;1.25
24.01.2021;10:05:53;375.62;36.64;13.56;742.60;1.07;1.09;1.17
24.01.2021;10:06:53;385.92;36.62;13.58;742.61;1.10;1.13;1.25
24.01.2021;10:07:53;379.31;36.58;13.58;742.60;1.08;1.10;1.20
24.01.2021;10:08:53;373.39;36.61;13.60;742.60;1.06;1.08;1.15
24.01.2021;10:09:53;359.64;36.57;13.60;742.62;1.02;1.01;1.03
24.01.2021;10:10:53;366.40;36.57;13.60;742.63;1.05;1.06;1.10
24.01.2021;10:11:53;334.28;36.58;13.62;742.64;0.95;0.89;0.84
24.01.2021;10:12:53;361.03;36.53;13.62;742.62;1.03;1.03;1.06
24.01.2021;10:13:54;354.14;36.53;13.64;742.60;1.01;0.98;0.99
24.01.2021;10:14:54;387.15;36.58;13.65;742.59;1.10;1.14;1.26
24.01.2021;10:15:54;359.01;36.50;13.66;742.61;1.02;1.01;1.04
24.01.2021;10:16:54;361.61;36.48;13.66;742.60;1.03;1.03;1.06
24.01.2021;10:17:54;376.67;36.47;13.67;742.59;1.07;1.09;1.17
24.01.2021;10:18:54;374.84;36.42;13.69;742.57;1.07;1.10;1.17
24.01.2021;10:19:54;396.69;36.42;13.69;742.55;1.13;1.19;1.35
24.01.2021;10:20:54;408.80;36.44;13.69;742.53;1.17;1.25;1.46
24.01.2021;10:21:54;413.94;36.43;13.71;742.52;1.18;1.27;1.49
24.01.2021;10:22:54;409.01;36.43;13.71;742.52;1.16;1.24;1.45
24.01.2021;10:23:54;422.03;36.37;13.72;742.51;1.19;1.29;1.54
24.01.2021;10:24:54;423.21;36.40;13.74;742.50;1.20;1.31;1.57
24.01.2021;10:25:54;416.64;36.42;13.74;742.51;1.18;1.27;1.50
24.01.2021;10:26:54;457.50;36.39;13.74;742.51;1.29;1.45;1.87
24.01.2021;10:27:54;449.69;36.37;13.77;742.49;1.26;1.41;1.77
24.01.2021;10:28:54;452.71;36.33;13.78;742.48;1.27;1.43;1.82
24.01.2021;10:29:54;464.63;36.39;13.78;742.46;1.31;1.49;1.96
24.01.2021;10:30:54;462.02;36.34;13.79;742.46;1.30;1.49;1.93
24.01.2021;10:31:54;428.99;36.26;13.80;742.50;1.21;1.32;1.60
24.01.2021;10:32:54;407.51;36.33;13.79;742.53;1.16;1.23;1.42
24.01.2021;10:33:54;427.24;36.29;13.80;742.51;1.21;1.32;1.59
24.01.2021;10:34:54;416.69;36.30;13.81;742.48;1.18;1.28;1.51
24.01.2021;10:35:54;457.91;36.32;13.83;742.47;1.29;1.46;1.88
24.01.2021;10:36:54;463.11;36.27;13.85;742.46;1.31;1.49;1.94
24.01.2021;10:37:54;518.66;36.26;13.86;742.45;1.46;1.74;2.54
24.01.2021;10:38:54;606.65;36.18;13.90;742.39;1.70;2.06;3.50
24.01.2021;10:39:54;591.06;36.15;13.93;742.39;1.65;2.01;3.31
24.01.2021;10:40:55;584.60;36.18;13.94;742.40;1.63;2.02;3.29
24.01.2021;10:41:55;545.94;36.16;13.95;742.41;1.54;1.88;2.90
24.01.2021;10:42:55;540.06;36.16;13.97;742.42;1.53;1.85;2.81
24.01.2021;10:43:55;532.65;36.05;13.98;742.41;1.51;1.81;2.73
24.01.2021;10:44:55;558.60;36.01;14.00;742.40;1.57;1.92;3.02
24.01.2021;10:45:55;540.73;36.00;14.01;742.41;1.52;1.83;2.78
24.01.2021;10:46:55;536.54;35.97;14.02;742.41;1.52;1.83;2.78
24.01.2021;10:47:55;555.99;35.99;14.03;742.39;1.56;1.91;2.98
24.01.2021;10:48:55;594.93;35.98;14.04;742.39;1.66;2.02;3.35
24.01.2021;10:49:55;586.24;35.94;14.07;742.38;1.62;1.99;3.22
24.01.2021;10:50:55;562.54;35.90;14.08;742.41;1.57;1.91;3.01
24.01.2021;10:51:55;591.01;35.90;14.09;742.42;1.64;2.01;3.30
24.01.2021;10:52:55;543.16;35.88;14.11;742.41;1.51;1.83;2.76
24.01.2021;10:53:55;526.69;35.77;14.12;742.43;1.47;1.76;2.58
24.01.2021;10:54:55;574.17;35.75;14.13;742.42;1.59;1.95;3.10
24.01.2021;10:55:55;575.15;35.78;14.14;742.43;1.59;1.94;3.08
24.01.2021;10:56:55;516.22;35.81;14.14;742.41;1.43;1.70;2.43
24.01.2021;10:57:55;525.28;35.81;14.14;742.41;1.45;1.72;2.49
24.01.2021;10:58:55;526.89;35.80;14.15;742.42;1.46;1.73;2.53
24.01.2021;10:59:55;574.12;35.78;14.17;742.40;1.58;1.94;3.08
24.01.2021;11:00:55;644.00;35.71;14.18;742.37;1.75;2.13;3.74
24.01.2021;11:01:55;617.89;35.69;14.19;742.35;1.69;2.06;3.49
24.01.2021;11:02:55;601.27;35.69;14.20;742.36;1.65;2.02;3.34
24.01.2021;11:03:55;648.19;35.64;14.22;742.37;1.77;2.16;3.81
24.01.2021;11:04:55;567.75;35.71;14.21;742.37;1.56;1.92;3.00
24.01.2021;11:05:55;536.79;35.68;14.21;742.37;1.48;1.78;2.64
24.01.2021;11:06:56;511.65;35.69;14.22;742.36;1.42;1.67;2.37
24.01.2021;11:07:56;511.88;35.64;14.22;742.36;1.42;1.67;2.36
24.01.2021;11:08:56;503.49;35.72;14.21;742.36;1.39;1.63;2.26
24.01.2021;11:09:56;482.91;35.71;14.21;742.35;1.34;1.56;2.09
24.01.2021;11:10:56;463.88;35.72;14.21;742.34;1.28;1.45;1.85
24.01.2021;11:11:56;389.84;35.69;14.21;742.36;1.09;1.12;1.22
24.01.2021;11:12:56;443.99;35.67;14.20;742.34;1.22;1.34;1.64
24.01.2021;11:13:56;415.39;35.74;14.19;742.33;1.15;1.22;1.40
24.01.2021;11:14:56;380.58;35.74;14.18;742.34;1.05;1.06;1.11
24.01.2021;11:15:56;371.76;35.69;14.16;742.33;1.03;1.02;1.04
24.01.2021;11:16:56;337.13;35.74;14.15;742.34;0.93;0.86;0.80
24.01.2021;11:17:56;353.93;35.77;14.15;742.34;0.99;0.95;0.94
24.01.2021;11:18:56;457.56;35.81;14.15;742.29;1.27;1.43;1.81
24.01.2021;11:19:56;422.97;35.80;14.17;742.30;1.16;1.25;1.46
24.01.2021;11:20:56;414.33;35.78;14.16;742.30;1.14;1.22;1.39
24.01.2021;11:21:56;455.25;35.83;14.17;742.27;1.26;1.41;1.78
24.01.2021;11:22:56;437.25;35.81;14.19;742.28;1.21;1.33;1.61
24.01.2021;11:23:56;442.78;35.77;14.19;742.27;1.22;1.34;1.63
24.01.2021;11:24:56;416.90;35.76;14.19;742.28;1.15;1.22;1.41
24.01.2021;11:25:56;395.18;35.84;14.18;742.30;1.09;1.13;1.23
24.01.2021;11:26:56;425.81;35.79;14.18;742.27;1.17;1.26;1.49
24.01.2021;11:27:56;442.81;35.84;14.19;742.27;1.21;1.33;1.62
24.01.2021;11:28:56;455.90;35.81;14.20;742.25;1.26;1.40;1.75
24.01.2021;11:29:56;476.58;35.84;14.21;742.25;1.31;1.48;1.94
24.01.2021;11:30:56;484.04;35.80;14.23;742.22;1.33;1.52;2.01
24.01.2021;11:31:56;464.17;35.75;14.25;742.22;1.27;1.43;1.81
24.01.2021;11:32:57;435.29;35.73;14.25;742.21;1.20;1.32;1.59
24.01.2021;11:33:57;447.54;35.76;14.25;742.22;1.23;1.36;1.67
24.01.2021;11:34:57;515.57;35.74;14.26;742.21;1.41;1.65;2.32
24.01.2021;11:35:57;551.91;35.69;14.29;742.17;1.51;1.81;2.73
24.01.2021;11:36:57;579.26;35.65;14.30;742.16;1.58;1.94;3.05
24.01.2021;11:37:57;637.04;35.66;14.32;742.13;1.73;2.12;3.66
24.01.2021;11:38:57;668.69;35.62;14.36;742.14;1.80;2.22;3.99
24.01.2021;11:39:57;632.60;35.57;14.40;742.14;1.73;2.08;3.60
24.01.2021;11:40:57;648.52;35.53;14.41;742.13;1.76;2.14;3.77
24.01.2021;11:41:57;589.22;35.51;14.41;742.12;1.61;1.96;3.16
24.01.2021;11:42:57;584.75;35.52;14.42;742.12;1.60;1.96;3.14
24.01.2021;11:43:57;628.92;35.49;14.43;742.11;1.71;2.11;3.62
24.01.2021;11:44:57;608.63;35.46;14.44;742.09;1.66;2.03;3.35
24.01.2021;11:45:57;602.16;35.45;14.46;742.09;1.63;2.02;3.30
24.01.2021;11:46:57;596.57;35.41;14.47;742.07;1.62;1.99;3.21
24.01.2021;11:47:57;632.84;35.42;14.46;742.06;1.70;2.06;3.50
24.01.2021;11:48:57;650.93;35.43;14.48;742.03;1.75;2.13;3.74
24.01.2021;11:49:57;629.00;35.44;14.49;742.04;1.70;2.07;3.51
24.01.2021;11:50:57;662.26;35.37;14.52;742.03;1.77;2.15;3.81
24.01.2021;11:51:57;594.06;35.39;14.53;742.01;1.61;1.98;3.19
24.01.2021;11:52:57;562.05;35.38;14.53;742.01;1.53;1.85;2.83
24.01.2021;11:53:57;552.86;35.35;14.54;742.02;1.49;1.79;2.68
24.01.2021;11:54:57;582.63;35.33;14.57;742.00;1.56;1.91;2.98
24.01.2021;11:55:57;545.45;35.25;14.58;742.01;1.47;1.77;2.61
24.01.2021;11:56:57;561.71;35.23;14.58;742.00;1.52;1.83;2.78
24.01.2021;11:57:57;556.47;35.24;14.58;742.01;1.51;1.82;2.76
24.01.2021;11:58:58;590.25;35.25;14.58;741.98;1.59;1.95;3.11
24.01.2021;11:59:58;541.38;35.22;14.58;741.98;1.47;1.74;2.55
24.01.2021;12:00:58;554.21;35.25;14.57;741.97;1.51;1.81;2.73
24.01.2021;12:01:58;548.83;35.25;14.58;741.97;1.48;1.77;2.63
24.01.2021;12:02:58;578.60;35.24;14.58;741.96;1.56;1.91;2.98
24.01.2021;12:03:58;616.29;35.24;14.59;741.95;1.66;2.02;3.35
24.01.2021;12:04:58;622.50;35.31;14.60;741.93;1.67;2.04;3.41
24.01.2021;12:05:58;714.43;35.27;14.61;741.92;1.89;2.39;4.51
24.01.2021;12:06:58;728.82;35.26;14.63;741.90;1.93;2.46;4.74
24.01.2021;12:07:58;720.61;35.22;14.67;741.89;1.91;2.43;4.64
24.01.2021;12:08:58;760.18;35.20;14.71;741.89;2.00;2.59;5.18
24.01.2021;12:09:58;722.68;35.11;14.73;741.91;1.93;2.46;4.75
24.01.2021;12:10:58;714.88;35.06;14.75;741.93;1.91;2.42;4.64
24.01.2021;12:11:58;706.71;35.05;14.76;741.95;1.90;2.41;4.57
24.01.2021;12:12:58;733.76;35.01;14.78;741.95;1.96;2.53;4.96
24.01.2021;12:13:58;742.39;35.01;14.79;741.94;1.98;2.57;5.09
24.01.2021;12:14:58;802.94;34.99;14.81;741.94;2.12;2.80;5.93
24.01.2021;12:15:58;846.14;34.99;14.83;741.96;2.21;2.95;6.50
24.01.2021;12:16:58;780.06;34.92;14.85;741.96;2.06;2.69;5.53
24.01.2021;12:17:58;750.10;34.92;14.86;741.92;1.98;2.56;5.06
24.01.2021;12:18:58;711.33;34.86;14.87;741.89;1.90;2.40;4.55
24.01.2021;12:19:58;728.06;34.87;14.88;741.88;1.93;2.46;4.74
24.01.2021;12:20:58;703.43;34.81;14.90;741.86;1.86;2.32;4.32
24.01.2021;12:21:58;746.85;34.85;14.90;741.84;1.96;2.53;4.97
24.01.2021;12:22:58;841.60;34.80;14.92;741.85;2.16;2.87;6.20
24.01.2021;12:23:58;950.08;34.79;14.93;741.84;2.37;3.21;7.61
24.01.2021;12:24:59;975.68;34.80;14.96;741.80;2.43;3.33;8.10
24.01.2021;12:25:59;952.71;34.72;15.01;741.79;2.38;3.23;7.67
24.01.2021;12:26:59;949.97;34.67;15.05;741.80;2.38;3.23;7.70
24.01.2021;12:27:59;892.17;34.62;15.07;741.78;2.27;3.05;6.93
24.01.2021;12:28:59;837.78;34.61;15.07;741.77;2.18;2.91;6.36
24.01.2021;12:29:59;841.10;34.61;15.07;741.79;2.20;2.93;6.44
24.01.2021;12:30:59;817.06;34.56;15.08;741.78;2.12;2.80;5.96
24.01.2021;12:31:59;716.85;34.60;15.07;741.77;1.90;2.40;4.55
24.01.2021;12:32:59;635.46;34.61;15.07;741.80;1.71;2.09;3.58
24.01.2021;12:33:59;674.65;34.54;15.06;741.81;1.82;2.25;4.09
24.01.2021;12:34:59;744.89;34.56;15.07;741.77;1.98;2.56;5.07
24.01.2021;12:35:59;674.93;34.57;15.07;741.77;1.81;2.23;4.04
24.01.2021;12:36:59;646.74;34.63;15.06;741.75;1.75;2.13;3.71
24.01.2021;12:37:59;634.94;34.63;15.05;741.75;1.72;2.09;3.61
24.01.2021;12:38:59;593.91;34.63;15.05;741.74;1.61;1.96;3.16
24.01.2021;12:39:59;532.46;34.63;15.03;741.78;1.45;1.73;2.50
24.01.2021;12:40:59;552.60;34.62;15.01;741.77;1.49;1.80;2.68
24.01.2021;12:41:59;539.15;34.69;14.99;741.77;1.45;1.74;2.52
24.01.2021;12:42:59;553.96;34.75;14.98;741.78;1.49;1.78;2.65
24.01.2021;12:43:59;562.36;34.74;14.98;741.77;1.52;1.84;2.79
24.01.2021;12:44:59;564.21;34.74;14.99;741.77;1.53;1.85;2.83
24.01.2021;12:45:59;610.65;34.70;15.00;741.74;1.65;2.03;3.35
24.01.2021;12:46:59;617.68;34.70;15.01;741.74;1.67;2.03;3.38
24.01.2021;12:47:59;599.33;34.72;15.01;741.75;1.62;2.00;3.24
24.01.2021;12:48:59;587.67;34.75;15.01;741.76;1.59;1.98;3.15
24.01.2021;12:49:59;571.54;34.73;15.02;741.77;1.55;1.90;2.96
24.01.2021;12:51:00;597.85;34.73;15.02;741.75;1.63;1.99;3.24
24.01.2021;12:52:00;597.92;34.73;15.02;741.77;1.63;1.98;3.22
24.01.2021;12:53:00;717.56;34.73;15.04;741.76;1.92;2.44;4.68
24.01.2021;12:54:00;662.33;34.65;15.06;741.76;1.77;2.17;3.85
24.01.2021;12:55:00;602.50;34.69;15.06;741.77;1.63;2.01;3.27
24.01.2021;12:56:00;592.37;34.69;15.04;741.75;1.60;1.97;3.14
24.01.2021;12:57:00;551.26;34.71;15.04;741.75;1.49;1.80;2.68
24.01.2021;12:58:00;558.68;34.76;15.02;741.73;1.52;1.85;2.82
24.01.2021;12:59:00;672.63;34.78;15.05;741.73;1.81;2.24;4.07
24.01.2021;13:00:00;733.29;34.72;15.06;741.72;1.97;2.52;4.96
24.01.2021;13:01:00;639.07;34.73;15.08;741.71;1.73;2.16;3.75
24.01.2021;13:02:00;501.11;34.71;15.06;741.71;1.38;1.61;2.21
24.01.2021;13:03:00;508.90;34.74;15.04;741.69;1.37;1.59;2.19
24.01.2021;13:04:00;517.44;34.79;15.05;741.67;1.39;1.61;2.24
24.01.2021;13:05:00;513.39;34.77;15.05;741.64;1.38;1.61;2.23
24.01.2021;13:06:00;541.81;34.76;15.05;741.65;1.45;1.71;2.48
24.01.2021;13:07:00;594.24;34.75;15.05;741.66;1.57;1.93;3.03
24.01.2021;13:08:00;650.35;34.79;15.06;741.63;1.71;2.08;3.56
24.01.2021;13:09:00;671.00;34.77;15.05;741.63;1.77;2.15;3.81
24.01.2021;13:10:00;818.86;34.79;15.07;741.60;2.13;2.82;6.00
24.01.2021;13:11:00;960.61;34.81;15.13;741.59;2.43;3.32;8.08
24.01.2021;13:12:00;1077.74;34.72;15.18;741.58;2.67;3.72;9.95
24.01.2021;13:13:00;1038.16;34.63;15.23;741.57;2.59;3.59;9.27
24.01.2021;13:14:00;928.13;34.66;15.25;741.52;2.39;3.24;7.73
24.01.2021;13:15:00;871.64;34.60;15.27;741.53;2.26;3.04;6.88
24.01.2021;13:16:01;775.32;34.54;15.28;741.51;2.03;2.65;5.39
24.01.2021;13:17:01;774.10;34.51;15.28;741.53;2.03;2.64;5.37
24.01.2021;13:18:01;845.32;34.46;15.30;741.50;2.19;2.91;6.36
24.01.2021;13:19:01;837.31;34.47;15.32;741.49;2.17;2.88;6.24
24.01.2021;13:20:01;782.25;34.44;15.32;741.50;2.06;2.70;5.58
24.01.2021;13:21:01;872.88;34.44;15.34;741.50;2.26;3.04;6.86
24.01.2021;13:22:01;868.35;34.42;15.36;741.48;2.26;3.03;6.83
24.01.2021;13:23:01;691.65;34.39;15.36;741.48;1.86;2.31;4.28
24.01.2021;13:24:01;664.38;34.38;15.36;741.48;1.77;2.17;3.83
24.01.2021;13:25:01;619.08;34.40;15.33;741.50;1.66;2.03;3.37
24.01.2021;13:26:01;660.94;34.43;15.33;741.48;1.78;2.17;3.85
24.01.2021;13:27:01;596.21;34.40;15.32;741.49;1.62;1.97;3.18
24.01.2021;13:28:01;581.96;34.43;15.30;741.49;1.59;1.96;3.11
24.01.2021;13:29:01;582.18;34.47;15.30;741.46;1.60;1.94;3.10
24.01.2021;13:30:01;493.57;34.52;15.28;741.47;1.37;1.59;2.18
24.01.2021;13:31:01;547.33;34.51;15.26;741.50;1.49;1.78;2.65
24.01.2021;13:32:01;604.71;34.57;15.25;741.51;1.62;1.97;3.18
24.01.2021;13:33:01;702.27;34.57;15.24;741.47;1.86;2.32;4.31
24.01.2021;13:34:01;731.08;34.57;15.27;741.45;1.92;2.44;4.70
24.01.2021;13:35:01;663.43;34.55;15.28;741.46;1.78;2.17;3.85
24.01.2021;13:36:01;789.43;34.56;15.30;741.47;2.07;2.70;5.60
24.01.2021;13:37:01;910.03;34.51;15.33;741.45;2.34;3.15;7.36
24.01.2021;13:38:01;912.46;34.47;15.37;741.42;2.36;3.20;7.55
24.01.2021;13:39:01;915.12;34.45;15.40;741.41;2.37;3.21;7.60
24.01.2021;13:40:01;849.43;34.41;15.43;741.42;2.22;2.98;6.63
24.01.2021;13:41:01;785.43;34.39;15.44;741.41;2.08;2.73;5.68
24.01.2021;13:42:02;742.94;34.36;15.45;741.39;1.97;2.55;5.03
24.01.2021;13:43:02;715.60;34.33;15.46;741.40;1.90;2.41;4.56
24.01.2021;13:44:02;610.19;34.32;15.45;741.38;1.66;2.03;3.36
24.01.2021;13:45:02;525.37;34.34;15.43;741.41;1.42;1.68;2.39
24.01.2021;13:46:02;513.15;34.35;15.41;741.40;1.41;1.65;2.33
24.01.2021;13:47:02;575.69;34.34;15.41;741.40;1.58;1.94;3.06
24.01.2021;13:48:02;693.89;34.37;15.41;741.37;1.88;2.37;4.45
24.01.2021;13:49:02;704.51;34.35;15.43;741.35;1.92;2.43;4.65
24.01.2021;13:50:02;875.44;34.31;15.45;741.34;2.30;3.10;7.12
24.01.2021;13:51:02;824.49;34.30;15.48;741.33;2.18;2.89;6.29
24.01.2021;13:52:02;852.29;34.28;15.49;741.31;2.25;3.02;6.79
24.01.2021;13:53:02;886.42;34.28;15.51;741.28;2.33;3.15;7.36
24.01.2021;13:54:02;1028.94;34.26;15.54;741.27;2.66;3.71;9.89
24.01.2021;13:55:02;1225.30;34.18;15.60;741.30;3.03;4.30;13.03
24.01.2021;13:56:02;1243.58;34.16;15.67;741.29;3.05;4.35;13.26
24.01.2021;13:57:02;1229.43;34.07;15.73;741.29;2.99;4.26;12.75
24.01.2021;13:58:02;958.24;33.98;15.77;741.33;2.48;3.41;8.46
24.01.2021;13:59:02;964.04;33.90;15.78;741.33;2.49;3.42;8.51
24.01.2021;14:00:02;907.74;33.85;15.79;741.34;2.34;3.18;7.45
24.01.2021;14:01:02;919.54;33.84;15.81;741.30;2.39;3.25;7.76
24.01.2021;14:02:02;1055.00;33.79;15.82;741.27;2.64;3.66;9.64
24.01.2021;14:03:02;1057.82;33.78;15.85;741.24;2.64;3.68;9.72
24.01.2021;14:04:02;829.35;33.74;15.85;741.26;2.16;2.88;6.21
24.01.2021;14:05:02;869.36;33.75;15.84;741.23;2.27;3.05;6.94
24.01.2021;14:06:02;953.58;33.71;15.86;741.22;2.42;3.30;7.99
24.01.2021;14:07:03;928.08;33.69;15.87;741.16;2.34;3.18;7.45
24.01.2021;14:08:03;876.61;33.69;15.88;741.16;2.24;3.01;6.73
24.01.2021;14:09:03;857.60;33.66;15.89;741.11;2.20;2.94;6.45
24.01.2021;14:10:03;825.86;33.64;15.89;741.12;2.15;2.86;6.14
24.01.2021;14:11:03;839.76;33.65;15.90;741.12;2.18;2.91;6.35
24.01.2021;14:12:03;844.65;33.61;15.89;741.12;2.18;2.89;6.30
24.01.2021;14:13:03;848.99;33.64;15.89;741.13;2.18;2.90;6.32
24.01.2021;14:14:03;833.36;33.62;15.89;741.10;2.17;2.89;6.27
24.01.2021;14:15:03;839.68;33.65;15.91;741.09;2.20;2.95;6.49
24.01.2021;14:16:03;825.04;33.62;15.92;741.10;2.17;2.88;6.25
24.01.2021;14:17:03;868.01;33.60;15.93;741.12;2.26;3.04;6.84
24.01.2021;14:18:03;887.14;33.58;15.93;741.09;2.30;3.10;7.15
24.01.2021;14:19:03;804.90;33.57;15.92;741.10;2.13;2.82;6.00
24.01.2021;14:20:03;794.85;33.61;15.91;741.10;2.11;2.79;5.89
24.01.2021;14:21:03;709.36;33.59;15.92;741.09;1.90;2.41;4.59
24.01.2021;14:22:03;699.47;33.56;15.90;741.08;1.88;2.36;4.42
24.01.2021;14:23:03;622.93;33.70;15.86;741.10;1.70;2.07;3.52
24.01.2021;14:24:03;597.58;33.70;15.84;741.11;1.65;2.01;3.30
24.01.2021;14:25:03;653.75;33.72;15.84;741.11;1.77;2.16;3.82
24.01.2021;14:26:03;677.08;33.75;15.83;741.12;1.84;2.29;4.21
24.01.2021;14:27:03;615.67;33.76;15.83;741.11;1.70;2.07;3.52
24.01.2021;14:28:03;639.32;33.79;15.83;741.11;1.77;2.21;3.92
24.01.2021;14:29:03;632.29;33.78;15.83;741.13;1.75;2.14;3.74
24.01.2021;14:30:03;628.08;33.78;15.83;741.11;1.73;2.14;3.70
24.01.2021;14:31:03;584.35;33.81;15.81;741.13;1.65;2.02;3.34
24.01.2021;14:32:04;621.50;33.84;15.81;741.12;1.73;2.10;3.63
24.01.2021;14:33:04;591.27;33.83;15.82;741.14;1.64;2.01;3.29
24.01.2021;14:34:04;586.32;33.80;15.81;741.13;1.63;1.98;3.23
24.01.2021;14:35:04;511.97;33.87;15.80;741.11;1.46;1.73;2.53
24.01.2021;14:36:04;509.34;33.89;15.79;741.15;1.46;1.75;2.54
24.01.2021;14:37:04;523.08;33.88;15.78;741.16;1.49;1.77;2.63
24.01.2021;14:38:04;490.86;33.92;15.77;741.16;1.39;1.62;2.25
24.01.2021;14:39:04;454.79;33.94;15.75;741.16;1.28;1.45;1.87
24.01.2021;14:40:04;390.47;33.97;15.73;741.19;1.11;1.17;1.30
24.01.2021;14:41:04;365.47;34.00;15.71;741.20;1.05;1.05;1.10
24.01.2021;14:42:04;345.49;34.05;15.68;741.20;0.97;0.93;0.90
24.01.2021;14:43:04;286.31;34.09;15.65;741.22;0.81;0.66;0.53
24.01.2021;14:44:04;271.14;34.14;15.64;741.23;0.76;0.58;0.44
24.01.2021;14:45:04;316.90;34.18;15.62;741.22;0.89;0.80;0.71
24.01.2021;14:46:04;335.83;34.21;15.60;741.24;0.94;0.89;0.84
24.01.2021;14:47:04;280.21;34.26;15.59;741.24;0.77;0.60;0.46
24.01.2021;14:48:04;234.14;34.32;15.58;741.26;0.64;0.39;0.25
24.01.2021;14:49:04;232.83;34.31;15.56;741.27;0.64;0.39;0.25
24.01.2021;14:50:04;225.41;34.34;15.54;741.28;0.62;0.36;0.22
24.01.2021;14:51:04;228.51;34.42;15.51;741.27;0.63;0.37;0.23
24.01.2021;14:52:04;229.96;34.45;15.51;741.24;0.64;0.37;0.24
24.01.2021;14:53:04;185.03;34.47;15.51;741.28;0.50;0.15;0.07
24.01.2021;14:54:04;159.99;34.50;15.50;741.32;0.42;0.03;0.01
24.01.2021;14:55:04;164.18;34.48;15.48;741.32;0.43;0.04;0.02
24.01.2021;14:56:04;139.96;34.56;15.46;741.34;0.36;0.00;0.00
24.01.2021;14:57:05;144.57;34.61;15.43;741.32;0.38;0.00;0.00
24.01.2021;14:58:05;139.55;34.66;15.41;741.32;0.36;0.00;0.00
24.01.2021;14:59:05;149.78;34.64;15.41;741.33;0.40;0.00;0.00
24.01.2021;15:00:05;147.39;34.69;15.40;741.32;0.39;0.00;0.00
24.01.2021;15:01:05;135.89;34.73;15.40;741.34;0.35;0.00;0.00
24.01.2021;15:02:05;154.69;34.77;15.40;741.35;0.41;0.00;0.00
24.01.2021;15:03:05;141.00;34.78;15.38;741.33;0.37;0.00;0.00
24.01.2021;15:04:05;144.35;34.80;15.37;741.33;0.38;0.00;0.00
24.01.2021;15:05:05;138.50;34.82;15.36;741.33;0.37;0.00;0.00
24.01.2021;15:06:05;124.12;34.85;15.36;741.32;0.32;0.00;0.00
24.01.2021;15:07:05;131.50;34.87;15.37;741.33;0.34;0.00;0.00
24.01.2021;15:08:05;137.79;34.83;15.36;741.35;0.37;0.00;0.00
24.01.2021;15:09:05;140.38;34.88;15.35;741.36;0.38;0.00;0.00
24.01.2021;15:10:05;150.99;34.87;15.35;741.35;0.41;0.00;0.00
24.01.2021;15:11:05;165.90;34.89;15.35;741.35;0.46;0.07;0.03
24.01.2021;15:12:05;169.31;34.90;15.35;741.33;0.47;0.11;0.05
24.01.2021;15:13:05;169.14;34.97;15.35;741.33;0.48;0.10;0.05
24.01.2021;15:14:05;162.81;34.95;15.36;741.35;0.45;0.06;0.03
24.01.2021;15:15:05;163.32;34.93;15.35;741.35;0.46;0.07;0.03
24.01.2021;15:16:05;170.35;34.92;15.36;741.35;0.49;0.12;0.06
24.01.2021;15:17:05;182.70;34.94;15.35;741.34;0.53;0.20;0.10
24.01.2021;15:18:05;197.18;34.95;15.35;741.35;0.58;0.29;0.16
24.01.2021;15:19:05;209.54;34.95;15.35;741.36;0.62;0.35;0.21
24.01.2021;15:20:05;217.64;34.94;15.36;741.36;0.65;0.40;0.26
24.01.2021;15:21:05;226.61;34.95;15.37;741.35;0.68;0.45;0.31
24.01.2021;15:22:05;212.16;35.00;15.36;741.37;0.64;0.38;0.24
24.01.2021;15:23:06;214.44;35.03;15.37;741.39;0.65;0.40;0.26
24.01.2021;15:24:06;210.68;34.97;15.37;741.36;0.63;0.37;0.24
24.01.2021;15:25:06;202.81;35.01;15.37;741.36;0.62;0.35;0.22
24.01.2021;15:26:06;205.94;35.03;15.37;741.34;0.62;0.36;0.22
24.01.2021;15:27:06;171.78;35.00;15.38;741.37;0.51;0.17;0.09
24.01.2021;15:28:06;174.35;35.00;15.38;741.37;0.52;0.18;0.09
24.01.2021;15:29:06;174.62;34.99;15.37;741.38;0.52;0.18;0.10
24.01.2021;15:30:06;155.06;35.03;15.37;741.38;0.46;0.07;0.03
24.01.2021;15:31:06;148.08;35.00;15.38;741.38;0.43;0.01;0.01
24.01.2021;15:32:06;138.21;35.01;15.37;741.36;0.40;0.00;0.00
24.01.2021;15:33:06;130.97;35.00;15.36;741.38;0.38;0.00;0.00
24.01.2021;15:34:06;125.07;35.04;15.34;741.39;0.36;0.00;0.00
24.01.2021;15:35:06;118.23;35.04;15.34;741.39;0.33;0.00;0.00
24.01.2021;15:36:06;113.53;35.07;15.33;741.38;0.32;0.00;0.00
24.01.2021;15:37:06;100.18;35.08;15.32;741.40;0.27;0.00;0.00
24.01.2021;15:38:06;102.58;35.12;15.32;741.41;0.28;0.00;0.00
24.01.2021;15:39:06;99.06;35.15;15.32;741.39;0.27;0.00;0.00
24.01.2021;15:40:06;90.23;35.20;15.32;741.40;0.24;0.00;0.00
24.01.2021;15:41:06;91.62;35.15;15.32;741.40;0.24;0.00;0.00
24.01.2021;15:42:06;90.00;35.14;15.32;741.41;0.24;0.00;0.00
24.01.2021;15:43:06;90.68;35.12;15.32;741.41;0.24;0.00;0.00
24.01.2021;15:44:06;86.15;35.12;15.31;741.40;0.22;0.00;0.00
24.01.2021;15:45:06;84.64;35.20;15.30;741.40;0.22;0.00;0.00
24.01.2021;15:46:06;84.49;35.21;15.29;741.38;0.22;0.00;0.00
24.01.2021;15:47:06;82.35;35.21;15.28;741.38;0.21;0.00;0.00
24.01.2021;15:48:06;79.26;35.23;15.28;741.38;0.20;0.00;0.00
24.01.2021;15:49:06;76.92;35.23;15.27;741.38;0.19;0.00;0.00
24.01.2021;15:50:07;72.01;35.26;15.26;741.36;0.18;0.00;0.00
24.01.2021;15:51:07;66.33;35.26;15.25;741.39;0.16;0.00;0.00
24.01.2021;15:52:07;71.60;35.31;15.24;741.38;0.18;0.00;0.00
24.01.2021;15:53:07;65.97;35.35;15.23;741.38;0.16;0.00;0.00
24.01.2021;15:54:07;69.65;35.36;15.24;741.38;0.17;0.00;0.00
24.01.2021;15:55:07;71.69;35.35;15.24;741.37;0.18;0.00;0.00
24.01.2021;15:56:07;64.74;35.36;15.24;741.37;0.16;0.00;0.00
24.01.2021;15:57:07;61.79;35.35;15.23;741.38;0.15;0.00;0.00
24.01.2021;15:58:07;61.75;35.40;15.23;741.37;0.15;0.00;0.00
24.01.2021;15:59:07;58.42;35.37;15.23;741.37;0.14;0.00;0.00
24.01.2021;16:00:07;64.80;35.41;15.22;741.36;0.17;0.00;0.00
24.01.2021;16:01:07;62.13;35.40;15.22;741.35;0.16;0.00;0.00
24.01.2021;16:02:07;63.96;35.42;15.22;741.36;0.17;0.00;0.00
24.01.2021;16:03:07;66.88;35.42;15.23;741.35;0.18;0.00;0.00
24.01.2021;16:04:07;64.13;35.38;15.22;741.34;0.17;0.00;0.00
24.01.2021;16:05:07;62.14;35.42;15.21;741.35;0.17;0.00;0.00
24.01.2021;16:06:07;66.72;35.46;15.20;741.35;0.19;0.00;0.00
24.01.2021;16:07:07;61.12;35.52;15.19;741.33;0.16;0.00;0.00
24.01.2021;16:08:07;55.96;35.49;15.20;741.35;0.15;0.00;0.00
24.01.2021;16:09:07;57.68;35.45;15.21;741.34;0.15;0.00;0.00
24.01.2021;16:10:07;53.44;35.45;15.20;741.34;0.14;0.00;0.00
24.01.2021;16:11:07;53.01;35.46;15.19;741.35;0.14;0.00;0.00
24.01.2021;16:12:07;52.58;35.50;15.18;741.35;0.14;0.00;0.00
24.01.2021;16:13:07;45.22;35.55;15.17;741.34;0.11;0.00;0.00
24.01.2021;16:14:07;41.72;35.61;15.16;741.35;0.10;0.00;0.00
24.01.2021;16:15:07;36.78;35.59;15.17;741.35;0.08;0.00;0.00
24.01.2021;16:16:07;34.33;35.52;15.18;741.36;0.07;0.00;0.00
24.01.2021;16:17:07;34.60;35.51;15.17;741.34;0.07;0.00;0.00
24.01.2021;16:18:08;31.32;35.52;15.16;741.35;0.06;0.00;0.00
24.01.2021;16:19:08;31.67;35.58;15.16;741.34;0.06;0.00;0.00
24.01.2021;16:20:08;28.29;35.59;15.15;741.34;0.05;0.00;0.00
24.01.2021;16:21:08;25.97;35.59;15.15;741.34;0.04;0.00;0.00
24.01.2021;16:22:08;25.59;35.62;15.13;741.34;0.04;0.00;0.00
24.01.2021;16:23:08;24.47;35.65;15.13;741.35;0.03;0.00;0.00
24.01.2021;16:24:08;21.11;35.68;15.14;741.37;0.02;0.00;0.00
24.01.2021;16:25:08;19.24;35.64;15.14;741.39;0.01;0.00;0.00
24.01.2021;16:26:08;18.36;35.65;15.14;741.38;0.01;0.00;0.00
24.01.2021;16:27:08;16.90;35.66;15.14;741.38;0.00;0.00;0.00
24.01.2021;16:28:08;15.34;35.71;15.12;741.39;0.00;0.00;0.00
24.01.2021;16:29:08;15.42;35.72;15.12;741.39;0.00;0.00;0.00
24.01.2021;16:30:08;15.03;35.75;15.12;741.39;0.00;0.00;0.00
24.01.2021;16:31:08;15.00;35.78;15.13;741.37;0.00;0.00;0.00
24.01.2021;16:32:08;13.17;35.73;15.13;741.39;0.00;0.00;0.00
24.01.2021;16:33:08;12.50;35.69;15.14;741.41;0.00;0.00;0.00
24.01.2021;16:34:08;11.86;35.70;15.14;741.44;0.00;0.00;0.00
24.01.2021;16:35:08;12.81;35.67;15.14;741.44;0.00;0.00;0.00
24.01.2021;16:36:08;11.33;35.73;15.14;741.45;0.00;0.00;0.00
24.01.2021;16:37:08;10.13;35.75;15.14;741.46;0.00;0.00;0.00
24.01.2021;16:38:08;9.11;35.72;15.14;741.47;0.00;0.00;0.00
24.01.2021;16:39:08;7.85;35.73;15.14;741.48;0.00;0.00;0.00
24.01.2021;16:40:08;7.36;35.78;15.15;741.48;0.00;0.00;0.00
24.01.2021;16:41:08;7.21;35.71;15.14;741.49;0.00;0.00;0.00
24.01.2021;16:42:08;6.67;35.70;15.14;741.51;0.00;0.00;0.00
24.01.2021;16:43:08;6.21;35.75;15.13;741.51;0.00;0.00;0.00
24.01.2021;16:44:08;5.83;35.72;15.14;741.52;0.00;0.00;0.00
24.01.2021;16:45:08;5.27;35.72;15.14;741.53;0.00;0.00;0.00
24.01.2021;16:46:08;5.01;35.74;15.13;741.54;0.00;0.00;0.00
24.01.2021;16:47:09;5.00;35.79;15.13;741.56;0.00;0.00;0.00
24.01.2021;16:48:09;4.80;35.80;15.12;741.54;0.00;0.00;0.00
24.01.2021;16:49:09;4.17;35.83;15.12;741.55;0.00;0.00;0.00
24.01.2021;16:50:09;4.17;35.80;15.12;741.54;0.00;0.00;0.00
24.01.2021;16:51:09;4.17;35.81;15.12;741.57;0.00;0.00;0.00
24.01.2021;16:52:09;4.17;35.79;15.11;741.57;0.00;0.00;0.00
24.01.2021;16:53:09;3.62;35.82;15.11;741.57;0.00;0.00;0.00
24.01.2021;16:54:09;3.35;35.83;15.11;741.57;0.00;0.00;0.00
24.01.2021;16:55:09;3.33;35.87;15.11;741.58;0.00;0.00;0.00
24.01.2021;16:56:09;3.33;35.88;15.11;741.58;0.00;0.00;0.00
24.01.2021;16:57:09;3.36;35.87;15.12;741.56;0.00;0.00;0.00
24.01.2021;16:58:09;3.33;35.87;15.12;741.57;0.00;0.00;0.00
24.01.2021;16:59:09;3.33;35.86;15.13;741.58;0.00;0.00;0.00
24.01.2021;17:00:09;3.33;35.86;15.12;741.59;0.00;0.00;0.00
24.01.2021;17:01:09;3.33;35.87;15.10;741.59;0.00;0.00;0.00
24.01.2021;17:02:09;3.33;35.92;15.09;741.59;0.00;0.00;0.00
24.01.2021;17:03:09;3.33;35.92;15.09;741.60;0.00;0.00;0.00
24.01.2021;17:04:09;3.29;35.86;15.10;741.58;0.00;0.00;0.00
24.01.2021;17:05:09;3.19;35.91;15.11;741.59;0.00;0.00;0.00
24.01.2021;17:06:09;3.07;35.92;15.11;741.59;0.00;0.00;0.00
24.01.2021;17:07:09;2.78;35.91;15.11;741.60;0.00;0.00;0.00
24.01.2021;17:08:09;2.53;35.92;15.11;741.62;0.00;0.00;0.00
24.01.2021;17:09:09;2.50;35.95;15.10;741.60;0.00;0.00;0.00
24.01.2021;17:10:09;2.50;35.97;15.09;741.61;0.00;0.00;0.00
24.01.2021;17:11:09;2.53;36.00;15.09;741.62;0.00;0.00;0.00
24.01.2021;17:12:09;2.50;36.02;15.08;741.63;0.00;0.00;0.00
24.01.2021;17:13:09;2.50;36.02;15.08;741.63;0.00;0.00;0.00
24.01.2021;17:14:09;2.51;36.01;15.10;741.63;0.00;0.00;0.00
24.01.2021;17:15:09;2.50;35.98;15.10;741.64;0.00;0.00;0.00
24.01.2021;17:16:10;2.50;35.95;15.10;741.65;0.00;0.00;0.00
24.01.2021;17:17:10;2.50;36.00;15.09;741.66;0.00;0.00;0.00
24.01.2021;17:18:10;2.50;36.04;15.08;741.69;0.00;0.00;0.00
24.01.2021;17:19:10;2.50;36.06;15.09;741.68;0.00;0.00;0.00
24.01.2021;17:20:10;2.50;36.05;15.09;741.66;0.00;0.00;0.00
24.01.2021;17:21:10;2.50;36.09;15.09;741.66;0.00;0.00;0.00
24.01.2021;17:22:10;2.51;36.07;15.10;741.67;0.00;0.00;0.00
24.01.2021;17:23:10;2.50;36.05;15.12;741.70;0.00;0.00;0.00
24.01.2021;17:24:10;2.50;36.06;15.11;741.68;0.00;0.00;0.00
24.01.2021;17:25:10;2.53;36.09;15.11;741.71;0.00;0.00;0.00
24.01.2021;17:26:10;2.50;36.08;15.10;741.70;0.00;0.00;0.00
24.01.2021;17:27:10;2.50;36.08;15.10;741.72;0.00;0.00;0.00
24.01.2021;17:28:10;2.51;36.10;15.10;741.70;0.00;0.00;0.00
24.01.2021;17:29:10;2.50;36.11;15.10;741.69;0.00;0.00;0.00
24.01.2021;17:30:10;2.50;36.11;15.09;741.70;0.00;0.00;0.00
24.01.2021;17:31:10;2.50;36.12;15.09;741.70;0.00;0.00;0.00
24.01.2021;17:32:10;2.50;36.15;15.10;741.73;0.00;0.00;0.00
24.01.2021;17:33:10;2.50;36.14;15.11;741.70;0.00;0.00;0.00
24.01.2021;17:34:10;2.50;36.16;15.11;741.72;0.00;0.00;0.00
24.01.2021;17:35:10;2.50;36.13;15.10;741.71;0.00;0.00;0.00
24.01.2021;17:36:10;2.51;36.16;15.10;741.71;0.00;0.00;0.00
24.01.2021;17:37:10;2.50;36.18;15.11;741.71;0.00;0.00;0.00
24.01.2021;17:38:10;2.50;36.17;15.11;741.72;0.00;0.00;0.00
24.01.2021;17:39:10;2.53;36.18;15.09;741.71;0.00;0.00;0.00
24.01.2021;17:40:10;2.50;36.18;15.10;741.73;0.00;0.00;0.00
24.01.2021;17:41:10;2.50;36.23;15.10;741.74;0.00;0.00;0.00
24.01.2021;17:42:10;2.51;36.19;15.10;741.74;0.00;0.00;0.00
24.01.2021;17:43:10;2.50;36.20;15.11;741.74;0.00;0.00;0.00
24.01.2021;17:44:10;2.50;36.23;15.10;741.73;0.00;0.00;0.00
24.01.2021;17:45:11;2.50;36.21;15.11;741.73;0.00;0.00;0.00
24.01.2021;17:46:11;2.50;36.24;15.11;741.74;0.00;0.00;0.00
24.01.2021;17:47:11;2.50;36.26;15.11;741.73;0.00;0.00;0.00
24.01.2021;17:48:11;2.50;36.26;15.11;741.72;0.00;0.00;0.00
24.01.2021;17:49:11;2.50;36.27;15.12;741.75;0.00;0.00;0.00
24.01.2021;17:50:11;2.51;36.23;15.13;741.75;0.00;0.00;0.00
24.01.2021;17:51:11;2.50;36.24;15.13;741.75;0.00;0.00;0.00
24.01.2021;17:52:11;2.50;36.28;15.12;741.75;0.00;0.00;0.00
24.01.2021;17:53:11;2.53;36.30;15.13;741.76;0.00;0.00;0.00
24.01.2021;17:54:11;2.50;36.23;15.13;741.76;0.00;0.00;0.00
24.01.2021;17:55:11;2.50;36.24;15.13;741.76;0.00;0.00;0.00
24.01.2021;17:56:11;2.51;36.25;15.13;741.75;0.00;0.00;0.00
24.01.2021;17:57:11;2.50;36.24;15.13;741.75;0.00;0.00;0.00
24.01.2021;17:58:11;2.50;36.20;15.13;741.76;0.00;0.00;0.00
24.01.2021;17:59:11;2.50;36.26;15.12;741.76;0.00;0.00;0.00
24.01.2021;18:00:11;2.50;36.28;15.13;741.77;0.00;0.00;0.00
24.01.2021;18:01:11;2.50;36.26;15.12;741.78;0.00;0.00;0.00
24.01.2021;18:02:11;2.50;36.28;15.13;741.76;0.00;0.00;0.00
24.01.2021;18:03:11;2.50;36.33;15.13;741.75;0.00;0.00;0.00
24.01.2021;18:04:11;2.51;36.27;15.12;741.74;0.00;0.00;0.00
24.01.2021;18:05:11;2.50;36.34;15.13;741.75;0.00;0.00;0.00
24.01.2021;18:06:11;2.50;36.31;15.13;741.78;0.00;0.00;0.00
24.01.2021;18:07:11;2.53;36.37;15.12;741.77;0.00;0.00;0.00
24.01.2021;18:08:11;2.50;36.32;15.12;741.78;0.00;0.00;0.00
24.01.2021;18:09:11;2.50;36.31;15.13;741.77;0.00;0.00;0.00
24.01.2021;18:10:11;2.51;36.35;15.14;741.77;0.00;0.00;0.00
24.01.2021;18:11:11;2.50;36.31;15.15;741.77;0.00;0.00;0.00
24.01.2021;18:12:11;2.50;36.30;15.16;741.76;0.00;0.00;0.00
24.01.2021;18:13:11;2.50;36.33;15.16;741.77;0.00;0.00;0.00
24.01.2021;18:14:12;2.50;36.31;15.18;741.75;0.00;0.00;0.00
24.01.2021;18:15:12;2.50;36.26;15.18;741.76;0.00;0.00;0.00
24.01.2021;18:16:12;2.50;36.23;15.19;741.76;0.00;0.00;0.00
24.01.2021;18:17:12;2.50;36.24;15.17;741.76;0.00;0.00;0.00
24.01.2021;18:18:12;2.51;36.27;15.17;741.77;0.00;0.00;0.00
24.01.2021;18:19:12;2.50;36.30;15.18;741.77;0.00;0.00;0.00
24.01.2021;18:20:12;2.50;36.26;15.18;741.77;0.00;0.00;0.00
24.01.2021;18:21:12;2.53;36.29;15.17;741.77;0.00;0.00;0.00
24.01.2021;18:22:12;2.50;36.30;15.17;741.75;0.00;0.00;0.00
24.01.2021;18:23:12;2.50;36.32;15.17;741.76;0.00;0.00;0.00
24.01.2021;18:24:12;2.51;36.31;15.17;741.78;0.00;0.00;0.00
24.01.2021;18:25:12;2.50;36.38;15.17;741.76;0.00;0.00;0.00
24.01.2021;18:26:12;2.50;36.37;15.18;741.79;0.00;0.00;0.00
24.01.2021;18:27:12;2.50;36.32;15.17;741.78;0.00;0.00;0.00
24.01.2021;18:28:12;2.50;36.29;15.17;741.77;0.00;0.00;0.00
24.01.2021;18:29:12;2.50;36.33;15.18;741.80;0.00;0.00;0.00
24.01.2021;18:30:12;2.50;36.34;15.18;741.78;0.00;0.00;0.00
24.01.2021;18:31:12;2.50;36.29;15.17;741.80;0.00;0.00;0.00
24.01.2021;18:32:12;2.51;36.33;15.17;741.79;0.00;0.00;0.00
24.01.2021;18:33:12;2.50;36.36;15.15;741.79;0.00;0.00;0.00
24.01.2021;18:34:12;2.50;36.40;15.15;741.78;0.00;0.00;0.00
24.01.2021;18:35:12;2.53;36.37;15.15;741.80;0.00;0.00;0.00
24.01.2021;18:36:12;2.50;36.42;15.15;741.81;0.00;0.00;0.00
24.01.2021;18:37:12;2.50;36.41;15.15;741.83;0.00;0.00;0.00
24.01.2021;18:38:12;2.51;36.40;15.17;741.83;0.00;0.00;0.00
24.01.2021;18:39:12;2.50;36.39;15.17;741.81;0.00;0.00;0.00
24.01.2021;18:40:12;2.50;36.38;15.17;741.82;0.00;0.00;0.00
24.01.2021;18:41:12;2.50;36.37;15.17;741.82;0.00;0.00;0.00
24.01.2021;18:42:12;2.50;36.42;15.16;741.83;0.00;0.00;0.00
24.01.2021;18:43:13;2.50;36.47;15.17;741.82;0.00;0.00;0.00
24.01.2021;18:44:13;2.50;36.44;15.17;741.81;0.00;0.00;0.00
24.01.2021;18:45:13;2.50;36.42;15.17;741.81;0.00;0.00;0.00
24.01.2021;18:46:13;2.51;36.41;15.17;741.80;0.00;0.00;0.00
24.01.2021;18:47:13;2.50;36.40;15.16;741.81;0.00;0.00;0.00
24.01.2021;18:48:13;2.50;36.45;15.17;741.81;0.00;0.00;0.00
24.01.2021;18:49:13;2.53;36.44;15.16;741.82;0.00;0.00;0.00
24.01.2021;18:50:13;2.50;36.45;15.16;741.81;0.00;0.00;0.00
24.01.2021;18:51:13;2.50;36.46;15.16;741.79;0.00;0.00;0.00
24.01.2021;18:52:13;2.51;36.43;15.17;741.79;0.00;0.00;0.00
24.01.2021;18:53:13;2.50;36.45;15.17;741.80;0.00;0.00;0.00
24.01.2021;18:54:13;2.50;36.45;15.16;741.80;0.00;0.00;0.00
24.01.2021;18:55:13;2.50;36.44;15.17;741.79;0.00;0.00;0.00
24.01.2021;18:56:13;2.50;36.43;15.17;741.79;0.00;0.00;0.00
24.01.2021;18:57:13;2.50;36.43;15.16;741.78;0.00;0.00;0.00
24.01.2021;18:58:13;2.50;36.44;15.15;741.79;0.00;0.00;0.00
24.01.2021;18:59:13;2.50;36.48;15.14;741.80;0.00;0.00;0.00
24.01.2021;19:00:13;2.51;36.46;15.14;741.80;0.00;0.00;0.00
24.01.2021;19:01:13;2.50;36.52;15.15;741.80;0.00;0.00;0.00
24.01.2021;19:02:13;2.50;36.47;15.16;741.81;0.00;0.00;0.00
24.01.2021;19:03:13;2.53;36.48;15.15;741.81;0.00;0.00;0.00
24.01.2021;19:04:13;2.50;36.47;15.15;741.79;0.00;0.00;0.00
24.01.2021;19:05:13;2.50;36.49;15.14;741.79;0.00;0.00;0.00
24.01.2021;19:06:13;2.51;36.52;15.15;741.79;0.00;0.00;0.00
24.01.2021;19:07:13;2.50;36.53;15.15;741.79;0.00;0.00;0.00
24.01.2021;19:08:13;2.50;36.51;15.15;741.78;0.00;0.00;0.00
24.01.2021;19:09:13;2.50;36.53;15.15;741.78;0.00;0.00;0.00
24.01.2021;19:10:13;2.50;36.53;15.16;741.79;0.00;0.00;0.00
24.01.2021;19:11:13;2.50;36.53;15.16;741.78;0.00;0.00;0.00
24.01.2021;19:12:13;2.50;36.52;15.16;741.78;0.00;0.00;0.00
24.01.2021;19:13:14;2.50;36.54;15.16;741.77;0.00;0.00;0.00
24.01.2021;19:14:14;2.51;36.51;15.17;741.77;0.00;0.00;0.00
24.01.2021;19:15:14;2.50;36.47;15.17;741.78;0.00;0.00;0.00
24.01.2021;19:16:14;2.50;36.51;15.17;741.78;0.00;0.00;0.00
24.01.2021;19:17:14;2.53;36.51;15.17;741.77;0.00;0.00;0.00
24.01.2021;19:18:14;2.50;36.51;15.18;741.78;0.00;0.00;0.00
24.01.2021;19:19:14;2.50;36.48;15.18;741.79;0.00;0.00;0.00
24.01.2021;19:20:14;2.51;36.45;15.17;741.79;0.00;0.00;0.00
24.01.2021;19:21:14;2.50;36.48;15.17;741.79;0.00;0.00;0.00
24.01.2021;19:22:14;2.50;36.54;15.17;741.79;0.00;0.00;0.00
24.01.2021;19:23:14;2.50;36.52;15.18;741.79;0.00;0.00;0.00
24.01.2021;19:24:14;2.50;36.49;15.18;741.80;0.00;0.00;0.00
24.01.2021;19:25:14;2.50;36.55;15.19;741.80;0.00;0.00;0.00
24.01.2021;19:26:14;2.50;36.49;15.19;741.80;0.00;0.00;0.00
24.01.2021;19:27:14;2.50;36.50;15.19;741.81;0.00;0.00;0.00
24.01.2021;19:28:14;2.51;36.55;15.18;741.78;0.00;0.00;0.00
24.01.2021;19:29:14;2.50;36.56;15.18;741.79;0.00;0.00;0.00
24.01.2021;19:30:14;2.50;36.54;15.18;741.79;0.00;0.00;0.00
24.01.2021;19:31:14;2.53;36.56;15.19;741.79;0.00;0.00;0.00
24.01.2021;19:32:14;2.50;36.58;15.19;741.78;0.00;0.00;0.00
24.01.2021;19:33:14;2.50;36.50;15.20;741.78;0.00;0.00;0.00
24.01.2021;19:34:14;2.51;36.50;15.19;741.76;0.00;0.00;0.00
24.01.2021;19:35:14;2.50;36.56;15.19;741.76;0.00;0.00;0.00
24.01.2021;19:36:14;2.50;36.58;15.19;741.77;0.00;0.00;0.00
24.01.2021;19:37:14;2.50;36.58;15.18;741.76;0.00;0.00;0.00
24.01.2021;19:38:14;2.50;36.55;15.18;741.76;0.00;0.00;0.00
24.01.2021;19:39:14;2.50;36.55;15.19;741.75;0.00;0.00;0.00
24.01.2021;19:40:14;2.50;36.57;15.19;741.75;0.00;0.00;0.00
24.01.2021;19:41:14;2.50;36.57;15.19;741.74;0.00;0.00;0.00
24.01.2021;19:42:15;2.51;36.53;15.19;741.73;0.00;0.00;0.00
24.01.2021;19:43:15;2.50;36.52;15.20;741.73;0.00;0.00;0.00
24.01.2021;19:44:15;2.50;36.59;15.18;741.73;0.00;0.00;0.00
24.01.2021;19:45:15;2.53;36.60;15.19;741.74;0.00;0.00;0.00
24.01.2021;19:46:15;2.50;36.56;15.20;741.75;0.00;0.00;0.00
24.01.2021;19:47:15;2.50;36.53;15.20;741.75;0.00;0.00;0.00
24.01.2021;19:48:15;2.51;36.55;15.19;741.73;0.00;0.00;0.00
24.01.2021;19:49:15;2.50;36.56;15.18;741.73;0.00;0.00;0.00
24.01.2021;19:50:15;2.50;36.64;15.17;741.74;0.00;0.00;0.00
24.01.2021;19:51:15;2.50;36.63;15.17;741.73;0.00;0.00;0.00
24.01.2021;19:52:15;2.50;36.65;15.18;741.72;0.00;0.00;0.00
24.01.2021;19:53:15;2.50;36.63;15.18;741.72;0.00;0.00;0.00
24.01.2021;19:54:15;2.50;36.65;15.19;741.73;0.00;0.00;0.00
24.01.2021;19:55:15;2.50;36.63;15.19;741.73;0.00;0.00;0.00
24.01.2021;19:56:15;2.51;36.66;15.19;741.74;0.00;0.00;0.00
24.01.2021;19:57:15;2.50;36.62;15.19;741.73;0.00;0.00;0.00
24.01.2021;19:58:15;2.50;36.60;15.19;741.74;0.00;0.00;0.00
24.01.2021;19:59:15;2.53;36.57;15.20;741.74;0.00;0.00;0.00
24.01.2021;20:00:15;2.50;36.64;15.21;741.74;0.00;0.00;0.00
24.01.2021;20:01:15;2.50;36.60;15.21;741.74;0.00;0.00;0.00
24.01.2021;20:02:15;2.51;36.60;15.22;741.75;0.00;0.00;0.00
24.01.2021;20:03:15;2.50;36.59;15.22;741.77;0.00;0.00;0.00
24.01.2021;20:04:15;2.50;36.61;15.22;741.78;0.00;0.00;0.00
24.01.2021;20:05:15;2.50;36.61;15.21;741.78;0.00;0.00;0.00
24.01.2021;20:06:15;2.50;36.63;15.20;741.80;0.00;0.00;0.00
24.01.2021;20:07:15;2.50;36.64;15.21;741.79;0.00;0.00;0.00
24.01.2021;20:08:15;2.50;36.60;15.21;741.78;0.00;0.00;0.00
24.01.2021;20:09:15;2.50;36.69;15.21;741.77;0.00;0.00;0.00
24.01.2021;20:10:15;2.51;36.65;15.21;741.78;0.00;0.00;0.00
24.01.2021;20:11:16;2.50;36.66;15.22;741.78;0.00;0.00;0.00
24.01.2021;20:12:16;2.50;36.62;15.23;741.79;0.00;0.00;0.00
24.01.2021;20:13:16;2.53;36.59;15.23;741.79;0.00;0.00;0.00
24.01.2021;20:14:16;2.50;36.63;15.23;741.79;0.00;0.00;0.00
24.01.2021;20:15:16;2.50;36.63;15.24;741.80;0.00;0.00;0.00
24.01.2021;20:16:16;2.51;36.60;15.23;741.80;0.00;0.00;0.00
24.01.2021;20:17:16;2.50;36.59;15.21;741.79;0.00;0.00;0.00
24.01.2021;20:18:16;2.50;36.62;15.20;741.79;0.00;0.00;0.00
24.01.2021;20:19:16;2.50;36.71;15.20;741.78;0.00;0.00;0.00
24.01.2021;20:20:16;2.50;36.68;15.20;741.80;0.00;0.00;0.00
24.01.2021;20:21:16;2.50;36.69;15.20;741.79;0.00;0.00;0.00
24.01.2021;20:22:16;2.50;36.68;15.20;741.79;0.00;0.00;0.00
24.01.2021;20:23:16;2.50;36.74;15.20;741.79;0.00;0.00;0.00
24.01.2021;20:24:16;2.51;36.70;15.20;741.79;0.00;0.00;0.00
24.01.2021;20:25:16;2.50;36.70;15.20;741.78;0.00;0.00;0.00
24.01.2021;20:26:16;2.50;36.73;15.20;741.78;0.00;0.00;0.00
24.01.2021;20:27:16;2.53;36.67;15.21;741.79;0.00;0.00;0.00
24.01.2021;20:28:16;2.50;36.72;15.21;741.80;0.00;0.00;0.00
24.01.2021;20:29:16;2.50;36.68;15.21;741.79;0.00;0.00;0.00
24.01.2021;20:30:16;2.51;36.73;15.21;741.79;0.00;0.00;0.00
24.01.2021;20:31:16;2.50;36.68;15.22;741.80;0.00;0.00;0.00
24.01.2021;20:32:16;2.50;36.72;15.21;741.80;0.00;0.00;0.00
24.01.2021;20:33:16;2.50;36.75;15.20;741.80;0.00;0.00;0.00
24.01.2021;20:34:16;2.50;36.74;15.21;741.79;0.00;0.00;0.00
24.01.2021;20:35:16;2.50;36.74;15.22;741.79;0.00;0.00;0.00
24.01.2021;20:36:16;2.50;36.74;15.23;741.80;0.00;0.00;0.00
24.01.2021;20:37:16;2.50;36.72;15.23;741.80;0.00;0.00;0.00
24.01.2021;20:38:16;2.51;36.66;15.22;741.79;0.00;0.00;0.00
24.01.2021;20:39:16;2.50;36.73;15.23;741.78;0.00;0.00;0.00
24.01.2021;20:40:17;2.50;36.70;15.23;741.78;0.00;0.00;0.00
24.01.2021;20:41:17;2.53;36.73;15.23;741.79;0.00;0.00;0.00
24.01.2021;20:42:17;2.50;36.72;15.23;741.78;0.00;0.00;0.00
24.01.2021;20:43:17;2.50;36.68;15.23;741.78;0.00;0.00;0.00
24.01.2021;20:44:17;2.51;36.71;15.24;741.78;0.00;0.00;0.00
24.01.2021;20:45:17;2.50;36.73;15.24;741.79;0.00;0.00;0.00
24.01.2021;20:46:17;2.50;36.74;15.24;741.80;0.00;0.00;0.00
24.01.2021;20:47:17;2.50;36.72;15.23;741.80;0.00;0.00;0.00
24.01.2021;20:48:17;2.50;36.69;15.24;741.79;0.00;0.00;0.00
24.01.2021;20:49:17;2.50;36.71;15.25;741.80;0.00;0.00;0.00
24.01.2021;20:50:17;2.50;36.69;15.24;741.81;0.00;0.00;0.00
24.01.2021;20:51:17;2.50;36.70;15.24;741.81;0.00;0.00;0.00
24.01.2021;20:52:17;2.51;36.70;15.22;741.82;0.00;0.00;0.00
24.01.2021;20:53:17;2.50;36.75;15.22;741.81;0.00;0.00;0.00
24.01.2021;20:54:17;2.50;36.75;15.23;741.80;0.00;0.00;0.00
24.01.2021;20:55:17;2.53;36.74;15.23;741.79;0.00;0.00;0.00
24.01.2021;20:56:17;2.50;36.75;15.23;741.77;0.00;0.00;0.00
24.01.2021;20:57:17;2.50;36.74;15.24;741.77;0.00;0.00;0.00
24.01.2021;20:58:17;2.51;36.73;15.24;741.76;0.00;0.00;0.00
24.01.2021;20:59:17;2.50;36.79;15.24;741.76;0.00;0.00;0.00
24.01.2021;21:00:17;2.50;36.76;15.26;741.77;0.00;0.00;0.00
24.01.2021;21:01:17;2.50;36.73;15.26;741.78;0.00;0.00;0.00
24.01.2021;21:02:17;2.50;36.69;15.25;741.80;0.00;0.00;0.00
24.01.2021;21:03:17;2.50;36.73;15.25;741.79;0.00;0.00;0.00
24.01.2021;21:04:17;2.50;36.75;15.25;741.81;0.00;0.00;0.00
24.01.2021;21:05:17;2.50;36.74;15.26;741.81;0.00;0.00;0.00
24.01.2021;21:06:17;2.51;36.68;15.26;741.81;0.00;0.00;0.00
24.01.2021;21:07:17;2.50;36.71;15.25;741.82;0.00;0.00;0.00
24.01.2021;21:08:17;2.50;36.78;15.25;741.82;0.00;0.00;0.00
24.01.2021;21:09:17;2.53;36.76;15.26;741.82;0.00;0.00;0.00
24.01.2021;21:10:18;2.50;36.72;15.26;741.82;0.00;0.00;0.00
24.01.2021;21:11:18;2.50;36.72;15.25;741.81;0.00;0.00;0.00
24.01.2021;21:12:18;2.51;36.73;15.25;741.81;0.00;0.00;0.00
24.01.2021;21:13:18;2.50;36.77;15.25;741.81;0.00;0.00;0.00
24.01.2021;21:14:18;2.50;36.76;15.25;741.83;0.00;0.00;0.00
24.01.2021;21:15:18;2.50;36.72;15.24;741.83;0.00;0.00;0.00
24.01.2021;21:16:18;2.50;36.80;15.24;741.84;0.00;0.00;0.00
24.01.2021;21:17:18;2.50;36.84;15.25;741.84;0.00;0.00;0.00
24.01.2021;21:18:18;2.50;36.81;15.24;741.83;0.00;0.00;0.00
24.01.2021;21:19:18;2.50;36.84;15.24;741.83;0.00;0.00;0.00
24.01.2021;21:20:18;2.51;36.85;15.26;741.85;0.00;0.00;0.00
24.01.2021;21:21:18;2.50;36.83;15.28;741.86;0.00;0.00;0.00
24.01.2021;21:22:18;2.50;36.81;15.28;741.85;0.00;0.00;0.00
24.01.2021;21:23:18;2.53;36.74;15.27;741.85;0.00;0.00;0.00
24.01.2021;21:24:18;2.50;36.80;15.28;741.86;0.00;0.00;0.00
24.01.2021;21:25:18;2.50;36.76;15.29;741.85;0.00;0.00;0.00
24.01.2021;21:26:18;2.51;36.79;15.29;741.85;0.00;0.00;0.00
24.01.2021;21:27:18;2.50;36.74;15.29;741.85;0.00;0.00;0.00
24.01.2021;21:28:18;2.50;36.75;15.30;741.84;0.00;0.00;0.00
24.01.2021;21:29:18;2.50;36.77;15.30;741.84;0.00;0.00;0.00
24.01.2021;21:30:18;2.50;36.74;15.31;741.85;0.00;0.00;0.00
24.01.2021;21:31:18;2.50;36.72;15.29;741.85;0.00;0.00;0.00
24.01.2021;21:32:18;2.50;36.78;15.30;741.85;0.00;0.00;0.00
24.01.2021;21:33:18;2.50;36.79;15.30;741.84;0.00;0.00;0.00
24.01.2021;21:34:18;2.51;36.78;15.29;741.87;0.00;0.00;0.00
24.01.2021;21:35:18;2.50;36.76;15.30;741.88;0.00;0.00;0.00
24.01.2021;21:36:18;2.50;36.78;15.31;741.88;0.00;0.00;0.00
24.01.2021;21:37:18;2.53;36.74;15.31;741.89;0.00;0.00;0.00
24.01.2021;21:38:18;2.50;36.78;15.31;741.90;0.00;0.00;0.00
24.01.2021;21:39:19;2.50;36.74;15.32;741.90;0.00;0.00;0.00
24.01.2021;21:40:19;2.51;36.78;15.32;741.91;0.00;0.00;0.00
24.01.2021;21:41:19;2.50;36.73;15.33;741.89;0.00;0.00;0.00
24.01.2021;21:42:19;2.50;36.68;15.32;741.90;0.00;0.00;0.00
24.01.2021;21:43:19;2.50;36.75;15.31;741.92;0.00;0.00;0.00
24.01.2021;21:44:19;2.50;36.77;15.30;741.92;0.00;0.00;0.00
24.01.2021;21:45:19;2.50;36.81;15.30;741.90;0.00;0.00;0.00
24.01.2021;21:46:19;2.50;36.82;15.30;741.92;0.00;0.00;0.00
24.01.2021;21:47:19;2.50;36.82;15.30;741.91;0.00;0.00;0.00
24.01.2021;21:48:19;2.51;36.75;15.31;741.91;0.00;0.00;0.00
24.01.2021;21:49:19;2.50;36.75;15.31;741.91;0.00;0.00;0.00
24.01.2021;21:50:19;2.50;36.79;15.30;741.91;0.00;0.00;0.00
24.01.2021;21:51:19;2.53;36.82;15.31;741.92;0.00;0.00;0.00
24.01.2021;21:52:19;2.50;36.81;15.31;741.91;0.00;0.00;0.00
24.01.2021;21:53:19;2.50;36.84;15.31;741.90;0.00;0.00;0.00
24.01.2021;21:54:19;2.51;36.83;15.31;741.91;0.00;0.00;0.00
24.01.2021;21:55:19;2.50;36.82;15.31;741.91;0.00;0.00;0.00
24.01.2021;21:56:19;2.50;36.88;15.30;741.90;0.00;0.00;0.00
24.01.2021;21:57:19;2.50;36.84;15.31;741.90;0.00;0.00;0.00
24.01.2021;21:58:19;2.50;36.83;15.31;741.89;0.00;0.00;0.00
24.01.2021;21:59:19;2.50;36.85;15.31;741.88;0.00;0.00;0.00
24.01.2021;22:00:19;2.50;36.86;15.32;741.88;0.00;0.00;0.00
24.01.2021;22:01:19;2.50;36.82;15.33;741.88;0.00;0.00;0.00
24.01.2021;22:02:19;2.51;36.81;15.33;741.87;0.00;0.00;0.00
24.01.2021;22:03:19;2.50;36.80;15.33;741.88;0.00;0.00;0.00
24.01.2021;22:04:19;2.50;36.82;15.32;741.87;0.00;0.00;0.00
24.01.2021;22:05:19;2.53;36.82;15.32;741.86;0.00;0.00;0.00
24.01.2021;22:06:19;2.50;36.84;15.32;741.87;0.00;0.00;0.00
24.01.2021;22:07:19;2.50;36.85;15.31;741.86;0.00;0.00;0.00
24.01.2021;22:08:20;2.51;36.86;15.29;741.87;0.00;0.00;0.00
24.01.2021;22:09:20;2.50;36.97;15.29;741.87;0.00;0.00;0.00
24.01.2021;22:10:20;2.50;36.96;15.29;741.88;0.00;0.00;0.00
24.01.2021;22:11:20;2.50;36.91;15.30;741.88;0.00;0.00;0.00
24.01.2021;22:12:20;2.50;36.90;15.30;741.87;0.00;0.00;0.00
24.01.2021;22:13:20;2.50;36.89;15.30;741.88;0.00;0.00;0.00
24.01.2021;22:14:20;2.50;36.92;15.30;741.88;0.00;0.00;0.00
24.01.2021;22:15:20;2.50;36.93;15.30;741.90;0.00;0.00;0.00
24.01.2021;22:16:20;2.51;36.97;15.29;741.91;0.00;0.00;0.00
24.01.2021;22:17:20;2.50;36.92;15.30;741.91;0.00;0.00;0.00
24.01.2021;22:18:20;2.50;36.96;15.30;741.92;0.00;0.00;0.00
24.01.2021;22:19:20;2.53;36.98;15.31;741.91;0.00;0.00;0.00
24.01.2021;22:20:20;2.50;36.99;15.31;741.91;0.00;0.00;0.00
24.01.2021;22:21:20;2.50;36.98;15.31;741.92;0.00;0.00;0.00
24.01.2021;22:22:20;2.51;37.00;15.30;741.92;0.00;0.00;0.00
24.01.2021;22:23:20;2.50;36.95;15.32;741.91;0.00;0.00;0.00
24.01.2021;22:24:20;2.50;36.98;15.32;741.92;0.00;0.00;0.00
24.01.2021;22:25:20;2.50;36.97;15.33;741.91;0.00;0.00;0.00
24.01.2021;22:26:20;2.50;36.98;15.33;741.92;0.00;0.00;0.00
24.01.2021;22:27:20;2.50;36.94;15.34;741.93;0.00;0.00;0.00
24.01.2021;22:28:20;2.50;36.94;15.33;741.93;0.00;0.00;0.00
24.01.2021;22:29:20;2.50;36.96;15.34;741.93;0.00;0.00;0.00
24.01.2021;22:30:20;2.51;36.92;15.34;741.95;0.00;0.00;0.00
24.01.2021;22:31:20;2.50;36.90;15.34;741.96;0.00;0.00;0.00
24.01.2021;22:32:20;2.50;36.99;15.32;741.97;0.00;0.00;0.00
24.01.2021;22:33:20;2.53;37.06;15.31;741.97;0.00;0.00;0.00
24.01.2021;22:34:20;2.50;37.00;15.31;741.97;0.00;0.00;0.00
24.01.2021;22:35:20;2.50;37.01;15.32;741.98;0.00;0.00;0.00
24.01.2021;22:36:20;2.51;37.01;15.31;741.97;0.00;0.00;0.00
24.01.2021;22:37:21;2.50;37.07;15.31;741.97;0.00;0.00;0.00
24.01.2021;22:38:21;2.50;37.10;15.32;741.97;0.00;0.00;0.00
24.01.2021;22:39:21;2.50;37.06;15.30;741.97;0.00;0.00;0.00
24.01.2021;22:40:21;2.50;37.10;15.30;741.98;0.00;0.00;0.00
24.01.2021;22:41:21;2.50;37.12;15.30;741.99;0.00;0.00;0.00
24.01.2021;22:42:21;2.50;37.12;15.30;741.98;0.00;0.00;0.00
24.01.2021;22:43:21;2.50;37.13;15.31;741.98;0.00;0.00;0.00
24.01.2021;22:44:21;2.51;37.07;15.32;741.99;0.00;0.00;0.00
24.01.2021;22:45:21;2.50;37.06;15.33;741.99;0.00;0.00;0.00
24.01.2021;22:46:21;2.50;37.09;15.33;741.99;0.00;0.00;0.00
24.01.2021;22:47:21;2.53;37.04;15.34;741.99;0.00;0.00;0.00
24.01.2021;22:48:21;2.50;37.09;15.33;741.98;0.00;0.00;0.00
24.01.2021;22:49:21;2.50;37.10;15.34;742.00;0.00;0.00;0.00
24.01.2021;22:50:21;2.51;37.11;15.34;741.98;0.00;0.00;0.00
24.01.2021;22:51:21;2.50;37.09;15.35;742.00;0.00;0.00;0.00
24.01.2021;22:52:21;2.50;37.07;15.36;741.99;0.00;0.00;0.00
24.01.2021;22:53:21;2.50;37.07;15.36;741.97;0.00;0.00;0.00
24.01.2021;22:54:21;2.50;37.11;15.38;741.97;0.00;0.00;0.00
24.01.2021;22:55:21;2.50;37.06;15.38;741.96;0.00;0.00;0.00
24.01.2021;22:56:21;2.50;37.07;15.38;741.97;0.00;0.00;0.00
24.01.2021;22:57:21;2.50;37.07;15.39;741.98;0.00;0.00;0.00
24.01.2021;22:58:21;2.51;37.04;15.39;741.99;0.00;0.00;0.00
24.01.2021;22:59:21;2.50;37.04;15.38;741.98;0.00;0.00;0.00
24.01.2021;23:00:21;2.50;37.01;15.39;741.98;0.00;0.00;0.00
24.01.2021;23:01:21;2.53;37.05;15.39;741.98;0.00;0.00;0.00
24.01.2021;23:02:21;2.50;37.07;15.38;741.99;0.00;0.00;0.00
24.01.2021;23:03:21;2.50;37.08;15.39;742.00;0.00;0.00;0.00
24.01.2021;23:04:21;2.51;37.06;15.39;742.00;0.00;0.00;0.00
24.01.2021;23:05:21;2.50;37.09;15.39;742.02;0.00;0.00;0.00
24.01.2021;23:06:22;2.50;37.06;15.39;742.01;0.00;0.00;0.00
24.01.2021;23:07:22;2.50;37.12;15.39;742.02;0.00;0.00;0.00
24.01.2021;23:08:22;2.50;37.15;15.39;742.02;0.00;0.00;0.00
24.01.2021;23:09:22;2.50;37.05;15.39;742.03;0.00;0.00;0.00
24.01.2021;23:10:22;2.50;37.08;15.39;742.04;0.00;0.00;0.00
24.01.2021;23:11:22;2.50;37.11;15.39;742.04;0.00;0.00;0.00
24.01.2021;23:12:22;2.51;37.09;15.39;742.04;0.00;0.00;0.00
24.01.2021;23:13:22;2.50;37.15;15.39;742.04;0.00;0.00;0.00
24.01.2021;23:14:22;2.50;37.12;15.41;742.05;0.00;0.00;0.00
24.01.2021;23:15:22;2.53;37.12;15.40;742.04;0.00;0.00;0.00
24.01.2021;23:16:22;2.50;37.12;15.40;742.05;0.00;0.00;0.00
24.01.2021;23:17:22;2.50;37.13;15.41;742.03;0.00;0.00;0.00
24.01.2021;23:18:22;2.51;37.12;15.41;742.03;0.00;0.00;0.00
24.01.2021;23:19:22;2.50;37.13;15.40;742.03;0.00;0.00;0.00
24.01.2021;23:20:22;2.50;37.15;15.39;742.03;0.00;0.00;0.00
24.01.2021;23:21:22;2.50;37.17;15.39;742.02;0.00;0.00;0.00
24.01.2021;23:22:22;2.50;37.16;15.40;742.01;0.00;0.00;0.00
24.01.2021;23:23:22;2.50;37.20;15.39;742.01;0.00;0.00;0.00
24.01.2021;23:24:22;2.50;37.20;15.39;742.00;0.00;0.00;0.00
24.01.2021;23:25:22;2.50;37.17;15.39;741.99;0.00;0.00;0.00
24.01.2021;23:26:22;2.51;37.18;15.39;742.01;0.00;0.00;0.00
24.01.2021;23:27:22;2.50;37.22;15.39;742.00;0.00;0.00;0.00
24.01.2021;23:28:22;2.50;37.25;15.38;741.97;0.00;0.00;0.00
24.01.2021;23:29:22;2.53;37.20;15.40;741.96;0.00;0.00;0.00
24.01.2021;23:30:22;2.50;37.17;15.40;741.96;0.00;0.00;0.00
24.01.2021;23:31:22;2.50;37.16;15.40;741.95;0.00;0.00;0.00
24.01.2021;23:32:22;2.51;37.17;15.40;741.95;0.00;0.00;0.00
24.01.2021;23:33:22;2.50;37.22;15.39;741.95;0.00;0.00;0.00
24.01.2021;23:34:22;2.50;37.20;15.39;741.95;0.00;0.00;0.00
24.01.2021;23:35:22;2.50;37.25;15.40;741.95;0.00;0.00;0.00
24.01.2021;23:36:23;2.50;37.19;15.39;741.96;0.00;0.00;0.00
24.01.2021;23:37:23;2.50;37.23;15.39;741.93;0.00;0.00;0.00
24.01.2021;23:38:23;2.50;37.20;15.39;741.93;0.00;0.00;0.00
24.01.2021;23:39:23;2.50;37.21;15.39;741.92;0.00;0.00;0.00
24.01.2021;23:40:23;2.51;37.24;15.38;741.91;0.00;0.00;0.00
24.01.2021;23:41:23;2.50;37.23;15.39;741.88;0.00;0.00;0.00
24.01.2021;23:42:23;2.50;37.26;15.39;741.88;0.00;0.00;0.00
24.01.2021;23:43:23;2.53;37.23;15.40;741.88;0.00;0.00;0.00
24.01.2021;23:44:23;2.50;37.25;15.39;741.87;0.00;0.00;0.00
24.01.2021;23:45:23;2.50;37.22;15.38;741.86;0.00;0.00;0.00
24.01.2021;23:46:23;2.51;37.28;15.38;741.87;0.00;0.00;0.00
24.01.2021;23:47:23;2.50;37.26;15.38;741.87;0.00;0.00;0.00
24.01.2021;23:48:23;2.50;37.25;15.38;741.85;0.00;0.00;0.00
24.01.2021;23:49:23;2.50;37.30;15.38;741.85;0.00;0.00;0.00
24.01.2021;23:50:23;2.50;37.31;15.38;741.83;0.00;0.00;0.00
24.01.2021;23:51:23;2.50;37.27;15.38;741.83;0.00;0.00;0.00
24.01.2021;23:52:23;2.50;37.30;15.37;741.82;0.00;0.00;0.00
24.01.2021;23:53:23;2.50;37.30;15.37;741.83;0.00;0.00;0.00
24.01.2021;23:54:23;2.51;37.34;15.37;741.83;0.00;0.00;0.00
24.01.2021;23:55:23;2.50;37.28;15.38;741.84;0.00;0.00;0.00
24.01.2021;23:56:23;2.50;37.26;15.36;741.85;0.00;0.00;0.00
24.01.2021;23:57:23;2.53;37.34;15.36;741.85;0.00;0.00;0.00
24.01.2021;23:58:23;2.50;37.33;15.34;741.84;0.00;0.00;0.00
24.01.2021;23:59:23;2.50;37.35;15.34;741.84;0.00;0.00;0.00
