24.11.2020;0:00:34;3.35;42.86;15.67;753.52;0.00;0.00;0.00
24.11.2020;0:01:34;3.33;42.96;15.66;753.52;0.00;0.00;0.00
24.11.2020;0:02:35;3.33;43.27;15.66;753.53;0.00;0.00;0.00
24.11.2020;0:03:35;3.36;43.22;15.67;753.51;0.00;0.00;0.00
24.11.2020;0:04:35;3.33;43.40;15.69;753.51;0.00;0.00;0.00
24.11.2020;0:05:35;3.33;43.23;15.71;753.50;0.00;0.00;0.00
24.11.2020;0:06:35;3.35;43.23;15.71;753.51;0.00;0.00;0.00
24.11.2020;0:07:35;3.33;42.95;15.71;753.50;0.00;0.00;0.00
24.11.2020;0:08:35;3.33;43.26;15.71;753.50;0.00;0.00;0.00
24.11.2020;0:09:35;3.33;43.32;15.73;753.51;0.00;0.00;0.00
24.11.2020;0:10:35;3.33;42.79;15.73;753.51;0.00;0.00;0.00
24.11.2020;0:11:35;3.33;42.71;15.69;753.50;0.00;0.00;0.00
24.11.2020;0:12:35;3.33;43.21;15.68;753.50;0.00;0.00;0.00
24.11.2020;0:13:35;3.33;43.24;15.69;753.52;0.00;0.00;0.00
24.11.2020;0:14:35;3.35;43.42;15.71;753.50;0.00;0.00;0.00
24.11.2020;0:15:35;3.33;43.42;15.73;753.51;0.00;0.00;0.00
24.11.2020;0:16:35;3.33;42.70;15.72;753.50;0.00;0.00;0.00
24.11.2020;0:17:35;3.36;42.96;15.69;753.49;0.00;0.00;0.00
24.11.2020;0:18:35;3.33;43.08;15.69;753.49;0.00;0.00;0.00
24.11.2020;0:19:35;3.33;43.30;15.70;753.50;0.00;0.00;0.00
24.11.2020;0:20:35;3.35;42.80;15.68;753.48;0.00;0.00;0.00
24.11.2020;0:21:35;3.33;43.09;15.67;753.48;0.00;0.00;0.00
24.11.2020;0:22:35;3.33;43.33;15.66;753.47;0.00;0.00;0.00
24.11.2020;0:23:35;3.33;42.95;15.65;753.45;0.00;0.00;0.00
24.11.2020;0:24:35;3.33;43.23;15.64;753.44;0.00;0.00;0.00
24.11.2020;0:25:35;3.33;43.55;15.66;753.45;0.00;0.00;0.00
24.11.2020;0:26:35;3.33;43.31;15.67;753.45;0.00;0.00;0.00
24.11.2020;0:27:35;3.33;43.44;15.67;753.46;0.00;0.00;0.00
24.11.2020;0:28:35;3.35;43.20;15.67;753.46;0.00;0.00;0.00
24.11.2020;0:29:35;3.33;42.96;15.64;753.47;0.00;0.00;0.00
24.11.2020;0:30:35;3.33;43.28;15.62;753.45;0.00;0.00;0.00
24.11.2020;0:31:36;3.36;43.43;15.62;753.46;0.00;0.00;0.00
24.11.2020;0:32:36;3.33;43.53;15.63;753.47;0.00;0.00;0.00
24.11.2020;0:33:36;3.33;43.07;15.62;753.46;0.00;0.00;0.00
24.11.2020;0:34:36;3.35;43.12;15.58;753.45;0.00;0.00;0.00
24.11.2020;0:35:36;3.33;43.68;15.59;753.44;0.00;0.00;0.00
24.11.2020;0:36:36;3.33;43.45;15.61;753.43;0.00;0.00;0.00
24.11.2020;0:37:36;3.33;43.07;15.59;753.43;0.00;0.00;0.00
24.11.2020;0:38:36;3.33;43.29;15.57;753.41;0.00;0.00;0.00
24.11.2020;0:39:36;3.33;43.08;15.57;753.45;0.00;0.00;0.00
24.11.2020;0:40:36;3.33;43.30;15.56;753.41;0.00;0.00;0.00
24.11.2020;0:41:36;3.33;43.29;15.56;753.42;0.00;0.00;0.00
24.11.2020;0:42:36;3.35;43.07;15.53;753.41;0.00;0.00;0.00
24.11.2020;0:43:36;3.33;43.49;15.52;753.41;0.00;0.00;0.00
24.11.2020;0:44:36;3.33;43.17;15.51;753.38;0.00;0.00;0.00
24.11.2020;0:45:36;3.36;43.11;15.50;753.37;0.00;0.00;0.00
24.11.2020;0:46:36;3.33;43.31;15.49;753.36;0.00;0.00;0.00
24.11.2020;0:47:36;3.33;43.33;15.47;753.35;0.00;0.00;0.00
24.11.2020;0:48:36;3.35;43.29;15.47;753.35;0.00;0.00;0.00
24.11.2020;0:49:36;3.33;43.27;15.45;753.35;0.00;0.00;0.00
24.11.2020;0:50:36;3.33;43.39;15.44;753.35;0.00;0.00;0.00
24.11.2020;0:51:36;3.33;43.87;15.43;753.35;0.00;0.00;0.00
24.11.2020;0:52:36;3.33;43.73;15.43;753.32;0.00;0.00;0.00
24.11.2020;0:53:36;3.33;43.54;15.44;753.28;0.00;0.00;0.00
24.11.2020;0:54:36;3.33;43.00;15.41;753.29;0.00;0.00;0.00
24.11.2020;0:55:36;3.33;43.45;15.39;753.31;0.00;0.00;0.00
24.11.2020;0:56:36;3.35;43.40;15.38;753.32;0.00;0.00;0.00
24.11.2020;0:57:36;3.33;42.93;15.35;753.32;0.00;0.00;0.00
24.11.2020;0:58:36;3.33;43.17;15.32;753.35;0.00;0.00;0.00
24.11.2020;0:59:36;3.36;43.32;15.31;753.35;0.00;0.00;0.00
24.11.2020;1:00:36;3.33;42.87;15.29;753.35;0.00;0.00;0.00
24.11.2020;1:01:37;3.33;43.14;15.25;753.37;0.00;0.00;0.00
24.11.2020;1:02:37;3.35;43.52;15.26;753.38;0.00;0.00;0.00
24.11.2020;1:03:37;3.33;43.24;15.25;753.40;0.00;0.00;0.00
24.11.2020;1:04:37;3.33;43.20;15.22;753.41;0.00;0.00;0.00
24.11.2020;1:05:37;3.33;43.36;15.19;753.41;0.00;0.00;0.00
24.11.2020;1:06:37;3.33;43.57;15.20;753.42;0.00;0.00;0.00
24.11.2020;1:07:37;3.33;43.38;15.19;753.43;0.00;0.00;0.00
24.11.2020;1:08:37;3.33;43.20;15.17;753.46;0.00;0.00;0.00
24.11.2020;1:09:37;3.33;43.24;15.16;753.48;0.00;0.00;0.00
24.11.2020;1:10:37;3.35;43.26;15.15;753.48;0.00;0.00;0.00
24.11.2020;1:11:37;3.33;43.36;15.13;753.49;0.00;0.00;0.00
24.11.2020;1:12:37;3.33;43.75;15.15;753.46;0.00;0.00;0.00
24.11.2020;1:13:37;3.36;44.17;15.16;753.48;0.00;0.00;0.00
24.11.2020;1:14:37;3.33;43.42;15.16;753.48;0.00;0.00;0.00
24.11.2020;1:15:37;3.33;43.68;15.16;753.48;0.00;0.00;0.00
24.11.2020;1:16:37;3.35;43.71;15.15;753.49;0.00;0.00;0.00
24.11.2020;1:17:37;3.33;43.12;15.13;753.48;0.00;0.00;0.00
24.11.2020;1:18:37;3.33;43.27;15.11;753.49;0.00;0.00;0.00
24.11.2020;1:19:37;3.33;43.63;15.11;753.47;0.00;0.00;0.00
24.11.2020;1:20:37;3.33;43.56;15.12;753.47;0.00;0.00;0.00
24.11.2020;1:21:37;3.33;43.16;15.09;753.47;0.00;0.00;0.00
24.11.2020;1:22:37;3.33;43.75;15.09;753.46;0.00;0.00;0.00
24.11.2020;1:23:37;3.33;43.87;15.10;753.46;0.00;0.00;0.00
24.11.2020;1:24:37;3.35;43.58;15.09;753.45;0.00;0.00;0.00
24.11.2020;1:25:37;3.33;43.65;15.09;753.45;0.00;0.00;0.00
24.11.2020;1:26:37;3.33;43.44;15.08;753.47;0.00;0.00;0.00
24.11.2020;1:27:37;3.36;43.69;15.08;753.48;0.00;0.00;0.00
24.11.2020;1:28:37;3.33;43.71;15.08;753.48;0.00;0.00;0.00
24.11.2020;1:29:37;3.33;44.08;15.07;753.48;0.00;0.00;0.00
24.11.2020;1:30:38;3.35;44.00;15.08;753.48;0.00;0.00;0.00
24.11.2020;1:31:38;3.33;44.04;15.09;753.50;0.00;0.00;0.00
24.11.2020;1:32:38;3.33;44.46;15.11;753.49;0.00;0.00;0.00
24.11.2020;1:33:38;3.33;43.77;15.10;753.52;0.00;0.00;0.00
24.11.2020;1:34:38;3.33;43.97;15.11;753.54;0.00;0.00;0.00
24.11.2020;1:35:38;3.33;44.09;15.11;753.54;0.00;0.00;0.00
24.11.2020;1:36:38;3.33;43.99;15.13;753.53;0.00;0.00;0.00
24.11.2020;1:37:38;3.33;44.07;15.14;753.51;0.00;0.00;0.00
24.11.2020;1:38:38;3.35;43.53;15.14;753.50;0.00;0.00;0.00
24.11.2020;1:39:38;3.33;43.53;15.11;753.49;0.00;0.00;0.00
24.11.2020;1:40:38;3.33;43.84;15.12;753.51;0.00;0.00;0.00
24.11.2020;1:41:38;3.36;43.50;15.11;753.51;0.00;0.00;0.00
24.11.2020;1:42:38;3.33;43.24;15.09;753.50;0.00;0.00;0.00
24.11.2020;1:43:38;3.33;43.30;15.07;753.52;0.00;0.00;0.00
24.11.2020;1:44:38;3.35;43.14;15.05;753.52;0.00;0.00;0.00
24.11.2020;1:45:38;3.33;42.94;15.03;753.53;0.00;0.00;0.00
24.11.2020;1:46:38;3.33;43.18;15.00;753.54;0.00;0.00;0.00
24.11.2020;1:47:38;3.33;43.88;15.00;753.54;0.00;0.00;0.00
24.11.2020;1:48:38;3.33;43.24;14.97;753.55;0.00;0.00;0.00
24.11.2020;1:49:38;3.33;42.92;14.95;753.54;0.00;0.00;0.00
24.11.2020;1:50:38;3.33;43.12;14.92;753.57;0.00;0.00;0.00
24.11.2020;1:51:38;3.33;42.88;14.90;753.57;0.00;0.00;0.00
24.11.2020;1:52:38;3.35;43.26;14.88;753.59;0.00;0.00;0.00
24.11.2020;1:53:38;3.33;43.32;14.87;753.59;0.00;0.00;0.00
24.11.2020;1:54:38;3.33;43.21;14.85;753.57;0.00;0.00;0.00
24.11.2020;1:55:38;3.36;43.40;14.84;753.60;0.00;0.00;0.00
24.11.2020;1:56:38;3.33;44.00;14.84;753.60;0.00;0.00;0.00
24.11.2020;1:57:38;3.33;43.43;14.81;753.61;0.00;0.00;0.00
24.11.2020;1:58:38;3.35;43.34;14.79;753.62;0.00;0.00;0.00
24.11.2020;1:59:39;3.33;44.02;14.81;753.63;0.00;0.00;0.00
24.11.2020;2:00:39;3.33;43.46;14.80;753.63;0.00;0.00;0.00
24.11.2020;2:01:39;3.33;43.54;14.78;753.65;0.00;0.00;0.00
24.11.2020;2:02:39;3.33;44.21;14.81;753.66;0.00;0.00;0.00
24.11.2020;2:03:39;3.33;43.52;14.80;753.65;0.00;0.00;0.00
24.11.2020;2:04:39;3.33;43.48;14.79;753.65;0.00;0.00;0.00
24.11.2020;2:05:39;3.33;43.65;14.77;753.66;0.00;0.00;0.00
24.11.2020;2:06:39;3.35;43.43;14.76;753.66;0.00;0.00;0.00
24.11.2020;2:07:39;3.33;43.94;14.77;753.65;0.00;0.00;0.00
24.11.2020;2:08:39;3.33;43.54;14.76;753.66;0.00;0.00;0.00
24.11.2020;2:09:39;3.36;43.81;14.75;753.65;0.00;0.00;0.00
24.11.2020;2:10:39;3.33;43.84;14.77;753.65;0.00;0.00;0.00
24.11.2020;2:11:39;3.33;43.89;14.77;753.64;0.00;0.00;0.00
24.11.2020;2:12:39;3.35;43.80;14.77;753.63;0.00;0.00;0.00
24.11.2020;2:13:39;3.33;43.21;14.74;753.61;0.00;0.00;0.00
24.11.2020;2:14:39;3.33;43.24;14.70;753.60;0.00;0.00;0.00
24.11.2020;2:15:39;3.33;43.63;14.70;753.59;0.00;0.00;0.00
24.11.2020;2:16:39;3.33;43.66;14.68;753.60;0.00;0.00;0.00
24.11.2020;2:17:39;3.33;43.42;14.66;753.56;0.00;0.00;0.00
24.11.2020;2:18:39;3.33;43.35;14.63;753.58;0.00;0.00;0.00
24.11.2020;2:19:39;3.33;43.49;14.61;753.60;0.00;0.00;0.00
24.11.2020;2:20:39;3.35;43.56;14.61;753.63;0.00;0.00;0.00
24.11.2020;2:21:39;3.33;43.81;14.60;753.64;0.00;0.00;0.00
24.11.2020;2:22:39;3.33;44.41;14.61;753.61;0.00;0.00;0.00
24.11.2020;2:23:39;3.36;43.85;14.60;753.61;0.00;0.00;0.00
24.11.2020;2:24:39;3.33;43.78;14.57;753.61;0.00;0.00;0.00
24.11.2020;2:25:39;3.33;44.11;14.57;753.61;0.00;0.00;0.00
24.11.2020;2:26:39;3.35;44.66;14.59;753.61;0.00;0.00;0.00
24.11.2020;2:27:39;3.33;44.27;14.59;753.62;0.00;0.00;0.00
24.11.2020;2:28:39;3.33;44.04;14.58;753.64;0.00;0.00;0.00
24.11.2020;2:29:40;3.33;44.07;14.57;753.63;0.00;0.00;0.00
24.11.2020;2:30:40;3.33;44.33;14.57;753.63;0.00;0.00;0.00
24.11.2020;2:31:40;3.33;44.40;14.57;753.63;0.00;0.00;0.00
24.11.2020;2:32:40;3.33;45.07;14.60;753.61;0.00;0.00;0.00
24.11.2020;2:33:40;3.33;44.96;14.62;753.61;0.00;0.00;0.00
24.11.2020;2:34:40;3.35;44.38;14.62;753.59;0.00;0.00;0.00
24.11.2020;2:35:40;3.33;44.58;14.61;753.58;0.00;0.00;0.00
24.11.2020;2:36:40;3.33;44.78;14.62;753.56;0.00;0.00;0.00
24.11.2020;2:37:40;3.36;44.28;14.61;753.55;0.00;0.00;0.00
24.11.2020;2:38:40;3.33;45.12;14.62;753.56;0.00;0.00;0.00
24.11.2020;2:39:40;3.33;44.39;14.63;753.58;0.00;0.00;0.00
24.11.2020;2:40:40;3.35;43.94;14.61;753.61;0.00;0.00;0.00
24.11.2020;2:41:40;3.33;44.48;14.60;753.63;0.00;0.00;0.00
24.11.2020;2:42:40;3.33;44.25;14.60;753.63;0.00;0.00;0.00
24.11.2020;2:43:40;3.33;44.38;14.60;753.64;0.00;0.00;0.00
24.11.2020;2:44:40;3.33;44.53;14.61;753.63;0.00;0.00;0.00
24.11.2020;2:45:40;3.33;44.20;14.59;753.64;0.00;0.00;0.00
24.11.2020;2:46:40;3.33;44.79;14.60;753.66;0.00;0.00;0.00
24.11.2020;2:47:40;3.33;44.60;14.61;753.65;0.00;0.00;0.00
24.11.2020;2:48:40;3.35;44.93;14.62;753.65;0.00;0.00;0.00
24.11.2020;2:49:40;3.33;44.29;14.61;753.62;0.00;0.00;0.00
24.11.2020;2:50:40;3.33;44.76;14.63;753.62;0.00;0.00;0.00
24.11.2020;2:51:40;3.36;44.86;14.64;753.61;0.00;0.00;0.00
24.11.2020;2:52:40;3.33;44.11;14.63;753.63;0.00;0.00;0.00
24.11.2020;2:53:40;3.33;43.82;14.61;753.65;0.00;0.00;0.00
24.11.2020;2:54:40;3.35;44.11;14.61;753.67;0.00;0.00;0.00
24.11.2020;2:55:40;3.33;44.06;14.60;753.67;0.00;0.00;0.00
24.11.2020;2:56:40;3.33;44.38;14.62;753.66;0.00;0.00;0.00
24.11.2020;2:57:40;3.33;43.97;14.62;753.66;0.00;0.00;0.00
24.11.2020;2:58:40;3.33;43.51;14.62;753.68;0.00;0.00;0.00
24.11.2020;2:59:41;3.33;43.99;14.61;753.69;0.00;0.00;0.00
24.11.2020;3:00:41;3.33;44.06;14.63;753.70;0.00;0.00;0.00
24.11.2020;3:01:41;3.33;43.84;14.63;753.71;0.00;0.00;0.00
24.11.2020;3:02:41;3.35;44.48;14.64;753.72;0.00;0.00;0.00
24.11.2020;3:03:41;3.33;44.15;14.67;753.71;0.00;0.00;0.00
24.11.2020;3:04:41;3.33;43.54;14.67;753.71;0.00;0.00;0.00
24.11.2020;3:05:41;3.36;44.12;14.67;753.71;0.00;0.00;0.00
24.11.2020;3:06:41;3.33;44.32;14.70;753.70;0.00;0.00;0.00
24.11.2020;3:07:41;3.33;43.29;14.68;753.70;0.00;0.00;0.00
24.11.2020;3:08:41;3.35;43.56;14.68;753.70;0.00;0.00;0.00
24.11.2020;3:09:41;3.33;43.89;14.72;753.68;0.00;0.00;0.00
24.11.2020;3:10:41;3.33;43.50;14.72;753.68;0.00;0.00;0.00
24.11.2020;3:11:41;3.33;43.88;14.73;753.67;0.00;0.00;0.00
24.11.2020;3:12:41;3.33;43.30;14.72;753.68;0.00;0.00;0.00
24.11.2020;3:13:41;3.33;43.80;14.74;753.70;0.00;0.00;0.00
24.11.2020;3:14:41;3.33;43.66;14.74;753.68;0.00;0.00;0.00
24.11.2020;3:15:41;3.33;43.79;14.75;753.70;0.00;0.00;0.00
24.11.2020;3:16:41;3.35;43.95;14.77;753.69;0.00;0.00;0.00
24.11.2020;3:17:41;3.33;43.67;14.77;753.69;0.00;0.00;0.00
24.11.2020;3:18:41;3.33;44.02;14.80;753.69;0.00;0.00;0.00
24.11.2020;3:19:41;3.36;43.30;14.79;753.68;0.00;0.00;0.00
24.11.2020;3:20:41;3.33;44.13;14.80;753.70;0.00;0.00;0.00
24.11.2020;3:21:41;3.33;43.54;14.81;753.68;0.00;0.00;0.00
24.11.2020;3:22:41;3.35;43.44;14.82;753.70;0.00;0.00;0.00
24.11.2020;3:23:41;3.33;44.20;14.84;753.67;0.00;0.00;0.00
24.11.2020;3:24:41;3.33;44.04;14.86;753.69;0.00;0.00;0.00
24.11.2020;3:25:41;3.33;43.50;14.85;753.70;0.00;0.00;0.00
24.11.2020;3:26:41;3.33;43.52;14.86;753.68;0.00;0.00;0.00
24.11.2020;3:27:41;3.33;43.85;14.85;753.68;0.00;0.00;0.00
24.11.2020;3:28:41;3.33;43.67;14.86;753.67;0.00;0.00;0.00
24.11.2020;3:29:42;3.33;43.69;14.88;753.69;0.00;0.00;0.00
24.11.2020;3:30:42;3.35;43.45;14.87;753.68;0.00;0.00;0.00
24.11.2020;3:31:42;3.33;43.75;14.89;753.68;0.00;0.00;0.00
24.11.2020;3:32:42;3.33;44.04;14.90;753.67;0.00;0.00;0.00
24.11.2020;3:33:42;3.36;43.46;14.90;753.66;0.00;0.00;0.00
24.11.2020;3:34:42;3.33;43.48;14.90;753.67;0.00;0.00;0.00
24.11.2020;3:35:42;3.33;43.50;14.90;753.65;0.00;0.00;0.00
24.11.2020;3:36:42;3.35;43.99;14.91;753.65;0.00;0.00;0.00
24.11.2020;3:37:42;3.33;43.42;14.92;753.62;0.00;0.00;0.00
24.11.2020;3:38:42;3.33;43.29;14.93;753.64;0.00;0.00;0.00
24.11.2020;3:39:42;3.33;43.74;14.93;753.62;0.00;0.00;0.00
24.11.2020;3:40:42;3.33;43.39;14.92;753.63;0.00;0.00;0.00
24.11.2020;3:41:42;3.33;43.74;14.93;753.64;0.00;0.00;0.00
24.11.2020;3:42:42;3.33;43.29;14.92;753.64;0.00;0.00;0.00
24.11.2020;3:43:42;3.33;43.64;14.92;753.62;0.00;0.00;0.00
24.11.2020;3:44:42;3.35;43.75;14.92;753.63;0.00;0.00;0.00
24.11.2020;3:45:42;3.33;43.59;14.93;753.63;0.00;0.00;0.00
24.11.2020;3:46:42;3.33;43.67;14.92;753.62;0.00;0.00;0.00
24.11.2020;3:47:42;3.36;43.69;14.94;753.64;0.00;0.00;0.00
24.11.2020;3:48:42;3.33;43.42;14.93;753.63;0.00;0.00;0.00
24.11.2020;3:49:42;3.33;43.65;14.95;753.64;0.00;0.00;0.00
24.11.2020;3:50:42;3.35;43.49;14.94;753.68;0.00;0.00;0.00
24.11.2020;3:51:42;3.33;43.23;14.93;753.69;0.00;0.00;0.00
24.11.2020;3:52:42;3.33;43.15;14.92;753.66;0.00;0.00;0.00
24.11.2020;3:53:42;3.33;42.95;14.91;753.67;0.00;0.00;0.00
24.11.2020;3:54:42;3.33;43.33;14.91;753.68;0.00;0.00;0.00
24.11.2020;3:55:42;3.33;43.73;14.92;753.66;0.00;0.00;0.00
24.11.2020;3:56:42;3.33;43.58;14.92;753.67;0.00;0.00;0.00
24.11.2020;3:57:42;3.33;43.73;14.93;753.66;0.00;0.00;0.00
24.11.2020;3:58:43;3.35;43.76;14.94;753.65;0.00;0.00;0.00
24.11.2020;3:59:43;3.33;43.18;14.94;753.67;0.00;0.00;0.00
24.11.2020;4:00:43;3.33;42.85;14.91;753.66;0.00;0.00;0.00
24.11.2020;4:01:43;3.36;43.40;14.90;753.66;0.00;0.00;0.00
24.11.2020;4:02:43;3.33;43.30;14.91;753.67;0.00;0.00;0.00
24.11.2020;4:03:43;3.33;43.66;14.91;753.68;0.00;0.00;0.00
24.11.2020;4:04:43;3.35;43.17;14.91;753.66;0.00;0.00;0.00
24.11.2020;4:05:43;3.33;44.01;14.92;753.66;0.00;0.00;0.00
24.11.2020;4:06:43;3.33;43.71;14.93;753.66;0.00;0.00;0.00
24.11.2020;4:07:43;3.33;43.28;14.93;753.65;0.00;0.00;0.00
24.11.2020;4:08:43;3.33;43.42;14.93;753.64;0.00;0.00;0.00
24.11.2020;4:09:43;3.33;43.86;14.94;753.63;0.00;0.00;0.00
24.11.2020;4:10:43;3.33;43.45;14.95;753.63;0.00;0.00;0.00
24.11.2020;4:11:43;3.33;44.16;14.97;753.61;0.00;0.00;0.00
24.11.2020;4:12:43;3.35;43.38;14.97;753.60;0.00;0.00;0.00
24.11.2020;4:13:43;3.33;43.98;15.00;753.58;0.00;0.00;0.00
24.11.2020;4:14:43;3.33;43.77;15.01;753.56;0.00;0.00;0.00
24.11.2020;4:15:43;3.36;43.36;15.01;753.55;0.00;0.00;0.00
24.11.2020;4:16:43;3.33;43.43;15.01;753.54;0.00;0.00;0.00
24.11.2020;4:17:43;3.33;43.10;15.00;753.55;0.00;0.00;0.00
24.11.2020;4:18:43;3.35;43.74;15.01;753.56;0.00;0.00;0.00
24.11.2020;4:19:43;3.33;43.34;15.02;753.54;0.00;0.00;0.00
24.11.2020;4:20:43;3.33;43.59;15.02;753.54;0.00;0.00;0.00
24.11.2020;4:21:43;3.33;44.16;15.05;753.56;0.00;0.00;0.00
24.11.2020;4:22:43;3.33;43.46;15.06;753.56;0.00;0.00;0.00
24.11.2020;4:23:43;3.33;43.13;15.06;753.56;0.00;0.00;0.00
24.11.2020;4:24:43;3.33;43.98;15.07;753.53;0.00;0.00;0.00
24.11.2020;4:25:43;3.33;43.33;15.09;753.52;0.00;0.00;0.00
24.11.2020;4:26:43;3.35;43.66;15.08;753.51;0.00;0.00;0.00
24.11.2020;4:27:44;3.33;42.91;15.08;753.49;0.00;0.00;0.00
24.11.2020;4:28:44;3.33;43.82;15.09;753.48;0.00;0.00;0.00
24.11.2020;4:29:44;3.36;44.19;15.12;753.47;0.00;0.00;0.00
24.11.2020;4:30:44;3.33;43.33;15.13;753.47;0.00;0.00;0.00
24.11.2020;4:31:44;3.33;43.56;15.13;753.45;0.00;0.00;0.00
24.11.2020;4:32:44;3.35;43.72;15.12;753.44;0.00;0.00;0.00
24.11.2020;4:33:44;3.33;42.99;15.09;753.43;0.00;0.00;0.00
24.11.2020;4:34:44;3.33;43.78;15.07;753.43;0.00;0.00;0.00
24.11.2020;4:35:44;3.33;43.55;15.07;753.43;0.00;0.00;0.00
24.11.2020;4:36:44;3.33;43.44;15.04;753.42;0.00;0.00;0.00
24.11.2020;4:37:44;3.33;43.05;14.99;753.43;0.00;0.00;0.00
24.11.2020;4:38:44;3.33;43.45;15.00;753.44;0.00;0.00;0.00
24.11.2020;4:39:44;3.33;43.63;14.99;753.49;0.00;0.00;0.00
24.11.2020;4:40:44;3.35;43.84;14.99;753.49;0.00;0.00;0.00
24.11.2020;4:41:44;3.33;44.00;14.99;753.46;0.00;0.00;0.00
24.11.2020;4:42:44;3.33;43.85;14.99;753.44;0.00;0.00;0.00
24.11.2020;4:43:44;3.36;43.76;14.98;753.43;0.00;0.00;0.00
24.11.2020;4:44:44;3.33;44.00;14.98;753.43;0.00;0.00;0.00
24.11.2020;4:45:44;3.33;44.02;14.98;753.43;0.00;0.00;0.00
24.11.2020;4:46:44;3.35;43.82;14.99;753.46;0.00;0.00;0.00
24.11.2020;4:47:44;3.33;43.64;14.96;753.46;0.00;0.00;0.00
24.11.2020;4:48:44;3.33;44.00;14.97;753.48;0.00;0.00;0.00
24.11.2020;4:49:44;3.33;43.68;14.96;753.49;0.00;0.00;0.00
24.11.2020;4:50:44;3.33;43.52;14.95;753.53;0.00;0.00;0.00
24.11.2020;4:51:44;3.33;43.75;14.95;753.53;0.00;0.00;0.00
24.11.2020;4:52:44;3.33;43.33;14.93;753.53;0.00;0.00;0.00
24.11.2020;4:53:44;3.33;43.45;14.92;753.54;0.00;0.00;0.00
24.11.2020;4:54:44;3.35;44.49;14.94;753.54;0.00;0.00;0.00
24.11.2020;4:55:44;3.33;43.43;14.95;753.53;0.00;0.00;0.00
24.11.2020;4:56:44;3.33;43.91;14.95;753.53;0.00;0.00;0.00
24.11.2020;4:57:45;3.36;44.19;14.97;753.49;0.00;0.00;0.00
24.11.2020;4:58:45;3.33;44.00;14.98;753.47;0.00;0.00;0.00
24.11.2020;4:59:45;3.33;43.85;14.98;753.45;0.00;0.00;0.00
24.11.2020;5:00:45;3.35;43.57;14.97;753.48;0.00;0.00;0.00
24.11.2020;5:01:45;3.33;44.17;14.98;753.50;0.00;0.00;0.00
24.11.2020;5:02:45;3.33;43.58;14.98;753.50;0.00;0.00;0.00
24.11.2020;5:03:45;3.33;43.14;14.95;753.52;0.00;0.00;0.00
24.11.2020;5:04:45;3.33;43.64;14.95;753.56;0.00;0.00;0.00
24.11.2020;5:05:45;3.33;43.55;14.95;753.57;0.00;0.00;0.00
24.11.2020;5:06:45;3.33;43.19;14.93;753.57;0.00;0.00;0.00
24.11.2020;5:07:45;3.33;43.25;14.93;753.57;0.00;0.00;0.00
24.11.2020;5:08:45;3.35;43.16;14.91;753.56;0.00;0.00;0.00
24.11.2020;5:09:45;3.33;44.16;14.92;753.55;0.00;0.00;0.00
24.11.2020;5:10:45;3.33;43.69;14.94;753.54;0.00;0.00;0.00
24.11.2020;5:11:45;3.36;43.38;14.91;753.54;0.00;0.00;0.00
24.11.2020;5:12:45;3.33;43.40;14.90;753.56;0.00;0.00;0.00
24.11.2020;5:13:45;3.33;43.45;14.90;753.56;0.00;0.00;0.00
24.11.2020;5:14:45;3.35;43.26;14.89;753.56;0.00;0.00;0.00
24.11.2020;5:15:45;3.33;43.12;14.86;753.56;0.00;0.00;0.00
24.11.2020;5:16:45;3.33;43.47;14.86;753.59;0.00;0.00;0.00
24.11.2020;5:17:45;3.33;43.56;14.87;753.59;0.00;0.00;0.00
24.11.2020;5:18:45;3.33;43.62;14.85;753.58;0.00;0.00;0.00
24.11.2020;5:19:45;3.33;43.30;14.83;753.58;0.00;0.00;0.00
24.11.2020;5:20:45;3.33;43.45;14.83;753.56;0.00;0.00;0.00
24.11.2020;5:21:45;3.33;43.58;14.83;753.55;0.00;0.00;0.00
24.11.2020;5:22:45;3.35;43.70;14.84;753.55;0.00;0.00;0.00
24.11.2020;5:23:45;3.33;43.35;14.82;753.55;0.00;0.00;0.00
24.11.2020;5:24:45;3.33;43.26;14.80;753.57;0.00;0.00;0.00
24.11.2020;5:25:45;3.36;43.27;14.77;753.60;0.00;0.00;0.00
24.11.2020;5:26:45;3.33;43.41;14.76;753.59;0.00;0.00;0.00
24.11.2020;5:27:46;3.33;43.58;14.76;753.61;0.00;0.00;0.00
24.11.2020;5:28:46;3.35;43.80;14.76;753.63;0.00;0.00;0.00
24.11.2020;5:29:46;3.33;43.62;14.77;753.63;0.00;0.00;0.00
24.11.2020;5:30:46;3.33;43.66;14.76;753.65;0.00;0.00;0.00
24.11.2020;5:31:46;3.33;43.47;14.74;753.63;0.00;0.00;0.00
24.11.2020;5:32:46;3.33;43.91;14.73;753.63;0.00;0.00;0.00
24.11.2020;5:33:46;3.33;43.61;14.74;753.61;0.00;0.00;0.00
24.11.2020;5:34:46;3.33;43.89;14.75;753.58;0.00;0.00;0.00
24.11.2020;5:35:46;3.33;43.85;14.75;753.56;0.00;0.00;0.00
24.11.2020;5:36:46;3.35;44.11;14.78;753.56;0.00;0.00;0.00
24.11.2020;5:37:46;3.33;43.42;14.76;753.57;0.00;0.00;0.00
24.11.2020;5:38:46;3.33;43.73;14.77;753.58;0.00;0.00;0.00
24.11.2020;5:39:46;3.36;43.72;14.76;753.59;0.00;0.00;0.00
24.11.2020;5:40:46;3.33;44.16;14.77;753.60;0.00;0.00;0.00
24.11.2020;5:41:46;3.33;43.59;14.78;753.62;0.00;0.00;0.00
24.11.2020;5:42:46;3.35;43.77;14.79;753.62;0.00;0.00;0.00
24.11.2020;5:43:46;3.33;43.67;14.79;753.62;0.00;0.00;0.00
24.11.2020;5:44:46;3.33;43.29;14.76;753.62;0.00;0.00;0.00
24.11.2020;5:45:46;3.33;43.32;14.74;753.63;0.00;0.00;0.00
24.11.2020;5:46:46;3.33;43.51;14.72;753.61;0.00;0.00;0.00
24.11.2020;5:47:46;3.33;43.59;14.73;753.61;0.00;0.00;0.00
24.11.2020;5:48:46;3.33;44.09;14.75;753.63;0.00;0.00;0.00
24.11.2020;5:49:46;3.33;43.61;14.76;753.64;0.00;0.00;0.00
24.11.2020;5:50:46;3.35;43.52;14.75;753.64;0.00;0.00;0.00
24.11.2020;5:51:46;3.33;43.38;14.70;753.64;0.00;0.00;0.00
24.11.2020;5:52:46;3.33;43.47;14.69;753.64;0.00;0.00;0.00
24.11.2020;5:53:46;3.36;43.83;14.70;753.62;0.00;0.00;0.00
24.11.2020;5:54:46;3.33;43.60;14.68;753.60;0.00;0.00;0.00
24.11.2020;5:55:46;3.33;44.03;14.72;753.59;0.00;0.00;0.00
24.11.2020;5:56:47;3.35;43.76;14.72;753.59;0.00;0.00;0.00
24.11.2020;5:57:47;3.33;43.78;14.70;753.60;0.00;0.00;0.00
24.11.2020;5:58:47;3.33;43.81;14.72;753.61;0.00;0.00;0.00
24.11.2020;5:59:47;3.33;43.97;14.74;753.61;0.00;0.00;0.00
24.11.2020;6:00:47;3.33;43.87;14.73;753.62;0.00;0.00;0.00
24.11.2020;6:01:47;3.33;43.61;14.71;753.63;0.00;0.00;0.00
24.11.2020;6:02:47;3.33;43.87;14.71;753.65;0.00;0.00;0.00
24.11.2020;6:03:47;3.33;43.77;14.73;753.67;0.00;0.00;0.00
24.11.2020;6:04:47;3.35;44.01;14.74;753.68;0.00;0.00;0.00
24.11.2020;6:05:47;3.33;43.67;14.74;753.68;0.00;0.00;0.00
24.11.2020;6:06:47;3.33;43.69;14.73;753.68;0.00;0.00;0.00
24.11.2020;6:07:47;3.36;44.25;14.73;753.66;0.00;0.00;0.00
24.11.2020;6:08:47;3.33;44.19;14.76;753.64;0.00;0.00;0.00
24.11.2020;6:09:47;3.33;43.66;14.76;753.65;0.00;0.00;0.00
24.11.2020;6:10:47;3.35;43.49;14.73;753.66;0.00;0.00;0.00
24.11.2020;6:11:47;3.33;43.93;14.74;753.66;0.00;0.00;0.00
24.11.2020;6:12:47;3.33;44.39;14.77;753.66;0.00;0.00;0.00
24.11.2020;6:13:47;3.33;43.51;14.76;753.63;0.00;0.00;0.00
24.11.2020;6:14:47;3.33;43.51;14.74;753.64;0.00;0.00;0.00
24.11.2020;6:15:47;3.33;43.79;14.74;753.65;0.00;0.00;0.00
24.11.2020;6:16:47;3.33;44.07;14.75;753.63;0.00;0.00;0.00
24.11.2020;6:17:47;3.33;44.30;14.79;753.62;0.00;0.00;0.00
24.11.2020;6:18:47;3.35;43.73;14.77;753.62;0.00;0.00;0.00
24.11.2020;6:19:47;3.33;43.73;14.77;753.63;0.00;0.00;0.00
24.11.2020;6:20:47;3.33;44.31;14.78;753.63;0.00;0.00;0.00
24.11.2020;6:21:47;3.36;44.09;14.81;753.62;0.00;0.00;0.00
24.11.2020;6:22:47;3.33;43.64;14.79;753.64;0.00;0.00;0.00
24.11.2020;6:23:47;3.33;43.86;14.79;753.64;0.00;0.00;0.00
24.11.2020;6:24:47;3.35;43.99;14.81;753.62;0.00;0.00;0.00
24.11.2020;6:25:47;3.33;43.84;14.82;753.60;0.00;0.00;0.00
24.11.2020;6:26:48;3.33;43.42;14.78;753.57;0.00;0.00;0.00
24.11.2020;6:27:48;3.33;43.63;14.77;753.57;0.00;0.00;0.00
24.11.2020;6:28:48;3.33;43.57;14.76;753.60;0.00;0.00;0.00
24.11.2020;6:29:48;3.33;44.35;14.78;753.62;0.00;0.00;0.00
24.11.2020;6:30:48;3.33;44.02;14.80;753.62;0.00;0.00;0.00
24.11.2020;6:31:48;3.33;43.64;14.79;753.64;0.00;0.00;0.00
24.11.2020;6:32:48;3.35;44.28;14.81;753.66;0.00;0.00;0.00
24.11.2020;6:33:48;3.33;43.74;14.79;753.64;0.00;0.00;0.00
24.11.2020;6:34:48;3.33;43.82;14.79;753.67;0.00;0.00;0.00
24.11.2020;6:35:48;3.36;43.94;14.79;753.67;0.00;0.00;0.00
24.11.2020;6:36:48;3.33;43.91;14.79;753.70;0.00;0.00;0.00
24.11.2020;6:37:48;3.33;43.68;14.79;753.69;0.00;0.00;0.00
24.11.2020;6:38:48;3.35;43.67;14.77;753.69;0.00;0.00;0.00
24.11.2020;6:39:48;3.33;43.94;14.77;753.69;0.00;0.00;0.00
24.11.2020;6:40:48;3.33;44.29;14.80;753.70;0.00;0.00;0.00
24.11.2020;6:41:48;3.33;43.74;14.76;753.68;0.00;0.00;0.00
24.11.2020;6:42:48;3.33;43.74;14.76;753.68;0.00;0.00;0.00
24.11.2020;6:43:48;3.33;43.91;14.76;753.67;0.00;0.00;0.00
24.11.2020;6:44:48;3.33;43.93;14.76;753.67;0.00;0.00;0.00
24.11.2020;6:45:48;3.33;44.21;14.76;753.66;0.00;0.00;0.00
24.11.2020;6:46:48;3.35;44.17;14.78;753.66;0.00;0.00;0.00
24.11.2020;6:47:48;3.33;44.43;14.80;753.67;0.00;0.00;0.00
24.11.2020;6:48:48;3.33;44.04;14.81;753.68;0.00;0.00;0.00
24.11.2020;6:49:48;3.36;44.04;14.79;753.66;0.00;0.00;0.00
24.11.2020;6:50:48;3.33;44.19;14.80;753.68;0.00;0.00;0.00
24.11.2020;6:51:48;3.33;43.90;14.79;753.67;0.00;0.00;0.00
24.11.2020;6:52:48;3.35;44.18;14.79;753.68;0.00;0.00;0.00
24.11.2020;6:53:48;3.33;44.13;14.80;753.68;0.00;0.00;0.00
24.11.2020;6:54:48;3.33;44.14;14.80;753.70;0.00;0.00;0.00
24.11.2020;6:55:48;3.33;44.20;14.82;753.70;0.00;0.00;0.00
24.11.2020;6:56:49;3.33;43.95;14.80;753.73;0.00;0.00;0.00
24.11.2020;6:57:49;3.33;43.85;14.77;753.74;0.00;0.00;0.00
24.11.2020;6:58:49;3.33;43.85;14.74;753.77;0.00;0.00;0.00
24.11.2020;6:59:49;3.33;43.89;14.74;753.79;0.00;0.00;0.00
24.11.2020;7:00:49;3.35;43.93;14.73;753.79;0.00;0.00;0.00
24.11.2020;7:01:49;3.33;43.94;14.70;753.81;0.00;0.00;0.00
24.11.2020;7:02:49;3.33;43.95;14.71;753.80;0.00;0.00;0.00
24.11.2020;7:03:49;3.54;44.27;14.70;753.79;0.00;0.00;0.00
24.11.2020;7:04:49;4.13;44.30;14.72;753.83;0.00;0.00;0.00
24.11.2020;7:05:49;4.17;44.08;14.73;753.81;0.00;0.00;0.00
24.11.2020;7:06:49;4.18;43.82;14.69;753.82;0.00;0.00;0.00
24.11.2020;7:07:49;4.17;44.00;14.68;753.83;0.00;0.00;0.00
24.11.2020;7:08:49;4.17;44.37;14.69;753.82;0.00;0.00;0.00
24.11.2020;7:09:49;4.17;44.21;14.69;753.82;0.00;0.00;0.00
24.11.2020;7:10:49;4.31;44.09;14.68;753.83;0.00;0.00;0.00
24.11.2020;7:11:49;4.99;44.17;14.69;753.86;0.00;0.00;0.00
24.11.2020;7:12:49;5.00;44.50;14.70;753.88;0.00;0.00;0.00
24.11.2020;7:13:49;5.00;44.03;14.69;753.86;0.00;0.00;0.00
24.11.2020;7:14:49;5.93;44.31;14.70;753.86;0.00;0.00;0.00
24.11.2020;7:15:49;7.00;44.11;14.69;753.85;0.00;0.00;0.00
24.11.2020;7:16:49;7.37;44.24;14.67;753.84;0.00;0.00;0.00
24.11.2020;7:17:49;8.56;44.21;14.67;753.84;0.00;0.00;0.00
24.11.2020;7:18:49;9.69;44.37;14.69;753.82;0.00;0.00;0.00
24.11.2020;7:19:49;13.36;44.71;14.72;753.83;0.00;0.00;0.00
24.11.2020;7:20:49;16.26;43.91;14.68;753.82;0.02;0.00;0.00
24.11.2020;7:21:49;16.18;44.06;14.68;753.84;0.03;0.00;0.00
24.11.2020;7:22:49;15.66;44.04;14.68;753.83;0.02;0.00;0.00
24.11.2020;7:23:49;16.67;44.61;14.71;753.86;0.03;0.00;0.00
24.11.2020;7:24:50;16.75;44.10;14.72;753.86;0.03;0.00;0.00
24.11.2020;7:25:50;18.12;44.17;14.71;753.88;0.04;0.00;0.00
24.11.2020;7:26:50;15.33;44.47;14.73;753.87;0.02;0.00;0.00
24.11.2020;7:27:50;16.02;44.12;14.72;753.88;0.02;0.00;0.00
24.11.2020;7:28:50;23.54;43.87;14.68;753.90;0.05;0.00;0.00
24.11.2020;7:29:50;29.65;44.33;14.69;753.93;0.09;0.00;0.00
24.11.2020;7:30:50;33.22;44.38;14.73;753.91;0.10;0.00;0.00
24.11.2020;7:31:50;33.08;44.06;14.71;753.92;0.11;0.00;0.00
24.11.2020;7:32:50;28.03;44.10;14.71;753.92;0.08;0.00;0.00
24.11.2020;7:33:50;23.97;44.06;14.69;753.93;0.05;0.00;0.00
24.11.2020;7:34:50;21.68;44.19;14.69;753.93;0.03;0.00;0.00
24.11.2020;7:35:50;21.18;44.18;14.68;753.92;0.03;0.00;0.00
24.11.2020;7:36:50;29.45;44.02;14.67;753.93;0.06;0.00;0.00
24.11.2020;7:37:50;42.76;44.01;14.66;753.94;0.11;0.00;0.00
24.11.2020;7:38:50;57.58;44.26;14.67;753.95;0.17;0.00;0.00
24.11.2020;7:39:50;61.68;44.18;14.68;753.96;0.18;0.00;0.00
24.11.2020;7:40:50;66.71;44.19;14.68;753.97;0.20;0.00;0.00
24.11.2020;7:41:50;72.94;44.19;14.67;753.98;0.22;0.00;0.00
24.11.2020;7:42:50;85.32;44.02;14.65;754.00;0.25;0.00;0.00
24.11.2020;7:43:50;90.13;44.27;14.68;754.00;0.31;0.00;0.00
24.11.2020;7:44:50;93.50;44.10;14.69;754.00;0.34;0.00;0.00
24.11.2020;7:45:50;90.25;44.32;14.69;753.99;0.34;0.00;0.00
24.11.2020;7:46:50;90.32;44.52;14.74;753.99;0.38;0.00;0.00
24.11.2020;7:47:50;79.36;44.00;14.72;754.01;0.36;0.00;0.00
24.11.2020;7:48:50;61.06;44.05;14.70;754.02;0.25;0.00;0.00
24.11.2020;7:49:50;48.72;44.02;14.66;754.01;0.15;0.00;0.00
24.11.2020;7:50:50;57.60;44.27;14.68;754.03;0.15;0.00;0.00
24.11.2020;7:51:50;62.82;44.71;14.70;754.03;0.20;0.00;0.00
24.11.2020;7:52:51;69.46;44.45;14.72;754.02;0.26;0.00;0.00
24.11.2020;7:53:51;75.06;44.04;14.68;754.02;0.29;0.00;0.00
24.11.2020;7:54:51;100.21;44.05;14.67;754.03;0.38;0.01;0.00
24.11.2020;7:55:51;115.79;44.36;14.69;754.03;0.45;0.05;0.02
24.11.2020;7:56:51;132.58;44.12;14.69;754.04;0.51;0.18;0.09
24.11.2020;7:57:51;149.99;44.48;14.71;754.05;0.61;0.34;0.21
24.11.2020;7:58:51;150.79;44.15;14.73;754.06;0.65;0.39;0.26
24.11.2020;7:59:51;128.83;43.99;14.74;754.08;0.53;0.21;0.11
24.11.2020;8:00:51;116.50;43.92;14.69;754.08;0.40;0.00;0.00
24.11.2020;8:01:51;107.39;44.27;14.70;754.08;0.34;0.00;0.00
24.11.2020;8:02:51;71.15;44.19;14.72;754.08;0.20;0.00;0.00
24.11.2020;8:03:51;69.32;44.30;14.72;754.11;0.18;0.00;0.00
24.11.2020;8:04:51;68.11;44.11;14.72;754.13;0.19;0.00;0.00
24.11.2020;8:05:51;51.46;44.21;14.71;754.15;0.11;0.00;0.00
24.11.2020;8:06:51;64.19;44.29;14.69;754.16;0.12;0.00;0.00
24.11.2020;8:07:51;72.94;44.09;14.67;754.17;0.13;0.00;0.00
24.11.2020;8:08:51;92.74;44.05;14.65;754.19;0.18;0.00;0.00
24.11.2020;8:09:51;116.51;44.06;14.63;754.18;0.26;0.00;0.00
24.11.2020;8:10:51;132.94;44.37;14.65;754.16;0.32;0.00;0.00
24.11.2020;8:11:51;131.58;44.56;14.68;754.16;0.33;0.00;0.00
24.11.2020;8:12:51;114.82;44.27;14.69;754.17;0.29;0.00;0.00
24.11.2020;8:13:51;109.19;44.46;14.69;754.19;0.26;0.00;0.00
24.11.2020;8:14:51;93.46;44.36;14.71;754.21;0.20;0.00;0.00
24.11.2020;8:15:51;96.15;44.40;14.70;754.26;0.18;0.00;0.00
24.11.2020;8:16:51;128.93;44.15;14.68;754.27;0.26;0.00;0.00
24.11.2020;8:17:51;153.66;44.25;14.66;754.28;0.35;0.00;0.00
24.11.2020;8:18:51;186.74;44.25;14.66;754.27;0.47;0.11;0.05
24.11.2020;8:19:52;259.15;44.18;14.65;754.24;0.75;0.57;0.43
24.11.2020;8:20:52;266.51;44.17;14.65;754.22;0.82;0.68;0.56
24.11.2020;8:21:52;256.14;44.20;14.65;754.24;0.82;0.68;0.55
24.11.2020;8:22:52;228.12;44.41;14.67;754.25;0.69;0.47;0.33
24.11.2020;8:23:52;284.97;44.36;14.68;754.26;0.88;0.78;0.69
24.11.2020;8:24:52;387.94;44.55;14.72;754.27;1.31;1.48;1.93
24.11.2020;8:25:52;470.76;44.13;14.74;754.27;1.72;2.17;3.72
24.11.2020;8:26:52;433.92;44.14;14.75;754.29;1.64;2.04;3.34
24.11.2020;8:27:52;366.85;44.15;14.77;754.27;1.38;1.61;2.21
24.11.2020;8:28:52;320.07;44.30;14.76;754.27;1.17;1.26;1.48
24.11.2020;8:29:52;294.14;44.14;14.77;754.26;1.04;1.04;1.07
24.11.2020;8:30:52;284.67;44.12;14.77;754.28;1.00;0.98;0.98
24.11.2020;8:31:52;288.56;44.08;14.76;754.26;1.01;0.99;0.99
24.11.2020;8:32:52;264.27;44.06;14.75;754.30;0.90;0.82;0.74
24.11.2020;8:33:52;237.96;44.24;14.77;754.30;0.77;0.59;0.46
24.11.2020;8:34:52;249.22;44.36;14.76;754.33;0.78;0.62;0.48
24.11.2020;8:35:52;290.24;44.06;14.76;754.31;0.95;0.89;0.85
24.11.2020;8:36:52;336.81;44.05;14.75;754.33;1.20;1.31;1.57
24.11.2020;8:37:52;256.41;44.27;14.76;754.34;0.95;0.90;0.85
24.11.2020;8:38:52;171.76;44.29;14.77;754.34;0.51;0.18;0.09
24.11.2020;8:39:52;193.95;44.34;14.75;754.35;0.48;0.12;0.06
24.11.2020;8:40:52;233.68;44.35;14.77;754.36;0.59;0.30;0.17
24.11.2020;8:41:52;237.96;44.66;14.80;754.35;0.66;0.42;0.28
24.11.2020;8:42:52;223.08;44.32;14.82;754.36;0.67;0.43;0.29
24.11.2020;8:43:52;212.58;44.15;14.80;754.38;0.66;0.42;0.28
24.11.2020;8:44:52;185.47;44.12;14.77;754.41;0.52;0.19;0.10
24.11.2020;8:45:52;256.22;44.11;14.74;754.43;0.74;0.55;0.41
24.11.2020;8:46:53;322.51;44.19;14.74;754.45;0.99;0.96;0.95
24.11.2020;8:47:53;391.92;44.25;14.77;754.44;1.23;1.36;1.67
24.11.2020;8:48:53;409.53;44.32;14.79;754.46;1.31;1.49;1.95
24.11.2020;8:49:53;361.92;44.17;14.80;754.47;1.11;1.16;1.28
24.11.2020;8:50:53;340.31;44.08;14.76;754.45;0.98;0.94;0.92
24.11.2020;8:51:53;477.56;44.11;14.73;754.45;1.40;1.65;2.31
24.11.2020;8:52:53;526.13;44.21;14.76;754.45;1.63;2.03;3.32
24.11.2020;8:53:53;517.72;44.35;14.83;754.41;1.69;2.12;3.57
24.11.2020;8:54:53;481.92;44.20;14.84;754.44;1.57;1.93;3.03
24.11.2020;8:55:53;404.46;44.08;14.84;754.44;1.38;1.62;2.24
24.11.2020;8:56:53;353.38;44.07;14.82;754.45;1.18;1.27;1.50
24.11.2020;8:57:53;352.96;44.09;14.82;754.48;1.18;1.28;1.51
24.11.2020;8:58:53;389.58;44.35;14.83;754.46;1.26;1.42;1.78
24.11.2020;8:59:53;425.87;44.19;14.87;754.46;1.36;1.58;2.15
24.11.2020;9:00:53;432.22;44.26;14.89;754.48;1.39;1.63;2.26
24.11.2020;9:01:53;408.70;44.08;14.87;754.48;1.27;1.43;1.81
24.11.2020;9:02:53;431.17;44.13;14.88;754.45;1.27;1.42;1.80
24.11.2020;9:03:53;513.45;44.00;14.89;754.46;1.51;1.83;2.76
24.11.2020;9:04:53;554.36;43.99;14.88;754.46;1.58;1.95;3.08
24.11.2020;9:05:53;608.04;43.88;14.89;754.44;1.68;2.09;3.51
24.11.2020;9:06:53;668.04;43.77;14.89;754.43;1.86;2.31;4.28
24.11.2020;9:07:53;650.25;43.88;14.91;754.47;1.78;2.25;3.99
24.11.2020;9:08:53;685.41;44.09;14.96;754.46;1.94;2.45;4.75
24.11.2020;9:09:53;724.72;43.78;14.98;754.46;2.10;2.76;5.79
24.11.2020;9:10:53;730.96;43.70;14.99;754.47;2.16;2.87;6.18
24.11.2020;9:11:53;682.37;43.76;15.04;754.48;2.06;2.67;5.49
24.11.2020;9:12:54;660.93;43.53;15.03;754.49;1.99;2.54;5.06
24.11.2020;9:13:54;647.88;43.45;14.97;754.50;1.96;2.48;4.84
24.11.2020;9:14:54;647.75;43.48;14.97;754.50;1.93;2.42;4.67
24.11.2020;9:15:54;690.82;43.80;15.03;754.50;2.03;2.62;5.31
24.11.2020;9:16:54;755.33;43.81;15.06;754.50;2.18;2.91;6.33
24.11.2020;9:17:54;764.78;43.48;15.10;754.51;2.22;2.96;6.57
24.11.2020;9:18:54;829.58;43.33;15.10;754.51;2.45;3.36;8.24
24.11.2020;9:19:54;807.57;43.32;15.09;754.49;2.42;3.30;7.99
24.11.2020;9:20:54;813.02;43.28;15.12;754.52;2.40;3.27;7.84
24.11.2020;9:21:54;838.39;43.32;15.14;754.51;2.43;3.31;8.06
24.11.2020;9:22:54;857.13;43.21;15.17;754.52;2.46;3.37;8.30
24.11.2020;9:23:54;853.56;43.27;15.20;754.53;2.40;3.28;7.89
24.11.2020;9:24:54;861.19;43.12;15.21;754.54;2.36;3.20;7.56
24.11.2020;9:25:54;806.74;42.98;15.19;754.55;2.14;2.83;6.07
24.11.2020;9:26:54;745.04;43.07;15.17;754.54;1.93;2.42;4.67
24.11.2020;9:27:54;782.57;43.07;15.18;754.54;2.03;2.61;5.31
24.11.2020;9:28:54;866.12;43.14;15.19;754.55;2.27;3.06;6.95
24.11.2020;9:29:54;995.04;43.13;15.22;754.54;2.66;3.69;9.81
24.11.2020;9:30:54;1009.69;43.25;15.31;754.54;2.71;3.79;10.26
24.11.2020;9:31:54;962.29;43.12;15.36;754.56;2.53;3.48;8.79
24.11.2020;9:32:54;938.67;42.79;15.36;754.56;2.47;3.38;8.35
24.11.2020;9:33:54;959.67;42.68;15.32;754.56;2.45;3.34;8.18
24.11.2020;9:34:54;953.54;42.64;15.28;754.58;2.47;3.39;8.35
24.11.2020;9:35:54;912.37;43.05;15.30;754.57;2.40;3.27;7.87
24.11.2020;9:36:54;1131.90;42.64;15.32;754.57;2.95;4.18;12.36
24.11.2020;9:37:55;1304.59;42.57;15.39;754.60;3.41;4.94;16.82
24.11.2020;9:38:55;1210.39;42.36;15.43;754.61;3.37;4.87;16.41
24.11.2020;9:39:55;1030.29;42.28;15.39;754.62;3.05;4.33;13.19
24.11.2020;9:40:55;930.58;42.37;15.38;754.65;2.73;3.81;10.39
24.11.2020;9:41:55;893.69;42.49;15.37;754.67;2.58;3.57;9.21
24.11.2020;9:42:55;1010.40;42.81;15.43;754.66;2.86;4.03;11.52
24.11.2020;9:43:55;867.39;42.47;15.46;754.66;2.62;3.63;9.50
24.11.2020;9:44:55;567.39;42.52;15.42;754.66;1.79;2.26;4.05
24.11.2020;9:45:55;572.71;42.45;15.31;754.67;1.69;2.11;3.55
24.11.2020;9:46:55;647.26;42.57;15.27;754.68;1.94;2.46;4.78
24.11.2020;9:47:55;609.82;42.62;15.22;754.69;1.86;2.33;4.34
24.11.2020;9:48:55;579.11;42.71;15.20;754.70;1.79;2.25;4.02
24.11.2020;9:49:55;587.03;42.90;15.22;754.70;1.76;2.23;3.94
24.11.2020;9:50:55;592.07;42.94;15.17;754.68;1.71;2.16;3.70
24.11.2020;9:51:55;714.90;42.93;15.22;754.69;1.90;2.37;4.50
24.11.2020;9:52:55;808.04;43.09;15.24;754.68;2.05;2.66;5.46
24.11.2020;9:53:55;1037.11;42.82;15.27;754.68;2.64;3.66;9.66
24.11.2020;9:54:55;1180.21;42.69;15.32;754.68;3.08;4.38;13.50
24.11.2020;9:55:55;1127.49;42.64;15.39;754.71;3.00;4.26;12.80
24.11.2020;9:56:55;1222.15;42.78;15.46;754.70;3.18;4.57;14.53
24.11.2020;9:57:55;1298.47;42.67;15.55;754.65;3.33;4.81;16.00
24.11.2020;9:58:55;1148.96;42.19;15.54;754.66;3.11;4.44;13.80
24.11.2020;9:59:55;1120.65;42.15;15.52;754.68;3.06;4.37;13.39
24.11.2020;10:00:55;1143.15;42.25;15.58;754.66;3.13;4.49;14.06
24.11.2020;10:01:55;1209.72;42.01;15.61;754.67;3.17;4.55;14.41
24.11.2020;10:02:56;981.30;42.11;15.62;754.66;2.83;3.98;11.26
24.11.2020;10:03:56;907.28;41.93;15.61;754.67;2.62;3.63;9.54
24.11.2020;10:04:56;922.03;41.90;15.59;754.70;2.56;3.54;9.06
24.11.2020;10:05:56;894.74;42.18;15.61;754.66;2.59;3.58;9.25
24.11.2020;10:06:56;764.00;41.83;15.56;754.64;2.28;3.08;7.02
24.11.2020;10:07:56;831.87;42.00;15.54;754.67;2.36;3.19;7.53
24.11.2020;10:08:56;843.83;42.00;15.55;754.66;2.40;3.27;7.84
24.11.2020;10:09:56;719.22;41.80;15.47;754.68;2.12;2.79;5.93
24.11.2020;10:10:56;739.51;42.03;15.46;754.67;2.12;2.79;5.91
24.11.2020;10:11:56;822.78;42.21;15.48;754.69;2.36;3.21;7.58
24.11.2020;10:12:56;945.22;42.18;15.48;754.71;2.60;3.61;9.40
24.11.2020;10:13:56;872.22;42.07;15.50;754.71;2.50;3.44;8.59
24.11.2020;10:14:56;851.91;42.05;15.49;754.72;2.48;3.40;8.43
24.11.2020;10:15:56;869.60;41.94;15.44;754.73;2.42;3.30;7.98
24.11.2020;10:16:56;1124.15;41.92;15.43;754.72;2.96;4.19;12.41
24.11.2020;10:17:56;1116.22;41.92;15.44;754.72;3.02;4.30;13.00
24.11.2020;10:18:56;974.81;42.21;15.51;754.73;2.71;3.77;10.22
24.11.2020;10:19:56;967.64;41.96;15.51;754.72;2.67;3.70;9.86
24.11.2020;10:20:56;900.63;41.88;15.49;754.75;2.52;3.46;8.73
24.11.2020;10:21:56;1042.42;41.83;15.45;754.74;2.77;3.87;10.69
24.11.2020;10:22:56;1253.04;41.79;15.44;754.75;3.16;4.54;14.36
24.11.2020;10:23:56;1166.20;41.76;15.50;754.75;3.08;4.39;13.51
24.11.2020;10:24:56;1317.92;41.90;15.56;754.73;3.31;4.77;15.78
24.11.2020;10:25:56;1361.50;42.06;15.64;754.74;3.35;4.84;16.20
24.11.2020;10:26:57;1215.32;41.81;15.74;754.73;3.13;4.48;14.00
24.11.2020;10:27:57;1201.10;41.41;15.70;754.73;3.10;4.43;13.74
24.11.2020;10:28:57;1193.80;41.40;15.69;754.72;3.13;4.47;13.99
24.11.2020;10:29:57;1214.44;41.38;15.62;754.72;3.08;4.41;13.59
24.11.2020;10:30:57;1400.64;41.35;15.62;754.71;3.37;4.87;16.38
24.11.2020;10:31:57;1474.97;41.57;15.72;754.72;3.53;5.14;18.11
24.11.2020;10:32:57;1344.83;41.39;15.79;754.72;3.32;4.79;15.92
24.11.2020;10:33:57;1327.67;41.20;15.81;754.71;3.28;4.74;15.57
24.11.2020;10:34:57;1279.36;41.38;15.82;754.72;3.19;4.59;14.64
24.11.2020;10:35:57;1234.67;41.14;15.79;754.72;3.09;4.42;13.67
24.11.2020;10:36:57;1179.19;41.18;15.79;754.71;2.98;4.23;12.59
24.11.2020;10:37:57;1165.60;41.15;15.77;754.72;2.97;4.22;12.53
24.11.2020;10:38:57;1127.61;41.48;15.77;754.73;2.84;3.98;11.30
24.11.2020;10:39:57;1194.71;41.32;15.84;754.73;2.95;4.18;12.36
24.11.2020;10:40:57;1272.40;41.19;15.83;754.76;3.11;4.45;13.84
24.11.2020;10:41:57;1284.18;41.05;15.82;754.76;3.18;4.57;14.54
24.11.2020;10:42:57;1274.49;41.23;15.85;754.77;3.19;4.59;14.64
24.11.2020;10:43:57;1269.22;41.07;15.85;754.75;3.17;4.55;14.43
24.11.2020;10:44:57;1312.15;40.91;15.83;754.75;3.24;4.65;15.06
24.11.2020;10:45:57;1491.37;41.00;15.89;754.74;3.50;5.11;17.89
24.11.2020;10:46:57;1369.76;41.06;15.98;754.76;3.31;4.79;15.88
24.11.2020;10:47:57;1165.65;40.79;16.00;754.75;2.93;4.14;12.13
24.11.2020;10:48:57;1138.93;40.93;15.97;754.77;2.85;4.02;11.44
24.11.2020;10:49:58;1250.63;41.00;15.99;754.70;3.10;4.44;13.76
24.11.2020;10:50:58;1316.81;40.71;15.93;754.74;3.31;4.77;15.80
24.11.2020;10:51:58;1211.04;40.61;15.86;754.76;3.05;4.36;13.29
24.11.2020;10:52:58;1267.63;40.65;15.83;754.78;3.14;4.50;14.12
24.11.2020;10:53:58;1311.99;40.66;15.85;754.77;3.25;4.68;15.23
24.11.2020;10:54:58;1352.82;41.20;15.93;754.77;3.39;4.92;16.68
24.11.2020;10:55:58;1291.05;40.98;16.02;754.78;3.24;4.66;15.08
24.11.2020;10:56:58;1313.04;40.58;15.98;754.79;3.23;4.66;15.06
24.11.2020;10:57:58;1341.49;40.61;15.99;754.82;3.29;4.74;15.59
24.11.2020;10:58:58;1307.09;40.60;15.97;754.81;3.22;4.63;14.88
24.11.2020;10:59:58;1307.90;40.46;15.93;754.82;3.20;4.60;14.74
24.11.2020;11:00:58;1290.07;40.41;15.89;754.80;3.17;4.55;14.42
24.11.2020;11:01:58;1368.72;40.43;15.88;754.81;3.35;4.84;16.19
24.11.2020;11:02:58;1469.75;40.47;15.98;754.80;3.55;5.19;18.44
24.11.2020;11:03:58;1350.28;40.42;16.01;754.80;3.43;4.98;17.08
24.11.2020;11:04:58;1082.51;40.33;15.90;754.79;3.02;4.29;12.95
24.11.2020;11:05:58;957.37;40.54;15.91;754.83;2.72;3.79;10.32
24.11.2020;11:06:58;892.01;40.63;15.89;754.86;2.54;3.51;8.94
24.11.2020;11:07:58;789.27;40.55;15.81;754.88;2.29;3.09;7.08
24.11.2020;11:08:58;797.51;40.49;15.72;754.90;2.28;3.06;6.98
24.11.2020;11:09:58;927.69;40.56;15.67;754.91;2.51;3.45;8.67
24.11.2020;11:10:58;1095.16;40.60;15.67;754.91;2.86;4.03;11.50
24.11.2020;11:11:58;1114.94;40.98;15.76;754.90;2.91;4.12;11.98
24.11.2020;11:12:58;1083.67;40.37;15.69;754.88;2.83;3.97;11.23
24.11.2020;11:13:59;1124.04;40.35;15.65;754.88;2.92;4.12;12.03
24.11.2020;11:14:59;1162.46;40.39;15.64;754.90;2.97;4.21;12.53
24.11.2020;11:15:59;1209.70;40.47;15.66;754.87;3.07;4.39;13.48
24.11.2020;11:16:59;1221.93;40.45;15.69;754.89;3.15;4.50;14.18
24.11.2020;11:17:59;1168.59;40.83;15.78;754.90;3.05;4.35;13.26
24.11.2020;11:18:59;1175.94;40.62;15.84;754.89;2.99;4.23;12.64
24.11.2020;11:19:59;1282.14;40.54;15.84;754.93;3.16;4.53;14.31
24.11.2020;11:20:59;1316.12;40.34;15.85;754.91;3.19;4.59;14.67
24.11.2020;11:21:59;1289.71;40.27;15.89;754.93;3.14;4.49;14.08
24.11.2020;11:22:59;1279.42;40.20;15.88;754.92;3.11;4.45;13.85
24.11.2020;11:23:59;1338.71;40.18;15.87;754.90;3.22;4.63;14.94
24.11.2020;11:24:59;1342.71;40.31;15.91;754.90;3.25;4.68;15.20
24.11.2020;11:25:59;1382.91;40.05;15.96;754.90;3.32;4.81;15.95
24.11.2020;11:26:59;1448.67;40.03;15.98;754.90;3.43;4.98;17.10
24.11.2020;11:27:59;1505.93;40.14;16.06;754.88;3.53;5.15;18.17
24.11.2020;11:28:59;1561.67;39.94;16.14;754.87;3.60;5.27;18.98
24.11.2020;11:29:59;1552.95;39.84;16.17;754.86;3.58;5.24;18.73
24.11.2020;11:30:59;1537.81;39.73;16.23;754.87;3.53;5.15;18.16
24.11.2020;11:31:59;1541.19;39.87;16.29;754.86;3.63;5.33;19.36
24.11.2020;11:32:59;1318.66;39.48;16.28;754.86;3.21;4.61;14.81
24.11.2020;11:33:59;1337.57;39.43;16.19;754.86;3.22;4.63;14.89
24.11.2020;11:34:59;1238.35;39.43;16.14;754.87;3.07;4.37;13.42
24.11.2020;11:36:00;1182.01;39.33;16.06;754.86;2.92;4.13;12.03
24.11.2020;11:37:00;1108.85;39.38;16.01;754.85;2.69;3.74;10.07
24.11.2020;11:38:00;1142.16;39.43;15.93;754.85;2.71;3.78;10.26
24.11.2020;11:39:00;1109.46;39.64;15.97;754.85;2.65;3.69;9.77
24.11.2020;11:40:00;1107.49;39.58;15.93;754.86;2.63;3.65;9.59
24.11.2020;11:41:00;1057.35;39.71;15.91;754.84;2.50;3.43;8.56
24.11.2020;11:42:00;979.63;39.94;15.90;754.86;2.32;3.14;7.30
24.11.2020;11:43:00;940.97;39.96;15.90;754.84;2.16;2.88;6.23
24.11.2020;11:44:00;900.96;40.00;15.88;754.87;2.07;2.69;5.58
24.11.2020;11:45:00;939.58;40.00;15.83;754.87;2.16;2.86;6.16
24.11.2020;11:46:00;975.64;40.05;15.78;754.90;2.25;3.02;6.78
24.11.2020;11:47:00;1025.07;40.33;15.78;754.91;2.35;3.19;7.51
24.11.2020;11:48:00;1072.76;40.14;15.75;754.89;2.50;3.44;8.59
24.11.2020;11:49:00;1231.29;40.08;15.68;754.88;2.95;4.18;12.31
24.11.2020;11:50:00;1382.94;40.26;15.74;754.92;3.21;4.60;14.77
24.11.2020;11:51:00;1271.40;40.20;15.83;754.91;3.15;4.51;14.21
24.11.2020;11:52:00;1118.43;40.22;15.84;754.89;2.72;3.81;10.35
24.11.2020;11:53:00;1409.89;40.41;15.86;754.90;3.44;4.99;17.15
24.11.2020;11:54:00;1500.61;39.84;15.81;754.88;3.59;5.24;18.81
24.11.2020;11:55:00;1497.16;40.25;15.89;754.88;3.57;5.22;18.65
24.11.2020;11:56:00;1400.42;40.63;16.05;754.85;3.40;4.93;16.75
24.11.2020;11:57:00;1354.35;39.79;16.07;754.87;3.32;4.80;15.96
24.11.2020;11:58:00;1330.64;40.10;16.10;754.86;3.30;4.77;15.77
24.11.2020;11:59:00;1305.37;39.77;16.15;754.86;3.25;4.68;15.20
24.11.2020;12:00:01;1261.62;39.77;16.16;754.86;3.18;4.57;14.54
24.11.2020;12:01:01;1131.67;39.73;16.13;754.87;2.97;4.22;12.53
24.11.2020;12:02:01;1019.94;40.26;16.16;754.86;2.77;3.89;10.78
24.11.2020;12:03:01;1022.15;39.99;16.18;754.83;2.76;3.86;10.66
24.11.2020;12:04:01;1032.76;39.71;16.12;754.85;2.77;3.86;10.67
24.11.2020;12:05:01;1042.81;39.61;16.11;754.85;2.81;3.95;11.09
24.11.2020;12:06:01;955.50;39.62;16.07;754.82;2.66;3.71;9.87
24.11.2020;12:07:01;998.50;39.55;16.06;754.80;2.71;3.79;10.28
24.11.2020;12:08:01;1012.38;39.41;16.01;754.80;2.74;3.82;10.46
24.11.2020;12:09:01;1068.08;39.43;16.02;754.80;2.87;4.05;11.62
24.11.2020;12:10:01;1105.97;39.35;16.01;754.81;2.91;4.11;11.94
24.11.2020;12:11:01;1178.10;39.48;16.07;754.83;3.06;4.37;13.36
24.11.2020;12:12:01;1155.92;39.49;16.10;754.83;3.02;4.31;13.00
24.11.2020;12:13:01;1264.94;39.71;16.14;754.81;3.17;4.55;14.43
24.11.2020;12:14:01;1323.05;39.54;16.20;754.80;3.30;4.78;15.76
24.11.2020;12:15:01;1316.32;39.18;16.12;754.81;3.29;4.74;15.58
24.11.2020;12:16:01;1275.97;38.79;16.02;754.82;3.24;4.66;15.08
24.11.2020;12:17:01;1310.40;38.69;15.94;754.81;3.24;4.66;15.13
24.11.2020;12:18:01;1492.56;38.86;15.96;754.82;3.45;5.02;17.34
24.11.2020;12:19:01;1512.68;38.85;16.03;754.83;3.53;5.15;18.16
24.11.2020;12:20:01;1500.21;38.84;16.04;754.79;3.51;5.11;17.92
24.11.2020;12:21:01;1491.43;38.63;16.08;754.80;3.49;5.09;17.76
24.11.2020;12:22:01;1365.82;39.04;16.13;754.78;3.29;4.75;15.61
24.11.2020;12:23:02;1411.47;38.88;16.19;754.79;3.38;4.89;16.50
24.11.2020;12:24:02;1221.09;38.93;16.23;754.78;2.97;4.22;12.54
24.11.2020;12:25:02;1204.38;39.15;16.23;754.79;2.91;4.12;12.01
24.11.2020;12:26:02;1272.53;38.82;16.21;754.79;3.08;4.39;13.51
24.11.2020;12:27:02;1218.07;38.98;16.22;754.80;3.01;4.28;12.89
24.11.2020;12:28:02;1183.99;38.61;16.11;754.79;2.91;4.11;11.99
24.11.2020;12:29:02;1226.03;38.43;16.07;754.78;2.97;4.21;12.48
24.11.2020;12:30:02;1237.67;38.40;16.02;754.80;3.04;4.33;13.19
24.11.2020;12:31:02;1211.79;38.56;16.03;754.79;3.06;4.37;13.36
24.11.2020;12:32:02;1218.94;38.83;16.08;754.75;3.09;4.42;13.67
24.11.2020;12:33:02;1233.08;38.60;16.07;754.77;3.19;4.59;14.65
24.11.2020;12:34:02;1193.64;38.59;16.05;754.77;3.18;4.56;14.48
24.11.2020;12:35:02;1065.06;38.44;15.95;754.78;2.89;4.08;11.78
24.11.2020;12:36:02;898.42;38.68;15.96;754.79;2.61;3.62;9.43
24.11.2020;12:37:02;793.69;38.74;15.96;754.80;2.43;3.32;8.05
24.11.2020;12:38:02;710.36;39.17;15.93;754.81;2.22;2.97;6.60
24.11.2020;12:39:02;765.79;38.95;15.91;754.80;2.49;3.42;8.51
24.11.2020;12:40:02;855.94;39.00;15.90;754.83;2.80;3.93;10.99
24.11.2020;12:41:02;732.53;39.16;15.89;754.80;2.28;3.07;6.99
24.11.2020;12:42:02;771.18;38.93;15.83;754.80;2.47;3.39;8.38
24.11.2020;12:43:02;799.25;39.30;15.88;754.81;2.49;3.42;8.51
24.11.2020;12:44:02;952.88;39.55;15.94;754.82;2.72;3.81;10.37
24.11.2020;12:45:02;1090.38;39.09;15.98;754.83;2.99;4.25;12.71
24.11.2020;12:46:03;996.20;39.03;16.01;754.82;2.80;3.94;11.04
24.11.2020;12:47:03;939.40;39.22;16.03;754.82;2.67;3.72;9.95
24.11.2020;12:48:03;895.17;39.21;16.05;754.84;2.66;3.71;9.85
24.11.2020;12:49:03;859.57;39.34;16.06;754.85;2.48;3.40;8.42
24.11.2020;12:50:03;880.00;38.72;16.00;754.83;2.53;3.48;8.81
24.11.2020;12:51:03;853.79;39.36;16.04;754.82;2.49;3.42;8.49
24.11.2020;12:52:03;817.17;38.86;16.07;754.82;2.38;3.24;7.72
24.11.2020;12:53:03;762.23;38.97;16.08;754.84;2.27;3.06;6.94
24.11.2020;12:54:03;735.65;39.32;16.08;754.84;2.18;2.91;6.36
24.11.2020;12:55:03;786.72;39.72;16.14;754.85;2.28;3.06;6.99
24.11.2020;12:56:03;755.47;39.15;16.13;754.83;2.23;2.99;6.68
24.11.2020;12:57:03;631.65;38.98;16.13;754.83;1.93;2.46;4.74
24.11.2020;12:58:03;512.67;38.54;16.03;754.86;1.59;1.96;3.12
24.11.2020;12:59:03;466.11;38.81;15.99;754.87;1.45;1.72;2.51
24.11.2020;13:00:03;444.15;38.70;15.95;754.85;1.37;1.60;2.19
24.11.2020;13:01:03;472.22;38.65;15.91;754.86;1.44;1.72;2.48
24.11.2020;13:02:03;530.51;38.72;15.90;754.84;1.59;1.95;3.11
24.11.2020;13:03:03;619.66;38.98;15.91;754.85;1.85;2.31;4.27
24.11.2020;13:04:03;694.39;38.94;15.92;754.87;2.02;2.58;5.21
24.11.2020;13:05:03;815.86;39.30;15.99;754.83;2.30;3.11;7.17
24.11.2020;13:06:03;877.65;38.83;15.98;754.84;2.43;3.32;8.08
24.11.2020;13:07:03;955.43;38.92;16.03;754.85;2.59;3.59;9.31
24.11.2020;13:08:03;1049.38;38.58;16.02;754.84;2.80;3.93;11.02
24.11.2020;13:09:03;1062.42;38.74;16.08;754.83;2.85;4.02;11.46
24.11.2020;13:10:03;1080.11;38.49;16.10;754.83;2.87;4.05;11.64
24.11.2020;13:11:04;1127.97;38.27;16.10;754.81;2.95;4.18;12.34
24.11.2020;13:12:04;1136.24;38.24;16.10;754.81;2.96;4.20;12.44
24.11.2020;13:13:04;1117.25;38.36;16.14;754.80;2.93;4.15;12.14
24.11.2020;13:14:04;1119.44;38.63;16.22;754.81;2.95;4.18;12.31
24.11.2020;13:15:04;1079.17;38.43;16.25;754.81;2.87;4.05;11.65
24.11.2020;13:16:04;1018.56;38.56;16.25;754.80;2.78;3.90;10.84
24.11.2020;13:17:04;935.47;38.35;16.20;754.82;2.62;3.64;9.55
24.11.2020;13:18:04;976.37;38.50;16.24;754.83;2.66;3.70;9.84
24.11.2020;13:19:04;1104.82;38.18;16.23;754.79;2.87;4.05;11.61
24.11.2020;13:20:04;1171.98;37.97;16.19;754.79;2.99;4.25;12.69
24.11.2020;13:21:04;1188.93;37.93;16.21;754.80;3.03;4.31;13.04
24.11.2020;13:22:04;1189.50;38.20;16.27;754.80;3.02;4.30;12.99
24.11.2020;13:23:04;1241.89;38.02;16.31;754.83;3.19;4.58;14.60
24.11.2020;13:24:04;1262.43;37.90;16.32;754.84;3.29;4.76;15.68
24.11.2020;13:25:04;1294.77;37.80;16.34;754.82;3.34;4.83;16.11
24.11.2020;13:26:04;1335.78;37.89;16.41;754.82;3.39;4.92;16.68
24.11.2020;13:27:04;1378.02;37.77;16.44;754.83;3.44;5.00;17.21
24.11.2020;13:28:04;1397.63;37.56;16.46;754.79;3.47;5.05;17.55
24.11.2020;13:29:04;1387.28;37.36;16.46;754.80;3.48;5.07;17.64
24.11.2020;13:30:04;1360.85;37.81;16.52;754.81;3.47;5.03;17.45
24.11.2020;13:31:04;1302.24;37.81;16.59;754.81;3.34;4.83;16.12
24.11.2020;13:32:04;1065.71;37.51;16.57;754.78;2.76;3.86;10.63
24.11.2020;13:33:04;1088.79;37.33;16.51;754.78;2.83;3.98;11.23
24.11.2020;13:34:04;1128.06;37.33;16.49;754.79;2.94;4.18;12.29
24.11.2020;13:35:05;1169.93;37.40;16.51;754.78;3.07;4.37;13.43
24.11.2020;13:36:05;1207.32;37.23;16.51;754.78;3.21;4.61;14.83
24.11.2020;13:37:05;1152.61;37.13;16.48;754.77;3.08;4.38;13.48
24.11.2020;13:38:05;1180.25;37.34;16.51;754.78;3.09;4.42;13.65
24.11.2020;13:39:05;1313.62;37.48;16.57;754.76;3.44;5.01;17.23
24.11.2020;13:40:05;1266.57;37.90;16.65;754.76;3.39;4.92;16.71
24.11.2020;13:41:05;1269.67;37.45;16.70;754.75;3.42;4.96;16.95
24.11.2020;13:42:05;1277.29;37.94;16.75;754.75;3.43;4.99;17.10
24.11.2020;13:43:05;1315.17;37.58;16.80;754.77;3.38;4.90;16.57
24.11.2020;13:44:05;1232.50;37.95;16.87;754.77;3.30;4.77;15.76
24.11.2020;13:45:05;1159.01;37.09;16.85;754.77;3.28;4.73;15.50
24.11.2020;13:46:05;1244.24;37.03;16.83;754.78;3.37;4.88;16.43
24.11.2020;13:47:05;1356.36;37.29;16.87;754.80;3.50;5.10;17.84
24.11.2020;13:48:05;1339.25;36.80;16.88;754.81;3.38;4.90;16.54
24.11.2020;13:49:05;1320.34;36.90;16.87;754.82;3.35;4.83;16.16
24.11.2020;13:50:05;1232.88;36.86;16.90;754.82;3.16;4.54;14.36
24.11.2020;13:51:05;1105.69;36.53;16.81;754.80;2.92;4.14;12.09
24.11.2020;13:52:05;1157.63;36.80;16.77;754.82;3.08;4.39;13.52
24.11.2020;13:53:05;1110.49;36.95;16.82;754.83;2.99;4.25;12.69
24.11.2020;13:54:05;1118.80;37.39;16.88;754.84;2.96;4.20;12.45
24.11.2020;13:55:05;1146.17;36.84;16.84;754.84;3.01;4.27;12.83
24.11.2020;13:56:05;1118.10;36.62;16.77;754.84;2.93;4.15;12.16
24.11.2020;13:57:06;1042.61;36.92;16.75;754.85;2.75;3.85;10.59
24.11.2020;13:58:06;1000.35;36.85;16.70;754.86;2.71;3.78;10.24
24.11.2020;13:59:06;917.03;36.78;16.65;754.89;2.56;3.54;9.08
24.11.2020;14:00:06;830.07;37.28;16.62;754.90;2.32;3.13;7.24
24.11.2020;14:01:06;785.08;37.55;16.63;754.89;2.17;2.90;6.29
24.11.2020;14:02:06;764.45;37.79;16.63;754.88;2.11;2.77;5.85
24.11.2020;14:03:06;760.99;37.46;16.60;754.87;2.11;2.79;5.89
24.11.2020;14:04:06;820.54;38.15;16.61;754.91;2.26;3.03;6.83
24.11.2020;14:05:06;887.79;37.86;16.59;754.88;2.45;3.35;8.20
24.11.2020;14:06:06;886.71;37.42;16.58;754.87;2.47;3.39;8.38
24.11.2020;14:07:06;840.13;37.68;16.53;754.87;2.35;3.19;7.51
24.11.2020;14:08:06;822.75;37.30;16.49;754.87;2.33;3.16;7.36
24.11.2020;14:09:06;772.49;37.17;16.44;754.91;2.24;3.01;6.76
24.11.2020;14:10:06;699.53;37.25;16.41;754.92;2.06;2.68;5.53
24.11.2020;14:11:06;706.16;37.68;16.39;754.95;2.09;2.73;5.70
24.11.2020;14:12:06;741.90;38.24;16.43;754.95;2.18;2.91;6.33
24.11.2020;14:13:06;801.65;38.33;16.45;754.95;2.29;3.09;7.10
24.11.2020;14:14:06;869.97;38.24;16.46;754.94;2.43;3.32;8.06
24.11.2020;14:15:06;909.21;37.81;16.46;754.92;2.51;3.45;8.64
24.11.2020;14:16:06;916.26;38.15;16.49;754.91;2.52;3.48;8.78
24.11.2020;14:17:06;887.19;38.40;16.53;754.91;2.48;3.41;8.46
24.11.2020;14:18:06;861.17;37.95;16.54;754.92;2.42;3.28;7.93
24.11.2020;14:19:06;740.59;37.98;16.52;754.91;2.10;2.75;5.77
24.11.2020;14:20:06;627.83;37.51;16.43;754.92;1.76;2.23;3.93
24.11.2020;14:21:06;598.81;37.55;16.37;754.95;1.65;2.04;3.36
24.11.2020;14:22:07;584.54;38.19;16.36;754.96;1.63;2.02;3.29
24.11.2020;14:23:07;587.37;37.61;16.34;754.96;1.77;2.23;3.94
24.11.2020;14:24:07;665.39;37.81;16.29;754.95;2.20;2.93;6.44
24.11.2020;14:25:07;584.19;38.20;16.34;754.95;1.77;2.24;3.96
24.11.2020;14:26:07;608.08;37.67;16.30;754.97;1.85;2.31;4.28
24.11.2020;14:27:07;670.25;38.04;16.31;754.93;1.99;2.54;5.07
24.11.2020;14:28:07;664.31;38.24;16.33;754.94;2.00;2.56;5.13
24.11.2020;14:29:07;657.14;37.90;16.29;754.94;1.96;2.49;4.89
24.11.2020;14:30:07;676.67;38.44;16.33;754.94;2.03;2.60;5.28
24.11.2020;14:31:07;725.82;37.67;16.29;754.93;2.14;2.83;6.05
24.11.2020;14:32:07;812.29;37.74;16.30;754.93;2.33;3.16;7.36
24.11.2020;14:33:07;837.15;37.93;16.34;754.94;2.39;3.23;7.71
24.11.2020;14:34:07;844.31;37.52;16.34;754.95;2.40;3.27;7.86
24.11.2020;14:35:07;825.76;37.28;16.32;754.95;2.32;3.15;7.30
24.11.2020;14:36:07;797.68;37.22;16.30;754.97;2.21;2.94;6.47
24.11.2020;14:37:07;719.15;37.38;16.27;754.99;1.98;2.51;4.98
24.11.2020;14:38:07;664.46;37.49;16.26;754.99;1.80;2.26;4.05
24.11.2020;14:39:07;669.07;37.29;16.25;754.99;1.76;2.23;3.93
24.11.2020;14:40:07;675.01;37.21;16.20;755.01;1.81;2.28;4.13
24.11.2020;14:41:07;688.10;37.76;16.20;755.00;1.89;2.39;4.51
24.11.2020;14:42:07;731.83;37.45;16.22;755.00;2.09;2.72;5.70
24.11.2020;14:43:07;763.39;37.00;16.16;755.01;2.25;3.01;6.75
24.11.2020;14:44:07;732.56;37.06;16.13;755.00;2.13;2.79;5.95
24.11.2020;14:45:07;757.54;36.81;16.08;755.02;2.28;3.06;6.98
24.11.2020;14:46:07;673.36;37.18;16.11;755.04;1.90;2.38;4.53
24.11.2020;14:47:08;630.36;37.42;16.14;755.04;1.78;2.23;3.96
24.11.2020;14:48:08;608.87;37.22;16.09;755.02;1.73;2.19;3.80
24.11.2020;14:49:08;623.36;37.92;16.09;755.02;1.82;2.28;4.15
24.11.2020;14:50:08;701.75;37.98;16.14;755.02;2.08;2.71;5.62
24.11.2020;14:51:08;771.69;38.06;16.20;755.03;2.31;3.12;7.21
24.11.2020;14:52:08;763.79;38.09;16.23;755.03;2.22;2.97;6.58
24.11.2020;14:53:08;781.77;37.75;16.24;755.00;2.24;3.00;6.71
24.11.2020;14:54:08;805.50;37.40;16.22;755.00;2.31;3.12;7.23
24.11.2020;14:55:08;722.16;37.75;16.22;755.01;2.04;2.63;5.35
24.11.2020;14:56:08;685.97;37.91;16.25;755.00;1.92;2.45;4.70
24.11.2020;14:57:08;691.61;37.49;16.23;755.01;2.00;2.57;5.13
24.11.2020;14:58:08;658.51;37.75;16.24;755.00;1.74;2.19;3.81
24.11.2020;14:59:08;689.96;37.90;16.24;755.00;1.82;2.31;4.20
24.11.2020;15:00:08;746.10;37.71;16.23;754.99;2.13;2.80;5.96
24.11.2020;15:01:08;734.47;37.77;16.26;755.01;2.20;2.93;6.43
24.11.2020;15:02:08;668.04;38.08;16.26;755.02;2.00;2.57;5.13
24.11.2020;15:03:08;608.68;38.85;16.28;755.02;1.76;2.23;3.94
24.11.2020;15:04:08;612.00;38.91;16.32;755.03;1.84;2.30;4.24
24.11.2020;15:05:08;605.66;37.79;16.30;755.00;1.84;2.30;4.22
24.11.2020;15:06:08;631.50;37.42;16.22;755.03;1.87;2.33;4.36
24.11.2020;15:07:08;654.32;37.49;16.18;755.05;1.97;2.50;4.91
24.11.2020;15:08:08;619.96;37.19;16.14;755.09;1.86;2.32;4.30
24.11.2020;15:09:08;533.87;37.55;16.12;755.08;1.55;1.90;2.94
24.11.2020;15:10:08;503.84;37.24;16.08;755.10;1.42;1.69;2.40
24.11.2020;15:11:08;474.17;37.09;15.97;755.13;1.23;1.37;1.69
24.11.2020;15:12:09;472.97;37.35;15.93;755.13;1.25;1.40;1.75
24.11.2020;15:13:09;466.99;37.14;15.83;755.14;1.28;1.44;1.84
24.11.2020;15:14:09;470.06;37.41;15.81;755.16;1.32;1.52;2.00
24.11.2020;15:15:09;492.92;37.23;15.76;755.16;1.45;1.73;2.50
24.11.2020;15:16:09;477.90;37.45;15.73;755.19;1.39;1.63;2.26
24.11.2020;15:17:09;438.69;37.19;15.65;755.14;1.26;1.40;1.76
24.11.2020;15:18:09;396.87;37.33;15.62;755.17;1.12;1.18;1.32
24.11.2020;15:19:09;347.26;37.34;15.59;755.18;0.96;0.91;0.87
24.11.2020;15:20:09;324.93;38.09;15.58;755.19;0.88;0.79;0.70
24.11.2020;15:21:09;323.18;37.61;15.53;755.18;0.91;0.82;0.74
24.11.2020;15:22:09;331.20;37.69;15.50;755.22;0.99;0.96;0.96
24.11.2020;15:23:09;327.61;37.68;15.48;755.24;0.98;0.95;0.93
24.11.2020;15:24:09;326.96;37.80;15.45;755.26;0.94;0.88;0.82
24.11.2020;15:25:09;328.10;38.28;15.47;755.26;0.95;0.89;0.85
24.11.2020;15:26:09;306.89;39.07;15.51;755.24;0.87;0.76;0.66
24.11.2020;15:27:09;302.57;38.27;15.51;755.25;0.95;0.89;0.84
24.11.2020;15:28:09;289.25;38.04;15.47;755.25;0.97;0.92;0.89
24.11.2020;15:29:09;277.32;38.02;15.46;755.26;1.00;0.98;0.97
24.11.2020;15:30:09;258.90;38.20;15.45;755.28;0.95;0.90;0.85
24.11.2020;15:31:09;241.94;39.07;15.50;755.26;0.91;0.82;0.74
24.11.2020;15:32:09;227.06;39.18;15.53;755.27;0.86;0.75;0.64
24.11.2020;15:33:09;222.65;38.93;15.53;755.28;0.87;0.77;0.67
24.11.2020;15:34:09;215.10;38.34;15.49;755.28;0.84;0.71;0.60
24.11.2020;15:35:09;206.86;38.32;15.46;755.30;0.80;0.64;0.51
24.11.2020;15:36:09;190.04;38.65;15.47;755.30;0.74;0.53;0.39
24.11.2020;15:37:09;182.71;39.28;15.49;755.31;0.70;0.49;0.34
24.11.2020;15:38:09;187.47;38.32;15.48;755.31;0.75;0.56;0.42
24.11.2020;15:39:10;208.14;38.27;15.46;755.31;0.92;0.84;0.77
24.11.2020;15:40:10;214.93;38.17;15.47;755.30;0.94;0.87;0.82
24.11.2020;15:41:10;207.42;38.07;15.45;755.31;0.87;0.75;0.65
24.11.2020;15:42:10;207.06;38.39;15.45;755.32;0.87;0.77;0.67
24.11.2020;15:43:10;208.69;38.97;15.50;755.31;0.91;0.81;0.73
24.11.2020;15:44:10;210.15;38.96;15.54;755.30;0.91;0.82;0.74
24.11.2020;15:45:10;206.96;39.02;15.54;755.30;0.89;0.80;0.72
24.11.2020;15:46:10;201.95;38.45;15.53;755.29;0.88;0.78;0.69
24.11.2020;15:47:10;186.82;38.06;15.49;755.32;0.77;0.59;0.46
24.11.2020;15:48:10;173.45;38.40;15.49;755.31;0.67;0.44;0.29
24.11.2020;15:49:10;164.75;38.15;15.48;755.32;0.63;0.37;0.23
24.11.2020;15:50:10;157.16;38.43;15.48;755.31;0.60;0.32;0.19
24.11.2020;15:51:10;147.42;38.24;15.45;755.30;0.55;0.25;0.14
24.11.2020;15:52:10;141.06;38.17;15.43;755.29;0.50;0.17;0.08
24.11.2020;15:53:10;136.16;38.18;15.40;755.28;0.46;0.09;0.04
24.11.2020;15:54:10;129.46;38.22;15.38;755.28;0.43;0.02;0.01
24.11.2020;15:55:10;123.94;38.08;15.32;755.28;0.41;0.00;0.00
24.11.2020;15:56:10;117.15;38.03;15.29;755.29;0.38;0.00;0.00
24.11.2020;15:57:10;109.26;38.17;15.28;755.30;0.33;0.00;0.00
24.11.2020;15:58:10;102.78;38.32;15.27;755.29;0.30;0.00;0.00
24.11.2020;15:59:10;95.89;38.28;15.24;755.29;0.27;0.00;0.00
24.11.2020;16:00:10;87.93;38.86;15.26;755.28;0.24;0.00;0.00
24.11.2020;16:01:10;81.54;38.38;15.24;755.28;0.22;0.00;0.00
24.11.2020;16:02:10;76.37;38.36;15.20;755.27;0.21;0.00;0.00
24.11.2020;16:03:10;72.08;38.40;15.17;755.30;0.20;0.00;0.00
24.11.2020;16:04:10;66.50;39.49;15.21;755.31;0.18;0.00;0.00
24.11.2020;16:05:11;60.93;38.76;15.19;755.31;0.16;0.00;0.00
24.11.2020;16:06:11;55.90;38.73;15.17;755.32;0.14;0.00;0.00
24.11.2020;16:07:11;51.55;38.62;15.14;755.35;0.13;0.00;0.00
24.11.2020;16:08:11;47.56;39.10;15.15;755.36;0.11;0.00;0.00
24.11.2020;16:09:11;44.32;38.71;15.11;755.38;0.10;0.00;0.00
24.11.2020;16:10:11;41.40;38.69;15.08;755.41;0.09;0.00;0.00
24.11.2020;16:11:11;38.28;38.58;15.03;755.39;0.08;0.00;0.00
24.11.2020;16:12:11;34.59;38.72;15.02;755.42;0.07;0.00;0.00
24.11.2020;16:13:11;30.65;39.21;15.03;755.43;0.05;0.00;0.00
24.11.2020;16:14:11;27.28;39.31;15.06;755.42;0.04;0.00;0.00
24.11.2020;16:15:11;24.34;39.18;15.05;755.42;0.03;0.00;0.00
24.11.2020;16:16:11;21.79;39.03;15.01;755.44;0.02;0.00;0.00
24.11.2020;16:17:11;19.64;39.50;15.02;755.44;0.02;0.00;0.00
24.11.2020;16:18:11;17.77;39.06;14.98;755.45;0.01;0.00;0.00
24.11.2020;16:19:11;16.32;38.90;14.93;755.44;0.01;0.00;0.00
24.11.2020;16:20:11;14.86;39.44;14.95;755.46;0.00;0.00;0.00
24.11.2020;16:21:11;13.47;39.24;14.94;755.47;0.00;0.00;0.00
24.11.2020;16:22:11;12.18;39.07;14.92;755.49;0.00;0.00;0.00
24.11.2020;16:23:11;11.14;39.39;14.92;755.52;0.00;0.00;0.00
24.11.2020;16:24:11;9.90;39.51;14.93;755.53;0.00;0.00;0.00
24.11.2020;16:25:11;8.83;39.84;14.94;755.55;0.00;0.00;0.00
24.11.2020;16:26:11;7.92;39.63;14.95;755.57;0.00;0.00;0.00
24.11.2020;16:27:11;7.19;39.21;14.90;755.56;0.00;0.00;0.00
24.11.2020;16:28:11;6.64;39.12;14.86;755.59;0.00;0.00;0.00
24.11.2020;16:29:11;5.85;39.18;14.85;755.58;0.00;0.00;0.00
24.11.2020;16:30:11;5.85;39.22;14.82;755.59;0.00;0.00;0.00
24.11.2020;16:31:11;5.10;39.61;14.84;755.57;0.00;0.00;0.00
24.11.2020;16:32:11;5.00;39.42;14.85;755.59;0.00;0.00;0.00
24.11.2020;16:33:11;4.99;39.48;14.85;755.59;0.00;0.00;0.00
24.11.2020;16:34:12;4.17;39.55;14.85;755.62;0.00;0.00;0.00
24.11.2020;16:35:12;4.17;39.97;14.88;755.64;0.00;0.00;0.00
24.11.2020;16:36:12;4.18;39.91;14.89;755.66;0.00;0.00;0.00
24.11.2020;16:37:12;4.17;39.86;14.88;755.68;0.00;0.00;0.00
24.11.2020;16:38:12;3.91;39.59;14.88;755.69;0.00;0.00;0.00
24.11.2020;16:39:12;3.33;39.69;14.87;755.69;0.00;0.00;0.00
24.11.2020;16:40:12;3.33;39.52;14.86;755.69;0.00;0.00;0.00
24.11.2020;16:41:12;3.33;39.48;14.84;755.70;0.00;0.00;0.00
24.11.2020;16:42:12;3.33;39.58;14.86;755.70;0.00;0.00;0.00
24.11.2020;16:43:12;3.33;39.79;14.87;755.70;0.00;0.00;0.00
24.11.2020;16:44:12;3.35;39.98;14.89;755.70;0.00;0.00;0.00
24.11.2020;16:45:12;3.33;40.10;14.88;755.69;0.00;0.00;0.00
24.11.2020;16:46:12;3.33;39.54;14.85;755.69;0.00;0.00;0.00
24.11.2020;16:47:12;3.36;39.52;14.84;755.66;0.00;0.00;0.00
24.11.2020;16:48:12;3.33;39.36;14.81;755.65;0.00;0.00;0.00
24.11.2020;16:49:12;3.33;39.30;14.77;755.64;0.00;0.00;0.00
24.11.2020;16:50:12;3.35;39.66;14.78;755.65;0.00;0.00;0.00
24.11.2020;16:51:12;3.33;39.79;14.80;755.64;0.00;0.00;0.00
24.11.2020;16:52:12;3.33;39.52;14.78;755.63;0.00;0.00;0.00
24.11.2020;16:53:12;3.33;40.11;14.79;755.65;0.00;0.00;0.00
24.11.2020;16:54:12;3.33;39.83;14.80;755.65;0.00;0.00;0.00
24.11.2020;16:55:12;3.33;40.75;14.84;755.66;0.00;0.00;0.00
24.11.2020;16:56:12;3.33;39.86;14.84;755.67;0.00;0.00;0.00
24.11.2020;16:57:12;3.33;39.74;14.82;755.68;0.00;0.00;0.00
24.11.2020;16:58:12;3.35;40.30;14.83;755.71;0.00;0.00;0.00
24.11.2020;16:59:12;3.33;39.86;14.83;755.71;0.00;0.00;0.00
24.11.2020;17:00:12;3.33;40.12;14.83;755.72;0.00;0.00;0.00
24.11.2020;17:01:12;3.36;40.24;14.83;755.73;0.00;0.00;0.00
24.11.2020;17:02:12;3.33;40.48;14.86;755.73;0.00;0.00;0.00
24.11.2020;17:03:13;3.33;40.73;14.88;755.74;0.00;0.00;0.00
24.11.2020;17:04:13;3.35;39.92;14.87;755.75;0.00;0.00;0.00
24.11.2020;17:05:13;3.33;39.68;14.82;755.75;0.00;0.00;0.00
24.11.2020;17:06:13;3.33;40.30;14.84;755.76;0.00;0.00;0.00
24.11.2020;17:07:13;3.33;39.76;14.82;755.77;0.00;0.00;0.00
24.11.2020;17:08:13;3.33;39.74;14.81;755.77;0.00;0.00;0.00
24.11.2020;17:09:13;3.33;40.05;14.81;755.78;0.00;0.00;0.00
24.11.2020;17:10:13;3.33;40.62;14.81;755.78;0.00;0.00;0.00
24.11.2020;17:11:13;3.33;40.48;14.83;755.78;0.00;0.00;0.00
24.11.2020;17:12:13;3.35;40.08;14.82;755.78;0.00;0.00;0.00
24.11.2020;17:13:13;3.33;40.82;14.83;755.79;0.00;0.00;0.00
24.11.2020;17:14:13;3.33;40.29;14.83;755.78;0.00;0.00;0.00
24.11.2020;17:15:13;3.36;40.11;14.82;755.79;0.00;0.00;0.00
24.11.2020;17:16:13;3.33;40.25;14.79;755.80;0.00;0.00;0.00
24.11.2020;17:17:13;3.33;40.28;14.80;755.81;0.00;0.00;0.00
24.11.2020;17:18:13;3.35;40.45;14.81;755.81;0.00;0.00;0.00
24.11.2020;17:19:13;3.33;40.30;14.81;755.80;0.00;0.00;0.00
24.11.2020;17:20:13;3.33;40.81;14.82;755.81;0.00;0.00;0.00
24.11.2020;17:21:13;3.33;40.76;14.84;755.81;0.00;0.00;0.00
24.11.2020;17:22:13;3.33;40.47;14.84;755.81;0.00;0.00;0.00
24.11.2020;17:23:13;3.33;40.32;14.83;755.82;0.00;0.00;0.00
24.11.2020;17:24:13;3.33;41.03;14.84;755.82;0.00;0.00;0.00
24.11.2020;17:25:13;3.33;41.68;14.87;755.81;0.00;0.00;0.00
24.11.2020;17:26:13;3.35;40.64;14.90;755.80;0.00;0.00;0.00
24.11.2020;17:27:13;3.33;40.19;14.87;755.79;0.00;0.00;0.00
24.11.2020;17:28:13;3.33;40.57;14.86;755.79;0.00;0.00;0.00
24.11.2020;17:29:13;3.36;40.80;14.86;755.79;0.00;0.00;0.00
24.11.2020;17:30:13;3.33;40.68;14.86;755.79;0.00;0.00;0.00
24.11.2020;17:31:13;3.33;40.43;14.86;755.78;0.00;0.00;0.00
24.11.2020;17:32:13;3.35;40.31;14.85;755.77;0.00;0.00;0.00
24.11.2020;17:33:14;3.33;40.46;14.83;755.78;0.00;0.00;0.00
24.11.2020;17:34:14;3.33;40.28;14.84;755.77;0.00;0.00;0.00
24.11.2020;17:35:14;3.33;41.02;14.83;755.78;0.00;0.00;0.00
24.11.2020;17:36:14;3.33;40.12;14.82;755.78;0.00;0.00;0.00
24.11.2020;17:37:14;3.33;40.28;14.80;755.79;0.00;0.00;0.00
24.11.2020;17:38:14;3.33;40.67;14.83;755.78;0.00;0.00;0.00
24.11.2020;17:39:14;3.33;40.31;14.80;755.79;0.00;0.00;0.00
24.11.2020;17:40:14;3.35;39.90;14.77;755.78;0.00;0.00;0.00
24.11.2020;17:41:14;3.33;40.88;14.78;755.78;0.00;0.00;0.00
24.11.2020;17:42:14;3.33;40.50;14.79;755.78;0.00;0.00;0.00
24.11.2020;17:43:14;3.36;41.12;14.81;755.78;0.00;0.00;0.00
24.11.2020;17:44:14;3.33;40.96;14.81;755.78;0.00;0.00;0.00
24.11.2020;17:45:14;3.33;40.86;14.80;755.79;0.00;0.00;0.00
24.11.2020;17:46:14;3.35;40.98;14.80;755.79;0.00;0.00;0.00
24.11.2020;17:47:14;3.33;40.92;14.79;755.78;0.00;0.00;0.00
24.11.2020;17:48:14;3.33;41.02;14.82;755.79;0.00;0.00;0.00
24.11.2020;17:49:14;3.33;40.98;14.82;755.80;0.00;0.00;0.00
24.11.2020;17:50:14;3.33;41.13;14.82;755.80;0.00;0.00;0.00
24.11.2020;17:51:14;3.33;40.72;14.81;755.81;0.00;0.00;0.00
24.11.2020;17:52:14;3.33;40.84;14.79;755.82;0.00;0.00;0.00
24.11.2020;17:53:14;3.33;41.37;14.80;755.83;0.00;0.00;0.00
24.11.2020;17:54:14;3.35;40.61;14.80;755.83;0.00;0.00;0.00
24.11.2020;17:55:14;3.33;40.52;14.78;755.81;0.00;0.00;0.00
24.11.2020;17:56:14;3.33;41.36;14.79;755.81;0.00;0.00;0.00
24.11.2020;17:57:14;3.36;41.75;14.82;755.80;0.00;0.00;0.00
24.11.2020;17:58:14;3.33;40.99;14.82;755.79;0.00;0.00;0.00
24.11.2020;17:59:14;3.33;41.40;14.82;755.79;0.00;0.00;0.00
24.11.2020;18:00:14;3.35;40.54;14.80;755.77;0.00;0.00;0.00
24.11.2020;18:01:14;3.33;40.68;14.78;755.76;0.00;0.00;0.00
24.11.2020;18:02:15;3.33;40.63;14.76;755.76;0.00;0.00;0.00
24.11.2020;18:03:15;3.35;40.52;14.74;755.77;0.00;0.00;0.00
24.11.2020;18:04:15;3.33;40.43;14.74;755.78;0.00;0.00;0.00
24.11.2020;18:05:15;3.33;40.98;14.74;755.79;0.00;0.00;0.00
24.11.2020;18:06:15;3.33;40.66;14.74;755.78;0.00;0.00;0.00
24.11.2020;18:07:15;3.33;40.62;14.72;755.78;0.00;0.00;0.00
24.11.2020;18:08:15;3.35;40.82;14.70;755.76;0.00;0.00;0.00
24.11.2020;18:09:15;3.33;40.62;14.68;755.76;0.00;0.00;0.00
24.11.2020;18:10:15;3.33;40.72;14.67;755.76;0.00;0.00;0.00
24.11.2020;18:11:15;3.36;41.21;14.67;755.76;0.00;0.00;0.00
24.11.2020;18:12:15;3.33;41.08;14.66;755.74;0.00;0.00;0.00
24.11.2020;18:13:15;3.33;41.42;14.67;755.73;0.00;0.00;0.00
24.11.2020;18:14:15;3.35;41.19;14.67;755.70;0.00;0.00;0.00
24.11.2020;18:15:15;3.33;41.50;14.69;755.69;0.00;0.00;0.00
24.11.2020;18:16:15;3.33;40.97;14.68;755.68;0.00;0.00;0.00
24.11.2020;18:17:15;3.33;41.04;14.66;755.72;0.00;0.00;0.00
24.11.2020;18:18:15;3.33;40.98;14.66;755.73;0.00;0.00;0.00
24.11.2020;18:19:15;3.33;41.10;14.65;755.71;0.00;0.00;0.00
24.11.2020;18:20:15;3.33;41.25;14.64;755.70;0.00;0.00;0.00
24.11.2020;18:21:15;3.33;41.27;14.64;755.70;0.00;0.00;0.00
24.11.2020;18:22:15;3.35;41.14;14.65;755.72;0.00;0.00;0.00
24.11.2020;18:23:15;3.33;41.78;14.64;755.74;0.00;0.00;0.00
24.11.2020;18:24:15;3.33;41.77;14.66;755.74;0.00;0.00;0.00
24.11.2020;18:25:15;3.36;41.25;14.66;755.72;0.00;0.00;0.00
24.11.2020;18:26:15;3.33;41.26;14.65;755.73;0.00;0.00;0.00
24.11.2020;18:27:15;3.33;41.22;14.65;755.74;0.00;0.00;0.00
24.11.2020;18:28:15;3.35;41.08;14.63;755.73;0.00;0.00;0.00
24.11.2020;18:29:15;3.33;41.01;14.62;755.73;0.00;0.00;0.00
24.11.2020;18:30:15;3.33;42.10;14.64;755.73;0.00;0.00;0.00
24.11.2020;18:31:15;3.33;41.07;14.64;755.72;0.00;0.00;0.00
24.11.2020;18:32:16;3.33;41.75;14.63;755.73;0.00;0.00;0.00
24.11.2020;18:33:16;3.33;41.48;14.64;755.74;0.00;0.00;0.00
24.11.2020;18:34:16;3.33;41.42;14.61;755.75;0.00;0.00;0.00
24.11.2020;18:35:16;3.33;42.48;14.66;755.74;0.00;0.00;0.00
24.11.2020;18:36:16;3.35;41.35;14.66;755.75;0.00;0.00;0.00
24.11.2020;18:37:16;3.33;41.06;14.62;755.75;0.00;0.00;0.00
24.11.2020;18:38:16;3.33;41.66;14.62;755.76;0.00;0.00;0.00
24.11.2020;18:39:16;3.36;41.54;14.63;755.77;0.00;0.00;0.00
24.11.2020;18:40:16;3.33;42.08;14.64;755.76;0.00;0.00;0.00
24.11.2020;18:41:16;3.33;41.58;14.64;755.77;0.00;0.00;0.00
24.11.2020;18:42:16;3.35;42.05;14.65;755.79;0.00;0.00;0.00
24.11.2020;18:43:16;3.33;41.61;14.65;755.79;0.00;0.00;0.00
24.11.2020;18:44:16;3.33;42.22;14.67;755.80;0.00;0.00;0.00
24.11.2020;18:45:16;3.33;42.00;14.67;755.81;0.00;0.00;0.00
24.11.2020;18:46:16;3.33;41.95;14.68;755.80;0.00;0.00;0.00
24.11.2020;18:47:16;3.33;41.27;14.66;755.79;0.00;0.00;0.00
24.11.2020;18:48:16;3.33;41.69;14.65;755.80;0.00;0.00;0.00
24.11.2020;18:49:16;3.33;41.57;14.65;755.82;0.00;0.00;0.00
24.11.2020;18:50:16;3.35;42.23;14.65;755.79;0.00;0.00;0.00
24.11.2020;18:51:16;3.33;41.41;14.64;755.78;0.00;0.00;0.00
24.11.2020;18:52:16;3.33;42.03;14.63;755.78;0.00;0.00;0.00
24.11.2020;18:53:16;3.36;42.46;14.66;755.79;0.00;0.00;0.00
24.11.2020;18:54:16;3.33;41.66;14.67;755.78;0.00;0.00;0.00
24.11.2020;18:55:16;3.33;41.90;14.66;755.77;0.00;0.00;0.00
24.11.2020;18:56:16;3.35;41.83;14.65;755.76;0.00;0.00;0.00
24.11.2020;18:57:16;3.33;41.67;14.63;755.72;0.00;0.00;0.00
24.11.2020;18:58:16;3.33;41.49;14.61;755.73;0.00;0.00;0.00
24.11.2020;18:59:16;3.33;41.84;14.62;755.74;0.00;0.00;0.00
24.11.2020;19:00:16;3.33;42.13;14.61;755.75;0.00;0.00;0.00
24.11.2020;19:01:16;3.33;42.03;14.62;755.75;0.00;0.00;0.00
24.11.2020;19:02:17;3.33;41.39;14.59;755.77;0.00;0.00;0.00
24.11.2020;19:03:17;3.33;41.54;14.58;755.78;0.00;0.00;0.00
24.11.2020;19:04:17;3.35;42.16;14.59;755.80;0.00;0.00;0.00
24.11.2020;19:05:17;3.33;41.70;14.58;755.81;0.00;0.00;0.00
24.11.2020;19:06:17;3.33;41.82;14.59;755.82;0.00;0.00;0.00
24.11.2020;19:07:17;3.36;42.25;14.59;755.82;0.00;0.00;0.00
24.11.2020;19:08:17;3.33;42.42;14.60;755.83;0.00;0.00;0.00
24.11.2020;19:09:17;3.33;42.36;14.62;755.83;0.00;0.00;0.00
24.11.2020;19:10:17;3.35;42.00;14.61;755.83;0.00;0.00;0.00
24.11.2020;19:11:17;3.33;41.97;14.60;755.81;0.00;0.00;0.00
24.11.2020;19:12:17;3.33;41.77;14.59;755.82;0.00;0.00;0.00
24.11.2020;19:13:17;3.33;42.25;14.59;755.84;0.00;0.00;0.00
24.11.2020;19:14:17;3.33;41.82;14.60;755.83;0.00;0.00;0.00
24.11.2020;19:15:17;3.33;41.64;14.58;755.82;0.00;0.00;0.00
24.11.2020;19:16:17;3.33;41.97;14.58;755.81;0.00;0.00;0.00
24.11.2020;19:17:17;3.33;42.00;14.58;755.77;0.00;0.00;0.00
24.11.2020;19:18:17;3.35;42.22;14.59;755.79;0.00;0.00;0.00
24.11.2020;19:19:17;3.33;41.83;14.59;755.79;0.00;0.00;0.00
24.11.2020;19:20:17;3.33;41.99;14.59;755.78;0.00;0.00;0.00
24.11.2020;19:21:17;3.36;42.34;14.61;755.76;0.00;0.00;0.00
24.11.2020;19:22:17;3.33;42.18;14.62;755.77;0.00;0.00;0.00
24.11.2020;19:23:17;3.33;41.99;14.62;755.78;0.00;0.00;0.00
24.11.2020;19:24:17;3.35;41.81;14.61;755.78;0.00;0.00;0.00
24.11.2020;19:25:17;3.33;41.94;14.59;755.79;0.00;0.00;0.00
24.11.2020;19:26:17;3.33;41.86;14.59;755.82;0.00;0.00;0.00
24.11.2020;19:27:17;3.33;42.15;14.60;755.81;0.00;0.00;0.00
24.11.2020;19:28:17;3.33;42.13;14.61;755.81;0.00;0.00;0.00
24.11.2020;19:29:17;3.33;41.99;14.61;755.82;0.00;0.00;0.00
24.11.2020;19:30:17;3.33;41.87;14.57;755.84;0.00;0.00;0.00
24.11.2020;19:31:18;3.33;41.97;14.57;755.84;0.00;0.00;0.00
24.11.2020;19:32:18;3.35;42.59;14.58;755.84;0.00;0.00;0.00
24.11.2020;19:33:18;3.33;42.51;14.59;755.85;0.00;0.00;0.00
24.11.2020;19:34:18;3.33;42.38;14.61;755.82;0.00;0.00;0.00
24.11.2020;19:35:18;3.36;42.17;14.60;755.82;0.00;0.00;0.00
24.11.2020;19:36:18;3.33;42.30;14.59;755.83;0.00;0.00;0.00
24.11.2020;19:37:18;3.33;42.17;14.59;755.82;0.00;0.00;0.00
24.11.2020;19:38:18;3.35;41.99;14.56;755.81;0.00;0.00;0.00
24.11.2020;19:39:18;3.33;41.96;14.54;755.80;0.00;0.00;0.00
24.11.2020;19:40:18;3.33;41.92;14.52;755.80;0.00;0.00;0.00
24.11.2020;19:41:18;3.33;42.44;14.52;755.80;0.00;0.00;0.00
24.11.2020;19:42:18;3.33;42.34;14.52;755.79;0.00;0.00;0.00
24.11.2020;19:43:18;3.33;41.99;14.50;755.79;0.00;0.00;0.00
24.11.2020;19:44:18;3.33;42.05;14.49;755.80;0.00;0.00;0.00
24.11.2020;19:45:18;3.33;42.46;14.49;755.79;0.00;0.00;0.00
24.11.2020;19:46:18;3.35;42.80;14.52;755.79;0.00;0.00;0.00
24.11.2020;19:47:18;3.33;42.34;14.53;755.79;0.00;0.00;0.00
24.11.2020;19:48:18;3.33;42.05;14.51;755.79;0.00;0.00;0.00
24.11.2020;19:49:18;3.36;42.06;14.48;755.79;0.00;0.00;0.00
24.11.2020;19:50:18;3.33;42.14;14.48;755.79;0.00;0.00;0.00
24.11.2020;19:51:18;3.33;42.23;14.47;755.81;0.00;0.00;0.00
24.11.2020;19:52:18;3.35;42.01;14.45;755.81;0.00;0.00;0.00
24.11.2020;19:53:18;3.33;42.58;14.45;755.81;0.00;0.00;0.00
24.11.2020;19:54:18;3.33;42.38;14.47;755.82;0.00;0.00;0.00
24.11.2020;19:55:18;3.33;42.10;14.46;755.82;0.00;0.00;0.00
24.11.2020;19:56:18;3.33;42.35;14.46;755.84;0.00;0.00;0.00
24.11.2020;19:57:18;3.33;42.48;14.45;755.85;0.00;0.00;0.00
24.11.2020;19:58:18;3.33;42.11;14.43;755.85;0.00;0.00;0.00
24.11.2020;19:59:18;3.33;42.09;14.40;755.85;0.00;0.00;0.00
24.11.2020;20:00:18;3.35;42.62;14.41;755.84;0.00;0.00;0.00
24.11.2020;20:01:19;3.33;42.28;14.40;755.85;0.00;0.00;0.00
24.11.2020;20:02:19;3.33;42.30;14.37;755.85;0.00;0.00;0.00
24.11.2020;20:03:19;3.36;42.41;14.36;755.84;0.00;0.00;0.00
24.11.2020;20:04:19;3.33;42.16;14.33;755.86;0.00;0.00;0.00
24.11.2020;20:05:19;3.33;42.63;14.33;755.85;0.00;0.00;0.00
24.11.2020;20:06:19;3.35;42.60;14.33;755.86;0.00;0.00;0.00
24.11.2020;20:07:19;3.33;42.49;14.32;755.87;0.00;0.00;0.00
24.11.2020;20:08:19;3.33;42.64;14.32;755.85;0.00;0.00;0.00
24.11.2020;20:09:19;3.33;42.77;14.32;755.86;0.00;0.00;0.00
24.11.2020;20:10:19;3.33;43.18;14.33;755.84;0.00;0.00;0.00
24.11.2020;20:11:19;3.33;42.47;14.32;755.83;0.00;0.00;0.00
24.11.2020;20:12:19;3.33;42.64;14.31;755.83;0.00;0.00;0.00
24.11.2020;20:13:19;3.33;42.46;14.30;755.83;0.00;0.00;0.00
24.11.2020;20:14:19;3.35;42.95;14.30;755.82;0.00;0.00;0.00
24.11.2020;20:15:19;3.33;42.67;14.30;755.82;0.00;0.00;0.00
24.11.2020;20:16:19;3.33;42.80;14.28;755.81;0.00;0.00;0.00
24.11.2020;20:17:19;3.36;42.82;14.28;755.81;0.00;0.00;0.00
24.11.2020;20:18:19;3.33;42.71;14.27;755.80;0.00;0.00;0.00
24.11.2020;20:19:19;3.33;42.77;14.25;755.80;0.00;0.00;0.00
24.11.2020;20:20:19;3.35;42.60;14.24;755.80;0.00;0.00;0.00
24.11.2020;20:21:19;3.33;42.98;14.23;755.80;0.00;0.00;0.00
24.11.2020;20:22:19;3.33;42.85;14.23;755.79;0.00;0.00;0.00
24.11.2020;20:23:19;3.33;42.91;14.23;755.78;0.00;0.00;0.00
24.11.2020;20:24:19;3.33;42.87;14.24;755.76;0.00;0.00;0.00
24.11.2020;20:25:19;3.33;43.32;14.24;755.73;0.00;0.00;0.00
24.11.2020;20:26:19;3.33;42.98;14.24;755.72;0.00;0.00;0.00
24.11.2020;20:27:19;3.33;43.13;14.25;755.71;0.00;0.00;0.00
24.11.2020;20:28:19;3.35;42.96;14.25;755.70;0.00;0.00;0.00
24.11.2020;20:29:19;3.33;42.86;14.24;755.70;0.00;0.00;0.00
24.11.2020;20:30:19;3.33;42.91;14.25;755.67;0.00;0.00;0.00
24.11.2020;20:31:20;3.36;43.32;14.26;755.66;0.00;0.00;0.00
24.11.2020;20:32:20;3.33;43.25;14.29;755.66;0.00;0.00;0.00
24.11.2020;20:33:20;3.33;43.37;14.31;755.66;0.00;0.00;0.00
24.11.2020;20:34:20;3.35;43.42;14.34;755.65;0.00;0.00;0.00
24.11.2020;20:35:20;3.33;43.08;14.34;755.66;0.00;0.00;0.00
24.11.2020;20:36:20;3.33;42.89;14.34;755.69;0.00;0.00;0.00
24.11.2020;20:37:20;3.33;43.00;14.33;755.68;0.00;0.00;0.00
24.11.2020;20:38:20;3.33;42.73;14.31;755.68;0.00;0.00;0.00
24.11.2020;20:39:20;3.33;42.84;14.32;755.68;0.00;0.00;0.00
24.11.2020;20:40:20;3.33;42.92;14.33;755.66;0.00;0.00;0.00
24.11.2020;20:41:20;3.33;43.01;14.33;755.67;0.00;0.00;0.00
24.11.2020;20:42:20;3.35;42.74;14.32;755.66;0.00;0.00;0.00
24.11.2020;20:43:20;3.33;42.99;14.33;755.67;0.00;0.00;0.00
24.11.2020;20:44:20;3.33;42.93;14.34;755.65;0.00;0.00;0.00
24.11.2020;20:45:20;3.36;42.80;14.34;755.68;0.00;0.00;0.00
24.11.2020;20:46:20;3.33;42.81;14.31;755.67;0.00;0.00;0.00
24.11.2020;20:47:20;3.33;42.81;14.32;755.68;0.00;0.00;0.00
24.11.2020;20:48:20;3.35;42.89;14.33;755.68;0.00;0.00;0.00
24.11.2020;20:49:20;3.33;42.93;14.34;755.68;0.00;0.00;0.00
24.11.2020;20:50:20;3.33;42.98;14.37;755.68;0.00;0.00;0.00
24.11.2020;20:51:20;3.33;43.06;14.38;755.68;0.00;0.00;0.00
24.11.2020;20:52:20;3.33;42.94;14.39;755.67;0.00;0.00;0.00
24.11.2020;20:53:20;3.33;42.97;14.41;755.68;0.00;0.00;0.00
24.11.2020;20:54:20;3.33;42.74;14.40;755.65;0.00;0.00;0.00
24.11.2020;20:55:20;3.33;42.89;14.42;755.65;0.00;0.00;0.00
24.11.2020;20:56:20;3.35;42.78;14.42;755.66;0.00;0.00;0.00
24.11.2020;20:57:20;3.33;42.68;14.42;755.67;0.00;0.00;0.00
24.11.2020;20:58:20;3.33;43.27;14.47;755.67;0.00;0.00;0.00
24.11.2020;20:59:20;3.36;42.96;14.49;755.66;0.00;0.00;0.00
24.11.2020;21:00:20;3.33;42.78;14.50;755.68;0.00;0.00;0.00
24.11.2020;21:01:21;3.33;42.74;14.49;755.68;0.00;0.00;0.00
24.11.2020;21:02:21;3.35;42.71;14.49;755.67;0.00;0.00;0.00
24.11.2020;21:03:21;3.33;42.70;14.52;755.67;0.00;0.00;0.00
24.11.2020;21:04:21;3.33;42.51;14.50;755.68;0.00;0.00;0.00
24.11.2020;21:05:21;3.33;42.55;14.49;755.69;0.00;0.00;0.00
24.11.2020;21:06:21;3.33;42.92;14.51;755.69;0.00;0.00;0.00
24.11.2020;21:07:21;3.33;42.97;14.52;755.69;0.00;0.00;0.00
24.11.2020;21:08:21;3.33;42.76;14.53;755.69;0.00;0.00;0.00
24.11.2020;21:09:21;3.33;42.70;14.53;755.71;0.00;0.00;0.00
24.11.2020;21:10:21;3.35;43.00;14.55;755.70;0.00;0.00;0.00
24.11.2020;21:11:21;3.33;42.85;14.56;755.70;0.00;0.00;0.00
24.11.2020;21:12:21;3.33;42.70;14.56;755.69;0.00;0.00;0.00
24.11.2020;21:13:21;3.36;42.52;14.55;755.71;0.00;0.00;0.00
24.11.2020;21:14:21;3.33;42.64;14.55;755.73;0.00;0.00;0.00
24.11.2020;21:15:21;3.33;42.85;14.58;755.72;0.00;0.00;0.00
24.11.2020;21:16:21;3.35;42.51;14.57;755.72;0.00;0.00;0.00
24.11.2020;21:17:21;3.33;42.58;14.56;755.73;0.00;0.00;0.00
24.11.2020;21:18:21;3.33;42.79;14.57;755.74;0.00;0.00;0.00
24.11.2020;21:19:21;3.33;42.89;14.58;755.77;0.00;0.00;0.00
24.11.2020;21:20:21;3.33;42.61;14.57;755.77;0.00;0.00;0.00
24.11.2020;21:21:21;3.33;42.66;14.57;755.77;0.00;0.00;0.00
24.11.2020;21:22:21;3.33;42.68;14.59;755.76;0.00;0.00;0.00
24.11.2020;21:23:21;3.33;42.99;14.59;755.75;0.00;0.00;0.00
24.11.2020;21:24:21;3.35;42.86;14.60;755.76;0.00;0.00;0.00
24.11.2020;21:25:21;3.33;42.76;14.62;755.75;0.00;0.00;0.00
24.11.2020;21:26:21;3.33;42.54;14.59;755.77;0.00;0.00;0.00
24.11.2020;21:27:21;3.36;42.62;14.60;755.77;0.00;0.00;0.00
24.11.2020;21:28:21;3.33;42.50;14.61;755.76;0.00;0.00;0.00
24.11.2020;21:29:21;3.33;42.84;14.62;755.75;0.00;0.00;0.00
24.11.2020;21:30:22;3.35;42.92;14.66;755.76;0.00;0.00;0.00
24.11.2020;21:31:22;3.33;42.65;14.64;755.74;0.00;0.00;0.00
24.11.2020;21:32:22;3.33;42.61;14.64;755.75;0.00;0.00;0.00
24.11.2020;21:33:22;3.33;42.77;14.65;755.75;0.00;0.00;0.00
24.11.2020;21:34:22;3.33;42.56;14.62;755.74;0.00;0.00;0.00
24.11.2020;21:35:22;3.33;42.65;14.65;755.75;0.00;0.00;0.00
24.11.2020;21:36:22;3.33;42.84;14.66;755.74;0.00;0.00;0.00
24.11.2020;21:37:22;3.33;42.70;14.65;755.74;0.00;0.00;0.00
24.11.2020;21:38:22;3.35;43.01;14.67;755.73;0.00;0.00;0.00
24.11.2020;21:39:22;3.33;43.01;14.69;755.72;0.00;0.00;0.00
24.11.2020;21:40:22;3.33;42.65;14.68;755.72;0.00;0.00;0.00
24.11.2020;21:41:22;3.36;42.68;14.67;755.73;0.00;0.00;0.00
24.11.2020;21:42:22;3.33;42.73;14.68;755.76;0.00;0.00;0.00
24.11.2020;21:43:22;3.33;42.94;14.70;755.76;0.00;0.00;0.00
24.11.2020;21:44:22;3.35;42.91;14.73;755.79;0.00;0.00;0.00
24.11.2020;21:45:22;3.33;42.49;14.73;755.79;0.00;0.00;0.00
24.11.2020;21:46:22;3.33;42.70;14.74;755.79;0.00;0.00;0.00
24.11.2020;21:47:22;3.33;42.44;14.70;755.76;0.00;0.00;0.00
24.11.2020;21:48:22;3.33;42.94;14.72;755.76;0.00;0.00;0.00
24.11.2020;21:49:22;3.33;43.37;14.77;755.76;0.00;0.00;0.00
24.11.2020;21:50:22;3.33;42.84;14.79;755.76;0.00;0.00;0.00
24.11.2020;21:51:22;3.33;43.03;14.82;755.77;0.00;0.00;0.00
24.11.2020;21:52:22;3.35;42.54;14.81;755.75;0.00;0.00;0.00
24.11.2020;21:53:22;3.33;42.47;14.78;755.77;0.00;0.00;0.00
24.11.2020;21:54:22;3.33;42.51;14.78;755.76;0.00;0.00;0.00
24.11.2020;21:55:22;3.36;42.74;14.80;755.76;0.00;0.00;0.00
24.11.2020;21:56:22;3.33;42.92;14.82;755.77;0.00;0.00;0.00
24.11.2020;21:57:22;3.33;42.93;14.84;755.76;0.00;0.00;0.00
24.11.2020;21:58:22;3.35;42.67;14.84;755.76;0.00;0.00;0.00
24.11.2020;21:59:22;3.33;42.75;14.85;755.75;0.00;0.00;0.00
24.11.2020;22:00:23;3.33;42.91;14.86;755.76;0.00;0.00;0.00
24.11.2020;22:01:23;3.33;42.45;14.86;755.76;0.00;0.00;0.00
24.11.2020;22:02:23;3.33;42.77;14.86;755.76;0.00;0.00;0.00
24.11.2020;22:03:23;3.33;42.84;14.88;755.76;0.00;0.00;0.00
24.11.2020;22:04:23;3.33;42.58;14.89;755.76;0.00;0.00;0.00
24.11.2020;22:05:23;3.33;43.23;14.89;755.78;0.00;0.00;0.00
24.11.2020;22:06:23;3.35;43.11;14.92;755.78;0.00;0.00;0.00
24.11.2020;22:07:23;3.33;43.36;14.96;755.77;0.00;0.00;0.00
24.11.2020;22:08:23;3.33;43.09;14.97;755.77;0.00;0.00;0.00
24.11.2020;22:09:23;3.36;42.61;14.97;755.76;0.00;0.00;0.00
24.11.2020;22:10:23;3.33;42.34;14.94;755.78;0.00;0.00;0.00
24.11.2020;22:11:23;3.33;42.85;14.94;755.77;0.00;0.00;0.00
24.11.2020;22:12:23;3.35;42.87;14.95;755.77;0.00;0.00;0.00
24.11.2020;22:13:23;3.33;43.33;14.98;755.78;0.00;0.00;0.00
24.11.2020;22:14:23;3.33;42.88;15.01;755.78;0.00;0.00;0.00
24.11.2020;22:15:23;3.33;42.43;14.98;755.80;0.00;0.00;0.00
24.11.2020;22:16:23;3.33;42.53;14.97;755.81;0.00;0.00;0.00
24.11.2020;22:17:23;3.33;42.59;14.96;755.80;0.00;0.00;0.00
24.11.2020;22:18:23;3.33;43.12;14.98;755.80;0.00;0.00;0.00
24.11.2020;22:19:23;3.33;42.68;14.97;755.78;0.00;0.00;0.00
24.11.2020;22:20:23;3.35;42.88;14.99;755.80;0.00;0.00;0.00
24.11.2020;22:21:23;3.33;42.69;14.97;755.82;0.00;0.00;0.00
24.11.2020;22:22:23;3.33;43.06;14.98;755.81;0.00;0.00;0.00
24.11.2020;22:23:23;3.36;43.02;14.99;755.83;0.00;0.00;0.00
24.11.2020;22:24:23;3.33;42.83;15.00;755.82;0.00;0.00;0.00
24.11.2020;22:25:23;3.33;42.64;14.98;755.83;0.00;0.00;0.00
24.11.2020;22:26:23;3.35;43.07;15.00;755.84;0.00;0.00;0.00
24.11.2020;22:27:23;3.33;42.31;14.97;755.84;0.00;0.00;0.00
24.11.2020;22:28:23;3.33;42.86;14.98;755.83;0.00;0.00;0.00
24.11.2020;22:29:24;3.33;42.60;14.97;755.84;0.00;0.00;0.00
24.11.2020;22:30:24;3.33;42.79;14.96;755.83;0.00;0.00;0.00
24.11.2020;22:31:24;3.33;42.84;14.97;755.84;0.00;0.00;0.00
24.11.2020;22:32:24;3.33;42.68;14.96;755.84;0.00;0.00;0.00
24.11.2020;22:33:24;3.33;42.60;14.96;755.85;0.00;0.00;0.00
24.11.2020;22:34:24;3.35;43.01;14.95;755.85;0.00;0.00;0.00
24.11.2020;22:35:24;3.33;42.61;14.95;755.86;0.00;0.00;0.00
24.11.2020;22:36:24;3.33;42.83;14.95;755.87;0.00;0.00;0.00
24.11.2020;22:37:24;3.36;42.42;14.94;755.88;0.00;0.00;0.00
24.11.2020;22:38:24;3.33;42.74;14.94;755.89;0.00;0.00;0.00
24.11.2020;22:39:24;3.33;43.06;14.95;755.89;0.00;0.00;0.00
24.11.2020;22:40:24;3.35;43.03;14.96;755.87;0.00;0.00;0.00
24.11.2020;22:41:24;3.33;42.96;14.96;755.86;0.00;0.00;0.00
24.11.2020;22:42:24;3.33;42.92;14.97;755.82;0.00;0.00;0.00
24.11.2020;22:43:24;3.33;43.21;14.97;755.83;0.00;0.00;0.00
24.11.2020;22:44:24;3.33;42.59;14.97;755.82;0.00;0.00;0.00
24.11.2020;22:45:24;3.33;42.67;14.97;755.83;0.00;0.00;0.00
24.11.2020;22:46:24;3.33;43.52;14.99;755.83;0.00;0.00;0.00
24.11.2020;22:47:24;3.33;42.66;14.99;755.84;0.00;0.00;0.00
24.11.2020;22:48:24;3.35;43.26;15.00;755.84;0.00;0.00;0.00
24.11.2020;22:49:24;3.33;42.66;14.98;755.86;0.00;0.00;0.00
24.11.2020;22:50:24;3.33;42.93;14.98;755.86;0.00;0.00;0.00
24.11.2020;22:51:24;3.36;42.92;14.97;755.86;0.00;0.00;0.00
24.11.2020;22:52:24;3.33;42.98;14.99;755.86;0.00;0.00;0.00
24.11.2020;22:53:24;3.33;42.97;14.99;755.86;0.00;0.00;0.00
24.11.2020;22:54:24;3.35;43.09;15.00;755.85;0.00;0.00;0.00
24.11.2020;22:55:24;3.33;42.60;14.99;755.84;0.00;0.00;0.00
24.11.2020;22:56:24;3.33;42.69;14.97;755.84;0.00;0.00;0.00
24.11.2020;22:57:24;3.33;43.21;14.98;755.83;0.00;0.00;0.00
24.11.2020;22:58:24;3.33;42.60;14.98;755.81;0.00;0.00;0.00
24.11.2020;22:59:25;3.33;43.07;14.99;755.80;0.00;0.00;0.00
24.11.2020;23:00:25;3.33;42.96;14.99;755.78;0.00;0.00;0.00
24.11.2020;23:01:25;3.33;43.07;14.99;755.76;0.00;0.00;0.00
24.11.2020;23:02:25;3.35;42.69;14.97;755.78;0.00;0.00;0.00
24.11.2020;23:03:25;3.33;43.11;14.96;755.79;0.00;0.00;0.00
24.11.2020;23:04:25;3.33;42.55;14.95;755.80;0.00;0.00;0.00
24.11.2020;23:05:25;3.36;42.80;14.93;755.78;0.00;0.00;0.00
24.11.2020;23:06:25;3.33;42.82;14.94;755.78;0.00;0.00;0.00
24.11.2020;23:07:25;3.33;42.60;14.91;755.78;0.00;0.00;0.00
24.11.2020;23:08:25;3.35;42.83;14.90;755.77;0.00;0.00;0.00
24.11.2020;23:09:25;3.33;43.11;14.90;755.76;0.00;0.00;0.00
24.11.2020;23:10:25;3.33;42.88;14.89;755.75;0.00;0.00;0.00
24.11.2020;23:11:25;3.33;42.90;14.87;755.76;0.00;0.00;0.00
24.11.2020;23:12:25;3.33;43.43;14.88;755.75;0.00;0.00;0.00
24.11.2020;23:13:25;3.33;43.48;14.91;755.76;0.00;0.00;0.00
24.11.2020;23:14:25;3.33;43.05;14.91;755.75;0.00;0.00;0.00
24.11.2020;23:15:25;3.33;42.85;14.89;755.75;0.00;0.00;0.00
24.11.2020;23:16:25;3.35;43.25;14.89;755.74;0.00;0.00;0.00
24.11.2020;23:17:25;3.33;43.14;14.88;755.74;0.00;0.00;0.00
24.11.2020;23:18:25;3.33;43.63;14.90;755.73;0.00;0.00;0.00
24.11.2020;23:19:25;3.36;43.91;14.93;755.72;0.00;0.00;0.00
24.11.2020;23:20:25;3.33;43.86;14.96;755.70;0.00;0.00;0.00
24.11.2020;23:21:25;3.33;43.37;14.96;755.69;0.00;0.00;0.00
24.11.2020;23:22:25;3.35;43.45;14.95;755.70;0.00;0.00;0.00
24.11.2020;23:23:25;3.33;43.15;14.95;755.70;0.00;0.00;0.00
24.11.2020;23:24:25;3.33;43.26;14.95;755.70;0.00;0.00;0.00
24.11.2020;23:25:25;3.33;43.49;14.95;755.69;0.00;0.00;0.00
24.11.2020;23:26:25;3.33;43.60;14.97;755.69;0.00;0.00;0.00
24.11.2020;23:27:25;3.33;42.81;14.95;755.69;0.00;0.00;0.00
24.11.2020;23:28:26;3.33;43.23;14.93;755.69;0.00;0.00;0.00
24.11.2020;23:29:26;3.33;43.26;14.93;755.70;0.00;0.00;0.00
24.11.2020;23:30:26;3.35;43.22;14.92;755.70;0.00;0.00;0.00
24.11.2020;23:31:26;3.33;43.36;14.92;755.70;0.00;0.00;0.00
24.11.2020;23:32:26;3.33;43.24;14.91;755.68;0.00;0.00;0.00
24.11.2020;23:33:26;3.36;43.17;14.90;755.69;0.00;0.00;0.00
24.11.2020;23:34:26;3.33;43.22;14.88;755.69;0.00;0.00;0.00
24.11.2020;23:35:26;3.33;43.38;14.89;755.68;0.00;0.00;0.00
24.11.2020;23:36:26;3.35;43.35;14.87;755.66;0.00;0.00;0.00
24.11.2020;23:37:26;3.33;43.32;14.85;755.66;0.00;0.00;0.00
24.11.2020;23:38:26;3.33;43.49;14.86;755.64;0.00;0.00;0.00
24.11.2020;23:39:26;3.33;43.85;14.88;755.62;0.00;0.00;0.00
24.11.2020;23:40:26;3.33;43.80;14.90;755.61;0.00;0.00;0.00
24.11.2020;23:41:26;3.33;44.27;14.92;755.60;0.00;0.00;0.00
24.11.2020;23:42:26;3.33;44.27;14.95;755.59;0.00;0.00;0.00
24.11.2020;23:43:26;3.33;43.91;14.96;755.59;0.00;0.00;0.00
24.11.2020;23:44:26;3.35;43.92;14.96;755.59;0.00;0.00;0.00
24.11.2020;23:45:26;3.33;43.77;14.97;755.59;0.00;0.00;0.00
24.11.2020;23:46:26;3.33;43.39;14.96;755.60;0.00;0.00;0.00
24.11.2020;23:47:26;3.36;43.83;14.96;755.61;0.00;0.00;0.00
24.11.2020;23:48:26;3.33;43.47;14.96;755.61;0.00;0.00;0.00
24.11.2020;23:49:26;3.33;42.99;14.92;755.63;0.00;0.00;0.00
24.11.2020;23:50:26;3.35;43.35;14.92;755.65;0.00;0.00;0.00
24.11.2020;23:51:26;3.33;43.92;14.94;755.63;0.00;0.00;0.00
24.11.2020;23:52:26;3.33;43.94;14.95;755.63;0.00;0.00;0.00
24.11.2020;23:53:26;3.33;43.97;14.96;755.63;0.00;0.00;0.00
24.11.2020;23:54:26;3.33;43.79;14.98;755.63;0.00;0.00;0.00
24.11.2020;23:55:26;3.33;43.28;14.97;755.65;0.00;0.00;0.00
24.11.2020;23:56:26;3.33;43.70;14.97;755.65;0.00;0.00;0.00
24.11.2020;23:57:26;3.33;43.03;14.96;755.66;0.00;0.00;0.00
24.11.2020;23:58:27;3.35;43.33;14.94;755.65;0.00;0.00;0.00
24.11.2020;23:59:27;3.33;43.06;14.92;755.67;0.00;0.00;0.00
