25.01.2021;0:00:23;2.51;37.35;15.34;741.83;0.00;0.00;0.00
25.01.2021;0:01:23;2.50;37.38;15.35;741.84;0.00;0.00;0.00
25.01.2021;0:02:23;2.50;37.34;15.34;741.85;0.00;0.00;0.00
25.01.2021;0:03:23;2.50;37.38;15.32;741.85;0.00;0.00;0.00
25.01.2021;0:04:23;2.50;37.42;15.33;741.87;0.00;0.00;0.00
25.01.2021;0:05:24;2.50;37.41;15.34;741.88;0.00;0.00;0.00
25.01.2021;0:06:24;2.50;37.41;15.34;741.88;0.00;0.00;0.00
25.01.2021;0:07:24;2.50;37.40;15.35;741.90;0.00;0.00;0.00
25.01.2021;0:08:24;2.51;37.38;15.34;741.89;0.00;0.00;0.00
25.01.2021;0:09:24;2.50;37.43;15.33;741.89;0.00;0.00;0.00
25.01.2021;0:10:24;2.50;37.46;15.32;741.89;0.00;0.00;0.00
25.01.2021;0:11:24;2.53;37.53;15.32;741.89;0.00;0.00;0.00
25.01.2021;0:12:24;2.50;37.44;15.33;741.88;0.00;0.00;0.00
25.01.2021;0:13:24;2.50;37.37;15.33;741.89;0.00;0.00;0.00
25.01.2021;0:14:24;2.51;37.41;15.32;741.88;0.00;0.00;0.00
25.01.2021;0:15:24;2.50;37.49;15.32;741.88;0.00;0.00;0.00
25.01.2021;0:16:24;2.50;37.49;15.32;741.88;0.00;0.00;0.00
25.01.2021;0:17:24;2.50;37.51;15.31;741.87;0.00;0.00;0.00
25.01.2021;0:18:24;2.50;37.51;15.30;741.86;0.00;0.00;0.00
25.01.2021;0:19:24;2.50;37.59;15.28;741.86;0.00;0.00;0.00
25.01.2021;0:20:24;2.50;37.60;15.30;741.86;0.00;0.00;0.00
25.01.2021;0:21:24;2.50;37.54;15.31;741.86;0.00;0.00;0.00
25.01.2021;0:22:24;2.51;37.50;15.32;741.87;0.00;0.00;0.00
25.01.2021;0:23:24;2.50;37.51;15.31;741.87;0.00;0.00;0.00
25.01.2021;0:24:24;2.50;37.58;15.32;741.87;0.00;0.00;0.00
25.01.2021;0:25:24;2.53;37.52;15.34;741.88;0.00;0.00;0.00
25.01.2021;0:26:24;2.50;37.47;15.33;741.89;0.00;0.00;0.00
25.01.2021;0:27:24;2.50;37.46;15.32;741.89;0.00;0.00;0.00
25.01.2021;0:28:24;2.51;37.49;15.33;741.89;0.00;0.00;0.00
25.01.2021;0:29:24;2.50;37.51;15.33;741.88;0.00;0.00;0.00
25.01.2021;0:30:24;2.50;37.50;15.32;741.87;0.00;0.00;0.00
25.01.2021;0:31:24;2.50;37.53;15.31;741.86;0.00;0.00;0.00
25.01.2021;0:32:24;2.50;37.53;15.31;741.85;0.00;0.00;0.00
25.01.2021;0:33:24;2.50;37.55;15.31;741.84;0.00;0.00;0.00
25.01.2021;0:34:25;2.50;37.59;15.32;741.84;0.00;0.00;0.00
25.01.2021;0:35:25;2.50;37.59;15.33;741.83;0.00;0.00;0.00
25.01.2021;0:36:25;2.51;37.58;15.33;741.82;0.00;0.00;0.00
25.01.2021;0:37:25;2.50;37.55;15.35;741.82;0.00;0.00;0.00
25.01.2021;0:38:25;2.50;37.56;15.34;741.82;0.00;0.00;0.00
25.01.2021;0:39:25;2.53;37.48;15.37;741.83;0.00;0.00;0.00
25.01.2021;0:40:25;2.50;37.48;15.38;741.83;0.00;0.00;0.00
25.01.2021;0:41:25;2.50;37.46;15.36;741.83;0.00;0.00;0.00
25.01.2021;0:42:25;2.51;37.53;15.36;741.82;0.00;0.00;0.00
25.01.2021;0:43:25;2.50;37.47;15.36;741.82;0.00;0.00;0.00
25.01.2021;0:44:25;2.50;37.50;15.36;741.80;0.00;0.00;0.00
25.01.2021;0:45:25;2.50;37.46;15.34;741.79;0.00;0.00;0.00
25.01.2021;0:46:25;2.50;37.53;15.34;741.78;0.00;0.00;0.00
25.01.2021;0:47:25;2.50;37.56;15.34;741.76;0.00;0.00;0.00
25.01.2021;0:48:25;2.50;37.57;15.33;741.76;0.00;0.00;0.00
25.01.2021;0:49:25;2.50;37.56;15.33;741.75;0.00;0.00;0.00
25.01.2021;0:50:25;2.51;37.59;15.34;741.74;0.00;0.00;0.00
25.01.2021;0:51:25;2.50;37.58;15.34;741.74;0.00;0.00;0.00
25.01.2021;0:52:25;2.50;37.56;15.33;741.74;0.00;0.00;0.00
25.01.2021;0:53:25;2.53;37.57;15.33;741.72;0.00;0.00;0.00
25.01.2021;0:54:25;2.50;37.61;15.33;741.72;0.00;0.00;0.00
25.01.2021;0:55:25;2.50;37.59;15.33;741.71;0.00;0.00;0.00
25.01.2021;0:56:25;2.51;37.62;15.32;741.72;0.00;0.00;0.00
25.01.2021;0:57:25;2.50;37.61;15.32;741.73;0.00;0.00;0.00
25.01.2021;0:58:25;2.50;37.62;15.32;741.73;0.00;0.00;0.00
25.01.2021;0:59:25;2.50;37.67;15.32;741.74;0.00;0.00;0.00
25.01.2021;1:00:25;2.50;37.68;15.31;741.74;0.00;0.00;0.00
25.01.2021;1:01:25;2.50;37.71;15.32;741.75;0.00;0.00;0.00
25.01.2021;1:02:25;2.50;37.67;15.31;741.75;0.00;0.00;0.00
25.01.2021;1:03:26;2.50;37.63;15.32;741.77;0.00;0.00;0.00
25.01.2021;1:04:26;2.51;37.63;15.33;741.76;0.00;0.00;0.00
25.01.2021;1:05:26;2.50;37.61;15.32;741.75;0.00;0.00;0.00
25.01.2021;1:06:26;2.50;37.66;15.32;741.74;0.00;0.00;0.00
25.01.2021;1:07:26;2.53;37.70;15.31;741.76;0.00;0.00;0.00
25.01.2021;1:08:26;2.50;37.75;15.31;741.77;0.00;0.00;0.00
25.01.2021;1:09:26;2.50;37.67;15.33;741.77;0.00;0.00;0.00
25.01.2021;1:10:26;2.51;37.65;15.32;741.77;0.00;0.00;0.00
25.01.2021;1:11:26;2.50;37.65;15.31;741.76;0.00;0.00;0.00
25.01.2021;1:12:26;2.50;37.75;15.31;741.75;0.00;0.00;0.00
25.01.2021;1:13:26;2.50;37.71;15.31;741.74;0.00;0.00;0.00
25.01.2021;1:14:26;2.50;37.72;15.33;741.73;0.00;0.00;0.00
25.01.2021;1:15:26;2.50;37.71;15.33;741.73;0.00;0.00;0.00
25.01.2021;1:16:26;2.50;37.79;15.32;741.73;0.00;0.00;0.00
25.01.2021;1:17:26;2.50;37.79;15.32;741.73;0.00;0.00;0.00
25.01.2021;1:18:26;2.51;37.75;15.34;741.73;0.00;0.00;0.00
25.01.2021;1:19:26;2.50;37.71;15.34;741.72;0.00;0.00;0.00
25.01.2021;1:20:26;2.50;37.76;15.32;741.71;0.00;0.00;0.00
25.01.2021;1:21:26;2.53;37.74;15.33;741.69;0.00;0.00;0.00
25.01.2021;1:22:26;2.50;37.72;15.34;741.68;0.00;0.00;0.00
25.01.2021;1:23:26;2.50;37.76;15.33;741.69;0.00;0.00;0.00
25.01.2021;1:24:26;2.51;37.75;15.35;741.71;0.00;0.00;0.00
25.01.2021;1:25:26;2.50;37.78;15.34;741.74;0.00;0.00;0.00
25.01.2021;1:26:26;2.50;37.79;15.35;741.75;0.00;0.00;0.00
25.01.2021;1:27:26;2.50;37.84;15.34;741.75;0.00;0.00;0.00
25.01.2021;1:28:26;2.50;37.83;15.36;741.76;0.00;0.00;0.00
25.01.2021;1:29:26;2.50;37.76;15.38;741.75;0.00;0.00;0.00
25.01.2021;1:30:26;2.50;37.73;15.39;741.74;0.00;0.00;0.00
25.01.2021;1:31:26;2.50;37.72;15.40;741.73;0.00;0.00;0.00
25.01.2021;1:32:27;2.51;37.71;15.40;741.72;0.00;0.00;0.00
25.01.2021;1:33:27;2.50;37.72;15.39;741.73;0.00;0.00;0.00
25.01.2021;1:34:27;2.50;37.74;15.39;741.75;0.00;0.00;0.00
25.01.2021;1:35:27;2.53;37.71;15.40;741.77;0.00;0.00;0.00
25.01.2021;1:36:27;2.50;37.79;15.38;741.79;0.00;0.00;0.00
25.01.2021;1:37:27;2.50;37.84;15.39;741.79;0.00;0.00;0.00
25.01.2021;1:38:27;2.51;37.76;15.39;741.79;0.00;0.00;0.00
25.01.2021;1:39:27;2.50;37.80;15.39;741.80;0.00;0.00;0.00
25.01.2021;1:40:27;2.50;37.81;15.39;741.80;0.00;0.00;0.00
25.01.2021;1:41:27;2.50;37.82;15.39;741.79;0.00;0.00;0.00
25.01.2021;1:42:27;2.50;37.80;15.40;741.78;0.00;0.00;0.00
25.01.2021;1:43:27;2.50;37.76;15.40;741.77;0.00;0.00;0.00
25.01.2021;1:44:27;2.50;37.84;15.39;741.76;0.00;0.00;0.00
25.01.2021;1:45:27;2.50;37.84;15.40;741.75;0.00;0.00;0.00
25.01.2021;1:46:27;2.51;37.87;15.39;741.75;0.00;0.00;0.00
25.01.2021;1:47:27;2.50;37.86;15.38;741.75;0.00;0.00;0.00
25.01.2021;1:48:27;2.50;37.93;15.38;741.76;0.00;0.00;0.00
25.01.2021;1:49:27;2.53;37.89;15.38;741.77;0.00;0.00;0.00
25.01.2021;1:50:27;2.50;37.86;15.39;741.78;0.00;0.00;0.00
25.01.2021;1:51:27;2.50;37.93;15.38;741.79;0.00;0.00;0.00
25.01.2021;1:52:27;2.51;37.92;15.37;741.79;0.00;0.00;0.00
25.01.2021;1:53:27;2.50;37.95;15.37;741.79;0.00;0.00;0.00
25.01.2021;1:54:27;2.50;37.98;15.37;741.78;0.00;0.00;0.00
25.01.2021;1:55:27;2.50;37.98;15.35;741.77;0.00;0.00;0.00
25.01.2021;1:56:27;2.50;38.05;15.36;741.78;0.00;0.00;0.00
25.01.2021;1:57:27;2.50;38.05;15.36;741.77;0.00;0.00;0.00
25.01.2021;1:58:27;2.50;37.97;15.35;741.77;0.00;0.00;0.00
25.01.2021;1:59:27;2.50;38.06;15.36;741.78;0.00;0.00;0.00
25.01.2021;2:00:27;2.51;38.07;15.37;741.78;0.00;0.00;0.00
25.01.2021;2:01:28;2.50;38.03;15.38;741.78;0.00;0.00;0.00
25.01.2021;2:02:28;2.50;38.07;15.38;741.78;0.00;0.00;0.00
25.01.2021;2:03:28;2.53;38.04;15.38;741.81;0.00;0.00;0.00
25.01.2021;2:04:28;2.50;38.00;15.38;741.83;0.00;0.00;0.00
25.01.2021;2:05:28;2.50;38.07;15.37;741.85;0.00;0.00;0.00
25.01.2021;2:06:28;2.51;38.05;15.38;741.86;0.00;0.00;0.00
25.01.2021;2:07:28;2.50;38.07;15.38;741.87;0.00;0.00;0.00
25.01.2021;2:08:28;2.50;38.08;15.39;741.87;0.00;0.00;0.00
25.01.2021;2:09:28;2.50;37.95;15.39;741.87;0.00;0.00;0.00
25.01.2021;2:10:28;2.50;38.00;15.36;741.85;0.00;0.00;0.00
25.01.2021;2:11:28;2.50;38.15;15.37;741.85;0.00;0.00;0.00
25.01.2021;2:12:28;2.50;38.08;15.36;741.85;0.00;0.00;0.00
25.01.2021;2:13:28;2.50;38.04;15.35;741.86;0.00;0.00;0.00
25.01.2021;2:14:28;2.51;38.16;15.33;741.87;0.00;0.00;0.00
25.01.2021;2:15:28;2.50;38.17;15.34;741.88;0.00;0.00;0.00
25.01.2021;2:16:28;2.50;38.21;15.35;741.87;0.00;0.00;0.00
25.01.2021;2:17:28;2.53;38.19;15.35;741.88;0.00;0.00;0.00
25.01.2021;2:18:28;2.50;38.20;15.36;741.88;0.00;0.00;0.00
25.01.2021;2:19:28;2.50;38.17;15.35;741.87;0.00;0.00;0.00
25.01.2021;2:20:28;2.51;38.25;15.35;741.87;0.00;0.00;0.00
25.01.2021;2:21:28;2.50;38.25;15.35;741.87;0.00;0.00;0.00
25.01.2021;2:22:28;2.50;38.21;15.36;741.87;0.00;0.00;0.00
25.01.2021;2:23:28;2.50;38.21;15.34;741.86;0.00;0.00;0.00
25.01.2021;2:24:28;2.50;38.26;15.34;741.85;0.00;0.00;0.00
25.01.2021;2:25:28;2.50;38.25;15.36;741.83;0.00;0.00;0.00
25.01.2021;2:26:28;2.50;38.24;15.38;741.83;0.00;0.00;0.00
25.01.2021;2:27:28;2.50;38.20;15.39;741.82;0.00;0.00;0.00
25.01.2021;2:28:28;2.51;38.22;15.40;741.82;0.00;0.00;0.00
25.01.2021;2:29:28;2.50;38.23;15.41;741.82;0.00;0.00;0.00
25.01.2021;2:30:28;2.50;38.19;15.40;741.82;0.00;0.00;0.00
25.01.2021;2:31:29;2.53;38.17;15.40;741.82;0.00;0.00;0.00
25.01.2021;2:32:29;2.50;38.20;15.41;741.82;0.00;0.00;0.00
25.01.2021;2:33:29;2.50;38.17;15.40;741.83;0.00;0.00;0.00
25.01.2021;2:34:29;2.51;38.21;15.40;741.81;0.00;0.00;0.00
25.01.2021;2:35:29;2.50;38.25;15.41;741.82;0.00;0.00;0.00
25.01.2021;2:36:29;2.50;38.22;15.41;741.81;0.00;0.00;0.00
25.01.2021;2:37:29;2.50;38.15;15.41;741.82;0.00;0.00;0.00
25.01.2021;2:38:29;2.50;38.17;15.42;741.82;0.00;0.00;0.00
25.01.2021;2:39:29;2.50;38.26;15.41;741.80;0.00;0.00;0.00
25.01.2021;2:40:29;2.50;38.19;15.43;741.79;0.00;0.00;0.00
25.01.2021;2:41:29;2.50;38.20;15.44;741.78;0.00;0.00;0.00
25.01.2021;2:42:29;2.51;38.22;15.44;741.75;0.00;0.00;0.00
25.01.2021;2:43:29;2.50;38.21;15.44;741.73;0.00;0.00;0.00
25.01.2021;2:44:29;2.50;38.19;15.45;741.71;0.00;0.00;0.00
25.01.2021;2:45:29;2.53;38.17;15.44;741.70;0.00;0.00;0.00
25.01.2021;2:46:29;2.50;38.21;15.44;741.68;0.00;0.00;0.00
25.01.2021;2:47:29;2.50;38.22;15.43;741.66;0.00;0.00;0.00
25.01.2021;2:48:29;2.51;38.24;15.44;741.65;0.00;0.00;0.00
25.01.2021;2:49:29;2.50;38.13;15.44;741.65;0.00;0.00;0.00
25.01.2021;2:50:29;2.50;38.21;15.44;741.64;0.00;0.00;0.00
25.01.2021;2:51:29;2.50;38.24;15.44;741.63;0.00;0.00;0.00
25.01.2021;2:52:29;2.50;38.24;15.44;741.62;0.00;0.00;0.00
25.01.2021;2:53:29;2.50;38.22;15.44;741.62;0.00;0.00;0.00
25.01.2021;2:54:29;2.50;38.26;15.43;741.61;0.00;0.00;0.00
25.01.2021;2:55:29;2.50;38.27;15.45;741.58;0.00;0.00;0.00
25.01.2021;2:56:29;2.51;38.22;15.44;741.57;0.00;0.00;0.00
25.01.2021;2:57:29;2.50;38.25;15.44;741.56;0.00;0.00;0.00
25.01.2021;2:58:29;2.50;38.26;15.44;741.56;0.00;0.00;0.00
25.01.2021;2:59:29;2.53;38.30;15.43;741.55;0.00;0.00;0.00
25.01.2021;3:00:30;2.50;38.28;15.44;741.54;0.00;0.00;0.00
25.01.2021;3:01:30;2.50;38.27;15.45;741.54;0.00;0.00;0.00
25.01.2021;3:02:30;2.51;38.28;15.46;741.53;0.00;0.00;0.00
25.01.2021;3:03:30;2.50;38.23;15.44;741.53;0.00;0.00;0.00
25.01.2021;3:04:30;2.50;38.31;15.45;741.54;0.00;0.00;0.00
25.01.2021;3:05:30;2.50;38.28;15.45;741.54;0.00;0.00;0.00
25.01.2021;3:06:30;2.50;38.25;15.44;741.55;0.00;0.00;0.00
25.01.2021;3:07:30;2.50;38.27;15.44;741.54;0.00;0.00;0.00
25.01.2021;3:08:30;2.50;38.31;15.44;741.55;0.00;0.00;0.00
25.01.2021;3:09:30;2.50;38.35;15.45;741.55;0.00;0.00;0.00
25.01.2021;3:10:30;2.51;38.31;15.45;741.56;0.00;0.00;0.00
25.01.2021;3:11:30;2.50;38.34;15.45;741.56;0.00;0.00;0.00
25.01.2021;3:12:30;2.50;38.31;15.45;741.56;0.00;0.00;0.00
25.01.2021;3:13:30;2.53;38.37;15.44;741.57;0.00;0.00;0.00
25.01.2021;3:14:30;2.50;38.31;15.43;741.57;0.00;0.00;0.00
25.01.2021;3:15:30;2.50;38.41;15.43;741.56;0.00;0.00;0.00
25.01.2021;3:16:30;2.51;38.34;15.43;741.56;0.00;0.00;0.00
25.01.2021;3:17:30;2.50;38.37;15.43;741.56;0.00;0.00;0.00
25.01.2021;3:18:30;2.50;38.43;15.43;741.55;0.00;0.00;0.00
25.01.2021;3:19:30;2.50;38.40;15.44;741.53;0.00;0.00;0.00
25.01.2021;3:20:30;2.50;38.42;15.44;741.52;0.00;0.00;0.00
25.01.2021;3:21:30;2.50;38.45;15.45;741.52;0.00;0.00;0.00
25.01.2021;3:22:30;2.50;38.38;15.47;741.51;0.00;0.00;0.00
25.01.2021;3:23:30;2.50;38.32;15.48;741.52;0.00;0.00;0.00
25.01.2021;3:24:30;2.51;38.35;15.48;741.52;0.00;0.00;0.00
25.01.2021;3:25:30;2.50;38.31;15.48;741.51;0.00;0.00;0.00
25.01.2021;3:26:30;2.50;38.31;15.48;741.50;0.00;0.00;0.00
25.01.2021;3:27:30;2.53;38.29;15.47;741.47;0.00;0.00;0.00
25.01.2021;3:28:30;2.50;38.31;15.46;741.46;0.00;0.00;0.00
25.01.2021;3:29:31;2.50;38.37;15.45;741.45;0.00;0.00;0.00
25.01.2021;3:30:31;2.51;38.35;15.46;741.45;0.00;0.00;0.00
25.01.2021;3:31:31;2.50;38.34;15.45;741.44;0.00;0.00;0.00
25.01.2021;3:32:31;2.50;38.38;15.46;741.46;0.00;0.00;0.00
25.01.2021;3:33:31;2.50;38.42;15.46;741.47;0.00;0.00;0.00
25.01.2021;3:34:31;2.50;38.40;15.46;741.48;0.00;0.00;0.00
25.01.2021;3:35:31;2.50;38.36;15.47;741.50;0.00;0.00;0.00
25.01.2021;3:36:31;2.50;38.34;15.48;741.51;0.00;0.00;0.00
25.01.2021;3:37:31;2.50;38.38;15.48;741.53;0.00;0.00;0.00
25.01.2021;3:38:31;2.51;38.39;15.45;741.53;0.00;0.00;0.00
25.01.2021;3:39:31;2.50;38.37;15.45;741.53;0.00;0.00;0.00
25.01.2021;3:40:31;2.50;38.38;15.45;741.54;0.00;0.00;0.00
25.01.2021;3:41:31;2.53;38.42;15.44;741.54;0.00;0.00;0.00
25.01.2021;3:42:31;2.50;38.47;15.45;741.56;0.00;0.00;0.00
25.01.2021;3:43:31;2.50;38.46;15.45;741.55;0.00;0.00;0.00
25.01.2021;3:44:31;2.51;38.44;15.45;741.54;0.00;0.00;0.00
25.01.2021;3:45:31;2.50;38.44;15.45;741.54;0.00;0.00;0.00
25.01.2021;3:46:31;2.50;38.41;15.46;741.54;0.00;0.00;0.00
25.01.2021;3:47:31;2.50;38.42;15.45;741.53;0.00;0.00;0.00
25.01.2021;3:48:31;2.50;38.49;15.45;741.52;0.00;0.00;0.00
25.01.2021;3:49:31;2.50;38.50;15.45;741.51;0.00;0.00;0.00
25.01.2021;3:50:31;2.50;38.51;15.45;741.49;0.00;0.00;0.00
25.01.2021;3:51:31;2.50;38.44;15.44;741.49;0.00;0.00;0.00
25.01.2021;3:52:31;2.51;38.45;15.44;741.50;0.00;0.00;0.00
25.01.2021;3:53:31;2.50;38.47;15.41;741.50;0.00;0.00;0.00
25.01.2021;3:54:31;2.50;38.55;15.42;741.50;0.00;0.00;0.00
25.01.2021;3:55:31;2.53;38.53;15.43;741.49;0.00;0.00;0.00
25.01.2021;3:56:31;2.50;38.56;15.42;741.48;0.00;0.00;0.00
25.01.2021;3:57:31;2.50;38.56;15.42;741.48;0.00;0.00;0.00
25.01.2021;3:58:32;2.51;38.52;15.43;741.47;0.00;0.00;0.00
25.01.2021;3:59:32;2.50;38.59;15.42;741.46;0.00;0.00;0.00
25.01.2021;4:00:32;2.50;38.57;15.42;741.46;0.00;0.00;0.00
25.01.2021;4:01:32;2.50;38.50;15.42;741.46;0.00;0.00;0.00
25.01.2021;4:02:32;2.50;38.53;15.41;741.47;0.00;0.00;0.00
25.01.2021;4:03:32;2.50;38.60;15.41;741.48;0.00;0.00;0.00
25.01.2021;4:04:32;2.50;38.59;15.41;741.50;0.00;0.00;0.00
25.01.2021;4:05:32;2.50;38.58;15.39;741.50;0.00;0.00;0.00
25.01.2021;4:06:32;2.51;38.70;15.39;741.50;0.00;0.00;0.00
25.01.2021;4:07:32;2.50;38.66;15.40;741.49;0.00;0.00;0.00
25.01.2021;4:08:32;2.50;38.61;15.41;741.50;0.00;0.00;0.00
25.01.2021;4:09:32;2.53;38.65;15.39;741.50;0.00;0.00;0.00
25.01.2021;4:10:32;2.50;38.67;15.40;741.51;0.00;0.00;0.00
25.01.2021;4:11:32;2.50;38.66;15.41;741.51;0.00;0.00;0.00
25.01.2021;4:12:32;2.51;38.64;15.41;741.51;0.00;0.00;0.00
25.01.2021;4:13:32;2.50;38.66;15.40;741.52;0.00;0.00;0.00
25.01.2021;4:14:32;2.50;38.72;15.39;741.53;0.00;0.00;0.00
25.01.2021;4:15:32;2.50;38.71;15.39;741.54;0.00;0.00;0.00
25.01.2021;4:16:32;2.50;38.68;15.37;741.54;0.00;0.00;0.00
25.01.2021;4:17:32;2.50;38.78;15.36;741.55;0.00;0.00;0.00
25.01.2021;4:18:32;2.50;38.78;15.35;741.55;0.00;0.00;0.00
25.01.2021;4:19:32;2.50;38.80;15.34;741.56;0.00;0.00;0.00
25.01.2021;4:20:32;2.51;38.81;15.35;741.58;0.00;0.00;0.00
25.01.2021;4:21:32;2.50;38.80;15.34;741.60;0.00;0.00;0.00
25.01.2021;4:22:32;2.50;38.84;15.33;741.60;0.00;0.00;0.00
25.01.2021;4:23:32;2.53;38.80;15.34;741.61;0.00;0.00;0.00
25.01.2021;4:24:32;2.50;38.81;15.32;741.62;0.00;0.00;0.00
25.01.2021;4:25:32;2.50;38.91;15.32;741.61;0.00;0.00;0.00
25.01.2021;4:26:32;2.51;38.90;15.33;741.60;0.00;0.00;0.00
25.01.2021;4:27:33;2.50;38.95;15.33;741.60;0.00;0.00;0.00
25.01.2021;4:28:33;2.50;38.84;15.33;741.61;0.00;0.00;0.00
25.01.2021;4:29:33;2.50;38.85;15.33;741.60;0.00;0.00;0.00
25.01.2021;4:30:33;2.50;38.87;15.34;741.60;0.00;0.00;0.00
25.01.2021;4:31:33;2.50;38.89;15.34;741.60;0.00;0.00;0.00
25.01.2021;4:32:33;2.50;38.86;15.33;741.60;0.00;0.00;0.00
25.01.2021;4:33:33;2.50;38.91;15.32;741.59;0.00;0.00;0.00
25.01.2021;4:34:33;2.51;38.94;15.31;741.59;0.00;0.00;0.00
25.01.2021;4:35:33;2.50;38.93;15.31;741.59;0.00;0.00;0.00
25.01.2021;4:36:33;2.50;38.96;15.31;741.60;0.00;0.00;0.00
25.01.2021;4:37:33;2.53;38.97;15.31;741.61;0.00;0.00;0.00
25.01.2021;4:38:33;2.50;38.95;15.31;741.63;0.00;0.00;0.00
25.01.2021;4:39:33;2.50;39.00;15.30;741.63;0.00;0.00;0.00
25.01.2021;4:40:33;2.51;38.94;15.30;741.65;0.00;0.00;0.00
25.01.2021;4:41:33;2.50;38.98;15.30;741.65;0.00;0.00;0.00
25.01.2021;4:42:33;2.50;39.00;15.30;741.65;0.00;0.00;0.00
25.01.2021;4:43:33;2.50;39.02;15.31;741.65;0.00;0.00;0.00
25.01.2021;4:44:33;2.50;39.01;15.31;741.65;0.00;0.00;0.00
25.01.2021;4:45:33;2.50;39.05;15.30;741.64;0.00;0.00;0.00
25.01.2021;4:46:33;2.50;39.03;15.31;741.64;0.00;0.00;0.00
25.01.2021;4:47:33;2.50;39.06;15.32;741.63;0.00;0.00;0.00
25.01.2021;4:48:33;2.51;38.97;15.33;741.62;0.00;0.00;0.00
25.01.2021;4:49:33;2.50;38.96;15.34;741.61;0.00;0.00;0.00
25.01.2021;4:50:33;2.50;38.95;15.33;741.61;0.00;0.00;0.00
25.01.2021;4:51:33;2.53;39.02;15.33;741.62;0.00;0.00;0.00
25.01.2021;4:52:33;2.50;38.99;15.33;741.64;0.00;0.00;0.00
25.01.2021;4:53:33;2.50;38.95;15.32;741.66;0.00;0.00;0.00
25.01.2021;4:54:33;2.51;38.97;15.32;741.68;0.00;0.00;0.00
25.01.2021;4:55:33;2.50;38.97;15.33;741.69;0.00;0.00;0.00
25.01.2021;4:56:34;2.50;38.99;15.31;741.72;0.00;0.00;0.00
25.01.2021;4:57:34;2.50;39.07;15.31;741.72;0.00;0.00;0.00
25.01.2021;4:58:34;2.50;39.06;15.32;741.73;0.00;0.00;0.00
25.01.2021;4:59:34;2.50;39.00;15.31;741.73;0.00;0.00;0.00
25.01.2021;5:00:34;2.50;39.06;15.32;741.73;0.00;0.00;0.00
25.01.2021;5:01:34;2.50;39.02;15.34;741.73;0.00;0.00;0.00
25.01.2021;5:02:34;2.51;39.03;15.33;741.74;0.00;0.00;0.00
25.01.2021;5:03:34;2.50;39.06;15.32;741.74;0.00;0.00;0.00
25.01.2021;5:04:34;2.50;39.03;15.31;741.74;0.00;0.00;0.00
25.01.2021;5:05:34;2.53;39.09;15.32;741.75;0.00;0.00;0.00
25.01.2021;5:06:34;2.50;39.01;15.31;741.74;0.00;0.00;0.00
25.01.2021;5:07:34;2.50;39.14;15.30;741.73;0.00;0.00;0.00
25.01.2021;5:08:34;2.51;39.07;15.29;741.72;0.00;0.00;0.00
25.01.2021;5:09:34;2.50;39.12;15.29;741.72;0.00;0.00;0.00
25.01.2021;5:10:34;2.50;39.14;15.29;741.72;0.00;0.00;0.00
25.01.2021;5:11:34;2.50;39.16;15.29;741.70;0.00;0.00;0.00
25.01.2021;5:12:34;2.50;39.21;15.30;741.69;0.00;0.00;0.00
25.01.2021;5:13:34;2.50;39.13;15.31;741.69;0.00;0.00;0.00
25.01.2021;5:14:34;2.50;39.13;15.33;741.69;0.00;0.00;0.00
25.01.2021;5:15:34;2.50;39.09;15.32;741.68;0.00;0.00;0.00
25.01.2021;5:16:34;2.51;39.14;15.32;741.68;0.00;0.00;0.00
25.01.2021;5:17:34;2.50;39.11;15.31;741.68;0.00;0.00;0.00
25.01.2021;5:18:34;2.50;39.10;15.32;741.68;0.00;0.00;0.00
25.01.2021;5:19:34;2.53;39.09;15.31;741.68;0.00;0.00;0.00
25.01.2021;5:20:34;2.50;39.12;15.31;741.67;0.00;0.00;0.00
25.01.2021;5:21:34;2.50;39.14;15.32;741.65;0.00;0.00;0.00
25.01.2021;5:22:34;2.51;39.14;15.31;741.64;0.00;0.00;0.00
25.01.2021;5:23:34;2.50;39.11;15.31;741.63;0.00;0.00;0.00
25.01.2021;5:24:34;2.50;39.14;15.32;741.63;0.00;0.00;0.00
25.01.2021;5:25:34;2.50;39.12;15.33;741.62;0.00;0.00;0.00
25.01.2021;5:26:35;2.50;39.11;15.32;741.62;0.00;0.00;0.00
25.01.2021;5:27:35;2.50;39.10;15.33;741.61;0.00;0.00;0.00
25.01.2021;5:28:35;2.50;39.09;15.33;741.61;0.00;0.00;0.00
25.01.2021;5:29:35;2.50;39.11;15.33;741.60;0.00;0.00;0.00
25.01.2021;5:30:35;2.51;39.08;15.34;741.59;0.00;0.00;0.00
25.01.2021;5:31:35;2.50;39.14;15.34;741.60;0.00;0.00;0.00
25.01.2021;5:32:35;2.50;39.18;15.35;741.60;0.00;0.00;0.00
25.01.2021;5:33:35;2.53;39.06;15.34;741.57;0.00;0.00;0.00
25.01.2021;5:34:35;2.50;39.02;15.35;741.56;0.00;0.00;0.00
25.01.2021;5:35:35;2.50;39.06;15.35;741.54;0.00;0.00;0.00
25.01.2021;5:36:35;2.51;39.07;15.33;741.53;0.00;0.00;0.00
25.01.2021;5:37:35;2.50;39.08;15.31;741.53;0.00;0.00;0.00
25.01.2021;5:38:35;2.50;39.16;15.32;741.52;0.00;0.00;0.00
25.01.2021;5:39:35;2.50;39.12;15.33;741.52;0.00;0.00;0.00
25.01.2021;5:40:35;2.50;39.15;15.33;741.51;0.00;0.00;0.00
25.01.2021;5:41:35;2.50;39.12;15.34;741.50;0.00;0.00;0.00
25.01.2021;5:42:35;2.50;39.14;15.35;741.48;0.00;0.00;0.00
25.01.2021;5:43:35;2.50;39.12;15.35;741.47;0.00;0.00;0.00
25.01.2021;5:44:35;2.51;39.11;15.35;741.45;0.00;0.00;0.00
25.01.2021;5:45:35;2.50;39.15;15.34;741.43;0.00;0.00;0.00
25.01.2021;5:46:35;2.50;39.13;15.33;741.40;0.00;0.00;0.00
25.01.2021;5:47:35;2.53;39.19;15.33;741.38;0.00;0.00;0.00
25.01.2021;5:48:35;2.50;39.18;15.34;741.38;0.00;0.00;0.00
25.01.2021;5:49:35;2.50;39.15;15.36;741.36;0.00;0.00;0.00
25.01.2021;5:50:35;2.51;39.15;15.35;741.35;0.00;0.00;0.00
25.01.2021;5:51:35;2.50;39.12;15.36;741.34;0.00;0.00;0.00
25.01.2021;5:52:35;2.50;39.16;15.35;741.33;0.00;0.00;0.00
25.01.2021;5:53:35;2.50;39.16;15.35;741.32;0.00;0.00;0.00
25.01.2021;5:54:35;2.50;39.16;15.35;741.32;0.00;0.00;0.00
25.01.2021;5:55:36;2.50;39.13;15.36;741.31;0.00;0.00;0.00
25.01.2021;5:56:36;2.50;39.15;15.37;741.31;0.00;0.00;0.00
25.01.2021;5:57:36;2.50;39.15;15.37;741.35;0.00;0.00;0.00
25.01.2021;5:58:36;2.51;39.21;15.38;741.35;0.00;0.00;0.00
25.01.2021;5:59:36;2.50;39.12;15.40;741.36;0.00;0.00;0.00
25.01.2021;6:00:36;2.50;39.16;15.40;741.37;0.00;0.00;0.00
25.01.2021;6:01:36;2.53;39.10;15.40;741.37;0.00;0.00;0.00
25.01.2021;6:02:36;2.50;39.11;15.40;741.37;0.00;0.00;0.00
25.01.2021;6:03:36;2.50;39.11;15.39;741.39;0.00;0.00;0.00
25.01.2021;6:04:36;2.51;39.14;15.40;741.38;0.00;0.00;0.00
25.01.2021;6:05:36;2.50;39.10;15.41;741.39;0.00;0.00;0.00
25.01.2021;6:06:36;2.50;39.04;15.41;741.40;0.00;0.00;0.00
25.01.2021;6:07:36;2.50;39.08;15.40;741.43;0.00;0.00;0.00
25.01.2021;6:08:36;2.50;39.13;15.39;741.44;0.00;0.00;0.00
25.01.2021;6:09:36;2.50;39.12;15.39;741.43;0.00;0.00;0.00
25.01.2021;6:10:36;2.50;39.12;15.40;741.42;0.00;0.00;0.00
25.01.2021;6:11:36;2.50;39.09;15.40;741.41;0.00;0.00;0.00
25.01.2021;6:12:36;2.51;39.01;15.39;741.41;0.00;0.00;0.00
25.01.2021;6:13:36;2.50;39.08;15.38;741.41;0.00;0.00;0.00
25.01.2021;6:14:36;2.50;39.15;15.38;741.41;0.00;0.00;0.00
25.01.2021;6:15:36;2.53;39.16;15.37;741.41;0.00;0.00;0.00
25.01.2021;6:16:36;2.50;39.19;15.38;741.41;0.00;0.00;0.00
25.01.2021;6:17:36;2.50;39.15;15.38;741.41;0.00;0.00;0.00
25.01.2021;6:18:36;2.51;39.13;15.38;741.42;0.00;0.00;0.00
25.01.2021;6:19:36;2.50;39.20;15.37;741.41;0.00;0.00;0.00
25.01.2021;6:20:36;2.50;39.17;15.37;741.42;0.00;0.00;0.00
25.01.2021;6:21:36;2.50;39.20;15.36;741.42;0.00;0.00;0.00
25.01.2021;6:22:36;2.50;39.19;15.37;741.41;0.00;0.00;0.00
25.01.2021;6:23:36;2.50;39.21;15.37;741.39;0.00;0.00;0.00
25.01.2021;6:24:37;2.50;39.14;15.37;741.40;0.00;0.00;0.00
25.01.2021;6:25:37;2.50;39.20;15.37;741.40;0.00;0.00;0.00
25.01.2021;6:26:37;2.51;39.22;15.36;741.39;0.00;0.00;0.00
25.01.2021;6:27:37;2.50;39.16;15.36;741.39;0.00;0.00;0.00
25.01.2021;6:28:37;2.50;39.18;15.36;741.39;0.00;0.00;0.00
25.01.2021;6:29:37;2.53;39.26;15.32;741.38;0.00;0.00;0.00
25.01.2021;6:30:37;2.50;39.28;15.31;741.38;0.00;0.00;0.00
25.01.2021;6:31:37;2.50;39.29;15.33;741.39;0.00;0.00;0.00
25.01.2021;6:32:37;2.51;39.28;15.34;741.39;0.00;0.00;0.00
25.01.2021;6:33:37;2.50;39.25;15.35;741.39;0.00;0.00;0.00
25.01.2021;6:34:37;2.50;39.28;15.33;741.41;0.00;0.00;0.00
25.01.2021;6:35:37;2.50;39.33;15.33;741.42;0.00;0.00;0.00
25.01.2021;6:36:37;2.50;39.35;15.32;741.42;0.00;0.00;0.00
25.01.2021;6:37:37;2.50;39.28;15.33;741.41;0.00;0.00;0.00
25.01.2021;6:38:37;2.50;39.35;15.33;741.42;0.00;0.00;0.00
25.01.2021;6:39:37;2.50;39.29;15.33;741.40;0.00;0.00;0.00
25.01.2021;6:40:37;2.51;39.25;15.33;741.40;0.00;0.00;0.00
25.01.2021;6:41:37;2.50;39.34;15.31;741.39;0.00;0.00;0.00
25.01.2021;6:42:37;2.50;39.34;15.31;741.40;0.00;0.00;0.00
25.01.2021;6:43:37;2.53;39.36;15.29;741.41;0.00;0.00;0.00
25.01.2021;6:44:37;2.50;39.35;15.29;741.39;0.00;0.00;0.00
25.01.2021;6:45:37;2.50;39.35;15.29;741.37;0.00;0.00;0.00
25.01.2021;6:46:37;2.51;39.33;15.27;741.35;0.00;0.00;0.00
25.01.2021;6:47:37;2.50;39.40;15.27;741.33;0.00;0.00;0.00
25.01.2021;6:48:37;2.50;39.51;15.26;741.31;0.00;0.00;0.00
25.01.2021;6:49:37;2.50;39.50;15.26;741.30;0.00;0.00;0.00
25.01.2021;6:50:37;2.50;39.54;15.28;741.30;0.00;0.00;0.00
25.01.2021;6:51:37;2.50;39.42;15.29;741.30;0.00;0.00;0.00
25.01.2021;6:52:37;2.50;39.44;15.29;741.29;0.00;0.00;0.00
25.01.2021;6:53:38;2.50;39.44;15.29;741.29;0.00;0.00;0.00
25.01.2021;6:54:38;2.51;39.49;15.27;741.31;0.00;0.00;0.00
25.01.2021;6:55:38;2.50;39.56;15.26;741.32;0.00;0.00;0.00
25.01.2021;6:56:38;2.50;39.54;15.27;741.34;0.00;0.00;0.00
25.01.2021;6:57:38;2.53;39.49;15.28;741.34;0.00;0.00;0.00
25.01.2021;6:58:38;2.50;39.46;15.29;741.35;0.00;0.00;0.00
25.01.2021;6:59:38;2.50;39.50;15.30;741.36;0.00;0.00;0.00
25.01.2021;7:00:38;2.51;39.47;15.30;741.35;0.00;0.00;0.00
25.01.2021;7:01:38;2.50;39.49;15.30;741.35;0.00;0.00;0.00
25.01.2021;7:02:38;2.50;39.50;15.30;741.34;0.00;0.00;0.00
25.01.2021;7:03:38;2.50;39.53;15.31;741.33;0.00;0.00;0.00
25.01.2021;7:04:38;2.50;39.42;15.32;741.33;0.00;0.00;0.00
25.01.2021;7:05:38;2.50;39.46;15.32;741.30;0.00;0.00;0.00
25.01.2021;7:06:38;2.50;39.47;15.29;741.28;0.00;0.00;0.00
25.01.2021;7:07:38;2.50;39.45;15.30;741.26;0.00;0.00;0.00
25.01.2021;7:08:38;2.51;39.48;15.29;741.24;0.00;0.00;0.00
25.01.2021;7:09:38;2.50;39.52;15.30;741.24;0.00;0.00;0.00
25.01.2021;7:10:38;2.50;39.44;15.30;741.23;0.00;0.00;0.00
25.01.2021;7:11:38;2.57;39.49;15.27;741.23;0.00;0.00;0.00
25.01.2021;7:12:38;2.97;39.55;15.28;741.24;0.00;0.00;0.00
25.01.2021;7:13:38;3.31;39.54;15.30;741.25;0.00;0.00;0.00
25.01.2021;7:14:38;3.33;39.55;15.31;741.25;0.00;0.00;0.00
25.01.2021;7:15:38;3.33;39.47;15.31;741.26;0.00;0.00;0.00
25.01.2021;7:16:38;3.33;39.53;15.30;741.26;0.00;0.00;0.00
25.01.2021;7:17:38;3.33;39.40;15.30;741.26;0.00;0.00;0.00
25.01.2021;7:18:38;3.33;39.46;15.32;741.27;0.00;0.00;0.00
25.01.2021;7:19:38;3.33;39.57;15.31;741.26;0.00;0.00;0.00
25.01.2021;7:20:38;3.58;39.57;15.31;741.26;0.00;0.00;0.00
25.01.2021;7:21:38;4.17;39.51;15.31;741.26;0.00;0.00;0.00
25.01.2021;7:22:39;4.18;39.56;15.32;741.26;0.00;0.00;0.00
25.01.2021;7:23:39;4.40;39.54;15.32;741.28;0.00;0.00;0.00
25.01.2021;7:24:39;5.00;39.44;15.33;741.29;0.00;0.00;0.00
25.01.2021;7:25:39;5.03;39.40;15.33;741.30;0.00;0.00;0.00
25.01.2021;7:26:39;5.39;39.42;15.33;741.32;0.00;0.00;0.00
25.01.2021;7:27:39;5.83;39.43;15.33;741.33;0.00;0.00;0.00
25.01.2021;7:28:39;6.68;39.46;15.33;741.35;0.00;0.00;0.00
25.01.2021;7:29:39;7.82;39.42;15.33;741.36;0.01;0.00;0.00
25.01.2021;7:30:39;7.50;39.44;15.33;741.38;0.00;0.00;0.00
25.01.2021;7:31:39;7.88;39.46;15.33;741.39;0.00;0.00;0.00
25.01.2021;7:32:39;8.43;39.45;15.32;741.40;0.00;0.00;0.00
25.01.2021;7:33:39;9.65;39.49;15.32;741.43;0.01;0.00;0.00
25.01.2021;7:34:39;11.08;39.49;15.34;741.44;0.01;0.00;0.00
25.01.2021;7:35:39;12.40;39.48;15.32;741.44;0.02;0.00;0.00
25.01.2021;7:36:39;13.67;39.48;15.32;741.42;0.02;0.00;0.00
25.01.2021;7:37:39;14.85;39.45;15.33;741.42;0.02;0.00;0.00
25.01.2021;7:38:39;15.31;39.46;15.34;741.43;0.02;0.00;0.00
25.01.2021;7:39:39;16.00;39.42;15.35;741.44;0.02;0.00;0.00
25.01.2021;7:40:39;16.58;39.44;15.33;741.44;0.02;0.00;0.00
25.01.2021;7:41:39;16.62;39.50;15.33;741.47;0.01;0.00;0.00
25.01.2021;7:42:39;16.11;39.49;15.33;741.49;0.01;0.00;0.00
25.01.2021;7:43:39;17.14;39.50;15.33;741.52;0.01;0.00;0.00
25.01.2021;7:44:39;16.81;39.46;15.35;741.53;0.00;0.00;0.00
25.01.2021;7:45:39;15.21;39.44;15.34;741.53;0.00;0.00;0.00
25.01.2021;7:46:39;17.44;39.46;15.32;741.53;0.01;0.00;0.00
25.01.2021;7:47:39;22.54;39.51;15.33;741.51;0.03;0.00;0.00
25.01.2021;7:48:39;22.61;39.50;15.34;741.50;0.03;0.00;0.00
25.01.2021;7:49:39;25.08;39.51;15.36;741.48;0.04;0.00;0.00
25.01.2021;7:50:40;25.96;39.45;15.34;741.46;0.04;0.00;0.00
25.01.2021;7:51:40;29.76;39.45;15.34;741.45;0.06;0.00;0.00
25.01.2021;7:52:40;30.52;39.45;15.35;741.46;0.06;0.00;0.00
25.01.2021;7:53:40;33.56;39.45;15.35;741.48;0.08;0.00;0.00
25.01.2021;7:54:40;31.04;39.48;15.34;741.49;0.06;0.00;0.00
25.01.2021;7:55:40;35.41;39.44;15.33;741.51;0.08;0.00;0.00
25.01.2021;7:56:40;38.01;39.55;15.34;741.51;0.09;0.00;0.00
25.01.2021;7:57:40;39.90;39.46;15.34;741.52;0.10;0.00;0.00
25.01.2021;7:58:40;49.49;39.47;15.35;741.53;0.14;0.00;0.00
25.01.2021;7:59:40;58.81;39.49;15.36;741.53;0.17;0.00;0.00
25.01.2021;8:00:40;62.27;39.51;15.38;741.52;0.19;0.00;0.00
25.01.2021;8:01:40;69.47;39.45;15.39;741.52;0.22;0.00;0.00
25.01.2021;8:02:40;75.15;39.41;15.39;741.52;0.24;0.00;0.00
25.01.2021;8:03:40;77.15;39.42;15.39;741.52;0.25;0.00;0.00
25.01.2021;8:04:40;85.17;39.41;15.41;741.53;0.28;0.00;0.00
25.01.2021;8:05:40;87.96;39.37;15.42;741.52;0.29;0.00;0.00
25.01.2021;8:06:40;95.97;39.35;15.41;741.51;0.32;0.00;0.00
25.01.2021;8:07:40;88.36;39.39;15.41;741.51;0.28;0.00;0.00
25.01.2021;8:08:40;93.92;39.38;15.42;741.52;0.31;0.00;0.00
25.01.2021;8:09:40;113.36;39.25;15.40;741.48;0.39;0.00;0.00
25.01.2021;8:10:40;117.62;39.30;15.39;741.45;0.40;0.00;0.00
25.01.2021;8:11:40;134.26;39.42;15.42;741.43;0.47;0.09;0.04
25.01.2021;8:12:40;130.86;39.45;15.43;741.43;0.45;0.06;0.03
25.01.2021;8:13:40;136.10;39.34;15.43;741.44;0.47;0.10;0.05
25.01.2021;8:14:40;131.88;39.36;15.43;741.44;0.47;0.09;0.04
25.01.2021;8:15:40;135.74;39.41;15.44;741.42;0.47;0.09;0.04
25.01.2021;8:16:41;129.01;39.33;15.46;741.42;0.44;0.03;0.01
25.01.2021;8:17:41;132.71;39.34;15.46;741.43;0.46;0.08;0.03
25.01.2021;8:18:41;151.60;39.25;15.45;741.44;0.53;0.21;0.11
25.01.2021;8:19:41;151.68;39.26;15.46;741.40;0.52;0.19;0.10
25.01.2021;8:20:41;167.32;39.28;15.47;741.37;0.58;0.30;0.17
25.01.2021;8:21:41;168.93;39.35;15.48;741.34;0.58;0.28;0.16
25.01.2021;8:22:41;164.62;39.31;15.48;741.34;0.55;0.26;0.14
25.01.2021;8:23:41;161.96;39.26;15.49;741.35;0.54;0.22;0.12
25.01.2021;8:24:41;166.21;39.27;15.48;741.34;0.55;0.26;0.14
25.01.2021;8:25:41;186.22;39.23;15.49;741.32;0.63;0.37;0.24
25.01.2021;8:26:41;195.86;39.25;15.50;741.30;0.65;0.41;0.27
25.01.2021;8:27:41;186.81;39.21;15.54;741.31;0.62;0.35;0.21
25.01.2021;8:28:41;194.79;39.17;15.56;741.29;0.66;0.41;0.27
25.01.2021;8:29:41;230.08;39.11;15.56;741.25;0.77;0.60;0.46
25.01.2021;8:30:41;227.47;39.09;15.57;741.23;0.75;0.56;0.42
25.01.2021;8:31:41;202.23;39.11;15.57;741.22;0.67;0.45;0.30
25.01.2021;8:32:41;245.58;39.07;15.58;741.22;0.82;0.68;0.56
25.01.2021;8:33:41;241.78;39.13;15.57;741.23;0.80;0.63;0.50
25.01.2021;8:34:41;233.39;39.08;15.57;741.24;0.77;0.59;0.46
25.01.2021;8:35:41;234.07;39.06;15.55;741.25;0.77;0.59;0.45
25.01.2021;8:36:41;228.33;39.08;15.54;741.24;0.75;0.57;0.43
25.01.2021;8:37:41;226.42;39.13;15.55;741.24;0.74;0.54;0.40
25.01.2021;8:38:41;234.89;39.09;15.56;741.26;0.78;0.60;0.47
25.01.2021;8:39:41;234.76;39.13;15.56;741.30;0.78;0.61;0.47
25.01.2021;8:40:41;253.15;39.08;15.57;741.34;0.83;0.69;0.58
25.01.2021;8:41:41;265.18;39.09;15.57;741.35;0.86;0.75;0.65
25.01.2021;8:42:42;231.18;39.15;15.57;741.37;0.75;0.56;0.42
25.01.2021;8:43:42;249.08;39.12;15.57;741.37;0.81;0.66;0.54
25.01.2021;8:44:42;270.69;39.08;15.57;741.36;0.88;0.77;0.68
25.01.2021;8:45:42;268.98;39.12;15.58;741.39;0.87;0.77;0.67
25.01.2021;8:46:42;249.56;39.18;15.57;741.41;0.80;0.65;0.52
25.01.2021;8:47:42;254.85;39.12;15.58;741.44;0.83;0.70;0.58
25.01.2021;8:48:42;259.84;39.05;15.59;741.45;0.85;0.72;0.61
25.01.2021;8:49:42;276.25;39.08;15.59;741.44;0.90;0.80;0.72
25.01.2021;8:50:42;305.97;39.08;15.59;741.40;0.99;0.96;0.95
25.01.2021;8:51:42;306.76;39.04;15.60;741.39;0.98;0.93;0.91
25.01.2021;8:52:42;297.29;39.08;15.61;741.43;0.96;0.91;0.87
25.01.2021;8:53:42;293.86;39.00;15.60;741.45;0.94;0.87;0.82
25.01.2021;8:54:42;275.93;39.05;15.60;741.45;0.88;0.78;0.69
25.01.2021;8:55:42;278.79;39.05;15.60;741.42;0.88;0.78;0.69
25.01.2021;8:56:42;289.47;39.08;15.60;741.41;0.92;0.84;0.77
25.01.2021;8:57:42;285.76;39.11;15.61;741.40;0.90;0.81;0.73
25.01.2021;8:58:42;286.22;38.99;15.61;741.38;0.90;0.81;0.73
25.01.2021;8:59:42;300.96;38.98;15.61;741.35;0.95;0.90;0.86
25.01.2021;9:00:42;323.84;39.01;15.61;741.32;1.02;0.99;1.00
25.01.2021;9:01:42;292.81;39.09;15.62;741.34;0.92;0.83;0.76
25.01.2021;9:02:42;296.17;39.01;15.61;741.36;0.93;0.87;0.81
25.01.2021;9:03:42;293.01;39.08;15.60;741.37;0.92;0.84;0.77
25.01.2021;9:04:42;285.79;38.96;15.60;741.38;0.89;0.79;0.70
25.01.2021;9:05:42;291.24;39.04;15.60;741.37;0.91;0.83;0.75
25.01.2021;9:06:42;285.46;39.05;15.61;741.34;0.89;0.79;0.70
25.01.2021;9:07:42;298.62;39.04;15.62;741.34;0.94;0.87;0.81
25.01.2021;9:08:43;302.19;39.04;15.63;741.37;0.94;0.87;0.81
25.01.2021;9:09:43;300.40;39.04;15.64;741.37;0.93;0.86;0.80
25.01.2021;9:10:43;310.73;39.00;15.64;741.38;0.97;0.92;0.90
25.01.2021;9:11:43;328.69;38.93;15.65;741.37;1.02;1.01;1.02
25.01.2021;9:12:43;317.36;38.88;15.65;741.40;0.98;0.94;0.93
25.01.2021;9:13:43;308.82;38.94;15.65;741.42;0.95;0.89;0.85
25.01.2021;9:14:43;293.52;39.02;15.65;741.42;0.90;0.81;0.73
25.01.2021;9:15:43;298.43;39.02;15.64;741.40;0.93;0.85;0.79
25.01.2021;9:16:43;318.47;38.95;15.66;741.39;0.98;0.95;0.94
25.01.2021;9:17:43;303.70;38.94;15.67;741.39;0.93;0.86;0.80
25.01.2021;9:18:43;301.25;38.92;15.66;741.41;0.92;0.84;0.77
25.01.2021;9:19:43;295.24;39.02;15.64;741.43;0.90;0.82;0.74
25.01.2021;9:20:43;297.60;39.20;15.64;741.44;0.91;0.84;0.77
25.01.2021;9:21:43;333.43;39.23;15.65;741.45;1.02;1.00;1.03
25.01.2021;9:22:43;338.09;39.39;15.64;741.44;1.03;1.02;1.05
25.01.2021;9:23:43;334.32;39.54;15.65;741.42;1.02;1.00;1.02
25.01.2021;9:24:43;336.67;39.58;15.69;741.41;1.03;1.02;1.05
25.01.2021;9:25:43;341.35;39.83;15.71;741.41;1.05;1.06;1.11
25.01.2021;9:26:43;351.79;39.87;15.74;741.42;1.08;1.11;1.19
25.01.2021;9:27:43;350.46;40.00;15.77;741.41;1.08;1.11;1.20
25.01.2021;9:28:43;376.89;40.05;15.82;741.37;1.16;1.25;1.45
25.01.2021;9:29:43;475.58;39.98;15.86;741.31;1.44;1.70;2.44
25.01.2021;9:30:43;479.24;40.24;15.91;741.29;1.43;1.70;2.42
25.01.2021;9:31:43;444.73;40.43;15.92;741.27;1.33;1.53;2.04
25.01.2021;9:32:43;449.24;40.30;15.97;741.24;1.35;1.58;2.13
25.01.2021;9:33:43;436.93;40.06;16.01;741.24;1.31;1.50;1.97
25.01.2021;9:34:44;442.16;40.16;16.03;741.26;1.34;1.53;2.05
25.01.2021;9:35:44;449.32;40.62;16.06;741.25;1.36;1.58;2.16
25.01.2021;9:36:44;487.56;40.23;16.10;741.23;1.48;1.78;2.62
25.01.2021;9:37:44;513.08;40.20;16.09;741.22;1.53;1.86;2.84
25.01.2021;9:38:44;489.39;40.27;16.13;741.21;1.47;1.76;2.59
25.01.2021;9:39:44;518.29;40.32;16.15;741.20;1.55;1.89;2.92
25.01.2021;9:40:44;513.51;40.52;16.23;741.20;1.54;1.87;2.87
25.01.2021;9:41:44;564.52;40.35;16.30;741.20;1.69;2.09;3.52
25.01.2021;9:42:44;673.50;40.29;16.38;741.19;1.98;2.56;5.08
25.01.2021;9:43:44;718.57;40.05;16.48;741.21;2.11;2.78;5.86
25.01.2021;9:44:44;749.00;39.89;16.56;741.23;2.18;2.91;6.33
25.01.2021;9:45:44;665.08;39.70;16.62;741.24;1.95;2.48;4.83
25.01.2021;9:46:44;774.44;39.64;16.69;741.25;2.24;3.01;6.74
25.01.2021;9:47:44;739.76;39.40;16.72;741.25;2.11;2.78;5.87
25.01.2021;9:48:44;689.48;39.35;16.73;741.27;1.99;2.57;5.10
25.01.2021;9:49:44;707.62;39.33;16.77;741.24;2.04;2.66;5.44
25.01.2021;9:50:44;723.63;39.10;16.87;741.21;2.08;2.74;5.71
25.01.2021;9:51:44;693.69;38.71;16.93;741.18;2.00;2.58;5.15
25.01.2021;9:52:44;706.96;38.68;16.98;741.16;2.03;2.63;5.33
25.01.2021;9:53:44;768.63;38.51;16.96;741.13;2.16;2.88;6.22
25.01.2021;9:54:44;822.38;38.72;16.98;741.10;2.31;3.12;7.21
25.01.2021;9:55:44;762.42;38.55;17.01;741.11;2.09;2.76;5.77
25.01.2021;9:56:44;658.07;38.64;16.98;741.11;1.87;2.34;4.39
25.01.2021;9:57:44;658.08;38.70;16.97;741.09;1.87;2.33;4.36
25.01.2021;9:58:44;693.47;38.70;16.95;741.06;1.96;2.52;4.93
25.01.2021;9:59:45;659.63;38.74;16.96;741.05;1.85;2.33;4.32
25.01.2021;10:00:45;610.30;38.66;16.96;741.02;1.75;2.14;3.74
25.01.2021;10:01:45;662.96;38.73;16.97;741.01;1.89;2.37;4.47
25.01.2021;10:02:45;662.58;39.01;17.02;741.03;1.89;2.37;4.48
25.01.2021;10:03:45;701.02;38.73;17.09;741.06;1.97;2.53;4.99
25.01.2021;10:04:45;652.47;38.64;17.13;741.07;1.85;2.30;4.25
25.01.2021;10:05:45;577.15;38.61;17.14;741.12;1.66;2.07;3.43
25.01.2021;10:06:45;530.07;38.61;17.13;741.13;1.53;1.86;2.84
25.01.2021;10:07:45;568.50;38.50;17.15;741.11;1.67;2.05;3.43
25.01.2021;10:08:45;652.27;38.68;17.18;741.11;1.87;2.35;4.39
25.01.2021;10:09:45;672.86;38.39;17.23;741.13;1.90;2.39;4.53
25.01.2021;10:10:45;721.69;38.40;17.25;741.11;2.03;2.64;5.37
25.01.2021;10:11:45;769.99;38.28;17.29;741.08;2.10;2.78;5.84
25.01.2021;10:12:45;657.54;38.28;17.29;741.08;1.84;2.27;4.18
25.01.2021;10:13:45;632.26;38.20;17.29;741.06;1.81;2.22;4.01
25.01.2021;10:14:45;689.42;38.31;17.27;741.05;1.93;2.45;4.74
25.01.2021;10:15:45;699.34;38.28;17.29;741.08;1.96;2.51;4.91
25.01.2021;10:16:45;757.24;38.20;17.29;741.11;2.09;2.77;5.81
25.01.2021;10:17:45;708.52;38.18;17.29;741.12;2.00;2.59;5.19
25.01.2021;10:18:45;837.79;38.25;17.30;741.10;2.30;3.11;7.13
25.01.2021;10:19:45;830.21;38.25;17.32;741.07;2.26;3.04;6.87
25.01.2021;10:20:45;811.53;38.27;17.35;741.05;2.22;2.98;6.60
25.01.2021;10:21:45;779.21;38.39;17.37;741.05;2.16;2.88;6.23
25.01.2021;10:22:45;800.82;38.50;17.43;741.03;2.21;2.96;6.55
25.01.2021;10:23:45;795.89;38.28;17.45;741.04;2.20;2.93;6.43
25.01.2021;10:24:46;806.61;38.04;17.48;741.05;2.22;2.99;6.63
25.01.2021;10:25:46;855.93;38.01;17.51;741.05;2.35;3.19;7.50
25.01.2021;10:26:46;875.03;37.97;17.53;741.06;2.37;3.24;7.68
25.01.2021;10:27:46;823.31;37.84;17.56;741.09;2.26;3.04;6.87
25.01.2021;10:28:46;863.38;37.95;17.53;741.08;2.35;3.19;7.50
25.01.2021;10:29:46;893.43;38.08;17.57;741.04;2.40;3.27;7.84
25.01.2021;10:30:46;797.44;38.10;17.61;740.99;2.19;2.93;6.43
25.01.2021;10:31:46;853.46;38.07;17.62;740.97;2.33;3.16;7.35
25.01.2021;10:32:46;838.71;37.96;17.60;740.96;2.27;3.06;6.96
25.01.2021;10:33:46;759.85;37.92;17.62;740.96;2.09;2.75;5.74
25.01.2021;10:34:46;637.16;37.87;17.59;740.96;1.81;2.22;4.00
25.01.2021;10:35:46;648.46;38.03;17.59;740.96;1.86;2.31;4.29
25.01.2021;10:36:46;636.03;38.12;17.60;740.98;1.82;2.24;4.09
25.01.2021;10:37:46;649.77;38.39;17.62;740.99;1.85;2.30;4.26
25.01.2021;10:38:46;689.38;38.15;17.65;740.99;1.94;2.48;4.81
25.01.2021;10:39:46;634.39;38.10;17.68;741.01;1.81;2.21;4.00
25.01.2021;10:40:46;639.35;37.91;17.70;741.00;1.82;2.23;4.06
25.01.2021;10:41:46;634.63;37.75;17.68;740.97;1.81;2.25;4.07
25.01.2021;10:42:46;665.96;37.79;17.66;740.91;1.89;2.37;4.47
25.01.2021;10:43:46;702.51;37.87;17.65;740.88;1.98;2.55;5.06
25.01.2021;10:44:46;788.28;37.79;17.67;740.84;2.17;2.90;6.31
25.01.2021;10:45:46;761.94;37.78;17.68;740.82;2.11;2.78;5.85
25.01.2021;10:46:46;770.06;37.82;17.65;740.83;2.13;2.83;6.02
25.01.2021;10:47:46;774.54;37.85;17.64;740.83;2.13;2.83;6.04
25.01.2021;10:48:47;720.71;37.96;17.66;740.83;2.01;2.61;5.26
25.01.2021;10:49:47;755.82;37.98;17.67;740.82;2.10;2.77;5.82
25.01.2021;10:50:47;749.11;37.97;17.66;740.80;2.07;2.72;5.64
25.01.2021;10:51:47;653.09;37.99;17.64;740.84;1.84;2.28;4.21
25.01.2021;10:52:47;675.78;38.08;17.63;740.84;1.91;2.41;4.60
25.01.2021;10:53:47;675.78;38.18;17.65;740.84;1.91;2.41;4.59
25.01.2021;10:54:47;636.62;38.19;17.67;740.82;1.80;2.22;4.00
25.01.2021;10:55:47;608.26;38.13;17.68;740.79;1.73;2.16;3.74
25.01.2021;10:56:47;622.75;38.02;17.68;740.79;1.78;2.19;3.89
25.01.2021;10:57:47;631.82;38.06;17.68;740.79;1.80;2.19;3.95
25.01.2021;10:58:47;633.44;38.06;17.66;740.78;1.80;2.20;3.95
25.01.2021;10:59:47;645.86;37.98;17.66;740.76;1.83;2.26;4.13
25.01.2021;11:00:47;612.10;38.13;17.65;740.75;1.74;2.16;3.75
25.01.2021;11:01:47;586.19;38.17;17.63;740.75;1.68;2.10;3.53
25.01.2021;11:02:47;628.18;38.25;17.64;740.74;1.78;2.19;3.90
25.01.2021;11:03:47;589.60;38.33;17.63;740.73;1.68;2.11;3.54
25.01.2021;11:04:47;574.99;38.12;17.64;740.74;1.65;2.06;3.39
25.01.2021;11:05:47;590.50;38.31;17.61;740.70;1.69;2.11;3.56
25.01.2021;11:06:47;600.76;38.41;17.63;740.69;1.72;2.13;3.66
25.01.2021;11:07:47;627.33;38.33;17.66;740.70;1.78;2.19;3.89
25.01.2021;11:08:47;603.23;38.31;17.67;740.72;1.72;2.13;3.65
25.01.2021;11:09:47;573.67;38.13;17.69;740.75;1.64;2.05;3.37
25.01.2021;11:10:47;591.53;38.03;17.68;740.74;1.69;2.10;3.56
25.01.2021;11:11:47;616.47;37.97;17.68;740.71;1.76;2.17;3.81
25.01.2021;11:12:47;647.82;38.38;17.67;740.69;1.84;2.29;4.20
25.01.2021;11:13:48;670.32;38.40;17.72;740.65;1.89;2.37;4.48
25.01.2021;11:14:48;720.47;38.27;17.75;740.61;2.01;2.62;5.27
25.01.2021;11:15:48;743.00;38.23;17.79;740.56;2.07;2.72;5.61
25.01.2021;11:16:48;800.62;38.17;17.79;740.51;2.20;2.94;6.45
25.01.2021;11:17:48;814.83;38.02;17.84;740.50;2.22;2.98;6.62
25.01.2021;11:18:48;788.43;38.00;17.81;740.50;2.16;2.88;6.23
25.01.2021;11:19:48;756.83;38.11;17.81;740.51;2.09;2.74;5.73
25.01.2021;11:20:48;768.91;38.15;17.82;740.51;2.12;2.81;5.95
25.01.2021;11:21:48;779.01;38.34;17.80;740.51;2.14;2.85;6.10
25.01.2021;11:22:48;765.25;38.16;17.80;740.56;2.10;2.78;5.84
25.01.2021;11:23:48;711.53;38.08;17.84;740.57;1.98;2.55;5.03
25.01.2021;11:24:48;675.85;38.08;17.84;740.59;1.89;2.39;4.52
25.01.2021;11:25:48;693.29;38.10;17.81;740.60;1.94;2.48;4.82
25.01.2021;11:26:48;703.57;38.12;17.82;740.61;1.96;2.53;4.97
25.01.2021;11:27:48;727.40;38.17;17.81;740.60;2.02;2.63;5.31
25.01.2021;11:28:48;800.01;38.17;17.83;740.53;2.19;2.93;6.43
25.01.2021;11:29:48;884.76;38.05;17.85;740.47;2.37;3.22;7.64
25.01.2021;11:30:48;982.32;38.00;17.93;740.45;2.56;3.56;9.13
25.01.2021;11:31:48;884.37;38.04;18.00;740.43;2.36;3.20;7.54
25.01.2021;11:32:48;874.56;37.85;18.01;740.44;2.34;3.17;7.42
25.01.2021;11:33:48;888.46;37.75;18.03;740.44;2.38;3.25;7.73
25.01.2021;11:34:48;999.24;37.70;18.04;740.40;2.59;3.60;9.32
25.01.2021;11:35:48;919.05;37.70;18.04;740.41;2.43;3.32;8.06
25.01.2021;11:36:48;845.11;37.78;18.04;740.44;2.28;3.07;7.01
25.01.2021;11:37:49;940.49;37.83;18.03;740.43;2.48;3.40;8.44
25.01.2021;11:38:49;1072.47;37.78;18.06;740.42;2.72;3.82;10.39
25.01.2021;11:39:49;971.93;37.78;18.07;740.42;2.53;3.49;8.84
25.01.2021;11:40:49;879.55;37.72;18.09;740.44;2.35;3.18;7.47
25.01.2021;11:41:49;892.06;37.71;18.11;740.45;2.37;3.24;7.68
25.01.2021;11:42:49;834.75;37.68;18.08;740.43;2.25;3.03;6.82
25.01.2021;11:43:49;842.18;37.68;18.08;740.39;2.26;3.06;6.90
25.01.2021;11:44:49;800.92;37.64;18.08;740.36;2.17;2.89;6.28
25.01.2021;11:45:49;826.58;37.72;18.08;740.35;2.23;2.99;6.65
25.01.2021;11:46:49;846.08;37.74;18.08;740.34;2.27;3.07;6.99
25.01.2021;11:47:49;859.56;37.67;18.08;740.34;2.30;3.11;7.15
25.01.2021;11:48:49;924.68;37.73;18.09;740.33;2.44;3.34;8.14
25.01.2021;11:49:49;951.65;37.67;18.12;740.33;2.49;3.41;8.50
25.01.2021;11:50:49;936.36;37.67;18.13;740.33;2.46;3.37;8.29
25.01.2021;11:51:49;980.53;37.71;18.14;740.33;2.56;3.54;9.05
25.01.2021;11:52:49;1172.77;37.77;18.20;740.30;2.89;4.09;11.81
25.01.2021;11:53:49;1054.11;37.78;18.19;740.29;2.69;3.76;10.09
25.01.2021;11:54:49;1069.27;37.79;18.22;740.28;2.70;3.77;10.18
25.01.2021;11:55:49;995.90;37.57;18.26;740.29;2.58;3.60;9.29
25.01.2021;11:56:49;1005.75;37.51;18.30;740.29;2.59;3.60;9.32
25.01.2021;11:57:49;1041.45;37.56;18.35;740.26;2.67;3.72;9.93
25.01.2021;11:58:49;1019.15;37.70;18.39;740.22;2.62;3.64;9.52
25.01.2021;11:59:49;1011.81;37.58;18.43;740.20;2.59;3.61;9.35
25.01.2021;12:00:49;1070.71;37.36;18.48;740.18;2.72;3.80;10.34
25.01.2021;12:01:50;1136.53;37.21;18.54;740.15;2.82;3.97;11.20
25.01.2021;12:02:50;1132.73;36.92;18.59;740.15;2.82;3.97;11.21
25.01.2021;12:03:50;1148.24;36.91;18.61;740.14;2.84;4.01;11.38
25.01.2021;12:04:50;1200.48;36.85;18.63;740.11;2.94;4.19;12.33
25.01.2021;12:05:50;1278.57;36.88;18.66;740.07;3.04;4.35;13.24
25.01.2021;12:06:50;1333.87;36.74;18.69;740.04;3.13;4.49;14.04
25.01.2021;12:07:50;1287.80;36.84;18.68;740.01;3.04;4.34;13.18
25.01.2021;12:08:50;1107.42;36.74;18.68;740.01;2.76;3.87;10.70
25.01.2021;12:09:50;1109.35;36.69;18.66;739.99;2.76;3.88;10.72
25.01.2021;12:10:50;1072.44;36.73;18.65;739.97;2.68;3.74;10.04
25.01.2021;12:11:50;967.32;36.91;18.59;739.95;2.50;3.43;8.57
25.01.2021;12:12:50;1051.82;37.22;18.53;739.91;2.67;3.72;9.92
25.01.2021;12:13:50;1104.29;37.18;18.56;739.85;2.75;3.84;10.56
25.01.2021;12:14:50;957.66;37.16;18.58;739.82;2.47;3.40;8.41
25.01.2021;12:15:50;853.71;36.95;18.62;739.82;2.25;3.05;6.87
25.01.2021;12:16:50;755.80;36.92;18.62;739.84;2.04;2.67;5.46
25.01.2021;12:17:50;722.17;36.88;18.63;739.86;1.97;2.53;4.97
25.01.2021;12:18:50;655.92;36.96;18.58;739.87;1.81;2.23;4.04
25.01.2021;12:19:50;644.05;36.98;18.56;739.87;1.78;2.20;3.92
25.01.2021;12:20:50;619.99;37.18;18.51;739.85;1.73;2.14;3.69
25.01.2021;12:21:50;658.47;37.25;18.50;739.82;1.82;2.24;4.08
25.01.2021;12:22:50;631.88;37.07;18.51;739.78;1.75;2.16;3.77
25.01.2021;12:23:50;639.83;37.10;18.49;739.76;1.77;2.17;3.85
25.01.2021;12:24:51;649.65;37.11;18.46;739.74;1.80;2.22;4.00
25.01.2021;12:25:51;715.53;37.17;18.43;739.71;1.96;2.50;4.90
25.01.2021;12:26:51;742.29;37.27;18.42;739.68;2.01;2.62;5.27
25.01.2021;12:27:51;656.94;37.42;18.38;739.67;1.80;2.23;4.01
25.01.2021;12:28:51;592.79;37.45;18.33;739.66;1.65;2.06;3.40
25.01.2021;12:29:51;627.19;37.60;18.28;739.64;1.74;2.15;3.74
25.01.2021;12:30:51;597.43;37.67;18.25;739.63;1.65;2.07;3.43
25.01.2021;12:31:51;588.42;37.66;18.21;739.63;1.64;2.05;3.35
25.01.2021;12:32:51;595.72;37.83;18.19;739.62;1.66;2.07;3.43
25.01.2021;12:33:51;557.66;38.00;18.15;739.64;1.55;1.90;2.95
25.01.2021;12:34:51;593.61;38.34;18.12;739.65;1.65;2.04;3.37
25.01.2021;12:35:51;648.10;38.10;18.18;739.64;1.80;2.21;3.98
25.01.2021;12:36:51;582.33;37.89;18.16;739.64;1.63;2.02;3.28
25.01.2021;12:37:51;597.01;37.86;18.18;739.63;1.66;2.08;3.45
25.01.2021;12:38:51;596.48;37.93;18.16;739.62;1.66;2.07;3.44
25.01.2021;12:39:51;624.78;38.19;18.11;739.58;1.73;2.14;3.71
25.01.2021;12:40:51;574.90;38.44;18.10;739.57;1.60;1.98;3.17
25.01.2021;12:41:51;561.10;38.83;18.10;739.57;1.57;1.94;3.06
25.01.2021;12:42:51;621.69;38.72;18.12;739.52;1.73;2.13;3.68
25.01.2021;12:43:51;651.40;38.70;18.16;739.51;1.80;2.21;3.97
25.01.2021;12:44:51;667.86;38.65;18.17;739.49;1.84;2.28;4.19
25.01.2021;12:45:51;646.10;38.90;18.15;739.48;1.78;2.19;3.91
25.01.2021;12:46:51;610.48;39.03;18.13;739.47;1.70;2.11;3.57
25.01.2021;12:47:51;580.69;38.91;18.15;739.47;1.62;2.02;3.29
25.01.2021;12:48:52;600.71;39.07;18.18;739.44;1.68;2.10;3.52
25.01.2021;12:49:52;608.33;39.13;18.21;739.42;1.70;2.11;3.57
25.01.2021;12:50:52;588.94;38.72;18.25;739.43;1.64;2.05;3.36
25.01.2021;12:51:52;552.54;38.52;18.29;739.42;1.55;1.89;2.92
25.01.2021;12:52:52;525.42;38.96;18.28;739.41;1.47;1.76;2.59
25.01.2021;12:53:52;526.34;38.88;18.26;739.39;1.48;1.79;2.65
25.01.2021;12:54:52;521.01;38.96;18.26;739.36;1.46;1.75;2.57
25.01.2021;12:55:52;545.03;38.98;18.26;739.33;1.53;1.88;2.88
25.01.2021;12:56:52;540.39;38.89;18.25;739.30;1.51;1.84;2.79
25.01.2021;12:57:52;554.57;38.74;18.26;739.28;1.56;1.91;2.98
25.01.2021;12:58:52;555.86;38.74;18.24;739.25;1.56;1.91;2.97
25.01.2021;12:59:52;529.68;38.86;18.20;739.25;1.49;1.79;2.67
25.01.2021;13:00:52;541.43;39.01;18.14;739.24;1.52;1.85;2.82
25.01.2021;13:01:52;531.97;39.27;18.13;739.23;1.50;1.81;2.72
25.01.2021;13:02:52;530.21;39.44;18.19;739.19;1.49;1.79;2.67
25.01.2021;13:03:52;505.54;39.20;18.21;739.15;1.42;1.68;2.39
25.01.2021;13:04:52;475.33;39.13;18.23;739.15;1.34;1.54;2.07
25.01.2021;13:05:52;449.97;39.17;18.23;739.17;1.28;1.45;1.85
25.01.2021;13:06:52;442.19;39.04;18.22;739.16;1.25;1.39;1.73
25.01.2021;13:07:52;401.53;38.94;18.21;739.15;1.14;1.21;1.37
25.01.2021;13:08:52;393.63;39.05;18.19;739.14;1.11;1.18;1.31
25.01.2021;13:09:52;358.10;39.31;18.17;739.13;1.01;1.00;1.02
25.01.2021;13:10:52;346.00;39.12;18.20;739.13;0.98;0.93;0.91
25.01.2021;13:11:52;342.42;39.06;18.21;739.12;0.96;0.92;0.88
25.01.2021;13:12:52;338.77;38.88;18.20;739.09;0.95;0.91;0.87
25.01.2021;13:13:53;343.08;38.95;18.14;739.09;0.97;0.91;0.87
25.01.2021;13:14:53;346.26;39.04;18.12;739.08;0.97;0.92;0.89
25.01.2021;13:15:53;339.28;39.30;18.08;739.06;0.95;0.89;0.85
25.01.2021;13:16:53;363.72;39.51;18.02;739.03;1.02;1.01;1.03
25.01.2021;13:17:53;390.13;39.55;18.03;739.01;1.10;1.15;1.26
25.01.2021;13:18:53;396.54;39.43;18.07;739.01;1.11;1.17;1.30
25.01.2021;13:19:53;418.21;39.39;18.08;739.00;1.18;1.27;1.49
25.01.2021;13:20:53;515.61;39.37;18.09;738.94;1.45;1.73;2.51
25.01.2021;13:21:53;497.28;39.31;18.11;738.91;1.40;1.64;2.30
25.01.2021;13:22:53;531.26;39.35;18.11;738.91;1.49;1.80;2.68
25.01.2021;13:23:53;558.10;39.31;18.11;738.89;1.57;1.93;3.02
25.01.2021;13:24:53;523.97;39.35;18.11;738.88;1.47;1.77;2.60
25.01.2021;13:25:53;501.96;39.34;18.10;738.85;1.41;1.66;2.35
25.01.2021;13:26:53;488.00;39.36;18.08;738.83;1.37;1.60;2.20
25.01.2021;13:27:53;444.05;39.45;18.03;738.83;1.25;1.41;1.77
25.01.2021;13:28:53;372.06;39.52;18.01;738.84;1.05;1.07;1.12
25.01.2021;13:29:53;341.41;39.64;17.98;738.85;0.96;0.91;0.87
25.01.2021;13:30:53;329.18;39.50;17.97;738.86;0.93;0.86;0.79
25.01.2021;13:31:53;312.94;39.74;17.92;738.87;0.87;0.78;0.68
25.01.2021;13:32:53;291.88;39.95;17.90;738.87;0.81;0.66;0.54
25.01.2021;13:33:53;277.46;40.26;17.93;738.87;0.77;0.60;0.46
25.01.2021;13:34:53;265.24;40.04;17.97;738.88;0.73;0.52;0.38
25.01.2021;13:35:53;262.28;39.99;17.99;738.88;0.72;0.51;0.37
25.01.2021;13:36:53;253.74;39.93;18.03;738.89;0.70;0.48;0.34
25.01.2021;13:37:53;251.40;39.54;18.05;738.88;0.69;0.46;0.32
25.01.2021;13:38:54;264.46;39.44;18.04;738.87;0.73;0.52;0.38
25.01.2021;13:39:54;264.19;39.42;18.02;738.86;0.73;0.51;0.38
25.01.2021;13:40:54;243.81;39.48;17.99;738.84;0.67;0.43;0.29
25.01.2021;13:41:54;235.32;39.59;17.97;738.83;0.64;0.38;0.25
25.01.2021;13:42:54;220.35;39.54;17.98;738.81;0.59;0.32;0.19
25.01.2021;13:43:54;213.76;39.46;17.95;738.80;0.58;0.29;0.17
25.01.2021;13:44:54;227.71;39.67;17.90;738.79;0.62;0.36;0.23
25.01.2021;13:45:54;242.04;39.51;17.86;738.77;0.66;0.41;0.28
25.01.2021;13:46:54;238.64;39.85;17.80;738.78;0.66;0.41;0.27
25.01.2021;13:47:54;231.07;39.69;17.80;738.77;0.63;0.38;0.24
25.01.2021;13:48:54;226.30;39.70;17.78;738.75;0.62;0.37;0.23
25.01.2021;13:49:54;195.74;39.78;17.75;738.75;0.53;0.20;0.11
25.01.2021;13:50:54;177.56;39.96;17.71;738.74;0.47;0.10;0.05
25.01.2021;13:51:54;178.35;39.94;17.69;738.73;0.47;0.10;0.05
25.01.2021;13:52:54;180.51;39.90;17.66;738.72;0.48;0.11;0.05
25.01.2021;13:53:54;165.01;40.08;17.58;738.71;0.43;0.03;0.01
25.01.2021;13:54:54;162.44;40.23;17.55;738.72;0.43;0.00;0.00
25.01.2021;13:55:54;163.44;40.22;17.52;738.71;0.43;0.01;0.01
25.01.2021;13:56:54;174.36;40.25;17.50;738.70;0.46;0.09;0.04
25.01.2021;13:57:54;167.60;40.22;17.47;738.69;0.44;0.04;0.02
25.01.2021;13:58:54;151.82;40.31;17.42;738.69;0.39;0.00;0.00
25.01.2021;13:59:54;145.22;40.40;17.38;738.67;0.37;0.00;0.00
25.01.2021;14:00:54;146.61;40.53;17.34;738.64;0.37;0.00;0.00
25.01.2021;14:01:54;144.12;40.46;17.32;738.62;0.37;0.00;0.00
25.01.2021;14:02:54;136.87;40.58;17.27;738.61;0.35;0.00;0.00
25.01.2021;14:03:55;142.63;40.58;17.24;738.61;0.36;0.00;0.00
25.01.2021;14:04:55;138.40;40.59;17.19;738.59;0.35;0.00;0.00
25.01.2021;14:05:55;143.72;40.91;17.15;738.56;0.37;0.00;0.00
25.01.2021;14:06:55;143.78;40.92;17.11;738.55;0.37;0.00;0.00
25.01.2021;14:07:55;147.05;40.97;17.10;738.55;0.38;0.00;0.00
25.01.2021;14:08:55;147.11;40.90;17.11;738.55;0.38;0.00;0.00
25.01.2021;14:09:55;141.99;40.94;17.08;738.51;0.36;0.00;0.00
25.01.2021;14:10:55;142.33;40.95;17.05;738.51;0.36;0.00;0.00
25.01.2021;14:11:55;139.90;41.05;17.02;738.49;0.35;0.00;0.00
25.01.2021;14:12:55;134.08;41.38;16.98;738.48;0.33;0.00;0.00
25.01.2021;14:13:55;123.14;41.50;16.95;738.47;0.30;0.00;0.00
25.01.2021;14:14:55;117.78;41.57;16.90;738.46;0.28;0.00;0.00
25.01.2021;14:15:55;124.69;41.84;16.88;738.44;0.31;0.00;0.00
25.01.2021;14:16:55;119.88;41.98;16.90;738.42;0.29;0.00;0.00
25.01.2021;14:17:55;105.08;41.95;16.89;738.43;0.24;0.00;0.00
25.01.2021;14:18:55;89.46;42.13;16.87;738.44;0.19;0.00;0.00
25.01.2021;14:19:55;81.64;42.19;16.87;738.42;0.17;0.00;0.00
25.01.2021;14:20:55;79.07;42.20;16.90;738.40;0.16;0.00;0.00
25.01.2021;14:21:55;83.29;42.11;16.92;738.40;0.17;0.00;0.00
25.01.2021;14:22:55;87.99;42.26;16.92;738.40;0.19;0.00;0.00
25.01.2021;14:23:55;96.92;42.18;16.95;738.40;0.22;0.00;0.00
25.01.2021;14:24:55;91.78;42.20;16.97;738.41;0.20;0.00;0.00
25.01.2021;14:25:55;90.67;42.18;17.01;738.42;0.20;0.00;0.00
25.01.2021;14:26:55;91.40;41.99;17.05;738.42;0.20;0.00;0.00
25.01.2021;14:27:55;92.67;42.03;17.04;738.43;0.21;0.00;0.00
25.01.2021;14:28:55;93.86;42.11;17.05;738.40;0.21;0.00;0.00
25.01.2021;14:29:56;94.72;42.04;17.08;738.39;0.21;0.00;0.00
25.01.2021;14:30:56;93.02;41.99;17.10;738.36;0.21;0.00;0.00
25.01.2021;14:31:56;83.96;41.84;17.11;738.38;0.18;0.00;0.00
25.01.2021;14:32:56;86.44;42.07;17.12;738.39;0.18;0.00;0.00
25.01.2021;14:33:56;86.28;41.99;17.12;738.37;0.18;0.00;0.00
25.01.2021;14:34:56;92.43;41.92;17.13;738.35;0.20;0.00;0.00
25.01.2021;14:35:56;91.68;41.98;17.15;738.33;0.20;0.00;0.00
25.01.2021;14:36:56;91.85;41.84;17.16;738.34;0.20;0.00;0.00
25.01.2021;14:37:56;91.65;41.84;17.16;738.32;0.20;0.00;0.00
25.01.2021;14:38:56;89.48;41.84;17.16;738.31;0.19;0.00;0.00
25.01.2021;14:39:56;91.00;41.93;17.15;738.31;0.20;0.00;0.00
25.01.2021;14:40:56;89.58;41.89;17.16;738.30;0.19;0.00;0.00
25.01.2021;14:42:45;86.72;41.94;17.15;738.28;0.19;0.00;0.00
25.01.2021;14:43:45;88.85;41.89;17.15;738.28;0.19;0.00;0.00
25.01.2021;14:44:45;89.01;41.97;17.15;738.26;0.19;0.00;0.00
25.01.2021;14:45:45;82.60;41.91;17.17;738.24;0.18;0.00;0.00
25.01.2021;14:46:45;83.68;41.91;17.18;738.23;0.18;0.00;0.00
25.01.2021;14:47:45;83.36;41.82;17.19;738.22;0.18;0.00;0.00
25.01.2021;14:48:45;83.33;41.80;17.20;738.20;0.18;0.00;0.00
25.01.2021;14:49:45;84.59;41.84;17.19;738.19;0.19;0.00;0.00
25.01.2021;14:50:45;81.25;41.86;17.17;738.20;0.17;0.00;0.00
25.01.2021;14:51:45;79.86;41.88;17.16;738.20;0.17;0.00;0.00
25.01.2021;14:52:45;84.18;41.89;17.15;738.17;0.19;0.00;0.00
25.01.2021;14:53:45;83.61;41.94;17.16;738.17;0.18;0.00;0.00
25.01.2021;14:54:45;81.99;41.84;17.14;738.17;0.18;0.00;0.00
25.01.2021;14:55:46;83.06;41.83;17.12;738.16;0.18;0.00;0.00
25.01.2021;14:56:46;77.25;41.84;17.11;738.16;0.16;0.00;0.00
25.01.2021;14:57:46;76.21;41.98;17.07;738.16;0.16;0.00;0.00
25.01.2021;14:58:46;80.13;42.01;17.08;738.13;0.17;0.00;0.00
25.01.2021;14:59:46;78.64;41.91;17.07;738.13;0.17;0.00;0.00
25.01.2021;15:00:46;80.39;41.97;17.05;738.13;0.17;0.00;0.00
25.01.2021;15:01:46;76.71;41.97;17.05;738.12;0.16;0.00;0.00
25.01.2021;15:02:46;72.96;41.84;17.05;738.08;0.15;0.00;0.00
25.01.2021;15:03:46;70.83;41.75;17.03;738.07;0.14;0.00;0.00
25.01.2021;15:04:46;68.03;41.97;17.02;738.07;0.14;0.00;0.00
25.01.2021;15:05:46;67.96;42.23;17.03;738.08;0.14;0.00;0.00
25.01.2021;15:06:46;63.22;42.00;17.02;738.07;0.12;0.00;0.00
25.01.2021;15:07:46;60.10;42.07;17.04;738.07;0.11;0.00;0.00
25.01.2021;15:08:46;58.93;42.05;17.04;738.06;0.11;0.00;0.00
25.01.2021;15:09:46;58.19;42.02;17.03;738.06;0.11;0.00;0.00
25.01.2021;15:10:46;58.74;42.05;17.03;738.05;0.11;0.00;0.00
25.01.2021;15:11:46;57.31;42.02;17.05;738.02;0.10;0.00;0.00
25.01.2021;15:12:46;60.88;41.97;17.04;738.02;0.12;0.00;0.00
25.01.2021;15:13:46;61.62;42.04;17.04;738.02;0.12;0.00;0.00
25.01.2021;15:14:46;61.14;41.98;17.04;738.00;0.12;0.00;0.00
25.01.2021;15:15:46;57.64;42.01;17.05;738.02;0.11;0.00;0.00
25.01.2021;15:16:46;59.22;41.99;17.04;738.00;0.11;0.00;0.00
25.01.2021;15:17:46;59.76;41.96;17.04;737.98;0.12;0.00;0.00
25.01.2021;15:18:46;62.84;41.98;17.04;737.96;0.13;0.00;0.00
25.01.2021;15:19:46;67.64;41.96;17.04;737.95;0.14;0.00;0.00
25.01.2021;15:20:46;66.82;41.95;17.04;737.92;0.14;0.00;0.00
25.01.2021;15:21:46;64.83;41.97;17.05;737.92;0.13;0.00;0.00
25.01.2021;15:22:47;64.74;41.94;17.06;737.90;0.13;0.00;0.00
25.01.2021;15:23:47;65.58;41.97;17.06;737.86;0.14;0.00;0.00
25.01.2021;15:24:47;62.15;41.96;17.04;737.86;0.13;0.00;0.00
25.01.2021;15:25:47;62.17;42.04;17.06;737.84;0.13;0.00;0.00
25.01.2021;15:26:47;61.06;41.86;17.09;737.82;0.12;0.00;0.00
25.01.2021;15:27:47;60.56;41.85;17.08;737.80;0.12;0.00;0.00
25.01.2021;15:28:47;57.99;41.82;17.08;737.79;0.11;0.00;0.00
25.01.2021;15:29:47;57.37;41.90;17.06;737.78;0.11;0.00;0.00
25.01.2021;15:30:47;58.40;41.91;17.06;737.75;0.12;0.00;0.00
25.01.2021;15:31:47;57.00;41.90;17.08;737.73;0.11;0.00;0.00
25.01.2021;15:32:47;57.80;41.81;17.10;737.71;0.11;0.00;0.00
25.01.2021;15:33:47;54.22;41.80;17.11;737.69;0.10;0.00;0.00
25.01.2021;15:34:47;52.60;41.88;17.11;737.68;0.10;0.00;0.00
25.01.2021;15:35:47;48.88;41.80;17.13;737.67;0.09;0.00;0.00
25.01.2021;15:36:47;46.06;41.74;17.13;737.66;0.08;0.00;0.00
25.01.2021;15:37:47;44.48;41.74;17.14;737.64;0.07;0.00;0.00
25.01.2021;15:38:47;42.01;41.78;17.13;737.63;0.06;0.00;0.00
25.01.2021;15:39:47;40.36;42.16;17.12;737.63;0.06;0.00;0.00
25.01.2021;15:40:47;39.48;42.01;17.12;737.61;0.06;0.00;0.00
25.01.2021;15:41:47;38.74;42.33;17.11;737.60;0.05;0.00;0.00
25.01.2021;15:42:47;36.63;42.60;17.15;737.61;0.05;0.00;0.00
25.01.2021;15:43:47;35.25;42.66;17.17;737.61;0.04;0.00;0.00
25.01.2021;15:44:47;34.12;42.78;17.20;737.60;0.04;0.00;0.00
25.01.2021;15:45:47;34.71;42.59;17.23;737.59;0.04;0.00;0.00
25.01.2021;15:46:47;32.94;42.74;17.26;737.59;0.04;0.00;0.00
25.01.2021;15:47:47;33.33;42.71;17.27;737.56;0.04;0.00;0.00
25.01.2021;15:48:48;33.01;42.72;17.27;737.56;0.04;0.00;0.00
25.01.2021;15:49:48;32.96;42.82;17.26;737.53;0.04;0.00;0.00
25.01.2021;15:50:48;32.04;42.97;17.29;737.54;0.03;0.00;0.00
25.01.2021;15:51:48;33.60;42.91;17.34;737.51;0.04;0.00;0.00
25.01.2021;15:52:48;31.85;42.75;17.37;737.49;0.03;0.00;0.00
25.01.2021;15:53:48;30.71;42.76;17.37;737.46;0.03;0.00;0.00
25.01.2021;15:54:48;30.83;42.91;17.39;737.47;0.03;0.00;0.00
25.01.2021;15:55:48;29.97;42.82;17.41;737.47;0.03;0.00;0.00
25.01.2021;15:56:48;30.49;42.76;17.40;737.45;0.03;0.00;0.00
25.01.2021;15:57:48;29.72;42.93;17.36;737.42;0.03;0.00;0.00
25.01.2021;15:58:48;28.08;43.18;17.33;737.42;0.03;0.00;0.00
25.01.2021;15:59:48;26.96;43.25;17.31;737.40;0.02;0.00;0.00
25.01.2021;16:00:48;27.20;43.41;17.28;737.41;0.02;0.00;0.00
25.01.2021;16:01:48;26.93;43.52;17.26;737.41;0.02;0.00;0.00
25.01.2021;16:02:48;27.27;43.78;17.25;737.40;0.02;0.00;0.00
25.01.2021;16:03:48;26.29;43.84;17.23;737.41;0.02;0.00;0.00
25.01.2021;16:04:48;25.11;43.95;17.22;737.41;0.02;0.00;0.00
25.01.2021;16:05:48;23.46;44.10;17.22;737.39;0.01;0.00;0.00
25.01.2021;16:06:48;22.61;44.11;17.22;737.38;0.01;0.00;0.00
25.01.2021;16:07:48;21.44;44.32;17.22;737.37;0.01;0.00;0.00
25.01.2021;16:08:48;20.03;44.23;17.24;737.36;0.00;0.00;0.00
25.01.2021;16:09:48;19.19;44.16;17.25;737.37;0.00;0.00;0.00
25.01.2021;16:10:48;18.76;44.20;17.27;737.36;0.00;0.00;0.00
25.01.2021;16:11:48;18.33;44.11;17.31;737.35;0.00;0.00;0.00
25.01.2021;16:12:48;17.74;44.00;17.32;737.34;0.00;0.00;0.00
25.01.2021;16:13:48;17.82;43.83;17.32;737.34;0.00;0.00;0.00
25.01.2021;16:14:48;17.58;43.86;17.31;737.32;0.00;0.00;0.00
25.01.2021;16:15:49;17.22;43.74;17.33;737.32;0.00;0.00;0.00
25.01.2021;16:16:49;15.93;43.80;17.34;737.32;0.00;0.00;0.00
25.01.2021;16:17:49;15.75;43.62;17.35;737.30;0.00;0.00;0.00
25.01.2021;16:18:49;14.93;43.59;17.33;737.30;0.00;0.00;0.00
25.01.2021;16:19:49;14.49;43.57;17.33;737.30;0.00;0.00;0.00
25.01.2021;16:20:49;14.18;43.59;17.32;737.28;0.00;0.00;0.00
25.01.2021;16:21:49;14.18;43.59;17.32;737.28;0.00;0.00;0.00
25.01.2021;16:22:49;14.17;43.52;17.35;737.26;0.00;0.00;0.00
25.01.2021;16:23:49;13.36;43.43;17.36;737.26;0.00;0.00;0.00
25.01.2021;16:24:49;12.44;43.37;17.36;737.22;0.00;0.00;0.00
25.01.2021;16:25:49;11.55;43.35;17.37;737.22;0.00;0.00;0.00
25.01.2021;16:26:49;11.40;43.32;17.38;737.22;0.00;0.00;0.00
25.01.2021;16:27:49;10.83;43.23;17.39;737.21;0.00;0.00;0.00
25.01.2021;16:28:49;10.83;43.22;17.40;737.22;0.00;0.00;0.00
25.01.2021;16:29:49;10.24;43.21;17.41;737.20;0.00;0.00;0.00
25.01.2021;16:30:49;10.04;43.20;17.41;737.17;0.00;0.00;0.00
25.01.2021;16:31:49;10.01;43.11;17.41;737.17;0.00;0.00;0.00
25.01.2021;16:32:49;9.57;43.01;17.41;737.15;0.00;0.00;0.00
25.01.2021;16:33:49;9.15;43.00;17.41;737.13;0.00;0.00;0.00
25.01.2021;16:34:49;8.36;43.03;17.42;737.13;0.00;0.00;0.00
25.01.2021;16:35:49;8.32;43.00;17.43;737.11;0.00;0.00;0.00
25.01.2021;16:36:49;7.57;42.93;17.46;737.11;0.00;0.00;0.00
25.01.2021;16:37:49;7.28;42.81;17.47;737.11;0.00;0.00;0.00
25.01.2021;16:38:49;6.67;42.93;17.46;737.12;0.00;0.00;0.00
25.01.2021;16:39:49;6.67;42.80;17.46;737.11;0.00;0.00;0.00
25.01.2021;16:40:49;6.68;42.82;17.47;737.09;0.00;0.00;0.00
25.01.2021;16:41:49;6.10;42.77;17.48;737.08;0.00;0.00;0.00
25.01.2021;16:42:49;5.83;42.75;17.49;737.07;0.00;0.00;0.00
25.01.2021;16:43:50;5.83;42.68;17.50;737.05;0.00;0.00;0.00
25.01.2021;16:44:50;5.83;42.62;17.51;737.05;0.00;0.00;0.00
25.01.2021;16:45:50;5.29;42.54;17.50;737.05;0.00;0.00;0.00
25.01.2021;16:46:50;5.00;42.58;17.50;737.05;0.00;0.00;0.00
25.01.2021;16:47:50;5.00;42.58;17.50;737.06;0.00;0.00;0.00
25.01.2021;16:48:50;5.01;42.68;17.51;737.04;0.00;0.00;0.00
25.01.2021;16:49:50;5.00;42.59;17.56;737.03;0.00;0.00;0.00
25.01.2021;16:50:50;5.00;42.38;17.58;737.02;0.00;0.00;0.00
25.01.2021;16:51:50;5.03;42.38;17.56;737.01;0.00;0.00;0.00
25.01.2021;16:52:50;5.00;42.47;17.56;737.01;0.00;0.00;0.00
25.01.2021;16:53:50;5.00;42.38;17.59;737.00;0.00;0.00;0.00
25.01.2021;16:54:50;5.00;42.30;17.60;736.99;0.00;0.00;0.00
25.01.2021;16:55:50;4.85;42.25;17.61;737.00;0.00;0.00;0.00
25.01.2021;16:56:50;4.29;42.19;17.62;736.99;0.00;0.00;0.00
25.01.2021;16:57:50;4.17;42.22;17.61;736.98;0.00;0.00;0.00
25.01.2021;16:58:50;4.17;42.21;17.64;736.98;0.00;0.00;0.00
25.01.2021;16:59:50;4.17;42.07;17.64;736.97;0.00;0.00;0.00
25.01.2021;17:00:50;4.17;42.14;17.65;736.97;0.00;0.00;0.00
25.01.2021;17:01:50;4.17;42.10;17.65;736.98;0.00;0.00;0.00
25.01.2021;17:02:50;4.18;42.13;17.66;736.96;0.00;0.00;0.00
25.01.2021;17:03:50;4.17;42.04;17.69;736.95;0.00;0.00;0.00
25.01.2021;17:04:50;4.17;41.94;17.70;736.94;0.00;0.00;0.00
25.01.2021;17:05:50;4.19;41.99;17.68;736.93;0.00;0.00;0.00
25.01.2021;17:06:50;4.17;41.98;17.70;736.93;0.00;0.00;0.00
25.01.2021;17:07:50;4.17;41.97;17.72;736.91;0.00;0.00;0.00
25.01.2021;17:08:50;4.18;41.93;17.74;736.88;0.00;0.00;0.00
25.01.2021;17:09:50;4.17;41.78;17.75;736.89;0.00;0.00;0.00
25.01.2021;17:10:51;4.17;41.77;17.76;736.90;0.00;0.00;0.00
25.01.2021;17:11:51;4.17;41.89;17.77;736.86;0.00;0.00;0.00
25.01.2021;17:12:51;4.17;41.64;17.80;736.86;0.00;0.00;0.00
25.01.2021;17:13:51;4.17;41.71;17.81;736.86;0.00;0.00;0.00
25.01.2021;17:14:51;4.17;41.85;17.78;736.86;0.00;0.00;0.00
25.01.2021;17:15:51;4.17;41.96;17.77;736.84;0.00;0.00;0.00
25.01.2021;17:16:51;4.18;42.15;17.78;736.84;0.00;0.00;0.00
25.01.2021;17:17:51;4.17;42.10;17.79;736.81;0.00;0.00;0.00
25.01.2021;17:18:51;4.17;42.04;17.82;736.82;0.00;0.00;0.00
25.01.2021;17:19:51;4.19;41.93;17.85;736.81;0.00;0.00;0.00
25.01.2021;17:20:51;4.17;41.95;17.87;736.82;0.00;0.00;0.00
25.01.2021;17:21:51;4.17;41.81;17.87;736.81;0.00;0.00;0.00
25.01.2021;17:22:51;4.18;41.83;17.88;736.81;0.00;0.00;0.00
25.01.2021;17:23:51;4.17;41.86;17.90;736.79;0.00;0.00;0.00
25.01.2021;17:24:51;4.17;41.71;17.92;736.79;0.00;0.00;0.00
25.01.2021;17:25:51;4.17;41.62;17.91;736.79;0.00;0.00;0.00
25.01.2021;17:26:51;4.17;41.73;17.90;736.78;0.00;0.00;0.00
25.01.2021;17:27:51;4.17;41.67;17.90;736.77;0.00;0.00;0.00
25.01.2021;17:28:51;4.17;41.73;17.90;736.76;0.00;0.00;0.00
25.01.2021;17:29:51;4.17;41.74;17.91;736.75;0.00;0.00;0.00
25.01.2021;17:30:51;4.18;41.68;17.91;736.74;0.00;0.00;0.00
25.01.2021;17:31:51;4.17;41.69;17.91;736.74;0.00;0.00;0.00
25.01.2021;17:32:51;4.17;41.65;17.92;736.75;0.00;0.00;0.00
25.01.2021;17:33:51;4.19;41.52;17.94;736.74;0.00;0.00;0.00
25.01.2021;17:34:51;4.17;41.57;17.93;736.73;0.00;0.00;0.00
25.01.2021;17:35:51;4.17;41.65;17.94;736.73;0.00;0.00;0.00
25.01.2021;17:36:51;4.18;41.51;17.96;736.71;0.00;0.00;0.00
25.01.2021;17:37:51;4.17;41.53;17.94;736.70;0.00;0.00;0.00
25.01.2021;17:38:52;4.17;41.49;17.94;736.68;0.00;0.00;0.00
25.01.2021;17:39:52;4.17;41.59;17.93;736.66;0.00;0.00;0.00
25.01.2021;17:40:52;4.17;41.59;17.93;736.67;0.00;0.00;0.00
25.01.2021;17:41:52;4.17;41.57;17.94;736.65;0.00;0.00;0.00
25.01.2021;17:42:52;4.17;41.55;17.98;736.66;0.00;0.00;0.00
25.01.2021;17:43:52;4.17;41.47;18.02;736.66;0.00;0.00;0.00
25.01.2021;17:44:52;4.18;41.35;18.04;736.66;0.00;0.00;0.00
25.01.2021;17:45:52;4.17;41.36;18.03;736.65;0.00;0.00;0.00
25.01.2021;17:46:52;4.17;41.36;18.02;736.63;0.00;0.00;0.00
25.01.2021;17:47:52;4.19;41.39;18.04;736.63;0.00;0.00;0.00
25.01.2021;17:48:52;4.17;41.38;18.07;736.61;0.00;0.00;0.00
25.01.2021;17:49:52;4.17;41.17;18.07;736.60;0.00;0.00;0.00
25.01.2021;17:50:52;4.18;41.20;18.06;736.59;0.00;0.00;0.00
25.01.2021;17:51:52;4.17;41.21;18.08;736.58;0.00;0.00;0.00
25.01.2021;17:52:52;4.17;41.20;18.07;736.59;0.00;0.00;0.00
25.01.2021;17:53:52;4.17;41.17;18.06;736.57;0.00;0.00;0.00
25.01.2021;17:54:52;4.17;41.27;18.06;736.57;0.00;0.00;0.00
25.01.2021;17:55:52;4.17;41.27;18.07;736.55;0.00;0.00;0.00
25.01.2021;17:56:52;4.17;41.21;18.08;736.53;0.00;0.00;0.00
25.01.2021;17:57:52;4.17;41.22;18.10;736.50;0.00;0.00;0.00
25.01.2021;17:58:52;4.18;41.03;18.12;736.50;0.00;0.00;0.00
25.01.2021;17:59:52;4.17;41.05;18.13;736.50;0.00;0.00;0.00
25.01.2021;18:00:52;4.17;41.06;18.13;736.50;0.00;0.00;0.00
25.01.2021;18:01:52;4.19;41.09;18.16;736.48;0.00;0.00;0.00
25.01.2021;18:02:52;4.17;41.05;18.17;736.46;0.00;0.00;0.00
25.01.2021;18:03:52;4.17;40.93;18.17;736.45;0.00;0.00;0.00
25.01.2021;18:04:52;4.18;40.94;18.16;736.44;0.00;0.00;0.00
25.01.2021;18:05:52;4.17;40.95;18.18;736.44;0.00;0.00;0.00
25.01.2021;18:06:53;4.17;40.92;18.22;736.44;0.00;0.00;0.00
25.01.2021;18:07:53;4.17;40.86;18.25;736.42;0.00;0.00;0.00
25.01.2021;18:08:53;4.17;40.81;18.26;736.41;0.00;0.00;0.00
25.01.2021;18:09:53;4.17;40.69;18.27;736.40;0.00;0.00;0.00
25.01.2021;18:10:53;4.17;40.73;18.25;736.39;0.00;0.00;0.00
25.01.2021;18:11:53;4.17;40.83;18.26;736.37;0.00;0.00;0.00
25.01.2021;18:12:53;4.18;40.70;18.26;736.35;0.00;0.00;0.00
25.01.2021;18:13:53;4.17;40.72;18.25;736.35;0.00;0.00;0.00
25.01.2021;18:14:53;4.17;40.77;18.23;736.33;0.00;0.00;0.00
25.01.2021;18:15:53;4.19;40.78;18.25;736.32;0.00;0.00;0.00
25.01.2021;18:16:53;4.17;40.80;18.24;736.33;0.00;0.00;0.00
25.01.2021;18:17:53;4.17;40.81;18.26;736.31;0.00;0.00;0.00
25.01.2021;18:18:53;4.18;40.70;18.27;736.30;0.00;0.00;0.00
25.01.2021;18:19:53;4.17;40.75;18.26;736.30;0.00;0.00;0.00
25.01.2021;18:20:53;4.17;40.76;18.27;736.31;0.00;0.00;0.00
25.01.2021;18:21:53;4.17;40.74;18.27;736.29;0.00;0.00;0.00
25.01.2021;18:22:53;4.17;40.77;18.27;736.28;0.00;0.00;0.00
25.01.2021;18:23:53;4.17;40.83;18.24;736.25;0.00;0.00;0.00
25.01.2021;18:24:53;4.17;41.10;18.23;736.23;0.00;0.00;0.00
25.01.2021;18:25:53;4.17;41.26;18.24;736.24;0.00;0.00;0.00
25.01.2021;18:26:53;4.18;41.47;18.23;736.23;0.00;0.00;0.00
25.01.2021;18:27:53;4.17;41.65;18.24;736.23;0.00;0.00;0.00
25.01.2021;18:28:53;4.17;41.57;18.29;736.23;0.00;0.00;0.00
25.01.2021;18:29:53;4.19;41.57;18.30;736.20;0.00;0.00;0.00
25.01.2021;18:30:53;4.17;41.82;18.30;736.20;0.00;0.00;0.00
25.01.2021;18:31:53;4.17;41.74;18.31;736.17;0.00;0.00;0.00
25.01.2021;18:32:53;4.18;41.94;18.33;736.16;0.00;0.00;0.00
25.01.2021;18:33:54;4.17;41.92;18.35;736.13;0.00;0.00;0.00
25.01.2021;18:34:54;4.17;41.87;18.37;736.12;0.00;0.00;0.00
25.01.2021;18:35:54;4.17;41.68;18.39;736.13;0.00;0.00;0.00
25.01.2021;18:36:54;4.17;41.93;18.37;736.13;0.00;0.00;0.00
25.01.2021;18:37:54;4.17;41.94;18.38;736.12;0.00;0.00;0.00
25.01.2021;18:38:54;4.17;41.97;18.37;736.10;0.00;0.00;0.00
25.01.2021;18:39:54;4.17;41.97;18.37;736.09;0.00;0.00;0.00
25.01.2021;18:40:54;4.18;42.01;18.38;736.08;0.00;0.00;0.00
25.01.2021;18:41:54;4.17;41.99;18.39;736.09;0.00;0.00;0.00
25.01.2021;18:42:54;4.17;41.95;18.42;736.07;0.00;0.00;0.00
25.01.2021;18:43:54;4.19;41.86;18.43;736.07;0.00;0.00;0.00
25.01.2021;18:44:54;4.17;41.90;18.40;736.08;0.00;0.00;0.00
25.01.2021;18:45:54;4.17;42.06;18.41;736.06;0.00;0.00;0.00
25.01.2021;18:46:54;4.18;42.10;18.43;736.04;0.00;0.00;0.00
25.01.2021;18:47:54;4.17;42.08;18.45;736.03;0.00;0.00;0.00
25.01.2021;18:48:54;4.17;41.99;18.48;736.03;0.00;0.00;0.00
25.01.2021;18:49:54;4.17;41.92;18.48;736.02;0.00;0.00;0.00
25.01.2021;18:50:54;4.17;41.89;18.49;736.01;0.00;0.00;0.00
25.01.2021;18:51:54;4.17;41.90;18.54;735.99;0.00;0.00;0.00
25.01.2021;18:52:54;4.17;41.73;18.58;735.98;0.00;0.00;0.00
25.01.2021;18:53:54;4.17;41.59;18.61;736.00;0.00;0.00;0.00
25.01.2021;18:54:54;4.18;41.64;18.60;735.98;0.00;0.00;0.00
25.01.2021;18:55:54;4.17;41.60;18.60;735.96;0.00;0.00;0.00
25.01.2021;18:56:54;4.17;41.61;18.61;735.99;0.00;0.00;0.00
25.01.2021;18:57:54;4.19;41.64;18.60;735.97;0.00;0.00;0.00
25.01.2021;18:58:54;4.17;41.59;18.58;735.96;0.00;0.00;0.00
25.01.2021;18:59:54;4.17;41.76;18.56;735.97;0.00;0.00;0.00
25.01.2021;19:00:54;4.18;41.78;18.55;735.98;0.00;0.00;0.00
25.01.2021;19:01:55;4.17;41.85;18.55;735.96;0.00;0.00;0.00
25.01.2021;19:02:55;4.17;41.85;18.57;735.97;0.00;0.00;0.00
25.01.2021;19:03:55;4.17;41.77;18.58;735.97;0.00;0.00;0.00
25.01.2021;19:04:55;4.17;41.78;18.57;735.96;0.00;0.00;0.00
25.01.2021;19:05:55;4.17;41.80;18.57;735.95;0.00;0.00;0.00
25.01.2021;19:06:55;4.17;41.78;18.57;735.93;0.00;0.00;0.00
25.01.2021;19:07:55;4.17;41.89;18.57;735.92;0.00;0.00;0.00
25.01.2021;19:08:55;4.18;41.92;18.56;735.92;0.00;0.00;0.00
25.01.2021;19:09:55;4.17;41.87;18.59;735.94;0.00;0.00;0.00
25.01.2021;19:10:55;4.17;41.81;18.62;735.94;0.00;0.00;0.00
25.01.2021;19:11:55;4.19;41.75;18.63;735.94;0.00;0.00;0.00
25.01.2021;19:12:55;4.17;41.76;18.64;735.93;0.00;0.00;0.00
25.01.2021;19:13:55;4.17;41.82;18.63;735.92;0.00;0.00;0.00
25.01.2021;19:14:55;4.18;41.75;18.66;735.91;0.00;0.00;0.00
25.01.2021;19:15:55;4.17;41.68;18.69;735.88;0.00;0.00;0.00
25.01.2021;19:16:55;4.17;41.63;18.71;735.87;0.00;0.00;0.00
25.01.2021;19:17:55;4.17;41.58;18.73;735.88;0.00;0.00;0.00
25.01.2021;19:18:55;4.17;41.53;18.73;735.84;0.00;0.00;0.00
25.01.2021;19:19:55;4.17;41.54;18.74;735.82;0.00;0.00;0.00
25.01.2021;19:20:55;4.17;41.56;18.74;735.82;0.00;0.00;0.00
25.01.2021;19:21:55;4.17;41.54;18.71;735.80;0.00;0.00;0.00
25.01.2021;19:22:55;4.18;41.66;18.69;735.77;0.00;0.00;0.00
25.01.2021;19:23:56;4.17;41.66;18.66;735.78;0.00;0.00;0.00
25.01.2021;19:24:55;4.17;41.81;18.66;735.79;0.00;0.00;0.00
25.01.2021;19:25:55;4.19;41.77;18.67;735.78;0.00;0.00;0.00
25.01.2021;19:26:55;4.17;41.70;18.69;735.75;0.00;0.00;0.00
25.01.2021;19:27:56;4.17;41.67;18.66;735.76;0.00;0.00;0.00
25.01.2021;19:28:56;4.18;41.77;18.63;735.76;0.00;0.00;0.00
25.01.2021;19:29:56;4.17;41.81;18.61;735.74;0.00;0.00;0.00
25.01.2021;19:30:56;4.17;41.99;18.59;735.72;0.00;0.00;0.00
25.01.2021;19:31:56;4.17;42.03;18.59;735.72;0.00;0.00;0.00
25.01.2021;19:32:56;4.17;42.11;18.60;735.71;0.00;0.00;0.00
25.01.2021;19:33:56;4.17;42.11;18.63;735.69;0.00;0.00;0.00
25.01.2021;19:34:56;4.17;42.03;18.68;735.68;0.00;0.00;0.00
25.01.2021;19:35:56;4.17;41.93;18.69;735.66;0.00;0.00;0.00
25.01.2021;19:37:47;4.18;41.92;18.69;735.65;0.00;0.00;0.00
25.01.2021;19:37:56;4.17;41.94;18.69;735.64;0.00;0.00;0.00
25.01.2021;19:38:56;4.17;41.97;18.70;735.64;0.00;0.00;0.00
25.01.2021;19:39:56;4.19;42.05;18.73;735.63;0.00;0.00;0.00
25.01.2021;19:40:56;4.17;41.84;18.78;735.63;0.00;0.00;0.00
25.01.2021;19:41:56;4.17;41.84;18.81;735.62;0.00;0.00;0.00
25.01.2021;19:42:56;4.18;41.80;18.83;735.62;0.00;0.00;0.00
25.01.2021;19:43:56;4.17;41.69;18.87;735.62;0.00;0.00;0.00
25.01.2021;19:44:56;4.17;41.63;18.91;735.60;0.00;0.00;0.00
25.01.2021;19:45:56;4.17;41.49;18.96;735.58;0.00;0.00;0.00
25.01.2021;19:46:56;4.17;41.46;18.96;735.58;0.00;0.00;0.00
25.01.2021;19:47:56;4.17;41.62;18.94;735.56;0.00;0.00;0.00
25.01.2021;19:48:56;4.17;41.59;18.91;735.54;0.00;0.00;0.00
25.01.2021;19:49:56;4.17;41.68;18.91;735.53;0.00;0.00;0.00
25.01.2021;19:50:56;4.18;41.76;18.91;735.50;0.00;0.00;0.00
25.01.2021;19:51:56;4.17;41.78;18.89;735.49;0.00;0.00;0.00
25.01.2021;19:52:56;4.17;41.84;18.92;735.50;0.00;0.00;0.00
25.01.2021;19:53:56;4.19;41.69;18.95;735.50;0.00;0.00;0.00
25.01.2021;19:54:56;4.17;41.72;18.93;735.48;0.00;0.00;0.00
25.01.2021;19:55:57;4.17;41.87;18.90;735.46;0.00;0.00;0.00
25.01.2021;19:56:57;4.18;41.79;18.92;735.48;0.00;0.00;0.00
25.01.2021;19:57:57;4.17;41.82;18.91;735.46;0.00;0.00;0.00
25.01.2021;19:58:57;4.17;41.91;18.89;735.46;0.00;0.00;0.00
25.01.2021;19:59:57;4.17;42.01;18.90;735.47;0.00;0.00;0.00
25.01.2021;20:00:57;4.17;41.93;18.94;735.46;0.00;0.00;0.00
25.01.2021;20:01:57;4.17;41.94;18.97;735.46;0.00;0.00;0.00
25.01.2021;20:02:57;4.17;41.71;19.01;735.44;0.00;0.00;0.00
25.01.2021;20:03:57;4.17;41.89;19.00;735.43;0.00;0.00;0.00
25.01.2021;20:04:57;4.18;41.95;19.02;735.44;0.00;0.00;0.00
25.01.2021;20:05:57;4.17;41.88;19.02;735.42;0.00;0.00;0.00
25.01.2021;20:06:57;4.17;41.91;19.01;735.40;0.00;0.00;0.00
25.01.2021;20:07:57;4.19;41.98;19.02;735.39;0.00;0.00;0.00
25.01.2021;20:08:57;4.17;42.02;19.03;735.38;0.00;0.00;0.00
25.01.2021;20:09:57;4.17;41.85;19.04;735.36;0.00;0.00;0.00
25.01.2021;20:10:57;4.18;41.94;19.03;735.36;0.00;0.00;0.00
25.01.2021;20:11:57;4.17;42.06;19.02;735.37;0.00;0.00;0.00
25.01.2021;20:12:57;4.17;41.96;19.01;735.35;0.00;0.00;0.00
25.01.2021;20:13:57;4.17;42.19;18.99;735.34;0.00;0.00;0.00
25.01.2021;20:14:57;4.17;42.15;19.01;735.33;0.00;0.00;0.00
25.01.2021;20:15:57;4.17;41.98;19.07;735.30;0.00;0.00;0.00
25.01.2021;20:16:57;4.17;41.88;19.13;735.29;0.00;0.00;0.00
25.01.2021;20:17:57;4.17;41.63;19.18;735.29;0.00;0.00;0.00
25.01.2021;20:18:57;4.18;41.78;19.17;735.27;0.00;0.00;0.00
25.01.2021;20:19:57;4.17;41.85;19.18;735.26;0.00;0.00;0.00
25.01.2021;20:20:57;4.17;41.68;19.21;735.25;0.00;0.00;0.00
25.01.2021;20:21:57;4.19;41.75;19.24;735.24;0.00;0.00;0.00
25.01.2021;20:22:58;4.17;41.46;19.29;735.26;0.00;0.00;0.00
25.01.2021;20:23:58;4.17;41.58;19.27;735.26;0.00;0.00;0.00
25.01.2021;20:24:58;4.18;41.88;19.24;735.23;0.00;0.00;0.00
25.01.2021;20:25:58;4.17;41.90;19.21;735.22;0.00;0.00;0.00
25.01.2021;20:26:58;4.17;42.04;19.20;735.22;0.00;0.00;0.00
25.01.2021;20:27:58;4.17;42.00;19.20;735.21;0.00;0.00;0.00
25.01.2021;20:28:58;4.17;42.13;19.20;735.20;0.00;0.00;0.00
25.01.2021;20:29:58;4.17;42.05;19.21;735.21;0.00;0.00;0.00
25.01.2021;20:30:58;4.17;42.13;19.19;735.20;0.00;0.00;0.00
25.01.2021;20:31:58;4.17;42.22;19.19;735.18;0.00;0.00;0.00
25.01.2021;20:32:58;4.18;42.24;19.22;735.15;0.00;0.00;0.00
25.01.2021;20:33:58;4.17;42.14;19.25;735.15;0.00;0.00;0.00
25.01.2021;20:34:58;4.17;42.15;19.22;735.16;0.00;0.00;0.00
25.01.2021;20:35:58;4.19;42.24;19.22;735.14;0.00;0.00;0.00
25.01.2021;20:36:58;4.17;42.32;19.22;735.13;0.00;0.00;0.00
25.01.2021;20:37:58;4.17;42.20;19.26;735.12;0.00;0.00;0.00
25.01.2021;20:38:58;4.18;42.27;19.29;735.13;0.00;0.00;0.00
25.01.2021;20:39:58;4.17;42.18;19.31;735.13;0.00;0.00;0.00
25.01.2021;20:40:58;4.17;42.18;19.32;735.10;0.00;0.00;0.00
25.01.2021;20:41:58;4.17;42.24;19.33;735.12;0.00;0.00;0.00
25.01.2021;20:42:58;4.17;42.04;19.37;735.10;0.00;0.00;0.00
25.01.2021;20:44:08;4.17;42.20;19.35;735.09;0.00;0.00;0.00
25.01.2021;20:44:58;4.17;42.31;19.32;735.08;0.00;0.00;0.00
25.01.2021;20:45:58;4.17;42.30;19.32;735.10;0.00;0.00;0.00
25.01.2021;20:46:58;4.18;42.36;19.30;735.09;0.00;0.00;0.00
25.01.2021;20:47:58;4.17;42.40;19.30;735.08;0.00;0.00;0.00
25.01.2021;20:48:58;4.17;42.45;19.29;735.08;0.00;0.00;0.00
25.01.2021;20:49:58;4.19;42.65;19.28;735.06;0.00;0.00;0.00
25.01.2021;20:50:59;4.17;43.03;19.24;735.05;0.00;0.00;0.00
25.01.2021;20:51:59;4.17;42.87;19.26;735.04;0.00;0.00;0.00
25.01.2021;20:52:59;3.01;42.33;19.29;735.03;0.00;0.00;0.00
25.01.2021;20:53:59;2.54;42.14;19.25;735.01;0.00;0.00;0.00
25.01.2021;20:54:59;2.50;42.26;19.21;735.00;0.00;0.00;0.00
25.01.2021;20:55:59;2.50;42.24;19.18;735.01;0.00;0.00;0.00
25.01.2021;20:56:59;2.50;42.48;19.13;735.01;0.00;0.00;0.00
25.01.2021;20:57:59;2.50;42.42;19.09;735.00;0.00;0.00;0.00
25.01.2021;20:58:59;2.50;42.39;19.06;734.98;0.00;0.00;0.00
25.01.2021;20:59:59;2.50;42.58;19.00;734.98;0.00;0.00;0.00
25.01.2021;21:00:59;2.51;42.58;18.96;734.98;0.00;0.00;0.00
25.01.2021;21:01:59;2.50;42.52;18.91;734.98;0.00;0.00;0.00
25.01.2021;21:02:59;2.50;42.58;18.87;734.99;0.00;0.00;0.00
25.01.2021;21:03:59;2.53;42.77;18.80;734.99;0.00;0.00;0.00
25.01.2021;21:04:59;2.50;42.82;18.75;735.00;0.00;0.00;0.00
25.01.2021;21:05:59;2.50;42.95;18.73;734.98;0.00;0.00;0.00
25.01.2021;21:06:59;2.51;42.92;18.71;734.97;0.00;0.00;0.00
25.01.2021;21:07:59;2.50;42.96;18.66;734.96;0.00;0.00;0.00
25.01.2021;21:08:59;2.50;42.99;18.64;734.96;0.00;0.00;0.00
25.01.2021;21:09:59;2.50;43.04;18.60;734.94;0.00;0.00;0.00
25.01.2021;21:10:59;2.50;43.11;18.56;734.93;0.00;0.00;0.00
25.01.2021;21:11:59;2.50;43.03;18.54;734.91;0.00;0.00;0.00
25.01.2021;21:12:59;2.50;43.06;18.49;734.90;0.00;0.00;0.00
25.01.2021;21:13:59;2.50;43.17;18.45;734.92;0.00;0.00;0.00
25.01.2021;21:14:59;2.51;43.26;18.41;734.90;0.00;0.00;0.00
25.01.2021;21:15:59;2.50;43.37;18.38;734.89;0.00;0.00;0.00
25.01.2021;21:16:59;2.50;43.33;18.37;734.90;0.00;0.00;0.00
25.01.2021;21:18:00;2.53;43.36;18.34;734.90;0.00;0.00;0.00
25.01.2021;21:19:00;2.50;43.49;18.30;734.90;0.00;0.00;0.00
25.01.2021;21:20:00;2.50;43.48;18.28;734.87;0.00;0.00;0.00
25.01.2021;21:21:00;2.51;43.54;18.26;734.85;0.00;0.00;0.00
25.01.2021;21:22:00;2.50;43.50;18.24;734.84;0.00;0.00;0.00
25.01.2021;21:23:00;2.50;43.55;18.21;734.83;0.00;0.00;0.00
25.01.2021;21:24:00;2.50;43.56;18.19;734.81;0.00;0.00;0.00
25.01.2021;21:25:00;2.50;43.60;18.15;734.83;0.00;0.00;0.00
25.01.2021;21:26:00;2.50;43.70;18.13;734.82;0.00;0.00;0.00
25.01.2021;21:27:00;2.50;43.69;18.11;734.81;0.00;0.00;0.00
25.01.2021;21:28:00;2.50;43.68;18.09;734.81;0.00;0.00;0.00
25.01.2021;21:29:00;2.51;43.79;18.06;734.80;0.00;0.00;0.00
25.01.2021;21:30:00;2.50;43.76;18.05;734.81;0.00;0.00;0.00
25.01.2021;21:31:00;2.50;43.75;18.01;734.78;0.00;0.00;0.00
25.01.2021;21:32:00;2.53;43.97;17.97;734.79;0.00;0.00;0.00
25.01.2021;21:33:00;2.50;43.99;17.97;734.79;0.00;0.00;0.00
25.01.2021;21:34:00;2.50;43.82;17.96;734.79;0.00;0.00;0.00
25.01.2021;21:35:00;2.51;43.97;17.92;734.77;0.00;0.00;0.00
25.01.2021;21:36:00;2.50;43.92;17.93;734.76;0.00;0.00;0.00
25.01.2021;21:37:00;2.50;43.92;17.92;734.76;0.00;0.00;0.00
25.01.2021;21:38:00;2.50;43.97;17.90;734.78;0.00;0.00;0.00
25.01.2021;21:39:00;2.50;43.90;17.89;734.77;0.00;0.00;0.00
25.01.2021;21:40:00;2.50;44.04;17.84;734.75;0.00;0.00;0.00
25.01.2021;21:41:00;2.50;44.12;17.81;734.75;0.00;0.00;0.00
25.01.2021;21:42:00;2.50;44.22;17.80;734.72;0.00;0.00;0.00
25.01.2021;21:43:00;2.51;44.08;17.81;734.72;0.00;0.00;0.00
25.01.2021;21:44:00;2.50;44.07;17.78;734.73;0.00;0.00;0.00
25.01.2021;21:45:00;2.50;44.15;17.74;734.71;0.00;0.00;0.00
25.01.2021;21:46:01;2.53;44.11;17.73;734.69;0.00;0.00;0.00
25.01.2021;21:47:01;2.50;44.32;17.70;734.70;0.00;0.00;0.00
25.01.2021;21:48:01;2.50;44.42;17.70;734.67;0.00;0.00;0.00
25.01.2021;21:49:01;2.51;44.30;17.72;734.68;0.00;0.00;0.00
25.01.2021;21:50:01;2.50;44.20;17.72;734.67;0.00;0.00;0.00
25.01.2021;21:51:01;2.50;44.19;17.72;734.65;0.00;0.00;0.00
25.01.2021;21:52:01;2.50;44.16;17.72;734.66;0.00;0.00;0.00
25.01.2021;21:53:01;2.50;44.17;17.68;734.64;0.00;0.00;0.00
25.01.2021;21:54:01;2.50;44.26;17.67;734.63;0.00;0.00;0.00
25.01.2021;21:55:01;2.50;44.15;17.69;734.61;0.00;0.00;0.00
25.01.2021;21:56:01;2.50;44.12;17.68;734.61;0.00;0.00;0.00
25.01.2021;21:57:01;2.51;44.10;17.65;734.61;0.00;0.00;0.00
25.01.2021;21:58:01;2.50;44.12;17.65;734.59;0.00;0.00;0.00
25.01.2021;21:59:01;2.50;44.15;17.65;734.58;0.00;0.00;0.00
25.01.2021;22:00:01;2.53;44.22;17.64;734.55;0.00;0.00;0.00
25.01.2021;22:01:01;2.50;44.28;17.65;734.58;0.00;0.00;0.00
25.01.2021;22:02:01;2.50;44.24;17.62;734.54;0.00;0.00;0.00
25.01.2021;22:03:01;2.51;44.28;17.64;734.55;0.00;0.00;0.00
25.01.2021;22:04:01;2.50;44.11;17.65;734.53;0.00;0.00;0.00
25.01.2021;22:05:01;2.50;44.05;17.63;734.53;0.00;0.00;0.00
25.01.2021;22:06:01;2.50;44.15;17.61;734.52;0.00;0.00;0.00
25.01.2021;22:07:01;2.50;44.15;17.60;734.51;0.00;0.00;0.00
25.01.2021;22:08:01;2.50;44.20;17.59;734.47;0.00;0.00;0.00
25.01.2021;22:09:01;2.50;44.28;17.60;734.49;0.00;0.00;0.00
25.01.2021;22:10:01;2.50;44.12;17.62;734.48;0.00;0.00;0.00
25.01.2021;22:11:01;2.51;44.10;17.63;734.44;0.00;0.00;0.00
25.01.2021;22:12:01;2.50;44.12;17.62;734.44;0.00;0.00;0.00
25.01.2021;22:13:01;2.50;44.15;17.61;734.44;0.00;0.00;0.00
25.01.2021;22:14:02;2.53;44.10;17.61;734.43;0.00;0.00;0.00
25.01.2021;22:15:02;2.50;44.00;17.62;734.41;0.00;0.00;0.00
25.01.2021;22:16:02;2.50;44.05;17.63;734.40;0.00;0.00;0.00
25.01.2021;22:17:02;2.51;44.02;17.64;734.36;0.00;0.00;0.00
25.01.2021;22:18:02;2.50;43.97;17.65;734.36;0.00;0.00;0.00
25.01.2021;22:19:02;2.50;43.93;17.65;734.35;0.00;0.00;0.00
25.01.2021;22:20:02;2.50;43.85;17.65;734.31;0.00;0.00;0.00
25.01.2021;22:21:02;2.50;43.83;17.66;734.32;0.00;0.00;0.00
25.01.2021;22:22:02;2.50;43.77;17.64;734.30;0.00;0.00;0.00
25.01.2021;22:23:02;2.50;44.04;17.64;734.30;0.00;0.00;0.00
25.01.2021;22:24:02;2.50;43.85;17.64;734.31;0.00;0.00;0.00
25.01.2021;22:25:02;2.51;43.81;17.64;734.31;0.00;0.00;0.00
25.01.2021;22:26:02;2.50;43.69;17.64;734.30;0.00;0.00;0.00
25.01.2021;22:27:02;2.50;43.91;17.66;734.29;0.00;0.00;0.00
25.01.2021;22:28:02;2.53;43.74;17.66;734.25;0.00;0.00;0.00
25.01.2021;22:29:02;2.50;43.84;17.66;734.25;0.00;0.00;0.00
25.01.2021;22:30:02;2.50;43.67;17.68;734.26;0.00;0.00;0.00
25.01.2021;22:31:02;2.51;43.63;17.68;734.25;0.00;0.00;0.00
25.01.2021;22:32:02;2.50;43.65;17.69;734.23;0.00;0.00;0.00
25.01.2021;22:33:02;2.50;43.63;17.68;734.22;0.00;0.00;0.00
25.01.2021;22:34:02;2.50;43.62;17.68;734.22;0.00;0.00;0.00
25.01.2021;22:35:02;2.50;43.70;17.69;734.23;0.00;0.00;0.00
25.01.2021;22:36:02;2.50;43.59;17.70;734.21;0.00;0.00;0.00
25.01.2021;22:37:02;2.50;43.43;17.69;734.22;0.00;0.00;0.00
25.01.2021;22:38:02;2.50;43.51;17.67;734.23;0.00;0.00;0.00
25.01.2021;22:39:02;2.51;43.53;17.68;734.21;0.00;0.00;0.00
25.01.2021;22:40:02;2.50;43.46;17.68;734.23;0.00;0.00;0.00
25.01.2021;22:41:02;2.50;43.50;17.65;734.20;0.00;0.00;0.00
25.01.2021;22:42:03;2.53;43.50;17.63;734.19;0.00;0.00;0.00
25.01.2021;22:43:03;2.50;43.49;17.64;734.19;0.00;0.00;0.00
25.01.2021;22:44:03;2.50;43.60;17.66;734.20;0.00;0.00;0.00
25.01.2021;22:45:03;2.51;43.52;17.65;734.19;0.00;0.00;0.00
25.01.2021;22:46:03;2.50;43.49;17.67;734.17;0.00;0.00;0.00
25.01.2021;22:47:03;2.50;43.41;17.68;734.16;0.00;0.00;0.00
25.01.2021;22:48:03;2.50;43.38;17.67;734.16;0.00;0.00;0.00
25.01.2021;22:49:03;2.50;43.45;17.67;734.16;0.00;0.00;0.00
25.01.2021;22:50:03;2.50;43.45;17.67;734.14;0.00;0.00;0.00
25.01.2021;22:51:03;2.50;43.39;17.69;734.13;0.00;0.00;0.00
25.01.2021;22:52:03;2.50;43.33;17.70;734.15;0.00;0.00;0.00
25.01.2021;22:53:03;2.51;43.28;17.71;734.13;0.00;0.00;0.00
25.01.2021;22:54:03;2.50;43.25;17.69;734.13;0.00;0.00;0.00
25.01.2021;22:55:03;2.50;43.29;17.69;734.13;0.00;0.00;0.00
25.01.2021;22:56:03;2.53;43.39;17.67;734.12;0.00;0.00;0.00
25.01.2021;22:57:03;2.50;43.30;17.69;734.12;0.00;0.00;0.00
25.01.2021;22:58:03;2.50;43.10;17.69;734.10;0.00;0.00;0.00
25.01.2021;22:59:03;2.51;43.18;17.69;734.10;0.00;0.00;0.00
25.01.2021;23:00:03;2.50;43.24;17.68;734.09;0.00;0.00;0.00
25.01.2021;23:01:03;2.50;43.17;17.69;734.10;0.00;0.00;0.00
25.01.2021;23:02:03;2.50;43.23;17.67;734.09;0.00;0.00;0.00
25.01.2021;23:03:03;2.50;43.32;17.66;734.08;0.00;0.00;0.00
25.01.2021;23:04:03;2.50;43.32;17.64;734.07;0.00;0.00;0.00
25.01.2021;23:05:03;2.50;43.25;17.65;734.04;0.00;0.00;0.00
25.01.2021;23:06:03;2.50;43.25;17.66;734.03;0.00;0.00;0.00
25.01.2021;23:07:03;2.51;43.11;17.65;734.03;0.00;0.00;0.00
25.01.2021;23:08:03;2.50;43.26;17.63;734.04;0.00;0.00;0.00
25.01.2021;23:09:03;2.50;43.28;17.63;734.00;0.00;0.00;0.00
25.01.2021;23:10:04;2.53;43.28;17.63;733.98;0.00;0.00;0.00
25.01.2021;23:11:04;2.50;43.27;17.65;733.99;0.00;0.00;0.00
25.01.2021;23:12:04;2.50;43.19;17.65;733.96;0.00;0.00;0.00
25.01.2021;23:13:04;2.51;43.13;17.66;733.96;0.00;0.00;0.00
25.01.2021;23:14:04;2.50;43.16;17.64;733.96;0.00;0.00;0.00
25.01.2021;23:15:04;2.50;43.17;17.64;733.94;0.00;0.00;0.00
25.01.2021;23:16:04;2.50;43.18;17.65;733.92;0.00;0.00;0.00
25.01.2021;23:17:04;2.50;43.16;17.64;733.92;0.00;0.00;0.00
25.01.2021;23:18:04;2.50;43.13;17.66;733.91;0.00;0.00;0.00
25.01.2021;23:19:04;2.50;42.97;17.65;733.90;0.00;0.00;0.00
25.01.2021;23:20:04;2.50;43.09;17.63;733.88;0.00;0.00;0.00
25.01.2021;23:21:04;2.51;42.98;17.63;733.88;0.00;0.00;0.00
25.01.2021;23:22:04;2.50;43.12;17.62;733.85;0.00;0.00;0.00
25.01.2021;23:23:04;2.50;43.14;17.64;733.85;0.00;0.00;0.00
25.01.2021;23:24:04;2.53;43.12;17.65;733.84;0.00;0.00;0.00
25.01.2021;23:25:04;2.50;43.05;17.63;733.86;0.00;0.00;0.00
25.01.2021;23:26:04;2.50;43.16;17.63;733.83;0.00;0.00;0.00
25.01.2021;23:27:04;2.51;43.05;17.64;733.82;0.00;0.00;0.00
25.01.2021;23:28:04;2.50;43.02;17.65;733.83;0.00;0.00;0.00
25.01.2021;23:29:04;2.50;43.10;17.63;733.82;0.00;0.00;0.00
25.01.2021;23:30:04;2.50;43.13;17.63;733.83;0.00;0.00;0.00
25.01.2021;23:31:04;2.50;43.05;17.64;733.83;0.00;0.00;0.00
25.01.2021;23:32:04;2.50;42.99;17.63;733.79;0.00;0.00;0.00
25.01.2021;23:33:04;2.50;43.01;17.66;733.80;0.00;0.00;0.00
25.01.2021;23:34:04;2.50;42.88;17.66;733.78;0.00;0.00;0.00
25.01.2021;23:35:04;2.51;42.96;17.67;733.78;0.00;0.00;0.00
25.01.2021;23:36:04;2.50;42.90;17.67;733.77;0.00;0.00;0.00
25.01.2021;23:37:04;2.50;42.91;17.68;733.75;0.00;0.00;0.00
25.01.2021;23:38:05;2.53;42.91;17.67;733.76;0.00;0.00;0.00
25.01.2021;23:39:05;2.50;42.90;17.68;733.73;0.00;0.00;0.00
25.01.2021;23:40:05;2.50;42.84;17.67;733.70;0.00;0.00;0.00
25.01.2021;23:41:05;2.51;42.86;17.67;733.71;0.00;0.00;0.00
25.01.2021;23:42:05;2.50;42.80;17.65;733.68;0.00;0.00;0.00
25.01.2021;23:43:05;2.50;42.96;17.62;733.67;0.00;0.00;0.00
25.01.2021;23:44:05;2.50;43.04;17.62;733.65;0.00;0.00;0.00
25.01.2021;23:45:05;2.50;42.90;17.64;733.65;0.00;0.00;0.00
25.01.2021;23:46:05;2.50;42.88;17.65;733.64;0.00;0.00;0.00
25.01.2021;23:47:05;2.50;42.91;17.66;733.61;0.00;0.00;0.00
25.01.2021;23:48:05;2.50;42.81;17.65;733.60;0.00;0.00;0.00
25.01.2021;23:49:05;2.51;42.91;17.62;733.61;0.00;0.00;0.00
25.01.2021;23:50:05;2.50;42.98;17.63;733.61;0.00;0.00;0.00
25.01.2021;23:51:05;2.50;42.81;17.64;733.60;0.00;0.00;0.00
25.01.2021;23:52:05;2.53;42.91;17.63;733.59;0.00;0.00;0.00
25.01.2021;23:53:05;2.50;42.84;17.62;733.58;0.00;0.00;0.00
25.01.2021;23:54:05;2.50;42.85;17.64;733.56;0.00;0.00;0.00
25.01.2021;23:55:05;2.51;42.84;17.64;733.57;0.00;0.00;0.00
25.01.2021;23:56:05;2.50;42.93;17.60;733.55;0.00;0.00;0.00
25.01.2021;23:57:05;2.50;42.97;17.60;733.56;0.00;0.00;0.00
25.01.2021;23:58:05;2.50;42.91;17.62;733.55;0.00;0.00;0.00
25.01.2021;23:59:05;2.50;42.80;17.62;733.54;0.00;0.00;0.00
