25.11.2020;0:00:27;3.33;43.10;14.90;755.70;0.00;0.00;0.00
25.11.2020;0:01:27;3.36;43.07;14.88;755.71;0.00;0.00;0.00
25.11.2020;0:02:27;3.33;43.59;14.88;755.72;0.00;0.00;0.00
25.11.2020;0:03:27;3.33;43.64;14.88;755.72;0.00;0.00;0.00
25.11.2020;0:04:27;3.35;43.52;14.89;755.72;0.00;0.00;0.00
25.11.2020;0:05:27;3.33;43.58;14.89;755.69;0.00;0.00;0.00
25.11.2020;0:06:27;3.33;43.81;14.89;755.66;0.00;0.00;0.00
25.11.2020;0:07:27;3.33;43.64;14.89;755.65;0.00;0.00;0.00
25.11.2020;0:08:27;3.33;42.95;14.86;755.67;0.00;0.00;0.00
25.11.2020;0:09:27;3.33;42.88;14.82;755.67;0.00;0.00;0.00
25.11.2020;0:10:27;3.33;43.37;14.81;755.65;0.00;0.00;0.00
25.11.2020;0:11:27;3.33;44.16;14.83;755.67;0.00;0.00;0.00
25.11.2020;0:12:27;3.35;43.60;14.83;755.67;0.00;0.00;0.00
25.11.2020;0:13:27;3.33;43.38;14.82;755.68;0.00;0.00;0.00
25.11.2020;0:14:27;3.33;43.27;14.80;755.66;0.00;0.00;0.00
25.11.2020;0:15:27;3.36;43.83;14.79;755.66;0.00;0.00;0.00
25.11.2020;0:16:27;3.33;43.82;14.81;755.68;0.00;0.00;0.00
25.11.2020;0:17:27;3.33;43.46;14.80;755.68;0.00;0.00;0.00
25.11.2020;0:18:27;3.35;43.53;14.80;755.68;0.00;0.00;0.00
25.11.2020;0:19:27;3.33;43.21;14.76;755.66;0.00;0.00;0.00
25.11.2020;0:20:27;3.33;43.55;14.76;755.67;0.00;0.00;0.00
25.11.2020;0:21:27;3.33;43.91;14.78;755.67;0.00;0.00;0.00
25.11.2020;0:22:27;3.33;43.52;14.78;755.65;0.00;0.00;0.00
25.11.2020;0:23:27;3.33;43.34;14.75;755.66;0.00;0.00;0.00
25.11.2020;0:24:27;3.33;43.45;14.75;755.66;0.00;0.00;0.00
25.11.2020;0:25:27;3.33;43.63;14.75;755.64;0.00;0.00;0.00
25.11.2020;0:26:27;3.35;43.29;14.72;755.64;0.00;0.00;0.00
25.11.2020;0:27:27;3.33;43.46;14.70;755.63;0.00;0.00;0.00
25.11.2020;0:28:28;3.33;43.59;14.71;755.63;0.00;0.00;0.00
25.11.2020;0:29:28;3.36;43.46;14.71;755.63;0.00;0.00;0.00
25.11.2020;0:30:28;3.33;43.94;14.71;755.61;0.00;0.00;0.00
25.11.2020;0:31:28;3.33;43.63;14.72;755.59;0.00;0.00;0.00
25.11.2020;0:32:28;3.35;43.24;14.69;755.57;0.00;0.00;0.00
25.11.2020;0:33:28;3.33;43.48;14.67;755.56;0.00;0.00;0.00
25.11.2020;0:34:28;3.33;43.76;14.69;755.57;0.00;0.00;0.00
25.11.2020;0:35:28;3.33;43.97;14.70;755.57;0.00;0.00;0.00
25.11.2020;0:36:28;3.33;43.99;14.71;755.57;0.00;0.00;0.00
25.11.2020;0:37:28;3.33;43.91;14.72;755.57;0.00;0.00;0.00
25.11.2020;0:38:28;3.33;43.59;14.70;755.56;0.00;0.00;0.00
25.11.2020;0:39:28;3.33;43.37;14.68;755.53;0.00;0.00;0.00
25.11.2020;0:40:28;3.35;43.64;14.68;755.53;0.00;0.00;0.00
25.11.2020;0:41:28;3.33;43.86;14.68;755.52;0.00;0.00;0.00
25.11.2020;0:42:28;3.33;43.82;14.69;755.53;0.00;0.00;0.00
25.11.2020;0:43:28;3.36;43.63;14.67;755.54;0.00;0.00;0.00
25.11.2020;0:44:28;3.33;43.45;14.66;755.55;0.00;0.00;0.00
25.11.2020;0:45:28;3.33;43.97;14.66;755.58;0.00;0.00;0.00
25.11.2020;0:46:28;3.35;43.66;14.67;755.59;0.00;0.00;0.00
25.11.2020;0:47:28;3.33;43.98;14.66;755.60;0.00;0.00;0.00
25.11.2020;0:48:28;3.33;44.13;14.67;755.58;0.00;0.00;0.00
25.11.2020;0:49:28;3.33;43.38;14.66;755.57;0.00;0.00;0.00
25.11.2020;0:50:28;3.33;43.36;14.62;755.56;0.00;0.00;0.00
25.11.2020;0:51:28;3.33;43.62;14.61;755.55;0.00;0.00;0.00
25.11.2020;0:52:28;3.33;44.22;14.64;755.55;0.00;0.00;0.00
25.11.2020;0:53:28;3.33;44.03;14.65;755.56;0.00;0.00;0.00
25.11.2020;0:54:28;3.35;43.97;14.64;755.55;0.00;0.00;0.00
25.11.2020;0:55:28;3.33;44.01;14.66;755.56;0.00;0.00;0.00
25.11.2020;0:56:28;3.33;43.78;14.65;755.55;0.00;0.00;0.00
25.11.2020;0:57:29;3.36;43.46;14.63;755.54;0.00;0.00;0.00
25.11.2020;0:58:29;3.33;43.84;14.63;755.54;0.00;0.00;0.00
25.11.2020;0:59:29;3.33;43.76;14.63;755.53;0.00;0.00;0.00
25.11.2020;1:00:29;3.35;43.80;14.62;755.54;0.00;0.00;0.00
25.11.2020;1:01:29;3.33;44.18;14.63;755.54;0.00;0.00;0.00
25.11.2020;1:02:29;3.33;43.66;14.63;755.56;0.00;0.00;0.00
25.11.2020;1:03:29;3.33;43.73;14.62;755.58;0.00;0.00;0.00
25.11.2020;1:04:29;3.33;43.54;14.60;755.59;0.00;0.00;0.00
25.11.2020;1:05:29;3.33;43.75;14.60;755.63;0.00;0.00;0.00
25.11.2020;1:06:29;3.33;43.47;14.58;755.64;0.00;0.00;0.00
25.11.2020;1:07:29;3.33;43.58;14.56;755.65;0.00;0.00;0.00
25.11.2020;1:08:29;3.35;43.67;14.55;755.65;0.00;0.00;0.00
25.11.2020;1:09:29;3.33;43.81;14.55;755.66;0.00;0.00;0.00
25.11.2020;1:10:29;3.33;44.01;14.55;755.66;0.00;0.00;0.00
25.11.2020;1:11:29;3.36;43.83;14.54;755.66;0.00;0.00;0.00
25.11.2020;1:12:29;3.33;43.91;14.55;755.64;0.00;0.00;0.00
25.11.2020;1:13:29;3.33;44.38;14.57;755.64;0.00;0.00;0.00
25.11.2020;1:14:29;3.35;44.17;14.58;755.62;0.00;0.00;0.00
25.11.2020;1:15:29;3.33;44.64;14.61;755.60;0.00;0.00;0.00
25.11.2020;1:16:29;3.33;43.53;14.60;755.59;0.00;0.00;0.00
25.11.2020;1:17:29;3.33;43.63;14.57;755.59;0.00;0.00;0.00
25.11.2020;1:18:29;3.33;44.14;14.57;755.57;0.00;0.00;0.00
25.11.2020;1:19:29;3.33;43.84;14.57;755.56;0.00;0.00;0.00
25.11.2020;1:20:29;3.33;43.59;14.56;755.57;0.00;0.00;0.00
25.11.2020;1:21:29;3.33;43.39;14.53;755.58;0.00;0.00;0.00
25.11.2020;1:22:29;3.35;43.76;14.51;755.58;0.00;0.00;0.00
25.11.2020;1:23:29;3.33;43.85;14.52;755.59;0.00;0.00;0.00
25.11.2020;1:24:29;3.33;43.88;14.50;755.60;0.00;0.00;0.00
25.11.2020;1:25:29;3.36;43.99;14.50;755.59;0.00;0.00;0.00
25.11.2020;1:26:29;3.33;44.40;14.51;755.57;0.00;0.00;0.00
25.11.2020;1:27:30;3.33;43.86;14.50;755.56;0.00;0.00;0.00
25.11.2020;1:28:30;3.35;44.59;14.53;755.55;0.00;0.00;0.00
25.11.2020;1:29:30;3.33;43.63;14.52;755.53;0.00;0.00;0.00
25.11.2020;1:30:30;3.33;43.61;14.49;755.53;0.00;0.00;0.00
25.11.2020;1:31:30;3.33;44.01;14.50;755.51;0.00;0.00;0.00
25.11.2020;1:32:30;3.33;43.77;14.50;755.49;0.00;0.00;0.00
25.11.2020;1:33:30;3.33;44.16;14.50;755.47;0.00;0.00;0.00
25.11.2020;1:34:30;3.33;44.15;14.51;755.46;0.00;0.00;0.00
25.11.2020;1:35:30;3.33;44.56;14.53;755.44;0.00;0.00;0.00
25.11.2020;1:36:30;3.35;44.00;14.54;755.42;0.00;0.00;0.00
25.11.2020;1:37:30;3.33;43.77;14.53;755.41;0.00;0.00;0.00
25.11.2020;1:38:30;3.33;43.92;14.52;755.38;0.00;0.00;0.00
25.11.2020;1:39:30;3.36;44.37;14.53;755.36;0.00;0.00;0.00
25.11.2020;1:40:30;3.33;43.95;14.54;755.36;0.00;0.00;0.00
25.11.2020;1:41:30;3.33;44.23;14.53;755.35;0.00;0.00;0.00
25.11.2020;1:42:30;3.35;43.80;14.53;755.35;0.00;0.00;0.00
25.11.2020;1:43:30;3.33;43.60;14.52;755.36;0.00;0.00;0.00
25.11.2020;1:44:30;3.33;43.97;14.51;755.39;0.00;0.00;0.00
25.11.2020;1:45:30;3.33;44.04;14.54;755.39;0.00;0.00;0.00
25.11.2020;1:46:30;3.33;43.71;14.54;755.39;0.00;0.00;0.00
25.11.2020;1:47:30;3.33;43.67;14.55;755.38;0.00;0.00;0.00
25.11.2020;1:48:30;3.33;43.58;14.52;755.37;0.00;0.00;0.00
25.11.2020;1:49:30;3.33;43.44;14.52;755.37;0.00;0.00;0.00
25.11.2020;1:50:30;3.35;43.53;14.52;755.36;0.00;0.00;0.00
25.11.2020;1:51:30;3.33;43.88;14.53;755.35;0.00;0.00;0.00
25.11.2020;1:52:30;3.33;43.82;14.54;755.34;0.00;0.00;0.00
25.11.2020;1:53:30;3.36;43.76;14.54;755.32;0.00;0.00;0.00
25.11.2020;1:54:30;3.33;44.13;14.57;755.32;0.00;0.00;0.00
25.11.2020;1:55:30;3.33;44.21;14.59;755.31;0.00;0.00;0.00
25.11.2020;1:56:31;3.35;43.87;14.60;755.31;0.00;0.00;0.00
25.11.2020;1:57:31;3.33;43.84;14.59;755.31;0.00;0.00;0.00
25.11.2020;1:58:31;3.33;43.31;14.57;755.31;0.00;0.00;0.00
25.11.2020;1:59:31;3.33;43.83;14.59;755.30;0.00;0.00;0.00
25.11.2020;2:00:31;3.33;44.38;14.62;755.31;0.00;0.00;0.00
25.11.2020;2:01:31;3.33;43.90;14.65;755.30;0.00;0.00;0.00
25.11.2020;2:02:31;3.33;44.08;14.67;755.30;0.00;0.00;0.00
25.11.2020;2:03:31;3.33;43.33;14.64;755.31;0.00;0.00;0.00
25.11.2020;2:04:31;3.35;43.74;14.65;755.29;0.00;0.00;0.00
25.11.2020;2:05:31;3.33;43.96;14.66;755.28;0.00;0.00;0.00
25.11.2020;2:06:31;3.33;44.00;14.68;755.28;0.00;0.00;0.00
25.11.2020;2:07:31;3.36;43.68;14.69;755.29;0.00;0.00;0.00
25.11.2020;2:08:31;3.33;43.94;14.70;755.30;0.00;0.00;0.00
25.11.2020;2:09:31;3.33;43.60;14.71;755.30;0.00;0.00;0.00
25.11.2020;2:10:31;3.35;43.41;14.72;755.32;0.00;0.00;0.00
25.11.2020;2:11:31;3.33;43.10;14.69;755.31;0.00;0.00;0.00
25.11.2020;2:12:31;3.33;43.25;14.68;755.29;0.00;0.00;0.00
25.11.2020;2:13:31;3.33;43.09;14.66;755.30;0.00;0.00;0.00
25.11.2020;2:14:31;3.33;43.69;14.68;755.28;0.00;0.00;0.00
25.11.2020;2:15:31;3.33;43.37;14.69;755.29;0.00;0.00;0.00
25.11.2020;2:16:31;3.33;43.26;14.68;755.28;0.00;0.00;0.00
25.11.2020;2:17:31;3.33;43.47;14.69;755.29;0.00;0.00;0.00
25.11.2020;2:18:31;3.35;43.56;14.69;755.29;0.00;0.00;0.00
25.11.2020;2:19:31;3.33;43.56;14.71;755.30;0.00;0.00;0.00
25.11.2020;2:20:31;3.33;43.06;14.70;755.31;0.00;0.00;0.00
25.11.2020;2:21:31;3.36;42.88;14.67;755.31;0.00;0.00;0.00
25.11.2020;2:22:31;3.33;43.23;14.66;755.31;0.00;0.00;0.00
25.11.2020;2:23:31;3.33;43.66;14.69;755.34;0.00;0.00;0.00
25.11.2020;2:24:31;3.35;43.85;14.71;755.37;0.00;0.00;0.00
25.11.2020;2:25:31;3.33;43.21;14.69;755.35;0.00;0.00;0.00
25.11.2020;2:26:32;3.33;42.95;14.67;755.35;0.00;0.00;0.00
25.11.2020;2:27:32;3.33;43.26;14.66;755.35;0.00;0.00;0.00
25.11.2020;2:28:32;3.33;43.41;14.67;755.36;0.00;0.00;0.00
25.11.2020;2:29:32;3.33;43.71;14.68;755.38;0.00;0.00;0.00
25.11.2020;2:30:32;3.33;44.19;14.71;755.37;0.00;0.00;0.00
25.11.2020;2:31:32;3.33;43.81;14.75;755.39;0.00;0.00;0.00
25.11.2020;2:32:32;3.35;44.13;14.77;755.39;0.00;0.00;0.00
25.11.2020;2:33:32;3.33;43.38;14.78;755.39;0.00;0.00;0.00
25.11.2020;2:34:32;3.33;43.40;14.77;755.37;0.00;0.00;0.00
25.11.2020;2:35:32;3.36;43.24;14.76;755.37;0.00;0.00;0.00
25.11.2020;2:36:32;3.33;43.63;14.77;755.38;0.00;0.00;0.00
25.11.2020;2:37:32;3.33;43.61;14.78;755.39;0.00;0.00;0.00
25.11.2020;2:38:32;3.35;43.48;14.79;755.39;0.00;0.00;0.00
25.11.2020;2:39:32;3.33;42.87;14.77;755.39;0.00;0.00;0.00
25.11.2020;2:40:32;3.33;43.26;14.77;755.39;0.00;0.00;0.00
25.11.2020;2:41:32;3.33;43.89;14.79;755.39;0.00;0.00;0.00
25.11.2020;2:42:32;3.33;43.78;14.80;755.38;0.00;0.00;0.00
25.11.2020;2:43:32;3.33;43.58;14.81;755.39;0.00;0.00;0.00
25.11.2020;2:44:32;3.33;43.61;14.82;755.37;0.00;0.00;0.00
25.11.2020;2:45:32;3.33;43.41;14.82;755.38;0.00;0.00;0.00
25.11.2020;2:46:32;3.35;43.35;14.81;755.36;0.00;0.00;0.00
25.11.2020;2:47:32;3.33;43.74;14.82;755.37;0.00;0.00;0.00
25.11.2020;2:48:32;3.33;43.43;14.83;755.38;0.00;0.00;0.00
25.11.2020;2:49:32;3.36;43.55;14.83;755.39;0.00;0.00;0.00
25.11.2020;2:50:32;3.33;43.95;14.86;755.38;0.00;0.00;0.00
25.11.2020;2:51:32;3.33;43.28;14.85;755.39;0.00;0.00;0.00
25.11.2020;2:52:32;3.35;43.86;14.88;755.38;0.00;0.00;0.00
25.11.2020;2:53:32;3.33;44.07;14.90;755.39;0.00;0.00;0.00
25.11.2020;2:54:32;3.33;43.21;14.92;755.38;0.00;0.00;0.00
25.11.2020;2:55:32;3.33;43.40;14.90;755.38;0.00;0.00;0.00
25.11.2020;2:56:33;3.33;44.08;14.93;755.37;0.00;0.00;0.00
25.11.2020;2:57:33;3.33;43.40;14.94;755.38;0.00;0.00;0.00
25.11.2020;2:58:33;3.33;43.67;14.95;755.36;0.00;0.00;0.00
25.11.2020;2:59:33;3.33;43.29;14.95;755.36;0.00;0.00;0.00
25.11.2020;3:00:33;3.35;43.81;14.95;755.36;0.00;0.00;0.00
25.11.2020;3:01:33;3.33;43.72;14.96;755.35;0.00;0.00;0.00
25.11.2020;3:02:33;3.33;43.06;14.96;755.35;0.00;0.00;0.00
25.11.2020;3:03:33;3.36;43.42;14.95;755.35;0.00;0.00;0.00
25.11.2020;3:04:33;3.33;43.73;14.97;755.34;0.00;0.00;0.00
25.11.2020;3:05:33;3.33;43.38;14.99;755.35;0.00;0.00;0.00
25.11.2020;3:06:33;3.35;43.18;14.98;755.35;0.00;0.00;0.00
25.11.2020;3:07:33;3.33;43.37;14.99;755.34;0.00;0.00;0.00
25.11.2020;3:08:33;3.33;43.50;15.00;755.34;0.00;0.00;0.00
25.11.2020;3:09:33;3.33;42.74;14.97;755.32;0.00;0.00;0.00
25.11.2020;3:10:33;3.33;42.83;14.95;755.31;0.00;0.00;0.00
25.11.2020;3:11:33;3.33;43.66;14.95;755.31;0.00;0.00;0.00
25.11.2020;3:12:33;3.33;44.04;15.00;755.29;0.00;0.00;0.00
25.11.2020;3:13:33;3.33;43.69;15.03;755.28;0.00;0.00;0.00
25.11.2020;3:14:33;3.35;43.07;15.00;755.29;0.00;0.00;0.00
25.11.2020;3:15:33;3.33;43.83;15.02;755.27;0.00;0.00;0.00
25.11.2020;3:16:33;3.33;43.69;15.05;755.26;0.00;0.00;0.00
25.11.2020;3:17:33;3.36;44.00;15.08;755.26;0.00;0.00;0.00
25.11.2020;3:18:33;3.33;42.89;15.07;755.24;0.00;0.00;0.00
25.11.2020;3:19:33;3.33;43.06;15.03;755.24;0.00;0.00;0.00
25.11.2020;3:20:33;3.35;43.21;15.02;755.22;0.00;0.00;0.00
25.11.2020;3:21:33;3.33;43.92;15.04;755.21;0.00;0.00;0.00
25.11.2020;3:22:33;3.33;43.35;15.05;755.19;0.00;0.00;0.00
25.11.2020;3:23:33;3.33;43.51;15.05;755.18;0.00;0.00;0.00
25.11.2020;3:24:33;3.33;43.17;15.04;755.18;0.00;0.00;0.00
25.11.2020;3:25:34;3.33;43.15;15.03;755.18;0.00;0.00;0.00
25.11.2020;3:26:34;3.33;42.94;15.01;755.17;0.00;0.00;0.00
25.11.2020;3:27:34;3.33;43.67;15.01;755.16;0.00;0.00;0.00
25.11.2020;3:28:34;3.35;43.23;15.01;755.15;0.00;0.00;0.00
25.11.2020;3:29:34;3.33;43.64;15.01;755.14;0.00;0.00;0.00
25.11.2020;3:30:34;3.33;43.22;15.00;755.14;0.00;0.00;0.00
25.11.2020;3:31:34;3.36;43.90;14.99;755.11;0.00;0.00;0.00
25.11.2020;3:32:34;3.33;43.81;15.01;755.10;0.00;0.00;0.00
25.11.2020;3:33:34;3.33;43.56;15.02;755.10;0.00;0.00;0.00
25.11.2020;3:34:34;3.35;43.40;15.01;755.08;0.00;0.00;0.00
25.11.2020;3:35:34;3.33;43.26;15.00;755.07;0.00;0.00;0.00
25.11.2020;3:36:34;3.33;43.15;14.98;755.08;0.00;0.00;0.00
25.11.2020;3:37:34;3.33;43.56;14.98;755.09;0.00;0.00;0.00
25.11.2020;3:38:34;3.33;43.08;14.96;755.09;0.00;0.00;0.00
25.11.2020;3:39:34;3.33;43.59;14.95;755.10;0.00;0.00;0.00
25.11.2020;3:40:34;3.33;43.58;14.96;755.10;0.00;0.00;0.00
25.11.2020;3:41:34;3.33;43.30;14.95;755.10;0.00;0.00;0.00
25.11.2020;3:42:34;3.35;43.71;14.96;755.08;0.00;0.00;0.00
25.11.2020;3:43:34;3.33;43.63;14.96;755.05;0.00;0.00;0.00
25.11.2020;3:44:34;3.33;43.98;14.97;755.05;0.00;0.00;0.00
25.11.2020;3:45:34;3.36;43.93;14.98;755.05;0.00;0.00;0.00
25.11.2020;3:46:34;3.33;43.41;14.98;755.05;0.00;0.00;0.00
25.11.2020;3:47:34;3.33;43.80;14.97;755.05;0.00;0.00;0.00
25.11.2020;3:48:34;3.35;43.72;14.98;755.06;0.00;0.00;0.00
25.11.2020;3:49:34;3.33;43.23;14.96;755.07;0.00;0.00;0.00
25.11.2020;3:50:34;3.33;43.96;14.97;755.08;0.00;0.00;0.00
25.11.2020;3:51:34;3.33;43.58;14.97;755.07;0.00;0.00;0.00
25.11.2020;3:52:34;3.33;43.69;14.97;755.06;0.00;0.00;0.00
25.11.2020;3:53:34;3.33;43.61;14.96;755.05;0.00;0.00;0.00
25.11.2020;3:54:34;3.33;43.69;14.96;755.04;0.00;0.00;0.00
25.11.2020;3:55:35;3.33;44.08;14.97;755.05;0.00;0.00;0.00
25.11.2020;3:56:35;3.35;43.90;14.98;755.05;0.00;0.00;0.00
25.11.2020;3:57:35;3.33;44.18;15.00;755.05;0.00;0.00;0.00
25.11.2020;3:58:35;3.33;43.66;15.01;755.04;0.00;0.00;0.00
25.11.2020;3:59:35;3.36;43.13;14.99;755.02;0.00;0.00;0.00
25.11.2020;4:00:35;3.33;44.07;14.99;755.01;0.00;0.00;0.00
25.11.2020;4:01:35;3.33;44.18;15.02;755.01;0.00;0.00;0.00
25.11.2020;4:02:35;3.35;43.44;15.03;754.99;0.00;0.00;0.00
25.11.2020;4:03:35;3.33;43.08;15.00;754.98;0.00;0.00;0.00
25.11.2020;4:04:35;3.33;44.05;14.99;754.96;0.00;0.00;0.00
25.11.2020;4:05:35;3.33;43.63;15.00;754.94;0.00;0.00;0.00
25.11.2020;4:06:35;3.33;43.87;15.02;754.94;0.00;0.00;0.00
25.11.2020;4:07:35;3.33;43.47;15.01;754.94;0.00;0.00;0.00
25.11.2020;4:08:35;3.33;44.25;15.02;754.94;0.00;0.00;0.00
25.11.2020;4:09:35;3.33;43.45;15.04;754.95;0.00;0.00;0.00
25.11.2020;4:10:35;3.35;43.69;15.03;754.96;0.00;0.00;0.00
25.11.2020;4:11:35;3.33;43.52;15.03;754.95;0.00;0.00;0.00
25.11.2020;4:12:35;3.33;43.75;15.04;754.94;0.00;0.00;0.00
25.11.2020;4:13:35;3.36;44.08;15.07;754.93;0.00;0.00;0.00
25.11.2020;4:14:35;3.33;43.34;15.07;754.92;0.00;0.00;0.00
25.11.2020;4:15:35;3.33;43.83;15.07;754.93;0.00;0.00;0.00
25.11.2020;4:16:35;3.35;44.04;15.09;754.91;0.00;0.00;0.00
25.11.2020;4:17:35;3.33;44.16;15.11;754.91;0.00;0.00;0.00
25.11.2020;4:18:35;3.33;43.78;15.13;754.91;0.00;0.00;0.00
25.11.2020;4:19:35;3.33;43.88;15.12;754.91;0.00;0.00;0.00
25.11.2020;4:20:35;3.33;43.87;15.14;754.90;0.00;0.00;0.00
25.11.2020;4:21:35;3.33;43.33;15.14;754.89;0.00;0.00;0.00
25.11.2020;4:22:35;3.33;43.03;15.11;754.86;0.00;0.00;0.00
25.11.2020;4:23:35;3.33;43.49;15.10;754.85;0.00;0.00;0.00
25.11.2020;4:24:35;3.35;43.40;15.10;754.84;0.00;0.00;0.00
25.11.2020;4:25:36;3.33;43.61;15.10;754.83;0.00;0.00;0.00
25.11.2020;4:26:36;3.33;43.22;15.10;754.82;0.00;0.00;0.00
25.11.2020;4:27:36;3.36;43.59;15.10;754.82;0.00;0.00;0.00
25.11.2020;4:28:36;3.33;43.76;15.11;754.81;0.00;0.00;0.00
25.11.2020;4:29:36;3.33;43.78;15.12;754.78;0.00;0.00;0.00
25.11.2020;4:30:36;3.35;43.99;15.13;754.75;0.00;0.00;0.00
25.11.2020;4:31:36;3.33;43.73;15.14;754.73;0.00;0.00;0.00
25.11.2020;4:32:36;3.33;43.29;15.13;754.73;0.00;0.00;0.00
25.11.2020;4:33:36;3.33;43.29;15.12;754.72;0.00;0.00;0.00
25.11.2020;4:34:36;3.33;42.93;15.08;754.74;0.00;0.00;0.00
25.11.2020;4:35:36;3.33;43.89;15.10;754.72;0.00;0.00;0.00
25.11.2020;4:36:36;3.33;43.72;15.13;754.71;0.00;0.00;0.00
25.11.2020;4:37:36;3.33;43.52;15.12;754.70;0.00;0.00;0.00
25.11.2020;4:38:36;3.35;43.66;15.11;754.70;0.00;0.00;0.00
25.11.2020;4:39:36;3.33;43.80;15.13;754.69;0.00;0.00;0.00
25.11.2020;4:40:36;3.33;43.17;15.11;754.70;0.00;0.00;0.00
25.11.2020;4:41:36;3.36;43.68;15.12;754.70;0.00;0.00;0.00
25.11.2020;4:42:36;3.33;44.21;15.13;754.71;0.00;0.00;0.00
25.11.2020;4:43:36;3.33;43.23;15.14;754.71;0.00;0.00;0.00
25.11.2020;4:44:36;3.35;43.78;15.13;754.72;0.00;0.00;0.00
25.11.2020;4:45:36;3.33;43.70;15.14;754.72;0.00;0.00;0.00
25.11.2020;4:46:36;3.33;43.71;15.14;754.72;0.00;0.00;0.00
25.11.2020;4:47:36;3.33;44.17;15.16;754.72;0.00;0.00;0.00
25.11.2020;4:48:36;3.33;43.22;15.15;754.71;0.00;0.00;0.00
25.11.2020;4:49:36;3.33;43.43;15.13;754.71;0.00;0.00;0.00
25.11.2020;4:50:36;3.33;43.78;15.13;754.75;0.00;0.00;0.00
25.11.2020;4:51:36;3.33;43.33;15.12;754.76;0.00;0.00;0.00
25.11.2020;4:52:36;3.35;43.85;15.11;754.75;0.00;0.00;0.00
25.11.2020;4:53:36;3.33;43.56;15.13;754.74;0.00;0.00;0.00
25.11.2020;4:54:37;3.33;44.07;15.13;754.72;0.00;0.00;0.00
25.11.2020;4:55:37;3.36;43.87;15.16;754.71;0.00;0.00;0.00
25.11.2020;4:56:37;3.33;43.82;15.16;754.69;0.00;0.00;0.00
25.11.2020;4:57:37;3.33;44.12;15.17;754.68;0.00;0.00;0.00
25.11.2020;4:58:37;3.35;43.85;15.18;754.66;0.00;0.00;0.00
25.11.2020;4:59:37;3.33;44.05;15.19;754.66;0.00;0.00;0.00
25.11.2020;5:00:37;3.33;44.03;15.19;754.67;0.00;0.00;0.00
25.11.2020;5:01:37;3.33;43.85;15.20;754.67;0.00;0.00;0.00
25.11.2020;5:02:37;3.33;43.29;15.19;754.66;0.00;0.00;0.00
25.11.2020;5:03:37;3.33;42.98;15.16;754.68;0.00;0.00;0.00
25.11.2020;5:04:37;3.33;43.64;15.13;754.66;0.00;0.00;0.00
25.11.2020;5:05:37;3.33;43.18;15.13;754.65;0.00;0.00;0.00
25.11.2020;5:06:37;3.35;43.05;15.09;754.64;0.00;0.00;0.00
25.11.2020;5:07:37;3.33;43.63;15.09;754.61;0.00;0.00;0.00
25.11.2020;5:08:37;3.33;43.97;15.11;754.58;0.00;0.00;0.00
25.11.2020;5:09:37;3.36;43.58;15.11;754.58;0.00;0.00;0.00
25.11.2020;5:10:37;3.33;43.98;15.10;754.58;0.00;0.00;0.00
25.11.2020;5:11:37;3.33;44.23;15.12;754.59;0.00;0.00;0.00
25.11.2020;5:12:37;3.35;44.08;15.14;754.59;0.00;0.00;0.00
25.11.2020;5:13:37;3.33;42.98;15.12;754.59;0.00;0.00;0.00
25.11.2020;5:14:37;3.33;43.46;15.10;754.59;0.00;0.00;0.00
25.11.2020;5:15:37;3.33;43.55;15.09;754.57;0.00;0.00;0.00
25.11.2020;5:16:37;3.33;44.11;15.11;754.56;0.00;0.00;0.00
25.11.2020;5:17:37;3.33;43.69;15.12;754.56;0.00;0.00;0.00
25.11.2020;5:18:37;3.33;43.97;15.12;754.57;0.00;0.00;0.00
25.11.2020;5:19:37;3.33;43.38;15.12;754.57;0.00;0.00;0.00
25.11.2020;5:20:37;3.35;43.45;15.09;754.57;0.00;0.00;0.00
25.11.2020;5:21:37;3.33;43.60;15.10;754.57;0.00;0.00;0.00
25.11.2020;5:22:37;3.33;43.27;15.09;754.58;0.00;0.00;0.00
25.11.2020;5:23:38;3.36;43.63;15.10;754.58;0.00;0.00;0.00
25.11.2020;5:24:38;3.33;42.98;15.07;754.60;0.00;0.00;0.00
25.11.2020;5:25:38;3.33;42.92;15.02;754.61;0.00;0.00;0.00
25.11.2020;5:26:38;3.35;43.56;15.03;754.63;0.00;0.00;0.00
25.11.2020;5:27:38;3.33;43.46;15.04;754.62;0.00;0.00;0.00
25.11.2020;5:28:38;3.33;43.38;15.03;754.62;0.00;0.00;0.00
25.11.2020;5:29:38;3.33;43.60;15.03;754.63;0.00;0.00;0.00
25.11.2020;5:30:38;3.33;43.62;15.03;754.63;0.00;0.00;0.00
25.11.2020;5:31:38;3.33;43.34;15.04;754.63;0.00;0.00;0.00
25.11.2020;5:32:38;3.33;43.73;15.04;754.64;0.00;0.00;0.00
25.11.2020;5:33:38;3.33;43.65;15.05;754.63;0.00;0.00;0.00
25.11.2020;5:34:38;3.35;43.89;15.06;754.63;0.00;0.00;0.00
25.11.2020;5:35:38;3.33;43.91;15.08;754.63;0.00;0.00;0.00
25.11.2020;5:36:38;3.33;43.24;15.08;754.62;0.00;0.00;0.00
25.11.2020;5:37:38;3.36;43.33;15.05;754.63;0.00;0.00;0.00
25.11.2020;5:38:38;3.33;43.84;15.08;754.62;0.00;0.00;0.00
25.11.2020;5:39:38;3.33;43.72;15.10;754.61;0.00;0.00;0.00
25.11.2020;5:40:38;3.35;43.02;15.08;754.62;0.00;0.00;0.00
25.11.2020;5:41:38;3.33;43.11;15.06;754.63;0.00;0.00;0.00
25.11.2020;5:42:38;3.33;43.20;15.05;754.61;0.00;0.00;0.00
25.11.2020;5:43:38;3.33;43.25;15.05;754.61;0.00;0.00;0.00
25.11.2020;5:44:38;3.33;43.40;15.04;754.60;0.00;0.00;0.00
25.11.2020;5:45:38;3.33;43.81;15.05;754.61;0.00;0.00;0.00
25.11.2020;5:46:38;3.33;43.57;15.07;754.61;0.00;0.00;0.00
25.11.2020;5:47:38;3.33;43.93;15.09;754.62;0.00;0.00;0.00
25.11.2020;5:48:38;3.35;42.97;15.08;754.64;0.00;0.00;0.00
25.11.2020;5:49:38;3.33;42.98;15.05;754.66;0.00;0.00;0.00
25.11.2020;5:50:38;3.33;43.78;15.06;754.65;0.00;0.00;0.00
25.11.2020;5:51:38;3.36;43.73;15.10;754.64;0.00;0.00;0.00
25.11.2020;5:52:38;3.33;43.92;15.11;754.65;0.00;0.00;0.00
25.11.2020;5:53:39;3.33;43.87;15.13;754.64;0.00;0.00;0.00
25.11.2020;5:54:39;3.35;43.91;15.14;754.64;0.00;0.00;0.00
25.11.2020;5:55:39;3.33;43.24;15.14;754.65;0.00;0.00;0.00
25.11.2020;5:56:39;3.33;43.41;15.15;754.65;0.00;0.00;0.00
25.11.2020;5:57:39;3.33;43.81;15.15;754.65;0.00;0.00;0.00
25.11.2020;5:58:39;3.33;42.83;15.13;754.64;0.00;0.00;0.00
25.11.2020;5:59:39;3.33;43.12;15.12;754.66;0.00;0.00;0.00
25.11.2020;6:00:39;3.33;43.66;15.14;754.66;0.00;0.00;0.00
25.11.2020;6:01:39;3.33;43.45;15.14;754.67;0.00;0.00;0.00
25.11.2020;6:02:39;3.35;43.15;15.13;754.69;0.00;0.00;0.00
25.11.2020;6:03:39;3.33;43.34;15.13;754.69;0.00;0.00;0.00
25.11.2020;6:04:39;3.33;43.10;15.13;754.70;0.00;0.00;0.00
25.11.2020;6:05:39;3.36;42.90;15.12;754.70;0.00;0.00;0.00
25.11.2020;6:06:39;3.33;42.92;15.10;754.73;0.00;0.00;0.00
25.11.2020;6:07:39;3.33;43.47;15.10;754.76;0.00;0.00;0.00
25.11.2020;6:08:39;3.35;43.93;15.13;754.76;0.00;0.00;0.00
25.11.2020;6:09:39;3.33;44.09;15.16;754.74;0.00;0.00;0.00
25.11.2020;6:10:39;3.33;43.23;15.18;754.75;0.00;0.00;0.00
25.11.2020;6:11:39;3.33;43.58;15.17;754.74;0.00;0.00;0.00
25.11.2020;6:12:39;3.33;43.47;15.17;754.73;0.00;0.00;0.00
25.11.2020;6:13:39;3.33;43.12;15.15;754.74;0.00;0.00;0.00
25.11.2020;6:14:39;3.33;43.82;15.17;754.72;0.00;0.00;0.00
25.11.2020;6:15:39;3.33;43.72;15.19;754.71;0.00;0.00;0.00
25.11.2020;6:16:39;3.35;43.37;15.19;754.70;0.00;0.00;0.00
25.11.2020;6:17:39;3.33;43.56;15.19;754.68;0.00;0.00;0.00
25.11.2020;6:18:39;3.33;43.67;15.21;754.68;0.00;0.00;0.00
25.11.2020;6:19:39;3.36;43.56;15.20;754.70;0.00;0.00;0.00
25.11.2020;6:20:39;3.33;43.81;15.23;754.69;0.00;0.00;0.00
25.11.2020;6:21:39;3.33;43.82;15.23;754.70;0.00;0.00;0.00
25.11.2020;6:22:40;3.35;43.08;15.22;754.69;0.00;0.00;0.00
25.11.2020;6:23:40;3.33;43.24;15.21;754.68;0.00;0.00;0.00
25.11.2020;6:24:40;3.33;43.61;15.22;754.69;0.00;0.00;0.00
25.11.2020;6:25:40;3.33;43.70;15.24;754.70;0.00;0.00;0.00
25.11.2020;6:26:40;3.33;44.22;15.25;754.69;0.00;0.00;0.00
25.11.2020;6:27:40;3.33;43.75;15.28;754.70;0.00;0.00;0.00
25.11.2020;6:28:40;3.33;43.95;15.29;754.70;0.00;0.00;0.00
25.11.2020;6:29:40;3.33;42.90;15.29;754.70;0.00;0.00;0.00
25.11.2020;6:30:40;3.35;43.70;15.28;754.71;0.00;0.00;0.00
25.11.2020;6:31:40;3.33;43.69;15.29;754.70;0.00;0.00;0.00
25.11.2020;6:32:40;3.33;42.93;15.28;754.71;0.00;0.00;0.00
25.11.2020;6:33:40;3.36;43.46;15.27;754.70;0.00;0.00;0.00
25.11.2020;6:34:40;3.33;43.57;15.29;754.70;0.00;0.00;0.00
25.11.2020;6:35:40;3.33;43.67;15.29;754.71;0.00;0.00;0.00
25.11.2020;6:36:40;3.35;43.56;15.30;754.72;0.00;0.00;0.00
25.11.2020;6:37:40;3.33;43.53;15.30;754.72;0.00;0.00;0.00
25.11.2020;6:38:40;3.33;43.28;15.29;754.71;0.00;0.00;0.00
25.11.2020;6:39:40;3.33;43.98;15.30;754.72;0.00;0.00;0.00
25.11.2020;6:40:40;3.33;43.84;15.34;754.71;0.00;0.00;0.00
25.11.2020;6:41:40;3.33;43.54;15.33;754.71;0.00;0.00;0.00
25.11.2020;6:42:40;3.33;43.48;15.33;754.70;0.00;0.00;0.00
25.11.2020;6:43:40;3.33;43.28;15.32;754.70;0.00;0.00;0.00
25.11.2020;6:44:40;3.35;42.85;15.30;754.69;0.00;0.00;0.00
25.11.2020;6:45:40;3.33;43.83;15.30;754.70;0.00;0.00;0.00
25.11.2020;6:46:40;3.33;43.25;15.32;754.69;0.00;0.00;0.00
25.11.2020;6:47:40;3.36;42.84;15.30;754.68;0.00;0.00;0.00
25.11.2020;6:48:40;3.33;43.28;15.28;754.67;0.00;0.00;0.00
25.11.2020;6:49:40;3.33;43.55;15.28;754.66;0.00;0.00;0.00
25.11.2020;6:50:40;3.35;43.24;15.29;754.66;0.00;0.00;0.00
25.11.2020;6:51:40;3.33;43.40;15.27;754.67;0.00;0.00;0.00
25.11.2020;6:52:41;3.33;43.88;15.30;754.66;0.00;0.00;0.00
25.11.2020;6:53:41;3.33;43.09;15.31;754.69;0.00;0.00;0.00
25.11.2020;6:54:41;3.33;42.83;15.28;754.68;0.00;0.00;0.00
25.11.2020;6:55:41;3.33;43.44;15.27;754.66;0.00;0.00;0.00
25.11.2020;6:56:41;3.33;44.17;15.30;754.66;0.00;0.00;0.00
25.11.2020;6:57:41;3.33;43.69;15.33;754.66;0.00;0.00;0.00
25.11.2020;6:58:41;3.35;42.85;15.31;754.66;0.00;0.00;0.00
25.11.2020;6:59:41;3.33;43.78;15.31;754.67;0.00;0.00;0.00
25.11.2020;7:00:41;3.33;43.98;15.34;754.67;0.00;0.00;0.00
25.11.2020;7:01:41;3.36;44.12;15.37;754.67;0.00;0.00;0.00
25.11.2020;7:02:41;3.33;43.24;15.37;754.66;0.00;0.00;0.00
25.11.2020;7:03:41;3.33;43.37;15.35;754.65;0.00;0.00;0.00
25.11.2020;7:04:41;3.35;43.46;15.35;754.65;0.00;0.00;0.00
25.11.2020;7:05:41;3.33;43.92;15.37;754.66;0.00;0.00;0.00
25.11.2020;7:06:41;3.33;43.45;15.38;754.66;0.00;0.00;0.00
25.11.2020;7:07:41;3.69;43.06;15.37;754.65;0.00;0.00;0.00
25.11.2020;7:08:41;4.17;43.84;15.37;754.65;0.00;0.00;0.00
25.11.2020;7:09:41;4.17;43.33;15.39;754.66;0.00;0.00;0.00
25.11.2020;7:10:41;4.17;43.19;15.38;754.66;0.00;0.00;0.00
25.11.2020;7:11:41;4.17;43.30;15.38;754.67;0.00;0.00;0.00
25.11.2020;7:12:41;4.18;43.47;15.38;754.67;0.00;0.00;0.00
25.11.2020;7:13:41;4.76;43.19;15.37;754.67;0.00;0.00;0.00
25.11.2020;7:14:41;5.00;43.50;15.36;754.66;0.00;0.00;0.00
25.11.2020;7:15:41;5.19;43.69;15.38;754.67;0.00;0.00;0.00
25.11.2020;7:16:41;5.83;44.11;15.40;754.65;0.00;0.00;0.00
25.11.2020;7:17:41;6.06;43.91;15.43;754.65;0.00;0.00;0.00
25.11.2020;7:18:41;6.68;43.79;15.44;754.65;0.00;0.00;0.00
25.11.2020;7:19:41;6.86;43.56;15.45;754.66;0.00;0.00;0.00
25.11.2020;7:20:41;7.63;43.48;15.45;754.66;0.00;0.00;0.00
25.11.2020;7:21:42;8.33;43.42;15.45;754.64;0.00;0.00;0.00
25.11.2020;7:22:42;8.80;43.48;15.45;754.64;0.00;0.00;0.00
25.11.2020;7:23:42;9.44;43.67;15.47;754.64;0.00;0.00;0.00
25.11.2020;7:24:42;10.00;43.05;15.46;754.65;0.00;0.00;0.00
25.11.2020;7:25:42;10.78;43.62;15.46;754.65;0.00;0.00;0.00
25.11.2020;7:26:42;11.49;42.98;15.45;754.66;0.00;0.00;0.00
25.11.2020;7:27:42;12.22;43.02;15.44;754.66;0.00;0.00;0.00
25.11.2020;7:28:42;13.15;43.19;15.43;754.68;0.00;0.00;0.00
25.11.2020;7:29:42;13.83;43.81;15.44;754.68;0.00;0.00;0.00
25.11.2020;7:30:42;14.78;42.91;15.45;754.69;0.00;0.00;0.00
25.11.2020;7:31:42;15.76;42.86;15.43;754.69;0.00;0.00;0.00
25.11.2020;7:32:42;17.10;43.42;15.44;754.68;0.00;0.00;0.00
25.11.2020;7:33:42;18.04;43.32;15.45;754.69;0.01;0.00;0.00
25.11.2020;7:34:42;19.36;42.59;15.42;754.69;0.01;0.00;0.00
25.11.2020;7:35:42;20.47;42.95;15.41;754.70;0.01;0.00;0.00
25.11.2020;7:36:42;22.29;42.31;15.35;754.72;0.02;0.00;0.00
25.11.2020;7:37:42;24.53;43.44;15.35;754.72;0.03;0.00;0.00
25.11.2020;7:38:42;25.00;43.36;15.38;754.74;0.04;0.00;0.00
25.11.2020;7:39:42;25.88;43.43;15.40;754.73;0.04;0.00;0.00
25.11.2020;7:40:42;28.25;42.91;15.40;754.74;0.05;0.00;0.00
25.11.2020;7:41:42;31.36;42.62;15.35;754.72;0.06;0.00;0.00
25.11.2020;7:42:42;32.50;42.45;15.31;754.72;0.06;0.00;0.00
25.11.2020;7:43:42;33.75;42.85;15.30;754.73;0.07;0.00;0.00
25.11.2020;7:44:42;35.01;43.14;15.29;754.73;0.07;0.00;0.00
25.11.2020;7:45:42;37.94;42.61;15.27;754.72;0.08;0.00;0.00
25.11.2020;7:46:42;41.67;43.14;15.27;754.72;0.09;0.00;0.00
25.11.2020;7:47:42;44.71;43.15;15.28;754.72;0.10;0.00;0.00
25.11.2020;7:48:43;45.00;43.86;15.30;754.71;0.10;0.00;0.00
25.11.2020;7:49:43;46.21;43.42;15.31;754.71;0.10;0.00;0.00
25.11.2020;7:50:43;51.02;43.44;15.30;754.70;0.12;0.00;0.00
25.11.2020;7:51:43;55.75;43.94;15.33;754.68;0.14;0.00;0.00
25.11.2020;7:52:43;59.08;43.47;15.34;754.66;0.15;0.00;0.00
25.11.2020;7:53:43;63.56;43.56;15.37;754.65;0.17;0.00;0.00
25.11.2020;7:54:43;69.94;43.44;15.37;754.65;0.19;0.00;0.00
25.11.2020;7:55:43;76.28;43.90;15.39;754.64;0.22;0.00;0.00
25.11.2020;7:56:43;83.36;43.14;15.40;754.62;0.25;0.00;0.00
25.11.2020;7:57:43;88.37;42.85;15.38;754.62;0.28;0.00;0.00
25.11.2020;7:58:43;94.28;43.27;15.38;754.61;0.32;0.00;0.00
25.11.2020;7:59:43;100.97;43.22;15.38;754.64;0.35;0.00;0.00
25.11.2020;8:00:43;110.54;43.54;15.40;754.65;0.39;0.00;0.00
25.11.2020;8:01:43;114.17;42.60;15.38;754.65;0.39;0.00;0.00
25.11.2020;8:02:43;122.82;42.46;15.35;754.65;0.42;0.01;0.00
25.11.2020;8:03:43;123.07;42.89;15.33;754.65;0.42;0.00;0.00
25.11.2020;8:04:43;125.64;43.11;15.36;754.65;0.41;0.00;0.00
25.11.2020;8:05:43;131.33;43.65;15.38;754.65;0.43;0.01;0.00
25.11.2020;8:06:43;133.32;43.76;15.41;754.66;0.44;0.04;0.02
25.11.2020;8:07:43;136.84;43.29;15.44;754.66;0.45;0.08;0.04
25.11.2020;8:08:43;149.42;43.02;15.43;754.67;0.51;0.18;0.09
25.11.2020;8:09:43;149.32;43.15;15.44;754.69;0.52;0.20;0.10
25.11.2020;8:10:43;143.60;43.05;15.45;754.70;0.49;0.13;0.06
25.11.2020;8:11:43;150.10;42.77;15.43;754.70;0.50;0.14;0.07
25.11.2020;8:12:43;161.24;43.42;15.44;754.67;0.54;0.22;0.12
25.11.2020;8:13:43;168.86;43.34;15.47;754.66;0.57;0.28;0.16
25.11.2020;8:14:43;184.90;43.10;15.47;754.63;0.62;0.35;0.22
25.11.2020;8:15:43;202.94;43.48;15.50;754.61;0.68;0.44;0.30
25.11.2020;8:16:44;212.26;43.30;15.52;754.62;0.71;0.49;0.35
25.11.2020;8:17:44;203.90;42.90;15.52;754.64;0.69;0.46;0.32
25.11.2020;8:18:44;187.19;42.75;15.51;754.67;0.63;0.37;0.24
25.11.2020;8:19:44;176.72;42.55;15.48;754.68;0.58;0.29;0.17
25.11.2020;8:20:44;183.01;43.09;15.49;754.69;0.59;0.31;0.19
25.11.2020;8:21:44;186.05;42.79;15.50;754.69;0.60;0.31;0.19
25.11.2020;8:22:44;195.57;43.37;15.51;754.68;0.62;0.35;0.22
25.11.2020;8:23:44;211.47;43.30;15.54;754.65;0.67;0.42;0.28
25.11.2020;8:24:44;222.23;43.52;15.58;754.63;0.71;0.49;0.35
25.11.2020;8:25:44;223.90;42.54;15.58;754.62;0.72;0.52;0.37
25.11.2020;8:26:44;228.52;43.18;15.57;754.61;0.73;0.53;0.39
25.11.2020;8:27:44;251.31;43.33;15.61;754.60;0.80;0.64;0.52
25.11.2020;8:28:44;278.71;42.76;15.62;754.61;0.90;0.81;0.73
25.11.2020;8:29:44;303.04;42.28;15.62;754.61;1.03;1.01;1.04
25.11.2020;8:30:44;293.94;42.05;15.60;754.63;1.02;1.00;1.02
25.11.2020;8:31:44;296.41;42.51;15.60;754.65;1.02;1.00;1.02
25.11.2020;8:32:44;293.76;42.64;15.62;754.67;1.02;0.99;1.01
25.11.2020;8:33:44;279.21;42.15;15.61;754.66;0.96;0.91;0.87
25.11.2020;8:34:44;283.74;42.74;15.61;754.65;0.96;0.92;0.88
25.11.2020;8:35:44;283.18;42.47;15.61;754.66;0.97;0.93;0.90
25.11.2020;8:36:44;292.60;42.80;15.64;754.65;0.98;0.95;0.93
25.11.2020;8:37:44;332.24;42.65;15.66;754.65;1.12;1.17;1.30
25.11.2020;8:38:44;374.21;42.03;15.65;754.63;1.25;1.40;1.74
25.11.2020;8:39:44;375.72;42.33;15.66;754.64;1.28;1.45;1.85
25.11.2020;8:40:44;348.19;42.47;15.66;754.64;1.16;1.24;1.44
25.11.2020;8:41:45;342.02;42.75;15.68;754.66;1.13;1.18;1.33
25.11.2020;8:42:45;308.97;42.67;15.70;754.65;1.00;0.98;0.98
25.11.2020;8:43:45;298.05;42.50;15.69;754.67;0.95;0.89;0.84
25.11.2020;8:44:45;297.89;42.08;15.68;754.69;0.94;0.87;0.82
25.11.2020;8:45:45;312.78;42.51;15.68;754.66;1.00;0.96;0.96
25.11.2020;8:46:45;319.36;42.09;15.66;754.64;1.03;1.01;1.04
25.11.2020;8:47:45;354.15;42.75;15.67;754.61;1.12;1.17;1.31
25.11.2020;8:48:45;402.60;42.02;15.67;754.61;1.27;1.43;1.82
25.11.2020;8:49:45;421.13;42.82;15.69;754.60;1.34;1.55;2.09
25.11.2020;8:50:45;424.58;41.91;15.71;754.62;1.37;1.59;2.18
25.11.2020;8:51:45;408.32;41.54;15.66;754.63;1.31;1.49;1.95
25.11.2020;8:52:45;419.64;42.46;15.67;754.63;1.35;1.56;2.10
25.11.2020;8:53:45;415.25;42.72;15.72;754.63;1.33;1.54;2.05
25.11.2020;8:54:45;436.51;42.34;15.74;754.63;1.37;1.60;2.20
25.11.2020;8:55:45;484.94;41.78;15.72;754.64;1.53;1.85;2.83
25.11.2020;8:56:45;484.00;41.75;15.72;754.64;1.55;1.90;2.94
25.11.2020;8:57:45;490.90;42.04;15.72;754.64;1.55;1.89;2.93
25.11.2020;8:58:45;524.89;41.52;15.74;754.64;1.64;2.04;3.35
25.11.2020;8:59:45;499.61;41.71;15.73;754.65;1.58;1.94;3.07
25.11.2020;9:00:45;462.60;42.46;15.74;754.66;1.44;1.72;2.49
25.11.2020;9:01:45;465.93;42.09;15.76;754.66;1.42;1.69;2.41
25.11.2020;9:02:45;475.14;41.82;15.76;754.66;1.44;1.71;2.45
25.11.2020;9:03:45;478.76;41.78;15.76;754.66;1.44;1.70;2.45
25.11.2020;9:04:45;477.62;42.02;15.75;754.67;1.43;1.69;2.43
25.11.2020;9:05:45;491.05;42.01;15.78;754.66;1.47;1.77;2.60
25.11.2020;9:06:45;553.24;42.51;15.81;754.66;1.64;2.05;3.36
25.11.2020;9:07:45;615.90;42.43;15.87;754.65;1.85;2.31;4.27
25.11.2020;9:08:46;646.93;41.50;15.87;754.64;1.95;2.46;4.80
25.11.2020;9:09:46;648.36;41.90;15.89;754.62;1.95;2.45;4.76
25.11.2020;9:10:46;640.68;41.56;15.93;754.59;1.93;2.41;4.65
25.11.2020;9:11:46;607.75;41.51;15.92;754.59;1.83;2.29;4.18
25.11.2020;9:12:46;569.14;42.28;15.96;754.59;1.69;2.13;3.60
25.11.2020;9:13:46;564.25;41.53;15.95;754.58;1.67;2.09;3.49
25.11.2020;9:14:46;561.00;42.14;15.97;754.58;1.65;2.06;3.40
25.11.2020;9:15:46;598.13;41.38;15.97;754.58;1.75;2.21;3.88
25.11.2020;9:16:46;619.90;41.55;15.97;754.57;1.83;2.29;4.18
25.11.2020;9:17:46;628.66;42.29;16.02;754.58;1.86;2.31;4.29
25.11.2020;9:18:46;602.54;41.13;16.00;754.58;1.77;2.24;3.96
25.11.2020;9:19:46;594.86;42.16;16.02;754.59;1.75;2.21;3.87
25.11.2020;9:20:46;596.32;41.35;16.04;754.59;1.79;2.26;4.04
25.11.2020;9:21:46;541.11;41.73;16.04;754.62;1.59;1.97;3.13
25.11.2020;9:22:46;502.54;41.30;16.03;754.62;1.43;1.70;2.44
25.11.2020;9:23:46;526.25;41.02;15.97;754.62;1.48;1.78;2.63
25.11.2020;9:24:46;601.85;41.37;15.97;754.61;1.70;2.13;3.63
25.11.2020;9:25:46;641.53;41.74;16.01;754.60;1.82;2.30;4.19
25.11.2020;9:26:46;699.89;41.16;16.01;754.61;1.98;2.53;5.01
25.11.2020;9:27:46;781.65;41.24;16.01;754.60;2.20;2.93;6.43
25.11.2020;9:28:46;867.99;41.65;16.07;754.59;2.44;3.33;8.13
25.11.2020;9:29:46;926.91;41.10;16.10;754.59;2.55;3.53;9.02
25.11.2020;9:30:46;987.78;41.85;16.15;754.59;2.67;3.72;9.93
25.11.2020;9:31:46;1024.39;41.78;16.23;754.56;2.75;3.84;10.55
25.11.2020;9:32:46;1017.31;41.38;16.28;754.54;2.73;3.81;10.38
25.11.2020;9:33:47;1066.14;40.89;16.29;754.53;2.84;4.00;11.34
25.11.2020;9:34:47;1104.01;41.13;16.34;754.53;2.92;4.12;12.02
25.11.2020;9:35:47;1114.15;41.43;16.40;754.51;2.94;4.16;12.23
25.11.2020;9:36:47;1123.86;40.92;16.43;754.52;2.97;4.22;12.51
25.11.2020;9:37:47;1047.51;40.45;16.44;754.49;2.81;3.93;11.06
25.11.2020;9:38:47;1032.53;40.18;16.41;754.49;2.77;3.87;10.73
25.11.2020;9:39:47;986.44;40.17;16.41;754.48;2.66;3.69;9.83
25.11.2020;9:40:47;941.11;41.23;16.43;754.47;2.56;3.55;9.10
25.11.2020;9:41:47;960.99;41.33;16.48;754.46;2.59;3.58;9.26
25.11.2020;9:42:47;994.14;40.74;16.51;754.44;2.65;3.68;9.75
25.11.2020;9:43:47;1016.31;40.32;16.52;754.43;2.72;3.78;10.27
25.11.2020;9:44:47;1030.74;40.37;16.50;754.42;2.70;3.77;10.17
25.11.2020;9:45:47;1078.89;40.97;16.54;754.40;2.85;4.01;11.40
25.11.2020;9:46:47;1042.46;40.46;16.57;754.40;2.75;3.85;10.60
25.11.2020;9:47:47;1046.82;40.08;16.55;754.41;2.76;3.87;10.70
25.11.2020;9:48:47;1100.86;40.21;16.53;754.43;2.90;4.09;11.86
25.11.2020;9:49:47;1136.40;40.42;16.59;754.44;3.02;4.29;12.95
25.11.2020;9:50:47;1111.53;39.97;16.58;754.44;2.95;4.19;12.37
25.11.2020;9:51:47;1093.32;40.67;16.61;754.42;2.94;4.17;12.27
25.11.2020;9:52:47;1037.42;39.94;16.62;754.41;2.85;4.01;11.41
25.11.2020;9:53:47;979.94;39.69;16.57;754.43;2.70;3.76;10.17
25.11.2020;9:54:47;978.90;40.12;16.56;754.43;2.69;3.75;10.10
25.11.2020;9:55:47;975.92;40.09;16.58;754.44;2.70;3.78;10.22
25.11.2020;9:56:48;959.32;40.01;16.58;754.47;2.67;3.71;9.89
25.11.2020;9:57:48;914.67;39.84;16.55;754.50;2.57;3.54;9.09
25.11.2020;9:58:48;890.69;40.07;16.53;754.51;2.48;3.41;8.47
25.11.2020;9:59:48;946.21;40.34;16.52;754.49;2.62;3.62;9.49
25.11.2020;10:00:48;952.39;40.60;16.57;754.47;2.64;3.67;9.69
25.11.2020;10:01:48;1035.49;40.49;16.58;754.46;2.78;3.89;10.84
25.11.2020;10:02:48;1023.87;41.03;16.63;754.45;2.75;3.85;10.59
25.11.2020;10:03:48;938.18;40.19;16.65;754.43;2.54;3.50;8.87
25.11.2020;10:04:48;945.08;40.20;16.65;754.43;2.53;3.48;8.80
25.11.2020;10:05:48;1119.59;39.81;16.63;754.43;2.90;4.09;11.89
25.11.2020;10:06:48;1149.36;40.48;16.66;754.41;2.99;4.26;12.75
25.11.2020;10:07:48;1070.49;39.87;16.67;754.40;2.86;4.02;11.51
25.11.2020;10:08:48;953.64;40.18;16.69;754.40;2.62;3.63;9.49
25.11.2020;10:09:48;753.46;39.79;16.64;754.41;2.12;2.78;5.89
25.11.2020;10:10:48;728.86;39.53;16.56;754.40;2.01;2.59;5.22
25.11.2020;10:11:48;690.01;39.93;16.51;754.41;1.90;2.38;4.52
25.11.2020;10:12:48;621.13;40.09;16.49;754.40;1.67;2.10;3.51
25.11.2020;10:13:48;764.28;40.32;16.48;754.41;2.04;2.66;5.43
25.11.2020;10:14:48;969.44;39.85;16.46;754.42;2.58;3.58;9.25
25.11.2020;10:15:48;1002.34;40.69;16.48;754.41;2.69;3.74;10.06
25.11.2020;10:16:48;983.54;40.38;16.54;754.41;2.62;3.64;9.54
25.11.2020;10:17:48;1028.36;40.06;16.55;754.41;2.72;3.79;10.29
25.11.2020;10:18:48;1042.99;39.92;16.52;754.39;2.76;3.86;10.63
25.11.2020;10:19:48;1104.19;40.01;16.53;754.42;2.87;4.05;11.64
25.11.2020;10:20:49;1141.47;40.20;16.56;754.42;2.95;4.17;12.28
25.11.2020;10:21:49;1125.74;40.04;16.58;754.44;2.93;4.14;12.14
25.11.2020;10:22:49;1105.42;39.49;16.52;754.42;2.88;4.05;11.66
25.11.2020;10:23:49;1102.82;39.59;16.50;754.43;2.84;4.00;11.35
25.11.2020;10:24:49;1220.63;39.76;16.53;754.45;3.06;4.37;13.37
25.11.2020;10:25:49;1127.32;39.54;16.52;754.46;2.90;4.10;11.90
25.11.2020;10:26:49;1061.92;39.57;16.48;754.49;2.78;3.89;10.81
25.11.2020;10:27:49;1025.95;39.84;16.49;754.45;2.71;3.78;10.26
25.11.2020;10:28:49;1021.26;39.70;16.49;754.46;2.67;3.71;9.91
25.11.2020;10:29:49;1045.49;39.62;16.46;754.45;2.69;3.75;10.08
25.11.2020;10:30:49;1131.53;39.64;16.43;754.46;2.87;4.06;11.65
25.11.2020;10:31:49;1184.76;40.05;16.47;754.46;2.99;4.25;12.72
25.11.2020;10:32:49;1157.02;39.81;16.49;754.46;2.94;4.17;12.25
25.11.2020;10:33:49;1190.86;40.17;16.54;754.46;3.02;4.30;12.99
25.11.2020;10:34:49;1206.15;39.70;16.53;754.49;3.06;4.37;13.40
25.11.2020;10:35:49;1190.01;39.77;16.53;754.47;3.02;4.32;13.05
25.11.2020;10:36:49;1261.28;39.62;16.53;754.49;3.14;4.50;14.12
25.11.2020;10:37:49;1149.92;39.39;16.50;754.48;2.94;4.17;12.23
25.11.2020;10:38:49;1214.39;39.65;16.51;754.48;3.05;4.34;13.21
25.11.2020;10:39:49;1173.63;39.76;16.57;754.47;3.00;4.28;12.84
25.11.2020;10:40:49;1171.78;39.63;16.57;754.46;2.97;4.21;12.49
25.11.2020;10:41:49;1232.24;39.58;16.59;754.43;3.08;4.41;13.61
25.11.2020;10:42:49;1287.60;39.42;16.57;754.43;3.20;4.58;14.65
25.11.2020;10:43:50;1163.82;39.37;16.56;754.41;2.98;4.23;12.62
25.11.2020;10:44:50;1149.86;39.66;16.55;754.41;2.94;4.17;12.25
25.11.2020;10:45:50;1135.85;39.52;16.59;754.39;2.94;4.16;12.23
25.11.2020;10:46:50;1074.39;39.42;16.54;754.39;2.81;3.93;11.04
25.11.2020;10:47:50;1079.05;39.66;16.54;754.36;2.79;3.91;10.91
25.11.2020;10:48:50;1089.32;39.66;16.56;754.35;2.80;3.93;11.01
25.11.2020;10:49:50;1039.45;39.52;16.55;754.34;2.74;3.84;10.53
25.11.2020;10:50:50;1058.03;39.55;16.53;754.35;2.75;3.84;10.54
25.11.2020;10:51:50;1067.67;39.93;16.53;754.33;2.78;3.89;10.82
25.11.2020;10:52:50;1113.49;39.55;16.51;754.32;2.87;4.04;11.57
25.11.2020;10:53:50;1157.96;39.63;16.52;754.29;2.95;4.17;12.32
25.11.2020;10:54:50;1215.95;39.59;16.54;754.29;3.05;4.35;13.24
25.11.2020;10:55:50;1152.75;39.50;16.54;754.29;2.96;4.20;12.42
25.11.2020;10:56:50;1057.17;39.57;16.51;754.30;2.77;3.87;10.70
25.11.2020;10:57:50;1034.86;39.60;16.49;754.34;2.72;3.80;10.35
25.11.2020;10:58:50;1007.11;40.34;16.55;754.33;2.66;3.69;9.81
25.11.2020;10:59:50;1043.46;40.15;16.60;754.35;2.73;3.80;10.37
25.11.2020;11:00:50;1015.97;39.81;16.62;754.34;2.70;3.78;10.20
25.11.2020;11:01:50;982.04;40.04;16.59;754.35;2.65;3.68;9.75
25.11.2020;11:02:50;958.40;40.01;16.60;754.36;2.57;3.55;9.11
25.11.2020;11:03:50;933.08;40.03;16.58;754.35;2.49;3.42;8.50
25.11.2020;11:04:50;985.44;39.68;16.58;754.33;2.60;3.61;9.39
25.11.2020;11:05:50;1058.74;39.66;16.57;754.33;2.77;3.88;10.73
25.11.2020;11:06:51;1037.70;40.56;16.61;754.35;2.75;3.84;10.56
25.11.2020;11:07:51;935.71;40.08;16.61;754.34;2.53;3.49;8.83
25.11.2020;11:08:51;924.10;39.93;16.62;754.33;2.48;3.41;8.44
25.11.2020;11:09:51;999.65;39.97;16.61;754.33;2.64;3.66;9.64
25.11.2020;11:10:51;1047.50;39.83;16.62;754.33;2.75;3.84;10.55
25.11.2020;11:11:51;1046.23;39.54;16.60;754.34;2.72;3.81;10.35
25.11.2020;11:12:51;1121.76;40.05;16.61;754.35;2.83;3.98;11.26
25.11.2020;11:13:51;1294.82;39.84;16.70;754.33;3.16;4.54;14.31
25.11.2020;11:14:51;1391.14;39.87;16.77;754.30;3.29;4.76;15.67
25.11.2020;11:15:51;1246.32;40.09;16.82;754.28;3.09;4.41;13.64
25.11.2020;11:16:51;1200.01;39.38;16.81;754.27;2.99;4.26;12.76
25.11.2020;11:17:51;997.15;39.29;16.77;754.25;2.62;3.63;9.49
25.11.2020;11:18:51;705.07;39.83;16.72;754.25;1.92;2.44;4.67
25.11.2020;11:19:51;691.45;39.60;16.69;754.24;1.83;2.30;4.21
25.11.2020;11:20:51;695.31;40.18;16.67;754.27;1.86;2.31;4.28
25.11.2020;11:21:51;730.69;40.14;16.63;754.27;1.93;2.43;4.70
25.11.2020;11:22:51;751.42;40.41;16.66;754.27;2.00;2.55;5.11
25.11.2020;11:23:51;801.05;39.90;16.66;754.28;2.11;2.77;5.86
25.11.2020;11:24:51;867.01;40.67;16.67;754.28;2.27;3.05;6.92
25.11.2020;11:25:51;1003.71;40.06;16.69;754.26;2.59;3.58;9.26
25.11.2020;11:26:51;1154.94;39.85;16.69;754.23;2.90;4.10;11.90
25.11.2020;11:27:51;1226.17;39.72;16.70;754.20;3.05;4.35;13.28
25.11.2020;11:28:51;1179.32;40.03;16.75;754.17;2.98;4.24;12.65
25.11.2020;11:29:51;1179.17;40.06;16.80;754.17;2.97;4.22;12.53
25.11.2020;11:30:52;1165.08;39.87;16.87;754.16;2.94;4.17;12.26
25.11.2020;11:31:52;1027.78;39.47;16.83;754.15;2.69;3.74;10.05
25.11.2020;11:32:52;1059.72;39.69;16.82;754.13;2.72;3.80;10.31
25.11.2020;11:33:52;1175.85;40.25;16.89;754.11;2.95;4.17;12.33
25.11.2020;11:34:52;1115.63;39.48;16.90;754.09;2.81;3.94;11.08
25.11.2020;11:35:52;1204.13;39.70;16.89;754.08;2.96;4.21;12.48
25.11.2020;11:36:52;1188.86;39.35;16.88;754.07;2.98;4.23;12.60
25.11.2020;11:37:52;1204.97;39.85;16.92;754.06;3.00;4.26;12.77
25.11.2020;11:38:52;1309.75;39.40;16.95;754.06;3.16;4.54;14.34
25.11.2020;11:39:52;1310.04;39.32;16.99;754.06;3.16;4.54;14.37
25.11.2020;11:40:52;1259.08;39.21;16.99;754.05;3.09;4.41;13.60
25.11.2020;11:41:52;1193.62;39.44;17.01;754.05;2.99;4.25;12.71
25.11.2020;11:42:52;1085.79;39.40;17.03;754.05;2.77;3.88;10.72
25.11.2020;11:43:52;1010.57;39.18;16.99;754.06;2.63;3.66;9.62
25.11.2020;11:44:52;831.72;39.18;16.94;754.03;2.19;2.92;6.41
25.11.2020;11:45:52;770.61;39.32;16.88;754.03;2.04;2.63;5.35
25.11.2020;11:46:52;767.83;39.93;16.89;754.01;2.02;2.60;5.24
25.11.2020;11:47:52;881.99;40.02;16.92;754.01;2.32;3.14;7.28
25.11.2020;11:48:52;816.29;39.52;16.90;754.01;2.18;2.89;6.30
25.11.2020;11:49:52;719.78;39.46;16.85;754.01;1.89;2.36;4.46
25.11.2020;11:50:52;839.62;39.40;16.80;754.01;2.16;2.86;6.17
25.11.2020;11:51:52;986.97;40.11;16.82;753.99;2.52;3.46;8.72
25.11.2020;11:52:52;1115.89;40.23;16.90;753.96;2.81;3.94;11.07
25.11.2020;11:53:52;1181.06;39.55;16.93;753.93;2.90;4.09;11.87
25.11.2020;11:54:53;1251.06;39.37;16.93;753.91;3.01;4.28;12.88
25.11.2020;11:55:53;1311.71;39.42;16.94;753.89;3.11;4.46;13.87
25.11.2020;11:56:53;1482.47;39.25;16.97;753.88;3.38;4.88;16.51
25.11.2020;11:57:53;1484.26;39.72;17.07;753.90;3.40;4.93;16.77
25.11.2020;11:58:53;1524.62;39.27;17.14;753.89;3.47;5.06;17.56
25.11.2020;11:59:53;1480.32;39.21;17.17;753.89;3.41;4.96;16.89
25.11.2020;12:00:53;1488.09;38.79;17.16;753.90;3.39;4.93;16.72
25.11.2020;12:01:53;1692.36;38.81;17.21;753.88;3.70;5.43;20.09
25.11.2020;12:02:53;1401.53;39.12;17.24;753.86;3.19;4.59;14.68
25.11.2020;12:03:53;1272.21;39.10;17.28;753.83;2.94;4.18;12.28
25.11.2020;12:04:53;1264.99;38.66;17.23;753.84;2.92;4.13;12.05
25.11.2020;12:05:53;1398.84;38.87;17.20;753.83;3.17;4.55;14.43
25.11.2020;12:06:53;1361.61;39.18;17.21;753.83;3.11;4.46;13.88
25.11.2020;12:07:53;1244.84;38.66;17.14;753.80;2.82;3.96;11.15
25.11.2020;12:08:53;1210.32;38.74;17.08;753.80;2.71;3.78;10.24
25.11.2020;12:09:53;1222.21;39.40;17.11;753.78;2.76;3.86;10.68
25.11.2020;12:10:53;1071.78;39.02;17.12;753.78;2.45;3.35;8.18
25.11.2020;12:11:53;1002.01;39.27;17.09;753.77;2.31;3.10;7.16
25.11.2020;12:12:53;1007.32;39.04;17.03;753.76;2.32;3.13;7.24
25.11.2020;12:13:53;1035.81;39.26;17.00;753.77;2.41;3.29;7.92
25.11.2020;12:14:53;1118.72;39.19;16.96;753.74;2.72;3.79;10.28
25.11.2020;12:15:53;1161.10;39.06;16.93;753.75;2.85;4.01;11.41
25.11.2020;12:16:54;1187.13;39.42;16.94;753.79;2.90;4.10;11.88
25.11.2020;12:17:54;1225.78;39.13;16.93;753.82;3.00;4.26;12.80
25.11.2020;12:18:54;1253.37;39.18;16.91;753.87;3.08;4.39;13.53
25.11.2020;12:19:54;1303.06;39.44;16.92;753.91;3.14;4.49;14.08
25.11.2020;12:20:54;1392.18;39.68;17.01;753.92;3.23;4.65;14.98
25.11.2020;12:21:54;1413.90;39.36;17.05;753.91;3.35;4.85;16.23
25.11.2020;12:22:54;1346.40;39.54;17.07;753.92;3.24;4.67;15.12
25.11.2020;12:23:54;1337.08;39.26;17.08;753.89;3.18;4.57;14.55
25.11.2020;12:24:54;1313.12;39.45;17.09;753.88;3.13;4.47;13.96
25.11.2020;12:25:54;1336.32;39.85;17.15;753.85;3.17;4.54;14.39
25.11.2020;12:26:54;1363.39;39.05;17.12;753.83;3.25;4.67;15.17
25.11.2020;12:27:54;1365.79;39.14;17.11;753.83;3.26;4.69;15.29
25.11.2020;12:28:54;1405.21;39.05;17.11;753.83;3.32;4.80;15.97
25.11.2020;12:29:54;1438.53;38.91;17.14;753.81;3.32;4.79;15.90
25.11.2020;12:30:54;1519.40;38.79;17.13;753.81;3.44;5.00;17.19
25.11.2020;12:31:54;1477.19;38.90;17.15;753.81;3.33;4.82;16.03
25.11.2020;12:32:54;1589.52;39.00;17.22;753.81;3.60;5.26;18.90
25.11.2020;12:33:54;1483.61;39.00;17.32;753.81;3.41;4.95;16.88
25.11.2020;12:34:54;1416.95;38.96;17.32;753.78;3.19;4.60;14.68
25.11.2020;12:35:54;1480.99;38.74;17.31;753.79;3.40;4.94;16.80
25.11.2020;12:36:54;1382.43;38.66;17.29;753.79;3.17;4.55;14.45
25.11.2020;12:37:54;1453.26;39.11;17.31;753.78;3.30;4.77;15.73
25.11.2020;12:38:54;1320.03;38.82;17.32;753.76;3.06;4.36;13.34
25.11.2020;12:39:55;1230.51;38.62;17.27;753.77;2.87;4.05;11.64
25.11.2020;12:40:55;1251.43;38.70;17.24;753.75;2.94;4.16;12.25
25.11.2020;12:41:55;1228.75;38.66;17.21;753.71;2.87;4.04;11.59
25.11.2020;12:42:55;1154.19;38.76;17.19;753.72;2.70;3.77;10.16
25.11.2020;12:43:55;1163.57;38.65;17.15;753.70;2.77;3.88;10.77
25.11.2020;12:44:55;1154.82;39.00;17.15;753.71;2.76;3.86;10.64
25.11.2020;12:45:55;1148.57;38.73;17.12;753.69;2.73;3.82;10.45
25.11.2020;12:46:55;1089.21;38.83;17.11;753.68;2.64;3.66;9.65
25.11.2020;12:47:55;1032.35;38.98;17.10;753.68;2.51;3.45;8.67
25.11.2020;12:48:55;1049.67;39.40;17.10;753.68;2.56;3.55;9.10
25.11.2020;12:49:55;1085.69;39.07;17.09;753.66;2.64;3.68;9.72
25.11.2020;12:50:55;1127.79;39.05;17.05;753.65;2.72;3.80;10.32
25.11.2020;12:51:55;1167.54;39.17;17.07;753.62;2.80;3.92;10.96
25.11.2020;12:52:55;1247.26;38.99;17.06;753.63;2.99;4.26;12.76
25.11.2020;12:53:55;1269.63;39.41;17.10;753.62;3.03;4.32;13.09
25.11.2020;12:54:55;1262.09;39.36;17.17;753.63;3.01;4.30;12.94
25.11.2020;12:55:55;1314.56;39.39;17.20;753.65;3.11;4.45;13.86
25.11.2020;12:56:55;1330.71;39.45;17.24;753.65;3.16;4.53;14.30
25.11.2020;12:57:55;1300.68;39.45;17.29;753.64;3.14;4.49;14.11
25.11.2020;12:58:55;1302.93;39.01;17.30;753.67;3.14;4.51;14.15
25.11.2020;12:59:55;1360.82;39.64;17.35;753.66;3.23;4.64;14.97
25.11.2020;13:00:55;1451.72;38.95;17.40;753.68;3.39;4.92;16.65
25.11.2020;13:01:55;1505.85;38.99;17.42;753.69;3.47;5.04;17.48
25.11.2020;13:02:56;1572.39;38.51;17.43;753.70;3.56;5.19;18.46
25.11.2020;13:03:56;1568.75;38.41;17.40;753.71;3.54;5.18;18.34
25.11.2020;13:04:56;1529.53;38.63;17.46;753.73;3.49;5.08;17.72
25.11.2020;13:05:56;1459.60;38.86;17.55;753.75;3.39;4.93;16.74
25.11.2020;13:06:56;1404.55;38.60;17.59;753.74;3.31;4.79;15.87
25.11.2020;13:07:56;1368.07;38.64;17.60;753.73;3.26;4.69;15.26
25.11.2020;13:08:56;1379.49;38.34;17.57;753.71;3.26;4.71;15.36
25.11.2020;13:09:56;1410.07;38.29;17.58;753.71;3.30;4.78;15.76
25.11.2020;13:10:56;1398.18;38.38;17.60;753.68;3.27;4.72;15.44
25.11.2020;13:11:56;1367.88;38.50;17.66;753.65;3.23;4.65;15.01
25.11.2020;13:12:56;1349.14;38.22;17.65;753.62;3.21;4.61;14.80
25.11.2020;13:13:56;1315.30;38.81;17.68;753.61;3.18;4.58;14.57
25.11.2020;13:14:56;1293.31;38.80;17.74;753.59;3.15;4.53;14.29
25.11.2020;13:15:56;1404.10;38.33;17.79;753.58;3.37;4.89;16.48
25.11.2020;13:16:56;1498.98;38.05;17.77;753.59;3.49;5.07;17.69
25.11.2020;13:17:56;1587.92;38.13;17.77;753.58;3.54;5.18;18.36
25.11.2020;13:18:56;1743.93;38.10;17.83;753.59;3.78;5.57;21.06
25.11.2020;13:19:56;1722.68;38.16;17.92;753.59;3.77;5.56;20.96
25.11.2020;13:20:56;1657.57;37.94;17.99;753.60;3.69;5.42;19.98
25.11.2020;13:21:56;1581.36;37.90;18.04;753.61;3.58;5.25;18.82
25.11.2020;13:22:56;1544.43;37.69;18.05;753.60;3.56;5.21;18.55
25.11.2020;13:23:56;1592.67;37.71;18.03;753.59;3.67;5.40;19.84
25.11.2020;13:24:57;1561.04;37.59;18.03;753.56;3.64;5.35;19.51
25.11.2020;13:25:57;1471.11;37.86;18.08;753.55;3.48;5.07;17.65
25.11.2020;13:26:57;1446.72;37.45;18.08;753.58;3.44;5.02;17.28
25.11.2020;13:27:57;1492.78;37.58;18.05;753.58;3.57;5.24;18.72
25.11.2020;13:28:57;1498.43;37.87;18.14;753.56;3.58;5.26;18.83
25.11.2020;13:29:57;1426.64;37.68;18.20;753.53;3.44;5.01;17.26
25.11.2020;13:30:57;1410.13;37.40;18.16;753.55;3.41;4.96;16.90
25.11.2020;13:31:57;1447.78;37.25;18.07;753.55;3.49;5.09;17.76
25.11.2020;13:32:57;1322.13;37.41;18.05;753.54;3.29;4.76;15.65
25.11.2020;13:33:57;1268.14;37.36;18.03;753.54;3.23;4.66;15.08
25.11.2020;13:34:57;1185.92;37.58;17.99;753.54;3.05;4.35;13.25
25.11.2020;13:35:57;1153.43;37.65;17.98;753.54;2.98;4.23;12.61
25.11.2020;13:36:57;1097.07;37.51;17.90;753.53;2.85;4.02;11.46
25.11.2020;13:37:57;1044.88;37.64;17.82;753.53;2.73;3.81;10.37
25.11.2020;13:38:57;998.36;37.99;17.84;753.54;2.63;3.67;9.67
25.11.2020;13:39:57;976.38;38.09;17.85;753.55;2.58;3.58;9.24
25.11.2020;13:40:57;961.98;37.99;17.80;753.56;2.54;3.51;8.92
25.11.2020;13:41:57;966.44;38.00;17.72;753.56;2.53;3.50;8.84
25.11.2020;13:42:57;962.61;38.09;17.66;753.57;2.54;3.52;8.95
25.11.2020;13:43:57;939.35;38.16;17.60;753.57;2.50;3.45;8.62
25.11.2020;13:44:57;899.28;38.33;17.54;753.56;2.40;3.28;7.86
25.11.2020;13:45:57;907.74;38.36;17.51;753.56;2.40;3.29;7.91
25.11.2020;13:46:57;912.69;38.42;17.46;753.57;2.41;3.28;7.91
25.11.2020;13:47:58;866.31;38.58;17.43;753.58;2.32;3.14;7.30
25.11.2020;13:48:58;855.39;38.64;17.43;753.57;2.31;3.13;7.23
25.11.2020;13:49:58;866.93;38.62;17.38;753.58;2.34;3.17;7.42
25.11.2020;13:50:58;888.33;38.75;17.34;753.58;2.38;3.25;7.74
25.11.2020;13:51:58;881.94;38.84;17.32;753.60;2.37;3.23;7.65
25.11.2020;13:52:58;848.95;38.85;17.28;753.61;2.30;3.10;7.14
25.11.2020;13:53:58;837.42;39.10;17.28;753.61;2.27;3.07;6.96
25.11.2020;13:54:58;826.50;39.00;17.30;753.61;2.23;3.00;6.69
25.11.2020;13:55:58;846.48;39.35;17.28;753.62;2.26;3.05;6.90
25.11.2020;13:56:58;871.64;39.21;17.30;753.61;2.32;3.14;7.29
25.11.2020;13:57:58;882.13;39.15;17.25;753.61;2.34;3.17;7.42
25.11.2020;13:58:58;890.22;39.37;17.28;753.60;2.35;3.20;7.51
25.11.2020;13:59:58;883.47;39.30;17.31;753.61;2.35;3.19;7.49
25.11.2020;14:00:58;888.70;39.35;17.34;753.61;2.37;3.23;7.67
25.11.2020;14:01:58;905.56;39.40;17.32;753.61;2.42;3.30;7.97
25.11.2020;14:02:58;911.45;39.41;17.36;753.62;2.43;3.32;8.04
25.11.2020;14:03:58;888.85;39.12;17.29;753.65;2.38;3.24;7.71
25.11.2020;14:04:58;857.32;39.46;17.31;753.65;2.31;3.13;7.23
25.11.2020;14:05:58;842.72;39.14;17.28;753.66;2.26;3.05;6.89
25.11.2020;14:06:58;836.89;39.20;17.26;753.65;2.23;3.00;6.69
25.11.2020;14:07:58;822.91;39.73;17.31;753.65;2.20;2.93;6.44
25.11.2020;14:08:58;805.10;39.34;17.30;753.66;2.17;2.90;6.28
25.11.2020;14:09:58;801.88;39.23;17.26;753.66;2.16;2.88;6.21
25.11.2020;14:10:58;777.79;39.34;17.24;753.67;2.13;2.82;5.99
25.11.2020;14:11:58;743.89;39.62;17.28;753.67;2.07;2.70;5.59
25.11.2020;14:12:59;718.12;39.43;17.27;753.68;2.02;2.60;5.24
25.11.2020;14:13:59;690.35;39.62;17.26;753.68;1.96;2.48;4.85
25.11.2020;14:14:59;648.81;39.82;17.28;753.67;1.86;2.31;4.29
25.11.2020;14:15:59;621.54;39.55;17.28;753.68;1.78;2.26;4.03
25.11.2020;14:16:59;652.08;39.47;17.24;753.71;1.85;2.31;4.28
25.11.2020;14:17:59;638.19;39.77;17.22;753.72;1.83;2.29;4.18
25.11.2020;14:18:59;604.31;39.62;17.23;753.74;1.74;2.20;3.84
25.11.2020;14:19:59;562.54;39.54;17.18;753.76;1.64;2.05;3.36
25.11.2020;14:20:59;506.06;39.55;17.12;753.76;1.49;1.81;2.71
25.11.2020;14:21:59;481.89;39.64;17.11;753.78;1.42;1.69;2.41
25.11.2020;14:22:59;482.93;39.63;17.05;753.81;1.41;1.68;2.37
25.11.2020;14:23:59;505.51;39.88;17.06;753.81;1.48;1.77;2.61
25.11.2020;14:24:59;490.16;39.94;17.07;753.83;1.45;1.73;2.51
25.11.2020;14:25:59;481.65;40.40;17.09;753.84;1.42;1.69;2.40
25.11.2020;14:26:59;490.66;39.85;17.07;753.83;1.44;1.71;2.45
25.11.2020;14:27:59;500.69;40.09;17.06;753.83;1.46;1.76;2.58
25.11.2020;14:28:59;502.38;39.95;17.04;753.83;1.46;1.75;2.56
25.11.2020;14:29:59;527.36;40.17;17.05;753.83;1.52;1.86;2.84
25.11.2020;14:30:59;546.42;40.03;17.06;753.83;1.57;1.92;3.00
25.11.2020;14:31:59;588.21;40.03;17.07;753.81;1.67;2.08;3.47
25.11.2020;14:32:59;589.18;39.90;17.02;753.83;1.67;2.10;3.51
25.11.2020;14:33:59;576.20;40.00;17.00;753.82;1.66;2.09;3.47
25.11.2020;14:34:59;568.53;40.37;17.02;753.82;1.63;2.03;3.32
25.11.2020;14:35:59;604.36;40.34;17.06;753.82;1.71;2.18;3.73
25.11.2020;14:36:59;636.37;40.19;17.06;753.83;1.79;2.28;4.07
25.11.2020;14:38:00;635.43;39.97;17.04;753.86;1.78;2.25;4.01
25.11.2020;14:39:00;630.07;39.98;17.02;753.85;1.78;2.25;4.00
25.11.2020;14:40:00;597.08;39.85;16.96;753.87;1.70;2.15;3.66
25.11.2020;14:41:00;564.53;40.21;16.98;753.86;1.62;2.00;3.24
25.11.2020;14:42:00;562.87;40.18;17.02;753.88;1.62;2.01;3.25
25.11.2020;14:43:00;573.04;39.99;16.98;753.89;1.64;2.05;3.37
25.11.2020;14:44:00;572.01;40.00;16.94;753.90;1.64;2.04;3.34
25.11.2020;14:45:00;545.64;40.20;16.95;753.91;1.57;1.94;3.05
25.11.2020;14:46:00;529.15;40.09;16.92;753.93;1.51;1.83;2.77
25.11.2020;14:47:00;484.14;40.73;16.94;753.94;1.40;1.64;2.30
25.11.2020;14:48:00;426.04;40.74;16.97;753.94;1.24;1.38;1.71
25.11.2020;14:49:00;418.36;40.44;16.97;753.94;1.20;1.31;1.56
25.11.2020;14:50:00;417.36;40.81;16.96;753.97;1.19;1.30;1.55
25.11.2020;14:51:00;379.94;40.50;16.96;753.98;1.10;1.15;1.26
25.11.2020;14:52:00;367.99;40.61;16.94;753.99;1.06;1.07;1.14
25.11.2020;14:53:00;365.08;40.47;16.92;753.99;1.05;1.07;1.13
25.11.2020;14:54:00;355.28;40.94;16.94;754.01;1.03;1.03;1.06
25.11.2020;14:55:00;362.85;40.56;16.93;754.00;1.05;1.07;1.13
25.11.2020;14:56:00;378.02;40.34;16.85;754.00;1.12;1.18;1.33
25.11.2020;14:57:00;350.92;40.43;16.86;754.02;1.07;1.10;1.18
25.11.2020;14:58:00;321.61;40.45;16.83;754.03;0.98;0.96;0.94
25.11.2020;14:59:00;292.10;40.65;16.82;754.03;0.90;0.81;0.73
25.11.2020;15:00:00;272.07;40.49;16.80;754.04;0.83;0.70;0.59
25.11.2020;15:01:00;260.83;40.68;16.79;754.05;0.80;0.63;0.50
25.11.2020;15:02:00;244.18;40.56;16.79;754.07;0.75;0.57;0.43
25.11.2020;15:03:00;243.43;40.77;16.79;754.09;0.74;0.55;0.41
25.11.2020;15:04:01;234.35;40.68;16.77;754.10;0.71;0.51;0.36
25.11.2020;15:05:01;221.29;40.78;16.73;754.12;0.67;0.44;0.29
25.11.2020;15:06:01;214.48;40.92;16.72;754.13;0.65;0.40;0.26
25.11.2020;15:07:01;207.43;41.06;16.74;754.13;0.64;0.39;0.25
25.11.2020;15:08:01;199.56;40.83;16.72;754.14;0.61;0.35;0.21
25.11.2020;15:09:01;195.71;40.89;16.69;754.14;0.59;0.32;0.19
25.11.2020;15:10:01;188.26;41.32;16.70;754.14;0.57;0.29;0.17
25.11.2020;15:11:01;185.97;40.98;16.69;754.16;0.57;0.29;0.17
25.11.2020;15:12:01;182.68;41.00;16.67;754.18;0.56;0.27;0.15
25.11.2020;15:13:01;192.97;41.29;16.68;754.18;0.59;0.31;0.18
25.11.2020;15:14:01;195.25;40.97;16.65;754.21;0.60;0.31;0.19
25.11.2020;15:15:01;191.38;41.15;16.65;754.21;0.59;0.30;0.18
25.11.2020;15:16:01;191.28;40.98;16.61;754.21;0.59;0.30;0.18
25.11.2020;15:17:01;182.15;41.37;16.64;754.21;0.56;0.28;0.16
25.11.2020;15:18:01;171.55;41.27;16.64;754.22;0.53;0.21;0.11
25.11.2020;15:19:01;176.56;41.24;16.66;754.22;0.54;0.24;0.13
25.11.2020;15:20:01;179.93;41.24;16.67;754.21;0.56;0.26;0.14
25.11.2020;15:21:01;163.90;41.43;16.68;754.24;0.51;0.16;0.08
25.11.2020;15:22:01;150.79;41.24;16.67;754.24;0.46;0.07;0.03
25.11.2020;15:23:01;139.03;41.28;16.65;754.25;0.41;0.01;0.00
25.11.2020;15:24:01;131.81;41.42;16.66;754.27;0.39;0.00;0.00
25.11.2020;15:25:01;129.75;41.40;16.66;754.27;0.38;0.00;0.00
25.11.2020;15:26:01;135.62;41.37;16.65;754.26;0.41;0.00;0.00
25.11.2020;15:27:01;131.08;41.29;16.66;754.26;0.41;0.00;0.00
25.11.2020;15:28:01;123.45;41.34;16.66;754.27;0.39;0.00;0.00
25.11.2020;15:29:02;116.83;41.30;16.67;754.28;0.36;0.00;0.00
25.11.2020;15:30:02;112.97;41.56;16.66;754.28;0.35;0.00;0.00
25.11.2020;15:31:02;105.62;41.56;16.69;754.28;0.32;0.00;0.00
25.11.2020;15:32:02;103.56;41.21;16.67;754.28;0.30;0.00;0.00
25.11.2020;15:33:02;99.89;41.58;16.68;754.30;0.28;0.00;0.00
25.11.2020;15:34:02;95.35;41.39;16.69;754.29;0.26;0.00;0.00
25.11.2020;15:35:02;89.74;41.41;16.72;754.28;0.24;0.00;0.00
25.11.2020;15:36:02;86.78;41.96;16.73;754.27;0.23;0.00;0.00
25.11.2020;15:37:02;84.17;41.44;16.73;754.27;0.22;0.00;0.00
25.11.2020;15:38:02;80.07;41.44;16.73;754.28;0.21;0.00;0.00
25.11.2020;15:39:02;79.41;41.15;16.70;754.29;0.20;0.00;0.00
25.11.2020;15:40:02;80.53;41.12;16.65;754.29;0.21;0.00;0.00
25.11.2020;15:41:02;76.35;41.31;16.65;754.30;0.19;0.00;0.00
25.11.2020;15:42:02;71.02;41.57;16.68;754.30;0.17;0.00;0.00
25.11.2020;15:43:02;70.86;41.39;16.69;754.32;0.17;0.00;0.00
25.11.2020;15:44:02;71.00;41.63;16.69;754.34;0.18;0.00;0.00
25.11.2020;15:45:02;72.13;41.61;16.71;754.34;0.19;0.00;0.00
25.11.2020;15:46:02;68.11;41.36;16.68;754.35;0.17;0.00;0.00
25.11.2020;15:47:02;61.67;41.35;16.68;754.37;0.14;0.00;0.00
25.11.2020;15:48:02;60.68;41.66;16.67;754.37;0.13;0.00;0.00
25.11.2020;15:49:02;62.43;41.42;16.67;754.38;0.14;0.00;0.00
25.11.2020;15:50:02;62.46;41.71;16.68;754.36;0.15;0.00;0.00
25.11.2020;15:51:02;61.85;41.44;16.68;754.38;0.15;0.00;0.00
25.11.2020;15:52:02;54.42;41.81;16.68;754.38;0.12;0.00;0.00
25.11.2020;15:53:02;52.78;41.72;16.70;754.38;0.11;0.00;0.00
25.11.2020;15:54:02;50.22;41.69;16.71;754.39;0.10;0.00;0.00
25.11.2020;15:55:02;48.37;41.91;16.72;754.39;0.09;0.00;0.00
25.11.2020;15:56:02;50.18;41.61;16.75;754.37;0.09;0.00;0.00
25.11.2020;15:57:03;47.96;41.58;16.74;754.38;0.08;0.00;0.00
25.11.2020;15:58:03;44.36;41.68;16.74;754.37;0.07;0.00;0.00
25.11.2020;15:59:03;41.71;41.48;16.74;754.36;0.07;0.00;0.00
25.11.2020;16:00:03;37.74;41.60;16.73;754.37;0.06;0.00;0.00
25.11.2020;16:01:03;34.81;41.78;16.74;754.38;0.05;0.00;0.00
25.11.2020;16:02:03;30.73;41.42;16.72;754.37;0.04;0.00;0.00
25.11.2020;16:03:03;28.26;41.31;16.69;754.38;0.03;0.00;0.00
25.11.2020;16:04:03;26.39;41.26;16.63;754.38;0.02;0.00;0.00
25.11.2020;16:05:03;26.41;41.34;16.62;754.40;0.03;0.00;0.00
25.11.2020;16:06:03;24.92;41.78;16.63;754.41;0.02;0.00;0.00
25.11.2020;16:07:03;21.68;42.03;16.67;754.41;0.01;0.00;0.00
25.11.2020;16:08:03;19.78;41.76;16.68;754.43;0.01;0.00;0.00
25.11.2020;16:09:03;17.67;41.50;16.64;754.42;0.00;0.00;0.00
25.11.2020;16:10:03;16.47;41.63;16.63;754.43;0.00;0.00;0.00
25.11.2020;16:11:03;15.01;41.99;16.66;754.45;0.00;0.00;0.00
25.11.2020;16:12:03;13.28;41.54;16.66;754.47;0.00;0.00;0.00
25.11.2020;16:13:03;12.05;41.75;16.64;754.48;0.00;0.00;0.00
25.11.2020;16:14:03;10.94;41.55;16.64;754.48;0.00;0.00;0.00
25.11.2020;16:15:03;9.88;41.62;16.62;754.51;0.00;0.00;0.00
25.11.2020;16:16:03;9.08;41.65;16.60;754.51;0.00;0.00;0.00
25.11.2020;16:17:03;8.36;41.65;16.60;754.52;0.00;0.00;0.00
25.11.2020;16:18:03;7.81;41.75;16.60;754.54;0.00;0.00;0.00
25.11.2020;16:19:03;6.96;41.62;16.56;754.55;0.00;0.00;0.00
25.11.2020;16:20:03;6.60;41.68;16.56;754.55;0.00;0.00;0.00
25.11.2020;16:21:03;5.83;41.83;16.57;754.56;0.00;0.00;0.00
25.11.2020;16:22:03;5.62;41.87;16.55;754.58;0.00;0.00;0.00
25.11.2020;16:23:03;5.00;41.81;16.57;754.58;0.00;0.00;0.00
25.11.2020;16:24:04;5.00;41.81;16.56;754.60;0.00;0.00;0.00
25.11.2020;16:25:04;4.49;41.99;16.55;754.60;0.00;0.00;0.00
25.11.2020;16:26:04;4.17;42.37;16.59;754.61;0.00;0.00;0.00
25.11.2020;16:27:04;4.17;42.36;16.60;754.62;0.00;0.00;0.00
25.11.2020;16:28:04;4.19;41.98;16.61;754.64;0.00;0.00;0.00
25.11.2020;16:29:04;4.11;41.79;16.59;754.65;0.00;0.00;0.00
25.11.2020;16:30:04;3.47;42.21;16.58;754.64;0.00;0.00;0.00
25.11.2020;16:31:04;3.35;41.85;16.59;754.65;0.00;0.00;0.00
25.11.2020;16:32:04;3.33;41.86;16.58;754.64;0.00;0.00;0.00
25.11.2020;16:33:04;3.33;41.76;16.57;754.64;0.00;0.00;0.00
25.11.2020;16:34:04;3.33;41.74;16.53;754.68;0.00;0.00;0.00
25.11.2020;16:35:04;3.33;41.85;16.55;754.68;0.00;0.00;0.00
25.11.2020;16:36:04;3.33;42.01;16.54;754.70;0.00;0.00;0.00
25.11.2020;16:37:04;3.33;42.28;16.56;754.71;0.00;0.00;0.00
25.11.2020;16:38:04;3.33;41.98;16.56;754.72;0.00;0.00;0.00
25.11.2020;16:39:04;3.35;42.01;16.56;754.72;0.00;0.00;0.00
25.11.2020;16:40:04;3.33;41.78;16.51;754.73;0.00;0.00;0.00
25.11.2020;16:41:04;3.33;41.86;16.49;754.75;0.00;0.00;0.00
25.11.2020;16:42:04;3.36;41.88;16.48;754.76;0.00;0.00;0.00
25.11.2020;16:43:04;3.33;41.87;16.46;754.77;0.00;0.00;0.00
25.11.2020;16:44:04;3.33;42.17;16.46;754.76;0.00;0.00;0.00
25.11.2020;16:45:04;3.35;42.41;16.50;754.77;0.00;0.00;0.00
25.11.2020;16:46:04;3.33;42.06;16.49;754.77;0.00;0.00;0.00
25.11.2020;16:47:04;3.33;42.19;16.48;754.76;0.00;0.00;0.00
25.11.2020;16:48:04;3.33;42.01;16.43;754.76;0.00;0.00;0.00
25.11.2020;16:49:04;3.33;42.15;16.43;754.77;0.00;0.00;0.00
25.11.2020;16:50:04;3.33;42.33;16.45;754.76;0.00;0.00;0.00
25.11.2020;16:51:04;3.33;42.85;16.50;754.76;0.00;0.00;0.00
25.11.2020;16:52:04;3.33;42.23;16.51;754.75;0.00;0.00;0.00
25.11.2020;16:53:05;3.35;42.09;16.48;754.74;0.00;0.00;0.00
25.11.2020;16:54:05;3.33;42.47;16.47;754.75;0.00;0.00;0.00
25.11.2020;16:55:05;3.33;42.12;16.44;754.76;0.00;0.00;0.00
25.11.2020;16:56:05;3.36;42.24;16.43;754.74;0.00;0.00;0.00
25.11.2020;16:57:05;3.33;42.61;16.46;754.75;0.00;0.00;0.00
25.11.2020;16:58:05;3.33;42.66;16.49;754.75;0.00;0.00;0.00
25.11.2020;16:59:05;3.35;42.64;16.52;754.75;0.00;0.00;0.00
25.11.2020;17:00:05;3.33;42.46;16.50;754.75;0.00;0.00;0.00
25.11.2020;17:01:05;3.33;42.23;16.48;754.75;0.00;0.00;0.00
25.11.2020;17:02:05;3.33;42.18;16.44;754.76;0.00;0.00;0.00
25.11.2020;17:03:05;3.33;42.33;16.46;754.76;0.00;0.00;0.00
25.11.2020;17:04:05;3.33;42.24;16.43;754.76;0.00;0.00;0.00
25.11.2020;17:05:05;3.33;42.35;16.43;754.75;0.00;0.00;0.00
25.11.2020;17:06:05;3.33;42.28;16.41;754.74;0.00;0.00;0.00
25.11.2020;17:07:05;3.35;42.40;16.43;754.74;0.00;0.00;0.00
25.11.2020;17:08:05;3.33;42.33;16.41;754.75;0.00;0.00;0.00
25.11.2020;17:09:05;3.33;42.36;16.39;754.74;0.00;0.00;0.00
25.11.2020;17:10:05;3.36;42.42;16.38;754.72;0.00;0.00;0.00
25.11.2020;17:11:05;3.33;42.39;16.36;754.73;0.00;0.00;0.00
25.11.2020;17:12:05;3.33;42.66;16.37;754.72;0.00;0.00;0.00
25.11.2020;17:13:05;3.35;42.48;16.38;754.74;0.00;0.00;0.00
25.11.2020;17:14:05;3.33;42.55;16.37;754.75;0.00;0.00;0.00
25.11.2020;17:15:05;3.33;42.47;16.35;754.75;0.00;0.00;0.00
25.11.2020;17:16:05;3.33;42.59;16.35;754.76;0.00;0.00;0.00
25.11.2020;17:17:05;3.33;42.73;16.36;754.76;0.00;0.00;0.00
25.11.2020;17:18:05;3.33;42.74;16.39;754.75;0.00;0.00;0.00
25.11.2020;17:19:05;3.33;42.71;16.38;754.76;0.00;0.00;0.00
25.11.2020;17:20:05;3.33;42.83;16.39;754.76;0.00;0.00;0.00
25.11.2020;17:21:05;3.35;43.04;16.41;754.76;0.00;0.00;0.00
25.11.2020;17:22:06;3.33;42.78;16.43;754.76;0.00;0.00;0.00
25.11.2020;17:23:06;3.33;42.66;16.43;754.77;0.00;0.00;0.00
25.11.2020;17:24:06;3.36;42.65;16.42;754.77;0.00;0.00;0.00
25.11.2020;17:25:06;3.33;42.55;16.39;754.78;0.00;0.00;0.00
25.11.2020;17:26:06;3.33;42.55;16.37;754.79;0.00;0.00;0.00
25.11.2020;17:27:06;3.35;42.73;16.39;754.80;0.00;0.00;0.00
25.11.2020;17:28:06;3.33;42.95;16.43;754.80;0.00;0.00;0.00
25.11.2020;17:29:06;3.33;42.63;16.42;754.82;0.00;0.00;0.00
25.11.2020;17:30:06;3.33;42.77;16.43;754.83;0.00;0.00;0.00
25.11.2020;17:31:06;3.33;43.08;16.46;754.83;0.00;0.00;0.00
25.11.2020;17:32:06;3.33;42.90;16.47;754.84;0.00;0.00;0.00
25.11.2020;17:33:06;3.33;42.77;16.46;754.84;0.00;0.00;0.00
25.11.2020;17:34:06;3.33;42.77;16.48;754.85;0.00;0.00;0.00
25.11.2020;17:35:06;3.35;42.78;16.50;754.85;0.00;0.00;0.00
25.11.2020;17:36:06;3.33;42.78;16.51;754.88;0.00;0.00;0.00
25.11.2020;17:37:06;3.33;42.55;16.50;754.87;0.00;0.00;0.00
25.11.2020;17:38:06;3.36;42.50;16.46;754.89;0.00;0.00;0.00
25.11.2020;17:39:06;3.33;42.55;16.45;754.88;0.00;0.00;0.00
25.11.2020;17:40:06;3.33;42.70;16.45;754.89;0.00;0.00;0.00
25.11.2020;17:41:06;3.35;42.75;16.45;754.90;0.00;0.00;0.00
25.11.2020;17:42:06;3.33;42.64;16.44;754.92;0.00;0.00;0.00
25.11.2020;17:43:06;3.33;42.74;16.44;754.93;0.00;0.00;0.00
25.11.2020;17:44:06;3.33;42.91;16.45;754.93;0.00;0.00;0.00
25.11.2020;17:45:06;3.33;42.86;16.47;754.93;0.00;0.00;0.00
25.11.2020;17:46:06;3.33;42.69;16.45;754.93;0.00;0.00;0.00
25.11.2020;17:47:06;3.33;42.73;16.43;754.96;0.00;0.00;0.00
25.11.2020;17:48:06;3.33;42.71;16.42;754.96;0.00;0.00;0.00
25.11.2020;17:49:06;3.35;42.88;16.41;754.98;0.00;0.00;0.00
25.11.2020;17:50:06;3.33;42.91;16.43;754.98;0.00;0.00;0.00
25.11.2020;17:51:07;3.33;42.90;16.45;754.99;0.00;0.00;0.00
25.11.2020;17:52:07;3.36;42.96;16.45;754.99;0.00;0.00;0.00
25.11.2020;17:53:07;3.33;43.07;16.46;754.97;0.00;0.00;0.00
25.11.2020;17:54:07;3.33;43.07;16.49;754.98;0.00;0.00;0.00
25.11.2020;17:55:07;3.35;42.95;16.50;754.99;0.00;0.00;0.00
25.11.2020;17:56:07;3.33;42.72;16.47;754.99;0.00;0.00;0.00
25.11.2020;17:57:07;3.33;42.69;16.45;755.00;0.00;0.00;0.00
25.11.2020;17:58:07;3.33;42.73;16.44;754.99;0.00;0.00;0.00
25.11.2020;17:59:07;3.33;42.94;16.46;754.98;0.00;0.00;0.00
25.11.2020;18:00:07;3.33;43.06;16.48;754.98;0.00;0.00;0.00
25.11.2020;18:01:07;3.33;42.94;16.49;755.00;0.00;0.00;0.00
25.11.2020;18:02:07;3.33;42.94;16.49;755.00;0.00;0.00;0.00
25.11.2020;18:03:07;3.35;42.82;16.48;755.01;0.00;0.00;0.00
25.11.2020;18:04:07;3.33;42.98;16.48;755.01;0.00;0.00;0.00
25.11.2020;18:05:07;3.33;42.73;16.43;755.01;0.00;0.00;0.00
25.11.2020;18:06:07;3.36;42.77;16.39;755.02;0.00;0.00;0.00
25.11.2020;18:07:07;3.33;42.94;16.39;755.00;0.00;0.00;0.00
25.11.2020;18:08:07;3.33;43.00;16.42;755.02;0.00;0.00;0.00
25.11.2020;18:09:07;3.35;43.05;16.43;755.02;0.00;0.00;0.00
25.11.2020;18:10:07;3.33;43.17;16.46;755.03;0.00;0.00;0.00
25.11.2020;18:11:07;3.33;43.22;16.47;755.04;0.00;0.00;0.00
25.11.2020;18:12:07;3.33;42.97;16.47;755.05;0.00;0.00;0.00
25.11.2020;18:13:07;3.33;42.94;16.44;755.05;0.00;0.00;0.00
25.11.2020;18:14:07;3.33;43.19;16.46;755.05;0.00;0.00;0.00
25.11.2020;18:15:07;3.33;43.02;16.48;755.06;0.00;0.00;0.00
25.11.2020;18:16:07;3.33;42.94;16.46;755.06;0.00;0.00;0.00
25.11.2020;18:17:07;3.35;42.99;16.44;755.06;0.00;0.00;0.00
25.11.2020;18:18:07;3.33;42.92;16.42;755.07;0.00;0.00;0.00
25.11.2020;18:19:08;3.33;43.06;16.43;755.08;0.00;0.00;0.00
25.11.2020;18:20:08;3.36;43.04;16.39;755.08;0.00;0.00;0.00
25.11.2020;18:21:08;3.33;43.08;16.41;755.09;0.00;0.00;0.00
25.11.2020;18:22:08;3.33;43.31;16.41;755.10;0.00;0.00;0.00
25.11.2020;18:23:08;3.35;43.29;16.43;755.10;0.00;0.00;0.00
25.11.2020;18:24:08;3.33;43.21;16.43;755.13;0.00;0.00;0.00
25.11.2020;18:25:08;3.33;43.21;16.44;755.13;0.00;0.00;0.00
25.11.2020;18:26:08;3.33;43.62;16.46;755.13;0.00;0.00;0.00
25.11.2020;18:27:08;3.33;43.45;16.48;755.13;0.00;0.00;0.00
25.11.2020;18:28:08;3.33;43.33;16.48;755.13;0.00;0.00;0.00
25.11.2020;18:29:08;3.33;43.29;16.50;755.16;0.00;0.00;0.00
25.11.2020;18:30:08;3.33;43.11;16.50;755.18;0.00;0.00;0.00
25.11.2020;18:31:08;3.35;43.04;16.47;755.19;0.00;0.00;0.00
25.11.2020;18:32:08;3.33;43.09;16.45;755.22;0.00;0.00;0.00
25.11.2020;18:33:08;3.33;43.06;16.44;755.24;0.00;0.00;0.00
25.11.2020;18:34:08;3.36;43.04;16.41;755.25;0.00;0.00;0.00
25.11.2020;18:35:08;3.33;43.07;16.42;755.25;0.00;0.00;0.00
25.11.2020;18:36:08;3.33;43.18;16.41;755.26;0.00;0.00;0.00
25.11.2020;18:37:08;3.35;43.58;16.45;755.27;0.00;0.00;0.00
25.11.2020;18:38:08;3.33;43.39;16.47;755.25;0.00;0.00;0.00
25.11.2020;18:39:08;3.33;43.23;16.47;755.24;0.00;0.00;0.00
25.11.2020;18:40:08;3.33;43.12;16.44;755.25;0.00;0.00;0.00
25.11.2020;18:41:08;3.33;43.29;16.45;755.26;0.00;0.00;0.00
25.11.2020;18:42:08;3.33;43.38;16.46;755.27;0.00;0.00;0.00
25.11.2020;18:43:08;3.33;43.17;16.47;755.28;0.00;0.00;0.00
25.11.2020;18:44:08;3.33;43.14;16.44;755.29;0.00;0.00;0.00
25.11.2020;18:45:08;3.35;43.08;16.41;755.30;0.00;0.00;0.00
25.11.2020;18:46:08;3.33;43.20;16.41;755.31;0.00;0.00;0.00
25.11.2020;18:47:08;3.33;43.21;16.41;755.32;0.00;0.00;0.00
25.11.2020;18:48:09;3.36;43.37;16.41;755.32;0.00;0.00;0.00
25.11.2020;18:49:09;3.33;43.42;16.42;755.33;0.00;0.00;0.00
25.11.2020;18:50:09;3.33;43.47;16.44;755.32;0.00;0.00;0.00
25.11.2020;18:51:09;3.35;43.32;16.45;755.33;0.00;0.00;0.00
25.11.2020;18:52:09;3.33;43.18;16.43;755.33;0.00;0.00;0.00
25.11.2020;18:53:09;3.33;43.15;16.39;755.33;0.00;0.00;0.00
25.11.2020;18:54:09;3.33;43.20;16.39;755.33;0.00;0.00;0.00
25.11.2020;18:55:09;3.33;43.35;16.41;755.31;0.00;0.00;0.00
25.11.2020;18:56:09;3.33;43.33;16.41;755.29;0.00;0.00;0.00
25.11.2020;18:57:09;3.33;43.39;16.40;755.30;0.00;0.00;0.00
25.11.2020;18:58:09;3.33;43.40;16.41;755.29;0.00;0.00;0.00
25.11.2020;18:59:09;3.35;43.23;16.39;755.30;0.00;0.00;0.00
25.11.2020;19:00:09;3.33;43.24;16.37;755.32;0.00;0.00;0.00
25.11.2020;19:01:09;3.33;43.27;16.35;755.33;0.00;0.00;0.00
25.11.2020;19:02:09;3.36;43.62;16.36;755.31;0.00;0.00;0.00
25.11.2020;19:03:09;3.33;43.31;16.34;755.30;0.00;0.00;0.00
25.11.2020;19:04:09;3.33;43.21;16.29;755.29;0.00;0.00;0.00
25.11.2020;19:05:09;3.35;43.48;16.31;755.28;0.00;0.00;0.00
25.11.2020;19:06:09;3.33;43.31;16.30;755.29;0.00;0.00;0.00
25.11.2020;19:07:09;3.33;43.45;16.31;755.29;0.00;0.00;0.00
25.11.2020;19:08:09;3.33;43.33;16.29;755.28;0.00;0.00;0.00
25.11.2020;19:09:09;3.33;43.35;16.26;755.29;0.00;0.00;0.00
25.11.2020;19:10:09;3.33;43.69;16.27;755.29;0.00;0.00;0.00
25.11.2020;19:11:09;3.33;43.63;16.31;755.29;0.00;0.00;0.00
25.11.2020;19:12:09;3.33;43.66;16.32;755.29;0.00;0.00;0.00
25.11.2020;19:13:09;3.35;43.46;16.30;755.30;0.00;0.00;0.00
25.11.2020;19:14:09;3.33;43.52;16.29;755.31;0.00;0.00;0.00
25.11.2020;19:15:09;3.33;43.48;16.28;755.33;0.00;0.00;0.00
25.11.2020;19:16:09;3.36;43.52;16.28;755.32;0.00;0.00;0.00
25.11.2020;19:17:10;3.33;43.37;16.27;755.33;0.00;0.00;0.00
25.11.2020;19:18:10;3.33;43.83;16.28;755.35;0.00;0.00;0.00
25.11.2020;19:19:10;3.35;43.83;16.31;755.34;0.00;0.00;0.00
25.11.2020;19:20:10;3.33;43.67;16.32;755.37;0.00;0.00;0.00
25.11.2020;19:21:10;3.33;43.66;16.34;755.36;0.00;0.00;0.00
25.11.2020;19:22:10;3.33;43.89;16.36;755.36;0.00;0.00;0.00
25.11.2020;19:23:10;3.33;43.44;16.36;755.36;0.00;0.00;0.00
25.11.2020;19:24:10;3.33;43.52;16.35;755.37;0.00;0.00;0.00
25.11.2020;19:25:10;3.33;43.50;16.37;755.37;0.00;0.00;0.00
25.11.2020;19:26:10;3.33;43.47;16.36;755.36;0.00;0.00;0.00
25.11.2020;19:27:10;3.35;43.64;16.39;755.37;0.00;0.00;0.00
25.11.2020;19:28:10;3.33;43.40;16.39;755.39;0.00;0.00;0.00
25.11.2020;19:29:10;3.33;43.24;16.35;755.40;0.00;0.00;0.00
25.11.2020;19:30:10;3.36;43.31;16.34;755.43;0.00;0.00;0.00
25.11.2020;19:31:10;3.33;43.37;16.35;755.41;0.00;0.00;0.00
25.11.2020;19:32:10;3.33;43.79;16.37;755.40;0.00;0.00;0.00
25.11.2020;19:33:10;3.35;43.81;16.41;755.41;0.00;0.00;0.00
25.11.2020;19:34:10;3.33;43.45;16.41;755.41;0.00;0.00;0.00
25.11.2020;19:35:10;3.33;43.27;16.39;755.42;0.00;0.00;0.00
25.11.2020;19:36:10;3.33;43.15;16.37;755.44;0.00;0.00;0.00
25.11.2020;19:37:10;3.33;43.41;16.36;755.45;0.00;0.00;0.00
25.11.2020;19:38:10;3.33;43.41;16.41;755.46;0.00;0.00;0.00
25.11.2020;19:39:10;3.33;43.16;16.38;755.48;0.00;0.00;0.00
25.11.2020;19:40:10;3.33;43.33;16.38;755.48;0.00;0.00;0.00
25.11.2020;19:41:10;3.35;43.22;16.35;755.51;0.00;0.00;0.00
25.11.2020;19:42:10;3.33;43.46;16.36;755.51;0.00;0.00;0.00
25.11.2020;19:43:10;3.33;43.29;16.35;755.52;0.00;0.00;0.00
25.11.2020;19:44:10;3.36;43.21;16.33;755.53;0.00;0.00;0.00
25.11.2020;19:45:11;3.33;43.31;16.32;755.54;0.00;0.00;0.00
25.11.2020;19:46:11;3.33;43.38;16.34;755.53;0.00;0.00;0.00
25.11.2020;19:47:11;3.35;43.47;16.36;755.53;0.00;0.00;0.00
25.11.2020;19:48:11;3.33;43.30;16.34;755.53;0.00;0.00;0.00
25.11.2020;19:49:11;3.33;43.37;16.34;755.53;0.00;0.00;0.00
25.11.2020;19:50:11;3.33;43.62;16.34;755.54;0.00;0.00;0.00
25.11.2020;19:51:11;3.33;43.68;16.37;755.53;0.00;0.00;0.00
25.11.2020;19:52:11;3.33;43.33;16.36;755.54;0.00;0.00;0.00
25.11.2020;19:53:11;3.33;43.54;16.37;755.54;0.00;0.00;0.00
25.11.2020;19:54:11;3.33;43.27;16.34;755.56;0.00;0.00;0.00
25.11.2020;19:55:11;3.35;43.25;16.32;755.58;0.00;0.00;0.00
25.11.2020;19:56:11;3.33;43.47;16.32;755.59;0.00;0.00;0.00
25.11.2020;19:57:11;3.33;43.70;16.37;755.59;0.00;0.00;0.00
25.11.2020;19:58:11;3.36;43.28;16.34;755.60;0.00;0.00;0.00
25.11.2020;19:59:11;3.33;43.28;16.34;755.60;0.00;0.00;0.00
25.11.2020;20:00:11;3.33;43.33;16.34;755.62;0.00;0.00;0.00
25.11.2020;20:01:11;3.35;43.31;16.31;755.62;0.00;0.00;0.00
25.11.2020;20:02:11;3.33;43.34;16.29;755.61;0.00;0.00;0.00
25.11.2020;20:03:11;3.33;43.41;16.30;755.63;0.00;0.00;0.00
25.11.2020;20:04:11;3.33;43.42;16.31;755.63;0.00;0.00;0.00
25.11.2020;20:05:11;3.33;43.72;16.33;755.64;0.00;0.00;0.00
25.11.2020;20:06:11;3.33;43.55;16.35;755.66;0.00;0.00;0.00
25.11.2020;20:07:11;3.33;43.52;16.33;755.67;0.00;0.00;0.00
25.11.2020;20:08:11;3.33;43.46;16.32;755.68;0.00;0.00;0.00
25.11.2020;20:09:11;3.35;43.41;16.33;755.67;0.00;0.00;0.00
25.11.2020;20:10:11;3.33;43.54;16.33;755.68;0.00;0.00;0.00
25.11.2020;20:11:11;3.33;43.55;16.35;755.68;0.00;0.00;0.00
25.11.2020;20:12:11;3.36;43.68;16.35;755.69;0.00;0.00;0.00
25.11.2020;20:13:11;3.33;43.57;16.38;755.70;0.00;0.00;0.00
25.11.2020;20:14:12;3.33;43.62;16.39;755.71;0.00;0.00;0.00
25.11.2020;20:15:12;3.35;43.86;16.41;755.72;0.00;0.00;0.00
25.11.2020;20:16:12;3.33;43.69;16.44;755.72;0.00;0.00;0.00
25.11.2020;20:17:12;3.33;43.32;16.42;755.72;0.00;0.00;0.00
25.11.2020;20:18:12;3.33;43.27;16.41;755.74;0.00;0.00;0.00
25.11.2020;20:19:12;3.33;43.25;16.39;755.74;0.00;0.00;0.00
25.11.2020;20:20:12;3.33;43.35;16.37;755.74;0.00;0.00;0.00
25.11.2020;20:21:12;3.33;43.27;16.36;755.75;0.00;0.00;0.00
25.11.2020;20:22:12;3.33;43.59;16.39;755.76;0.00;0.00;0.00
25.11.2020;20:23:12;3.35;43.32;16.37;755.76;0.00;0.00;0.00
25.11.2020;20:24:12;3.33;43.28;16.35;755.78;0.00;0.00;0.00
25.11.2020;20:25:12;3.33;43.33;16.35;755.79;0.00;0.00;0.00
25.11.2020;20:26:12;3.36;43.34;16.36;755.79;0.00;0.00;0.00
25.11.2020;20:27:12;3.33;43.58;16.39;755.79;0.00;0.00;0.00
25.11.2020;20:28:12;3.33;43.39;16.39;755.80;0.00;0.00;0.00
25.11.2020;20:29:12;3.35;43.38;16.38;755.81;0.00;0.00;0.00
25.11.2020;20:30:12;3.33;43.36;16.35;755.81;0.00;0.00;0.00
25.11.2020;20:31:12;3.33;43.53;16.36;755.81;0.00;0.00;0.00
25.11.2020;20:32:12;3.33;43.47;16.35;755.80;0.00;0.00;0.00
25.11.2020;20:33:12;3.33;43.81;16.39;755.81;0.00;0.00;0.00
25.11.2020;20:34:12;3.33;43.64;16.40;755.81;0.00;0.00;0.00
25.11.2020;20:35:12;3.33;43.48;16.38;755.81;0.00;0.00;0.00
25.11.2020;20:36:12;3.33;43.68;16.42;755.81;0.00;0.00;0.00
25.11.2020;20:37:12;3.35;43.40;16.39;755.82;0.00;0.00;0.00
25.11.2020;20:38:12;3.33;44.00;16.42;755.82;0.00;0.00;0.00
25.11.2020;20:39:12;3.33;43.49;16.45;755.84;0.00;0.00;0.00
25.11.2020;20:40:12;3.36;43.42;16.44;755.84;0.00;0.00;0.00
25.11.2020;20:41:12;3.33;43.36;16.43;755.85;0.00;0.00;0.00
25.11.2020;20:42:12;3.33;43.53;16.44;755.85;0.00;0.00;0.00
25.11.2020;20:43:13;3.35;43.39;16.42;755.86;0.00;0.00;0.00
25.11.2020;20:44:13;3.33;43.36;16.40;755.86;0.00;0.00;0.00
25.11.2020;20:45:13;3.33;43.34;16.40;755.87;0.00;0.00;0.00
25.11.2020;20:46:13;3.33;43.54;16.41;755.88;0.00;0.00;0.00
25.11.2020;20:47:13;3.33;43.58;16.44;755.88;0.00;0.00;0.00
25.11.2020;20:48:13;3.33;43.46;16.43;755.89;0.00;0.00;0.00
25.11.2020;20:49:13;3.33;43.88;16.45;755.90;0.00;0.00;0.00
25.11.2020;20:50:13;3.33;43.49;16.47;755.91;0.00;0.00;0.00
25.11.2020;20:51:13;3.35;43.75;16.49;755.90;0.00;0.00;0.00
25.11.2020;20:52:13;3.33;43.54;16.51;755.91;0.00;0.00;0.00
25.11.2020;20:53:13;3.33;43.62;16.52;755.91;0.00;0.00;0.00
25.11.2020;20:54:13;3.36;43.53;16.53;755.90;0.00;0.00;0.00
25.11.2020;20:55:13;3.33;43.32;16.50;755.92;0.00;0.00;0.00
25.11.2020;20:56:13;3.33;43.95;16.53;755.92;0.00;0.00;0.00
25.11.2020;20:57:13;3.35;43.55;16.56;755.92;0.00;0.00;0.00
25.11.2020;20:58:13;3.33;43.76;16.58;755.92;0.00;0.00;0.00
25.11.2020;20:59:13;3.33;43.50;16.61;755.94;0.00;0.00;0.00
25.11.2020;21:00:13;3.33;43.78;16.63;755.93;0.00;0.00;0.00
25.11.2020;21:01:13;3.33;43.66;16.67;755.96;0.00;0.00;0.00
25.11.2020;21:02:13;3.33;43.61;16.70;755.96;0.00;0.00;0.00
25.11.2020;21:03:13;3.33;43.23;16.71;755.96;0.00;0.00;0.00
25.11.2020;21:04:13;3.33;43.13;16.71;755.95;0.00;0.00;0.00
25.11.2020;21:05:13;3.35;43.30;16.71;755.94;0.00;0.00;0.00
25.11.2020;21:06:13;3.33;43.12;16.71;755.97;0.00;0.00;0.00
25.11.2020;21:07:13;3.33;43.38;16.73;755.97;0.00;0.00;0.00
25.11.2020;21:08:13;3.36;43.38;16.74;755.99;0.00;0.00;0.00
25.11.2020;21:09:13;3.33;43.26;16.76;755.98;0.00;0.00;0.00
25.11.2020;21:10:13;3.33;43.23;16.76;756.00;0.00;0.00;0.00
25.11.2020;21:11:14;3.35;43.06;16.77;756.01;0.00;0.00;0.00
25.11.2020;21:12:14;3.33;43.43;16.76;756.01;0.00;0.00;0.00
25.11.2020;21:13:14;3.33;43.00;16.77;755.99;0.00;0.00;0.00
25.11.2020;21:14:14;3.33;42.95;16.74;755.98;0.00;0.00;0.00
25.11.2020;21:15:14;3.33;42.93;16.72;755.99;0.00;0.00;0.00
25.11.2020;21:16:14;3.33;43.15;16.72;756.00;0.00;0.00;0.00
25.11.2020;21:17:14;3.33;43.23;16.73;756.00;0.00;0.00;0.00
25.11.2020;21:18:14;3.33;43.21;16.72;756.03;0.00;0.00;0.00
25.11.2020;21:19:14;3.35;42.90;16.67;756.04;0.00;0.00;0.00
25.11.2020;21:20:14;3.33;43.04;16.68;756.04;0.00;0.00;0.00
25.11.2020;21:21:14;3.33;43.12;16.69;756.05;0.00;0.00;0.00
25.11.2020;21:22:14;3.36;43.06;16.69;756.06;0.00;0.00;0.00
25.11.2020;21:23:14;3.33;43.23;16.68;756.07;0.00;0.00;0.00
25.11.2020;21:24:14;3.33;43.07;16.65;756.10;0.00;0.00;0.00
25.11.2020;21:25:14;3.35;43.59;16.69;756.11;0.00;0.00;0.00
25.11.2020;21:26:14;3.33;43.74;16.73;756.10;0.00;0.00;0.00
25.11.2020;21:27:14;3.33;43.50;16.76;756.11;0.00;0.00;0.00
25.11.2020;21:28:14;3.33;43.18;16.75;756.12;0.00;0.00;0.00
25.11.2020;21:29:14;3.33;43.33;16.74;756.12;0.00;0.00;0.00
25.11.2020;21:30:14;3.33;43.01;16.73;756.12;0.00;0.00;0.00
25.11.2020;21:31:14;3.33;43.06;16.71;756.13;0.00;0.00;0.00
25.11.2020;21:32:14;3.33;43.19;16.71;756.15;0.00;0.00;0.00
25.11.2020;21:33:14;3.35;43.26;16.72;756.16;0.00;0.00;0.00
25.11.2020;21:34:14;3.33;43.48;16.73;756.17;0.00;0.00;0.00
25.11.2020;21:35:14;3.33;43.09;16.72;756.17;0.00;0.00;0.00
25.11.2020;21:36:14;3.36;43.17;16.69;756.20;0.00;0.00;0.00
25.11.2020;21:37:14;3.33;43.06;16.69;756.21;0.00;0.00;0.00
25.11.2020;21:38:14;3.33;43.08;16.66;756.20;0.00;0.00;0.00
25.11.2020;21:39:14;3.35;43.35;16.67;756.19;0.00;0.00;0.00
25.11.2020;21:40:15;3.33;43.16;16.65;756.19;0.00;0.00;0.00
25.11.2020;21:41:15;3.33;43.35;16.66;756.19;0.00;0.00;0.00
25.11.2020;21:42:15;3.33;43.48;16.65;756.18;0.00;0.00;0.00
25.11.2020;21:43:15;3.33;43.40;16.65;756.19;0.00;0.00;0.00
25.11.2020;21:44:15;3.33;43.64;16.66;756.20;0.00;0.00;0.00
25.11.2020;21:45:15;3.33;43.31;16.66;756.19;0.00;0.00;0.00
25.11.2020;21:46:15;3.33;43.36;16.64;756.20;0.00;0.00;0.00
25.11.2020;21:47:15;3.35;43.55;16.64;756.20;0.00;0.00;0.00
25.11.2020;21:48:15;3.33;43.46;16.67;756.20;0.00;0.00;0.00
25.11.2020;21:49:15;3.33;43.95;16.69;756.21;0.00;0.00;0.00
25.11.2020;21:50:15;3.36;44.01;16.73;756.21;0.00;0.00;0.00
25.11.2020;21:51:15;3.33;43.92;16.77;756.22;0.00;0.00;0.00
25.11.2020;21:52:15;3.33;43.46;16.77;756.22;0.00;0.00;0.00
25.11.2020;21:53:15;3.35;43.95;16.78;756.23;0.00;0.00;0.00
25.11.2020;21:54:15;3.33;43.56;16.81;756.23;0.00;0.00;0.00
25.11.2020;21:55:15;3.33;43.68;16.82;756.23;0.00;0.00;0.00
25.11.2020;21:56:15;3.33;43.22;16.82;756.24;0.00;0.00;0.00
25.11.2020;21:57:15;3.33;43.35;16.82;756.24;0.00;0.00;0.00
25.11.2020;21:58:15;3.33;43.02;16.78;756.25;0.00;0.00;0.00
25.11.2020;21:59:15;3.33;43.16;16.78;756.25;0.00;0.00;0.00
25.11.2020;22:00:15;3.33;43.47;16.79;756.26;0.00;0.00;0.00
25.11.2020;22:01:15;3.35;43.82;16.81;756.25;0.00;0.00;0.00
25.11.2020;22:02:15;3.33;43.56;16.84;756.25;0.00;0.00;0.00
25.11.2020;22:03:15;3.33;43.78;16.87;756.25;0.00;0.00;0.00
25.11.2020;22:04:15;3.36;43.68;16.90;756.26;0.00;0.00;0.00
25.11.2020;22:05:15;3.33;43.41;16.91;756.27;0.00;0.00;0.00
25.11.2020;22:06:15;3.33;42.97;16.90;756.27;0.00;0.00;0.00
25.11.2020;22:07:15;3.35;42.98;16.86;756.27;0.00;0.00;0.00
25.11.2020;22:08:15;3.33;43.35;16.86;756.28;0.00;0.00;0.00
25.11.2020;22:09:16;3.33;43.60;16.89;756.27;0.00;0.00;0.00
25.11.2020;22:10:16;3.33;43.74;16.93;756.29;0.00;0.00;0.00
25.11.2020;22:11:16;3.33;43.52;16.94;756.29;0.00;0.00;0.00
25.11.2020;22:12:16;3.33;43.45;16.94;756.29;0.00;0.00;0.00
25.11.2020;22:13:16;3.33;43.23;16.95;756.31;0.00;0.00;0.00
25.11.2020;22:14:16;3.33;43.29;16.94;756.32;0.00;0.00;0.00
25.11.2020;22:15:16;3.35;43.06;16.94;756.30;0.00;0.00;0.00
25.11.2020;22:16:16;3.33;42.76;16.89;756.32;0.00;0.00;0.00
25.11.2020;22:17:16;3.33;42.86;16.86;756.33;0.00;0.00;0.00
25.11.2020;22:18:16;3.36;43.63;16.87;756.33;0.00;0.00;0.00
25.11.2020;22:19:16;3.33;43.35;16.90;756.33;0.00;0.00;0.00
25.11.2020;22:20:16;3.33;43.29;16.89;756.33;0.00;0.00;0.00
25.11.2020;22:21:16;3.35;43.27;16.91;756.33;0.00;0.00;0.00
25.11.2020;22:22:16;3.33;43.00;16.89;756.33;0.00;0.00;0.00
25.11.2020;22:23:16;3.33;43.22;16.88;756.34;0.00;0.00;0.00
25.11.2020;22:24:16;3.33;43.29;16.89;756.35;0.00;0.00;0.00
25.11.2020;22:25:16;3.33;43.35;16.88;756.35;0.00;0.00;0.00
25.11.2020;22:26:16;3.33;43.48;16.90;756.34;0.00;0.00;0.00
25.11.2020;22:27:16;3.33;43.44;16.91;756.35;0.00;0.00;0.00
25.11.2020;22:28:16;3.33;43.68;16.92;756.34;0.00;0.00;0.00
25.11.2020;22:29:16;3.35;43.43;16.94;756.33;0.00;0.00;0.00
25.11.2020;22:30:16;3.33;42.95;16.91;756.34;0.00;0.00;0.00
25.11.2020;22:31:16;3.33;42.91;16.89;756.35;0.00;0.00;0.00
25.11.2020;22:32:16;3.36;42.97;16.86;756.35;0.00;0.00;0.00
25.11.2020;22:33:16;3.33;43.28;16.86;756.34;0.00;0.00;0.00
25.11.2020;22:34:16;3.33;43.65;16.87;756.34;0.00;0.00;0.00
25.11.2020;22:35:16;3.35;43.79;16.89;756.33;0.00;0.00;0.00
25.11.2020;22:36:16;3.33;43.36;16.90;756.33;0.00;0.00;0.00
25.11.2020;22:37:17;3.33;43.39;16.91;756.34;0.00;0.00;0.00
25.11.2020;22:38:17;3.33;43.56;16.92;756.35;0.00;0.00;0.00
25.11.2020;22:39:17;3.33;43.52;16.94;756.34;0.00;0.00;0.00
25.11.2020;22:40:17;3.33;43.53;16.96;756.34;0.00;0.00;0.00
25.11.2020;22:41:17;3.33;43.25;16.97;756.34;0.00;0.00;0.00
25.11.2020;22:42:17;3.33;43.41;16.97;756.35;0.00;0.00;0.00
25.11.2020;22:43:17;3.35;43.19;16.95;756.35;0.00;0.00;0.00
25.11.2020;22:44:17;3.33;43.51;16.95;756.35;0.00;0.00;0.00
25.11.2020;22:45:17;3.33;43.52;16.97;756.36;0.00;0.00;0.00
25.11.2020;22:46:17;3.36;43.45;16.98;756.37;0.00;0.00;0.00
25.11.2020;22:47:17;3.33;43.10;16.97;756.37;0.00;0.00;0.00
25.11.2020;22:48:17;3.33;43.14;16.95;756.36;0.00;0.00;0.00
25.11.2020;22:49:17;3.35;43.30;16.94;756.36;0.00;0.00;0.00
25.11.2020;22:50:17;3.33;43.64;16.95;756.37;0.00;0.00;0.00
25.11.2020;22:51:17;3.33;43.61;16.96;756.36;0.00;0.00;0.00
25.11.2020;22:52:17;3.33;43.37;16.97;756.36;0.00;0.00;0.00
25.11.2020;22:53:17;3.33;42.91;16.94;756.36;0.00;0.00;0.00
25.11.2020;22:54:17;3.33;43.10;16.90;756.36;0.00;0.00;0.00
25.11.2020;22:55:17;3.33;43.46;16.90;756.36;0.00;0.00;0.00
25.11.2020;22:56:17;3.33;43.53;16.92;756.37;0.00;0.00;0.00
25.11.2020;22:57:17;3.35;43.65;16.93;756.36;0.00;0.00;0.00
25.11.2020;22:58:17;3.33;43.54;16.94;756.36;0.00;0.00;0.00
25.11.2020;22:59:17;3.33;43.62;16.95;756.36;0.00;0.00;0.00
25.11.2020;23:00:17;3.36;43.68;16.96;756.37;0.00;0.00;0.00
25.11.2020;23:01:17;3.33;43.63;16.97;756.38;0.00;0.00;0.00
25.11.2020;23:02:17;3.33;43.65;16.98;756.37;0.00;0.00;0.00
25.11.2020;23:03:17;3.35;43.50;16.99;756.38;0.00;0.00;0.00
25.11.2020;23:04:17;3.33;43.52;16.99;756.38;0.00;0.00;0.00
25.11.2020;23:05:17;3.33;43.34;16.99;756.39;0.00;0.00;0.00
25.11.2020;23:06:18;3.33;43.39;16.99;756.40;0.00;0.00;0.00
25.11.2020;23:07:18;3.33;43.34;16.99;756.40;0.00;0.00;0.00
25.11.2020;23:08:18;3.33;43.56;16.98;756.41;0.00;0.00;0.00
25.11.2020;23:09:18;3.33;43.12;16.98;756.41;0.00;0.00;0.00
25.11.2020;23:10:18;3.33;42.84;16.93;756.41;0.00;0.00;0.00
25.11.2020;23:11:18;3.35;43.45;16.92;756.42;0.00;0.00;0.00
25.11.2020;23:12:18;3.33;43.12;16.92;756.42;0.00;0.00;0.00
25.11.2020;23:13:18;3.33;43.43;16.91;756.43;0.00;0.00;0.00
25.11.2020;23:14:18;3.36;43.36;16.91;756.43;0.00;0.00;0.00
25.11.2020;23:15:18;3.33;43.64;16.92;756.43;0.00;0.00;0.00
25.11.2020;23:16:18;3.33;43.64;16.92;756.41;0.00;0.00;0.00
25.11.2020;23:17:18;3.35;43.03;16.92;756.41;0.00;0.00;0.00
25.11.2020;23:18:18;3.33;42.99;16.87;756.40;0.00;0.00;0.00
25.11.2020;23:19:18;3.33;42.95;16.85;756.41;0.00;0.00;0.00
25.11.2020;23:20:18;3.33;43.24;16.84;756.42;0.00;0.00;0.00
25.11.2020;23:21:18;3.33;43.54;16.84;756.43;0.00;0.00;0.00
25.11.2020;23:22:18;3.33;43.29;16.83;756.43;0.00;0.00;0.00
25.11.2020;23:23:18;3.33;43.59;16.83;756.43;0.00;0.00;0.00
25.11.2020;23:24:18;3.33;43.58;16.82;756.43;0.00;0.00;0.00
25.11.2020;23:25:18;3.35;43.91;16.83;756.43;0.00;0.00;0.00
25.11.2020;23:26:18;3.33;43.59;16.85;756.44;0.00;0.00;0.00
25.11.2020;23:27:18;3.33;43.43;16.83;756.43;0.00;0.00;0.00
25.11.2020;23:28:18;3.36;43.90;16.83;756.44;0.00;0.00;0.00
25.11.2020;23:29:18;3.33;43.46;16.84;756.44;0.00;0.00;0.00
25.11.2020;23:30:18;3.33;43.87;16.83;756.44;0.00;0.00;0.00
25.11.2020;23:31:18;3.35;43.63;16.83;756.44;0.00;0.00;0.00
25.11.2020;23:32:18;3.33;43.47;16.82;756.45;0.00;0.00;0.00
25.11.2020;23:33:18;3.33;43.71;16.81;756.45;0.00;0.00;0.00
25.11.2020;23:34:19;3.33;43.46;16.81;756.44;0.00;0.00;0.00
25.11.2020;23:35:19;3.33;43.41;16.80;756.46;0.00;0.00;0.00
25.11.2020;23:36:19;3.33;43.93;16.78;756.47;0.00;0.00;0.00
25.11.2020;23:37:19;3.33;43.82;16.80;756.47;0.00;0.00;0.00
25.11.2020;23:38:19;3.33;43.66;16.80;756.48;0.00;0.00;0.00
25.11.2020;23:39:19;3.35;43.61;16.79;756.49;0.00;0.00;0.00
25.11.2020;23:40:19;3.33;43.78;16.78;756.50;0.00;0.00;0.00
25.11.2020;23:41:19;3.33;43.92;16.79;756.51;0.00;0.00;0.00
25.11.2020;23:42:19;3.36;43.76;16.79;756.51;0.00;0.00;0.00
25.11.2020;23:43:19;3.33;43.36;16.78;756.51;0.00;0.00;0.00
25.11.2020;23:44:19;3.33;43.64;16.75;756.51;0.00;0.00;0.00
25.11.2020;23:45:19;3.35;43.34;16.73;756.51;0.00;0.00;0.00
25.11.2020;23:46:19;3.33;43.43;16.69;756.52;0.00;0.00;0.00
25.11.2020;23:47:19;3.33;44.05;16.70;756.52;0.00;0.00;0.00
25.11.2020;23:48:19;3.33;44.07;16.72;756.53;0.00;0.00;0.00
25.11.2020;23:49:19;3.33;44.12;16.73;756.54;0.00;0.00;0.00
25.11.2020;23:50:19;3.33;43.78;16.72;756.53;0.00;0.00;0.00
25.11.2020;23:51:19;3.33;43.56;16.72;756.53;0.00;0.00;0.00
25.11.2020;23:52:19;3.33;43.16;16.67;756.53;0.00;0.00;0.00
25.11.2020;23:53:19;3.35;43.92;16.66;756.54;0.00;0.00;0.00
25.11.2020;23:54:19;3.33;43.71;16.65;756.55;0.00;0.00;0.00
25.11.2020;23:55:19;3.33;43.89;16.66;756.56;0.00;0.00;0.00
25.11.2020;23:56:19;3.36;43.63;16.64;756.56;0.00;0.00;0.00
25.11.2020;23:57:19;3.33;43.63;16.62;756.56;0.00;0.00;0.00
25.11.2020;23:58:19;3.33;44.15;16.62;756.56;0.00;0.00;0.00
25.11.2020;23:59:19;3.35;44.16;16.64;756.56;0.00;0.00;0.00
