27.11.2020;0:00:13;3.33;47.13;16.24;754.51;0.00;0.00;0.00
27.11.2020;0:01:13;3.33;47.47;16.23;754.50;0.00;0.00;0.00
27.11.2020;0:02:13;3.33;47.33;16.24;754.47;0.00;0.00;0.00
27.11.2020;0:03:13;3.33;47.47;16.25;754.47;0.00;0.00;0.00
27.11.2020;0:04:13;3.33;47.31;16.25;754.45;0.00;0.00;0.00
27.11.2020;0:05:13;3.33;47.39;16.25;754.43;0.00;0.00;0.00
27.11.2020;0:06:13;3.35;47.37;16.25;754.42;0.00;0.00;0.00
27.11.2020;0:07:13;3.33;46.99;16.25;754.41;0.00;0.00;0.00
27.11.2020;0:08:13;3.33;47.09;16.24;754.42;0.00;0.00;0.00
27.11.2020;0:09:13;3.36;47.39;16.25;754.43;0.00;0.00;0.00
27.11.2020;0:10:13;3.33;47.36;16.26;754.42;0.00;0.00;0.00
27.11.2020;0:11:13;3.33;47.42;16.27;754.42;0.00;0.00;0.00
27.11.2020;0:12:13;3.35;47.29;16.27;754.42;0.00;0.00;0.00
27.11.2020;0:13:13;3.33;47.26;16.28;754.42;0.00;0.00;0.00
27.11.2020;0:14:13;3.33;47.19;16.27;754.41;0.00;0.00;0.00
27.11.2020;0:15:13;3.33;47.10;16.27;754.40;0.00;0.00;0.00
27.11.2020;0:16:14;3.33;47.15;16.26;754.40;0.00;0.00;0.00
27.11.2020;0:17:14;3.33;47.27;16.26;754.40;0.00;0.00;0.00
27.11.2020;0:18:14;3.33;47.36;16.27;754.41;0.00;0.00;0.00
27.11.2020;0:19:14;3.33;47.43;16.27;754.38;0.00;0.00;0.00
27.11.2020;0:20:14;3.35;47.28;16.27;754.38;0.00;0.00;0.00
27.11.2020;0:21:14;3.33;47.32;16.25;754.36;0.00;0.00;0.00
27.11.2020;0:22:14;3.33;47.44;16.26;754.36;0.00;0.00;0.00
27.11.2020;0:23:14;3.36;47.19;16.26;754.37;0.00;0.00;0.00
27.11.2020;0:24:14;3.33;47.36;16.25;754.37;0.00;0.00;0.00
27.11.2020;0:25:14;3.33;47.01;16.24;754.35;0.00;0.00;0.00
27.11.2020;0:26:14;3.35;47.38;16.23;754.35;0.00;0.00;0.00
27.11.2020;0:27:14;3.33;47.44;16.23;754.36;0.00;0.00;0.00
27.11.2020;0:28:14;3.33;47.03;16.24;754.35;0.00;0.00;0.00
27.11.2020;0:29:14;3.33;47.06;16.22;754.34;0.00;0.00;0.00
27.11.2020;0:30:14;3.33;47.20;16.21;754.33;0.00;0.00;0.00
27.11.2020;0:31:14;3.33;47.51;16.21;754.31;0.00;0.00;0.00
27.11.2020;0:32:14;3.33;47.16;16.21;754.29;0.00;0.00;0.00
27.11.2020;0:33:14;3.33;47.40;16.21;754.28;0.00;0.00;0.00
27.11.2020;0:34:14;3.35;47.47;16.22;754.27;0.00;0.00;0.00
27.11.2020;0:35:14;3.33;47.53;16.22;754.25;0.00;0.00;0.00
27.11.2020;0:36:14;3.33;47.48;16.22;754.24;0.00;0.00;0.00
27.11.2020;0:37:14;3.36;47.27;16.21;754.23;0.00;0.00;0.00
27.11.2020;0:38:14;3.33;47.44;16.21;754.21;0.00;0.00;0.00
27.11.2020;0:39:14;3.33;47.16;16.19;754.22;0.00;0.00;0.00
27.11.2020;0:40:14;3.35;47.14;16.18;754.20;0.00;0.00;0.00
27.11.2020;0:41:14;3.33;47.16;16.16;754.20;0.00;0.00;0.00
27.11.2020;0:42:14;3.33;47.50;16.16;754.20;0.00;0.00;0.00
27.11.2020;0:43:14;3.33;47.04;16.16;754.16;0.00;0.00;0.00
27.11.2020;0:44:14;3.33;47.40;16.14;754.16;0.00;0.00;0.00
27.11.2020;0:45:15;3.33;47.52;16.13;754.14;0.00;0.00;0.00
27.11.2020;0:46:15;3.33;47.42;16.13;754.13;0.00;0.00;0.00
27.11.2020;0:47:15;3.33;47.53;16.14;754.14;0.00;0.00;0.00
27.11.2020;0:48:15;3.35;47.32;16.13;754.12;0.00;0.00;0.00
27.11.2020;0:49:15;3.33;47.69;16.12;754.13;0.00;0.00;0.00
27.11.2020;0:50:15;3.33;47.55;16.12;754.12;0.00;0.00;0.00
27.11.2020;0:51:15;3.36;47.40;16.12;754.12;0.00;0.00;0.00
27.11.2020;0:52:15;3.33;47.63;16.12;754.10;0.00;0.00;0.00
27.11.2020;0:53:15;3.33;46.74;16.10;754.08;0.00;0.00;0.00
27.11.2020;0:54:15;3.35;47.74;16.10;754.08;0.00;0.00;0.00
27.11.2020;0:55:15;3.33;47.46;16.09;754.07;0.00;0.00;0.00
27.11.2020;0:56:15;3.33;47.54;16.08;754.07;0.00;0.00;0.00
27.11.2020;0:57:15;3.33;47.77;16.08;754.05;0.00;0.00;0.00
27.11.2020;0:58:15;3.33;47.76;16.09;754.04;0.00;0.00;0.00
27.11.2020;0:59:15;3.33;47.67;16.09;754.05;0.00;0.00;0.00
27.11.2020;1:00:15;3.33;47.83;16.09;754.04;0.00;0.00;0.00
27.11.2020;1:01:15;3.33;47.85;16.09;754.04;0.00;0.00;0.00
27.11.2020;1:02:15;3.35;47.55;16.08;754.03;0.00;0.00;0.00
27.11.2020;1:03:15;3.33;47.73;16.07;754.05;0.00;0.00;0.00
27.11.2020;1:04:15;3.33;47.82;16.07;754.06;0.00;0.00;0.00
27.11.2020;1:05:15;3.36;47.62;16.07;754.07;0.00;0.00;0.00
27.11.2020;1:06:15;3.33;47.82;16.05;754.05;0.00;0.00;0.00
27.11.2020;1:07:15;3.33;47.93;16.05;754.03;0.00;0.00;0.00
27.11.2020;1:08:15;3.35;47.98;16.05;754.00;0.00;0.00;0.00
27.11.2020;1:09:15;3.33;47.97;16.05;754.01;0.00;0.00;0.00
27.11.2020;1:10:15;3.33;47.98;16.05;754.00;0.00;0.00;0.00
27.11.2020;1:11:15;3.33;47.93;16.05;753.99;0.00;0.00;0.00
27.11.2020;1:12:15;3.33;47.95;16.03;753.98;0.00;0.00;0.00
27.11.2020;1:13:15;3.33;47.91;16.02;753.95;0.00;0.00;0.00
27.11.2020;1:14:16;3.33;47.88;16.01;753.94;0.00;0.00;0.00
27.11.2020;1:15:16;3.33;48.00;16.01;753.93;0.00;0.00;0.00
27.11.2020;1:16:16;3.35;48.06;16.00;753.90;0.00;0.00;0.00
27.11.2020;1:17:16;3.33;48.10;15.99;753.89;0.00;0.00;0.00
27.11.2020;1:18:16;3.33;48.08;15.99;753.89;0.00;0.00;0.00
27.11.2020;1:19:16;3.36;48.16;15.97;753.89;0.00;0.00;0.00
27.11.2020;1:20:16;3.33;48.22;15.97;753.87;0.00;0.00;0.00
27.11.2020;1:21:16;3.33;48.22;15.98;753.85;0.00;0.00;0.00
27.11.2020;1:22:16;3.35;48.18;15.97;753.84;0.00;0.00;0.00
27.11.2020;1:23:16;3.33;48.14;15.96;753.84;0.00;0.00;0.00
27.11.2020;1:24:16;3.33;48.19;15.94;753.84;0.00;0.00;0.00
27.11.2020;1:25:16;3.33;48.24;15.93;753.84;0.00;0.00;0.00
27.11.2020;1:26:16;3.33;48.20;15.92;753.81;0.00;0.00;0.00
27.11.2020;1:27:16;3.33;48.31;15.92;753.81;0.00;0.00;0.00
27.11.2020;1:28:16;3.33;48.34;15.91;753.79;0.00;0.00;0.00
27.11.2020;1:29:16;3.33;48.31;15.91;753.78;0.00;0.00;0.00
27.11.2020;1:30:16;3.35;48.33;15.90;753.78;0.00;0.00;0.00
27.11.2020;1:31:16;3.33;48.40;15.89;753.78;0.00;0.00;0.00
27.11.2020;1:32:16;3.33;48.45;15.88;753.78;0.00;0.00;0.00
27.11.2020;1:33:16;3.36;48.40;15.88;753.78;0.00;0.00;0.00
27.11.2020;1:34:16;3.33;48.39;15.87;753.75;0.00;0.00;0.00
27.11.2020;1:35:16;3.33;48.41;15.85;753.74;0.00;0.00;0.00
27.11.2020;1:36:16;3.35;48.52;15.84;753.74;0.00;0.00;0.00
27.11.2020;1:37:16;3.33;48.52;15.84;753.75;0.00;0.00;0.00
27.11.2020;1:38:16;3.33;48.58;15.83;753.76;0.00;0.00;0.00
27.11.2020;1:39:16;3.33;48.58;15.83;753.77;0.00;0.00;0.00
27.11.2020;1:40:16;3.33;48.53;15.83;753.77;0.00;0.00;0.00
27.11.2020;1:41:16;3.33;48.52;15.83;753.77;0.00;0.00;0.00
27.11.2020;1:42:16;3.33;48.54;15.83;753.76;0.00;0.00;0.00
27.11.2020;1:43:17;3.33;48.49;15.82;753.75;0.00;0.00;0.00
27.11.2020;1:44:17;3.35;48.54;15.82;753.74;0.00;0.00;0.00
27.11.2020;1:45:17;3.33;48.59;15.82;753.74;0.00;0.00;0.00
27.11.2020;1:46:17;3.33;48.47;15.81;753.74;0.00;0.00;0.00
27.11.2020;1:47:17;3.36;48.64;15.80;753.73;0.00;0.00;0.00
27.11.2020;1:48:17;3.33;48.65;15.81;753.72;0.00;0.00;0.00
27.11.2020;1:49:17;3.33;48.61;15.81;753.71;0.00;0.00;0.00
27.11.2020;1:50:17;3.35;48.47;15.81;753.72;0.00;0.00;0.00
27.11.2020;1:51:17;3.33;48.54;15.82;753.72;0.00;0.00;0.00
27.11.2020;1:52:17;3.33;48.54;15.81;753.72;0.00;0.00;0.00
27.11.2020;1:53:17;3.33;48.62;15.81;753.71;0.00;0.00;0.00
27.11.2020;1:54:17;3.33;48.49;15.82;753.72;0.00;0.00;0.00
27.11.2020;1:55:17;3.33;48.41;15.81;753.73;0.00;0.00;0.00
27.11.2020;1:56:17;3.33;48.61;15.80;753.73;0.00;0.00;0.00
27.11.2020;1:57:17;3.33;48.63;15.80;753.73;0.00;0.00;0.00
27.11.2020;1:58:17;3.35;48.11;15.79;753.73;0.00;0.00;0.00
27.11.2020;1:59:17;3.33;48.52;15.79;753.74;0.00;0.00;0.00
27.11.2020;2:00:17;3.33;48.45;15.80;753.74;0.00;0.00;0.00
27.11.2020;2:01:17;3.36;48.34;15.80;753.74;0.00;0.00;0.00
27.11.2020;2:02:17;3.33;48.40;15.79;753.74;0.00;0.00;0.00
27.11.2020;2:03:17;3.33;48.56;15.79;753.73;0.00;0.00;0.00
27.11.2020;2:04:17;3.35;48.47;15.79;753.75;0.00;0.00;0.00
27.11.2020;2:05:17;3.33;48.62;15.79;753.75;0.00;0.00;0.00
27.11.2020;2:06:17;3.33;48.61;15.79;753.71;0.00;0.00;0.00
27.11.2020;2:07:17;3.33;48.63;15.80;753.72;0.00;0.00;0.00
27.11.2020;2:08:17;3.33;48.30;15.80;753.71;0.00;0.00;0.00
27.11.2020;2:09:17;3.33;48.45;15.80;753.71;0.00;0.00;0.00
27.11.2020;2:10:17;3.33;48.56;15.81;753.70;0.00;0.00;0.00
27.11.2020;2:11:17;3.33;48.53;15.82;753.71;0.00;0.00;0.00
27.11.2020;2:12:18;3.35;48.59;15.81;753.70;0.00;0.00;0.00
27.11.2020;2:13:18;3.33;48.62;15.82;753.69;0.00;0.00;0.00
27.11.2020;2:14:18;3.33;48.63;15.83;753.67;0.00;0.00;0.00
27.11.2020;2:15:18;3.36;48.54;15.82;753.66;0.00;0.00;0.00
27.11.2020;2:16:18;3.33;48.55;15.82;753.65;0.00;0.00;0.00
27.11.2020;2:17:18;3.33;48.55;15.82;753.64;0.00;0.00;0.00
27.11.2020;2:18:18;3.35;48.56;15.83;753.64;0.00;0.00;0.00
27.11.2020;2:19:18;3.33;48.47;15.83;753.62;0.00;0.00;0.00
27.11.2020;2:20:18;3.33;48.50;15.82;753.63;0.00;0.00;0.00
27.11.2020;2:21:18;3.33;48.51;15.82;753.62;0.00;0.00;0.00
27.11.2020;2:22:18;3.33;48.50;15.81;753.63;0.00;0.00;0.00
27.11.2020;2:23:18;3.33;48.51;15.80;753.63;0.00;0.00;0.00
27.11.2020;2:24:18;3.33;48.55;15.81;753.61;0.00;0.00;0.00
27.11.2020;2:25:18;3.33;48.55;15.81;753.59;0.00;0.00;0.00
27.11.2020;2:26:18;3.35;48.57;15.81;753.57;0.00;0.00;0.00
27.11.2020;2:27:18;3.33;48.43;15.82;753.55;0.00;0.00;0.00
27.11.2020;2:28:18;3.33;48.44;15.82;753.53;0.00;0.00;0.00
27.11.2020;2:29:18;3.36;48.46;15.82;753.52;0.00;0.00;0.00
27.11.2020;2:30:18;3.33;48.49;15.82;753.51;0.00;0.00;0.00
27.11.2020;2:31:18;3.33;48.52;15.81;753.50;0.00;0.00;0.00
27.11.2020;2:32:18;3.35;48.53;15.81;753.49;0.00;0.00;0.00
27.11.2020;2:33:18;3.33;48.58;15.82;753.48;0.00;0.00;0.00
27.11.2020;2:34:18;3.33;48.49;15.83;753.49;0.00;0.00;0.00
27.11.2020;2:35:18;3.33;48.46;15.82;753.50;0.00;0.00;0.00
27.11.2020;2:36:18;3.33;48.35;15.81;753.50;0.00;0.00;0.00
27.11.2020;2:37:18;3.33;48.26;15.80;753.50;0.00;0.00;0.00
27.11.2020;2:38:18;3.33;48.11;15.78;753.49;0.00;0.00;0.00
27.11.2020;2:39:18;3.33;48.50;15.77;753.49;0.00;0.00;0.00
27.11.2020;2:40:18;3.35;48.58;15.77;753.47;0.00;0.00;0.00
27.11.2020;2:41:19;3.33;48.63;15.77;753.48;0.00;0.00;0.00
27.11.2020;2:42:19;3.33;48.65;15.78;753.45;0.00;0.00;0.00
27.11.2020;2:43:19;3.36;48.56;15.79;753.44;0.00;0.00;0.00
27.11.2020;2:44:19;3.33;48.53;15.79;753.42;0.00;0.00;0.00
27.11.2020;2:45:19;3.33;48.60;15.79;753.42;0.00;0.00;0.00
27.11.2020;2:46:19;3.35;48.54;15.79;753.43;0.00;0.00;0.00
27.11.2020;2:47:19;3.33;48.33;15.79;753.45;0.00;0.00;0.00
27.11.2020;2:48:19;3.33;48.53;15.78;753.48;0.00;0.00;0.00
27.11.2020;2:49:19;3.33;48.37;15.77;753.48;0.00;0.00;0.00
27.11.2020;2:50:19;3.33;48.25;15.78;753.50;0.00;0.00;0.00
27.11.2020;2:51:19;3.33;48.45;15.76;753.51;0.00;0.00;0.00
27.11.2020;2:52:19;3.33;48.52;15.77;753.49;0.00;0.00;0.00
27.11.2020;2:53:19;3.33;48.55;15.77;753.49;0.00;0.00;0.00
27.11.2020;2:54:19;3.35;48.55;15.76;753.48;0.00;0.00;0.00
27.11.2020;2:55:19;3.33;48.21;15.76;753.48;0.00;0.00;0.00
27.11.2020;2:56:19;3.33;48.56;15.76;753.48;0.00;0.00;0.00
27.11.2020;2:57:19;3.36;48.38;15.76;753.48;0.00;0.00;0.00
27.11.2020;2:58:19;3.33;48.37;15.74;753.48;0.00;0.00;0.00
27.11.2020;2:59:19;3.33;48.59;15.74;753.47;0.00;0.00;0.00
27.11.2020;3:00:19;3.35;48.60;15.73;753.47;0.00;0.00;0.00
27.11.2020;3:01:19;3.33;48.62;15.73;753.46;0.00;0.00;0.00
27.11.2020;3:02:19;3.33;48.61;15.73;753.45;0.00;0.00;0.00
27.11.2020;3:03:19;3.33;48.57;15.72;753.44;0.00;0.00;0.00
27.11.2020;3:04:19;3.33;48.61;15.71;753.43;0.00;0.00;0.00
27.11.2020;3:05:19;3.33;48.60;15.71;753.43;0.00;0.00;0.00
27.11.2020;3:06:19;3.33;48.35;15.70;753.44;0.00;0.00;0.00
27.11.2020;3:07:19;3.33;48.63;15.69;753.43;0.00;0.00;0.00
27.11.2020;3:08:19;3.35;48.71;15.68;753.41;0.00;0.00;0.00
27.11.2020;3:09:19;3.33;48.70;15.67;753.38;0.00;0.00;0.00
27.11.2020;3:10:20;3.33;48.71;15.68;753.37;0.00;0.00;0.00
27.11.2020;3:11:20;3.36;48.69;15.67;753.37;0.00;0.00;0.00
27.11.2020;3:12:20;3.33;48.70;15.67;753.37;0.00;0.00;0.00
27.11.2020;3:13:20;3.33;48.68;15.66;753.37;0.00;0.00;0.00
27.11.2020;3:14:20;3.35;48.69;15.66;753.38;0.00;0.00;0.00
27.11.2020;3:15:20;3.33;48.64;15.65;753.37;0.00;0.00;0.00
27.11.2020;3:16:20;3.33;48.72;15.65;753.37;0.00;0.00;0.00
27.11.2020;3:17:20;3.33;48.70;15.67;753.38;0.00;0.00;0.00
27.11.2020;3:18:20;3.33;48.70;15.67;753.36;0.00;0.00;0.00
27.11.2020;3:19:20;3.33;48.72;15.66;753.35;0.00;0.00;0.00
27.11.2020;3:20:20;3.33;48.72;15.65;753.36;0.00;0.00;0.00
27.11.2020;3:21:20;3.33;48.74;15.64;753.37;0.00;0.00;0.00
27.11.2020;3:22:20;3.35;48.73;15.63;753.36;0.00;0.00;0.00
27.11.2020;3:23:20;3.33;48.79;15.63;753.34;0.00;0.00;0.00
27.11.2020;3:24:20;3.33;48.74;15.63;753.33;0.00;0.00;0.00
27.11.2020;3:25:20;3.36;48.75;15.62;753.32;0.00;0.00;0.00
27.11.2020;3:26:20;3.33;48.70;15.62;753.32;0.00;0.00;0.00
27.11.2020;3:27:20;3.33;48.78;15.62;753.32;0.00;0.00;0.00
27.11.2020;3:28:20;3.35;48.71;15.61;753.32;0.00;0.00;0.00
27.11.2020;3:29:20;3.33;48.80;15.60;753.31;0.00;0.00;0.00
27.11.2020;3:30:20;3.33;48.80;15.60;753.31;0.00;0.00;0.00
27.11.2020;3:31:20;3.33;48.83;15.60;753.30;0.00;0.00;0.00
27.11.2020;3:32:20;3.33;48.87;15.60;753.28;0.00;0.00;0.00
27.11.2020;3:33:20;3.33;48.84;15.60;753.27;0.00;0.00;0.00
27.11.2020;3:34:20;3.33;48.84;15.59;753.27;0.00;0.00;0.00
27.11.2020;3:35:20;3.33;48.78;15.58;753.26;0.00;0.00;0.00
27.11.2020;3:36:20;3.35;48.85;15.57;753.27;0.00;0.00;0.00
27.11.2020;3:37:20;3.33;48.58;15.56;753.27;0.00;0.00;0.00
27.11.2020;3:38:20;3.33;48.72;15.53;753.27;0.00;0.00;0.00
27.11.2020;3:39:20;3.36;48.82;15.54;753.28;0.00;0.00;0.00
27.11.2020;3:40:21;3.33;48.91;15.53;753.26;0.00;0.00;0.00
27.11.2020;3:41:21;3.33;48.92;15.53;753.25;0.00;0.00;0.00
27.11.2020;3:42:21;3.35;48.93;15.52;753.25;0.00;0.00;0.00
27.11.2020;3:43:21;3.33;49.04;15.51;753.24;0.00;0.00;0.00
27.11.2020;3:44:21;3.33;48.90;15.51;753.24;0.00;0.00;0.00
27.11.2020;3:45:21;3.33;48.92;15.50;753.22;0.00;0.00;0.00
27.11.2020;3:46:21;3.33;48.95;15.50;753.24;0.00;0.00;0.00
27.11.2020;3:47:21;3.33;48.95;15.49;753.24;0.00;0.00;0.00
27.11.2020;3:48:21;3.33;48.86;15.48;753.24;0.00;0.00;0.00
27.11.2020;3:49:21;3.33;48.78;15.46;753.24;0.00;0.00;0.00
27.11.2020;3:50:21;3.35;48.83;15.44;753.25;0.00;0.00;0.00
27.11.2020;3:51:21;3.33;49.00;15.44;753.26;0.00;0.00;0.00
27.11.2020;3:52:21;3.33;48.97;15.42;753.26;0.00;0.00;0.00
27.11.2020;3:53:21;3.36;48.91;15.42;753.27;0.00;0.00;0.00
27.11.2020;3:54:21;3.33;48.88;15.41;753.29;0.00;0.00;0.00
27.11.2020;3:55:21;3.33;49.01;15.40;753.29;0.00;0.00;0.00
27.11.2020;3:56:21;3.35;48.68;15.40;753.28;0.00;0.00;0.00
27.11.2020;3:57:21;3.33;48.90;15.39;753.28;0.00;0.00;0.00
27.11.2020;3:58:21;3.33;49.00;15.38;753.29;0.00;0.00;0.00
27.11.2020;3:59:21;3.33;48.94;15.39;753.29;0.00;0.00;0.00
27.11.2020;4:00:21;3.33;49.00;15.39;753.28;0.00;0.00;0.00
27.11.2020;4:01:21;3.33;48.83;15.38;753.27;0.00;0.00;0.00
27.11.2020;4:02:21;3.33;48.94;15.37;753.25;0.00;0.00;0.00
27.11.2020;4:03:21;3.33;49.04;15.36;753.23;0.00;0.00;0.00
27.11.2020;4:04:21;3.35;49.07;15.35;753.22;0.00;0.00;0.00
27.11.2020;4:05:21;3.33;48.92;15.36;753.19;0.00;0.00;0.00
27.11.2020;4:06:21;3.33;48.84;15.35;753.18;0.00;0.00;0.00
27.11.2020;4:07:21;3.36;48.74;15.35;753.18;0.00;0.00;0.00
27.11.2020;4:08:21;3.33;49.07;15.34;753.17;0.00;0.00;0.00
27.11.2020;4:09:22;3.33;48.49;15.33;753.15;0.00;0.00;0.00
27.11.2020;4:10:22;3.35;48.97;15.32;753.15;0.00;0.00;0.00
27.11.2020;4:11:22;3.33;48.73;15.32;753.14;0.00;0.00;0.00
27.11.2020;4:12:22;3.33;48.46;15.31;753.12;0.00;0.00;0.00
27.11.2020;4:13:22;3.33;48.15;15.30;753.12;0.00;0.00;0.00
27.11.2020;4:14:22;3.33;48.87;15.27;753.12;0.00;0.00;0.00
27.11.2020;4:15:22;3.33;48.52;15.26;753.11;0.00;0.00;0.00
27.11.2020;4:16:22;3.33;48.74;15.26;753.11;0.00;0.00;0.00
27.11.2020;4:17:22;3.33;49.09;15.26;753.09;0.00;0.00;0.00
27.11.2020;4:18:22;3.35;48.93;15.26;753.08;0.00;0.00;0.00
27.11.2020;4:19:22;3.33;49.09;15.26;753.06;0.00;0.00;0.00
27.11.2020;4:20:22;3.33;49.07;15.26;753.06;0.00;0.00;0.00
27.11.2020;4:21:22;3.36;48.93;15.26;753.04;0.00;0.00;0.00
27.11.2020;4:22:22;3.33;48.78;15.26;753.03;0.00;0.00;0.00
27.11.2020;4:23:22;3.33;49.00;15.25;753.02;0.00;0.00;0.00
27.11.2020;4:24:22;3.35;48.95;15.24;753.02;0.00;0.00;0.00
27.11.2020;4:25:22;3.33;48.77;15.22;753.01;0.00;0.00;0.00
27.11.2020;4:26:22;3.33;49.00;15.21;753.02;0.00;0.00;0.00
27.11.2020;4:27:22;3.33;49.07;15.22;753.01;0.00;0.00;0.00
27.11.2020;4:28:22;3.33;49.00;15.21;753.01;0.00;0.00;0.00
27.11.2020;4:29:22;3.33;49.14;15.22;753.02;0.00;0.00;0.00
27.11.2020;4:30:22;3.33;49.13;15.22;753.00;0.00;0.00;0.00
27.11.2020;4:31:22;3.33;49.03;15.21;753.02;0.00;0.00;0.00
27.11.2020;4:32:22;3.35;48.61;15.19;753.04;0.00;0.00;0.00
27.11.2020;4:33:22;3.33;48.76;15.18;753.06;0.00;0.00;0.00
27.11.2020;4:34:22;3.33;48.91;15.18;753.06;0.00;0.00;0.00
27.11.2020;4:35:22;3.36;49.00;15.18;753.05;0.00;0.00;0.00
27.11.2020;4:36:22;3.33;49.06;15.17;753.07;0.00;0.00;0.00
27.11.2020;4:37:22;3.33;48.87;15.17;753.07;0.00;0.00;0.00
27.11.2020;4:38:23;3.35;49.06;15.16;753.06;0.00;0.00;0.00
27.11.2020;4:39:23;3.33;49.10;15.16;753.07;0.00;0.00;0.00
27.11.2020;4:40:23;3.33;48.95;15.16;753.08;0.00;0.00;0.00
27.11.2020;4:41:23;3.33;48.56;15.15;753.06;0.00;0.00;0.00
27.11.2020;4:42:23;3.33;48.74;15.14;753.07;0.00;0.00;0.00
27.11.2020;4:43:23;3.33;48.79;15.13;753.07;0.00;0.00;0.00
27.11.2020;4:44:23;3.33;48.91;15.13;753.05;0.00;0.00;0.00
27.11.2020;4:45:23;3.33;48.85;15.13;753.03;0.00;0.00;0.00
27.11.2020;4:46:23;3.35;49.03;15.13;753.03;0.00;0.00;0.00
27.11.2020;4:47:23;3.33;49.07;15.13;753.03;0.00;0.00;0.00
27.11.2020;4:48:23;3.33;49.13;15.14;753.03;0.00;0.00;0.00
27.11.2020;4:49:23;3.36;48.92;15.13;753.02;0.00;0.00;0.00
27.11.2020;4:50:23;3.33;48.62;15.12;753.00;0.00;0.00;0.00
27.11.2020;4:51:23;3.33;49.13;15.12;752.98;0.00;0.00;0.00
27.11.2020;4:52:23;3.35;49.06;15.12;752.94;0.00;0.00;0.00
27.11.2020;4:53:23;3.33;49.05;15.13;752.93;0.00;0.00;0.00
27.11.2020;4:54:23;3.33;48.97;15.12;752.91;0.00;0.00;0.00
27.11.2020;4:55:23;3.33;49.07;15.11;752.91;0.00;0.00;0.00
27.11.2020;4:56:23;3.33;49.19;15.12;752.90;0.00;0.00;0.00
27.11.2020;4:57:23;3.33;48.70;15.12;752.90;0.00;0.00;0.00
27.11.2020;4:58:23;3.33;48.68;15.10;752.90;0.00;0.00;0.00
27.11.2020;4:59:23;3.33;48.59;15.09;752.90;0.00;0.00;0.00
27.11.2020;5:00:23;3.35;49.08;15.09;752.89;0.00;0.00;0.00
27.11.2020;5:01:23;3.33;48.99;15.09;752.89;0.00;0.00;0.00
27.11.2020;5:02:23;3.33;48.87;15.08;752.91;0.00;0.00;0.00
27.11.2020;5:03:23;3.36;49.10;15.07;752.91;0.00;0.00;0.00
27.11.2020;5:04:23;3.33;48.81;15.08;752.88;0.00;0.00;0.00
27.11.2020;5:05:23;3.33;48.91;15.07;752.87;0.00;0.00;0.00
27.11.2020;5:06:23;3.35;49.19;15.07;752.86;0.00;0.00;0.00
27.11.2020;5:07:24;3.33;49.08;15.07;752.87;0.00;0.00;0.00
27.11.2020;5:08:24;3.33;49.09;15.07;752.88;0.00;0.00;0.00
27.11.2020;5:09:24;3.33;48.91;15.07;752.90;0.00;0.00;0.00
27.11.2020;5:10:24;3.33;48.75;15.06;752.91;0.00;0.00;0.00
27.11.2020;5:11:24;3.33;49.02;15.06;752.90;0.00;0.00;0.00
27.11.2020;5:12:24;3.33;49.04;15.06;752.89;0.00;0.00;0.00
27.11.2020;5:13:24;3.33;48.76;15.04;752.88;0.00;0.00;0.00
27.11.2020;5:14:24;3.35;48.91;15.04;752.87;0.00;0.00;0.00
27.11.2020;5:15:24;3.33;48.67;15.03;752.88;0.00;0.00;0.00
27.11.2020;5:16:24;3.33;48.88;15.03;752.89;0.00;0.00;0.00
27.11.2020;5:17:24;3.36;49.11;15.02;752.91;0.00;0.00;0.00
27.11.2020;5:18:24;3.33;48.91;15.02;752.90;0.00;0.00;0.00
27.11.2020;5:19:24;3.33;49.18;15.03;752.89;0.00;0.00;0.00
27.11.2020;5:20:24;3.35;49.10;15.04;752.87;0.00;0.00;0.00
27.11.2020;5:21:24;3.33;49.03;15.03;752.82;0.00;0.00;0.00
27.11.2020;5:22:24;3.33;48.82;15.02;752.81;0.00;0.00;0.00
27.11.2020;5:23:24;3.33;48.76;15.01;752.78;0.00;0.00;0.00
27.11.2020;5:24:24;3.33;49.04;15.01;752.80;0.00;0.00;0.00
27.11.2020;5:25:24;3.33;48.88;15.00;752.78;0.00;0.00;0.00
27.11.2020;5:26:24;3.33;49.01;15.00;752.79;0.00;0.00;0.00
27.11.2020;5:27:24;3.33;48.70;14.99;752.79;0.00;0.00;0.00
27.11.2020;5:28:24;3.35;47.94;14.97;752.79;0.00;0.00;0.00
27.11.2020;5:29:24;3.33;48.07;14.94;752.78;0.00;0.00;0.00
27.11.2020;5:30:24;3.33;48.07;14.93;752.78;0.00;0.00;0.00
27.11.2020;5:31:24;3.36;48.50;14.91;752.78;0.00;0.00;0.00
27.11.2020;5:32:24;3.33;48.41;14.91;752.78;0.00;0.00;0.00
27.11.2020;5:33:24;3.33;48.26;14.90;752.78;0.00;0.00;0.00
27.11.2020;5:34:24;3.35;48.88;14.89;752.77;0.00;0.00;0.00
27.11.2020;5:35:24;3.33;48.65;14.89;752.79;0.00;0.00;0.00
27.11.2020;5:36:24;3.33;48.57;14.88;752.80;0.00;0.00;0.00
27.11.2020;5:37:25;3.33;48.96;14.88;752.81;0.00;0.00;0.00
27.11.2020;5:38:25;3.33;48.64;14.87;752.82;0.00;0.00;0.00
27.11.2020;5:39:25;3.33;47.93;14.86;752.84;0.00;0.00;0.00
27.11.2020;5:40:25;3.33;48.02;14.84;752.84;0.00;0.00;0.00
27.11.2020;5:41:25;3.33;48.64;14.83;752.82;0.00;0.00;0.00
27.11.2020;5:42:25;3.35;48.69;14.83;752.82;0.00;0.00;0.00
27.11.2020;5:43:25;3.33;48.64;14.84;752.82;0.00;0.00;0.00
27.11.2020;5:44:25;3.33;48.57;14.85;752.82;0.00;0.00;0.00
27.11.2020;5:45:25;3.36;48.16;14.84;752.82;0.00;0.00;0.00
27.11.2020;5:46:25;3.33;47.78;14.82;752.82;0.00;0.00;0.00
27.11.2020;5:47:25;3.33;47.11;14.80;752.81;0.00;0.00;0.00
27.11.2020;5:48:25;3.35;46.98;14.74;752.82;0.00;0.00;0.00
27.11.2020;5:49:25;3.33;48.84;14.75;752.81;0.00;0.00;0.00
27.11.2020;5:50:25;3.33;49.06;14.77;752.80;0.00;0.00;0.00
27.11.2020;5:51:25;3.33;48.29;14.79;752.79;0.00;0.00;0.00
27.11.2020;5:52:25;3.33;48.88;14.81;752.81;0.00;0.00;0.00
27.11.2020;5:53:25;3.33;47.98;14.80;752.82;0.00;0.00;0.00
27.11.2020;5:54:25;3.33;47.84;14.79;752.81;0.00;0.00;0.00
27.11.2020;5:55:25;3.33;48.82;14.78;752.79;0.00;0.00;0.00
27.11.2020;5:56:25;3.35;46.81;14.76;752.79;0.00;0.00;0.00
27.11.2020;5:57:25;3.33;48.81;14.75;752.80;0.00;0.00;0.00
27.11.2020;5:58:25;3.33;48.74;14.76;752.81;0.00;0.00;0.00
27.11.2020;5:59:25;3.36;48.52;14.77;752.80;0.00;0.00;0.00
27.11.2020;6:00:25;3.33;47.96;14.77;752.78;0.00;0.00;0.00
27.11.2020;6:01:25;3.33;48.27;14.76;752.75;0.00;0.00;0.00
27.11.2020;6:02:25;3.35;48.18;14.74;752.74;0.00;0.00;0.00
27.11.2020;6:03:25;3.33;48.55;14.75;752.72;0.00;0.00;0.00
27.11.2020;6:04:25;3.33;48.41;14.76;752.69;0.00;0.00;0.00
27.11.2020;6:05:25;3.33;48.54;14.77;752.69;0.00;0.00;0.00
27.11.2020;6:06:25;3.33;48.16;14.76;752.69;0.00;0.00;0.00
27.11.2020;6:07:26;3.33;47.92;14.75;752.69;0.00;0.00;0.00
27.11.2020;6:08:26;3.33;47.13;14.72;752.68;0.00;0.00;0.00
27.11.2020;6:09:26;3.33;47.60;14.70;752.69;0.00;0.00;0.00
27.11.2020;6:10:26;3.35;48.74;14.70;752.71;0.00;0.00;0.00
27.11.2020;6:11:26;3.33;47.78;14.70;752.72;0.00;0.00;0.00
27.11.2020;6:12:26;3.33;47.57;14.68;752.73;0.00;0.00;0.00
27.11.2020;6:13:26;3.36;48.27;14.67;752.74;0.00;0.00;0.00
27.11.2020;6:14:26;3.33;47.60;14.67;752.75;0.00;0.00;0.00
27.11.2020;6:15:26;3.33;47.20;14.64;752.76;0.00;0.00;0.00
27.11.2020;6:16:26;3.35;47.07;14.61;752.78;0.00;0.00;0.00
27.11.2020;6:17:26;3.33;47.55;14.60;752.79;0.00;0.00;0.00
27.11.2020;6:18:26;3.33;47.98;14.59;752.80;0.00;0.00;0.00
27.11.2020;6:19:26;3.33;47.31;14.59;752.80;0.00;0.00;0.00
27.11.2020;6:20:26;3.33;48.59;14.58;752.80;0.00;0.00;0.00
27.11.2020;6:21:26;3.33;48.38;14.60;752.80;0.00;0.00;0.00
27.11.2020;6:22:26;3.33;48.47;14.60;752.78;0.00;0.00;0.00
27.11.2020;6:23:26;3.33;48.38;14.60;752.77;0.00;0.00;0.00
27.11.2020;6:24:26;3.35;48.02;14.59;752.77;0.00;0.00;0.00
27.11.2020;6:25:26;3.33;48.22;14.58;752.74;0.00;0.00;0.00
27.11.2020;6:26:26;3.33;48.41;14.58;752.74;0.00;0.00;0.00
27.11.2020;6:27:26;3.36;48.25;14.58;752.75;0.00;0.00;0.00
27.11.2020;6:28:26;3.33;47.82;14.58;752.76;0.00;0.00;0.00
27.11.2020;6:29:26;3.33;47.00;14.54;752.78;0.00;0.00;0.00
27.11.2020;6:30:26;3.35;47.02;14.51;752.80;0.00;0.00;0.00
27.11.2020;6:31:26;3.33;48.09;14.51;752.79;0.00;0.00;0.00
27.11.2020;6:32:26;3.33;47.48;14.51;752.78;0.00;0.00;0.00
27.11.2020;6:33:26;3.33;46.24;14.48;752.78;0.00;0.00;0.00
27.11.2020;6:34:26;3.33;45.27;14.43;752.79;0.00;0.00;0.00
27.11.2020;6:35:26;3.33;47.57;14.41;752.80;0.00;0.00;0.00
27.11.2020;6:36:27;3.33;46.00;14.41;752.82;0.00;0.00;0.00
27.11.2020;6:37:27;3.33;46.14;14.38;752.83;0.00;0.00;0.00
27.11.2020;6:38:27;3.35;47.40;14.39;752.85;0.00;0.00;0.00
27.11.2020;6:39:27;3.33;45.69;14.37;752.86;0.00;0.00;0.00
27.11.2020;6:40:27;3.33;45.74;14.32;752.85;0.00;0.00;0.00
27.11.2020;6:41:27;3.36;46.60;14.32;752.85;0.00;0.00;0.00
27.11.2020;6:42:27;3.33;44.30;14.28;752.86;0.00;0.00;0.00
27.11.2020;6:43:27;3.33;44.01;14.22;752.89;0.00;0.00;0.00
27.11.2020;6:44:27;3.35;43.50;14.16;752.93;0.00;0.00;0.00
27.11.2020;6:45:27;3.33;43.96;14.12;752.94;0.00;0.00;0.00
27.11.2020;6:46:27;3.33;43.86;14.10;752.93;0.00;0.00;0.00
27.11.2020;6:47:27;3.33;45.38;14.12;752.90;0.00;0.00;0.00
27.11.2020;6:48:27;3.33;44.26;14.08;752.89;0.00;0.00;0.00
27.11.2020;6:49:27;3.33;46.48;14.08;752.88;0.00;0.00;0.00
27.11.2020;6:50:27;3.33;44.53;14.05;752.90;0.00;0.00;0.00
27.11.2020;6:51:27;3.33;44.19;14.01;752.89;0.00;0.00;0.00
27.11.2020;6:52:27;3.35;45.29;13.99;752.88;0.00;0.00;0.00
27.11.2020;6:53:27;3.33;44.18;13.96;752.88;0.00;0.00;0.00
27.11.2020;6:54:27;3.33;44.62;13.95;752.87;0.00;0.00;0.00
27.11.2020;6:55:27;3.36;44.73;13.93;752.87;0.00;0.00;0.00
27.11.2020;6:56:27;3.33;44.12;13.91;752.87;0.00;0.00;0.00
27.11.2020;6:57:27;3.33;43.76;13.85;752.87;0.00;0.00;0.00
27.11.2020;6:58:27;3.35;43.94;13.83;752.87;0.00;0.00;0.00
27.11.2020;6:59:27;3.33;43.45;13.80;752.87;0.00;0.00;0.00
27.11.2020;7:00:27;3.33;43.45;13.75;752.88;0.00;0.00;0.00
27.11.2020;7:01:27;3.33;43.78;13.74;752.90;0.00;0.00;0.00
27.11.2020;7:02:27;3.33;43.75;13.70;752.89;0.00;0.00;0.00
27.11.2020;7:03:27;3.33;44.04;13.69;752.90;0.00;0.00;0.00
27.11.2020;7:04:27;3.33;43.64;13.65;752.92;0.00;0.00;0.00
27.11.2020;7:05:27;3.33;43.27;13.58;752.94;0.00;0.00;0.00
27.11.2020;7:06:28;3.39;43.66;13.57;752.94;0.00;0.00;0.00
27.11.2020;7:07:28;3.97;43.72;13.54;752.96;0.00;0.00;0.00
27.11.2020;7:08:28;4.17;45.19;13.56;752.99;0.00;0.00;0.00
27.11.2020;7:09:28;4.19;46.26;13.59;752.99;0.00;0.00;0.00
27.11.2020;7:10:28;4.17;45.01;13.59;752.98;0.00;0.00;0.00
27.11.2020;7:11:28;4.29;44.03;13.56;752.97;0.00;0.00;0.00
27.11.2020;7:12:28;5.01;45.11;13.57;752.97;0.00;0.00;0.00
27.11.2020;7:13:28;5.69;44.56;13.55;752.96;0.00;0.00;0.00
27.11.2020;7:14:28;6.00;44.34;13.54;752.94;0.00;0.00;0.00
27.11.2020;7:15:28;6.67;45.32;13.53;752.94;0.00;0.00;0.00
27.11.2020;7:16:28;6.89;45.17;13.53;752.94;0.00;0.00;0.00
27.11.2020;7:17:28;7.61;45.97;13.55;752.96;0.00;0.00;0.00
27.11.2020;7:18:28;8.76;48.02;13.60;752.95;0.00;0.00;0.00
27.11.2020;7:19:28;9.75;46.96;13.65;752.92;0.01;0.00;0.00
27.11.2020;7:20:28;10.01;48.11;13.69;752.90;0.01;0.00;0.00
27.11.2020;7:21:28;10.00;48.28;13.75;752.93;0.01;0.00;0.00
27.11.2020;7:22:28;10.96;47.41;13.80;752.92;0.01;0.00;0.00
27.11.2020;7:23:28;13.57;46.30;13.80;752.91;0.03;0.00;0.00
27.11.2020;7:24:28;14.39;47.33;13.84;752.91;0.04;0.00;0.00
27.11.2020;7:25:28;14.73;47.06;13.86;752.91;0.03;0.00;0.00
27.11.2020;7:26:28;15.85;45.54;13.87;752.91;0.03;0.00;0.00
27.11.2020;7:27:28;15.92;45.87;13.87;752.93;0.03;0.00;0.00
27.11.2020;7:28:28;17.46;45.95;13.89;752.94;0.03;0.00;0.00
27.11.2020;7:29:28;21.49;46.61;13.91;752.92;0.05;0.00;0.00
27.11.2020;7:30:28;25.00;46.05;13.95;752.89;0.07;0.00;0.00
27.11.2020;7:31:28;26.40;46.66;13.98;752.89;0.07;0.00;0.00
27.11.2020;7:32:28;26.33;47.27;14.02;752.89;0.07;0.00;0.00
27.11.2020;7:33:28;27.22;47.74;14.08;752.91;0.07;0.00;0.00
27.11.2020;7:34:28;29.15;46.39;14.11;752.90;0.07;0.00;0.00
27.11.2020;7:35:29;32.01;46.94;14.14;752.91;0.08;0.00;0.00
27.11.2020;7:36:29;32.84;47.39;14.17;752.91;0.08;0.00;0.00
27.11.2020;7:37:29;33.32;47.10;14.20;752.90;0.08;0.00;0.00
27.11.2020;7:38:29;37.75;46.92;14.23;752.89;0.09;0.00;0.00
27.11.2020;7:39:29;39.94;47.69;14.29;752.87;0.11;0.00;0.00
27.11.2020;7:40:29;46.72;47.48;14.33;752.86;0.14;0.00;0.00
27.11.2020;7:41:29;51.42;47.62;14.38;752.87;0.17;0.00;0.00
27.11.2020;7:42:29;53.56;46.87;14.41;752.89;0.18;0.00;0.00
27.11.2020;7:43:29;60.81;47.40;14.44;752.88;0.23;0.00;0.00
27.11.2020;7:44:29;66.26;46.77;14.47;752.89;0.27;0.00;0.00
27.11.2020;7:45:29;68.05;46.85;14.50;752.87;0.29;0.00;0.00
27.11.2020;7:46:29;70.97;46.42;14.51;752.88;0.30;0.00;0.00
27.11.2020;7:47:29;84.62;44.61;14.51;752.88;0.37;0.00;0.00
27.11.2020;7:48:29;88.08;45.15;14.49;752.87;0.37;0.00;0.00
27.11.2020;7:49:29;89.08;45.15;14.50;752.88;0.34;0.00;0.00
27.11.2020;7:50:29;90.06;45.25;14.49;752.89;0.34;0.00;0.00
27.11.2020;7:51:29;93.51;45.62;14.51;752.89;0.35;0.00;0.00
27.11.2020;7:52:29;105.19;46.52;14.55;752.87;0.39;0.00;0.00
27.11.2020;7:53:29;108.74;46.51;14.59;752.85;0.40;0.00;0.00
27.11.2020;7:54:29;112.94;45.52;14.60;752.85;0.41;0.00;0.00
27.11.2020;7:55:29;120.42;45.78;14.62;752.86;0.43;0.01;0.00
27.11.2020;7:56:29;132.25;46.41;14.64;752.86;0.47;0.09;0.04
27.11.2020;7:57:29;143.22;46.40;14.68;752.86;0.51;0.17;0.09
27.11.2020;7:58:29;159.14;45.59;14.69;752.87;0.57;0.27;0.16
27.11.2020;7:59:29;170.22;45.40;14.71;752.88;0.62;0.35;0.22
27.11.2020;8:00:29;178.69;45.06;14.69;752.85;0.65;0.40;0.26
27.11.2020;8:01:29;186.14;46.05;14.72;752.84;0.68;0.46;0.31
27.11.2020;8:02:30;204.11;46.00;14.76;752.86;0.75;0.57;0.43
27.11.2020;8:03:30;225.66;45.79;14.78;752.85;0.84;0.71;0.60
27.11.2020;8:04:30;242.31;46.12;14.81;752.85;0.90;0.82;0.74
27.11.2020;8:05:30;257.16;45.51;14.84;752.85;0.97;0.92;0.89
27.11.2020;8:06:30;275.39;46.09;14.87;752.86;1.04;1.05;1.10
27.11.2020;8:07:30;292.15;45.92;14.91;752.85;1.11;1.17;1.30
27.11.2020;8:08:30;302.05;45.86;14.94;752.86;1.16;1.25;1.45
27.11.2020;8:09:30;309.54;44.93;14.97;752.87;1.21;1.34;1.62
27.11.2020;8:10:30;312.39;45.81;14.97;752.90;1.23;1.37;1.68
27.11.2020;8:11:30;316.47;45.66;15.00;752.88;1.23;1.37;1.69
27.11.2020;8:12:30;324.24;45.45;15.03;752.88;1.26;1.40;1.76
27.11.2020;8:13:30;332.78;45.51;15.05;752.86;1.28;1.44;1.83
27.11.2020;8:14:30;349.58;45.37;15.07;752.86;1.31;1.49;1.96
27.11.2020;8:15:30;367.67;45.36;15.11;752.83;1.38;1.60;2.21
27.11.2020;8:16:30;362.14;44.57;15.12;752.82;1.35;1.58;2.14
27.11.2020;8:17:30;375.58;44.94;15.14;752.85;1.38;1.61;2.23
27.11.2020;8:18:30;382.66;44.78;15.15;752.86;1.44;1.70;2.44
27.11.2020;8:19:30;365.74;45.36;15.17;752.84;1.37;1.59;2.17
27.11.2020;8:20:30;358.07;45.03;15.19;752.83;1.33;1.53;2.03
27.11.2020;8:21:30;357.64;45.35;15.22;752.84;1.31;1.50;1.97
27.11.2020;8:22:30;372.99;45.00;15.24;752.86;1.34;1.55;2.08
27.11.2020;8:23:30;373.35;44.99;15.26;752.85;1.34;1.57;2.11
27.11.2020;8:24:30;391.14;44.81;15.27;752.87;1.41;1.66;2.34
27.11.2020;8:25:30;384.96;45.00;15.29;752.84;1.41;1.67;2.36
27.11.2020;8:26:30;354.19;45.15;15.30;752.84;1.27;1.42;1.79
27.11.2020;8:27:30;344.53;45.26;15.33;752.84;1.18;1.28;1.51
27.11.2020;8:28:31;345.04;44.69;15.34;752.85;1.18;1.28;1.51
27.11.2020;8:29:31;332.40;45.04;15.35;752.83;1.13;1.19;1.34
27.11.2020;8:30:31;329.32;45.14;15.35;752.82;1.10;1.14;1.26
27.11.2020;8:31:31;331.97;45.14;15.36;752.81;1.11;1.17;1.29
27.11.2020;8:32:31;346.64;45.11;15.37;752.80;1.15;1.24;1.43
27.11.2020;8:33:31;363.94;45.03;15.38;752.79;1.22;1.34;1.63
27.11.2020;8:34:31;370.25;44.83;15.40;752.79;1.23;1.38;1.70
27.11.2020;8:35:31;371.40;44.86;15.41;752.81;1.24;1.38;1.71
27.11.2020;8:36:31;361.92;44.81;15.43;752.81;1.21;1.33;1.62
27.11.2020;8:37:31;381.86;44.54;15.44;752.80;1.28;1.45;1.86
27.11.2020;8:38:31;393.67;43.75;15.44;752.82;1.31;1.50;1.96
27.11.2020;8:39:31;375.58;44.50;15.42;752.83;1.25;1.41;1.76
27.11.2020;8:40:31;338.90;43.71;15.42;752.83;1.12;1.17;1.30
27.11.2020;8:41:31;326.82;43.70;15.41;752.83;1.05;1.06;1.12
27.11.2020;8:42:31;330.51;44.25;15.41;752.84;1.06;1.07;1.13
27.11.2020;8:43:31;330.11;44.41;15.41;752.82;1.07;1.09;1.17
27.11.2020;8:44:31;321.55;44.67;15.42;752.81;1.03;1.02;1.05
27.11.2020;8:45:31;335.50;43.79;15.43;752.82;1.06;1.09;1.17
27.11.2020;8:46:31;332.97;43.37;15.40;752.81;1.05;1.07;1.12
27.11.2020;8:47:31;340.82;44.68;15.41;752.81;1.07;1.10;1.18
27.11.2020;8:48:31;356.37;44.88;15.43;752.81;1.13;1.19;1.35
27.11.2020;8:49:31;349.15;44.61;15.44;752.82;1.11;1.17;1.30
27.11.2020;8:50:31;343.58;44.59;15.45;752.82;1.09;1.13;1.23
27.11.2020;8:51:31;325.57;44.61;15.46;752.82;1.02;1.01;1.03
27.11.2020;8:52:31;366.40;43.55;15.45;752.84;1.14;1.20;1.37
27.11.2020;8:53:31;409.38;44.31;15.45;752.83;1.32;1.50;1.97
27.11.2020;8:54:31;377.09;44.60;15.47;752.82;1.23;1.36;1.68
27.11.2020;8:55:32;382.53;44.32;15.48;752.83;1.23;1.36;1.67
27.11.2020;8:56:32;378.01;44.47;15.48;752.84;1.20;1.31;1.57
27.11.2020;8:57:32;349.97;44.37;15.49;752.84;1.10;1.15;1.27
27.11.2020;8:58:32;333.28;44.51;15.49;752.85;1.04;1.03;1.06
27.11.2020;8:59:32;344.06;42.93;15.46;752.86;1.07;1.10;1.18
27.11.2020;9:00:32;400.49;43.78;15.44;752.88;1.25;1.40;1.74
27.11.2020;9:01:32;426.06;44.54;15.46;752.87;1.37;1.59;2.17
27.11.2020;9:02:32;400.68;44.70;15.48;752.87;1.28;1.46;1.87
27.11.2020;9:03:32;392.29;44.71;15.50;752.87;1.24;1.38;1.72
27.11.2020;9:04:32;409.18;44.15;15.51;752.89;1.30;1.47;1.91
27.11.2020;9:05:32;414.47;44.52;15.52;752.90;1.33;1.54;2.05
27.11.2020;9:06:32;374.18;43.59;15.51;752.91;1.19;1.31;1.56
27.11.2020;9:07:32;380.72;43.95;15.50;752.91;1.19;1.29;1.54
27.11.2020;9:08:32;367.03;44.08;15.51;752.91;1.15;1.24;1.42
27.11.2020;9:09:32;345.56;43.91;15.49;752.92;1.06;1.09;1.16
27.11.2020;9:10:32;362.39;44.73;15.50;752.90;1.11;1.16;1.29
27.11.2020;9:11:32;380.15;44.68;15.53;752.89;1.17;1.26;1.47
27.11.2020;9:12:32;417.32;44.66;15.55;752.85;1.28;1.45;1.85
27.11.2020;9:13:32;454.62;44.53;15.57;752.78;1.41;1.67;2.36
27.11.2020;9:14:32;455.89;44.66;15.60;752.75;1.43;1.68;2.40
27.11.2020;9:15:32;428.43;44.57;15.61;752.72;1.34;1.54;2.06
27.11.2020;9:16:32;412.01;44.55;15.62;752.71;1.27;1.43;1.82
27.11.2020;9:17:32;418.63;43.85;15.62;752.69;1.29;1.45;1.87
27.11.2020;9:18:32;444.87;44.29;15.61;752.69;1.37;1.61;2.21
27.11.2020;9:19:32;462.28;44.45;15.63;752.69;1.42;1.69;2.40
27.11.2020;9:20:33;456.74;44.43;15.64;752.71;1.39;1.64;2.29
27.11.2020;9:21:33;432.17;44.25;15.64;752.73;1.29;1.46;1.89
27.11.2020;9:22:33;456.92;43.70;15.63;752.72;1.34;1.54;2.07
27.11.2020;9:23:33;504.03;43.96;15.63;752.69;1.49;1.79;2.66
27.11.2020;9:24:33;537.67;44.26;15.64;752.68;1.60;1.98;3.17
27.11.2020;9:25:33;540.68;44.49;15.66;752.68;1.61;2.00;3.22
27.11.2020;9:26:33;516.87;44.27;15.67;752.69;1.53;1.86;2.84
27.11.2020;9:27:33;514.34;43.87;15.67;752.68;1.51;1.82;2.75
27.11.2020;9:28:33;536.19;44.11;15.67;752.67;1.57;1.93;3.02
27.11.2020;9:29:33;576.93;43.80;15.68;752.66;1.68;2.11;3.55
27.11.2020;9:30:33;605.64;44.25;15.70;752.65;1.76;2.23;3.92
27.11.2020;9:31:33;652.51;44.38;15.73;752.66;1.88;2.35;4.43
27.11.2020;9:32:33;678.12;44.26;15.76;752.65;1.96;2.49;4.87
27.11.2020;9:33:33;669.90;44.29;15.79;752.67;1.94;2.44;4.73
27.11.2020;9:34:33;657.85;44.14;15.81;752.70;1.91;2.38;4.55
27.11.2020;9:35:33;703.47;44.21;15.83;752.71;2.02;2.60;5.25
27.11.2020;9:36:33;764.28;44.16;15.86;752.72;2.18;2.91;6.36
27.11.2020;9:37:33;778.79;44.00;15.89;752.74;2.25;3.02;6.78
27.11.2020;9:38:33;768.07;42.65;15.89;752.76;2.21;2.96;6.54
27.11.2020;9:39:33;800.06;42.20;15.87;752.78;2.29;3.09;7.07
27.11.2020;9:40:33;784.60;42.22;15.86;752.81;2.26;3.04;6.87
27.11.2020;9:41:33;784.72;42.58;15.85;752.83;2.24;3.02;6.79
27.11.2020;9:42:33;828.33;42.90;15.86;752.81;2.34;3.19;7.47
27.11.2020;9:43:33;805.83;42.50;15.89;752.83;2.30;3.11;7.15
27.11.2020;9:44:33;777.66;42.11;15.87;752.85;2.23;2.99;6.66
27.11.2020;9:45:33;785.87;42.79;15.88;752.87;2.26;3.05;6.90
27.11.2020;9:46:34;743.31;42.60;15.88;752.90;2.17;2.89;6.26
27.11.2020;9:47:34;726.44;42.58;15.88;752.90;2.13;2.81;5.99
27.11.2020;9:48:34;711.29;42.52;15.88;752.91;2.08;2.72;5.66
27.11.2020;9:49:34;732.78;42.27;15.86;752.92;2.13;2.82;6.02
27.11.2020;9:50:34;732.82;43.62;15.88;752.92;2.12;2.81;5.97
27.11.2020;9:51:34;769.42;42.70;15.89;752.93;2.20;2.94;6.48
27.11.2020;9:52:34;833.71;43.02;15.91;752.95;2.35;3.20;7.53
27.11.2020;9:53:34;813.94;43.61;15.93;752.94;2.32;3.14;7.28
27.11.2020;9:54:34;846.14;43.54;15.96;752.96;2.38;3.25;7.74
27.11.2020;9:55:34;919.81;43.57;16.00;752.93;2.55;3.53;8.99
27.11.2020;9:56:34;910.52;42.89;16.03;752.92;2.55;3.52;8.97
27.11.2020;9:57:34;937.51;43.30;16.06;752.90;2.58;3.59;9.27
27.11.2020;9:58:34;952.61;42.86;16.09;752.90;2.61;3.63;9.48
27.11.2020;9:59:34;944.70;43.10;16.11;752.91;2.59;3.59;9.32
27.11.2020;10:00:34;914.24;43.26;16.14;752.88;2.53;3.49;8.82
27.11.2020;10:01:34;889.31;43.38;16.17;752.84;2.47;3.41;8.43
27.11.2020;10:02:34;886.07;43.29;16.19;752.82;2.44;3.34;8.17
27.11.2020;10:03:34;910.83;43.35;16.22;752.81;2.50;3.43;8.57
27.11.2020;10:04:34;897.15;43.05;16.24;752.77;2.48;3.40;8.41
27.11.2020;10:05:34;891.53;43.15;16.24;752.78;2.45;3.34;8.18
27.11.2020;10:06:34;910.73;43.21;16.25;752.77;2.48;3.41;8.46
27.11.2020;10:07:34;919.82;43.08;16.27;752.76;2.50;3.43;8.56
27.11.2020;10:08:34;938.71;43.06;16.28;752.74;2.55;3.52;8.99
27.11.2020;10:09:34;934.38;42.61;16.29;752.72;2.54;3.50;8.89
27.11.2020;10:10:34;933.31;42.53;16.29;752.72;2.53;3.50;8.88
27.11.2020;10:11:35;936.99;42.76;16.29;752.71;2.54;3.50;8.87
27.11.2020;10:12:35;936.75;43.08;16.32;752.71;2.54;3.50;8.90
27.11.2020;10:13:35;930.24;43.11;16.34;752.72;2.53;3.49;8.84
27.11.2020;10:14:35;920.13;42.75;16.35;752.76;2.51;3.46;8.69
27.11.2020;10:15:35;938.40;43.06;16.37;752.77;2.55;3.52;8.98
27.11.2020;10:16:35;962.56;43.04;16.38;752.77;2.61;3.62;9.45
27.11.2020;10:17:35;961.88;42.43;16.39;752.77;2.61;3.62;9.44
27.11.2020;10:18:35;952.85;41.94;16.37;752.78;2.58;3.58;9.26
27.11.2020;10:19:35;934.88;42.06;16.35;752.80;2.54;3.50;8.88
27.11.2020;10:20:35;880.26;42.43;16.34;752.79;2.42;3.30;8.00
27.11.2020;10:21:35;835.06;42.52;16.34;752.78;2.31;3.13;7.23
27.11.2020;10:22:35;823.86;42.42;16.33;752.78;2.27;3.07;6.98
27.11.2020;10:23:35;829.46;42.56;16.33;752.79;2.29;3.09;7.08
27.11.2020;10:24:35;838.57;42.30;16.33;752.76;2.31;3.12;7.22
27.11.2020;10:25:35;872.71;41.79;16.32;752.75;2.38;3.26;7.75
27.11.2020;10:26:35;931.16;42.19;16.30;752.73;2.50;3.45;8.63
27.11.2020;10:27:35;957.88;42.60;16.34;752.69;2.57;3.55;9.12
27.11.2020;10:28:35;972.99;42.96;16.36;752.68;2.60;3.61;9.39
27.11.2020;10:29:35;1012.04;42.96;16.39;752.68;2.68;3.73;9.98
27.11.2020;10:30:35;1061.57;42.88;16.43;752.67;2.78;3.89;10.80
27.11.2020;10:31:35;1128.69;42.89;16.46;752.69;2.91;4.11;11.96
27.11.2020;10:32:35;1158.11;42.89;16.50;752.71;2.97;4.21;12.49
27.11.2020;10:33:35;1164.15;41.47;16.52;752.71;2.98;4.23;12.60
27.11.2020;10:34:35;1159.65;42.48;16.52;752.71;2.97;4.20;12.46
27.11.2020;10:35:35;1181.13;42.63;16.57;752.69;3.00;4.27;12.81
27.11.2020;10:36:36;1195.21;42.04;16.59;752.69;3.02;4.29;12.97
27.11.2020;10:37:36;1206.81;42.45;16.63;752.69;3.04;4.33;13.16
27.11.2020;10:38:36;1207.95;42.18;16.66;752.68;3.05;4.34;13.21
27.11.2020;10:39:36;1216.32;42.03;16.69;752.66;3.05;4.35;13.30
27.11.2020;10:40:36;1215.59;41.80;16.70;752.64;3.04;4.33;13.18
27.11.2020;10:41:36;1229.82;42.20;16.73;752.63;3.06;4.37;13.39
27.11.2020;10:42:36;1246.76;42.12;16.76;752.60;3.09;4.41;13.62
27.11.2020;10:43:36;1252.99;42.25;16.79;752.59;3.10;4.44;13.74
27.11.2020;10:44:36;1276.11;42.23;16.82;752.57;3.13;4.51;14.11
27.11.2020;10:45:36;1298.32;41.57;16.84;752.55;3.16;4.54;14.32
27.11.2020;10:46:36;1310.82;41.53;16.86;752.55;3.18;4.58;14.53
27.11.2020;10:47:36;1314.43;41.68;16.88;752.58;3.19;4.59;14.63
27.11.2020;10:48:36;1337.03;41.55;16.89;752.59;3.22;4.64;14.91
27.11.2020;10:49:36;1365.21;41.83;16.92;752.60;3.27;4.71;15.42
27.11.2020;10:50:36;1352.16;40.87;16.94;752.60;3.25;4.70;15.30
27.11.2020;10:51:36;1413.86;41.70;16.97;752.59;3.34;4.84;16.14
27.11.2020;10:52:36;1443.88;41.51;17.01;752.56;3.40;4.94;16.76
27.11.2020;10:53:36;1469.81;41.53;17.04;752.56;3.41;4.95;16.91
27.11.2020;10:54:36;1578.81;41.48;17.08;752.56;3.54;5.18;18.35
27.11.2020;10:55:36;1641.84;41.19;17.13;752.56;3.62;5.32;19.27
27.11.2020;10:56:36;1701.90;41.38;17.18;752.55;3.69;5.41;19.96
27.11.2020;10:57:36;1687.57;41.34;17.23;752.54;3.68;5.41;19.93
27.11.2020;10:58:37;1610.13;41.22;17.28;752.51;3.59;5.26;18.91
27.11.2020;10:59:37;1579.85;40.60;17.30;752.50;3.55;5.19;18.42
27.11.2020;11:00:37;1586.23;40.90;17.32;752.50;3.57;5.22;18.61
27.11.2020;11:01:37;1676.07;40.86;17.34;752.48;3.67;5.39;19.79
27.11.2020;11:02:37;1646.09;40.85;17.38;752.48;3.66;5.36;19.59
27.11.2020;11:03:37;1594.13;40.98;17.41;752.48;3.57;5.22;18.65
27.11.2020;11:04:37;1558.08;40.90;17.44;752.47;3.51;5.13;18.03
27.11.2020;11:05:37;1529.38;40.63;17.45;752.47;3.45;5.02;17.29
27.11.2020;11:06:37;1619.26;40.77;17.46;752.47;3.58;5.25;18.79
27.11.2020;11:07:37;1573.05;40.50;17.47;752.45;3.53;5.16;18.20
27.11.2020;11:08:37;1572.67;40.62;17.48;752.42;3.51;5.13;18.02
27.11.2020;11:09:37;1526.69;40.14;17.48;752.43;3.43;5.00;17.16
27.11.2020;11:10:37;1678.33;40.39;17.49;752.42;3.63;5.32;19.29
27.11.2020;11:11:37;1839.46;40.27;17.53;752.42;3.83;5.66;21.66
27.11.2020;11:12:37;1835.23;40.44;17.56;752.42;3.84;5.67;21.80
27.11.2020;11:13:37;1704.90;40.51;17.61;752.41;3.70;5.44;20.09
27.11.2020;11:14:37;1733.01;40.49;17.64;752.40;3.70;5.44;20.12
27.11.2020;11:15:37;1683.07;40.40;17.67;752.38;3.70;5.44;20.15
27.11.2020;11:16:37;1493.86;40.08;17.66;752.38;3.49;5.10;17.80
27.11.2020;11:17:37;1446.92;39.98;17.62;752.39;3.38;4.91;16.58
27.11.2020;11:18:37;1533.32;40.37;17.60;752.39;3.47;5.06;17.54
27.11.2020;11:19:37;1515.24;40.51;17.63;752.40;3.49;5.09;17.74
27.11.2020;11:20:37;1431.99;40.31;17.65;752.39;3.39;4.92;16.69
27.11.2020;11:21:38;1476.08;40.16;17.64;752.39;3.41;4.97;16.95
27.11.2020;11:22:38;1589.31;40.49;17.65;752.38;3.55;5.19;18.44
27.11.2020;11:23:38;1570.76;40.49;17.69;752.37;3.56;5.21;18.54
27.11.2020;11:24:38;1487.13;40.35;17.71;752.36;3.48;5.07;17.62
27.11.2020;11:25:38;1471.49;40.42;17.71;752.35;3.43;5.00;17.16
27.11.2020;11:26:38;1502.78;40.46;17.71;752.36;3.44;5.02;17.28
27.11.2020;11:27:38;1596.84;40.39;17.73;752.36;3.57;5.23;18.65
27.11.2020;11:28:38;1504.18;40.37;17.73;752.39;3.46;5.04;17.44
27.11.2020;11:29:38;1593.52;40.29;17.74;752.40;3.53;5.16;18.25
27.11.2020;11:30:38;1770.14;40.31;17.77;752.38;3.73;5.49;20.49
27.11.2020;11:31:38;1804.39;40.04;17.81;752.35;3.79;5.59;21.17
27.11.2020;11:32:38;1728.36;40.23;17.84;752.32;3.71;5.45;20.23
27.11.2020;11:33:38;1739.65;40.22;17.87;752.28;3.70;5.44;20.13
27.11.2020;11:34:38;1873.40;40.14;17.91;752.24;3.81;5.63;21.45
27.11.2020;11:35:38;1888.08;40.09;17.97;752.23;3.84;5.67;21.76
27.11.2020;11:36:38;1812.36;40.00;17.99;752.24;3.77;5.55;20.90
27.11.2020;11:37:38;1841.24;39.94;18.00;752.25;3.80;5.60;21.25
27.11.2020;11:38:38;1820.79;39.96;18.03;752.25;3.80;5.60;21.25
27.11.2020;11:39:38;1592.51;39.90;18.05;752.25;3.58;5.24;18.74
27.11.2020;11:40:38;1239.57;39.72;18.01;752.28;3.09;4.43;13.70
27.11.2020;11:41:38;985.96;39.86;17.90;752.32;2.62;3.63;9.51
27.11.2020;11:42:38;911.53;39.76;17.80;752.34;2.46;3.38;8.31
27.11.2020;11:43:38;816.18;40.21;17.71;752.33;2.24;3.01;6.76
27.11.2020;11:44:39;782.99;40.39;17.64;752.33;2.14;2.84;6.09
27.11.2020;11:45:39;784.57;40.52;17.58;752.33;2.14;2.85;6.09
27.11.2020;11:46:39;732.25;40.80;17.53;752.34;2.04;2.63;5.37
27.11.2020;11:47:39;745.87;40.96;17.49;752.35;2.04;2.65;5.40
27.11.2020;11:48:39;823.38;41.09;17.46;752.34;2.24;3.01;6.74
27.11.2020;11:49:39;916.84;41.02;17.44;752.34;2.47;3.38;8.34
27.11.2020;11:50:39;861.22;41.21;17.42;752.33;2.38;3.25;7.72
27.11.2020;11:51:39;895.93;41.31;17.39;752.32;2.42;3.31;8.02
27.11.2020;11:52:39;951.85;41.30;17.39;752.31;2.56;3.54;9.05
27.11.2020;11:53:39;936.13;41.28;17.38;752.32;2.54;3.51;8.90
27.11.2020;11:54:39;908.29;41.37;17.36;752.33;2.48;3.42;8.47
27.11.2020;11:55:39;925.50;41.41;17.34;752.32;2.51;3.46;8.69
27.11.2020;11:56:39;949.90;41.37;17.34;752.30;2.56;3.54;9.06
27.11.2020;11:57:39;922.74;41.54;17.33;752.29;2.51;3.45;8.66
27.11.2020;11:58:39;918.87;41.58;17.32;752.30;2.49;3.42;8.52
27.11.2020;11:59:39;940.10;41.54;17.32;752.28;2.52;3.48;8.77
27.11.2020;12:00:39;976.03;41.59;17.31;752.26;2.58;3.56;9.19
27.11.2020;12:01:39;1070.03;41.56;17.32;752.22;2.77;3.87;10.73
27.11.2020;12:02:39;1120.50;41.51;17.35;752.20;2.87;4.06;11.65
27.11.2020;12:03:39;1104.38;41.50;17.36;752.16;2.84;4.02;11.42
27.11.2020;12:04:39;1050.49;41.55;17.36;752.16;2.74;3.84;10.52
27.11.2020;12:05:39;952.60;41.58;17.37;752.15;2.57;3.55;9.13
27.11.2020;12:06:39;955.34;41.57;17.36;752.15;2.56;3.53;9.04
27.11.2020;12:07:39;980.92;41.59;17.36;752.12;2.62;3.66;9.61
27.11.2020;12:08:40;907.81;41.61;17.37;752.10;2.50;3.44;8.60
27.11.2020;12:09:40;771.25;41.65;17.35;752.09;2.18;2.91;6.33
27.11.2020;12:10:40;803.25;41.70;17.32;752.09;2.22;2.96;6.56
27.11.2020;12:11:40;775.71;41.69;17.31;752.08;2.17;2.89;6.29
27.11.2020;12:12:40;737.92;41.76;17.27;752.06;2.07;2.71;5.62
27.11.2020;12:13:40;740.38;41.87;17.25;752.05;2.07;2.70;5.58
27.11.2020;12:14:40;741.17;41.94;17.23;752.02;2.07;2.71;5.63
27.11.2020;12:15:40;754.51;41.98;17.22;751.99;2.10;2.78;5.86
27.11.2020;12:16:40;822.65;42.01;17.21;751.98;2.25;3.04;6.85
27.11.2020;12:17:40;775.44;42.04;17.21;751.99;2.16;2.89;6.24
27.11.2020;12:18:40;716.81;42.08;17.19;751.99;2.03;2.63;5.33
27.11.2020;12:19:40;668.03;42.10;17.17;751.98;1.89;2.39;4.51
27.11.2020;12:20:40;616.34;42.14;17.14;751.96;1.74;2.19;3.81
27.11.2020;12:21:40;638.43;42.11;17.12;751.95;1.79;2.26;4.05
27.11.2020;12:22:40;647.29;42.18;17.10;751.95;1.81;2.28;4.13
27.11.2020;12:23:40;664.41;42.05;17.08;751.95;1.86;2.31;4.29
27.11.2020;12:24:40;693.46;42.22;17.06;751.95;1.94;2.45;4.75
27.11.2020;12:25:40;776.03;42.23;17.06;751.94;2.11;2.77;5.85
27.11.2020;12:26:40;890.71;42.36;17.08;751.91;2.39;3.25;7.77
27.11.2020;12:27:40;895.88;42.13;17.10;751.90;2.42;3.31;8.02
27.11.2020;12:28:40;810.49;42.21;17.12;751.91;2.23;2.99;6.67
27.11.2020;12:29:40;776.87;41.83;17.11;751.92;2.13;2.83;6.04
27.11.2020;12:30:40;750.28;42.01;17.09;751.94;2.08;2.73;5.69
27.11.2020;12:31:40;779.46;42.15;17.08;751.93;2.16;2.88;6.22
27.11.2020;12:32:40;814.07;42.28;17.09;751.93;2.25;3.04;6.86
27.11.2020;12:33:41;777.69;41.93;17.10;751.93;2.18;2.90;6.32
27.11.2020;12:34:41;723.54;42.29;17.09;751.95;2.05;2.66;5.44
27.11.2020;12:35:41;651.44;42.26;17.09;751.96;1.86;2.34;4.34
27.11.2020;12:36:41;701.49;42.02;17.07;751.97;1.99;2.55;5.07
27.11.2020;12:37:41;764.60;42.00;17.07;751.96;2.16;2.87;6.19
27.11.2020;12:38:41;782.07;42.35;17.08;751.92;2.19;2.93;6.41
27.11.2020;12:39:41;799.04;42.41;17.09;751.88;2.23;2.99;6.68
27.11.2020;12:40:41;790.41;42.43;17.11;751.89;2.20;2.96;6.52
27.11.2020;12:41:41;838.00;42.42;17.13;751.87;2.31;3.13;7.23
27.11.2020;12:42:41;918.36;42.39;17.15;751.86;2.50;3.44;8.60
27.11.2020;12:43:41;902.38;42.15;17.17;751.87;2.48;3.40;8.43
27.11.2020;12:44:41;822.27;42.25;17.16;751.87;2.29;3.10;7.10
27.11.2020;12:45:41;748.51;42.07;17.15;751.87;2.09;2.75;5.76
27.11.2020;12:46:41;656.60;42.28;17.14;751.86;1.87;2.37;4.42
27.11.2020;12:47:41;589.11;42.32;17.12;751.85;1.68;2.11;3.54
27.11.2020;12:48:41;641.44;42.40;17.11;751.83;1.81;2.28;4.14
27.11.2020;12:49:41;734.80;42.40;17.11;751.82;2.05;2.67;5.47
27.11.2020;12:50:41;759.17;42.31;17.12;751.81;2.15;2.86;6.13
27.11.2020;12:51:41;700.04;42.35;17.11;751.82;2.02;2.61;5.28
27.11.2020;12:52:41;631.74;42.34;17.10;751.85;1.84;2.29;4.22
27.11.2020;12:53:41;644.44;42.36;17.09;751.84;1.87;2.32;4.33
27.11.2020;12:54:41;716.75;42.35;17.09;751.84;2.04;2.64;5.38
27.11.2020;12:55:41;834.93;42.40;17.11;751.82;2.33;3.16;7.36
27.11.2020;12:56:41;953.32;42.44;17.14;751.81;2.59;3.59;9.31
27.11.2020;12:57:41;1010.48;42.30;17.17;751.82;2.72;3.79;10.31
27.11.2020;12:58:42;936.53;42.30;17.20;751.80;2.58;3.57;9.24
27.11.2020;12:59:42;755.14;41.74;17.20;751.77;2.15;2.84;6.10
27.11.2020;13:00:42;710.78;42.24;17.20;751.79;2.02;2.60;5.25
27.11.2020;13:01:42;692.26;42.28;17.20;751.82;1.98;2.54;5.04
27.11.2020;13:02:42;738.51;42.31;17.20;751.80;2.10;2.76;5.78
27.11.2020;13:03:42;740.99;42.27;17.20;751.78;2.09;2.76;5.78
27.11.2020;13:04:42;723.21;42.16;17.19;751.80;2.03;2.63;5.33
27.11.2020;13:05:42;821.99;42.19;17.19;751.81;2.26;3.03;6.84
27.11.2020;13:06:42;877.97;42.05;17.20;751.81;2.41;3.29;7.92
27.11.2020;13:07:42;863.75;42.12;17.22;751.80;2.39;3.26;7.79
27.11.2020;13:08:42;1024.86;42.20;17.25;751.78;2.70;3.78;10.20
27.11.2020;13:09:42;1069.75;42.08;17.29;751.78;2.83;3.99;11.30
27.11.2020;13:10:42;1042.11;42.06;17.32;751.82;2.76;3.86;10.64
27.11.2020;13:11:42;1046.06;41.94;17.35;751.81;2.77;3.89;10.78
27.11.2020;13:12:42;939.78;41.90;17.36;751.81;2.57;3.56;9.16
27.11.2020;13:13:42;935.21;41.75;17.37;751.81;2.57;3.55;9.12
27.11.2020;13:14:42;876.27;41.90;17.37;751.83;2.44;3.35;8.19
27.11.2020;13:15:42;738.78;41.90;17.37;751.86;2.12;2.80;5.94
27.11.2020;13:16:42;595.89;41.95;17.34;751.92;1.74;2.18;3.79
27.11.2020;13:17:42;492.60;41.96;17.31;751.91;1.43;1.71;2.45
27.11.2020;13:18:42;455.27;42.10;17.27;751.89;1.31;1.51;1.98
27.11.2020;13:19:42;429.97;42.17;17.25;751.92;1.24;1.40;1.74
27.11.2020;13:20:42;431.00;42.22;17.22;751.91;1.25;1.41;1.76
27.11.2020;13:21:42;478.14;42.17;17.20;751.90;1.39;1.63;2.27
27.11.2020;13:22:43;500.90;42.28;17.19;751.89;1.46;1.73;2.52
27.11.2020;13:23:43;485.86;42.29;17.18;751.91;1.41;1.67;2.37
27.11.2020;13:24:43;470.36;42.34;17.17;751.92;1.38;1.61;2.22
27.11.2020;13:25:43;429.56;42.03;17.15;751.94;1.27;1.43;1.81
27.11.2020;13:26:43;389.60;41.73;17.09;751.97;1.15;1.22;1.40
27.11.2020;13:27:43;414.57;41.54;17.05;752.00;1.22;1.35;1.64
27.11.2020;13:28:43;436.78;41.65;17.02;752.00;1.28;1.45;1.86
27.11.2020;13:29:43;412.79;41.84;16.98;752.00;1.23;1.37;1.68
27.11.2020;13:30:43;376.48;42.09;16.95;752.00;1.12;1.19;1.34
27.11.2020;13:31:43;390.92;42.61;16.93;751.99;1.16;1.25;1.45
27.11.2020;13:32:43;425.17;42.64;16.93;751.99;1.26;1.42;1.78
27.11.2020;13:33:43;442.10;42.69;16.93;751.99;1.31;1.51;1.98
27.11.2020;13:34:43;441.74;42.16;16.92;751.97;1.32;1.51;1.98
27.11.2020;13:35:43;428.71;42.72;16.91;751.96;1.28;1.45;1.86
27.11.2020;13:36:43;441.47;42.92;16.91;751.94;1.31;1.50;1.97
27.11.2020;13:37:43;453.22;42.80;16.92;751.91;1.33;1.53;2.03
27.11.2020;13:38:43;481.02;42.83;16.92;751.92;1.40;1.64;2.30
27.11.2020;13:39:43;506.35;42.85;16.92;751.93;1.47;1.77;2.59
27.11.2020;13:40:43;541.48;43.03;16.93;751.92;1.58;1.94;3.06
27.11.2020;13:41:43;519.15;42.92;16.95;751.91;1.54;1.88;2.88
27.11.2020;13:42:43;535.88;42.92;16.95;751.89;1.56;1.92;3.00
27.11.2020;13:43:43;643.32;42.95;16.98;751.86;1.83;2.31;4.24
27.11.2020;13:44:43;691.15;42.93;17.02;751.86;1.97;2.49;4.90
27.11.2020;13:45:43;634.01;42.69;17.04;751.90;1.84;2.29;4.21
27.11.2020;13:46:43;619.18;42.62;17.05;751.91;1.81;2.28;4.13
27.11.2020;13:47:43;616.21;42.72;17.04;751.89;1.79;2.26;4.04
27.11.2020;13:48:44;595.85;42.53;17.04;751.90;1.72;2.18;3.76
27.11.2020;13:49:44;594.99;42.06;17.03;751.92;1.73;2.19;3.79
27.11.2020;13:50:44;599.79;41.91;17.00;751.90;1.75;2.21;3.86
27.11.2020;13:51:44;584.82;42.47;17.00;751.90;1.71;2.16;3.69
27.11.2020;13:52:44;571.34;42.72;17.00;751.91;1.67;2.09;3.50
27.11.2020;13:53:44;546.18;42.66;17.00;751.93;1.60;1.99;3.18
27.11.2020;13:54:44;621.32;42.37;17.00;751.94;1.79;2.24;3.99
27.11.2020;13:55:44;661.99;42.43;17.00;751.94;1.91;2.38;4.55
27.11.2020;13:56:44;621.17;42.43;17.01;751.94;1.81;2.29;4.14
27.11.2020;13:57:44;634.42;41.52;16.99;751.96;1.85;2.31;4.27
27.11.2020;13:58:44;640.31;42.29;16.98;752.00;1.89;2.36;4.48
27.11.2020;13:59:44;626.51;42.33;16.98;751.99;1.88;2.32;4.36
27.11.2020;14:00:44;601.47;41.84;16.97;752.00;1.82;2.28;4.14
27.11.2020;14:01:44;558.01;42.49;16.96;751.99;1.69;2.13;3.61
27.11.2020;14:02:44;562.85;42.07;16.94;751.99;1.70;2.14;3.62
27.11.2020;14:03:44;536.65;41.75;16.91;752.01;1.63;2.03;3.30
27.11.2020;14:04:44;508.98;42.26;16.90;752.04;1.54;1.89;2.92
27.11.2020;14:05:44;510.46;42.59;16.90;752.04;1.53;1.86;2.85
27.11.2020;14:06:44;516.42;42.98;16.91;752.03;1.54;1.89;2.91
27.11.2020;14:07:44;486.50;42.88;16.92;752.00;1.48;1.77;2.61
27.11.2020;14:08:44;462.81;41.82;16.89;752.02;1.41;1.68;2.37
27.11.2020;14:09:44;447.26;41.79;16.87;752.03;1.38;1.62;2.23
27.11.2020;14:10:44;423.71;41.78;16.84;752.03;1.30;1.50;1.94
27.11.2020;14:11:44;414.92;42.67;16.81;752.04;1.28;1.43;1.83
27.11.2020;14:12:44;416.16;42.39;16.80;752.05;1.28;1.45;1.85
27.11.2020;14:13:45;422.89;42.75;16.81;752.05;1.30;1.50;1.96
27.11.2020;14:14:45;442.20;41.99;16.79;752.06;1.37;1.59;2.18
27.11.2020;14:15:45;418.57;41.70;16.76;752.04;1.30;1.49;1.93
27.11.2020;14:16:45;411.17;41.91;16.72;752.02;1.27;1.43;1.82
27.11.2020;14:17:45;369.65;42.45;16.69;752.00;1.14;1.21;1.38
27.11.2020;14:18:45;346.24;43.25;16.70;752.01;1.06;1.07;1.14
27.11.2020;14:19:45;328.12;42.78;16.69;752.02;0.99;0.97;0.97
27.11.2020;14:20:45;324.22;42.91;16.68;752.03;0.99;0.95;0.94
27.11.2020;14:21:45;290.55;43.38;16.68;752.04;0.89;0.80;0.71
27.11.2020;14:22:45;275.31;42.95;16.67;752.07;0.84;0.70;0.59
27.11.2020;14:23:45;268.83;42.74;16.64;752.06;0.82;0.68;0.56
27.11.2020;14:24:45;272.36;43.38;16.63;752.04;0.84;0.72;0.60
27.11.2020;14:25:45;262.63;42.40;16.61;752.04;0.82;0.67;0.55
27.11.2020;14:26:45;252.05;43.17;16.59;752.04;0.78;0.61;0.47
27.11.2020;14:27:45;264.00;42.49;16.58;752.03;0.82;0.68;0.56
27.11.2020;14:28:45;260.62;42.70;16.56;752.02;0.81;0.67;0.55
27.11.2020;14:29:45;251.68;42.55;16.56;752.02;0.79;0.62;0.48
27.11.2020;14:30:45;241.92;43.18;16.55;752.02;0.75;0.57;0.43
27.11.2020;14:31:45;245.97;43.06;16.55;752.02;0.78;0.60;0.47
27.11.2020;14:32:45;242.69;43.00;16.54;752.04;0.76;0.59;0.45
27.11.2020;14:33:45;256.09;42.37;16.53;752.03;0.81;0.66;0.53
27.11.2020;14:34:45;246.24;42.90;16.50;752.04;0.77;0.61;0.47
27.11.2020;14:35:45;236.93;43.13;16.51;752.02;0.74;0.54;0.40
27.11.2020;14:36:45;219.01;43.16;16.50;751.99;0.67;0.42;0.28
27.11.2020;14:37:45;216.88;43.38;16.49;752.00;0.66;0.41;0.27
27.11.2020;14:38:45;218.33;43.89;16.51;752.00;0.67;0.43;0.28
27.11.2020;14:39:46;225.40;43.85;16.54;752.03;0.70;0.49;0.35
27.11.2020;14:40:46;223.36;43.31;16.54;752.02;0.71;0.50;0.35
27.11.2020;14:41:46;232.85;43.64;16.52;752.02;0.74;0.54;0.40
27.11.2020;14:42:46;236.86;43.55;16.53;752.01;0.75;0.57;0.43
27.11.2020;14:43:46;230.01;43.90;16.54;752.01;0.73;0.53;0.39
27.11.2020;14:44:46;211.37;43.91;16.56;752.02;0.67;0.43;0.29
27.11.2020;14:45:46;207.90;43.48;16.56;752.02;0.66;0.41;0.27
27.11.2020;14:46:46;216.31;43.34;16.55;752.02;0.69;0.45;0.31
27.11.2020;14:47:46;237.00;43.09;16.54;752.01;0.75;0.55;0.41
27.11.2020;14:48:46;235.04;43.59;16.54;751.99;0.75;0.56;0.43
27.11.2020;14:49:46;226.68;43.87;16.55;751.99;0.72;0.51;0.36
27.11.2020;14:50:46;230.61;43.94;16.57;751.98;0.73;0.52;0.38
27.11.2020;14:51:46;222.43;43.88;16.59;751.97;0.70;0.49;0.35
27.11.2020;14:52:46;209.29;43.76;16.59;751.98;0.65;0.41;0.27
27.11.2020;14:53:46;213.57;43.46;16.59;752.00;0.68;0.44;0.30
27.11.2020;14:54:46;193.90;43.59;16.59;752.02;0.62;0.35;0.21
27.11.2020;14:55:46;176.95;43.75;16.59;752.03;0.55;0.25;0.14
27.11.2020;14:56:46;174.06;42.90;16.59;752.04;0.54;0.21;0.12
27.11.2020;14:57:46;170.06;43.19;16.56;752.03;0.52;0.21;0.11
27.11.2020;14:58:46;167.58;43.15;16.56;752.05;0.50;0.15;0.08
27.11.2020;14:59:46;156.54;43.36;16.56;752.05;0.47;0.09;0.04
27.11.2020;15:00:46;163.02;43.38;16.56;752.04;0.49;0.14;0.07
27.11.2020;15:01:46;166.03;43.70;16.57;752.03;0.50;0.16;0.08
27.11.2020;15:02:46;166.23;43.75;16.59;752.03;0.50;0.16;0.08
27.11.2020;15:03:46;160.07;43.46;16.59;752.03;0.48;0.10;0.05
27.11.2020;15:04:46;169.89;43.71;16.60;752.03;0.51;0.18;0.09
27.11.2020;15:05:47;177.42;42.66;16.59;752.01;0.53;0.21;0.11
27.11.2020;15:06:47;170.82;43.59;16.58;752.00;0.52;0.19;0.10
27.11.2020;15:07:47;170.44;43.62;16.59;752.01;0.52;0.19;0.10
27.11.2020;15:08:47;182.08;43.65;16.59;752.01;0.56;0.26;0.15
27.11.2020;15:09:47;185.56;43.04;16.58;752.02;0.58;0.29;0.17
27.11.2020;15:10:47;184.97;42.63;16.56;752.02;0.58;0.30;0.17
27.11.2020;15:11:47;185.04;43.26;16.56;752.02;0.58;0.29;0.17
27.11.2020;15:12:47;185.32;43.72;16.56;751.98;0.58;0.29;0.17
27.11.2020;15:13:47;170.81;42.90;16.57;751.96;0.53;0.22;0.11
27.11.2020;15:14:47;159.68;43.44;16.54;751.96;0.49;0.14;0.07
27.11.2020;15:15:47;151.96;43.85;16.56;751.97;0.46;0.09;0.04
27.11.2020;15:16:47;145.36;43.93;16.58;751.97;0.44;0.04;0.02
27.11.2020;15:17:47;144.17;43.90;16.59;751.98;0.44;0.04;0.02
27.11.2020;15:18:47;143.89;43.91;16.60;751.96;0.44;0.05;0.02
27.11.2020;15:19:47;152.09;43.10;16.60;751.96;0.48;0.12;0.06
27.11.2020;15:20:47;154.81;43.56;16.59;751.95;0.50;0.16;0.08
27.11.2020;15:21:47;140.76;43.49;16.59;751.93;0.46;0.08;0.04
27.11.2020;15:22:47;128.14;43.18;16.58;751.93;0.41;0.00;0.00
27.11.2020;15:23:47;132.85;43.78;16.57;751.96;0.42;0.01;0.00
27.11.2020;15:24:47;129.93;43.52;16.58;751.97;0.41;0.01;0.00
27.11.2020;15:25:47;108.60;43.89;16.57;751.98;0.33;0.00;0.00
27.11.2020;15:26:47;101.14;43.84;16.58;751.97;0.30;0.00;0.00
27.11.2020;15:27:47;98.57;43.94;16.59;751.97;0.29;0.00;0.00
27.11.2020;15:28:47;94.31;43.89;16.59;751.99;0.28;0.00;0.00
27.11.2020;15:29:47;87.44;43.48;16.59;752.00;0.26;0.00;0.00
27.11.2020;15:30:48;84.65;43.39;16.58;752.00;0.25;0.00;0.00
27.11.2020;15:31:48;92.99;43.08;16.56;752.00;0.28;0.00;0.00
27.11.2020;15:32:48;91.42;43.79;16.57;751.98;0.28;0.00;0.00
27.11.2020;15:33:48;89.32;43.82;16.57;751.96;0.27;0.00;0.00
27.11.2020;15:34:48;92.26;43.70;16.58;751.95;0.29;0.00;0.00
27.11.2020;15:35:48;86.53;43.55;16.57;751.92;0.26;0.00;0.00
27.11.2020;15:36:48;89.92;43.92;16.57;751.92;0.27;0.00;0.00
27.11.2020;15:37:48;80.99;43.43;16.57;751.92;0.23;0.00;0.00
27.11.2020;15:38:48;73.21;43.76;16.57;751.93;0.20;0.00;0.00
27.11.2020;15:39:48;71.02;43.81;16.57;751.93;0.18;0.00;0.00
27.11.2020;15:40:48;72.36;43.51;16.57;751.92;0.18;0.00;0.00
27.11.2020;15:41:48;65.31;43.32;16.56;751.93;0.15;0.00;0.00
27.11.2020;15:42:48;55.61;43.73;16.56;751.92;0.12;0.00;0.00
27.11.2020;15:43:48;52.46;43.94;16.57;751.91;0.10;0.00;0.00
27.11.2020;15:44:48;48.79;43.88;16.58;751.91;0.09;0.00;0.00
27.11.2020;15:45:48;50.26;43.79;16.58;751.91;0.10;0.00;0.00
27.11.2020;15:46:48;48.06;42.67;16.56;751.91;0.09;0.00;0.00
27.11.2020;15:47:48;44.22;43.19;16.53;751.93;0.07;0.00;0.00
27.11.2020;15:48:48;43.58;43.86;16.53;751.93;0.07;0.00;0.00
27.11.2020;15:49:48;40.97;43.85;16.56;751.95;0.06;0.00;0.00
27.11.2020;15:50:48;34.94;43.48;16.55;751.93;0.05;0.00;0.00
27.11.2020;15:51:48;34.88;43.32;16.54;751.95;0.04;0.00;0.00
27.11.2020;15:52:48;36.28;42.49;16.49;751.96;0.05;0.00;0.00
27.11.2020;15:53:48;32.39;43.95;16.50;751.98;0.04;0.00;0.00
27.11.2020;15:54:48;29.21;43.58;16.50;752.00;0.03;0.00;0.00
27.11.2020;15:55:48;25.31;43.91;16.50;752.00;0.02;0.00;0.00
27.11.2020;15:56:48;23.03;43.22;16.48;752.01;0.01;0.00;0.00
27.11.2020;15:57:48;23.21;43.35;16.47;752.01;0.01;0.00;0.00
27.11.2020;15:58:49;23.04;43.09;16.45;752.02;0.01;0.00;0.00
27.11.2020;15:59:49;21.11;44.05;16.45;752.01;0.00;0.00;0.00
27.11.2020;16:00:49;20.49;43.40;16.44;752.01;0.00;0.00;0.00
27.11.2020;16:01:49;19.58;44.21;16.46;752.00;0.00;0.00;0.00
27.11.2020;16:02:49;18.67;43.87;16.46;751.98;0.00;0.00;0.00
27.11.2020;16:03:49;17.50;43.81;16.46;751.98;0.00;0.00;0.00
27.11.2020;16:04:49;16.14;43.41;16.45;751.99;0.00;0.00;0.00
27.11.2020;16:05:49;14.19;43.97;16.45;752.00;0.00;0.00;0.00
27.11.2020;16:06:49;12.68;44.12;16.46;752.00;0.00;0.00;0.00
27.11.2020;16:07:49;11.67;43.84;16.46;752.01;0.00;0.00;0.00
27.11.2020;16:08:49;11.14;44.19;16.47;752.01;0.00;0.00;0.00
27.11.2020;16:09:49;10.08;43.28;16.48;752.03;0.00;0.00;0.00
27.11.2020;16:10:49;8.97;43.71;16.46;752.04;0.00;0.00;0.00
27.11.2020;16:11:49;8.32;43.15;16.43;752.03;0.00;0.00;0.00
27.11.2020;16:12:49;7.53;44.09;16.44;752.02;0.00;0.00;0.00
27.11.2020;16:13:49;7.51;43.98;16.45;752.01;0.00;0.00;0.00
27.11.2020;16:14:49;7.50;43.90;16.46;752.02;0.00;0.00;0.00
27.11.2020;16:15:49;7.36;43.40;16.46;752.03;0.00;0.00;0.00
27.11.2020;16:16:49;6.57;44.03;16.46;752.04;0.00;0.00;0.00
27.11.2020;16:17:49;5.83;43.35;16.47;752.06;0.00;0.00;0.00
27.11.2020;16:18:49;5.49;43.67;16.45;752.06;0.00;0.00;0.00
27.11.2020;16:19:49;5.01;43.12;16.44;752.06;0.00;0.00;0.00
27.11.2020;16:20:49;5.00;43.56;16.43;752.07;0.00;0.00;0.00
27.11.2020;16:21:49;4.32;43.51;16.42;752.10;0.00;0.00;0.00
27.11.2020;16:22:49;4.17;43.40;16.42;752.10;0.00;0.00;0.00
27.11.2020;16:23:49;4.17;43.37;16.41;752.09;0.00;0.00;0.00
27.11.2020;16:24:49;4.14;43.24;16.40;752.10;0.00;0.00;0.00
27.11.2020;16:25:49;3.39;43.01;16.37;752.10;0.00;0.00;0.00
27.11.2020;16:26:50;3.33;44.16;16.39;752.12;0.00;0.00;0.00
27.11.2020;16:27:50;3.35;43.83;16.40;752.10;0.00;0.00;0.00
27.11.2020;16:28:50;3.33;42.88;16.37;752.09;0.00;0.00;0.00
27.11.2020;16:29:50;3.33;43.57;16.38;752.12;0.00;0.00;0.00
27.11.2020;16:30:50;3.36;42.56;16.34;752.12;0.00;0.00;0.00
27.11.2020;16:31:50;3.33;43.13;16.34;752.12;0.00;0.00;0.00
27.11.2020;16:32:50;3.33;42.84;16.31;752.11;0.00;0.00;0.00
27.11.2020;16:33:50;3.35;42.64;16.27;752.11;0.00;0.00;0.00
27.11.2020;16:34:50;3.33;43.35;16.26;752.09;0.00;0.00;0.00
27.11.2020;16:35:50;3.33;43.29;16.25;752.09;0.00;0.00;0.00
27.11.2020;16:36:50;3.33;42.38;16.22;752.10;0.00;0.00;0.00
27.11.2020;16:37:50;3.33;42.40;16.16;752.13;0.00;0.00;0.00
27.11.2020;16:38:50;3.33;43.29;16.18;752.14;0.00;0.00;0.00
27.11.2020;16:39:50;3.33;42.84;16.16;752.14;0.00;0.00;0.00
27.11.2020;16:40:50;3.33;43.09;16.14;752.16;0.00;0.00;0.00
27.11.2020;16:41:50;3.35;43.13;16.14;752.16;0.00;0.00;0.00
27.11.2020;16:42:50;3.33;43.36;16.12;752.17;0.00;0.00;0.00
27.11.2020;16:43:50;3.33;44.42;16.14;752.17;0.00;0.00;0.00
27.11.2020;16:44:50;3.36;43.17;16.14;752.18;0.00;0.00;0.00
27.11.2020;16:45:50;3.33;43.98;16.14;752.19;0.00;0.00;0.00
27.11.2020;16:46:50;3.33;43.14;16.13;752.19;0.00;0.00;0.00
27.11.2020;16:47:50;3.35;43.25;16.10;752.19;0.00;0.00;0.00
27.11.2020;16:48:50;3.33;44.40;16.12;752.19;0.00;0.00;0.00
27.11.2020;16:49:50;3.33;44.27;16.15;752.20;0.00;0.00;0.00
27.11.2020;16:50:50;3.33;43.63;16.16;752.21;0.00;0.00;0.00
27.11.2020;16:51:50;3.33;43.97;16.16;752.22;0.00;0.00;0.00
27.11.2020;16:52:50;3.33;43.20;16.14;752.22;0.00;0.00;0.00
27.11.2020;16:53:50;3.33;43.56;16.14;752.21;0.00;0.00;0.00
27.11.2020;16:54:50;3.33;43.12;16.12;752.20;0.00;0.00;0.00
27.11.2020;16:55:51;3.35;43.74;16.12;752.21;0.00;0.00;0.00
27.11.2020;16:56:51;3.33;44.39;16.14;752.20;0.00;0.00;0.00
27.11.2020;16:57:51;3.33;44.76;16.18;752.19;0.00;0.00;0.00
27.11.2020;16:58:51;3.36;44.56;16.22;752.19;0.00;0.00;0.00
27.11.2020;16:59:51;3.33;43.23;16.21;752.16;0.00;0.00;0.00
27.11.2020;17:00:51;3.33;44.48;16.22;752.15;0.00;0.00;0.00
27.11.2020;17:01:51;3.35;44.22;16.24;752.14;0.00;0.00;0.00
27.11.2020;17:02:51;3.33;43.06;16.23;752.14;0.00;0.00;0.00
27.11.2020;17:03:51;3.33;43.56;16.20;752.13;0.00;0.00;0.00
27.11.2020;17:04:51;3.33;42.93;16.19;752.13;0.00;0.00;0.00
27.11.2020;17:05:51;3.33;43.48;16.17;752.14;0.00;0.00;0.00
27.11.2020;17:06:51;3.33;43.35;16.18;752.13;0.00;0.00;0.00
27.11.2020;17:07:51;3.33;43.64;16.17;752.15;0.00;0.00;0.00
27.11.2020;17:08:51;3.33;43.61;16.17;752.12;0.00;0.00;0.00
27.11.2020;17:09:51;3.35;43.16;16.16;752.12;0.00;0.00;0.00
27.11.2020;17:10:51;3.33;42.55;16.12;752.11;0.00;0.00;0.00
27.11.2020;17:11:51;3.33;44.12;16.13;752.13;0.00;0.00;0.00
27.11.2020;17:12:51;3.36;43.73;16.15;752.12;0.00;0.00;0.00
27.11.2020;17:13:51;3.33;44.01;16.17;752.10;0.00;0.00;0.00
27.11.2020;17:14:51;3.33;44.22;16.19;752.11;0.00;0.00;0.00
27.11.2020;17:15:51;3.35;43.71;16.20;752.10;0.00;0.00;0.00
27.11.2020;17:16:51;3.33;42.89;16.17;752.10;0.00;0.00;0.00
27.11.2020;17:17:51;3.33;43.30;16.14;752.11;0.00;0.00;0.00
27.11.2020;17:18:51;3.33;43.74;16.16;752.11;0.00;0.00;0.00
27.11.2020;17:19:51;3.33;43.49;16.15;752.12;0.00;0.00;0.00
27.11.2020;17:20:51;3.33;43.46;16.15;752.13;0.00;0.00;0.00
27.11.2020;17:21:51;3.33;43.28;16.14;752.13;0.00;0.00;0.00
27.11.2020;17:22:51;3.33;43.56;16.14;752.11;0.00;0.00;0.00
27.11.2020;17:23:52;3.35;43.40;16.14;752.12;0.00;0.00;0.00
27.11.2020;17:24:52;3.33;42.89;16.13;752.13;0.00;0.00;0.00
27.11.2020;17:25:52;3.33;43.64;16.13;752.13;0.00;0.00;0.00
27.11.2020;17:26:52;3.36;43.25;16.13;752.13;0.00;0.00;0.00
27.11.2020;17:27:52;3.33;44.35;16.14;752.14;0.00;0.00;0.00
27.11.2020;17:28:52;3.33;44.63;16.18;752.14;0.00;0.00;0.00
27.11.2020;17:29:52;3.35;44.27;16.19;752.16;0.00;0.00;0.00
27.11.2020;17:30:52;3.33;43.25;16.18;752.16;0.00;0.00;0.00
27.11.2020;17:31:52;3.33;43.16;16.16;752.17;0.00;0.00;0.00
27.11.2020;17:32:52;3.33;43.06;16.14;752.18;0.00;0.00;0.00
27.11.2020;17:33:52;3.33;43.49;16.13;752.19;0.00;0.00;0.00
27.11.2020;17:34:52;3.33;43.59;16.13;752.21;0.00;0.00;0.00
27.11.2020;17:35:52;3.33;42.66;16.12;752.20;0.00;0.00;0.00
27.11.2020;17:36:52;3.33;43.41;16.09;752.21;0.00;0.00;0.00
27.11.2020;17:37:52;3.35;44.35;16.14;752.22;0.00;0.00;0.00
27.11.2020;17:38:52;3.33;43.44;16.15;752.24;0.00;0.00;0.00
27.11.2020;17:39:52;3.33;44.18;16.15;752.25;0.00;0.00;0.00
27.11.2020;17:40:52;3.36;43.28;16.14;752.25;0.00;0.00;0.00
27.11.2020;17:41:52;3.33;43.19;16.12;752.26;0.00;0.00;0.00
27.11.2020;17:42:52;3.33;43.27;16.12;752.27;0.00;0.00;0.00
27.11.2020;17:43:52;3.35;43.59;16.11;752.26;0.00;0.00;0.00
27.11.2020;17:44:52;3.33;44.12;16.12;752.26;0.00;0.00;0.00
27.11.2020;17:45:52;3.33;44.19;16.14;752.23;0.00;0.00;0.00
27.11.2020;17:46:52;3.33;44.00;16.16;752.23;0.00;0.00;0.00
27.11.2020;17:47:52;3.33;42.98;16.14;752.22;0.00;0.00;0.00
27.11.2020;17:48:52;3.33;43.93;16.14;752.22;0.00;0.00;0.00
27.11.2020;17:49:52;3.33;44.02;16.15;752.22;0.00;0.00;0.00
27.11.2020;17:50:52;3.33;44.08;16.16;752.22;0.00;0.00;0.00
27.11.2020;17:51:52;3.35;44.60;16.19;752.21;0.00;0.00;0.00
27.11.2020;17:52:53;3.33;44.10;16.21;752.21;0.00;0.00;0.00
27.11.2020;17:53:53;3.33;43.49;16.21;752.22;0.00;0.00;0.00
27.11.2020;17:54:53;3.36;43.90;16.21;752.23;0.00;0.00;0.00
27.11.2020;17:55:53;3.33;44.10;16.22;752.24;0.00;0.00;0.00
27.11.2020;17:56:53;3.33;44.24;16.23;752.24;0.00;0.00;0.00
27.11.2020;17:57:53;3.35;44.18;16.25;752.23;0.00;0.00;0.00
27.11.2020;17:58:53;3.33;44.44;16.26;752.21;0.00;0.00;0.00
27.11.2020;17:59:53;3.33;43.74;16.27;752.19;0.00;0.00;0.00
27.11.2020;18:00:53;3.33;44.32;16.28;752.18;0.00;0.00;0.00
27.11.2020;18:01:53;3.33;44.35;16.30;752.16;0.00;0.00;0.00
27.11.2020;18:02:53;3.33;44.11;16.31;752.15;0.00;0.00;0.00
27.11.2020;18:03:53;3.33;43.98;16.31;752.15;0.00;0.00;0.00
27.11.2020;18:04:53;3.33;43.96;16.33;752.16;0.00;0.00;0.00
27.11.2020;18:05:53;3.35;43.58;16.32;752.18;0.00;0.00;0.00
27.11.2020;18:06:53;3.33;44.23;16.33;752.19;0.00;0.00;0.00
27.11.2020;18:07:53;3.33;44.26;16.35;752.19;0.00;0.00;0.00
27.11.2020;18:08:53;3.36;43.66;16.35;752.20;0.00;0.00;0.00
27.11.2020;18:09:53;3.33;43.35;16.32;752.19;0.00;0.00;0.00
27.11.2020;18:10:53;3.33;44.05;16.32;752.20;0.00;0.00;0.00
27.11.2020;18:11:53;3.35;44.28;16.34;752.20;0.00;0.00;0.00
27.11.2020;18:12:53;3.33;44.33;16.36;752.20;0.00;0.00;0.00
27.11.2020;18:13:53;3.33;43.78;16.37;752.18;0.00;0.00;0.00
27.11.2020;18:14:53;3.33;44.01;16.36;752.19;0.00;0.00;0.00
27.11.2020;18:15:53;3.33;43.45;16.36;752.21;0.00;0.00;0.00
27.11.2020;18:16:53;3.33;43.91;16.35;752.20;0.00;0.00;0.00
27.11.2020;18:17:53;3.33;44.20;16.36;752.21;0.00;0.00;0.00
27.11.2020;18:18:53;3.33;43.83;16.37;752.22;0.00;0.00;0.00
27.11.2020;18:19:53;3.35;43.80;16.37;752.25;0.00;0.00;0.00
27.11.2020;18:20:53;3.33;44.25;16.38;752.24;0.00;0.00;0.00
27.11.2020;18:21:54;3.33;44.20;16.39;752.26;0.00;0.00;0.00
27.11.2020;18:22:54;3.36;42.89;16.38;752.25;0.00;0.00;0.00
27.11.2020;18:23:54;3.33;42.67;16.33;752.27;0.00;0.00;0.00
27.11.2020;18:24:54;3.33;42.33;16.28;752.26;0.00;0.00;0.00
27.11.2020;18:25:54;3.35;43.87;16.27;752.28;0.00;0.00;0.00
27.11.2020;18:26:54;3.33;43.49;16.27;752.30;0.00;0.00;0.00
27.11.2020;18:27:54;3.33;43.39;16.26;752.32;0.00;0.00;0.00
27.11.2020;18:28:54;3.33;43.43;16.25;752.34;0.00;0.00;0.00
27.11.2020;18:29:54;3.33;43.74;16.25;752.34;0.00;0.00;0.00
27.11.2020;18:30:54;3.33;43.90;16.26;752.34;0.00;0.00;0.00
27.11.2020;18:31:54;3.33;43.53;16.25;752.34;0.00;0.00;0.00
27.11.2020;18:32:54;3.33;43.57;16.24;752.33;0.00;0.00;0.00
27.11.2020;18:33:54;3.35;43.83;16.24;752.32;0.00;0.00;0.00
27.11.2020;18:34:54;3.33;43.89;16.24;752.30;0.00;0.00;0.00
27.11.2020;18:35:54;3.33;44.04;16.24;752.30;0.00;0.00;0.00
27.11.2020;18:36:54;3.36;43.47;16.23;752.30;0.00;0.00;0.00
27.11.2020;18:37:54;3.33;44.39;16.24;752.31;0.00;0.00;0.00
27.11.2020;18:38:54;3.33;43.23;16.23;752.30;0.00;0.00;0.00
27.11.2020;18:39:54;3.35;43.66;16.23;752.31;0.00;0.00;0.00
27.11.2020;18:40:54;3.33;43.83;16.22;752.31;0.00;0.00;0.00
27.11.2020;18:41:54;3.33;43.19;16.21;752.32;0.00;0.00;0.00
27.11.2020;18:42:54;3.33;43.48;16.19;752.32;0.00;0.00;0.00
27.11.2020;18:43:54;3.33;44.07;16.20;752.33;0.00;0.00;0.00
27.11.2020;18:44:54;3.33;42.48;16.17;752.31;0.00;0.00;0.00
27.11.2020;18:45:54;3.33;43.24;16.15;752.33;0.00;0.00;0.00
27.11.2020;18:46:54;3.33;43.51;16.14;752.34;0.00;0.00;0.00
27.11.2020;18:47:54;3.35;42.73;16.13;752.34;0.00;0.00;0.00
27.11.2020;18:48:54;3.33;42.50;16.10;752.34;0.00;0.00;0.00
27.11.2020;18:49:54;3.33;42.92;16.06;752.34;0.00;0.00;0.00
27.11.2020;18:50:55;3.36;43.39;16.05;752.34;0.00;0.00;0.00
27.11.2020;18:51:55;3.33;43.79;16.08;752.34;0.00;0.00;0.00
27.11.2020;18:52:55;3.33;42.82;16.05;752.34;0.00;0.00;0.00
27.11.2020;18:53:55;3.35;43.87;16.05;752.33;0.00;0.00;0.00
27.11.2020;18:54:55;3.33;43.95;16.05;752.32;0.00;0.00;0.00
27.11.2020;18:55:55;3.33;44.43;16.06;752.31;0.00;0.00;0.00
27.11.2020;18:56:55;3.33;43.26;16.06;752.30;0.00;0.00;0.00
27.11.2020;18:57:55;3.33;43.38;16.05;752.32;0.00;0.00;0.00
27.11.2020;18:58:55;3.33;42.94;16.02;752.35;0.00;0.00;0.00
27.11.2020;18:59:55;3.33;43.61;16.03;752.35;0.00;0.00;0.00
27.11.2020;19:00:55;3.33;44.68;16.05;752.33;0.00;0.00;0.00
27.11.2020;19:01:55;3.35;44.06;16.08;752.32;0.00;0.00;0.00
27.11.2020;19:02:55;3.33;43.69;16.07;752.33;0.00;0.00;0.00
27.11.2020;19:03:55;3.33;44.39;16.09;752.33;0.00;0.00;0.00
27.11.2020;19:04:55;3.36;44.44;16.11;752.33;0.00;0.00;0.00
27.11.2020;19:05:55;3.33;44.13;16.14;752.33;0.00;0.00;0.00
27.11.2020;19:06:55;3.33;42.97;16.11;752.34;0.00;0.00;0.00
27.11.2020;19:07:55;3.35;43.81;16.08;752.34;0.00;0.00;0.00
27.11.2020;19:08:55;3.33;43.92;16.10;752.36;0.00;0.00;0.00
27.11.2020;19:09:55;3.33;44.05;16.10;752.35;0.00;0.00;0.00
27.11.2020;19:10:55;3.33;44.35;16.12;752.37;0.00;0.00;0.00
27.11.2020;19:11:55;3.33;43.10;16.11;752.36;0.00;0.00;0.00
27.11.2020;19:12:55;3.33;43.72;16.09;752.34;0.00;0.00;0.00
27.11.2020;19:13:55;3.33;43.30;16.08;752.33;0.00;0.00;0.00
27.11.2020;19:14:55;3.33;44.24;16.10;752.33;0.00;0.00;0.00
27.11.2020;19:15:55;3.35;43.93;16.13;752.32;0.00;0.00;0.00
27.11.2020;19:16:55;3.33;44.54;16.14;752.31;0.00;0.00;0.00
27.11.2020;19:17:55;3.33;43.78;16.15;752.30;0.00;0.00;0.00
27.11.2020;19:18:55;3.36;43.78;16.14;752.31;0.00;0.00;0.00
27.11.2020;19:19:56;3.33;44.05;16.15;752.30;0.00;0.00;0.00
27.11.2020;19:20:56;3.33;44.00;16.15;752.29;0.00;0.00;0.00
27.11.2020;19:21:56;3.35;44.20;16.15;752.28;0.00;0.00;0.00
27.11.2020;19:22:56;3.33;44.48;16.17;752.26;0.00;0.00;0.00
27.11.2020;19:23:56;3.33;44.01;16.18;752.26;0.00;0.00;0.00
27.11.2020;19:24:56;3.33;44.32;16.18;752.26;0.00;0.00;0.00
27.11.2020;19:25:56;3.33;43.97;16.19;752.26;0.00;0.00;0.00
27.11.2020;19:26:56;3.33;44.27;16.18;752.28;0.00;0.00;0.00
27.11.2020;19:27:56;3.33;44.01;16.20;752.29;0.00;0.00;0.00
27.11.2020;19:28:56;3.33;43.03;16.18;752.29;0.00;0.00;0.00
27.11.2020;19:29:56;3.35;42.04;16.12;752.32;0.00;0.00;0.00
27.11.2020;19:30:56;3.33;43.45;16.10;752.34;0.00;0.00;0.00
27.11.2020;19:31:56;3.33;44.39;16.12;752.34;0.00;0.00;0.00
27.11.2020;19:32:56;3.36;44.68;16.16;752.33;0.00;0.00;0.00
27.11.2020;19:33:56;3.33;44.02;16.17;752.36;0.00;0.00;0.00
27.11.2020;19:34:56;3.33;44.35;16.17;752.39;0.00;0.00;0.00
27.11.2020;19:35:56;3.35;44.29;16.19;752.39;0.00;0.00;0.00
27.11.2020;19:36:56;3.33;43.87;16.20;752.40;0.00;0.00;0.00
27.11.2020;19:37:56;3.33;43.47;16.18;752.39;0.00;0.00;0.00
27.11.2020;19:38:56;3.33;44.36;16.17;752.37;0.00;0.00;0.00
27.11.2020;19:39:56;3.33;43.94;16.19;752.35;0.00;0.00;0.00
27.11.2020;19:40:56;3.33;44.16;16.19;752.32;0.00;0.00;0.00
27.11.2020;19:41:56;3.33;43.65;16.19;752.31;0.00;0.00;0.00
27.11.2020;19:42:56;3.33;44.01;16.18;752.31;0.00;0.00;0.00
27.11.2020;19:43:56;3.35;43.84;16.18;752.32;0.00;0.00;0.00
27.11.2020;19:44:56;3.33;44.55;16.19;752.34;0.00;0.00;0.00
27.11.2020;19:45:56;3.33;44.20;16.20;752.37;0.00;0.00;0.00
27.11.2020;19:46:56;3.36;43.49;16.18;752.39;0.00;0.00;0.00
27.11.2020;19:47:56;3.33;43.62;16.16;752.40;0.00;0.00;0.00
27.11.2020;19:48:57;3.33;44.13;16.16;752.40;0.00;0.00;0.00
27.11.2020;19:49:57;3.35;43.83;16.18;752.41;0.00;0.00;0.00
27.11.2020;19:50:57;3.33;43.29;16.15;752.41;0.00;0.00;0.00
27.11.2020;19:51:57;3.33;44.20;16.16;752.40;0.00;0.00;0.00
27.11.2020;19:52:57;3.33;44.32;16.17;752.39;0.00;0.00;0.00
27.11.2020;19:53:57;3.33;44.11;16.18;752.38;0.00;0.00;0.00
27.11.2020;19:54:57;3.33;43.72;16.18;752.37;0.00;0.00;0.00
27.11.2020;19:55:57;3.33;43.26;16.16;752.36;0.00;0.00;0.00
27.11.2020;19:56:57;3.33;43.24;16.13;752.37;0.00;0.00;0.00
27.11.2020;19:57:57;3.35;42.98;16.11;752.38;0.00;0.00;0.00
27.11.2020;19:58:57;3.33;43.32;16.09;752.38;0.00;0.00;0.00
27.11.2020;19:59:57;3.33;43.34;16.10;752.40;0.00;0.00;0.00
27.11.2020;20:00:57;3.36;43.86;16.09;752.41;0.00;0.00;0.00
27.11.2020;20:01:57;3.33;42.60;16.08;752.41;0.00;0.00;0.00
27.11.2020;20:02:57;3.33;43.54;16.04;752.42;0.00;0.00;0.00
27.11.2020;20:03:57;3.35;43.05;16.03;752.42;0.00;0.00;0.00
27.11.2020;20:04:57;3.33;44.25;16.04;752.42;0.00;0.00;0.00
27.11.2020;20:05:57;3.33;44.04;16.06;752.41;0.00;0.00;0.00
27.11.2020;20:06:57;3.33;43.17;16.06;752.42;0.00;0.00;0.00
27.11.2020;20:07:57;3.33;43.16;16.03;752.42;0.00;0.00;0.00
27.11.2020;20:08:57;3.33;43.39;16.02;752.40;0.00;0.00;0.00
27.11.2020;20:09:57;3.33;43.97;16.02;752.40;0.00;0.00;0.00
27.11.2020;20:10:57;3.33;43.99;16.03;752.38;0.00;0.00;0.00
27.11.2020;20:11:57;3.35;44.03;16.04;752.37;0.00;0.00;0.00
27.11.2020;20:12:57;3.33;44.51;16.05;752.37;0.00;0.00;0.00
27.11.2020;20:13:57;3.33;44.54;16.07;752.39;0.00;0.00;0.00
27.11.2020;20:14:57;3.36;43.90;16.07;752.40;0.00;0.00;0.00
27.11.2020;20:15:57;3.33;44.50;16.08;752.40;0.00;0.00;0.00
27.11.2020;20:16:57;3.33;43.59;16.08;752.41;0.00;0.00;0.00
27.11.2020;20:17:58;3.35;44.28;16.07;752.40;0.00;0.00;0.00
27.11.2020;20:18:58;3.33;43.84;16.07;752.42;0.00;0.00;0.00
27.11.2020;20:19:58;3.33;43.50;16.06;752.42;0.00;0.00;0.00
27.11.2020;20:20:58;3.33;43.14;16.05;752.44;0.00;0.00;0.00
27.11.2020;20:21:58;3.33;42.61;16.03;752.42;0.00;0.00;0.00
27.11.2020;20:22:58;3.33;43.60;16.03;752.42;0.00;0.00;0.00
27.11.2020;20:23:58;3.33;44.08;16.05;752.42;0.00;0.00;0.00
27.11.2020;20:24:58;3.33;43.54;16.05;752.40;0.00;0.00;0.00
27.11.2020;20:25:58;3.35;43.50;16.04;752.39;0.00;0.00;0.00
27.11.2020;20:26:58;3.33;43.33;16.01;752.38;0.00;0.00;0.00
27.11.2020;20:27:58;3.33;44.37;16.03;752.37;0.00;0.00;0.00
27.11.2020;20:28:58;3.36;44.09;16.05;752.36;0.00;0.00;0.00
27.11.2020;20:29:58;3.33;44.21;16.05;752.35;0.00;0.00;0.00
27.11.2020;20:30:58;3.33;43.74;16.05;752.37;0.00;0.00;0.00
27.11.2020;20:31:58;3.35;44.33;16.05;752.35;0.00;0.00;0.00
27.11.2020;20:32:58;3.33;43.53;16.05;752.36;0.00;0.00;0.00
27.11.2020;20:33:58;3.33;43.24;16.02;752.33;0.00;0.00;0.00
27.11.2020;20:34:58;3.33;43.73;15.99;752.31;0.00;0.00;0.00
27.11.2020;20:35:58;3.33;44.27;16.01;752.33;0.00;0.00;0.00
27.11.2020;20:36:58;3.33;43.88;16.02;752.33;0.00;0.00;0.00
27.11.2020;20:37:58;3.33;44.64;16.04;752.33;0.00;0.00;0.00
27.11.2020;20:38:58;3.33;43.68;16.05;752.34;0.00;0.00;0.00
27.11.2020;20:39:58;3.35;44.11;16.03;752.34;0.00;0.00;0.00
27.11.2020;20:40:58;3.33;43.32;16.02;752.35;0.00;0.00;0.00
27.11.2020;20:41:58;3.33;43.00;15.98;752.37;0.00;0.00;0.00
27.11.2020;20:42:58;3.36;42.77;15.94;752.38;0.00;0.00;0.00
27.11.2020;20:43:58;3.33;43.67;15.92;752.38;0.00;0.00;0.00
27.11.2020;20:44:58;3.33;43.15;15.90;752.36;0.00;0.00;0.00
27.11.2020;20:45:58;3.35;44.12;15.91;752.37;0.00;0.00;0.00
27.11.2020;20:46:59;3.33;44.03;15.93;752.38;0.00;0.00;0.00
27.11.2020;20:47:59;3.33;42.85;15.90;752.39;0.00;0.00;0.00
27.11.2020;20:48:59;3.33;43.40;15.88;752.40;0.00;0.00;0.00
27.11.2020;20:49:59;3.33;43.76;15.87;752.38;0.00;0.00;0.00
27.11.2020;20:50:59;3.33;44.54;15.89;752.37;0.00;0.00;0.00
27.11.2020;20:51:59;3.33;44.63;15.91;752.37;0.00;0.00;0.00
27.11.2020;20:52:59;3.33;43.39;15.90;752.37;0.00;0.00;0.00
27.11.2020;20:53:59;3.35;42.85;15.87;752.38;0.00;0.00;0.00
27.11.2020;20:54:59;3.33;44.63;15.88;752.38;0.00;0.00;0.00
27.11.2020;20:55:59;3.33;44.28;15.90;752.36;0.00;0.00;0.00
27.11.2020;20:56:59;3.36;44.41;15.92;752.36;0.00;0.00;0.00
27.11.2020;20:57:59;3.33;43.96;15.91;752.36;0.00;0.00;0.00
27.11.2020;20:58:59;3.33;43.15;15.89;752.38;0.00;0.00;0.00
27.11.2020;20:59:59;3.35;44.20;15.88;752.39;0.00;0.00;0.00
27.11.2020;21:00:59;3.33;43.02;15.88;752.39;0.00;0.00;0.00
27.11.2020;21:01:59;3.33;43.34;15.84;752.40;0.00;0.00;0.00
27.11.2020;21:02:59;3.33;43.43;15.84;752.40;0.00;0.00;0.00
27.11.2020;21:03:59;3.33;44.33;15.86;752.39;0.00;0.00;0.00
27.11.2020;21:04:59;3.33;44.24;15.88;752.39;0.00;0.00;0.00
27.11.2020;21:05:59;3.33;44.14;15.89;752.41;0.00;0.00;0.00
27.11.2020;21:06:59;3.33;44.37;15.91;752.43;0.00;0.00;0.00
27.11.2020;21:07:59;3.35;43.52;15.90;752.41;0.00;0.00;0.00
27.11.2020;21:08:59;3.33;43.11;15.86;752.42;0.00;0.00;0.00
27.11.2020;21:09:59;3.33;43.42;15.85;752.40;0.00;0.00;0.00
27.11.2020;21:10:59;3.36;43.50;15.84;752.41;0.00;0.00;0.00
27.11.2020;21:11:59;3.33;42.85;15.83;752.42;0.00;0.00;0.00
27.11.2020;21:12:59;3.33;44.06;15.81;752.41;0.00;0.00;0.00
27.11.2020;21:13:59;3.35;44.44;15.83;752.41;0.00;0.00;0.00
27.11.2020;21:14:59;3.33;43.98;15.84;752.43;0.00;0.00;0.00
27.11.2020;21:16:00;3.33;43.14;15.83;752.42;0.00;0.00;0.00
27.11.2020;21:17:00;3.33;43.26;15.81;752.42;0.00;0.00;0.00
27.11.2020;21:18:00;3.33;43.17;15.80;752.43;0.00;0.00;0.00
27.11.2020;21:19:00;3.33;43.44;15.78;752.42;0.00;0.00;0.00
27.11.2020;21:20:00;3.33;42.64;15.75;752.43;0.00;0.00;0.00
27.11.2020;21:21:00;3.33;43.61;15.74;752.42;0.00;0.00;0.00
27.11.2020;21:22:00;3.35;43.52;15.74;752.43;0.00;0.00;0.00
27.11.2020;21:23:00;3.33;43.97;15.75;752.44;0.00;0.00;0.00
27.11.2020;21:24:00;3.33;42.92;15.73;752.44;0.00;0.00;0.00
27.11.2020;21:25:00;3.36;42.79;15.70;752.45;0.00;0.00;0.00
27.11.2020;21:26:00;3.33;42.96;15.68;752.45;0.00;0.00;0.00
27.11.2020;21:27:00;3.33;43.28;15.65;752.46;0.00;0.00;0.00
27.11.2020;21:28:00;3.35;44.11;15.67;752.46;0.00;0.00;0.00
27.11.2020;21:29:00;3.33;43.88;15.68;752.46;0.00;0.00;0.00
27.11.2020;21:30:00;3.33;43.41;15.66;752.44;0.00;0.00;0.00
27.11.2020;21:31:00;3.33;43.65;15.64;752.44;0.00;0.00;0.00
27.11.2020;21:32:00;3.33;44.02;15.65;752.44;0.00;0.00;0.00
27.11.2020;21:33:00;3.33;44.06;15.65;752.43;0.00;0.00;0.00
27.11.2020;21:34:00;3.33;44.00;15.66;752.42;0.00;0.00;0.00
27.11.2020;21:35:00;3.33;44.30;15.68;752.44;0.00;0.00;0.00
27.11.2020;21:36:00;3.35;44.16;15.69;752.45;0.00;0.00;0.00
27.11.2020;21:37:00;3.33;43.32;15.67;752.45;0.00;0.00;0.00
27.11.2020;21:38:00;3.33;44.19;15.67;752.44;0.00;0.00;0.00
27.11.2020;21:39:00;3.36;43.02;15.65;752.43;0.00;0.00;0.00
27.11.2020;21:40:00;3.33;43.01;15.61;752.43;0.00;0.00;0.00
27.11.2020;21:41:00;3.33;44.33;15.61;752.41;0.00;0.00;0.00
27.11.2020;21:42:00;3.35;44.48;15.63;752.40;0.00;0.00;0.00
27.11.2020;21:43:00;3.33;43.00;15.62;752.41;0.00;0.00;0.00
27.11.2020;21:44:00;3.33;43.87;15.60;752.42;0.00;0.00;0.00
27.11.2020;21:45:01;3.33;44.38;15.61;752.44;0.00;0.00;0.00
27.11.2020;21:46:01;3.33;43.96;15.61;752.43;0.00;0.00;0.00
27.11.2020;21:47:01;3.33;44.16;15.61;752.45;0.00;0.00;0.00
27.11.2020;21:48:01;3.33;44.37;15.61;752.45;0.00;0.00;0.00
27.11.2020;21:49:01;3.33;44.68;15.62;752.46;0.00;0.00;0.00
27.11.2020;21:50:01;3.35;44.02;15.61;752.46;0.00;0.00;0.00
27.11.2020;21:51:01;3.33;44.00;15.61;752.47;0.00;0.00;0.00
27.11.2020;21:52:01;3.33;42.87;15.57;752.47;0.00;0.00;0.00
27.11.2020;21:53:01;3.36;43.93;15.56;752.47;0.00;0.00;0.00
27.11.2020;21:54:01;3.33;44.06;15.56;752.48;0.00;0.00;0.00
27.11.2020;21:55:01;3.33;43.09;15.53;752.49;0.00;0.00;0.00
27.11.2020;21:56:01;3.35;44.37;15.53;752.51;0.00;0.00;0.00
27.11.2020;21:57:01;3.33;43.78;15.52;752.50;0.00;0.00;0.00
27.11.2020;21:58:01;3.33;44.28;15.52;752.49;0.00;0.00;0.00
27.11.2020;21:59:01;3.33;44.52;15.52;752.49;0.00;0.00;0.00
27.11.2020;22:00:01;3.33;44.34;15.53;752.50;0.00;0.00;0.00
27.11.2020;22:01:01;3.33;43.98;15.53;752.49;0.00;0.00;0.00
27.11.2020;22:02:01;3.33;43.82;15.51;752.51;0.00;0.00;0.00
27.11.2020;22:03:01;3.33;43.95;15.50;752.51;0.00;0.00;0.00
27.11.2020;22:04:01;3.35;43.37;15.48;752.50;0.00;0.00;0.00
27.11.2020;22:05:01;3.33;43.80;15.48;752.50;0.00;0.00;0.00
27.11.2020;22:06:01;3.33;44.18;15.46;752.50;0.00;0.00;0.00
27.11.2020;22:07:01;3.36;44.12;15.47;752.49;0.00;0.00;0.00
27.11.2020;22:08:01;3.33;44.76;15.48;752.48;0.00;0.00;0.00
27.11.2020;22:09:01;3.33;43.42;15.47;752.49;0.00;0.00;0.00
27.11.2020;22:10:01;3.35;44.54;15.46;752.50;0.00;0.00;0.00
27.11.2020;22:11:01;3.33;43.97;15.46;752.50;0.00;0.00;0.00
27.11.2020;22:12:01;3.33;43.21;15.44;752.51;0.00;0.00;0.00
27.11.2020;22:13:01;3.33;43.82;15.41;752.49;0.00;0.00;0.00
27.11.2020;22:14:02;3.33;44.76;15.43;752.49;0.00;0.00;0.00
27.11.2020;22:15:02;3.33;44.18;15.44;752.48;0.00;0.00;0.00
27.11.2020;22:16:02;3.33;43.22;15.41;752.46;0.00;0.00;0.00
27.11.2020;22:17:02;3.33;43.64;15.39;752.46;0.00;0.00;0.00
27.11.2020;22:18:02;3.35;44.85;15.39;752.46;0.00;0.00;0.00
27.11.2020;22:19:02;3.33;44.15;15.41;752.47;0.00;0.00;0.00
27.11.2020;22:20:02;3.33;44.51;15.41;752.47;0.00;0.00;0.00
27.11.2020;22:21:02;3.36;44.22;15.43;752.48;0.00;0.00;0.00
27.11.2020;22:22:02;3.33;44.47;15.42;752.48;0.00;0.00;0.00
27.11.2020;22:23:02;3.33;44.44;15.43;752.49;0.00;0.00;0.00
27.11.2020;22:24:02;3.35;43.58;15.41;752.50;0.00;0.00;0.00
27.11.2020;22:25:02;3.33;44.86;15.41;752.51;0.00;0.00;0.00
27.11.2020;22:26:02;3.33;44.18;15.42;752.51;0.00;0.00;0.00
27.11.2020;22:27:02;3.33;44.14;15.41;752.52;0.00;0.00;0.00
27.11.2020;22:28:02;3.33;43.63;15.38;752.53;0.00;0.00;0.00
27.11.2020;22:29:02;3.33;44.17;15.39;752.54;0.00;0.00;0.00
27.11.2020;22:30:02;3.33;44.35;15.39;752.53;0.00;0.00;0.00
27.11.2020;22:31:02;3.33;44.59;15.40;752.53;0.00;0.00;0.00
27.11.2020;22:32:02;3.35;44.12;15.39;752.54;0.00;0.00;0.00
27.11.2020;22:33:02;3.33;43.86;15.39;752.53;0.00;0.00;0.00
27.11.2020;22:34:02;3.33;44.69;15.39;752.52;0.00;0.00;0.00
27.11.2020;22:35:02;3.36;44.51;15.39;752.52;0.00;0.00;0.00
27.11.2020;22:36:02;3.33;44.29;15.39;752.53;0.00;0.00;0.00
27.11.2020;22:37:02;3.33;44.48;15.39;752.52;0.00;0.00;0.00
27.11.2020;22:38:02;3.35;44.72;15.39;752.51;0.00;0.00;0.00
27.11.2020;22:39:02;3.33;45.12;15.41;752.52;0.00;0.00;0.00
27.11.2020;22:40:02;3.33;45.05;15.42;752.51;0.00;0.00;0.00
27.11.2020;22:41:02;3.33;44.03;15.40;752.51;0.00;0.00;0.00
27.11.2020;22:42:02;3.33;44.18;15.39;752.51;0.00;0.00;0.00
27.11.2020;22:43:03;3.33;44.68;15.40;752.51;0.00;0.00;0.00
27.11.2020;22:44:03;3.33;44.69;15.40;752.50;0.00;0.00;0.00
27.11.2020;22:45:03;3.33;44.39;15.39;752.50;0.00;0.00;0.00
27.11.2020;22:46:03;3.35;44.72;15.40;752.50;0.00;0.00;0.00
27.11.2020;22:47:03;3.33;44.67;15.41;752.51;0.00;0.00;0.00
27.11.2020;22:48:03;3.33;44.11;15.39;752.52;0.00;0.00;0.00
27.11.2020;22:49:03;3.36;43.98;15.37;752.53;0.00;0.00;0.00
27.11.2020;22:50:03;3.33;44.33;15.36;752.56;0.00;0.00;0.00
27.11.2020;22:51:03;3.33;44.50;15.36;752.56;0.00;0.00;0.00
27.11.2020;22:52:03;3.35;44.42;15.36;752.57;0.00;0.00;0.00
27.11.2020;22:53:03;3.33;44.08;15.34;752.57;0.00;0.00;0.00
27.11.2020;22:54:03;3.33;44.02;15.32;752.58;0.00;0.00;0.00
27.11.2020;22:55:03;3.33;43.93;15.30;752.58;0.00;0.00;0.00
27.11.2020;22:56:03;3.33;43.54;15.28;752.57;0.00;0.00;0.00
27.11.2020;22:57:03;3.33;43.93;15.27;752.57;0.00;0.00;0.00
27.11.2020;22:58:03;3.33;44.74;15.26;752.57;0.00;0.00;0.00
27.11.2020;22:59:03;3.33;45.22;15.29;752.59;0.00;0.00;0.00
27.11.2020;23:00:03;3.35;43.97;15.29;752.60;0.00;0.00;0.00
27.11.2020;23:01:03;3.33;43.69;15.25;752.61;0.00;0.00;0.00
27.11.2020;23:02:03;3.33;44.58;15.26;752.61;0.00;0.00;0.00
27.11.2020;23:03:03;3.36;44.67;15.26;752.61;0.00;0.00;0.00
27.11.2020;23:04:03;3.33;44.93;15.27;752.61;0.00;0.00;0.00
27.11.2020;23:05:03;3.33;44.13;15.28;752.61;0.00;0.00;0.00
27.11.2020;23:06:03;3.35;44.23;15.27;752.61;0.00;0.00;0.00
27.11.2020;23:07:03;3.33;43.64;15.23;752.61;0.00;0.00;0.00
27.11.2020;23:08:03;3.33;43.93;15.23;752.62;0.00;0.00;0.00
27.11.2020;23:09:03;3.33;44.09;15.22;752.63;0.00;0.00;0.00
27.11.2020;23:10:03;3.33;43.50;15.19;752.62;0.00;0.00;0.00
27.11.2020;23:11:03;3.33;43.99;15.17;752.62;0.00;0.00;0.00
27.11.2020;23:12:04;3.33;43.52;15.15;752.61;0.00;0.00;0.00
27.11.2020;23:13:04;3.33;43.69;15.12;752.61;0.00;0.00;0.00
27.11.2020;23:14:04;3.35;43.82;15.12;752.62;0.00;0.00;0.00
27.11.2020;23:15:04;3.33;44.04;15.11;752.62;0.00;0.00;0.00
27.11.2020;23:16:04;3.33;44.74;15.12;752.62;0.00;0.00;0.00
27.11.2020;23:17:04;3.36;44.34;15.12;752.62;0.00;0.00;0.00
27.11.2020;23:18:04;3.33;44.00;15.11;752.62;0.00;0.00;0.00
27.11.2020;23:19:04;3.33;44.70;15.11;752.63;0.00;0.00;0.00
27.11.2020;23:20:04;3.35;44.05;15.11;752.63;0.00;0.00;0.00
27.11.2020;23:21:04;3.33;43.84;15.09;752.64;0.00;0.00;0.00
27.11.2020;23:22:04;3.33;44.20;15.08;752.64;0.00;0.00;0.00
27.11.2020;23:23:04;3.33;44.05;15.07;752.65;0.00;0.00;0.00
27.11.2020;23:24:04;3.33;44.41;15.07;752.66;0.00;0.00;0.00
27.11.2020;23:25:04;3.33;44.47;15.07;752.66;0.00;0.00;0.00
27.11.2020;23:26:04;3.33;44.23;15.06;752.65;0.00;0.00;0.00
27.11.2020;23:27:04;3.33;43.93;15.04;752.65;0.00;0.00;0.00
27.11.2020;23:28:04;3.35;44.43;15.05;752.65;0.00;0.00;0.00
27.11.2020;23:29:04;3.33;44.50;15.04;752.64;0.00;0.00;0.00
27.11.2020;23:30:04;3.33;44.92;15.06;752.64;0.00;0.00;0.00
27.11.2020;23:31:04;3.36;43.93;15.05;752.64;0.00;0.00;0.00
27.11.2020;23:32:04;3.33;44.72;15.06;752.65;0.00;0.00;0.00
27.11.2020;23:33:04;3.33;44.92;15.07;752.64;0.00;0.00;0.00
27.11.2020;23:34:04;3.35;44.69;15.09;752.65;0.00;0.00;0.00
27.11.2020;23:35:04;3.33;44.99;15.09;752.65;0.00;0.00;0.00
27.11.2020;23:36:04;3.33;44.35;15.10;752.66;0.00;0.00;0.00
27.11.2020;23:37:04;3.33;43.76;15.08;752.65;0.00;0.00;0.00
27.11.2020;23:38:04;3.33;44.69;15.06;752.63;0.00;0.00;0.00
27.11.2020;23:39:04;3.33;44.76;15.08;752.64;0.00;0.00;0.00
27.11.2020;23:40:04;3.33;45.09;15.10;752.63;0.00;0.00;0.00
27.11.2020;23:41:04;3.33;44.86;15.12;752.62;0.00;0.00;0.00
27.11.2020;23:42:05;3.35;44.92;15.13;752.62;0.00;0.00;0.00
27.11.2020;23:43:05;3.33;43.71;15.12;752.62;0.00;0.00;0.00
27.11.2020;23:44:05;3.33;44.70;15.10;752.63;0.00;0.00;0.00
27.11.2020;23:45:05;3.36;44.87;15.13;752.61;0.00;0.00;0.00
27.11.2020;23:46:05;3.33;44.98;15.14;752.63;0.00;0.00;0.00
27.11.2020;23:47:05;3.33;45.02;15.15;752.62;0.00;0.00;0.00
27.11.2020;23:48:05;3.35;44.01;15.15;752.61;0.00;0.00;0.00
27.11.2020;23:49:05;3.33;44.21;15.14;752.61;0.00;0.00;0.00
27.11.2020;23:50:05;3.33;44.10;15.13;752.59;0.00;0.00;0.00
27.11.2020;23:51:05;3.33;43.96;15.12;752.59;0.00;0.00;0.00
27.11.2020;23:52:05;3.33;44.66;15.12;752.59;0.00;0.00;0.00
27.11.2020;23:53:05;3.33;44.88;15.15;752.58;0.00;0.00;0.00
27.11.2020;23:54:05;3.33;44.85;15.17;752.58;0.00;0.00;0.00
27.11.2020;23:55:05;3.33;45.10;15.18;752.57;0.00;0.00;0.00
27.11.2020;23:56:05;3.35;44.69;15.19;752.55;0.00;0.00;0.00
27.11.2020;23:57:05;3.33;44.81;15.19;752.54;0.00;0.00;0.00
27.11.2020;23:58:05;3.33;45.42;15.20;752.53;0.00;0.00;0.00
27.11.2020;23:59:05;3.36;45.04;15.23;752.54;0.00;0.00;0.00
