28.01.2021;0:00:49;2.50;37.06;11.81;742.15;0.00;0.00;0.00
28.01.2021;0:01:49;2.50;36.99;11.80;742.13;0.00;0.00;0.00
28.01.2021;0:02:49;2.51;37.08;11.82;742.14;0.00;0.00;0.00
28.01.2021;0:03:49;2.50;37.29;11.84;742.12;0.00;0.00;0.00
28.01.2021;0:04:49;2.50;37.14;11.83;742.12;0.00;0.00;0.00
28.01.2021;0:05:49;2.50;37.06;11.82;742.12;0.00;0.00;0.00
28.01.2021;0:06:50;2.50;36.86;11.80;742.08;0.00;0.00;0.00
28.01.2021;0:07:50;2.50;36.88;11.80;742.05;0.00;0.00;0.00
28.01.2021;0:08:50;2.50;36.99;11.78;742.05;0.00;0.00;0.00
28.01.2021;0:09:50;2.51;36.95;11.75;742.03;0.00;0.00;0.00
28.01.2021;0:10:50;2.53;37.02;11.73;742.03;0.00;0.00;0.00
28.01.2021;0:11:50;2.50;37.15;11.72;742.04;0.00;0.00;0.00
28.01.2021;0:12:50;2.50;37.34;11.71;742.06;0.00;0.00;0.00
28.01.2021;0:13:50;2.53;37.23;11.70;742.05;0.00;0.00;0.00
28.01.2021;0:14:50;2.51;37.32;11.68;742.06;0.00;0.00;0.00
28.01.2021;0:15:50;2.50;37.43;11.68;742.05;0.00;0.00;0.00
28.01.2021;0:16:50;2.53;37.43;11.68;742.05;0.00;0.00;0.00
28.01.2021;0:17:50;2.50;37.30;11.68;742.01;0.00;0.00;0.00
28.01.2021;0:18:50;2.50;37.38;11.69;742.00;0.00;0.00;0.00
28.01.2021;0:19:50;2.50;37.41;11.69;742.00;0.00;0.00;0.00
28.01.2021;0:20:50;2.50;37.33;11.66;742.00;0.00;0.00;0.00
28.01.2021;0:21:50;2.50;37.58;11.68;741.99;0.00;0.00;0.00
28.01.2021;0:22:50;2.50;37.59;11.69;741.99;0.00;0.00;0.00
28.01.2021;0:23:50;2.51;37.53;11.69;741.98;0.00;0.00;0.00
28.01.2021;0:24:50;2.56;37.51;11.68;741.97;0.00;0.00;0.00
28.01.2021;0:25:50;2.50;37.45;11.65;741.98;0.00;0.00;0.00
28.01.2021;0:26:50;2.50;37.46;11.67;741.97;0.00;0.00;0.00
28.01.2021;0:27:50;2.53;37.45;11.68;741.97;0.00;0.00;0.00
28.01.2021;0:28:50;2.51;37.46;11.68;741.96;0.00;0.00;0.00
28.01.2021;0:29:50;2.50;37.40;11.67;741.97;0.00;0.00;0.00
28.01.2021;0:30:50;2.51;37.47;11.67;741.98;0.00;0.00;0.00
28.01.2021;0:31:50;2.50;37.67;11.69;741.99;0.00;0.00;0.00
28.01.2021;0:32:50;2.50;37.64;11.69;742.01;0.00;0.00;0.00
28.01.2021;0:33:50;2.50;37.49;11.67;742.03;0.00;0.00;0.00
28.01.2021;0:34:50;2.50;37.45;11.67;742.03;0.00;0.00;0.00
28.01.2021;0:35:50;2.50;37.50;11.68;742.01;0.00;0.00;0.00
28.01.2021;0:36:50;2.50;37.47;11.68;742.01;0.00;0.00;0.00
28.01.2021;0:37:51;2.50;37.57;11.70;742.00;0.00;0.00;0.00
28.01.2021;0:38:51;2.53;37.60;11.72;742.03;0.00;0.00;0.00
28.01.2021;0:39:51;2.50;37.59;11.73;742.06;0.00;0.00;0.00
28.01.2021;0:40:51;2.51;37.72;11.73;742.07;0.00;0.00;0.00
28.01.2021;0:41:51;2.53;37.39;11.72;742.08;0.00;0.00;0.00
28.01.2021;0:42:51;2.50;37.51;11.73;742.08;0.00;0.00;0.00
28.01.2021;0:43:51;2.50;37.47;11.72;742.09;0.00;0.00;0.00
28.01.2021;0:44:51;2.51;37.45;11.71;742.09;0.00;0.00;0.00
28.01.2021;0:45:51;2.50;37.50;11.72;742.08;0.00;0.00;0.00
28.01.2021;0:46:51;2.50;37.46;11.71;742.04;0.00;0.00;0.00
28.01.2021;0:47:51;2.50;37.44;11.71;742.03;0.00;0.00;0.00
28.01.2021;0:48:51;2.50;37.46;11.70;742.03;0.00;0.00;0.00
28.01.2021;0:49:51;2.50;37.58;11.71;742.05;0.00;0.00;0.00
28.01.2021;0:50:51;2.50;37.70;11.71;742.04;0.00;0.00;0.00
28.01.2021;0:51:51;2.50;37.69;11.70;742.03;0.00;0.00;0.00
28.01.2021;0:52:51;2.54;37.67;11.69;742.05;0.00;0.00;0.00
28.01.2021;0:53:51;2.50;37.60;11.67;742.05;0.00;0.00;0.00
28.01.2021;0:54:51;2.53;37.61;11.66;742.07;0.00;0.00;0.00
28.01.2021;0:55:51;2.57;37.64;11.65;742.07;0.00;0.00;0.00
28.01.2021;0:56:51;2.58;37.64;11.64;742.06;0.00;0.00;0.00
28.01.2021;0:57:51;2.53;37.74;11.63;742.06;0.00;0.00;0.00
28.01.2021;0:58:51;2.54;37.78;11.62;742.04;0.00;0.00;0.00
28.01.2021;0:59:51;2.58;37.85;11.63;742.04;0.00;0.00;0.00
28.01.2021;1:00:51;2.50;37.85;11.62;742.03;0.00;0.00;0.00
28.01.2021;1:01:51;2.50;37.84;11.59;742.03;0.00;0.00;0.00
28.01.2021;1:02:51;2.50;37.91;11.60;742.01;0.00;0.00;0.00
28.01.2021;1:03:51;2.50;37.96;11.59;741.99;0.00;0.00;0.00
28.01.2021;1:04:51;2.50;37.93;11.57;741.96;0.00;0.00;0.00
28.01.2021;1:05:51;2.50;37.97;11.58;741.93;0.00;0.00;0.00
28.01.2021;1:06:51;2.53;37.96;11.58;741.90;0.00;0.00;0.00
28.01.2021;1:07:51;2.50;37.96;11.58;741.88;0.00;0.00;0.00
28.01.2021;1:08:51;2.50;38.02;11.57;741.86;0.00;0.00;0.00
28.01.2021;1:09:52;2.53;38.09;11.57;741.85;0.00;0.00;0.00
28.01.2021;1:10:52;2.50;38.07;11.56;741.83;0.00;0.00;0.00
28.01.2021;1:11:52;2.50;38.09;11.55;741.81;0.00;0.00;0.00
28.01.2021;1:12:52;2.51;38.14;11.56;741.79;0.00;0.00;0.00
28.01.2021;1:13:52;2.50;38.04;11.55;741.76;0.00;0.00;0.00
28.01.2021;1:14:52;2.50;37.95;11.55;741.72;0.00;0.00;0.00
28.01.2021;1:15:52;2.50;38.24;11.54;741.70;0.00;0.00;0.00
28.01.2021;1:16:52;2.50;38.18;11.54;741.67;0.00;0.00;0.00
28.01.2021;1:17:52;2.50;38.18;11.52;741.68;0.00;0.00;0.00
28.01.2021;1:18:52;2.50;38.23;11.54;741.69;0.00;0.00;0.00
28.01.2021;1:19:52;2.50;38.27;11.53;741.71;0.00;0.00;0.00
28.01.2021;1:20:52;2.51;38.16;11.53;741.75;0.00;0.00;0.00
28.01.2021;1:21:52;2.50;38.12;11.53;741.78;0.00;0.00;0.00
28.01.2021;1:22:52;2.50;38.16;11.52;741.80;0.00;0.00;0.00
28.01.2021;1:23:52;2.53;38.13;11.52;741.82;0.00;0.00;0.00
28.01.2021;1:24:52;2.50;38.06;11.51;741.83;0.00;0.00;0.00
28.01.2021;1:25:52;2.50;38.15;11.52;741.83;0.00;0.00;0.00
28.01.2021;1:26:52;2.51;38.21;11.52;741.84;0.00;0.00;0.00
28.01.2021;1:27:52;2.50;38.26;11.54;741.85;0.00;0.00;0.00
28.01.2021;1:28:52;2.50;38.21;11.52;741.84;0.00;0.00;0.00
28.01.2021;1:29:52;2.50;38.14;11.51;741.81;0.00;0.00;0.00
28.01.2021;1:30:52;2.50;38.20;11.50;741.81;0.00;0.00;0.00
28.01.2021;1:31:52;2.50;38.18;11.50;741.79;0.00;0.00;0.00
28.01.2021;1:32:52;2.50;38.23;11.51;741.77;0.00;0.00;0.00
28.01.2021;1:33:52;2.50;38.21;11.52;741.75;0.00;0.00;0.00
28.01.2021;1:34:52;2.54;38.15;11.51;741.74;0.00;0.00;0.00
28.01.2021;1:35:52;2.50;38.14;11.50;741.74;0.00;0.00;0.00
28.01.2021;1:36:52;2.50;38.17;11.49;741.74;0.00;0.00;0.00
28.01.2021;1:37:52;2.53;38.24;11.50;741.75;0.00;0.00;0.00
28.01.2021;1:38:52;2.50;38.18;11.49;741.73;0.00;0.00;0.00
28.01.2021;1:39:52;2.50;38.11;11.50;741.73;0.00;0.00;0.00
28.01.2021;1:40:53;2.53;38.10;11.51;741.71;0.00;0.00;0.00
28.01.2021;1:41:53;2.50;38.18;11.50;741.69;0.00;0.00;0.00
28.01.2021;1:42:53;2.50;38.21;11.49;741.66;0.00;0.00;0.00
28.01.2021;1:43:53;2.50;38.13;11.48;741.63;0.00;0.00;0.00
28.01.2021;1:44:53;2.51;38.19;11.49;741.61;0.00;0.00;0.00
28.01.2021;1:45:53;2.50;38.20;11.49;741.60;0.00;0.00;0.00
28.01.2021;1:46:53;2.50;38.25;11.49;741.57;0.00;0.00;0.00
28.01.2021;1:47:53;2.50;38.20;11.47;741.53;0.00;0.00;0.00
28.01.2021;1:48:53;2.53;38.03;11.48;741.49;0.00;0.00;0.00
28.01.2021;1:49:53;2.50;38.13;11.47;741.45;0.00;0.00;0.00
28.01.2021;1:50:53;2.50;38.25;11.47;741.40;0.00;0.00;0.00
28.01.2021;1:51:53;2.54;38.17;11.44;741.37;0.00;0.00;0.00
28.01.2021;1:52:53;2.51;38.14;11.42;741.33;0.00;0.00;0.00
28.01.2021;1:53:53;2.50;38.07;11.41;741.34;0.00;0.00;0.00
28.01.2021;1:54:53;2.51;38.22;11.39;741.37;0.00;0.00;0.00
28.01.2021;1:55:53;2.50;38.28;11.39;741.37;0.00;0.00;0.00
28.01.2021;1:56:53;2.50;38.30;11.38;741.39;0.00;0.00;0.00
28.01.2021;1:57:53;2.50;38.32;11.39;741.41;0.00;0.00;0.00
28.01.2021;1:58:53;2.50;38.33;11.39;741.41;0.00;0.00;0.00
28.01.2021;1:59:53;2.50;38.33;11.38;741.39;0.00;0.00;0.00
28.01.2021;2:00:53;2.50;38.26;11.37;741.36;0.00;0.00;0.00
28.01.2021;2:01:53;2.50;38.36;11.38;741.32;0.00;0.00;0.00
28.01.2021;2:02:53;2.53;38.30;11.37;741.29;0.00;0.00;0.00
28.01.2021;2:03:53;2.50;38.41;11.39;741.26;0.00;0.00;0.00
28.01.2021;2:04:53;2.50;38.31;11.36;741.22;0.00;0.00;0.00
28.01.2021;2:05:53;2.53;38.39;11.38;741.25;0.00;0.00;0.00
28.01.2021;2:06:53;2.50;38.51;11.40;741.25;0.00;0.00;0.00
28.01.2021;2:07:53;2.50;38.74;11.43;741.25;0.00;0.00;0.00
28.01.2021;2:08:53;2.51;38.44;11.43;741.25;0.00;0.00;0.00
28.01.2021;2:09:53;2.50;38.24;11.43;741.26;0.00;0.00;0.00
28.01.2021;2:10:53;2.50;38.36;11.45;741.26;0.00;0.00;0.00
28.01.2021;2:11:54;2.50;38.24;11.43;741.26;0.00;0.00;0.00
28.01.2021;2:12:54;2.50;38.28;11.47;741.27;0.00;0.00;0.00
28.01.2021;2:13:54;2.50;38.24;11.48;741.27;0.00;0.00;0.00
28.01.2021;2:14:54;2.50;38.21;11.48;741.27;0.00;0.00;0.00
28.01.2021;2:15:54;2.50;38.23;11.48;741.26;0.00;0.00;0.00
28.01.2021;2:16:54;2.53;38.19;11.48;741.26;0.00;0.00;0.00
28.01.2021;2:17:54;2.50;38.10;11.47;741.25;0.00;0.00;0.00
28.01.2021;2:18:54;2.50;38.08;11.49;741.28;0.00;0.00;0.00
28.01.2021;2:19:54;2.53;38.08;11.48;741.31;0.00;0.00;0.00
28.01.2021;2:20:54;2.50;38.10;11.49;741.31;0.00;0.00;0.00
28.01.2021;2:21:54;2.50;38.15;11.50;741.31;0.00;0.00;0.00
28.01.2021;2:22:54;2.51;38.21;11.51;741.30;0.00;0.00;0.00
28.01.2021;2:23:54;2.50;38.05;11.49;741.32;0.00;0.00;0.00
28.01.2021;2:24:54;2.50;37.98;11.48;741.30;0.00;0.00;0.00
28.01.2021;2:25:54;2.50;38.05;11.49;741.28;0.00;0.00;0.00
28.01.2021;2:26:54;2.50;38.14;11.50;741.29;0.00;0.00;0.00
28.01.2021;2:27:54;2.51;38.05;11.50;741.29;0.00;0.00;0.00
28.01.2021;2:28:54;2.50;37.95;11.49;741.24;0.00;0.00;0.00
28.01.2021;2:29:54;2.50;37.97;11.50;741.21;0.00;0.00;0.00
28.01.2021;2:30:54;2.53;38.01;11.50;741.20;0.00;0.00;0.00
28.01.2021;2:31:54;2.50;38.08;11.52;741.22;0.00;0.00;0.00
28.01.2021;2:32:54;2.50;37.97;11.50;741.23;0.00;0.00;0.00
28.01.2021;2:33:54;2.53;38.14;11.51;741.22;0.00;0.00;0.00
28.01.2021;2:34:54;2.50;38.18;11.50;741.20;0.00;0.00;0.00
28.01.2021;2:35:54;2.50;37.99;11.49;741.16;0.00;0.00;0.00
28.01.2021;2:36:54;2.51;38.19;11.51;741.11;0.00;0.00;0.00
28.01.2021;2:37:54;2.50;38.08;11.51;741.07;0.00;0.00;0.00
28.01.2021;2:38:54;2.50;38.04;11.51;741.05;0.00;0.00;0.00
28.01.2021;2:39:54;2.50;38.20;11.54;741.02;0.00;0.00;0.00
28.01.2021;2:40:54;2.50;38.12;11.53;741.01;0.00;0.00;0.00
28.01.2021;2:41:54;2.50;37.95;11.49;741.01;0.00;0.00;0.00
28.01.2021;2:42:55;2.50;37.98;11.50;741.03;0.00;0.00;0.00
28.01.2021;2:43:55;2.50;38.13;11.49;741.10;0.00;0.00;0.00
28.01.2021;2:44:55;2.53;38.24;11.50;741.12;0.00;0.00;0.00
28.01.2021;2:45:55;2.51;38.05;11.48;741.13;0.00;0.00;0.00
28.01.2021;2:46:55;2.53;38.15;11.49;741.13;0.00;0.00;0.00
28.01.2021;2:47:55;2.53;38.17;11.48;741.12;0.00;0.00;0.00
28.01.2021;2:48:55;2.50;38.08;11.47;741.10;0.00;0.00;0.00
28.01.2021;2:49:55;2.50;38.04;11.48;741.09;0.00;0.00;0.00
28.01.2021;2:50:55;2.51;38.04;11.47;741.04;0.00;0.00;0.00
28.01.2021;2:51:55;2.51;37.91;11.46;740.98;0.00;0.00;0.00
28.01.2021;2:52:55;2.50;37.95;11.45;740.97;0.00;0.00;0.00
28.01.2021;2:53:55;2.51;38.06;11.44;740.97;0.00;0.00;0.00
28.01.2021;2:54:55;2.50;38.41;11.46;740.99;0.00;0.00;0.00
28.01.2021;2:55:55;2.50;38.57;11.47;740.99;0.00;0.00;0.00
28.01.2021;2:56:55;2.50;38.91;11.50;741.00;0.00;0.00;0.00
28.01.2021;2:57:55;2.50;38.43;11.50;741.04;0.00;0.00;0.00
28.01.2021;2:58:55;2.54;37.90;11.48;741.05;0.00;0.00;0.00
28.01.2021;2:59:55;2.51;37.92;11.49;741.07;0.00;0.00;0.00
28.01.2021;3:00:55;2.50;37.99;11.46;741.08;0.00;0.00;0.00
28.01.2021;3:01:55;2.53;38.35;11.48;741.05;0.00;0.00;0.00
28.01.2021;3:02:55;2.51;38.09;11.45;741.01;0.00;0.00;0.00
28.01.2021;3:03:55;2.51;38.09;11.45;740.95;0.00;0.00;0.00
28.01.2021;3:04:55;2.53;38.09;11.43;740.94;0.00;0.00;0.00
28.01.2021;3:05:55;2.51;38.09;11.42;740.92;0.00;0.00;0.00
28.01.2021;3:06:55;2.51;38.35;11.45;740.90;0.00;0.00;0.00
28.01.2021;3:07:55;2.53;38.07;11.45;740.92;0.00;0.00;0.00
28.01.2021;3:08:55;2.50;38.07;11.43;740.90;0.00;0.00;0.00
28.01.2021;3:09:55;2.50;38.08;11.44;740.91;0.00;0.00;0.00
28.01.2021;3:10:55;2.51;38.03;11.42;740.91;0.00;0.00;0.00
28.01.2021;3:11:55;2.50;37.88;11.41;740.95;0.00;0.00;0.00
28.01.2021;3:12:55;2.56;37.95;11.41;740.93;0.00;0.00;0.00
28.01.2021;3:13:55;2.51;37.99;11.40;740.92;0.00;0.00;0.00
28.01.2021;3:14:56;2.51;38.01;11.38;740.92;0.00;0.00;0.00
28.01.2021;3:15:56;2.53;38.16;11.38;740.90;0.00;0.00;0.00
28.01.2021;3:16:56;2.50;38.20;11.39;740.88;0.00;0.00;0.00
28.01.2021;3:17:56;2.50;38.21;11.41;740.86;0.00;0.00;0.00
28.01.2021;3:18:56;2.51;38.14;11.39;740.85;0.00;0.00;0.00
28.01.2021;3:19:56;2.50;38.11;11.39;740.85;0.00;0.00;0.00
28.01.2021;3:20:56;2.50;38.08;11.40;740.81;0.00;0.00;0.00
28.01.2021;3:21:56;2.50;38.06;11.42;740.83;0.00;0.00;0.00
28.01.2021;3:22:56;2.50;38.00;11.41;740.85;0.00;0.00;0.00
28.01.2021;3:23:56;2.50;38.03;11.42;740.86;0.00;0.00;0.00
28.01.2021;3:24:56;2.53;38.37;11.46;740.85;0.00;0.00;0.00
28.01.2021;3:25:56;2.51;38.11;11.45;740.89;0.00;0.00;0.00
28.01.2021;3:26:56;2.54;38.18;11.48;740.87;0.00;0.00;0.00
28.01.2021;3:27:56;2.50;38.39;11.50;740.84;0.00;0.00;0.00
28.01.2021;3:28:56;2.50;38.29;11.50;740.82;0.00;0.00;0.00
28.01.2021;3:29:56;2.53;38.02;11.49;740.77;0.00;0.00;0.00
28.01.2021;3:30:56;2.50;38.08;11.51;740.76;0.00;0.00;0.00
28.01.2021;3:31:56;2.50;38.11;11.52;740.78;0.00;0.00;0.00
28.01.2021;3:32:56;2.51;38.02;11.52;740.76;0.00;0.00;0.00
28.01.2021;3:33:56;2.50;37.86;11.51;740.78;0.00;0.00;0.00
28.01.2021;3:34:56;2.50;37.90;11.53;740.75;0.00;0.00;0.00
28.01.2021;3:35:56;2.50;37.80;11.53;740.75;0.00;0.00;0.00
28.01.2021;3:36:56;2.50;37.58;11.53;740.73;0.00;0.00;0.00
28.01.2021;3:37:56;2.50;37.46;11.53;740.76;0.00;0.00;0.00
28.01.2021;3:38:56;2.51;37.49;11.50;740.79;0.00;0.00;0.00
28.01.2021;3:39:56;2.51;37.69;11.46;740.81;0.00;0.00;0.00
28.01.2021;3:40:56;2.51;37.75;11.43;740.84;0.00;0.00;0.00
28.01.2021;3:41:56;2.50;37.81;11.40;740.83;0.00;0.00;0.00
28.01.2021;3:42:56;2.50;37.92;11.39;740.80;0.00;0.00;0.00
28.01.2021;3:43:56;2.54;37.94;11.38;740.73;0.00;0.00;0.00
28.01.2021;3:44:56;2.50;37.88;11.36;740.69;0.00;0.00;0.00
28.01.2021;3:45:57;2.50;37.87;11.37;740.65;0.00;0.00;0.00
28.01.2021;3:46:57;2.51;37.88;11.37;740.63;0.00;0.00;0.00
28.01.2021;3:47:57;2.50;37.81;11.36;740.62;0.00;0.00;0.00
28.01.2021;3:48:57;2.50;37.85;11.36;740.63;0.00;0.00;0.00
28.01.2021;3:49:57;2.50;37.90;11.35;740.65;0.00;0.00;0.00
28.01.2021;3:50:57;2.50;37.99;11.34;740.64;0.00;0.00;0.00
28.01.2021;3:51:57;2.50;38.08;11.33;740.66;0.00;0.00;0.00
28.01.2021;3:52:57;2.51;38.07;11.32;740.68;0.00;0.00;0.00
28.01.2021;3:53:57;2.50;38.12;11.33;740.69;0.00;0.00;0.00
28.01.2021;3:54:57;2.53;38.08;11.34;740.67;0.00;0.00;0.00
28.01.2021;3:55:57;2.50;37.91;11.34;740.69;0.00;0.00;0.00
28.01.2021;3:56:57;2.50;37.87;11.35;740.66;0.00;0.00;0.00
28.01.2021;3:57:57;2.56;37.97;11.36;740.66;0.00;0.00;0.00
28.01.2021;3:58:57;2.50;37.85;11.35;740.65;0.00;0.00;0.00
28.01.2021;3:59:57;2.50;37.81;11.36;740.61;0.00;0.00;0.00
28.01.2021;4:00:57;2.51;37.85;11.35;740.61;0.00;0.00;0.00
28.01.2021;4:01:57;2.51;37.80;11.33;740.58;0.00;0.00;0.00
28.01.2021;4:02:57;2.51;37.92;11.34;740.56;0.00;0.00;0.00
28.01.2021;4:03:57;2.50;37.84;11.33;740.57;0.00;0.00;0.00
28.01.2021;4:04:57;2.50;37.78;11.33;740.57;0.00;0.00;0.00
28.01.2021;4:05:57;2.50;37.86;11.33;740.56;0.00;0.00;0.00
28.01.2021;4:06:57;2.50;37.86;11.32;740.53;0.00;0.00;0.00
28.01.2021;4:07:57;2.50;37.85;11.32;740.51;0.00;0.00;0.00
28.01.2021;4:08:57;2.53;37.77;11.30;740.50;0.00;0.00;0.00
28.01.2021;4:09:57;2.50;37.78;11.31;740.47;0.00;0.00;0.00
28.01.2021;4:10:57;2.50;37.84;11.28;740.47;0.00;0.00;0.00
28.01.2021;4:11:57;2.53;37.83;11.28;740.46;0.00;0.00;0.00
28.01.2021;4:12:57;2.50;37.96;11.29;740.47;0.00;0.00;0.00
28.01.2021;4:13:57;2.50;37.95;11.29;740.43;0.00;0.00;0.00
28.01.2021;4:14:57;2.51;37.92;11.28;740.41;0.00;0.00;0.00
28.01.2021;4:15:57;2.50;37.86;11.27;740.39;0.00;0.00;0.00
28.01.2021;4:16:58;2.50;37.79;11.28;740.40;0.00;0.00;0.00
28.01.2021;4:17:58;2.50;37.75;11.26;740.39;0.00;0.00;0.00
28.01.2021;4:18:58;2.53;37.89;11.24;740.39;0.00;0.00;0.00
28.01.2021;4:19:58;2.50;37.92;11.21;740.41;0.00;0.00;0.00
28.01.2021;4:20:58;2.50;38.02;11.21;740.41;0.00;0.00;0.00
28.01.2021;4:21:58;2.51;38.05;11.21;740.41;0.00;0.00;0.00
28.01.2021;4:22:58;2.53;37.96;11.20;740.39;0.00;0.00;0.00
28.01.2021;4:23:58;2.50;38.09;11.20;740.38;0.00;0.00;0.00
28.01.2021;4:24:58;2.50;38.14;11.18;740.35;0.00;0.00;0.00
28.01.2021;4:25:58;2.53;38.09;11.18;740.32;0.00;0.00;0.00
28.01.2021;4:26:58;2.50;38.05;11.17;740.32;0.00;0.00;0.00
28.01.2021;4:27:58;2.50;38.07;11.18;740.29;0.00;0.00;0.00
28.01.2021;4:28:58;2.51;37.99;11.17;740.28;0.00;0.00;0.00
28.01.2021;4:29:58;2.50;38.19;11.17;740.27;0.00;0.00;0.00
28.01.2021;4:30:58;2.50;38.24;11.19;740.26;0.00;0.00;0.00
28.01.2021;4:31:58;2.50;38.00;11.18;740.27;0.00;0.00;0.00
28.01.2021;4:32:58;2.50;37.90;11.18;740.27;0.00;0.00;0.00
28.01.2021;4:33:58;2.50;37.89;11.16;740.27;0.00;0.00;0.00
28.01.2021;4:34:58;2.50;37.96;11.13;740.29;0.00;0.00;0.00
28.01.2021;4:35:58;2.51;38.16;11.10;740.31;0.00;0.00;0.00
28.01.2021;4:36:58;2.53;38.15;11.09;740.26;0.00;0.00;0.00
28.01.2021;4:37:58;2.51;38.06;11.09;740.25;0.00;0.00;0.00
28.01.2021;4:38:58;2.50;38.35;11.12;740.26;0.00;0.00;0.00
28.01.2021;4:39:58;2.53;38.49;11.12;740.26;0.00;0.00;0.00
28.01.2021;4:40:58;2.50;38.37;11.12;740.27;0.00;0.00;0.00
28.01.2021;4:41:58;2.50;38.12;11.12;740.25;0.00;0.00;0.00
28.01.2021;4:42:58;2.51;38.13;11.12;740.26;0.00;0.00;0.00
28.01.2021;4:43:58;2.50;38.23;11.12;740.24;0.00;0.00;0.00
28.01.2021;4:44:58;2.50;38.32;11.13;740.24;0.00;0.00;0.00
28.01.2021;4:45:58;2.50;38.20;11.13;740.22;0.00;0.00;0.00
28.01.2021;4:46:58;2.51;38.03;11.13;740.22;0.00;0.00;0.00
28.01.2021;4:47:58;2.50;38.06;11.12;740.26;0.00;0.00;0.00
28.01.2021;4:48:59;2.50;38.16;11.11;740.30;0.00;0.00;0.00
28.01.2021;4:49:59;2.50;38.31;11.11;740.32;0.00;0.00;0.00
28.01.2021;4:50:59;2.53;38.19;11.09;740.39;0.00;0.00;0.00
28.01.2021;4:51:59;2.50;38.21;11.08;740.41;0.00;0.00;0.00
28.01.2021;4:52:59;2.51;38.15;11.09;740.46;0.00;0.00;0.00
28.01.2021;4:53:59;2.53;38.19;11.09;740.51;0.00;0.00;0.00
28.01.2021;4:54:59;2.50;38.27;11.09;740.52;0.00;0.00;0.00
28.01.2021;4:55:59;2.50;38.25;11.11;740.53;0.00;0.00;0.00
28.01.2021;4:56:59;2.51;38.26;11.10;740.52;0.00;0.00;0.00
28.01.2021;4:57:59;2.50;38.26;11.13;740.47;0.00;0.00;0.00
28.01.2021;4:58:59;2.50;38.19;11.14;740.47;0.00;0.00;0.00
28.01.2021;4:59:59;2.51;38.40;11.19;740.46;0.00;0.00;0.00
28.01.2021;5:00:59;2.51;38.18;11.18;740.46;0.00;0.00;0.00
28.01.2021;5:01:59;2.50;38.15;11.20;740.47;0.00;0.00;0.00
28.01.2021;5:02:59;2.50;38.10;11.21;740.47;0.00;0.00;0.00
28.01.2021;5:03:59;2.50;38.03;11.22;740.46;0.00;0.00;0.00
28.01.2021;5:04:59;2.53;38.02;11.23;740.45;0.00;0.00;0.00
28.01.2021;5:05:59;2.50;37.92;11.22;740.45;0.00;0.00;0.00
28.01.2021;5:06:59;2.53;38.02;11.24;740.45;0.00;0.00;0.00
28.01.2021;5:07:59;2.54;38.00;11.22;740.46;0.00;0.00;0.00
28.01.2021;5:08:59;2.50;37.90;11.24;740.45;0.00;0.00;0.00
28.01.2021;5:09:59;2.50;37.95;11.26;740.45;0.00;0.00;0.00
28.01.2021;5:10:59;2.51;37.92;11.24;740.44;0.00;0.00;0.00
28.01.2021;5:11:59;2.50;38.09;11.25;740.42;0.00;0.00;0.00
28.01.2021;5:12:59;2.50;38.15;11.27;740.43;0.00;0.00;0.00
28.01.2021;5:13:59;2.50;37.92;11.24;740.41;0.00;0.00;0.00
28.01.2021;5:14:59;2.50;37.83;11.23;740.40;0.00;0.00;0.00
28.01.2021;5:15:59;2.50;37.94;11.21;740.42;0.00;0.00;0.00
28.01.2021;5:16:59;2.50;38.00;11.21;740.40;0.00;0.00;0.00
28.01.2021;5:17:59;2.50;38.25;11.23;740.38;0.00;0.00;0.00
28.01.2021;5:18:59;2.54;38.31;11.23;740.35;0.00;0.00;0.00
28.01.2021;5:20:00;2.50;38.08;11.24;740.34;0.00;0.00;0.00
28.01.2021;5:21:00;2.50;38.04;11.25;740.31;0.00;0.00;0.00
28.01.2021;5:22:00;2.53;37.98;11.25;740.33;0.00;0.00;0.00
28.01.2021;5:23:00;2.50;37.82;11.25;740.33;0.00;0.00;0.00
28.01.2021;5:24:00;2.50;37.84;11.25;740.36;0.00;0.00;0.00
28.01.2021;5:25:00;2.51;38.00;11.25;740.38;0.00;0.00;0.00
28.01.2021;5:26:00;2.51;38.08;11.25;740.39;0.00;0.00;0.00
28.01.2021;5:27:00;2.50;38.01;11.24;740.41;0.00;0.00;0.00
28.01.2021;5:28:00;2.50;38.03;11.23;740.40;0.00;0.00;0.00
28.01.2021;5:29:00;2.53;37.89;11.23;740.36;0.00;0.00;0.00
28.01.2021;5:30:00;2.50;37.69;11.22;740.34;0.00;0.00;0.00
28.01.2021;5:31:00;2.51;37.81;11.19;740.33;0.00;0.00;0.00
28.01.2021;5:32:00;2.50;37.86;11.16;740.32;0.00;0.00;0.00
28.01.2021;5:33:00;2.53;37.92;11.14;740.28;0.00;0.00;0.00
28.01.2021;5:34:00;2.50;37.92;11.12;740.28;0.00;0.00;0.00
28.01.2021;5:35:00;2.50;38.02;11.10;740.28;0.00;0.00;0.00
28.01.2021;5:36:00;2.53;38.15;11.09;740.31;0.00;0.00;0.00
28.01.2021;5:37:00;2.50;38.21;11.08;740.33;0.00;0.00;0.00
28.01.2021;5:38:00;2.50;38.43;11.11;740.36;0.00;0.00;0.00
28.01.2021;5:39:00;2.51;38.39;11.12;740.41;0.00;0.00;0.00
28.01.2021;5:40:00;2.50;38.29;11.11;740.41;0.00;0.00;0.00
28.01.2021;5:41:00;2.50;38.18;11.13;740.41;0.00;0.00;0.00
28.01.2021;5:42:00;2.51;38.14;11.12;740.39;0.00;0.00;0.00
28.01.2021;5:43:00;2.51;38.07;11.13;740.36;0.00;0.00;0.00
28.01.2021;5:44:00;2.50;38.14;11.12;740.33;0.00;0.00;0.00
28.01.2021;5:45:00;2.50;38.13;11.13;740.29;0.00;0.00;0.00
28.01.2021;5:46:00;2.50;38.16;11.12;740.28;0.00;0.00;0.00
28.01.2021;5:47:00;2.53;38.14;11.10;740.26;0.00;0.00;0.00
28.01.2021;5:48:00;2.50;38.16;11.11;740.25;0.00;0.00;0.00
28.01.2021;5:49:00;2.50;38.02;11.09;740.24;0.00;0.00;0.00
28.01.2021;5:50:00;2.53;38.32;11.09;740.24;0.00;0.00;0.00
28.01.2021;5:51:01;2.50;38.20;11.05;740.25;0.00;0.00;0.00
28.01.2021;5:52:01;2.50;38.26;11.04;740.27;0.00;0.00;0.00
28.01.2021;5:53:01;2.51;38.21;11.02;740.28;0.00;0.00;0.00
28.01.2021;5:54:01;2.50;38.25;11.01;740.30;0.00;0.00;0.00
28.01.2021;5:55:01;2.50;38.29;11.02;740.31;0.00;0.00;0.00
28.01.2021;5:56:01;2.51;38.41;11.03;740.29;0.00;0.00;0.00
28.01.2021;5:57:01;2.50;38.34;11.03;740.27;0.00;0.00;0.00
28.01.2021;5:58:01;2.50;38.18;11.04;740.26;0.00;0.00;0.00
28.01.2021;5:59:01;2.50;38.21;11.04;740.29;0.00;0.00;0.00
28.01.2021;6:00:01;2.50;38.32;11.03;740.27;0.00;0.00;0.00
28.01.2021;6:01:01;2.56;38.44;11.04;740.29;0.00;0.00;0.00
28.01.2021;6:02:01;2.53;38.28;11.03;740.28;0.00;0.00;0.00
28.01.2021;6:03:01;2.57;38.33;11.03;740.30;0.00;0.00;0.00
28.01.2021;6:04:01;2.63;38.41;11.04;740.28;0.00;0.00;0.00
28.01.2021;6:05:01;2.60;38.30;11.04;740.27;0.00;0.00;0.00
28.01.2021;6:06:01;2.61;38.31;11.05;740.28;0.00;0.00;0.00
28.01.2021;6:07:01;2.63;38.37;11.05;740.28;0.00;0.00;0.00
28.01.2021;6:08:01;2.56;38.26;11.05;740.31;0.00;0.00;0.00
28.01.2021;6:09:01;2.61;38.32;11.07;740.32;0.00;0.00;0.00
28.01.2021;6:10:01;2.69;38.28;11.07;740.34;0.00;0.00;0.00
28.01.2021;6:11:01;2.64;38.21;11.06;740.37;0.00;0.00;0.00
28.01.2021;6:12:01;2.67;38.24;11.07;740.38;0.00;0.00;0.00
28.01.2021;6:13:01;2.75;38.33;11.08;740.37;0.00;0.00;0.00
28.01.2021;6:14:01;2.70;38.28;11.07;740.37;0.00;0.00;0.00
28.01.2021;6:15:01;2.69;38.28;11.07;740.37;0.00;0.00;0.00
28.01.2021;6:16:01;2.78;38.25;11.08;740.36;0.00;0.00;0.00
28.01.2021;6:17:01;2.70;38.21;11.08;740.36;0.00;0.00;0.00
28.01.2021;6:18:01;2.67;38.24;11.07;740.40;0.00;0.00;0.00
28.01.2021;6:19:01;2.72;38.21;11.05;740.37;0.00;0.00;0.00
28.01.2021;6:20:01;2.66;38.20;11.07;740.37;0.00;0.00;0.00
28.01.2021;6:21:01;2.69;38.30;11.07;740.37;0.00;0.00;0.00
28.01.2021;6:22:01;2.71;38.42;11.09;740.34;0.00;0.00;0.00
28.01.2021;6:23:02;2.63;38.26;11.07;740.35;0.00;0.00;0.00
28.01.2021;6:24:02;2.64;38.34;11.09;740.33;0.00;0.00;0.00
28.01.2021;6:25:02;2.67;38.26;11.11;740.35;0.00;0.00;0.00
28.01.2021;6:26:02;2.63;38.22;11.12;740.37;0.00;0.00;0.00
28.01.2021;6:27:02;2.57;38.36;11.14;740.39;0.00;0.00;0.00
28.01.2021;6:28:02;2.66;38.49;11.15;740.40;0.00;0.00;0.00
28.01.2021;6:29:02;2.69;38.30;11.14;740.41;0.00;0.00;0.00
28.01.2021;6:30:02;2.72;38.24;11.13;740.40;0.00;0.00;0.00
28.01.2021;6:31:02;2.70;38.31;11.14;740.38;0.00;0.00;0.00
28.01.2021;6:32:02;2.71;38.26;11.15;740.37;0.00;0.00;0.00
28.01.2021;6:33:02;2.57;38.22;11.15;740.33;0.00;0.00;0.00
28.01.2021;6:34:02;2.71;38.07;11.15;740.30;0.00;0.00;0.00
28.01.2021;6:35:02;2.67;38.07;11.15;740.27;0.00;0.00;0.00
28.01.2021;6:36:02;2.60;38.09;11.14;740.27;0.00;0.00;0.00
28.01.2021;6:37:02;2.63;38.12;11.15;740.30;0.00;0.00;0.00
28.01.2021;6:38:02;2.54;38.13;11.13;740.30;0.00;0.00;0.00
28.01.2021;6:39:02;2.64;38.23;11.14;740.31;0.00;0.00;0.00
28.01.2021;6:40:02;2.58;38.28;11.16;740.32;0.00;0.00;0.00
28.01.2021;6:41:02;2.57;38.25;11.15;740.30;0.00;0.00;0.00
28.01.2021;6:42:02;2.63;38.30;11.15;740.24;0.00;0.00;0.00
28.01.2021;6:43:02;2.56;38.34;11.17;740.22;0.00;0.00;0.00
28.01.2021;6:44:02;2.54;38.23;11.18;740.19;0.00;0.00;0.00
28.01.2021;6:45:02;2.61;38.17;11.19;740.18;0.00;0.00;0.00
28.01.2021;6:46:02;2.61;38.18;11.19;740.20;0.00;0.00;0.00
28.01.2021;6:47:02;2.58;38.04;11.17;740.20;0.00;0.00;0.00
28.01.2021;6:48:02;2.51;38.04;11.16;740.21;0.00;0.00;0.00
28.01.2021;6:49:02;2.56;38.17;11.14;740.23;0.00;0.00;0.00
28.01.2021;6:50:02;2.57;38.31;11.15;740.21;0.00;0.00;0.00
28.01.2021;6:51:02;2.57;38.26;11.14;740.23;0.00;0.00;0.00
28.01.2021;6:52:02;2.63;38.26;11.14;740.23;0.00;0.00;0.00
28.01.2021;6:53:02;2.57;38.26;11.15;740.21;0.00;0.00;0.00
28.01.2021;6:54:02;2.58;38.18;11.13;740.19;0.00;0.00;0.00
28.01.2021;6:55:03;2.60;38.30;11.13;740.21;0.00;0.00;0.00
28.01.2021;6:56:03;2.73;38.34;11.09;740.22;0.00;0.00;0.00
28.01.2021;6:57:03;2.76;38.42;11.12;740.24;0.00;0.00;0.00
28.01.2021;6:58:03;2.86;38.35;11.10;740.24;0.00;0.00;0.00
28.01.2021;6:59:03;3.06;38.29;11.09;740.19;0.00;0.00;0.00
28.01.2021;7:00:03;3.10;38.25;11.10;740.15;0.00;0.00;0.00
28.01.2021;7:01:03;3.22;38.36;11.10;740.16;0.00;0.00;0.00
28.01.2021;7:02:03;3.32;38.42;11.11;740.10;0.00;0.00;0.00
28.01.2021;7:03:03;3.33;38.43;11.10;740.05;0.00;0.00;0.00
28.01.2021;7:04:03;3.33;38.49;11.08;739.99;0.00;0.00;0.00
28.01.2021;7:05:03;3.33;38.47;11.09;739.96;0.00;0.00;0.00
28.01.2021;7:06:03;3.33;38.40;11.10;739.95;0.00;0.00;0.00
28.01.2021;7:07:03;3.33;38.36;11.11;739.93;0.00;0.00;0.00
28.01.2021;7:08:03;3.33;38.41;11.12;739.93;0.00;0.00;0.00
28.01.2021;7:09:03;3.33;38.38;11.11;739.94;0.00;0.00;0.00
28.01.2021;7:10:03;3.33;38.34;11.10;739.91;0.00;0.00;0.00
28.01.2021;7:11:03;3.35;38.39;11.12;739.91;0.00;0.00;0.00
28.01.2021;7:12:03;3.33;38.43;11.12;739.90;0.00;0.00;0.00
28.01.2021;7:13:03;3.33;38.49;11.12;739.90;0.00;0.00;0.00
28.01.2021;7:14:03;3.85;38.55;11.15;739.88;0.00;0.00;0.00
28.01.2021;7:15:03;4.17;38.44;11.15;739.91;0.00;0.00;0.00
28.01.2021;7:16:03;4.17;38.53;11.18;739.93;0.00;0.00;0.00
28.01.2021;7:17:03;4.22;38.48;11.19;739.96;0.00;0.00;0.00
28.01.2021;7:18:03;4.24;38.41;11.19;740.00;0.00;0.00;0.00
28.01.2021;7:19:03;4.90;38.32;11.20;740.00;0.00;0.00;0.00
28.01.2021;7:20:03;5.00;38.45;11.24;740.03;0.00;0.00;0.00
28.01.2021;7:21:03;5.56;38.43;11.27;740.06;0.00;0.00;0.00
28.01.2021;7:22:03;6.07;38.41;11.27;740.06;0.00;0.00;0.00
28.01.2021;7:23:03;6.67;38.33;11.29;740.03;0.00;0.00;0.00
28.01.2021;7:24:03;7.05;38.16;11.26;739.99;0.00;0.00;0.00
28.01.2021;7:25:03;8.14;38.04;11.25;739.99;0.00;0.00;0.00
28.01.2021;7:26:04;9.14;38.13;11.24;739.97;0.00;0.00;0.00
28.01.2021;7:27:04;9.58;38.13;11.22;739.96;0.00;0.00;0.00
28.01.2021;7:28:04;10.21;38.18;11.21;739.96;0.00;0.00;0.00
28.01.2021;7:29:04;10.93;38.19;11.22;739.95;0.00;0.00;0.00
28.01.2021;7:30:04;11.74;38.26;11.22;739.96;0.00;0.00;0.00
28.01.2021;7:31:04;13.19;38.26;11.23;739.97;0.00;0.00;0.00
28.01.2021;7:32:04;15.06;38.37;11.23;739.98;0.00;0.00;0.00
28.01.2021;7:33:04;15.89;38.45;11.25;739.95;0.00;0.00;0.00
28.01.2021;7:34:04;16.67;38.44;11.25;739.96;0.00;0.00;0.00
28.01.2021;7:35:04;17.50;38.40;11.28;739.95;0.00;0.00;0.00
28.01.2021;7:36:04;19.39;38.46;11.30;739.94;0.00;0.00;0.00
28.01.2021;7:37:04;22.18;38.34;11.29;739.98;0.01;0.00;0.00
28.01.2021;7:38:04;22.61;38.32;11.31;739.96;0.01;0.00;0.00
28.01.2021;7:39:04;24.35;38.24;11.32;739.97;0.01;0.00;0.00
28.01.2021;7:40:04;26.40;38.22;11.31;739.99;0.02;0.00;0.00
28.01.2021;7:41:04;27.67;38.15;11.30;739.95;0.02;0.00;0.00
28.01.2021;7:42:04;29.25;38.08;11.30;739.94;0.02;0.00;0.00
28.01.2021;7:43:04;31.92;38.29;11.31;739.94;0.03;0.00;0.00
28.01.2021;7:44:04;34.08;38.24;11.32;739.93;0.03;0.00;0.00
28.01.2021;7:45:04;35.75;38.37;11.32;739.92;0.04;0.00;0.00
28.01.2021;7:46:04;37.44;38.29;11.30;739.92;0.04;0.00;0.00
28.01.2021;7:47:04;40.55;38.28;11.28;739.95;0.05;0.00;0.00
28.01.2021;7:48:04;39.29;38.33;11.28;739.92;0.05;0.00;0.00
28.01.2021;7:49:04;42.36;38.50;11.31;739.92;0.06;0.00;0.00
28.01.2021;7:50:04;45.14;38.33;11.29;739.90;0.07;0.00;0.00
28.01.2021;7:51:04;48.11;38.20;11.29;739.92;0.08;0.00;0.00
28.01.2021;7:52:04;49.62;38.27;11.31;739.92;0.09;0.00;0.00
28.01.2021;7:53:04;48.56;38.31;11.33;739.93;0.09;0.00;0.00
28.01.2021;7:54:04;49.92;38.35;11.34;739.93;0.09;0.00;0.00
28.01.2021;7:55:05;53.49;38.31;11.34;739.96;0.11;0.00;0.00
28.01.2021;7:56:05;56.89;38.42;11.36;739.95;0.12;0.00;0.00
28.01.2021;7:57:05;59.26;38.28;11.35;739.93;0.13;0.00;0.00
28.01.2021;7:58:05;60.06;38.08;11.34;739.90;0.14;0.00;0.00
28.01.2021;7:59:05;63.29;38.08;11.33;739.90;0.15;0.00;0.00
28.01.2021;8:00:05;66.11;38.10;11.31;739.91;0.16;0.00;0.00
28.01.2021;8:01:05;65.85;38.10;11.31;739.93;0.16;0.00;0.00
28.01.2021;8:02:05;70.15;38.14;11.29;739.95;0.18;0.00;0.00
28.01.2021;8:03:05;73.72;38.30;11.30;739.94;0.19;0.00;0.00
28.01.2021;8:04:05;73.09;38.20;11.28;739.94;0.19;0.00;0.00
28.01.2021;8:05:05;76.94;38.26;11.28;739.96;0.20;0.00;0.00
28.01.2021;8:06:05;82.22;38.28;11.29;739.95;0.23;0.00;0.00
28.01.2021;8:07:05;84.75;38.24;11.28;739.98;0.24;0.00;0.00
28.01.2021;8:08:05;90.00;38.31;11.31;739.97;0.26;0.00;0.00
28.01.2021;8:09:05;101.86;38.31;11.32;739.97;0.30;0.00;0.00
28.01.2021;8:10:05;113.22;38.66;11.33;739.97;0.34;0.00;0.00
28.01.2021;8:11:05;115.21;38.47;11.36;739.97;0.35;0.00;0.00
28.01.2021;8:12:05;119.41;38.29;11.36;740.01;0.36;0.00;0.00
28.01.2021;8:13:05;116.18;38.18;11.36;740.01;0.34;0.00;0.00
28.01.2021;8:14:05;127.68;38.25;11.38;740.03;0.38;0.00;0.00
28.01.2021;8:15:05;128.83;38.07;11.35;739.99;0.39;0.00;0.00
28.01.2021;8:16:05;128.00;37.90;11.33;740.00;0.39;0.00;0.00
28.01.2021;8:17:05;130.94;38.02;11.32;739.99;0.40;0.00;0.00
28.01.2021;8:18:05;139.93;38.17;11.32;740.00;0.43;0.01;0.00
28.01.2021;8:19:05;143.78;38.32;11.33;740.01;0.45;0.04;0.02
28.01.2021;8:20:05;159.10;38.19;11.29;739.99;0.50;0.13;0.06
28.01.2021;8:21:05;165.36;38.25;11.30;740.01;0.51;0.18;0.09
28.01.2021;8:22:05;183.58;38.36;11.32;740.01;0.58;0.28;0.16
28.01.2021;8:23:06;194.08;38.44;11.34;740.00;0.61;0.34;0.21
28.01.2021;8:24:06;175.43;38.34;11.35;739.98;0.54;0.22;0.12
28.01.2021;8:25:06;180.58;38.27;11.34;739.99;0.56;0.27;0.15
28.01.2021;8:26:06;188.43;38.20;11.34;739.98;0.59;0.30;0.18
28.01.2021;8:27:06;188.10;38.26;11.35;739.97;0.58;0.30;0.17
28.01.2021;8:28:06;167.91;38.27;11.35;739.97;0.52;0.19;0.10
28.01.2021;8:29:06;189.71;38.36;11.36;739.97;0.58;0.29;0.17
28.01.2021;8:30:06;183.88;38.22;11.35;739.97;0.56;0.27;0.15
28.01.2021;8:31:06;178.90;38.17;11.36;739.96;0.54;0.23;0.13
28.01.2021;8:32:06;185.13;38.15;11.35;739.97;0.56;0.26;0.14
28.01.2021;8:33:06;181.19;38.40;11.37;739.96;0.54;0.21;0.12
28.01.2021;8:34:06;195.47;38.26;11.35;739.95;0.59;0.31;0.18
28.01.2021;8:35:06;203.79;38.19;11.34;739.94;0.62;0.36;0.22
28.01.2021;8:36:06;214.31;38.24;11.35;739.93;0.65;0.40;0.26
28.01.2021;8:37:06;214.68;38.27;11.34;739.91;0.65;0.40;0.26
28.01.2021;8:38:06;205.33;38.19;11.33;739.93;0.62;0.35;0.22
28.01.2021;8:39:06;206.97;38.22;11.34;739.91;0.62;0.35;0.22
28.01.2021;8:40:06;211.72;38.17;11.32;739.90;0.63;0.38;0.24
28.01.2021;8:41:06;203.82;38.22;11.32;739.88;0.61;0.34;0.21
28.01.2021;8:42:06;188.11;38.29;11.32;739.90;0.55;0.23;0.13
28.01.2021;8:43:06;197.14;38.32;11.31;739.91;0.58;0.29;0.17
28.01.2021;8:44:06;191.03;38.32;11.29;739.93;0.55;0.24;0.13
28.01.2021;8:45:06;177.35;38.31;11.29;739.91;0.51;0.17;0.09
28.01.2021;8:46:06;164.22;38.43;11.30;739.91;0.47;0.09;0.04
28.01.2021;8:47:06;182.49;38.54;11.31;739.90;0.53;0.20;0.11
28.01.2021;8:48:06;193.01;38.52;11.30;739.88;0.56;0.25;0.14
28.01.2021;8:49:06;204.27;38.42;11.30;739.86;0.60;0.31;0.18
28.01.2021;8:50:06;216.24;38.39;11.31;739.81;0.63;0.37;0.24
28.01.2021;8:51:07;215.01;38.60;11.36;739.79;0.63;0.37;0.24
28.01.2021;8:52:07;212.29;38.52;11.38;739.73;0.62;0.36;0.22
28.01.2021;8:53:07;234.97;38.43;11.39;739.72;0.69;0.45;0.31
28.01.2021;8:54:07;253.77;38.28;11.37;739.72;0.75;0.54;0.41
28.01.2021;8:55:07;262.86;38.30;11.39;739.71;0.78;0.60;0.46
28.01.2021;8:56:07;255.61;38.30;11.39;739.72;0.76;0.56;0.43
28.01.2021;8:57:07;245.04;38.35;11.39;739.73;0.72;0.51;0.37
28.01.2021;8:58:07;291.88;38.42;11.41;739.77;0.87;0.75;0.65
28.01.2021;8:59:07;299.60;38.46;11.44;739.75;0.88;0.78;0.69
28.01.2021;9:00:07;303.75;38.36;11.43;739.78;0.90;0.80;0.72
28.01.2021;9:01:07;312.29;38.38;11.46;739.78;0.93;0.85;0.79
28.01.2021;9:02:07;319.82;38.38;11.48;739.77;0.95;0.89;0.84
28.01.2021;9:03:07;354.15;38.39;11.50;739.76;1.04;1.03;1.08
28.01.2021;9:04:07;367.85;38.32;11.52;739.75;1.09;1.11;1.20
28.01.2021;9:05:07;373.10;38.19;11.52;739.73;1.10;1.14;1.26
28.01.2021;9:06:07;361.30;38.13;11.52;739.72;1.07;1.09;1.17
28.01.2021;9:07:07;380.87;38.18;11.52;739.73;1.13;1.20;1.36
28.01.2021;9:08:07;409.06;38.24;11.53;739.70;1.21;1.32;1.59
28.01.2021;9:09:07;429.00;38.23;11.53;739.68;1.27;1.42;1.79
28.01.2021;9:10:07;461.32;38.32;11.55;739.66;1.35;1.54;2.09
28.01.2021;9:11:07;533.83;38.25;11.57;739.65;1.55;1.89;2.93
28.01.2021;9:12:07;558.50;38.17;11.57;739.64;1.63;2.02;3.28
28.01.2021;9:13:07;560.01;38.17;11.57;739.62;1.63;2.00;3.26
28.01.2021;9:14:07;607.74;38.20;11.60;739.61;1.75;2.14;3.76
28.01.2021;9:15:07;586.65;38.09;11.63;739.56;1.70;2.08;3.52
28.01.2021;9:16:07;580.68;38.06;11.64;739.55;1.67;2.08;3.48
28.01.2021;9:17:07;578.47;38.07;11.64;739.52;1.66;2.04;3.38
28.01.2021;9:18:08;583.95;38.10;11.65;739.53;1.66;2.05;3.41
28.01.2021;9:19:08;602.76;37.98;11.64;739.52;1.71;2.09;3.57
28.01.2021;9:20:08;593.00;37.94;11.65;739.50;1.69;2.07;3.49
28.01.2021;9:21:08;517.82;38.02;11.67;739.47;1.49;1.77;2.64
28.01.2021;9:22:08;524.26;37.97;11.66;739.49;1.50;1.80;2.71
28.01.2021;9:23:08;588.50;37.96;11.66;739.49;1.67;2.07;3.46
28.01.2021;9:24:08;600.49;37.98;11.66;739.48;1.71;2.09;3.57
28.01.2021;9:25:08;638.25;37.91;11.66;739.49;1.81;2.20;3.97
28.01.2021;9:26:08;678.90;37.96;11.70;739.49;1.91;2.39;4.56
28.01.2021;9:27:08;728.97;37.81;11.70;739.51;2.04;2.65;5.39
28.01.2021;9:28:08;723.38;37.72;11.71;739.51;2.03;2.64;5.36
28.01.2021;9:29:08;752.12;37.81;11.72;739.54;2.09;2.73;5.70
28.01.2021;9:30:08;787.17;37.93;11.75;739.56;2.17;2.87;6.23
28.01.2021;9:31:08;725.94;37.80;11.75;739.57;2.03;2.63;5.34
28.01.2021;9:32:08;779.19;37.76;11.77;739.58;2.15;2.84;6.10
28.01.2021;9:33:08;767.39;37.77;11.79;739.62;2.12;2.80;5.92
28.01.2021;9:34:08;729.50;37.78;11.80;739.64;2.03;2.62;5.30
28.01.2021;9:35:08;704.55;37.95;11.83;739.63;1.96;2.51;4.91
28.01.2021;9:36:08;728.17;37.80;11.84;739.66;2.01;2.60;5.23
28.01.2021;9:37:08;710.85;37.62;11.82;739.65;1.97;2.52;4.95
28.01.2021;9:38:08;733.38;37.68;11.84;739.66;2.01;2.60;5.24
28.01.2021;9:39:08;724.60;37.69;11.84;739.69;1.99;2.57;5.11
28.01.2021;9:40:08;735.35;37.69;11.84;739.69;2.02;2.62;5.29
28.01.2021;9:41:08;724.50;37.70;11.86;739.70;1.99;2.55;5.08
28.01.2021;9:42:08;669.97;37.70;11.86;739.68;1.86;2.30;4.28
28.01.2021;9:43:08;687.49;37.76;11.85;739.66;1.90;2.38;4.53
28.01.2021;9:44:08;727.72;37.68;11.84;739.68;2.00;2.59;5.18
28.01.2021;9:45:09;726.36;37.78;11.86;739.66;2.00;2.58;5.16
28.01.2021;9:46:09;700.01;37.84;11.89;739.62;1.93;2.44;4.70
28.01.2021;9:47:09;774.96;37.81;11.88;739.61;2.11;2.76;5.83
28.01.2021;9:48:09;793.07;37.81;11.89;739.58;2.16;2.85;6.16
28.01.2021;9:49:09;810.07;37.84;11.91;739.56;2.20;2.91;6.40
28.01.2021;9:50:09;799.07;37.80;11.91;739.54;2.17;2.87;6.23
28.01.2021;9:51:09;836.25;37.76;11.91;739.55;2.26;3.03;6.85
28.01.2021;9:52:09;831.54;37.77;11.90;739.54;2.24;2.99;6.69
28.01.2021;9:53:09;846.62;37.86;11.93;739.55;2.28;3.06;6.98
28.01.2021;9:54:09;808.40;37.85;11.94;739.57;2.18;2.89;6.32
28.01.2021;9:55:09;751.47;37.88;11.94;739.57;2.04;2.66;5.44
28.01.2021;9:56:09;823.93;37.82;11.94;739.61;2.21;2.94;6.50
28.01.2021;9:57:09;876.26;37.81;11.94;739.63;2.32;3.12;7.25
28.01.2021;9:58:09;784.72;37.74;11.94;739.63;2.12;2.78;5.89
28.01.2021;9:59:09;854.56;37.83;11.98;739.63;2.27;3.05;6.92
28.01.2021;10:00:09;865.71;37.77;12.00;739.65;2.29;3.07;7.04
28.01.2021;10:01:09;852.65;37.74;12.00;739.67;2.25;3.01;6.79
28.01.2021;10:02:09;827.74;37.74;12.02;739.67;2.19;2.92;6.39
28.01.2021;10:03:09;805.88;37.81;12.04;739.67;2.15;2.83;6.07
28.01.2021;10:04:09;832.98;37.75;12.04;739.70;2.21;2.94;6.49
28.01.2021;10:05:09;816.53;37.71;12.03;739.73;2.17;2.87;6.24
28.01.2021;10:06:09;843.79;37.78;12.06;739.74;2.24;2.99;6.72
28.01.2021;10:07:09;787.95;37.72;12.08;739.76;2.12;2.80;5.94
28.01.2021;10:08:09;781.65;37.70;12.09;739.80;2.10;2.75;5.77
28.01.2021;10:09:09;852.73;37.74;12.11;739.85;2.24;3.00;6.73
28.01.2021;10:10:09;747.01;37.81;12.14;739.88;2.01;2.58;5.18
28.01.2021;10:11:09;775.68;37.71;12.13;739.92;2.07;2.69;5.57
28.01.2021;10:12:10;799.93;37.65;12.13;739.96;2.12;2.79;5.90
28.01.2021;10:13:10;777.57;37.63;12.14;739.93;2.08;2.70;5.62
28.01.2021;10:14:10;801.51;37.59;12.13;739.92;2.13;2.82;6.01
28.01.2021;10:15:10;826.85;37.59;12.15;739.87;2.19;2.91;6.36
28.01.2021;10:16:10;900.40;37.57;12.17;739.82;2.35;3.16;7.42
28.01.2021;10:17:10;914.68;37.54;12.18;739.77;2.38;3.21;7.63
28.01.2021;10:18:10;1081.35;37.49;12.19;739.75;2.72;3.78;10.29
28.01.2021;10:19:10;1152.97;37.46;12.24;739.74;2.86;4.02;11.49
28.01.2021;10:20:10;1124.67;37.32;12.26;739.71;2.78;3.88;10.77
28.01.2021;10:21:10;1199.15;37.28;12.26;739.71;2.92;4.10;11.97
28.01.2021;10:22:10;1211.11;37.24;12.25;739.68;2.94;4.15;12.23
28.01.2021;10:23:10;1256.10;37.19;12.26;739.64;3.02;4.29;12.94
28.01.2021;10:24:10;1227.30;37.22;12.27;739.61;2.98;4.22;12.59
28.01.2021;10:25:10;1208.24;37.30;12.29;739.58;2.95;4.17;12.32
28.01.2021;10:26:10;1303.67;37.23;12.28;739.56;3.09;4.40;13.62
28.01.2021;10:27:10;1425.26;37.24;12.29;739.55;3.28;4.70;15.43
28.01.2021;10:28:10;1355.89;37.26;12.32;739.53;3.17;4.53;14.35
28.01.2021;10:29:10;1476.98;37.21;12.34;739.53;3.34;4.82;16.08
28.01.2021;10:30:10;1531.76;37.16;12.38;739.52;3.42;4.94;16.90
28.01.2021;10:31:10;1567.61;37.12;12.42;739.52;3.46;5.01;17.33
28.01.2021;10:32:10;1592.49;37.08;12.42;739.54;3.50;5.08;17.76
28.01.2021;10:33:10;1541.90;37.03;12.42;739.57;3.42;4.95;16.95
28.01.2021;10:34:10;1530.68;37.05;12.45;739.63;3.41;4.92;16.79
28.01.2021;10:35:10;1390.39;37.04;12.47;739.65;3.21;4.61;14.81
28.01.2021;10:36:10;1327.61;37.02;12.46;739.68;3.12;4.45;13.86
28.01.2021;10:37:11;1382.06;37.00;12.44;739.69;3.20;4.58;14.67
28.01.2021;10:38:11;1392.96;37.04;12.47;739.66;3.21;4.60;14.79
28.01.2021;10:39:11;1525.24;37.01;12.46;739.62;3.39;4.90;16.61
28.01.2021;10:40:11;1545.04;37.06;12.49;739.59;3.41;4.93;16.81
28.01.2021;10:41:11;1498.09;37.01;12.50;739.55;3.36;4.85;16.31
28.01.2021;10:42:11;1529.82;36.90;12.51;739.54;3.41;4.93;16.80
28.01.2021;10:43:11;1520.57;36.87;12.53;739.57;3.38;4.89;16.53
28.01.2021;10:44:11;1448.82;36.90;12.54;739.61;3.28;4.71;15.43
28.01.2021;10:45:11;1340.78;37.00;12.55;739.62;3.11;4.42;13.77
28.01.2021;10:46:11;1306.16;36.96;12.57;739.65;3.08;4.37;13.46
28.01.2021;10:47:11;1231.92;36.86;12.54;739.60;2.95;4.16;12.25
28.01.2021;10:48:11;1351.58;36.76;12.52;739.60;3.16;4.50;14.21
28.01.2021;10:49:11;1309.97;36.84;12.52;739.57;3.10;4.42;13.71
28.01.2021;10:50:11;1389.68;36.82;12.50;739.55;3.21;4.60;14.77
28.01.2021;10:51:11;1486.62;36.85;12.50;739.54;3.35;4.81;16.09
28.01.2021;10:52:11;1394.83;36.89;12.53;739.52;3.22;4.62;14.90
28.01.2021;10:53:11;1403.88;36.96;12.54;739.52;3.23;4.62;14.91
28.01.2021;10:54:11;1421.94;36.90;12.53;739.51;3.25;4.66;15.12
28.01.2021;10:55:11;1544.42;36.87;12.52;739.53;3.40;4.91;16.69
28.01.2021;10:56:11;1610.90;36.90;12.60;739.55;3.50;5.08;17.77
28.01.2021;10:57:11;1515.36;36.86;12.63;739.55;3.37;4.87;16.45
28.01.2021;10:58:11;1381.07;36.80;12.64;739.56;3.16;4.51;14.25
28.01.2021;10:59:11;1365.96;36.81;12.63;739.56;3.13;4.48;14.04
28.01.2021;11:00:11;1274.97;36.82;12.62;739.56;3.00;4.26;12.79
28.01.2021;11:01:12;1176.82;36.84;12.62;739.53;2.83;3.96;11.21
28.01.2021;11:02:12;1185.01;36.74;12.59;739.50;2.84;3.97;11.28
28.01.2021;11:03:12;1324.05;36.72;12.56;739.44;3.05;4.32;13.16
28.01.2021;11:04:12;1429.94;36.70;12.56;739.39;3.23;4.63;14.93
28.01.2021;11:05:12;1428.59;36.78;12.56;739.31;3.24;4.66;15.11
28.01.2021;11:06:12;1368.56;36.78;12.58;739.27;3.17;4.53;14.34
28.01.2021;11:07:12;1348.83;36.82;12.61;739.26;3.12;4.45;13.89
28.01.2021;11:08:12;1331.10;36.86;12.58;739.27;3.05;4.34;13.25
28.01.2021;11:09:12;1350.81;36.86;12.61;739.30;3.12;4.44;13.82
28.01.2021;11:10:12;1165.44;36.85;12.58;739.34;2.81;3.94;11.08
28.01.2021;11:11:12;1201.76;36.86;12.57;739.38;2.88;4.05;11.66
28.01.2021;11:12:12;1317.38;36.74;12.54;739.42;3.07;4.36;13.40
28.01.2021;11:13:12;1512.25;36.81;12.58;739.40;3.36;4.85;16.30
28.01.2021;11:14:12;1623.75;36.71;12.59;739.43;3.52;5.11;17.96
28.01.2021;11:15:12;1911.34;36.72;12.65;739.42;3.80;5.56;21.12
28.01.2021;11:16:12;2230.47;36.62;12.75;739.39;4.06;6.01;24.40
28.01.2021;11:17:12;2265.94;36.50;12.86;739.35;4.10;6.06;24.82
28.01.2021;11:18:12;2040.30;36.30;12.87;739.31;3.93;5.78;22.70
28.01.2021;11:19:12;2092.71;36.17;12.88;739.29;3.96;5.84;23.13
28.01.2021;11:20:12;1869.89;36.07;12.88;739.28;3.77;5.52;20.80
28.01.2021;11:21:12;1690.96;36.14;12.88;739.31;3.60;5.23;18.80
28.01.2021;11:22:12;1468.92;36.25;12.88;739.34;3.31;4.76;15.75
28.01.2021;11:23:12;1374.76;36.37;12.90;739.37;3.14;4.48;14.05
28.01.2021;11:24:12;1285.96;36.35;12.88;739.40;3.02;4.29;12.97
28.01.2021;11:25:13;1083.56;36.41;12.86;739.41;2.68;3.71;9.93
28.01.2021;11:26:13;1051.14;36.31;12.78;739.39;2.62;3.62;9.47
28.01.2021;11:27:13;1030.38;36.33;12.72;739.39;2.59;3.57;9.26
28.01.2021;11:28:13;1053.88;36.33;12.66;739.37;2.64;3.66;9.67
28.01.2021;11:29:13;1007.32;36.46;12.63;739.33;2.58;3.56;9.17
28.01.2021;11:30:13;990.66;36.55;12.61;739.30;2.52;3.46;8.71
28.01.2021;11:31:13;935.53;36.69;12.60;739.26;2.40;3.26;7.84
28.01.2021;11:32:13;967.26;36.81;12.60;739.23;2.47;3.37;8.31
28.01.2021;11:33:13;983.92;36.82;12.59;739.21;2.49;3.41;8.48
28.01.2021;11:34:13;1022.69;36.87;12.60;739.22;2.57;3.54;9.10
28.01.2021;11:35:13;903.53;36.89;12.59;739.20;2.33;3.14;7.31
28.01.2021;11:36:13;987.89;36.88;12.55;739.24;2.49;3.41;8.47
28.01.2021;11:37:13;1009.82;36.89;12.53;739.22;2.52;3.46;8.72
28.01.2021;11:38:13;1052.03;36.88;12.50;739.23;2.61;3.61;9.43
28.01.2021;11:39:13;1072.40;36.88;12.49;739.22;2.64;3.66;9.66
28.01.2021;11:40:13;1034.51;36.99;12.49;739.22;2.57;3.54;9.10
28.01.2021;11:41:13;1029.87;37.11;12.48;739.21;2.57;3.54;9.08
28.01.2021;11:42:13;1039.21;37.13;12.49;739.23;2.59;3.57;9.25
28.01.2021;11:43:13;989.25;37.15;12.47;739.25;2.48;3.39;8.42
28.01.2021;11:44:13;978.07;37.20;12.45;739.29;2.47;3.36;8.28
28.01.2021;11:45:13;916.83;37.27;12.45;739.30;2.32;3.13;7.25
28.01.2021;11:46:13;855.61;37.26;12.42;739.33;2.19;2.92;6.40
28.01.2021;11:47:13;951.09;37.34;12.42;739.36;2.39;3.23;7.70
28.01.2021;11:48:13;989.81;37.25;12.40;739.33;2.46;3.35;8.23
28.01.2021;11:49:13;977.73;37.22;12.39;739.30;2.43;3.31;8.05
28.01.2021;11:50:14;942.86;37.26;12.37;739.26;2.37;3.21;7.63
28.01.2021;11:51:14;1021.64;37.23;12.35;739.20;2.54;3.48;8.84
28.01.2021;11:52:14;1210.28;37.30;12.36;739.17;2.89;4.07;11.74
28.01.2021;11:53:14;1185.49;37.40;12.37;739.11;2.87;4.03;11.55
28.01.2021;11:54:14;1191.57;37.42;12.38;739.06;2.89;4.08;11.79
28.01.2021;11:55:14;1333.61;37.31;12.39;739.03;3.10;4.41;13.67
28.01.2021;11:56:14;1460.06;37.30;12.43;739.02;3.28;4.71;15.44
28.01.2021;11:57:14;1604.72;37.29;12.46;739.01;3.47;5.02;17.41
28.01.2021;11:58:14;1666.57;37.23;12.50;739.01;3.53;5.12;18.06
28.01.2021;11:59:14;1647.78;37.28;12.57;738.98;3.51;5.11;17.95
28.01.2021;12:00:14;1677.79;37.19;12.61;738.99;3.55;5.17;18.34
28.01.2021;12:01:14;1809.89;37.02;12.63;738.97;3.69;5.39;19.88
28.01.2021;12:02:14;1870.85;36.83;12.66;738.95;3.75;5.49;20.60
28.01.2021;12:03:14;1826.58;36.90;12.69;738.95;3.71;5.40;20.03
28.01.2021;12:04:14;1747.90;36.87;12.74;738.98;3.61;5.27;19.06
28.01.2021;12:05:14;1674.28;36.82;12.72;738.99;3.51;5.10;17.92
28.01.2021;12:06:14;1842.33;36.77;12.77;739.01;3.71;5.42;20.10
28.01.2021;12:07:14;1619.67;36.78;12.79;739.01;3.45;5.00;17.25
28.01.2021;12:08:14;1343.58;36.75;12.75;739.00;3.09;4.41;13.65
28.01.2021;12:09:14;1364.05;36.85;12.75;739.03;3.14;4.49;14.09
28.01.2021;12:10:14;1318.35;36.89;12.75;739.03;3.07;4.37;13.43
28.01.2021;12:11:14;1328.25;36.89;12.72;739.05;3.07;4.37;13.41
28.01.2021;12:12:14;1319.71;36.86;12.70;739.05;3.04;4.31;13.12
28.01.2021;12:13:14;1198.39;36.93;12.71;739.05;2.87;4.04;11.62
28.01.2021;12:14:14;1118.38;37.01;12.69;739.06;2.72;3.78;10.28
28.01.2021;12:15:15;1106.19;36.97;12.65;739.05;2.69;3.73;10.04
28.01.2021;12:16:15;1039.56;37.05;12.66;739.05;2.56;3.51;8.97
28.01.2021;12:17:15;1051.68;37.06;12.64;739.08;2.60;3.60;9.35
28.01.2021;12:18:15;1039.00;37.12;12.66;739.10;2.57;3.54;9.09
28.01.2021;12:19:15;876.43;37.08;12.61;739.12;2.22;2.95;6.53
28.01.2021;12:20:15;813.49;37.19;12.60;739.14;2.08;2.72;5.67
28.01.2021;12:21:15;633.67;37.23;12.55;739.14;1.65;2.03;3.35
28.01.2021;12:22:15;612.15;37.32;12.51;739.14;1.60;1.97;3.14
28.01.2021;12:23:15;666.61;37.32;12.47;739.15;1.72;2.11;3.63
28.01.2021;12:24:15;683.82;37.36;12.45;739.13;1.78;2.15;3.83
28.01.2021;12:25:15;698.90;37.36;12.43;739.13;1.83;2.24;4.11
28.01.2021;12:26:15;850.31;37.48;12.45;739.11;2.18;2.89;6.29
28.01.2021;12:27:15;1027.67;37.39;12.46;739.10;2.55;3.49;8.90
28.01.2021;12:28:15;1092.67;37.33;12.47;739.09;2.68;3.71;9.94
28.01.2021;12:29:15;1248.11;37.34;12.47;739.07;2.95;4.17;12.30
28.01.2021;12:30:15;1252.39;37.48;12.55;739.06;2.97;4.21;12.50
28.01.2021;12:31:15;1169.34;37.33;12.58;739.04;2.83;3.96;11.19
28.01.2021;12:32:15;1269.78;37.24;12.59;739.06;2.98;4.21;12.54
28.01.2021;12:33:15;1256.89;37.10;12.58;739.04;2.97;4.19;12.43
28.01.2021;12:34:15;1316.24;37.17;12.63;739.03;3.08;4.38;13.46
28.01.2021;12:35:15;1317.60;37.10;12.64;739.03;3.07;4.37;13.42
28.01.2021;12:36:15;1307.06;37.06;12.63;739.03;3.04;4.32;13.14
28.01.2021;12:37:15;1263.01;37.12;12.63;739.01;2.94;4.15;12.22
28.01.2021;12:38:15;1202.58;37.01;12.61;739.00;2.86;4.02;11.49
28.01.2021;12:39:16;1223.60;37.01;12.63;738.99;2.88;4.05;11.69
28.01.2021;12:40:16;1246.14;36.89;12.60;739.00;2.93;4.13;12.08
28.01.2021;12:41:16;1221.41;36.96;12.60;739.00;2.90;4.07;11.78
28.01.2021;12:42:16;1265.85;36.91;12.58;739.01;2.98;4.22;12.57
28.01.2021;12:43:16;1164.58;37.01;12.59;739.01;2.80;3.93;10.98
28.01.2021;12:44:16;1117.21;36.95;12.55;739.00;2.71;3.76;10.16
28.01.2021;12:45:16;1154.48;37.09;12.56;739.04;2.79;3.90;10.89
28.01.2021;12:46:16;1105.21;37.23;12.60;739.01;2.70;3.75;10.13
28.01.2021;12:47:16;1153.10;37.17;12.60;739.04;2.80;3.91;10.95
28.01.2021;12:48:16;1082.15;37.10;12.58;739.03;2.65;3.68;9.76
28.01.2021;12:49:16;1075.81;37.05;12.53;739.08;2.63;3.64;9.58
28.01.2021;12:50:16;1050.90;37.12;12.55;739.08;2.59;3.56;9.21
28.01.2021;12:51:16;946.68;37.09;12.51;739.11;2.38;3.22;7.67
28.01.2021;12:52:16;851.76;37.16;12.47;739.11;2.18;2.90;6.33
28.01.2021;12:53:16;910.08;37.17;12.44;739.13;2.29;3.08;7.07
28.01.2021;12:54:16;899.97;37.23;12.42;739.18;2.26;3.03;6.84
28.01.2021;12:55:16;834.77;37.30;12.43;739.17;2.13;2.79;5.95
28.01.2021;12:56:16;821.14;37.34;12.41;739.20;2.10;2.76;5.80
28.01.2021;12:57:16;791.99;37.34;12.39;739.21;2.05;2.68;5.50
28.01.2021;12:58:16;710.11;37.37;12.37;739.22;1.87;2.31;4.30
28.01.2021;12:59:16;664.36;37.38;12.33;739.22;1.77;2.14;3.79
28.01.2021;13:00:16;740.73;37.42;12.31;739.22;1.94;2.45;4.76
28.01.2021;13:01:16;797.76;37.51;12.32;739.21;2.06;2.69;5.55
28.01.2021;13:02:16;790.61;37.75;12.35;739.17;2.03;2.64;5.36
28.01.2021;13:03:16;815.33;37.73;12.35;739.16;2.08;2.72;5.66
28.01.2021;13:04:16;885.00;37.66;12.36;739.13;2.24;2.99;6.69
28.01.2021;13:05:17;924.58;37.65;12.38;739.11;2.33;3.15;7.33
28.01.2021;13:06:17;817.40;37.47;12.36;739.09;2.11;2.77;5.84
28.01.2021;13:07:17;850.13;37.43;12.36;739.08;2.19;2.90;6.34
28.01.2021;13:08:17;881.72;37.40;12.37;739.09;2.27;3.03;6.87
28.01.2021;13:09:17;895.21;37.37;12.35;739.07;2.28;3.06;6.97
28.01.2021;13:10:17;968.38;37.38;12.34;739.05;2.44;3.31;8.07
28.01.2021;13:11:17;994.03;37.40;12.35;739.01;2.51;3.44;8.63
28.01.2021;13:12:17;1033.87;37.37;12.34;738.97;2.59;3.57;9.25
28.01.2021;13:13:17;1100.29;37.29;12.35;738.93;2.71;3.77;10.22
28.01.2021;13:14:17;1109.29;37.34;12.38;738.91;2.72;3.79;10.33
28.01.2021;13:15:17;1141.57;37.37;12.37;738.86;2.77;3.85;10.66
28.01.2021;13:16:17;1131.76;37.38;12.38;738.83;2.76;3.86;10.65
28.01.2021;13:17:17;1106.44;37.29;12.37;738.81;2.72;3.78;10.29
28.01.2021;13:18:17;1098.28;37.29;12.38;738.83;2.70;3.75;10.14
28.01.2021;13:19:17;1095.13;37.33;12.40;738.82;2.70;3.75;10.12
28.01.2021;13:20:17;1003.42;37.30;12.38;738.85;2.55;3.49;8.90
28.01.2021;13:21:17;1003.64;37.38;12.36;738.84;2.54;3.49;8.89
28.01.2021;13:22:17;1033.60;37.34;12.34;738.84;2.59;3.57;9.27
28.01.2021;13:23:17;979.01;37.52;12.37;738.81;2.49;3.40;8.48
28.01.2021;13:24:17;993.70;37.63;12.41;738.78;2.52;3.45;8.69
28.01.2021;13:25:17;1000.60;37.70;12.43;738.76;2.54;3.48;8.82
28.01.2021;13:26:17;993.65;37.60;12.45;738.75;2.51;3.44;8.63
28.01.2021;13:27:17;1085.55;37.50;12.48;738.73;2.67;3.71;9.89
28.01.2021;13:28:17;1177.69;37.41;12.51;738.72;2.87;4.03;11.54
28.01.2021;13:29:17;1251.12;37.38;12.53;738.72;2.99;4.24;12.69
28.01.2021;13:30:18;1086.51;37.35;12.56;738.68;2.69;3.74;10.07
28.01.2021;13:31:18;1133.97;37.31;12.56;738.66;2.78;3.87;10.75
28.01.2021;13:32:18;1216.13;37.14;12.56;738.66;2.92;4.11;12.00
28.01.2021;13:33:18;1290.53;37.03;12.55;738.63;3.03;4.29;12.98
28.01.2021;13:34:18;1346.07;37.00;12.57;738.60;3.12;4.43;13.81
28.01.2021;13:35:18;1288.54;36.99;12.58;738.62;3.02;4.30;13.00
28.01.2021;13:36:18;1346.86;37.04;12.61;738.59;3.14;4.47;14.03
28.01.2021;13:37:18;1300.11;37.08;12.66;738.59;3.05;4.34;13.22
28.01.2021;13:38:18;1399.61;36.94;12.65;738.62;3.20;4.58;14.67
28.01.2021;13:39:18;1248.53;36.78;12.61;738.59;2.97;4.20;12.47
28.01.2021;13:40:18;1227.65;36.82;12.59;738.60;2.94;4.14;12.16
28.01.2021;13:41:18;1309.69;36.88;12.55;738.62;3.06;4.35;13.28
28.01.2021;13:42:18;1288.90;36.95;12.56;738.62;3.02;4.29;12.96
28.01.2021;13:43:18;1205.24;37.00;12.54;738.59;2.89;4.06;11.73
28.01.2021;13:44:18;1144.70;37.04;12.52;738.59;2.79;3.90;10.86
28.01.2021;13:45:18;1111.67;37.17;12.53;738.56;2.73;3.79;10.36
28.01.2021;13:46:18;1089.92;37.15;12.50;738.55;2.69;3.74;10.06
28.01.2021;13:47:18;1128.03;37.05;12.47;738.54;2.76;3.84;10.60
28.01.2021;13:48:18;1126.68;37.15;12.50;738.53;2.76;3.84;10.60
28.01.2021;13:49:18;1272.22;37.10;12.51;738.52;3.00;4.26;12.79
28.01.2021;13:50:18;1310.88;37.08;12.52;738.52;3.06;4.35;13.31
28.01.2021;13:51:18;1181.24;37.15;12.56;738.50;2.87;4.04;11.60
28.01.2021;13:52:18;1173.87;37.18;12.55;738.50;2.85;4.00;11.40
28.01.2021;13:53:18;1236.32;37.14;12.55;738.48;2.95;4.17;12.27
28.01.2021;13:54:19;1198.08;37.10;12.52;738.47;2.88;4.06;11.68
28.01.2021;13:55:19;1286.04;37.05;12.54;738.45;3.03;4.31;13.03
28.01.2021;13:56:19;1238.38;37.01;12.55;738.47;2.95;4.16;12.29
28.01.2021;13:57:19;1340.07;36.99;12.55;738.42;3.10;4.40;13.62
28.01.2021;13:58:19;1466.49;36.99;12.60;738.43;3.30;4.74;15.65
28.01.2021;13:59:19;1440.96;37.05;12.64;738.39;3.26;4.67;15.23
28.01.2021;14:00:19;1492.54;36.93;12.64;738.39;3.34;4.81;16.06
28.01.2021;14:01:19;1426.88;36.98;12.68;738.38;3.24;4.65;15.07
28.01.2021;14:02:19;1518.44;36.97;12.72;738.37;3.36;4.86;16.35
28.01.2021;14:03:19;1573.66;36.83;12.72;738.35;3.44;4.98;17.13
28.01.2021;14:04:19;1512.44;36.77;12.74;738.33;3.36;4.85;16.33
28.01.2021;14:05:19;1456.99;36.65;12.75;738.30;3.29;4.74;15.59
28.01.2021;14:06:19;1664.63;36.56;12.76;738.29;3.55;5.16;18.29
28.01.2021;14:07:19;1752.21;36.54;12.78;738.27;3.65;5.32;19.43
28.01.2021;14:08:19;1690.37;36.46;12.79;738.26;3.58;5.20;18.59
28.01.2021;14:09:19;1696.83;36.45;12.82;738.24;3.58;5.24;18.78
28.01.2021;14:10:19;1647.86;36.42;12.84;738.23;3.53;5.13;18.13
28.01.2021;14:11:19;1553.30;36.43;12.85;738.24;3.41;4.94;16.85
28.01.2021;14:12:19;1529.68;36.49;12.87;738.23;3.39;4.89;16.55
28.01.2021;14:13:19;1373.33;36.44;12.87;738.22;3.16;4.53;14.34
28.01.2021;14:14:19;1264.71;36.34;12.81;738.24;2.99;4.24;12.68
28.01.2021;14:15:19;1175.26;36.36;12.76;738.25;2.85;4.01;11.45
28.01.2021;14:16:19;1027.25;36.47;12.72;738.27;2.58;3.56;9.20
28.01.2021;14:17:19;938.58;36.59;12.65;738.29;2.39;3.24;7.75
28.01.2021;14:18:20;984.77;36.77;12.65;738.33;2.49;3.41;8.49
28.01.2021;14:19:20;937.94;37.00;12.65;738.35;2.40;3.26;7.83
28.01.2021;14:20:20;822.82;36.96;12.63;738.37;2.15;2.86;6.15
28.01.2021;14:21:20;780.44;37.07;12.60;738.38;2.07;2.69;5.56
28.01.2021;14:22:20;735.44;37.05;12.56;738.40;1.95;2.47;4.81
28.01.2021;14:23:20;711.81;37.15;12.55;738.37;1.91;2.40;4.57
28.01.2021;14:24:20;735.92;37.00;12.50;738.37;1.96;2.50;4.89
28.01.2021;14:25:20;785.72;37.00;12.47;738.38;2.09;2.74;5.74
28.01.2021;14:26:20;811.07;37.08;12.46;738.37;2.16;2.86;6.16
28.01.2021;14:27:20;772.92;37.09;12.41;738.33;2.05;2.67;5.49
28.01.2021;14:28:20;884.21;37.14;12.40;738.35;2.32;3.13;7.25
28.01.2021;14:29:20;891.44;37.28;12.41;738.30;2.33;3.13;7.29
28.01.2021;14:30:20;836.45;37.27;12.39;738.30;2.20;2.93;6.46
28.01.2021;14:31:20;853.06;37.28;12.36;738.30;2.24;2.99;6.70
28.01.2021;14:32:20;910.49;37.19;12.35;738.32;2.37;3.20;7.56
28.01.2021;14:33:20;762.75;37.18;12.32;738.30;2.04;2.64;5.38
28.01.2021;14:34:20;706.24;37.42;12.32;738.33;1.88;2.35;4.42
28.01.2021;14:35:20;684.17;37.48;12.30;738.33;1.83;2.24;4.09
28.01.2021;14:36:20;759.17;37.52;12.31;738.32;2.02;2.60;5.23
28.01.2021;14:37:20;733.14;37.51;12.30;738.33;1.95;2.50;4.87
28.01.2021;14:38:20;731.19;37.63;12.31;738.29;1.95;2.48;4.84
28.01.2021;14:39:20;670.79;37.48;12.29;738.29;1.80;2.19;3.95
28.01.2021;14:40:20;681.53;37.49;12.29;738.32;1.86;2.30;4.26
28.01.2021;14:41:20;709.64;37.59;12.31;738.31;1.91;2.41;4.61
28.01.2021;14:42:20;686.86;37.44;12.28;738.33;1.87;2.33;4.36
28.01.2021;14:43:20;587.90;37.52;12.25;738.35;1.62;2.00;3.23
28.01.2021;14:44:20;650.76;37.57;12.24;738.37;1.77;2.18;3.86
28.01.2021;14:45:21;592.40;37.58;12.24;738.36;1.64;2.03;3.33
28.01.2021;14:46:21;624.75;37.72;12.26;738.38;1.76;2.13;3.74
28.01.2021;14:47:21;577.36;37.85;12.28;738.38;1.65;2.01;3.31
28.01.2021;14:48:21;567.51;37.75;12.27;738.37;1.61;1.97;3.18
28.01.2021;14:49:21;614.32;37.67;12.26;738.37;1.74;2.10;3.65
28.01.2021;14:50:21;647.56;37.73;12.29;738.36;1.82;2.23;4.05
28.01.2021;14:51:21;746.17;37.83;12.34;738.33;2.06;2.68;5.51
28.01.2021;14:52:21;885.00;37.63;12.36;738.33;2.38;3.21;7.63
28.01.2021;14:53:21;942.47;37.51;12.37;738.31;2.53;3.45;8.72
28.01.2021;14:54:21;947.78;37.43;12.39;738.29;2.54;3.49;8.84
28.01.2021;14:55:21;1064.19;37.48;12.46;738.29;2.75;3.84;10.58
28.01.2021;14:56:21;1134.76;37.36;12.49;738.30;2.89;4.07;11.74
28.01.2021;14:57:21;1140.71;37.23;12.50;738.33;2.90;4.08;11.83
28.01.2021;14:58:21;1045.86;37.22;12.52;738.33;2.72;3.78;10.29
28.01.2021;14:59:21;995.01;37.19;12.51;738.39;2.61;3.62;9.44
28.01.2021;15:00:21;894.82;37.15;12.50;738.41;2.42;3.29;7.97
28.01.2021;15:01:21;840.24;37.14;12.48;738.44;2.31;3.11;7.20
28.01.2021;15:02:21;829.73;37.17;12.46;738.47;2.29;3.07;7.05
28.01.2021;15:03:21;791.72;37.16;12.45;738.47;2.19;2.92;6.39
28.01.2021;15:04:21;798.93;37.21;12.45;738.47;2.22;2.96;6.56
28.01.2021;15:05:21;784.42;37.19;12.42;738.49;2.16;2.86;6.18
28.01.2021;15:06:21;723.96;37.25;12.41;738.49;2.01;2.59;5.20
28.01.2021;15:07:21;676.07;37.39;12.43;738.52;1.90;2.37;4.50
28.01.2021;15:08:21;652.10;37.31;12.39;738.54;1.83;2.24;4.09
28.01.2021;15:09:21;648.63;37.35;12.39;738.55;1.82;2.24;4.07
28.01.2021;15:10:21;564.29;37.23;12.35;738.58;1.61;1.98;3.20
28.01.2021;15:11:22;462.25;37.33;12.34;738.58;1.34;1.54;2.06
28.01.2021;15:12:22;435.01;37.41;12.31;738.60;1.27;1.41;1.79
28.01.2021;15:13:22;385.12;37.43;12.27;738.63;1.12;1.17;1.32
28.01.2021;15:14:22;384.96;37.43;12.23;738.67;1.11;1.15;1.27
28.01.2021;15:15:22;408.28;37.51;12.21;738.67;1.19;1.29;1.54
28.01.2021;15:16:22;332.12;37.53;12.18;738.66;1.00;0.97;0.97
28.01.2021;15:17:22;273.96;37.59;12.13;738.66;0.82;0.66;0.54
28.01.2021;15:18:22;295.67;37.67;12.09;738.65;0.88;0.78;0.69
28.01.2021;15:19:22;321.91;37.77;12.07;738.62;0.95;0.87;0.83
28.01.2021;15:20:22;344.35;37.87;12.08;738.63;1.02;0.99;1.01
28.01.2021;15:21:22;327.54;37.94;12.07;738.64;0.96;0.91;0.88
28.01.2021;15:22:22;341.58;38.07;12.08;738.63;1.02;0.99;1.01
28.01.2021;15:23:22;303.46;38.05;12.07;738.66;0.92;0.83;0.77
28.01.2021;15:24:22;271.12;38.20;12.10;738.67;0.81;0.65;0.52
28.01.2021;15:25:22;262.58;38.05;12.07;738.68;0.79;0.62;0.49
28.01.2021;15:26:22;280.52;38.07;12.05;738.66;0.83;0.67;0.56
28.01.2021;15:27:22;291.24;38.09;12.06;738.66;0.86;0.74;0.63
28.01.2021;15:28:22;271.41;38.12;12.04;738.63;0.80;0.63;0.50
28.01.2021;15:29:22;287.32;38.21;12.04;738.61;0.85;0.73;0.62
28.01.2021;15:30:22;273.90;38.17;12.04;738.59;0.81;0.65;0.53
28.01.2021;15:31:22;272.94;38.08;12.02;738.55;0.80;0.64;0.51
28.01.2021;15:32:22;294.58;38.10;12.02;738.52;0.88;0.77;0.68
28.01.2021;15:33:22;285.47;38.11;12.01;738.51;0.85;0.72;0.61
28.01.2021;15:34:22;269.14;38.06;11.99;738.47;0.80;0.64;0.51
28.01.2021;15:35:22;282.97;38.14;12.00;738.46;0.84;0.71;0.60
28.01.2021;15:36:22;320.04;38.20;11.99;738.45;0.96;0.90;0.86
28.01.2021;15:37:22;315.22;38.24;12.00;738.42;0.95;0.89;0.85
28.01.2021;15:38:23;294.79;38.29;12.01;738.40;0.89;0.78;0.69
28.01.2021;15:39:23;273.92;38.41;12.02;738.36;0.82;0.67;0.55
28.01.2021;15:40:23;262.73;38.33;12.01;738.36;0.78;0.62;0.48
28.01.2021;15:41:23;259.36;38.29;12.00;738.36;0.77;0.59;0.45
28.01.2021;15:42:23;284.62;38.22;11.99;738.35;0.85;0.71;0.60
28.01.2021;15:43:23;271.88;38.19;11.99;738.39;0.82;0.68;0.56
28.01.2021;15:44:23;245.97;38.17;11.97;738.36;0.74;0.53;0.39
28.01.2021;15:45:23;253.25;38.11;11.94;738.37;0.77;0.59;0.45
28.01.2021;15:46:23;254.67;38.22;11.93;738.37;0.77;0.59;0.46
28.01.2021;15:47:23;242.36;38.26;11.91;738.38;0.74;0.53;0.39
28.01.2021;15:48:23;230.28;38.26;11.88;738.35;0.70;0.47;0.32
28.01.2021;15:49:23;251.89;38.26;11.86;738.34;0.77;0.59;0.45
28.01.2021;15:50:23;277.49;38.35;11.83;738.33;0.85;0.74;0.63
28.01.2021;15:51:23;265.79;38.46;11.82;738.31;0.83;0.68;0.56
28.01.2021;15:52:23;254.70;38.55;11.80;738.28;0.79;0.61;0.48
28.01.2021;15:53:23;265.71;38.45;11.77;738.26;0.84;0.71;0.59
28.01.2021;15:54:23;268.86;38.53;11.78;738.25;0.86;0.74;0.63
28.01.2021;15:55:23;247.05;38.75;11.79;738.22;0.79;0.62;0.49
28.01.2021;15:56:23;255.22;38.73;11.77;738.21;0.82;0.69;0.56
28.01.2021;15:57:23;274.90;38.63;11.74;738.20;0.90;0.80;0.72
28.01.2021;15:58:23;275.47;38.71;11.73;738.21;0.91;0.81;0.74
28.01.2021;15:59:23;293.49;38.91;11.77;738.22;0.97;0.92;0.90
28.01.2021;16:00:23;260.75;38.81;11.75;738.20;0.87;0.76;0.67
28.01.2021;16:01:23;261.63;38.79;11.75;738.23;0.88;0.77;0.68
28.01.2021;16:02:23;271.58;38.83;11.75;738.24;0.93;0.84;0.78
28.01.2021;16:03:23;257.83;38.82;11.75;738.25;0.88;0.78;0.69
28.01.2021;16:04:23;272.80;38.82;11.76;738.24;0.93;0.85;0.79
28.01.2021;16:05:23;250.76;38.69;11.75;738.22;0.86;0.74;0.63
28.01.2021;16:06:24;240.56;38.68;11.77;738.23;0.82;0.68;0.55
28.01.2021;16:07:24;252.19;38.67;11.78;738.22;0.86;0.74;0.63
28.01.2021;16:08:24;253.03;38.69;11.78;738.22;0.87;0.76;0.66
28.01.2021;16:09:24;223.08;38.76;11.78;738.22;0.76;0.57;0.44
28.01.2021;16:10:24;240.85;38.83;11.79;738.23;0.83;0.69;0.58
28.01.2021;16:11:24;223.75;38.92;11.80;738.23;0.78;0.61;0.48
28.01.2021;16:12:24;215.30;38.66;11.77;738.23;0.75;0.56;0.42
28.01.2021;16:13:24;193.33;38.70;11.78;738.23;0.68;0.44;0.29
28.01.2021;16:14:24;189.34;38.63;11.77;738.26;0.67;0.43;0.29
28.01.2021;16:15:24;175.31;38.68;11.76;738.28;0.62;0.35;0.22
28.01.2021;16:16:24;163.63;38.74;11.75;738.31;0.59;0.30;0.18
28.01.2021;16:17:24;146.83;38.74;11.73;738.33;0.53;0.21;0.11
28.01.2021;16:18:24;131.15;38.81;11.72;738.36;0.48;0.12;0.06
28.01.2021;16:19:24;112.81;38.87;11.71;738.40;0.42;0.02;0.01
28.01.2021;16:20:24;109.62;39.02;11.72;738.43;0.40;0.00;0.00
28.01.2021;16:21:24;106.07;38.91;11.71;738.42;0.39;0.00;0.00
28.01.2021;16:22:24;87.94;39.09;11.74;738.44;0.32;0.00;0.00
28.01.2021;16:23:24;91.72;39.10;11.74;738.45;0.33;0.00;0.00
28.01.2021;16:24:24;89.49;38.99;11.72;738.45;0.32;0.00;0.00
28.01.2021;16:25:24;72.19;38.95;11.72;738.45;0.25;0.00;0.00
28.01.2021;16:26:24;60.26;38.82;11.70;738.46;0.19;0.00;0.00
28.01.2021;16:27:24;62.36;38.81;11.71;738.50;0.19;0.00;0.00
28.01.2021;16:28:24;58.11;38.85;11.71;738.50;0.18;0.00;0.00
28.01.2021;16:29:24;49.57;38.91;11.69;738.52;0.14;0.00;0.00
28.01.2021;16:30:24;54.82;39.21;11.71;738.55;0.17;0.00;0.00
28.01.2021;16:31:24;49.93;39.31;11.74;738.56;0.16;0.00;0.00
28.01.2021;16:32:24;45.57;39.06;11.74;738.57;0.14;0.00;0.00
28.01.2021;16:33:24;43.62;38.92;11.74;738.60;0.14;0.00;0.00
28.01.2021;16:34:25;41.01;38.86;11.73;738.65;0.13;0.00;0.00
28.01.2021;16:35:25;40.17;38.90;11.71;738.70;0.12;0.00;0.00
28.01.2021;16:36:25;35.75;38.91;11.70;738.75;0.09;0.00;0.00
28.01.2021;16:37:25;29.44;38.95;11.69;738.78;0.06;0.00;0.00
28.01.2021;16:38:25;26.13;39.02;11.70;738.84;0.04;0.00;0.00
28.01.2021;16:39:25;22.82;39.02;11.70;738.87;0.02;0.00;0.00
28.01.2021;16:40:25;20.74;39.13;11.71;738.90;0.01;0.00;0.00
28.01.2021;16:41:25;19.32;39.07;11.69;738.92;0.01;0.00;0.00
28.01.2021;16:42:25;18.31;39.06;11.70;738.95;0.00;0.00;0.00
28.01.2021;16:43:25;15.96;39.10;11.68;738.96;0.00;0.00;0.00
28.01.2021;16:44:25;16.31;39.09;11.68;738.96;0.00;0.00;0.00
28.01.2021;16:45:25;15.31;39.24;11.70;738.95;0.00;0.00;0.00
28.01.2021;16:46:25;14.17;39.32;11.71;738.94;0.00;0.00;0.00
28.01.2021;16:47:25;13.69;39.30;11.73;738.93;0.00;0.00;0.00
28.01.2021;16:48:25;12.61;39.21;11.73;738.92;0.00;0.00;0.00
28.01.2021;16:49:25;12.50;39.13;11.73;738.91;0.00;0.00;0.00
28.01.2021;16:50:25;11.43;39.19;11.77;738.90;0.00;0.00;0.00
28.01.2021;16:51:25;10.10;39.20;11.78;738.88;0.00;0.00;0.00
28.01.2021;16:52:25;9.86;39.18;11.79;738.87;0.00;0.00;0.00
28.01.2021;16:53:25;9.18;39.10;11.79;738.85;0.00;0.00;0.00
28.01.2021;16:54:25;8.83;38.98;11.77;738.85;0.00;0.00;0.00
28.01.2021;16:55:25;8.18;39.08;11.78;738.83;0.00;0.00;0.00
28.01.2021;16:56:25;7.50;39.20;11.79;738.80;0.00;0.00;0.00
28.01.2021;16:57:25;7.19;39.12;11.78;738.81;0.00;0.00;0.00
28.01.2021;16:58:25;6.67;39.00;11.76;738.76;0.00;0.00;0.00
28.01.2021;16:59:25;6.06;39.00;11.74;738.71;0.00;0.00;0.00
28.01.2021;17:00:25;5.83;39.11;11.74;738.66;0.00;0.00;0.00
28.01.2021;17:01:25;5.13;39.16;11.73;738.63;0.00;0.00;0.00
28.01.2021;17:02:25;5.01;39.16;11.70;738.61;0.00;0.00;0.00
28.01.2021;17:03:25;4.85;39.22;11.70;738.59;0.00;0.00;0.00
28.01.2021;17:04:25;4.17;39.32;11.70;738.57;0.00;0.00;0.00
28.01.2021;17:05:25;4.17;39.35;11.70;738.56;0.00;0.00;0.00
28.01.2021;17:06:26;4.17;39.35;11.71;738.53;0.00;0.00;0.00
28.01.2021;17:07:26;4.13;39.46;11.72;738.52;0.00;0.00;0.00
28.01.2021;17:08:26;3.50;39.45;11.73;738.50;0.00;0.00;0.00
28.01.2021;17:09:26;3.33;39.50;11.73;738.49;0.00;0.00;0.00
28.01.2021;17:10:26;3.35;39.45;11.74;738.48;0.00;0.00;0.00
28.01.2021;17:11:26;3.33;39.44;11.74;738.46;0.00;0.00;0.00
28.01.2021;17:12:26;3.33;39.48;11.75;738.44;0.00;0.00;0.00
28.01.2021;17:13:26;3.36;39.49;11.75;738.43;0.00;0.00;0.00
28.01.2021;17:14:26;3.33;39.39;11.72;738.39;0.00;0.00;0.00
28.01.2021;17:15:26;3.33;39.37;11.73;738.38;0.00;0.00;0.00
28.01.2021;17:16:26;3.35;39.36;11.73;738.36;0.00;0.00;0.00
28.01.2021;17:17:26;3.33;39.33;11.72;738.34;0.00;0.00;0.00
28.01.2021;17:18:26;3.33;39.37;11.73;738.33;0.00;0.00;0.00
28.01.2021;17:19:26;3.33;39.38;11.72;738.29;0.00;0.00;0.00
28.01.2021;17:20:26;3.33;39.38;11.71;738.30;0.00;0.00;0.00
28.01.2021;17:21:26;3.33;39.43;11.71;738.27;0.00;0.00;0.00
28.01.2021;17:22:26;3.33;39.46;11.71;738.26;0.00;0.00;0.00
28.01.2021;17:23:26;3.33;39.62;11.72;738.25;0.00;0.00;0.00
28.01.2021;17:24:26;3.35;39.54;11.71;738.24;0.00;0.00;0.00
28.01.2021;17:25:26;3.33;39.47;11.69;738.23;0.00;0.00;0.00
28.01.2021;17:26:26;3.33;39.48;11.69;738.22;0.00;0.00;0.00
28.01.2021;17:27:26;3.35;39.43;11.68;738.21;0.00;0.00;0.00
28.01.2021;17:28:26;3.33;39.41;11.66;738.21;0.00;0.00;0.00
28.01.2021;17:29:26;3.33;39.35;11.64;738.20;0.00;0.00;0.00
28.01.2021;17:30:26;3.33;39.36;11.61;738.17;0.00;0.00;0.00
28.01.2021;17:31:26;3.32;39.40;11.60;738.16;0.00;0.00;0.00
28.01.2021;17:32:26;3.32;39.53;11.60;738.12;0.00;0.00;0.00
28.01.2021;17:33:26;3.32;39.52;11.58;738.11;0.00;0.00;0.00
28.01.2021;17:34:26;3.31;39.55;11.58;738.10;0.00;0.00;0.00
28.01.2021;17:35:26;3.31;39.47;11.56;738.11;0.00;0.00;0.00
28.01.2021;17:36:26;3.32;39.62;11.56;738.09;0.00;0.00;0.00
28.01.2021;17:37:27;3.32;39.73;11.59;738.10;0.00;0.00;0.00
28.01.2021;17:38:27;3.32;39.71;11.58;738.12;0.00;0.00;0.00
28.01.2021;17:39:27;3.33;39.70;11.57;738.13;0.00;0.00;0.00
28.01.2021;17:40:27;3.32;39.73;11.59;738.15;0.00;0.00;0.00
28.01.2021;17:41:27;3.35;39.77;11.57;738.15;0.00;0.00;0.00
28.01.2021;17:42:27;3.32;39.70;11.56;738.19;0.00;0.00;0.00
28.01.2021;17:43:27;3.32;39.53;11.54;738.21;0.00;0.00;0.00
28.01.2021;17:44:27;3.31;39.79;11.56;738.25;0.00;0.00;0.00
28.01.2021;17:45:27;3.33;39.72;11.54;738.29;0.00;0.00;0.00
28.01.2021;17:46:27;3.32;39.62;11.54;738.33;0.00;0.00;0.00
28.01.2021;17:47:27;3.33;39.56;11.52;738.37;0.00;0.00;0.00
28.01.2021;17:48:27;3.33;39.60;11.52;738.41;0.00;0.00;0.00
28.01.2021;17:49:27;3.33;39.78;11.54;738.46;0.00;0.00;0.00
28.01.2021;17:50:27;3.33;39.69;11.53;738.47;0.00;0.00;0.00
28.01.2021;17:51:27;3.33;39.68;11.52;738.51;0.00;0.00;0.00
28.01.2021;17:52:27;3.35;39.84;11.54;738.52;0.00;0.00;0.00
28.01.2021;17:53:27;3.33;39.65;11.52;738.57;0.00;0.00;0.00
28.01.2021;17:54:27;3.33;39.67;11.52;738.57;0.00;0.00;0.00
28.01.2021;17:55:27;3.35;39.78;11.55;738.61;0.00;0.00;0.00
28.01.2021;17:56:27;3.33;39.88;11.55;738.62;0.00;0.00;0.00
28.01.2021;17:57:27;3.33;39.68;11.53;738.60;0.00;0.00;0.00
28.01.2021;17:58:27;3.35;39.63;11.54;738.59;0.00;0.00;0.00
28.01.2021;17:59:27;3.33;39.55;11.54;738.59;0.00;0.00;0.00
28.01.2021;18:00:27;3.33;39.65;11.55;738.59;0.00;0.00;0.00
28.01.2021;18:01:27;3.33;39.64;11.55;738.59;0.00;0.00;0.00
28.01.2021;18:02:27;3.33;39.58;11.54;738.61;0.00;0.00;0.00
28.01.2021;18:03:27;3.33;39.57;11.55;738.62;0.00;0.00;0.00
28.01.2021;18:04:27;3.33;39.65;11.57;738.64;0.00;0.00;0.00
28.01.2021;18:05:27;3.33;39.59;11.57;738.66;0.00;0.00;0.00
28.01.2021;18:06:27;3.35;39.70;11.59;738.67;0.00;0.00;0.00
28.01.2021;18:07:27;3.33;39.78;11.61;738.67;0.00;0.00;0.00
28.01.2021;18:08:28;3.33;39.53;11.61;738.66;0.00;0.00;0.00
28.01.2021;18:09:28;3.35;39.35;11.59;738.65;0.00;0.00;0.00
28.01.2021;18:10:28;3.33;39.28;11.58;738.64;0.00;0.00;0.00
28.01.2021;18:11:28;3.33;39.29;11.60;738.65;0.00;0.00;0.00
28.01.2021;18:12:28;3.33;39.27;11.61;738.64;0.00;0.00;0.00
28.01.2021;18:13:28;3.33;39.27;11.60;738.64;0.00;0.00;0.00
28.01.2021;18:14:28;3.33;39.24;11.59;738.64;0.00;0.00;0.00
28.01.2021;18:15:28;3.33;39.24;11.58;738.61;0.00;0.00;0.00
28.01.2021;18:16:28;3.33;39.24;11.59;738.62;0.00;0.00;0.00
28.01.2021;18:17:28;3.33;39.52;11.62;738.58;0.00;0.00;0.00
28.01.2021;18:18:28;3.33;39.52;11.63;738.57;0.00;0.00;0.00
28.01.2021;18:19:28;3.33;39.33;11.62;738.58;0.00;0.00;0.00
28.01.2021;18:20:28;3.35;39.40;11.64;738.54;0.00;0.00;0.00
28.01.2021;18:21:28;3.33;39.28;11.62;738.55;0.00;0.00;0.00
28.01.2021;18:22:28;3.33;39.34;11.65;738.54;0.00;0.00;0.00
28.01.2021;18:23:28;3.35;39.39;11.66;738.53;0.00;0.00;0.00
28.01.2021;18:24:28;3.33;39.47;11.68;738.53;0.00;0.00;0.00
28.01.2021;18:25:28;3.33;39.50;11.70;738.53;0.00;0.00;0.00
28.01.2021;18:26:28;3.33;39.40;11.71;738.53;0.00;0.00;0.00
28.01.2021;18:27:28;3.33;39.56;11.74;738.54;0.00;0.00;0.00
28.01.2021;18:28:28;3.33;39.10;11.73;738.55;0.00;0.00;0.00
28.01.2021;18:29:28;3.33;38.91;11.72;738.55;0.00;0.00;0.00
28.01.2021;18:30:28;3.33;39.02;11.74;738.57;0.00;0.00;0.00
28.01.2021;18:31:28;3.33;39.03;11.73;738.60;0.00;0.00;0.00
28.01.2021;18:32:28;3.33;38.91;11.72;738.59;0.00;0.00;0.00
28.01.2021;18:33:28;3.33;38.85;11.71;738.60;0.00;0.00;0.00
28.01.2021;18:34:28;3.35;38.93;11.72;738.61;0.00;0.00;0.00
28.01.2021;18:35:28;3.33;38.93;11.72;738.61;0.00;0.00;0.00
28.01.2021;18:36:28;3.33;38.88;11.69;738.61;0.00;0.00;0.00
28.01.2021;18:37:28;3.36;39.05;11.71;738.61;0.00;0.00;0.00
28.01.2021;18:38:28;3.33;38.91;11.69;738.60;0.00;0.00;0.00
28.01.2021;18:39:29;3.33;38.83;11.67;738.60;0.00;0.00;0.00
28.01.2021;18:40:29;3.35;39.04;11.68;738.61;0.00;0.00;0.00
28.01.2021;18:41:29;3.33;38.99;11.67;738.61;0.00;0.00;0.00
28.01.2021;18:42:29;3.33;39.05;11.67;738.61;0.00;0.00;0.00
28.01.2021;18:43:29;3.33;38.94;11.65;738.58;0.00;0.00;0.00
28.01.2021;18:44:29;3.33;38.98;11.65;738.56;0.00;0.00;0.00
28.01.2021;18:45:29;3.33;39.07;11.65;738.53;0.00;0.00;0.00
28.01.2021;18:46:29;3.33;39.00;11.64;738.50;0.00;0.00;0.00
28.01.2021;18:47:29;3.33;39.06;11.63;738.47;0.00;0.00;0.00
28.01.2021;18:48:29;3.35;39.06;11.62;738.43;0.00;0.00;0.00
28.01.2021;18:49:29;3.33;38.94;11.60;738.42;0.00;0.00;0.00
28.01.2021;18:50:29;3.33;39.17;11.63;738.39;0.00;0.00;0.00
28.01.2021;18:51:29;3.35;39.10;11.63;738.37;0.00;0.00;0.00
28.01.2021;18:52:29;3.33;39.09;11.63;738.36;0.00;0.00;0.00
28.01.2021;18:53:29;3.33;39.01;11.61;738.34;0.00;0.00;0.00
28.01.2021;18:54:29;3.33;39.03;11.60;738.35;0.00;0.00;0.00
28.01.2021;18:55:29;3.33;38.95;11.60;738.36;0.00;0.00;0.00
28.01.2021;18:56:29;3.33;39.05;11.62;738.37;0.00;0.00;0.00
28.01.2021;18:57:29;3.33;39.14;11.62;738.36;0.00;0.00;0.00
28.01.2021;18:58:29;3.33;39.12;11.62;738.34;0.00;0.00;0.00
28.01.2021;18:59:29;3.33;39.04;11.63;738.34;0.00;0.00;0.00
28.01.2021;19:00:29;3.33;39.12;11.63;738.32;0.00;0.00;0.00
28.01.2021;19:01:29;3.33;39.07;11.61;738.30;0.00;0.00;0.00
28.01.2021;19:02:29;3.35;39.04;11.59;738.29;0.00;0.00;0.00
28.01.2021;19:03:29;3.33;39.09;11.61;738.27;0.00;0.00;0.00
28.01.2021;19:04:29;3.33;39.10;11.61;738.26;0.00;0.00;0.00
28.01.2021;19:05:29;3.35;39.00;11.59;738.25;0.00;0.00;0.00
28.01.2021;19:06:29;3.33;38.96;11.59;738.27;0.00;0.00;0.00
28.01.2021;19:07:29;3.33;38.99;11.58;738.29;0.00;0.00;0.00
28.01.2021;19:08:29;3.33;39.07;11.58;738.31;0.00;0.00;0.00
28.01.2021;19:09:29;3.33;39.11;11.57;738.31;0.00;0.00;0.00
28.01.2021;19:10:29;3.33;39.09;11.56;738.33;0.00;0.00;0.00
28.01.2021;19:11:30;3.33;39.06;11.55;738.35;0.00;0.00;0.00
28.01.2021;19:12:30;3.33;39.06;11.54;738.36;0.00;0.00;0.00
28.01.2021;19:13:30;3.33;39.18;11.56;738.35;0.00;0.00;0.00
28.01.2021;19:14:30;3.33;39.25;11.57;738.36;0.00;0.00;0.00
28.01.2021;19:15:30;3.33;39.43;11.58;738.38;0.00;0.00;0.00
28.01.2021;19:16:30;3.35;39.55;11.60;738.39;0.00;0.00;0.00
28.01.2021;19:17:30;3.33;39.52;11.61;738.39;0.00;0.00;0.00
28.01.2021;19:18:30;3.33;39.24;11.61;738.40;0.00;0.00;0.00
28.01.2021;19:19:30;3.35;39.14;11.60;738.40;0.00;0.00;0.00
28.01.2021;19:20:30;3.29;39.14;11.61;738.39;0.00;0.00;0.00
28.01.2021;19:21:30;3.33;39.12;11.61;738.42;0.00;0.00;0.00
28.01.2021;19:22:30;3.33;39.16;11.61;738.41;0.00;0.00;0.00
28.01.2021;19:23:30;3.33;39.29;11.62;738.42;0.00;0.00;0.00
28.01.2021;19:24:30;3.33;39.39;11.64;738.42;0.00;0.00;0.00
28.01.2021;19:25:30;3.33;39.35;11.65;738.41;0.00;0.00;0.00
28.01.2021;19:26:30;3.33;39.15;11.64;738.40;0.00;0.00;0.00
28.01.2021;19:27:30;3.33;39.10;11.64;738.37;0.00;0.00;0.00
28.01.2021;19:28:30;3.33;39.31;11.67;738.33;0.00;0.00;0.00
28.01.2021;19:29:30;3.33;39.21;11.66;738.31;0.00;0.00;0.00
28.01.2021;19:30:30;3.35;39.09;11.65;738.28;0.00;0.00;0.00
28.01.2021;19:31:30;3.33;39.07;11.64;738.28;0.00;0.00;0.00
28.01.2021;19:32:30;3.33;39.14;11.65;738.27;0.00;0.00;0.00
28.01.2021;19:33:30;3.35;39.23;11.65;738.25;0.00;0.00;0.00
28.01.2021;19:34:30;3.32;39.21;11.66;738.23;0.00;0.00;0.00
28.01.2021;19:35:30;3.32;39.12;11.65;738.23;0.00;0.00;0.00
28.01.2021;19:36:30;3.33;39.24;11.67;738.21;0.00;0.00;0.00
28.01.2021;19:37:30;3.32;39.22;11.66;738.19;0.00;0.00;0.00
28.01.2021;19:38:30;3.33;39.11;11.64;738.19;0.00;0.00;0.00
28.01.2021;19:39:30;3.33;39.06;11.61;738.15;0.00;0.00;0.00
28.01.2021;19:40:30;3.33;39.15;11.62;738.14;0.00;0.00;0.00
28.01.2021;19:41:30;3.33;39.21;11.62;738.14;0.00;0.00;0.00
28.01.2021;19:42:31;3.32;39.14;11.59;738.14;0.00;0.00;0.00
28.01.2021;19:43:31;3.33;39.31;11.60;738.14;0.00;0.00;0.00
28.01.2021;19:44:31;3.35;39.12;11.58;738.15;0.00;0.00;0.00
28.01.2021;19:45:31;3.32;39.23;11.56;738.13;0.00;0.00;0.00
28.01.2021;19:46:31;3.32;39.33;11.57;738.12;0.00;0.00;0.00
28.01.2021;19:47:31;3.33;39.22;11.56;738.09;0.00;0.00;0.00
28.01.2021;19:48:31;3.33;39.33;11.56;738.10;0.00;0.00;0.00
28.01.2021;19:49:31;3.31;39.30;11.54;738.09;0.00;0.00;0.00
28.01.2021;19:50:31;3.33;39.35;11.54;738.08;0.00;0.00;0.00
28.01.2021;19:51:31;3.32;39.45;11.54;738.09;0.00;0.00;0.00
28.01.2021;19:52:31;3.32;39.58;11.55;738.10;0.00;0.00;0.00
28.01.2021;19:53:31;3.31;39.34;11.52;738.10;0.00;0.00;0.00
28.01.2021;19:54:31;3.32;39.27;11.52;738.09;0.00;0.00;0.00
28.01.2021;19:55:31;3.33;39.64;11.55;738.09;0.00;0.00;0.00
28.01.2021;19:56:31;3.33;39.49;11.54;738.10;0.00;0.00;0.00
28.01.2021;19:57:31;3.33;39.28;11.51;738.09;0.00;0.00;0.00
28.01.2021;19:58:31;3.32;39.27;11.50;738.08;0.00;0.00;0.00
28.01.2021;19:59:31;3.32;39.35;11.50;738.06;0.00;0.00;0.00
28.01.2021;20:00:31;3.32;39.48;11.51;738.04;0.00;0.00;0.00
28.01.2021;20:01:31;3.29;39.40;11.48;738.01;0.00;0.00;0.00
28.01.2021;20:02:31;3.29;39.48;11.49;738.00;0.00;0.00;0.00
28.01.2021;20:03:31;3.32;39.78;11.52;737.99;0.00;0.00;0.00
28.01.2021;20:04:31;3.25;39.56;11.51;737.99;0.00;0.00;0.00
28.01.2021;20:05:31;3.06;39.43;11.50;738.01;0.00;0.00;0.00
28.01.2021;20:06:31;3.19;39.62;11.52;738.01;0.00;0.00;0.00
28.01.2021;20:07:31;3.14;39.77;11.57;738.04;0.00;0.00;0.00
28.01.2021;20:08:31;3.05;39.86;11.60;738.05;0.00;0.00;0.00
28.01.2021;20:09:31;3.08;39.90;11.62;738.06;0.00;0.00;0.00
28.01.2021;20:10:31;3.14;39.88;11.64;738.07;0.00;0.00;0.00
28.01.2021;20:11:31;3.09;39.71;11.65;738.07;0.00;0.00;0.00
28.01.2021;20:12:31;3.11;39.53;11.68;738.06;0.00;0.00;0.00
28.01.2021;20:13:32;3.24;39.46;11.69;738.06;0.00;0.00;0.00
28.01.2021;20:14:32;3.16;39.45;11.71;738.04;0.00;0.00;0.00
28.01.2021;20:15:32;3.24;39.24;11.70;738.04;0.00;0.00;0.00
28.01.2021;20:16:32;3.21;39.23;11.70;738.04;0.00;0.00;0.00
28.01.2021;20:17:32;3.23;39.42;11.73;738.06;0.00;0.00;0.00
28.01.2021;20:18:32;3.18;39.53;11.74;738.05;0.00;0.00;0.00
28.01.2021;20:19:32;3.11;39.56;11.77;738.06;0.00;0.00;0.00
28.01.2021;20:20:32;3.06;39.12;11.75;738.08;0.00;0.00;0.00
28.01.2021;20:21:32;3.17;39.21;11.78;738.05;0.00;0.00;0.00
28.01.2021;20:22:32;3.16;39.02;11.76;738.06;0.00;0.00;0.00
28.01.2021;20:23:32;3.10;38.98;11.75;738.06;0.00;0.00;0.00
28.01.2021;20:24:32;3.07;39.08;11.76;738.07;0.00;0.00;0.00
28.01.2021;20:25:32;3.12;38.99;11.72;738.06;0.00;0.00;0.00
28.01.2021;20:26:32;3.14;39.03;11.73;738.05;0.00;0.00;0.00
28.01.2021;20:27:32;3.17;39.12;11.72;738.05;0.00;0.00;0.00
28.01.2021;20:28:32;3.16;39.32;11.74;738.04;0.00;0.00;0.00
28.01.2021;20:29:32;3.21;39.25;11.73;738.04;0.00;0.00;0.00
28.01.2021;20:30:32;3.11;39.34;11.73;738.01;0.00;0.00;0.00
28.01.2021;20:31:32;3.08;39.22;11.72;738.04;0.00;0.00;0.00
28.01.2021;20:32:32;3.17;39.29;11.73;738.04;0.00;0.00;0.00
28.01.2021;20:33:32;3.22;39.20;11.73;738.05;0.00;0.00;0.00
28.01.2021;20:34:32;3.22;39.15;11.72;738.05;0.00;0.00;0.00
28.01.2021;20:35:32;3.18;39.05;11.71;738.05;0.00;0.00;0.00
28.01.2021;20:36:32;3.22;39.13;11.71;738.04;0.00;0.00;0.00
28.01.2021;20:37:32;3.10;39.26;11.71;738.01;0.00;0.00;0.00
28.01.2021;20:38:32;3.21;39.21;11.71;737.99;0.00;0.00;0.00
28.01.2021;20:39:32;3.16;39.33;11.72;737.96;0.00;0.00;0.00
28.01.2021;20:40:32;3.19;39.32;11.71;737.93;0.00;0.00;0.00
28.01.2021;20:41:32;3.18;39.16;11.70;737.92;0.00;0.00;0.00
28.01.2021;20:42:32;3.16;39.12;11.70;737.92;0.00;0.00;0.00
28.01.2021;20:43:32;3.19;39.03;11.67;737.90;0.00;0.00;0.00
28.01.2021;20:44:33;3.29;39.16;11.67;737.88;0.00;0.00;0.00
28.01.2021;20:45:33;3.26;39.33;11.68;737.88;0.00;0.00;0.00
28.01.2021;20:46:33;3.18;39.44;11.68;737.86;0.00;0.00;0.00
28.01.2021;20:47:33;3.14;39.42;11.67;737.86;0.00;0.00;0.00
28.01.2021;20:48:33;3.16;39.35;11.67;737.84;0.00;0.00;0.00
28.01.2021;20:49:33;3.19;39.17;11.63;737.83;0.00;0.00;0.00
28.01.2021;20:50:33;3.16;39.16;11.63;737.83;0.00;0.00;0.00
28.01.2021;20:51:33;3.18;39.38;11.66;737.83;0.00;0.00;0.00
28.01.2021;20:52:33;3.15;39.37;11.65;737.85;0.00;0.00;0.00
28.01.2021;20:53:33;3.08;39.48;11.66;737.84;0.00;0.00;0.00
28.01.2021;20:54:33;3.22;39.38;11.66;737.87;0.00;0.00;0.00
28.01.2021;20:55:33;3.18;39.36;11.67;737.90;0.00;0.00;0.00
28.01.2021;20:56:33;3.23;39.26;11.66;737.90;0.00;0.00;0.00
28.01.2021;20:57:33;3.26;39.46;11.68;737.92;0.00;0.00;0.00
28.01.2021;20:58:33;3.07;39.36;11.68;737.92;0.00;0.00;0.00
28.01.2021;20:59:33;3.14;39.14;11.67;737.94;0.00;0.00;0.00
28.01.2021;21:00:33;3.28;39.15;11.67;737.94;0.00;0.00;0.00
28.01.2021;21:01:33;3.31;39.06;11.65;737.92;0.00;0.00;0.00
28.01.2021;21:02:33;3.25;39.00;11.63;737.93;0.00;0.00;0.00
28.01.2021;21:03:33;3.15;39.21;11.65;737.94;0.00;0.00;0.00
28.01.2021;21:04:33;3.29;39.18;11.62;737.94;0.00;0.00;0.00
28.01.2021;21:05:33;3.18;39.32;11.64;737.94;0.00;0.00;0.00
28.01.2021;21:06:33;3.26;39.62;11.65;737.94;0.00;0.00;0.00
28.01.2021;21:07:33;3.22;39.48;11.64;737.94;0.00;0.00;0.00
28.01.2021;21:08:33;3.28;39.42;11.63;737.94;0.00;0.00;0.00
28.01.2021;21:09:33;3.26;39.38;11.65;737.93;0.00;0.00;0.00
28.01.2021;21:10:33;3.22;39.50;11.67;737.92;0.00;0.00;0.00
28.01.2021;21:11:33;3.28;39.38;11.66;737.90;0.00;0.00;0.00
28.01.2021;21:12:33;3.29;39.23;11.63;737.89;0.00;0.00;0.00
28.01.2021;21:13:33;3.25;39.17;11.63;737.90;0.00;0.00;0.00
28.01.2021;21:14:33;3.22;39.12;11.63;737.91;0.00;0.00;0.00
28.01.2021;21:15:34;3.26;39.14;11.64;737.91;0.00;0.00;0.00
28.01.2021;21:16:34;3.25;38.96;11.61;737.90;0.00;0.00;0.00
28.01.2021;21:17:34;3.28;39.05;11.62;737.87;0.00;0.00;0.00
28.01.2021;21:18:34;3.25;39.14;11.63;737.85;0.00;0.00;0.00
28.01.2021;21:19:34;3.25;39.15;11.61;737.85;0.00;0.00;0.00
28.01.2021;21:20:34;3.28;39.34;11.62;737.82;0.00;0.00;0.00
28.01.2021;21:21:34;3.21;39.41;11.62;737.80;0.00;0.00;0.00
28.01.2021;21:22:34;3.29;39.54;11.62;737.80;0.00;0.00;0.00
28.01.2021;21:23:34;3.21;39.36;11.62;737.76;0.00;0.00;0.00
28.01.2021;21:24:34;3.21;39.17;11.62;737.74;0.00;0.00;0.00
28.01.2021;21:25:34;3.26;39.29;11.64;737.73;0.00;0.00;0.00
28.01.2021;21:26:34;3.24;39.25;11.63;737.73;0.00;0.00;0.00
28.01.2021;21:27:34;3.21;39.31;11.64;737.71;0.00;0.00;0.00
28.01.2021;21:28:34;3.17;39.32;11.65;737.71;0.00;0.00;0.00
28.01.2021;21:29:34;3.17;39.63;11.68;737.69;0.00;0.00;0.00
28.01.2021;21:30:34;3.19;39.53;11.69;737.69;0.00;0.00;0.00
28.01.2021;21:31:34;3.19;39.28;11.71;737.67;0.00;0.00;0.00
28.01.2021;21:32:34;3.19;39.54;11.73;737.65;0.00;0.00;0.00
28.01.2021;21:33:34;3.19;39.16;11.72;737.64;0.00;0.00;0.00
28.01.2021;21:34:34;3.19;39.16;11.72;737.64;0.00;0.00;0.00
28.01.2021;21:35:34;3.12;39.08;11.72;737.64;0.00;0.00;0.00
28.01.2021;21:36:34;3.22;39.22;11.74;737.64;0.00;0.00;0.00
28.01.2021;21:37:34;3.21;39.13;11.73;737.65;0.00;0.00;0.00
28.01.2021;21:38:34;3.18;39.20;11.74;737.66;0.00;0.00;0.00
28.01.2021;21:39:34;3.24;39.28;11.75;737.67;0.00;0.00;0.00
28.01.2021;21:40:34;3.14;39.14;11.76;737.68;0.00;0.00;0.00
28.01.2021;21:41:34;3.32;39.12;11.75;737.66;0.00;0.00;0.00
28.01.2021;21:42:34;3.26;39.18;11.75;737.66;0.00;0.00;0.00
28.01.2021;21:43:34;3.17;39.04;11.73;737.64;0.00;0.00;0.00
28.01.2021;21:44:34;3.21;39.02;11.73;737.61;0.00;0.00;0.00
28.01.2021;21:45:34;3.29;39.08;11.72;737.60;0.00;0.00;0.00
28.01.2021;21:46:34;3.32;39.03;11.70;737.57;0.00;0.00;0.00
28.01.2021;21:47:35;3.19;39.05;11.70;737.56;0.00;0.00;0.00
28.01.2021;21:48:35;3.15;39.05;11.68;737.54;0.00;0.00;0.00
28.01.2021;21:49:35;3.14;39.01;11.66;737.54;0.00;0.00;0.00
28.01.2021;21:50:35;3.18;39.08;11.66;737.52;0.00;0.00;0.00
28.01.2021;21:51:35;3.18;39.27;11.67;737.51;0.00;0.00;0.00
28.01.2021;21:52:35;3.21;39.29;11.68;737.51;0.00;0.00;0.00
28.01.2021;21:53:35;3.24;39.21;11.66;737.52;0.00;0.00;0.00
28.01.2021;21:54:35;3.22;39.30;11.66;737.51;0.00;0.00;0.00
28.01.2021;21:55:35;3.31;39.30;11.66;737.49;0.00;0.00;0.00
28.01.2021;21:56:35;3.17;39.38;11.66;737.48;0.00;0.00;0.00
28.01.2021;21:57:35;3.24;39.24;11.64;737.46;0.00;0.00;0.00
28.01.2021;21:58:35;3.31;39.25;11.64;737.46;0.00;0.00;0.00
28.01.2021;21:59:35;3.28;39.16;11.62;737.45;0.00;0.00;0.00
28.01.2021;22:00:35;3.23;39.17;11.62;737.46;0.00;0.00;0.00
28.01.2021;22:01:35;3.26;39.27;11.62;737.47;0.00;0.00;0.00
28.01.2021;22:02:35;3.26;39.28;11.62;737.48;0.00;0.00;0.00
28.01.2021;22:03:35;3.23;39.25;11.62;737.47;0.00;0.00;0.00
28.01.2021;22:04:35;3.29;39.30;11.63;737.46;0.00;0.00;0.00
28.01.2021;22:05:35;3.25;39.34;11.64;737.45;0.00;0.00;0.00
28.01.2021;22:06:35;3.28;39.38;11.65;737.45;0.00;0.00;0.00
28.01.2021;22:07:35;3.26;39.25;11.63;737.43;0.00;0.00;0.00
28.01.2021;22:08:35;3.29;39.10;11.60;737.42;0.00;0.00;0.00
28.01.2021;22:09:35;3.25;39.10;11.60;737.41;0.00;0.00;0.00
28.01.2021;22:10:35;3.28;39.07;11.58;737.40;0.00;0.00;0.00
28.01.2021;22:11:35;3.21;39.13;11.58;737.39;0.00;0.00;0.00
28.01.2021;22:12:35;3.25;39.15;11.55;737.36;0.00;0.00;0.00
28.01.2021;22:13:35;3.22;39.19;11.55;737.35;0.00;0.00;0.00
28.01.2021;22:14:35;3.28;39.13;11.54;737.34;0.00;0.00;0.00
28.01.2021;22:15:35;3.22;39.17;11.53;737.35;0.00;0.00;0.00
28.01.2021;22:16:35;3.29;39.14;11.51;737.33;0.00;0.00;0.00
28.01.2021;22:17:35;3.25;39.12;11.50;737.32;0.00;0.00;0.00
28.01.2021;22:18:36;3.21;39.25;11.50;737.32;0.00;0.00;0.00
28.01.2021;22:19:36;3.28;39.49;11.50;737.34;0.00;0.00;0.00
28.01.2021;22:20:36;3.29;39.43;11.50;737.34;0.00;0.00;0.00
28.01.2021;22:21:36;3.25;39.46;11.50;737.33;0.00;0.00;0.00
28.01.2021;22:22:36;3.26;39.52;11.53;737.34;0.00;0.00;0.00
28.01.2021;22:23:36;3.22;39.80;11.55;737.35;0.00;0.00;0.00
28.01.2021;22:24:36;3.24;39.49;11.56;737.35;0.00;0.00;0.00
28.01.2021;22:25:36;3.26;39.39;11.56;737.34;0.00;0.00;0.00
28.01.2021;22:26:36;3.25;39.50;11.58;737.34;0.00;0.00;0.00
28.01.2021;22:27:36;3.25;39.26;11.56;737.35;0.00;0.00;0.00
28.01.2021;22:28:36;3.29;39.40;11.58;737.34;0.00;0.00;0.00
28.01.2021;22:29:36;3.28;39.34;11.59;737.35;0.00;0.00;0.00
28.01.2021;22:30:36;3.26;39.16;11.58;737.35;0.00;0.00;0.00
28.01.2021;22:31:36;3.26;39.34;11.59;737.36;0.00;0.00;0.00
28.01.2021;22:32:36;3.29;39.34;11.63;737.35;0.00;0.00;0.00
28.01.2021;22:33:36;3.26;39.27;11.62;737.34;0.00;0.00;0.00
28.01.2021;22:34:36;3.29;39.20;11.62;737.33;0.00;0.00;0.00
28.01.2021;22:35:36;3.31;39.09;11.61;737.33;0.00;0.00;0.00
28.01.2021;22:36:36;3.26;39.09;11.62;737.32;0.00;0.00;0.00
28.01.2021;22:37:36;3.31;39.02;11.60;737.32;0.00;0.00;0.00
28.01.2021;22:38:36;3.32;38.99;11.60;737.32;0.00;0.00;0.00
28.01.2021;22:39:36;3.32;39.15;11.61;737.31;0.00;0.00;0.00
28.01.2021;22:40:36;3.28;39.03;11.59;737.30;0.00;0.00;0.00
28.01.2021;22:41:36;3.32;38.95;11.56;737.33;0.00;0.00;0.00
28.01.2021;22:42:36;3.32;38.98;11.57;737.32;0.00;0.00;0.00
28.01.2021;22:43:36;3.33;39.12;11.57;737.32;0.00;0.00;0.00
28.01.2021;22:44:36;3.32;38.89;11.54;737.32;0.00;0.00;0.00
28.01.2021;22:45:36;3.32;38.86;11.53;737.31;0.00;0.00;0.00
28.01.2021;22:46:36;3.35;39.05;11.54;737.32;0.00;0.00;0.00
28.01.2021;22:47:36;3.33;39.05;11.52;737.30;0.00;0.00;0.00
28.01.2021;22:48:36;3.33;39.06;11.51;737.31;0.00;0.00;0.00
28.01.2021;22:49:37;3.32;39.31;11.53;737.31;0.00;0.00;0.00
28.01.2021;22:50:37;3.33;39.53;11.55;737.30;0.00;0.00;0.00
28.01.2021;22:51:37;3.32;39.18;11.55;737.31;0.00;0.00;0.00
28.01.2021;22:52:37;3.33;39.05;11.53;737.31;0.00;0.00;0.00
28.01.2021;22:53:37;3.28;39.04;11.53;737.31;0.00;0.00;0.00
28.01.2021;22:54:37;3.32;39.06;11.53;737.32;0.00;0.00;0.00
28.01.2021;22:55:37;3.32;39.09;11.53;737.33;0.00;0.00;0.00
28.01.2021;22:56:37;3.33;38.94;11.52;737.33;0.00;0.00;0.00
28.01.2021;22:57:37;3.31;38.95;11.51;737.33;0.00;0.00;0.00
28.01.2021;22:58:37;3.33;38.91;11.50;737.32;0.00;0.00;0.00
28.01.2021;22:59:37;3.32;38.96;11.50;737.32;0.00;0.00;0.00
28.01.2021;23:00:37;3.31;38.99;11.49;737.33;0.00;0.00;0.00
28.01.2021;23:01:37;3.32;39.00;11.49;737.35;0.00;0.00;0.00
28.01.2021;23:02:37;3.31;38.91;11.47;737.35;0.00;0.00;0.00
28.01.2021;23:03:37;3.29;39.06;11.48;737.35;0.00;0.00;0.00
28.01.2021;23:04:37;3.29;39.11;11.48;737.36;0.00;0.00;0.00
28.01.2021;23:05:37;3.32;39.23;11.49;737.37;0.00;0.00;0.00
28.01.2021;23:06:37;3.26;39.23;11.48;737.39;0.00;0.00;0.00
28.01.2021;23:07:37;3.31;39.07;11.47;737.39;0.00;0.00;0.00
28.01.2021;23:08:37;3.32;39.15;11.48;737.41;0.00;0.00;0.00
28.01.2021;23:09:37;3.32;39.14;11.48;737.43;0.00;0.00;0.00
28.01.2021;23:10:37;3.32;39.15;11.48;737.42;0.00;0.00;0.00
28.01.2021;23:11:37;3.31;39.20;11.49;737.44;0.00;0.00;0.00
28.01.2021;23:12:37;3.28;39.21;11.50;737.44;0.00;0.00;0.00
28.01.2021;23:13:37;3.29;39.18;11.50;737.44;0.00;0.00;0.00
28.01.2021;23:14:37;3.32;39.24;11.51;737.45;0.00;0.00;0.00
28.01.2021;23:15:37;3.28;39.42;11.53;737.46;0.00;0.00;0.00
28.01.2021;23:16:37;3.25;39.30;11.53;737.46;0.00;0.00;0.00
28.01.2021;23:17:37;3.33;39.04;11.52;737.47;0.00;0.00;0.00
28.01.2021;23:18:37;3.32;39.13;11.53;737.45;0.00;0.00;0.00
28.01.2021;23:19:37;3.26;39.04;11.53;737.47;0.00;0.00;0.00
28.01.2021;23:20:38;3.29;39.18;11.54;737.47;0.00;0.00;0.00
28.01.2021;23:21:38;3.31;39.02;11.55;737.48;0.00;0.00;0.00
28.01.2021;23:22:38;3.32;39.13;11.55;737.50;0.00;0.00;0.00
28.01.2021;23:23:38;3.31;38.97;11.55;737.51;0.00;0.00;0.00
28.01.2021;23:24:38;3.31;38.97;11.54;737.50;0.00;0.00;0.00
28.01.2021;23:25:38;3.26;39.18;11.56;737.51;0.00;0.00;0.00
28.01.2021;23:26:38;3.32;39.08;11.57;737.53;0.00;0.00;0.00
28.01.2021;23:27:38;3.26;38.93;11.56;737.51;0.00;0.00;0.00
28.01.2021;23:28:38;3.29;38.84;11.55;737.50;0.00;0.00;0.00
28.01.2021;23:29:38;3.19;38.85;11.53;737.49;0.00;0.00;0.00
28.01.2021;23:30:38;3.26;39.05;11.54;737.50;0.00;0.00;0.00
28.01.2021;23:31:38;3.24;38.97;11.53;737.51;0.00;0.00;0.00
28.01.2021;23:32:38;3.29;39.26;11.54;737.50;0.00;0.00;0.00
28.01.2021;23:33:38;3.29;39.13;11.55;737.48;0.00;0.00;0.00
28.01.2021;23:34:38;3.28;38.67;11.51;737.49;0.00;0.00;0.00
28.01.2021;23:35:38;3.29;38.61;11.51;737.51;0.00;0.00;0.00
28.01.2021;23:36:38;3.31;38.60;11.48;737.50;0.00;0.00;0.00
28.01.2021;23:37:38;3.26;38.66;11.46;737.49;0.00;0.00;0.00
28.01.2021;23:38:38;3.28;38.38;11.44;737.50;0.00;0.00;0.00
28.01.2021;23:39:38;3.31;38.47;11.44;737.48;0.00;0.00;0.00
28.01.2021;23:40:38;3.32;38.52;11.42;737.50;0.00;0.00;0.00
28.01.2021;23:41:38;3.33;38.80;11.41;737.52;0.00;0.00;0.00
28.01.2021;23:42:38;3.35;38.75;11.40;737.52;0.00;0.00;0.00
28.01.2021;23:43:38;3.33;38.46;11.37;737.52;0.00;0.00;0.00
28.01.2021;23:44:38;3.33;38.39;11.35;737.55;0.00;0.00;0.00
28.01.2021;23:45:38;3.35;38.63;11.36;737.54;0.00;0.00;0.00
28.01.2021;23:46:38;3.31;38.69;11.34;737.56;0.00;0.00;0.00
28.01.2021;23:47:38;3.32;38.51;11.33;737.56;0.00;0.00;0.00
28.01.2021;23:48:38;3.32;38.81;11.34;737.59;0.00;0.00;0.00
28.01.2021;23:49:38;3.31;39.00;11.33;737.57;0.00;0.00;0.00
28.01.2021;23:50:38;3.33;38.66;11.33;737.58;0.00;0.00;0.00
28.01.2021;23:51:38;3.33;38.81;11.31;737.57;0.00;0.00;0.00
28.01.2021;23:52:39;3.33;38.59;11.30;737.58;0.00;0.00;0.00
28.01.2021;23:53:39;3.33;38.74;11.30;737.59;0.00;0.00;0.00
28.01.2021;23:54:39;3.33;39.01;11.31;737.58;0.00;0.00;0.00
28.01.2021;23:55:39;3.31;38.62;11.29;737.58;0.00;0.00;0.00
28.01.2021;23:56:39;3.35;38.80;11.30;737.58;0.00;0.00;0.00
28.01.2021;23:57:39;3.29;38.58;11.29;737.57;0.00;0.00;0.00
28.01.2021;23:58:39;3.33;38.74;11.30;737.57;0.00;0.00;0.00
28.01.2021;23:59:39;3.32;38.93;11.29;737.58;0.00;0.00;0.00
