29.11.2020;0:00:57;3.35;46.16;15.11;752.98;0.00;0.00;0.00
29.11.2020;0:01:57;3.33;46.10;15.11;752.98;0.00;0.00;0.00
29.11.2020;0:02:57;3.33;46.13;15.11;752.98;0.00;0.00;0.00
29.11.2020;0:03:57;3.33;46.08;15.11;752.97;0.00;0.00;0.00
29.11.2020;0:04:57;3.33;46.10;15.09;752.97;0.00;0.00;0.00
29.11.2020;0:05:57;3.33;46.11;15.09;752.97;0.00;0.00;0.00
29.11.2020;0:06:57;3.33;46.16;15.09;752.97;0.00;0.00;0.00
29.11.2020;0:07:57;3.33;46.20;15.07;752.96;0.00;0.00;0.00
29.11.2020;0:08:57;3.35;46.20;15.07;752.95;0.00;0.00;0.00
29.11.2020;0:09:57;3.33;46.16;15.07;752.95;0.00;0.00;0.00
29.11.2020;0:10:57;3.33;46.14;15.06;752.95;0.00;0.00;0.00
29.11.2020;0:11:57;3.36;46.17;15.05;752.94;0.00;0.00;0.00
29.11.2020;0:12:57;3.33;46.18;15.04;752.93;0.00;0.00;0.00
29.11.2020;0:13:57;3.33;46.21;15.03;752.94;0.00;0.00;0.00
29.11.2020;0:14:57;3.35;46.21;15.03;752.93;0.00;0.00;0.00
29.11.2020;0:15:58;3.33;46.18;15.03;752.93;0.00;0.00;0.00
29.11.2020;0:16:58;3.33;46.28;15.02;752.94;0.00;0.00;0.00
29.11.2020;0:17:58;3.33;46.27;15.03;752.94;0.00;0.00;0.00
29.11.2020;0:18:58;3.33;46.26;15.03;752.94;0.00;0.00;0.00
29.11.2020;0:19:58;3.33;46.20;15.03;752.95;0.00;0.00;0.00
29.11.2020;0:20:58;3.33;46.24;15.03;752.95;0.00;0.00;0.00
29.11.2020;0:21:58;3.33;46.14;15.03;752.94;0.00;0.00;0.00
29.11.2020;0:22:58;3.35;46.20;15.02;752.94;0.00;0.00;0.00
29.11.2020;0:23:58;3.33;46.24;15.02;752.93;0.00;0.00;0.00
29.11.2020;0:24:58;3.33;46.18;15.01;752.93;0.00;0.00;0.00
29.11.2020;0:25:58;3.36;46.10;15.00;752.93;0.00;0.00;0.00
29.11.2020;0:26:58;3.33;46.19;15.01;752.93;0.00;0.00;0.00
29.11.2020;0:27:58;3.33;46.25;15.01;752.93;0.00;0.00;0.00
29.11.2020;0:28:58;3.35;46.25;15.00;752.92;0.00;0.00;0.00
29.11.2020;0:29:58;3.33;46.20;15.00;752.94;0.00;0.00;0.00
29.11.2020;0:30:58;3.33;46.16;15.00;752.94;0.00;0.00;0.00
29.11.2020;0:31:58;3.33;46.20;14.99;752.92;0.00;0.00;0.00
29.11.2020;0:32:58;3.33;46.10;14.99;752.91;0.00;0.00;0.00
29.11.2020;0:33:58;3.33;46.12;14.98;752.91;0.00;0.00;0.00
29.11.2020;0:34:58;3.33;46.09;14.98;752.90;0.00;0.00;0.00
29.11.2020;0:35:58;3.33;46.09;14.97;752.89;0.00;0.00;0.00
29.11.2020;0:36:58;3.35;46.22;14.97;752.89;0.00;0.00;0.00
29.11.2020;0:37:58;3.33;46.16;14.97;752.89;0.00;0.00;0.00
29.11.2020;0:38:58;3.33;46.16;14.97;752.91;0.00;0.00;0.00
29.11.2020;0:39:58;3.36;46.02;14.97;752.91;0.00;0.00;0.00
29.11.2020;0:40:58;3.33;45.98;14.96;752.93;0.00;0.00;0.00
29.11.2020;0:41:58;3.33;45.97;14.96;752.94;0.00;0.00;0.00
29.11.2020;0:42:58;3.35;45.97;14.96;752.94;0.00;0.00;0.00
29.11.2020;0:43:58;3.33;45.96;14.96;752.94;0.00;0.00;0.00
29.11.2020;0:44:59;3.33;45.88;14.95;752.93;0.00;0.00;0.00
29.11.2020;0:45:59;3.33;45.83;14.94;752.92;0.00;0.00;0.00
29.11.2020;0:46:59;3.33;46.03;14.94;752.91;0.00;0.00;0.00
29.11.2020;0:47:59;3.33;45.94;14.94;752.90;0.00;0.00;0.00
29.11.2020;0:48:59;3.33;45.80;14.93;752.90;0.00;0.00;0.00
29.11.2020;0:49:59;3.33;45.90;14.93;752.90;0.00;0.00;0.00
29.11.2020;0:50:59;3.35;45.72;14.93;752.90;0.00;0.00;0.00
29.11.2020;0:51:59;3.33;45.64;14.92;752.91;0.00;0.00;0.00
29.11.2020;0:52:59;3.33;45.79;14.92;752.91;0.00;0.00;0.00
29.11.2020;0:53:59;3.36;45.79;14.92;752.92;0.00;0.00;0.00
29.11.2020;0:54:59;3.33;45.75;14.92;752.92;0.00;0.00;0.00
29.11.2020;0:55:59;3.33;45.61;14.91;752.91;0.00;0.00;0.00
29.11.2020;0:56:59;3.35;45.50;14.91;752.89;0.00;0.00;0.00
29.11.2020;0:57:59;3.33;45.73;14.90;752.88;0.00;0.00;0.00
29.11.2020;0:58:59;3.33;45.78;14.90;752.88;0.00;0.00;0.00
29.11.2020;0:59:59;3.33;45.70;14.92;752.87;0.00;0.00;0.00
29.11.2020;1:00:59;3.33;45.38;14.92;752.87;0.00;0.00;0.00
29.11.2020;1:01:59;3.33;45.60;14.91;752.86;0.00;0.00;0.00
29.11.2020;1:02:59;3.33;45.20;14.91;752.86;0.00;0.00;0.00
29.11.2020;1:03:59;3.33;45.34;14.91;752.87;0.00;0.00;0.00
29.11.2020;1:04:59;3.35;44.94;14.90;752.86;0.00;0.00;0.00
29.11.2020;1:05:59;3.33;44.85;14.89;752.87;0.00;0.00;0.00
29.11.2020;1:06:59;3.33;45.36;14.89;752.85;0.00;0.00;0.00
29.11.2020;1:07:59;3.36;44.96;14.90;752.85;0.00;0.00;0.00
29.11.2020;1:08:59;3.33;44.61;14.88;752.85;0.00;0.00;0.00
29.11.2020;1:09:59;3.33;45.02;14.88;752.84;0.00;0.00;0.00
29.11.2020;1:10:59;3.35;44.89;14.88;752.84;0.00;0.00;0.00
29.11.2020;1:11:59;3.33;44.14;14.86;752.84;0.00;0.00;0.00
29.11.2020;1:12:59;3.33;44.97;14.86;752.84;0.00;0.00;0.00
29.11.2020;1:13:59;3.33;44.87;14.86;752.83;0.00;0.00;0.00
29.11.2020;1:15:00;3.33;44.45;14.87;752.83;0.00;0.00;0.00
29.11.2020;1:16:00;3.33;45.34;14.87;752.82;0.00;0.00;0.00
29.11.2020;1:17:00;3.33;44.39;14.88;752.81;0.00;0.00;0.00
29.11.2020;1:18:00;3.33;45.27;14.88;752.80;0.00;0.00;0.00
29.11.2020;1:19:00;3.35;45.08;14.89;752.79;0.00;0.00;0.00
29.11.2020;1:20:00;3.33;45.19;14.89;752.79;0.00;0.00;0.00
29.11.2020;1:21:00;3.33;45.32;14.89;752.79;0.00;0.00;0.00
29.11.2020;1:22:00;3.36;45.16;14.90;752.80;0.00;0.00;0.00
29.11.2020;1:23:00;3.33;45.34;14.91;752.81;0.00;0.00;0.00
29.11.2020;1:24:00;3.33;45.19;14.92;752.82;0.00;0.00;0.00
29.11.2020;1:25:00;3.35;44.93;14.92;752.83;0.00;0.00;0.00
29.11.2020;1:26:00;3.33;45.20;14.92;752.84;0.00;0.00;0.00
29.11.2020;1:27:00;3.33;44.91;14.93;752.85;0.00;0.00;0.00
29.11.2020;1:28:00;3.33;45.02;14.94;752.85;0.00;0.00;0.00
29.11.2020;1:29:00;3.33;44.84;14.94;752.86;0.00;0.00;0.00
29.11.2020;1:30:00;3.33;45.34;14.94;752.86;0.00;0.00;0.00
29.11.2020;1:31:00;3.33;44.97;14.95;752.86;0.00;0.00;0.00
29.11.2020;1:32:00;3.33;45.32;14.96;752.87;0.00;0.00;0.00
29.11.2020;1:33:00;3.35;45.22;14.96;752.88;0.00;0.00;0.00
29.11.2020;1:34:00;3.33;45.29;14.96;752.88;0.00;0.00;0.00
29.11.2020;1:35:00;3.33;45.28;14.96;752.88;0.00;0.00;0.00
29.11.2020;1:36:00;3.36;45.33;14.97;752.90;0.00;0.00;0.00
29.11.2020;1:37:00;3.33;45.34;14.97;752.92;0.00;0.00;0.00
29.11.2020;1:38:00;3.33;45.12;14.97;752.92;0.00;0.00;0.00
29.11.2020;1:39:00;3.35;45.16;14.97;752.94;0.00;0.00;0.00
29.11.2020;1:40:00;3.33;45.12;14.97;752.94;0.00;0.00;0.00
29.11.2020;1:41:00;3.33;44.72;14.97;752.93;0.00;0.00;0.00
29.11.2020;1:42:00;3.33;44.96;14.97;752.94;0.00;0.00;0.00
29.11.2020;1:43:00;3.33;44.79;14.96;752.94;0.00;0.00;0.00
29.11.2020;1:44:01;3.33;44.66;14.96;752.95;0.00;0.00;0.00
29.11.2020;1:45:01;3.33;44.83;14.95;752.96;0.00;0.00;0.00
29.11.2020;1:46:01;3.33;44.37;14.94;752.96;0.00;0.00;0.00
29.11.2020;1:47:01;3.35;44.92;14.92;752.97;0.00;0.00;0.00
29.11.2020;1:48:01;3.33;44.86;14.92;752.98;0.00;0.00;0.00
29.11.2020;1:49:01;3.33;45.13;14.92;752.98;0.00;0.00;0.00
29.11.2020;1:50:01;3.36;45.23;14.93;752.99;0.00;0.00;0.00
29.11.2020;1:51:01;3.33;45.19;14.92;753.00;0.00;0.00;0.00
29.11.2020;1:52:01;3.33;45.22;14.92;753.00;0.00;0.00;0.00
29.11.2020;1:53:01;3.35;45.22;14.92;753.01;0.00;0.00;0.00
29.11.2020;1:54:01;3.33;45.38;14.92;753.02;0.00;0.00;0.00
29.11.2020;1:55:01;3.33;45.12;14.91;753.01;0.00;0.00;0.00
29.11.2020;1:56:01;3.33;45.23;14.91;753.02;0.00;0.00;0.00
29.11.2020;1:57:01;3.33;45.13;14.91;753.02;0.00;0.00;0.00
29.11.2020;1:58:01;3.33;45.37;14.90;753.02;0.00;0.00;0.00
29.11.2020;1:59:01;3.33;45.21;14.90;753.02;0.00;0.00;0.00
29.11.2020;2:00:01;3.33;45.19;14.90;753.03;0.00;0.00;0.00
29.11.2020;2:01:01;3.35;45.39;14.90;753.03;0.00;0.00;0.00
29.11.2020;2:02:01;3.33;45.25;14.90;753.04;0.00;0.00;0.00
29.11.2020;2:03:01;3.33;45.21;14.89;753.04;0.00;0.00;0.00
29.11.2020;2:04:01;3.36;45.30;14.89;753.04;0.00;0.00;0.00
29.11.2020;2:05:01;3.33;45.38;14.89;753.02;0.00;0.00;0.00
29.11.2020;2:06:01;3.33;45.19;14.88;753.01;0.00;0.00;0.00
29.11.2020;2:07:01;3.35;45.25;14.88;753.00;0.00;0.00;0.00
29.11.2020;2:08:01;3.33;45.23;14.88;753.00;0.00;0.00;0.00
29.11.2020;2:09:01;3.33;45.36;14.86;752.99;0.00;0.00;0.00
29.11.2020;2:10:01;3.33;45.36;14.86;752.99;0.00;0.00;0.00
29.11.2020;2:11:01;3.33;45.30;14.86;752.99;0.00;0.00;0.00
29.11.2020;2:12:01;3.33;45.34;14.86;753.00;0.00;0.00;0.00
29.11.2020;2:13:01;3.33;44.97;14.85;752.99;0.00;0.00;0.00
29.11.2020;2:14:02;3.33;45.21;14.84;752.99;0.00;0.00;0.00
29.11.2020;2:15:02;3.35;45.39;14.83;753.00;0.00;0.00;0.00
29.11.2020;2:16:02;3.33;45.39;14.82;752.98;0.00;0.00;0.00
29.11.2020;2:17:02;3.33;45.45;14.82;752.98;0.00;0.00;0.00
29.11.2020;2:18:02;3.36;45.28;14.81;752.99;0.00;0.00;0.00
29.11.2020;2:19:02;3.33;45.41;14.80;752.98;0.00;0.00;0.00
29.11.2020;2:20:02;3.33;45.49;14.79;752.96;0.00;0.00;0.00
29.11.2020;2:21:02;3.35;45.58;14.78;752.96;0.00;0.00;0.00
29.11.2020;2:22:02;3.33;45.38;14.76;752.96;0.00;0.00;0.00
29.11.2020;2:23:02;3.33;45.37;14.75;752.98;0.00;0.00;0.00
29.11.2020;2:24:02;3.33;45.43;14.74;752.99;0.00;0.00;0.00
29.11.2020;2:25:02;3.33;45.17;14.73;752.98;0.00;0.00;0.00
29.11.2020;2:26:02;3.33;45.11;14.70;752.95;0.00;0.00;0.00
29.11.2020;2:27:02;3.33;45.17;14.69;752.95;0.00;0.00;0.00
29.11.2020;2:28:02;3.33;45.40;14.68;752.95;0.00;0.00;0.00
29.11.2020;2:29:02;3.35;45.28;14.67;752.94;0.00;0.00;0.00
29.11.2020;2:30:02;3.33;45.51;14.66;752.94;0.00;0.00;0.00
29.11.2020;2:31:02;3.33;45.71;14.65;752.95;0.00;0.00;0.00
29.11.2020;2:32:02;3.36;45.62;14.64;752.96;0.00;0.00;0.00
29.11.2020;2:33:02;3.33;45.35;14.62;752.96;0.00;0.00;0.00
29.11.2020;2:34:02;3.33;45.47;14.61;752.98;0.00;0.00;0.00
29.11.2020;2:35:02;3.35;45.56;14.60;752.99;0.00;0.00;0.00
29.11.2020;2:36:02;3.33;45.48;14.60;753.01;0.00;0.00;0.00
29.11.2020;2:37:02;3.33;45.44;14.59;753.01;0.00;0.00;0.00
29.11.2020;2:38:02;3.33;45.43;14.58;753.00;0.00;0.00;0.00
29.11.2020;2:39:02;3.33;45.56;14.57;753.01;0.00;0.00;0.00
29.11.2020;2:40:02;3.33;45.68;14.57;753.00;0.00;0.00;0.00
29.11.2020;2:41:02;3.33;45.75;14.56;753.00;0.00;0.00;0.00
29.11.2020;2:42:02;3.33;45.70;14.56;753.00;0.00;0.00;0.00
29.11.2020;2:43:02;3.35;45.76;14.56;752.99;0.00;0.00;0.00
29.11.2020;2:44:03;3.33;45.61;14.56;752.98;0.00;0.00;0.00
29.11.2020;2:45:03;3.33;45.64;14.55;752.98;0.00;0.00;0.00
29.11.2020;2:46:03;3.36;45.80;14.54;752.98;0.00;0.00;0.00
29.11.2020;2:47:03;3.33;45.86;14.54;752.97;0.00;0.00;0.00
29.11.2020;2:48:03;3.33;45.87;14.55;752.97;0.00;0.00;0.00
29.11.2020;2:49:03;3.35;45.85;14.55;752.95;0.00;0.00;0.00
29.11.2020;2:50:03;3.33;45.79;14.55;752.93;0.00;0.00;0.00
29.11.2020;2:51:03;3.33;45.80;14.55;752.94;0.00;0.00;0.00
29.11.2020;2:52:03;3.33;45.83;14.55;752.96;0.00;0.00;0.00
29.11.2020;2:53:03;3.33;45.80;14.54;752.96;0.00;0.00;0.00
29.11.2020;2:54:03;3.33;45.75;14.53;752.98;0.00;0.00;0.00
29.11.2020;2:55:03;3.33;45.75;14.53;752.98;0.00;0.00;0.00
29.11.2020;2:56:03;3.33;45.73;14.52;752.99;0.00;0.00;0.00
29.11.2020;2:57:03;3.35;45.81;14.52;752.99;0.00;0.00;0.00
29.11.2020;2:58:03;3.33;45.85;14.52;752.98;0.00;0.00;0.00
29.11.2020;2:59:03;3.33;45.78;14.51;752.98;0.00;0.00;0.00
29.11.2020;3:00:03;3.36;45.85;14.51;752.98;0.00;0.00;0.00
29.11.2020;3:01:03;3.33;45.87;14.51;752.97;0.00;0.00;0.00
29.11.2020;3:02:03;3.33;45.77;14.51;752.96;0.00;0.00;0.00
29.11.2020;3:03:03;3.35;45.77;14.51;752.95;0.00;0.00;0.00
29.11.2020;3:04:03;3.33;45.74;14.51;752.95;0.00;0.00;0.00
29.11.2020;3:05:03;3.33;45.63;14.50;752.94;0.00;0.00;0.00
29.11.2020;3:06:03;3.33;45.55;14.50;752.93;0.00;0.00;0.00
29.11.2020;3:07:03;3.33;45.64;14.49;752.93;0.00;0.00;0.00
29.11.2020;3:08:03;3.33;45.73;14.49;752.92;0.00;0.00;0.00
29.11.2020;3:09:03;3.33;45.58;14.48;752.93;0.00;0.00;0.00
29.11.2020;3:10:03;3.33;45.50;14.46;752.93;0.00;0.00;0.00
29.11.2020;3:11:03;3.35;45.58;14.45;752.93;0.00;0.00;0.00
29.11.2020;3:12:03;3.33;45.73;14.45;752.91;0.00;0.00;0.00
29.11.2020;3:13:03;3.33;45.71;14.45;752.91;0.00;0.00;0.00
29.11.2020;3:14:04;3.36;45.66;14.44;752.92;0.00;0.00;0.00
29.11.2020;3:15:04;3.33;45.71;14.43;752.91;0.00;0.00;0.00
29.11.2020;3:16:04;3.33;45.71;14.43;752.92;0.00;0.00;0.00
29.11.2020;3:17:04;3.35;45.76;14.43;752.91;0.00;0.00;0.00
29.11.2020;3:18:04;3.33;45.82;14.41;752.91;0.00;0.00;0.00
29.11.2020;3:19:04;3.33;45.89;14.41;752.91;0.00;0.00;0.00
29.11.2020;3:20:04;3.33;45.91;14.41;752.92;0.00;0.00;0.00
29.11.2020;3:21:04;3.33;45.90;14.41;752.93;0.00;0.00;0.00
29.11.2020;3:22:04;3.33;45.82;14.40;752.91;0.00;0.00;0.00
29.11.2020;3:23:04;3.33;45.87;14.39;752.91;0.00;0.00;0.00
29.11.2020;3:24:04;3.33;45.83;14.38;752.91;0.00;0.00;0.00
29.11.2020;3:25:04;3.35;45.80;14.37;752.91;0.00;0.00;0.00
29.11.2020;3:26:04;3.33;45.67;14.36;752.91;0.00;0.00;0.00
29.11.2020;3:27:04;3.33;45.63;14.34;752.91;0.00;0.00;0.00
29.11.2020;3:28:04;3.36;45.74;14.33;752.92;0.00;0.00;0.00
29.11.2020;3:29:04;3.33;45.81;14.31;752.91;0.00;0.00;0.00
29.11.2020;3:30:04;3.33;45.84;14.30;752.92;0.00;0.00;0.00
29.11.2020;3:31:04;3.35;45.91;14.29;752.91;0.00;0.00;0.00
29.11.2020;3:32:04;3.33;45.91;14.28;752.91;0.00;0.00;0.00
29.11.2020;3:33:04;3.33;45.96;14.27;752.92;0.00;0.00;0.00
29.11.2020;3:34:04;3.33;46.00;14.26;752.92;0.00;0.00;0.00
29.11.2020;3:35:04;3.33;45.99;14.25;752.93;0.00;0.00;0.00
29.11.2020;3:36:04;3.33;45.96;14.24;752.94;0.00;0.00;0.00
29.11.2020;3:37:04;3.33;45.94;14.23;752.93;0.00;0.00;0.00
29.11.2020;3:38:04;3.33;46.13;14.23;752.92;0.00;0.00;0.00
29.11.2020;3:39:04;3.35;46.19;14.23;752.94;0.00;0.00;0.00
29.11.2020;3:40:04;3.33;46.23;14.23;752.95;0.00;0.00;0.00
29.11.2020;3:41:04;3.33;46.27;14.23;752.96;0.00;0.00;0.00
29.11.2020;3:42:04;3.36;46.19;14.23;752.97;0.00;0.00;0.00
29.11.2020;3:43:05;3.33;46.20;14.23;752.98;0.00;0.00;0.00
29.11.2020;3:44:05;3.33;46.21;14.22;752.96;0.00;0.00;0.00
29.11.2020;3:45:05;3.35;46.16;14.23;752.94;0.00;0.00;0.00
29.11.2020;3:46:05;3.33;46.18;14.23;752.93;0.00;0.00;0.00
29.11.2020;3:47:05;3.33;46.10;14.23;752.93;0.00;0.00;0.00
29.11.2020;3:48:05;3.33;45.99;14.24;752.93;0.00;0.00;0.00
29.11.2020;3:49:05;3.33;46.03;14.24;752.95;0.00;0.00;0.00
29.11.2020;3:50:05;3.33;46.01;14.24;752.95;0.00;0.00;0.00
29.11.2020;3:51:05;3.33;45.98;14.25;752.95;0.00;0.00;0.00
29.11.2020;3:52:05;3.33;46.01;14.27;752.96;0.00;0.00;0.00
29.11.2020;3:53:05;3.35;45.92;14.27;752.95;0.00;0.00;0.00
29.11.2020;3:54:05;3.33;45.89;14.27;752.95;0.00;0.00;0.00
29.11.2020;3:55:05;3.33;45.80;14.26;752.94;0.00;0.00;0.00
29.11.2020;3:56:05;3.36;45.81;14.26;752.93;0.00;0.00;0.00
29.11.2020;3:57:05;3.33;45.87;14.26;752.92;0.00;0.00;0.00
29.11.2020;3:58:05;3.33;45.82;14.26;752.92;0.00;0.00;0.00
29.11.2020;3:59:05;3.35;45.83;14.27;752.92;0.00;0.00;0.00
29.11.2020;4:00:05;3.33;45.87;14.28;752.91;0.00;0.00;0.00
29.11.2020;4:01:05;3.33;45.91;14.28;752.91;0.00;0.00;0.00
29.11.2020;4:02:05;3.33;45.84;14.28;752.92;0.00;0.00;0.00
29.11.2020;4:03:05;3.33;45.94;14.29;752.94;0.00;0.00;0.00
29.11.2020;4:04:05;3.33;45.93;14.30;752.94;0.00;0.00;0.00
29.11.2020;4:05:05;3.33;45.91;14.30;752.95;0.00;0.00;0.00
29.11.2020;4:06:05;3.33;45.89;14.30;752.93;0.00;0.00;0.00
29.11.2020;4:07:05;3.35;45.85;14.30;752.93;0.00;0.00;0.00
29.11.2020;4:08:05;3.33;45.84;14.30;752.93;0.00;0.00;0.00
29.11.2020;4:09:05;3.33;45.85;14.31;752.93;0.00;0.00;0.00
29.11.2020;4:10:05;3.36;45.86;14.31;752.93;0.00;0.00;0.00
29.11.2020;4:11:05;3.33;45.80;14.31;752.92;0.00;0.00;0.00
29.11.2020;4:12:05;3.33;45.76;14.32;752.89;0.00;0.00;0.00
29.11.2020;4:13:06;3.35;45.70;14.32;752.88;0.00;0.00;0.00
29.11.2020;4:14:06;3.33;45.61;14.31;752.84;0.00;0.00;0.00
29.11.2020;4:15:06;3.33;45.63;14.31;752.83;0.00;0.00;0.00
29.11.2020;4:16:06;3.33;45.63;14.31;752.82;0.00;0.00;0.00
29.11.2020;4:17:06;3.33;45.69;14.31;752.82;0.00;0.00;0.00
29.11.2020;4:18:06;3.33;45.70;14.31;752.83;0.00;0.00;0.00
29.11.2020;4:19:06;3.33;45.72;14.30;752.83;0.00;0.00;0.00
29.11.2020;4:20:06;3.33;45.78;14.30;752.84;0.00;0.00;0.00
29.11.2020;4:21:06;3.35;45.80;14.30;752.84;0.00;0.00;0.00
29.11.2020;4:22:06;3.33;45.82;14.30;752.84;0.00;0.00;0.00
29.11.2020;4:23:06;3.33;45.75;14.31;752.82;0.00;0.00;0.00
29.11.2020;4:24:06;3.36;45.71;14.30;752.82;0.00;0.00;0.00
29.11.2020;4:25:06;3.33;45.76;14.30;752.81;0.00;0.00;0.00
29.11.2020;4:26:06;3.33;45.68;14.30;752.81;0.00;0.00;0.00
29.11.2020;4:27:06;3.35;45.75;14.30;752.82;0.00;0.00;0.00
29.11.2020;4:28:06;3.33;45.81;14.30;752.82;0.00;0.00;0.00
29.11.2020;4:29:06;3.33;45.79;14.30;752.83;0.00;0.00;0.00
29.11.2020;4:30:06;3.33;45.66;14.30;752.84;0.00;0.00;0.00
29.11.2020;4:31:06;3.33;45.68;14.30;752.85;0.00;0.00;0.00
29.11.2020;4:32:06;3.33;45.72;14.29;752.85;0.00;0.00;0.00
29.11.2020;4:33:06;3.33;45.67;14.30;752.85;0.00;0.00;0.00
29.11.2020;4:34:06;3.33;45.55;14.29;752.85;0.00;0.00;0.00
29.11.2020;4:35:06;3.35;45.57;14.28;752.85;0.00;0.00;0.00
29.11.2020;4:36:06;3.33;45.64;14.28;752.84;0.00;0.00;0.00
29.11.2020;4:37:06;3.33;45.46;14.27;752.83;0.00;0.00;0.00
29.11.2020;4:38:06;3.36;45.60;14.27;752.83;0.00;0.00;0.00
29.11.2020;4:39:06;3.33;45.52;14.28;752.82;0.00;0.00;0.00
29.11.2020;4:40:06;3.33;45.50;14.28;752.81;0.00;0.00;0.00
29.11.2020;4:41:06;3.35;45.52;14.27;752.82;0.00;0.00;0.00
29.11.2020;4:42:06;3.33;45.59;14.27;752.83;0.00;0.00;0.00
29.11.2020;4:43:07;3.33;45.58;14.28;752.84;0.00;0.00;0.00
29.11.2020;4:44:07;3.33;45.63;14.28;752.83;0.00;0.00;0.00
29.11.2020;4:45:07;3.33;45.61;14.28;752.83;0.00;0.00;0.00
29.11.2020;4:46:07;3.33;45.52;14.29;752.83;0.00;0.00;0.00
29.11.2020;4:47:07;3.33;45.57;14.29;752.84;0.00;0.00;0.00
29.11.2020;4:48:07;3.33;45.62;14.28;752.84;0.00;0.00;0.00
29.11.2020;4:49:07;3.35;45.59;14.28;752.85;0.00;0.00;0.00
29.11.2020;4:50:07;3.33;45.62;14.29;752.86;0.00;0.00;0.00
29.11.2020;4:51:07;3.33;45.61;14.28;752.85;0.00;0.00;0.00
29.11.2020;4:52:07;3.36;45.52;14.28;752.85;0.00;0.00;0.00
29.11.2020;4:53:07;3.33;45.60;14.27;752.85;0.00;0.00;0.00
29.11.2020;4:54:07;3.33;45.67;14.27;752.85;0.00;0.00;0.00
29.11.2020;4:55:07;3.35;45.59;14.27;752.85;0.00;0.00;0.00
29.11.2020;4:56:07;3.33;45.70;14.26;752.86;0.00;0.00;0.00
29.11.2020;4:57:07;3.33;45.75;14.27;752.87;0.00;0.00;0.00
29.11.2020;4:58:07;3.33;45.76;14.26;752.88;0.00;0.00;0.00
29.11.2020;4:59:07;3.33;45.77;14.26;752.89;0.00;0.00;0.00
29.11.2020;5:00:07;3.33;45.73;14.25;752.90;0.00;0.00;0.00
29.11.2020;5:01:07;3.33;45.67;14.25;752.90;0.00;0.00;0.00
29.11.2020;5:02:07;3.33;45.48;14.25;752.90;0.00;0.00;0.00
29.11.2020;5:03:07;3.35;45.53;14.25;752.91;0.00;0.00;0.00
29.11.2020;5:04:07;3.33;45.51;14.25;752.91;0.00;0.00;0.00
29.11.2020;5:05:07;3.33;45.51;14.25;752.91;0.00;0.00;0.00
29.11.2020;5:06:07;3.36;45.40;14.24;752.90;0.00;0.00;0.00
29.11.2020;5:07:07;3.33;45.39;14.25;752.91;0.00;0.00;0.00
29.11.2020;5:08:07;3.33;45.50;14.24;752.93;0.00;0.00;0.00
29.11.2020;5:09:07;3.35;45.50;14.24;752.94;0.00;0.00;0.00
29.11.2020;5:10:07;3.33;45.34;14.23;752.94;0.00;0.00;0.00
29.11.2020;5:11:07;3.33;45.52;14.24;752.93;0.00;0.00;0.00
29.11.2020;5:12:07;3.33;45.33;14.24;752.92;0.00;0.00;0.00
29.11.2020;5:13:08;3.33;45.46;14.24;752.92;0.00;0.00;0.00
29.11.2020;5:14:08;3.33;45.30;14.23;752.91;0.00;0.00;0.00
29.11.2020;5:15:08;3.33;45.28;14.23;752.91;0.00;0.00;0.00
29.11.2020;5:16:08;3.33;45.48;14.24;752.91;0.00;0.00;0.00
29.11.2020;5:17:08;3.35;45.54;14.24;752.91;0.00;0.00;0.00
29.11.2020;5:18:08;3.33;45.48;14.24;752.91;0.00;0.00;0.00
29.11.2020;5:19:08;3.33;45.44;14.24;752.91;0.00;0.00;0.00
29.11.2020;5:20:08;3.36;45.33;14.24;752.91;0.00;0.00;0.00
29.11.2020;5:21:08;3.33;45.23;14.24;752.89;0.00;0.00;0.00
29.11.2020;5:22:08;3.33;45.31;14.24;752.88;0.00;0.00;0.00
29.11.2020;5:23:08;3.35;45.36;14.24;752.88;0.00;0.00;0.00
29.11.2020;5:24:08;3.33;45.24;14.23;752.88;0.00;0.00;0.00
29.11.2020;5:25:08;3.33;45.18;14.23;752.88;0.00;0.00;0.00
29.11.2020;5:26:08;3.33;45.04;14.22;752.87;0.00;0.00;0.00
29.11.2020;5:27:08;3.33;45.09;14.21;752.87;0.00;0.00;0.00
29.11.2020;5:28:08;3.33;45.18;14.20;752.87;0.00;0.00;0.00
29.11.2020;5:29:08;3.33;45.23;14.20;752.87;0.00;0.00;0.00
29.11.2020;5:30:08;3.33;45.29;14.20;752.86;0.00;0.00;0.00
29.11.2020;5:31:08;3.35;45.34;14.19;752.85;0.00;0.00;0.00
29.11.2020;5:32:08;3.33;45.30;14.19;752.85;0.00;0.00;0.00
29.11.2020;5:33:08;3.33;45.44;14.19;752.86;0.00;0.00;0.00
29.11.2020;5:34:08;3.36;45.52;14.18;752.86;0.00;0.00;0.00
29.11.2020;5:35:08;3.33;45.55;14.18;752.85;0.00;0.00;0.00
29.11.2020;5:36:08;3.33;45.41;14.18;752.84;0.00;0.00;0.00
29.11.2020;5:37:08;3.35;45.44;14.18;752.84;0.00;0.00;0.00
29.11.2020;5:38:08;3.33;45.55;14.17;752.84;0.00;0.00;0.00
29.11.2020;5:39:08;3.33;45.53;14.17;752.84;0.00;0.00;0.00
29.11.2020;5:40:08;3.33;45.63;14.17;752.83;0.00;0.00;0.00
29.11.2020;5:41:08;3.33;45.61;14.18;752.82;0.00;0.00;0.00
29.11.2020;5:42:08;3.33;45.67;14.18;752.82;0.00;0.00;0.00
29.11.2020;5:43:09;3.33;45.67;14.18;752.82;0.00;0.00;0.00
29.11.2020;5:44:09;3.33;45.62;14.19;752.82;0.00;0.00;0.00
29.11.2020;5:45:09;3.35;45.59;14.19;752.84;0.00;0.00;0.00
29.11.2020;5:46:09;3.33;45.55;14.19;752.85;0.00;0.00;0.00
29.11.2020;5:47:09;3.33;45.67;14.19;752.86;0.00;0.00;0.00
29.11.2020;5:48:09;3.36;45.65;14.20;752.87;0.00;0.00;0.00
29.11.2020;5:49:09;3.33;45.59;14.20;752.87;0.00;0.00;0.00
29.11.2020;5:50:09;3.33;45.55;14.20;752.88;0.00;0.00;0.00
29.11.2020;5:51:09;3.35;45.62;14.21;752.89;0.00;0.00;0.00
29.11.2020;5:52:09;3.33;45.60;14.22;752.89;0.00;0.00;0.00
29.11.2020;5:53:09;3.33;45.53;14.23;752.90;0.00;0.00;0.00
29.11.2020;5:54:09;3.33;45.50;14.23;752.89;0.00;0.00;0.00
29.11.2020;5:55:09;3.33;45.45;14.24;752.88;0.00;0.00;0.00
29.11.2020;5:56:09;3.33;45.38;14.25;752.87;0.00;0.00;0.00
29.11.2020;5:57:09;3.33;45.40;14.26;752.85;0.00;0.00;0.00
29.11.2020;5:58:09;3.33;45.33;14.26;752.83;0.00;0.00;0.00
29.11.2020;5:59:09;3.35;45.31;14.26;752.85;0.00;0.00;0.00
29.11.2020;6:00:09;3.33;45.35;14.27;752.85;0.00;0.00;0.00
29.11.2020;6:01:09;3.33;45.35;14.28;752.86;0.00;0.00;0.00
29.11.2020;6:02:09;3.36;45.24;14.30;752.85;0.00;0.00;0.00
29.11.2020;6:03:09;3.33;45.24;14.30;752.84;0.00;0.00;0.00
29.11.2020;6:04:09;3.33;45.17;14.31;752.83;0.00;0.00;0.00
29.11.2020;6:05:09;3.35;45.17;14.31;752.82;0.00;0.00;0.00
29.11.2020;6:06:09;3.33;45.20;14.32;752.82;0.00;0.00;0.00
29.11.2020;6:07:09;3.33;45.08;14.33;752.82;0.00;0.00;0.00
29.11.2020;6:08:09;3.33;45.18;14.34;752.82;0.00;0.00;0.00
29.11.2020;6:09:09;3.33;45.09;14.36;752.82;0.00;0.00;0.00
29.11.2020;6:10:09;3.33;44.98;14.36;752.82;0.00;0.00;0.00
29.11.2020;6:11:09;3.33;44.83;14.37;752.81;0.00;0.00;0.00
29.11.2020;6:12:09;3.33;44.83;14.37;752.81;0.00;0.00;0.00
29.11.2020;6:13:10;3.35;44.89;14.38;752.81;0.00;0.00;0.00
29.11.2020;6:14:10;3.33;45.00;14.39;752.83;0.00;0.00;0.00
29.11.2020;6:15:10;3.33;44.89;14.41;752.84;0.00;0.00;0.00
29.11.2020;6:16:10;3.36;44.87;14.41;752.85;0.00;0.00;0.00
29.11.2020;6:17:10;3.33;44.66;14.42;752.85;0.00;0.00;0.00
29.11.2020;6:18:10;3.33;44.70;14.43;752.86;0.00;0.00;0.00
29.11.2020;6:19:10;3.35;44.61;14.45;752.86;0.00;0.00;0.00
29.11.2020;6:20:10;3.33;44.73;14.46;752.86;0.00;0.00;0.00
29.11.2020;6:21:10;3.33;44.78;14.47;752.86;0.00;0.00;0.00
29.11.2020;6:22:10;3.33;44.70;14.48;752.87;0.00;0.00;0.00
29.11.2020;6:23:10;3.33;44.65;14.50;752.87;0.00;0.00;0.00
29.11.2020;6:24:10;3.33;44.62;14.52;752.86;0.00;0.00;0.00
29.11.2020;6:25:10;3.33;44.76;14.54;752.86;0.00;0.00;0.00
29.11.2020;6:26:10;3.33;44.60;14.57;752.85;0.00;0.00;0.00
29.11.2020;6:27:10;3.35;44.54;14.57;752.85;0.00;0.00;0.00
29.11.2020;6:28:10;3.33;44.52;14.59;752.85;0.00;0.00;0.00
29.11.2020;6:29:10;3.33;44.28;14.60;752.85;0.00;0.00;0.00
29.11.2020;6:30:10;3.36;44.27;14.61;752.85;0.00;0.00;0.00
29.11.2020;6:31:10;3.33;44.28;14.63;752.85;0.00;0.00;0.00
29.11.2020;6:32:10;3.33;44.29;14.63;752.85;0.00;0.00;0.00
29.11.2020;6:33:10;3.35;44.34;14.64;752.86;0.00;0.00;0.00
29.11.2020;6:34:10;3.33;44.33;14.65;752.84;0.00;0.00;0.00
29.11.2020;6:35:10;3.33;44.29;14.66;752.83;0.00;0.00;0.00
29.11.2020;6:36:10;3.33;44.20;14.68;752.82;0.00;0.00;0.00
29.11.2020;6:37:10;3.33;44.09;14.68;752.82;0.00;0.00;0.00
29.11.2020;6:38:10;3.33;44.13;14.69;752.82;0.00;0.00;0.00
29.11.2020;6:39:10;3.33;44.08;14.69;752.81;0.00;0.00;0.00
29.11.2020;6:40:10;3.33;44.19;14.70;752.81;0.00;0.00;0.00
29.11.2020;6:41:10;3.35;44.06;14.71;752.79;0.00;0.00;0.00
29.11.2020;6:42:10;3.33;44.12;14.72;752.80;0.00;0.00;0.00
29.11.2020;6:43:11;3.33;44.07;14.73;752.80;0.00;0.00;0.00
29.11.2020;6:44:11;3.36;44.01;14.74;752.80;0.00;0.00;0.00
29.11.2020;6:45:11;3.33;44.12;14.75;752.80;0.00;0.00;0.00
29.11.2020;6:46:11;3.33;44.01;14.76;752.80;0.00;0.00;0.00
29.11.2020;6:47:11;3.35;44.12;14.76;752.79;0.00;0.00;0.00
29.11.2020;6:48:11;3.33;43.98;14.77;752.80;0.00;0.00;0.00
29.11.2020;6:49:11;3.33;43.73;14.77;752.78;0.00;0.00;0.00
29.11.2020;6:50:11;3.33;43.84;14.76;752.77;0.00;0.00;0.00
29.11.2020;6:51:11;3.33;43.92;14.77;752.76;0.00;0.00;0.00
29.11.2020;6:52:11;3.33;43.98;14.78;752.76;0.00;0.00;0.00
29.11.2020;6:53:11;3.33;43.83;14.77;752.76;0.00;0.00;0.00
29.11.2020;6:54:11;3.33;43.79;14.76;752.76;0.00;0.00;0.00
29.11.2020;6:55:11;3.35;43.91;14.77;752.75;0.00;0.00;0.00
29.11.2020;6:56:11;3.33;43.91;14.76;752.75;0.00;0.00;0.00
29.11.2020;6:57:11;3.33;43.98;14.75;752.76;0.00;0.00;0.00
29.11.2020;6:58:11;3.36;43.93;14.75;752.78;0.00;0.00;0.00
29.11.2020;6:59:11;3.33;43.91;14.74;752.80;0.00;0.00;0.00
29.11.2020;7:00:11;3.33;43.97;14.74;752.81;0.00;0.00;0.00
29.11.2020;7:01:11;3.35;43.98;14.73;752.82;0.00;0.00;0.00
29.11.2020;7:02:11;3.33;44.01;14.73;752.83;0.00;0.00;0.00
29.11.2020;7:03:11;3.33;43.99;14.72;752.85;0.00;0.00;0.00
29.11.2020;7:04:11;3.33;44.04;14.73;752.86;0.00;0.00;0.00
29.11.2020;7:05:11;3.33;44.13;14.73;752.88;0.00;0.00;0.00
29.11.2020;7:06:11;3.33;44.19;14.73;752.88;0.00;0.00;0.00
29.11.2020;7:07:11;3.33;44.05;14.73;752.87;0.00;0.00;0.00
29.11.2020;7:08:11;3.43;44.17;14.73;752.89;0.00;0.00;0.00
29.11.2020;7:09:11;4.13;44.16;14.73;752.88;0.00;0.00;0.00
29.11.2020;7:10:11;4.17;44.09;14.73;752.87;0.00;0.00;0.00
29.11.2020;7:11:11;4.17;44.13;14.72;752.88;0.00;0.00;0.00
29.11.2020;7:12:11;4.19;44.25;14.71;752.88;0.00;0.00;0.00
29.11.2020;7:13:12;4.78;44.21;14.70;752.89;0.00;0.00;0.00
29.11.2020;7:14:12;5.00;44.28;14.69;752.90;0.00;0.00;0.00
29.11.2020;7:15:12;5.26;44.41;14.69;752.89;0.00;0.00;0.00
29.11.2020;7:16:12;5.83;44.38;14.70;752.90;0.00;0.00;0.00
29.11.2020;7:17:12;6.38;44.42;14.71;752.92;0.00;0.00;0.00
29.11.2020;7:18:12;6.89;44.45;14.72;752.92;0.00;0.00;0.00
29.11.2020;7:19:12;7.63;44.47;14.73;752.93;0.00;0.00;0.00
29.11.2020;7:20:12;8.47;44.46;14.73;752.94;0.00;0.00;0.00
29.11.2020;7:21:12;9.43;44.46;14.73;752.95;0.00;0.00;0.00
29.11.2020;7:22:12;10.44;44.38;14.74;752.96;0.00;0.00;0.00
29.11.2020;7:23:12;11.64;44.24;14.74;752.97;0.00;0.00;0.00
29.11.2020;7:24:12;12.92;44.13;14.73;752.98;0.00;0.00;0.00
29.11.2020;7:25:12;14.36;44.05;14.73;752.99;0.00;0.00;0.00
29.11.2020;7:26:12;15.96;43.98;14.71;752.99;0.00;0.00;0.00
29.11.2020;7:27:12;17.57;43.88;14.69;752.99;0.00;0.00;0.00
29.11.2020;7:28:12;19.31;43.84;14.68;752.99;0.00;0.00;0.00
29.11.2020;7:29:12;20.86;43.84;14.66;752.99;0.01;0.00;0.00
29.11.2020;7:30:12;22.32;44.44;14.66;753.01;0.01;0.00;0.00
29.11.2020;7:31:12;24.35;44.42;14.66;753.02;0.02;0.00;0.00
29.11.2020;7:32:12;27.11;44.32;14.65;753.04;0.03;0.00;0.00
29.11.2020;7:33:12;30.04;44.40;14.64;753.06;0.03;0.00;0.00
29.11.2020;7:34:12;32.61;44.17;14.63;753.09;0.04;0.00;0.00
29.11.2020;7:35:12;34.00;44.51;14.63;753.12;0.04;0.00;0.00
29.11.2020;7:36:12;34.17;44.59;14.62;753.15;0.05;0.00;0.00
29.11.2020;7:37:12;35.40;44.39;14.61;753.17;0.05;0.00;0.00
29.11.2020;7:38:12;40.31;44.17;14.61;753.18;0.06;0.00;0.00
29.11.2020;7:39:12;47.15;44.38;14.59;753.18;0.08;0.00;0.00
29.11.2020;7:40:12;53.10;44.10;14.58;753.18;0.09;0.00;0.00
29.11.2020;7:41:13;58.00;44.25;14.58;753.18;0.11;0.00;0.00
29.11.2020;7:42:13;63.11;44.31;14.59;753.18;0.12;0.00;0.00
29.11.2020;7:43:13;68.17;44.40;14.59;753.18;0.13;0.00;0.00
29.11.2020;7:44:13;72.58;44.45;14.59;753.18;0.14;0.00;0.00
29.11.2020;7:45:13;76.02;44.49;14.59;753.18;0.15;0.00;0.00
29.11.2020;7:46:13;79.28;44.54;14.60;753.20;0.16;0.00;0.00
29.11.2020;7:47:13;82.29;44.50;14.60;753.21;0.17;0.00;0.00
29.11.2020;7:48:13;85.01;44.29;14.59;753.21;0.17;0.00;0.00
29.11.2020;7:49:13;88.83;44.28;14.58;753.22;0.18;0.00;0.00
29.11.2020;7:50:13;94.94;44.30;14.58;753.24;0.19;0.00;0.00
29.11.2020;7:51:13;102.06;44.18;14.57;753.24;0.21;0.00;0.00
29.11.2020;7:52:13;108.26;44.34;14.56;753.26;0.22;0.00;0.00
29.11.2020;7:53:13;112.42;44.52;14.57;753.27;0.23;0.00;0.00
29.11.2020;7:54:13;115.96;44.45;14.57;753.28;0.24;0.00;0.00
29.11.2020;7:55:13;121.22;44.51;14.57;753.29;0.25;0.00;0.00
29.11.2020;7:56:13;127.20;44.37;14.57;753.31;0.26;0.00;0.00
29.11.2020;7:57:13;131.60;44.52;14.57;753.32;0.27;0.00;0.00
29.11.2020;7:58:13;133.24;44.55;14.57;753.34;0.27;0.00;0.00
29.11.2020;7:59:13;131.26;44.57;14.57;753.36;0.27;0.00;0.00
29.11.2020;8:00:13;129.79;44.57;14.57;753.36;0.27;0.00;0.00
29.11.2020;8:01:13;131.86;44.55;14.57;753.36;0.27;0.00;0.00
29.11.2020;8:02:13;137.46;44.50;14.57;753.37;0.28;0.00;0.00
29.11.2020;8:03:13;144.86;44.48;14.57;753.37;0.29;0.00;0.00
29.11.2020;8:04:13;151.98;44.36;14.57;753.37;0.30;0.00;0.00
29.11.2020;8:05:13;157.40;44.55;14.57;753.39;0.32;0.00;0.00
29.11.2020;8:06:13;162.62;44.53;14.57;753.39;0.33;0.00;0.00
29.11.2020;8:07:13;170.10;44.42;14.57;753.38;0.34;0.00;0.00
29.11.2020;8:08:14;178.56;44.54;14.58;753.38;0.36;0.00;0.00
29.11.2020;8:09:14;186.61;44.49;14.60;753.39;0.38;0.00;0.00
29.11.2020;8:10:14;194.39;44.44;14.61;753.39;0.39;0.00;0.00
29.11.2020;8:11:14;201.64;44.34;14.62;753.39;0.41;0.00;0.00
29.11.2020;8:12:14;208.29;44.28;14.63;753.39;0.43;0.01;0.00
29.11.2020;8:13:14;215.35;44.33;14.64;753.38;0.44;0.04;0.02
29.11.2020;8:14:14;222.92;44.27;14.64;753.38;0.45;0.07;0.03
29.11.2020;8:15:14;230.17;44.24;14.65;753.37;0.47;0.10;0.05
29.11.2020;8:16:14;237.37;44.16;14.67;753.38;0.48;0.12;0.06
29.11.2020;8:17:14;244.36;44.24;14.67;753.40;0.50;0.15;0.07
29.11.2020;8:18:14;250.31;44.22;14.67;753.41;0.51;0.18;0.09
29.11.2020;8:19:14;255.75;44.10;14.67;753.40;0.52;0.20;0.10
29.11.2020;8:20:14;261.29;44.05;14.67;753.40;0.54;0.21;0.11
29.11.2020;8:21:14;267.04;43.83;14.67;753.39;0.55;0.24;0.13
29.11.2020;8:22:14;273.43;43.69;14.67;753.39;0.56;0.28;0.16
29.11.2020;8:23:14;280.55;43.59;14.67;753.40;0.58;0.30;0.17
29.11.2020;8:24:14;287.87;43.64;14.66;753.41;0.60;0.32;0.19
29.11.2020;8:25:14;295.17;43.72;14.66;753.42;0.62;0.37;0.23
29.11.2020;8:26:14;302.18;43.63;14.66;753.42;0.64;0.39;0.25
29.11.2020;8:27:14;308.62;43.77;14.66;753.42;0.66;0.41;0.27
29.11.2020;8:28:14;314.36;43.84;14.67;753.41;0.68;0.44;0.30
29.11.2020;8:29:14;319.82;43.95;14.67;753.41;0.69;0.47;0.33
29.11.2020;8:30:14;325.69;44.15;14.67;753.42;0.71;0.50;0.35
29.11.2020;8:31:14;333.43;44.10;14.67;753.44;0.74;0.53;0.39
29.11.2020;8:32:14;343.63;44.12;14.68;753.45;0.78;0.60;0.46
29.11.2020;8:33:14;357.26;44.05;14.69;753.45;0.83;0.68;0.56
29.11.2020;8:34:14;374.00;43.98;14.70;753.45;0.89;0.80;0.71
29.11.2020;8:35:15;394.17;43.84;14.71;753.43;0.97;0.92;0.89
29.11.2020;8:36:15;415.11;43.71;14.72;753.43;1.05;1.06;1.11
29.11.2020;8:37:15;436.75;43.70;14.73;753.43;1.13;1.19;1.35
29.11.2020;8:38:15;454.36;43.59;14.73;753.40;1.19;1.30;1.55
29.11.2020;8:39:15;461.78;43.51;14.74;753.40;1.21;1.32;1.60
29.11.2020;8:40:15;460.71;43.53;14.74;753.39;1.20;1.31;1.56
29.11.2020;8:41:15;460.90;43.78;14.76;753.40;1.19;1.30;1.55
29.11.2020;8:42:15;458.62;43.66;14.77;753.40;1.16;1.25;1.45
29.11.2020;8:43:15;444.39;43.66;14.78;753.42;1.08;1.11;1.20
29.11.2020;8:44:15;427.44;43.63;14.78;753.42;0.99;0.96;0.95
29.11.2020;8:45:15;422.57;43.57;14.78;753.42;0.95;0.89;0.85
29.11.2020;8:46:15;423.67;43.64;14.76;753.41;0.93;0.87;0.81
29.11.2020;8:47:15;427.03;43.71;14.76;753.39;0.92;0.85;0.79
29.11.2020;8:48:15;431.75;43.67;14.77;753.40;0.93;0.86;0.79
29.11.2020;8:49:15;438.29;43.72;14.77;753.41;0.94;0.88;0.83
29.11.2020;8:50:15;448.47;43.57;14.77;753.40;0.96;0.91;0.87
29.11.2020;8:51:15;463.18;43.60;14.77;753.40;1.00;0.98;0.99
29.11.2020;8:52:15;481.19;43.74;14.77;753.39;1.06;1.08;1.15
29.11.2020;8:53:15;493.89;43.81;14.78;753.38;1.10;1.16;1.27
29.11.2020;8:54:15;503.73;43.65;14.79;753.39;1.13;1.20;1.36
29.11.2020;8:55:15;516.00;43.75;14.79;753.38;1.17;1.27;1.49
29.11.2020;8:56:15;530.30;43.79;14.80;753.39;1.23;1.37;1.69
29.11.2020;8:57:15;545.51;43.77;14.82;753.39;1.29;1.46;1.89
29.11.2020;8:58:15;560.72;43.75;14.84;753.40;1.35;1.56;2.09
29.11.2020;8:59:15;576.19;43.70;14.85;753.40;1.40;1.65;2.30
29.11.2020;9:00:15;589.79;43.64;14.86;753.41;1.45;1.72;2.48
29.11.2020;9:01:16;604.11;43.62;14.88;753.40;1.50;1.81;2.70
29.11.2020;9:02:16;623.76;43.57;14.90;753.38;1.57;1.92;3.01
29.11.2020;9:03:16;646.50;43.48;14.92;753.38;1.65;2.07;3.42
29.11.2020;9:04:16;671.43;43.40;14.94;753.38;1.76;2.23;3.93
29.11.2020;9:05:16;690.22;43.36;14.96;753.38;1.82;2.28;4.14
29.11.2020;9:06:16;706.16;43.28;14.98;753.38;1.87;2.30;4.30
29.11.2020;9:07:16;713.82;43.26;15.00;753.38;1.87;2.30;4.31
29.11.2020;9:08:16;709.84;43.28;15.01;753.37;1.82;2.26;4.11
29.11.2020;9:09:16;709.85;42.92;15.03;753.37;1.81;2.27;4.09
29.11.2020;9:10:16;718.72;43.02;15.04;753.37;1.85;2.30;4.25
29.11.2020;9:11:16;717.39;43.08;15.05;753.38;1.83;2.29;4.19
29.11.2020;9:12:16;712.72;43.14;15.06;753.39;1.78;2.24;4.00
29.11.2020;9:13:16;712.12;43.14;15.06;753.40;1.75;2.22;3.89
29.11.2020;9:14:16;716.60;43.11;15.07;753.40;1.78;2.24;3.98
29.11.2020;9:15:16;708.25;43.07;15.08;753.39;1.73;2.17;3.74
29.11.2020;9:16:16;701.88;43.02;15.08;753.39;1.70;2.13;3.61
29.11.2020;9:17:16;702.67;43.11;15.09;753.40;1.70;2.14;3.65
29.11.2020;9:18:16;707.42;43.02;15.11;753.41;1.72;2.17;3.75
29.11.2020;9:19:16;714.92;42.86;15.10;753.41;1.75;2.20;3.86
29.11.2020;9:20:16;726.71;42.93;15.11;753.40;1.79;2.26;4.05
29.11.2020;9:21:16;739.38;42.89;15.12;753.41;1.84;2.28;4.20
29.11.2020;9:22:16;747.86;43.00;15.13;753.41;1.86;2.30;4.29
29.11.2020;9:23:16;750.40;42.94;15.14;753.41;1.87;2.30;4.30
29.11.2020;9:24:16;749.15;42.89;15.16;753.40;1.86;2.30;4.29
29.11.2020;9:25:16;747.78;42.95;15.17;753.40;1.87;2.31;4.32
29.11.2020;9:26:16;748.37;42.89;15.18;753.40;1.90;2.36;4.47
29.11.2020;9:27:17;748.62;42.81;15.20;753.41;1.93;2.41;4.64
29.11.2020;9:28:17;752.08;42.77;15.22;753.41;1.96;2.48;4.87
29.11.2020;9:29:17;769.38;42.67;15.24;753.40;2.03;2.63;5.34
29.11.2020;9:30:17;796.79;42.71;15.25;753.40;2.12;2.81;5.96
29.11.2020;9:31:17;829.51;42.62;15.27;753.41;2.23;2.99;6.68
29.11.2020;9:32:17;857.44;42.67;15.29;753.41;2.33;3.15;7.34
29.11.2020;9:33:17;877.06;42.71;15.32;753.41;2.39;3.25;7.76
29.11.2020;9:34:17;887.15;42.63;15.35;753.41;2.43;3.31;8.03
29.11.2020;9:35:17;891.53;42.62;15.38;753.42;2.45;3.35;8.23
29.11.2020;9:36:17;899.65;42.54;15.40;753.43;2.50;3.44;8.57
29.11.2020;9:37:17;913.66;42.46;15.44;753.45;2.55;3.52;8.97
29.11.2020;9:38:17;929.58;42.38;15.47;753.45;2.61;3.61;9.41
29.11.2020;9:39:17;939.43;42.32;15.51;753.44;2.64;3.68;9.73
29.11.2020;9:40:17;942.50;42.21;15.54;753.41;2.65;3.69;9.79
29.11.2020;9:41:17;951.22;42.06;15.57;753.41;2.67;3.71;9.90
29.11.2020;9:42:17;966.55;42.04;15.59;753.42;2.71;3.77;10.20
29.11.2020;9:43:17;985.94;42.03;15.63;753.42;2.75;3.85;10.59
29.11.2020;9:44:17;999.75;41.93;15.67;753.43;2.78;3.90;10.86
29.11.2020;9:45:17;1010.11;41.91;15.70;753.44;2.81;3.94;11.10
29.11.2020;9:46:17;1016.25;41.83;15.74;753.45;2.83;3.98;11.28
29.11.2020;9:47:17;1015.86;41.74;15.78;753.45;2.84;4.00;11.34
29.11.2020;9:48:17;1012.90;41.66;15.81;753.46;2.83;3.99;11.28
29.11.2020;9:49:17;1008.42;41.60;15.83;753.47;2.82;3.96;11.15
29.11.2020;9:50:17;996.85;41.53;15.86;753.47;2.79;3.90;10.87
29.11.2020;9:51:17;989.63;41.43;15.88;753.48;2.77;3.88;10.73
29.11.2020;9:52:18;996.20;41.26;15.91;753.49;2.78;3.89;10.84
29.11.2020;9:53:18;1013.46;41.21;15.93;753.50;2.83;3.97;11.23
29.11.2020;9:54:18;1055.83;41.17;15.96;753.52;2.95;4.19;12.39
29.11.2020;9:55:18;1123.86;41.11;16.01;753.52;3.15;4.51;14.19
29.11.2020;9:56:18;1123.61;41.08;16.05;753.50;3.11;4.46;13.85
29.11.2020;9:57:18;1148.31;40.95;16.10;753.49;3.15;4.51;14.20
29.11.2020;9:58:18;1162.03;40.81;16.14;753.47;3.16;4.54;14.36
29.11.2020;9:59:18;1179.11;40.58;16.17;753.46;3.18;4.58;14.59
29.11.2020;10:00:18;1201.08;40.51;16.20;753.45;3.23;4.64;14.97
29.11.2020;10:01:18;1189.99;40.57;16.23;753.44;3.18;4.59;14.60
29.11.2020;10:02:18;1197.18;40.61;16.26;753.45;3.19;4.60;14.67
29.11.2020;10:03:18;1204.96;40.55;16.27;753.46;3.21;4.61;14.78
29.11.2020;10:04:18;1226.51;40.49;16.30;753.46;3.25;4.68;15.18
29.11.2020;10:05:18;1250.49;40.40;16.34;753.47;3.28;4.73;15.53
29.11.2020;10:06:18;1272.67;40.31;16.37;753.47;3.32;4.79;15.88
29.11.2020;10:07:18;1285.68;40.35;16.41;753.47;3.33;4.82;16.06
29.11.2020;10:08:18;1284.26;40.32;16.44;753.46;3.32;4.80;15.93
29.11.2020;10:09:18;1270.04;40.23;16.47;753.45;3.28;4.75;15.57
29.11.2020;10:10:18;1256.82;40.17;16.49;753.43;3.25;4.69;15.24
29.11.2020;10:11:18;1243.99;40.12;16.50;753.43;3.22;4.64;14.96
29.11.2020;10:12:18;1223.67;40.07;16.52;753.44;3.17;4.56;14.48
29.11.2020;10:13:18;1207.82;40.05;16.53;753.45;3.13;4.50;14.08
29.11.2020;10:14:18;1214.97;40.13;16.55;753.46;3.14;4.49;14.11
29.11.2020;10:15:19;1237.38;40.11;16.57;753.47;3.17;4.57;14.49
29.11.2020;10:16:19;1258.64;40.05;16.59;753.47;3.21;4.61;14.81
29.11.2020;10:17:19;1270.99;39.94;16.62;753.47;3.23;4.64;14.97
29.11.2020;10:18:19;1278.49;39.91;16.64;753.46;3.23;4.66;15.04
29.11.2020;10:19:19;1290.31;39.86;16.66;753.47;3.24;4.68;15.17
29.11.2020;10:20:19;1302.36;39.82;16.68;753.48;3.27;4.72;15.41
29.11.2020;10:21:19;1307.06;39.81;16.70;753.49;3.28;4.73;15.52
29.11.2020;10:22:19;1296.35;39.77;16.72;753.49;3.27;4.71;15.39
29.11.2020;10:23:19;1282.38;39.66;16.74;753.50;3.25;4.69;15.23
29.11.2020;10:24:19;1274.75;39.65;16.76;753.50;3.23;4.67;15.11
29.11.2020;10:25:19;1267.71;39.68;16.77;753.51;3.23;4.66;15.02
29.11.2020;10:26:19;1258.04;39.58;16.78;753.51;3.21;4.61;14.80
29.11.2020;10:27:19;1241.19;39.64;16.79;753.53;3.18;4.59;14.60
29.11.2020;10:28:19;1229.19;39.69;16.79;753.54;3.16;4.55;14.38
29.11.2020;10:29:19;1209.83;39.68;16.80;753.54;3.12;4.48;13.99
29.11.2020;10:30:19;1189.57;39.56;16.80;753.52;3.08;4.40;13.53
29.11.2020;10:31:19;1172.05;39.51;16.78;753.52;3.03;4.32;13.10
29.11.2020;10:32:19;1129.67;39.64;16.78;753.54;2.95;4.18;12.32
29.11.2020;10:33:19;1072.64;39.70;16.78;753.56;2.83;3.98;11.26
29.11.2020;10:34:19;1055.48;39.72;16.77;753.60;2.79;3.92;10.95
29.11.2020;10:35:19;1059.97;39.68;16.76;753.62;2.81;3.94;11.07
29.11.2020;10:36:19;1072.85;39.49;16.75;753.62;2.83;3.99;11.29
29.11.2020;10:37:19;1104.32;39.63;16.75;753.60;2.89;4.08;11.77
29.11.2020;10:38:20;1131.45;39.44;16.75;753.59;2.94;4.17;12.26
29.11.2020;10:39:20;1151.35;39.65;16.76;753.58;2.98;4.21;12.54
29.11.2020;10:40:20;1172.03;39.68;16.77;753.57;3.02;4.30;12.96
29.11.2020;10:41:20;1203.62;39.70;16.78;753.56;3.07;4.39;13.50
29.11.2020;10:42:20;1233.67;39.68;16.78;753.54;3.12;4.48;13.99
29.11.2020;10:43:20;1245.51;39.57;16.79;753.53;3.14;4.50;14.10
29.11.2020;10:44:20;1254.06;39.60;16.80;753.53;3.15;4.53;14.27
29.11.2020;10:45:20;1250.68;39.53;16.82;753.53;3.15;4.51;14.19
29.11.2020;10:46:20;1254.00;39.44;16.82;753.53;3.15;4.53;14.26
29.11.2020;10:47:20;1284.47;39.58;16.83;753.53;3.19;4.60;14.69
29.11.2020;10:48:20;1315.61;39.53;16.85;753.52;3.24;4.68;15.17
29.11.2020;10:49:20;1343.15;39.49;16.86;753.51;3.29;4.75;15.62
29.11.2020;10:50:20;1355.03;39.47;16.88;753.51;3.30;4.79;15.80
29.11.2020;10:51:20;1349.92;39.41;16.89;753.51;3.30;4.79;15.83
29.11.2020;10:52:20;1362.17;39.35;16.90;753.51;3.34;4.83;16.14
29.11.2020;10:53:20;1385.66;39.20;16.92;753.50;3.39;4.92;16.66
29.11.2020;10:54:20;1389.21;38.98;16.93;753.51;3.40;4.94;16.77
29.11.2020;10:55:20;1376.85;39.26;16.94;753.50;3.38;4.90;16.55
29.11.2020;10:56:20;1360.21;39.21;16.96;753.51;3.36;4.86;16.29
29.11.2020;10:57:20;1326.12;39.18;16.97;753.52;3.30;4.78;15.75
29.11.2020;10:58:20;1304.27;39.25;16.97;753.53;3.25;4.69;15.25
29.11.2020;10:59:20;1313.39;39.31;16.97;753.54;3.26;4.71;15.34
29.11.2020;11:00:21;1310.66;39.39;16.97;753.55;3.25;4.69;15.27
29.11.2020;11:01:21;1314.04;39.36;16.98;753.56;3.26;4.70;15.30
29.11.2020;11:02:21;1351.17;39.26;16.99;753.56;3.32;4.80;15.94
29.11.2020;11:03:21;1386.58;39.13;17.01;753.57;3.38;4.92;16.63
29.11.2020;11:04:21;1405.86;39.24;17.04;753.56;3.41;4.97;16.99
29.11.2020;11:05:21;1416.60;39.24;17.06;753.55;3.43;5.00;17.16
29.11.2020;11:06:21;1429.82;39.14;17.09;753.56;3.45;5.03;17.36
29.11.2020;11:07:21;1443.58;39.09;17.12;753.56;3.47;5.07;17.59
29.11.2020;11:08:21;1435.66;39.00;17.13;753.56;3.46;5.04;17.45
29.11.2020;11:09:21;1416.36;38.67;17.13;753.55;3.43;5.00;17.13
29.11.2020;11:10:21;1401.23;39.00;17.14;753.56;3.40;4.95;16.84
29.11.2020;11:11:21;1388.38;39.00;17.15;753.56;3.38;4.91;16.61
29.11.2020;11:12:21;1345.17;38.98;17.16;753.56;3.32;4.81;15.97
29.11.2020;11:13:21;1296.81;39.02;17.16;753.58;3.24;4.66;15.07
29.11.2020;11:14:21;1290.25;38.95;17.16;753.59;3.22;4.64;14.96
29.11.2020;11:15:21;1276.51;38.96;17.15;753.59;3.20;4.61;14.77
29.11.2020;11:16:21;1291.54;39.01;17.15;753.60;3.23;4.67;15.07
29.11.2020;11:17:21;1268.42;38.98;17.15;753.59;3.20;4.61;14.73
29.11.2020;11:18:21;1261.03;39.04;17.14;753.58;3.19;4.60;14.67
29.11.2020;11:19:21;1283.57;38.42;17.13;753.57;3.22;4.64;14.93
29.11.2020;11:20:21;1286.65;38.94;17.12;753.56;3.23;4.65;15.02
29.11.2020;11:21:21;1297.15;39.01;17.12;753.57;3.24;4.67;15.13
29.11.2020;11:22:21;1317.34;39.02;17.14;753.59;3.26;4.70;15.33
29.11.2020;11:23:22;1334.36;38.99;17.16;753.61;3.29;4.76;15.66
29.11.2020;11:24:22;1346.38;38.97;17.18;753.62;3.31;4.80;15.89
29.11.2020;11:25:22;1352.92;38.92;17.20;753.61;3.34;4.83;16.11
29.11.2020;11:26:22;1360.68;38.85;17.20;753.60;3.35;4.88;16.37
29.11.2020;11:27:22;1353.69;38.91;17.21;753.59;3.34;4.83;16.13
29.11.2020;11:28:22;1345.99;38.91;17.22;753.59;3.32;4.80;15.94
29.11.2020;11:29:22;1321.29;38.83;17.23;753.60;3.28;4.74;15.52
29.11.2020;11:30:22;1262.26;38.92;17.23;753.59;3.17;4.57;14.50
29.11.2020;11:31:22;1229.96;38.89;17.24;753.60;3.12;4.48;13.97
29.11.2020;11:32:22;1197.81;38.87;17.24;753.60;3.07;4.39;13.46
29.11.2020;11:33:22;1175.71;38.90;17.22;753.60;3.04;4.34;13.21
29.11.2020;11:34:22;1175.40;38.88;17.20;753.61;3.06;4.38;13.43
29.11.2020;11:35:22;1192.97;38.93;17.20;753.60;3.10;4.44;13.77
29.11.2020;11:36:22;1186.42;38.98;17.19;753.60;3.10;4.44;13.76
29.11.2020;11:37:22;1223.30;38.88;17.19;753.58;3.17;4.56;14.48
29.11.2020;11:38:22;1261.47;39.00;17.21;753.58;3.23;4.65;15.04
29.11.2020;11:39:22;1303.51;38.96;17.23;753.58;3.29;4.75;15.60
29.11.2020;11:40:22;1341.12;38.85;17.25;753.58;3.33;4.82;16.08
29.11.2020;11:41:22;1370.10;38.80;17.27;753.58;3.37;4.89;16.45
29.11.2020;11:42:22;1329.89;38.75;17.28;753.58;3.29;4.77;15.71
29.11.2020;11:43:22;1263.83;38.75;17.28;753.58;3.18;4.59;14.61
29.11.2020;11:44:22;1221.68;38.78;17.27;753.58;3.11;4.44;13.81
29.11.2020;11:45:22;1216.19;38.88;17.27;753.58;3.10;4.44;13.75
29.11.2020;11:46:23;1231.13;38.84;17.28;753.58;3.13;4.51;14.13
29.11.2020;11:47:23;1280.25;38.89;17.29;753.57;3.21;4.63;14.88
29.11.2020;11:48:23;1332.92;38.84;17.31;753.57;3.29;4.76;15.66
29.11.2020;11:49:23;1360.89;38.72;17.33;753.55;3.33;4.83;16.07
29.11.2020;11:50:23;1360.08;38.73;17.35;753.55;3.33;4.82;16.06
29.11.2020;11:51:23;1327.03;38.79;17.36;753.55;3.28;4.74;15.55
29.11.2020;11:52:23;1345.88;38.69;17.37;753.54;3.31;4.79;15.83
29.11.2020;11:53:23;1420.38;38.64;17.39;753.56;3.42;4.97;16.98
29.11.2020;11:54:23;1458.93;38.65;17.42;753.57;3.46;5.05;17.50
29.11.2020;11:55:23;1445.33;38.62;17.44;753.59;3.45;5.03;17.33
29.11.2020;11:56:23;1402.61;38.56;17.45;753.60;3.40;4.95;16.85
29.11.2020;11:57:23;1364.22;38.60;17.46;753.62;3.36;4.88;16.39
29.11.2020;11:58:23;1333.36;38.61;17.46;753.64;3.31;4.81;15.92
29.11.2020;11:59:23;1308.36;38.65;17.47;753.66;3.28;4.74;15.55
29.11.2020;12:00:23;1305.96;38.62;17.47;753.68;3.29;4.76;15.65
29.11.2020;12:01:23;1312.87;38.32;17.48;753.68;3.30;4.77;15.73
29.11.2020;12:02:23;1330.93;38.52;17.48;753.69;3.32;4.81;15.95
29.11.2020;12:03:23;1361.36;38.40;17.49;753.69;3.35;4.86;16.27
29.11.2020;12:04:23;1350.82;38.31;17.49;753.69;3.32;4.82;16.02
29.11.2020;12:05:23;1282.36;38.35;17.49;753.69;3.21;4.62;14.80
29.11.2020;12:06:23;1192.50;38.44;17.47;753.68;3.02;4.31;13.04
29.11.2020;12:07:23;1147.22;38.26;17.43;753.69;2.93;4.16;12.17
29.11.2020;12:08:24;1161.36;38.62;17.40;753.68;2.94;4.16;12.23
29.11.2020;12:09:24;1186.91;38.65;17.39;753.69;2.98;4.24;12.64
29.11.2020;12:10:24;1198.53;38.63;17.38;753.71;3.01;4.29;12.90
29.11.2020;12:11:24;1224.99;38.19;17.37;753.72;3.06;4.37;13.38
29.11.2020;12:12:24;1312.81;37.63;17.34;753.69;3.20;4.61;14.74
29.11.2020;12:13:24;1439.83;38.23;17.33;753.68;3.38;4.91;16.63
29.11.2020;12:14:24;1502.58;38.30;17.35;753.67;3.46;5.03;17.42
29.11.2020;12:15:24;1523.42;38.55;17.39;753.66;3.47;5.07;17.61
29.11.2020;12:16:24;1552.67;38.42;17.41;753.64;3.49;5.09;17.75
29.11.2020;12:17:24;1579.60;37.79;17.42;753.64;3.50;5.12;17.91
29.11.2020;12:18:24;1628.68;37.99;17.41;753.64;3.56;5.21;18.53
29.11.2020;12:19:24;1689.12;38.17;17.45;753.63;3.64;5.35;19.45
29.11.2020;12:20:24;1709.06;36.97;17.43;753.64;3.65;5.38;19.67
29.11.2020;12:21:24;1708.59;37.18;17.42;753.64;3.64;5.36;19.50
29.11.2020;12:22:24;1744.33;37.60;17.41;753.65;3.67;5.41;19.90
29.11.2020;12:23:24;1771.78;38.22;17.44;753.65;3.71;5.45;20.21
29.11.2020;12:24:24;1819.68;38.45;17.48;753.65;3.76;5.54;20.82
29.11.2020;12:25:24;1871.06;38.43;17.53;753.67;3.82;5.63;21.50
29.11.2020;12:26:24;1916.61;38.34;17.58;753.68;3.86;5.71;22.07
29.11.2020;12:27:24;1970.65;38.07;17.62;753.70;3.92;5.80;22.76
29.11.2020;12:28:24;1992.13;37.88;17.66;753.70;3.95;5.88;23.23
29.11.2020;12:29:24;1939.11;38.12;17.69;753.70;3.91;5.79;22.68
29.11.2020;12:30:24;1826.99;37.24;17.70;753.71;3.82;5.64;21.54
29.11.2020;12:31:25;1680.51;36.93;17.64;753.73;3.68;5.42;19.95
29.11.2020;12:32:25;1505.53;36.81;17.58;753.73;3.49;5.10;17.83
29.11.2020;12:33:25;1319.84;38.14;17.55;753.74;3.25;4.70;15.28
29.11.2020;12:34:25;1206.40;38.00;17.52;753.76;3.08;4.40;13.53
29.11.2020;12:35:25;1138.54;38.10;17.47;753.76;2.97;4.22;12.53
29.11.2020;12:36:25;1129.42;38.29;17.43;753.78;2.95;4.19;12.34
29.11.2020;12:37:25;1151.72;38.48;17.39;753.78;2.98;4.24;12.64
29.11.2020;12:38:25;1131.21;38.66;17.37;753.78;2.95;4.20;12.40
29.11.2020;12:39:25;1088.53;38.37;17.35;753.79;2.88;4.08;11.78
29.11.2020;12:40:25;1059.21;38.52;17.32;753.81;2.84;4.00;11.35
29.11.2020;12:41:25;1062.82;37.90;17.28;753.82;2.84;4.00;11.37
29.11.2020;12:42:25;1068.03;38.53;17.24;753.84;2.84;4.00;11.36
29.11.2020;12:43:25;1079.08;38.78;17.23;753.84;2.85;4.02;11.45
29.11.2020;12:44:25;1082.26;38.41;17.21;753.83;2.84;4.00;11.36
29.11.2020;12:45:25;1084.17;39.02;17.20;753.83;2.83;3.99;11.31
29.11.2020;12:46:25;1026.31;38.39;17.19;753.83;2.72;3.82;10.41
29.11.2020;12:47:25;982.21;37.74;17.12;753.84;2.64;3.68;9.72
29.11.2020;12:48:25;958.74;38.13;17.08;753.86;2.59;3.61;9.34
29.11.2020;12:49:25;987.54;38.36;17.04;753.86;2.64;3.67;9.70
29.11.2020;12:50:25;1054.41;38.17;17.02;753.87;2.77;3.88;10.78
29.11.2020;12:51:25;1032.89;38.66;17.00;753.88;2.74;3.83;10.50
29.11.2020;12:52:25;971.78;39.25;17.00;753.88;2.62;3.65;9.55
29.11.2020;12:53:25;929.62;38.62;16.97;753.87;2.54;3.50;8.88
29.11.2020;12:54:26;872.85;38.90;16.94;753.89;2.42;3.31;8.01
29.11.2020;12:55:26;838.69;39.27;16.91;753.90;2.35;3.20;7.51
29.11.2020;12:56:26;858.39;39.62;16.91;753.91;2.39;3.28;7.85
29.11.2020;12:57:26;836.69;39.52;16.91;753.91;2.36;3.21;7.57
29.11.2020;12:58:26;830.27;39.55;16.90;753.92;2.36;3.22;7.61
29.11.2020;12:59:26;850.74;39.60;16.89;753.92;2.42;3.31;7.99
29.11.2020;13:00:26;873.57;39.71;16.89;753.92;2.47;3.38;8.35
29.11.2020;13:01:26;810.61;39.74;16.90;753.94;2.34;3.17;7.40
29.11.2020;13:02:26;789.44;39.76;16.89;753.95;2.30;3.11;7.16
29.11.2020;13:03:26;858.90;39.69;16.90;753.94;2.45;3.36;8.24
29.11.2020;13:04:26;936.28;39.66;16.91;753.93;2.60;3.62;9.44
29.11.2020;13:05:26;934.08;39.74;16.91;753.91;2.59;3.58;9.25
29.11.2020;13:06:26;870.25;39.63;16.91;753.89;2.42;3.30;7.99
29.11.2020;13:07:26;801.92;39.53;16.90;753.87;2.23;2.99;6.65
29.11.2020;13:08:26;720.17;39.58;16.88;753.86;1.99;2.56;5.10
29.11.2020;13:09:26;652.94;39.88;16.84;753.85;1.83;2.29;4.20
29.11.2020;13:10:26;696.51;39.85;16.83;753.86;1.95;2.49;4.86
29.11.2020;13:11:26;803.38;39.79;16.83;753.85;2.23;2.99;6.66
29.11.2020;13:12:26;868.36;39.86;16.85;753.85;2.40;3.27;7.85
29.11.2020;13:13:26;825.19;39.78;16.86;753.86;2.31;3.12;7.22
29.11.2020;13:14:26;737.85;39.48;16.85;753.89;2.11;2.78;5.87
29.11.2020;13:15:26;729.77;39.76;16.84;753.89;2.06;2.69;5.56
29.11.2020;13:16:26;718.07;39.46;16.82;753.88;2.02;2.61;5.27
29.11.2020;13:17:26;640.23;39.85;16.81;753.89;1.85;2.32;4.30
29.11.2020;13:18:26;614.38;38.92;16.77;753.87;1.79;2.26;4.05
29.11.2020;13:19:27;682.92;39.61;16.75;753.88;1.97;2.51;4.94
29.11.2020;13:20:27;688.01;40.05;16.75;753.90;1.99;2.55;5.09
29.11.2020;13:21:27;687.19;40.04;16.76;753.92;2.00;2.58;5.16
29.11.2020;13:22:27;719.15;40.11;16.76;753.93;2.09;2.74;5.73
29.11.2020;13:23:27;681.28;40.06;16.76;753.94;2.00;2.57;5.15
29.11.2020;13:24:27;626.14;40.11;16.74;753.92;1.84;2.30;4.22
29.11.2020;13:25:27;636.78;39.84;16.71;753.90;1.85;2.31;4.29
29.11.2020;13:26:27;608.17;40.23;16.70;753.90;1.81;2.27;4.10
29.11.2020;13:27:27;546.24;40.34;16.69;753.90;1.65;2.07;3.42
29.11.2020;13:28:27;590.85;40.18;16.68;753.89;1.76;2.21;3.89
29.11.2020;13:29:27;570.07;39.76;16.64;753.89;1.70;2.15;3.66
29.11.2020;13:30:27;489.25;40.40;16.62;753.91;1.49;1.78;2.65
29.11.2020;13:31:27;470.38;40.42;16.60;753.93;1.43;1.70;2.42
29.11.2020;13:32:27;488.50;40.52;16.58;753.92;1.48;1.78;2.63
29.11.2020;13:33:27;541.32;39.74;16.56;753.93;1.64;2.03;3.33
29.11.2020;13:34:27;578.35;40.41;16.55;753.93;1.77;2.23;3.95
29.11.2020;13:35:27;539.90;40.57;16.55;753.93;1.69;2.13;3.61
29.11.2020;13:36:27;512.01;40.61;16.55;753.95;1.62;2.01;3.25
29.11.2020;13:37:27;512.46;40.18;16.53;753.95;1.61;2.01;3.23
29.11.2020;13:38:27;539.64;40.00;16.51;753.95;1.68;2.11;3.53
29.11.2020;13:39:27;591.30;40.37;16.51;753.95;1.80;2.27;4.09
29.11.2020;13:40:27;665.57;40.33;16.52;753.94;2.00;2.55;5.10
29.11.2020;13:41:27;676.53;40.14;16.54;753.95;2.05;2.67;5.46
29.11.2020;13:42:27;657.33;40.59;16.54;753.97;2.02;2.62;5.31
29.11.2020;13:43:27;712.68;40.29;16.55;753.96;2.15;2.85;6.13
29.11.2020;13:44:28;876.86;40.12;16.57;753.95;2.52;3.48;8.77
29.11.2020;13:45:28;1035.42;40.48;16.61;753.94;2.85;4.02;11.48
29.11.2020;13:46:28;1159.32;40.26;16.67;753.95;3.08;4.39;13.51
29.11.2020;13:47:28;1268.74;40.40;16.74;753.96;3.26;4.72;15.41
29.11.2020;13:48:28;1416.06;40.21;16.82;753.96;3.48;5.08;17.69
29.11.2020;13:49:28;1468.16;40.12;16.89;753.95;3.55;5.20;18.45
29.11.2020;13:50:28;1450.10;39.77;16.95;753.96;3.53;5.16;18.22
29.11.2020;13:51:28;1398.31;39.76;17.01;753.96;3.47;5.06;17.54
29.11.2020;13:52:28;1347.78;39.59;17.04;753.96;3.41;4.95;16.88
29.11.2020;13:53:28;1289.18;39.67;17.07;753.96;3.33;4.82;16.02
29.11.2020;13:54:28;1267.12;39.25;17.10;753.95;3.27;4.72;15.42
29.11.2020;13:55:28;1269.37;39.43;17.11;753.96;3.25;4.70;15.27
29.11.2020;13:56:28;1207.81;39.29;17.11;753.96;3.16;4.54;14.33
29.11.2020;13:57:28;1118.01;39.38;17.11;753.98;3.00;4.27;12.79
29.11.2020;13:58:28;1040.96;38.99;17.08;753.98;2.81;3.96;11.12
29.11.2020;13:59:28;993.77;38.86;17.06;754.00;2.70;3.77;10.16
29.11.2020;14:00:28;940.04;38.78;17.01;754.00;2.61;3.63;9.49
29.11.2020;14:01:28;904.00;39.53;16.98;754.00;2.56;3.55;9.08
29.11.2020;14:02:28;910.53;39.21;16.97;753.99;2.57;3.55;9.13
29.11.2020;14:03:28;903.97;39.32;16.94;754.01;2.55;3.52;8.97
29.11.2020;14:04:28;901.21;38.87;16.92;754.01;2.54;3.50;8.89
29.11.2020;14:05:28;871.01;38.68;16.88;754.02;2.47;3.39;8.38
29.11.2020;14:06:28;843.60;39.46;16.85;754.02;2.40;3.28;7.86
29.11.2020;14:07:29;817.60;39.64;16.83;754.02;2.31;3.14;7.25
29.11.2020;14:08:29;793.21;39.04;16.79;754.04;2.24;3.01;6.76
29.11.2020;14:09:29;775.88;39.80;16.77;754.03;2.19;2.93;6.41
29.11.2020;14:10:29;782.96;39.41;16.75;754.04;2.22;2.97;6.58
29.11.2020;14:11:29;808.09;38.38;16.70;754.02;2.30;3.12;7.19
29.11.2020;14:12:29;823.51;38.83;16.64;754.00;2.37;3.22;7.62
29.11.2020;14:13:29;820.27;40.00;16.63;754.01;2.36;3.21;7.60
29.11.2020;14:14:29;808.29;40.04;16.63;753.99;2.33;3.17;7.40
29.11.2020;14:15:29;799.10;39.58;16.63;753.96;2.31;3.13;7.22
29.11.2020;14:16:29;795.51;39.67;16.60;753.96;2.29;3.10;7.09
29.11.2020;14:17:29;806.57;40.15;16.58;753.96;2.30;3.11;7.18
29.11.2020;14:18:29;803.80;40.27;16.59;753.98;2.30;3.12;7.18
29.11.2020;14:19:29;773.26;40.09;16.58;753.99;2.21;2.96;6.56
29.11.2020;14:20:29;750.82;40.28;16.57;753.99;2.15;2.85;6.13
29.11.2020;14:21:29;735.00;40.21;16.56;753.99;2.10;2.76;5.80
29.11.2020;14:22:29;717.60;40.48;16.55;754.00;2.05;2.66;5.45
29.11.2020;14:23:29;700.90;40.54;16.54;754.02;2.01;2.57;5.17
29.11.2020;14:24:29;674.85;40.57;16.54;754.08;1.94;2.45;4.76
29.11.2020;14:25:29;653.63;40.62;16.53;754.09;1.89;2.35;4.44
29.11.2020;14:26:29;644.62;40.65;16.52;754.09;1.88;2.31;4.34
29.11.2020;14:27:29;636.82;40.25;16.50;754.10;1.87;2.31;4.33
29.11.2020;14:28:29;615.82;40.62;16.47;754.11;1.82;2.29;4.18
29.11.2020;14:29:29;596.69;40.57;16.46;754.11;1.77;2.25;3.99
29.11.2020;14:30:29;585.56;40.78;16.45;754.12;1.75;2.20;3.84
29.11.2020;14:31:29;587.56;40.78;16.45;754.13;1.76;2.23;3.93
29.11.2020;14:32:30;598.19;40.74;16.45;754.12;1.81;2.28;4.12
29.11.2020;14:33:30;605.64;40.59;16.43;754.12;1.84;2.29;4.22
29.11.2020;14:34:30;599.57;40.81;16.43;754.12;1.84;2.29;4.22
29.11.2020;14:35:30;579.29;40.89;16.42;754.11;1.78;2.26;4.03
29.11.2020;14:36:30;561.58;40.86;16.42;754.10;1.74;2.20;3.83
29.11.2020;14:37:30;548.14;40.75;16.41;754.10;1.70;2.13;3.63
29.11.2020;14:38:30;543.96;40.19;16.39;754.11;1.69;2.13;3.60
29.11.2020;14:39:30;533.14;40.58;16.35;754.11;1.64;2.06;3.38
29.11.2020;14:40:30;531.30;40.66;16.34;754.12;1.62;2.01;3.25
29.11.2020;14:41:30;517.29;40.94;16.34;754.11;1.58;1.96;3.10
29.11.2020;14:42:30;509.79;40.96;16.33;754.12;1.60;1.98;3.17
29.11.2020;14:43:30;494.57;40.87;16.32;754.14;1.54;1.89;2.92
29.11.2020;14:44:30;488.56;39.60;16.29;754.13;1.49;1.80;2.68
29.11.2020;14:45:30;492.51;39.75;16.24;754.12;1.51;1.82;2.74
29.11.2020;14:46:30;499.60;40.64;16.23;754.13;1.54;1.89;2.91
29.11.2020;14:47:30;499.43;40.94;16.23;754.14;1.55;1.90;2.95
29.11.2020;14:48:30;492.57;40.72;16.23;754.14;1.55;1.91;2.97
29.11.2020;14:49:30;480.96;39.96;16.19;754.16;1.52;1.85;2.82
29.11.2020;14:50:30;472.82;40.52;16.16;754.17;1.50;1.82;2.74
29.11.2020;14:51:30;460.64;41.25;16.16;754.20;1.47;1.75;2.57
29.11.2020;14:52:30;457.27;41.23;16.17;754.17;1.45;1.74;2.52
29.11.2020;14:53:30;450.72;41.34;16.17;754.18;1.43;1.70;2.44
29.11.2020;14:54:30;449.46;41.39;16.17;754.18;1.45;1.72;2.49
29.11.2020;14:55:30;452.89;41.46;16.17;754.18;1.47;1.77;2.60
29.11.2020;14:56:30;446.75;41.47;16.17;754.19;1.44;1.71;2.48
29.11.2020;14:57:30;431.06;41.42;16.16;754.21;1.39;1.63;2.27
29.11.2020;14:58:31;405.32;41.51;16.16;754.23;1.31;1.49;1.95
29.11.2020;14:59:31;386.93;41.50;16.16;754.25;1.25;1.39;1.73
29.11.2020;15:00:31;370.46;41.51;16.15;754.27;1.21;1.32;1.59
29.11.2020;15:01:31;361.93;41.49;16.14;754.28;1.18;1.29;1.53
29.11.2020;15:02:31;369.61;41.50;16.12;754.28;1.19;1.31;1.56
29.11.2020;15:03:31;359.29;41.44;16.11;754.28;1.16;1.24;1.43
29.11.2020;15:04:31;343.05;41.45;16.10;754.28;1.11;1.16;1.29
29.11.2020;15:05:31;332.81;41.44;16.09;754.29;1.08;1.11;1.20
29.11.2020;15:06:31;316.91;41.61;16.07;754.29;1.01;1.00;1.01
29.11.2020;15:07:31;317.07;41.50;16.06;754.32;0.99;0.97;0.96
29.11.2020;15:08:31;309.67;41.73;16.05;754.34;0.98;0.97;0.95
29.11.2020;15:09:31;272.05;41.77;16.04;754.35;0.87;0.78;0.68
29.11.2020;15:10:31;231.71;41.69;16.02;754.37;0.75;0.57;0.42
29.11.2020;15:11:31;202.34;41.76;16.00;754.36;0.65;0.41;0.27
29.11.2020;15:12:31;181.28;41.65;15.99;754.37;0.58;0.28;0.16
29.11.2020;15:13:31;171.54;41.70;15.97;754.38;0.55;0.25;0.14
29.11.2020;15:14:31;166.31;41.87;15.94;754.37;0.55;0.24;0.13
29.11.2020;15:15:31;164.14;41.37;15.92;754.38;0.54;0.22;0.12
29.11.2020;15:16:31;173.93;41.90;15.90;754.38;0.57;0.28;0.16
29.11.2020;15:17:31;181.07;41.66;15.89;754.38;0.61;0.35;0.21
29.11.2020;15:18:31;180.89;41.92;15.88;754.38;0.62;0.37;0.23
29.11.2020;15:19:31;170.14;42.03;15.88;754.39;0.58;0.28;0.16
29.11.2020;15:20:31;161.57;42.07;15.88;754.39;0.54;0.22;0.12
29.11.2020;15:21:31;166.53;41.40;15.87;754.40;0.57;0.27;0.16
29.11.2020;15:22:31;180.06;41.86;15.85;754.40;0.62;0.36;0.23
29.11.2020;15:23:31;187.08;42.08;15.85;754.40;0.62;0.37;0.23
29.11.2020;15:24:32;170.04;42.05;15.85;754.41;0.51;0.18;0.09
29.11.2020;15:25:32;144.22;42.06;15.84;754.41;0.38;0.01;0.00
29.11.2020;15:26:32;126.43;42.02;15.83;754.42;0.31;0.00;0.00
29.11.2020;15:27:32;121.86;42.06;15.82;754.43;0.28;0.00;0.00
29.11.2020;15:28:32;128.22;41.70;15.80;754.42;0.28;0.00;0.00
29.11.2020;15:29:32;133.79;42.02;15.77;754.43;0.29;0.00;0.00
29.11.2020;15:30:32;137.18;42.04;15.77;754.45;0.30;0.00;0.00
29.11.2020;15:31:32;134.68;42.20;15.76;754.46;0.29;0.00;0.00
29.11.2020;15:32:32;136.92;42.05;15.76;754.46;0.29;0.00;0.00
29.11.2020;15:33:32;137.57;42.13;15.75;754.45;0.30;0.00;0.00
29.11.2020;15:34:32;131.44;42.20;15.73;754.45;0.28;0.00;0.00
29.11.2020;15:35:32;130.07;42.02;15.71;754.46;0.28;0.00;0.00
29.11.2020;15:36:32;130.11;42.07;15.69;754.46;0.28;0.00;0.00
29.11.2020;15:37:32;127.67;42.04;15.69;754.45;0.28;0.00;0.00
29.11.2020;15:38:32;124.74;42.00;15.66;754.45;0.27;0.00;0.00
29.11.2020;15:39:32;118.36;41.74;15.63;754.45;0.26;0.00;0.00
29.11.2020;15:40:32;108.64;42.27;15.61;754.44;0.24;0.00;0.00
29.11.2020;15:41:32;103.60;42.27;15.61;754.45;0.23;0.00;0.00
29.11.2020;15:42:32;103.57;42.36;15.59;754.47;0.24;0.00;0.00
29.11.2020;15:43:32;104.00;42.51;15.59;754.48;0.27;0.00;0.00
29.11.2020;15:44:32;102.06;42.50;15.58;754.48;0.28;0.00;0.00
29.11.2020;15:45:32;97.33;42.26;15.58;754.49;0.28;0.00;0.00
29.11.2020;15:46:32;90.18;42.50;15.56;754.53;0.26;0.00;0.00
29.11.2020;15:47:32;82.65;42.60;15.56;754.55;0.24;0.00;0.00
29.11.2020;15:48:32;75.96;42.37;15.55;754.56;0.22;0.00;0.00
29.11.2020;15:49:32;71.46;42.37;15.53;754.56;0.21;0.00;0.00
29.11.2020;15:50:32;66.47;42.51;15.51;754.56;0.20;0.00;0.00
29.11.2020;15:51:33;60.23;42.65;15.50;754.58;0.19;0.00;0.00
29.11.2020;15:52:33;54.15;42.53;15.49;754.58;0.16;0.00;0.00
29.11.2020;15:53:33;47.43;42.64;15.48;754.59;0.14;0.00;0.00
29.11.2020;15:54:33;42.88;42.42;15.47;754.60;0.12;0.00;0.00
29.11.2020;15:55:33;40.79;42.39;15.45;754.62;0.12;0.00;0.00
29.11.2020;15:56:33;39.58;42.67;15.44;754.63;0.11;0.00;0.00
29.11.2020;15:57:33;37.16;42.61;15.43;754.63;0.10;0.00;0.00
29.11.2020;15:58:33;34.39;42.72;15.43;754.64;0.09;0.00;0.00
29.11.2020;15:59:33;31.64;42.64;15.42;754.65;0.08;0.00;0.00
29.11.2020;16:00:33;30.83;42.60;15.42;754.65;0.09;0.00;0.00
29.11.2020;16:01:33;30.50;42.69;15.41;754.66;0.10;0.00;0.00
29.11.2020;16:02:33;29.33;42.80;15.41;754.65;0.10;0.00;0.00
29.11.2020;16:03:33;26.92;42.85;15.40;754.65;0.07;0.00;0.00
29.11.2020;16:04:33;24.28;42.78;15.40;754.65;0.05;0.00;0.00
29.11.2020;16:05:33;22.05;42.80;15.39;754.66;0.03;0.00;0.00
29.11.2020;16:06:33;19.92;42.82;15.38;754.66;0.02;0.00;0.00
29.11.2020;16:07:33;17.96;42.84;15.37;754.67;0.01;0.00;0.00
29.11.2020;16:08:33;16.53;42.75;15.36;754.68;0.01;0.00;0.00
29.11.2020;16:09:33;15.50;42.77;15.34;754.66;0.00;0.00;0.00
29.11.2020;16:10:33;14.68;42.83;15.33;754.67;0.00;0.00;0.00
29.11.2020;16:11:33;13.60;42.81;15.32;754.66;0.00;0.00;0.00
29.11.2020;16:12:33;12.42;42.94;15.31;754.66;0.00;0.00;0.00
29.11.2020;16:13:33;11.67;42.96;15.31;754.66;0.00;0.00;0.00
29.11.2020;16:14:33;10.88;42.89;15.30;754.66;0.00;0.00;0.00
29.11.2020;16:15:33;10.67;42.89;15.30;754.66;0.00;0.00;0.00
29.11.2020;16:16:33;10.00;42.79;15.29;754.65;0.00;0.00;0.00
29.11.2020;16:17:33;9.99;42.91;15.28;754.66;0.00;0.00;0.00
29.11.2020;16:18:33;9.18;42.91;15.28;754.68;0.00;0.00;0.00
29.11.2020;16:19:34;8.80;42.89;15.28;754.70;0.00;0.00;0.00
29.11.2020;16:20:34;8.14;42.94;15.27;754.71;0.00;0.00;0.00
29.11.2020;16:21:34;7.49;42.99;15.27;754.72;0.00;0.00;0.00
29.11.2020;16:22:34;6.69;42.93;15.26;754.73;0.00;0.00;0.00
29.11.2020;16:23:34;6.07;42.92;15.26;754.73;0.00;0.00;0.00
29.11.2020;16:24:34;5.50;42.96;15.25;754.74;0.00;0.00;0.00
29.11.2020;16:25:34;5.00;42.94;15.24;754.75;0.00;0.00;0.00
29.11.2020;16:26:34;4.44;42.98;15.24;754.77;0.00;0.00;0.00
29.11.2020;16:27:34;4.17;43.03;15.23;754.77;0.00;0.00;0.00
29.11.2020;16:28:34;4.17;43.05;15.22;754.78;0.00;0.00;0.00
29.11.2020;16:29:34;4.18;43.08;15.21;754.78;0.00;0.00;0.00
29.11.2020;16:30:34;4.17;43.10;15.20;754.79;0.00;0.00;0.00
29.11.2020;16:31:34;3.88;43.11;15.20;754.79;0.00;0.00;0.00
29.11.2020;16:32:34;3.36;43.12;15.19;754.79;0.00;0.00;0.00
29.11.2020;16:33:34;3.33;43.14;15.19;754.80;0.00;0.00;0.00
29.11.2020;16:34:34;3.33;43.06;15.18;754.82;0.00;0.00;0.00
29.11.2020;16:35:34;3.33;43.07;15.17;754.84;0.00;0.00;0.00
29.11.2020;16:36:34;3.33;43.14;15.17;754.86;0.00;0.00;0.00
29.11.2020;16:37:34;3.35;43.13;15.15;754.87;0.00;0.00;0.00
29.11.2020;16:38:34;3.33;43.11;15.15;754.89;0.00;0.00;0.00
29.11.2020;16:39:34;3.33;43.18;15.13;754.88;0.00;0.00;0.00
29.11.2020;16:40:34;3.36;43.23;15.12;754.90;0.00;0.00;0.00
29.11.2020;16:41:34;3.33;43.21;15.12;754.91;0.00;0.00;0.00
29.11.2020;16:42:34;3.33;43.22;15.11;754.91;0.00;0.00;0.00
29.11.2020;16:43:34;3.35;43.22;15.09;754.92;0.00;0.00;0.00
29.11.2020;16:44:34;3.33;43.23;15.09;754.93;0.00;0.00;0.00
29.11.2020;16:45:34;3.33;43.19;15.07;754.94;0.00;0.00;0.00
29.11.2020;16:46:34;3.33;43.30;15.07;754.95;0.00;0.00;0.00
29.11.2020;16:47:34;3.33;43.28;15.07;754.96;0.00;0.00;0.00
29.11.2020;16:48:35;3.33;43.31;15.06;754.97;0.00;0.00;0.00
29.11.2020;16:49:35;3.33;43.31;15.04;754.97;0.00;0.00;0.00
29.11.2020;16:50:35;3.33;43.34;15.04;754.97;0.00;0.00;0.00
29.11.2020;16:51:35;3.35;43.32;15.03;754.96;0.00;0.00;0.00
29.11.2020;16:52:35;3.33;43.37;15.02;754.95;0.00;0.00;0.00
29.11.2020;16:53:35;3.33;43.37;15.01;754.95;0.00;0.00;0.00
29.11.2020;16:54:35;3.36;43.37;15.00;754.93;0.00;0.00;0.00
29.11.2020;16:55:35;3.33;43.45;14.98;754.93;0.00;0.00;0.00
29.11.2020;16:56:35;3.33;43.46;14.98;754.93;0.00;0.00;0.00
29.11.2020;16:57:35;3.35;43.50;14.96;754.92;0.00;0.00;0.00
29.11.2020;16:58:35;3.33;43.53;14.95;754.93;0.00;0.00;0.00
29.11.2020;16:59:35;3.33;43.53;14.94;754.94;0.00;0.00;0.00
29.11.2020;17:00:35;3.33;43.52;14.93;754.95;0.00;0.00;0.00
29.11.2020;17:01:35;3.33;43.60;14.91;754.95;0.00;0.00;0.00
29.11.2020;17:02:35;3.33;43.63;14.90;754.96;0.00;0.00;0.00
29.11.2020;17:03:35;3.33;43.68;14.88;754.97;0.00;0.00;0.00
29.11.2020;17:04:35;3.33;43.70;14.87;754.99;0.00;0.00;0.00
29.11.2020;17:05:35;3.35;43.70;14.86;754.99;0.00;0.00;0.00
29.11.2020;17:06:35;3.33;43.63;14.85;754.98;0.00;0.00;0.00
29.11.2020;17:07:35;3.33;43.70;14.85;754.97;0.00;0.00;0.00
29.11.2020;17:08:35;3.36;43.66;14.84;754.97;0.00;0.00;0.00
29.11.2020;17:09:35;3.33;43.76;14.84;754.98;0.00;0.00;0.00
29.11.2020;17:10:35;3.33;43.77;14.84;754.97;0.00;0.00;0.00
29.11.2020;17:11:35;3.35;43.74;14.84;754.98;0.00;0.00;0.00
29.11.2020;17:12:35;3.33;43.74;14.83;754.98;0.00;0.00;0.00
29.11.2020;17:13:35;3.33;43.67;14.82;754.99;0.00;0.00;0.00
29.11.2020;17:14:35;3.33;43.78;14.81;755.00;0.00;0.00;0.00
29.11.2020;17:15:35;3.33;43.73;14.81;754.99;0.00;0.00;0.00
29.11.2020;17:16:35;3.33;43.79;14.80;755.00;0.00;0.00;0.00
29.11.2020;17:17:35;3.33;43.81;14.79;755.01;0.00;0.00;0.00
29.11.2020;17:18:36;3.33;43.79;14.79;755.03;0.00;0.00;0.00
29.11.2020;17:19:36;3.35;43.74;14.79;755.04;0.00;0.00;0.00
29.11.2020;17:20:36;3.33;43.79;14.78;755.04;0.00;0.00;0.00
29.11.2020;17:21:36;3.33;43.75;14.79;755.05;0.00;0.00;0.00
29.11.2020;17:22:36;3.36;43.72;14.78;755.05;0.00;0.00;0.00
29.11.2020;17:23:36;3.33;43.72;14.78;755.05;0.00;0.00;0.00
29.11.2020;17:24:36;3.33;43.79;14.78;755.05;0.00;0.00;0.00
29.11.2020;17:25:36;3.35;43.71;14.78;755.03;0.00;0.00;0.00
29.11.2020;17:26:36;3.33;43.68;14.78;755.02;0.00;0.00;0.00
29.11.2020;17:27:36;3.33;43.71;14.78;755.03;0.00;0.00;0.00
29.11.2020;17:28:36;3.33;43.73;14.77;755.04;0.00;0.00;0.00
29.11.2020;17:29:36;3.33;43.74;14.77;755.05;0.00;0.00;0.00
29.11.2020;17:30:36;3.33;43.76;14.76;755.05;0.00;0.00;0.00
29.11.2020;17:31:36;3.33;43.76;14.76;755.07;0.00;0.00;0.00
29.11.2020;17:32:36;3.33;43.74;14.75;755.09;0.00;0.00;0.00
29.11.2020;17:33:36;3.35;43.74;14.75;755.12;0.00;0.00;0.00
29.11.2020;17:34:36;3.33;43.82;14.73;755.14;0.00;0.00;0.00
29.11.2020;17:35:36;3.33;43.86;14.72;755.15;0.00;0.00;0.00
29.11.2020;17:36:36;3.36;43.78;14.71;755.17;0.00;0.00;0.00
29.11.2020;17:37:36;3.33;43.81;14.70;755.19;0.00;0.00;0.00
29.11.2020;17:38:36;3.33;43.81;14.68;755.20;0.00;0.00;0.00
29.11.2020;17:39:36;3.35;43.82;14.67;755.21;0.00;0.00;0.00
29.11.2020;17:40:36;3.33;43.89;14.66;755.21;0.00;0.00;0.00
29.11.2020;17:41:36;3.33;43.86;14.65;755.21;0.00;0.00;0.00
29.11.2020;17:42:36;3.33;43.92;14.64;755.21;0.00;0.00;0.00
29.11.2020;17:43:36;3.33;43.91;14.64;755.21;0.00;0.00;0.00
29.11.2020;17:44:36;3.33;43.89;14.62;755.22;0.00;0.00;0.00
29.11.2020;17:45:36;3.33;43.91;14.61;755.21;0.00;0.00;0.00
29.11.2020;17:46:36;3.33;43.90;14.61;755.20;0.00;0.00;0.00
29.11.2020;17:47:36;3.35;43.92;14.60;755.20;0.00;0.00;0.00
29.11.2020;17:48:37;3.33;43.88;14.59;755.21;0.00;0.00;0.00
29.11.2020;17:49:37;3.33;43.96;14.59;755.22;0.00;0.00;0.00
29.11.2020;17:50:37;3.36;43.94;14.59;755.22;0.00;0.00;0.00
29.11.2020;17:51:37;3.33;43.92;14.59;755.23;0.00;0.00;0.00
29.11.2020;17:52:37;3.33;43.79;14.58;755.23;0.00;0.00;0.00
29.11.2020;17:53:37;3.35;43.79;14.58;755.22;0.00;0.00;0.00
29.11.2020;17:54:37;3.33;43.66;14.56;755.21;0.00;0.00;0.00
29.11.2020;17:55:37;3.33;43.76;14.54;755.21;0.00;0.00;0.00
29.11.2020;17:56:37;3.33;43.69;14.54;755.21;0.00;0.00;0.00
29.11.2020;17:57:37;3.33;43.80;14.53;755.20;0.00;0.00;0.00
29.11.2020;17:58:37;3.33;43.60;14.52;755.19;0.00;0.00;0.00
29.11.2020;17:59:37;3.33;43.78;14.51;755.19;0.00;0.00;0.00
29.11.2020;18:00:37;3.33;43.79;14.51;755.20;0.00;0.00;0.00
29.11.2020;18:01:37;3.35;43.86;14.51;755.21;0.00;0.00;0.00
29.11.2020;18:02:37;3.33;43.82;14.51;755.22;0.00;0.00;0.00
29.11.2020;18:03:37;3.33;43.88;14.50;755.23;0.00;0.00;0.00
29.11.2020;18:04:37;3.36;43.94;14.50;755.23;0.00;0.00;0.00
29.11.2020;18:05:37;3.33;43.67;14.49;755.25;0.00;0.00;0.00
29.11.2020;18:06:37;3.33;43.80;14.48;755.24;0.00;0.00;0.00
29.11.2020;18:07:37;3.35;43.88;14.48;755.24;0.00;0.00;0.00
29.11.2020;18:08:37;3.33;43.90;14.47;755.25;0.00;0.00;0.00
29.11.2020;18:09:37;3.33;43.83;14.47;755.25;0.00;0.00;0.00
29.11.2020;18:10:37;3.33;43.94;14.46;755.25;0.00;0.00;0.00
29.11.2020;18:11:37;3.33;44.01;14.47;755.26;0.00;0.00;0.00
29.11.2020;18:12:37;3.33;44.02;14.47;755.27;0.00;0.00;0.00
29.11.2020;18:13:37;3.33;43.91;14.47;755.28;0.00;0.00;0.00
29.11.2020;18:14:37;3.33;43.98;14.46;755.29;0.00;0.00;0.00
29.11.2020;18:15:37;3.35;44.01;14.46;755.30;0.00;0.00;0.00
29.11.2020;18:16:37;3.33;44.00;14.45;755.30;0.00;0.00;0.00
29.11.2020;18:17:38;3.33;43.90;14.45;755.29;0.00;0.00;0.00
29.11.2020;18:18:38;3.36;43.99;14.44;755.29;0.00;0.00;0.00
29.11.2020;18:19:38;3.33;44.02;14.44;755.27;0.00;0.00;0.00
29.11.2020;18:20:38;3.33;44.01;14.44;755.27;0.00;0.00;0.00
29.11.2020;18:21:38;3.35;43.96;14.43;755.25;0.00;0.00;0.00
29.11.2020;18:22:38;3.33;44.06;14.43;755.26;0.00;0.00;0.00
29.11.2020;18:23:38;3.33;44.01;14.42;755.28;0.00;0.00;0.00
29.11.2020;18:24:38;3.33;44.09;14.41;755.29;0.00;0.00;0.00
29.11.2020;18:25:38;3.33;44.02;14.41;755.30;0.00;0.00;0.00
29.11.2020;18:26:38;3.33;44.00;14.41;755.31;0.00;0.00;0.00
29.11.2020;18:27:38;3.33;44.00;14.41;755.30;0.00;0.00;0.00
29.11.2020;18:28:38;3.33;43.95;14.41;755.31;0.00;0.00;0.00
29.11.2020;18:29:38;3.35;43.95;14.41;755.32;0.00;0.00;0.00
29.11.2020;18:30:38;3.33;43.98;14.41;755.31;0.00;0.00;0.00
29.11.2020;18:31:38;3.33;43.97;14.40;755.30;0.00;0.00;0.00
29.11.2020;18:32:38;3.36;43.98;14.39;755.31;0.00;0.00;0.00
29.11.2020;18:33:38;3.33;43.97;14.38;755.31;0.00;0.00;0.00
29.11.2020;18:34:38;3.33;44.00;14.38;755.31;0.00;0.00;0.00
29.11.2020;18:35:38;3.35;44.06;14.39;755.30;0.00;0.00;0.00
29.11.2020;18:36:38;3.33;44.01;14.39;755.30;0.00;0.00;0.00
29.11.2020;18:37:38;3.33;44.00;14.39;755.29;0.00;0.00;0.00
29.11.2020;18:38:38;3.33;44.01;14.40;755.28;0.00;0.00;0.00
29.11.2020;18:39:38;3.33;43.94;14.40;755.29;0.00;0.00;0.00
29.11.2020;18:40:38;3.33;43.99;14.39;755.30;0.00;0.00;0.00
29.11.2020;18:41:38;3.33;44.00;14.39;755.31;0.00;0.00;0.00
29.11.2020;18:42:38;3.33;43.95;14.38;755.32;0.00;0.00;0.00
29.11.2020;18:43:38;3.35;43.89;14.38;755.32;0.00;0.00;0.00
29.11.2020;18:44:38;3.33;43.98;14.38;755.32;0.00;0.00;0.00
29.11.2020;18:45:38;3.33;43.82;14.38;755.32;0.00;0.00;0.00
29.11.2020;18:46:38;3.36;43.88;14.37;755.33;0.00;0.00;0.00
29.11.2020;18:47:39;3.33;43.87;14.36;755.33;0.00;0.00;0.00
29.11.2020;18:48:39;3.33;43.93;14.36;755.34;0.00;0.00;0.00
29.11.2020;18:49:39;3.35;43.93;14.35;755.35;0.00;0.00;0.00
29.11.2020;18:50:39;3.33;43.97;14.35;755.37;0.00;0.00;0.00
29.11.2020;18:51:39;3.33;44.01;14.34;755.39;0.00;0.00;0.00
29.11.2020;18:52:39;3.33;43.95;14.34;755.40;0.00;0.00;0.00
29.11.2020;18:53:39;3.33;44.04;14.34;755.39;0.00;0.00;0.00
29.11.2020;18:54:39;3.33;43.94;14.34;755.41;0.00;0.00;0.00
29.11.2020;18:55:39;3.33;43.84;14.34;755.42;0.00;0.00;0.00
29.11.2020;18:56:39;3.33;43.77;14.33;755.42;0.00;0.00;0.00
29.11.2020;18:57:39;3.35;43.82;14.32;755.42;0.00;0.00;0.00
29.11.2020;18:58:39;3.33;43.93;14.33;755.43;0.00;0.00;0.00
29.11.2020;18:59:39;3.33;43.87;14.33;755.44;0.00;0.00;0.00
29.11.2020;19:00:39;3.36;43.93;14.33;755.44;0.00;0.00;0.00
29.11.2020;19:01:39;3.33;43.87;14.33;755.46;0.00;0.00;0.00
29.11.2020;19:02:39;3.33;43.89;14.32;755.47;0.00;0.00;0.00
29.11.2020;19:03:39;3.35;43.95;14.31;755.48;0.00;0.00;0.00
29.11.2020;19:04:39;3.33;43.87;14.31;755.49;0.00;0.00;0.00
29.11.2020;19:05:39;3.33;43.88;14.31;755.49;0.00;0.00;0.00
29.11.2020;19:06:39;3.33;43.95;14.31;755.50;0.00;0.00;0.00
29.11.2020;19:07:39;3.33;43.89;14.31;755.51;0.00;0.00;0.00
29.11.2020;19:08:39;3.33;43.94;14.31;755.51;0.00;0.00;0.00
29.11.2020;19:09:39;3.33;43.89;14.30;755.50;0.00;0.00;0.00
29.11.2020;19:10:39;3.33;43.83;14.30;755.51;0.00;0.00;0.00
29.11.2020;19:11:39;3.35;43.95;14.31;755.52;0.00;0.00;0.00
29.11.2020;19:12:39;3.33;43.93;14.31;755.52;0.00;0.00;0.00
29.11.2020;19:13:39;3.33;43.92;14.31;755.53;0.00;0.00;0.00
29.11.2020;19:14:39;3.36;43.95;14.32;755.54;0.00;0.00;0.00
29.11.2020;19:15:39;3.33;43.83;14.32;755.54;0.00;0.00;0.00
29.11.2020;19:16:39;3.33;43.84;14.32;755.55;0.00;0.00;0.00
29.11.2020;19:17:40;3.35;43.85;14.32;755.58;0.00;0.00;0.00
29.11.2020;19:18:40;3.33;43.87;14.31;755.59;0.00;0.00;0.00
29.11.2020;19:19:40;3.33;43.85;14.31;755.60;0.00;0.00;0.00
29.11.2020;19:20:40;3.33;43.93;14.30;755.62;0.00;0.00;0.00
29.11.2020;19:21:40;3.33;43.87;14.30;755.62;0.00;0.00;0.00
29.11.2020;19:22:40;3.33;43.90;14.30;755.62;0.00;0.00;0.00
29.11.2020;19:23:40;3.33;43.92;14.30;755.62;0.00;0.00;0.00
29.11.2020;19:24:40;3.33;43.90;14.30;755.62;0.00;0.00;0.00
29.11.2020;19:25:40;3.35;43.91;14.29;755.63;0.00;0.00;0.00
29.11.2020;19:26:40;3.33;43.91;14.30;755.64;0.00;0.00;0.00
29.11.2020;19:27:40;3.33;43.94;14.30;755.64;0.00;0.00;0.00
29.11.2020;19:28:40;3.36;43.90;14.30;755.64;0.00;0.00;0.00
29.11.2020;19:29:40;3.33;43.86;14.30;755.64;0.00;0.00;0.00
29.11.2020;19:30:40;3.33;43.80;14.30;755.64;0.00;0.00;0.00
29.11.2020;19:31:40;3.35;43.80;14.30;755.64;0.00;0.00;0.00
29.11.2020;19:32:40;3.33;43.81;14.30;755.62;0.00;0.00;0.00
29.11.2020;19:33:40;3.33;43.82;14.29;755.62;0.00;0.00;0.00
29.11.2020;19:34:40;3.33;43.78;14.29;755.62;0.00;0.00;0.00
29.11.2020;19:35:40;3.33;43.83;14.29;755.62;0.00;0.00;0.00
29.11.2020;19:36:40;3.33;43.85;14.29;755.63;0.00;0.00;0.00
29.11.2020;19:37:40;3.33;43.85;14.29;755.63;0.00;0.00;0.00
29.11.2020;19:38:40;3.33;43.88;14.29;755.64;0.00;0.00;0.00
29.11.2020;19:39:40;3.35;43.88;14.28;755.65;0.00;0.00;0.00
29.11.2020;19:40:40;3.33;43.86;14.28;755.66;0.00;0.00;0.00
29.11.2020;19:41:40;3.33;43.90;14.28;755.67;0.00;0.00;0.00
29.11.2020;19:42:40;3.36;43.90;14.28;755.67;0.00;0.00;0.00
29.11.2020;19:43:40;3.33;43.83;14.27;755.68;0.00;0.00;0.00
29.11.2020;19:44:40;3.33;43.87;14.27;755.68;0.00;0.00;0.00
29.11.2020;19:45:40;3.35;43.76;14.26;755.68;0.00;0.00;0.00
29.11.2020;19:46:40;3.33;43.83;14.26;755.69;0.00;0.00;0.00
29.11.2020;19:47:41;3.33;43.85;14.26;755.71;0.00;0.00;0.00
29.11.2020;19:48:41;3.33;43.87;14.26;755.72;0.00;0.00;0.00
29.11.2020;19:49:41;3.33;43.92;14.25;755.74;0.00;0.00;0.00
29.11.2020;19:50:41;3.33;43.93;14.24;755.74;0.00;0.00;0.00
29.11.2020;19:51:41;3.33;43.89;14.24;755.75;0.00;0.00;0.00
29.11.2020;19:52:41;3.33;43.89;14.24;755.75;0.00;0.00;0.00
29.11.2020;19:53:41;3.35;43.80;14.23;755.76;0.00;0.00;0.00
29.11.2020;19:54:41;3.33;43.91;14.23;755.77;0.00;0.00;0.00
29.11.2020;19:55:41;3.33;43.93;14.22;755.77;0.00;0.00;0.00
29.11.2020;19:56:41;3.36;43.94;14.21;755.78;0.00;0.00;0.00
29.11.2020;19:57:41;3.33;43.87;14.20;755.79;0.00;0.00;0.00
29.11.2020;19:58:41;3.33;43.98;14.20;755.80;0.00;0.00;0.00
29.11.2020;19:59:41;3.35;43.89;14.20;755.82;0.00;0.00;0.00
29.11.2020;20:00:41;3.33;43.89;14.19;755.82;0.00;0.00;0.00
29.11.2020;20:01:41;3.33;43.99;14.18;755.83;0.00;0.00;0.00
29.11.2020;20:02:41;3.33;43.96;14.17;755.84;0.00;0.00;0.00
29.11.2020;20:03:41;3.33;44.02;14.16;755.86;0.00;0.00;0.00
29.11.2020;20:04:41;3.33;44.04;14.15;755.87;0.00;0.00;0.00
29.11.2020;20:05:41;3.33;44.05;14.15;755.90;0.00;0.00;0.00
29.11.2020;20:06:41;3.33;43.98;14.14;755.91;0.00;0.00;0.00
29.11.2020;20:07:41;3.35;44.05;14.13;755.92;0.00;0.00;0.00
29.11.2020;20:08:41;3.33;44.09;14.12;755.94;0.00;0.00;0.00
29.11.2020;20:09:41;3.33;44.09;14.12;755.94;0.00;0.00;0.00
29.11.2020;20:10:41;3.36;44.13;14.11;755.96;0.00;0.00;0.00
29.11.2020;20:11:41;3.33;44.10;14.10;755.98;0.00;0.00;0.00
29.11.2020;20:12:41;3.33;44.10;14.08;755.99;0.00;0.00;0.00
29.11.2020;20:13:41;3.35;44.09;14.08;756.00;0.00;0.00;0.00
29.11.2020;20:14:41;3.33;44.10;14.07;756.01;0.00;0.00;0.00
29.11.2020;20:15:41;3.33;44.08;14.06;756.01;0.00;0.00;0.00
29.11.2020;20:16:41;3.33;44.14;14.05;756.00;0.00;0.00;0.00
29.11.2020;20:17:42;3.33;44.20;14.03;756.00;0.00;0.00;0.00
29.11.2020;20:18:42;3.33;44.26;14.02;756.01;0.00;0.00;0.00
29.11.2020;20:19:42;3.33;44.24;14.01;756.01;0.00;0.00;0.00
29.11.2020;20:20:42;3.33;44.25;14.00;756.02;0.00;0.00;0.00
29.11.2020;20:21:42;3.35;44.32;13.99;756.02;0.00;0.00;0.00
29.11.2020;20:22:42;3.33;44.32;13.98;756.03;0.00;0.00;0.00
29.11.2020;20:23:42;3.33;44.39;13.97;756.03;0.00;0.00;0.00
29.11.2020;20:24:42;3.36;44.40;13.96;756.04;0.00;0.00;0.00
29.11.2020;20:25:42;3.33;44.36;13.95;756.04;0.00;0.00;0.00
29.11.2020;20:26:42;3.33;44.34;13.93;756.04;0.00;0.00;0.00
29.11.2020;20:27:42;3.35;44.35;13.92;756.04;0.00;0.00;0.00
29.11.2020;20:28:42;3.33;44.37;13.90;756.04;0.00;0.00;0.00
29.11.2020;20:29:42;3.33;44.46;13.89;756.05;0.00;0.00;0.00
29.11.2020;20:30:42;3.33;44.47;13.87;756.08;0.00;0.00;0.00
29.11.2020;20:31:42;3.33;44.38;13.86;756.09;0.00;0.00;0.00
29.11.2020;20:32:42;3.33;44.52;13.85;756.10;0.00;0.00;0.00
29.11.2020;20:33:42;3.33;44.55;13.83;756.12;0.00;0.00;0.00
29.11.2020;20:34:42;3.33;44.37;13.83;756.11;0.00;0.00;0.00
29.11.2020;20:35:42;3.35;44.50;13.81;756.10;0.00;0.00;0.00
29.11.2020;20:36:42;3.33;44.52;13.80;756.09;0.00;0.00;0.00
29.11.2020;20:37:42;3.33;44.41;13.79;756.08;0.00;0.00;0.00
29.11.2020;20:38:42;3.36;43.98;13.78;756.06;0.00;0.00;0.00
29.11.2020;20:39:42;3.33;44.67;13.76;756.07;0.00;0.00;0.00
29.11.2020;20:40:42;3.33;44.57;13.76;756.08;0.00;0.00;0.00
29.11.2020;20:41:42;3.35;44.54;13.75;756.11;0.00;0.00;0.00
29.11.2020;20:42:42;3.33;44.63;13.75;756.11;0.00;0.00;0.00
29.11.2020;20:43:42;3.33;44.69;13.74;756.12;0.00;0.00;0.00
29.11.2020;20:44:42;3.33;44.67;13.74;756.14;0.00;0.00;0.00
29.11.2020;20:45:42;3.33;44.76;13.75;756.14;0.00;0.00;0.00
29.11.2020;20:46:42;3.33;44.51;13.75;756.13;0.00;0.00;0.00
29.11.2020;20:47:43;3.33;44.68;13.75;756.13;0.00;0.00;0.00
29.11.2020;20:48:43;3.33;44.49;13.76;756.13;0.00;0.00;0.00
29.11.2020;20:49:43;3.35;44.55;13.76;756.14;0.00;0.00;0.00
29.11.2020;20:50:43;3.33;44.58;13.77;756.15;0.00;0.00;0.00
29.11.2020;20:51:43;3.33;44.69;13.77;756.15;0.00;0.00;0.00
29.11.2020;20:52:43;3.36;44.62;13.78;756.17;0.00;0.00;0.00
29.11.2020;20:53:43;3.33;44.53;13.79;756.19;0.00;0.00;0.00
29.11.2020;20:54:43;3.33;44.52;13.80;756.18;0.00;0.00;0.00
29.11.2020;20:55:43;3.35;44.51;13.79;756.19;0.00;0.00;0.00
29.11.2020;20:56:43;3.33;44.52;13.80;756.21;0.00;0.00;0.00
29.11.2020;20:57:43;3.33;44.55;13.81;756.24;0.00;0.00;0.00
29.11.2020;20:58:43;3.33;44.48;13.82;756.27;0.00;0.00;0.00
29.11.2020;20:59:43;3.33;44.41;13.82;756.27;0.00;0.00;0.00
29.11.2020;21:00:43;3.33;44.37;13.83;756.29;0.00;0.00;0.00
29.11.2020;21:01:43;3.33;44.36;13.83;756.30;0.00;0.00;0.00
29.11.2020;21:02:43;3.33;44.25;13.84;756.32;0.00;0.00;0.00
29.11.2020;21:03:43;3.35;44.34;13.85;756.33;0.00;0.00;0.00
29.11.2020;21:04:43;3.33;44.10;13.85;756.36;0.00;0.00;0.00
29.11.2020;21:05:43;3.33;44.10;13.85;756.36;0.00;0.00;0.00
29.11.2020;21:06:43;3.36;44.17;13.85;756.38;0.00;0.00;0.00
29.11.2020;21:07:43;3.33;44.21;13.85;756.38;0.00;0.00;0.00
29.11.2020;21:08:43;3.33;44.12;13.86;756.38;0.00;0.00;0.00
29.11.2020;21:09:43;3.35;44.08;13.86;756.38;0.00;0.00;0.00
29.11.2020;21:10:43;3.33;44.13;13.87;756.38;0.00;0.00;0.00
29.11.2020;21:11:43;3.33;44.15;13.88;756.37;0.00;0.00;0.00
29.11.2020;21:12:43;3.33;44.03;13.88;756.38;0.00;0.00;0.00
29.11.2020;21:13:43;3.33;44.04;13.89;756.40;0.00;0.00;0.00
29.11.2020;21:14:43;3.33;43.98;13.89;756.42;0.00;0.00;0.00
29.11.2020;21:15:43;3.33;44.11;13.90;756.44;0.00;0.00;0.00
29.11.2020;21:16:43;3.33;44.09;13.91;756.46;0.00;0.00;0.00
29.11.2020;21:17:44;3.35;44.05;13.91;756.48;0.00;0.00;0.00
29.11.2020;21:18:44;3.33;43.96;13.91;756.49;0.00;0.00;0.00
29.11.2020;21:19:44;3.33;44.01;13.91;756.49;0.00;0.00;0.00
29.11.2020;21:20:44;3.36;43.73;13.91;756.47;0.00;0.00;0.00
29.11.2020;21:21:44;3.33;44.05;13.92;756.48;0.00;0.00;0.00
29.11.2020;21:22:44;3.33;44.06;13.93;756.50;0.00;0.00;0.00
29.11.2020;21:23:44;3.35;44.00;13.94;756.51;0.00;0.00;0.00
29.11.2020;21:24:44;3.33;43.93;13.94;756.50;0.00;0.00;0.00
29.11.2020;21:25:44;3.33;43.97;13.94;756.50;0.00;0.00;0.00
29.11.2020;21:26:44;3.33;43.89;13.94;756.50;0.00;0.00;0.00
29.11.2020;21:27:44;3.33;43.84;13.94;756.50;0.00;0.00;0.00
29.11.2020;21:28:44;3.33;43.85;13.94;756.51;0.00;0.00;0.00
29.11.2020;21:29:44;3.33;43.72;13.94;756.48;0.00;0.00;0.00
29.11.2020;21:30:44;3.33;43.84;13.94;756.49;0.00;0.00;0.00
29.11.2020;21:31:44;3.35;43.79;13.94;756.50;0.00;0.00;0.00
29.11.2020;21:32:44;3.33;43.78;13.94;756.50;0.00;0.00;0.00
29.11.2020;21:33:44;3.33;43.79;13.94;756.51;0.00;0.00;0.00
29.11.2020;21:34:44;3.36;43.80;13.94;756.51;0.00;0.00;0.00
29.11.2020;21:35:44;3.33;43.79;13.95;756.52;0.00;0.00;0.00
29.11.2020;21:36:44;3.33;43.80;13.95;756.53;0.00;0.00;0.00
29.11.2020;21:37:44;3.35;43.78;13.95;756.53;0.00;0.00;0.00
29.11.2020;21:38:44;3.33;43.70;13.95;756.52;0.00;0.00;0.00
29.11.2020;21:39:44;3.33;43.70;13.95;756.52;0.00;0.00;0.00
29.11.2020;21:40:44;3.33;43.70;13.95;756.53;0.00;0.00;0.00
29.11.2020;21:41:44;3.33;43.71;13.95;756.51;0.00;0.00;0.00
29.11.2020;21:42:44;3.33;43.77;13.95;756.52;0.00;0.00;0.00
29.11.2020;21:43:44;3.33;43.69;13.95;756.53;0.00;0.00;0.00
29.11.2020;21:44:44;3.33;43.71;13.95;756.55;0.00;0.00;0.00
29.11.2020;21:45:44;3.35;43.67;13.95;756.58;0.00;0.00;0.00
29.11.2020;21:46:44;3.33;43.56;13.95;756.58;0.00;0.00;0.00
29.11.2020;21:47:44;3.33;43.69;13.95;756.59;0.00;0.00;0.00
29.11.2020;21:48:45;3.36;43.65;13.95;756.61;0.00;0.00;0.00
29.11.2020;21:49:45;3.33;43.53;13.94;756.60;0.00;0.00;0.00
29.11.2020;21:50:45;3.33;43.10;13.94;756.60;0.00;0.00;0.00
29.11.2020;21:51:45;3.35;43.49;13.94;756.60;0.00;0.00;0.00
29.11.2020;21:52:45;3.33;43.46;13.93;756.59;0.00;0.00;0.00
29.11.2020;21:53:45;3.33;43.42;13.93;756.59;0.00;0.00;0.00
29.11.2020;21:54:45;3.33;43.50;13.92;756.58;0.00;0.00;0.00
29.11.2020;21:55:45;3.33;43.60;13.93;756.58;0.00;0.00;0.00
29.11.2020;21:56:45;3.33;43.55;13.93;756.57;0.00;0.00;0.00
29.11.2020;21:57:45;3.33;43.57;13.93;756.58;0.00;0.00;0.00
29.11.2020;21:58:45;3.33;43.54;13.93;756.57;0.00;0.00;0.00
29.11.2020;21:59:45;3.35;43.53;13.93;756.56;0.00;0.00;0.00
29.11.2020;22:00:45;3.33;43.51;13.93;756.56;0.00;0.00;0.00
29.11.2020;22:01:45;3.33;43.60;13.92;756.57;0.00;0.00;0.00
29.11.2020;22:02:45;3.36;43.45;13.92;756.57;0.00;0.00;0.00
29.11.2020;22:03:45;3.33;43.08;13.92;756.57;0.00;0.00;0.00
29.11.2020;22:04:45;3.33;43.04;13.91;756.59;0.00;0.00;0.00
29.11.2020;22:05:45;3.35;43.52;13.90;756.61;0.00;0.00;0.00
29.11.2020;22:06:45;3.33;43.59;13.91;756.64;0.00;0.00;0.00
29.11.2020;22:07:45;3.33;43.59;13.91;756.66;0.00;0.00;0.00
29.11.2020;22:08:45;3.33;43.63;13.90;756.67;0.00;0.00;0.00
29.11.2020;22:09:45;3.33;43.58;13.90;756.68;0.00;0.00;0.00
29.11.2020;22:10:45;3.33;43.58;13.89;756.69;0.00;0.00;0.00
29.11.2020;22:11:45;3.33;43.46;13.89;756.69;0.00;0.00;0.00
29.11.2020;22:12:45;3.33;43.60;13.90;756.69;0.00;0.00;0.00
29.11.2020;22:13:45;3.35;43.63;13.90;756.70;0.00;0.00;0.00
29.11.2020;22:14:45;3.33;43.57;13.90;756.69;0.00;0.00;0.00
29.11.2020;22:15:45;3.33;43.52;13.90;756.70;0.00;0.00;0.00
29.11.2020;22:16:45;3.36;43.39;13.89;756.69;0.00;0.00;0.00
29.11.2020;22:17:45;3.33;43.49;13.89;756.71;0.00;0.00;0.00
29.11.2020;22:18:46;3.33;43.51;13.89;756.72;0.00;0.00;0.00
29.11.2020;22:19:46;3.35;43.42;13.90;756.71;0.00;0.00;0.00
29.11.2020;22:20:46;3.33;43.36;13.90;756.73;0.00;0.00;0.00
29.11.2020;22:21:46;3.33;43.38;13.90;756.73;0.00;0.00;0.00
29.11.2020;22:22:46;3.33;43.38;13.90;756.75;0.00;0.00;0.00
29.11.2020;22:23:46;3.33;43.45;13.90;756.75;0.00;0.00;0.00
29.11.2020;22:24:46;3.33;43.25;13.90;756.75;0.00;0.00;0.00
29.11.2020;22:25:46;3.33;43.45;13.89;756.76;0.00;0.00;0.00
29.11.2020;22:26:46;3.33;43.27;13.90;756.77;0.00;0.00;0.00
29.11.2020;22:27:46;3.35;43.28;13.90;756.77;0.00;0.00;0.00
29.11.2020;22:28:46;3.33;43.29;13.90;756.78;0.00;0.00;0.00
29.11.2020;22:29:46;3.33;43.17;13.89;756.77;0.00;0.00;0.00
29.11.2020;22:30:46;3.36;43.36;13.89;756.78;0.00;0.00;0.00
29.11.2020;22:31:46;3.33;43.26;13.89;756.77;0.00;0.00;0.00
29.11.2020;22:32:46;3.33;43.29;13.89;756.77;0.00;0.00;0.00
29.11.2020;22:33:46;3.35;43.20;13.90;756.77;0.00;0.00;0.00
29.11.2020;22:34:46;3.33;43.19;13.89;756.77;0.00;0.00;0.00
29.11.2020;22:35:46;3.33;43.30;13.89;756.77;0.00;0.00;0.00
29.11.2020;22:36:46;3.33;43.31;13.89;756.79;0.00;0.00;0.00
29.11.2020;22:37:46;3.33;43.34;13.89;756.80;0.00;0.00;0.00
29.11.2020;22:38:46;3.33;43.21;13.90;756.80;0.00;0.00;0.00
29.11.2020;22:39:46;3.33;43.30;13.90;756.81;0.00;0.00;0.00
29.11.2020;22:40:46;3.33;43.29;13.91;756.81;0.00;0.00;0.00
29.11.2020;22:41:46;3.35;43.31;13.91;756.82;0.00;0.00;0.00
29.11.2020;22:42:46;3.33;43.27;13.90;756.83;0.00;0.00;0.00
29.11.2020;22:43:46;3.33;43.27;13.90;756.85;0.00;0.00;0.00
29.11.2020;22:44:46;3.36;43.27;13.89;756.86;0.00;0.00;0.00
29.11.2020;22:45:46;3.33;43.30;13.89;756.87;0.00;0.00;0.00
29.11.2020;22:46:46;3.33;43.27;13.89;756.89;0.00;0.00;0.00
29.11.2020;22:47:46;3.35;43.30;13.89;756.89;0.00;0.00;0.00
29.11.2020;22:48:47;3.33;43.22;13.89;756.89;0.00;0.00;0.00
29.11.2020;22:49:47;3.33;43.33;13.89;756.90;0.00;0.00;0.00
29.11.2020;22:50:47;3.33;43.32;13.89;756.89;0.00;0.00;0.00
29.11.2020;22:51:47;3.33;43.27;13.89;756.88;0.00;0.00;0.00
29.11.2020;22:52:47;3.33;43.16;13.89;756.86;0.00;0.00;0.00
29.11.2020;22:53:47;3.33;43.15;13.89;756.85;0.00;0.00;0.00
29.11.2020;22:54:47;3.33;43.08;13.88;756.85;0.00;0.00;0.00
29.11.2020;22:55:47;3.35;43.16;13.88;756.85;0.00;0.00;0.00
29.11.2020;22:56:47;3.33;43.05;13.89;756.87;0.00;0.00;0.00
29.11.2020;22:57:47;3.33;43.11;13.89;756.86;0.00;0.00;0.00
29.11.2020;22:58:47;3.36;43.02;13.88;756.84;0.00;0.00;0.00
29.11.2020;22:59:47;3.33;43.09;13.88;756.83;0.00;0.00;0.00
29.11.2020;23:00:47;3.33;43.09;13.87;756.83;0.00;0.00;0.00
29.11.2020;23:01:47;3.35;42.94;13.87;756.83;0.00;0.00;0.00
29.11.2020;23:02:47;3.33;43.01;13.86;756.83;0.00;0.00;0.00
29.11.2020;23:03:47;3.33;43.11;13.86;756.84;0.00;0.00;0.00
29.11.2020;23:04:47;3.33;43.12;13.86;756.85;0.00;0.00;0.00
29.11.2020;23:05:47;3.33;43.13;13.85;756.83;0.00;0.00;0.00
29.11.2020;23:06:47;3.33;43.18;13.84;756.83;0.00;0.00;0.00
29.11.2020;23:07:47;3.33;43.17;13.83;756.84;0.00;0.00;0.00
29.11.2020;23:08:47;3.33;43.14;13.83;756.84;0.00;0.00;0.00
29.11.2020;23:09:47;3.35;43.26;13.82;756.84;0.00;0.00;0.00
29.11.2020;23:10:47;3.33;43.23;13.81;756.85;0.00;0.00;0.00
29.11.2020;23:11:47;3.33;43.21;13.80;756.86;0.00;0.00;0.00
29.11.2020;23:12:47;3.36;43.29;13.79;756.86;0.00;0.00;0.00
29.11.2020;23:13:47;3.33;43.27;13.78;756.87;0.00;0.00;0.00
29.11.2020;23:14:47;3.33;43.30;13.77;756.89;0.00;0.00;0.00
29.11.2020;23:15:47;3.35;43.34;13.76;756.89;0.00;0.00;0.00
29.11.2020;23:16:47;3.33;43.33;13.75;756.89;0.00;0.00;0.00
29.11.2020;23:17:47;3.33;43.32;13.74;756.91;0.00;0.00;0.00
29.11.2020;23:18:48;3.33;43.32;13.73;756.91;0.00;0.00;0.00
29.11.2020;23:19:48;3.33;43.33;13.71;756.92;0.00;0.00;0.00
29.11.2020;23:20:48;3.33;43.28;13.70;756.92;0.00;0.00;0.00
29.11.2020;23:21:48;3.33;43.36;13.68;756.93;0.00;0.00;0.00
29.11.2020;23:22:48;3.33;43.33;13.67;756.93;0.00;0.00;0.00
29.11.2020;23:23:48;3.35;43.41;13.65;756.93;0.00;0.00;0.00
29.11.2020;23:24:48;3.33;43.43;13.65;756.94;0.00;0.00;0.00
29.11.2020;23:25:48;3.33;43.49;13.64;756.96;0.00;0.00;0.00
29.11.2020;23:26:48;3.36;43.55;13.63;756.96;0.00;0.00;0.00
29.11.2020;23:27:48;3.33;43.57;13.62;756.97;0.00;0.00;0.00
29.11.2020;23:28:48;3.33;43.56;13.61;756.96;0.00;0.00;0.00
29.11.2020;23:29:48;3.35;43.53;13.60;756.96;0.00;0.00;0.00
29.11.2020;23:30:48;3.33;43.60;13.58;756.97;0.00;0.00;0.00
29.11.2020;23:31:48;3.33;43.69;13.57;756.99;0.00;0.00;0.00
29.11.2020;23:32:48;3.33;43.68;13.56;757.00;0.00;0.00;0.00
29.11.2020;23:33:48;3.33;43.67;13.55;757.02;0.00;0.00;0.00
29.11.2020;23:34:48;3.33;43.71;13.54;757.01;0.00;0.00;0.00
29.11.2020;23:35:48;3.33;43.74;13.53;757.01;0.00;0.00;0.00
29.11.2020;23:36:48;3.33;43.71;13.51;757.00;0.00;0.00;0.00
29.11.2020;23:37:48;3.35;43.76;13.50;757.00;0.00;0.00;0.00
29.11.2020;23:38:48;3.33;43.78;13.49;757.00;0.00;0.00;0.00
29.11.2020;23:39:48;3.33;43.78;13.48;757.00;0.00;0.00;0.00
29.11.2020;23:40:48;3.36;43.81;13.46;757.00;0.00;0.00;0.00
29.11.2020;23:41:48;3.33;43.80;13.44;757.01;0.00;0.00;0.00
29.11.2020;23:42:48;3.33;43.86;13.43;757.01;0.00;0.00;0.00
29.11.2020;23:43:48;3.35;43.85;13.42;757.00;0.00;0.00;0.00
29.11.2020;23:44:48;3.33;43.87;13.41;756.98;0.00;0.00;0.00
29.11.2020;23:45:48;3.33;43.93;13.39;756.99;0.00;0.00;0.00
29.11.2020;23:46:48;3.33;43.98;13.39;756.99;0.00;0.00;0.00
29.11.2020;23:47:48;3.33;44.00;13.38;756.98;0.00;0.00;0.00
29.11.2020;23:48:49;3.33;44.03;13.37;757.00;0.00;0.00;0.00
29.11.2020;23:49:49;3.33;44.05;13.35;757.01;0.00;0.00;0.00
29.11.2020;23:50:49;3.33;44.03;13.34;757.01;0.00;0.00;0.00
29.11.2020;23:51:49;3.35;44.07;13.33;757.03;0.00;0.00;0.00
29.11.2020;23:52:49;3.33;44.13;13.31;757.04;0.00;0.00;0.00
29.11.2020;23:53:49;3.33;44.15;13.30;757.05;0.00;0.00;0.00
29.11.2020;23:54:49;3.36;44.09;13.29;757.05;0.00;0.00;0.00
29.11.2020;23:55:49;3.33;44.11;13.28;757.05;0.00;0.00;0.00
29.11.2020;23:56:49;3.33;44.18;13.27;757.06;0.00;0.00;0.00
29.11.2020;23:57:49;3.35;44.26;13.25;757.07;0.00;0.00;0.00
29.11.2020;23:58:49;3.33;44.24;13.24;757.06;0.00;0.00;0.00
29.11.2020;23:59:49;3.33;44.27;13.22;757.07;0.00;0.00;0.00
