30.01.2021;0:00:28;3.35;37.37;11.60;737.90;0.00;0.00;0.00
30.01.2021;0:01:28;3.33;37.41;11.60;737.88;0.00;0.00;0.00
30.01.2021;0:02:28;3.33;37.37;11.61;737.88;0.00;0.00;0.00
30.01.2021;0:03:28;3.35;37.36;11.61;737.89;0.00;0.00;0.00
30.01.2021;0:04:28;3.33;37.39;11.61;737.89;0.00;0.00;0.00
30.01.2021;0:05:29;3.33;37.45;11.60;737.90;0.00;0.00;0.00
30.01.2021;0:06:29;3.33;37.43;11.61;737.90;0.00;0.00;0.00
30.01.2021;0:07:29;3.33;37.34;11.61;737.91;0.00;0.00;0.00
30.01.2021;0:08:29;3.33;37.35;11.61;737.92;0.00;0.00;0.00
30.01.2021;0:09:29;3.33;37.44;11.61;737.92;0.00;0.00;0.00
30.01.2021;0:10:29;3.33;37.48;11.61;737.92;0.00;0.00;0.00
30.01.2021;0:11:29;3.33;37.52;11.61;737.92;0.00;0.00;0.00
30.01.2021;0:12:29;3.32;37.54;11.61;737.92;0.00;0.00;0.00
30.01.2021;0:13:29;3.33;37.54;11.62;737.92;0.00;0.00;0.00
30.01.2021;0:14:29;3.35;37.49;11.63;737.90;0.00;0.00;0.00
30.01.2021;0:15:29;3.33;37.37;11.63;737.91;0.00;0.00;0.00
30.01.2021;0:16:29;3.33;37.33;11.63;737.91;0.00;0.00;0.00
30.01.2021;0:17:29;3.35;37.42;11.62;737.93;0.00;0.00;0.00
30.01.2021;0:18:29;3.33;37.56;11.61;737.94;0.00;0.00;0.00
30.01.2021;0:19:29;3.33;37.56;11.62;737.94;0.00;0.00;0.00
30.01.2021;0:20:29;3.33;37.51;11.62;737.94;0.00;0.00;0.00
30.01.2021;0:21:29;3.33;37.45;11.61;737.97;0.00;0.00;0.00
30.01.2021;0:22:29;3.33;37.55;11.62;737.97;0.00;0.00;0.00
30.01.2021;0:23:29;3.33;37.40;11.62;737.98;0.00;0.00;0.00
30.01.2021;0:24:29;3.33;37.46;11.62;737.98;0.00;0.00;0.00
30.01.2021;0:25:29;3.33;37.48;11.62;737.98;0.00;0.00;0.00
30.01.2021;0:26:29;3.33;37.61;11.61;737.98;0.00;0.00;0.00
30.01.2021;0:27:29;3.33;37.61;11.61;737.98;0.00;0.00;0.00
30.01.2021;0:28:29;3.35;37.62;11.62;737.99;0.00;0.00;0.00
30.01.2021;0:29:29;3.33;37.65;11.62;738.00;0.00;0.00;0.00
30.01.2021;0:30:29;3.33;37.65;11.63;738.02;0.00;0.00;0.00
30.01.2021;0:31:29;3.35;37.59;11.63;738.03;0.00;0.00;0.00
30.01.2021;0:32:29;3.33;37.58;11.62;738.06;0.00;0.00;0.00
30.01.2021;0:33:29;3.33;37.61;11.61;738.06;0.00;0.00;0.00
30.01.2021;0:34:29;3.33;37.50;11.61;738.07;0.00;0.00;0.00
30.01.2021;0:35:29;3.33;37.59;11.60;738.08;0.00;0.00;0.00
30.01.2021;0:36:30;3.33;37.68;11.59;738.08;0.00;0.00;0.00
30.01.2021;0:37:30;3.33;37.67;11.60;738.08;0.00;0.00;0.00
30.01.2021;0:38:30;3.32;37.68;11.59;738.07;0.00;0.00;0.00
30.01.2021;0:39:30;3.33;37.66;11.58;738.08;0.00;0.00;0.00
30.01.2021;0:40:30;3.33;37.50;11.58;738.10;0.00;0.00;0.00
30.01.2021;0:41:30;3.33;37.62;11.57;738.11;0.00;0.00;0.00
30.01.2021;0:42:30;3.33;37.64;11.57;738.12;0.00;0.00;0.00
30.01.2021;0:43:30;3.32;37.62;11.57;738.13;0.00;0.00;0.00
30.01.2021;0:44:30;3.31;37.52;11.56;738.13;0.00;0.00;0.00
30.01.2021;0:45:30;3.31;37.61;11.56;738.13;0.00;0.00;0.00
30.01.2021;0:46:30;3.31;37.62;11.55;738.15;0.00;0.00;0.00
30.01.2021;0:47:30;3.22;37.60;11.54;738.16;0.00;0.00;0.00
30.01.2021;0:48:30;3.19;37.76;11.54;738.16;0.00;0.00;0.00
30.01.2021;0:49:30;3.04;37.82;11.53;738.16;0.00;0.00;0.00
30.01.2021;0:50:30;3.04;37.77;11.53;738.16;0.00;0.00;0.00
30.01.2021;0:51:30;2.83;37.52;11.53;738.15;0.00;0.00;0.00
30.01.2021;0:52:30;2.80;37.56;11.51;738.17;0.00;0.00;0.00
30.01.2021;0:53:30;2.93;37.67;11.50;738.15;0.00;0.00;0.00
30.01.2021;0:54:30;2.89;37.76;11.49;738.16;0.00;0.00;0.00
30.01.2021;0:55:30;2.82;37.89;11.48;738.16;0.00;0.00;0.00
30.01.2021;0:56:30;2.92;37.95;11.46;738.16;0.00;0.00;0.00
30.01.2021;0:57:30;2.87;37.90;11.45;738.16;0.00;0.00;0.00
30.01.2021;0:58:30;2.92;37.90;11.44;738.16;0.00;0.00;0.00
30.01.2021;0:59:30;2.79;37.95;11.43;738.18;0.00;0.00;0.00
30.01.2021;1:00:30;2.81;38.02;11.41;738.18;0.00;0.00;0.00
30.01.2021;1:01:30;2.68;37.98;11.40;738.18;0.00;0.00;0.00
30.01.2021;1:02:30;2.68;37.78;11.39;738.18;0.00;0.00;0.00
30.01.2021;1:03:30;2.67;38.00;11.38;738.20;0.00;0.00;0.00
30.01.2021;1:04:30;2.68;37.63;11.35;738.20;0.00;0.00;0.00
30.01.2021;1:05:30;2.71;38.00;11.33;738.19;0.00;0.00;0.00
30.01.2021;1:06:30;2.68;37.84;11.32;738.21;0.00;0.00;0.00
30.01.2021;1:07:30;2.61;38.12;11.32;738.23;0.00;0.00;0.00
30.01.2021;1:08:31;2.75;38.04;11.30;738.22;0.00;0.00;0.00
30.01.2021;1:09:31;2.66;37.98;11.29;738.23;0.00;0.00;0.00
30.01.2021;1:10:31;2.64;37.94;11.27;738.24;0.00;0.00;0.00
30.01.2021;1:11:31;2.65;37.98;11.26;738.25;0.00;0.00;0.00
30.01.2021;1:12:31;2.67;38.19;11.24;738.25;0.00;0.00;0.00
30.01.2021;1:13:31;2.69;38.27;11.23;738.27;0.00;0.00;0.00
30.01.2021;1:14:31;2.71;38.31;11.22;738.27;0.00;0.00;0.00
30.01.2021;1:15:31;2.73;38.39;11.21;738.27;0.00;0.00;0.00
30.01.2021;1:16:31;2.82;38.43;11.20;738.27;0.00;0.00;0.00
30.01.2021;1:17:31;2.88;38.36;11.20;738.26;0.00;0.00;0.00
30.01.2021;1:18:31;2.81;38.42;11.17;738.24;0.00;0.00;0.00
30.01.2021;1:19:31;2.76;38.54;11.16;738.24;0.00;0.00;0.00
30.01.2021;1:20:31;2.97;38.55;11.15;738.23;0.00;0.00;0.00
30.01.2021;1:21:31;2.92;38.54;11.14;738.22;0.00;0.00;0.00
30.01.2021;1:22:31;2.86;38.51;11.13;738.22;0.00;0.00;0.00
30.01.2021;1:23:31;2.73;38.59;11.12;738.23;0.00;0.00;0.00
30.01.2021;1:24:31;2.81;38.58;11.11;738.24;0.00;0.00;0.00
30.01.2021;1:25:31;2.85;38.53;11.10;738.26;0.00;0.00;0.00
30.01.2021;1:26:31;2.87;38.65;11.09;738.27;0.00;0.00;0.00
30.01.2021;1:27:31;2.99;38.57;11.08;738.27;0.00;0.00;0.00
30.01.2021;1:28:31;2.92;38.69;11.07;738.29;0.00;0.00;0.00
30.01.2021;1:29:31;2.98;38.71;11.07;738.30;0.00;0.00;0.00
30.01.2021;1:30:31;3.03;38.70;11.06;738.31;0.00;0.00;0.00
30.01.2021;1:31:31;3.03;38.65;11.06;738.30;0.00;0.00;0.00
30.01.2021;1:32:31;2.91;38.72;11.05;738.31;0.00;0.00;0.00
30.01.2021;1:33:31;2.85;38.54;11.05;738.33;0.00;0.00;0.00
30.01.2021;1:34:31;2.91;38.66;11.04;738.32;0.00;0.00;0.00
30.01.2021;1:35:31;3.00;38.69;11.04;738.32;0.00;0.00;0.00
30.01.2021;1:36:31;3.08;38.73;11.03;738.33;0.00;0.00;0.00
30.01.2021;1:37:31;3.06;38.79;11.02;738.34;0.00;0.00;0.00
30.01.2021;1:38:31;3.07;38.59;11.01;738.35;0.00;0.00;0.00
30.01.2021;1:39:32;3.11;38.73;11.00;738.36;0.00;0.00;0.00
30.01.2021;1:40:32;3.18;38.75;11.01;738.37;0.00;0.00;0.00
30.01.2021;1:41:32;3.25;38.57;11.01;738.36;0.00;0.00;0.00
30.01.2021;1:42:32;3.19;38.69;11.00;738.37;0.00;0.00;0.00
30.01.2021;1:43:32;3.23;38.73;11.00;738.37;0.00;0.00;0.00
30.01.2021;1:44:32;3.28;38.84;10.99;738.38;0.00;0.00;0.00
30.01.2021;1:45:32;3.25;38.67;10.99;738.38;0.00;0.00;0.00
30.01.2021;1:46:32;3.26;38.77;11.00;738.38;0.00;0.00;0.00
30.01.2021;1:47:32;3.19;38.78;11.01;738.38;0.00;0.00;0.00
30.01.2021;1:48:32;3.14;38.64;11.02;738.36;0.00;0.00;0.00
30.01.2021;1:49:32;2.94;38.63;11.02;738.35;0.00;0.00;0.00
30.01.2021;1:50:32;2.86;38.61;11.03;738.37;0.00;0.00;0.00
30.01.2021;1:51:32;2.82;38.70;11.02;738.38;0.00;0.00;0.00
30.01.2021;1:52:32;2.76;38.72;11.02;738.38;0.00;0.00;0.00
30.01.2021;1:53:32;2.72;38.69;11.02;738.40;0.00;0.00;0.00
30.01.2021;1:54:32;2.73;38.74;11.01;738.41;0.00;0.00;0.00
30.01.2021;1:55:32;2.79;38.50;11.00;738.43;0.00;0.00;0.00
30.01.2021;1:56:32;2.81;38.75;10.99;738.44;0.00;0.00;0.00
30.01.2021;1:57:32;2.82;38.79;10.97;738.47;0.00;0.00;0.00
30.01.2021;1:58:32;2.78;38.85;10.96;738.48;0.00;0.00;0.00
30.01.2021;1:59:32;2.78;38.63;10.95;738.49;0.00;0.00;0.00
30.01.2021;2:00:32;2.94;38.79;10.94;738.49;0.00;0.00;0.00
30.01.2021;2:01:32;3.08;38.80;10.94;738.48;0.00;0.00;0.00
30.01.2021;2:02:32;3.05;38.88;10.93;738.52;0.00;0.00;0.00
30.01.2021;2:03:32;3.19;38.89;10.91;738.53;0.00;0.00;0.00
30.01.2021;2:04:32;3.25;38.85;10.90;738.54;0.00;0.00;0.00
30.01.2021;2:05:32;3.31;38.92;10.88;738.55;0.00;0.00;0.00
30.01.2021;2:06:32;3.29;38.91;10.88;738.57;0.00;0.00;0.00
30.01.2021;2:07:32;3.32;38.72;10.87;738.57;0.00;0.00;0.00
30.01.2021;2:08:32;3.31;38.91;10.86;738.58;0.00;0.00;0.00
30.01.2021;2:09:32;3.29;39.03;10.87;738.60;0.00;0.00;0.00
30.01.2021;2:10:32;3.33;39.04;10.88;738.61;0.00;0.00;0.00
30.01.2021;2:11:33;3.33;39.01;10.88;738.62;0.00;0.00;0.00
30.01.2021;2:12:33;3.33;39.06;10.88;738.62;0.00;0.00;0.00
30.01.2021;2:13:33;3.32;39.05;10.88;738.62;0.00;0.00;0.00
30.01.2021;2:14:33;3.28;39.01;10.90;738.62;0.00;0.00;0.00
30.01.2021;2:15:33;3.33;38.79;10.90;738.64;0.00;0.00;0.00
30.01.2021;2:16:33;3.32;38.90;10.91;738.67;0.00;0.00;0.00
30.01.2021;2:17:33;3.32;38.95;10.92;738.67;0.00;0.00;0.00
30.01.2021;2:18:33;3.32;39.00;10.93;738.70;0.00;0.00;0.00
30.01.2021;2:19:33;3.33;39.00;10.93;738.73;0.00;0.00;0.00
30.01.2021;2:20:33;3.35;38.94;10.94;738.75;0.00;0.00;0.00
30.01.2021;2:21:33;3.32;38.93;10.94;738.75;0.00;0.00;0.00
30.01.2021;2:22:33;3.33;38.82;10.95;738.75;0.00;0.00;0.00
30.01.2021;2:23:33;3.35;38.84;10.95;738.75;0.00;0.00;0.00
30.01.2021;2:24:33;3.31;38.77;10.96;738.75;0.00;0.00;0.00
30.01.2021;2:25:33;3.33;38.80;10.95;738.76;0.00;0.00;0.00
30.01.2021;2:26:33;3.33;38.73;10.96;738.77;0.00;0.00;0.00
30.01.2021;2:27:33;3.33;38.37;10.96;738.78;0.00;0.00;0.00
30.01.2021;2:28:33;3.33;38.67;10.95;738.78;0.00;0.00;0.00
30.01.2021;2:29:33;3.33;38.70;10.96;738.77;0.00;0.00;0.00
30.01.2021;2:30:33;3.33;38.57;10.96;738.78;0.00;0.00;0.00
30.01.2021;2:31:33;3.33;38.66;10.97;738.79;0.00;0.00;0.00
30.01.2021;2:32:33;3.33;38.60;10.98;738.80;0.00;0.00;0.00
30.01.2021;2:33:33;3.31;38.59;10.99;738.79;0.00;0.00;0.00
30.01.2021;2:34:33;3.25;38.55;10.99;738.79;0.00;0.00;0.00
30.01.2021;2:35:33;2.50;38.38;10.99;738.77;0.00;0.00;0.00
30.01.2021;2:36:33;2.50;38.36;10.99;738.75;0.00;0.00;0.00
30.01.2021;2:37:33;2.53;38.12;10.98;738.77;0.00;0.00;0.00
30.01.2021;2:38:33;2.50;38.34;10.98;738.79;0.00;0.00;0.00
30.01.2021;2:39:33;2.50;38.08;10.99;738.78;0.00;0.00;0.00
30.01.2021;2:40:33;2.51;38.31;10.99;738.76;0.00;0.00;0.00
30.01.2021;2:41:33;2.50;38.38;10.99;738.76;0.00;0.00;0.00
30.01.2021;2:42:33;2.50;38.45;11.00;738.78;0.00;0.00;0.00
30.01.2021;2:43:34;2.50;38.39;11.01;738.79;0.00;0.00;0.00
30.01.2021;2:44:34;2.50;37.93;11.00;738.80;0.00;0.00;0.00
30.01.2021;2:45:34;2.50;38.38;11.01;738.81;0.00;0.00;0.00
30.01.2021;2:46:34;2.50;37.78;11.01;738.82;0.00;0.00;0.00
30.01.2021;2:47:34;2.50;37.73;11.01;738.82;0.00;0.00;0.00
30.01.2021;2:48:34;2.53;37.93;11.01;738.82;0.00;0.00;0.00
30.01.2021;2:49:34;2.50;38.14;11.01;738.84;0.00;0.00;0.00
30.01.2021;2:50:34;2.50;38.24;11.01;738.84;0.00;0.00;0.00
30.01.2021;2:51:34;2.53;37.93;11.01;738.87;0.00;0.00;0.00
30.01.2021;2:52:34;2.50;37.78;11.00;738.87;0.00;0.00;0.00
30.01.2021;2:53:34;2.50;38.08;11.00;738.86;0.00;0.00;0.00
30.01.2021;2:54:34;2.51;37.64;11.00;738.85;0.00;0.00;0.00
30.01.2021;2:55:34;2.50;38.08;10.98;738.85;0.00;0.00;0.00
30.01.2021;2:56:34;2.50;37.53;10.97;738.85;0.00;0.00;0.00
30.01.2021;2:57:34;2.50;37.85;10.95;738.84;0.00;0.00;0.00
30.01.2021;2:58:34;2.50;37.69;10.95;738.85;0.00;0.00;0.00
30.01.2021;2:59:34;2.50;37.73;10.94;738.86;0.00;0.00;0.00
30.01.2021;3:00:34;2.50;38.07;10.93;738.87;0.00;0.00;0.00
30.01.2021;3:01:34;2.50;38.20;10.93;738.87;0.00;0.00;0.00
30.01.2021;3:02:34;2.51;38.29;10.93;738.89;0.00;0.00;0.00
30.01.2021;3:03:34;2.50;38.14;10.92;738.90;0.00;0.00;0.00
30.01.2021;3:04:34;2.50;38.08;10.91;738.89;0.00;0.00;0.00
30.01.2021;3:05:34;2.53;37.84;10.89;738.89;0.00;0.00;0.00
30.01.2021;3:06:34;2.50;37.92;10.88;738.89;0.00;0.00;0.00
30.01.2021;3:07:34;2.50;37.46;10.85;738.88;0.00;0.00;0.00
30.01.2021;3:08:34;2.51;37.83;10.82;738.89;0.00;0.00;0.00
30.01.2021;3:09:34;2.50;38.15;10.80;738.91;0.00;0.00;0.00
30.01.2021;3:10:34;2.50;37.81;10.79;738.92;0.00;0.00;0.00
30.01.2021;3:11:34;2.50;38.05;10.78;738.93;0.00;0.00;0.00
30.01.2021;3:12:34;2.50;38.19;10.75;738.92;0.00;0.00;0.00
30.01.2021;3:13:34;2.50;38.24;10.74;738.94;0.00;0.00;0.00
30.01.2021;3:14:34;2.50;38.15;10.73;738.96;0.00;0.00;0.00
30.01.2021;3:15:35;2.50;38.52;10.72;738.97;0.00;0.00;0.00
30.01.2021;3:16:35;2.51;38.56;10.72;738.97;0.00;0.00;0.00
30.01.2021;3:17:35;2.50;38.40;10.71;738.99;0.00;0.00;0.00
30.01.2021;3:18:35;2.50;38.53;10.69;739.00;0.00;0.00;0.00
30.01.2021;3:19:35;2.53;38.27;10.68;739.00;0.00;0.00;0.00
30.01.2021;3:20:35;2.50;38.47;10.66;739.01;0.00;0.00;0.00
30.01.2021;3:21:35;2.50;37.85;10.65;739.00;0.00;0.00;0.00
30.01.2021;3:22:35;2.51;38.39;10.63;739.00;0.00;0.00;0.00
30.01.2021;3:23:35;2.50;38.01;10.61;739.00;0.00;0.00;0.00
30.01.2021;3:24:35;2.50;38.05;10.59;739.01;0.00;0.00;0.00
30.01.2021;3:25:35;2.50;38.06;10.57;739.00;0.00;0.00;0.00
30.01.2021;3:26:35;2.50;38.53;10.56;739.02;0.00;0.00;0.00
30.01.2021;3:27:35;2.50;38.46;10.54;739.03;0.00;0.00;0.00
30.01.2021;3:28:35;2.50;38.31;10.53;739.06;0.00;0.00;0.00
30.01.2021;3:29:35;2.50;38.42;10.52;739.06;0.00;0.00;0.00
30.01.2021;3:30:35;2.51;38.33;10.50;739.07;0.00;0.00;0.00
30.01.2021;3:31:35;2.50;38.14;10.49;739.07;0.00;0.00;0.00
30.01.2021;3:32:35;2.50;37.94;10.47;739.07;0.00;0.00;0.00
30.01.2021;3:33:35;2.53;37.63;10.43;739.05;0.00;0.00;0.00
30.01.2021;3:34:35;2.50;37.67;10.39;739.05;0.00;0.00;0.00
30.01.2021;3:35:35;2.50;38.26;10.38;739.07;0.00;0.00;0.00
30.01.2021;3:36:35;2.51;38.59;10.38;739.07;0.00;0.00;0.00
30.01.2021;3:37:35;2.50;37.74;10.37;739.09;0.00;0.00;0.00
30.01.2021;3:38:35;2.50;38.14;10.35;739.08;0.00;0.00;0.00
30.01.2021;3:39:35;2.50;38.93;10.34;739.07;0.00;0.00;0.00
30.01.2021;3:40:35;2.50;38.97;10.35;739.07;0.00;0.00;0.00
30.01.2021;3:41:35;2.50;38.75;10.35;739.08;0.00;0.00;0.00
30.01.2021;3:42:35;2.50;38.68;10.35;739.09;0.00;0.00;0.00
30.01.2021;3:43:35;2.50;38.66;10.35;739.08;0.00;0.00;0.00
30.01.2021;3:44:35;2.51;38.64;10.33;739.08;0.00;0.00;0.00
30.01.2021;3:45:35;2.50;39.15;10.34;739.08;0.00;0.00;0.00
30.01.2021;3:46:35;2.50;38.98;10.36;739.08;0.00;0.00;0.00
30.01.2021;3:47:35;2.53;38.49;10.35;739.08;0.00;0.00;0.00
30.01.2021;3:48:36;2.50;38.06;10.32;739.05;0.00;0.00;0.00
30.01.2021;3:49:36;2.50;38.44;10.31;739.05;0.00;0.00;0.00
30.01.2021;3:50:36;2.51;38.45;10.30;739.06;0.00;0.00;0.00
30.01.2021;3:51:36;2.50;38.64;10.30;739.08;0.00;0.00;0.00
30.01.2021;3:52:36;2.50;38.16;10.30;739.07;0.00;0.00;0.00
30.01.2021;3:53:36;2.50;38.16;10.28;739.08;0.00;0.00;0.00
30.01.2021;3:54:36;2.50;38.66;10.26;739.07;0.00;0.00;0.00
30.01.2021;3:55:36;2.50;38.55;10.26;739.06;0.00;0.00;0.00
30.01.2021;3:56:36;2.50;38.90;10.26;739.06;0.00;0.00;0.00
30.01.2021;3:57:36;2.50;38.81;10.27;739.07;0.00;0.00;0.00
30.01.2021;3:58:36;2.51;38.83;10.27;739.07;0.00;0.00;0.00
30.01.2021;3:59:36;2.50;38.53;10.27;739.05;0.00;0.00;0.00
30.01.2021;4:00:36;2.50;38.68;10.27;739.05;0.00;0.00;0.00
30.01.2021;4:01:36;2.53;38.97;10.27;739.05;0.00;0.00;0.00
30.01.2021;4:02:36;2.50;38.93;10.28;739.05;0.00;0.00;0.00
30.01.2021;4:03:36;2.50;38.86;10.29;739.03;0.00;0.00;0.00
30.01.2021;4:04:36;2.51;38.82;10.29;739.02;0.00;0.00;0.00
30.01.2021;4:05:36;2.50;38.15;10.29;739.02;0.00;0.00;0.00
30.01.2021;4:06:36;2.50;38.76;10.28;739.02;0.00;0.00;0.00
30.01.2021;4:07:36;2.50;38.44;10.27;739.03;0.00;0.00;0.00
30.01.2021;4:08:36;2.50;38.98;10.27;739.03;0.00;0.00;0.00
30.01.2021;4:09:36;2.50;39.14;10.28;739.04;0.00;0.00;0.00
30.01.2021;4:10:36;2.50;38.42;10.27;739.03;0.00;0.00;0.00
30.01.2021;4:11:36;2.50;38.74;10.27;739.03;0.00;0.00;0.00
30.01.2021;4:12:36;2.51;38.39;10.25;739.05;0.00;0.00;0.00
30.01.2021;4:13:36;2.50;38.17;10.24;739.05;0.00;0.00;0.00
30.01.2021;4:14:36;2.50;38.12;10.22;739.05;0.00;0.00;0.00
30.01.2021;4:15:36;2.53;38.72;10.21;739.03;0.00;0.00;0.00
30.01.2021;4:16:36;2.50;38.72;10.22;739.00;0.00;0.00;0.00
30.01.2021;4:17:36;2.50;38.34;10.22;738.99;0.00;0.00;0.00
30.01.2021;4:18:36;2.51;38.17;10.21;738.98;0.00;0.00;0.00
30.01.2021;4:19:36;2.50;37.99;10.18;738.97;0.00;0.00;0.00
30.01.2021;4:20:37;2.50;37.40;10.15;738.95;0.00;0.00;0.00
30.01.2021;4:21:37;2.50;37.62;10.13;738.95;0.00;0.00;0.00
30.01.2021;4:22:37;2.50;37.54;10.10;738.96;0.00;0.00;0.00
30.01.2021;4:23:37;2.50;37.76;10.10;738.98;0.00;0.00;0.00
30.01.2021;4:24:37;2.50;37.90;10.10;738.98;0.00;0.00;0.00
30.01.2021;4:25:37;2.50;37.94;10.09;738.98;0.00;0.00;0.00
30.01.2021;4:26:37;2.51;37.76;10.07;738.97;0.00;0.00;0.00
30.01.2021;4:27:37;2.50;37.59;10.06;738.96;0.00;0.00;0.00
30.01.2021;4:28:37;2.50;37.45;10.04;738.94;0.00;0.00;0.00
30.01.2021;4:29:37;2.53;37.31;10.02;738.90;0.00;0.00;0.00
30.01.2021;4:30:37;2.50;37.62;10.00;738.88;0.00;0.00;0.00
30.01.2021;4:31:37;2.50;37.50;9.99;738.85;0.00;0.00;0.00
30.01.2021;4:32:37;2.51;37.48;9.98;738.83;0.00;0.00;0.00
30.01.2021;4:33:37;2.50;37.27;9.96;738.84;0.00;0.00;0.00
30.01.2021;4:34:37;2.50;37.18;9.95;738.87;0.00;0.00;0.00
30.01.2021;4:35:37;2.50;37.51;9.94;738.88;0.00;0.00;0.00
30.01.2021;4:36:37;2.50;37.61;9.95;738.90;0.00;0.00;0.00
30.01.2021;4:37:37;2.50;37.59;9.94;738.90;0.00;0.00;0.00
30.01.2021;4:38:37;2.50;37.62;9.94;738.89;0.00;0.00;0.00
30.01.2021;4:39:37;2.50;37.32;9.93;738.86;0.00;0.00;0.00
30.01.2021;4:40:37;2.53;38.07;9.94;738.87;0.00;0.00;0.00
30.01.2021;4:41:37;2.50;38.29;9.96;738.89;0.00;0.00;0.00
30.01.2021;4:42:37;2.50;37.78;9.97;738.90;0.00;0.00;0.00
30.01.2021;4:43:37;2.53;38.10;9.97;738.87;0.00;0.00;0.00
30.01.2021;4:44:37;2.50;37.77;9.97;738.85;0.00;0.00;0.00
30.01.2021;4:45:37;2.50;37.81;9.96;738.85;0.00;0.00;0.00
30.01.2021;4:46:37;2.51;37.50;9.96;738.83;0.00;0.00;0.00
30.01.2021;4:47:37;2.50;37.52;9.95;738.80;0.00;0.00;0.00
30.01.2021;4:48:37;2.50;37.57;9.93;738.79;0.00;0.00;0.00
30.01.2021;4:49:37;2.50;38.12;9.94;738.78;0.00;0.00;0.00
30.01.2021;4:50:37;2.50;38.30;9.97;738.78;0.00;0.00;0.00
30.01.2021;4:51:37;2.50;38.17;9.98;738.81;0.00;0.00;0.00
30.01.2021;4:52:37;2.50;38.38;9.99;738.84;0.00;0.00;0.00
30.01.2021;4:53:37;2.50;38.48;10.01;738.83;0.00;0.00;0.00
30.01.2021;4:54:38;2.53;38.30;10.02;738.80;0.00;0.00;0.00
30.01.2021;4:55:38;2.50;38.42;10.03;738.79;0.00;0.00;0.00
30.01.2021;4:56:38;2.50;38.21;10.03;738.80;0.00;0.00;0.00
30.01.2021;4:57:38;2.53;38.27;10.03;738.82;0.00;0.00;0.00
30.01.2021;4:58:38;2.50;38.30;10.03;738.83;0.00;0.00;0.00
30.01.2021;4:59:38;2.50;38.25;10.03;738.84;0.00;0.00;0.00
30.01.2021;5:00:38;2.51;38.25;10.03;738.83;0.00;0.00;0.00
30.01.2021;5:01:38;2.50;38.52;10.05;738.83;0.00;0.00;0.00
30.01.2021;5:02:38;2.50;38.33;10.07;738.84;0.00;0.00;0.00
30.01.2021;5:03:38;2.50;38.41;10.08;738.85;0.00;0.00;0.00
30.01.2021;5:04:38;2.50;38.51;10.09;738.87;0.00;0.00;0.00
30.01.2021;5:05:38;2.50;38.44;10.11;738.89;0.00;0.00;0.00
30.01.2021;5:06:38;2.50;38.64;10.12;738.89;0.00;0.00;0.00
30.01.2021;5:07:38;2.50;38.34;10.13;738.89;0.00;0.00;0.00
30.01.2021;5:08:38;2.51;38.36;10.12;738.88;0.00;0.00;0.00
30.01.2021;5:09:38;2.50;37.86;10.12;738.85;0.00;0.00;0.00
30.01.2021;5:10:38;2.50;37.60;10.10;738.83;0.00;0.00;0.00
30.01.2021;5:11:38;2.53;37.75;10.09;738.83;0.00;0.00;0.00
30.01.2021;5:12:38;2.50;38.08;10.08;738.84;0.00;0.00;0.00
30.01.2021;5:13:38;2.50;37.78;10.07;738.84;0.00;0.00;0.00
30.01.2021;5:14:38;2.51;37.90;10.07;738.83;0.00;0.00;0.00
30.01.2021;5:15:38;2.50;37.90;10.07;738.82;0.00;0.00;0.00
30.01.2021;5:16:38;2.50;38.21;10.07;738.81;0.00;0.00;0.00
30.01.2021;5:17:38;2.50;37.99;10.09;738.81;0.00;0.00;0.00
30.01.2021;5:18:38;2.50;37.58;10.08;738.79;0.00;0.00;0.00
30.01.2021;5:19:38;2.50;37.56;10.06;738.81;0.00;0.00;0.00
30.01.2021;5:20:38;2.50;37.88;10.06;738.83;0.00;0.00;0.00
30.01.2021;5:21:38;2.50;37.99;10.06;738.83;0.00;0.00;0.00
30.01.2021;5:22:38;2.51;37.72;10.05;738.82;0.00;0.00;0.00
30.01.2021;5:23:38;2.50;37.55;10.04;738.80;0.00;0.00;0.00
30.01.2021;5:24:38;2.50;37.33;10.03;738.78;0.00;0.00;0.00
30.01.2021;5:25:38;2.53;37.26;10.01;738.77;0.00;0.00;0.00
30.01.2021;5:26:38;2.50;37.44;9.99;738.75;0.00;0.00;0.00
30.01.2021;5:27:39;2.50;37.59;9.99;738.75;0.00;0.00;0.00
30.01.2021;5:28:39;2.51;37.59;9.99;738.75;0.00;0.00;0.00
30.01.2021;5:29:39;2.50;37.26;9.98;738.74;0.00;0.00;0.00
30.01.2021;5:30:39;2.50;37.34;9.96;738.74;0.00;0.00;0.00
30.01.2021;5:31:39;2.50;37.57;9.96;738.74;0.00;0.00;0.00
30.01.2021;5:32:39;2.50;37.47;9.96;738.72;0.00;0.00;0.00
30.01.2021;5:33:39;2.50;37.53;9.96;738.73;0.00;0.00;0.00
30.01.2021;5:34:39;2.50;37.31;9.95;738.72;0.00;0.00;0.00
30.01.2021;5:35:39;2.50;37.36;9.94;738.71;0.00;0.00;0.00
30.01.2021;5:36:39;2.51;37.67;9.94;738.72;0.00;0.00;0.00
30.01.2021;5:37:39;2.50;37.63;9.96;738.73;0.00;0.00;0.00
30.01.2021;5:38:39;2.50;37.65;9.96;738.73;0.00;0.00;0.00
30.01.2021;5:39:39;2.53;37.29;9.96;738.72;0.00;0.00;0.00
30.01.2021;5:40:39;2.50;37.40;9.95;738.74;0.00;0.00;0.00
30.01.2021;5:41:39;2.50;37.58;9.94;738.76;0.00;0.00;0.00
30.01.2021;5:42:39;2.51;37.47;9.95;738.76;0.00;0.00;0.00
30.01.2021;5:43:39;2.50;37.11;9.94;738.74;0.00;0.00;0.00
30.01.2021;5:44:39;2.50;37.06;9.93;738.72;0.00;0.00;0.00
30.01.2021;5:45:39;2.50;37.15;9.92;738.72;0.00;0.00;0.00
30.01.2021;5:46:39;2.50;37.71;9.93;738.73;0.00;0.00;0.00
30.01.2021;5:47:39;2.50;37.56;9.94;738.74;0.00;0.00;0.00
30.01.2021;5:48:39;2.50;37.30;9.94;738.75;0.00;0.00;0.00
30.01.2021;5:49:39;2.50;37.23;9.94;738.74;0.00;0.00;0.00
30.01.2021;5:50:39;2.51;37.34;9.93;738.74;0.00;0.00;0.00
30.01.2021;5:51:39;2.50;37.16;9.93;738.74;0.00;0.00;0.00
30.01.2021;5:52:39;2.50;37.20;9.92;738.74;0.00;0.00;0.00
30.01.2021;5:53:39;2.53;37.50;9.93;738.75;0.00;0.00;0.00
30.01.2021;5:54:39;2.50;37.42;9.95;738.77;0.00;0.00;0.00
30.01.2021;5:55:39;2.50;37.36;9.96;738.77;0.00;0.00;0.00
30.01.2021;5:56:39;2.51;37.41;9.96;738.78;0.00;0.00;0.00
30.01.2021;5:57:39;2.50;37.43;9.96;738.78;0.00;0.00;0.00
30.01.2021;5:58:39;2.50;37.33;9.97;738.78;0.00;0.00;0.00
30.01.2021;5:59:39;2.50;37.32;9.97;738.77;0.00;0.00;0.00
30.01.2021;6:00:39;2.50;37.46;9.98;738.76;0.00;0.00;0.00
30.01.2021;6:01:39;2.50;37.50;9.99;738.78;0.00;0.00;0.00
30.01.2021;6:02:40;2.50;37.50;10.00;738.78;0.00;0.00;0.00
30.01.2021;6:03:40;2.50;37.66;10.02;738.81;0.00;0.00;0.00
30.01.2021;6:04:40;2.53;37.74;10.04;738.82;0.00;0.00;0.00
30.01.2021;6:05:40;2.50;37.62;10.06;738.82;0.00;0.00;0.00
30.01.2021;6:06:40;2.50;37.33;10.07;738.81;0.00;0.00;0.00
30.01.2021;6:07:40;2.53;37.12;10.06;738.81;0.00;0.00;0.00
30.01.2021;6:08:40;2.50;37.02;10.07;738.80;0.00;0.00;0.00
30.01.2021;6:09:40;2.50;36.99;10.06;738.79;0.00;0.00;0.00
30.01.2021;6:10:40;2.51;36.95;10.06;738.78;0.00;0.00;0.00
30.01.2021;6:11:40;2.50;37.03;10.06;738.78;0.00;0.00;0.00
30.01.2021;6:12:40;2.50;36.98;10.06;738.79;0.00;0.00;0.00
30.01.2021;6:13:40;2.50;36.85;10.07;738.80;0.00;0.00;0.00
30.01.2021;6:14:40;2.50;36.67;10.06;738.78;0.00;0.00;0.00
30.01.2021;6:15:40;2.50;36.41;10.05;738.76;0.00;0.00;0.00
30.01.2021;6:16:40;2.50;36.46;10.03;738.73;0.00;0.00;0.00
30.01.2021;6:17:40;2.50;36.64;10.02;738.72;0.00;0.00;0.00
30.01.2021;6:18:40;2.53;36.71;10.02;738.71;0.00;0.00;0.00
30.01.2021;6:19:40;2.50;36.94;10.03;738.70;0.00;0.00;0.00
30.01.2021;6:20:40;2.50;36.84;10.04;738.69;0.00;0.00;0.00
30.01.2021;6:21:40;2.53;36.43;10.03;738.68;0.00;0.00;0.00
30.01.2021;6:22:40;2.50;36.68;10.02;738.67;0.00;0.00;0.00
30.01.2021;6:23:40;2.50;37.06;10.02;738.67;0.00;0.00;0.00
30.01.2021;6:24:40;2.51;37.22;10.04;738.67;0.00;0.00;0.00
30.01.2021;6:25:40;2.50;37.34;10.05;738.69;0.00;0.00;0.00
30.01.2021;6:26:40;2.50;37.29;10.06;738.71;0.00;0.00;0.00
30.01.2021;6:27:40;2.50;37.43;10.07;738.72;0.00;0.00;0.00
30.01.2021;6:28:40;2.50;37.36;10.09;738.73;0.00;0.00;0.00
30.01.2021;6:29:40;2.50;37.37;10.09;738.74;0.00;0.00;0.00
30.01.2021;6:30:40;2.50;37.35;10.10;738.75;0.00;0.00;0.00
30.01.2021;6:31:40;2.50;37.33;10.11;738.77;0.00;0.00;0.00
30.01.2021;6:32:40;2.51;37.10;10.12;738.76;0.00;0.00;0.00
30.01.2021;6:33:40;2.50;36.96;10.12;738.75;0.00;0.00;0.00
30.01.2021;6:34:41;2.50;36.78;10.12;738.75;0.00;0.00;0.00
30.01.2021;6:35:41;2.53;37.02;10.12;738.76;0.00;0.00;0.00
30.01.2021;6:36:41;2.50;37.26;10.12;738.76;0.00;0.00;0.00
30.01.2021;6:37:41;2.50;37.23;10.14;738.77;0.00;0.00;0.00
30.01.2021;6:38:41;2.51;37.19;10.15;738.78;0.00;0.00;0.00
30.01.2021;6:39:41;2.50;37.23;10.17;738.79;0.00;0.00;0.00
30.01.2021;6:40:41;2.50;37.19;10.18;738.80;0.00;0.00;0.00
30.01.2021;6:41:41;2.50;37.06;10.18;738.78;0.00;0.00;0.00
30.01.2021;6:42:41;2.50;36.88;10.18;738.78;0.00;0.00;0.00
30.01.2021;6:43:41;2.50;36.86;10.18;738.76;0.00;0.00;0.00
30.01.2021;6:44:41;2.50;36.70;10.17;738.77;0.00;0.00;0.00
30.01.2021;6:45:41;2.50;36.87;10.16;738.78;0.00;0.00;0.00
30.01.2021;6:46:41;2.51;36.76;10.16;738.80;0.00;0.00;0.00
30.01.2021;6:47:41;2.50;36.70;10.16;738.80;0.00;0.00;0.00
30.01.2021;6:48:41;2.50;36.38;10.14;738.79;0.00;0.00;0.00
30.01.2021;6:49:41;2.53;36.26;10.11;738.78;0.00;0.00;0.00
30.01.2021;6:50:41;2.50;36.31;10.10;738.78;0.00;0.00;0.00
30.01.2021;6:51:41;2.50;36.51;10.08;738.80;0.00;0.00;0.00
30.01.2021;6:52:41;2.51;36.96;10.09;738.83;0.00;0.00;0.00
30.01.2021;6:53:41;2.50;37.35;10.10;738.85;0.00;0.00;0.00
30.01.2021;6:54:41;2.50;37.14;10.12;738.85;0.00;0.00;0.00
30.01.2021;6:55:41;2.50;37.06;10.10;738.83;0.00;0.00;0.00
30.01.2021;6:56:41;2.54;37.16;10.10;738.82;0.00;0.00;0.00
30.01.2021;6:57:41;2.87;37.39;10.10;738.81;0.00;0.00;0.00
30.01.2021;6:58:41;3.26;36.82;10.10;738.79;0.00;0.00;0.00
30.01.2021;6:59:41;3.33;36.89;10.08;738.78;0.00;0.00;0.00
30.01.2021;7:00:41;3.35;37.32;10.08;738.76;0.00;0.00;0.00
30.01.2021;7:01:41;3.33;37.28;10.09;738.75;0.00;0.00;0.00
30.01.2021;7:02:41;3.33;37.10;10.08;738.73;0.00;0.00;0.00
30.01.2021;7:03:41;3.36;36.87;10.06;738.71;0.00;0.00;0.00
30.01.2021;7:04:41;3.33;37.01;10.05;738.71;0.00;0.00;0.00
30.01.2021;7:05:41;3.33;37.27;10.05;738.70;0.00;0.00;0.00
30.01.2021;7:06:41;3.35;37.43;10.05;738.70;0.00;0.00;0.00
30.01.2021;7:07:42;3.54;37.17;10.06;738.71;0.00;0.00;0.00
30.01.2021;7:08:42;4.17;36.84;10.05;738.70;0.00;0.00;0.00
30.01.2021;7:09:42;4.17;36.92;10.04;738.70;0.00;0.00;0.00
30.01.2021;7:10:42;4.17;37.05;10.03;738.73;0.00;0.00;0.00
30.01.2021;7:11:42;4.68;37.17;10.03;738.75;0.00;0.00;0.00
30.01.2021;7:12:42;5.00;37.00;10.03;738.76;0.00;0.00;0.00
30.01.2021;7:13:42;5.25;36.85;10.03;738.75;0.00;0.00;0.00
30.01.2021;7:14:42;5.85;36.83;10.02;738.76;0.00;0.00;0.00
30.01.2021;7:15:42;6.44;37.09;10.02;738.78;0.00;0.00;0.00
30.01.2021;7:16:42;7.08;37.62;10.03;738.82;0.00;0.00;0.00
30.01.2021;7:17:42;7.89;37.56;10.06;738.84;0.00;0.00;0.00
30.01.2021;7:18:42;8.76;37.16;10.08;738.83;0.00;0.00;0.00
30.01.2021;7:19:42;9.79;36.86;10.06;738.82;0.00;0.00;0.00
30.01.2021;7:20:42;11.10;36.70;10.05;738.82;0.00;0.00;0.00
30.01.2021;7:21:42;12.43;36.98;10.04;738.82;0.00;0.00;0.00
30.01.2021;7:22:42;14.03;36.66;10.04;738.83;0.00;0.00;0.00
30.01.2021;7:23:42;15.81;36.44;10.02;738.84;0.01;0.00;0.00
30.01.2021;7:24:42;17.81;36.61;10.00;738.86;0.01;0.00;0.00
30.01.2021;7:25:42;20.03;36.74;9.99;738.87;0.02;0.00;0.00
30.01.2021;7:26:42;22.51;36.80;10.00;738.88;0.03;0.00;0.00
30.01.2021;7:27:42;25.31;36.49;9.99;738.86;0.04;0.00;0.00
30.01.2021;7:28:42;28.44;36.53;9.99;738.85;0.05;0.00;0.00
30.01.2021;7:29:42;31.88;36.63;9.98;738.86;0.07;0.00;0.00
30.01.2021;7:30:42;35.54;36.82;9.98;738.88;0.08;0.00;0.00
30.01.2021;7:31:42;39.25;36.95;9.97;738.90;0.09;0.00;0.00
30.01.2021;7:32:42;43.19;37.00;9.98;738.91;0.10;0.00;0.00
30.01.2021;7:33:42;47.16;36.94;9.99;738.92;0.11;0.00;0.00
30.01.2021;7:34:42;51.47;36.88;10.00;738.93;0.12;0.00;0.00
30.01.2021;7:35:42;56.25;36.91;10.00;738.93;0.14;0.00;0.00
30.01.2021;7:36:42;61.96;36.88;10.01;738.92;0.16;0.00;0.00
30.01.2021;7:37:42;68.61;36.74;10.01;738.92;0.20;0.00;0.00
30.01.2021;7:38:43;75.65;37.01;10.02;738.93;0.23;0.00;0.00
30.01.2021;7:39:43;82.65;36.82;10.02;738.94;0.27;0.00;0.00
30.01.2021;7:40:43;90.31;36.74;10.02;738.94;0.30;0.00;0.00
30.01.2021;7:41:43;97.68;36.76;10.03;738.93;0.32;0.00;0.00
30.01.2021;7:42:43;105.28;36.40;10.03;738.91;0.35;0.00;0.00
30.01.2021;7:43:43;114.32;36.19;10.02;738.89;0.38;0.00;0.00
30.01.2021;7:44:43;124.04;36.31;10.01;738.87;0.42;0.00;0.00
30.01.2021;7:45:43;133.04;36.59;10.00;738.87;0.45;0.05;0.02
30.01.2021;7:46:43;142.60;36.40;9.99;738.87;0.48;0.11;0.05
30.01.2021;7:47:43;153.25;36.50;9.98;738.88;0.51;0.17;0.09
30.01.2021;7:48:43;165.58;36.94;9.98;738.91;0.55;0.24;0.13
30.01.2021;7:49:43;177.80;37.06;9.99;738.95;0.60;0.32;0.19
30.01.2021;7:50:43;188.86;36.84;10.00;738.96;0.63;0.38;0.24
30.01.2021;7:51:43;199.39;36.82;9.99;738.98;0.66;0.40;0.26
30.01.2021;7:52:43;210.53;37.07;10.00;739.00;0.68;0.44;0.30
30.01.2021;7:53:43;223.68;37.02;10.01;739.02;0.72;0.50;0.36
30.01.2021;7:54:43;238.29;37.00;10.01;739.01;0.77;0.58;0.45
30.01.2021;7:55:43;251.79;37.13;10.01;739.03;0.83;0.68;0.56
30.01.2021;7:56:43;262.01;37.47;10.03;739.07;0.87;0.75;0.65
30.01.2021;7:57:43;271.50;37.47;10.05;739.09;0.89;0.79;0.70
30.01.2021;7:58:43;281.94;37.27;10.07;739.11;0.91;0.80;0.73
30.01.2021;7:59:43;293.90;37.19;10.07;739.10;0.93;0.85;0.79
30.01.2021;8:00:43;308.39;37.05;10.08;739.10;0.98;0.94;0.92
30.01.2021;8:01:43;323.50;37.07;10.07;739.11;1.03;1.01;1.04
30.01.2021;8:02:43;339.07;36.97;10.08;739.10;1.09;1.12;1.22
30.01.2021;8:03:43;353.95;36.56;10.07;739.08;1.15;1.22;1.40
30.01.2021;8:04:43;368.11;36.39;10.06;739.09;1.20;1.31;1.57
30.01.2021;8:05:43;379.35;36.72;10.06;739.11;1.24;1.37;1.69
30.01.2021;8:06:43;387.46;36.53;10.05;739.11;1.24;1.38;1.72
30.01.2021;8:07:44;394.76;36.33;10.05;739.12;1.25;1.38;1.72
30.01.2021;8:08:44;403.76;36.35;10.05;739.14;1.27;1.42;1.80
30.01.2021;8:09:44;412.74;36.49;10.04;739.16;1.30;1.47;1.91
30.01.2021;8:10:44;420.89;36.57;10.04;739.14;1.33;1.51;2.01
30.01.2021;8:11:44;426.27;36.73;10.05;739.15;1.34;1.53;2.06
30.01.2021;8:12:44;432.51;36.75;10.07;739.15;1.35;1.56;2.11
30.01.2021;8:13:44;438.87;36.69;10.07;739.12;1.37;1.59;2.18
30.01.2021;8:14:44;449.17;36.74;10.08;739.10;1.40;1.62;2.27
30.01.2021;8:15:44;469.53;36.86;10.08;739.08;1.46;1.74;2.53
30.01.2021;8:16:44;490.71;36.61;10.09;739.08;1.54;1.86;2.86
30.01.2021;8:17:44;513.11;36.52;10.10;739.08;1.62;2.00;3.24
30.01.2021;8:18:44;527.94;36.17;10.10;739.07;1.68;2.08;3.49
30.01.2021;8:19:44;533.33;36.37;10.11;739.09;1.71;2.09;3.57
30.01.2021;8:20:44;533.98;36.75;10.12;739.11;1.71;2.10;3.60
30.01.2021;8:21:44;531.31;37.15;10.14;739.11;1.71;2.10;3.58
30.01.2021;8:22:44;525.75;37.31;10.17;739.12;1.68;2.08;3.50
30.01.2021;8:23:44;523.33;37.31;10.20;739.12;1.66;2.05;3.41
30.01.2021;8:24:44;524.54;37.26;10.22;739.12;1.66;2.06;3.41
30.01.2021;8:25:44;530.48;37.37;10.24;739.14;1.67;2.06;3.45
30.01.2021;8:26:44;535.13;37.40;10.26;739.14;1.69;2.08;3.50
30.01.2021;8:27:44;538.03;37.27;10.28;739.16;1.69;2.09;3.53
30.01.2021;8:28:44;544.62;37.27;10.30;739.16;1.70;2.09;3.55
30.01.2021;8:29:44;556.39;37.09;10.31;739.15;1.72;2.10;3.61
30.01.2021;8:30:44;571.06;37.04;10.33;739.14;1.75;2.11;3.69
30.01.2021;8:31:44;585.88;37.02;10.36;739.15;1.78;2.15;3.82
30.01.2021;8:32:44;598.73;36.87;10.38;739.12;1.80;2.19;3.94
30.01.2021;8:33:44;608.18;36.56;10.40;739.12;1.80;2.19;3.94
30.01.2021;8:34:44;610.93;36.25;10.41;739.10;1.79;2.18;3.92
30.01.2021;8:35:45;619.53;36.49;10.41;739.09;1.81;2.21;4.01
30.01.2021;8:36:45;628.53;36.43;10.42;739.09;1.84;2.26;4.15
30.01.2021;8:37:45;633.14;36.61;10.43;739.08;1.85;2.27;4.20
30.01.2021;8:38:45;638.22;36.47;10.45;739.07;1.85;2.29;4.25
30.01.2021;8:39:45;639.79;36.54;10.46;739.05;1.85;2.27;4.19
30.01.2021;8:40:45;645.37;36.70;10.48;739.05;1.86;2.30;4.28
30.01.2021;8:41:45;646.44;36.65;10.50;739.05;1.86;2.31;4.30
30.01.2021;8:42:45;646.93;36.45;10.51;739.05;1.85;2.28;4.23
30.01.2021;8:43:45;653.74;36.17;10.51;739.04;1.86;2.30;4.28
30.01.2021;8:44:45;662.25;36.03;10.51;739.04;1.88;2.32;4.36
30.01.2021;8:45:45;675.28;36.03;10.52;739.03;1.91;2.39;4.57
30.01.2021;8:46:45;686.51;35.76;10.52;739.03;1.93;2.44;4.72
30.01.2021;8:47:45;700.10;35.43;10.51;739.02;1.97;2.51;4.93
30.01.2021;8:48:45;719.40;35.44;10.51;739.01;2.02;2.60;5.25
30.01.2021;8:49:45;733.73;35.55;10.50;739.01;2.05;2.66;5.44
30.01.2021;8:50:45;744.78;35.36;10.50;739.00;2.06;2.69;5.55
30.01.2021;8:51:45;760.17;35.12;10.50;738.98;2.09;2.74;5.73
30.01.2021;8:52:45;791.06;35.07;10.50;738.95;2.16;2.86;6.20
30.01.2021;8:53:45;830.67;35.10;10.50;738.92;2.27;3.04;6.88
30.01.2021;8:54:45;855.32;35.17;10.51;738.92;2.34;3.14;7.35
30.01.2021;8:55:45;871.60;35.23;10.52;738.93;2.38;3.21;7.66
30.01.2021;8:56:45;888.97;35.36;10.54;738.93;2.43;3.30;8.03
30.01.2021;8:57:45;895.51;35.23;10.55;738.93;2.46;3.34;8.19
30.01.2021;8:58:45;904.68;35.23;10.56;738.93;2.49;3.40;8.45
30.01.2021;8:59:45;916.47;35.12;10.57;738.93;2.52;3.44;8.64
30.01.2021;9:00:45;924.69;34.98;10.59;738.92;2.53;3.48;8.81
30.01.2021;9:01:45;938.07;34.76;10.59;738.89;2.56;3.51;8.99
30.01.2021;9:02:45;962.43;34.59;10.59;738.87;2.61;3.60;9.42
30.01.2021;9:03:46;991.75;34.79;10.60;738.86;2.67;3.71;9.92
30.01.2021;9:04:46;1019.73;34.83;10.62;738.87;2.73;3.80;10.38
30.01.2021;9:05:46;1047.00;34.79;10.64;738.88;2.79;3.88;10.82
30.01.2021;9:06:46;1068.80;34.66;10.65;738.88;2.83;3.97;11.24
30.01.2021;9:07:46;1085.18;34.64;10.65;738.89;2.86;4.01;11.48
30.01.2021;9:08:46;1090.28;34.61;10.65;738.89;2.87;4.02;11.54
30.01.2021;9:09:46;1086.48;34.71;10.65;738.90;2.86;4.01;11.49
30.01.2021;9:10:46;1086.82;34.60;10.65;738.87;2.86;4.00;11.45
30.01.2021;9:11:46;1089.55;34.68;10.66;738.85;2.87;4.02;11.52
30.01.2021;9:12:46;1073.72;34.55;10.66;738.85;2.84;3.98;11.28
30.01.2021;9:13:46;1042.64;34.63;10.66;738.86;2.77;3.85;10.67
30.01.2021;9:14:46;1004.10;34.57;10.65;738.85;2.69;3.73;10.04
30.01.2021;9:15:46;974.39;34.62;10.64;738.83;2.62;3.62;9.48
30.01.2021;9:16:46;951.86;34.61;10.64;738.83;2.57;3.53;9.05
30.01.2021;9:17:46;937.38;34.54;10.62;738.82;2.53;3.46;8.74
30.01.2021;9:18:46;934.99;34.53;10.61;738.81;2.52;3.43;8.63
30.01.2021;9:19:46;937.25;34.67;10.59;738.80;2.52;3.44;8.65
30.01.2021;9:20:46;936.29;34.60;10.59;738.82;2.51;3.42;8.60
30.01.2021;9:21:46;935.57;34.70;10.58;738.84;2.51;3.41;8.55
30.01.2021;9:22:46;940.92;34.78;10.57;738.84;2.52;3.43;8.63
30.01.2021;9:23:46;954.56;34.82;10.57;738.85;2.55;3.49;8.88
30.01.2021;9:24:46;977.58;34.91;10.58;738.87;2.59;3.56;9.24
30.01.2021;9:25:46;997.15;34.63;10.58;738.87;2.63;3.63;9.57
30.01.2021;9:26:46;1021.82;34.30;10.58;738.83;2.68;3.71;9.95
30.01.2021;9:27:46;1041.76;34.46;10.57;738.80;2.72;3.78;10.27
30.01.2021;9:28:46;1059.25;34.63;10.58;738.81;2.75;3.82;10.51
30.01.2021;9:29:47;1086.22;34.51;10.60;738.82;2.80;3.90;10.95
30.01.2021;9:30:47;1109.36;34.40;10.61;738.82;2.85;4.00;11.41
30.01.2021;9:31:47;1102.92;34.42;10.62;738.83;2.84;3.99;11.33
30.01.2021;9:32:47;1085.64;34.47;10.62;738.85;2.80;3.91;10.95
30.01.2021;9:33:47;1078.40;34.51;10.63;738.85;2.78;3.88;10.80
30.01.2021;9:34:47;1080.32;34.63;10.65;738.86;2.78;3.88;10.79
30.01.2021;9:35:47;1074.96;34.67;10.67;738.88;2.76;3.84;10.62
30.01.2021;9:36:47;1071.38;34.71;10.68;738.88;2.75;3.81;10.47
30.01.2021;9:37:47;1074.42;34.52;10.70;738.87;2.76;3.83;10.55
30.01.2021;9:38:47;1070.44;34.64;10.72;738.88;2.75;3.83;10.54
30.01.2021;9:39:47;1048.75;34.38;10.74;738.87;2.71;3.76;10.19
30.01.2021;9:40:47;1002.07;34.31;10.74;738.88;2.62;3.61;9.46
30.01.2021;9:41:47;944.29;34.30;10.72;738.88;2.50;3.41;8.50
30.01.2021;9:42:47;879.15;34.42;10.71;738.90;2.35;3.18;7.47
30.01.2021;9:43:47;825.27;34.57;10.69;738.91;2.23;2.97;6.61
30.01.2021;9:44:47;772.68;34.63;10.69;738.91;2.10;2.75;5.78
30.01.2021;9:45:47;728.08;34.60;10.66;738.90;1.99;2.55;5.08
30.01.2021;9:46:47;701.28;34.71;10.64;738.89;1.93;2.44;4.70
30.01.2021;9:47:47;681.92;34.89;10.62;738.90;1.88;2.33;4.37
30.01.2021;9:48:47;660.16;34.98;10.61;738.90;1.82;2.24;4.08
30.01.2021;9:49:47;636.26;34.97;10.60;738.91;1.76;2.12;3.75
30.01.2021;9:50:47;618.76;34.93;10.59;738.91;1.72;2.10;3.61
30.01.2021;9:51:47;611.18;34.88;10.58;738.90;1.70;2.10;3.56
30.01.2021;9:52:47;615.13;34.87;10.56;738.91;1.71;2.09;3.58
30.01.2021;9:53:47;626.96;34.84;10.55;738.92;1.74;2.11;3.68
30.01.2021;9:54:47;641.51;34.89;10.54;738.92;1.78;2.16;3.85
30.01.2021;9:55:47;656.26;35.11;10.54;738.93;1.82;2.22;4.04
30.01.2021;9:56:48;668.17;35.23;10.54;738.95;1.85;2.27;4.19
30.01.2021;9:57:48;688.21;35.29;10.56;738.95;1.90;2.37;4.49
30.01.2021;9:58:48;725.88;35.25;10.57;738.94;1.99;2.55;5.07
30.01.2021;9:59:48;775.19;35.34;10.60;738.95;2.11;2.77;5.83
30.01.2021;10:00:48;826.88;35.24;10.64;738.95;2.23;2.98;6.64
30.01.2021;10:01:48;872.54;35.18;10.67;738.97;2.33;3.13;7.30
30.01.2021;10:02:48;902.82;35.21;10.70;738.99;2.40;3.25;7.78
30.01.2021;10:03:48;921.75;35.04;10.74;739.01;2.43;3.30;8.03
30.01.2021;10:04:48;929.83;34.97;10.76;739.02;2.45;3.32;8.12
30.01.2021;10:05:48;940.68;35.01;10.79;739.03;2.47;3.35;8.28
30.01.2021;10:06:48;956.35;34.99;10.82;739.03;2.50;3.41;8.53
30.01.2021;10:07:48;972.80;34.83;10.86;739.02;2.53;3.47;8.80
30.01.2021;10:08:48;994.76;34.80;10.88;739.02;2.58;3.55;9.16
30.01.2021;10:09:48;1017.21;34.81;10.91;739.03;2.62;3.62;9.49
30.01.2021;10:10:48;1041.60;34.90;10.95;739.03;2.67;3.70;9.86
30.01.2021;10:11:48;1072.65;34.90;10.99;739.03;2.73;3.78;10.29
30.01.2021;10:12:48;1114.27;34.72;11.03;739.02;2.80;3.92;10.96
30.01.2021;10:13:48;1162.21;34.42;11.07;739.00;2.88;4.05;11.67
30.01.2021;10:14:48;1221.54;34.36;11.11;738.98;2.98;4.21;12.57
30.01.2021;10:15:48;1280.01;34.37;11.15;738.97;3.08;4.37;13.44
30.01.2021;10:16:48;1336.13;34.44;11.19;738.96;3.16;4.52;14.29
30.01.2021;10:17:48;1383.35;34.37;11.24;738.96;3.24;4.63;14.99
30.01.2021;10:18:48;1418.65;34.09;11.29;738.96;3.29;4.72;15.53
30.01.2021;10:19:48;1449.84;33.94;11.33;738.95;3.33;4.79;15.94
30.01.2021;10:20:48;1476.04;33.71;11.36;738.93;3.36;4.84;16.26
30.01.2021;10:21:48;1503.28;33.64;11.39;738.91;3.39;4.89;16.60
30.01.2021;10:22:49;1531.02;33.64;11.43;738.91;3.43;4.95;16.98
30.01.2021;10:23:49;1578.57;33.54;11.46;738.91;3.49;5.05;17.59
30.01.2021;10:24:49;1640.71;33.55;11.50;738.88;3.56;5.18;18.43
30.01.2021;10:25:49;1707.79;33.29;11.55;738.87;3.63;5.32;19.33
30.01.2021;10:26:49;1765.00;33.32;11.59;738.87;3.70;5.39;19.94
30.01.2021;10:27:49;1796.98;33.43;11.63;738.87;3.73;5.46;20.37
30.01.2021;10:28:49;1811.42;33.28;11.67;738.88;3.75;5.49;20.56
30.01.2021;10:29:49;1830.85;33.28;11.70;738.86;3.76;5.50;20.70
30.01.2021;10:30:49;1860.29;33.31;11.74;738.85;3.79;5.56;21.06
30.01.2021;10:31:49;1894.47;33.26;11.79;738.87;3.82;5.61;21.43
30.01.2021;10:32:49;1935.35;33.16;11.83;738.87;3.86;5.65;21.82
30.01.2021;10:33:49;1984.56;33.02;11.86;738.86;3.90;5.73;22.35
30.01.2021;10:34:49;2032.92;33.23;11.90;738.86;3.94;5.80;22.86
30.01.2021;10:35:49;2072.83;33.06;11.95;738.85;3.98;5.85;23.27
30.01.2021;10:36:49;2097.28;32.94;11.99;738.85;4.00;5.89;23.55
30.01.2021;10:37:49;2104.79;32.72;12.03;738.85;4.00;5.90;23.60
30.01.2021;10:38:49;2098.68;32.74;12.05;738.86;4.00;5.89;23.55
30.01.2021;10:39:49;2085.79;32.72;12.09;738.86;3.98;5.88;23.45
30.01.2021;10:40:49;2070.51;32.60;12.12;738.87;3.97;5.84;23.17
30.01.2021;10:41:49;2060.41;32.72;12.14;738.88;3.96;5.82;23.04
30.01.2021;10:42:49;2049.21;32.62;12.17;738.87;3.95;5.81;22.97
30.01.2021;10:43:49;2031.40;32.52;12.20;738.88;3.93;5.79;22.76
30.01.2021;10:44:49;2011.67;32.58;12.22;738.89;3.91;5.76;22.55
30.01.2021;10:45:49;1983.10;32.31;12.23;738.87;3.89;5.70;22.17
30.01.2021;10:46:50;1966.85;32.26;12.24;738.88;3.87;5.69;22.04
30.01.2021;10:47:50;1971.85;32.26;12.25;738.88;3.88;5.69;22.07
30.01.2021;10:48:50;1989.67;32.17;12.25;738.88;3.89;5.70;22.20
30.01.2021;10:49:50;2003.69;32.39;12.26;738.87;3.91;5.74;22.40
30.01.2021;10:50:50;2002.64;32.47;12.29;738.87;3.90;5.74;22.40
30.01.2021;10:51:50;1994.89;32.40;12.30;738.88;3.90;5.72;22.29
30.01.2021;10:52:50;1983.43;32.58;12.31;738.88;3.89;5.71;22.22
30.01.2021;10:53:50;1961.68;32.61;12.33;738.91;3.87;5.69;22.03
30.01.2021;10:54:50;1943.47;32.60;12.35;738.92;3.86;5.66;21.84
30.01.2021;10:55:50;1924.36;32.58;12.36;738.91;3.84;5.62;21.57
30.01.2021;10:56:50;1887.85;32.32;12.37;738.90;3.80;5.57;21.17
30.01.2021;10:57:50;1837.46;32.36;12.36;738.88;3.75;5.48;20.56
30.01.2021;10:58:50;1775.07;32.34;12.35;738.87;3.69;5.40;19.90
30.01.2021;10:59:50;1695.00;32.43;12.34;738.86;3.60;5.25;18.91
30.01.2021;11:00:50;1619.07;32.54;12.33;738.87;3.52;5.11;17.98
30.01.2021;11:01:50;1572.88;32.47;12.31;738.86;3.46;5.01;17.32
30.01.2021;11:02:50;1547.01;32.54;12.29;738.87;3.42;4.96;16.98
30.01.2021;11:03:50;1537.22;32.47;12.28;738.86;3.41;4.92;16.79
30.01.2021;11:04:50;1515.57;32.64;12.27;738.86;3.38;4.89;16.55
30.01.2021;11:05:50;1504.42;32.55;12.25;738.84;3.37;4.86;16.39
30.01.2021;11:06:50;1518.52;32.57;12.24;738.84;3.39;4.89;16.55
30.01.2021;11:07:50;1526.93;32.67;12.23;738.84;3.40;4.90;16.64
30.01.2021;11:08:50;1487.61;32.62;12.22;738.85;3.34;4.82;16.12
30.01.2021;11:09:50;1471.74;32.58;12.21;738.85;3.32;4.79;15.89
30.01.2021;11:10:51;1511.39;32.54;12.19;738.85;3.37;4.86;16.38
30.01.2021;11:11:51;1557.80;32.66;12.19;738.85;3.42;4.96;16.99
30.01.2021;11:12:51;1592.14;32.60;12.20;738.84;3.47;5.01;17.37
30.01.2021;11:13:51;1603.67;32.52;12.20;738.82;3.48;5.03;17.51
30.01.2021;11:14:51;1625.43;32.55;12.20;738.81;3.50;5.08;17.81
30.01.2021;11:15:51;1653.24;32.55;12.21;738.81;3.53;5.13;18.14
30.01.2021;11:16:51;1656.37;32.49;12.21;738.82;3.54;5.14;18.18
30.01.2021;11:17:51;1637.71;32.64;12.21;738.82;3.51;5.11;17.96
30.01.2021;11:18:51;1620.65;32.58;12.20;738.82;3.50;5.09;17.79
30.01.2021;11:19:51;1619.04;32.61;12.19;738.81;3.50;5.07;17.73
30.01.2021;11:20:51;1587.75;32.72;12.18;738.80;3.46;5.02;17.37
30.01.2021;11:21:51;1516.54;32.71;12.18;738.78;3.37;4.87;16.41
30.01.2021;11:22:51;1424.49;32.70;12.16;738.79;3.24;4.64;15.04
30.01.2021;11:23:51;1356.92;32.65;12.12;738.78;3.14;4.47;14.02
30.01.2021;11:24:51;1308.56;32.80;12.08;738.77;3.06;4.35;13.33
30.01.2021;11:25:51;1288.56;32.84;12.04;738.77;3.02;4.30;13.00
30.01.2021;11:26:51;1275.49;32.86;12.01;738.77;3.00;4.25;12.74
30.01.2021;11:27:51;1228.90;32.89;11.98;738.76;2.92;4.12;12.02
30.01.2021;11:28:51;1189.11;32.99;11.94;738.77;2.85;4.01;11.44
30.01.2021;11:29:51;1175.35;33.01;11.90;738.76;2.83;3.96;11.22
30.01.2021;11:30:51;1200.37;33.15;11.88;738.76;2.87;4.05;11.62
30.01.2021;11:31:51;1247.60;33.06;11.85;738.75;2.95;4.17;12.29
30.01.2021;11:32:51;1261.31;33.17;11.83;738.74;2.97;4.20;12.49
30.01.2021;11:33:51;1258.81;33.19;11.80;738.71;2.97;4.20;12.47
30.01.2021;11:34:51;1271.36;33.18;11.79;738.69;2.99;4.24;12.68
30.01.2021;11:35:52;1266.34;33.22;11.74;738.68;2.98;4.22;12.56
30.01.2021;11:36:52;1204.50;33.39;11.72;738.67;2.88;4.04;11.64
30.01.2021;11:37:52;1161.39;33.32;11.69;738.67;2.80;3.90;10.93
30.01.2021;11:38:52;1135.48;33.64;11.66;738.67;2.75;3.83;10.53
30.01.2021;11:39:52;1104.24;33.67;11.64;738.66;2.69;3.73;10.04
30.01.2021;11:40:52;1042.95;33.69;11.61;738.67;2.57;3.54;9.10
30.01.2021;11:41:52;975.46;33.88;11.58;738.69;2.43;3.31;8.05
30.01.2021;11:42:52;924.86;33.77;11.55;738.68;2.33;3.13;7.29
30.01.2021;11:43:52;885.83;33.82;11.51;738.67;2.24;2.99;6.71
30.01.2021;11:44:52;861.17;33.68;11.48;738.66;2.19;2.90;6.37
30.01.2021;11:45:52;846.93;33.97;11.43;738.66;2.16;2.86;6.18
30.01.2021;11:46:52;836.93;34.00;11.40;738.65;2.14;2.82;6.03
30.01.2021;11:47:52;829.66;34.07;11.37;738.65;2.12;2.79;5.92
30.01.2021;11:48:52;837.29;34.00;11.35;738.65;2.14;2.83;6.04
30.01.2021;11:49:52;869.72;34.03;11.32;738.62;2.21;2.95;6.53
30.01.2021;11:50:52;928.15;34.06;11.29;738.59;2.34;3.15;7.38
30.01.2021;11:51:52;992.17;34.26;11.28;738.57;2.48;3.37;8.36
30.01.2021;11:52:52;1029.75;34.44;11.28;738.57;2.55;3.50;8.95
30.01.2021;11:53:52;1042.47;34.27;11.28;738.56;2.58;3.56;9.18
30.01.2021;11:54:52;1040.65;34.44;11.28;738.56;2.58;3.55;9.16
30.01.2021;11:55:52;1000.03;34.46;11.28;738.53;2.50;3.42;8.57
30.01.2021;11:56:52;944.94;34.47;11.27;738.51;2.39;3.24;7.76
30.01.2021;11:57:52;928.29;34.43;11.26;738.49;2.36;3.19;7.53
30.01.2021;11:58:52;933.36;34.37;11.24;738.47;2.37;3.20;7.57
30.01.2021;11:59:52;957.11;34.41;11.22;738.47;2.41;3.27;7.90
30.01.2021;12:00:52;1008.64;34.47;11.22;738.48;2.51;3.43;8.63
30.01.2021;12:01:53;1054.18;34.41;11.22;738.47;2.60;3.58;9.31
30.01.2021;12:02:53;1064.46;34.48;11.22;738.46;2.62;3.62;9.47
30.01.2021;12:03:53;1083.58;34.39;11.22;738.44;2.66;3.68;9.79
30.01.2021;12:04:53;1137.37;34.51;11.22;738.42;2.76;3.85;10.64
30.01.2021;12:05:53;1221.33;34.49;11.24;738.40;2.91;4.09;11.91
30.01.2021;12:06:53;1269.92;34.49;11.26;738.39;2.99;4.24;12.68
30.01.2021;12:07:53;1300.16;34.37;11.28;738.39;3.04;4.32;13.13
30.01.2021;12:08:53;1341.94;34.16;11.30;738.38;3.11;4.41;13.69
30.01.2021;12:09:53;1392.56;34.27;11.31;738.36;3.18;4.54;14.45
30.01.2021;12:10:53;1421.97;34.23;11.33;738.36;3.22;4.61;14.85
30.01.2021;12:11:53;1429.35;34.29;11.34;738.35;3.23;4.63;14.96
30.01.2021;12:12:53;1427.18;34.27;11.36;738.33;3.23;4.62;14.92
30.01.2021;12:13:53;1447.47;34.09;11.38;738.33;3.26;4.68;15.26
30.01.2021;12:14:53;1471.37;34.25;11.40;738.30;3.29;4.72;15.54
30.01.2021;12:15:53;1481.29;34.03;11.42;738.27;3.31;4.76;15.76
30.01.2021;12:16:53;1479.43;34.14;11.43;738.26;3.31;4.76;15.75
30.01.2021;12:17:53;1482.90;34.08;11.46;738.26;3.31;4.77;15.80
30.01.2021;12:18:53;1497.67;33.99;11.48;738.24;3.33;4.80;16.00
30.01.2021;12:19:53;1504.73;33.78;11.50;738.22;3.34;4.80;16.06
30.01.2021;12:20:53;1510.68;33.81;11.50;738.20;3.35;4.82;16.15
30.01.2021;12:21:53;1519.36;33.78;11.51;738.17;3.36;4.86;16.35
30.01.2021;12:22:53;1528.29;33.78;11.52;738.17;3.38;4.88;16.46
30.01.2021;12:23:53;1521.26;33.85;11.54;738.16;3.37;4.85;16.33
30.01.2021;12:24:53;1509.24;33.92;11.54;738.15;3.35;4.83;16.17
30.01.2021;12:25:53;1478.57;33.92;11.54;738.15;3.31;4.76;15.73
30.01.2021;12:26:54;1436.14;33.82;11.55;738.15;3.25;4.64;15.07
30.01.2021;12:27:54;1410.39;33.70;11.53;738.14;3.21;4.59;14.73
30.01.2021;12:28:54;1399.42;33.67;11.52;738.13;3.19;4.56;14.53
30.01.2021;12:29:54;1386.41;33.95;11.51;738.12;3.17;4.51;14.29
30.01.2021;12:30:54;1377.56;34.02;11.52;738.12;3.15;4.49;14.17
30.01.2021;12:31:54;1358.19;33.92;11.53;738.13;3.13;4.44;13.86
30.01.2021;12:32:54;1329.18;33.91;11.53;738.13;3.08;4.38;13.48
30.01.2021;12:33:54;1302.24;33.70;11.52;738.12;3.04;4.30;13.07
30.01.2021;12:34:54;1276.54;33.99;11.50;738.10;2.99;4.23;12.66
30.01.2021;12:35:54;1257.17;33.97;11.50;738.08;2.96;4.18;12.38
30.01.2021;12:36:54;1241.86;33.84;11.49;738.07;2.93;4.13;12.10
30.01.2021;12:37:54;1238.44;33.94;11.48;738.05;2.93;4.12;12.07
30.01.2021;12:38:54;1233.71;34.03;11.48;738.04;2.92;4.11;11.99
30.01.2021;12:39:54;1219.31;34.00;11.47;738.04;2.89;4.08;11.80
30.01.2021;12:40:54;1210.71;34.06;11.47;738.04;2.88;4.04;11.63
30.01.2021;12:41:54;1200.65;34.02;11.47;738.02;2.86;4.01;11.46
30.01.2021;12:42:54;1199.25;34.04;11.46;738.03;2.86;4.01;11.45
30.01.2021;12:43:54;1204.43;33.98;11.45;738.03;2.86;4.02;11.52
30.01.2021;12:44:54;1227.67;34.12;11.44;738.02;2.90;4.08;11.86
30.01.2021;12:45:54;1270.58;34.18;11.46;738.01;2.98;4.21;12.54
30.01.2021;12:46:54;1331.95;34.20;11.47;738.00;3.08;4.37;13.46
30.01.2021;12:47:54;1395.49;34.16;11.48;737.97;3.18;4.54;14.42
30.01.2021;12:48:54;1433.63;34.18;11.51;737.95;3.23;4.62;14.95
30.01.2021;12:49:54;1411.26;34.08;11.52;737.93;3.20;4.58;14.67
30.01.2021;12:50:54;1361.07;34.00;11.53;737.91;3.12;4.45;13.90
30.01.2021;12:51:55;1319.17;34.02;11.54;737.90;3.06;4.35;13.29
30.01.2021;12:52:55;1335.54;34.01;11.54;737.89;3.08;4.37;13.47
30.01.2021;12:53:55;1414.66;34.10;11.56;737.88;3.20;4.58;14.67
30.01.2021;12:54:55;1510.11;34.09;11.59;737.87;3.34;4.80;16.02
30.01.2021;12:55:55;1591.47;33.91;11.62;737.86;3.45;4.99;17.19
30.01.2021;12:56:55;1632.75;33.91;11.65;737.83;3.50;5.08;17.80
30.01.2021;12:57:55;1659.42;33.81;11.68;737.81;3.54;5.14;18.16
30.01.2021;12:58:55;1702.18;33.84;11.70;737.81;3.58;5.21;18.67
30.01.2021;12:59:55;1747.49;33.67;11.73;737.80;3.63;5.31;19.30
30.01.2021;13:00:55;1803.92;33.67;11.76;737.78;3.69;5.39;19.92
30.01.2021;13:01:55;1809.38;33.49;11.80;737.77;3.70;5.41;20.01
30.01.2021;13:02:55;1809.00;33.41;11.82;737.75;3.70;5.40;19.97
30.01.2021;13:03:55;1791.74;33.59;11.85;737.74;3.68;5.39;19.84
30.01.2021;13:04:55;1769.31;33.41;11.87;737.72;3.66;5.33;19.51
30.01.2021;13:05:55;1746.75;33.44;11.88;737.71;3.63;5.29;19.22
30.01.2021;13:06:55;1749.70;33.43;11.89;737.70;3.63;5.30;19.23
30.01.2021;13:07:55;1749.46;33.30;11.91;737.69;3.63;5.29;19.19
30.01.2021;13:08:55;1776.34;33.27;11.92;737.68;3.65;5.32;19.41
30.01.2021;13:09:55;1791.72;33.34;11.93;737.67;3.66;5.35;19.61
30.01.2021;13:10:55;1811.75;33.14;11.94;737.64;3.68;5.38;19.82
30.01.2021;13:11:55;1835.64;33.10;11.95;737.62;3.70;5.40;20.00
30.01.2021;13:12:55;1857.92;33.14;11.97;737.60;3.72;5.43;20.24
30.01.2021;13:13:55;1894.66;33.25;11.98;737.59;3.76;5.50;20.67
30.01.2021;13:14:55;1929.22;33.29;12.01;737.58;3.80;5.57;21.14
30.01.2021;13:15:56;1955.18;33.20;12.03;737.57;3.82;5.60;21.41
30.01.2021;13:16:56;1986.28;33.10;12.04;737.55;3.85;5.65;21.77
30.01.2021;13:17:56;2033.86;33.08;12.06;737.53;3.89;5.71;22.24
30.01.2021;13:18:56;2057.66;33.04;12.09;737.52;3.91;5.77;22.59
30.01.2021;13:19:56;2057.67;33.09;12.12;737.51;3.91;5.76;22.55
30.01.2021;13:20:56;2033.45;32.97;12.15;737.50;3.89;5.71;22.23
30.01.2021;13:21:56;1965.49;32.93;12.15;737.47;3.83;5.62;21.51
30.01.2021;13:22:56;1968.14;33.00;12.14;737.45;3.84;5.63;21.62
30.01.2021;13:23:56;1987.33;33.02;12.15;737.45;3.85;5.65;21.76
30.01.2021;13:24:56;2027.19;33.00;12.18;737.43;3.88;5.71;22.17
30.01.2021;13:25:56;2002.33;32.90;12.19;737.42;3.86;5.66;21.88
30.01.2021;13:26:56;2043.61;32.94;12.20;737.41;3.91;5.74;22.43
30.01.2021;13:27:56;2062.58;32.78;12.22;737.38;3.93;5.78;22.72
30.01.2021;13:28:56;2009.89;32.78;12.23;737.37;3.88;5.71;22.13
30.01.2021;13:29:56;1986.07;32.74;12.22;737.34;3.86;5.66;21.85
30.01.2021;13:30:56;2008.35;32.78;12.23;737.32;3.87;5.69;22.06
30.01.2021;13:31:56;1947.46;32.82;12.24;737.28;3.82;5.59;21.33
30.01.2021;13:32:56;1968.80;32.88;12.25;737.25;3.84;5.62;21.58
30.01.2021;13:33:56;1896.29;32.86;12.26;737.22;3.77;5.51;20.76
30.01.2021;13:34:56;1810.00;32.78;12.24;737.20;3.69;5.37;19.81
30.01.2021;13:35:56;1744.01;32.87;12.21;737.18;3.61;5.26;18.99
30.01.2021;13:36:56;1717.29;32.89;12.20;737.16;3.59;5.22;18.73
30.01.2021;13:37:56;1639.68;32.92;12.17;737.15;3.50;5.07;17.71
30.01.2021;13:38:56;1531.35;32.92;12.14;737.14;3.36;4.85;16.30
30.01.2021;13:39:57;1427.40;33.05;12.10;737.13;3.22;4.61;14.85
30.01.2021;13:40:57;1374.35;33.14;12.05;737.12;3.14;4.48;14.06
30.01.2021;13:41:57;1312.38;33.16;12.02;737.10;3.04;4.31;13.10
30.01.2021;13:42:57;1215.08;33.20;11.97;737.09;2.88;4.04;11.62
30.01.2021;13:43:57;1148.11;33.37;11.92;737.08;2.76;3.86;10.66
30.01.2021;13:44:57;1076.61;33.38;11.86;737.08;2.63;3.64;9.58
30.01.2021;13:45:57;1025.54;33.51;11.82;737.06;2.53;3.48;8.81
30.01.2021;13:46:57;998.54;33.57;11.79;737.07;2.48;3.38;8.37
30.01.2021;13:47:57;892.13;33.44;11.73;737.06;2.25;3.01;6.77
30.01.2021;13:48:57;839.03;33.64;11.66;737.06;2.13;2.80;5.97
30.01.2021;13:49:57;829.01;33.64;11.61;737.05;2.09;2.73;5.73
30.01.2021;13:50:57;806.54;33.90;11.55;737.05;2.04;2.63;5.36
30.01.2021;13:51:57;882.24;33.96;11.51;737.04;2.22;2.95;6.53
30.01.2021;13:52:57;1022.78;34.05;11.50;737.02;2.50;3.42;8.56
30.01.2021;13:53:57;1114.92;34.11;11.50;737.00;2.69;3.72;10.00
30.01.2021;13:54:57;1203.36;34.19;11.50;736.99;2.85;4.01;11.44
30.01.2021;13:55:57;1196.39;34.17;11.50;736.97;2.85;4.00;11.40
30.01.2021;13:56:57;1329.14;34.32;11.52;736.96;3.08;4.38;13.52
30.01.2021;13:57:57;1440.37;34.28;11.54;736.94;3.26;4.67;15.20
30.01.2021;13:58:57;1564.29;34.23;11.58;736.93;3.44;4.97;17.09
30.01.2021;13:59:57;1520.90;34.19;11.61;736.92;3.37;4.86;16.36
30.01.2021;14:00:57;1540.64;34.07;11.64;736.91;3.40;4.91;16.69
30.01.2021;14:01:57;1438.60;34.01;11.65;736.91;3.25;4.67;15.17
30.01.2021;14:02:57;1415.18;34.05;11.66;736.90;3.22;4.62;14.89
30.01.2021;14:03:57;1568.61;34.01;11.68;736.89;3.44;4.98;17.13
30.01.2021;14:04:58;1511.50;33.90;11.71;736.87;3.36;4.85;16.30
30.01.2021;14:05:58;1497.79;33.97;11.72;736.86;3.35;4.82;16.15
30.01.2021;14:06:58;1397.47;33.96;11.72;736.85;3.20;4.59;14.67
30.01.2021;14:07:58;1441.27;33.82;11.73;736.85;3.27;4.70;15.39
30.01.2021;14:08:58;1519.24;33.76;11.73;736.85;3.38;4.87;16.45
30.01.2021;14:09:58;1501.21;33.84;11.74;736.84;3.35;4.83;16.17
30.01.2021;14:10:58;1451.75;33.88;11.74;736.81;3.28;4.71;15.46
30.01.2021;14:11:58;1412.51;33.81;11.74;736.80;3.23;4.63;14.97
30.01.2021;14:12:58;1364.80;33.80;11.73;736.79;3.16;4.50;14.20
30.01.2021;14:13:58;1287.06;33.86;11.73;736.77;3.04;4.32;13.16
30.01.2021;14:14:58;1289.87;33.82;11.71;736.77;3.05;4.33;13.22
30.01.2021;14:15:58;1150.86;33.88;11.70;736.76;2.81;3.94;11.05
30.01.2021;14:16:58;1022.67;33.92;11.68;736.77;2.57;3.53;9.08
30.01.2021;14:17:58;1090.13;33.97;11.65;736.78;2.71;3.77;10.22
30.01.2021;14:18:58;1045.94;34.05;11.62;736.77;2.60;3.58;9.33
30.01.2021;14:19:58;1018.76;34.01;11.60;736.77;2.56;3.51;8.97
30.01.2021;14:20:58;1013.49;34.06;11.57;736.76;2.54;3.49;8.87
30.01.2021;14:21:58;933.55;34.10;11.54;736.76;2.38;3.22;7.66
30.01.2021;14:22:58;944.39;34.15;11.50;736.76;2.42;3.28;7.94
30.01.2021;14:23:58;981.42;34.20;11.48;736.74;2.49;3.39;8.44
30.01.2021;14:24:58;971.99;34.29;11.46;736.73;2.47;3.37;8.32
30.01.2021;14:25:58;989.46;34.37;11.44;736.72;2.51;3.44;8.61
30.01.2021;14:26:58;1094.19;34.43;11.44;736.71;2.73;3.79;10.34
30.01.2021;14:27:58;1160.71;34.29;11.45;736.70;2.84;3.99;11.35
30.01.2021;14:28:58;1147.93;34.37;11.45;736.70;2.82;3.95;11.17
30.01.2021;14:29:58;1058.57;34.39;11.44;736.70;2.66;3.66;9.73
30.01.2021;14:30:59;990.14;34.38;11.42;736.69;2.52;3.45;8.71
30.01.2021;14:31:59;912.60;34.38;11.40;736.68;2.37;3.21;7.60
30.01.2021;14:32:59;916.56;34.37;11.37;736.67;2.38;3.22;7.69
30.01.2021;14:33:59;978.55;34.56;11.35;736.67;2.53;3.46;8.74
30.01.2021;14:34:59;1014.65;34.49;11.35;736.65;2.57;3.54;9.10
30.01.2021;14:35:59;859.94;34.56;11.34;736.65;2.24;2.98;6.70
30.01.2021;14:36:59;853.32;34.60;11.31;736.66;2.25;3.00;6.73
30.01.2021;14:37:59;811.04;34.57;11.30;736.67;2.14;2.82;6.02
30.01.2021;14:38:59;737.63;34.58;11.27;736.65;1.96;2.50;4.90
30.01.2021;14:39:59;677.31;34.73;11.23;736.64;1.82;2.22;4.04
30.01.2021;14:40:59;715.61;34.64;11.21;736.63;1.91;2.41;4.61
30.01.2021;14:41:59;634.05;34.78;11.17;736.62;1.70;2.09;3.55
30.01.2021;14:42:59;605.07;34.87;11.14;736.63;1.65;2.03;3.34
30.01.2021;14:43:59;611.92;34.98;11.11;736.62;1.67;2.06;3.44
30.01.2021;14:44:59;724.49;34.98;11.09;736.62;1.95;2.48;4.84
30.01.2021;14:45:59;722.86;35.08;11.08;736.61;1.95;2.48;4.82
30.01.2021;14:46:59;755.27;35.11;11.07;736.61;2.03;2.63;5.33
30.01.2021;14:47:59;721.19;35.17;11.06;736.61;1.94;2.46;4.78
30.01.2021;14:48:59;676.67;35.10;11.06;736.62;1.84;2.26;4.16
30.01.2021;14:49:59;696.53;35.12;11.04;736.62;1.90;2.38;4.51
30.01.2021;14:50:59;711.98;35.18;11.04;736.61;1.92;2.43;4.68
30.01.2021;14:51:59;642.83;35.07;11.03;736.61;1.76;2.12;3.73
30.01.2021;14:52:59;628.90;35.23;11.00;736.61;1.72;2.10;3.62
30.01.2021;14:53:59;638.07;35.20;10.98;736.61;1.75;2.14;3.76
30.01.2021;14:54:59;716.04;35.17;10.97;736.61;1.96;2.48;4.85
30.01.2021;14:55:59;730.10;35.35;10.97;736.60;1.98;2.54;5.02
30.01.2021;14:56:59;703.18;35.39;10.97;736.59;1.92;2.41;4.63
30.01.2021;14:58:00;686.58;35.35;10.95;736.59;1.88;2.35;4.41
30.01.2021;14:59:00;652.15;35.36;10.95;736.59;1.80;2.19;3.96
30.01.2021;15:00:00;698.58;35.40;10.94;736.58;1.92;2.43;4.68
30.01.2021;15:01:00;755.97;35.38;10.94;736.57;2.07;2.69;5.58
30.01.2021;15:02:00;810.14;35.48;10.95;736.57;2.20;2.91;6.40
30.01.2021;15:03:00;812.82;35.47;10.96;736.55;2.21;2.93;6.47
30.01.2021;15:04:00;822.42;35.36;10.97;736.54;2.24;2.99;6.72
30.01.2021;15:05:00;812.99;35.43;10.97;736.53;2.22;2.96;6.57
30.01.2021;15:06:00;797.88;35.40;10.97;736.53;2.19;2.90;6.36
30.01.2021;15:07:00;746.74;35.48;10.97;736.53;2.07;2.70;5.58
30.01.2021;15:08:00;690.32;35.40;10.96;736.52;1.93;2.42;4.66
30.01.2021;15:09:00;663.63;35.40;10.95;736.50;1.86;2.29;4.26
30.01.2021;15:10:00;661.74;35.50;10.93;736.48;1.86;2.30;4.27
30.01.2021;15:11:00;654.46;35.44;10.92;736.47;1.84;2.26;4.15
30.01.2021;15:12:00;637.51;35.39;10.90;736.46;1.80;2.18;3.93
30.01.2021;15:13:00;625.34;35.38;10.90;736.44;1.76;2.12;3.73
30.01.2021;15:14:00;627.86;35.43;10.88;736.42;1.77;2.13;3.78
30.01.2021;15:15:00;618.75;35.53;10.87;736.40;1.75;2.11;3.69
30.01.2021;15:16:00;602.12;35.57;10.86;736.39;1.71;2.10;3.58
30.01.2021;15:17:00;593.97;35.65;10.84;736.38;1.70;2.09;3.56
30.01.2021;15:18:00;607.74;35.59;10.84;736.36;1.74;2.10;3.65
30.01.2021;15:19:00;643.72;35.54;10.83;736.34;1.84;2.26;4.16
30.01.2021;15:20:00;665.65;35.64;10.82;736.32;1.90;2.38;4.51
30.01.2021;15:21:00;687.36;35.64;10.81;736.30;1.96;2.50;4.90
30.01.2021;15:22:00;687.54;35.74;10.82;736.29;1.97;2.50;4.92
30.01.2021;15:23:00;676.14;35.69;10.81;736.28;1.95;2.47;4.81
30.01.2021;15:24:00;655.32;35.71;10.81;736.27;1.89;2.36;4.45
30.01.2021;15:25:00;596.71;35.75;10.80;736.27;1.74;2.10;3.64
30.01.2021;15:26:01;577.60;35.69;10.78;736.28;1.69;2.09;3.54
30.01.2021;15:27:01;577.53;35.69;10.77;736.29;1.70;2.09;3.56
30.01.2021;15:28:01;555.18;35.72;10.75;736.28;1.63;2.02;3.29
30.01.2021;15:29:01;555.94;35.81;10.74;736.29;1.64;2.03;3.34
30.01.2021;15:30:01;537.73;35.85;10.74;736.29;1.60;1.97;3.14
30.01.2021;15:31:01;506.93;35.79;10.73;736.30;1.51;1.82;2.74
30.01.2021;15:32:01;478.07;35.78;10.71;736.30;1.44;1.69;2.43
30.01.2021;15:33:01;467.88;35.86;10.70;736.31;1.41;1.64;2.31
30.01.2021;15:34:01;452.10;35.88;10.69;736.30;1.37;1.59;2.18
30.01.2021;15:35:01;438.18;35.91;10.68;736.28;1.32;1.51;2.00
30.01.2021;15:36:01;414.31;35.96;10.67;736.27;1.25;1.39;1.74
30.01.2021;15:37:01;395.68;35.96;10.65;736.26;1.20;1.30;1.56
30.01.2021;15:38:01;385.23;36.03;10.64;736.26;1.17;1.25;1.46
30.01.2021;15:39:01;363.07;36.07;10.62;736.25;1.10;1.15;1.26
30.01.2021;15:40:01;361.95;36.15;10.60;736.24;1.10;1.14;1.26
30.01.2021;15:41:01;361.68;36.15;10.59;736.22;1.10;1.13;1.25
30.01.2021;15:42:01;369.86;36.00;10.58;736.20;1.13;1.19;1.35
30.01.2021;15:43:01;389.37;36.04;10.56;736.17;1.19;1.29;1.54
30.01.2021;15:44:01;391.26;36.14;10.54;736.15;1.20;1.30;1.56
30.01.2021;15:45:01;376.77;36.21;10.53;736.14;1.16;1.23;1.42
30.01.2021;15:46:01;371.67;36.31;10.52;736.12;1.15;1.21;1.38
30.01.2021;15:47:01;389.94;36.25;10.51;736.09;1.21;1.31;1.59
30.01.2021;15:48:01;399.71;36.17;10.50;736.07;1.24;1.38;1.71
30.01.2021;15:49:01;379.79;36.33;10.49;736.07;1.18;1.27;1.50
30.01.2021;15:50:01;352.85;36.37;10.47;736.06;1.10;1.14;1.26
30.01.2021;15:51:01;311.47;36.42;10.46;736.05;0.96;0.92;0.88
30.01.2021;15:52:01;302.82;36.40;10.44;736.05;0.93;0.85;0.80
30.01.2021;15:53:01;312.60;36.44;10.43;736.03;0.96;0.90;0.87
30.01.2021;15:54:02;315.06;36.56;10.41;736.04;0.98;0.91;0.89
30.01.2021;15:55:02;315.42;36.63;10.40;736.02;0.98;0.95;0.94
30.01.2021;15:56:02;316.85;36.60;10.39;736.03;1.00;0.97;0.96
30.01.2021;15:57:02;306.37;36.63;10.39;736.03;0.97;0.90;0.87
30.01.2021;15:58:02;291.90;36.62;10.38;736.03;0.92;0.83;0.77
30.01.2021;15:59:02;282.30;36.68;10.37;736.01;0.89;0.79;0.70
30.01.2021;16:00:02;277.58;36.70;10.37;735.99;0.88;0.77;0.68
30.01.2021;16:01:02;281.90;36.66;10.35;735.97;0.89;0.79;0.71
30.01.2021;16:02:02;285.23;36.71;10.34;735.96;0.91;0.81;0.73
30.01.2021;16:03:02;278.81;36.65;10.34;735.97;0.89;0.79;0.71
30.01.2021;16:04:02;262.53;36.67;10.33;735.98;0.84;0.69;0.58
30.01.2021;16:05:02;241.60;36.72;10.32;736.00;0.77;0.58;0.45
30.01.2021;16:06:02;212.92;36.72;10.31;736.03;0.67;0.42;0.29
30.01.2021;16:07:02;187.39;36.76;10.29;736.06;0.59;0.31;0.18
30.01.2021;16:08:02;176.42;36.79;10.27;736.08;0.55;0.23;0.12
30.01.2021;16:09:02;180.04;36.86;10.26;736.06;0.56;0.24;0.14
30.01.2021;16:10:02;185.40;36.93;10.26;736.05;0.58;0.29;0.17
30.01.2021;16:11:02;184.82;36.92;10.25;736.04;0.57;0.28;0.16
30.01.2021;16:12:02;178.71;36.92;10.24;736.03;0.55;0.23;0.13
30.01.2021;16:13:02;173.88;36.98;10.24;736.02;0.54;0.21;0.11
30.01.2021;16:14:02;171.91;36.93;10.23;736.00;0.53;0.20;0.10
30.01.2021;16:15:02;174.67;36.96;10.22;735.97;0.53;0.21;0.11
30.01.2021;16:16:02;176.03;36.95;10.22;735.96;0.54;0.21;0.11
30.01.2021;16:17:02;171.69;36.98;10.22;735.94;0.52;0.18;0.10
30.01.2021;16:18:02;162.98;37.06;10.21;735.93;0.49;0.12;0.06
30.01.2021;16:19:02;162.14;37.04;10.21;735.90;0.48;0.10;0.05
30.01.2021;16:20:02;158.53;36.98;10.21;735.88;0.47;0.09;0.04
30.01.2021;16:21:02;155.24;36.90;10.21;735.85;0.45;0.06;0.03
30.01.2021;16:22:03;152.81;36.89;10.20;735.82;0.44;0.04;0.02
30.01.2021;16:23:03;147.37;36.99;10.18;735.78;0.43;0.01;0.00
30.01.2021;16:24:03;142.15;36.99;10.18;735.76;0.42;0.00;0.00
30.01.2021;16:25:03;140.78;37.01;10.17;735.74;0.42;0.00;0.00
30.01.2021;16:26:03;141.62;37.09;10.16;735.71;0.44;0.03;0.01
30.01.2021;16:27:03;148.18;37.06;10.15;735.68;0.48;0.11;0.05
30.01.2021;16:28:03;152.19;37.00;10.15;735.66;0.51;0.17;0.09
30.01.2021;16:29:03;154.69;37.02;10.14;735.64;0.55;0.22;0.12
30.01.2021;16:30:03;154.68;37.08;10.14;735.62;0.57;0.28;0.16
30.01.2021;16:31:03;154.94;37.14;10.14;735.61;0.60;0.31;0.19
30.01.2021;16:32:03;152.79;37.04;10.14;735.61;0.62;0.35;0.22
30.01.2021;16:33:03;147.40;37.09;10.13;735.62;0.62;0.35;0.22
30.01.2021;16:34:03;135.04;37.11;10.13;735.63;0.58;0.28;0.16
30.01.2021;16:35:03;120.93;37.16;10.12;735.66;0.53;0.20;0.11
30.01.2021;16:36:03;103.45;37.15;10.12;735.69;0.45;0.06;0.03
30.01.2021;16:37:03;91.11;37.17;10.12;735.72;0.40;0.00;0.00
30.01.2021;16:38:03;83.36;37.17;10.12;735.73;0.36;0.00;0.00
30.01.2021;16:39:03;75.65;36.98;10.12;735.74;0.32;0.00;0.00
30.01.2021;16:40:03;66.74;37.09;10.12;735.75;0.27;0.00;0.00
30.01.2021;16:41:03;60.41;37.18;10.12;735.75;0.24;0.00;0.00
30.01.2021;16:42:03;53.46;37.06;10.11;735.76;0.20;0.00;0.00
30.01.2021;16:43:03;46.85;37.22;10.10;735.77;0.16;0.00;0.00
30.01.2021;16:44:03;41.88;37.23;10.11;735.77;0.14;0.00;0.00
30.01.2021;16:45:03;38.56;37.20;10.11;735.76;0.12;0.00;0.00
30.01.2021;16:46:03;35.33;37.18;10.10;735.73;0.10;0.00;0.00
30.01.2021;16:47:03;32.64;37.17;10.11;735.72;0.08;0.00;0.00
30.01.2021;16:48:03;30.37;37.09;10.10;735.70;0.07;0.00;0.00
30.01.2021;16:49:03;28.46;37.20;10.09;735.70;0.05;0.00;0.00
30.01.2021;16:50:03;26.03;37.12;10.09;735.70;0.04;0.00;0.00
30.01.2021;16:51:03;23.47;37.18;10.09;735.71;0.03;0.00;0.00
30.01.2021;16:52:04;20.69;37.13;10.08;735.73;0.02;0.00;0.00
30.01.2021;16:53:04;17.90;37.24;10.07;735.75;0.01;0.00;0.00
30.01.2021;16:54:04;16.18;37.21;10.07;735.75;0.01;0.00;0.00
30.01.2021;16:55:04;15.11;37.15;10.07;735.75;0.00;0.00;0.00
30.01.2021;16:56:04;14.68;37.23;10.07;735.73;0.00;0.00;0.00
30.01.2021;16:57:04;13.99;37.22;10.08;735.71;0.00;0.00;0.00
30.01.2021;16:58:04;12.95;37.22;10.07;735.69;0.00;0.00;0.00
30.01.2021;16:59:04;11.50;37.23;10.07;735.69;0.00;0.00;0.00
30.01.2021;17:00:04;9.85;37.26;10.07;735.70;0.00;0.00;0.00
30.01.2021;17:01:04;8.64;37.23;10.07;735.72;0.00;0.00;0.00
30.01.2021;17:02:04;7.67;37.19;10.07;735.73;0.00;0.00;0.00
30.01.2021;17:03:04;6.86;37.17;10.07;735.72;0.00;0.00;0.00
30.01.2021;17:04:04;6.34;37.15;10.07;735.69;0.00;0.00;0.00
30.01.2021;17:05:04;5.85;37.15;10.06;735.69;0.00;0.00;0.00
30.01.2021;17:06:04;5.15;37.12;10.06;735.68;0.00;0.00;0.00
30.01.2021;17:07:04;5.00;37.23;10.07;735.68;0.00;0.00;0.00
30.01.2021;17:08:04;4.40;37.17;10.07;735.68;0.00;0.00;0.00
30.01.2021;17:09:04;4.17;37.14;10.07;735.68;0.00;0.00;0.00
30.01.2021;17:10:04;4.17;37.26;10.07;735.68;0.00;0.00;0.00
30.01.2021;17:11:04;4.17;37.12;10.07;735.66;0.00;0.00;0.00
30.01.2021;17:12:04;3.91;37.19;10.07;735.65;0.00;0.00;0.00
30.01.2021;17:13:04;3.37;37.18;10.08;735.65;0.00;0.00;0.00
30.01.2021;17:14:04;3.33;37.15;10.09;735.66;0.00;0.00;0.00
30.01.2021;17:15:04;3.33;37.18;10.10;735.65;0.00;0.00;0.00
30.01.2021;17:16:04;3.36;37.11;10.10;735.64;0.00;0.00;0.00
30.01.2021;17:17:04;3.33;37.09;10.10;735.62;0.00;0.00;0.00
30.01.2021;17:18:04;3.33;37.06;10.09;735.60;0.00;0.00;0.00
30.01.2021;17:19:04;3.35;37.13;10.08;735.60;0.00;0.00;0.00
30.01.2021;17:20:04;3.33;37.13;10.09;735.61;0.00;0.00;0.00
30.01.2021;17:21:04;3.33;37.12;10.09;735.61;0.00;0.00;0.00
30.01.2021;17:22:04;3.33;37.16;10.09;735.61;0.00;0.00;0.00
30.01.2021;17:23:04;3.33;37.15;10.09;735.60;0.00;0.00;0.00
30.01.2021;17:24:04;3.33;37.02;10.08;735.58;0.00;0.00;0.00
30.01.2021;17:25:05;3.33;37.10;10.08;735.56;0.00;0.00;0.00
30.01.2021;17:26:05;3.33;37.05;10.08;735.57;0.00;0.00;0.00
30.01.2021;17:27:05;3.35;37.12;10.07;735.58;0.00;0.00;0.00
30.01.2021;17:28:05;3.33;37.05;10.08;735.56;0.00;0.00;0.00
30.01.2021;17:29:05;3.33;37.15;10.08;735.56;0.00;0.00;0.00
30.01.2021;17:30:05;3.35;37.19;10.09;735.57;0.00;0.00;0.00
30.01.2021;17:31:05;3.33;37.23;10.09;735.58;0.00;0.00;0.00
30.01.2021;17:32:05;3.32;37.18;10.10;735.58;0.00;0.00;0.00
30.01.2021;17:33:05;3.31;37.12;10.12;735.60;0.00;0.00;0.00
30.01.2021;17:34:05;3.25;37.08;10.12;735.59;0.00;0.00;0.00
30.01.2021;17:35:05;3.25;37.07;10.12;735.56;0.00;0.00;0.00
30.01.2021;17:36:05;3.15;37.11;10.13;735.55;0.00;0.00;0.00
30.01.2021;17:37:05;3.12;37.16;10.13;735.53;0.00;0.00;0.00
30.01.2021;17:38:05;3.06;37.09;10.14;735.51;0.00;0.00;0.00
30.01.2021;17:39:05;3.04;37.10;10.15;735.52;0.00;0.00;0.00
30.01.2021;17:40:05;3.02;37.11;10.15;735.52;0.00;0.00;0.00
30.01.2021;17:41:05;3.04;37.12;10.16;735.53;0.00;0.00;0.00
30.01.2021;17:42:05;3.17;37.12;10.17;735.54;0.00;0.00;0.00
30.01.2021;17:43:05;3.18;37.09;10.18;735.56;0.00;0.00;0.00
30.01.2021;17:44:05;3.11;37.04;10.19;735.57;0.00;0.00;0.00
30.01.2021;17:45:05;3.03;37.07;10.20;735.58;0.00;0.00;0.00
30.01.2021;17:46:05;3.08;37.02;10.20;735.59;0.00;0.00;0.00
30.01.2021;17:47:05;3.14;37.01;10.20;735.59;0.00;0.00;0.00
30.01.2021;17:48:05;3.07;37.09;10.21;735.59;0.00;0.00;0.00
30.01.2021;17:49:05;3.09;37.08;10.22;735.60;0.00;0.00;0.00
30.01.2021;17:50:05;3.12;37.05;10.23;735.61;0.00;0.00;0.00
30.01.2021;17:51:05;3.21;37.05;10.24;735.62;0.00;0.00;0.00
30.01.2021;17:52:05;3.19;36.99;10.25;735.62;0.00;0.00;0.00
30.01.2021;17:53:05;3.21;36.97;10.26;735.62;0.00;0.00;0.00
30.01.2021;17:54:05;3.22;37.04;10.27;735.62;0.00;0.00;0.00
30.01.2021;17:55:05;3.22;37.07;10.28;735.63;0.00;0.00;0.00
30.01.2021;17:56:05;3.19;36.97;10.29;735.61;0.00;0.00;0.00
30.01.2021;17:57:05;3.15;36.89;10.30;735.60;0.00;0.00;0.00
30.01.2021;17:58:06;3.15;36.87;10.31;735.58;0.00;0.00;0.00
30.01.2021;17:59:06;3.14;36.89;10.31;735.56;0.00;0.00;0.00
30.01.2021;18:00:06;2.95;36.96;10.31;735.53;0.00;0.00;0.00
30.01.2021;18:01:06;2.97;36.88;10.32;735.50;0.00;0.00;0.00
30.01.2021;18:02:06;2.86;36.82;10.32;735.47;0.00;0.00;0.00
30.01.2021;18:03:06;2.75;36.81;10.33;735.46;0.00;0.00;0.00
30.01.2021;18:04:06;2.67;36.78;10.32;735.44;0.00;0.00;0.00
30.01.2021;18:05:06;2.56;36.86;10.32;735.44;0.00;0.00;0.00
30.01.2021;18:06:06;2.71;36.86;10.33;735.45;0.00;0.00;0.00
30.01.2021;18:07:06;2.71;36.90;10.33;735.44;0.00;0.00;0.00
30.01.2021;18:08:06;2.64;36.88;10.32;735.41;0.00;0.00;0.00
30.01.2021;18:09:06;2.57;36.88;10.33;735.40;0.00;0.00;0.00
30.01.2021;18:10:06;2.61;36.91;10.33;735.39;0.00;0.00;0.00
30.01.2021;18:11:06;2.53;36.87;10.32;735.37;0.00;0.00;0.00
30.01.2021;18:12:06;2.61;36.78;10.32;735.34;0.00;0.00;0.00
30.01.2021;18:13:06;2.51;36.83;10.31;735.32;0.00;0.00;0.00
30.01.2021;18:14:06;2.54;36.84;10.31;735.30;0.00;0.00;0.00
30.01.2021;18:15:06;2.60;36.87;10.31;735.31;0.00;0.00;0.00
30.01.2021;18:16:06;2.85;36.96;10.30;735.33;0.00;0.00;0.00
30.01.2021;18:17:06;3.11;36.97;10.30;735.36;0.00;0.00;0.00
30.01.2021;18:18:06;3.19;36.99;10.30;735.39;0.00;0.00;0.00
30.01.2021;18:19:06;3.29;36.94;10.30;735.42;0.00;0.00;0.00
30.01.2021;18:20:06;3.33;36.86;10.29;735.43;0.00;0.00;0.00
30.01.2021;18:21:06;3.29;36.89;10.29;735.41;0.00;0.00;0.00
30.01.2021;18:22:06;3.26;36.90;10.30;735.38;0.00;0.00;0.00
30.01.2021;18:23:06;3.31;36.92;10.30;735.36;0.00;0.00;0.00
30.01.2021;18:24:06;3.31;36.90;10.31;735.38;0.00;0.00;0.00
30.01.2021;18:25:06;3.31;36.92;10.31;735.38;0.00;0.00;0.00
30.01.2021;18:26:06;3.31;36.81;10.32;735.34;0.00;0.00;0.00
30.01.2021;18:27:06;3.26;36.83;10.32;735.32;0.00;0.00;0.00
30.01.2021;18:28:06;3.22;36.87;10.32;735.30;0.00;0.00;0.00
30.01.2021;18:29:06;3.21;36.81;10.33;735.31;0.00;0.00;0.00
30.01.2021;18:30:07;3.17;36.79;10.34;735.30;0.00;0.00;0.00
30.01.2021;18:31:07;3.19;36.82;10.34;735.28;0.00;0.00;0.00
30.01.2021;18:32:07;3.14;36.78;10.35;735.27;0.00;0.00;0.00
30.01.2021;18:33:07;3.21;36.79;10.35;735.26;0.00;0.00;0.00
30.01.2021;18:34:07;3.10;36.78;10.34;735.25;0.00;0.00;0.00
30.01.2021;18:35:07;3.17;36.76;10.35;735.24;0.00;0.00;0.00
30.01.2021;18:36:07;3.28;36.77;10.34;735.25;0.00;0.00;0.00
30.01.2021;18:37:07;3.22;36.80;10.34;735.25;0.00;0.00;0.00
30.01.2021;18:38:07;2.94;36.74;10.34;735.24;0.00;0.00;0.00
30.01.2021;18:39:07;3.02;36.83;10.34;735.24;0.00;0.00;0.00
30.01.2021;18:40:07;2.97;36.87;10.35;735.24;0.00;0.00;0.00
30.01.2021;18:41:07;3.12;36.81;10.36;735.24;0.00;0.00;0.00
30.01.2021;18:42:07;3.14;36.80;10.36;735.26;0.00;0.00;0.00
30.01.2021;18:43:07;2.99;36.82;10.36;735.26;0.00;0.00;0.00
30.01.2021;18:44:07;2.93;36.73;10.37;735.26;0.00;0.00;0.00
30.01.2021;18:45:07;2.99;36.74;10.38;735.27;0.00;0.00;0.00
30.01.2021;18:46:07;3.00;36.73;10.38;735.28;0.00;0.00;0.00
30.01.2021;18:47:07;2.97;36.74;10.38;735.27;0.00;0.00;0.00
30.01.2021;18:48:07;2.83;36.72;10.39;735.24;0.00;0.00;0.00
30.01.2021;18:49:07;2.74;36.69;10.39;735.22;0.00;0.00;0.00
30.01.2021;18:50:07;2.81;36.70;10.39;735.21;0.00;0.00;0.00
30.01.2021;18:51:07;2.86;36.75;10.39;735.22;0.00;0.00;0.00
30.01.2021;18:52:07;2.92;36.74;10.40;735.21;0.00;0.00;0.00
30.01.2021;18:53:07;2.92;36.68;10.40;735.21;0.00;0.00;0.00
30.01.2021;18:54:07;2.92;36.76;10.40;735.19;0.00;0.00;0.00
30.01.2021;18:55:07;2.82;36.67;10.40;735.18;0.00;0.00;0.00
30.01.2021;18:56:07;2.77;36.63;10.40;735.17;0.00;0.00;0.00
30.01.2021;18:57:07;2.72;36.65;10.39;735.17;0.00;0.00;0.00
30.01.2021;18:58:07;2.68;36.63;10.38;735.14;0.00;0.00;0.00
30.01.2021;18:59:07;2.63;36.70;10.38;735.12;0.00;0.00;0.00
30.01.2021;19:00:07;2.61;36.70;10.38;735.11;0.00;0.00;0.00
30.01.2021;19:01:07;2.64;36.73;10.38;735.11;0.00;0.00;0.00
30.01.2021;19:02:08;2.65;36.73;10.37;735.09;0.00;0.00;0.00
30.01.2021;19:03:08;2.60;36.79;10.36;735.08;0.00;0.00;0.00
30.01.2021;19:04:08;2.64;36.79;10.35;735.08;0.00;0.00;0.00
30.01.2021;19:05:08;2.65;36.77;10.35;735.09;0.00;0.00;0.00
30.01.2021;19:06:08;2.63;36.83;10.35;735.10;0.00;0.00;0.00
30.01.2021;19:07:08;2.56;36.81;10.36;735.10;0.00;0.00;0.00
30.01.2021;19:08:08;2.63;36.82;10.35;735.09;0.00;0.00;0.00
30.01.2021;19:09:08;2.63;36.85;10.36;735.10;0.00;0.00;0.00
30.01.2021;19:10:08;2.71;36.82;10.36;735.12;0.00;0.00;0.00
30.01.2021;19:11:08;2.74;36.84;10.36;735.14;0.00;0.00;0.00
30.01.2021;19:12:08;2.78;36.85;10.37;735.17;0.00;0.00;0.00
30.01.2021;19:13:08;2.95;36.89;10.38;735.16;0.00;0.00;0.00
30.01.2021;19:14:08;2.78;36.83;10.39;735.14;0.00;0.00;0.00
30.01.2021;19:15:08;2.71;36.79;10.39;735.11;0.00;0.00;0.00
30.01.2021;19:16:08;2.64;36.79;10.38;735.10;0.00;0.00;0.00
30.01.2021;19:17:08;2.76;36.87;10.38;735.10;0.00;0.00;0.00
30.01.2021;19:18:08;2.88;36.92;10.39;735.11;0.00;0.00;0.00
30.01.2021;19:19:08;2.96;36.83;10.39;735.11;0.00;0.00;0.00
30.01.2021;19:20:08;2.72;36.79;10.39;735.12;0.00;0.00;0.00
30.01.2021;19:21:08;2.70;36.69;10.39;735.12;0.00;0.00;0.00
30.01.2021;19:22:08;2.75;36.73;10.39;735.13;0.00;0.00;0.00
30.01.2021;19:23:08;2.92;36.93;10.39;735.16;0.00;0.00;0.00
30.01.2021;19:24:08;2.98;36.90;10.40;735.18;0.00;0.00;0.00
30.01.2021;19:25:08;2.86;36.64;10.40;735.17;0.00;0.00;0.00
30.01.2021;19:26:08;2.94;36.77;10.40;735.17;0.00;0.00;0.00
30.01.2021;19:27:08;2.92;36.86;10.41;735.17;0.00;0.00;0.00
30.01.2021;19:28:08;2.89;36.86;10.42;735.16;0.00;0.00;0.00
30.01.2021;19:29:08;2.88;36.76;10.43;735.14;0.00;0.00;0.00
30.01.2021;19:30:08;2.86;36.70;10.43;735.11;0.00;0.00;0.00
30.01.2021;19:31:08;2.74;36.76;10.43;735.12;0.00;0.00;0.00
30.01.2021;19:32:08;2.81;36.80;10.44;735.13;0.00;0.00;0.00
30.01.2021;19:33:08;2.92;36.73;10.45;735.12;0.00;0.00;0.00
30.01.2021;19:34:09;2.76;36.69;10.45;735.09;0.00;0.00;0.00
30.01.2021;19:35:09;2.64;36.75;10.45;735.06;0.00;0.00;0.00
30.01.2021;19:36:09;2.65;36.72;10.47;735.05;0.00;0.00;0.00
30.01.2021;19:37:09;2.65;36.66;10.48;735.06;0.00;0.00;0.00
30.01.2021;19:38:09;2.80;36.64;10.48;735.09;0.00;0.00;0.00
30.01.2021;19:39:09;2.78;36.70;10.48;735.10;0.00;0.00;0.00
30.01.2021;19:40:09;2.78;36.72;10.49;735.11;0.00;0.00;0.00
30.01.2021;19:41:09;2.78;36.70;10.51;735.12;0.00;0.00;0.00
30.01.2021;19:42:09;2.78;36.64;10.51;735.12;0.00;0.00;0.00
30.01.2021;19:43:09;2.80;36.59;10.52;735.12;0.00;0.00;0.00
30.01.2021;19:44:09;2.68;36.59;10.52;735.11;0.00;0.00;0.00
30.01.2021;19:45:09;2.69;36.66;10.52;735.12;0.00;0.00;0.00
30.01.2021;19:46:09;2.68;36.60;10.53;735.14;0.00;0.00;0.00
30.01.2021;19:47:09;2.81;36.60;10.53;735.14;0.00;0.00;0.00
30.01.2021;19:48:09;2.78;36.63;10.54;735.14;0.00;0.00;0.00
30.01.2021;19:49:09;2.73;36.61;10.54;735.11;0.00;0.00;0.00
30.01.2021;19:50:09;2.68;36.64;10.55;735.11;0.00;0.00;0.00
30.01.2021;19:51:09;2.76;36.59;10.56;735.12;0.00;0.00;0.00
30.01.2021;19:52:09;2.70;36.58;10.56;735.14;0.00;0.00;0.00
30.01.2021;19:53:09;2.68;36.59;10.57;735.15;0.00;0.00;0.00
30.01.2021;19:54:09;2.64;36.58;10.57;735.13;0.00;0.00;0.00
30.01.2021;19:55:09;2.54;36.54;10.57;735.09;0.00;0.00;0.00
30.01.2021;19:56:09;2.57;36.55;10.57;735.06;0.00;0.00;0.00
30.01.2021;19:57:09;2.51;36.57;10.57;735.02;0.00;0.00;0.00
30.01.2021;19:58:09;2.56;36.57;10.57;735.00;0.00;0.00;0.00
30.01.2021;19:59:09;2.56;36.61;10.57;735.00;0.00;0.00;0.00
30.01.2021;20:00:09;2.53;36.53;10.57;735.00;0.00;0.00;0.00
30.01.2021;20:01:09;2.57;36.51;10.57;734.99;0.00;0.00;0.00
30.01.2021;20:02:09;2.54;36.58;10.57;734.99;0.00;0.00;0.00
30.01.2021;20:03:09;2.53;36.57;10.58;735.02;0.00;0.00;0.00
30.01.2021;20:04:09;2.54;36.58;10.58;735.02;0.00;0.00;0.00
30.01.2021;20:05:09;2.53;36.56;10.58;735.00;0.00;0.00;0.00
30.01.2021;20:06:09;2.50;36.60;10.59;735.01;0.00;0.00;0.00
30.01.2021;20:07:10;2.57;36.65;10.59;735.05;0.00;0.00;0.00
30.01.2021;20:08:10;2.56;36.60;10.60;735.06;0.00;0.00;0.00
30.01.2021;20:09:10;2.51;36.62;10.60;735.05;0.00;0.00;0.00
30.01.2021;20:10:10;2.56;36.60;10.61;735.03;0.00;0.00;0.00
30.01.2021;20:11:10;2.53;36.53;10.61;735.01;0.00;0.00;0.00
30.01.2021;20:12:10;2.54;36.52;10.61;735.00;0.00;0.00;0.00
30.01.2021;20:13:10;2.54;36.52;10.61;734.98;0.00;0.00;0.00
30.01.2021;20:14:10;2.50;36.56;10.61;734.98;0.00;0.00;0.00
30.01.2021;20:15:10;2.53;36.58;10.62;734.98;0.00;0.00;0.00
30.01.2021;20:16:10;2.50;36.57;10.62;734.97;0.00;0.00;0.00
30.01.2021;20:17:10;2.54;36.58;10.62;734.95;0.00;0.00;0.00
30.01.2021;20:18:10;2.53;36.50;10.62;734.92;0.00;0.00;0.00
30.01.2021;20:19:10;2.51;36.52;10.62;734.91;0.00;0.00;0.00
30.01.2021;20:20:10;2.50;36.45;10.62;734.88;0.00;0.00;0.00
30.01.2021;20:21:10;2.51;36.49;10.61;734.87;0.00;0.00;0.00
30.01.2021;20:22:10;2.50;36.58;10.60;734.88;0.00;0.00;0.00
30.01.2021;20:23:10;2.50;36.64;10.61;734.94;0.00;0.00;0.00
30.01.2021;20:24:10;2.50;36.67;10.61;735.00;0.00;0.00;0.00
30.01.2021;20:25:10;2.53;36.65;10.62;735.03;0.00;0.00;0.00
30.01.2021;20:26:10;2.61;36.67;10.62;735.06;0.00;0.00;0.00
30.01.2021;20:27:10;2.58;36.59;10.62;735.06;0.00;0.00;0.00
30.01.2021;20:28:10;2.63;36.58;10.61;735.07;0.00;0.00;0.00
30.01.2021;20:29:10;2.69;36.62;10.61;735.07;0.00;0.00;0.00
30.01.2021;20:30:10;2.69;36.65;10.62;735.09;0.00;0.00;0.00
30.01.2021;20:31:10;2.56;36.60;10.61;735.08;0.00;0.00;0.00
30.01.2021;20:32:10;2.69;36.65;10.61;735.06;0.00;0.00;0.00
30.01.2021;20:33:10;2.63;36.63;10.62;735.03;0.00;0.00;0.00
30.01.2021;20:34:10;2.57;36.60;10.61;735.00;0.00;0.00;0.00
30.01.2021;20:35:10;2.61;36.64;10.61;735.00;0.00;0.00;0.00
30.01.2021;20:36:10;2.60;36.64;10.62;735.01;0.00;0.00;0.00
30.01.2021;20:37:10;2.57;36.64;10.62;735.01;0.00;0.00;0.00
30.01.2021;20:38:10;2.64;36.63;10.62;735.00;0.00;0.00;0.00
30.01.2021;20:39:11;2.74;36.62;10.62;735.01;0.00;0.00;0.00
30.01.2021;20:40:11;2.61;36.58;10.62;735.02;0.00;0.00;0.00
30.01.2021;20:41:11;2.58;36.63;10.63;735.03;0.00;0.00;0.00
30.01.2021;20:42:11;2.57;36.60;10.63;735.01;0.00;0.00;0.00
30.01.2021;20:43:11;2.61;36.62;10.63;735.00;0.00;0.00;0.00
30.01.2021;20:44:11;2.57;36.61;10.63;735.01;0.00;0.00;0.00
30.01.2021;20:45:11;2.54;36.58;10.63;735.01;0.00;0.00;0.00
30.01.2021;20:46:11;2.57;36.56;10.63;735.01;0.00;0.00;0.00
30.01.2021;20:47:11;2.64;36.68;10.63;735.00;0.00;0.00;0.00
30.01.2021;20:48:11;2.53;36.53;10.63;735.00;0.00;0.00;0.00
30.01.2021;20:49:11;2.54;36.57;10.62;735.00;0.00;0.00;0.00
30.01.2021;20:50:11;2.53;36.64;10.63;735.01;0.00;0.00;0.00
30.01.2021;20:51:11;2.61;36.66;10.62;735.02;0.00;0.00;0.00
30.01.2021;20:52:11;2.60;36.66;10.63;735.03;0.00;0.00;0.00
30.01.2021;20:53:11;2.74;36.62;10.63;735.03;0.00;0.00;0.00
30.01.2021;20:54:11;2.63;36.52;10.63;735.02;0.00;0.00;0.00
30.01.2021;20:55:11;2.72;36.53;10.62;735.01;0.00;0.00;0.00
30.01.2021;20:56:11;2.63;36.51;10.61;735.01;0.00;0.00;0.00
30.01.2021;20:57:11;2.60;36.70;10.61;735.00;0.00;0.00;0.00
30.01.2021;20:58:11;2.61;36.63;10.61;734.99;0.00;0.00;0.00
30.01.2021;20:59:11;2.51;36.47;10.60;734.97;0.00;0.00;0.00
30.01.2021;21:00:11;2.58;36.68;10.59;734.95;0.00;0.00;0.00
30.01.2021;21:01:11;2.50;36.55;10.60;734.93;0.00;0.00;0.00
30.01.2021;21:02:11;2.60;36.68;10.59;734.92;0.00;0.00;0.00
30.01.2021;21:03:11;2.53;36.58;10.58;734.91;0.00;0.00;0.00
30.01.2021;21:04:11;2.51;36.73;10.58;734.90;0.00;0.00;0.00
30.01.2021;21:05:11;2.53;36.68;10.58;734.88;0.00;0.00;0.00
30.01.2021;21:06:11;2.53;36.61;10.57;734.86;0.00;0.00;0.00
30.01.2021;21:07:11;2.54;36.62;10.57;734.88;0.00;0.00;0.00
30.01.2021;21:08:11;2.60;36.62;10.56;734.87;0.00;0.00;0.00
30.01.2021;21:09:11;2.56;36.68;10.56;734.83;0.00;0.00;0.00
30.01.2021;21:10:11;2.50;36.69;10.55;734.82;0.00;0.00;0.00
30.01.2021;21:11:12;2.54;36.66;10.55;734.83;0.00;0.00;0.00
30.01.2021;21:12:12;2.51;36.78;10.54;734.82;0.00;0.00;0.00
30.01.2021;21:13:12;2.53;36.96;10.54;734.82;0.00;0.00;0.00
30.01.2021;21:14:12;2.53;36.82;10.54;734.80;0.00;0.00;0.00
30.01.2021;21:15:12;2.54;36.88;10.54;734.79;0.00;0.00;0.00
30.01.2021;21:16:12;2.56;36.93;10.54;734.81;0.00;0.00;0.00
30.01.2021;21:17:12;2.60;36.85;10.55;734.83;0.00;0.00;0.00
30.01.2021;21:18:12;2.60;36.92;10.56;734.84;0.00;0.00;0.00
30.01.2021;21:19:12;2.60;36.80;10.56;734.82;0.00;0.00;0.00
30.01.2021;21:20:12;2.64;36.87;10.56;734.80;0.00;0.00;0.00
30.01.2021;21:21:12;2.58;36.76;10.56;734.76;0.00;0.00;0.00
30.01.2021;21:22:12;2.64;36.82;10.56;734.77;0.00;0.00;0.00
30.01.2021;21:23:12;2.83;36.95;10.57;734.80;0.00;0.00;0.00
30.01.2021;21:24:12;2.75;36.80;10.58;734.82;0.00;0.00;0.00
30.01.2021;21:25:12;2.86;36.85;10.58;734.84;0.00;0.00;0.00
30.01.2021;21:26:12;2.92;36.86;10.59;734.85;0.00;0.00;0.00
30.01.2021;21:27:12;2.88;36.84;10.59;734.87;0.00;0.00;0.00
30.01.2021;21:28:12;2.92;36.90;10.60;734.86;0.00;0.00;0.00
30.01.2021;21:29:12;3.10;36.86;10.61;734.88;0.00;0.00;0.00
30.01.2021;21:30:12;3.04;36.72;10.61;734.86;0.00;0.00;0.00
30.01.2021;21:31:12;3.06;36.85;10.61;734.86;0.00;0.00;0.00
30.01.2021;21:32:12;3.10;36.88;10.61;734.84;0.00;0.00;0.00
30.01.2021;21:33:12;3.08;36.90;10.62;734.83;0.00;0.00;0.00
30.01.2021;21:34:12;3.04;36.87;10.63;734.81;0.00;0.00;0.00
30.01.2021;21:35:12;3.16;36.85;10.63;734.80;0.00;0.00;0.00
30.01.2021;21:36:12;3.08;36.62;10.63;734.80;0.00;0.00;0.00
30.01.2021;21:37:12;3.07;36.55;10.63;734.80;0.00;0.00;0.00
30.01.2021;21:38:12;3.06;36.76;10.63;734.81;0.00;0.00;0.00
30.01.2021;21:39:12;3.18;36.75;10.63;734.82;0.00;0.00;0.00
30.01.2021;21:40:12;3.04;36.86;10.63;734.82;0.00;0.00;0.00
30.01.2021;21:41:12;3.18;36.78;10.63;734.82;0.00;0.00;0.00
30.01.2021;21:42:12;3.17;36.84;10.63;734.83;0.00;0.00;0.00
30.01.2021;21:43:12;3.19;36.79;10.65;734.83;0.00;0.00;0.00
30.01.2021;21:44:13;3.22;36.69;10.65;734.84;0.00;0.00;0.00
30.01.2021;21:45:13;3.10;36.79;10.65;734.82;0.00;0.00;0.00
30.01.2021;21:46:13;3.08;36.75;10.65;734.78;0.00;0.00;0.00
30.01.2021;21:47:13;3.01;36.86;10.66;734.75;0.00;0.00;0.00
30.01.2021;21:48:13;3.08;36.80;10.66;734.71;0.00;0.00;0.00
30.01.2021;21:49:13;2.95;36.75;10.67;734.69;0.00;0.00;0.00
30.01.2021;21:50:13;3.06;36.76;10.68;734.66;0.00;0.00;0.00
30.01.2021;21:51:13;2.94;36.71;10.68;734.64;0.00;0.00;0.00
30.01.2021;21:52:13;2.85;36.61;10.68;734.62;0.00;0.00;0.00
30.01.2021;21:53:13;2.96;36.64;10.67;734.61;0.00;0.00;0.00
30.01.2021;21:54:13;2.92;36.69;10.67;734.59;0.00;0.00;0.00
30.01.2021;21:55:13;2.95;36.70;10.67;734.57;0.00;0.00;0.00
30.01.2021;21:56:13;2.97;36.71;10.67;734.54;0.00;0.00;0.00
30.01.2021;21:57:13;3.01;36.76;10.67;734.52;0.00;0.00;0.00
30.01.2021;21:58:13;3.21;36.77;10.68;734.53;0.00;0.00;0.00
30.01.2021;21:59:13;3.11;36.78;10.68;734.52;0.00;0.00;0.00
30.01.2021;22:00:13;3.26;36.73;10.69;734.53;0.00;0.00;0.00
30.01.2021;22:01:13;3.21;36.74;10.69;734.53;0.00;0.00;0.00
30.01.2021;22:02:13;3.29;36.70;10.70;734.55;0.00;0.00;0.00
30.01.2021;22:03:13;3.32;36.64;10.70;734.56;0.00;0.00;0.00
30.01.2021;22:04:13;3.29;36.61;10.70;734.56;0.00;0.00;0.00
30.01.2021;22:05:13;3.31;36.58;10.70;734.57;0.00;0.00;0.00
30.01.2021;22:06:13;3.28;36.56;10.70;734.57;0.00;0.00;0.00
30.01.2021;22:07:13;3.35;36.65;10.70;734.58;0.00;0.00;0.00
30.01.2021;22:08:13;3.33;36.67;10.70;734.58;0.00;0.00;0.00
30.01.2021;22:09:13;3.29;36.62;10.70;734.57;0.00;0.00;0.00
30.01.2021;22:10:13;3.35;36.63;10.70;734.57;0.00;0.00;0.00
30.01.2021;22:11:13;3.33;36.64;10.71;734.58;0.00;0.00;0.00
30.01.2021;22:12:13;3.33;36.61;10.71;734.58;0.00;0.00;0.00
30.01.2021;22:13:13;3.33;36.62;10.72;734.59;0.00;0.00;0.00
30.01.2021;22:14:13;3.33;36.66;10.72;734.60;0.00;0.00;0.00
30.01.2021;22:15:14;3.33;36.57;10.72;734.63;0.00;0.00;0.00
30.01.2021;22:16:14;3.33;36.61;10.71;734.67;0.00;0.00;0.00
30.01.2021;22:17:14;3.33;36.55;10.72;734.71;0.00;0.00;0.00
30.01.2021;22:18:14;3.33;36.59;10.71;734.73;0.00;0.00;0.00
30.01.2021;22:19:14;3.33;36.56;10.71;734.76;0.00;0.00;0.00
30.01.2021;22:20:14;3.33;36.57;10.71;734.78;0.00;0.00;0.00
30.01.2021;22:21:14;3.35;36.52;10.71;734.80;0.00;0.00;0.00
30.01.2021;22:22:14;3.28;36.65;10.70;734.80;0.00;0.00;0.00
30.01.2021;22:23:14;3.29;36.65;10.71;734.81;0.00;0.00;0.00
30.01.2021;22:24:14;3.32;36.48;10.70;734.81;0.00;0.00;0.00
30.01.2021;22:25:14;3.28;36.56;10.70;734.81;0.00;0.00;0.00
30.01.2021;22:26:14;3.21;36.70;10.70;734.81;0.00;0.00;0.00
30.01.2021;22:27:14;3.26;36.72;10.70;734.80;0.00;0.00;0.00
30.01.2021;22:28:14;3.08;36.55;10.70;734.77;0.00;0.00;0.00
30.01.2021;22:29:14;2.90;36.70;10.69;734.73;0.00;0.00;0.00
30.01.2021;22:30:14;2.76;36.62;10.69;734.69;0.00;0.00;0.00
30.01.2021;22:31:14;2.73;36.58;10.69;734.70;0.00;0.00;0.00
30.01.2021;22:32:14;2.78;36.64;10.69;734.70;0.00;0.00;0.00
30.01.2021;22:33:14;2.92;36.65;10.68;734.70;0.00;0.00;0.00
30.01.2021;22:34:14;2.82;36.78;10.68;734.71;0.00;0.00;0.00
30.01.2021;22:35:14;2.89;36.75;10.69;734.74;0.00;0.00;0.00
30.01.2021;22:36:14;2.94;36.77;10.69;734.75;0.00;0.00;0.00
30.01.2021;22:37:14;3.09;36.80;10.69;734.77;0.00;0.00;0.00
30.01.2021;22:38:14;3.18;36.78;10.70;734.78;0.00;0.00;0.00
30.01.2021;22:39:14;3.06;36.77;10.70;734.78;0.00;0.00;0.00
30.01.2021;22:40:14;3.21;36.74;10.70;734.78;0.00;0.00;0.00
30.01.2021;22:41:14;3.24;36.69;10.70;734.81;0.00;0.00;0.00
30.01.2021;22:42:14;3.31;36.69;10.70;734.83;0.00;0.00;0.00
30.01.2021;22:43:14;3.31;36.73;10.70;734.84;0.00;0.00;0.00
30.01.2021;22:44:14;3.32;36.71;10.71;734.83;0.00;0.00;0.00
30.01.2021;22:45:14;3.32;36.67;10.71;734.82;0.00;0.00;0.00
30.01.2021;22:46:14;3.33;36.75;10.71;734.85;0.00;0.00;0.00
30.01.2021;22:47:15;3.32;36.64;10.72;734.87;0.00;0.00;0.00
30.01.2021;22:48:15;3.33;36.57;10.72;734.86;0.00;0.00;0.00
30.01.2021;22:49:15;3.35;36.56;10.72;734.86;0.00;0.00;0.00
30.01.2021;22:50:15;3.33;36.63;10.71;734.87;0.00;0.00;0.00
30.01.2021;22:51:15;3.33;36.64;10.71;734.87;0.00;0.00;0.00
30.01.2021;22:52:15;3.33;36.59;10.71;734.89;0.00;0.00;0.00
30.01.2021;22:53:15;3.33;36.61;10.70;734.89;0.00;0.00;0.00
30.01.2021;22:54:15;3.33;36.54;10.70;734.88;0.00;0.00;0.00
30.01.2021;22:55:15;3.33;36.52;10.70;734.88;0.00;0.00;0.00
30.01.2021;22:56:15;3.33;36.58;10.70;734.89;0.00;0.00;0.00
30.01.2021;22:57:15;3.32;36.61;10.70;734.89;0.00;0.00;0.00
30.01.2021;22:58:15;3.33;36.66;10.69;734.88;0.00;0.00;0.00
30.01.2021;22:59:15;3.33;36.66;10.70;734.88;0.00;0.00;0.00
30.01.2021;23:00:15;3.32;36.71;10.70;734.87;0.00;0.00;0.00
30.01.2021;23:01:15;3.33;36.71;10.70;734.88;0.00;0.00;0.00
30.01.2021;23:02:15;3.33;36.62;10.71;734.89;0.00;0.00;0.00
30.01.2021;23:03:15;3.33;36.68;10.71;734.89;0.00;0.00;0.00
30.01.2021;23:04:15;3.29;36.71;10.71;734.88;0.00;0.00;0.00
30.01.2021;23:05:15;3.32;36.67;10.71;734.86;0.00;0.00;0.00
30.01.2021;23:06:15;3.31;36.68;10.72;734.85;0.00;0.00;0.00
30.01.2021;23:07:15;3.28;36.53;10.72;734.84;0.00;0.00;0.00
30.01.2021;23:08:15;3.31;36.60;10.71;734.85;0.00;0.00;0.00
30.01.2021;23:09:15;3.32;36.60;10.70;734.86;0.00;0.00;0.00
30.01.2021;23:10:15;3.32;36.70;10.71;734.85;0.00;0.00;0.00
30.01.2021;23:11:15;3.32;36.69;10.71;734.83;0.00;0.00;0.00
30.01.2021;23:12:15;3.32;36.76;10.71;734.84;0.00;0.00;0.00
30.01.2021;23:13:15;3.33;36.75;10.72;734.86;0.00;0.00;0.00
30.01.2021;23:14:15;3.33;36.70;10.73;734.85;0.00;0.00;0.00
30.01.2021;23:15:15;3.33;36.65;10.74;734.82;0.00;0.00;0.00
30.01.2021;23:16:15;3.33;36.65;10.73;734.81;0.00;0.00;0.00
30.01.2021;23:17:15;3.35;36.66;10.73;734.80;0.00;0.00;0.00
30.01.2021;23:18:15;3.33;36.62;10.73;734.79;0.00;0.00;0.00
30.01.2021;23:19:15;3.33;36.71;10.73;734.78;0.00;0.00;0.00
30.01.2021;23:20:16;3.35;36.71;10.74;734.77;0.00;0.00;0.00
30.01.2021;23:21:16;3.33;36.70;10.75;734.78;0.00;0.00;0.00
30.01.2021;23:22:16;3.33;36.70;10.75;734.80;0.00;0.00;0.00
30.01.2021;23:23:16;3.31;36.70;10.76;734.84;0.00;0.00;0.00
30.01.2021;23:24:16;3.33;36.72;10.76;734.84;0.00;0.00;0.00
30.01.2021;23:25:16;3.33;36.73;10.76;734.85;0.00;0.00;0.00
30.01.2021;23:26:16;3.33;36.74;10.77;734.85;0.00;0.00;0.00
30.01.2021;23:27:16;3.32;36.70;10.78;734.84;0.00;0.00;0.00
30.01.2021;23:28:16;3.33;36.61;10.77;734.81;0.00;0.00;0.00
30.01.2021;23:29:16;3.33;36.61;10.77;734.77;0.00;0.00;0.00
30.01.2021;23:30:16;3.32;36.64;10.77;734.77;0.00;0.00;0.00
30.01.2021;23:31:16;3.35;36.58;10.77;734.77;0.00;0.00;0.00
30.01.2021;23:32:16;3.33;36.62;10.76;734.77;0.00;0.00;0.00
30.01.2021;23:33:16;3.32;36.54;10.76;734.74;0.00;0.00;0.00
30.01.2021;23:34:16;3.35;36.58;10.75;734.73;0.00;0.00;0.00
30.01.2021;23:35:16;3.33;36.63;10.74;734.73;0.00;0.00;0.00
30.01.2021;23:36:16;3.33;36.65;10.74;734.73;0.00;0.00;0.00
30.01.2021;23:37:16;3.33;36.68;10.74;734.79;0.00;0.00;0.00
30.01.2021;23:38:16;3.33;36.73;10.74;734.86;0.00;0.00;0.00
30.01.2021;23:39:16;3.33;36.73;10.74;734.92;0.00;0.00;0.00
30.01.2021;23:40:16;3.33;36.66;10.74;734.96;0.00;0.00;0.00
30.01.2021;23:41:16;3.33;36.63;10.74;735.01;0.00;0.00;0.00
30.01.2021;23:42:16;3.33;36.62;10.74;735.02;0.00;0.00;0.00
30.01.2021;23:43:16;3.33;36.67;10.73;735.02;0.00;0.00;0.00
30.01.2021;23:44:16;3.33;36.67;10.73;735.01;0.00;0.00;0.00
30.01.2021;23:45:16;3.35;36.66;10.73;735.01;0.00;0.00;0.00
30.01.2021;23:46:16;3.33;36.67;10.72;735.00;0.00;0.00;0.00
30.01.2021;23:47:16;3.33;36.56;10.72;734.96;0.00;0.00;0.00
30.01.2021;23:48:16;3.33;36.66;10.71;734.93;0.00;0.00;0.00
30.01.2021;23:49:16;3.31;36.75;10.70;734.94;0.00;0.00;0.00
30.01.2021;23:50:16;3.29;36.80;10.71;734.94;0.00;0.00;0.00
30.01.2021;23:51:16;3.28;36.79;10.72;734.96;0.00;0.00;0.00
30.01.2021;23:52:17;3.24;36.73;10.73;734.97;0.00;0.00;0.00
30.01.2021;23:53:17;3.28;36.71;10.73;734.97;0.00;0.00;0.00
30.01.2021;23:54:17;3.24;36.70;10.73;734.97;0.00;0.00;0.00
30.01.2021;23:55:17;3.22;36.76;10.73;734.97;0.00;0.00;0.00
30.01.2021;23:56:17;3.32;36.77;10.74;734.98;0.00;0.00;0.00
30.01.2021;23:57:17;3.31;36.70;10.74;735.00;0.00;0.00;0.00
30.01.2021;23:58:17;3.32;36.71;10.74;735.00;0.00;0.00;0.00
30.01.2021;23:59:17;3.35;36.68;10.74;735.01;0.00;0.00;0.00
