30.11.2020;0:00:49;3.33;44.29;13.21;757.06;0.00;0.00;0.00
30.11.2020;0:01:49;3.33;44.29;13.19;757.06;0.00;0.00;0.00
30.11.2020;0:02:49;3.33;44.36;13.18;757.04;0.00;0.00;0.00
30.11.2020;0:03:49;3.33;44.38;13.17;757.04;0.00;0.00;0.00
30.11.2020;0:04:49;3.33;44.35;13.16;757.04;0.00;0.00;0.00
30.11.2020;0:05:49;3.35;44.37;13.15;757.02;0.00;0.00;0.00
30.11.2020;0:06:49;3.33;44.42;13.14;757.01;0.00;0.00;0.00
30.11.2020;0:07:49;3.33;44.42;13.13;757.00;0.00;0.00;0.00
30.11.2020;0:08:49;3.36;44.44;13.11;757.00;0.00;0.00;0.00
30.11.2020;0:09:49;3.33;44.49;13.11;756.99;0.00;0.00;0.00
30.11.2020;0:10:49;3.33;44.47;13.10;757.00;0.00;0.00;0.00
30.11.2020;0:11:49;3.35;44.47;13.10;757.01;0.00;0.00;0.00
30.11.2020;0:12:49;3.33;44.48;13.09;757.02;0.00;0.00;0.00
30.11.2020;0:13:49;3.33;44.41;13.07;757.01;0.00;0.00;0.00
30.11.2020;0:14:49;3.33;44.45;13.06;757.01;0.00;0.00;0.00
30.11.2020;0:15:49;3.33;44.45;13.05;757.00;0.00;0.00;0.00
30.11.2020;0:16:49;3.33;44.40;13.04;757.00;0.00;0.00;0.00
30.11.2020;0:17:49;3.33;44.50;13.03;757.01;0.00;0.00;0.00
30.11.2020;0:18:49;3.33;44.54;13.02;757.00;0.00;0.00;0.00
30.11.2020;0:19:50;3.35;44.58;13.01;756.98;0.00;0.00;0.00
30.11.2020;0:20:50;3.33;44.48;13.01;756.99;0.00;0.00;0.00
30.11.2020;0:21:50;3.33;44.59;13.00;757.00;0.00;0.00;0.00
30.11.2020;0:22:50;3.36;44.57;13.00;757.01;0.00;0.00;0.00
30.11.2020;0:23:50;3.33;44.57;12.99;757.03;0.00;0.00;0.00
30.11.2020;0:24:50;3.33;44.56;12.99;757.05;0.00;0.00;0.00
30.11.2020;0:25:50;3.35;44.64;12.98;757.06;0.00;0.00;0.00
30.11.2020;0:26:50;3.33;44.56;12.97;757.05;0.00;0.00;0.00
30.11.2020;0:27:50;3.33;44.57;12.97;757.05;0.00;0.00;0.00
30.11.2020;0:28:50;3.33;44.63;12.96;757.04;0.00;0.00;0.00
30.11.2020;0:29:50;3.33;44.53;12.95;757.04;0.00;0.00;0.00
30.11.2020;0:30:50;3.33;44.58;12.94;757.04;0.00;0.00;0.00
30.11.2020;0:31:50;3.33;44.66;12.93;757.02;0.00;0.00;0.00
30.11.2020;0:32:50;3.33;44.66;12.93;757.01;0.00;0.00;0.00
30.11.2020;0:33:50;3.35;44.68;12.92;757.01;0.00;0.00;0.00
30.11.2020;0:34:50;3.33;44.73;12.92;757.00;0.00;0.00;0.00
30.11.2020;0:35:50;3.33;44.71;12.91;756.99;0.00;0.00;0.00
30.11.2020;0:36:50;3.36;44.69;12.90;756.97;0.00;0.00;0.00
30.11.2020;0:37:50;3.33;44.73;12.90;756.97;0.00;0.00;0.00
30.11.2020;0:38:50;3.33;44.71;12.90;756.97;0.00;0.00;0.00
30.11.2020;0:39:50;3.35;44.77;12.90;756.98;0.00;0.00;0.00
30.11.2020;0:40:50;3.33;44.79;12.89;756.98;0.00;0.00;0.00
30.11.2020;0:41:50;3.33;44.77;12.89;756.98;0.00;0.00;0.00
30.11.2020;0:42:50;3.33;44.81;12.89;756.96;0.00;0.00;0.00
30.11.2020;0:43:50;3.33;44.84;12.88;756.96;0.00;0.00;0.00
30.11.2020;0:44:50;3.33;44.83;12.88;756.96;0.00;0.00;0.00
30.11.2020;0:45:50;3.33;44.84;12.87;756.96;0.00;0.00;0.00
30.11.2020;0:46:50;3.33;44.83;12.86;756.96;0.00;0.00;0.00
30.11.2020;0:47:50;3.35;44.82;12.86;756.97;0.00;0.00;0.00
30.11.2020;0:48:50;3.33;44.88;12.86;756.98;0.00;0.00;0.00
30.11.2020;0:49:50;3.33;44.90;12.86;756.98;0.00;0.00;0.00
30.11.2020;0:50:51;3.36;44.84;12.86;756.99;0.00;0.00;0.00
30.11.2020;0:51:51;3.33;44.86;12.86;756.99;0.00;0.00;0.00
30.11.2020;0:52:51;3.33;44.87;12.85;757.00;0.00;0.00;0.00
30.11.2020;0:53:51;3.35;44.86;12.85;757.00;0.00;0.00;0.00
30.11.2020;0:54:51;3.33;44.89;12.85;756.99;0.00;0.00;0.00
30.11.2020;0:55:51;3.33;44.86;12.85;756.98;0.00;0.00;0.00
30.11.2020;0:56:51;3.33;44.87;12.84;756.97;0.00;0.00;0.00
30.11.2020;0:57:51;3.33;44.85;12.83;756.97;0.00;0.00;0.00
30.11.2020;0:58:51;3.33;44.85;12.83;756.96;0.00;0.00;0.00
30.11.2020;0:59:51;3.33;44.84;12.84;756.97;0.00;0.00;0.00
30.11.2020;1:00:51;3.33;44.83;12.83;756.98;0.00;0.00;0.00
30.11.2020;1:01:51;3.35;44.83;12.82;757.00;0.00;0.00;0.00
30.11.2020;1:02:51;3.33;44.79;12.82;757.01;0.00;0.00;0.00
30.11.2020;1:03:51;3.33;44.78;12.82;757.02;0.00;0.00;0.00
30.11.2020;1:04:51;3.36;44.83;12.81;757.03;0.00;0.00;0.00
30.11.2020;1:05:51;3.33;44.83;12.81;757.03;0.00;0.00;0.00
30.11.2020;1:06:51;3.33;44.83;12.81;757.04;0.00;0.00;0.00
30.11.2020;1:07:51;3.35;44.82;12.81;757.03;0.00;0.00;0.00
30.11.2020;1:08:51;3.33;44.84;12.81;757.04;0.00;0.00;0.00
30.11.2020;1:09:51;3.33;44.85;12.81;757.04;0.00;0.00;0.00
30.11.2020;1:10:51;3.33;44.77;12.80;757.04;0.00;0.00;0.00
30.11.2020;1:11:51;3.33;44.81;12.80;757.04;0.00;0.00;0.00
30.11.2020;1:12:51;3.33;44.78;12.80;757.05;0.00;0.00;0.00
30.11.2020;1:13:51;3.33;44.74;12.79;757.05;0.00;0.00;0.00
30.11.2020;1:14:51;3.33;44.73;12.78;757.05;0.00;0.00;0.00
30.11.2020;1:15:51;3.35;44.75;12.78;757.05;0.00;0.00;0.00
30.11.2020;1:16:51;3.33;44.79;12.78;757.06;0.00;0.00;0.00
30.11.2020;1:17:51;3.33;44.79;12.78;757.08;0.00;0.00;0.00
30.11.2020;1:18:51;3.36;44.81;12.78;757.09;0.00;0.00;0.00
30.11.2020;1:19:51;3.33;44.85;12.78;757.11;0.00;0.00;0.00
30.11.2020;1:20:51;3.33;44.81;12.77;757.11;0.00;0.00;0.00
30.11.2020;1:21:52;3.35;44.77;12.77;757.11;0.00;0.00;0.00
30.11.2020;1:22:52;3.33;44.75;12.77;757.10;0.00;0.00;0.00
30.11.2020;1:23:52;3.33;44.78;12.77;757.08;0.00;0.00;0.00
30.11.2020;1:24:52;3.33;44.79;12.76;757.08;0.00;0.00;0.00
30.11.2020;1:25:52;3.33;44.83;12.75;757.08;0.00;0.00;0.00
30.11.2020;1:26:52;3.33;44.83;12.74;757.07;0.00;0.00;0.00
30.11.2020;1:27:52;3.33;44.81;12.74;757.07;0.00;0.00;0.00
30.11.2020;1:28:52;3.33;44.83;12.73;757.07;0.00;0.00;0.00
30.11.2020;1:29:52;3.35;44.82;12.73;757.08;0.00;0.00;0.00
30.11.2020;1:30:52;3.33;44.83;12.72;757.08;0.00;0.00;0.00
30.11.2020;1:31:52;3.33;44.81;12.72;757.08;0.00;0.00;0.00
30.11.2020;1:32:52;3.36;44.82;12.71;757.07;0.00;0.00;0.00
30.11.2020;1:33:52;3.33;44.85;12.71;757.08;0.00;0.00;0.00
30.11.2020;1:34:52;3.33;44.81;12.70;757.08;0.00;0.00;0.00
30.11.2020;1:35:52;3.35;44.85;12.70;757.08;0.00;0.00;0.00
30.11.2020;1:36:52;3.33;44.85;12.70;757.09;0.00;0.00;0.00
30.11.2020;1:37:52;3.33;44.89;12.69;757.09;0.00;0.00;0.00
30.11.2020;1:38:52;3.33;44.91;12.68;757.11;0.00;0.00;0.00
30.11.2020;1:39:52;3.33;44.91;12.68;757.12;0.00;0.00;0.00
30.11.2020;1:40:52;3.33;44.92;12.68;757.12;0.00;0.00;0.00
30.11.2020;1:41:52;3.33;44.95;12.67;757.12;0.00;0.00;0.00
30.11.2020;1:42:52;3.33;44.93;12.67;757.11;0.00;0.00;0.00
30.11.2020;1:43:52;3.35;44.93;12.66;757.12;0.00;0.00;0.00
30.11.2020;1:44:52;3.33;44.98;12.66;757.11;0.00;0.00;0.00
30.11.2020;1:45:52;3.33;44.95;12.66;757.11;0.00;0.00;0.00
30.11.2020;1:46:52;3.36;44.91;12.65;757.10;0.00;0.00;0.00
30.11.2020;1:47:52;3.33;44.92;12.65;757.11;0.00;0.00;0.00
30.11.2020;1:48:52;3.33;44.95;12.65;757.11;0.00;0.00;0.00
30.11.2020;1:49:52;3.35;44.94;12.65;757.12;0.00;0.00;0.00
30.11.2020;1:50:52;3.33;44.92;12.65;757.12;0.00;0.00;0.00
30.11.2020;1:51:53;3.33;44.93;12.64;757.13;0.00;0.00;0.00
30.11.2020;1:52:53;3.33;44.90;12.64;757.14;0.00;0.00;0.00
30.11.2020;1:53:53;3.33;44.93;12.63;757.15;0.00;0.00;0.00
30.11.2020;1:54:53;3.33;44.93;12.63;757.15;0.00;0.00;0.00
30.11.2020;1:55:53;3.33;44.95;12.63;757.16;0.00;0.00;0.00
30.11.2020;1:56:53;3.33;44.93;12.62;757.16;0.00;0.00;0.00
30.11.2020;1:57:53;3.35;44.92;12.62;757.15;0.00;0.00;0.00
30.11.2020;1:58:53;3.33;44.94;12.62;757.15;0.00;0.00;0.00
30.11.2020;1:59:53;3.33;44.89;12.62;757.16;0.00;0.00;0.00
30.11.2020;2:00:53;3.36;44.94;12.61;757.16;0.00;0.00;0.00
30.11.2020;2:01:53;3.33;44.95;12.61;757.17;0.00;0.00;0.00
30.11.2020;2:02:53;3.33;44.92;12.61;757.18;0.00;0.00;0.00
30.11.2020;2:03:53;3.35;44.96;12.60;757.21;0.00;0.00;0.00
30.11.2020;2:04:53;3.33;44.98;12.60;757.22;0.00;0.00;0.00
30.11.2020;2:05:53;3.33;44.99;12.60;757.23;0.00;0.00;0.00
30.11.2020;2:06:53;3.33;45.00;12.60;757.22;0.00;0.00;0.00
30.11.2020;2:07:53;3.33;44.99;12.59;757.24;0.00;0.00;0.00
30.11.2020;2:08:53;3.33;45.02;12.59;757.26;0.00;0.00;0.00
30.11.2020;2:09:53;3.33;44.98;12.59;757.27;0.00;0.00;0.00
30.11.2020;2:10:53;3.33;44.98;12.59;757.29;0.00;0.00;0.00
30.11.2020;2:11:53;3.35;45.00;12.58;757.30;0.00;0.00;0.00
30.11.2020;2:12:53;3.33;44.99;12.58;757.31;0.00;0.00;0.00
30.11.2020;2:13:53;3.33;45.00;12.57;757.31;0.00;0.00;0.00
30.11.2020;2:14:53;3.36;44.99;12.57;757.31;0.00;0.00;0.00
30.11.2020;2:15:53;3.33;44.97;12.56;757.32;0.00;0.00;0.00
30.11.2020;2:16:53;3.33;45.02;12.56;757.32;0.00;0.00;0.00
30.11.2020;2:17:53;3.35;45.03;12.55;757.32;0.00;0.00;0.00
30.11.2020;2:18:53;3.33;45.01;12.55;757.33;0.00;0.00;0.00
30.11.2020;2:19:53;3.33;45.05;12.54;757.35;0.00;0.00;0.00
30.11.2020;2:20:53;3.33;45.05;12.54;757.36;0.00;0.00;0.00
30.11.2020;2:21:53;3.33;44.99;12.53;757.38;0.00;0.00;0.00
30.11.2020;2:22:54;3.33;45.07;12.53;757.40;0.00;0.00;0.00
30.11.2020;2:23:54;3.33;45.04;12.53;757.40;0.00;0.00;0.00
30.11.2020;2:24:54;3.33;45.05;12.53;757.41;0.00;0.00;0.00
30.11.2020;2:25:54;3.35;45.03;12.52;757.40;0.00;0.00;0.00
30.11.2020;2:26:54;3.33;45.05;12.52;757.41;0.00;0.00;0.00
30.11.2020;2:27:54;3.33;45.06;12.52;757.42;0.00;0.00;0.00
30.11.2020;2:28:54;3.36;45.05;12.52;757.44;0.00;0.00;0.00
30.11.2020;2:29:54;3.33;45.01;12.51;757.44;0.00;0.00;0.00
30.11.2020;2:30:54;3.33;45.03;12.51;757.43;0.00;0.00;0.00
30.11.2020;2:31:54;3.35;45.06;12.51;757.43;0.00;0.00;0.00
30.11.2020;2:32:54;3.33;45.00;12.50;757.42;0.00;0.00;0.00
30.11.2020;2:33:54;3.33;45.07;12.49;757.42;0.00;0.00;0.00
30.11.2020;2:34:54;3.33;45.09;12.49;757.42;0.00;0.00;0.00
30.11.2020;2:35:54;3.33;45.07;12.48;757.43;0.00;0.00;0.00
30.11.2020;2:36:54;3.33;45.05;12.48;757.42;0.00;0.00;0.00
30.11.2020;2:37:54;3.33;45.07;12.47;757.43;0.00;0.00;0.00
30.11.2020;2:38:54;3.33;45.07;12.47;757.42;0.00;0.00;0.00
30.11.2020;2:39:54;3.35;45.09;12.47;757.43;0.00;0.00;0.00
30.11.2020;2:40:54;3.33;45.06;12.47;757.42;0.00;0.00;0.00
30.11.2020;2:41:54;3.33;45.07;12.47;757.43;0.00;0.00;0.00
30.11.2020;2:42:54;3.36;45.11;12.46;757.43;0.00;0.00;0.00
30.11.2020;2:43:54;3.33;45.13;12.46;757.44;0.00;0.00;0.00
30.11.2020;2:44:54;3.33;45.10;12.46;757.44;0.00;0.00;0.00
30.11.2020;2:45:54;3.35;45.05;12.46;757.44;0.00;0.00;0.00
30.11.2020;2:46:54;3.33;45.07;12.45;757.43;0.00;0.00;0.00
30.11.2020;2:47:54;3.33;45.00;12.45;757.42;0.00;0.00;0.00
30.11.2020;2:48:54;3.33;45.01;12.45;757.40;0.00;0.00;0.00
30.11.2020;2:49:54;3.33;44.94;12.44;757.39;0.00;0.00;0.00
30.11.2020;2:50:54;3.33;45.02;12.44;757.38;0.00;0.00;0.00
30.11.2020;2:51:54;3.33;45.06;12.44;757.39;0.00;0.00;0.00
30.11.2020;2:52:54;3.33;45.03;12.43;757.38;0.00;0.00;0.00
30.11.2020;2:53:55;3.35;45.05;12.43;757.39;0.00;0.00;0.00
30.11.2020;2:54:55;3.33;45.08;12.43;757.40;0.00;0.00;0.00
30.11.2020;2:55:55;3.33;45.09;12.42;757.40;0.00;0.00;0.00
30.11.2020;2:56:55;3.36;45.07;12.42;757.40;0.00;0.00;0.00
30.11.2020;2:57:55;3.33;45.05;12.42;757.42;0.00;0.00;0.00
30.11.2020;2:58:55;3.33;45.08;12.41;757.42;0.00;0.00;0.00
30.11.2020;2:59:55;3.35;45.07;12.40;757.42;0.00;0.00;0.00
30.11.2020;3:00:55;3.33;45.04;12.40;757.41;0.00;0.00;0.00
30.11.2020;3:01:55;3.33;45.05;12.40;757.40;0.00;0.00;0.00
30.11.2020;3:02:55;3.33;45.10;12.40;757.40;0.00;0.00;0.00
30.11.2020;3:03:55;3.33;45.11;12.39;757.41;0.00;0.00;0.00
30.11.2020;3:04:55;3.33;45.11;12.39;757.41;0.00;0.00;0.00
30.11.2020;3:05:55;3.33;45.16;12.38;757.43;0.00;0.00;0.00
30.11.2020;3:06:55;3.33;45.18;12.38;757.45;0.00;0.00;0.00
30.11.2020;3:07:55;3.35;45.17;12.37;757.45;0.00;0.00;0.00
30.11.2020;3:08:55;3.33;45.13;12.37;757.46;0.00;0.00;0.00
30.11.2020;3:09:55;3.33;45.18;12.37;757.47;0.00;0.00;0.00
30.11.2020;3:10:55;3.36;45.14;12.38;757.46;0.00;0.00;0.00
30.11.2020;3:11:55;3.33;45.15;12.37;757.46;0.00;0.00;0.00
30.11.2020;3:12:55;3.33;45.10;12.37;757.47;0.00;0.00;0.00
30.11.2020;3:13:55;3.35;45.10;12.37;757.48;0.00;0.00;0.00
30.11.2020;3:14:55;3.33;45.15;12.37;757.49;0.00;0.00;0.00
30.11.2020;3:15:55;3.33;45.19;12.36;757.49;0.00;0.00;0.00
30.11.2020;3:16:55;3.33;45.16;12.36;757.48;0.00;0.00;0.00
30.11.2020;3:17:55;3.33;45.20;12.36;757.49;0.00;0.00;0.00
30.11.2020;3:18:55;3.33;45.16;12.35;757.51;0.00;0.00;0.00
30.11.2020;3:19:55;3.33;45.21;12.35;757.49;0.00;0.00;0.00
30.11.2020;3:20:55;3.33;45.22;12.35;757.51;0.00;0.00;0.00
30.11.2020;3:21:55;3.35;45.21;12.34;757.51;0.00;0.00;0.00
30.11.2020;3:22:55;3.33;45.17;12.34;757.52;0.00;0.00;0.00
30.11.2020;3:23:55;3.33;45.13;12.33;757.53;0.00;0.00;0.00
30.11.2020;3:24:56;3.36;45.13;12.33;757.54;0.00;0.00;0.00
30.11.2020;3:25:56;3.33;45.11;12.33;757.53;0.00;0.00;0.00
30.11.2020;3:26:56;3.33;45.05;12.33;757.53;0.00;0.00;0.00
30.11.2020;3:27:56;3.35;45.00;12.33;757.53;0.00;0.00;0.00
30.11.2020;3:28:56;3.33;45.04;12.33;757.53;0.00;0.00;0.00
30.11.2020;3:29:56;3.33;44.97;12.33;757.53;0.00;0.00;0.00
30.11.2020;3:30:56;3.33;45.02;12.33;757.54;0.00;0.00;0.00
30.11.2020;3:31:56;3.33;45.09;12.33;757.55;0.00;0.00;0.00
30.11.2020;3:32:56;3.33;45.02;12.34;757.54;0.00;0.00;0.00
30.11.2020;3:33:56;3.33;44.99;12.33;757.54;0.00;0.00;0.00
30.11.2020;3:34:56;3.33;45.06;12.33;757.54;0.00;0.00;0.00
30.11.2020;3:35:56;3.35;45.06;12.33;757.54;0.00;0.00;0.00
30.11.2020;3:36:56;3.33;44.96;12.33;757.54;0.00;0.00;0.00
30.11.2020;3:37:56;3.33;44.94;12.33;757.53;0.00;0.00;0.00
30.11.2020;3:38:56;3.36;44.93;12.33;757.52;0.00;0.00;0.00
30.11.2020;3:39:56;3.33;44.90;12.33;757.50;0.00;0.00;0.00
30.11.2020;3:40:56;3.33;44.83;12.34;757.49;0.00;0.00;0.00
30.11.2020;3:41:56;3.35;44.87;12.34;757.50;0.00;0.00;0.00
30.11.2020;3:42:56;3.33;44.88;12.35;757.51;0.00;0.00;0.00
30.11.2020;3:43:56;3.33;44.87;12.36;757.53;0.00;0.00;0.00
30.11.2020;3:44:56;3.33;44.82;12.38;757.54;0.00;0.00;0.00
30.11.2020;3:45:56;3.33;44.76;12.38;757.55;0.00;0.00;0.00
30.11.2020;3:46:56;3.33;44.70;12.39;757.54;0.00;0.00;0.00
30.11.2020;3:47:56;3.33;44.72;12.40;757.54;0.00;0.00;0.00
30.11.2020;3:48:56;3.33;44.67;12.41;757.54;0.00;0.00;0.00
30.11.2020;3:49:56;3.35;44.55;12.42;757.55;0.00;0.00;0.00
30.11.2020;3:50:56;3.33;44.58;12.42;757.55;0.00;0.00;0.00
30.11.2020;3:51:56;3.33;44.57;12.42;757.57;0.00;0.00;0.00
30.11.2020;3:52:56;3.36;44.51;12.43;757.59;0.00;0.00;0.00
30.11.2020;3:53:56;3.33;44.55;12.43;757.59;0.00;0.00;0.00
30.11.2020;3:54:56;3.33;44.58;12.43;757.59;0.00;0.00;0.00
30.11.2020;3:55:57;3.35;44.54;12.44;757.59;0.00;0.00;0.00
30.11.2020;3:56:57;3.33;44.46;12.44;757.58;0.00;0.00;0.00
30.11.2020;3:57:57;3.33;44.49;12.44;757.57;0.00;0.00;0.00
30.11.2020;3:58:57;3.33;44.47;12.44;757.56;0.00;0.00;0.00
30.11.2020;3:59:57;3.33;44.43;12.45;757.55;0.00;0.00;0.00
30.11.2020;4:00:57;3.33;44.30;12.45;757.54;0.00;0.00;0.00
30.11.2020;4:01:57;3.33;44.31;12.44;757.53;0.00;0.00;0.00
30.11.2020;4:02:57;3.33;44.42;12.44;757.52;0.00;0.00;0.00
30.11.2020;4:03:57;3.35;44.30;12.44;757.50;0.00;0.00;0.00
30.11.2020;4:04:57;3.33;44.40;12.45;757.49;0.00;0.00;0.00
30.11.2020;4:05:57;3.33;44.26;12.44;757.49;0.00;0.00;0.00
30.11.2020;4:06:57;3.36;44.46;12.44;757.49;0.00;0.00;0.00
30.11.2020;4:07:57;3.33;44.40;12.45;757.50;0.00;0.00;0.00
30.11.2020;4:08:57;3.33;44.39;12.46;757.50;0.00;0.00;0.00
30.11.2020;4:09:57;3.35;44.40;12.46;757.49;0.00;0.00;0.00
30.11.2020;4:10:57;3.33;44.36;12.46;757.49;0.00;0.00;0.00
30.11.2020;4:11:57;3.33;44.37;12.46;757.47;0.00;0.00;0.00
30.11.2020;4:12:57;3.33;44.31;12.47;757.48;0.00;0.00;0.00
30.11.2020;4:13:57;3.33;44.35;12.47;757.48;0.00;0.00;0.00
30.11.2020;4:14:57;3.33;44.27;12.48;757.48;0.00;0.00;0.00
30.11.2020;4:15:57;3.33;44.09;12.48;757.49;0.00;0.00;0.00
30.11.2020;4:16:57;3.33;44.28;12.48;757.50;0.00;0.00;0.00
30.11.2020;4:17:57;3.35;44.30;12.49;757.51;0.00;0.00;0.00
30.11.2020;4:18:57;3.33;44.19;12.50;757.51;0.00;0.00;0.00
30.11.2020;4:19:57;3.33;44.26;12.49;757.51;0.00;0.00;0.00
30.11.2020;4:20:57;3.36;44.24;12.50;757.52;0.00;0.00;0.00
30.11.2020;4:21:57;3.33;44.18;12.51;757.54;0.00;0.00;0.00
30.11.2020;4:22:57;3.33;44.14;12.51;757.55;0.00;0.00;0.00
30.11.2020;4:23:57;3.35;44.09;12.51;757.55;0.00;0.00;0.00
30.11.2020;4:24:57;3.33;44.15;12.52;757.56;0.00;0.00;0.00
30.11.2020;4:25:57;3.33;44.21;12.53;757.56;0.00;0.00;0.00
30.11.2020;4:26:58;3.33;44.21;12.53;757.56;0.00;0.00;0.00
30.11.2020;4:27:58;3.33;44.17;12.53;757.56;0.00;0.00;0.00
30.11.2020;4:28:58;3.33;44.16;12.54;757.57;0.00;0.00;0.00
30.11.2020;4:29:58;3.33;44.14;12.55;757.58;0.00;0.00;0.00
30.11.2020;4:30:58;3.33;44.18;12.55;757.59;0.00;0.00;0.00
30.11.2020;4:31:58;3.35;44.19;12.56;757.60;0.00;0.00;0.00
30.11.2020;4:32:58;3.33;44.07;12.57;757.61;0.00;0.00;0.00
30.11.2020;4:33:58;3.33;44.05;12.57;757.61;0.00;0.00;0.00
30.11.2020;4:34:58;3.36;44.03;12.58;757.61;0.00;0.00;0.00
30.11.2020;4:35:58;3.33;44.02;12.58;757.62;0.00;0.00;0.00
30.11.2020;4:36:58;3.33;43.99;12.58;757.63;0.00;0.00;0.00
30.11.2020;4:37:58;3.35;44.08;12.58;757.64;0.00;0.00;0.00
30.11.2020;4:38:58;3.33;44.07;12.58;757.64;0.00;0.00;0.00
30.11.2020;4:39:58;3.33;44.05;12.58;757.66;0.00;0.00;0.00
30.11.2020;4:40:58;3.33;44.08;12.58;757.67;0.00;0.00;0.00
30.11.2020;4:41:58;3.33;44.04;12.58;757.66;0.00;0.00;0.00
30.11.2020;4:42:58;3.33;43.97;12.59;757.66;0.00;0.00;0.00
30.11.2020;4:43:58;3.33;44.02;12.59;757.67;0.00;0.00;0.00
30.11.2020;4:44:58;3.33;43.94;12.59;757.67;0.00;0.00;0.00
30.11.2020;4:45:58;3.35;43.99;12.59;757.68;0.00;0.00;0.00
30.11.2020;4:46:58;3.33;43.97;12.59;757.68;0.00;0.00;0.00
30.11.2020;4:47:58;3.33;44.01;12.59;757.70;0.00;0.00;0.00
30.11.2020;4:48:58;3.36;43.99;12.60;757.70;0.00;0.00;0.00
30.11.2020;4:49:58;3.33;43.91;12.60;757.69;0.00;0.00;0.00
30.11.2020;4:50:58;3.33;43.91;12.60;757.69;0.00;0.00;0.00
30.11.2020;4:51:58;3.35;43.94;12.60;757.71;0.00;0.00;0.00
30.11.2020;4:52:58;3.33;43.95;12.61;757.73;0.00;0.00;0.00
30.11.2020;4:53:58;3.33;43.95;12.61;757.73;0.00;0.00;0.00
30.11.2020;4:54:58;3.33;43.92;12.60;757.74;0.00;0.00;0.00
30.11.2020;4:55:58;3.33;43.85;12.60;757.73;0.00;0.00;0.00
30.11.2020;4:56:58;3.33;43.84;12.60;757.72;0.00;0.00;0.00
30.11.2020;4:57:59;3.33;43.78;12.60;757.73;0.00;0.00;0.00
30.11.2020;4:58:59;3.33;43.82;12.60;757.74;0.00;0.00;0.00
30.11.2020;4:59:59;3.35;43.87;12.60;757.76;0.00;0.00;0.00
30.11.2020;5:00:59;3.33;43.88;12.61;757.77;0.00;0.00;0.00
30.11.2020;5:01:59;3.33;43.91;12.61;757.79;0.00;0.00;0.00
30.11.2020;5:02:59;3.36;43.88;12.61;757.79;0.00;0.00;0.00
30.11.2020;5:03:59;3.33;43.79;12.62;757.79;0.00;0.00;0.00
30.11.2020;5:04:59;3.33;43.80;12.62;757.77;0.00;0.00;0.00
30.11.2020;5:05:59;3.35;43.58;12.62;757.76;0.00;0.00;0.00
30.11.2020;5:06:59;3.33;43.68;12.62;757.75;0.00;0.00;0.00
30.11.2020;5:07:59;3.33;43.71;12.63;757.75;0.00;0.00;0.00
30.11.2020;5:08:59;3.33;43.70;12.63;757.75;0.00;0.00;0.00
30.11.2020;5:09:59;3.33;43.69;12.64;757.76;0.00;0.00;0.00
30.11.2020;5:10:59;3.33;43.64;12.64;757.75;0.00;0.00;0.00
30.11.2020;5:11:59;3.33;43.68;12.65;757.75;0.00;0.00;0.00
30.11.2020;5:12:59;3.33;43.64;12.65;757.74;0.00;0.00;0.00
30.11.2020;5:13:59;3.35;43.66;12.67;757.75;0.00;0.00;0.00
30.11.2020;5:14:59;3.33;43.52;12.67;757.76;0.00;0.00;0.00
30.11.2020;5:15:59;3.33;43.65;12.67;757.75;0.00;0.00;0.00
30.11.2020;5:16:59;3.36;43.48;12.67;757.76;0.00;0.00;0.00
30.11.2020;5:17:59;3.33;43.52;12.68;757.75;0.00;0.00;0.00
30.11.2020;5:18:59;3.33;43.35;12.69;757.74;0.00;0.00;0.00
30.11.2020;5:19:59;3.35;43.46;12.69;757.73;0.00;0.00;0.00
30.11.2020;5:20:59;3.33;43.46;12.69;757.75;0.00;0.00;0.00
30.11.2020;5:21:59;3.33;43.42;12.69;757.76;0.00;0.00;0.00
30.11.2020;5:22:59;3.33;43.49;12.69;757.78;0.00;0.00;0.00
30.11.2020;5:23:59;3.33;43.51;12.69;757.78;0.00;0.00;0.00
30.11.2020;5:24:59;3.33;43.51;12.71;757.78;0.00;0.00;0.00
30.11.2020;5:25:59;3.33;43.38;12.71;757.80;0.00;0.00;0.00
30.11.2020;5:26:59;3.33;43.41;12.72;757.81;0.00;0.00;0.00
30.11.2020;5:27:59;3.35;43.47;12.73;757.82;0.00;0.00;0.00
30.11.2020;5:29:00;3.33;43.38;12.73;757.82;0.00;0.00;0.00
30.11.2020;5:30:00;3.33;43.24;12.73;757.82;0.00;0.00;0.00
30.11.2020;5:31:00;3.36;43.27;12.74;757.83;0.00;0.00;0.00
30.11.2020;5:32:00;3.33;43.34;12.75;757.83;0.00;0.00;0.00
30.11.2020;5:33:00;3.33;43.35;12.76;757.84;0.00;0.00;0.00
30.11.2020;5:34:00;3.35;43.18;12.77;757.83;0.00;0.00;0.00
30.11.2020;5:35:00;3.33;43.28;12.77;757.83;0.00;0.00;0.00
30.11.2020;5:36:00;3.33;43.26;12.79;757.82;0.00;0.00;0.00
30.11.2020;5:37:00;3.33;43.25;12.80;757.82;0.00;0.00;0.00
30.11.2020;5:38:00;3.33;43.18;12.80;757.83;0.00;0.00;0.00
30.11.2020;5:39:00;3.33;43.20;12.80;757.84;0.00;0.00;0.00
30.11.2020;5:40:00;3.33;43.17;12.80;757.84;0.00;0.00;0.00
30.11.2020;5:41:00;3.33;43.16;12.80;757.85;0.00;0.00;0.00
30.11.2020;5:42:00;3.35;43.18;12.81;757.87;0.00;0.00;0.00
30.11.2020;5:43:00;3.33;43.26;12.81;757.87;0.00;0.00;0.00
30.11.2020;5:44:00;3.33;43.33;12.82;757.87;0.00;0.00;0.00
30.11.2020;5:45:00;3.36;43.31;12.83;757.87;0.00;0.00;0.00
30.11.2020;5:46:00;3.33;43.29;12.84;757.89;0.00;0.00;0.00
30.11.2020;5:47:00;3.33;43.23;12.85;757.88;0.00;0.00;0.00
30.11.2020;5:48:00;3.35;43.23;12.86;757.88;0.00;0.00;0.00
30.11.2020;5:49:00;3.33;43.16;12.88;757.89;0.00;0.00;0.00
30.11.2020;5:50:00;3.33;43.22;12.88;757.90;0.00;0.00;0.00
30.11.2020;5:51:00;3.33;43.19;12.89;757.89;0.00;0.00;0.00
30.11.2020;5:52:00;3.33;43.12;12.89;757.90;0.00;0.00;0.00
30.11.2020;5:53:00;3.33;43.07;12.89;757.90;0.00;0.00;0.00
30.11.2020;5:54:00;3.33;43.16;12.90;757.91;0.00;0.00;0.00
30.11.2020;5:55:00;3.33;43.11;12.91;757.91;0.00;0.00;0.00
30.11.2020;5:56:00;3.35;43.09;12.91;757.91;0.00;0.00;0.00
30.11.2020;5:57:00;3.33;42.99;12.91;757.91;0.00;0.00;0.00
30.11.2020;5:58:00;3.33;43.03;12.91;757.91;0.00;0.00;0.00
30.11.2020;5:59:00;3.36;43.06;12.91;757.91;0.00;0.00;0.00
30.11.2020;6:00:01;3.33;42.99;12.91;757.91;0.00;0.00;0.00
30.11.2020;6:01:01;3.33;43.01;12.91;757.90;0.00;0.00;0.00
30.11.2020;6:02:01;3.35;42.84;12.91;757.88;0.00;0.00;0.00
30.11.2020;6:03:01;3.33;42.83;12.92;757.88;0.00;0.00;0.00
30.11.2020;6:04:01;3.33;42.82;12.92;757.88;0.00;0.00;0.00
30.11.2020;6:05:01;3.33;42.85;12.92;757.86;0.00;0.00;0.00
30.11.2020;6:06:01;3.33;42.79;12.92;757.85;0.00;0.00;0.00
30.11.2020;6:07:01;3.33;42.78;12.93;757.86;0.00;0.00;0.00
30.11.2020;6:08:01;3.33;43.01;12.93;757.86;0.00;0.00;0.00
30.11.2020;6:09:01;3.33;42.96;12.92;757.87;0.00;0.00;0.00
30.11.2020;6:10:01;3.35;43.02;12.93;757.89;0.00;0.00;0.00
30.11.2020;6:11:01;3.33;43.12;12.94;757.89;0.00;0.00;0.00
30.11.2020;6:12:01;3.33;42.90;12.95;757.89;0.00;0.00;0.00
30.11.2020;6:13:01;3.36;42.87;12.95;757.88;0.00;0.00;0.00
30.11.2020;6:14:01;3.33;42.84;12.95;757.90;0.00;0.00;0.00
30.11.2020;6:15:01;3.33;42.69;12.93;757.90;0.00;0.00;0.00
30.11.2020;6:16:01;3.35;42.82;12.93;757.89;0.00;0.00;0.00
30.11.2020;6:17:01;3.33;42.68;12.92;757.90;0.00;0.00;0.00
30.11.2020;6:18:01;3.33;42.79;12.91;757.89;0.00;0.00;0.00
30.11.2020;6:19:01;3.33;42.74;12.91;757.89;0.00;0.00;0.00
30.11.2020;6:20:01;3.33;42.80;12.92;757.90;0.00;0.00;0.00
30.11.2020;6:21:01;3.33;42.77;12.92;757.90;0.00;0.00;0.00
30.11.2020;6:22:01;3.33;42.83;12.92;757.91;0.00;0.00;0.00
30.11.2020;6:23:01;3.33;42.82;12.92;757.91;0.00;0.00;0.00
30.11.2020;6:24:01;3.35;42.71;12.92;757.92;0.00;0.00;0.00
30.11.2020;6:25:01;3.33;42.71;12.90;757.92;0.00;0.00;0.00
30.11.2020;6:26:01;3.33;42.75;12.89;757.93;0.00;0.00;0.00
30.11.2020;6:27:01;3.36;42.79;12.89;757.92;0.00;0.00;0.00
30.11.2020;6:28:01;3.33;42.64;12.89;757.93;0.00;0.00;0.00
30.11.2020;6:29:01;3.33;42.94;12.88;757.94;0.00;0.00;0.00
30.11.2020;6:30:01;3.35;42.86;12.88;757.95;0.00;0.00;0.00
30.11.2020;6:31:02;3.33;42.91;12.88;757.97;0.00;0.00;0.00
30.11.2020;6:32:02;3.33;42.96;12.87;757.97;0.00;0.00;0.00
30.11.2020;6:33:02;3.33;42.92;12.87;757.99;0.00;0.00;0.00
30.11.2020;6:34:02;3.33;42.90;12.86;757.99;0.00;0.00;0.00
30.11.2020;6:35:02;3.33;42.93;12.86;757.98;0.00;0.00;0.00
30.11.2020;6:36:02;3.33;42.92;12.87;757.97;0.00;0.00;0.00
30.11.2020;6:37:02;3.33;42.92;12.86;757.98;0.00;0.00;0.00
30.11.2020;6:38:02;3.35;42.85;12.86;757.98;0.00;0.00;0.00
30.11.2020;6:39:02;3.33;42.90;12.85;757.96;0.00;0.00;0.00
30.11.2020;6:40:02;3.33;43.03;12.84;757.96;0.00;0.00;0.00
30.11.2020;6:41:02;3.36;43.05;12.85;757.97;0.00;0.00;0.00
30.11.2020;6:42:02;3.33;43.05;12.85;757.97;0.00;0.00;0.00
30.11.2020;6:43:02;3.33;43.01;12.85;757.97;0.00;0.00;0.00
30.11.2020;6:44:02;3.35;43.13;12.85;757.97;0.00;0.00;0.00
30.11.2020;6:45:02;3.33;43.09;12.86;757.98;0.00;0.00;0.00
30.11.2020;6:46:02;3.33;43.10;12.87;758.00;0.00;0.00;0.00
30.11.2020;6:47:02;3.33;43.04;12.86;758.02;0.00;0.00;0.00
30.11.2020;6:48:02;3.33;43.15;12.86;758.03;0.00;0.00;0.00
30.11.2020;6:49:02;3.33;43.07;12.86;758.04;0.00;0.00;0.00
30.11.2020;6:50:02;3.33;43.03;12.85;758.04;0.00;0.00;0.00
30.11.2020;6:51:02;3.33;43.14;12.85;758.05;0.00;0.00;0.00
30.11.2020;6:52:02;3.35;43.02;12.86;758.08;0.00;0.00;0.00
30.11.2020;6:53:02;3.33;43.10;12.86;758.08;0.00;0.00;0.00
30.11.2020;6:54:02;3.33;43.08;12.87;758.08;0.00;0.00;0.00
30.11.2020;6:55:02;3.36;43.07;12.88;758.08;0.00;0.00;0.00
30.11.2020;6:56:02;3.33;43.07;12.87;758.09;0.00;0.00;0.00
30.11.2020;6:57:02;3.33;43.17;12.88;758.11;0.00;0.00;0.00
30.11.2020;6:58:02;3.35;43.17;12.88;758.11;0.00;0.00;0.00
30.11.2020;6:59:02;3.33;43.14;12.88;758.12;0.00;0.00;0.00
30.11.2020;7:00:02;3.33;43.14;12.88;758.11;0.00;0.00;0.00
30.11.2020;7:01:02;3.33;43.19;12.88;758.11;0.00;0.00;0.00
30.11.2020;7:02:03;3.33;43.18;12.88;758.10;0.00;0.00;0.00
30.11.2020;7:03:03;3.33;43.22;12.88;758.10;0.00;0.00;0.00
30.11.2020;7:04:03;3.33;43.20;12.88;758.09;0.00;0.00;0.00
30.11.2020;7:05:03;3.33;43.16;12.89;758.09;0.00;0.00;0.00
30.11.2020;7:06:03;3.35;43.13;12.89;758.08;0.00;0.00;0.00
30.11.2020;7:07:03;3.33;42.90;12.88;758.07;0.00;0.00;0.00
30.11.2020;7:08:03;3.40;43.05;12.89;758.06;0.00;0.00;0.00
30.11.2020;7:09:03;4.14;42.91;12.89;758.07;0.00;0.00;0.00
30.11.2020;7:10:03;4.17;43.04;12.89;758.07;0.00;0.00;0.00
30.11.2020;7:11:03;4.17;42.85;12.89;758.07;0.00;0.00;0.00
30.11.2020;7:12:03;4.18;42.93;12.89;758.06;0.00;0.00;0.00
30.11.2020;7:13:03;4.82;43.00;12.90;758.07;0.00;0.00;0.00
30.11.2020;7:14:03;5.00;43.03;12.91;758.07;0.00;0.00;0.00
30.11.2020;7:15:03;5.31;42.94;12.90;758.09;0.00;0.00;0.00
30.11.2020;7:16:03;5.83;42.97;12.90;758.10;0.00;0.00;0.00
30.11.2020;7:17:03;6.32;42.94;12.89;758.10;0.00;0.00;0.00
30.11.2020;7:18:03;6.88;43.02;12.89;758.11;0.00;0.00;0.00
30.11.2020;7:19:03;7.56;42.97;12.89;758.13;0.00;0.00;0.00
30.11.2020;7:20:03;8.42;42.96;12.90;758.14;0.00;0.00;0.00
30.11.2020;7:21:03;9.35;42.89;12.89;758.15;0.00;0.00;0.00
30.11.2020;7:22:03;10.35;42.92;12.90;758.16;0.00;0.00;0.00
30.11.2020;7:23:03;11.46;42.82;12.90;758.16;0.00;0.00;0.00
30.11.2020;7:24:03;12.83;42.77;12.89;758.16;0.00;0.00;0.00
30.11.2020;7:25:03;14.32;42.78;12.89;758.16;0.00;0.00;0.00
30.11.2020;7:26:03;15.93;42.72;12.89;758.17;0.00;0.00;0.00
30.11.2020;7:27:03;17.74;42.50;12.88;758.19;0.00;0.00;0.00
30.11.2020;7:28:03;19.79;42.07;12.87;758.20;0.01;0.00;0.00
30.11.2020;7:29:03;21.86;42.04;12.85;758.21;0.01;0.00;0.00
30.11.2020;7:30:03;24.15;41.59;12.83;758.22;0.02;0.00;0.00
30.11.2020;7:31:03;26.63;42.36;12.82;758.22;0.03;0.00;0.00
30.11.2020;7:32:04;29.40;42.58;12.83;758.22;0.03;0.00;0.00
30.11.2020;7:33:04;32.19;42.35;12.84;758.24;0.04;0.00;0.00
30.11.2020;7:34:04;35.33;41.72;12.82;758.25;0.05;0.00;0.00
30.11.2020;7:35:04;38.60;42.12;12.81;758.27;0.06;0.00;0.00
30.11.2020;7:36:04;42.13;42.42;12.81;758.29;0.07;0.00;0.00
30.11.2020;7:37:04;45.90;42.40;12.81;758.30;0.08;0.00;0.00
30.11.2020;7:38:04;49.94;42.48;12.81;758.31;0.09;0.00;0.00
30.11.2020;7:39:04;54.31;42.59;12.82;758.31;0.10;0.00;0.00
30.11.2020;7:40:04;58.82;42.44;12.82;758.30;0.11;0.00;0.00
30.11.2020;7:41:04;63.57;41.99;12.82;758.30;0.12;0.00;0.00
30.11.2020;7:42:04;68.60;41.77;12.80;758.32;0.14;0.00;0.00
30.11.2020;7:43:04;73.99;42.02;12.79;758.33;0.15;0.00;0.00
30.11.2020;7:44:04;79.65;42.49;12.79;758.35;0.16;0.00;0.00
30.11.2020;7:45:04;85.56;42.41;12.79;758.35;0.18;0.00;0.00
30.11.2020;7:46:04;91.78;42.67;12.81;758.38;0.19;0.00;0.00
30.11.2020;7:47:04;98.36;42.36;12.81;758.40;0.21;0.00;0.00
30.11.2020;7:48:04;105.04;42.24;12.80;758.43;0.22;0.00;0.00
30.11.2020;7:49:04;111.74;42.41;12.81;758.46;0.24;0.00;0.00
30.11.2020;7:50:04;118.38;42.58;12.81;758.48;0.25;0.00;0.00
30.11.2020;7:51:04;124.85;42.39;12.81;758.48;0.27;0.00;0.00
30.11.2020;7:52:04;131.36;42.56;12.82;758.49;0.28;0.00;0.00
30.11.2020;7:53:04;137.84;42.73;12.83;758.49;0.30;0.00;0.00
30.11.2020;7:54:04;144.57;42.46;12.84;758.50;0.31;0.00;0.00
30.11.2020;7:55:04;151.31;42.68;12.84;758.51;0.32;0.00;0.00
30.11.2020;7:56:04;157.82;42.53;12.85;758.52;0.34;0.00;0.00
30.11.2020;7:57:04;164.25;42.67;12.85;758.52;0.35;0.00;0.00
30.11.2020;7:58:04;170.49;42.63;12.86;758.53;0.36;0.00;0.00
30.11.2020;7:59:04;176.81;42.77;12.86;758.54;0.37;0.00;0.00
30.11.2020;8:00:04;183.18;42.85;12.87;758.55;0.38;0.00;0.00
30.11.2020;8:01:05;189.56;42.72;12.88;758.56;0.40;0.00;0.00
30.11.2020;8:02:05;196.08;42.68;12.89;758.56;0.41;0.00;0.00
30.11.2020;8:03:05;202.53;42.77;12.90;758.55;0.42;0.00;0.00
30.11.2020;8:04:05;208.90;42.69;12.91;758.54;0.43;0.02;0.01
30.11.2020;8:05:05;215.46;42.66;12.92;758.54;0.45;0.07;0.03
30.11.2020;8:06:05;221.94;42.40;12.92;758.53;0.46;0.08;0.04
30.11.2020;8:07:05;228.29;42.47;12.92;758.51;0.47;0.10;0.05
30.11.2020;8:08:05;234.53;42.38;12.92;758.50;0.48;0.11;0.05
30.11.2020;8:09:05;240.54;42.32;12.91;758.49;0.49;0.14;0.07
30.11.2020;8:10:05;246.64;42.38;12.92;758.48;0.50;0.16;0.08
30.11.2020;8:11:05;252.87;42.40;12.92;758.48;0.51;0.18;0.09
30.11.2020;8:12:05;259.07;42.48;12.93;758.47;0.52;0.20;0.10
30.11.2020;8:13:05;265.29;42.30;12.94;758.47;0.54;0.21;0.11
30.11.2020;8:14:05;271.40;42.23;12.94;758.47;0.55;0.22;0.12
30.11.2020;8:15:05;276.99;42.18;12.95;758.46;0.56;0.26;0.14
30.11.2020;8:16:05;282.25;42.10;12.94;758.46;0.56;0.27;0.15
30.11.2020;8:17:05;287.18;41.85;12.93;758.46;0.57;0.28;0.16
30.11.2020;8:18:05;292.00;41.74;12.93;758.44;0.58;0.29;0.17
30.11.2020;8:19:05;296.86;41.57;12.91;758.42;0.59;0.31;0.18
30.11.2020;8:20:05;301.86;41.27;12.89;758.41;0.60;0.32;0.19
30.11.2020;8:21:05;306.77;41.46;12.89;758.42;0.61;0.33;0.20
30.11.2020;8:22:05;311.72;41.29;12.88;758.42;0.62;0.35;0.22
30.11.2020;8:23:05;316.45;41.29;12.88;758.42;0.62;0.36;0.23
30.11.2020;8:24:05;321.43;41.52;12.87;758.42;0.63;0.38;0.24
30.11.2020;8:25:05;326.92;41.45;12.86;758.42;0.64;0.39;0.25
30.11.2020;8:26:05;332.19;41.57;12.87;758.42;0.65;0.40;0.26
30.11.2020;8:27:05;337.93;42.07;12.87;758.44;0.66;0.41;0.27
30.11.2020;8:28:06;343.19;42.00;12.88;758.46;0.67;0.42;0.28
30.11.2020;8:29:06;347.53;42.17;12.89;758.47;0.68;0.43;0.29
30.11.2020;8:30:06;351.35;42.16;12.90;758.49;0.68;0.44;0.30
30.11.2020;8:31:06;355.35;42.27;12.90;758.48;0.69;0.47;0.32
30.11.2020;8:32:06;359.67;42.32;12.91;758.49;0.70;0.48;0.34
30.11.2020;8:33:06;363.98;42.29;12.92;758.49;0.71;0.49;0.35
30.11.2020;8:34:06;369.03;42.35;12.93;758.51;0.71;0.50;0.36
30.11.2020;8:35:06;375.11;42.27;12.93;758.51;0.73;0.51;0.37
30.11.2020;8:36:06;381.35;42.33;12.93;758.52;0.74;0.53;0.39
30.11.2020;8:37:06;387.04;42.27;12.94;758.52;0.75;0.55;0.41
30.11.2020;8:38:06;392.10;42.35;12.94;758.54;0.76;0.57;0.43
30.11.2020;8:39:06;396.36;42.27;12.95;758.55;0.76;0.59;0.45
30.11.2020;8:40:06;399.93;42.37;12.96;758.57;0.77;0.60;0.46
30.11.2020;8:41:06;403.36;42.43;12.96;758.59;0.77;0.60;0.46
30.11.2020;8:42:06;407.61;42.42;12.97;758.60;0.78;0.61;0.47
30.11.2020;8:43:06;412.51;42.45;12.98;758.62;0.79;0.62;0.49
30.11.2020;8:44:06;418.43;42.42;12.98;758.63;0.80;0.64;0.52
30.11.2020;8:45:06;424.48;42.40;12.98;758.64;0.81;0.66;0.54
30.11.2020;8:46:06;431.21;42.33;12.99;758.66;0.83;0.69;0.57
30.11.2020;8:47:06;436.86;42.32;12.99;758.68;0.84;0.70;0.59
30.11.2020;8:48:06;442.65;42.30;12.99;758.69;0.85;0.73;0.62
30.11.2020;8:49:06;448.87;42.25;12.99;758.69;0.86;0.74;0.64
30.11.2020;8:50:06;455.85;42.22;12.99;758.68;0.88;0.79;0.70
30.11.2020;8:51:06;462.60;42.05;12.99;758.69;0.89;0.79;0.71
30.11.2020;8:52:06;465.88;41.82;12.98;758.69;0.90;0.80;0.72
30.11.2020;8:53:06;468.43;42.06;12.97;758.69;0.90;0.80;0.72
30.11.2020;8:54:06;471.71;42.29;12.96;758.68;0.90;0.80;0.73
30.11.2020;8:55:07;474.45;42.35;12.96;758.68;0.91;0.81;0.74
30.11.2020;8:56:07;477.01;42.28;12.95;758.67;0.91;0.81;0.74
30.11.2020;8:57:07;479.04;42.20;12.93;758.64;0.91;0.82;0.75
30.11.2020;8:58:07;478.93;42.30;12.92;758.61;0.91;0.81;0.73
30.11.2020;8:59:07;477.16;42.45;12.92;758.61;0.91;0.81;0.73
30.11.2020;9:00:07;477.86;42.55;12.91;758.61;0.91;0.81;0.74
30.11.2020;9:01:07;478.99;42.59;12.91;758.63;0.91;0.81;0.74
30.11.2020;9:02:07;476.10;42.61;12.91;758.65;0.91;0.81;0.73
30.11.2020;9:03:07;472.75;42.56;12.91;758.67;0.90;0.81;0.73
30.11.2020;9:04:07;475.30;42.50;12.91;758.70;0.92;0.83;0.76
30.11.2020;9:05:07;477.00;42.43;12.90;758.70;0.92;0.83;0.76
30.11.2020;9:06:07;477.64;42.22;12.90;758.71;0.92;0.82;0.76
30.11.2020;9:07:07;480.16;42.08;12.89;758.72;0.92;0.83;0.77
30.11.2020;9:08:07;484.54;42.23;12.89;758.73;0.93;0.84;0.78
30.11.2020;9:09:07;486.27;42.48;12.89;758.72;0.93;0.85;0.80
30.11.2020;9:10:07;486.11;42.53;12.90;758.72;0.93;0.87;0.81
30.11.2020;9:11:07;484.70;42.42;12.90;758.74;0.93;0.86;0.80
30.11.2020;9:12:07;486.68;42.37;12.90;758.76;0.94;0.87;0.82
30.11.2020;9:13:07;493.06;42.52;12.90;758.77;0.96;0.91;0.87
30.11.2020;9:14:07;491.85;42.59;12.90;758.79;0.96;0.90;0.87
30.11.2020;9:15:07;488.56;42.56;12.91;758.82;0.96;0.90;0.86
30.11.2020;9:16:07;488.83;42.51;12.92;758.86;0.96;0.90;0.87
30.11.2020;9:17:07;493.29;42.49;12.92;758.89;0.98;0.92;0.90
30.11.2020;9:18:07;501.40;42.48;12.93;758.91;1.01;0.99;1.00
30.11.2020;9:19:07;503.25;42.47;12.93;758.94;1.01;0.99;1.00
30.11.2020;9:20:07;514.85;42.46;12.93;758.99;1.05;1.06;1.12
30.11.2020;9:21:07;543.62;42.45;12.94;759.03;1.16;1.23;1.43
30.11.2020;9:22:07;547.89;42.46;12.95;759.03;1.15;1.24;1.43
30.11.2020;9:23:08;551.00;42.17;12.94;759.01;1.16;1.23;1.42
30.11.2020;9:24:08;581.49;42.10;12.95;758.99;1.27;1.44;1.83
30.11.2020;9:25:08;606.25;42.21;12.95;758.97;1.36;1.58;2.15
30.11.2020;9:26:08;602.98;42.10;12.97;758.96;1.32;1.52;2.02
30.11.2020;9:27:08;572.97;41.94;12.97;758.95;1.18;1.27;1.51
30.11.2020;9:28:08;567.08;41.92;12.96;758.94;1.16;1.23;1.42
30.11.2020;9:29:08;576.86;42.03;12.96;758.93;1.17;1.25;1.45
30.11.2020;9:30:08;579.56;42.22;12.95;758.93;1.16;1.23;1.43
30.11.2020;9:31:08;561.88;42.27;12.95;758.93;1.12;1.17;1.30
30.11.2020;9:32:08;547.14;42.27;12.95;758.93;1.08;1.11;1.20
30.11.2020;9:33:08;543.84;42.29;12.95;758.94;1.07;1.09;1.17
30.11.2020;9:34:08;552.04;42.31;12.94;758.95;1.09;1.13;1.23
30.11.2020;9:35:08;564.48;42.33;12.95;758.98;1.12;1.18;1.33
30.11.2020;9:36:08;560.62;42.19;12.95;758.98;1.12;1.17;1.31
30.11.2020;9:37:08;560.39;42.04;12.95;758.99;1.12;1.19;1.34
30.11.2020;9:38:08;558.02;42.16;12.95;759.01;1.12;1.18;1.32
30.11.2020;9:39:08;554.04;42.35;12.95;759.02;1.11;1.16;1.29
30.11.2020;9:40:08;551.50;42.44;12.96;759.03;1.11;1.17;1.30
30.11.2020;9:41:08;550.69;42.43;12.97;759.05;1.12;1.19;1.34
30.11.2020;9:42:08;547.53;42.47;12.96;759.04;1.12;1.17;1.31
30.11.2020;9:43:08;550.97;42.39;12.97;759.04;1.12;1.19;1.33
30.11.2020;9:44:08;558.74;42.37;12.97;759.02;1.12;1.19;1.34
30.11.2020;9:45:08;577.84;42.36;12.98;759.01;1.16;1.24;1.44
30.11.2020;9:46:08;618.62;42.28;12.99;759.01;1.28;1.44;1.85
30.11.2020;9:47:08;666.02;42.24;13.00;759.00;1.44;1.69;2.43
30.11.2020;9:48:08;676.10;42.15;13.01;759.00;1.44;1.71;2.47
30.11.2020;9:49:08;656.36;42.16;13.02;758.98;1.30;1.47;1.91
30.11.2020;9:50:09;646.81;42.11;13.02;758.96;1.26;1.40;1.77
30.11.2020;9:51:09;638.40;42.14;13.03;758.95;1.25;1.39;1.74
30.11.2020;9:52:09;625.20;42.16;13.03;758.93;1.22;1.34;1.64
30.11.2020;9:53:09;620.14;42.14;13.04;758.92;1.20;1.31;1.58
30.11.2020;9:54:09;615.26;42.05;13.04;758.91;1.19;1.29;1.53
30.11.2020;9:55:09;618.53;41.93;13.04;758.91;1.19;1.30;1.55
30.11.2020;9:56:09;647.25;42.02;13.05;758.93;1.26;1.40;1.76
30.11.2020;9:57:09;667.51;42.04;13.05;758.95;1.32;1.51;1.99
30.11.2020;9:58:09;665.72;42.11;13.06;758.97;1.35;1.56;2.10
30.11.2020;9:59:09;649.31;42.07;13.08;758.99;1.28;1.44;1.85
30.11.2020;10:00:09;640.26;42.03;13.09;759.01;1.27;1.42;1.79
30.11.2020;10:01:09;640.94;41.99;13.08;759.03;1.27;1.40;1.78
30.11.2020;10:02:09;640.58;42.00;13.09;759.03;1.26;1.40;1.76
30.11.2020;10:03:09;637.29;42.07;13.09;759.05;1.24;1.38;1.71
30.11.2020;10:04:09;638.81;42.07;13.10;759.07;1.25;1.38;1.72
30.11.2020;10:05:09;667.64;42.07;13.10;759.10;1.31;1.50;1.97
30.11.2020;10:06:09;648.15;42.12;13.11;759.12;1.31;1.49;1.94
30.11.2020;10:07:09;628.39;42.11;13.12;759.12;1.30;1.47;1.91
30.11.2020;10:08:09;719.82;42.09;13.13;759.12;1.67;2.03;3.39
30.11.2020;10:09:09;821.03;42.02;13.17;759.12;2.05;2.65;5.43
30.11.2020;10:10:09;747.50;41.88;13.20;759.10;1.69;2.10;3.56
30.11.2020;10:11:09;658.71;41.75;13.19;759.08;1.35;1.55;2.10
30.11.2020;10:12:09;642.82;41.74;13.18;759.07;1.30;1.47;1.91
30.11.2020;10:13:09;635.93;41.89;13.19;759.06;1.28;1.44;1.85
30.11.2020;10:14:09;640.06;41.83;13.21;759.06;1.30;1.48;1.93
30.11.2020;10:15:09;635.40;41.82;13.21;759.06;1.30;1.48;1.92
30.11.2020;10:16:09;621.86;41.83;13.21;759.07;1.28;1.44;1.84
30.11.2020;10:17:09;607.65;41.85;13.22;759.09;1.25;1.40;1.75
30.11.2020;10:18:10;601.76;41.89;13.23;759.10;1.26;1.40;1.76
30.11.2020;10:19:10;600.92;41.88;13.24;759.09;1.27;1.42;1.81
30.11.2020;10:20:10;602.51;41.84;13.25;759.06;1.30;1.48;1.91
30.11.2020;10:21:10;605.62;41.81;13.25;759.04;1.33;1.52;2.02
30.11.2020;10:22:10;609.60;41.78;13.25;759.04;1.36;1.57;2.13
30.11.2020;10:23:10;628.59;41.77;13.25;759.00;1.43;1.68;2.41
30.11.2020;10:24:10;670.24;41.51;13.25;758.97;1.56;1.92;3.00
30.11.2020;10:25:10;711.11;41.50;13.27;758.97;1.69;2.12;3.58
30.11.2020;10:26:10;711.00;41.44;13.29;759.00;1.69;2.12;3.58
30.11.2020;10:27:10;696.49;41.56;13.30;759.01;1.66;2.07;3.43
30.11.2020;10:28:10;696.33;41.60;13.32;759.02;1.68;2.10;3.51
30.11.2020;10:29:10;756.10;41.55;13.33;759.06;1.86;2.33;4.33
30.11.2020;10:30:10;862.40;41.44;13.37;759.09;2.15;2.83;6.07
30.11.2020;10:31:10;984.28;41.35;13.42;759.09;2.46;3.36;8.27
30.11.2020;10:32:10;1019.56;41.23;13.48;759.09;2.56;3.52;9.01
30.11.2020;10:33:10;976.96;41.09;13.52;759.09;2.48;3.40;8.44
30.11.2020;10:34:10;904.93;41.01;13.55;759.11;2.32;3.13;7.25
30.11.2020;10:35:10;843.39;41.06;13.56;759.12;2.17;2.87;6.22
30.11.2020;10:36:10;792.09;41.03;13.57;759.14;2.05;2.66;5.47
30.11.2020;10:37:10;759.97;40.99;13.59;759.13;1.99;2.53;5.03
30.11.2020;10:38:10;725.83;40.80;13.59;759.11;1.88;2.34;4.40
30.11.2020;10:39:10;696.68;40.94;13.59;759.10;1.78;2.23;3.98
30.11.2020;10:40:10;676.34;40.79;13.59;759.11;1.70;2.13;3.61
30.11.2020;10:41:10;670.26;40.93;13.59;759.12;1.66;2.08;3.44
30.11.2020;10:42:10;676.08;40.93;13.60;759.12;1.66;2.09;3.47
30.11.2020;10:43:10;683.77;40.92;13.60;759.13;1.69;2.11;3.55
30.11.2020;10:44:10;686.96;40.83;13.61;759.12;1.70;2.13;3.61
30.11.2020;10:45:11;701.34;40.73;13.62;759.12;1.74;2.19;3.81
30.11.2020;10:46:11;763.35;40.73;13.62;759.13;1.90;2.38;4.52
30.11.2020;10:47:11;869.93;40.66;13.65;759.13;2.16;2.86;6.19
30.11.2020;10:48:11;921.33;40.60;13.68;759.13;2.28;3.07;7.01
30.11.2020;10:49:11;915.72;40.51;13.70;759.14;2.27;3.06;6.95
30.11.2020;10:50:11;888.60;40.54;13.73;759.15;2.22;2.97;6.60
30.11.2020;10:51:11;840.39;40.43;13.73;759.14;2.13;2.80;5.94
30.11.2020;10:52:11;798.44;40.32;13.74;759.15;2.03;2.60;5.26
30.11.2020;10:53:11;791.69;40.31;13.75;759.13;2.01;2.60;5.23
30.11.2020;10:54:11;805.61;40.36;13.76;759.09;2.04;2.62;5.35
30.11.2020;10:55:11;860.73;40.26;13.77;759.06;2.16;2.86;6.20
30.11.2020;10:56:11;952.43;40.27;13.80;759.05;2.39;3.23;7.72
30.11.2020;10:57:11;1014.29;40.21;13.83;759.05;2.52;3.47;8.74
30.11.2020;10:58:11;1035.15;40.13;13.86;759.07;2.55;3.50;8.91
30.11.2020;10:59:11;1047.40;40.11;13.90;759.08;2.55;3.50;8.92
30.11.2020;11:00:11;1017.94;39.96;13.92;759.09;2.48;3.39;8.40
30.11.2020;11:01:11;962.96;40.05;13.93;759.08;2.36;3.19;7.53
30.11.2020;11:02:11;909.96;39.98;13.94;759.08;2.24;2.99;6.68
30.11.2020;11:03:11;864.31;39.98;13.93;759.10;2.11;2.77;5.85
30.11.2020;11:04:11;876.51;40.07;13.94;759.12;2.12;2.79;5.91
30.11.2020;11:05:11;938.08;40.02;13.95;759.15;2.27;3.06;6.96
30.11.2020;11:06:11;982.26;39.82;13.96;759.13;2.39;3.25;7.76
30.11.2020;11:07:11;984.05;39.94;13.98;759.14;2.40;3.26;7.83
30.11.2020;11:08:11;994.56;39.86;14.00;759.14;2.43;3.31;8.03
30.11.2020;11:09:11;1013.79;39.79;14.01;759.13;2.50;3.41;8.52
30.11.2020;11:10:12;1006.55;39.85;14.02;759.12;2.50;3.42;8.55
30.11.2020;11:11:12;986.10;39.88;14.05;759.14;2.48;3.40;8.44
30.11.2020;11:12:12;969.72;39.89;14.06;759.17;2.46;3.36;8.24
30.11.2020;11:13:12;987.15;39.74;14.08;759.15;2.51;3.44;8.62
30.11.2020;11:14:12;1028.77;39.71;14.09;759.11;2.63;3.64;9.55
30.11.2020;11:15:12;1095.65;39.75;14.11;759.10;2.77;3.88;10.75
30.11.2020;11:16:12;1205.83;39.71;14.14;759.11;2.98;4.22;12.60
30.11.2020;11:17:12;1299.93;39.70;14.18;759.12;3.14;4.50;14.14
30.11.2020;11:18:12;1362.31;39.63;14.23;759.10;3.24;4.65;15.06
30.11.2020;11:19:12;1347.34;39.41;14.28;759.08;3.22;4.62;14.90
30.11.2020;11:20:12;1259.74;39.34;14.31;759.05;3.07;4.38;13.45
30.11.2020;11:21:12;1220.07;39.31;14.33;759.06;3.00;4.27;12.81
30.11.2020;11:22:12;1242.94;39.31;14.35;759.07;3.05;4.35;13.28
30.11.2020;11:23:12;1312.90;39.22;14.38;759.11;3.19;4.58;14.60
30.11.2020;11:24:12;1361.82;39.19;14.43;759.12;3.28;4.72;15.50
30.11.2020;11:25:12;1401.26;39.14;14.47;759.13;3.36;4.85;16.29
30.11.2020;11:26:12;1425.78;39.01;14.51;759.11;3.40;4.93;16.76
30.11.2020;11:27:12;1438.62;38.97;14.55;759.10;3.43;4.98;17.10
30.11.2020;11:28:12;1441.08;38.89;14.59;759.08;3.44;5.00;17.22
30.11.2020;11:29:12;1436.51;38.79;14.64;759.08;3.44;4.99;17.19
30.11.2020;11:30:12;1434.01;38.65;14.67;759.07;3.44;5.00;17.20
30.11.2020;11:31:12;1443.53;38.63;14.70;759.06;3.46;5.02;17.37
30.11.2020;11:32:12;1459.11;38.68;14.73;759.05;3.48;5.06;17.62
30.11.2020;11:33:12;1475.68;38.73;14.80;759.05;3.51;5.10;17.90
30.11.2020;11:34:12;1480.99;38.99;14.90;759.03;3.53;5.14;18.11
30.11.2020;11:35:13;1452.00;39.04;15.05;759.03;3.49;5.08;17.72
30.11.2020;11:36:13;1442.57;38.85;15.12;759.04;3.47;5.04;17.48
30.11.2020;11:37:13;1443.25;38.93;15.15;759.05;3.47;5.04;17.48
30.11.2020;11:38:13;1444.75;38.94;15.21;759.08;3.47;5.03;17.44
30.11.2020;11:39:13;1446.65;38.96;15.29;759.08;3.47;5.03;17.43
30.11.2020;11:40:13;1451.21;39.14;15.40;759.09;3.47;5.03;17.43
30.11.2020;11:41:13;1410.85;39.15;15.50;759.07;3.41;4.95;16.91
30.11.2020;11:42:13;1329.42;39.02;15.60;759.05;3.29;4.75;15.62
30.11.2020;11:43:13;1309.68;38.49;15.64;759.04;3.25;4.68;15.19
30.11.2020;11:44:13;1344.38;38.16;15.68;759.06;3.30;4.77;15.74
30.11.2020;11:45:13;1381.14;37.94;15.68;759.06;3.35;4.84;16.21
30.11.2020;11:46:13;1392.43;38.31;15.71;759.05;3.36;4.87;16.40
30.11.2020;11:47:13;1350.86;38.29;15.76;759.03;3.30;4.76;15.68
30.11.2020;11:48:13;1254.79;38.34;15.80;759.04;3.14;4.49;14.09
30.11.2020;11:49:13;1158.42;38.38;15.82;759.03;2.98;4.23;12.59
30.11.2020;11:50:13;1104.90;38.30;15.83;759.02;2.89;4.09;11.83
30.11.2020;11:51:13;1109.96;38.04;15.83;759.01;2.91;4.11;11.95
30.11.2020;11:52:13;1180.79;37.98;15.82;758.97;3.03;4.31;13.03
30.11.2020;11:53:13;1262.03;38.31;15.83;758.95;3.16;4.53;14.30
30.11.2020;11:54:13;1305.92;37.96;15.87;758.94;3.24;4.64;15.02
30.11.2020;11:55:13;1329.00;37.85;15.89;758.95;3.27;4.71;15.41
30.11.2020;11:56:13;1337.09;37.88;15.90;758.95;3.27;4.71;15.41
30.11.2020;11:57:13;1349.43;38.32;15.94;758.95;3.28;4.72;15.51
30.11.2020;11:58:14;1286.14;37.98;15.98;758.93;3.19;4.56;14.55
30.11.2020;11:59:14;1153.51;38.24;16.01;758.94;2.95;4.18;12.33
30.11.2020;12:00:14;1114.97;38.28;16.02;758.96;2.86;4.02;11.49
30.11.2020;12:01:14;1196.12;38.41;16.04;758.98;3.00;4.27;12.82
30.11.2020;12:02:14;1279.14;38.25;16.09;758.97;3.14;4.50;14.12
30.11.2020;12:03:14;1316.33;38.23;16.17;758.96;3.19;4.59;14.63
30.11.2020;12:04:14;1348.46;37.87;16.28;758.95;3.23;4.65;15.04
30.11.2020;12:05:14;1398.53;37.77;16.35;758.94;3.31;4.77;15.77
30.11.2020;12:06:14;1442.58;37.69;16.40;758.92;3.37;4.88;16.45
30.11.2020;12:07:14;1458.44;37.34;16.44;758.91;3.39;4.91;16.67
30.11.2020;12:08:14;1450.48;37.08;16.47;758.89;3.37;4.90;16.55
30.11.2020;12:09:14;1407.58;37.26;16.47;758.90;3.31;4.79;15.86
30.11.2020;12:10:14;1319.93;37.11;16.45;758.90;3.18;4.57;14.51
30.11.2020;12:11:14;1235.13;37.45;16.43;758.92;3.03;4.31;13.03
30.11.2020;12:12:14;1190.29;37.64;16.39;758.93;2.94;4.16;12.22
30.11.2020;12:13:14;1181.51;37.55;16.38;758.94;2.91;4.11;11.96
30.11.2020;12:14:14;1202.51;36.07;16.33;758.97;2.94;4.16;12.22
30.11.2020;12:15:14;1203.21;37.05;16.28;758.99;2.93;4.15;12.16
30.11.2020;12:16:14;1131.68;37.42;16.30;759.00;2.79;3.92;10.94
30.11.2020;12:17:14;1039.71;37.19;16.31;759.00;2.60;3.60;9.35
30.11.2020;12:18:14;947.54;37.11;16.29;758.99;2.38;3.25;7.73
30.11.2020;12:19:14;868.90;36.66;16.24;759.00;2.19;2.92;6.41
30.11.2020;12:20:14;812.92;36.51;16.17;759.02;2.06;2.68;5.53
30.11.2020;12:21:15;774.29;37.73;16.13;759.03;1.97;2.51;4.95
30.11.2020;12:22:15;744.58;38.01;16.13;759.04;1.89;2.37;4.48
30.11.2020;12:23:15;724.20;37.66;16.09;759.03;1.84;2.29;4.20
30.11.2020;12:24:15;707.00;37.53;16.04;759.01;1.79;2.26;4.04
30.11.2020;12:25:15;694.14;37.76;15.98;759.00;1.76;2.22;3.89
30.11.2020;12:26:15;688.68;38.48;15.99;758.99;1.75;2.21;3.88
30.11.2020;12:27:15;691.76;37.85;16.06;758.98;1.76;2.22;3.92
30.11.2020;12:28:15;697.70;37.69;16.07;758.96;1.78;2.25;4.01
30.11.2020;12:29:15;715.12;37.58;16.07;758.95;1.84;2.30;4.22
30.11.2020;12:30:15;750.47;38.17;16.13;758.95;1.94;2.45;4.76
30.11.2020;12:31:15;788.00;38.02;16.19;758.94;2.05;2.65;5.43
30.11.2020;12:32:15;823.69;38.05;16.24;758.93;2.15;2.85;6.13
30.11.2020;12:33:15;862.23;37.65;16.30;758.93;2.25;3.03;6.82
30.11.2020;12:34:15;893.22;37.33;16.25;758.94;2.31;3.11;7.19
30.11.2020;12:35:15;917.74;37.71;16.24;758.97;2.33;3.17;7.39
30.11.2020;12:36:15;932.75;37.49;16.25;758.99;2.34;3.17;7.44
30.11.2020;12:37:15;916.29;37.63;16.27;759.00;2.29;3.08;7.05
30.11.2020;12:38:15;887.72;37.69;16.26;759.01;2.19;2.93;6.44
30.11.2020;12:39:15;831.86;38.15;16.24;759.03;2.05;2.67;5.49
30.11.2020;12:40:15;778.93;38.23;16.21;759.04;1.92;2.40;4.60
30.11.2020;12:41:15;757.01;37.86;16.21;759.05;1.85;2.31;4.28
30.11.2020;12:42:15;758.02;37.89;16.16;759.05;1.86;2.31;4.30
30.11.2020;12:43:15;779.08;37.92;16.13;759.03;1.94;2.46;4.77
30.11.2020;12:44:15;795.49;38.43;16.10;759.01;2.01;2.59;5.20
30.11.2020;12:45:15;817.26;38.72;16.11;759.01;2.08;2.71;5.65
30.11.2020;12:46:16;826.18;38.98;16.13;759.02;2.10;2.77;5.81
30.11.2020;12:47:16;852.97;38.94;16.17;759.04;2.17;2.89;6.29
30.11.2020;12:48:16;876.28;38.67;16.18;759.05;2.24;3.02;6.77
30.11.2020;12:49:16;914.65;38.82;16.19;759.07;2.36;3.21;7.59
30.11.2020;12:50:16;963.98;38.91;16.28;759.05;2.47;3.39;8.39
30.11.2020;12:51:16;1050.00;38.53;16.33;759.04;2.70;3.77;10.19
30.11.2020;12:52:16;1085.32;38.57;16.31;759.02;2.72;3.79;10.31
30.11.2020;12:53:16;1073.58;38.56;16.29;759.01;2.66;3.71;9.87
30.11.2020;12:54:16;1078.62;38.44;16.28;758.98;2.71;3.79;10.28
30.11.2020;12:55:16;1017.86;38.09;16.27;758.98;2.58;3.57;9.22
30.11.2020;12:56:16;954.53;38.73;16.28;758.96;2.44;3.34;8.16
30.11.2020;12:57:16;936.40;38.65;16.29;758.97;2.43;3.32;8.06
30.11.2020;12:58:16;922.86;38.58;16.28;758.97;2.41;3.28;7.91
30.11.2020;12:59:16;882.81;38.51;16.28;758.97;2.26;3.04;6.87
30.11.2020;13:00:16;899.96;37.88;16.25;758.95;2.37;3.22;7.64
30.11.2020;13:01:16;889.25;38.17;16.22;758.93;2.32;3.14;7.29
30.11.2020;13:02:16;902.10;37.93;16.21;758.90;2.36;3.22;7.60
30.11.2020;13:03:16;924.47;37.73;16.17;758.88;2.42;3.32;8.03
30.11.2020;13:04:16;962.06;37.98;16.16;758.87;2.53;3.48;8.81
30.11.2020;13:05:16;1008.68;38.23;16.15;758.86;2.65;3.69;9.76
30.11.2020;13:06:16;1040.81;38.90;16.18;758.85;2.72;3.80;10.31
30.11.2020;13:07:16;1099.59;38.85;16.26;758.85;2.84;3.99;11.33
30.11.2020;13:08:16;1146.99;38.96;16.33;758.87;2.93;4.15;12.18
30.11.2020;13:09:16;1171.84;38.85;16.41;758.86;2.98;4.22;12.58
30.11.2020;13:10:16;1166.38;38.49;16.48;758.84;2.97;4.20;12.49
30.11.2020;13:11:17;1180.48;38.31;16.51;758.80;2.99;4.25;12.72
30.11.2020;13:12:17;1221.57;37.84;16.57;758.77;3.06;4.37;13.39
30.11.2020;13:13:17;1295.97;38.33;16.71;758.78;3.20;4.59;14.67
30.11.2020;13:14:17;1354.53;37.97;16.83;758.78;3.29;4.76;15.68
30.11.2020;13:15:17;1384.26;37.67;16.90;758.81;3.34;4.84;16.17
30.11.2020;13:16:17;1402.03;36.79;16.91;758.81;3.38;4.90;16.55
30.11.2020;13:17:17;1362.50;37.43;16.89;758.81;3.32;4.81;16.00
30.11.2020;13:18:17;1322.86;37.48;16.90;758.80;3.27;4.72;15.43
30.11.2020;13:19:17;1298.63;37.33;16.87;758.79;3.24;4.67;15.11
30.11.2020;13:20:17;1279.76;37.67;16.88;758.79;3.20;4.62;14.78
30.11.2020;13:21:17;1259.75;37.52;16.94;758.79;3.16;4.55;14.41
30.11.2020;13:22:17;1232.26;37.40;16.94;758.81;3.12;4.46;13.88
30.11.2020;13:23:17;1212.78;37.27;16.92;758.82;3.07;4.39;13.48
30.11.2020;13:24:17;1214.79;37.53;16.97;758.82;3.06;4.37;13.39
30.11.2020;13:25:17;1183.89;37.53;17.07;758.82;3.00;4.27;12.84
30.11.2020;13:26:17;1133.57;37.20;17.12;758.81;2.91;4.12;11.99
30.11.2020;13:27:17;1107.43;36.81;17.12;758.83;2.86;4.03;11.54
30.11.2020;13:28:17;1101.64;36.76;17.11;758.86;2.86;4.03;11.52
30.11.2020;13:29:17;1088.49;37.30;17.10;758.88;2.84;4.01;11.38
30.11.2020;13:30:17;1059.78;37.35;17.13;758.88;2.78;3.91;10.89
30.11.2020;13:31:17;1025.03;37.33;17.16;758.86;2.72;3.81;10.37
30.11.2020;13:32:17;989.81;37.34;17.17;758.85;2.65;3.70;9.80
30.11.2020;13:33:17;959.22;37.21;17.19;758.85;2.59;3.60;9.33
30.11.2020;13:34:18;951.86;37.27;17.22;758.84;2.57;3.56;9.13
30.11.2020;13:35:18;973.08;37.28;17.23;758.84;2.62;3.63;9.51
30.11.2020;13:36:18;989.56;37.18;17.31;758.83;2.66;3.71;9.86
30.11.2020;13:37:18;953.32;36.90;17.35;758.81;2.56;3.54;9.09
30.11.2020;13:38:18;932.51;37.06;17.35;758.81;2.51;3.47;8.70
30.11.2020;13:39:18;911.92;37.15;17.39;758.78;2.46;3.38;8.31
30.11.2020;13:40:18;918.61;36.97;17.39;758.77;2.46;3.38;8.32
30.11.2020;13:41:18;927.03;36.95;17.45;758.77;2.49;3.43;8.53
30.11.2020;13:42:18;923.79;36.79;17.43;758.77;2.48;3.40;8.43
30.11.2020;13:43:18;903.55;36.85;17.41;758.78;2.45;3.36;8.22
30.11.2020;13:44:18;865.86;36.84;17.39;758.78;2.35;3.20;7.55
30.11.2020;13:45:18;853.99;36.80;17.39;758.78;2.32;3.14;7.28
30.11.2020;13:46:18;879.89;36.85;17.41;758.79;2.39;3.25;7.76
30.11.2020;13:47:18;899.29;36.79;17.39;758.79;2.45;3.36;8.22
30.11.2020;13:48:18;881.50;36.83;17.38;758.79;2.41;3.30;7.96
30.11.2020;13:49:18;888.56;36.88;17.35;758.78;2.44;3.34;8.15
30.11.2020;13:50:18;919.80;36.95;17.33;758.78;2.52;3.47;8.75
30.11.2020;13:51:18;950.00;37.04;17.34;758.78;2.60;3.61;9.38
30.11.2020;13:52:18;981.76;36.88;17.38;758.78;2.67;3.73;9.97
30.11.2020;13:53:18;996.81;36.79;17.40;758.78;2.72;3.81;10.34
30.11.2020;13:54:18;985.82;36.79;17.38;758.77;2.71;3.79;10.27
30.11.2020;13:55:18;952.57;36.80;17.34;758.77;2.65;3.69;9.80
30.11.2020;13:56:18;911.72;36.77;17.37;758.77;2.57;3.57;9.17
30.11.2020;13:57:18;880.75;36.68;17.35;758.77;2.52;3.47;8.72
30.11.2020;13:58:19;857.97;36.73;17.30;758.79;2.47;3.39;8.39
30.11.2020;13:59:19;846.71;36.81;17.33;758.78;2.46;3.38;8.30
30.11.2020;14:00:19;831.77;36.77;17.30;758.77;2.43;3.33;8.11
30.11.2020;14:01:19;810.54;36.84;17.26;758.76;2.39;3.28;7.84
30.11.2020;14:02:19;782.60;37.00;17.24;758.76;2.33;3.16;7.36
30.11.2020;14:03:19;749.86;36.98;17.23;758.77;2.26;3.04;6.86
30.11.2020;14:04:19;724.25;36.98;17.21;758.78;2.20;2.93;6.44
30.11.2020;14:05:19;709.76;37.05;17.17;758.75;2.16;2.87;6.20
30.11.2020;14:06:19;691.99;37.10;17.13;758.72;2.12;2.80;5.94
30.11.2020;14:07:19;672.43;37.20;17.08;758.72;2.07;2.71;5.60
30.11.2020;14:08:19;652.82;37.23;17.06;758.71;2.02;2.61;5.28
30.11.2020;14:09:19;630.13;37.33;17.01;758.69;1.97;2.51;4.94
30.11.2020;14:10:19;610.17;37.40;16.96;758.69;1.91;2.39;4.57
30.11.2020;14:11:19;571.92;37.49;16.92;758.71;1.81;2.27;4.10
30.11.2020;14:12:19;529.04;37.64;16.87;758.73;1.68;2.10;3.52
30.11.2020;14:13:19;501.29;37.70;16.80;758.75;1.59;1.96;3.11
30.11.2020;14:14:19;495.67;37.84;16.76;758.76;1.55;1.90;2.93
30.11.2020;14:15:19;513.55;37.92;16.72;758.76;1.59;1.96;3.11
30.11.2020;14:16:19;534.65;37.97;16.69;758.78;1.64;2.05;3.38
30.11.2020;14:17:19;554.32;38.04;16.66;758.79;1.70;2.13;3.62
30.11.2020;14:18:19;567.53;38.04;16.62;758.80;1.73;2.21;3.83
30.11.2020;14:19:19;578.97;38.18;16.57;758.80;1.77;2.24;3.96
30.11.2020;14:20:19;593.71;38.36;16.53;758.80;1.81;2.29;4.16
30.11.2020;14:21:19;601.89;38.36;16.52;758.80;1.84;2.29;4.23
30.11.2020;14:22:19;599.63;38.39;16.51;758.79;1.84;2.29;4.22
30.11.2020;14:23:19;594.08;38.45;16.48;758.80;1.83;2.29;4.19
30.11.2020;14:24:20;593.63;38.43;16.46;758.83;1.82;2.28;4.15
30.11.2020;14:25:20;609.15;38.46;16.43;758.83;1.86;2.31;4.29
30.11.2020;14:26:20;607.50;38.55;16.41;758.83;1.86;2.30;4.27
30.11.2020;14:27:20;602.61;38.60;16.40;758.83;1.84;2.30;4.23
30.11.2020;14:28:20;588.97;38.65;16.35;758.84;1.81;2.28;4.13
30.11.2020;14:29:20;579.12;38.75;16.30;758.85;1.79;2.28;4.09
30.11.2020;14:30:20;563.75;38.85;16.26;758.84;1.76;2.22;3.90
30.11.2020;14:31:20;552.00;38.88;16.23;758.84;1.73;2.19;3.77
30.11.2020;14:32:20;539.59;38.93;16.19;758.83;1.70;2.14;3.63
30.11.2020;14:33:20;527.11;39.00;16.15;758.82;1.67;2.10;3.50
30.11.2020;14:34:20;517.25;39.09;16.12;758.82;1.64;2.05;3.37
30.11.2020;14:35:20;510.87;39.12;16.08;758.79;1.62;2.01;3.27
30.11.2020;14:36:20;512.78;39.22;16.04;758.81;1.63;2.02;3.29
30.11.2020;14:37:20;520.52;39.29;16.02;758.83;1.65;2.07;3.41
30.11.2020;14:38:20;538.01;39.31;15.99;758.82;1.70;2.14;3.64
30.11.2020;14:39:20;560.08;39.34;15.97;758.81;1.77;2.24;3.95
30.11.2020;14:40:20;578.12;39.39;15.96;758.80;1.82;2.29;4.16
30.11.2020;14:41:20;589.90;39.40;15.95;758.80;1.86;2.30;4.30
30.11.2020;14:42:20;595.11;39.39;15.94;758.80;1.88;2.32;4.35
30.11.2020;14:43:20;597.57;39.29;15.93;758.79;1.89;2.34;4.42
30.11.2020;14:44:20;592.36;39.36;15.92;758.78;1.88;2.32;4.37
30.11.2020;14:45:20;579.93;39.39;15.90;758.80;1.85;2.30;4.24
30.11.2020;14:46:20;570.17;39.26;15.87;758.82;1.82;2.29;4.17
30.11.2020;14:47:20;581.92;39.17;15.85;758.83;1.86;2.32;4.32
30.11.2020;14:48:20;594.51;39.19;15.83;758.82;1.92;2.40;4.61
30.11.2020;14:49:21;578.43;39.30;15.80;758.81;1.89;2.34;4.41
30.11.2020;14:50:21;558.03;39.48;15.77;758.83;1.82;2.29;4.16
30.11.2020;14:51:21;566.70;39.59;15.74;758.86;1.84;2.29;4.21
30.11.2020;14:52:21;582.22;39.61;15.72;758.87;1.90;2.39;4.54
30.11.2020;14:53:21;581.15;39.65;15.69;758.87;1.91;2.39;4.55
30.11.2020;14:54:21;563.04;39.80;15.67;758.87;1.86;2.32;4.32
30.11.2020;14:55:21;530.51;39.91;15.64;758.87;1.76;2.22;3.91
30.11.2020;14:56:21;515.44;39.97;15.61;758.88;1.72;2.18;3.76
30.11.2020;14:57:21;524.39;40.04;15.58;758.89;1.77;2.24;3.97
30.11.2020;14:58:21;539.58;40.06;15.56;758.90;1.83;2.30;4.22
30.11.2020;14:59:21;559.33;40.08;15.54;758.90;1.90;2.36;4.49
30.11.2020;15:00:21;592.72;40.16;15.52;758.91;2.02;2.60;5.25
30.11.2020;15:01:21;625.62;40.24;15.51;758.91;2.14;2.83;6.06
30.11.2020;15:02:21;621.31;40.18;15.52;758.92;2.15;2.86;6.14
30.11.2020;15:03:21;596.68;40.13;15.51;758.92;2.09;2.74;5.74
30.11.2020;15:04:21;583.67;40.20;15.51;758.91;2.04;2.64;5.39
30.11.2020;15:05:21;574.69;40.22;15.51;758.91;1.99;2.54;5.06
30.11.2020;15:06:21;589.00;40.21;15.49;758.91;2.07;2.69;5.56
30.11.2020;15:07:21;600.53;40.20;15.48;758.92;2.13;2.82;6.00
30.11.2020;15:08:21;583.40;40.30;15.48;758.92;2.09;2.74;5.71
30.11.2020;15:09:21;606.58;40.35;15.47;758.94;2.19;2.91;6.37
30.11.2020;15:10:21;627.06;40.37;15.47;758.94;2.29;3.08;7.05
30.11.2020;15:11:21;573.76;40.33;15.47;758.96;2.10;2.75;5.78
30.11.2020;15:12:21;488.47;40.31;15.45;758.96;1.78;2.22;3.95
30.11.2020;15:13:21;430.82;40.33;15.41;758.98;1.54;1.88;2.90
30.11.2020;15:14:21;399.75;40.43;15.37;758.99;1.42;1.67;2.37
30.11.2020;15:15:22;386.85;40.53;15.33;759.01;1.38;1.61;2.23
30.11.2020;15:16:22;384.26;40.62;15.31;759.01;1.40;1.65;2.30
30.11.2020;15:17:22;372.08;40.71;15.29;759.02;1.35;1.57;2.12
30.11.2020;15:18:22;355.28;40.74;15.27;759.03;1.27;1.44;1.82
30.11.2020;15:19:22;348.06;40.78;15.24;759.03;1.23;1.36;1.67
30.11.2020;15:20:22;353.08;40.76;15.22;759.02;1.27;1.43;1.80
30.11.2020;15:21:22;354.28;40.73;15.19;759.02;1.29;1.46;1.89
30.11.2020;15:22:22;345.18;40.83;15.17;759.03;1.26;1.42;1.78
30.11.2020;15:23:22;330.75;40.95;15.14;759.03;1.21;1.33;1.62
30.11.2020;15:24:22;320.82;41.04;15.12;759.04;1.21;1.32;1.60
30.11.2020;15:25:22;312.95;41.13;15.10;759.04;1.19;1.29;1.54
30.11.2020;15:26:22;306.64;41.18;15.08;759.04;1.16;1.24;1.45
30.11.2020;15:27:22;304.14;41.18;15.07;759.03;1.17;1.25;1.46
30.11.2020;15:28:22;302.29;41.18;15.06;759.02;1.19;1.30;1.55
30.11.2020;15:29:22;302.04;41.16;15.03;759.02;1.22;1.35;1.65
30.11.2020;15:30:22;302.60;41.28;15.01;759.02;1.25;1.40;1.76
30.11.2020;15:31:22;300.65;41.36;15.00;759.03;1.27;1.42;1.80
30.11.2020;15:32:22;297.47;41.36;14.99;759.04;1.27;1.43;1.82
30.11.2020;15:33:22;293.60;41.38;14.98;759.05;1.29;1.47;1.89
30.11.2020;15:34:22;287.38;41.39;14.96;759.06;1.27;1.42;1.81
30.11.2020;15:35:22;276.43;41.33;14.95;759.05;1.24;1.37;1.70
30.11.2020;15:36:22;263.57;41.39;14.93;759.06;1.19;1.29;1.54
30.11.2020;15:37:22;248.86;41.45;14.91;759.07;1.14;1.20;1.37
30.11.2020;15:38:22;235.93;41.54;14.89;759.08;1.09;1.12;1.22
30.11.2020;15:39:22;228.63;41.59;14.88;759.09;1.08;1.11;1.20
30.11.2020;15:40:22;218.42;41.64;14.86;759.10;1.06;1.07;1.13
30.11.2020;15:41:23;204.15;41.72;14.85;759.11;1.00;0.97;0.96
30.11.2020;15:42:23;191.24;41.77;14.85;759.12;0.95;0.90;0.86
30.11.2020;15:43:23;181.58;41.76;14.84;759.13;0.92;0.83;0.77
30.11.2020;15:44:23;177.91;41.76;14.84;759.12;0.93;0.87;0.81
30.11.2020;15:45:23;170.86;41.76;14.83;759.12;0.90;0.81;0.74
30.11.2020;15:46:23;161.06;41.76;14.82;759.11;0.86;0.74;0.63
30.11.2020;15:47:23;150.35;41.82;14.81;759.11;0.81;0.65;0.53
30.11.2020;15:48:23;139.79;41.84;14.81;759.13;0.76;0.57;0.44
30.11.2020;15:49:23;130.45;41.82;14.80;759.15;0.72;0.50;0.36
30.11.2020;15:50:23;123.13;41.83;14.79;759.15;0.69;0.45;0.31
30.11.2020;15:51:23;118.53;41.86;14.78;759.15;0.68;0.43;0.29
30.11.2020;15:52:23;115.69;41.84;14.78;759.16;0.69;0.47;0.32
30.11.2020;15:53:23;111.60;41.83;14.78;759.16;0.69;0.48;0.33
30.11.2020;15:54:23;105.56;41.87;14.78;759.15;0.68;0.45;0.31
30.11.2020;15:55:23;97.63;41.89;14.77;759.14;0.65;0.40;0.26
30.11.2020;15:56:23;88.40;41.89;14.77;759.12;0.59;0.31;0.18
30.11.2020;15:57:23;79.49;41.87;14.78;759.14;0.52;0.19;0.10
30.11.2020;15:58:23;73.06;41.91;14.77;759.15;0.49;0.13;0.06
30.11.2020;15:59:23;68.84;41.92;14.77;759.15;0.49;0.13;0.06
30.11.2020;16:00:23;64.64;41.87;14.78;759.15;0.49;0.13;0.06
30.11.2020;16:01:23;59.92;41.90;14.78;759.15;0.48;0.11;0.05
30.11.2020;16:02:23;55.14;41.92;14.77;759.16;0.45;0.08;0.04
30.11.2020;16:03:23;50.12;41.91;14.77;759.17;0.42;0.01;0.00
30.11.2020;16:04:23;45.01;41.91;14.78;759.18;0.37;0.00;0.00
30.11.2020;16:05:23;40.14;41.87;14.77;759.20;0.33;0.00;0.00
30.11.2020;16:06:23;35.69;41.85;14.77;759.21;0.30;0.00;0.00
30.11.2020;16:07:23;31.79;41.91;14.76;759.22;0.27;0.00;0.00
30.11.2020;16:08:23;28.17;41.83;14.76;759.23;0.25;0.00;0.00
30.11.2020;16:09:24;24.84;41.73;14.76;759.22;0.22;0.00;0.00
30.11.2020;16:10:24;21.99;41.83;14.75;759.21;0.19;0.00;0.00
30.11.2020;16:11:24;19.97;41.95;14.75;759.20;0.17;0.00;0.00
30.11.2020;16:12:24;18.47;42.00;14.74;759.20;0.15;0.00;0.00
30.11.2020;16:13:24;16.85;42.00;14.74;759.21;0.12;0.00;0.00
30.11.2020;16:14:24;15.06;42.00;14.74;759.25;0.10;0.00;0.00
30.11.2020;16:15:24;13.40;41.99;14.74;759.27;0.07;0.00;0.00
30.11.2020;16:16:24;12.07;42.03;14.75;759.29;0.04;0.00;0.00
30.11.2020;16:17:24;10.72;42.04;14.75;759.30;0.02;0.00;0.00
30.11.2020;16:18:24;9.69;42.01;14.75;759.28;0.00;0.00;0.00
30.11.2020;16:19:24;8.83;41.97;14.75;759.26;0.00;0.00;0.00
30.11.2020;16:20:24;8.09;41.95;14.75;759.26;0.00;0.00;0.00
30.11.2020;16:21:24;7.46;41.92;14.75;759.24;0.00;0.00;0.00
30.11.2020;16:22:24;6.68;41.96;14.74;759.24;0.00;0.00;0.00
30.11.2020;16:23:24;6.44;41.98;14.74;759.26;0.00;0.00;0.00
30.11.2020;16:24:24;5.86;41.99;14.73;759.25;0.00;0.00;0.00
30.11.2020;16:25:24;5.82;41.96;14.73;759.26;0.00;0.00;0.00
30.11.2020;16:26:24;5.10;42.02;14.73;759.26;0.00;0.00;0.00
30.11.2020;16:27:24;5.03;42.05;14.73;759.28;0.00;0.00;0.00
30.11.2020;16:28:24;5.00;42.04;14.73;759.29;0.00;0.00;0.00
30.11.2020;16:29:24;4.41;42.08;14.73;759.30;0.00;0.00;0.00
30.11.2020;16:30:24;4.18;42.05;14.73;759.30;0.00;0.00;0.00
30.11.2020;16:31:24;4.17;42.03;14.73;759.30;0.00;0.00;0.00
30.11.2020;16:32:24;4.17;42.05;14.73;759.31;0.00;0.00;0.00
30.11.2020;16:33:24;4.17;42.05;14.73;759.34;0.00;0.00;0.00
30.11.2020;16:34:24;3.43;42.05;14.74;759.35;0.00;0.00;0.00
30.11.2020;16:35:24;3.33;42.07;14.74;759.36;0.00;0.00;0.00
30.11.2020;16:36:24;3.33;42.03;14.75;759.36;0.00;0.00;0.00
30.11.2020;16:37:24;3.33;42.01;14.75;759.36;0.00;0.00;0.00
30.11.2020;16:38:25;3.35;41.98;14.75;759.34;0.00;0.00;0.00
30.11.2020;16:39:25;3.33;42.03;14.74;759.34;0.00;0.00;0.00
30.11.2020;16:40:25;3.33;42.02;14.74;759.32;0.00;0.00;0.00
30.11.2020;16:41:25;3.36;42.02;14.74;759.29;0.00;0.00;0.00
30.11.2020;16:42:25;3.33;42.00;14.74;759.28;0.00;0.00;0.00
30.11.2020;16:43:25;3.33;42.05;14.75;759.33;0.00;0.00;0.00
30.11.2020;16:44:25;3.35;42.03;14.76;759.38;0.00;0.00;0.00
30.11.2020;16:45:25;3.33;42.01;14.76;759.39;0.00;0.00;0.00
30.11.2020;16:46:25;3.33;41.97;14.76;759.39;0.00;0.00;0.00
30.11.2020;16:47:25;3.33;42.01;14.76;759.40;0.00;0.00;0.00
30.11.2020;16:48:25;3.33;42.04;14.76;759.42;0.00;0.00;0.00
30.11.2020;16:49:25;3.33;41.98;14.76;759.42;0.00;0.00;0.00
30.11.2020;16:50:25;3.33;41.91;14.76;759.43;0.00;0.00;0.00
30.11.2020;16:51:25;3.33;41.90;14.75;759.43;0.00;0.00;0.00
30.11.2020;16:52:25;3.35;41.93;14.74;759.41;0.00;0.00;0.00
30.11.2020;16:53:25;3.33;42.03;14.72;759.40;0.00;0.00;0.00
30.11.2020;16:54:25;3.33;42.06;14.71;759.39;0.00;0.00;0.00
30.11.2020;16:55:25;3.36;42.10;14.71;759.40;0.00;0.00;0.00
30.11.2020;16:56:25;3.33;42.10;14.71;759.40;0.00;0.00;0.00
30.11.2020;16:57:25;3.33;42.05;14.71;759.41;0.00;0.00;0.00
30.11.2020;16:58:25;3.35;42.02;14.71;759.40;0.00;0.00;0.00
30.11.2020;16:59:25;3.33;41.92;14.70;759.40;0.00;0.00;0.00
30.11.2020;17:00:25;3.33;42.02;14.71;759.39;0.00;0.00;0.00
30.11.2020;17:01:25;3.33;42.07;14.70;759.39;0.00;0.00;0.00
30.11.2020;17:02:25;3.33;42.09;14.70;759.40;0.00;0.00;0.00
30.11.2020;17:03:25;3.33;42.08;14.70;759.42;0.00;0.00;0.00
30.11.2020;17:04:25;3.33;42.08;14.69;759.43;0.00;0.00;0.00
30.11.2020;17:05:25;3.33;42.10;14.69;759.44;0.00;0.00;0.00
30.11.2020;17:06:25;3.35;42.10;14.70;759.45;0.00;0.00;0.00
30.11.2020;17:07:25;3.33;42.11;14.71;759.47;0.00;0.00;0.00
30.11.2020;17:08:26;3.33;42.06;14.72;759.48;0.00;0.00;0.00
30.11.2020;17:09:26;3.36;42.03;14.71;759.48;0.00;0.00;0.00
30.11.2020;17:10:26;3.33;42.08;14.70;759.47;0.00;0.00;0.00
30.11.2020;17:11:26;3.33;42.08;14.70;759.48;0.00;0.00;0.00
30.11.2020;17:12:26;3.35;42.07;14.69;759.47;0.00;0.00;0.00
30.11.2020;17:13:26;3.33;42.04;14.70;759.45;0.00;0.00;0.00
30.11.2020;17:14:26;3.33;42.03;14.70;759.42;0.00;0.00;0.00
30.11.2020;17:15:26;3.33;42.09;14.70;759.40;0.00;0.00;0.00
30.11.2020;17:16:26;3.33;42.11;14.70;759.42;0.00;0.00;0.00
30.11.2020;17:17:26;3.33;42.08;14.72;759.43;0.00;0.00;0.00
30.11.2020;17:18:26;3.33;42.06;14.70;759.42;0.00;0.00;0.00
30.11.2020;17:19:26;3.33;42.09;14.70;759.41;0.00;0.00;0.00
30.11.2020;17:20:26;3.35;42.13;14.71;759.41;0.00;0.00;0.00
30.11.2020;17:21:26;3.33;42.10;14.72;759.43;0.00;0.00;0.00
30.11.2020;17:22:26;3.33;42.08;14.72;759.44;0.00;0.00;0.00
30.11.2020;17:23:26;3.36;42.06;14.72;759.43;0.00;0.00;0.00
30.11.2020;17:24:26;3.33;42.03;14.72;759.43;0.00;0.00;0.00
30.11.2020;17:25:26;3.33;42.07;14.71;759.42;0.00;0.00;0.00
30.11.2020;17:26:26;3.35;42.08;14.71;759.41;0.00;0.00;0.00
30.11.2020;17:27:26;3.33;42.08;14.72;759.41;0.00;0.00;0.00
30.11.2020;17:28:26;3.33;42.04;14.72;759.41;0.00;0.00;0.00
30.11.2020;17:29:26;3.33;42.07;14.72;759.41;0.00;0.00;0.00
30.11.2020;17:30:26;3.33;42.05;14.73;759.40;0.00;0.00;0.00
30.11.2020;17:31:26;3.33;42.06;14.73;759.40;0.00;0.00;0.00
30.11.2020;17:32:26;3.33;42.00;14.74;759.40;0.00;0.00;0.00
30.11.2020;17:33:26;3.33;42.01;14.73;759.38;0.00;0.00;0.00
30.11.2020;17:34:26;3.35;42.04;14.73;759.38;0.00;0.00;0.00
30.11.2020;17:35:26;3.33;42.05;14.74;759.39;0.00;0.00;0.00
30.11.2020;17:36:26;3.33;42.01;14.74;759.40;0.00;0.00;0.00
30.11.2020;17:37:26;3.36;42.01;14.74;759.39;0.00;0.00;0.00
30.11.2020;17:38:27;3.33;42.00;14.75;759.39;0.00;0.00;0.00
30.11.2020;17:39:27;3.33;41.90;14.76;759.38;0.00;0.00;0.00
30.11.2020;17:40:27;3.35;41.92;14.76;759.39;0.00;0.00;0.00
30.11.2020;17:41:27;3.33;41.94;14.75;759.42;0.00;0.00;0.00
30.11.2020;17:42:27;3.33;41.92;14.75;759.42;0.00;0.00;0.00
30.11.2020;17:43:27;3.33;41.90;14.75;759.42;0.00;0.00;0.00
30.11.2020;17:44:27;3.33;41.88;14.75;759.42;0.00;0.00;0.00
30.11.2020;17:45:27;3.33;41.89;14.75;759.42;0.00;0.00;0.00
30.11.2020;17:46:27;3.33;41.94;14.75;759.43;0.00;0.00;0.00
30.11.2020;17:47:27;3.33;41.96;14.76;759.45;0.00;0.00;0.00
30.11.2020;17:48:27;3.35;41.96;14.76;759.47;0.00;0.00;0.00
30.11.2020;17:49:27;3.33;41.88;14.78;759.50;0.00;0.00;0.00
30.11.2020;17:50:27;3.33;41.85;14.78;759.49;0.00;0.00;0.00
30.11.2020;17:51:27;3.36;41.92;14.78;759.48;0.00;0.00;0.00
30.11.2020;17:52:27;3.33;41.87;14.78;759.47;0.00;0.00;0.00
30.11.2020;17:53:27;3.33;41.86;14.78;759.46;0.00;0.00;0.00
30.11.2020;17:54:27;3.35;41.84;14.80;759.46;0.00;0.00;0.00
30.11.2020;17:55:27;3.33;41.81;14.80;759.48;0.00;0.00;0.00
30.11.2020;17:56:27;3.33;41.77;14.81;759.50;0.00;0.00;0.00
30.11.2020;17:57:27;3.33;41.78;14.81;759.51;0.00;0.00;0.00
30.11.2020;17:58:27;3.33;41.77;14.82;759.49;0.00;0.00;0.00
30.11.2020;17:59:27;3.33;41.75;14.82;759.50;0.00;0.00;0.00
30.11.2020;18:00:27;3.33;41.74;14.81;759.49;0.00;0.00;0.00
30.11.2020;18:01:27;3.33;41.77;14.81;759.49;0.00;0.00;0.00
30.11.2020;18:02:27;3.35;41.70;14.82;759.51;0.00;0.00;0.00
30.11.2020;18:03:27;3.33;41.71;14.82;759.52;0.00;0.00;0.00
30.11.2020;18:04:27;3.33;41.77;14.83;759.51;0.00;0.00;0.00
30.11.2020;18:05:27;3.36;41.74;14.84;759.51;0.00;0.00;0.00
30.11.2020;18:06:27;3.33;41.64;14.84;759.51;0.00;0.00;0.00
30.11.2020;18:07:27;3.33;41.62;14.83;759.53;0.00;0.00;0.00
30.11.2020;18:08:28;3.35;41.59;14.83;759.52;0.00;0.00;0.00
30.11.2020;18:09:28;3.33;41.53;14.83;759.53;0.00;0.00;0.00
30.11.2020;18:10:28;3.33;41.58;14.84;759.53;0.00;0.00;0.00
30.11.2020;18:11:28;3.33;41.63;14.83;759.53;0.00;0.00;0.00
30.11.2020;18:12:28;3.33;41.71;14.83;759.52;0.00;0.00;0.00
30.11.2020;18:13:28;3.33;41.64;14.83;759.50;0.00;0.00;0.00
30.11.2020;18:14:28;3.33;41.65;14.82;759.48;0.00;0.00;0.00
30.11.2020;18:15:28;3.33;41.61;14.82;759.46;0.00;0.00;0.00
30.11.2020;18:16:28;3.35;41.66;14.82;759.45;0.00;0.00;0.00
30.11.2020;18:17:28;3.33;41.54;14.82;759.43;0.00;0.00;0.00
30.11.2020;18:18:28;3.33;41.63;14.83;759.43;0.00;0.00;0.00
30.11.2020;18:19:28;3.36;41.64;14.83;759.45;0.00;0.00;0.00
30.11.2020;18:20:28;3.33;41.54;14.83;759.46;0.00;0.00;0.00
30.11.2020;18:21:28;3.33;41.46;14.83;759.47;0.00;0.00;0.00
30.11.2020;18:22:28;3.35;41.29;14.82;759.46;0.00;0.00;0.00
30.11.2020;18:23:28;3.33;41.54;14.81;759.46;0.00;0.00;0.00
30.11.2020;18:24:28;3.33;41.60;14.82;759.47;0.00;0.00;0.00
30.11.2020;18:25:28;3.33;41.59;14.82;759.49;0.00;0.00;0.00
30.11.2020;18:26:28;3.33;41.63;14.82;759.50;0.00;0.00;0.00
30.11.2020;18:27:28;3.33;41.66;14.81;759.52;0.00;0.00;0.00
30.11.2020;18:28:28;3.33;41.66;14.81;759.52;0.00;0.00;0.00
30.11.2020;18:29:28;3.33;41.68;14.80;759.51;0.00;0.00;0.00
30.11.2020;18:30:28;3.35;41.66;14.79;759.51;0.00;0.00;0.00
30.11.2020;18:31:28;3.33;41.68;14.79;759.51;0.00;0.00;0.00
30.11.2020;18:32:28;3.33;41.63;14.78;759.51;0.00;0.00;0.00
30.11.2020;18:33:28;3.36;41.66;14.78;759.51;0.00;0.00;0.00
30.11.2020;18:34:28;3.33;41.59;14.77;759.49;0.00;0.00;0.00
30.11.2020;18:35:28;3.33;41.51;14.77;759.47;0.00;0.00;0.00
30.11.2020;18:36:28;3.35;41.39;14.76;759.46;0.00;0.00;0.00
30.11.2020;18:37:29;3.33;41.44;14.75;759.46;0.00;0.00;0.00
30.11.2020;18:38:29;3.33;41.52;14.75;759.46;0.00;0.00;0.00
30.11.2020;18:39:29;3.33;41.55;14.74;759.45;0.00;0.00;0.00
30.11.2020;18:40:29;3.33;41.33;14.73;759.45;0.00;0.00;0.00
30.11.2020;18:41:29;3.33;41.45;14.72;759.45;0.00;0.00;0.00
30.11.2020;18:42:29;3.33;41.26;14.71;759.46;0.00;0.00;0.00
30.11.2020;18:43:29;3.33;41.20;14.71;759.47;0.00;0.00;0.00
30.11.2020;18:44:29;3.35;41.19;14.70;759.47;0.00;0.00;0.00
30.11.2020;18:45:29;3.33;41.39;14.68;759.48;0.00;0.00;0.00
30.11.2020;18:46:29;3.33;41.36;14.68;759.50;0.00;0.00;0.00
30.11.2020;18:47:29;3.36;41.23;14.67;759.50;0.00;0.00;0.00
30.11.2020;18:48:29;3.33;41.64;14.67;759.51;0.00;0.00;0.00
30.11.2020;18:49:29;3.33;41.40;14.67;759.52;0.00;0.00;0.00
30.11.2020;18:50:29;3.35;41.56;14.66;759.54;0.00;0.00;0.00
30.11.2020;18:51:29;3.33;41.08;14.65;759.55;0.00;0.00;0.00
30.11.2020;18:52:29;3.33;41.43;14.63;759.55;0.00;0.00;0.00
30.11.2020;18:53:29;3.33;40.81;14.62;759.55;0.00;0.00;0.00
30.11.2020;18:54:29;3.33;40.40;14.59;759.56;0.00;0.00;0.00
30.11.2020;18:55:29;3.33;40.96;14.57;759.55;0.00;0.00;0.00
30.11.2020;18:56:29;3.33;39.90;14.56;759.56;0.00;0.00;0.00
30.11.2020;18:57:29;3.33;40.77;14.52;759.59;0.00;0.00;0.00
30.11.2020;18:58:29;3.35;41.53;14.52;759.61;0.00;0.00;0.00
30.11.2020;18:59:29;3.33;41.63;14.54;759.61;0.00;0.00;0.00
30.11.2020;19:00:29;3.33;40.75;14.54;759.62;0.00;0.00;0.00
30.11.2020;19:01:29;3.36;40.89;14.53;759.63;0.00;0.00;0.00
30.11.2020;19:02:29;3.33;40.98;14.53;759.62;0.00;0.00;0.00
30.11.2020;19:03:29;3.33;40.78;14.53;759.61;0.00;0.00;0.00
30.11.2020;19:04:29;3.35;40.34;14.51;759.59;0.00;0.00;0.00
30.11.2020;19:05:29;3.33;39.75;14.48;759.61;0.00;0.00;0.00
30.11.2020;19:06:29;3.33;40.74;14.46;759.61;0.00;0.00;0.00
30.11.2020;19:07:29;3.33;39.90;14.44;759.60;0.00;0.00;0.00
30.11.2020;19:08:30;3.33;40.20;14.41;759.59;0.00;0.00;0.00
30.11.2020;19:09:30;3.33;40.13;14.41;759.59;0.00;0.00;0.00
30.11.2020;19:10:30;3.33;40.74;14.40;759.58;0.00;0.00;0.00
30.11.2020;19:11:30;3.33;40.61;14.42;759.55;0.00;0.00;0.00
30.11.2020;19:12:30;3.35;40.94;14.43;759.55;0.00;0.00;0.00
30.11.2020;19:13:30;3.33;40.35;14.42;759.55;0.00;0.00;0.00
30.11.2020;19:14:30;3.33;41.05;14.41;759.55;0.00;0.00;0.00
30.11.2020;19:15:30;3.36;39.96;14.41;759.55;0.00;0.00;0.00
30.11.2020;19:16:30;3.33;39.29;14.36;759.55;0.00;0.00;0.00
30.11.2020;19:17:30;3.33;39.85;14.33;759.54;0.00;0.00;0.00
30.11.2020;19:18:30;3.35;39.45;14.31;759.53;0.00;0.00;0.00
30.11.2020;19:19:30;3.33;39.01;14.28;759.54;0.00;0.00;0.00
30.11.2020;19:20:30;3.33;39.99;14.27;759.55;0.00;0.00;0.00
30.11.2020;19:21:30;3.33;39.82;14.28;759.55;0.00;0.00;0.00
30.11.2020;19:22:30;3.33;39.68;14.26;759.55;0.00;0.00;0.00
30.11.2020;19:23:30;3.33;40.35;14.26;759.55;0.00;0.00;0.00
30.11.2020;19:24:30;3.33;40.16;14.27;759.58;0.00;0.00;0.00
30.11.2020;19:25:30;3.33;40.40;14.26;759.60;0.00;0.00;0.00
30.11.2020;19:26:30;3.35;40.86;14.27;759.59;0.00;0.00;0.00
30.11.2020;19:27:30;3.33;40.49;14.28;759.58;0.00;0.00;0.00
30.11.2020;19:28:30;3.33;41.10;14.29;759.57;0.00;0.00;0.00
30.11.2020;19:29:30;3.36;40.57;14.31;759.57;0.00;0.00;0.00
30.11.2020;19:30:30;3.33;39.73;14.30;759.59;0.00;0.00;0.00
30.11.2020;19:31:30;3.33;40.72;14.30;759.60;0.00;0.00;0.00
30.11.2020;19:32:30;3.35;41.31;14.32;759.60;0.00;0.00;0.00
30.11.2020;19:33:30;3.33;40.07;14.33;759.60;0.00;0.00;0.00
30.11.2020;19:34:30;3.33;39.52;14.31;759.59;0.00;0.00;0.00
30.11.2020;19:35:30;3.33;39.39;14.29;759.58;0.00;0.00;0.00
30.11.2020;19:36:30;3.33;38.85;14.26;759.58;0.00;0.00;0.00
30.11.2020;19:37:31;3.33;39.55;14.24;759.58;0.00;0.00;0.00
30.11.2020;19:38:31;3.33;40.61;14.26;759.57;0.00;0.00;0.00
30.11.2020;19:39:31;3.33;40.51;14.28;759.57;0.00;0.00;0.00
30.11.2020;19:40:31;3.35;40.94;14.30;759.55;0.00;0.00;0.00
30.11.2020;19:41:31;3.33;39.95;14.30;759.53;0.00;0.00;0.00
30.11.2020;19:42:31;3.33;39.47;14.28;759.53;0.00;0.00;0.00
30.11.2020;19:43:31;3.36;39.58;14.26;759.54;0.00;0.00;0.00
30.11.2020;19:44:31;3.33;40.50;14.26;759.56;0.00;0.00;0.00
30.11.2020;19:45:31;3.33;40.91;14.28;759.56;0.00;0.00;0.00
30.11.2020;19:46:31;3.35;40.17;14.28;759.57;0.00;0.00;0.00
30.11.2020;19:47:31;3.33;39.19;14.25;759.57;0.00;0.00;0.00
30.11.2020;19:48:31;3.33;39.23;14.21;759.58;0.00;0.00;0.00
30.11.2020;19:49:31;3.33;39.03;14.18;759.58;0.00;0.00;0.00
30.11.2020;19:50:31;3.33;39.84;14.17;759.57;0.00;0.00;0.00
30.11.2020;19:51:31;3.33;40.20;14.19;759.57;0.00;0.00;0.00
30.11.2020;19:52:31;3.33;39.19;14.18;759.55;0.00;0.00;0.00
30.11.2020;19:53:31;3.33;39.65;14.17;759.55;0.00;0.00;0.00
30.11.2020;19:54:31;3.35;39.01;14.15;759.55;0.00;0.00;0.00
30.11.2020;19:55:31;3.33;38.73;14.12;759.54;0.00;0.00;0.00
30.11.2020;19:56:31;3.33;40.04;14.12;759.53;0.00;0.00;0.00
30.11.2020;19:57:31;3.36;40.15;14.15;759.54;0.00;0.00;0.00
30.11.2020;19:58:31;3.33;40.65;14.16;759.53;0.00;0.00;0.00
30.11.2020;19:59:31;3.33;40.50;14.18;759.53;0.00;0.00;0.00
30.11.2020;20:00:31;3.35;40.24;14.19;759.53;0.00;0.00;0.00
30.11.2020;20:01:31;3.33;40.16;14.18;759.53;0.00;0.00;0.00
30.11.2020;20:02:31;3.33;40.38;14.19;759.52;0.00;0.00;0.00
30.11.2020;20:03:31;3.33;40.32;14.20;759.49;0.00;0.00;0.00
30.11.2020;20:04:31;3.33;40.28;14.19;759.49;0.00;0.00;0.00
30.11.2020;20:05:31;3.33;39.32;14.18;759.48;0.00;0.00;0.00
30.11.2020;20:06:31;3.33;38.86;14.15;759.48;0.00;0.00;0.00
30.11.2020;20:07:31;3.33;39.21;14.13;759.47;0.00;0.00;0.00
30.11.2020;20:08:32;3.35;40.41;14.14;759.48;0.00;0.00;0.00
30.11.2020;20:09:32;3.33;40.51;14.17;759.48;0.00;0.00;0.00
30.11.2020;20:10:32;3.33;40.15;14.17;759.48;0.00;0.00;0.00
30.11.2020;20:11:32;3.36;39.33;14.15;759.46;0.00;0.00;0.00
30.11.2020;20:12:32;3.33;39.68;14.14;759.46;0.00;0.00;0.00
30.11.2020;20:13:32;3.33;40.78;14.14;759.45;0.00;0.00;0.00
30.11.2020;20:14:32;3.35;40.21;14.15;759.45;0.00;0.00;0.00
30.11.2020;20:15:32;3.33;39.17;14.12;759.45;0.00;0.00;0.00
30.11.2020;20:16:32;3.33;39.07;14.07;759.44;0.00;0.00;0.00
30.11.2020;20:17:32;3.33;39.42;14.04;759.45;0.00;0.00;0.00
30.11.2020;20:18:32;3.33;39.17;14.03;759.45;0.00;0.00;0.00
30.11.2020;20:19:32;3.33;39.48;14.00;759.45;0.00;0.00;0.00
30.11.2020;20:20:32;3.33;40.15;14.00;759.44;0.00;0.00;0.00
30.11.2020;20:21:32;3.33;39.74;14.00;759.44;0.00;0.00;0.00
30.11.2020;20:22:32;3.35;39.31;13.98;759.44;0.00;0.00;0.00
30.11.2020;20:23:32;3.33;39.39;13.97;759.44;0.00;0.00;0.00
30.11.2020;20:24:32;3.33;39.39;13.94;759.45;0.00;0.00;0.00
30.11.2020;20:25:32;3.36;39.53;13.93;759.46;0.00;0.00;0.00
30.11.2020;20:26:32;3.33;40.05;13.93;759.48;0.00;0.00;0.00
30.11.2020;20:27:32;3.33;40.47;13.94;759.49;0.00;0.00;0.00
30.11.2020;20:28:32;3.35;40.23;13.95;759.49;0.00;0.00;0.00
30.11.2020;20:29:32;3.33;40.33;13.95;759.49;0.00;0.00;0.00
30.11.2020;20:30:32;3.33;39.59;13.94;759.48;0.00;0.00;0.00
30.11.2020;20:31:32;3.33;40.62;13.94;759.47;0.00;0.00;0.00
30.11.2020;20:32:32;3.33;40.04;13.94;759.45;0.00;0.00;0.00
30.11.2020;20:33:32;3.33;40.45;13.93;759.44;0.00;0.00;0.00
30.11.2020;20:34:32;3.33;41.23;13.95;759.43;0.00;0.00;0.00
30.11.2020;20:35:32;3.33;40.88;13.98;759.43;0.00;0.00;0.00
30.11.2020;20:36:32;3.35;40.67;13.98;759.43;0.00;0.00;0.00
30.11.2020;20:37:32;3.33;40.72;13.99;759.45;0.00;0.00;0.00
30.11.2020;20:38:33;3.33;40.87;14.00;759.46;0.00;0.00;0.00
30.11.2020;20:39:33;3.36;41.11;14.00;759.47;0.00;0.00;0.00
30.11.2020;20:40:33;3.33;40.89;14.01;759.47;0.00;0.00;0.00
30.11.2020;20:41:33;3.33;40.97;14.01;759.48;0.00;0.00;0.00
30.11.2020;20:42:33;3.35;40.94;14.02;759.48;0.00;0.00;0.00
30.11.2020;20:43:33;3.33;39.91;14.00;759.49;0.00;0.00;0.00
30.11.2020;20:44:33;3.33;40.29;13.98;759.50;0.00;0.00;0.00
30.11.2020;20:45:33;3.33;40.34;13.97;759.51;0.00;0.00;0.00
30.11.2020;20:46:33;3.33;40.33;13.97;759.51;0.00;0.00;0.00
30.11.2020;20:47:33;3.33;40.61;13.96;759.51;0.00;0.00;0.00
30.11.2020;20:48:33;3.33;40.87;13.97;759.51;0.00;0.00;0.00
30.11.2020;20:49:33;3.33;41.12;13.98;759.52;0.00;0.00;0.00
30.11.2020;20:50:33;3.35;41.04;13.99;759.52;0.00;0.00;0.00
30.11.2020;20:51:33;3.33;40.87;14.00;759.53;0.00;0.00;0.00
30.11.2020;20:52:33;3.33;40.11;13.98;759.53;0.00;0.00;0.00
30.11.2020;20:53:33;3.36;40.80;13.98;759.53;0.00;0.00;0.00
30.11.2020;20:54:33;3.33;40.31;13.97;759.52;0.00;0.00;0.00
30.11.2020;20:55:33;3.33;40.90;13.97;759.51;0.00;0.00;0.00
30.11.2020;20:56:33;3.35;40.78;13.98;759.50;0.00;0.00;0.00
30.11.2020;20:57:33;3.33;41.00;13.98;759.50;0.00;0.00;0.00
30.11.2020;20:58:33;3.33;41.06;13.99;759.49;0.00;0.00;0.00
30.11.2020;20:59:33;3.33;40.86;13.99;759.49;0.00;0.00;0.00
30.11.2020;21:00:33;3.33;40.89;13.99;759.49;0.00;0.00;0.00
30.11.2020;21:01:33;3.33;40.89;13.98;759.51;0.00;0.00;0.00
30.11.2020;21:02:33;3.33;41.09;13.97;759.51;0.00;0.00;0.00
30.11.2020;21:03:33;3.33;41.10;13.97;759.51;0.00;0.00;0.00
30.11.2020;21:04:33;3.35;41.09;13.98;759.51;0.00;0.00;0.00
30.11.2020;21:05:33;3.33;41.11;13.98;759.51;0.00;0.00;0.00
30.11.2020;21:06:33;3.33;41.01;13.98;759.51;0.00;0.00;0.00
30.11.2020;21:07:33;3.36;41.13;13.98;759.51;0.00;0.00;0.00
30.11.2020;21:08:34;3.33;41.18;13.97;759.51;0.00;0.00;0.00
30.11.2020;21:09:34;3.33;41.20;13.97;759.51;0.00;0.00;0.00
30.11.2020;21:10:34;3.35;40.99;13.97;759.52;0.00;0.00;0.00
30.11.2020;21:11:34;3.33;40.64;13.96;759.52;0.00;0.00;0.00
30.11.2020;21:12:34;3.33;40.89;13.95;759.51;0.00;0.00;0.00
30.11.2020;21:13:34;3.33;40.60;13.95;759.49;0.00;0.00;0.00
30.11.2020;21:14:34;3.33;41.16;13.93;759.48;0.00;0.00;0.00
30.11.2020;21:15:34;3.33;41.13;13.93;759.50;0.00;0.00;0.00
30.11.2020;21:16:34;3.33;41.11;13.93;759.49;0.00;0.00;0.00
30.11.2020;21:17:34;3.33;40.88;13.92;759.50;0.00;0.00;0.00
30.11.2020;21:18:34;3.35;40.82;13.91;759.51;0.00;0.00;0.00
30.11.2020;21:19:34;3.33;40.92;13.90;759.54;0.00;0.00;0.00
30.11.2020;21:20:34;3.33;41.09;13.89;759.53;0.00;0.00;0.00
30.11.2020;21:21:34;3.36;41.17;13.89;759.54;0.00;0.00;0.00
30.11.2020;21:22:34;3.33;41.15;13.88;759.54;0.00;0.00;0.00
30.11.2020;21:23:34;3.33;40.90;13.88;759.54;0.00;0.00;0.00
30.11.2020;21:24:34;3.35;40.96;13.86;759.54;0.00;0.00;0.00
30.11.2020;21:25:34;3.33;41.27;13.86;759.54;0.00;0.00;0.00
30.11.2020;21:26:34;3.33;41.31;13.86;759.55;0.00;0.00;0.00
30.11.2020;21:27:34;3.33;40.39;13.85;759.55;0.00;0.00;0.00
30.11.2020;21:28:34;3.33;40.33;13.81;759.54;0.00;0.00;0.00
30.11.2020;21:29:34;3.33;40.41;13.79;759.54;0.00;0.00;0.00
30.11.2020;21:30:34;3.33;40.49;13.76;759.53;0.00;0.00;0.00
30.11.2020;21:31:34;3.33;40.51;13.75;759.52;0.00;0.00;0.00
30.11.2020;21:32:34;3.35;41.06;13.74;759.52;0.00;0.00;0.00
30.11.2020;21:33:34;3.33;39.87;13.72;759.52;0.00;0.00;0.00
30.11.2020;21:34:34;3.33;40.35;13.70;759.51;0.00;0.00;0.00
30.11.2020;21:35:34;3.36;41.21;13.70;759.51;0.00;0.00;0.00
30.11.2020;21:36:34;3.33;41.34;13.72;759.52;0.00;0.00;0.00
30.11.2020;21:37:34;3.33;40.99;13.72;759.52;0.00;0.00;0.00
30.11.2020;21:38:35;3.35;41.02;13.72;759.53;0.00;0.00;0.00
30.11.2020;21:39:35;3.33;40.77;13.72;759.53;0.00;0.00;0.00
30.11.2020;21:40:35;3.33;40.92;13.72;759.55;0.00;0.00;0.00
30.11.2020;21:41:35;3.33;41.25;13.72;759.56;0.00;0.00;0.00
30.11.2020;21:42:35;3.33;41.30;13.73;759.57;0.00;0.00;0.00
30.11.2020;21:43:35;3.33;41.28;13.73;759.57;0.00;0.00;0.00
30.11.2020;21:44:35;3.33;41.32;13.74;759.58;0.00;0.00;0.00
30.11.2020;21:45:35;3.33;41.31;13.74;759.59;0.00;0.00;0.00
30.11.2020;21:46:35;3.35;41.29;13.74;759.58;0.00;0.00;0.00
30.11.2020;21:47:35;3.33;41.15;13.74;759.56;0.00;0.00;0.00
30.11.2020;21:48:35;3.33;40.49;13.72;759.55;0.00;0.00;0.00
30.11.2020;21:49:35;3.36;41.09;13.72;759.55;0.00;0.00;0.00
30.11.2020;21:50:35;3.33;41.32;13.73;759.56;0.00;0.00;0.00
30.11.2020;21:51:35;3.33;40.15;13.72;759.56;0.00;0.00;0.00
30.11.2020;21:52:35;3.35;39.72;13.69;759.55;0.00;0.00;0.00
30.11.2020;21:53:35;3.33;41.06;13.67;759.57;0.00;0.00;0.00
30.11.2020;21:54:35;3.33;40.89;13.68;759.57;0.00;0.00;0.00
30.11.2020;21:55:35;3.33;40.51;13.68;759.59;0.00;0.00;0.00
30.11.2020;21:56:35;3.33;41.28;13.68;759.60;0.00;0.00;0.00
30.11.2020;21:57:35;3.33;41.33;13.70;759.62;0.00;0.00;0.00
30.11.2020;21:58:35;3.33;41.29;13.71;759.63;0.00;0.00;0.00
30.11.2020;21:59:35;3.33;41.28;13.71;759.63;0.00;0.00;0.00
30.11.2020;22:00:35;3.35;41.31;13.70;759.63;0.00;0.00;0.00
30.11.2020;22:01:35;3.33;41.16;13.70;759.64;0.00;0.00;0.00
30.11.2020;22:02:35;3.33;41.16;13.71;759.65;0.00;0.00;0.00
30.11.2020;22:03:35;3.36;41.13;13.70;759.66;0.00;0.00;0.00
30.11.2020;22:04:35;3.33;41.29;13.70;759.67;0.00;0.00;0.00
30.11.2020;22:05:35;3.33;41.35;13.71;759.69;0.00;0.00;0.00
30.11.2020;22:06:35;3.35;41.35;13.72;759.70;0.00;0.00;0.00
30.11.2020;22:07:35;3.33;40.98;13.73;759.73;0.00;0.00;0.00
30.11.2020;22:08:35;3.33;40.66;13.72;759.72;0.00;0.00;0.00
30.11.2020;22:09:36;3.33;40.66;13.72;759.72;0.00;0.00;0.00
30.11.2020;22:10:36;3.33;39.96;13.72;759.70;0.00;0.00;0.00
30.11.2020;22:11:36;3.33;38.86;13.67;759.68;0.00;0.00;0.00
30.11.2020;22:12:36;3.33;39.32;13.64;759.66;0.00;0.00;0.00
30.11.2020;22:13:36;3.33;40.07;13.64;759.66;0.00;0.00;0.00
30.11.2020;22:14:36;3.35;38.96;13.62;759.66;0.00;0.00;0.00
30.11.2020;22:15:36;3.33;38.84;13.60;759.65;0.00;0.00;0.00
30.11.2020;22:16:36;3.33;39.11;13.57;759.64;0.00;0.00;0.00
30.11.2020;22:17:36;3.36;39.62;13.56;759.63;0.00;0.00;0.00
30.11.2020;22:18:36;3.33;40.62;13.59;759.64;0.00;0.00;0.00
30.11.2020;22:19:36;3.33;40.58;13.60;759.64;0.00;0.00;0.00
30.11.2020;22:20:36;3.35;40.70;13.62;759.62;0.00;0.00;0.00
30.11.2020;22:21:36;3.33;40.69;13.63;759.61;0.00;0.00;0.00
30.11.2020;22:22:36;3.33;40.30;13.64;759.60;0.00;0.00;0.00
30.11.2020;22:23:36;3.33;40.44;13.63;759.60;0.00;0.00;0.00
30.11.2020;22:24:36;3.33;40.90;13.65;759.62;0.00;0.00;0.00
30.11.2020;22:25:36;3.33;40.81;13.66;759.62;0.00;0.00;0.00
30.11.2020;22:26:36;3.33;40.54;13.66;759.64;0.00;0.00;0.00
30.11.2020;22:27:36;3.33;40.91;13.67;759.65;0.00;0.00;0.00
30.11.2020;22:28:36;3.35;40.99;13.67;759.63;0.00;0.00;0.00
30.11.2020;22:29:36;3.33;40.71;13.68;759.62;0.00;0.00;0.00
30.11.2020;22:30:36;3.33;40.84;13.68;759.62;0.00;0.00;0.00
30.11.2020;22:31:36;3.36;40.88;13.69;759.62;0.00;0.00;0.00
30.11.2020;22:32:36;3.33;40.80;13.69;759.63;0.00;0.00;0.00
30.11.2020;22:33:36;3.33;40.74;13.70;759.64;0.00;0.00;0.00
30.11.2020;22:34:36;3.35;40.88;13.70;759.65;0.00;0.00;0.00
30.11.2020;22:35:36;3.33;40.90;13.71;759.67;0.00;0.00;0.00
30.11.2020;22:36:36;3.33;40.74;13.71;759.66;0.00;0.00;0.00
30.11.2020;22:37:36;3.33;40.73;13.70;759.64;0.00;0.00;0.00
30.11.2020;22:38:36;3.33;40.79;13.70;759.65;0.00;0.00;0.00
30.11.2020;22:39:37;3.33;40.79;13.70;759.64;0.00;0.00;0.00
30.11.2020;22:40:37;3.33;40.79;13.71;759.63;0.00;0.00;0.00
30.11.2020;22:41:37;3.33;40.62;13.70;759.62;0.00;0.00;0.00
30.11.2020;22:42:37;3.35;40.73;13.71;759.61;0.00;0.00;0.00
30.11.2020;22:43:37;3.33;40.60;13.71;759.62;0.00;0.00;0.00
30.11.2020;22:44:37;3.33;40.38;13.70;759.62;0.00;0.00;0.00
30.11.2020;22:45:37;3.36;40.61;13.69;759.63;0.00;0.00;0.00
30.11.2020;22:46:37;3.33;40.78;13.69;759.64;0.00;0.00;0.00
30.11.2020;22:47:37;3.33;40.80;13.68;759.65;0.00;0.00;0.00
30.11.2020;22:48:37;3.35;40.63;13.69;759.66;0.00;0.00;0.00
30.11.2020;22:49:37;3.33;40.43;13.68;759.68;0.00;0.00;0.00
30.11.2020;22:50:37;3.33;40.29;13.67;759.69;0.00;0.00;0.00
30.11.2020;22:51:37;3.33;40.57;13.66;759.67;0.00;0.00;0.00
30.11.2020;22:52:37;3.33;39.85;13.66;759.65;0.00;0.00;0.00
30.11.2020;22:53:37;3.33;40.37;13.63;759.63;0.00;0.00;0.00
30.11.2020;22:54:37;3.33;40.33;13.63;759.62;0.00;0.00;0.00
30.11.2020;22:55:37;3.33;40.20;13.62;759.61;0.00;0.00;0.00
30.11.2020;22:56:37;3.35;40.24;13.62;759.61;0.00;0.00;0.00
30.11.2020;22:57:37;3.33;40.46;13.61;759.60;0.00;0.00;0.00
30.11.2020;22:58:37;3.33;39.62;13.60;759.59;0.00;0.00;0.00
30.11.2020;22:59:37;3.36;38.90;13.57;759.56;0.00;0.00;0.00
30.11.2020;23:00:37;3.33;40.26;13.55;759.55;0.00;0.00;0.00
30.11.2020;23:01:37;3.33;40.39;13.56;759.55;0.00;0.00;0.00
30.11.2020;23:02:37;3.35;40.63;13.57;759.56;0.00;0.00;0.00
30.11.2020;23:03:37;3.33;40.80;13.58;759.58;0.00;0.00;0.00
30.11.2020;23:04:37;3.33;40.85;13.59;759.60;0.00;0.00;0.00
30.11.2020;23:05:37;3.33;40.49;13.59;759.62;0.00;0.00;0.00
30.11.2020;23:06:37;3.33;38.85;13.55;759.64;0.00;0.00;0.00
30.11.2020;23:07:37;3.33;38.80;13.51;759.65;0.00;0.00;0.00
30.11.2020;23:08:37;3.33;39.24;13.47;759.63;0.00;0.00;0.00
30.11.2020;23:09:37;3.33;39.63;13.46;759.62;0.00;0.00;0.00
30.11.2020;23:10:38;3.35;40.14;13.45;759.61;0.00;0.00;0.00
30.11.2020;23:11:38;3.33;40.22;13.47;759.61;0.00;0.00;0.00
30.11.2020;23:12:38;3.33;39.84;13.47;759.60;0.00;0.00;0.00
30.11.2020;23:13:38;3.36;40.54;13.46;759.59;0.00;0.00;0.00
30.11.2020;23:14:38;3.33;39.69;13.46;759.59;0.00;0.00;0.00
30.11.2020;23:15:38;3.33;40.06;13.45;759.59;0.00;0.00;0.00
30.11.2020;23:16:38;3.35;39.38;13.44;759.59;0.00;0.00;0.00
30.11.2020;23:17:38;3.33;39.26;13.41;759.58;0.00;0.00;0.00
30.11.2020;23:18:38;3.33;39.93;13.41;759.59;0.00;0.00;0.00
30.11.2020;23:19:38;3.33;40.59;13.41;759.59;0.00;0.00;0.00
30.11.2020;23:20:38;3.33;40.76;13.43;759.58;0.00;0.00;0.00
30.11.2020;23:21:38;3.33;40.85;13.45;759.58;0.00;0.00;0.00
30.11.2020;23:22:38;3.33;40.85;13.46;759.60;0.00;0.00;0.00
30.11.2020;23:23:38;3.33;40.96;13.46;759.61;0.00;0.00;0.00
30.11.2020;23:24:38;3.35;40.96;13.47;759.63;0.00;0.00;0.00
30.11.2020;23:25:38;3.33;40.86;13.48;759.66;0.00;0.00;0.00
30.11.2020;23:26:38;3.33;40.66;13.47;759.68;0.00;0.00;0.00
30.11.2020;23:27:38;3.36;40.29;13.47;759.69;0.00;0.00;0.00
30.11.2020;23:28:38;3.33;40.23;13.46;759.69;0.00;0.00;0.00
30.11.2020;23:29:38;3.33;40.88;13.47;759.69;0.00;0.00;0.00
30.11.2020;23:30:38;3.35;41.02;13.48;759.68;0.00;0.00;0.00
30.11.2020;23:31:38;3.33;40.73;13.48;759.71;0.00;0.00;0.00
30.11.2020;23:32:38;3.33;40.69;13.48;759.72;0.00;0.00;0.00
30.11.2020;23:33:38;3.33;40.78;13.49;759.73;0.00;0.00;0.00
30.11.2020;23:34:38;3.33;40.84;13.49;759.73;0.00;0.00;0.00
30.11.2020;23:35:38;3.33;40.75;13.49;759.74;0.00;0.00;0.00
30.11.2020;23:36:38;3.33;40.80;13.48;759.72;0.00;0.00;0.00
30.11.2020;23:37:38;3.33;40.89;13.48;759.70;0.00;0.00;0.00
30.11.2020;23:38:38;3.35;40.81;13.48;759.69;0.00;0.00;0.00
30.11.2020;23:39:38;3.33;40.68;13.48;759.67;0.00;0.00;0.00
30.11.2020;23:40:39;3.33;40.79;13.48;759.63;0.00;0.00;0.00
30.11.2020;23:41:39;3.36;40.59;13.48;759.61;0.00;0.00;0.00
30.11.2020;23:42:39;3.33;40.67;13.46;759.60;0.00;0.00;0.00
30.11.2020;23:43:39;3.33;40.72;13.47;759.60;0.00;0.00;0.00
30.11.2020;23:44:39;3.35;40.76;13.46;759.60;0.00;0.00;0.00
30.11.2020;23:45:39;3.33;40.74;13.45;759.59;0.00;0.00;0.00
30.11.2020;23:46:39;3.33;40.09;13.44;759.60;0.00;0.00;0.00
30.11.2020;23:47:39;3.33;40.52;13.41;759.59;0.00;0.00;0.00
30.11.2020;23:48:39;3.33;39.15;13.38;759.58;0.00;0.00;0.00
30.11.2020;23:49:39;3.33;39.67;13.34;759.58;0.00;0.00;0.00
30.11.2020;23:50:39;3.33;40.48;13.33;759.56;0.00;0.00;0.00
30.11.2020;23:51:39;3.33;40.56;13.34;759.55;0.00;0.00;0.00
30.11.2020;23:52:39;3.35;40.66;13.34;759.54;0.00;0.00;0.00
30.11.2020;23:53:39;3.33;40.72;13.34;759.53;0.00;0.00;0.00
30.11.2020;23:54:39;3.33;40.64;13.33;759.56;0.00;0.00;0.00
30.11.2020;23:55:39;3.36;40.26;13.33;759.60;0.00;0.00;0.00
30.11.2020;23:56:39;3.33;40.35;13.30;759.62;0.00;0.00;0.00
30.11.2020;23:57:39;3.33;39.52;13.28;759.64;0.00;0.00;0.00
30.11.2020;23:58:39;3.35;40.63;13.26;759.65;0.00;0.00;0.00
30.11.2020;23:59:39;3.33;41.05;13.28;759.66;0.00;0.00;0.00
